<?xml version="1.0" encoding="UTF-8"?><TestSessionContainer xmlns="http://www.codecover.org/xml/testsession-container" Date="1589512850275" TestSessionContainerId="426e3ce1-6bd9-4704-b630-8d1d4cbe4700" version="1.0">
<SrcFileList>
<SrcFile Content="/******************************************************************************&#10; *  Compilation:  javac Player.java&#10; *  Execution:    java -classpath .:cards.jar Player&#10; *  Dependencies: Card.java Draw.java&#10; *&#10; *  Implement a player that holds a pile of cards.&#10; *&#10; ******************************************************************************/&#10;&#10;public class Player { &#10;    final static int MAX_CARDS = 52;                    // max number of cards in a hand&#10;&#10;    public Card[] cards = new Card[MAX_CARDS];         // the cards&#10;    public int N = 0;                                  // number of cards&#10;    public String name;                                // player's name&#10;    public int x, y;                                   // location to draw&#10;&#10;    public Player(String name, int x, int y) {&#10;        this.name = name;&#10;        this.x = x;&#10;        this.y = y;&#10;    }&#10;&#10;    public Card peak()         { return cards[0];   }    // return first card&#10;    public void dealTo(Card c) { cards[N++] = c;    }    // insert card&#10;    public void reset()        { N = 0;             }    // discard all cards&#10;&#10;    // compute value of blackjack hand&#10;    public int value() {&#10;        int val = 0;&#10;        boolean hasAce = false;&#10;        for (int i = 0; i &lt; N; i++) {&#10;            val = val + cards[i].rank();&#10;            if (cards[i].isAce()) hasAce = true;&#10;        }&#10;        if (hasAce &amp;&amp; (val &lt;= 11)) val = val + 10;          // handle ace = 1 or 11&#10;        return val;&#10;    }&#10;&#10;    // draw the pile of cards, with the first one centered at (x, y)&#10;    public void draw(Draw d) {&#10;        for (int i = 0; i &lt; N; i++)&#10;            cards[i].draw(d, x + i*25, y);&#10;    }&#10;&#10;    // print out cards in player's hand (for debugging)&#10;    public String toString() {&#10;        String s = name + &quot;  (&quot; + value() + &quot;)  &quot;;&#10;        for (int i = 0; i &lt; N; i++)&#10;            s += cards[i] + &quot; &quot;;&#10;        return s;&#10;    }&#10;&#10;}" Filename="Player.java" Intrnl_Id="1"/>
<SrcFile Content="/******************************************************************************&#10; *  Compilation:  javac Draw.java&#10; *  Execution:    java Draw&#10; *  Dependencies: none&#10; *&#10; *  Drawing library. This class provides a basic capability for creating&#10; *  drawings with your programs. It uses a simple graphics model that&#10; *  allows you to create drawings consisting of points, lines, and curves&#10; *  in a window on your computer and to save the drawings to a file.&#10; *  This is the object-oriented version of standard draw; it supports&#10; *  multiple indepedent drawing windows.&#10; *&#10; *  Todo&#10; *  ----&#10; *    -  Add support for gradient fill, etc.&#10; *&#10; *  Remarks&#10; *  -------&#10; *    -  don't use AffineTransform for rescaling since it inverts&#10; *       images and strings&#10; *    -  careful using setFont in inner loop within an animation -&#10; *       it can cause flicker&#10; *&#10; ******************************************************************************/&#10;&#10;import java.awt.BasicStroke;&#10;import java.awt.Color;&#10;import java.awt.Component;&#10;import java.awt.FileDialog;&#10;import java.awt.Font;&#10;import java.awt.FontMetrics;&#10;import java.awt.Graphics;&#10;import java.awt.Graphics2D;&#10;import java.awt.Image;&#10;import java.awt.MediaTracker;&#10;import java.awt.RenderingHints;&#10;import java.awt.Toolkit;&#10;&#10;import java.awt.event.ActionEvent;&#10;import java.awt.event.ActionListener;&#10;import java.awt.event.MouseEvent;&#10;import java.awt.event.MouseListener;&#10;import java.awt.event.MouseMotionListener;&#10;import java.awt.event.KeyEvent;&#10;import java.awt.event.KeyListener;&#10;&#10;import java.awt.geom.Arc2D;&#10;import java.awt.geom.Ellipse2D;&#10;import java.awt.geom.GeneralPath;&#10;import java.awt.geom.Line2D;&#10;import java.awt.geom.Rectangle2D;&#10;&#10;import java.awt.image.BufferedImage;&#10;import java.awt.image.DirectColorModel;&#10;import java.awt.image.WritableRaster;&#10;&#10;import java.io.File;&#10;import java.io.IOException;&#10;&#10;import java.net.MalformedURLException;&#10;import java.net.URL;&#10;&#10;import java.util.ArrayList;&#10;import java.util.LinkedList;&#10;import java.util.TreeSet;&#10;&#10;import javax.imageio.ImageIO;&#10;&#10;import javax.swing.ImageIcon;&#10;import javax.swing.JFrame;&#10;import javax.swing.JLabel;&#10;import javax.swing.JMenu;&#10;import javax.swing.JMenuBar;&#10;import javax.swing.JMenuItem;&#10;import javax.swing.KeyStroke;&#10;&#10;/**&#10; *  &lt;i&gt;Draw&lt;/i&gt;. This class provides a basic capability for&#10; *  creating drawings with your programs. It uses a simple graphics model that&#10; *  allows you to create drawings consisting of points, lines, and curves&#10; *  in a window on your computer and to save the drawings to a file.&#10; *  This is the object-oriented version of standard draw; it supports&#10; *  multiple indepedent drawing windows.&#10; *  &lt;p&gt;&#10; *  For additional documentation, see&#10; *  &lt;a href=&quot;https://introcs.cs.princeton.edu/31datatype&quot;&gt;Section 3.1&lt;/a&gt; of&#10; *  &lt;i&gt;Computer Science: An Interdisciplinary Approach&lt;/i&gt; by Robert Sedgewick and Kevin Wayne.&#10; *&#10; *  @author Robert Sedgewick&#10; *  @author Kevin Wayne&#10; */&#10;public final class Draw implements ActionListener, MouseListener, MouseMotionListener, KeyListener {&#10;&#10;    /**&#10;     *  The color black.&#10;     */&#10;    public static final Color BLACK = Color.BLACK;&#10;&#10;    /**&#10;     *  The color blue.&#10;     */&#10;    public static final Color BLUE = Color.BLUE;&#10;&#10;    /**&#10;     *  The color cyan.&#10;     */&#10;    public static final Color CYAN = Color.CYAN;&#10;&#10;    /**&#10;     *  The color dark gray.&#10;     */&#10;    public static final Color DARK_GRAY = Color.DARK_GRAY;&#10;&#10;    /**&#10;     *  The color gray.&#10;     */&#10;    public static final Color GRAY = Color.GRAY;&#10;&#10;    /**&#10;     *  The color green.&#10;     */&#10;    public static final Color GREEN  = Color.GREEN;&#10;&#10;    /**&#10;     *  The color light gray.&#10;     */&#10;    public static final Color LIGHT_GRAY = Color.LIGHT_GRAY;&#10;&#10;    /**&#10;     *  The color magenta.&#10;     */&#10;    public static final Color MAGENTA = Color.MAGENTA;&#10;&#10;    /**&#10;     *  The color orange.&#10;     */&#10;    public static final Color ORANGE = Color.ORANGE;&#10;&#10;    /**&#10;     *  The color pink.&#10;     */&#10;    public static final Color PINK = Color.PINK;&#10;&#10;    /**&#10;     *  The color red.&#10;     */&#10;    public static final Color RED = Color.RED;&#10;&#10;    /**&#10;     *  The color white.&#10;     */&#10;    public static final Color WHITE = Color.WHITE;&#10;&#10;    /**&#10;     *  The color yellow.&#10;     */&#10;    public static final Color YELLOW = Color.YELLOW;&#10;&#10;    /**&#10;     * Shade of blue used in Introduction to Programming in Java.&#10;     * It is Pantone 300U. The RGB values are approximately (9, 90, 166).&#10;     */&#10;    public static final Color BOOK_BLUE = new Color(9, 90, 166);&#10;&#10;    /**&#10;     * Shade of light blue used in Introduction to Programming in Java.&#10;     * The RGB values are approximately (103, 198, 243).&#10;     */&#10;    public static final Color BOOK_LIGHT_BLUE = new Color(103, 198, 243);&#10;    &#10;    /**&#10;     * Shade of red used in &lt;em&gt;Algorithms, 4th edition&lt;/em&gt;.&#10;     * It is Pantone 1805U. The RGB values are approximately (150, 35, 31).&#10;     */&#10;    public static final Color BOOK_RED = new Color(150, 35, 31);&#10;&#10;    /**&#10;     * Shade of orange used in Princeton's identity.&#10;     * It is PMS 158. The RGB values are approximately (245, 128, 37).&#10;     */&#10;    public static final Color PRINCETON_ORANGE = new Color(245, 128, 37);&#10;&#10;    // default colors&#10;    public static final Color DEFAULT_PEN_COLOR   = BLACK;&#10;    public static final Color DEFAULT_CLEAR_COLOR = WHITE;&#10;&#10;    // boundary of drawing canvas, 0% border&#10;    public static final double BORDER = 0.0;&#10;    public static final double DEFAULT_XMIN = 0.0;&#10;    public static final double DEFAULT_XMAX = 1.0;&#10;    public static final double DEFAULT_YMIN = 0.0;&#10;    public static final double DEFAULT_YMAX = 1.0;&#10;&#10;    // default canvas size is SIZE-by-SIZE&#10;    public static final int DEFAULT_SIZE = 512;&#10;&#10;    // default pen radius&#10;    public static final double DEFAULT_PEN_RADIUS = 0.002;&#10;&#10;    // default font&#10;    public static final Font DEFAULT_FONT = new Font(&quot;SansSerif&quot;, Font.PLAIN, 16);&#10;&#10;    // current pen color&#10;    public Color penColor;&#10;&#10;    // canvas size&#10;    public int width  = DEFAULT_SIZE;&#10;    public int height = DEFAULT_SIZE;&#10;&#10;    // current pen radius&#10;    public double penRadius;&#10;&#10;    // show we draw immediately or wait until next show?&#10;    public boolean defer = false;&#10;&#10;    public double xmin, ymin, xmax, ymax;&#10;&#10;    // name of window&#10;    public String name = &quot;Draw&quot;;&#10;&#10;    // for synchronization&#10;    public final Object mouseLock = new Object();&#10;    public final Object keyLock = new Object();&#10;&#10;    // current font&#10;    public Font font;&#10;&#10;    // the JLabel for drawing&#10;    public JLabel draw;&#10;&#10;    // double buffered graphics&#10;    public BufferedImage offscreenImage, onscreenImage;&#10;    public Graphics2D offscreen, onscreen;&#10;&#10;    // the frame for drawing to the screen&#10;    public JFrame frame = new JFrame();&#10;&#10;    // mouse state&#10;    public boolean isMousePressed = false;&#10;    public double mouseX = 0;&#10;    public double mouseY = 0;&#10;&#10;    // keyboard state&#10;    public final LinkedList&lt;Character&gt; keysTyped = new LinkedList&lt;Character&gt;();&#10;    public final TreeSet&lt;Integer&gt; keysDown = new TreeSet&lt;Integer&gt;();&#10;&#10;    // event-based listeners&#10;    public final ArrayList&lt;DrawListener&gt; listeners = new ArrayList&lt;DrawListener&gt;();&#10;&#10;&#10;    /**&#10;     * Initializes an empty drawing object with the given name.&#10;     *&#10;     * @param name the title of the drawing window.&#10;     */&#10;    public Draw(String name) {&#10;        this.name = name;&#10;        init();&#10;    }&#10;&#10;    /**&#10;     * Initializes an empty drawing object.&#10;     */&#10;    public Draw() {&#10;        init();&#10;    }&#10;&#10;    public void init() {&#10;        if (frame != null) frame.setVisible(false);&#10;        frame = new JFrame();&#10;        offscreenImage = new BufferedImage(2*width, 2*height, BufferedImage.TYPE_INT_ARGB);&#10;        onscreenImage  = new BufferedImage(2*width, 2*height, BufferedImage.TYPE_INT_ARGB);&#10;        offscreen = offscreenImage.createGraphics();&#10;        onscreen  = onscreenImage.createGraphics();&#10;        offscreen.scale(2.0, 2.0);  // since we made it 2x as big&#10;&#10;        setXscale();&#10;        setYscale();&#10;        offscreen.setColor(DEFAULT_CLEAR_COLOR);&#10;        offscreen.fillRect(0, 0, width, height);&#10;        setPenColor();&#10;        setPenRadius();&#10;        setFont();&#10;        clear();&#10;&#10;        // add antialiasing&#10;        RenderingHints hints = new RenderingHints(RenderingHints.KEY_ANTIALIASING,&#10;                                                  RenderingHints.VALUE_ANTIALIAS_ON);&#10;        hints.put(RenderingHints.KEY_RENDERING, RenderingHints.VALUE_RENDER_QUALITY);&#10;        offscreen.addRenderingHints(hints);&#10;&#10;        // frame stuff&#10;        RetinaImageIcon icon = new RetinaImageIcon(onscreenImage);&#10;        draw = new JLabel(icon);&#10;&#10;        draw.addMouseListener(this);&#10;        draw.addMouseMotionListener(this);&#10;&#10;        frame.setContentPane(draw);&#10;        frame.addKeyListener(this);    // JLabel cannot get keyboard focus&#10;        frame.setResizable(false);&#10;        // frame.setDefaultCloseOperation(JFrame.EXIT_ON_CLOSE);            // closes all windows&#10;        frame.setDefaultCloseOperation(JFrame.DISPOSE_ON_CLOSE);      // closes only current window&#10;        frame.setFocusTraversalKeysEnabled(false);  // to recognize VK_TAB with isKeyPressed()&#10;        frame.setTitle(name);&#10;        frame.setJMenuBar(createMenuBar());&#10;        frame.pack();&#10;        frame.requestFocusInWindow();&#10;        frame.setVisible(true);&#10;    }&#10;&#10;&#10;    /**&#10;     * Sets the upper-left hand corner of the drawing window to be (x, y), where (0, 0) is upper left.&#10;     *&#10;     * @param  x the number of pixels from the left&#10;     * @param  y the number of pixels from the top&#10;     * @throws IllegalArgumentException if the width or height is 0 or negative&#10;     */&#10;    public void setLocationOnScreen(int x, int y) {&#10;        if (x &lt;= 0 || y &lt;= 0) throw new IllegalArgumentException();&#10;        frame.setLocation(x, y);&#10;    }&#10;&#10;    /**&#10;     * Sets the default close operation.&#10;     *&#10;     * @param  value the value, typically {@code JFrame.EXIT_ON_CLOSE}&#10;     *         (close all windows) or {@code JFrame.DISPOSE_ON_CLOSE}&#10;     *         (close current window)&#10;     */&#10;    public void setDefaultCloseOperation(int value) {&#10;        frame.setDefaultCloseOperation(value);&#10;    }&#10;       &#10;&#10;    /**&#10;     * Sets the canvas (drawing area) to be &lt;em&gt;width&lt;/em&gt;-by-&lt;em&gt;height&lt;/em&gt; pixels.&#10;     * This also erases the current drawing and resets the coordinate system, pen radius,&#10;     * pen color, and font back to their default values.&#10;     * Ordinarly, this method is called once, at the very beginning of a program.&#10;     *&#10;     * @param  canvasWidth the width as a number of pixels&#10;     * @param  canvasHeight the height as a number of pixels&#10;     * @throws IllegalArgumentException unless both {@code canvasWidth}&#10;     *         and {@code canvasHeight} are positive&#10;     */&#10;    public void setCanvasSize(int canvasWidth, int canvasHeight) {&#10;        if (canvasWidth &lt; 1 || canvasHeight &lt; 1) {&#10;            throw new IllegalArgumentException(&quot;width and height must be positive&quot;);&#10;        }&#10;        width = canvasWidth;&#10;        height = canvasHeight;&#10;        init();&#10;    }&#10;&#10;&#10;    // create the menu bar (changed to public)&#10;    public JMenuBar createMenuBar() {&#10;        JMenuBar menuBar = new JMenuBar();&#10;        JMenu menu = new JMenu(&quot;File&quot;);&#10;        menuBar.add(menu);&#10;        JMenuItem menuItem1 = new JMenuItem(&quot; Save...   &quot;);&#10;        menuItem1.addActionListener(this);&#10;        // Java 10+: replace getMenuShortcutKeyMask() with getMenuShortcutKeyMaskEx()&#10;        menuItem1.setAccelerator(KeyStroke.getKeyStroke(KeyEvent.VK_S,&#10;                                Toolkit.getDefaultToolkit().getMenuShortcutKeyMask()));&#10;        menu.add(menuItem1);&#10;        return menuBar;&#10;    }&#10;&#10;&#10;   /***************************************************************************&#10;    *  User and screen coordinate systems.&#10;    ***************************************************************************/&#10;&#10;    // throw an IllegalArgumentException if x is NaN or infinite&#10;    public static void validate(double x, String name) {&#10;        if (Double.isNaN(x)) throw new IllegalArgumentException(name + &quot; is NaN&quot;);&#10;        if (Double.isInfinite(x)) throw new IllegalArgumentException(name + &quot; is infinite&quot;);&#10;    }&#10;&#10;    // throw an IllegalArgumentException if s is null&#10;    public static void validateNonnegative(double x, String name) {&#10;        if (x &lt; 0) throw new IllegalArgumentException(name + &quot; negative&quot;);&#10;    }&#10;&#10;    // throw an IllegalArgumentException if s is null&#10;    public static void validateNotNull(Object x, String name) {&#10;        if (x == null) throw new IllegalArgumentException(name + &quot; is null&quot;);&#10;    }&#10;&#10;    /**&#10;     * Sets the x-scale to be the default (between 0.0 and 1.0).&#10;     */&#10;    public void setXscale() {&#10;        setXscale(DEFAULT_XMIN, DEFAULT_XMAX);&#10;    }&#10;&#10;    /**&#10;     * Sets the y-scale to be the default (between 0.0 and 1.0).&#10;     */&#10;    public void setYscale() {&#10;        setYscale(DEFAULT_YMIN, DEFAULT_YMAX);&#10;    }&#10;&#10;    /**&#10;     * Sets the x-scale.&#10;     *&#10;     * @param min the minimum value of the x-scale&#10;     * @param max the maximum value of the x-scale&#10;     * @throws IllegalArgumentException if {@code (max == min)}&#10;     * @throws IllegalArgumentException if either {@code min} or {@code max} is either NaN or infinite&#10;     */&#10;    public void setXscale(double min, double max) {&#10;        validate(min, &quot;min&quot;);&#10;        validate(max, &quot;max&quot;);&#10;        double size = max - min;&#10;        if (size == 0.0) throw new IllegalArgumentException(&quot;the min and max are the same&quot;);&#10;        xmin = min - BORDER * size;&#10;        xmax = max + BORDER * size;&#10;    }&#10;&#10;    /**&#10;     * Sets the y-scale.&#10;     *&#10;     * @param min the minimum value of the y-scale&#10;     * @param max the maximum value of the y-scale&#10;     * @throws IllegalArgumentException if {@code (max == min)}&#10;     * @throws IllegalArgumentException if either {@code min} or {@code max} is either NaN or infinite&#10;     */&#10;    public void setYscale(double min, double max) {&#10;        validate(min, &quot;min&quot;);&#10;        validate(max, &quot;max&quot;);&#10;        double size = max - min;&#10;        if (size == 0.0) throw new IllegalArgumentException(&quot;the min and max are the same&quot;);&#10;        ymin = min - BORDER * size;&#10;        ymax = max + BORDER * size;&#10;    }&#10;&#10;    // helper functions that scale from user coordinates to screen coordinates and back&#10;    public double  scaleX(double x) { return width  * (x - xmin) / (xmax - xmin); }&#10;    public double  scaleY(double y) { return height * (ymax - y) / (ymax - ymin); }&#10;    public double factorX(double w) { return w * width  / Math.abs(xmax - xmin);  }&#10;    public double factorY(double h) { return h * height / Math.abs(ymax - ymin);  }&#10;    public double   userX(double x) { return xmin + x * (xmax - xmin) / width;    }&#10;    public double   userY(double y) { return ymax - y * (ymax - ymin) / height;   }&#10;&#10;&#10;    /**&#10;     * Clears the screen to the default color (white).&#10;     */&#10;    public void clear() {&#10;        clear(DEFAULT_CLEAR_COLOR);&#10;    }&#10;&#10;    /**&#10;     * Clears the screen to the given color.&#10;     *&#10;     * @param color the color to make the background&#10;     * @throws IllegalArgumentException if {@code color} is {@code null}&#10;     */&#10;    public void clear(Color color) {&#10;        validateNotNull(color, &quot;color&quot;);&#10;        offscreen.setColor(color);&#10;        offscreen.fillRect(0, 0, width, height);&#10;        offscreen.setColor(penColor);&#10;        draw();&#10;    }&#10;&#10;    /**&#10;     * Gets the current pen radius.&#10;     *&#10;     * @return the current pen radius&#10;     */&#10;    public double getPenRadius() {&#10;        return penRadius;&#10;    }&#10;&#10;    /**&#10;     * Sets the pen size to the default (.002).&#10;     */&#10;    public void setPenRadius() {&#10;        setPenRadius(DEFAULT_PEN_RADIUS);&#10;    }&#10;&#10;    /**&#10;     * Sets the radius of the pen to the given size.&#10;     *&#10;     * @param  radius the radius of the pen&#10;     * @throws IllegalArgumentException if {@code radius} is negative, NaN, or infinite&#10;     */&#10;    public void setPenRadius(double radius) {&#10;        validate(radius, &quot;pen radius&quot;);&#10;        validateNonnegative(radius, &quot;pen radius&quot;);&#10;&#10;        penRadius = radius * DEFAULT_SIZE;&#10;        BasicStroke stroke = new BasicStroke((float) penRadius, BasicStroke.CAP_ROUND, BasicStroke.JOIN_ROUND);&#10;        // BasicStroke stroke = new BasicStroke((float) penRadius);&#10;        offscreen.setStroke(stroke);&#10;    }&#10;&#10;    /**&#10;     * Gets the current pen color.&#10;     *&#10;     * @return the current pen color&#10;     */&#10;    public Color getPenColor() {&#10;        return penColor;&#10;    }&#10;&#10;    /**&#10;     * Sets the pen color to the default color (black).&#10;     */&#10;    public void setPenColor() {&#10;        setPenColor(DEFAULT_PEN_COLOR);&#10;    }&#10;&#10;    /**&#10;     * Sets the pen color to the given color.&#10;     *&#10;     * @param color the color to make the pen&#10;     * @throws IllegalArgumentException if {@code color} is {@code null}&#10;     */&#10;    public void setPenColor(Color color) {&#10;        validateNotNull(color, &quot;color&quot;);&#10;        penColor = color;&#10;        offscreen.setColor(penColor);&#10;    }&#10;&#10;    /**&#10;     * Sets the pen color to the given RGB color.&#10;     *&#10;     * @param  red the amount of red (between 0 and 255)&#10;     * @param  green the amount of green (between 0 and 255)&#10;     * @param  blue the amount of blue (between 0 and 255)&#10;     * @throws IllegalArgumentException if {@code red}, {@code green},&#10;     *         or {@code blue} is outside its prescribed range&#10;     */&#10;    public void setPenColor(int red, int green, int blue) {&#10;        if (red   &lt; 0 || red   &gt;= 256) throw new IllegalArgumentException(&quot;red must be between 0 and 255&quot;);&#10;        if (green &lt; 0 || green &gt;= 256) throw new IllegalArgumentException(&quot;green must be between 0 and 255&quot;);&#10;        if (blue  &lt; 0 || blue  &gt;= 256) throw new IllegalArgumentException(&quot;blue must be between 0 and 255&quot;);&#10;        setPenColor(new Color(red, green, blue));&#10;    }&#10;&#10;&#10;    /**&#10;     * Turns on xor mode.&#10;     */&#10;    public void xorOn() {&#10;        offscreen.setXORMode(DEFAULT_CLEAR_COLOR);&#10;    }&#10;&#10;    /**&#10;     * Turns off xor mode.&#10;     */&#10;    public void xorOff() {&#10;        offscreen.setPaintMode();&#10;    }&#10;&#10;    /**&#10;     * Gets the current {@code JLabel} for use in some other GUI.&#10;     *&#10;     * @return the current {@code JLabel}&#10;     */&#10;    public JLabel getJLabel() {&#10;        return draw;&#10;    }&#10;&#10;    /**&#10;     * Gets the current font.&#10;     *&#10;     * @return the current font&#10;     */&#10;    public Font getFont() {&#10;        return font;&#10;    }&#10;&#10;    /**&#10;     * Sets the font to the default font (sans serif, 16 point).&#10;     */&#10;    public void setFont() {&#10;        setFont(DEFAULT_FONT);&#10;    }&#10;&#10;    /**&#10;     * Sets the font to the given value.&#10;     *&#10;     * @param font the font&#10;     * @throws IllegalArgumentException if {@code font} is {@code null}&#10;     */&#10;    public void setFont(Font font) {&#10;        validateNotNull(font, &quot;font&quot;);&#10;        this.font = font;&#10;    }&#10;&#10;&#10;   /***************************************************************************&#10;    *  Drawing geometric shapes.&#10;    ***************************************************************************/&#10;&#10;    /**&#10;     * Draws a line from (x0, y0) to (x1, y1).&#10;     *&#10;     * @param x0 the x-coordinate of the starting point&#10;     * @param y0 the y-coordinate of the starting point&#10;     * @param x1 the x-coordinate of the destination point&#10;     * @param y1 the y-coordinate of the destination point&#10;     * @throws IllegalArgumentException if any coordinate is either NaN or infinite&#10;     */&#10;    public void line(double x0, double y0, double x1, double y1) {&#10;        validate(x0, &quot;x0&quot;);&#10;        validate(y0, &quot;y0&quot;);&#10;        validate(x1, &quot;x1&quot;);&#10;        validate(y1, &quot;y1&quot;);&#10;        offscreen.draw(new Line2D.Double(scaleX(x0), scaleY(y0), scaleX(x1), scaleY(y1)));&#10;        draw();&#10;    }&#10;&#10;    /**&#10;     * Draws one pixel at (x, y).&#10;     *&#10;     * @param x the x-coordinate of the pixel&#10;     * @param y the y-coordinate of the pixel&#10;     * @throws IllegalArgumentException if {@code x} or {@code y} is either NaN or infinite&#10;     */&#10;    public void pixel(double x, double y) {&#10;        validate(x, &quot;x&quot;);&#10;        validate(y, &quot;y&quot;);&#10;        offscreen.fillRect((int) Math.round(scaleX(x)), (int) Math.round(scaleY(y)), 1, 1);&#10;    }&#10;&#10;    /**&#10;     * Draws a point at (x, y).&#10;     *&#10;     * @param x the x-coordinate of the point&#10;     * @param y the y-coordinate of the point&#10;     * @throws IllegalArgumentException if either {@code x} or {@code y} is either NaN or infinite&#10;     */&#10;    public void point(double x, double y) {&#10;        validate(x, &quot;x&quot;);&#10;        validate(y, &quot;y&quot;);&#10;&#10;        double xs = scaleX(x);&#10;        double ys = scaleY(y);&#10;        double r = penRadius;&#10;        // double ws = factorX(2*r);&#10;        // double hs = factorY(2*r);&#10;        // if (ws &lt;= 1 &amp;&amp; hs &lt;= 1) pixel(x, y);&#10;        if (r &lt;= 1) pixel(x, y);&#10;        else offscreen.fill(new Ellipse2D.Double(xs - r/2, ys - r/2, r, r));&#10;        draw();&#10;    }&#10;&#10;    /**&#10;     * Draws a circle of the specified radius, centered at (&lt;em&gt;x&lt;/em&gt;, &lt;em&gt;y&lt;/em&gt;).&#10;     *&#10;     * @param  x the x-coordinate of the center of the circle&#10;     * @param  y the y-coordinate of the center of the circle&#10;     * @param  radius the radius of the circle&#10;     * @throws IllegalArgumentException if {@code radius} is negative&#10;     * @throws IllegalArgumentException if any argument is either NaN or infinite&#10;     */&#10;    public void circle(double x, double y, double radius) {&#10;        validate(x, &quot;x&quot;);&#10;        validate(y, &quot;y&quot;);&#10;        validate(radius, &quot;radius&quot;);&#10;        validateNonnegative(radius, &quot;radius&quot;);&#10;&#10;        double xs = scaleX(x);&#10;        double ys = scaleY(y);&#10;        double ws = factorX(2*radius);&#10;        double hs = factorY(2*radius);&#10;        if (ws &lt;= 1 &amp;&amp; hs &lt;= 1) pixel(x, y);&#10;        else offscreen.draw(new Ellipse2D.Double(xs - ws/2, ys - hs/2, ws, hs));&#10;        draw();&#10;    }&#10;&#10;    /**&#10;     * Draws a filled circle of the specified radius, centered at (&lt;em&gt;x&lt;/em&gt;, &lt;em&gt;y&lt;/em&gt;).&#10;     *&#10;     * @param  x the x-coordinate of the center of the circle&#10;     * @param  y the y-coordinate of the center of the circle&#10;     * @param  radius the radius of the circle&#10;     * @throws IllegalArgumentException if {@code radius} is negative&#10;     * @throws IllegalArgumentException if any argument is either NaN or infinite&#10;     */&#10;    public void filledCircle(double x, double y, double radius) {&#10;        validate(x, &quot;x&quot;);&#10;        validate(y, &quot;y&quot;);&#10;        validate(radius, &quot;radius&quot;);&#10;        validateNonnegative(radius, &quot;radius&quot;);&#10;&#10;        double xs = scaleX(x);&#10;        double ys = scaleY(y);&#10;        double ws = factorX(2*radius);&#10;        double hs = factorY(2*radius);&#10;        if (ws &lt;= 1 &amp;&amp; hs &lt;= 1) pixel(x, y);&#10;        else offscreen.fill(new Ellipse2D.Double(xs - ws/2, ys - hs/2, ws, hs));&#10;        draw();&#10;    }&#10;&#10;&#10;    /**&#10;     * Draws an ellipse with the specified semimajor and semiminor axes,&#10;     * centered at (&lt;em&gt;x&lt;/em&gt;, &lt;em&gt;y&lt;/em&gt;).&#10;     *&#10;     * @param  x the &lt;em&gt;x&lt;/em&gt;-coordinate of the center of the ellipse&#10;     * @param  y the &lt;em&gt;y&lt;/em&gt;-coordinate of the center of the ellipse&#10;     * @param  semiMajorAxis is the semimajor axis of the ellipse&#10;     * @param  semiMinorAxis is the semiminor axis of the ellipse&#10;     * @throws IllegalArgumentException if either {@code semiMajorAxis}&#10;     *         or {@code semiMinorAxis} is negative&#10;     * @throws IllegalArgumentException if any argument is either NaN or infinite&#10;     */&#10;    public void ellipse(double x, double y, double semiMajorAxis, double semiMinorAxis) {&#10;        validate(x, &quot;x&quot;);&#10;        validate(y, &quot;y&quot;);&#10;        validate(semiMajorAxis, &quot;semimajor axis&quot;);&#10;        validate(semiMinorAxis, &quot;semiminor axis&quot;);&#10;        validateNonnegative(semiMajorAxis, &quot;semimajor axis&quot;);&#10;        validateNonnegative(semiMinorAxis, &quot;semiminor axis&quot;);&#10;&#10;        double xs = scaleX(x);&#10;        double ys = scaleY(y);&#10;        double ws = factorX(2*semiMajorAxis);&#10;        double hs = factorY(2*semiMinorAxis);&#10;        if (ws &lt;= 1 &amp;&amp; hs &lt;= 1) pixel(x, y);&#10;        else offscreen.draw(new Ellipse2D.Double(xs - ws/2, ys - hs/2, ws, hs));&#10;        draw();&#10;    }&#10;&#10;    /**&#10;     * Draws a filled ellipse with the specified semimajor and semiminor axes,&#10;     * centered at (&lt;em&gt;x&lt;/em&gt;, &lt;em&gt;y&lt;/em&gt;).&#10;     *&#10;     * @param  x the &lt;em&gt;x&lt;/em&gt;-coordinate of the center of the ellipse&#10;     * @param  y the &lt;em&gt;y&lt;/em&gt;-coordinate of the center of the ellipse&#10;     * @param  semiMajorAxis is the semimajor axis of the ellipse&#10;     * @param  semiMinorAxis is the semiminor axis of the ellipse&#10;     * @throws IllegalArgumentException if either {@code semiMajorAxis}&#10;     *         or {@code semiMinorAxis} is negative&#10;     * @throws IllegalArgumentException if any argument is either NaN or infinite&#10;     */&#10;    public void filledEllipse(double x, double y, double semiMajorAxis, double semiMinorAxis) {&#10;        validate(x, &quot;x&quot;);&#10;        validate(y, &quot;y&quot;);&#10;        validate(semiMajorAxis, &quot;semimajor axis&quot;);&#10;        validate(semiMinorAxis, &quot;semiminor axis&quot;);&#10;        validateNonnegative(semiMajorAxis, &quot;semimajor axis&quot;);&#10;        validateNonnegative(semiMinorAxis, &quot;semiminor axis&quot;);&#10;&#10;        double xs = scaleX(x);&#10;        double ys = scaleY(y);&#10;        double ws = factorX(2*semiMajorAxis);&#10;        double hs = factorY(2*semiMinorAxis);&#10;        if (ws &lt;= 1 &amp;&amp; hs &lt;= 1) pixel(x, y);&#10;        else offscreen.fill(new Ellipse2D.Double(xs - ws/2, ys - hs/2, ws, hs));&#10;        draw();&#10;    }&#10;&#10;    /**&#10;     * Draws a circular arc of the specified radius,&#10;     * centered at (&lt;em&gt;x&lt;/em&gt;, &lt;em&gt;y&lt;/em&gt;), from angle1 to angle2 (in degrees).&#10;     *&#10;     * @param  x the &lt;em&gt;x&lt;/em&gt;-coordinate of the center of the circle&#10;     * @param  y the &lt;em&gt;y&lt;/em&gt;-coordinate of the center of the circle&#10;     * @param  radius the radius of the circle&#10;     * @param  angle1 the starting angle. 0 would mean an arc beginning at 3 o'clock.&#10;     * @param  angle2 the angle at the end of the arc. For example, if&#10;     *         you want a 90 degree arc, then angle2 should be angle1 + 90.&#10;     * @throws IllegalArgumentException if {@code radius} is negative&#10;     * @throws IllegalArgumentException if any argument is either NaN or infinite&#10;     */&#10;    public void arc(double x, double y, double radius, double angle1, double angle2) {&#10;        validate(x, &quot;x&quot;);&#10;        validate(y, &quot;y&quot;);&#10;        validate(radius, &quot;arc radius&quot;);&#10;        validate(angle1, &quot;angle1&quot;);&#10;        validate(angle2, &quot;angle2&quot;);&#10;        validateNonnegative(radius, &quot;arc radius&quot;);&#10;&#10;        while (angle2 &lt; angle1) angle2 += 360;&#10;        double xs = scaleX(x);&#10;        double ys = scaleY(y);&#10;        double ws = factorX(2*radius);&#10;        double hs = factorY(2*radius);&#10;        if (ws &lt;= 1 &amp;&amp; hs &lt;= 1) pixel(x, y);&#10;        else offscreen.draw(new Arc2D.Double(xs - ws/2, ys - hs/2, ws, hs, angle1, angle2 - angle1, Arc2D.OPEN));&#10;        draw();&#10;    }&#10;&#10;    /**&#10;     * Draws a square of the specified size, centered at (&lt;em&gt;x&lt;/em&gt;, &lt;em&gt;y&lt;/em&gt;).&#10;     *&#10;     * @param  x the &lt;em&gt;x&lt;/em&gt;-coordinate of the center of the square&#10;     * @param  y the &lt;em&gt;y&lt;/em&gt;-coordinate of the center of the square&#10;     * @param  halfLength one half the length of any side of the square&#10;     * @throws IllegalArgumentException if {@code halfLength} is negative&#10;     * @throws IllegalArgumentException if any argument is either NaN or infinite&#10;     */&#10;    public void square(double x, double y, double halfLength) {&#10;        validate(x, &quot;x&quot;);&#10;        validate(y, &quot;y&quot;);&#10;        validate(halfLength, &quot;halfLength&quot;);&#10;        validateNonnegative(halfLength, &quot;half length&quot;);&#10;&#10;        double xs = scaleX(x);&#10;        double ys = scaleY(y);&#10;        double ws = factorX(2*halfLength);&#10;        double hs = factorY(2*halfLength);&#10;        if (ws &lt;= 1 &amp;&amp; hs &lt;= 1) pixel(x, y);&#10;        else offscreen.draw(new Rectangle2D.Double(xs - ws/2, ys - hs/2, ws, hs));&#10;        draw();&#10;    }&#10;&#10;    /**&#10;     * Draws a square of the specified size, centered at (&lt;em&gt;x&lt;/em&gt;, &lt;em&gt;y&lt;/em&gt;).&#10;     *&#10;     * @param  x the &lt;em&gt;x&lt;/em&gt;-coordinate of the center of the square&#10;     * @param  y the &lt;em&gt;y&lt;/em&gt;-coordinate of the center of the square&#10;     * @param  halfLength one half the length of any side of the square&#10;     * @throws IllegalArgumentException if {@code halfLength} is negative&#10;     * @throws IllegalArgumentException if any argument is either NaN or infinite&#10;     */&#10;    public void filledSquare(double x, double y, double halfLength) {&#10;        validate(x, &quot;x&quot;);&#10;        validate(y, &quot;y&quot;);&#10;        validate(halfLength, &quot;halfLength&quot;);&#10;        validateNonnegative(halfLength, &quot;half length&quot;);&#10;&#10;        double xs = scaleX(x);&#10;        double ys = scaleY(y);&#10;        double ws = factorX(2*halfLength);&#10;        double hs = factorY(2*halfLength);&#10;        if (ws &lt;= 1 &amp;&amp; hs &lt;= 1) pixel(x, y);&#10;        else offscreen.fill(new Rectangle2D.Double(xs - ws/2, ys - hs/2, ws, hs));&#10;        draw();&#10;    }&#10;&#10;&#10;    /**&#10;     * Draws a rectangle of the specified size, centered at (&lt;em&gt;x&lt;/em&gt;, &lt;em&gt;y&lt;/em&gt;).&#10;     *&#10;     * @param  x the &lt;em&gt;x&lt;/em&gt;-coordinate of the center of the rectangle&#10;     * @param  y the &lt;em&gt;y&lt;/em&gt;-coordinate of the center of the rectangle&#10;     * @param  halfWidth one half the width of the rectangle&#10;     * @param  halfHeight one half the height of the rectangle&#10;     * @throws IllegalArgumentException if either {@code halfWidth} or {@code halfHeight} is negative&#10;     * @throws IllegalArgumentException if any argument is either NaN or infinite&#10;     */&#10;    public void rectangle(double x, double y, double halfWidth, double halfHeight) {&#10;        validate(x, &quot;x&quot;);&#10;        validate(y, &quot;y&quot;);&#10;        validate(halfWidth, &quot;halfWidth&quot;);&#10;        validate(halfHeight, &quot;halfHeight&quot;);&#10;        validateNonnegative(halfWidth, &quot;half width&quot;);&#10;        validateNonnegative(halfHeight, &quot;half height&quot;);&#10;&#10;        double xs = scaleX(x);&#10;        double ys = scaleY(y);&#10;        double ws = factorX(2*halfWidth);&#10;        double hs = factorY(2*halfHeight);&#10;        if (ws &lt;= 1 &amp;&amp; hs &lt;= 1) pixel(x, y);&#10;        else offscreen.draw(new Rectangle2D.Double(xs - ws/2, ys - hs/2, ws, hs));&#10;        draw();&#10;    }&#10;&#10;    /**&#10;     * Draws a filled rectangle of the specified size, centered at (&lt;em&gt;x&lt;/em&gt;, &lt;em&gt;y&lt;/em&gt;).&#10;     *&#10;     * @param  x the &lt;em&gt;x&lt;/em&gt;-coordinate of the center of the rectangle&#10;     * @param  y the &lt;em&gt;y&lt;/em&gt;-coordinate of the center of the rectangle&#10;     * @param  halfWidth one half the width of the rectangle&#10;     * @param  halfHeight one half the height of the rectangle&#10;     * @throws IllegalArgumentException if either {@code halfWidth} or {@code halfHeight} is negative&#10;     * @throws IllegalArgumentException if any argument is either NaN or infinite&#10;     */&#10;    public void filledRectangle(double x, double y, double halfWidth, double halfHeight) {&#10;        validate(x, &quot;x&quot;);&#10;        validate(y, &quot;y&quot;);&#10;        validate(halfWidth, &quot;halfWidth&quot;);&#10;        validate(halfHeight, &quot;halfHeight&quot;);&#10;        validateNonnegative(halfWidth, &quot;half width&quot;);&#10;        validateNonnegative(halfHeight, &quot;half height&quot;);&#10;&#10;        double xs = scaleX(x);&#10;        double ys = scaleY(y);&#10;        double ws = factorX(2*halfWidth);&#10;        double hs = factorY(2*halfHeight);&#10;        if (ws &lt;= 1 &amp;&amp; hs &lt;= 1) pixel(x, y);&#10;        else offscreen.fill(new Rectangle2D.Double(xs - ws/2, ys - hs/2, ws, hs));&#10;        draw();&#10;    }&#10;&#10;    /**&#10;     * Draws a polygon with the vertices &#10;     * (&lt;em&gt;x&lt;/em&gt;&lt;sub&gt;0&lt;/sub&gt;, &lt;em&gt;y&lt;/em&gt;&lt;sub&gt;0&lt;/sub&gt;),&#10;     * (&lt;em&gt;x&lt;/em&gt;&lt;sub&gt;1&lt;/sub&gt;, &lt;em&gt;y&lt;/em&gt;&lt;sub&gt;1&lt;/sub&gt;), ...,&#10;     * (&lt;em&gt;x&lt;/em&gt;&lt;sub&gt;&lt;em&gt;n&lt;/em&gt;â€“1&lt;/sub&gt;, &lt;em&gt;y&lt;/em&gt;&lt;sub&gt;&lt;em&gt;n&lt;/em&gt;â€“1&lt;/sub&gt;).&#10;     *&#10;     * @param  x an array of all the &lt;em&gt;x&lt;/em&gt;-coordinates of the polygon&#10;     * @param  y an array of all the &lt;em&gt;y&lt;/em&gt;-coordinates of the polygon&#10;     * @throws IllegalArgumentException unless {@code x[]} and {@code y[]}&#10;     *         are of the same length&#10;     * @throws IllegalArgumentException if any coordinate is either NaN or infinite&#10;     * @throws IllegalArgumentException if either {@code x[]} or {@code y[]} is {@code null}&#10;     */&#10;    public void polygon(double[] x, double[] y) {&#10;        validateNotNull(x, &quot;x-coordinate array&quot;);&#10;        validateNotNull(y, &quot;y-coordinate array&quot;);&#10;        for (int i = 0; i &lt; x.length; i++) validate(x[i], &quot;x[&quot; + i + &quot;]&quot;);&#10;        for (int i = 0; i &lt; y.length; i++) validate(y[i], &quot;y[&quot; + i + &quot;]&quot;);&#10;&#10;        int n1 = x.length;&#10;        int n2 = y.length;&#10;        if (n1 != n2) throw new IllegalArgumentException(&quot;arrays must be of the same length&quot;);&#10;        int n = n1;&#10;        if (n == 0) return;&#10;&#10;        GeneralPath path = new GeneralPath();&#10;        path.moveTo((float) scaleX(x[0]), (float) scaleY(y[0]));&#10;        for (int i = 0; i &lt; n; i++)&#10;            path.lineTo((float) scaleX(x[i]), (float) scaleY(y[i]));&#10;        path.closePath();&#10;        offscreen.draw(path);&#10;        draw();&#10;    }&#10;&#10;    /**&#10;     * Draws a filled polygon with the vertices &#10;     * (&lt;em&gt;x&lt;/em&gt;&lt;sub&gt;0&lt;/sub&gt;, &lt;em&gt;y&lt;/em&gt;&lt;sub&gt;0&lt;/sub&gt;),&#10;     * (&lt;em&gt;x&lt;/em&gt;&lt;sub&gt;1&lt;/sub&gt;, &lt;em&gt;y&lt;/em&gt;&lt;sub&gt;1&lt;/sub&gt;), ...,&#10;     * (&lt;em&gt;x&lt;/em&gt;&lt;sub&gt;&lt;em&gt;n&lt;/em&gt;â€“1&lt;/sub&gt;, &lt;em&gt;y&lt;/em&gt;&lt;sub&gt;&lt;em&gt;n&lt;/em&gt;â€“1&lt;/sub&gt;).&#10;     *&#10;     * @param  x an array of all the &lt;em&gt;x&lt;/em&gt;-coordinates of the polygon&#10;     * @param  y an array of all the &lt;em&gt;y&lt;/em&gt;-coordinates of the polygon&#10;     * @throws IllegalArgumentException unless {@code x[]} and {@code y[]}&#10;     *         are of the same length&#10;     * @throws IllegalArgumentException if any coordinate is either NaN or infinite&#10;     * @throws IllegalArgumentException if either {@code x[]} or {@code y[]} is {@code null}&#10;     */&#10;    public void filledPolygon(double[] x, double[] y) {&#10;        validateNotNull(x, &quot;x-coordinate array&quot;);&#10;        validateNotNull(y, &quot;y-coordinate array&quot;);&#10;        for (int i = 0; i &lt; x.length; i++) validate(x[i], &quot;x[&quot; + i + &quot;]&quot;);&#10;        for (int i = 0; i &lt; y.length; i++) validate(y[i], &quot;y[&quot; + i + &quot;]&quot;);&#10;&#10;        int n1 = x.length;&#10;        int n2 = y.length;&#10;        if (n1 != n2) throw new IllegalArgumentException(&quot;arrays must be of the same length&quot;);&#10;        int n = n1;&#10;        if (n == 0) return;&#10;&#10;        GeneralPath path = new GeneralPath();&#10;        path.moveTo((float) scaleX(x[0]), (float) scaleY(y[0]));&#10;        for (int i = 0; i &lt; n; i++)&#10;            path.lineTo((float) scaleX(x[i]), (float) scaleY(y[i]));&#10;        path.closePath();&#10;        offscreen.fill(path);&#10;        draw();&#10;    }&#10;&#10;&#10;&#10;   /***************************************************************************&#10;    *  Drawing images.&#10;    ***************************************************************************/&#10;&#10;    // get an image from the given filename&#10;    public static Image getImage(String filename) {&#10;        if (filename == null) throw new IllegalArgumentException();&#10;&#10;        // to read from file&#10;        ImageIcon icon = new ImageIcon(filename);&#10;&#10;        // try to read from URL&#10;        if ((icon == null) || (icon.getImageLoadStatus() != MediaTracker.COMPLETE)) {&#10;            try {&#10;                URL url = new URL(filename);&#10;                icon = new ImageIcon(url);&#10;            }&#10;            catch (MalformedURLException e) {&#10;                /* not a url */&#10;            }&#10;        }&#10;&#10;        // in case file is inside a .jar (classpath relative to StdDraw)&#10;        if ((icon == null) || (icon.getImageLoadStatus() != MediaTracker.COMPLETE)) {&#10;            URL url = StdDraw.class.getResource(filename);&#10;            if (url != null)&#10;                icon = new ImageIcon(url);&#10;        }&#10;&#10;        // in case file is inside a .jar (classpath relative to root of jar)&#10;        if ((icon == null) || (icon.getImageLoadStatus() != MediaTracker.COMPLETE)) {&#10;            URL url = Draw.class.getResource(&quot;/&quot; + filename);&#10;            if (url == null) throw new IllegalArgumentException(&quot;image &quot; + filename + &quot; not found&quot;);&#10;            icon = new ImageIcon(url);&#10;        }&#10;&#10;        return icon.getImage();&#10;    }&#10;&#10;    /**&#10;     * Draws the specified image centered at (&lt;em&gt;x&lt;/em&gt;, &lt;em&gt;y&lt;/em&gt;).&#10;     * The supported image formats are JPEG, PNG, and GIF.&#10;     * As an optimization, the picture is cached, so there is no performance&#10;     * penalty for redrawing the same image multiple times (e.g., in an animation).&#10;     * However, if you change the picture file after drawing it, subsequent&#10;     * calls will draw the original picture.&#10;     *&#10;     * @param  x the center &lt;em&gt;x&lt;/em&gt;-coordinate of the image&#10;     * @param  y the center &lt;em&gt;y&lt;/em&gt;-coordinate of the image&#10;     * @param  filename the name of the image/picture, e.g., &quot;ball.gif&quot;&#10;     * @throws IllegalArgumentException if the image filename is invalid&#10;     * @throws IllegalArgumentException if either {@code x} or {@code y} is either NaN or infinite&#10;     */&#10;    public void picture(double x, double y, String filename) {&#10;        validate(x, &quot;x&quot;);&#10;        validate(y, &quot;y&quot;);&#10;        validateNotNull(filename, &quot;filename&quot;);&#10;&#10;        Image image = getImage(filename);&#10;        double xs = scaleX(x);&#10;        double ys = scaleY(y);&#10;        int ws = image.getWidth(null);&#10;        int hs = image.getHeight(null);&#10;        if (ws &lt; 0 || hs &lt; 0) throw new IllegalArgumentException(&quot;image &quot; + filename + &quot; is corrupt&quot;);&#10;&#10;        offscreen.drawImage(image, (int) Math.round(xs - ws/2.0), (int) Math.round(ys - hs/2.0), null);&#10;        draw();&#10;    }&#10;&#10;    /**&#10;     * Draws the specified image centered at (&lt;em&gt;x&lt;/em&gt;, &lt;em&gt;y&lt;/em&gt;),&#10;     * rotated given number of degrees.&#10;     * The supported image formats are JPEG, PNG, and GIF.&#10;     *&#10;     * @param  x the center &lt;em&gt;x&lt;/em&gt;-coordinate of the image&#10;     * @param  y the center &lt;em&gt;y&lt;/em&gt;-coordinate of the image&#10;     * @param  filename the name of the image/picture, e.g., &quot;ball.gif&quot;&#10;     * @param  degrees is the number of degrees to rotate counterclockwise&#10;     * @throws IllegalArgumentException if the image filename is invalid&#10;     * @throws IllegalArgumentException if {@code x}, {@code y}, {@code degrees} is NaN or infinite&#10;     * @throws IllegalArgumentException if {@code filename} is {@code null}&#10;     */&#10;    public void picture(double x, double y, String filename, double degrees) {&#10;        validate(x, &quot;x&quot;);&#10;        validate(y, &quot;y&quot;);&#10;        validate(degrees, &quot;degrees&quot;);&#10;        validateNotNull(filename, &quot;filename&quot;);&#10;&#10;        Image image = getImage(filename);&#10;        double xs = scaleX(x);&#10;        double ys = scaleY(y);&#10;        int ws = image.getWidth(null);&#10;        int hs = image.getHeight(null);&#10;        if (ws &lt; 0 || hs &lt; 0) throw new IllegalArgumentException(&quot;image &quot; + filename + &quot; is corrupt&quot;);&#10;&#10;        offscreen.rotate(Math.toRadians(-degrees), xs, ys);&#10;        offscreen.drawImage(image, (int) Math.round(xs - ws/2.0), (int) Math.round(ys - hs/2.0), null);&#10;        offscreen.rotate(Math.toRadians(+degrees), xs, ys);&#10;&#10;        draw();&#10;    }&#10;&#10;    /**&#10;     * Draws the specified image centered at (&lt;em&gt;x&lt;/em&gt;, &lt;em&gt;y&lt;/em&gt;),&#10;     * rescaled to the specified bounding box.&#10;     * The supported image formats are JPEG, PNG, and GIF.&#10;     *&#10;     * @param  x the center &lt;em&gt;x&lt;/em&gt;-coordinate of the image&#10;     * @param  y the center &lt;em&gt;y&lt;/em&gt;-coordinate of the image&#10;     * @param  filename the name of the image/picture, e.g., &quot;ball.gif&quot;&#10;     * @param  scaledWidth the width of the scaled image (in screen coordinates)&#10;     * @param  scaledHeight the height of the scaled image (in screen coordinates)&#10;     * @throws IllegalArgumentException if either {@code scaledWidth}&#10;     *         or {@code scaledHeight} is negative&#10;     * @throws IllegalArgumentException if the image filename is invalid&#10;     * @throws IllegalArgumentException if {@code x} or {@code y} is either NaN or infinite&#10;     * @throws IllegalArgumentException if {@code filename} is {@code null}&#10;     */&#10;    public void picture(double x, double y, String filename, double scaledWidth, double scaledHeight) {&#10;        validate(x, &quot;x&quot;);&#10;        validate(y, &quot;y&quot;);&#10;        validate(scaledWidth, &quot;scaled width&quot;);&#10;        validate(scaledHeight, &quot;scaled height&quot;);&#10;        validateNotNull(filename, &quot;filename&quot;);&#10;        validateNonnegative(scaledWidth, &quot;scaled width&quot;);&#10;        validateNonnegative(scaledHeight, &quot;scaled height&quot;);&#10;&#10;        Image image = getImage(filename);&#10;        double xs = scaleX(x);&#10;        double ys = scaleY(y);&#10;        double ws = factorX(scaledWidth);&#10;        double hs = factorY(scaledHeight);&#10;        if (ws &lt; 0 || hs &lt; 0) throw new IllegalArgumentException(&quot;image &quot; + filename + &quot; is corrupt&quot;);&#10;        if (ws &lt;= 1 &amp;&amp; hs &lt;= 1) pixel(x, y);&#10;        else {&#10;            offscreen.drawImage(image, (int) Math.round(xs - ws/2.0),&#10;                                       (int) Math.round(ys - hs/2.0),&#10;                                       (int) Math.round(ws),&#10;                                       (int) Math.round(hs), null);&#10;        }&#10;        draw();&#10;    }&#10;&#10;&#10;    /**&#10;     * Draws the specified image centered at (&lt;em&gt;x&lt;/em&gt;, &lt;em&gt;y&lt;/em&gt;), rotated&#10;     * given number of degrees, and rescaled to the specified bounding box.&#10;     * The supported image formats are JPEG, PNG, and GIF.&#10;     *&#10;     * @param  x the center &lt;em&gt;x&lt;/em&gt;-coordinate of the image&#10;     * @param  y the center &lt;em&gt;y&lt;/em&gt;-coordinate of the image&#10;     * @param  filename the name of the image/picture, e.g., &quot;ball.gif&quot;&#10;     * @param  scaledWidth the width of the scaled image (in screen coordinates)&#10;     * @param  scaledHeight the height of the scaled image (in screen coordinates)&#10;     * @param  degrees is the number of degrees to rotate counterclockwise&#10;     * @throws IllegalArgumentException if either {@code scaledWidth}&#10;     *         or {@code scaledHeight} is negative&#10;     * @throws IllegalArgumentException if the image filename is invalid&#10;     */&#10;    public void picture(double x, double y, String filename, double scaledWidth, double scaledHeight, double degrees) {&#10;        validate(x, &quot;x&quot;);&#10;        validate(y, &quot;y&quot;);&#10;        validate(scaledWidth, &quot;scaled width&quot;);&#10;        validate(scaledHeight, &quot;scaled height&quot;);&#10;        validate(degrees, &quot;degrees&quot;);&#10;        validateNotNull(filename, &quot;filename&quot;);&#10;        validateNonnegative(scaledWidth, &quot;scaled width&quot;);&#10;        validateNonnegative(scaledHeight, &quot;scaled height&quot;);&#10;&#10;        Image image = getImage(filename);&#10;        double xs = scaleX(x);&#10;        double ys = scaleY(y);&#10;        double ws = factorX(scaledWidth);&#10;        double hs = factorY(scaledHeight);&#10;        if (ws &lt; 0 || hs &lt; 0) throw new IllegalArgumentException(&quot;image &quot; + filename + &quot; is corrupt&quot;);&#10;        if (ws &lt;= 1 &amp;&amp; hs &lt;= 1) pixel(x, y);&#10;&#10;        offscreen.rotate(Math.toRadians(-degrees), xs, ys);&#10;        offscreen.drawImage(image, (int) Math.round(xs - ws/2.0),&#10;                                   (int) Math.round(ys - hs/2.0),&#10;                                   (int) Math.round(ws),&#10;                                   (int) Math.round(hs), null);&#10;        offscreen.rotate(Math.toRadians(+degrees), xs, ys);&#10;&#10;        draw();&#10;    }&#10;&#10;&#10;   /***************************************************************************&#10;    *  Drawing text.&#10;    ***************************************************************************/&#10;&#10;    /**&#10;     * Writes the given text string in the current font, centered at (&lt;em&gt;x&lt;/em&gt;, &lt;em&gt;y&lt;/em&gt;).&#10;     *&#10;     * @param  x the center &lt;em&gt;x&lt;/em&gt;-coordinate of the text&#10;     * @param  y the center &lt;em&gt;y&lt;/em&gt;-coordinate of the text&#10;     * @param  text the text to write&#10;     * @throws IllegalArgumentException if {@code text} is {@code null}&#10;     * @throws IllegalArgumentException if {@code x} or {@code y} is either NaN or infinite&#10;     */&#10;    public void text(double x, double y, String text) {&#10;        validate(x, &quot;x&quot;);&#10;        validate(y, &quot;y&quot;);&#10;        validateNotNull(text, &quot;text&quot;);&#10;&#10;        offscreen.setFont(font);&#10;        FontMetrics metrics = offscreen.getFontMetrics();&#10;        double xs = scaleX(x);&#10;        double ys = scaleY(y);&#10;        int ws = metrics.stringWidth(text);&#10;        int hs = metrics.getDescent();&#10;        offscreen.drawString(text, (float) (xs - ws/2.0), (float) (ys + hs));&#10;        draw();&#10;    }&#10;&#10;    /**&#10;     * Writes the given text string in the current font, centered at (&lt;em&gt;x&lt;/em&gt;, &lt;em&gt;y&lt;/em&gt;) and&#10;     * rotated by the specified number of degrees.&#10;     * @param  x the center &lt;em&gt;x&lt;/em&gt;-coordinate of the text&#10;     * @param  y the center &lt;em&gt;y&lt;/em&gt;-coordinate of the text&#10;     * @param  text the text to write&#10;     * @param  degrees is the number of degrees to rotate counterclockwise&#10;     * @throws IllegalArgumentException if {@code text} is {@code null}&#10;     * @throws IllegalArgumentException if {@code x}, {@code y}, or {@code degrees} is either NaN or infinite&#10;     */&#10;    public void text(double x, double y, String text, double degrees) {&#10;        validate(x, &quot;x&quot;);&#10;        validate(y, &quot;y&quot;);&#10;        validate(degrees, &quot;degrees&quot;);&#10;        validateNotNull(text, &quot;text&quot;);&#10;&#10;        double xs = scaleX(x);&#10;        double ys = scaleY(y);&#10;        offscreen.rotate(Math.toRadians(-degrees), xs, ys);&#10;        text(x, y, text);&#10;        offscreen.rotate(Math.toRadians(+degrees), xs, ys);&#10;    }&#10;&#10;    /**&#10;     * Writes the given text string in the current font, left-aligned at (&lt;em&gt;x&lt;/em&gt;, &lt;em&gt;y&lt;/em&gt;).&#10;     * @param  x the &lt;em&gt;x&lt;/em&gt;-coordinate of the text&#10;     * @param  y the &lt;em&gt;y&lt;/em&gt;-coordinate of the text&#10;     * @param  text the text&#10;     * @throws IllegalArgumentException if {@code text} is {@code null}&#10;     * @throws IllegalArgumentException if {@code x} or {@code y} is either NaN or infinite&#10;     */&#10;    public void textLeft(double x, double y, String text) {&#10;        validate(x, &quot;x&quot;);&#10;        validate(y, &quot;y&quot;);&#10;        validateNotNull(text, &quot;text&quot;);&#10;&#10;        offscreen.setFont(font);&#10;        FontMetrics metrics = offscreen.getFontMetrics();&#10;        double xs = scaleX(x);&#10;        double ys = scaleY(y);&#10;        // int ws = metrics.stringWidth(text);&#10;        int hs = metrics.getDescent();&#10;        offscreen.drawString(text, (float) xs, (float) (ys + hs));&#10;        draw();&#10;    }&#10;&#10;    /**&#10;     * Writes the given text string in the current font, right-aligned at (&lt;em&gt;x&lt;/em&gt;, &lt;em&gt;y&lt;/em&gt;).&#10;     *&#10;     * @param  x the &lt;em&gt;x&lt;/em&gt;-coordinate of the text&#10;     * @param  y the &lt;em&gt;y&lt;/em&gt;-coordinate of the text&#10;     * @param  text the text to write&#10;     * @throws IllegalArgumentException if {@code text} is {@code null}&#10;     * @throws IllegalArgumentException if {@code x} or {@code y} is either NaN or infinite&#10;     */&#10;    public void textRight(double x, double y, String text) {&#10;        validate(x, &quot;x&quot;);&#10;        validate(y, &quot;y&quot;);&#10;        validateNotNull(text, &quot;text&quot;);&#10;&#10;        offscreen.setFont(font);&#10;        FontMetrics metrics = offscreen.getFontMetrics();&#10;        double xs = scaleX(x);&#10;        double ys = scaleY(y);&#10;        int ws = metrics.stringWidth(text);&#10;        int hs = metrics.getDescent();&#10;        offscreen.drawString(text, (float) (xs - ws), (float) (ys + hs));&#10;        draw();&#10;    }&#10;&#10;    /**&#10;     * Copies the offscreen buffer to the onscreen buffer, pauses for t milliseconds&#10;     * and enables double buffering.&#10;     * @param t number of milliseconds&#10;     * @deprecated replaced by {@link #enableDoubleBuffering()}, {@link #show()}, and {@link #pause(int t)}&#10;     */&#10;    @Deprecated&#10;    public void show(int t) {&#10;        show();&#10;        pause(t);&#10;        enableDoubleBuffering();&#10;    }&#10;&#10;    /**&#10;     * Pause for t milliseconds. This method is intended to support computer animations.&#10;     * @param t number of milliseconds&#10;     */&#10;    public void pause(int t) {&#10;        try {&#10;            Thread.sleep(t);&#10;        }&#10;        catch (InterruptedException e) {&#10;            System.out.println(&quot;Error sleeping&quot;);&#10;        }&#10;    }&#10;&#10;    /**&#10;     * Copies offscreen buffer to onscreen buffer. There is no reason to call&#10;     * this method unless double buffering is enabled.&#10;     */&#10;    public void show() {&#10;        onscreen.drawImage(offscreenImage, 0, 0, null);&#10;        frame.repaint();&#10;    }&#10;&#10;    // draw onscreen if defer is false&#10;    public void draw() {&#10;        if (!defer) show();&#10;    }&#10;&#10;    /**&#10;     * Enable double buffering. All subsequent calls to &#10;     * drawing methods such as {@code line()}, {@code circle()},&#10;     * and {@code square()} will be deferred until the next call&#10;     * to show(). Useful for animations.&#10;     */&#10;    public void enableDoubleBuffering() {&#10;        defer = true;&#10;    }&#10;&#10;    /**&#10;     * Disable double buffering. All subsequent calls to &#10;     * drawing methods such as {@code line()}, {@code circle()},&#10;     * and {@code square()} will be displayed on screen when called.&#10;     * This is the default.&#10;     */&#10;    public void disableDoubleBuffering() {&#10;        defer = false;&#10;    }&#10;&#10;    /**&#10;     * Saves the drawing to using the specified filename.&#10;     * The supported image formats are JPEG and PNG;&#10;     * the filename suffix must be {@code .jpg} or {@code .png}.&#10;     *&#10;     * @param  filename the name of the file with one of the required suffixes&#10;     * @throws IllegalArgumentException if {@code filename} is {@code null}&#10;     */&#10;    public void save(String filename) {&#10;        validateNotNull(filename, &quot;filename&quot;);&#10;        File file = new File(filename);&#10;        String suffix = filename.substring(filename.lastIndexOf('.') + 1);&#10;&#10;        // png files&#10;        if (&quot;png&quot;.equalsIgnoreCase(suffix)) {&#10;            try {&#10;                ImageIO.write(offscreenImage, suffix, file);&#10;            }&#10;            catch (IOException e) {&#10;                e.printStackTrace();&#10;            }&#10;        }&#10;&#10;        // need to change from ARGB to RGB for jpeg&#10;        // reference: http://archives.java.sun.com/cgi-bin/wa?A2=ind0404&amp;L=java2d-interest&amp;D=0&amp;P=2727&#10;        else if (&quot;jpg&quot;.equalsIgnoreCase(suffix)) {&#10;            WritableRaster raster = offscreenImage.getRaster();&#10;            WritableRaster newRaster;&#10;            newRaster = raster.createWritableChild(0, 0, width, height, 0, 0, new int[] {0, 1, 2});&#10;            DirectColorModel cm = (DirectColorModel) offscreenImage.getColorModel();&#10;            DirectColorModel newCM = new DirectColorModel(cm.getPixelSize(),&#10;                                                          cm.getRedMask(),&#10;                                                          cm.getGreenMask(),&#10;                                                          cm.getBlueMask());&#10;            BufferedImage rgbBuffer = new BufferedImage(newCM, newRaster, false,  null);&#10;            try {&#10;                ImageIO.write(rgbBuffer, suffix, file);&#10;            }&#10;            catch (IOException e) {&#10;                e.printStackTrace();&#10;            }&#10;        }&#10;&#10;        else {&#10;            System.out.println(&quot;Invalid image file type: &quot; + suffix);&#10;        }&#10;    }&#10;&#10;&#10;    /**&#10;     * This method cannot be called directly.&#10;     */&#10;    @Override&#10;    public void actionPerformed(ActionEvent e) {&#10;        FileDialog chooser = new FileDialog(frame, &quot;Use a .png or .jpg extension&quot;, FileDialog.SAVE);&#10;        chooser.setVisible(true);&#10;        String filename = chooser.getFile();&#10;        if (filename != null) {&#10;            save(chooser.getDirectory() + File.separator + chooser.getFile());&#10;        }&#10;    }&#10;&#10;&#10;&#10;   /***************************************************************************&#10;    *  Event-based interactions.&#10;    ***************************************************************************/&#10;&#10;    /**&#10;     * Adds a {@link DrawListener} to listen to keyboard and mouse events.&#10;     *&#10;     * @param listener the {\tt DrawListener} argument&#10;     */&#10;    public void addListener(DrawListener listener) {&#10;        // ensure there is a window for listenting to events&#10;        show();&#10;        listeners.add(listener);&#10;        frame.addKeyListener(this);&#10;        frame.addMouseListener(this);&#10;        frame.addMouseMotionListener(this);&#10;        frame.setFocusable(true); &#10;    }&#10;&#10;&#10;&#10;&#10;   /***************************************************************************&#10;    *  Mouse interactions.&#10;    ***************************************************************************/&#10;&#10;    /**&#10;     * Returns true if the mouse is being pressed.&#10;     *&#10;     * @return {@code true} if the mouse is being pressed;&#10;     *         {@code false} otherwise&#10;     */&#10;    public boolean isMousePressed() {&#10;        synchronized (mouseLock) {&#10;            return isMousePressed;&#10;        }&#10;    }&#10;&#10;    /**&#10;     * Returns true if the mouse is being pressed.&#10;     *&#10;     * @return {@code true} if the mouse is being pressed;&#10;     *         {@code false} otherwise&#10;     * @deprecated replaced by {@link #isMousePressed()}&#10;     */&#10;    @Deprecated&#10;    public boolean mousePressed() {&#10;        synchronized (mouseLock) {&#10;            return isMousePressed;&#10;        }&#10;    }&#10;&#10;    /**&#10;     * Returns the x-coordinate of the mouse.&#10;     * @return the x-coordinate of the mouse&#10;     */&#10;    public double mouseX() {&#10;        synchronized (mouseLock) {&#10;            return mouseX;&#10;        }&#10;    }&#10;&#10;    /**&#10;     * Returns the y-coordinate of the mouse.&#10;     *&#10;     * @return the y-coordinate of the mouse&#10;     */&#10;    public double mouseY() {&#10;        synchronized (mouseLock) {&#10;            return mouseY;&#10;        }&#10;    }&#10;&#10;&#10;&#10;    /**&#10;     * This method cannot be called directly.&#10;     */&#10;    @Override&#10;    public void mouseEntered(MouseEvent e) {&#10;        // this body is intentionally left empty&#10;    }&#10;&#10;    /**&#10;     * This method cannot be called directly.&#10;     */&#10;    @Override&#10;    public void mouseExited(MouseEvent e) {&#10;        // this body is intentionally left empty&#10;    }&#10;&#10;    /**&#10;     * This method cannot be called directly.&#10;     */&#10;    @Override&#10;    public void mousePressed(MouseEvent e) {&#10;        synchronized (mouseLock) {&#10;            mouseX = userX(e.getX());&#10;            mouseY = userY(e.getY());&#10;            isMousePressed = true;&#10;        }&#10;        if (e.getButton() == MouseEvent.BUTTON1) {&#10;            for (DrawListener listener : listeners)&#10;                listener.mousePressed(userX(e.getX()), userY(e.getY()));&#10;        }&#10;&#10;    }&#10;&#10;    /**&#10;     * This method cannot be called directly.&#10;     */&#10;    @Override&#10;    public void mouseReleased(MouseEvent e) {&#10;        synchronized (mouseLock) {&#10;            isMousePressed = false;&#10;        }&#10;        if (e.getButton() == MouseEvent.BUTTON1) {&#10;            for (DrawListener listener : listeners)&#10;                listener.mouseReleased(userX(e.getX()), userY(e.getY()));&#10;        }&#10;    }&#10;&#10;    /**&#10;     * This method cannot be called directly.&#10;     */&#10;    @Override&#10;    public void mouseClicked(MouseEvent e) {&#10;        if (e.getButton() == MouseEvent.BUTTON1) {&#10;            for (DrawListener listener : listeners)&#10;                listener.mouseClicked(userX(e.getX()), userY(e.getY()));&#10;        }&#10;    }&#10;&#10;&#10;    /**&#10;     * This method cannot be called directly.&#10;     */&#10;    @Override&#10;    public void mouseDragged(MouseEvent e)  {&#10;        synchronized (mouseLock) {&#10;            mouseX = userX(e.getX());&#10;            mouseY = userY(e.getY());&#10;        }&#10;        // doesn't seem to work if a button is specified&#10;        for (DrawListener listener : listeners)&#10;            listener.mouseDragged(userX(e.getX()), userY(e.getY()));&#10;    }&#10;&#10;    /**&#10;     * This method cannot be called directly.&#10;     */&#10;    @Override&#10;    public void mouseMoved(MouseEvent e) {&#10;        synchronized (mouseLock) {&#10;            mouseX = userX(e.getX());&#10;            mouseY = userY(e.getY());&#10;        }&#10;    }&#10;&#10;&#10;   /***************************************************************************&#10;    *  Keyboard interactions.&#10;    ***************************************************************************/&#10;&#10;    /**&#10;     * Returns true if the user has typed a key.&#10;     *&#10;     * @return {@code true} if the user has typed a key; {@code false} otherwise&#10;     */&#10;    public boolean hasNextKeyTyped() {&#10;        synchronized (keyLock) {&#10;            return !keysTyped.isEmpty();&#10;        }&#10;    }&#10;&#10;    /**&#10;     * The next key typed by the user.&#10;     *&#10;     * @return the next key typed by the user&#10;     */&#10;    public char nextKeyTyped() {&#10;        synchronized (keyLock) {&#10;            return keysTyped.removeLast();&#10;        }&#10;    }&#10;&#10;   /**&#10;     * Returns true if the keycode is being pressed.&#10;     * &lt;p&gt;&#10;     * This method takes as an argument the keycode (corresponding to a physical key).&#10;     * It can handle action keys (such as F1 and arrow keys) and modifier keys&#10;     * (such as shift and control).&#10;     * See {@link KeyEvent} for a description of key codes.&#10;     *&#10;     * @param  keycode the keycode to check&#10;     * @return {@code true} if {@code keycode} is currently being pressed;&#10;     *         {@code false} otherwise&#10;     */&#10;    public boolean isKeyPressed(int keycode) {&#10;        synchronized (keyLock) {&#10;            return keysDown.contains(keycode);&#10;        }&#10;    }&#10;&#10;    /**&#10;     * This method cannot be called directly.&#10;     */&#10;    @Override&#10;    public void keyTyped(KeyEvent e) {&#10;        synchronized (keyLock) {&#10;            keysTyped.addFirst(e.getKeyChar());&#10;        }&#10;&#10;        // notify all listeners&#10;        for (DrawListener listener : listeners)&#10;            listener.keyTyped(e.getKeyChar());&#10;    }&#10;&#10;    /**&#10;     * This method cannot be called directly.&#10;     */&#10;    @Override&#10;    public void keyPressed(KeyEvent e) {&#10;        synchronized (keyLock) {&#10;            keysDown.add(e.getKeyCode());&#10;        }&#10;&#10;        // notify all listeners&#10;        for (DrawListener listener : listeners)&#10;            listener.keyPressed(e.getKeyCode());&#10;    }&#10;&#10;    /**&#10;     * This method cannot be called directly.&#10;     */&#10;    @Override&#10;    public void keyReleased(KeyEvent e) {&#10;        synchronized (keyLock) {&#10;            keysDown.remove(e.getKeyCode());&#10;        }&#10;&#10;        // notify all listeners&#10;        for (DrawListener listener : listeners)&#10;            listener.keyReleased(e.getKeyCode());&#10;    }&#10;&#10;&#10;   /***************************************************************************&#10;    *  For improved resolution on Mac Retina displays.&#10;    ***************************************************************************/&#10;&#10;    public static class RetinaImageIcon extends ImageIcon {&#10;    &#10;        public RetinaImageIcon(Image image) {&#10;            super(image);&#10;        }&#10;&#10;        public int getIconWidth() {&#10;            return super.getIconWidth() / 2;&#10;        }&#10;&#10;        /**&#10;         * Gets the height of the icon.&#10;         *&#10;         * @return the height in pixels of this icon&#10;         */&#10;        public int getIconHeight() {&#10;            return super.getIconHeight() / 2;&#10;        }&#10;&#10;        public synchronized void paintIcon(Component c, Graphics g, int x, int y) {&#10;            Graphics2D g2 = (Graphics2D) g.create();&#10;            g2.setRenderingHint(RenderingHints.KEY_INTERPOLATION,RenderingHints.VALUE_INTERPOLATION_BICUBIC);&#10;            g2.setRenderingHint(RenderingHints.KEY_RENDERING,RenderingHints.VALUE_RENDER_QUALITY);&#10;            g2.setRenderingHint(RenderingHints.KEY_ANTIALIASING,RenderingHints.VALUE_ANTIALIAS_ON);&#10;            g2.scale(0.5, 0.5);&#10;            super.paintIcon(c, g2, x * 2, y * 2);&#10;            g2.dispose();&#10;        }&#10;    }&#10;&#10;    /**&#10;     * Test client.&#10;     *&#10;     * @param args the command-line arguments&#10;     */&#10;    public static void main(String[] args) {&#10;&#10;        // create one drawing window&#10;        Draw draw1 = new Draw(&quot;Test client 1&quot;);&#10;        draw1.square(0.2, 0.8, 0.1);&#10;        draw1.filledSquare(0.8, 0.8, 0.2);&#10;        draw1.circle(0.8, 0.2, 0.2);&#10;        draw1.setPenColor(Draw.MAGENTA);&#10;        draw1.setPenRadius(0.02);&#10;        draw1.arc(0.8, 0.2, 0.1, 200, 45);&#10;&#10;&#10;        // create another one&#10;        Draw draw2 = new Draw(&quot;Test client 2&quot;);&#10;        draw2.setCanvasSize(900, 200);&#10;        // draw a blue diamond&#10;        draw2.setPenRadius();&#10;        draw2.setPenColor(Draw.BLUE);&#10;        double[] x = { 0.1, 0.2, 0.3, 0.2 };&#10;        double[] y = { 0.2, 0.3, 0.2, 0.1 };&#10;        draw2.filledPolygon(x, y);&#10;&#10;        // text&#10;        draw2.setPenColor(Draw.BLACK);&#10;        draw2.text(0.2, 0.5, &quot;bdfdfdfdlack text&quot;);&#10;        draw2.setPenColor(Draw.WHITE);&#10;        draw2.text(0.8, 0.8, &quot;white text&quot;);&#10;    }&#10;&#10;}" Filename="Draw.java" Intrnl_Id="2"/>
<SrcFile Content="/******************************************************************************&#10; *  Compilation:  javac Deck.java Card.java&#10; *  Execution:    java -classpath .:cards.jar Player&#10; *&#10; *  Implement a deck of cards.&#10; *&#10; ******************************************************************************/&#10;&#10;public class Deck { &#10;    final static int DECK_SIZE = 52;&#10;&#10;    public Card[] cards;         // the cards  - cards[0] is bottom of deck&#10;    public int N;                // number of cards&#10;&#10;    public Deck()  {&#10;        N = DECK_SIZE;&#10;        cards = new Card[N];&#10;        for (int i = 0; i &lt; N; i++)&#10;            cards[N - i - 1] = new Card(i, i + &quot;.gif&quot;, &quot;back.gif&quot;);&#10;    }&#10;&#10;    public Card dealFrom()   { return cards[--N]; }&#10;    public boolean isEmpty() { return (N == 0);   }&#10;    public int size()        { return N;          }&#10;&#10;&#10;    // shuffles cards&#10;    public void shuffle() {&#10;        for (int i = 0; i &lt; N; i++) {&#10;            int r = (int) (Math.random() * i);&#10;            Card swap = cards[i];&#10;            cards[i]  = cards[r];&#10;            cards[r]  = swap;&#10;        }&#10;    }&#10;&#10;&#10;&#10;    public String toString() {&#10;        String s = &quot;Deck  &quot;;&#10;        for (int i = N - 1; i &gt;= 0; i--)&#10;            s += cards[i] + &quot; &quot;;&#10;        return s;&#10;    }&#10;&#10;&#10;   // test client&#10;   public static void main(String[] args) { &#10;      Deck deck = new Deck();&#10;      StdOut.println(deck);&#10;      deck.shuffle();&#10;      StdOut.println(deck);&#10;   }&#10;&#10;}" Filename="Deck.java" Intrnl_Id="3"/>
<SrcFile Content="/******************************************************************************&#10; *  Compilation:  javac Card.java&#10; *  Execution:    java -classpath .:cards.jar Card&#10; *  Dependencies: Draw.java&#10; *&#10; *  Implement a playing card in a standard 52 card deck.&#10;&#10; *  Assumes cards.jar is in the current directory and contains&#10; *  images of the cards named: 2c.gif, 2d, 2h, 2s, ..., as.gif.&#10; *&#10; ******************************************************************************/&#10;&#10;public class Card { &#10;    public int suit;&#10;    public int rank;&#10;    public String front;&#10;    public String back;&#10;    public boolean isConcealed;&#10;&#10;    // create a new card based on integer 0 = 2C, 1 = 3C, ..., 51 = AS&#10;    Card(int card, String front, String back) {&#10;        this.rank   = card % 13;&#10;        this.suit   = card / 13;&#10;        this.front  = front;&#10;        this.back   = back;&#10;        isConcealed = false;&#10;    }&#10;&#10;    public boolean isAce() { return rank == 12; }&#10; &#10;    // 1 for ace, 10 for jqk, actual rank for other cards&#10;    public int rank()  {&#10;        if (rank == 12) return  1;&#10;        if (rank &gt;=  8) return 10;&#10;        return rank + 2;&#10;    }&#10;&#10;    public void draw(Draw d, double x, double y)  {&#10;        if (isConcealed) d.picture(x, y, back);&#10;        else             d.picture(x, y, front);&#10;    }&#10;&#10;&#10;    public void conceal() { isConcealed = true;  }&#10;    public void reveal()  { isConcealed = false; }&#10;&#10;    // represent cards like &quot;2H&quot;, &quot;9C&quot;, &quot;JS&quot;, &quot;AD&quot;&#10;    public String toString() {&#10;        String ranks = &quot;23456789TJQKA&quot;;&#10;        String suits = &quot;CDHS&quot;;&#10;        return ranks.charAt(rank) + &quot;&quot; + suits.charAt(suit);&#10;    }&#10;&#10;&#10;}" Filename="Card.java" Intrnl_Id="4"/>
<SrcFile Content="import javax.swing.JFrame;&#10;import javax.swing.JButton;&#10;import javax.swing.JLabel;&#10;import javax.swing.JPanel;&#10;import javax.swing.BoxLayout;&#10;&#10;import java.awt.event.ActionEvent;&#10;import java.awt.event.ActionListener;&#10;&#10;import java.awt.Color;&#10;&#10;import java.awt.Dimension;&#10;&#10;public class BlackJack extends JFrame implements ActionListener {&#10;    public static final int WIDTH = 400, HEIGHT = 300;&#10;&#10;    public Deck deck;&#10;    Draw draw = new Draw();&#10;    public JLabel main = draw.getJLabel();&#10;&#10;    public Player gambler = new Player(&quot;Gambler&quot;, 100,   75);&#10;    public Player dealer  = new Player(&quot;Dealer&quot;,  100,  225);&#10;&#10;    public JButton hitButton   = new JButton(&quot;Hit Me&quot;);&#10;    public JButton stickButton = new JButton(&quot;Stick&quot;);&#10;    public JButton dealButton  = new JButton(&quot;Deal&quot;);&#10;&#10;    public JLabel status = new JLabel(&quot; &quot;, JLabel.CENTER);&#10;&#10;    BlackJack() {&#10;        setTitle(&quot;Blackjack 1.0&quot;);&#10;        setResizable(false);&#10;        setDefaultCloseOperation(JFrame.EXIT_ON_CLOSE);&#10;&#10;        // hit, stick, and deal buttons&#10;        JPanel buttons = new JPanel();&#10;        buttons.add(hitButton);&#10;        buttons.add(stickButton);&#10;        buttons.add(dealButton);&#10;        hitButton.addActionListener(this);&#10;        stickButton.addActionListener(this);&#10;        dealButton.addActionListener(this);&#10;        hitButton.setEnabled(false);&#10;        stickButton.setEnabled(false);&#10;&#10;        // add the dealer, gambler, buttons, and status bar&#10;        getContentPane().setLayout(new BoxLayout(getContentPane(), BoxLayout.Y_AXIS));&#10;        getContentPane().add(main);&#10;        getContentPane().add(buttons);&#10;        getContentPane().add(status);&#10;&#10;        draw.setCanvasSize(WIDTH, HEIGHT);&#10;        draw.setXscale(0, WIDTH);&#10;        draw.setYscale(0, HEIGHT);&#10;        pack();&#10;        setVisible(true);&#10;    }&#10;&#10;&#10;    // deal one card to given player from the deck&#10;    public void hit(Player player) {&#10;        player.dealTo(deck.dealFrom());&#10;        player.draw(draw);&#10;        main.repaint();&#10;    }&#10;&#10;    // deal out two cards each, shuffling if too few cards&#10;    public void deal() {&#10;        draw.clear(Color.GRAY);&#10;        gambler.reset();&#10;        dealer.reset();&#10;        if (deck == null || deck.size() &lt; 15) {&#10;            deck = new Deck();&#10;            deck.shuffle();&#10;            status.setText(&quot;Shuffling&quot;);&#10;        }&#10;        hit(gambler);&#10;        hit(dealer);&#10;        dealer.peak().conceal();     // hide the dealer's first card&#10;        hit(gambler);&#10;        hit(dealer);&#10;    }&#10;&#10;    // who won?&#10;    public void checkWinner() {&#10;        dealer.peak().reveal();        // time to reveal dealer's card&#10;        dealer.draw(draw);&#10;        main.repaint();&#10;        if      (gambler.value() &gt;  21)             status.setText(&quot;Gambler busts&quot;);&#10;        else if (dealer.value()  &gt;  21)             status.setText(&quot;Dealer busts&quot;);&#10;        else if (gambler.value() == dealer.value()) status.setText(&quot;Push&quot;);&#10;        else if (gambler.value() &gt;  dealer.value()) status.setText(&quot;Gambler wins&quot;);&#10;        else                                        status.setText(&quot;Dealer wins&quot;);&#10;        StdOut.println(status.getText());&#10;    }&#10;&#10;    // process a button push&#10;    public void actionPerformed(ActionEvent e) {&#10;        if (e.getSource() == hitButton) {&#10;            hit(gambler);&#10;            if(gambler.value() &gt; 21) {&#10;                checkWinner();&#10;                hitButton.setEnabled(false);&#10;                stickButton.setEnabled(false);&#10;                dealButton.setEnabled(true);&#10;            }&#10;        }&#10;&#10;        if (e.getSource() == stickButton) {&#10;            while(dealer.value() &lt; 17)&#10;                hit(dealer);&#10;            checkWinner();&#10;            hitButton.setEnabled(false);&#10;            stickButton.setEnabled(false);&#10;            dealButton.setEnabled(true);&#10;        }&#10;&#10;        if (e.getSource() == dealButton) {&#10;            deal();&#10;            status.setText(&quot; &quot;);&#10;            hitButton.setEnabled(true);&#10;            stickButton.setEnabled(true);&#10;            dealButton.setEnabled(false);&#10;        }&#10;    }&#10;&#10;&#10;    // play Blackjack&#10;    public static void main(String argv[]) {&#10;        new BlackJack();&#10;    }&#10;&#10;}" Filename="BlackJack.java" Intrnl_Id="5"/>
</SrcFileList>
<CritList>
<CritListEntry Name="org.codecover.model.utils.criteria.LoopCoverage" PluginName="org.codecover"/>
<CritListEntry Name="org.codecover.model.utils.criteria.QMOCoverage" PluginName="org.codecover"/>
<CritListEntry Name="org.codecover.model.utils.criteria.ConditionCoverage" PluginName="org.codecover"/>
<CritListEntry Name="org.codecover.model.utils.criteria.BranchCoverage" PluginName="org.codecover"/>
<CritListEntry Name="org.codecover.model.utils.criteria.SynchronizedStatementCoverage" PluginName="org.codecover"/>
<CritListEntry Name="org.codecover.model.utils.criteria.StatementCoverage" PluginName="org.codecover"/>
</CritList>
<BoolOpList>
<BoolOp Arity="2" Intrnl_Id="6" Name="conditional and (&amp;&amp;)">
<BoolAssgnmntBoolMapList>
<MapEntry BoolAssgnmnt="02" Value="false"/>
<MapEntry BoolAssgnmnt="10" Value="false"/>
<MapEntry BoolAssgnmnt="11" Value="true"/>
</BoolAssgnmntBoolMapList>
</BoolOp>
<BoolOp Arity="2" Intrnl_Id="7" Name="conditional or (||)">
<BoolAssgnmntBoolMapList>
<MapEntry BoolAssgnmnt="00" Value="false"/>
<MapEntry BoolAssgnmnt="01" Value="true"/>
<MapEntry BoolAssgnmnt="12" Value="true"/>
</BoolAssgnmntBoolMapList>
</BoolOp>
<BoolOp Arity="1" Intrnl_Id="8" Name="not (!)">
<BoolAssgnmntBoolMapList>
<MapEntry BoolAssgnmnt="1" Value="false"/>
<MapEntry BoolAssgnmnt="0" Value="true"/>
</BoolAssgnmntBoolMapList>
</BoolOp>
</BoolOpList>
<HierarchyLvlTypeList>
<HierarchyLvlType EnglishName="method" IntrnlName="method" Intrnl_Id="9"/>
<HierarchyLvlType EnglishName="class" IntrnlName="class" Intrnl_Id="10"/>
<HierarchyLvlType EnglishName="default package" IntrnlName="default package" Intrnl_Id="11"/>
</HierarchyLvlTypeList>
<MASTRoot>
<HierarchyLvl HierarchyLvlId="3326" HierarchyLvlTypeId="11" Intrnl_Id="12" Name="default package">
<Header/>
<LocList/>
<HierarchyLvl HierarchyLvlId="3211" HierarchyLvlTypeId="10" Intrnl_Id="13" Name="Player">
<Header>
<Loc EndOffset="365" SrcFileId="1" StartOffset="346"/>
</Header>
<LocList>
<Loc EndOffset="1883" SrcFileId="1" StartOffset="346"/>
</LocList>
<StmntSeq Intrnl_Id="14">
<LocList>
<Loc EndOffset="405" SrcFileId="1" StartOffset="373"/>
<Loc EndOffset="505" SrcFileId="1" StartOffset="463"/>
<Loc EndOffset="548" SrcFileId="1" StartOffset="531"/>
</LocList>
<BasicStmnt CovItemId="S1" CovItemPrefix="Player.java" Intrnl_Id="15">
<LocList>
<Loc EndOffset="405" SrcFileId="1" StartOffset="373"/>
</LocList>
</BasicStmnt>
<BasicStmnt CovItemId="S2" CovItemPrefix="Player.java" Intrnl_Id="16">
<LocList>
<Loc EndOffset="505" SrcFileId="1" StartOffset="463"/>
</LocList>
</BasicStmnt>
<BasicStmnt CovItemId="S3" CovItemPrefix="Player.java" Intrnl_Id="17">
<LocList>
<Loc EndOffset="548" SrcFileId="1" StartOffset="531"/>
</LocList>
</BasicStmnt>
</StmntSeq>
<HierarchyLvl HierarchyLvlId="3204" HierarchyLvlTypeId="9" Intrnl_Id="18" Name="Player">
<Header>
<Loc EndOffset="793" SrcFileId="1" StartOffset="753"/>
</Header>
<LocList>
<Loc EndOffset="867" SrcFileId="1" StartOffset="753"/>
</LocList>
<StmntSeq Intrnl_Id="19">
<LocList>
<Loc EndOffset="821" SrcFileId="1" StartOffset="804"/>
<Loc EndOffset="841" SrcFileId="1" StartOffset="830"/>
<Loc EndOffset="861" SrcFileId="1" StartOffset="850"/>
</LocList>
<BasicStmnt CovItemId="S4" CovItemPrefix="Player.java" Intrnl_Id="20">
<LocList>
<Loc EndOffset="821" SrcFileId="1" StartOffset="804"/>
</LocList>
</BasicStmnt>
<BasicStmnt CovItemId="S5" CovItemPrefix="Player.java" Intrnl_Id="21">
<LocList>
<Loc EndOffset="841" SrcFileId="1" StartOffset="830"/>
</LocList>
</BasicStmnt>
<BasicStmnt CovItemId="S6" CovItemPrefix="Player.java" Intrnl_Id="22">
<LocList>
<Loc EndOffset="861" SrcFileId="1" StartOffset="850"/>
</LocList>
</BasicStmnt>
</StmntSeq>
</HierarchyLvl>
<HierarchyLvl HierarchyLvlId="3205" HierarchyLvlTypeId="9" Intrnl_Id="23" Name="peak">
<Header>
<Loc EndOffset="891" SrcFileId="1" StartOffset="873"/>
</Header>
<LocList>
<Loc EndOffset="922" SrcFileId="1" StartOffset="873"/>
</LocList>
<StmntSeq Intrnl_Id="24">
<LocList>
<Loc EndOffset="918" SrcFileId="1" StartOffset="902"/>
</LocList>
<BasicStmnt CovItemId="S7" CovItemPrefix="Player.java" Intrnl_Id="25">
<LocList>
<Loc EndOffset="918" SrcFileId="1" StartOffset="902"/>
</LocList>
</BasicStmnt>
</StmntSeq>
</HierarchyLvl>
<HierarchyLvl HierarchyLvlId="3206" HierarchyLvlTypeId="9" Intrnl_Id="26" Name="dealTo">
<Header>
<Loc EndOffset="977" SrcFileId="1" StartOffset="951"/>
</Header>
<LocList>
<Loc EndOffset="1000" SrcFileId="1" StartOffset="951"/>
</LocList>
<StmntSeq Intrnl_Id="27">
<LocList>
<Loc EndOffset="995" SrcFileId="1" StartOffset="980"/>
</LocList>
<BasicStmnt CovItemId="S8" CovItemPrefix="Player.java" Intrnl_Id="28">
<LocList>
<Loc EndOffset="995" SrcFileId="1" StartOffset="980"/>
</LocList>
</BasicStmnt>
</StmntSeq>
</HierarchyLvl>
<HierarchyLvl HierarchyLvlId="3207" HierarchyLvlTypeId="9" Intrnl_Id="29" Name="reset">
<Header>
<Loc EndOffset="1042" SrcFileId="1" StartOffset="1023"/>
</Header>
<LocList>
<Loc EndOffset="1072" SrcFileId="1" StartOffset="1023"/>
</LocList>
<StmntSeq Intrnl_Id="30">
<LocList>
<Loc EndOffset="1058" SrcFileId="1" StartOffset="1052"/>
</LocList>
<BasicStmnt CovItemId="S9" CovItemPrefix="Player.java" Intrnl_Id="31">
<LocList>
<Loc EndOffset="1058" SrcFileId="1" StartOffset="1052"/>
</LocList>
</BasicStmnt>
</StmntSeq>
</HierarchyLvl>
<HierarchyLvl HierarchyLvlId="3208" HierarchyLvlTypeId="9" Intrnl_Id="32" Name="value">
<Header>
<Loc EndOffset="1159" SrcFileId="1" StartOffset="1141"/>
</Header>
<LocList>
<Loc EndOffset="1462" SrcFileId="1" StartOffset="1141"/>
</LocList>
<StmntSeq Intrnl_Id="33">
<LocList>
<Loc EndOffset="1182" SrcFileId="1" StartOffset="1170"/>
<Loc EndOffset="1214" SrcFileId="1" StartOffset="1191"/>
<Loc EndOffset="1352" SrcFileId="1" StartOffset="1223"/>
<Loc EndOffset="1403" SrcFileId="1" StartOffset="1361"/>
<Loc EndOffset="1456" SrcFileId="1" StartOffset="1445"/>
</LocList>
<BasicStmnt CovItemId="S10" CovItemPrefix="Player.java" Intrnl_Id="34">
<LocList>
<Loc EndOffset="1182" SrcFileId="1" StartOffset="1170"/>
</LocList>
</BasicStmnt>
<BasicStmnt CovItemId="S11" CovItemPrefix="Player.java" Intrnl_Id="35">
<LocList>
<Loc EndOffset="1214" SrcFileId="1" StartOffset="1191"/>
</LocList>
</BasicStmnt>
<LoopStmnt CovItemId="S12" CovItemPrefix="Player.java" Intrnl_Id="36" MltplExecId="L1-2" MltplExecPrefix="Player.java" NvrExecId="L1-0" NvrExecPrefix="Player.java" OnceExecutedId="L1-1" OnceExecutedPrefix="Player.java" OptBodyExec="true">
<StmntSeq Intrnl_Id="37">
<LocList>
<Loc EndOffset="1293" SrcFileId="1" StartOffset="1265"/>
<Loc EndOffset="1342" SrcFileId="1" StartOffset="1306"/>
</LocList>
<BasicStmnt CovItemId="S13" CovItemPrefix="Player.java" Intrnl_Id="38">
<LocList>
<Loc EndOffset="1293" SrcFileId="1" StartOffset="1265"/>
</LocList>
</BasicStmnt>
<CondStmnt CovItemId="S14" CovItemPrefix="Player.java" Intrnl_Id="39">
<Branch CovItemId="B1" CovItemPrefix="Player.java" Implct="false" Intrnl_Id="40">
<Cond/>
<LocList>
<Loc EndOffset="1342" SrcFileId="1" StartOffset="1328"/>
</LocList>
<StmntSeq Intrnl_Id="41">
<LocList>
<Loc EndOffset="1342" SrcFileId="1" StartOffset="1328"/>
</LocList>
<BasicStmnt CovItemId="S15" CovItemPrefix="Player.java" Intrnl_Id="42">
<LocList>
<Loc EndOffset="1342" SrcFileId="1" StartOffset="1328"/>
</LocList>
</BasicStmnt>
</StmntSeq>
</Branch>
<Branch CovItemId="B2" CovItemPrefix="Player.java" Implct="true" Intrnl_Id="43">
<Cond/>
<LocList/>
<StmntSeq Intrnl_Id="44">
<LocList/>
</StmntSeq>
</Branch>
<Keyword EndOffset="1308" SrcFileId="1" StartOffset="1306"/>
<LocList>
<Loc EndOffset="1342" SrcFileId="1" StartOffset="1306"/>
</LocList>
<RootTerm CovItemId="C2" CovItemPrefix="Player.java" Intrnl_Id="45">
<BasicBoolTerm Intrnl_Id="46">
<LocList>
<Loc EndOffset="1326" SrcFileId="1" StartOffset="1310"/>
</LocList>
</BasicBoolTerm>
</RootTerm>
</CondStmnt>
</StmntSeq>
<Keyword EndOffset="1226" SrcFileId="1" StartOffset="1223"/>
<LocList>
<Loc EndOffset="1352" SrcFileId="1" StartOffset="1223"/>
</LocList>
<RootTerm CovItemId="C1" CovItemPrefix="Player.java" Intrnl_Id="47">
<BasicBoolTerm Intrnl_Id="48">
<LocList>
<Loc EndOffset="1244" SrcFileId="1" StartOffset="1239"/>
</LocList>
</BasicBoolTerm>
</RootTerm>
</LoopStmnt>
<CondStmnt CovItemId="S16" CovItemPrefix="Player.java" Intrnl_Id="49">
<Branch CovItemId="B3" CovItemPrefix="Player.java" Implct="false" Intrnl_Id="50">
<Cond/>
<LocList>
<Loc EndOffset="1403" SrcFileId="1" StartOffset="1388"/>
</LocList>
<StmntSeq Intrnl_Id="51">
<LocList>
<Loc EndOffset="1403" SrcFileId="1" StartOffset="1388"/>
</LocList>
<BasicStmnt CovItemId="S17" CovItemPrefix="Player.java" Intrnl_Id="52">
<LocList>
<Loc EndOffset="1403" SrcFileId="1" StartOffset="1388"/>
</LocList>
</BasicStmnt>
</StmntSeq>
</Branch>
<Branch CovItemId="B4" CovItemPrefix="Player.java" Implct="true" Intrnl_Id="53">
<Cond/>
<LocList/>
<StmntSeq Intrnl_Id="54">
<LocList/>
</StmntSeq>
</Branch>
<Keyword EndOffset="1363" SrcFileId="1" StartOffset="1361"/>
<LocList>
<Loc EndOffset="1403" SrcFileId="1" StartOffset="1361"/>
</LocList>
<RootTerm CovItemId="C3" CovItemPrefix="Player.java" Intrnl_Id="55">
<OpTerm BooleanOpId="6" Intrnl_Id="56">
<BasicBoolTerm Intrnl_Id="57">
<LocList>
<Loc EndOffset="1371" SrcFileId="1" StartOffset="1365"/>
</LocList>
</BasicBoolTerm>
<BasicBoolTerm Intrnl_Id="58">
<LocList>
<Loc EndOffset="1385" SrcFileId="1" StartOffset="1376"/>
</LocList>
</BasicBoolTerm>
<LocList>
<Loc EndOffset="1374" SrcFileId="1" StartOffset="1372"/>
</LocList>
</OpTerm>
</RootTerm>
</CondStmnt>
<BasicStmnt CovItemId="S18" CovItemPrefix="Player.java" Intrnl_Id="59">
<LocList>
<Loc EndOffset="1456" SrcFileId="1" StartOffset="1445"/>
</LocList>
</BasicStmnt>
</StmntSeq>
</HierarchyLvl>
<HierarchyLvl HierarchyLvlId="3209" HierarchyLvlTypeId="9" Intrnl_Id="60" Name="draw">
<Header>
<Loc EndOffset="1561" SrcFileId="1" StartOffset="1537"/>
</Header>
<LocList>
<Loc EndOffset="1648" SrcFileId="1" StartOffset="1537"/>
</LocList>
<StmntSeq Intrnl_Id="61">
<LocList>
<Loc EndOffset="1642" SrcFileId="1" StartOffset="1572"/>
</LocList>
<LoopStmnt CovItemId="S19" CovItemPrefix="Player.java" Intrnl_Id="62" MltplExecId="L2-2" MltplExecPrefix="Player.java" NvrExecId="L2-0" NvrExecPrefix="Player.java" OnceExecutedId="L2-1" OnceExecutedPrefix="Player.java" OptBodyExec="true">
<StmntSeq Intrnl_Id="63">
<LocList>
<Loc EndOffset="1642" SrcFileId="1" StartOffset="1612"/>
</LocList>
<BasicStmnt CovItemId="S20" CovItemPrefix="Player.java" Intrnl_Id="64">
<LocList>
<Loc EndOffset="1642" SrcFileId="1" StartOffset="1612"/>
</LocList>
</BasicStmnt>
</StmntSeq>
<Keyword EndOffset="1575" SrcFileId="1" StartOffset="1572"/>
<LocList>
<Loc EndOffset="1642" SrcFileId="1" StartOffset="1572"/>
</LocList>
<RootTerm CovItemId="C4" CovItemPrefix="Player.java" Intrnl_Id="65">
<BasicBoolTerm Intrnl_Id="66">
<LocList>
<Loc EndOffset="1593" SrcFileId="1" StartOffset="1588"/>
</LocList>
</BasicBoolTerm>
</RootTerm>
</LoopStmnt>
</StmntSeq>
</HierarchyLvl>
<HierarchyLvl HierarchyLvlId="3210" HierarchyLvlTypeId="9" Intrnl_Id="67" Name="toString">
<Header>
<Loc EndOffset="1734" SrcFileId="1" StartOffset="1710"/>
</Header>
<LocList>
<Loc EndOffset="1880" SrcFileId="1" StartOffset="1710"/>
</LocList>
<StmntSeq Intrnl_Id="68">
<LocList>
<Loc EndOffset="1787" SrcFileId="1" StartOffset="1745"/>
<Loc EndOffset="1856" SrcFileId="1" StartOffset="1796"/>
<Loc EndOffset="1874" SrcFileId="1" StartOffset="1865"/>
</LocList>
<BasicStmnt CovItemId="S21" CovItemPrefix="Player.java" Intrnl_Id="69">
<LocList>
<Loc EndOffset="1787" SrcFileId="1" StartOffset="1745"/>
</LocList>
</BasicStmnt>
<LoopStmnt CovItemId="S22" CovItemPrefix="Player.java" Intrnl_Id="70" MltplExecId="L3-2" MltplExecPrefix="Player.java" NvrExecId="L3-0" NvrExecPrefix="Player.java" OnceExecutedId="L3-1" OnceExecutedPrefix="Player.java" OptBodyExec="true">
<StmntSeq Intrnl_Id="71">
<LocList>
<Loc EndOffset="1856" SrcFileId="1" StartOffset="1836"/>
</LocList>
<BasicStmnt CovItemId="S23" CovItemPrefix="Player.java" Intrnl_Id="72">
<LocList>
<Loc EndOffset="1856" SrcFileId="1" StartOffset="1836"/>
</LocList>
</BasicStmnt>
</StmntSeq>
<Keyword EndOffset="1799" SrcFileId="1" StartOffset="1796"/>
<LocList>
<Loc EndOffset="1856" SrcFileId="1" StartOffset="1796"/>
</LocList>
<RootTerm CovItemId="C5" CovItemPrefix="Player.java" Intrnl_Id="73">
<BasicBoolTerm Intrnl_Id="74">
<LocList>
<Loc EndOffset="1817" SrcFileId="1" StartOffset="1812"/>
</LocList>
</BasicBoolTerm>
</RootTerm>
</LoopStmnt>
<BasicStmnt CovItemId="S24" CovItemPrefix="Player.java" Intrnl_Id="75">
<LocList>
<Loc EndOffset="1874" SrcFileId="1" StartOffset="1865"/>
</LocList>
</BasicStmnt>
</StmntSeq>
</HierarchyLvl>
</HierarchyLvl>
<HierarchyLvl HierarchyLvlId="3302" HierarchyLvlTypeId="10" Intrnl_Id="76" Name="Draw">
<Header>
<Loc EndOffset="2986" SrcFileId="2" StartOffset="2888"/>
</Header>
<LocList>
<Loc EndOffset="57134" SrcFileId="2" StartOffset="2888"/>
<Loc EndOffset="59159" SrcFileId="2" StartOffset="58161"/>
</LocList>
<StmntSeq Intrnl_Id="77">
<LocList>
<Loc EndOffset="3081" SrcFileId="2" StartOffset="3035"/>
<Loc EndOffset="3171" SrcFileId="2" StartOffset="3127"/>
<Loc EndOffset="3261" SrcFileId="2" StartOffset="3217"/>
<Loc EndOffset="3366" SrcFileId="2" StartOffset="3312"/>
<Loc EndOffset="3456" SrcFileId="2" StartOffset="3412"/>
<Loc EndOffset="3550" SrcFileId="2" StartOffset="3503"/>
<Loc EndOffset="3658" SrcFileId="2" StartOffset="3602"/>
<Loc EndOffset="3757" SrcFileId="2" StartOffset="3707"/>
<Loc EndOffset="3853" SrcFileId="2" StartOffset="3805"/>
<Loc EndOffset="3943" SrcFileId="2" StartOffset="3899"/>
<Loc EndOffset="4030" SrcFileId="2" StartOffset="3988"/>
<Loc EndOffset="4123" SrcFileId="2" StartOffset="4077"/>
<Loc EndOffset="4219" SrcFileId="2" StartOffset="4171"/>
<Loc EndOffset="4441" SrcFileId="2" StartOffset="4381"/>
<Loc EndOffset="4661" SrcFileId="2" StartOffset="4592"/>
<Loc EndOffset="4885" SrcFileId="2" StartOffset="4825"/>
<Loc EndOffset="5100" SrcFileId="2" StartOffset="5031"/>
<Loc EndOffset="5182" SrcFileId="2" StartOffset="5128"/>
<Loc EndOffset="5241" SrcFileId="2" StartOffset="5187"/>
<Loc EndOffset="5332" SrcFileId="2" StartOffset="5292"/>
<Loc EndOffset="5383" SrcFileId="2" StartOffset="5337"/>
<Loc EndOffset="5434" SrcFileId="2" StartOffset="5388"/>
<Loc EndOffset="5485" SrcFileId="2" StartOffset="5439"/>
<Loc EndOffset="5536" SrcFileId="2" StartOffset="5490"/>
<Loc EndOffset="5628" SrcFileId="2" StartOffset="5585"/>
<Loc EndOffset="5714" SrcFileId="2" StartOffset="5660"/>
<Loc EndOffset="5818" SrcFileId="2" StartOffset="5740"/>
<Loc EndOffset="5929" SrcFileId="2" StartOffset="5896"/>
<Loc EndOffset="5967" SrcFileId="2" StartOffset="5934"/>
<Loc EndOffset="6115" SrcFileId="2" StartOffset="6086"/>
<Loc EndOffset="6214" SrcFileId="2" StartOffset="6186"/>
<Loc EndOffset="6292" SrcFileId="2" StartOffset="6247"/>
<Loc EndOffset="6340" SrcFileId="2" StartOffset="6297"/>
<Loc EndOffset="6654" SrcFileId="2" StartOffset="6619"/>
<Loc EndOffset="6717" SrcFileId="2" StartOffset="6679"/>
<Loc EndOffset="6747" SrcFileId="2" StartOffset="6722"/>
<Loc EndOffset="6777" SrcFileId="2" StartOffset="6752"/>
<Loc EndOffset="6880" SrcFileId="2" StartOffset="6805"/>
<Loc EndOffset="6949" SrcFileId="2" StartOffset="6885"/>
<Loc EndOffset="7063" SrcFileId="2" StartOffset="6984"/>
</LocList>
<BasicStmnt CovItemId="S1" CovItemPrefix="Draw.java" Intrnl_Id="78">
<LocList>
<Loc EndOffset="3081" SrcFileId="2" StartOffset="3035"/>
</LocList>
</BasicStmnt>
<BasicStmnt CovItemId="S2" CovItemPrefix="Draw.java" Intrnl_Id="79">
<LocList>
<Loc EndOffset="3171" SrcFileId="2" StartOffset="3127"/>
</LocList>
</BasicStmnt>
<BasicStmnt CovItemId="S3" CovItemPrefix="Draw.java" Intrnl_Id="80">
<LocList>
<Loc EndOffset="3261" SrcFileId="2" StartOffset="3217"/>
</LocList>
</BasicStmnt>
<BasicStmnt CovItemId="S4" CovItemPrefix="Draw.java" Intrnl_Id="81">
<LocList>
<Loc EndOffset="3366" SrcFileId="2" StartOffset="3312"/>
</LocList>
</BasicStmnt>
<BasicStmnt CovItemId="S5" CovItemPrefix="Draw.java" Intrnl_Id="82">
<LocList>
<Loc EndOffset="3456" SrcFileId="2" StartOffset="3412"/>
</LocList>
</BasicStmnt>
<BasicStmnt CovItemId="S6" CovItemPrefix="Draw.java" Intrnl_Id="83">
<LocList>
<Loc EndOffset="3550" SrcFileId="2" StartOffset="3503"/>
</LocList>
</BasicStmnt>
<BasicStmnt CovItemId="S7" CovItemPrefix="Draw.java" Intrnl_Id="84">
<LocList>
<Loc EndOffset="3658" SrcFileId="2" StartOffset="3602"/>
</LocList>
</BasicStmnt>
<BasicStmnt CovItemId="S8" CovItemPrefix="Draw.java" Intrnl_Id="85">
<LocList>
<Loc EndOffset="3757" SrcFileId="2" StartOffset="3707"/>
</LocList>
</BasicStmnt>
<BasicStmnt CovItemId="S9" CovItemPrefix="Draw.java" Intrnl_Id="86">
<LocList>
<Loc EndOffset="3853" SrcFileId="2" StartOffset="3805"/>
</LocList>
</BasicStmnt>
<BasicStmnt CovItemId="S10" CovItemPrefix="Draw.java" Intrnl_Id="87">
<LocList>
<Loc EndOffset="3943" SrcFileId="2" StartOffset="3899"/>
</LocList>
</BasicStmnt>
<BasicStmnt CovItemId="S11" CovItemPrefix="Draw.java" Intrnl_Id="88">
<LocList>
<Loc EndOffset="4030" SrcFileId="2" StartOffset="3988"/>
</LocList>
</BasicStmnt>
<BasicStmnt CovItemId="S12" CovItemPrefix="Draw.java" Intrnl_Id="89">
<LocList>
<Loc EndOffset="4123" SrcFileId="2" StartOffset="4077"/>
</LocList>
</BasicStmnt>
<BasicStmnt CovItemId="S13" CovItemPrefix="Draw.java" Intrnl_Id="90">
<LocList>
<Loc EndOffset="4219" SrcFileId="2" StartOffset="4171"/>
</LocList>
</BasicStmnt>
<BasicStmnt CovItemId="S14" CovItemPrefix="Draw.java" Intrnl_Id="91">
<LocList>
<Loc EndOffset="4441" SrcFileId="2" StartOffset="4381"/>
</LocList>
</BasicStmnt>
<BasicStmnt CovItemId="S15" CovItemPrefix="Draw.java" Intrnl_Id="92">
<LocList>
<Loc EndOffset="4661" SrcFileId="2" StartOffset="4592"/>
</LocList>
</BasicStmnt>
<BasicStmnt CovItemId="S16" CovItemPrefix="Draw.java" Intrnl_Id="93">
<LocList>
<Loc EndOffset="4885" SrcFileId="2" StartOffset="4825"/>
</LocList>
</BasicStmnt>
<BasicStmnt CovItemId="S17" CovItemPrefix="Draw.java" Intrnl_Id="94">
<LocList>
<Loc EndOffset="5100" SrcFileId="2" StartOffset="5031"/>
</LocList>
</BasicStmnt>
<BasicStmnt CovItemId="S18" CovItemPrefix="Draw.java" Intrnl_Id="95">
<LocList>
<Loc EndOffset="5182" SrcFileId="2" StartOffset="5128"/>
</LocList>
</BasicStmnt>
<BasicStmnt CovItemId="S19" CovItemPrefix="Draw.java" Intrnl_Id="96">
<LocList>
<Loc EndOffset="5241" SrcFileId="2" StartOffset="5187"/>
</LocList>
</BasicStmnt>
<BasicStmnt CovItemId="S20" CovItemPrefix="Draw.java" Intrnl_Id="97">
<LocList>
<Loc EndOffset="5332" SrcFileId="2" StartOffset="5292"/>
</LocList>
</BasicStmnt>
<BasicStmnt CovItemId="S21" CovItemPrefix="Draw.java" Intrnl_Id="98">
<LocList>
<Loc EndOffset="5383" SrcFileId="2" StartOffset="5337"/>
</LocList>
</BasicStmnt>
<BasicStmnt CovItemId="S22" CovItemPrefix="Draw.java" Intrnl_Id="99">
<LocList>
<Loc EndOffset="5434" SrcFileId="2" StartOffset="5388"/>
</LocList>
</BasicStmnt>
<BasicStmnt CovItemId="S23" CovItemPrefix="Draw.java" Intrnl_Id="100">
<LocList>
<Loc EndOffset="5485" SrcFileId="2" StartOffset="5439"/>
</LocList>
</BasicStmnt>
<BasicStmnt CovItemId="S24" CovItemPrefix="Draw.java" Intrnl_Id="101">
<LocList>
<Loc EndOffset="5536" SrcFileId="2" StartOffset="5490"/>
</LocList>
</BasicStmnt>
<BasicStmnt CovItemId="S25" CovItemPrefix="Draw.java" Intrnl_Id="102">
<LocList>
<Loc EndOffset="5628" SrcFileId="2" StartOffset="5585"/>
</LocList>
</BasicStmnt>
<BasicStmnt CovItemId="S26" CovItemPrefix="Draw.java" Intrnl_Id="103">
<LocList>
<Loc EndOffset="5714" SrcFileId="2" StartOffset="5660"/>
</LocList>
</BasicStmnt>
<BasicStmnt CovItemId="S27" CovItemPrefix="Draw.java" Intrnl_Id="104">
<LocList>
<Loc EndOffset="5818" SrcFileId="2" StartOffset="5740"/>
</LocList>
</BasicStmnt>
<BasicStmnt CovItemId="S28" CovItemPrefix="Draw.java" Intrnl_Id="105">
<LocList>
<Loc EndOffset="5929" SrcFileId="2" StartOffset="5896"/>
</LocList>
</BasicStmnt>
<BasicStmnt CovItemId="S29" CovItemPrefix="Draw.java" Intrnl_Id="106">
<LocList>
<Loc EndOffset="5967" SrcFileId="2" StartOffset="5934"/>
</LocList>
</BasicStmnt>
<BasicStmnt CovItemId="S30" CovItemPrefix="Draw.java" Intrnl_Id="107">
<LocList>
<Loc EndOffset="6115" SrcFileId="2" StartOffset="6086"/>
</LocList>
</BasicStmnt>
<BasicStmnt CovItemId="S31" CovItemPrefix="Draw.java" Intrnl_Id="108">
<LocList>
<Loc EndOffset="6214" SrcFileId="2" StartOffset="6186"/>
</LocList>
</BasicStmnt>
<BasicStmnt CovItemId="S32" CovItemPrefix="Draw.java" Intrnl_Id="109">
<LocList>
<Loc EndOffset="6292" SrcFileId="2" StartOffset="6247"/>
</LocList>
</BasicStmnt>
<BasicStmnt CovItemId="S33" CovItemPrefix="Draw.java" Intrnl_Id="110">
<LocList>
<Loc EndOffset="6340" SrcFileId="2" StartOffset="6297"/>
</LocList>
</BasicStmnt>
<BasicStmnt CovItemId="S34" CovItemPrefix="Draw.java" Intrnl_Id="111">
<LocList>
<Loc EndOffset="6654" SrcFileId="2" StartOffset="6619"/>
</LocList>
</BasicStmnt>
<BasicStmnt CovItemId="S35" CovItemPrefix="Draw.java" Intrnl_Id="112">
<LocList>
<Loc EndOffset="6717" SrcFileId="2" StartOffset="6679"/>
</LocList>
</BasicStmnt>
<BasicStmnt CovItemId="S36" CovItemPrefix="Draw.java" Intrnl_Id="113">
<LocList>
<Loc EndOffset="6747" SrcFileId="2" StartOffset="6722"/>
</LocList>
</BasicStmnt>
<BasicStmnt CovItemId="S37" CovItemPrefix="Draw.java" Intrnl_Id="114">
<LocList>
<Loc EndOffset="6777" SrcFileId="2" StartOffset="6752"/>
</LocList>
</BasicStmnt>
<BasicStmnt CovItemId="S38" CovItemPrefix="Draw.java" Intrnl_Id="115">
<LocList>
<Loc EndOffset="6880" SrcFileId="2" StartOffset="6805"/>
</LocList>
</BasicStmnt>
<BasicStmnt CovItemId="S39" CovItemPrefix="Draw.java" Intrnl_Id="116">
<LocList>
<Loc EndOffset="6949" SrcFileId="2" StartOffset="6885"/>
</LocList>
</BasicStmnt>
<BasicStmnt CovItemId="S40" CovItemPrefix="Draw.java" Intrnl_Id="117">
<LocList>
<Loc EndOffset="7063" SrcFileId="2" StartOffset="6984"/>
</LocList>
</BasicStmnt>
</StmntSeq>
<HierarchyLvl HierarchyLvlId="3212" HierarchyLvlTypeId="9" Intrnl_Id="118" Name="Draw">
<Header>
<Loc EndOffset="7233" SrcFileId="2" StartOffset="7209"/>
</Header>
<LocList>
<Loc EndOffset="7283" SrcFileId="2" StartOffset="7209"/>
</LocList>
<StmntSeq Intrnl_Id="119">
<LocList>
<Loc EndOffset="7261" SrcFileId="2" StartOffset="7244"/>
<Loc EndOffset="7277" SrcFileId="2" StartOffset="7270"/>
</LocList>
<BasicStmnt CovItemId="S41" CovItemPrefix="Draw.java" Intrnl_Id="120">
<LocList>
<Loc EndOffset="7261" SrcFileId="2" StartOffset="7244"/>
</LocList>
</BasicStmnt>
<BasicStmnt CovItemId="S42" CovItemPrefix="Draw.java" Intrnl_Id="121">
<LocList>
<Loc EndOffset="7277" SrcFileId="2" StartOffset="7270"/>
</LocList>
</BasicStmnt>
</StmntSeq>
</HierarchyLvl>
<HierarchyLvl HierarchyLvlId="3213" HierarchyLvlTypeId="9" Intrnl_Id="122" Name="Draw">
<Header>
<Loc EndOffset="7362" SrcFileId="2" StartOffset="7349"/>
</Header>
<LocList>
<Loc EndOffset="7386" SrcFileId="2" StartOffset="7349"/>
</LocList>
<StmntSeq Intrnl_Id="123">
<LocList>
<Loc EndOffset="7380" SrcFileId="2" StartOffset="7373"/>
</LocList>
<BasicStmnt CovItemId="S43" CovItemPrefix="Draw.java" Intrnl_Id="124">
<LocList>
<Loc EndOffset="7380" SrcFileId="2" StartOffset="7373"/>
</LocList>
</BasicStmnt>
</StmntSeq>
</HierarchyLvl>
<HierarchyLvl HierarchyLvlId="3214" HierarchyLvlTypeId="9" Intrnl_Id="125" Name="init">
<Header>
<Loc EndOffset="7410" SrcFileId="2" StartOffset="7392"/>
</Header>
<LocList>
<Loc EndOffset="9218" SrcFileId="2" StartOffset="7392"/>
</LocList>
<StmntSeq Intrnl_Id="126">
<LocList>
<Loc EndOffset="7464" SrcFileId="2" StartOffset="7421"/>
<Loc EndOffset="7494" SrcFileId="2" StartOffset="7473"/>
<Loc EndOffset="7586" SrcFileId="2" StartOffset="7503"/>
<Loc EndOffset="7678" SrcFileId="2" StartOffset="7595"/>
<Loc EndOffset="7731" SrcFileId="2" StartOffset="7687"/>
<Loc EndOffset="7783" SrcFileId="2" StartOffset="7740"/>
<Loc EndOffset="7818" SrcFileId="2" StartOffset="7792"/>
<Loc EndOffset="7871" SrcFileId="2" StartOffset="7859"/>
<Loc EndOffset="7892" SrcFileId="2" StartOffset="7880"/>
<Loc EndOffset="7941" SrcFileId="2" StartOffset="7901"/>
<Loc EndOffset="7990" SrcFileId="2" StartOffset="7950"/>
<Loc EndOffset="8013" SrcFileId="2" StartOffset="7999"/>
<Loc EndOffset="8037" SrcFileId="2" StartOffset="8022"/>
<Loc EndOffset="8056" SrcFileId="2" StartOffset="8046"/>
<Loc EndOffset="8073" SrcFileId="2" StartOffset="8065"/>
<Loc EndOffset="8271" SrcFileId="2" StartOffset="8111"/>
<Loc EndOffset="8357" SrcFileId="2" StartOffset="8280"/>
<Loc EndOffset="8401" SrcFileId="2" StartOffset="8366"/>
<Loc EndOffset="8492" SrcFileId="2" StartOffset="8434"/>
<Loc EndOffset="8525" SrcFileId="2" StartOffset="8501"/>
<Loc EndOffset="8563" SrcFileId="2" StartOffset="8535"/>
<Loc EndOffset="8606" SrcFileId="2" StartOffset="8572"/>
<Loc EndOffset="8643" SrcFileId="2" StartOffset="8616"/>
<Loc EndOffset="8679" SrcFileId="2" StartOffset="8652"/>
<Loc EndOffset="8753" SrcFileId="2" StartOffset="8727"/>
<Loc EndOffset="8916" SrcFileId="2" StartOffset="8860"/>
<Loc EndOffset="9002" SrcFileId="2" StartOffset="8960"/>
<Loc EndOffset="9076" SrcFileId="2" StartOffset="9055"/>
<Loc EndOffset="9120" SrcFileId="2" StartOffset="9085"/>
<Loc EndOffset="9142" SrcFileId="2" StartOffset="9129"/>
<Loc EndOffset="9180" SrcFileId="2" StartOffset="9151"/>
<Loc EndOffset="9212" SrcFileId="2" StartOffset="9189"/>
</LocList>
<CondStmnt CovItemId="S44" CovItemPrefix="Draw.java" Intrnl_Id="127">
<Branch CovItemId="B1" CovItemPrefix="Draw.java" Implct="false" Intrnl_Id="128">
<Cond/>
<LocList>
<Loc EndOffset="7464" SrcFileId="2" StartOffset="7440"/>
</LocList>
<StmntSeq Intrnl_Id="129">
<LocList>
<Loc EndOffset="7464" SrcFileId="2" StartOffset="7440"/>
</LocList>
<BasicStmnt CovItemId="S45" CovItemPrefix="Draw.java" Intrnl_Id="130">
<LocList>
<Loc EndOffset="7464" SrcFileId="2" StartOffset="7440"/>
</LocList>
</BasicStmnt>
</StmntSeq>
</Branch>
<Branch CovItemId="B2" CovItemPrefix="Draw.java" Implct="true" Intrnl_Id="131">
<Cond/>
<LocList/>
<StmntSeq Intrnl_Id="132">
<LocList/>
</StmntSeq>
</Branch>
<Keyword EndOffset="7423" SrcFileId="2" StartOffset="7421"/>
<LocList>
<Loc EndOffset="7464" SrcFileId="2" StartOffset="7421"/>
</LocList>
<RootTerm CovItemId="C1" CovItemPrefix="Draw.java" Intrnl_Id="133">
<BasicBoolTerm Intrnl_Id="134">
<LocList>
<Loc EndOffset="7438" SrcFileId="2" StartOffset="7425"/>
</LocList>
</BasicBoolTerm>
</RootTerm>
</CondStmnt>
<BasicStmnt CovItemId="S46" CovItemPrefix="Draw.java" Intrnl_Id="135">
<LocList>
<Loc EndOffset="7494" SrcFileId="2" StartOffset="7473"/>
</LocList>
</BasicStmnt>
<BasicStmnt CovItemId="S47" CovItemPrefix="Draw.java" Intrnl_Id="136">
<LocList>
<Loc EndOffset="7586" SrcFileId="2" StartOffset="7503"/>
</LocList>
</BasicStmnt>
<BasicStmnt CovItemId="S48" CovItemPrefix="Draw.java" Intrnl_Id="137">
<LocList>
<Loc EndOffset="7678" SrcFileId="2" StartOffset="7595"/>
</LocList>
</BasicStmnt>
<BasicStmnt CovItemId="S49" CovItemPrefix="Draw.java" Intrnl_Id="138">
<LocList>
<Loc EndOffset="7731" SrcFileId="2" StartOffset="7687"/>
</LocList>
</BasicStmnt>
<BasicStmnt CovItemId="S50" CovItemPrefix="Draw.java" Intrnl_Id="139">
<LocList>
<Loc EndOffset="7783" SrcFileId="2" StartOffset="7740"/>
</LocList>
</BasicStmnt>
<BasicStmnt CovItemId="S51" CovItemPrefix="Draw.java" Intrnl_Id="140">
<LocList>
<Loc EndOffset="7818" SrcFileId="2" StartOffset="7792"/>
</LocList>
</BasicStmnt>
<BasicStmnt CovItemId="S52" CovItemPrefix="Draw.java" Intrnl_Id="141">
<LocList>
<Loc EndOffset="7871" SrcFileId="2" StartOffset="7859"/>
</LocList>
</BasicStmnt>
<BasicStmnt CovItemId="S53" CovItemPrefix="Draw.java" Intrnl_Id="142">
<LocList>
<Loc EndOffset="7892" SrcFileId="2" StartOffset="7880"/>
</LocList>
</BasicStmnt>
<BasicStmnt CovItemId="S54" CovItemPrefix="Draw.java" Intrnl_Id="143">
<LocList>
<Loc EndOffset="7941" SrcFileId="2" StartOffset="7901"/>
</LocList>
</BasicStmnt>
<BasicStmnt CovItemId="S55" CovItemPrefix="Draw.java" Intrnl_Id="144">
<LocList>
<Loc EndOffset="7990" SrcFileId="2" StartOffset="7950"/>
</LocList>
</BasicStmnt>
<BasicStmnt CovItemId="S56" CovItemPrefix="Draw.java" Intrnl_Id="145">
<LocList>
<Loc EndOffset="8013" SrcFileId="2" StartOffset="7999"/>
</LocList>
</BasicStmnt>
<BasicStmnt CovItemId="S57" CovItemPrefix="Draw.java" Intrnl_Id="146">
<LocList>
<Loc EndOffset="8037" SrcFileId="2" StartOffset="8022"/>
</LocList>
</BasicStmnt>
<BasicStmnt CovItemId="S58" CovItemPrefix="Draw.java" Intrnl_Id="147">
<LocList>
<Loc EndOffset="8056" SrcFileId="2" StartOffset="8046"/>
</LocList>
</BasicStmnt>
<BasicStmnt CovItemId="S59" CovItemPrefix="Draw.java" Intrnl_Id="148">
<LocList>
<Loc EndOffset="8073" SrcFileId="2" StartOffset="8065"/>
</LocList>
</BasicStmnt>
<BasicStmnt CovItemId="S60" CovItemPrefix="Draw.java" Intrnl_Id="149">
<LocList>
<Loc EndOffset="8271" SrcFileId="2" StartOffset="8111"/>
</LocList>
</BasicStmnt>
<BasicStmnt CovItemId="S61" CovItemPrefix="Draw.java" Intrnl_Id="150">
<LocList>
<Loc EndOffset="8357" SrcFileId="2" StartOffset="8280"/>
</LocList>
</BasicStmnt>
<BasicStmnt CovItemId="S62" CovItemPrefix="Draw.java" Intrnl_Id="151">
<LocList>
<Loc EndOffset="8401" SrcFileId="2" StartOffset="8366"/>
</LocList>
</BasicStmnt>
<BasicStmnt CovItemId="S63" CovItemPrefix="Draw.java" Intrnl_Id="152">
<LocList>
<Loc EndOffset="8492" SrcFileId="2" StartOffset="8434"/>
</LocList>
</BasicStmnt>
<BasicStmnt CovItemId="S64" CovItemPrefix="Draw.java" Intrnl_Id="153">
<LocList>
<Loc EndOffset="8525" SrcFileId="2" StartOffset="8501"/>
</LocList>
</BasicStmnt>
<BasicStmnt CovItemId="S65" CovItemPrefix="Draw.java" Intrnl_Id="154">
<LocList>
<Loc EndOffset="8563" SrcFileId="2" StartOffset="8535"/>
</LocList>
</BasicStmnt>
<BasicStmnt CovItemId="S66" CovItemPrefix="Draw.java" Intrnl_Id="155">
<LocList>
<Loc EndOffset="8606" SrcFileId="2" StartOffset="8572"/>
</LocList>
</BasicStmnt>
<BasicStmnt CovItemId="S67" CovItemPrefix="Draw.java" Intrnl_Id="156">
<LocList>
<Loc EndOffset="8643" SrcFileId="2" StartOffset="8616"/>
</LocList>
</BasicStmnt>
<BasicStmnt CovItemId="S68" CovItemPrefix="Draw.java" Intrnl_Id="157">
<LocList>
<Loc EndOffset="8679" SrcFileId="2" StartOffset="8652"/>
</LocList>
</BasicStmnt>
<BasicStmnt CovItemId="S69" CovItemPrefix="Draw.java" Intrnl_Id="158">
<LocList>
<Loc EndOffset="8753" SrcFileId="2" StartOffset="8727"/>
</LocList>
</BasicStmnt>
<BasicStmnt CovItemId="S70" CovItemPrefix="Draw.java" Intrnl_Id="159">
<LocList>
<Loc EndOffset="8916" SrcFileId="2" StartOffset="8860"/>
</LocList>
</BasicStmnt>
<BasicStmnt CovItemId="S71" CovItemPrefix="Draw.java" Intrnl_Id="160">
<LocList>
<Loc EndOffset="9002" SrcFileId="2" StartOffset="8960"/>
</LocList>
</BasicStmnt>
<BasicStmnt CovItemId="S72" CovItemPrefix="Draw.java" Intrnl_Id="161">
<LocList>
<Loc EndOffset="9076" SrcFileId="2" StartOffset="9055"/>
</LocList>
</BasicStmnt>
<BasicStmnt CovItemId="S73" CovItemPrefix="Draw.java" Intrnl_Id="162">
<LocList>
<Loc EndOffset="9120" SrcFileId="2" StartOffset="9085"/>
</LocList>
</BasicStmnt>
<BasicStmnt CovItemId="S74" CovItemPrefix="Draw.java" Intrnl_Id="163">
<LocList>
<Loc EndOffset="9142" SrcFileId="2" StartOffset="9129"/>
</LocList>
</BasicStmnt>
<BasicStmnt CovItemId="S75" CovItemPrefix="Draw.java" Intrnl_Id="164">
<LocList>
<Loc EndOffset="9180" SrcFileId="2" StartOffset="9151"/>
</LocList>
</BasicStmnt>
<BasicStmnt CovItemId="S76" CovItemPrefix="Draw.java" Intrnl_Id="165">
<LocList>
<Loc EndOffset="9212" SrcFileId="2" StartOffset="9189"/>
</LocList>
</BasicStmnt>
</StmntSeq>
</HierarchyLvl>
<HierarchyLvl HierarchyLvlId="3215" HierarchyLvlTypeId="9" Intrnl_Id="166" Name="setLocationOnScreen">
<Header>
<Loc EndOffset="9579" SrcFileId="2" StartOffset="9534"/>
</Header>
<LocList>
<Loc EndOffset="9688" SrcFileId="2" StartOffset="9534"/>
</LocList>
<StmntSeq Intrnl_Id="167">
<LocList>
<Loc EndOffset="9649" SrcFileId="2" StartOffset="9590"/>
<Loc EndOffset="9682" SrcFileId="2" StartOffset="9658"/>
</LocList>
<CondStmnt CovItemId="S77" CovItemPrefix="Draw.java" Intrnl_Id="168">
<Branch CovItemId="B3" CovItemPrefix="Draw.java" Implct="false" Intrnl_Id="169">
<Cond/>
<LocList>
<Loc EndOffset="9649" SrcFileId="2" StartOffset="9612"/>
</LocList>
<StmntSeq Intrnl_Id="170">
<LocList>
<Loc EndOffset="9649" SrcFileId="2" StartOffset="9612"/>
</LocList>
<BasicStmnt CovItemId="S78" CovItemPrefix="Draw.java" Intrnl_Id="171">
<LocList>
<Loc EndOffset="9649" SrcFileId="2" StartOffset="9612"/>
</LocList>
</BasicStmnt>
</StmntSeq>
</Branch>
<Branch CovItemId="B4" CovItemPrefix="Draw.java" Implct="true" Intrnl_Id="172">
<Cond/>
<LocList/>
<StmntSeq Intrnl_Id="173">
<LocList/>
</StmntSeq>
</Branch>
<Keyword EndOffset="9592" SrcFileId="2" StartOffset="9590"/>
<LocList>
<Loc EndOffset="9649" SrcFileId="2" StartOffset="9590"/>
</LocList>
<RootTerm CovItemId="C2" CovItemPrefix="Draw.java" Intrnl_Id="174">
<OpTerm BooleanOpId="7" Intrnl_Id="175">
<BasicBoolTerm Intrnl_Id="176">
<LocList>
<Loc EndOffset="9600" SrcFileId="2" StartOffset="9594"/>
</LocList>
</BasicBoolTerm>
<BasicBoolTerm Intrnl_Id="177">
<LocList>
<Loc EndOffset="9610" SrcFileId="2" StartOffset="9604"/>
</LocList>
</BasicBoolTerm>
<LocList>
<Loc EndOffset="9603" SrcFileId="2" StartOffset="9601"/>
</LocList>
</OpTerm>
</RootTerm>
</CondStmnt>
<BasicStmnt CovItemId="S79" CovItemPrefix="Draw.java" Intrnl_Id="178">
<LocList>
<Loc EndOffset="9682" SrcFileId="2" StartOffset="9658"/>
</LocList>
</BasicStmnt>
</StmntSeq>
</HierarchyLvl>
<HierarchyLvl HierarchyLvlId="3216" HierarchyLvlTypeId="9" Intrnl_Id="179" Name="setDefaultCloseOperation">
<Header>
<Loc EndOffset="9984" SrcFileId="2" StartOffset="9937"/>
</Header>
<LocList>
<Loc EndOffset="10039" SrcFileId="2" StartOffset="9937"/>
</LocList>
<StmntSeq Intrnl_Id="180">
<LocList>
<Loc EndOffset="10033" SrcFileId="2" StartOffset="9995"/>
</LocList>
<BasicStmnt CovItemId="S80" CovItemPrefix="Draw.java" Intrnl_Id="181">
<LocList>
<Loc EndOffset="10033" SrcFileId="2" StartOffset="9995"/>
</LocList>
</BasicStmnt>
</StmntSeq>
</HierarchyLvl>
<HierarchyLvl HierarchyLvlId="3217" HierarchyLvlTypeId="9" Intrnl_Id="182" Name="setCanvasSize">
<Header>
<Loc EndOffset="10696" SrcFileId="2" StartOffset="10636"/>
</Header>
<LocList>
<Loc EndOffset="10926" SrcFileId="2" StartOffset="10636"/>
</LocList>
<StmntSeq Intrnl_Id="183">
<LocList>
<Loc EndOffset="10844" SrcFileId="2" StartOffset="10707"/>
<Loc EndOffset="10873" SrcFileId="2" StartOffset="10853"/>
<Loc EndOffset="10904" SrcFileId="2" StartOffset="10882"/>
<Loc EndOffset="10920" SrcFileId="2" StartOffset="10913"/>
</LocList>
<CondStmnt CovItemId="S81" CovItemPrefix="Draw.java" Intrnl_Id="184">
<Branch CovItemId="B5" CovItemPrefix="Draw.java" Implct="false" Intrnl_Id="185">
<Cond/>
<LocList>
<Loc EndOffset="10844" SrcFileId="2" StartOffset="10748"/>
</LocList>
<StmntSeq Intrnl_Id="186">
<LocList>
<Loc EndOffset="10834" SrcFileId="2" StartOffset="10762"/>
</LocList>
<BasicStmnt CovItemId="S82" CovItemPrefix="Draw.java" Intrnl_Id="187">
<LocList>
<Loc EndOffset="10834" SrcFileId="2" StartOffset="10762"/>
</LocList>
</BasicStmnt>
</StmntSeq>
</Branch>
<Branch CovItemId="B6" CovItemPrefix="Draw.java" Implct="true" Intrnl_Id="188">
<Cond/>
<LocList/>
<StmntSeq Intrnl_Id="189">
<LocList/>
</StmntSeq>
</Branch>
<Keyword EndOffset="10709" SrcFileId="2" StartOffset="10707"/>
<LocList>
<Loc EndOffset="10844" SrcFileId="2" StartOffset="10707"/>
</LocList>
<RootTerm CovItemId="C3" CovItemPrefix="Draw.java" Intrnl_Id="190">
<OpTerm BooleanOpId="7" Intrnl_Id="191">
<BasicBoolTerm Intrnl_Id="192">
<LocList>
<Loc EndOffset="10726" SrcFileId="2" StartOffset="10711"/>
</LocList>
</BasicBoolTerm>
<BasicBoolTerm Intrnl_Id="193">
<LocList>
<Loc EndOffset="10746" SrcFileId="2" StartOffset="10730"/>
</LocList>
</BasicBoolTerm>
<LocList>
<Loc EndOffset="10729" SrcFileId="2" StartOffset="10727"/>
</LocList>
</OpTerm>
</RootTerm>
</CondStmnt>
<BasicStmnt CovItemId="S83" CovItemPrefix="Draw.java" Intrnl_Id="194">
<LocList>
<Loc EndOffset="10873" SrcFileId="2" StartOffset="10853"/>
</LocList>
</BasicStmnt>
<BasicStmnt CovItemId="S84" CovItemPrefix="Draw.java" Intrnl_Id="195">
<LocList>
<Loc EndOffset="10904" SrcFileId="2" StartOffset="10882"/>
</LocList>
</BasicStmnt>
<BasicStmnt CovItemId="S85" CovItemPrefix="Draw.java" Intrnl_Id="196">
<LocList>
<Loc EndOffset="10920" SrcFileId="2" StartOffset="10913"/>
</LocList>
</BasicStmnt>
</StmntSeq>
</HierarchyLvl>
<HierarchyLvl HierarchyLvlId="3218" HierarchyLvlTypeId="9" Intrnl_Id="197" Name="createMenuBar">
<Header>
<Loc EndOffset="11011" SrcFileId="2" StartOffset="10980"/>
</Header>
<LocList>
<Loc EndOffset="11530" SrcFileId="2" StartOffset="10980"/>
</LocList>
<StmntSeq Intrnl_Id="198">
<LocList>
<Loc EndOffset="11056" SrcFileId="2" StartOffset="11022"/>
<Loc EndOffset="11096" SrcFileId="2" StartOffset="11065"/>
<Loc EndOffset="11123" SrcFileId="2" StartOffset="11105"/>
<Loc EndOffset="11183" SrcFileId="2" StartOffset="11132"/>
<Loc EndOffset="11226" SrcFileId="2" StartOffset="11192"/>
<Loc EndOffset="11471" SrcFileId="2" StartOffset="11321"/>
<Loc EndOffset="11500" SrcFileId="2" StartOffset="11480"/>
<Loc EndOffset="11524" SrcFileId="2" StartOffset="11509"/>
</LocList>
<BasicStmnt CovItemId="S86" CovItemPrefix="Draw.java" Intrnl_Id="199">
<LocList>
<Loc EndOffset="11056" SrcFileId="2" StartOffset="11022"/>
</LocList>
</BasicStmnt>
<BasicStmnt CovItemId="S87" CovItemPrefix="Draw.java" Intrnl_Id="200">
<LocList>
<Loc EndOffset="11096" SrcFileId="2" StartOffset="11065"/>
</LocList>
</BasicStmnt>
<BasicStmnt CovItemId="S88" CovItemPrefix="Draw.java" Intrnl_Id="201">
<LocList>
<Loc EndOffset="11123" SrcFileId="2" StartOffset="11105"/>
</LocList>
</BasicStmnt>
<BasicStmnt CovItemId="S89" CovItemPrefix="Draw.java" Intrnl_Id="202">
<LocList>
<Loc EndOffset="11183" SrcFileId="2" StartOffset="11132"/>
</LocList>
</BasicStmnt>
<BasicStmnt CovItemId="S90" CovItemPrefix="Draw.java" Intrnl_Id="203">
<LocList>
<Loc EndOffset="11226" SrcFileId="2" StartOffset="11192"/>
</LocList>
</BasicStmnt>
<BasicStmnt CovItemId="S91" CovItemPrefix="Draw.java" Intrnl_Id="204">
<LocList>
<Loc EndOffset="11471" SrcFileId="2" StartOffset="11321"/>
</LocList>
</BasicStmnt>
<BasicStmnt CovItemId="S92" CovItemPrefix="Draw.java" Intrnl_Id="205">
<LocList>
<Loc EndOffset="11500" SrcFileId="2" StartOffset="11480"/>
</LocList>
</BasicStmnt>
<BasicStmnt CovItemId="S93" CovItemPrefix="Draw.java" Intrnl_Id="206">
<LocList>
<Loc EndOffset="11524" SrcFileId="2" StartOffset="11509"/>
</LocList>
</BasicStmnt>
</StmntSeq>
</HierarchyLvl>
<HierarchyLvl HierarchyLvlId="3219" HierarchyLvlTypeId="9" Intrnl_Id="207" Name="validate">
<Header>
<Loc EndOffset="11857" SrcFileId="2" StartOffset="11807"/>
</Header>
<LocList>
<Loc EndOffset="12041" SrcFileId="2" StartOffset="11807"/>
</LocList>
<StmntSeq Intrnl_Id="208">
<LocList>
<Loc EndOffset="11942" SrcFileId="2" StartOffset="11868"/>
<Loc EndOffset="12035" SrcFileId="2" StartOffset="11951"/>
</LocList>
<CondStmnt CovItemId="S94" CovItemPrefix="Draw.java" Intrnl_Id="209">
<Branch CovItemId="B7" CovItemPrefix="Draw.java" Implct="false" Intrnl_Id="210">
<Cond/>
<LocList>
<Loc EndOffset="11942" SrcFileId="2" StartOffset="11889"/>
</LocList>
<StmntSeq Intrnl_Id="211">
<LocList>
<Loc EndOffset="11942" SrcFileId="2" StartOffset="11889"/>
</LocList>
<BasicStmnt CovItemId="S95" CovItemPrefix="Draw.java" Intrnl_Id="212">
<LocList>
<Loc EndOffset="11942" SrcFileId="2" StartOffset="11889"/>
</LocList>
</BasicStmnt>
</StmntSeq>
</Branch>
<Branch CovItemId="B8" CovItemPrefix="Draw.java" Implct="true" Intrnl_Id="213">
<Cond/>
<LocList/>
<StmntSeq Intrnl_Id="214">
<LocList/>
</StmntSeq>
</Branch>
<Keyword EndOffset="11870" SrcFileId="2" StartOffset="11868"/>
<LocList>
<Loc EndOffset="11942" SrcFileId="2" StartOffset="11868"/>
</LocList>
<RootTerm CovItemId="C4" CovItemPrefix="Draw.java" Intrnl_Id="215">
<BasicBoolTerm Intrnl_Id="216">
<LocList>
<Loc EndOffset="11887" SrcFileId="2" StartOffset="11872"/>
</LocList>
</BasicBoolTerm>
</RootTerm>
</CondStmnt>
<CondStmnt CovItemId="S96" CovItemPrefix="Draw.java" Intrnl_Id="217">
<Branch CovItemId="B9" CovItemPrefix="Draw.java" Implct="false" Intrnl_Id="218">
<Cond/>
<LocList>
<Loc EndOffset="12035" SrcFileId="2" StartOffset="11977"/>
</LocList>
<StmntSeq Intrnl_Id="219">
<LocList>
<Loc EndOffset="12035" SrcFileId="2" StartOffset="11977"/>
</LocList>
<BasicStmnt CovItemId="S97" CovItemPrefix="Draw.java" Intrnl_Id="220">
<LocList>
<Loc EndOffset="12035" SrcFileId="2" StartOffset="11977"/>
</LocList>
</BasicStmnt>
</StmntSeq>
</Branch>
<Branch CovItemId="B10" CovItemPrefix="Draw.java" Implct="true" Intrnl_Id="221">
<Cond/>
<LocList/>
<StmntSeq Intrnl_Id="222">
<LocList/>
</StmntSeq>
</Branch>
<Keyword EndOffset="11953" SrcFileId="2" StartOffset="11951"/>
<LocList>
<Loc EndOffset="12035" SrcFileId="2" StartOffset="11951"/>
</LocList>
<RootTerm CovItemId="C5" CovItemPrefix="Draw.java" Intrnl_Id="223">
<BasicBoolTerm Intrnl_Id="224">
<LocList>
<Loc EndOffset="11975" SrcFileId="2" StartOffset="11955"/>
</LocList>
</BasicBoolTerm>
</RootTerm>
</CondStmnt>
</StmntSeq>
</HierarchyLvl>
<HierarchyLvl HierarchyLvlId="3220" HierarchyLvlTypeId="9" Intrnl_Id="225" Name="validateNonnegative">
<Header>
<Loc EndOffset="12162" SrcFileId="2" StartOffset="12101"/>
</Header>
<LocList>
<Loc EndOffset="12245" SrcFileId="2" StartOffset="12101"/>
</LocList>
<StmntSeq Intrnl_Id="226">
<LocList>
<Loc EndOffset="12239" SrcFileId="2" StartOffset="12173"/>
</LocList>
<CondStmnt CovItemId="S98" CovItemPrefix="Draw.java" Intrnl_Id="227">
<Branch CovItemId="B11" CovItemPrefix="Draw.java" Implct="false" Intrnl_Id="228">
<Cond/>
<LocList>
<Loc EndOffset="12239" SrcFileId="2" StartOffset="12184"/>
</LocList>
<StmntSeq Intrnl_Id="229">
<LocList>
<Loc EndOffset="12239" SrcFileId="2" StartOffset="12184"/>
</LocList>
<BasicStmnt CovItemId="S99" CovItemPrefix="Draw.java" Intrnl_Id="230">
<LocList>
<Loc EndOffset="12239" SrcFileId="2" StartOffset="12184"/>
</LocList>
</BasicStmnt>
</StmntSeq>
</Branch>
<Branch CovItemId="B12" CovItemPrefix="Draw.java" Implct="true" Intrnl_Id="231">
<Cond/>
<LocList/>
<StmntSeq Intrnl_Id="232">
<LocList/>
</StmntSeq>
</Branch>
<Keyword EndOffset="12175" SrcFileId="2" StartOffset="12173"/>
<LocList>
<Loc EndOffset="12239" SrcFileId="2" StartOffset="12173"/>
</LocList>
<RootTerm CovItemId="C6" CovItemPrefix="Draw.java" Intrnl_Id="233">
<BasicBoolTerm Intrnl_Id="234">
<LocList>
<Loc EndOffset="12182" SrcFileId="2" StartOffset="12177"/>
</LocList>
</BasicBoolTerm>
</RootTerm>
</CondStmnt>
</StmntSeq>
</HierarchyLvl>
<HierarchyLvl HierarchyLvlId="3221" HierarchyLvlTypeId="9" Intrnl_Id="235" Name="validateNotNull">
<Header>
<Loc EndOffset="12362" SrcFileId="2" StartOffset="12305"/>
</Header>
<LocList>
<Loc EndOffset="12448" SrcFileId="2" StartOffset="12305"/>
</LocList>
<StmntSeq Intrnl_Id="236">
<LocList>
<Loc EndOffset="12442" SrcFileId="2" StartOffset="12373"/>
</LocList>
<CondStmnt CovItemId="S100" CovItemPrefix="Draw.java" Intrnl_Id="237">
<Branch CovItemId="B13" CovItemPrefix="Draw.java" Implct="false" Intrnl_Id="238">
<Cond/>
<LocList>
<Loc EndOffset="12442" SrcFileId="2" StartOffset="12388"/>
</LocList>
<StmntSeq Intrnl_Id="239">
<LocList>
<Loc EndOffset="12442" SrcFileId="2" StartOffset="12388"/>
</LocList>
<BasicStmnt CovItemId="S101" CovItemPrefix="Draw.java" Intrnl_Id="240">
<LocList>
<Loc EndOffset="12442" SrcFileId="2" StartOffset="12388"/>
</LocList>
</BasicStmnt>
</StmntSeq>
</Branch>
<Branch CovItemId="B14" CovItemPrefix="Draw.java" Implct="true" Intrnl_Id="241">
<Cond/>
<LocList/>
<StmntSeq Intrnl_Id="242">
<LocList/>
</StmntSeq>
</Branch>
<Keyword EndOffset="12375" SrcFileId="2" StartOffset="12373"/>
<LocList>
<Loc EndOffset="12442" SrcFileId="2" StartOffset="12373"/>
</LocList>
<RootTerm CovItemId="C7" CovItemPrefix="Draw.java" Intrnl_Id="243">
<BasicBoolTerm Intrnl_Id="244">
<LocList>
<Loc EndOffset="12386" SrcFileId="2" StartOffset="12377"/>
</LocList>
</BasicBoolTerm>
</RootTerm>
</CondStmnt>
</StmntSeq>
</HierarchyLvl>
<HierarchyLvl HierarchyLvlId="3222" HierarchyLvlTypeId="9" Intrnl_Id="245" Name="setXscale">
<Header>
<Loc EndOffset="12558" SrcFileId="2" StartOffset="12535"/>
</Header>
<LocList>
<Loc EndOffset="12613" SrcFileId="2" StartOffset="12535"/>
</LocList>
<StmntSeq Intrnl_Id="246">
<LocList>
<Loc EndOffset="12607" SrcFileId="2" StartOffset="12569"/>
</LocList>
<BasicStmnt CovItemId="S102" CovItemPrefix="Draw.java" Intrnl_Id="247">
<LocList>
<Loc EndOffset="12607" SrcFileId="2" StartOffset="12569"/>
</LocList>
</BasicStmnt>
</StmntSeq>
</HierarchyLvl>
<HierarchyLvl HierarchyLvlId="3223" HierarchyLvlTypeId="9" Intrnl_Id="248" Name="setYscale">
<Header>
<Loc EndOffset="12723" SrcFileId="2" StartOffset="12700"/>
</Header>
<LocList>
<Loc EndOffset="12778" SrcFileId="2" StartOffset="12700"/>
</LocList>
<StmntSeq Intrnl_Id="249">
<LocList>
<Loc EndOffset="12772" SrcFileId="2" StartOffset="12734"/>
</LocList>
<BasicStmnt CovItemId="S103" CovItemPrefix="Draw.java" Intrnl_Id="250">
<LocList>
<Loc EndOffset="12772" SrcFileId="2" StartOffset="12734"/>
</LocList>
</BasicStmnt>
</StmntSeq>
</HierarchyLvl>
<HierarchyLvl HierarchyLvlId="3224" HierarchyLvlTypeId="9" Intrnl_Id="251" Name="setXscale">
<Header>
<Loc EndOffset="13146" SrcFileId="2" StartOffset="13101"/>
</Header>
<LocList>
<Loc EndOffset="13412" SrcFileId="2" StartOffset="13101"/>
</LocList>
<StmntSeq Intrnl_Id="252">
<LocList>
<Loc EndOffset="13178" SrcFileId="2" StartOffset="13157"/>
<Loc EndOffset="13208" SrcFileId="2" StartOffset="13187"/>
<Loc EndOffset="13241" SrcFileId="2" StartOffset="13217"/>
<Loc EndOffset="13334" SrcFileId="2" StartOffset="13250"/>
<Loc EndOffset="13370" SrcFileId="2" StartOffset="13343"/>
<Loc EndOffset="13406" SrcFileId="2" StartOffset="13379"/>
</LocList>
<BasicStmnt CovItemId="S104" CovItemPrefix="Draw.java" Intrnl_Id="253">
<LocList>
<Loc EndOffset="13178" SrcFileId="2" StartOffset="13157"/>
</LocList>
</BasicStmnt>
<BasicStmnt CovItemId="S105" CovItemPrefix="Draw.java" Intrnl_Id="254">
<LocList>
<Loc EndOffset="13208" SrcFileId="2" StartOffset="13187"/>
</LocList>
</BasicStmnt>
<BasicStmnt CovItemId="S106" CovItemPrefix="Draw.java" Intrnl_Id="255">
<LocList>
<Loc EndOffset="13241" SrcFileId="2" StartOffset="13217"/>
</LocList>
</BasicStmnt>
<CondStmnt CovItemId="S107" CovItemPrefix="Draw.java" Intrnl_Id="256">
<Branch CovItemId="B15" CovItemPrefix="Draw.java" Implct="false" Intrnl_Id="257">
<Cond/>
<LocList>
<Loc EndOffset="13334" SrcFileId="2" StartOffset="13267"/>
</LocList>
<StmntSeq Intrnl_Id="258">
<LocList>
<Loc EndOffset="13334" SrcFileId="2" StartOffset="13267"/>
</LocList>
<BasicStmnt CovItemId="S108" CovItemPrefix="Draw.java" Intrnl_Id="259">
<LocList>
<Loc EndOffset="13334" SrcFileId="2" StartOffset="13267"/>
</LocList>
</BasicStmnt>
</StmntSeq>
</Branch>
<Branch CovItemId="B16" CovItemPrefix="Draw.java" Implct="true" Intrnl_Id="260">
<Cond/>
<LocList/>
<StmntSeq Intrnl_Id="261">
<LocList/>
</StmntSeq>
</Branch>
<Keyword EndOffset="13252" SrcFileId="2" StartOffset="13250"/>
<LocList>
<Loc EndOffset="13334" SrcFileId="2" StartOffset="13250"/>
</LocList>
<RootTerm CovItemId="C8" CovItemPrefix="Draw.java" Intrnl_Id="262">
<BasicBoolTerm Intrnl_Id="263">
<LocList>
<Loc EndOffset="13265" SrcFileId="2" StartOffset="13254"/>
</LocList>
</BasicBoolTerm>
</RootTerm>
</CondStmnt>
<BasicStmnt CovItemId="S109" CovItemPrefix="Draw.java" Intrnl_Id="264">
<LocList>
<Loc EndOffset="13370" SrcFileId="2" StartOffset="13343"/>
</LocList>
</BasicStmnt>
<BasicStmnt CovItemId="S110" CovItemPrefix="Draw.java" Intrnl_Id="265">
<LocList>
<Loc EndOffset="13406" SrcFileId="2" StartOffset="13379"/>
</LocList>
</BasicStmnt>
</StmntSeq>
</HierarchyLvl>
<HierarchyLvl HierarchyLvlId="3225" HierarchyLvlTypeId="9" Intrnl_Id="266" Name="setYscale">
<Header>
<Loc EndOffset="13780" SrcFileId="2" StartOffset="13735"/>
</Header>
<LocList>
<Loc EndOffset="14046" SrcFileId="2" StartOffset="13735"/>
</LocList>
<StmntSeq Intrnl_Id="267">
<LocList>
<Loc EndOffset="13812" SrcFileId="2" StartOffset="13791"/>
<Loc EndOffset="13842" SrcFileId="2" StartOffset="13821"/>
<Loc EndOffset="13875" SrcFileId="2" StartOffset="13851"/>
<Loc EndOffset="13968" SrcFileId="2" StartOffset="13884"/>
<Loc EndOffset="14004" SrcFileId="2" StartOffset="13977"/>
<Loc EndOffset="14040" SrcFileId="2" StartOffset="14013"/>
</LocList>
<BasicStmnt CovItemId="S111" CovItemPrefix="Draw.java" Intrnl_Id="268">
<LocList>
<Loc EndOffset="13812" SrcFileId="2" StartOffset="13791"/>
</LocList>
</BasicStmnt>
<BasicStmnt CovItemId="S112" CovItemPrefix="Draw.java" Intrnl_Id="269">
<LocList>
<Loc EndOffset="13842" SrcFileId="2" StartOffset="13821"/>
</LocList>
</BasicStmnt>
<BasicStmnt CovItemId="S113" CovItemPrefix="Draw.java" Intrnl_Id="270">
<LocList>
<Loc EndOffset="13875" SrcFileId="2" StartOffset="13851"/>
</LocList>
</BasicStmnt>
<CondStmnt CovItemId="S114" CovItemPrefix="Draw.java" Intrnl_Id="271">
<Branch CovItemId="B17" CovItemPrefix="Draw.java" Implct="false" Intrnl_Id="272">
<Cond/>
<LocList>
<Loc EndOffset="13968" SrcFileId="2" StartOffset="13901"/>
</LocList>
<StmntSeq Intrnl_Id="273">
<LocList>
<Loc EndOffset="13968" SrcFileId="2" StartOffset="13901"/>
</LocList>
<BasicStmnt CovItemId="S115" CovItemPrefix="Draw.java" Intrnl_Id="274">
<LocList>
<Loc EndOffset="13968" SrcFileId="2" StartOffset="13901"/>
</LocList>
</BasicStmnt>
</StmntSeq>
</Branch>
<Branch CovItemId="B18" CovItemPrefix="Draw.java" Implct="true" Intrnl_Id="275">
<Cond/>
<LocList/>
<StmntSeq Intrnl_Id="276">
<LocList/>
</StmntSeq>
</Branch>
<Keyword EndOffset="13886" SrcFileId="2" StartOffset="13884"/>
<LocList>
<Loc EndOffset="13968" SrcFileId="2" StartOffset="13884"/>
</LocList>
<RootTerm CovItemId="C9" CovItemPrefix="Draw.java" Intrnl_Id="277">
<BasicBoolTerm Intrnl_Id="278">
<LocList>
<Loc EndOffset="13899" SrcFileId="2" StartOffset="13888"/>
</LocList>
</BasicBoolTerm>
</RootTerm>
</CondStmnt>
<BasicStmnt CovItemId="S116" CovItemPrefix="Draw.java" Intrnl_Id="279">
<LocList>
<Loc EndOffset="14004" SrcFileId="2" StartOffset="13977"/>
</LocList>
</BasicStmnt>
<BasicStmnt CovItemId="S117" CovItemPrefix="Draw.java" Intrnl_Id="280">
<LocList>
<Loc EndOffset="14040" SrcFileId="2" StartOffset="14013"/>
</LocList>
</BasicStmnt>
</StmntSeq>
</HierarchyLvl>
<HierarchyLvl HierarchyLvlId="3226" HierarchyLvlTypeId="9" Intrnl_Id="281" Name="scaleX">
<Header>
<Loc EndOffset="14171" SrcFileId="2" StartOffset="14140"/>
</Header>
<LocList>
<Loc EndOffset="14219" SrcFileId="2" StartOffset="14140"/>
</LocList>
<StmntSeq Intrnl_Id="282">
<LocList>
<Loc EndOffset="14217" SrcFileId="2" StartOffset="14174"/>
</LocList>
<BasicStmnt CovItemId="S118" CovItemPrefix="Draw.java" Intrnl_Id="283">
<LocList>
<Loc EndOffset="14217" SrcFileId="2" StartOffset="14174"/>
</LocList>
</BasicStmnt>
</StmntSeq>
</HierarchyLvl>
<HierarchyLvl HierarchyLvlId="3227" HierarchyLvlTypeId="9" Intrnl_Id="284" Name="scaleY">
<Header>
<Loc EndOffset="14255" SrcFileId="2" StartOffset="14224"/>
</Header>
<LocList>
<Loc EndOffset="14303" SrcFileId="2" StartOffset="14224"/>
</LocList>
<StmntSeq Intrnl_Id="285">
<LocList>
<Loc EndOffset="14301" SrcFileId="2" StartOffset="14258"/>
</LocList>
<BasicStmnt CovItemId="S119" CovItemPrefix="Draw.java" Intrnl_Id="286">
<LocList>
<Loc EndOffset="14301" SrcFileId="2" StartOffset="14258"/>
</LocList>
</BasicStmnt>
</StmntSeq>
</HierarchyLvl>
<HierarchyLvl HierarchyLvlId="3228" HierarchyLvlTypeId="9" Intrnl_Id="287" Name="factorX">
<Header>
<Loc EndOffset="14339" SrcFileId="2" StartOffset="14308"/>
</Header>
<LocList>
<Loc EndOffset="14387" SrcFileId="2" StartOffset="14308"/>
</LocList>
<StmntSeq Intrnl_Id="288">
<LocList>
<Loc EndOffset="14384" SrcFileId="2" StartOffset="14342"/>
</LocList>
<BasicStmnt CovItemId="S120" CovItemPrefix="Draw.java" Intrnl_Id="289">
<LocList>
<Loc EndOffset="14384" SrcFileId="2" StartOffset="14342"/>
</LocList>
</BasicStmnt>
</StmntSeq>
</HierarchyLvl>
<HierarchyLvl HierarchyLvlId="3229" HierarchyLvlTypeId="9" Intrnl_Id="290" Name="factorY">
<Header>
<Loc EndOffset="14423" SrcFileId="2" StartOffset="14392"/>
</Header>
<LocList>
<Loc EndOffset="14471" SrcFileId="2" StartOffset="14392"/>
</LocList>
<StmntSeq Intrnl_Id="291">
<LocList>
<Loc EndOffset="14468" SrcFileId="2" StartOffset="14426"/>
</LocList>
<BasicStmnt CovItemId="S121" CovItemPrefix="Draw.java" Intrnl_Id="292">
<LocList>
<Loc EndOffset="14468" SrcFileId="2" StartOffset="14426"/>
</LocList>
</BasicStmnt>
</StmntSeq>
</HierarchyLvl>
<HierarchyLvl HierarchyLvlId="3230" HierarchyLvlTypeId="9" Intrnl_Id="293" Name="userX">
<Header>
<Loc EndOffset="14507" SrcFileId="2" StartOffset="14476"/>
</Header>
<LocList>
<Loc EndOffset="14555" SrcFileId="2" StartOffset="14476"/>
</LocList>
<StmntSeq Intrnl_Id="294">
<LocList>
<Loc EndOffset="14550" SrcFileId="2" StartOffset="14510"/>
</LocList>
<BasicStmnt CovItemId="S122" CovItemPrefix="Draw.java" Intrnl_Id="295">
<LocList>
<Loc EndOffset="14550" SrcFileId="2" StartOffset="14510"/>
</LocList>
</BasicStmnt>
</StmntSeq>
</HierarchyLvl>
<HierarchyLvl HierarchyLvlId="3231" HierarchyLvlTypeId="9" Intrnl_Id="296" Name="userY">
<Header>
<Loc EndOffset="14591" SrcFileId="2" StartOffset="14560"/>
</Header>
<LocList>
<Loc EndOffset="14639" SrcFileId="2" StartOffset="14560"/>
</LocList>
<StmntSeq Intrnl_Id="297">
<LocList>
<Loc EndOffset="14635" SrcFileId="2" StartOffset="14594"/>
</LocList>
<BasicStmnt CovItemId="S123" CovItemPrefix="Draw.java" Intrnl_Id="298">
<LocList>
<Loc EndOffset="14635" SrcFileId="2" StartOffset="14594"/>
</LocList>
</BasicStmnt>
</StmntSeq>
</HierarchyLvl>
<HierarchyLvl HierarchyLvlId="3232" HierarchyLvlTypeId="9" Intrnl_Id="299" Name="clear">
<Header>
<Loc EndOffset="14736" SrcFileId="2" StartOffset="14717"/>
</Header>
<LocList>
<Loc EndOffset="14780" SrcFileId="2" StartOffset="14717"/>
</LocList>
<StmntSeq Intrnl_Id="300">
<LocList>
<Loc EndOffset="14774" SrcFileId="2" StartOffset="14747"/>
</LocList>
<BasicStmnt CovItemId="S124" CovItemPrefix="Draw.java" Intrnl_Id="301">
<LocList>
<Loc EndOffset="14774" SrcFileId="2" StartOffset="14747"/>
</LocList>
</BasicStmnt>
</StmntSeq>
</HierarchyLvl>
<HierarchyLvl HierarchyLvlId="3233" HierarchyLvlTypeId="9" Intrnl_Id="302" Name="clear">
<Header>
<Loc EndOffset="15010" SrcFileId="2" StartOffset="14980"/>
</Header>
<LocList>
<Loc EndOffset="15197" SrcFileId="2" StartOffset="14980"/>
</LocList>
<StmntSeq Intrnl_Id="303">
<LocList>
<Loc EndOffset="15053" SrcFileId="2" StartOffset="15021"/>
<Loc EndOffset="15088" SrcFileId="2" StartOffset="15062"/>
<Loc EndOffset="15137" SrcFileId="2" StartOffset="15097"/>
<Loc EndOffset="15175" SrcFileId="2" StartOffset="15146"/>
<Loc EndOffset="15191" SrcFileId="2" StartOffset="15184"/>
</LocList>
<BasicStmnt CovItemId="S125" CovItemPrefix="Draw.java" Intrnl_Id="304">
<LocList>
<Loc EndOffset="15053" SrcFileId="2" StartOffset="15021"/>
</LocList>
</BasicStmnt>
<BasicStmnt CovItemId="S126" CovItemPrefix="Draw.java" Intrnl_Id="305">
<LocList>
<Loc EndOffset="15088" SrcFileId="2" StartOffset="15062"/>
</LocList>
</BasicStmnt>
<BasicStmnt CovItemId="S127" CovItemPrefix="Draw.java" Intrnl_Id="306">
<LocList>
<Loc EndOffset="15137" SrcFileId="2" StartOffset="15097"/>
</LocList>
</BasicStmnt>
<BasicStmnt CovItemId="S128" CovItemPrefix="Draw.java" Intrnl_Id="307">
<LocList>
<Loc EndOffset="15175" SrcFileId="2" StartOffset="15146"/>
</LocList>
</BasicStmnt>
<BasicStmnt CovItemId="S129" CovItemPrefix="Draw.java" Intrnl_Id="308">
<LocList>
<Loc EndOffset="15191" SrcFileId="2" StartOffset="15184"/>
</LocList>
</BasicStmnt>
</StmntSeq>
</HierarchyLvl>
<HierarchyLvl HierarchyLvlId="3234" HierarchyLvlTypeId="9" Intrnl_Id="309" Name="getPenRadius">
<Header>
<Loc EndOffset="15328" SrcFileId="2" StartOffset="15300"/>
</Header>
<LocList>
<Loc EndOffset="15362" SrcFileId="2" StartOffset="15300"/>
</LocList>
<StmntSeq Intrnl_Id="310">
<LocList>
<Loc EndOffset="15356" SrcFileId="2" StartOffset="15339"/>
</LocList>
<BasicStmnt CovItemId="S130" CovItemPrefix="Draw.java" Intrnl_Id="311">
<LocList>
<Loc EndOffset="15356" SrcFileId="2" StartOffset="15339"/>
</LocList>
</BasicStmnt>
</StmntSeq>
</HierarchyLvl>
<HierarchyLvl HierarchyLvlId="3235" HierarchyLvlTypeId="9" Intrnl_Id="312" Name="setPenRadius">
<Header>
<Loc EndOffset="15458" SrcFileId="2" StartOffset="15432"/>
</Header>
<LocList>
<Loc EndOffset="15508" SrcFileId="2" StartOffset="15432"/>
</LocList>
<StmntSeq Intrnl_Id="313">
<LocList>
<Loc EndOffset="15502" SrcFileId="2" StartOffset="15469"/>
</LocList>
<BasicStmnt CovItemId="S131" CovItemPrefix="Draw.java" Intrnl_Id="314">
<LocList>
<Loc EndOffset="15502" SrcFileId="2" StartOffset="15469"/>
</LocList>
</BasicStmnt>
</StmntSeq>
</HierarchyLvl>
<HierarchyLvl HierarchyLvlId="3236" HierarchyLvlTypeId="9" Intrnl_Id="315" Name="setPenRadius">
<Header>
<Loc EndOffset="15761" SrcFileId="2" StartOffset="15722"/>
</Header>
<LocList>
<Loc EndOffset="16121" SrcFileId="2" StartOffset="15722"/>
</LocList>
<StmntSeq Intrnl_Id="316">
<LocList>
<Loc EndOffset="15803" SrcFileId="2" StartOffset="15772"/>
<Loc EndOffset="15854" SrcFileId="2" StartOffset="15812"/>
<Loc EndOffset="15898" SrcFileId="2" StartOffset="15864"/>
<Loc EndOffset="16010" SrcFileId="2" StartOffset="15907"/>
<Loc EndOffset="16115" SrcFileId="2" StartOffset="16087"/>
</LocList>
<BasicStmnt CovItemId="S132" CovItemPrefix="Draw.java" Intrnl_Id="317">
<LocList>
<Loc EndOffset="15803" SrcFileId="2" StartOffset="15772"/>
</LocList>
</BasicStmnt>
<BasicStmnt CovItemId="S133" CovItemPrefix="Draw.java" Intrnl_Id="318">
<LocList>
<Loc EndOffset="15854" SrcFileId="2" StartOffset="15812"/>
</LocList>
</BasicStmnt>
<BasicStmnt CovItemId="S134" CovItemPrefix="Draw.java" Intrnl_Id="319">
<LocList>
<Loc EndOffset="15898" SrcFileId="2" StartOffset="15864"/>
</LocList>
</BasicStmnt>
<BasicStmnt CovItemId="S135" CovItemPrefix="Draw.java" Intrnl_Id="320">
<LocList>
<Loc EndOffset="16010" SrcFileId="2" StartOffset="15907"/>
</LocList>
</BasicStmnt>
<BasicStmnt CovItemId="S136" CovItemPrefix="Draw.java" Intrnl_Id="321">
<LocList>
<Loc EndOffset="16115" SrcFileId="2" StartOffset="16087"/>
</LocList>
</BasicStmnt>
</StmntSeq>
</HierarchyLvl>
<HierarchyLvl HierarchyLvlId="3237" HierarchyLvlTypeId="9" Intrnl_Id="322" Name="getPenColor">
<Header>
<Loc EndOffset="16248" SrcFileId="2" StartOffset="16222"/>
</Header>
<LocList>
<Loc EndOffset="16281" SrcFileId="2" StartOffset="16222"/>
</LocList>
<StmntSeq Intrnl_Id="323">
<LocList>
<Loc EndOffset="16275" SrcFileId="2" StartOffset="16259"/>
</LocList>
<BasicStmnt CovItemId="S137" CovItemPrefix="Draw.java" Intrnl_Id="324">
<LocList>
<Loc EndOffset="16275" SrcFileId="2" StartOffset="16259"/>
</LocList>
</BasicStmnt>
</StmntSeq>
</HierarchyLvl>
<HierarchyLvl HierarchyLvlId="3238" HierarchyLvlTypeId="9" Intrnl_Id="325" Name="setPenColor">
<Header>
<Loc EndOffset="16384" SrcFileId="2" StartOffset="16359"/>
</Header>
<LocList>
<Loc EndOffset="16432" SrcFileId="2" StartOffset="16359"/>
</LocList>
<StmntSeq Intrnl_Id="326">
<LocList>
<Loc EndOffset="16426" SrcFileId="2" StartOffset="16395"/>
</LocList>
<BasicStmnt CovItemId="S138" CovItemPrefix="Draw.java" Intrnl_Id="327">
<LocList>
<Loc EndOffset="16426" SrcFileId="2" StartOffset="16395"/>
</LocList>
</BasicStmnt>
</StmntSeq>
</HierarchyLvl>
<HierarchyLvl HierarchyLvlId="3239" HierarchyLvlTypeId="9" Intrnl_Id="328" Name="setPenColor">
<Header>
<Loc EndOffset="16662" SrcFileId="2" StartOffset="16626"/>
</Header>
<LocList>
<Loc EndOffset="16775" SrcFileId="2" StartOffset="16626"/>
</LocList>
<StmntSeq Intrnl_Id="329">
<LocList>
<Loc EndOffset="16705" SrcFileId="2" StartOffset="16673"/>
<Loc EndOffset="16731" SrcFileId="2" StartOffset="16714"/>
<Loc EndOffset="16769" SrcFileId="2" StartOffset="16740"/>
</LocList>
<BasicStmnt CovItemId="S139" CovItemPrefix="Draw.java" Intrnl_Id="330">
<LocList>
<Loc EndOffset="16705" SrcFileId="2" StartOffset="16673"/>
</LocList>
</BasicStmnt>
<BasicStmnt CovItemId="S140" CovItemPrefix="Draw.java" Intrnl_Id="331">
<LocList>
<Loc EndOffset="16731" SrcFileId="2" StartOffset="16714"/>
</LocList>
</BasicStmnt>
<BasicStmnt CovItemId="S141" CovItemPrefix="Draw.java" Intrnl_Id="332">
<LocList>
<Loc EndOffset="16769" SrcFileId="2" StartOffset="16740"/>
</LocList>
</BasicStmnt>
</StmntSeq>
</HierarchyLvl>
<HierarchyLvl HierarchyLvlId="3240" HierarchyLvlTypeId="9" Intrnl_Id="333" Name="setPenColor">
<Header>
<Loc EndOffset="17218" SrcFileId="2" StartOffset="17165"/>
</Header>
<LocList>
<Loc EndOffset="17603" SrcFileId="2" StartOffset="17165"/>
</LocList>
<StmntSeq Intrnl_Id="334">
<LocList>
<Loc EndOffset="17328" SrcFileId="2" StartOffset="17229"/>
<Loc EndOffset="17438" SrcFileId="2" StartOffset="17337"/>
<Loc EndOffset="17547" SrcFileId="2" StartOffset="17447"/>
<Loc EndOffset="17597" SrcFileId="2" StartOffset="17556"/>
</LocList>
<CondStmnt CovItemId="S142" CovItemPrefix="Draw.java" Intrnl_Id="335">
<Branch CovItemId="B19" CovItemPrefix="Draw.java" Implct="false" Intrnl_Id="336">
<Cond/>
<LocList>
<Loc EndOffset="17328" SrcFileId="2" StartOffset="17260"/>
</LocList>
<StmntSeq Intrnl_Id="337">
<LocList>
<Loc EndOffset="17328" SrcFileId="2" StartOffset="17260"/>
</LocList>
<BasicStmnt CovItemId="S143" CovItemPrefix="Draw.java" Intrnl_Id="338">
<LocList>
<Loc EndOffset="17328" SrcFileId="2" StartOffset="17260"/>
</LocList>
</BasicStmnt>
</StmntSeq>
</Branch>
<Branch CovItemId="B20" CovItemPrefix="Draw.java" Implct="true" Intrnl_Id="339">
<Cond/>
<LocList/>
<StmntSeq Intrnl_Id="340">
<LocList/>
</StmntSeq>
</Branch>
<Keyword EndOffset="17231" SrcFileId="2" StartOffset="17229"/>
<LocList>
<Loc EndOffset="17328" SrcFileId="2" StartOffset="17229"/>
</LocList>
<RootTerm CovItemId="C10" CovItemPrefix="Draw.java" Intrnl_Id="341">
<OpTerm BooleanOpId="7" Intrnl_Id="342">
<BasicBoolTerm Intrnl_Id="343">
<LocList>
<Loc EndOffset="17242" SrcFileId="2" StartOffset="17233"/>
</LocList>
</BasicBoolTerm>
<BasicBoolTerm Intrnl_Id="344">
<LocList>
<Loc EndOffset="17258" SrcFileId="2" StartOffset="17246"/>
</LocList>
</BasicBoolTerm>
<LocList>
<Loc EndOffset="17245" SrcFileId="2" StartOffset="17243"/>
</LocList>
</OpTerm>
</RootTerm>
</CondStmnt>
<CondStmnt CovItemId="S144" CovItemPrefix="Draw.java" Intrnl_Id="345">
<Branch CovItemId="B21" CovItemPrefix="Draw.java" Implct="false" Intrnl_Id="346">
<Cond/>
<LocList>
<Loc EndOffset="17438" SrcFileId="2" StartOffset="17368"/>
</LocList>
<StmntSeq Intrnl_Id="347">
<LocList>
<Loc EndOffset="17438" SrcFileId="2" StartOffset="17368"/>
</LocList>
<BasicStmnt CovItemId="S145" CovItemPrefix="Draw.java" Intrnl_Id="348">
<LocList>
<Loc EndOffset="17438" SrcFileId="2" StartOffset="17368"/>
</LocList>
</BasicStmnt>
</StmntSeq>
</Branch>
<Branch CovItemId="B22" CovItemPrefix="Draw.java" Implct="true" Intrnl_Id="349">
<Cond/>
<LocList/>
<StmntSeq Intrnl_Id="350">
<LocList/>
</StmntSeq>
</Branch>
<Keyword EndOffset="17339" SrcFileId="2" StartOffset="17337"/>
<LocList>
<Loc EndOffset="17438" SrcFileId="2" StartOffset="17337"/>
</LocList>
<RootTerm CovItemId="C11" CovItemPrefix="Draw.java" Intrnl_Id="351">
<OpTerm BooleanOpId="7" Intrnl_Id="352">
<BasicBoolTerm Intrnl_Id="353">
<LocList>
<Loc EndOffset="17350" SrcFileId="2" StartOffset="17341"/>
</LocList>
</BasicBoolTerm>
<BasicBoolTerm Intrnl_Id="354">
<LocList>
<Loc EndOffset="17366" SrcFileId="2" StartOffset="17354"/>
</LocList>
</BasicBoolTerm>
<LocList>
<Loc EndOffset="17353" SrcFileId="2" StartOffset="17351"/>
</LocList>
</OpTerm>
</RootTerm>
</CondStmnt>
<CondStmnt CovItemId="S146" CovItemPrefix="Draw.java" Intrnl_Id="355">
<Branch CovItemId="B23" CovItemPrefix="Draw.java" Implct="false" Intrnl_Id="356">
<Cond/>
<LocList>
<Loc EndOffset="17547" SrcFileId="2" StartOffset="17478"/>
</LocList>
<StmntSeq Intrnl_Id="357">
<LocList>
<Loc EndOffset="17547" SrcFileId="2" StartOffset="17478"/>
</LocList>
<BasicStmnt CovItemId="S147" CovItemPrefix="Draw.java" Intrnl_Id="358">
<LocList>
<Loc EndOffset="17547" SrcFileId="2" StartOffset="17478"/>
</LocList>
</BasicStmnt>
</StmntSeq>
</Branch>
<Branch CovItemId="B24" CovItemPrefix="Draw.java" Implct="true" Intrnl_Id="359">
<Cond/>
<LocList/>
<StmntSeq Intrnl_Id="360">
<LocList/>
</StmntSeq>
</Branch>
<Keyword EndOffset="17449" SrcFileId="2" StartOffset="17447"/>
<LocList>
<Loc EndOffset="17547" SrcFileId="2" StartOffset="17447"/>
</LocList>
<RootTerm CovItemId="C12" CovItemPrefix="Draw.java" Intrnl_Id="361">
<OpTerm BooleanOpId="7" Intrnl_Id="362">
<BasicBoolTerm Intrnl_Id="363">
<LocList>
<Loc EndOffset="17460" SrcFileId="2" StartOffset="17451"/>
</LocList>
</BasicBoolTerm>
<BasicBoolTerm Intrnl_Id="364">
<LocList>
<Loc EndOffset="17476" SrcFileId="2" StartOffset="17464"/>
</LocList>
</BasicBoolTerm>
<LocList>
<Loc EndOffset="17463" SrcFileId="2" StartOffset="17461"/>
</LocList>
</OpTerm>
</RootTerm>
</CondStmnt>
<BasicStmnt CovItemId="S148" CovItemPrefix="Draw.java" Intrnl_Id="365">
<LocList>
<Loc EndOffset="17597" SrcFileId="2" StartOffset="17556"/>
</LocList>
</BasicStmnt>
</StmntSeq>
</HierarchyLvl>
<HierarchyLvl HierarchyLvlId="3241" HierarchyLvlTypeId="9" Intrnl_Id="366" Name="xorOn">
<Header>
<Loc EndOffset="17671" SrcFileId="2" StartOffset="17652"/>
</Header>
<LocList>
<Loc EndOffset="17730" SrcFileId="2" StartOffset="17652"/>
</LocList>
<StmntSeq Intrnl_Id="367">
<LocList>
<Loc EndOffset="17724" SrcFileId="2" StartOffset="17682"/>
</LocList>
<BasicStmnt CovItemId="S149" CovItemPrefix="Draw.java" Intrnl_Id="368">
<LocList>
<Loc EndOffset="17724" SrcFileId="2" StartOffset="17682"/>
</LocList>
</BasicStmnt>
</StmntSeq>
</HierarchyLvl>
<HierarchyLvl HierarchyLvlId="3242" HierarchyLvlTypeId="9" Intrnl_Id="369" Name="xorOff">
<Header>
<Loc EndOffset="17799" SrcFileId="2" StartOffset="17779"/>
</Header>
<LocList>
<Loc EndOffset="17841" SrcFileId="2" StartOffset="17779"/>
</LocList>
<StmntSeq Intrnl_Id="370">
<LocList>
<Loc EndOffset="17835" SrcFileId="2" StartOffset="17810"/>
</LocList>
<BasicStmnt CovItemId="S150" CovItemPrefix="Draw.java" Intrnl_Id="371">
<LocList>
<Loc EndOffset="17835" SrcFileId="2" StartOffset="17810"/>
</LocList>
</BasicStmnt>
</StmntSeq>
</HierarchyLvl>
<HierarchyLvl HierarchyLvlId="3243" HierarchyLvlTypeId="9" Intrnl_Id="372" Name="getJLabel">
<Header>
<Loc EndOffset="18003" SrcFileId="2" StartOffset="17978"/>
</Header>
<LocList>
<Loc EndOffset="18032" SrcFileId="2" StartOffset="17978"/>
</LocList>
<StmntSeq Intrnl_Id="373">
<LocList>
<Loc EndOffset="18026" SrcFileId="2" StartOffset="18014"/>
</LocList>
<BasicStmnt CovItemId="S151" CovItemPrefix="Draw.java" Intrnl_Id="374">
<LocList>
<Loc EndOffset="18026" SrcFileId="2" StartOffset="18014"/>
</LocList>
</BasicStmnt>
</StmntSeq>
</HierarchyLvl>
<HierarchyLvl HierarchyLvlId="3244" HierarchyLvlTypeId="9" Intrnl_Id="375" Name="getFont">
<Header>
<Loc EndOffset="18144" SrcFileId="2" StartOffset="18123"/>
</Header>
<LocList>
<Loc EndOffset="18173" SrcFileId="2" StartOffset="18123"/>
</LocList>
<StmntSeq Intrnl_Id="376">
<LocList>
<Loc EndOffset="18167" SrcFileId="2" StartOffset="18155"/>
</LocList>
<BasicStmnt CovItemId="S152" CovItemPrefix="Draw.java" Intrnl_Id="377">
<LocList>
<Loc EndOffset="18167" SrcFileId="2" StartOffset="18155"/>
</LocList>
</BasicStmnt>
</StmntSeq>
</HierarchyLvl>
<HierarchyLvl HierarchyLvlId="3245" HierarchyLvlTypeId="9" Intrnl_Id="378" Name="setFont">
<Header>
<Loc EndOffset="18281" SrcFileId="2" StartOffset="18260"/>
</Header>
<LocList>
<Loc EndOffset="18320" SrcFileId="2" StartOffset="18260"/>
</LocList>
<StmntSeq Intrnl_Id="379">
<LocList>
<Loc EndOffset="18314" SrcFileId="2" StartOffset="18292"/>
</LocList>
<BasicStmnt CovItemId="S153" CovItemPrefix="Draw.java" Intrnl_Id="380">
<LocList>
<Loc EndOffset="18314" SrcFileId="2" StartOffset="18292"/>
</LocList>
</BasicStmnt>
</StmntSeq>
</HierarchyLvl>
<HierarchyLvl HierarchyLvlId="3246" HierarchyLvlTypeId="9" Intrnl_Id="381" Name="setFont">
<Header>
<Loc EndOffset="18520" SrcFileId="2" StartOffset="18490"/>
</Header>
<LocList>
<Loc EndOffset="18593" SrcFileId="2" StartOffset="18490"/>
</LocList>
<StmntSeq Intrnl_Id="382">
<LocList>
<Loc EndOffset="18561" SrcFileId="2" StartOffset="18531"/>
<Loc EndOffset="18587" SrcFileId="2" StartOffset="18570"/>
</LocList>
<BasicStmnt CovItemId="S154" CovItemPrefix="Draw.java" Intrnl_Id="383">
<LocList>
<Loc EndOffset="18561" SrcFileId="2" StartOffset="18531"/>
</LocList>
</BasicStmnt>
<BasicStmnt CovItemId="S155" CovItemPrefix="Draw.java" Intrnl_Id="384">
<LocList>
<Loc EndOffset="18587" SrcFileId="2" StartOffset="18570"/>
</LocList>
</BasicStmnt>
</StmntSeq>
</HierarchyLvl>
<HierarchyLvl HierarchyLvlId="3247" HierarchyLvlTypeId="9" Intrnl_Id="385" Name="line">
<Header>
<Loc EndOffset="19239" SrcFileId="2" StartOffset="19179"/>
</Header>
<LocList>
<Loc EndOffset="19466" SrcFileId="2" StartOffset="19179"/>
</LocList>
<StmntSeq Intrnl_Id="386">
<LocList>
<Loc EndOffset="19269" SrcFileId="2" StartOffset="19250"/>
<Loc EndOffset="19297" SrcFileId="2" StartOffset="19278"/>
<Loc EndOffset="19325" SrcFileId="2" StartOffset="19306"/>
<Loc EndOffset="19353" SrcFileId="2" StartOffset="19334"/>
<Loc EndOffset="19444" SrcFileId="2" StartOffset="19362"/>
<Loc EndOffset="19460" SrcFileId="2" StartOffset="19453"/>
</LocList>
<BasicStmnt CovItemId="S156" CovItemPrefix="Draw.java" Intrnl_Id="387">
<LocList>
<Loc EndOffset="19269" SrcFileId="2" StartOffset="19250"/>
</LocList>
</BasicStmnt>
<BasicStmnt CovItemId="S157" CovItemPrefix="Draw.java" Intrnl_Id="388">
<LocList>
<Loc EndOffset="19297" SrcFileId="2" StartOffset="19278"/>
</LocList>
</BasicStmnt>
<BasicStmnt CovItemId="S158" CovItemPrefix="Draw.java" Intrnl_Id="389">
<LocList>
<Loc EndOffset="19325" SrcFileId="2" StartOffset="19306"/>
</LocList>
</BasicStmnt>
<BasicStmnt CovItemId="S159" CovItemPrefix="Draw.java" Intrnl_Id="390">
<LocList>
<Loc EndOffset="19353" SrcFileId="2" StartOffset="19334"/>
</LocList>
</BasicStmnt>
<BasicStmnt CovItemId="S160" CovItemPrefix="Draw.java" Intrnl_Id="391">
<LocList>
<Loc EndOffset="19444" SrcFileId="2" StartOffset="19362"/>
</LocList>
</BasicStmnt>
<BasicStmnt CovItemId="S161" CovItemPrefix="Draw.java" Intrnl_Id="392">
<LocList>
<Loc EndOffset="19460" SrcFileId="2" StartOffset="19453"/>
</LocList>
</BasicStmnt>
</StmntSeq>
</HierarchyLvl>
<HierarchyLvl HierarchyLvlId="3248" HierarchyLvlTypeId="9" Intrnl_Id="393" Name="pixel">
<Header>
<Loc EndOffset="19750" SrcFileId="2" StartOffset="19713"/>
</Header>
<LocList>
<Loc EndOffset="19902" SrcFileId="2" StartOffset="19713"/>
</LocList>
<StmntSeq Intrnl_Id="394">
<LocList>
<Loc EndOffset="19778" SrcFileId="2" StartOffset="19761"/>
<Loc EndOffset="19804" SrcFileId="2" StartOffset="19787"/>
<Loc EndOffset="19896" SrcFileId="2" StartOffset="19813"/>
</LocList>
<BasicStmnt CovItemId="S162" CovItemPrefix="Draw.java" Intrnl_Id="395">
<LocList>
<Loc EndOffset="19778" SrcFileId="2" StartOffset="19761"/>
</LocList>
</BasicStmnt>
<BasicStmnt CovItemId="S163" CovItemPrefix="Draw.java" Intrnl_Id="396">
<LocList>
<Loc EndOffset="19804" SrcFileId="2" StartOffset="19787"/>
</LocList>
</BasicStmnt>
<BasicStmnt CovItemId="S164" CovItemPrefix="Draw.java" Intrnl_Id="397">
<LocList>
<Loc EndOffset="19896" SrcFileId="2" StartOffset="19813"/>
</LocList>
</BasicStmnt>
</StmntSeq>
</HierarchyLvl>
<HierarchyLvl HierarchyLvlId="3249" HierarchyLvlTypeId="9" Intrnl_Id="398" Name="point">
<Header>
<Loc EndOffset="20191" SrcFileId="2" StartOffset="20154"/>
</Header>
<LocList>
<Loc EndOffset="20592" SrcFileId="2" StartOffset="20154"/>
</LocList>
<StmntSeq Intrnl_Id="399">
<LocList>
<Loc EndOffset="20219" SrcFileId="2" StartOffset="20202"/>
<Loc EndOffset="20245" SrcFileId="2" StartOffset="20228"/>
<Loc EndOffset="20277" SrcFileId="2" StartOffset="20255"/>
<Loc EndOffset="20308" SrcFileId="2" StartOffset="20286"/>
<Loc EndOffset="20338" SrcFileId="2" StartOffset="20317"/>
<Loc EndOffset="20570" SrcFileId="2" StartOffset="20469"/>
<Loc EndOffset="20586" SrcFileId="2" StartOffset="20579"/>
</LocList>
<BasicStmnt CovItemId="S165" CovItemPrefix="Draw.java" Intrnl_Id="400">
<LocList>
<Loc EndOffset="20219" SrcFileId="2" StartOffset="20202"/>
</LocList>
</BasicStmnt>
<BasicStmnt CovItemId="S166" CovItemPrefix="Draw.java" Intrnl_Id="401">
<LocList>
<Loc EndOffset="20245" SrcFileId="2" StartOffset="20228"/>
</LocList>
</BasicStmnt>
<BasicStmnt CovItemId="S167" CovItemPrefix="Draw.java" Intrnl_Id="402">
<LocList>
<Loc EndOffset="20277" SrcFileId="2" StartOffset="20255"/>
</LocList>
</BasicStmnt>
<BasicStmnt CovItemId="S168" CovItemPrefix="Draw.java" Intrnl_Id="403">
<LocList>
<Loc EndOffset="20308" SrcFileId="2" StartOffset="20286"/>
</LocList>
</BasicStmnt>
<BasicStmnt CovItemId="S169" CovItemPrefix="Draw.java" Intrnl_Id="404">
<LocList>
<Loc EndOffset="20338" SrcFileId="2" StartOffset="20317"/>
</LocList>
</BasicStmnt>
<CondStmnt CovItemId="S170" CovItemPrefix="Draw.java" Intrnl_Id="405">
<Branch CovItemId="B25" CovItemPrefix="Draw.java" Implct="false" Intrnl_Id="406">
<Cond/>
<LocList>
<Loc EndOffset="20493" SrcFileId="2" StartOffset="20481"/>
</LocList>
<StmntSeq Intrnl_Id="407">
<LocList>
<Loc EndOffset="20493" SrcFileId="2" StartOffset="20481"/>
</LocList>
<BasicStmnt CovItemId="S171" CovItemPrefix="Draw.java" Intrnl_Id="408">
<LocList>
<Loc EndOffset="20493" SrcFileId="2" StartOffset="20481"/>
</LocList>
</BasicStmnt>
</StmntSeq>
</Branch>
<Branch CovItemId="B26" CovItemPrefix="Draw.java" Implct="false" Intrnl_Id="409">
<Cond>
<Loc EndOffset="20506" SrcFileId="2" StartOffset="20502"/>
</Cond>
<LocList>
<Loc EndOffset="20570" SrcFileId="2" StartOffset="20507"/>
</LocList>
<StmntSeq Intrnl_Id="410">
<LocList>
<Loc EndOffset="20570" SrcFileId="2" StartOffset="20507"/>
</LocList>
<BasicStmnt CovItemId="S172" CovItemPrefix="Draw.java" Intrnl_Id="411">
<LocList>
<Loc EndOffset="20570" SrcFileId="2" StartOffset="20507"/>
</LocList>
</BasicStmnt>
</StmntSeq>
</Branch>
<Keyword EndOffset="20471" SrcFileId="2" StartOffset="20469"/>
<LocList>
<Loc EndOffset="20570" SrcFileId="2" StartOffset="20469"/>
</LocList>
<RootTerm CovItemId="C13" CovItemPrefix="Draw.java" Intrnl_Id="412">
<BasicBoolTerm Intrnl_Id="413">
<LocList>
<Loc EndOffset="20479" SrcFileId="2" StartOffset="20473"/>
</LocList>
</BasicBoolTerm>
</RootTerm>
</CondStmnt>
<BasicStmnt CovItemId="S173" CovItemPrefix="Draw.java" Intrnl_Id="414">
<LocList>
<Loc EndOffset="20586" SrcFileId="2" StartOffset="20579"/>
</LocList>
</BasicStmnt>
</StmntSeq>
</HierarchyLvl>
<HierarchyLvl HierarchyLvlId="3250" HierarchyLvlTypeId="9" Intrnl_Id="415" Name="circle">
<Header>
<Loc EndOffset="21082" SrcFileId="2" StartOffset="21029"/>
</Header>
<LocList>
<Loc EndOffset="21508" SrcFileId="2" StartOffset="21029"/>
</LocList>
<StmntSeq Intrnl_Id="416">
<LocList>
<Loc EndOffset="21110" SrcFileId="2" StartOffset="21093"/>
<Loc EndOffset="21136" SrcFileId="2" StartOffset="21119"/>
<Loc EndOffset="21172" SrcFileId="2" StartOffset="21145"/>
<Loc EndOffset="21219" SrcFileId="2" StartOffset="21181"/>
<Loc EndOffset="21251" SrcFileId="2" StartOffset="21229"/>
<Loc EndOffset="21282" SrcFileId="2" StartOffset="21260"/>
<Loc EndOffset="21321" SrcFileId="2" StartOffset="21291"/>
<Loc EndOffset="21360" SrcFileId="2" StartOffset="21330"/>
<Loc EndOffset="21486" SrcFileId="2" StartOffset="21369"/>
<Loc EndOffset="21502" SrcFileId="2" StartOffset="21495"/>
</LocList>
<BasicStmnt CovItemId="S174" CovItemPrefix="Draw.java" Intrnl_Id="417">
<LocList>
<Loc EndOffset="21110" SrcFileId="2" StartOffset="21093"/>
</LocList>
</BasicStmnt>
<BasicStmnt CovItemId="S175" CovItemPrefix="Draw.java" Intrnl_Id="418">
<LocList>
<Loc EndOffset="21136" SrcFileId="2" StartOffset="21119"/>
</LocList>
</BasicStmnt>
<BasicStmnt CovItemId="S176" CovItemPrefix="Draw.java" Intrnl_Id="419">
<LocList>
<Loc EndOffset="21172" SrcFileId="2" StartOffset="21145"/>
</LocList>
</BasicStmnt>
<BasicStmnt CovItemId="S177" CovItemPrefix="Draw.java" Intrnl_Id="420">
<LocList>
<Loc EndOffset="21219" SrcFileId="2" StartOffset="21181"/>
</LocList>
</BasicStmnt>
<BasicStmnt CovItemId="S178" CovItemPrefix="Draw.java" Intrnl_Id="421">
<LocList>
<Loc EndOffset="21251" SrcFileId="2" StartOffset="21229"/>
</LocList>
</BasicStmnt>
<BasicStmnt CovItemId="S179" CovItemPrefix="Draw.java" Intrnl_Id="422">
<LocList>
<Loc EndOffset="21282" SrcFileId="2" StartOffset="21260"/>
</LocList>
</BasicStmnt>
<BasicStmnt CovItemId="S180" CovItemPrefix="Draw.java" Intrnl_Id="423">
<LocList>
<Loc EndOffset="21321" SrcFileId="2" StartOffset="21291"/>
</LocList>
</BasicStmnt>
<BasicStmnt CovItemId="S181" CovItemPrefix="Draw.java" Intrnl_Id="424">
<LocList>
<Loc EndOffset="21360" SrcFileId="2" StartOffset="21330"/>
</LocList>
</BasicStmnt>
<CondStmnt CovItemId="S182" CovItemPrefix="Draw.java" Intrnl_Id="425">
<Branch CovItemId="B27" CovItemPrefix="Draw.java" Implct="false" Intrnl_Id="426">
<Cond/>
<LocList>
<Loc EndOffset="21405" SrcFileId="2" StartOffset="21393"/>
</LocList>
<StmntSeq Intrnl_Id="427">
<LocList>
<Loc EndOffset="21405" SrcFileId="2" StartOffset="21393"/>
</LocList>
<BasicStmnt CovItemId="S183" CovItemPrefix="Draw.java" Intrnl_Id="428">
<LocList>
<Loc EndOffset="21405" SrcFileId="2" StartOffset="21393"/>
</LocList>
</BasicStmnt>
</StmntSeq>
</Branch>
<Branch CovItemId="B28" CovItemPrefix="Draw.java" Implct="false" Intrnl_Id="429">
<Cond>
<Loc EndOffset="21418" SrcFileId="2" StartOffset="21414"/>
</Cond>
<LocList>
<Loc EndOffset="21486" SrcFileId="2" StartOffset="21419"/>
</LocList>
<StmntSeq Intrnl_Id="430">
<LocList>
<Loc EndOffset="21486" SrcFileId="2" StartOffset="21419"/>
</LocList>
<BasicStmnt CovItemId="S184" CovItemPrefix="Draw.java" Intrnl_Id="431">
<LocList>
<Loc EndOffset="21486" SrcFileId="2" StartOffset="21419"/>
</LocList>
</BasicStmnt>
</StmntSeq>
</Branch>
<Keyword EndOffset="21371" SrcFileId="2" StartOffset="21369"/>
<LocList>
<Loc EndOffset="21486" SrcFileId="2" StartOffset="21369"/>
</LocList>
<RootTerm CovItemId="C14" CovItemPrefix="Draw.java" Intrnl_Id="432">
<OpTerm BooleanOpId="6" Intrnl_Id="433">
<BasicBoolTerm Intrnl_Id="434">
<LocList>
<Loc EndOffset="21380" SrcFileId="2" StartOffset="21373"/>
</LocList>
</BasicBoolTerm>
<BasicBoolTerm Intrnl_Id="435">
<LocList>
<Loc EndOffset="21391" SrcFileId="2" StartOffset="21384"/>
</LocList>
</BasicBoolTerm>
<LocList>
<Loc EndOffset="21383" SrcFileId="2" StartOffset="21381"/>
</LocList>
</OpTerm>
</RootTerm>
</CondStmnt>
<BasicStmnt CovItemId="S185" CovItemPrefix="Draw.java" Intrnl_Id="436">
<LocList>
<Loc EndOffset="21502" SrcFileId="2" StartOffset="21495"/>
</LocList>
</BasicStmnt>
</StmntSeq>
</HierarchyLvl>
<HierarchyLvl HierarchyLvlId="3251" HierarchyLvlTypeId="9" Intrnl_Id="437" Name="filledCircle">
<Header>
<Loc EndOffset="22011" SrcFileId="2" StartOffset="21952"/>
</Header>
<LocList>
<Loc EndOffset="22437" SrcFileId="2" StartOffset="21952"/>
</LocList>
<StmntSeq Intrnl_Id="438">
<LocList>
<Loc EndOffset="22039" SrcFileId="2" StartOffset="22022"/>
<Loc EndOffset="22065" SrcFileId="2" StartOffset="22048"/>
<Loc EndOffset="22101" SrcFileId="2" StartOffset="22074"/>
<Loc EndOffset="22148" SrcFileId="2" StartOffset="22110"/>
<Loc EndOffset="22180" SrcFileId="2" StartOffset="22158"/>
<Loc EndOffset="22211" SrcFileId="2" StartOffset="22189"/>
<Loc EndOffset="22250" SrcFileId="2" StartOffset="22220"/>
<Loc EndOffset="22289" SrcFileId="2" StartOffset="22259"/>
<Loc EndOffset="22415" SrcFileId="2" StartOffset="22298"/>
<Loc EndOffset="22431" SrcFileId="2" StartOffset="22424"/>
</LocList>
<BasicStmnt CovItemId="S186" CovItemPrefix="Draw.java" Intrnl_Id="439">
<LocList>
<Loc EndOffset="22039" SrcFileId="2" StartOffset="22022"/>
</LocList>
</BasicStmnt>
<BasicStmnt CovItemId="S187" CovItemPrefix="Draw.java" Intrnl_Id="440">
<LocList>
<Loc EndOffset="22065" SrcFileId="2" StartOffset="22048"/>
</LocList>
</BasicStmnt>
<BasicStmnt CovItemId="S188" CovItemPrefix="Draw.java" Intrnl_Id="441">
<LocList>
<Loc EndOffset="22101" SrcFileId="2" StartOffset="22074"/>
</LocList>
</BasicStmnt>
<BasicStmnt CovItemId="S189" CovItemPrefix="Draw.java" Intrnl_Id="442">
<LocList>
<Loc EndOffset="22148" SrcFileId="2" StartOffset="22110"/>
</LocList>
</BasicStmnt>
<BasicStmnt CovItemId="S190" CovItemPrefix="Draw.java" Intrnl_Id="443">
<LocList>
<Loc EndOffset="22180" SrcFileId="2" StartOffset="22158"/>
</LocList>
</BasicStmnt>
<BasicStmnt CovItemId="S191" CovItemPrefix="Draw.java" Intrnl_Id="444">
<LocList>
<Loc EndOffset="22211" SrcFileId="2" StartOffset="22189"/>
</LocList>
</BasicStmnt>
<BasicStmnt CovItemId="S192" CovItemPrefix="Draw.java" Intrnl_Id="445">
<LocList>
<Loc EndOffset="22250" SrcFileId="2" StartOffset="22220"/>
</LocList>
</BasicStmnt>
<BasicStmnt CovItemId="S193" CovItemPrefix="Draw.java" Intrnl_Id="446">
<LocList>
<Loc EndOffset="22289" SrcFileId="2" StartOffset="22259"/>
</LocList>
</BasicStmnt>
<CondStmnt CovItemId="S194" CovItemPrefix="Draw.java" Intrnl_Id="447">
<Branch CovItemId="B29" CovItemPrefix="Draw.java" Implct="false" Intrnl_Id="448">
<Cond/>
<LocList>
<Loc EndOffset="22334" SrcFileId="2" StartOffset="22322"/>
</LocList>
<StmntSeq Intrnl_Id="449">
<LocList>
<Loc EndOffset="22334" SrcFileId="2" StartOffset="22322"/>
</LocList>
<BasicStmnt CovItemId="S195" CovItemPrefix="Draw.java" Intrnl_Id="450">
<LocList>
<Loc EndOffset="22334" SrcFileId="2" StartOffset="22322"/>
</LocList>
</BasicStmnt>
</StmntSeq>
</Branch>
<Branch CovItemId="B30" CovItemPrefix="Draw.java" Implct="false" Intrnl_Id="451">
<Cond>
<Loc EndOffset="22347" SrcFileId="2" StartOffset="22343"/>
</Cond>
<LocList>
<Loc EndOffset="22415" SrcFileId="2" StartOffset="22348"/>
</LocList>
<StmntSeq Intrnl_Id="452">
<LocList>
<Loc EndOffset="22415" SrcFileId="2" StartOffset="22348"/>
</LocList>
<BasicStmnt CovItemId="S196" CovItemPrefix="Draw.java" Intrnl_Id="453">
<LocList>
<Loc EndOffset="22415" SrcFileId="2" StartOffset="22348"/>
</LocList>
</BasicStmnt>
</StmntSeq>
</Branch>
<Keyword EndOffset="22300" SrcFileId="2" StartOffset="22298"/>
<LocList>
<Loc EndOffset="22415" SrcFileId="2" StartOffset="22298"/>
</LocList>
<RootTerm CovItemId="C15" CovItemPrefix="Draw.java" Intrnl_Id="454">
<OpTerm BooleanOpId="6" Intrnl_Id="455">
<BasicBoolTerm Intrnl_Id="456">
<LocList>
<Loc EndOffset="22309" SrcFileId="2" StartOffset="22302"/>
</LocList>
</BasicBoolTerm>
<BasicBoolTerm Intrnl_Id="457">
<LocList>
<Loc EndOffset="22320" SrcFileId="2" StartOffset="22313"/>
</LocList>
</BasicBoolTerm>
<LocList>
<Loc EndOffset="22312" SrcFileId="2" StartOffset="22310"/>
</LocList>
</OpTerm>
</RootTerm>
</CondStmnt>
<BasicStmnt CovItemId="S197" CovItemPrefix="Draw.java" Intrnl_Id="458">
<LocList>
<Loc EndOffset="22431" SrcFileId="2" StartOffset="22424"/>
</LocList>
</BasicStmnt>
</StmntSeq>
</HierarchyLvl>
<HierarchyLvl HierarchyLvlId="3252" HierarchyLvlTypeId="9" Intrnl_Id="459" Name="ellipse">
<Header>
<Loc EndOffset="23150" SrcFileId="2" StartOffset="23067"/>
</Header>
<LocList>
<Loc EndOffset="23733" SrcFileId="2" StartOffset="23067"/>
</LocList>
<StmntSeq Intrnl_Id="460">
<LocList>
<Loc EndOffset="23178" SrcFileId="2" StartOffset="23161"/>
<Loc EndOffset="23204" SrcFileId="2" StartOffset="23187"/>
<Loc EndOffset="23255" SrcFileId="2" StartOffset="23213"/>
<Loc EndOffset="23306" SrcFileId="2" StartOffset="23264"/>
<Loc EndOffset="23368" SrcFileId="2" StartOffset="23315"/>
<Loc EndOffset="23430" SrcFileId="2" StartOffset="23377"/>
<Loc EndOffset="23462" SrcFileId="2" StartOffset="23440"/>
<Loc EndOffset="23493" SrcFileId="2" StartOffset="23471"/>
<Loc EndOffset="23539" SrcFileId="2" StartOffset="23502"/>
<Loc EndOffset="23585" SrcFileId="2" StartOffset="23548"/>
<Loc EndOffset="23711" SrcFileId="2" StartOffset="23594"/>
<Loc EndOffset="23727" SrcFileId="2" StartOffset="23720"/>
</LocList>
<BasicStmnt CovItemId="S198" CovItemPrefix="Draw.java" Intrnl_Id="461">
<LocList>
<Loc EndOffset="23178" SrcFileId="2" StartOffset="23161"/>
</LocList>
</BasicStmnt>
<BasicStmnt CovItemId="S199" CovItemPrefix="Draw.java" Intrnl_Id="462">
<LocList>
<Loc EndOffset="23204" SrcFileId="2" StartOffset="23187"/>
</LocList>
</BasicStmnt>
<BasicStmnt CovItemId="S200" CovItemPrefix="Draw.java" Intrnl_Id="463">
<LocList>
<Loc EndOffset="23255" SrcFileId="2" StartOffset="23213"/>
</LocList>
</BasicStmnt>
<BasicStmnt CovItemId="S201" CovItemPrefix="Draw.java" Intrnl_Id="464">
<LocList>
<Loc EndOffset="23306" SrcFileId="2" StartOffset="23264"/>
</LocList>
</BasicStmnt>
<BasicStmnt CovItemId="S202" CovItemPrefix="Draw.java" Intrnl_Id="465">
<LocList>
<Loc EndOffset="23368" SrcFileId="2" StartOffset="23315"/>
</LocList>
</BasicStmnt>
<BasicStmnt CovItemId="S203" CovItemPrefix="Draw.java" Intrnl_Id="466">
<LocList>
<Loc EndOffset="23430" SrcFileId="2" StartOffset="23377"/>
</LocList>
</BasicStmnt>
<BasicStmnt CovItemId="S204" CovItemPrefix="Draw.java" Intrnl_Id="467">
<LocList>
<Loc EndOffset="23462" SrcFileId="2" StartOffset="23440"/>
</LocList>
</BasicStmnt>
<BasicStmnt CovItemId="S205" CovItemPrefix="Draw.java" Intrnl_Id="468">
<LocList>
<Loc EndOffset="23493" SrcFileId="2" StartOffset="23471"/>
</LocList>
</BasicStmnt>
<BasicStmnt CovItemId="S206" CovItemPrefix="Draw.java" Intrnl_Id="469">
<LocList>
<Loc EndOffset="23539" SrcFileId="2" StartOffset="23502"/>
</LocList>
</BasicStmnt>
<BasicStmnt CovItemId="S207" CovItemPrefix="Draw.java" Intrnl_Id="470">
<LocList>
<Loc EndOffset="23585" SrcFileId="2" StartOffset="23548"/>
</LocList>
</BasicStmnt>
<CondStmnt CovItemId="S208" CovItemPrefix="Draw.java" Intrnl_Id="471">
<Branch CovItemId="B31" CovItemPrefix="Draw.java" Implct="false" Intrnl_Id="472">
<Cond/>
<LocList>
<Loc EndOffset="23630" SrcFileId="2" StartOffset="23618"/>
</LocList>
<StmntSeq Intrnl_Id="473">
<LocList>
<Loc EndOffset="23630" SrcFileId="2" StartOffset="23618"/>
</LocList>
<BasicStmnt CovItemId="S209" CovItemPrefix="Draw.java" Intrnl_Id="474">
<LocList>
<Loc EndOffset="23630" SrcFileId="2" StartOffset="23618"/>
</LocList>
</BasicStmnt>
</StmntSeq>
</Branch>
<Branch CovItemId="B32" CovItemPrefix="Draw.java" Implct="false" Intrnl_Id="475">
<Cond>
<Loc EndOffset="23643" SrcFileId="2" StartOffset="23639"/>
</Cond>
<LocList>
<Loc EndOffset="23711" SrcFileId="2" StartOffset="23644"/>
</LocList>
<StmntSeq Intrnl_Id="476">
<LocList>
<Loc EndOffset="23711" SrcFileId="2" StartOffset="23644"/>
</LocList>
<BasicStmnt CovItemId="S210" CovItemPrefix="Draw.java" Intrnl_Id="477">
<LocList>
<Loc EndOffset="23711" SrcFileId="2" StartOffset="23644"/>
</LocList>
</BasicStmnt>
</StmntSeq>
</Branch>
<Keyword EndOffset="23596" SrcFileId="2" StartOffset="23594"/>
<LocList>
<Loc EndOffset="23711" SrcFileId="2" StartOffset="23594"/>
</LocList>
<RootTerm CovItemId="C16" CovItemPrefix="Draw.java" Intrnl_Id="478">
<OpTerm BooleanOpId="6" Intrnl_Id="479">
<BasicBoolTerm Intrnl_Id="480">
<LocList>
<Loc EndOffset="23605" SrcFileId="2" StartOffset="23598"/>
</LocList>
</BasicBoolTerm>
<BasicBoolTerm Intrnl_Id="481">
<LocList>
<Loc EndOffset="23616" SrcFileId="2" StartOffset="23609"/>
</LocList>
</BasicBoolTerm>
<LocList>
<Loc EndOffset="23608" SrcFileId="2" StartOffset="23606"/>
</LocList>
</OpTerm>
</RootTerm>
</CondStmnt>
<BasicStmnt CovItemId="S211" CovItemPrefix="Draw.java" Intrnl_Id="482">
<LocList>
<Loc EndOffset="23727" SrcFileId="2" StartOffset="23720"/>
</LocList>
</BasicStmnt>
</StmntSeq>
</HierarchyLvl>
<HierarchyLvl HierarchyLvlId="3253" HierarchyLvlTypeId="9" Intrnl_Id="483" Name="filledEllipse">
<Header>
<Loc EndOffset="24457" SrcFileId="2" StartOffset="24368"/>
</Header>
<LocList>
<Loc EndOffset="25040" SrcFileId="2" StartOffset="24368"/>
</LocList>
<StmntSeq Intrnl_Id="484">
<LocList>
<Loc EndOffset="24485" SrcFileId="2" StartOffset="24468"/>
<Loc EndOffset="24511" SrcFileId="2" StartOffset="24494"/>
<Loc EndOffset="24562" SrcFileId="2" StartOffset="24520"/>
<Loc EndOffset="24613" SrcFileId="2" StartOffset="24571"/>
<Loc EndOffset="24675" SrcFileId="2" StartOffset="24622"/>
<Loc EndOffset="24737" SrcFileId="2" StartOffset="24684"/>
<Loc EndOffset="24769" SrcFileId="2" StartOffset="24747"/>
<Loc EndOffset="24800" SrcFileId="2" StartOffset="24778"/>
<Loc EndOffset="24846" SrcFileId="2" StartOffset="24809"/>
<Loc EndOffset="24892" SrcFileId="2" StartOffset="24855"/>
<Loc EndOffset="25018" SrcFileId="2" StartOffset="24901"/>
<Loc EndOffset="25034" SrcFileId="2" StartOffset="25027"/>
</LocList>
<BasicStmnt CovItemId="S212" CovItemPrefix="Draw.java" Intrnl_Id="485">
<LocList>
<Loc EndOffset="24485" SrcFileId="2" StartOffset="24468"/>
</LocList>
</BasicStmnt>
<BasicStmnt CovItemId="S213" CovItemPrefix="Draw.java" Intrnl_Id="486">
<LocList>
<Loc EndOffset="24511" SrcFileId="2" StartOffset="24494"/>
</LocList>
</BasicStmnt>
<BasicStmnt CovItemId="S214" CovItemPrefix="Draw.java" Intrnl_Id="487">
<LocList>
<Loc EndOffset="24562" SrcFileId="2" StartOffset="24520"/>
</LocList>
</BasicStmnt>
<BasicStmnt CovItemId="S215" CovItemPrefix="Draw.java" Intrnl_Id="488">
<LocList>
<Loc EndOffset="24613" SrcFileId="2" StartOffset="24571"/>
</LocList>
</BasicStmnt>
<BasicStmnt CovItemId="S216" CovItemPrefix="Draw.java" Intrnl_Id="489">
<LocList>
<Loc EndOffset="24675" SrcFileId="2" StartOffset="24622"/>
</LocList>
</BasicStmnt>
<BasicStmnt CovItemId="S217" CovItemPrefix="Draw.java" Intrnl_Id="490">
<LocList>
<Loc EndOffset="24737" SrcFileId="2" StartOffset="24684"/>
</LocList>
</BasicStmnt>
<BasicStmnt CovItemId="S218" CovItemPrefix="Draw.java" Intrnl_Id="491">
<LocList>
<Loc EndOffset="24769" SrcFileId="2" StartOffset="24747"/>
</LocList>
</BasicStmnt>
<BasicStmnt CovItemId="S219" CovItemPrefix="Draw.java" Intrnl_Id="492">
<LocList>
<Loc EndOffset="24800" SrcFileId="2" StartOffset="24778"/>
</LocList>
</BasicStmnt>
<BasicStmnt CovItemId="S220" CovItemPrefix="Draw.java" Intrnl_Id="493">
<LocList>
<Loc EndOffset="24846" SrcFileId="2" StartOffset="24809"/>
</LocList>
</BasicStmnt>
<BasicStmnt CovItemId="S221" CovItemPrefix="Draw.java" Intrnl_Id="494">
<LocList>
<Loc EndOffset="24892" SrcFileId="2" StartOffset="24855"/>
</LocList>
</BasicStmnt>
<CondStmnt CovItemId="S222" CovItemPrefix="Draw.java" Intrnl_Id="495">
<Branch CovItemId="B33" CovItemPrefix="Draw.java" Implct="false" Intrnl_Id="496">
<Cond/>
<LocList>
<Loc EndOffset="24937" SrcFileId="2" StartOffset="24925"/>
</LocList>
<StmntSeq Intrnl_Id="497">
<LocList>
<Loc EndOffset="24937" SrcFileId="2" StartOffset="24925"/>
</LocList>
<BasicStmnt CovItemId="S223" CovItemPrefix="Draw.java" Intrnl_Id="498">
<LocList>
<Loc EndOffset="24937" SrcFileId="2" StartOffset="24925"/>
</LocList>
</BasicStmnt>
</StmntSeq>
</Branch>
<Branch CovItemId="B34" CovItemPrefix="Draw.java" Implct="false" Intrnl_Id="499">
<Cond>
<Loc EndOffset="24950" SrcFileId="2" StartOffset="24946"/>
</Cond>
<LocList>
<Loc EndOffset="25018" SrcFileId="2" StartOffset="24951"/>
</LocList>
<StmntSeq Intrnl_Id="500">
<LocList>
<Loc EndOffset="25018" SrcFileId="2" StartOffset="24951"/>
</LocList>
<BasicStmnt CovItemId="S224" CovItemPrefix="Draw.java" Intrnl_Id="501">
<LocList>
<Loc EndOffset="25018" SrcFileId="2" StartOffset="24951"/>
</LocList>
</BasicStmnt>
</StmntSeq>
</Branch>
<Keyword EndOffset="24903" SrcFileId="2" StartOffset="24901"/>
<LocList>
<Loc EndOffset="25018" SrcFileId="2" StartOffset="24901"/>
</LocList>
<RootTerm CovItemId="C17" CovItemPrefix="Draw.java" Intrnl_Id="502">
<OpTerm BooleanOpId="6" Intrnl_Id="503">
<BasicBoolTerm Intrnl_Id="504">
<LocList>
<Loc EndOffset="24912" SrcFileId="2" StartOffset="24905"/>
</LocList>
</BasicBoolTerm>
<BasicBoolTerm Intrnl_Id="505">
<LocList>
<Loc EndOffset="24923" SrcFileId="2" StartOffset="24916"/>
</LocList>
</BasicBoolTerm>
<LocList>
<Loc EndOffset="24915" SrcFileId="2" StartOffset="24913"/>
</LocList>
</OpTerm>
</RootTerm>
</CondStmnt>
<BasicStmnt CovItemId="S225" CovItemPrefix="Draw.java" Intrnl_Id="506">
<LocList>
<Loc EndOffset="25034" SrcFileId="2" StartOffset="25027"/>
</LocList>
</BasicStmnt>
</StmntSeq>
</HierarchyLvl>
<HierarchyLvl HierarchyLvlId="3254" HierarchyLvlTypeId="9" Intrnl_Id="507" Name="arc">
<Header>
<Loc EndOffset="25857" SrcFileId="2" StartOffset="25777"/>
</Header>
<LocList>
<Loc EndOffset="26443" SrcFileId="2" StartOffset="25777"/>
</LocList>
<StmntSeq Intrnl_Id="508">
<LocList>
<Loc EndOffset="25885" SrcFileId="2" StartOffset="25868"/>
<Loc EndOffset="25911" SrcFileId="2" StartOffset="25894"/>
<Loc EndOffset="25951" SrcFileId="2" StartOffset="25920"/>
<Loc EndOffset="25987" SrcFileId="2" StartOffset="25960"/>
<Loc EndOffset="26023" SrcFileId="2" StartOffset="25996"/>
<Loc EndOffset="26074" SrcFileId="2" StartOffset="26032"/>
<Loc EndOffset="26122" SrcFileId="2" StartOffset="26084"/>
<Loc EndOffset="26153" SrcFileId="2" StartOffset="26131"/>
<Loc EndOffset="26184" SrcFileId="2" StartOffset="26162"/>
<Loc EndOffset="26223" SrcFileId="2" StartOffset="26193"/>
<Loc EndOffset="26262" SrcFileId="2" StartOffset="26232"/>
<Loc EndOffset="26421" SrcFileId="2" StartOffset="26271"/>
<Loc EndOffset="26437" SrcFileId="2" StartOffset="26430"/>
</LocList>
<BasicStmnt CovItemId="S226" CovItemPrefix="Draw.java" Intrnl_Id="509">
<LocList>
<Loc EndOffset="25885" SrcFileId="2" StartOffset="25868"/>
</LocList>
</BasicStmnt>
<BasicStmnt CovItemId="S227" CovItemPrefix="Draw.java" Intrnl_Id="510">
<LocList>
<Loc EndOffset="25911" SrcFileId="2" StartOffset="25894"/>
</LocList>
</BasicStmnt>
<BasicStmnt CovItemId="S228" CovItemPrefix="Draw.java" Intrnl_Id="511">
<LocList>
<Loc EndOffset="25951" SrcFileId="2" StartOffset="25920"/>
</LocList>
</BasicStmnt>
<BasicStmnt CovItemId="S229" CovItemPrefix="Draw.java" Intrnl_Id="512">
<LocList>
<Loc EndOffset="25987" SrcFileId="2" StartOffset="25960"/>
</LocList>
</BasicStmnt>
<BasicStmnt CovItemId="S230" CovItemPrefix="Draw.java" Intrnl_Id="513">
<LocList>
<Loc EndOffset="26023" SrcFileId="2" StartOffset="25996"/>
</LocList>
</BasicStmnt>
<BasicStmnt CovItemId="S231" CovItemPrefix="Draw.java" Intrnl_Id="514">
<LocList>
<Loc EndOffset="26074" SrcFileId="2" StartOffset="26032"/>
</LocList>
</BasicStmnt>
<LoopStmnt CovItemId="S232" CovItemPrefix="Draw.java" Intrnl_Id="515" MltplExecId="L1-2" MltplExecPrefix="Draw.java" NvrExecId="L1-0" NvrExecPrefix="Draw.java" OnceExecutedId="L1-1" OnceExecutedPrefix="Draw.java" OptBodyExec="true">
<StmntSeq Intrnl_Id="516">
<LocList>
<Loc EndOffset="26122" SrcFileId="2" StartOffset="26108"/>
</LocList>
<BasicStmnt CovItemId="S233" CovItemPrefix="Draw.java" Intrnl_Id="517">
<LocList>
<Loc EndOffset="26122" SrcFileId="2" StartOffset="26108"/>
</LocList>
</BasicStmnt>
</StmntSeq>
<Keyword EndOffset="26089" SrcFileId="2" StartOffset="26084"/>
<LocList>
<Loc EndOffset="26122" SrcFileId="2" StartOffset="26084"/>
</LocList>
<RootTerm CovItemId="C18" CovItemPrefix="Draw.java" Intrnl_Id="518">
<BasicBoolTerm Intrnl_Id="519">
<LocList>
<Loc EndOffset="26106" SrcFileId="2" StartOffset="26091"/>
</LocList>
</BasicBoolTerm>
</RootTerm>
</LoopStmnt>
<BasicStmnt CovItemId="S234" CovItemPrefix="Draw.java" Intrnl_Id="520">
<LocList>
<Loc EndOffset="26153" SrcFileId="2" StartOffset="26131"/>
</LocList>
</BasicStmnt>
<BasicStmnt CovItemId="S235" CovItemPrefix="Draw.java" Intrnl_Id="521">
<LocList>
<Loc EndOffset="26184" SrcFileId="2" StartOffset="26162"/>
</LocList>
</BasicStmnt>
<BasicStmnt CovItemId="S236" CovItemPrefix="Draw.java" Intrnl_Id="522">
<LocList>
<Loc EndOffset="26223" SrcFileId="2" StartOffset="26193"/>
</LocList>
</BasicStmnt>
<BasicStmnt CovItemId="S237" CovItemPrefix="Draw.java" Intrnl_Id="523">
<LocList>
<Loc EndOffset="26262" SrcFileId="2" StartOffset="26232"/>
</LocList>
</BasicStmnt>
<CondStmnt CovItemId="S238" CovItemPrefix="Draw.java" Intrnl_Id="524">
<Branch CovItemId="B35" CovItemPrefix="Draw.java" Implct="false" Intrnl_Id="525">
<Cond/>
<LocList>
<Loc EndOffset="26307" SrcFileId="2" StartOffset="26295"/>
</LocList>
<StmntSeq Intrnl_Id="526">
<LocList>
<Loc EndOffset="26307" SrcFileId="2" StartOffset="26295"/>
</LocList>
<BasicStmnt CovItemId="S239" CovItemPrefix="Draw.java" Intrnl_Id="527">
<LocList>
<Loc EndOffset="26307" SrcFileId="2" StartOffset="26295"/>
</LocList>
</BasicStmnt>
</StmntSeq>
</Branch>
<Branch CovItemId="B36" CovItemPrefix="Draw.java" Implct="false" Intrnl_Id="528">
<Cond>
<Loc EndOffset="26320" SrcFileId="2" StartOffset="26316"/>
</Cond>
<LocList>
<Loc EndOffset="26421" SrcFileId="2" StartOffset="26321"/>
</LocList>
<StmntSeq Intrnl_Id="529">
<LocList>
<Loc EndOffset="26421" SrcFileId="2" StartOffset="26321"/>
</LocList>
<BasicStmnt CovItemId="S240" CovItemPrefix="Draw.java" Intrnl_Id="530">
<LocList>
<Loc EndOffset="26421" SrcFileId="2" StartOffset="26321"/>
</LocList>
</BasicStmnt>
</StmntSeq>
</Branch>
<Keyword EndOffset="26273" SrcFileId="2" StartOffset="26271"/>
<LocList>
<Loc EndOffset="26421" SrcFileId="2" StartOffset="26271"/>
</LocList>
<RootTerm CovItemId="C19" CovItemPrefix="Draw.java" Intrnl_Id="531">
<OpTerm BooleanOpId="6" Intrnl_Id="532">
<BasicBoolTerm Intrnl_Id="533">
<LocList>
<Loc EndOffset="26282" SrcFileId="2" StartOffset="26275"/>
</LocList>
</BasicBoolTerm>
<BasicBoolTerm Intrnl_Id="534">
<LocList>
<Loc EndOffset="26293" SrcFileId="2" StartOffset="26286"/>
</LocList>
</BasicBoolTerm>
<LocList>
<Loc EndOffset="26285" SrcFileId="2" StartOffset="26283"/>
</LocList>
</OpTerm>
</RootTerm>
</CondStmnt>
<BasicStmnt CovItemId="S241" CovItemPrefix="Draw.java" Intrnl_Id="535">
<LocList>
<Loc EndOffset="26437" SrcFileId="2" StartOffset="26430"/>
</LocList>
</BasicStmnt>
</StmntSeq>
</HierarchyLvl>
<HierarchyLvl HierarchyLvlId="3255" HierarchyLvlTypeId="9" Intrnl_Id="536" Name="square">
<Header>
<Loc EndOffset="26982" SrcFileId="2" StartOffset="26925"/>
</Header>
<LocList>
<Loc EndOffset="27435" SrcFileId="2" StartOffset="26925"/>
</LocList>
<StmntSeq Intrnl_Id="537">
<LocList>
<Loc EndOffset="27010" SrcFileId="2" StartOffset="26993"/>
<Loc EndOffset="27036" SrcFileId="2" StartOffset="27019"/>
<Loc EndOffset="27080" SrcFileId="2" StartOffset="27045"/>
<Loc EndOffset="27136" SrcFileId="2" StartOffset="27089"/>
<Loc EndOffset="27168" SrcFileId="2" StartOffset="27146"/>
<Loc EndOffset="27199" SrcFileId="2" StartOffset="27177"/>
<Loc EndOffset="27242" SrcFileId="2" StartOffset="27208"/>
<Loc EndOffset="27285" SrcFileId="2" StartOffset="27251"/>
<Loc EndOffset="27413" SrcFileId="2" StartOffset="27294"/>
<Loc EndOffset="27429" SrcFileId="2" StartOffset="27422"/>
</LocList>
<BasicStmnt CovItemId="S242" CovItemPrefix="Draw.java" Intrnl_Id="538">
<LocList>
<Loc EndOffset="27010" SrcFileId="2" StartOffset="26993"/>
</LocList>
</BasicStmnt>
<BasicStmnt CovItemId="S243" CovItemPrefix="Draw.java" Intrnl_Id="539">
<LocList>
<Loc EndOffset="27036" SrcFileId="2" StartOffset="27019"/>
</LocList>
</BasicStmnt>
<BasicStmnt CovItemId="S244" CovItemPrefix="Draw.java" Intrnl_Id="540">
<LocList>
<Loc EndOffset="27080" SrcFileId="2" StartOffset="27045"/>
</LocList>
</BasicStmnt>
<BasicStmnt CovItemId="S245" CovItemPrefix="Draw.java" Intrnl_Id="541">
<LocList>
<Loc EndOffset="27136" SrcFileId="2" StartOffset="27089"/>
</LocList>
</BasicStmnt>
<BasicStmnt CovItemId="S246" CovItemPrefix="Draw.java" Intrnl_Id="542">
<LocList>
<Loc EndOffset="27168" SrcFileId="2" StartOffset="27146"/>
</LocList>
</BasicStmnt>
<BasicStmnt CovItemId="S247" CovItemPrefix="Draw.java" Intrnl_Id="543">
<LocList>
<Loc EndOffset="27199" SrcFileId="2" StartOffset="27177"/>
</LocList>
</BasicStmnt>
<BasicStmnt CovItemId="S248" CovItemPrefix="Draw.java" Intrnl_Id="544">
<LocList>
<Loc EndOffset="27242" SrcFileId="2" StartOffset="27208"/>
</LocList>
</BasicStmnt>
<BasicStmnt CovItemId="S249" CovItemPrefix="Draw.java" Intrnl_Id="545">
<LocList>
<Loc EndOffset="27285" SrcFileId="2" StartOffset="27251"/>
</LocList>
</BasicStmnt>
<CondStmnt CovItemId="S250" CovItemPrefix="Draw.java" Intrnl_Id="546">
<Branch CovItemId="B37" CovItemPrefix="Draw.java" Implct="false" Intrnl_Id="547">
<Cond/>
<LocList>
<Loc EndOffset="27330" SrcFileId="2" StartOffset="27318"/>
</LocList>
<StmntSeq Intrnl_Id="548">
<LocList>
<Loc EndOffset="27330" SrcFileId="2" StartOffset="27318"/>
</LocList>
<BasicStmnt CovItemId="S251" CovItemPrefix="Draw.java" Intrnl_Id="549">
<LocList>
<Loc EndOffset="27330" SrcFileId="2" StartOffset="27318"/>
</LocList>
</BasicStmnt>
</StmntSeq>
</Branch>
<Branch CovItemId="B38" CovItemPrefix="Draw.java" Implct="false" Intrnl_Id="550">
<Cond>
<Loc EndOffset="27343" SrcFileId="2" StartOffset="27339"/>
</Cond>
<LocList>
<Loc EndOffset="27413" SrcFileId="2" StartOffset="27344"/>
</LocList>
<StmntSeq Intrnl_Id="551">
<LocList>
<Loc EndOffset="27413" SrcFileId="2" StartOffset="27344"/>
</LocList>
<BasicStmnt CovItemId="S252" CovItemPrefix="Draw.java" Intrnl_Id="552">
<LocList>
<Loc EndOffset="27413" SrcFileId="2" StartOffset="27344"/>
</LocList>
</BasicStmnt>
</StmntSeq>
</Branch>
<Keyword EndOffset="27296" SrcFileId="2" StartOffset="27294"/>
<LocList>
<Loc EndOffset="27413" SrcFileId="2" StartOffset="27294"/>
</LocList>
<RootTerm CovItemId="C20" CovItemPrefix="Draw.java" Intrnl_Id="553">
<OpTerm BooleanOpId="6" Intrnl_Id="554">
<BasicBoolTerm Intrnl_Id="555">
<LocList>
<Loc EndOffset="27305" SrcFileId="2" StartOffset="27298"/>
</LocList>
</BasicBoolTerm>
<BasicBoolTerm Intrnl_Id="556">
<LocList>
<Loc EndOffset="27316" SrcFileId="2" StartOffset="27309"/>
</LocList>
</BasicBoolTerm>
<LocList>
<Loc EndOffset="27308" SrcFileId="2" StartOffset="27306"/>
</LocList>
</OpTerm>
</RootTerm>
</CondStmnt>
<BasicStmnt CovItemId="S253" CovItemPrefix="Draw.java" Intrnl_Id="557">
<LocList>
<Loc EndOffset="27429" SrcFileId="2" StartOffset="27422"/>
</LocList>
</BasicStmnt>
</StmntSeq>
</HierarchyLvl>
<HierarchyLvl HierarchyLvlId="3256" HierarchyLvlTypeId="9" Intrnl_Id="558" Name="filledSquare">
<Header>
<Loc EndOffset="27980" SrcFileId="2" StartOffset="27917"/>
</Header>
<LocList>
<Loc EndOffset="28433" SrcFileId="2" StartOffset="27917"/>
</LocList>
<StmntSeq Intrnl_Id="559">
<LocList>
<Loc EndOffset="28008" SrcFileId="2" StartOffset="27991"/>
<Loc EndOffset="28034" SrcFileId="2" StartOffset="28017"/>
<Loc EndOffset="28078" SrcFileId="2" StartOffset="28043"/>
<Loc EndOffset="28134" SrcFileId="2" StartOffset="28087"/>
<Loc EndOffset="28166" SrcFileId="2" StartOffset="28144"/>
<Loc EndOffset="28197" SrcFileId="2" StartOffset="28175"/>
<Loc EndOffset="28240" SrcFileId="2" StartOffset="28206"/>
<Loc EndOffset="28283" SrcFileId="2" StartOffset="28249"/>
<Loc EndOffset="28411" SrcFileId="2" StartOffset="28292"/>
<Loc EndOffset="28427" SrcFileId="2" StartOffset="28420"/>
</LocList>
<BasicStmnt CovItemId="S254" CovItemPrefix="Draw.java" Intrnl_Id="560">
<LocList>
<Loc EndOffset="28008" SrcFileId="2" StartOffset="27991"/>
</LocList>
</BasicStmnt>
<BasicStmnt CovItemId="S255" CovItemPrefix="Draw.java" Intrnl_Id="561">
<LocList>
<Loc EndOffset="28034" SrcFileId="2" StartOffset="28017"/>
</LocList>
</BasicStmnt>
<BasicStmnt CovItemId="S256" CovItemPrefix="Draw.java" Intrnl_Id="562">
<LocList>
<Loc EndOffset="28078" SrcFileId="2" StartOffset="28043"/>
</LocList>
</BasicStmnt>
<BasicStmnt CovItemId="S257" CovItemPrefix="Draw.java" Intrnl_Id="563">
<LocList>
<Loc EndOffset="28134" SrcFileId="2" StartOffset="28087"/>
</LocList>
</BasicStmnt>
<BasicStmnt CovItemId="S258" CovItemPrefix="Draw.java" Intrnl_Id="564">
<LocList>
<Loc EndOffset="28166" SrcFileId="2" StartOffset="28144"/>
</LocList>
</BasicStmnt>
<BasicStmnt CovItemId="S259" CovItemPrefix="Draw.java" Intrnl_Id="565">
<LocList>
<Loc EndOffset="28197" SrcFileId="2" StartOffset="28175"/>
</LocList>
</BasicStmnt>
<BasicStmnt CovItemId="S260" CovItemPrefix="Draw.java" Intrnl_Id="566">
<LocList>
<Loc EndOffset="28240" SrcFileId="2" StartOffset="28206"/>
</LocList>
</BasicStmnt>
<BasicStmnt CovItemId="S261" CovItemPrefix="Draw.java" Intrnl_Id="567">
<LocList>
<Loc EndOffset="28283" SrcFileId="2" StartOffset="28249"/>
</LocList>
</BasicStmnt>
<CondStmnt CovItemId="S262" CovItemPrefix="Draw.java" Intrnl_Id="568">
<Branch CovItemId="B39" CovItemPrefix="Draw.java" Implct="false" Intrnl_Id="569">
<Cond/>
<LocList>
<Loc EndOffset="28328" SrcFileId="2" StartOffset="28316"/>
</LocList>
<StmntSeq Intrnl_Id="570">
<LocList>
<Loc EndOffset="28328" SrcFileId="2" StartOffset="28316"/>
</LocList>
<BasicStmnt CovItemId="S263" CovItemPrefix="Draw.java" Intrnl_Id="571">
<LocList>
<Loc EndOffset="28328" SrcFileId="2" StartOffset="28316"/>
</LocList>
</BasicStmnt>
</StmntSeq>
</Branch>
<Branch CovItemId="B40" CovItemPrefix="Draw.java" Implct="false" Intrnl_Id="572">
<Cond>
<Loc EndOffset="28341" SrcFileId="2" StartOffset="28337"/>
</Cond>
<LocList>
<Loc EndOffset="28411" SrcFileId="2" StartOffset="28342"/>
</LocList>
<StmntSeq Intrnl_Id="573">
<LocList>
<Loc EndOffset="28411" SrcFileId="2" StartOffset="28342"/>
</LocList>
<BasicStmnt CovItemId="S264" CovItemPrefix="Draw.java" Intrnl_Id="574">
<LocList>
<Loc EndOffset="28411" SrcFileId="2" StartOffset="28342"/>
</LocList>
</BasicStmnt>
</StmntSeq>
</Branch>
<Keyword EndOffset="28294" SrcFileId="2" StartOffset="28292"/>
<LocList>
<Loc EndOffset="28411" SrcFileId="2" StartOffset="28292"/>
</LocList>
<RootTerm CovItemId="C21" CovItemPrefix="Draw.java" Intrnl_Id="575">
<OpTerm BooleanOpId="6" Intrnl_Id="576">
<BasicBoolTerm Intrnl_Id="577">
<LocList>
<Loc EndOffset="28303" SrcFileId="2" StartOffset="28296"/>
</LocList>
</BasicBoolTerm>
<BasicBoolTerm Intrnl_Id="578">
<LocList>
<Loc EndOffset="28314" SrcFileId="2" StartOffset="28307"/>
</LocList>
</BasicBoolTerm>
<LocList>
<Loc EndOffset="28306" SrcFileId="2" StartOffset="28304"/>
</LocList>
</OpTerm>
</RootTerm>
</CondStmnt>
<BasicStmnt CovItemId="S265" CovItemPrefix="Draw.java" Intrnl_Id="579">
<LocList>
<Loc EndOffset="28427" SrcFileId="2" StartOffset="28420"/>
</LocList>
</BasicStmnt>
</StmntSeq>
</HierarchyLvl>
<HierarchyLvl HierarchyLvlId="3257" HierarchyLvlTypeId="9" Intrnl_Id="580" Name="rectangle">
<Header>
<Loc EndOffset="29083" SrcFileId="2" StartOffset="29005"/>
</Header>
<LocList>
<Loc EndOffset="29631" SrcFileId="2" StartOffset="29005"/>
</LocList>
<StmntSeq Intrnl_Id="581">
<LocList>
<Loc EndOffset="29111" SrcFileId="2" StartOffset="29094"/>
<Loc EndOffset="29137" SrcFileId="2" StartOffset="29120"/>
<Loc EndOffset="29179" SrcFileId="2" StartOffset="29146"/>
<Loc EndOffset="29223" SrcFileId="2" StartOffset="29188"/>
<Loc EndOffset="29277" SrcFileId="2" StartOffset="29232"/>
<Loc EndOffset="29333" SrcFileId="2" StartOffset="29286"/>
<Loc EndOffset="29365" SrcFileId="2" StartOffset="29343"/>
<Loc EndOffset="29396" SrcFileId="2" StartOffset="29374"/>
<Loc EndOffset="29438" SrcFileId="2" StartOffset="29405"/>
<Loc EndOffset="29481" SrcFileId="2" StartOffset="29447"/>
<Loc EndOffset="29609" SrcFileId="2" StartOffset="29490"/>
<Loc EndOffset="29625" SrcFileId="2" StartOffset="29618"/>
</LocList>
<BasicStmnt CovItemId="S266" CovItemPrefix="Draw.java" Intrnl_Id="582">
<LocList>
<Loc EndOffset="29111" SrcFileId="2" StartOffset="29094"/>
</LocList>
</BasicStmnt>
<BasicStmnt CovItemId="S267" CovItemPrefix="Draw.java" Intrnl_Id="583">
<LocList>
<Loc EndOffset="29137" SrcFileId="2" StartOffset="29120"/>
</LocList>
</BasicStmnt>
<BasicStmnt CovItemId="S268" CovItemPrefix="Draw.java" Intrnl_Id="584">
<LocList>
<Loc EndOffset="29179" SrcFileId="2" StartOffset="29146"/>
</LocList>
</BasicStmnt>
<BasicStmnt CovItemId="S269" CovItemPrefix="Draw.java" Intrnl_Id="585">
<LocList>
<Loc EndOffset="29223" SrcFileId="2" StartOffset="29188"/>
</LocList>
</BasicStmnt>
<BasicStmnt CovItemId="S270" CovItemPrefix="Draw.java" Intrnl_Id="586">
<LocList>
<Loc EndOffset="29277" SrcFileId="2" StartOffset="29232"/>
</LocList>
</BasicStmnt>
<BasicStmnt CovItemId="S271" CovItemPrefix="Draw.java" Intrnl_Id="587">
<LocList>
<Loc EndOffset="29333" SrcFileId="2" StartOffset="29286"/>
</LocList>
</BasicStmnt>
<BasicStmnt CovItemId="S272" CovItemPrefix="Draw.java" Intrnl_Id="588">
<LocList>
<Loc EndOffset="29365" SrcFileId="2" StartOffset="29343"/>
</LocList>
</BasicStmnt>
<BasicStmnt CovItemId="S273" CovItemPrefix="Draw.java" Intrnl_Id="589">
<LocList>
<Loc EndOffset="29396" SrcFileId="2" StartOffset="29374"/>
</LocList>
</BasicStmnt>
<BasicStmnt CovItemId="S274" CovItemPrefix="Draw.java" Intrnl_Id="590">
<LocList>
<Loc EndOffset="29438" SrcFileId="2" StartOffset="29405"/>
</LocList>
</BasicStmnt>
<BasicStmnt CovItemId="S275" CovItemPrefix="Draw.java" Intrnl_Id="591">
<LocList>
<Loc EndOffset="29481" SrcFileId="2" StartOffset="29447"/>
</LocList>
</BasicStmnt>
<CondStmnt CovItemId="S276" CovItemPrefix="Draw.java" Intrnl_Id="592">
<Branch CovItemId="B41" CovItemPrefix="Draw.java" Implct="false" Intrnl_Id="593">
<Cond/>
<LocList>
<Loc EndOffset="29526" SrcFileId="2" StartOffset="29514"/>
</LocList>
<StmntSeq Intrnl_Id="594">
<LocList>
<Loc EndOffset="29526" SrcFileId="2" StartOffset="29514"/>
</LocList>
<BasicStmnt CovItemId="S277" CovItemPrefix="Draw.java" Intrnl_Id="595">
<LocList>
<Loc EndOffset="29526" SrcFileId="2" StartOffset="29514"/>
</LocList>
</BasicStmnt>
</StmntSeq>
</Branch>
<Branch CovItemId="B42" CovItemPrefix="Draw.java" Implct="false" Intrnl_Id="596">
<Cond>
<Loc EndOffset="29539" SrcFileId="2" StartOffset="29535"/>
</Cond>
<LocList>
<Loc EndOffset="29609" SrcFileId="2" StartOffset="29540"/>
</LocList>
<StmntSeq Intrnl_Id="597">
<LocList>
<Loc EndOffset="29609" SrcFileId="2" StartOffset="29540"/>
</LocList>
<BasicStmnt CovItemId="S278" CovItemPrefix="Draw.java" Intrnl_Id="598">
<LocList>
<Loc EndOffset="29609" SrcFileId="2" StartOffset="29540"/>
</LocList>
</BasicStmnt>
</StmntSeq>
</Branch>
<Keyword EndOffset="29492" SrcFileId="2" StartOffset="29490"/>
<LocList>
<Loc EndOffset="29609" SrcFileId="2" StartOffset="29490"/>
</LocList>
<RootTerm CovItemId="C22" CovItemPrefix="Draw.java" Intrnl_Id="599">
<OpTerm BooleanOpId="6" Intrnl_Id="600">
<BasicBoolTerm Intrnl_Id="601">
<LocList>
<Loc EndOffset="29501" SrcFileId="2" StartOffset="29494"/>
</LocList>
</BasicBoolTerm>
<BasicBoolTerm Intrnl_Id="602">
<LocList>
<Loc EndOffset="29512" SrcFileId="2" StartOffset="29505"/>
</LocList>
</BasicBoolTerm>
<LocList>
<Loc EndOffset="29504" SrcFileId="2" StartOffset="29502"/>
</LocList>
</OpTerm>
</RootTerm>
</CondStmnt>
<BasicStmnt CovItemId="S279" CovItemPrefix="Draw.java" Intrnl_Id="603">
<LocList>
<Loc EndOffset="29625" SrcFileId="2" StartOffset="29618"/>
</LocList>
</BasicStmnt>
</StmntSeq>
</HierarchyLvl>
<HierarchyLvl HierarchyLvlId="3258" HierarchyLvlTypeId="9" Intrnl_Id="604" Name="filledRectangle">
<Header>
<Loc EndOffset="30293" SrcFileId="2" StartOffset="30209"/>
</Header>
<LocList>
<Loc EndOffset="30841" SrcFileId="2" StartOffset="30209"/>
</LocList>
<StmntSeq Intrnl_Id="605">
<LocList>
<Loc EndOffset="30321" SrcFileId="2" StartOffset="30304"/>
<Loc EndOffset="30347" SrcFileId="2" StartOffset="30330"/>
<Loc EndOffset="30389" SrcFileId="2" StartOffset="30356"/>
<Loc EndOffset="30433" SrcFileId="2" StartOffset="30398"/>
<Loc EndOffset="30487" SrcFileId="2" StartOffset="30442"/>
<Loc EndOffset="30543" SrcFileId="2" StartOffset="30496"/>
<Loc EndOffset="30575" SrcFileId="2" StartOffset="30553"/>
<Loc EndOffset="30606" SrcFileId="2" StartOffset="30584"/>
<Loc EndOffset="30648" SrcFileId="2" StartOffset="30615"/>
<Loc EndOffset="30691" SrcFileId="2" StartOffset="30657"/>
<Loc EndOffset="30819" SrcFileId="2" StartOffset="30700"/>
<Loc EndOffset="30835" SrcFileId="2" StartOffset="30828"/>
</LocList>
<BasicStmnt CovItemId="S280" CovItemPrefix="Draw.java" Intrnl_Id="606">
<LocList>
<Loc EndOffset="30321" SrcFileId="2" StartOffset="30304"/>
</LocList>
</BasicStmnt>
<BasicStmnt CovItemId="S281" CovItemPrefix="Draw.java" Intrnl_Id="607">
<LocList>
<Loc EndOffset="30347" SrcFileId="2" StartOffset="30330"/>
</LocList>
</BasicStmnt>
<BasicStmnt CovItemId="S282" CovItemPrefix="Draw.java" Intrnl_Id="608">
<LocList>
<Loc EndOffset="30389" SrcFileId="2" StartOffset="30356"/>
</LocList>
</BasicStmnt>
<BasicStmnt CovItemId="S283" CovItemPrefix="Draw.java" Intrnl_Id="609">
<LocList>
<Loc EndOffset="30433" SrcFileId="2" StartOffset="30398"/>
</LocList>
</BasicStmnt>
<BasicStmnt CovItemId="S284" CovItemPrefix="Draw.java" Intrnl_Id="610">
<LocList>
<Loc EndOffset="30487" SrcFileId="2" StartOffset="30442"/>
</LocList>
</BasicStmnt>
<BasicStmnt CovItemId="S285" CovItemPrefix="Draw.java" Intrnl_Id="611">
<LocList>
<Loc EndOffset="30543" SrcFileId="2" StartOffset="30496"/>
</LocList>
</BasicStmnt>
<BasicStmnt CovItemId="S286" CovItemPrefix="Draw.java" Intrnl_Id="612">
<LocList>
<Loc EndOffset="30575" SrcFileId="2" StartOffset="30553"/>
</LocList>
</BasicStmnt>
<BasicStmnt CovItemId="S287" CovItemPrefix="Draw.java" Intrnl_Id="613">
<LocList>
<Loc EndOffset="30606" SrcFileId="2" StartOffset="30584"/>
</LocList>
</BasicStmnt>
<BasicStmnt CovItemId="S288" CovItemPrefix="Draw.java" Intrnl_Id="614">
<LocList>
<Loc EndOffset="30648" SrcFileId="2" StartOffset="30615"/>
</LocList>
</BasicStmnt>
<BasicStmnt CovItemId="S289" CovItemPrefix="Draw.java" Intrnl_Id="615">
<LocList>
<Loc EndOffset="30691" SrcFileId="2" StartOffset="30657"/>
</LocList>
</BasicStmnt>
<CondStmnt CovItemId="S290" CovItemPrefix="Draw.java" Intrnl_Id="616">
<Branch CovItemId="B43" CovItemPrefix="Draw.java" Implct="false" Intrnl_Id="617">
<Cond/>
<LocList>
<Loc EndOffset="30736" SrcFileId="2" StartOffset="30724"/>
</LocList>
<StmntSeq Intrnl_Id="618">
<LocList>
<Loc EndOffset="30736" SrcFileId="2" StartOffset="30724"/>
</LocList>
<BasicStmnt CovItemId="S291" CovItemPrefix="Draw.java" Intrnl_Id="619">
<LocList>
<Loc EndOffset="30736" SrcFileId="2" StartOffset="30724"/>
</LocList>
</BasicStmnt>
</StmntSeq>
</Branch>
<Branch CovItemId="B44" CovItemPrefix="Draw.java" Implct="false" Intrnl_Id="620">
<Cond>
<Loc EndOffset="30749" SrcFileId="2" StartOffset="30745"/>
</Cond>
<LocList>
<Loc EndOffset="30819" SrcFileId="2" StartOffset="30750"/>
</LocList>
<StmntSeq Intrnl_Id="621">
<LocList>
<Loc EndOffset="30819" SrcFileId="2" StartOffset="30750"/>
</LocList>
<BasicStmnt CovItemId="S292" CovItemPrefix="Draw.java" Intrnl_Id="622">
<LocList>
<Loc EndOffset="30819" SrcFileId="2" StartOffset="30750"/>
</LocList>
</BasicStmnt>
</StmntSeq>
</Branch>
<Keyword EndOffset="30702" SrcFileId="2" StartOffset="30700"/>
<LocList>
<Loc EndOffset="30819" SrcFileId="2" StartOffset="30700"/>
</LocList>
<RootTerm CovItemId="C23" CovItemPrefix="Draw.java" Intrnl_Id="623">
<OpTerm BooleanOpId="6" Intrnl_Id="624">
<BasicBoolTerm Intrnl_Id="625">
<LocList>
<Loc EndOffset="30711" SrcFileId="2" StartOffset="30704"/>
</LocList>
</BasicBoolTerm>
<BasicBoolTerm Intrnl_Id="626">
<LocList>
<Loc EndOffset="30722" SrcFileId="2" StartOffset="30715"/>
</LocList>
</BasicBoolTerm>
<LocList>
<Loc EndOffset="30714" SrcFileId="2" StartOffset="30712"/>
</LocList>
</OpTerm>
</RootTerm>
</CondStmnt>
<BasicStmnt CovItemId="S293" CovItemPrefix="Draw.java" Intrnl_Id="627">
<LocList>
<Loc EndOffset="30835" SrcFileId="2" StartOffset="30828"/>
</LocList>
</BasicStmnt>
</StmntSeq>
</HierarchyLvl>
<HierarchyLvl HierarchyLvlId="3259" HierarchyLvlTypeId="9" Intrnl_Id="628" Name="polygon">
<Header>
<Loc EndOffset="31597" SrcFileId="2" StartOffset="31554"/>
</Header>
<LocList>
<Loc EndOffset="32342" SrcFileId="2" StartOffset="31554"/>
</LocList>
<StmntSeq Intrnl_Id="629">
<LocList>
<Loc EndOffset="31649" SrcFileId="2" StartOffset="31608"/>
<Loc EndOffset="31699" SrcFileId="2" StartOffset="31658"/>
<Loc EndOffset="31774" SrcFileId="2" StartOffset="31708"/>
<Loc EndOffset="31849" SrcFileId="2" StartOffset="31783"/>
<Loc EndOffset="31877" SrcFileId="2" StartOffset="31859"/>
<Loc EndOffset="31904" SrcFileId="2" StartOffset="31886"/>
<Loc EndOffset="31999" SrcFileId="2" StartOffset="31913"/>
<Loc EndOffset="32019" SrcFileId="2" StartOffset="32008"/>
<Loc EndOffset="32047" SrcFileId="2" StartOffset="32028"/>
<Loc EndOffset="32094" SrcFileId="2" StartOffset="32057"/>
<Loc EndOffset="32159" SrcFileId="2" StartOffset="32103"/>
<Loc EndOffset="32264" SrcFileId="2" StartOffset="32168"/>
<Loc EndOffset="32290" SrcFileId="2" StartOffset="32273"/>
<Loc EndOffset="32320" SrcFileId="2" StartOffset="32299"/>
<Loc EndOffset="32336" SrcFileId="2" StartOffset="32329"/>
</LocList>
<BasicStmnt CovItemId="S294" CovItemPrefix="Draw.java" Intrnl_Id="630">
<LocList>
<Loc EndOffset="31649" SrcFileId="2" StartOffset="31608"/>
</LocList>
</BasicStmnt>
<BasicStmnt CovItemId="S295" CovItemPrefix="Draw.java" Intrnl_Id="631">
<LocList>
<Loc EndOffset="31699" SrcFileId="2" StartOffset="31658"/>
</LocList>
</BasicStmnt>
<LoopStmnt CovItemId="S296" CovItemPrefix="Draw.java" Intrnl_Id="632" MltplExecId="L2-2" MltplExecPrefix="Draw.java" NvrExecId="L2-0" NvrExecPrefix="Draw.java" OnceExecutedId="L2-1" OnceExecutedPrefix="Draw.java" OptBodyExec="true">
<StmntSeq Intrnl_Id="633">
<LocList>
<Loc EndOffset="31774" SrcFileId="2" StartOffset="31743"/>
</LocList>
<BasicStmnt CovItemId="S297" CovItemPrefix="Draw.java" Intrnl_Id="634">
<LocList>
<Loc EndOffset="31774" SrcFileId="2" StartOffset="31743"/>
</LocList>
</BasicStmnt>
</StmntSeq>
<Keyword EndOffset="31711" SrcFileId="2" StartOffset="31708"/>
<LocList>
<Loc EndOffset="31774" SrcFileId="2" StartOffset="31708"/>
</LocList>
<RootTerm CovItemId="C24" CovItemPrefix="Draw.java" Intrnl_Id="635">
<BasicBoolTerm Intrnl_Id="636">
<LocList>
<Loc EndOffset="31736" SrcFileId="2" StartOffset="31724"/>
</LocList>
</BasicBoolTerm>
</RootTerm>
</LoopStmnt>
<LoopStmnt CovItemId="S298" CovItemPrefix="Draw.java" Intrnl_Id="637" MltplExecId="L3-2" MltplExecPrefix="Draw.java" NvrExecId="L3-0" NvrExecPrefix="Draw.java" OnceExecutedId="L3-1" OnceExecutedPrefix="Draw.java" OptBodyExec="true">
<StmntSeq Intrnl_Id="638">
<LocList>
<Loc EndOffset="31849" SrcFileId="2" StartOffset="31818"/>
</LocList>
<BasicStmnt CovItemId="S299" CovItemPrefix="Draw.java" Intrnl_Id="639">
<LocList>
<Loc EndOffset="31849" SrcFileId="2" StartOffset="31818"/>
</LocList>
</BasicStmnt>
</StmntSeq>
<Keyword EndOffset="31786" SrcFileId="2" StartOffset="31783"/>
<LocList>
<Loc EndOffset="31849" SrcFileId="2" StartOffset="31783"/>
</LocList>
<RootTerm CovItemId="C25" CovItemPrefix="Draw.java" Intrnl_Id="640">
<BasicBoolTerm Intrnl_Id="641">
<LocList>
<Loc EndOffset="31811" SrcFileId="2" StartOffset="31799"/>
</LocList>
</BasicBoolTerm>
</RootTerm>
</LoopStmnt>
<BasicStmnt CovItemId="S300" CovItemPrefix="Draw.java" Intrnl_Id="642">
<LocList>
<Loc EndOffset="31877" SrcFileId="2" StartOffset="31859"/>
</LocList>
</BasicStmnt>
<BasicStmnt CovItemId="S301" CovItemPrefix="Draw.java" Intrnl_Id="643">
<LocList>
<Loc EndOffset="31904" SrcFileId="2" StartOffset="31886"/>
</LocList>
</BasicStmnt>
<CondStmnt CovItemId="S302" CovItemPrefix="Draw.java" Intrnl_Id="644">
<Branch CovItemId="B45" CovItemPrefix="Draw.java" Implct="false" Intrnl_Id="645">
<Cond/>
<LocList>
<Loc EndOffset="31999" SrcFileId="2" StartOffset="31927"/>
</LocList>
<StmntSeq Intrnl_Id="646">
<LocList>
<Loc EndOffset="31999" SrcFileId="2" StartOffset="31927"/>
</LocList>
<BasicStmnt CovItemId="S303" CovItemPrefix="Draw.java" Intrnl_Id="647">
<LocList>
<Loc EndOffset="31999" SrcFileId="2" StartOffset="31927"/>
</LocList>
</BasicStmnt>
</StmntSeq>
</Branch>
<Branch CovItemId="B46" CovItemPrefix="Draw.java" Implct="true" Intrnl_Id="648">
<Cond/>
<LocList/>
<StmntSeq Intrnl_Id="649">
<LocList/>
</StmntSeq>
</Branch>
<Keyword EndOffset="31915" SrcFileId="2" StartOffset="31913"/>
<LocList>
<Loc EndOffset="31999" SrcFileId="2" StartOffset="31913"/>
</LocList>
<RootTerm CovItemId="C26" CovItemPrefix="Draw.java" Intrnl_Id="650">
<BasicBoolTerm Intrnl_Id="651">
<LocList>
<Loc EndOffset="31925" SrcFileId="2" StartOffset="31917"/>
</LocList>
</BasicBoolTerm>
</RootTerm>
</CondStmnt>
<BasicStmnt CovItemId="S304" CovItemPrefix="Draw.java" Intrnl_Id="652">
<LocList>
<Loc EndOffset="32019" SrcFileId="2" StartOffset="32008"/>
</LocList>
</BasicStmnt>
<CondStmnt CovItemId="S305" CovItemPrefix="Draw.java" Intrnl_Id="653">
<Branch CovItemId="B47" CovItemPrefix="Draw.java" Implct="false" Intrnl_Id="654">
<Cond/>
<LocList>
<Loc EndOffset="32047" SrcFileId="2" StartOffset="32040"/>
</LocList>
<StmntSeq Intrnl_Id="655">
<LocList>
<Loc EndOffset="32047" SrcFileId="2" StartOffset="32040"/>
</LocList>
<BasicStmnt CovItemId="S306" CovItemPrefix="Draw.java" Intrnl_Id="656">
<LocList>
<Loc EndOffset="32047" SrcFileId="2" StartOffset="32040"/>
</LocList>
</BasicStmnt>
</StmntSeq>
</Branch>
<Branch CovItemId="B48" CovItemPrefix="Draw.java" Implct="true" Intrnl_Id="657">
<Cond/>
<LocList/>
<StmntSeq Intrnl_Id="658">
<LocList/>
</StmntSeq>
</Branch>
<Keyword EndOffset="32030" SrcFileId="2" StartOffset="32028"/>
<LocList>
<Loc EndOffset="32047" SrcFileId="2" StartOffset="32028"/>
</LocList>
<RootTerm CovItemId="C27" CovItemPrefix="Draw.java" Intrnl_Id="659">
<BasicBoolTerm Intrnl_Id="660">
<LocList>
<Loc EndOffset="32038" SrcFileId="2" StartOffset="32032"/>
</LocList>
</BasicBoolTerm>
</RootTerm>
</CondStmnt>
<BasicStmnt CovItemId="S307" CovItemPrefix="Draw.java" Intrnl_Id="661">
<LocList>
<Loc EndOffset="32094" SrcFileId="2" StartOffset="32057"/>
</LocList>
</BasicStmnt>
<BasicStmnt CovItemId="S308" CovItemPrefix="Draw.java" Intrnl_Id="662">
<LocList>
<Loc EndOffset="32159" SrcFileId="2" StartOffset="32103"/>
</LocList>
</BasicStmnt>
<LoopStmnt CovItemId="S309" CovItemPrefix="Draw.java" Intrnl_Id="663" MltplExecId="L4-2" MltplExecPrefix="Draw.java" NvrExecId="L4-0" NvrExecPrefix="Draw.java" OnceExecutedId="L4-1" OnceExecutedPrefix="Draw.java" OptBodyExec="true">
<StmntSeq Intrnl_Id="664">
<LocList>
<Loc EndOffset="32264" SrcFileId="2" StartOffset="32208"/>
</LocList>
<BasicStmnt CovItemId="S310" CovItemPrefix="Draw.java" Intrnl_Id="665">
<LocList>
<Loc EndOffset="32264" SrcFileId="2" StartOffset="32208"/>
</LocList>
</BasicStmnt>
</StmntSeq>
<Keyword EndOffset="32171" SrcFileId="2" StartOffset="32168"/>
<LocList>
<Loc EndOffset="32264" SrcFileId="2" StartOffset="32168"/>
</LocList>
<RootTerm CovItemId="C28" CovItemPrefix="Draw.java" Intrnl_Id="666">
<BasicBoolTerm Intrnl_Id="667">
<LocList>
<Loc EndOffset="32189" SrcFileId="2" StartOffset="32184"/>
</LocList>
</BasicBoolTerm>
</RootTerm>
</LoopStmnt>
<BasicStmnt CovItemId="S311" CovItemPrefix="Draw.java" Intrnl_Id="668">
<LocList>
<Loc EndOffset="32290" SrcFileId="2" StartOffset="32273"/>
</LocList>
</BasicStmnt>
<BasicStmnt CovItemId="S312" CovItemPrefix="Draw.java" Intrnl_Id="669">
<LocList>
<Loc EndOffset="32320" SrcFileId="2" StartOffset="32299"/>
</LocList>
</BasicStmnt>
<BasicStmnt CovItemId="S313" CovItemPrefix="Draw.java" Intrnl_Id="670">
<LocList>
<Loc EndOffset="32336" SrcFileId="2" StartOffset="32329"/>
</LocList>
</BasicStmnt>
</StmntSeq>
</HierarchyLvl>
<HierarchyLvl HierarchyLvlId="3260" HierarchyLvlTypeId="9" Intrnl_Id="671" Name="filledPolygon">
<Header>
<Loc EndOffset="33111" SrcFileId="2" StartOffset="33062"/>
</Header>
<LocList>
<Loc EndOffset="33856" SrcFileId="2" StartOffset="33062"/>
</LocList>
<StmntSeq Intrnl_Id="672">
<LocList>
<Loc EndOffset="33163" SrcFileId="2" StartOffset="33122"/>
<Loc EndOffset="33213" SrcFileId="2" StartOffset="33172"/>
<Loc EndOffset="33288" SrcFileId="2" StartOffset="33222"/>
<Loc EndOffset="33363" SrcFileId="2" StartOffset="33297"/>
<Loc EndOffset="33391" SrcFileId="2" StartOffset="33373"/>
<Loc EndOffset="33418" SrcFileId="2" StartOffset="33400"/>
<Loc EndOffset="33513" SrcFileId="2" StartOffset="33427"/>
<Loc EndOffset="33533" SrcFileId="2" StartOffset="33522"/>
<Loc EndOffset="33561" SrcFileId="2" StartOffset="33542"/>
<Loc EndOffset="33608" SrcFileId="2" StartOffset="33571"/>
<Loc EndOffset="33673" SrcFileId="2" StartOffset="33617"/>
<Loc EndOffset="33778" SrcFileId="2" StartOffset="33682"/>
<Loc EndOffset="33804" SrcFileId="2" StartOffset="33787"/>
<Loc EndOffset="33834" SrcFileId="2" StartOffset="33813"/>
<Loc EndOffset="33850" SrcFileId="2" StartOffset="33843"/>
</LocList>
<BasicStmnt CovItemId="S314" CovItemPrefix="Draw.java" Intrnl_Id="673">
<LocList>
<Loc EndOffset="33163" SrcFileId="2" StartOffset="33122"/>
</LocList>
</BasicStmnt>
<BasicStmnt CovItemId="S315" CovItemPrefix="Draw.java" Intrnl_Id="674">
<LocList>
<Loc EndOffset="33213" SrcFileId="2" StartOffset="33172"/>
</LocList>
</BasicStmnt>
<LoopStmnt CovItemId="S316" CovItemPrefix="Draw.java" Intrnl_Id="675" MltplExecId="L5-2" MltplExecPrefix="Draw.java" NvrExecId="L5-0" NvrExecPrefix="Draw.java" OnceExecutedId="L5-1" OnceExecutedPrefix="Draw.java" OptBodyExec="true">
<StmntSeq Intrnl_Id="676">
<LocList>
<Loc EndOffset="33288" SrcFileId="2" StartOffset="33257"/>
</LocList>
<BasicStmnt CovItemId="S317" CovItemPrefix="Draw.java" Intrnl_Id="677">
<LocList>
<Loc EndOffset="33288" SrcFileId="2" StartOffset="33257"/>
</LocList>
</BasicStmnt>
</StmntSeq>
<Keyword EndOffset="33225" SrcFileId="2" StartOffset="33222"/>
<LocList>
<Loc EndOffset="33288" SrcFileId="2" StartOffset="33222"/>
</LocList>
<RootTerm CovItemId="C29" CovItemPrefix="Draw.java" Intrnl_Id="678">
<BasicBoolTerm Intrnl_Id="679">
<LocList>
<Loc EndOffset="33250" SrcFileId="2" StartOffset="33238"/>
</LocList>
</BasicBoolTerm>
</RootTerm>
</LoopStmnt>
<LoopStmnt CovItemId="S318" CovItemPrefix="Draw.java" Intrnl_Id="680" MltplExecId="L6-2" MltplExecPrefix="Draw.java" NvrExecId="L6-0" NvrExecPrefix="Draw.java" OnceExecutedId="L6-1" OnceExecutedPrefix="Draw.java" OptBodyExec="true">
<StmntSeq Intrnl_Id="681">
<LocList>
<Loc EndOffset="33363" SrcFileId="2" StartOffset="33332"/>
</LocList>
<BasicStmnt CovItemId="S319" CovItemPrefix="Draw.java" Intrnl_Id="682">
<LocList>
<Loc EndOffset="33363" SrcFileId="2" StartOffset="33332"/>
</LocList>
</BasicStmnt>
</StmntSeq>
<Keyword EndOffset="33300" SrcFileId="2" StartOffset="33297"/>
<LocList>
<Loc EndOffset="33363" SrcFileId="2" StartOffset="33297"/>
</LocList>
<RootTerm CovItemId="C30" CovItemPrefix="Draw.java" Intrnl_Id="683">
<BasicBoolTerm Intrnl_Id="684">
<LocList>
<Loc EndOffset="33325" SrcFileId="2" StartOffset="33313"/>
</LocList>
</BasicBoolTerm>
</RootTerm>
</LoopStmnt>
<BasicStmnt CovItemId="S320" CovItemPrefix="Draw.java" Intrnl_Id="685">
<LocList>
<Loc EndOffset="33391" SrcFileId="2" StartOffset="33373"/>
</LocList>
</BasicStmnt>
<BasicStmnt CovItemId="S321" CovItemPrefix="Draw.java" Intrnl_Id="686">
<LocList>
<Loc EndOffset="33418" SrcFileId="2" StartOffset="33400"/>
</LocList>
</BasicStmnt>
<CondStmnt CovItemId="S322" CovItemPrefix="Draw.java" Intrnl_Id="687">
<Branch CovItemId="B49" CovItemPrefix="Draw.java" Implct="false" Intrnl_Id="688">
<Cond/>
<LocList>
<Loc EndOffset="33513" SrcFileId="2" StartOffset="33441"/>
</LocList>
<StmntSeq Intrnl_Id="689">
<LocList>
<Loc EndOffset="33513" SrcFileId="2" StartOffset="33441"/>
</LocList>
<BasicStmnt CovItemId="S323" CovItemPrefix="Draw.java" Intrnl_Id="690">
<LocList>
<Loc EndOffset="33513" SrcFileId="2" StartOffset="33441"/>
</LocList>
</BasicStmnt>
</StmntSeq>
</Branch>
<Branch CovItemId="B50" CovItemPrefix="Draw.java" Implct="true" Intrnl_Id="691">
<Cond/>
<LocList/>
<StmntSeq Intrnl_Id="692">
<LocList/>
</StmntSeq>
</Branch>
<Keyword EndOffset="33429" SrcFileId="2" StartOffset="33427"/>
<LocList>
<Loc EndOffset="33513" SrcFileId="2" StartOffset="33427"/>
</LocList>
<RootTerm CovItemId="C31" CovItemPrefix="Draw.java" Intrnl_Id="693">
<BasicBoolTerm Intrnl_Id="694">
<LocList>
<Loc EndOffset="33439" SrcFileId="2" StartOffset="33431"/>
</LocList>
</BasicBoolTerm>
</RootTerm>
</CondStmnt>
<BasicStmnt CovItemId="S324" CovItemPrefix="Draw.java" Intrnl_Id="695">
<LocList>
<Loc EndOffset="33533" SrcFileId="2" StartOffset="33522"/>
</LocList>
</BasicStmnt>
<CondStmnt CovItemId="S325" CovItemPrefix="Draw.java" Intrnl_Id="696">
<Branch CovItemId="B51" CovItemPrefix="Draw.java" Implct="false" Intrnl_Id="697">
<Cond/>
<LocList>
<Loc EndOffset="33561" SrcFileId="2" StartOffset="33554"/>
</LocList>
<StmntSeq Intrnl_Id="698">
<LocList>
<Loc EndOffset="33561" SrcFileId="2" StartOffset="33554"/>
</LocList>
<BasicStmnt CovItemId="S326" CovItemPrefix="Draw.java" Intrnl_Id="699">
<LocList>
<Loc EndOffset="33561" SrcFileId="2" StartOffset="33554"/>
</LocList>
</BasicStmnt>
</StmntSeq>
</Branch>
<Branch CovItemId="B52" CovItemPrefix="Draw.java" Implct="true" Intrnl_Id="700">
<Cond/>
<LocList/>
<StmntSeq Intrnl_Id="701">
<LocList/>
</StmntSeq>
</Branch>
<Keyword EndOffset="33544" SrcFileId="2" StartOffset="33542"/>
<LocList>
<Loc EndOffset="33561" SrcFileId="2" StartOffset="33542"/>
</LocList>
<RootTerm CovItemId="C32" CovItemPrefix="Draw.java" Intrnl_Id="702">
<BasicBoolTerm Intrnl_Id="703">
<LocList>
<Loc EndOffset="33552" SrcFileId="2" StartOffset="33546"/>
</LocList>
</BasicBoolTerm>
</RootTerm>
</CondStmnt>
<BasicStmnt CovItemId="S327" CovItemPrefix="Draw.java" Intrnl_Id="704">
<LocList>
<Loc EndOffset="33608" SrcFileId="2" StartOffset="33571"/>
</LocList>
</BasicStmnt>
<BasicStmnt CovItemId="S328" CovItemPrefix="Draw.java" Intrnl_Id="705">
<LocList>
<Loc EndOffset="33673" SrcFileId="2" StartOffset="33617"/>
</LocList>
</BasicStmnt>
<LoopStmnt CovItemId="S329" CovItemPrefix="Draw.java" Intrnl_Id="706" MltplExecId="L7-2" MltplExecPrefix="Draw.java" NvrExecId="L7-0" NvrExecPrefix="Draw.java" OnceExecutedId="L7-1" OnceExecutedPrefix="Draw.java" OptBodyExec="true">
<StmntSeq Intrnl_Id="707">
<LocList>
<Loc EndOffset="33778" SrcFileId="2" StartOffset="33722"/>
</LocList>
<BasicStmnt CovItemId="S330" CovItemPrefix="Draw.java" Intrnl_Id="708">
<LocList>
<Loc EndOffset="33778" SrcFileId="2" StartOffset="33722"/>
</LocList>
</BasicStmnt>
</StmntSeq>
<Keyword EndOffset="33685" SrcFileId="2" StartOffset="33682"/>
<LocList>
<Loc EndOffset="33778" SrcFileId="2" StartOffset="33682"/>
</LocList>
<RootTerm CovItemId="C33" CovItemPrefix="Draw.java" Intrnl_Id="709">
<BasicBoolTerm Intrnl_Id="710">
<LocList>
<Loc EndOffset="33703" SrcFileId="2" StartOffset="33698"/>
</LocList>
</BasicBoolTerm>
</RootTerm>
</LoopStmnt>
<BasicStmnt CovItemId="S331" CovItemPrefix="Draw.java" Intrnl_Id="711">
<LocList>
<Loc EndOffset="33804" SrcFileId="2" StartOffset="33787"/>
</LocList>
</BasicStmnt>
<BasicStmnt CovItemId="S332" CovItemPrefix="Draw.java" Intrnl_Id="712">
<LocList>
<Loc EndOffset="33834" SrcFileId="2" StartOffset="33813"/>
</LocList>
</BasicStmnt>
<BasicStmnt CovItemId="S333" CovItemPrefix="Draw.java" Intrnl_Id="713">
<LocList>
<Loc EndOffset="33850" SrcFileId="2" StartOffset="33843"/>
</LocList>
</BasicStmnt>
</StmntSeq>
</HierarchyLvl>
<HierarchyLvl HierarchyLvlId="3261" HierarchyLvlTypeId="9" Intrnl_Id="714" Name="getImage">
<Header>
<Loc EndOffset="34138" SrcFileId="2" StartOffset="34093"/>
</Header>
<LocList>
<Loc EndOffset="35345" SrcFileId="2" StartOffset="34093"/>
</LocList>
<StmntSeq Intrnl_Id="715">
<LocList>
<Loc EndOffset="34208" SrcFileId="2" StartOffset="34149"/>
<Loc EndOffset="34288" SrcFileId="2" StartOffset="34247"/>
<Loc EndOffset="34629" SrcFileId="2" StartOffset="34330"/>
<Loc EndOffset="34930" SrcFileId="2" StartOffset="34712"/>
<Loc EndOffset="35306" SrcFileId="2" StartOffset="35017"/>
<Loc EndOffset="35339" SrcFileId="2" StartOffset="35316"/>
</LocList>
<CondStmnt CovItemId="S334" CovItemPrefix="Draw.java" Intrnl_Id="716">
<Branch CovItemId="B53" CovItemPrefix="Draw.java" Implct="false" Intrnl_Id="717">
<Cond/>
<LocList>
<Loc EndOffset="34208" SrcFileId="2" StartOffset="34171"/>
</LocList>
<StmntSeq Intrnl_Id="718">
<LocList>
<Loc EndOffset="34208" SrcFileId="2" StartOffset="34171"/>
</LocList>
<BasicStmnt CovItemId="S335" CovItemPrefix="Draw.java" Intrnl_Id="719">
<LocList>
<Loc EndOffset="34208" SrcFileId="2" StartOffset="34171"/>
</LocList>
</BasicStmnt>
</StmntSeq>
</Branch>
<Branch CovItemId="B54" CovItemPrefix="Draw.java" Implct="true" Intrnl_Id="720">
<Cond/>
<LocList/>
<StmntSeq Intrnl_Id="721">
<LocList/>
</StmntSeq>
</Branch>
<Keyword EndOffset="34151" SrcFileId="2" StartOffset="34149"/>
<LocList>
<Loc EndOffset="34208" SrcFileId="2" StartOffset="34149"/>
</LocList>
<RootTerm CovItemId="C34" CovItemPrefix="Draw.java" Intrnl_Id="722">
<BasicBoolTerm Intrnl_Id="723">
<LocList>
<Loc EndOffset="34169" SrcFileId="2" StartOffset="34153"/>
</LocList>
</BasicBoolTerm>
</RootTerm>
</CondStmnt>
<BasicStmnt CovItemId="S336" CovItemPrefix="Draw.java" Intrnl_Id="724">
<LocList>
<Loc EndOffset="34288" SrcFileId="2" StartOffset="34247"/>
</LocList>
</BasicStmnt>
<CondStmnt CovItemId="S337" CovItemPrefix="Draw.java" Intrnl_Id="725">
<Branch CovItemId="B55" CovItemPrefix="Draw.java" Implct="false" Intrnl_Id="726">
<Cond/>
<LocList>
<Loc EndOffset="34629" SrcFileId="2" StartOffset="34406"/>
</LocList>
<StmntSeq Intrnl_Id="727">
<LocList>
<Loc EndOffset="34470" SrcFileId="2" StartOffset="34442"/>
<Loc EndOffset="34513" SrcFileId="2" StartOffset="34487"/>
<Loc EndOffset="34619" SrcFileId="2" StartOffset="34420"/>
</LocList>
<BasicStmnt CovItemId="S339" CovItemPrefix="Draw.java" Intrnl_Id="728">
<LocList>
<Loc EndOffset="34470" SrcFileId="2" StartOffset="34442"/>
</LocList>
</BasicStmnt>
<BasicStmnt CovItemId="S340" CovItemPrefix="Draw.java" Intrnl_Id="729">
<LocList>
<Loc EndOffset="34513" SrcFileId="2" StartOffset="34487"/>
</LocList>
</BasicStmnt>
<CondStmnt CovItemId="S338" CovItemPrefix="Draw.java" Intrnl_Id="730">
<Branch CovItemId="B57" CovItemPrefix="Draw.java" Implct="true" Intrnl_Id="731">
<Cond/>
<LocList/>
<StmntSeq Intrnl_Id="732">
<LocList/>
</StmntSeq>
</Branch>
<Branch CovItemId="B58" CovItemPrefix="Draw.java" Implct="false" Intrnl_Id="733">
<Cond>
<Loc EndOffset="34571" SrcFileId="2" StartOffset="34540"/>
</Cond>
<LocList>
<Loc EndOffset="34619" SrcFileId="2" StartOffset="34572"/>
</LocList>
<StmntSeq Intrnl_Id="734">
<LocList/>
</StmntSeq>
</Branch>
<Keyword EndOffset="34423" SrcFileId="2" StartOffset="34420"/>
<LocList>
<Loc EndOffset="34619" SrcFileId="2" StartOffset="34420"/>
</LocList>
</CondStmnt>
</StmntSeq>
</Branch>
<Branch CovItemId="B56" CovItemPrefix="Draw.java" Implct="true" Intrnl_Id="735">
<Cond/>
<LocList/>
<StmntSeq Intrnl_Id="736">
<LocList/>
</StmntSeq>
</Branch>
<Keyword EndOffset="34332" SrcFileId="2" StartOffset="34330"/>
<LocList>
<Loc EndOffset="34629" SrcFileId="2" StartOffset="34330"/>
</LocList>
<RootTerm CovItemId="C35" CovItemPrefix="Draw.java" Intrnl_Id="737">
<OpTerm BooleanOpId="7" Intrnl_Id="738">
<BasicBoolTerm Intrnl_Id="739">
<LocList>
<Loc EndOffset="34347" SrcFileId="2" StartOffset="34335"/>
</LocList>
</BasicBoolTerm>
<BasicBoolTerm Intrnl_Id="740">
<LocList>
<Loc EndOffset="34403" SrcFileId="2" StartOffset="34353"/>
</LocList>
</BasicBoolTerm>
<LocList>
<Loc EndOffset="34351" SrcFileId="2" StartOffset="34349"/>
</LocList>
</OpTerm>
</RootTerm>
</CondStmnt>
<CondStmnt CovItemId="S341" CovItemPrefix="Draw.java" Intrnl_Id="741">
<Branch CovItemId="B59" CovItemPrefix="Draw.java" Implct="false" Intrnl_Id="742">
<Cond/>
<LocList>
<Loc EndOffset="34930" SrcFileId="2" StartOffset="34788"/>
</LocList>
<StmntSeq Intrnl_Id="743">
<LocList>
<Loc EndOffset="34848" SrcFileId="2" StartOffset="34802"/>
<Loc EndOffset="34920" SrcFileId="2" StartOffset="34861"/>
</LocList>
<BasicStmnt CovItemId="S342" CovItemPrefix="Draw.java" Intrnl_Id="744">
<LocList>
<Loc EndOffset="34848" SrcFileId="2" StartOffset="34802"/>
</LocList>
</BasicStmnt>
<CondStmnt CovItemId="S343" CovItemPrefix="Draw.java" Intrnl_Id="745">
<Branch CovItemId="B61" CovItemPrefix="Draw.java" Implct="false" Intrnl_Id="746">
<Cond/>
<LocList>
<Loc EndOffset="34920" SrcFileId="2" StartOffset="34894"/>
</LocList>
<StmntSeq Intrnl_Id="747">
<LocList>
<Loc EndOffset="34920" SrcFileId="2" StartOffset="34894"/>
</LocList>
<BasicStmnt CovItemId="S344" CovItemPrefix="Draw.java" Intrnl_Id="748">
<LocList>
<Loc EndOffset="34920" SrcFileId="2" StartOffset="34894"/>
</LocList>
</BasicStmnt>
</StmntSeq>
</Branch>
<Branch CovItemId="B62" CovItemPrefix="Draw.java" Implct="true" Intrnl_Id="749">
<Cond/>
<LocList/>
<StmntSeq Intrnl_Id="750">
<LocList/>
</StmntSeq>
</Branch>
<Keyword EndOffset="34863" SrcFileId="2" StartOffset="34861"/>
<LocList>
<Loc EndOffset="34920" SrcFileId="2" StartOffset="34861"/>
</LocList>
<RootTerm CovItemId="C37" CovItemPrefix="Draw.java" Intrnl_Id="751">
<BasicBoolTerm Intrnl_Id="752">
<LocList>
<Loc EndOffset="34876" SrcFileId="2" StartOffset="34865"/>
</LocList>
</BasicBoolTerm>
</RootTerm>
</CondStmnt>
</StmntSeq>
</Branch>
<Branch CovItemId="B60" CovItemPrefix="Draw.java" Implct="true" Intrnl_Id="753">
<Cond/>
<LocList/>
<StmntSeq Intrnl_Id="754">
<LocList/>
</StmntSeq>
</Branch>
<Keyword EndOffset="34714" SrcFileId="2" StartOffset="34712"/>
<LocList>
<Loc EndOffset="34930" SrcFileId="2" StartOffset="34712"/>
</LocList>
<RootTerm CovItemId="C36" CovItemPrefix="Draw.java" Intrnl_Id="755">
<OpTerm BooleanOpId="7" Intrnl_Id="756">
<BasicBoolTerm Intrnl_Id="757">
<LocList>
<Loc EndOffset="34729" SrcFileId="2" StartOffset="34717"/>
</LocList>
</BasicBoolTerm>
<BasicBoolTerm Intrnl_Id="758">
<LocList>
<Loc EndOffset="34785" SrcFileId="2" StartOffset="34735"/>
</LocList>
</BasicBoolTerm>
<LocList>
<Loc EndOffset="34733" SrcFileId="2" StartOffset="34731"/>
</LocList>
</OpTerm>
</RootTerm>
</CondStmnt>
<CondStmnt CovItemId="S345" CovItemPrefix="Draw.java" Intrnl_Id="759">
<Branch CovItemId="B63" CovItemPrefix="Draw.java" Implct="false" Intrnl_Id="760">
<Cond/>
<LocList>
<Loc EndOffset="35306" SrcFileId="2" StartOffset="35093"/>
</LocList>
<StmntSeq Intrnl_Id="761">
<LocList>
<Loc EndOffset="35156" SrcFileId="2" StartOffset="35107"/>
<Loc EndOffset="35257" SrcFileId="2" StartOffset="35169"/>
<Loc EndOffset="35296" SrcFileId="2" StartOffset="35270"/>
</LocList>
<BasicStmnt CovItemId="S346" CovItemPrefix="Draw.java" Intrnl_Id="762">
<LocList>
<Loc EndOffset="35156" SrcFileId="2" StartOffset="35107"/>
</LocList>
</BasicStmnt>
<CondStmnt CovItemId="S347" CovItemPrefix="Draw.java" Intrnl_Id="763">
<Branch CovItemId="B65" CovItemPrefix="Draw.java" Implct="false" Intrnl_Id="764">
<Cond/>
<LocList>
<Loc EndOffset="35257" SrcFileId="2" StartOffset="35186"/>
</LocList>
<StmntSeq Intrnl_Id="765">
<LocList>
<Loc EndOffset="35257" SrcFileId="2" StartOffset="35186"/>
</LocList>
<BasicStmnt CovItemId="S348" CovItemPrefix="Draw.java" Intrnl_Id="766">
<LocList>
<Loc EndOffset="35257" SrcFileId="2" StartOffset="35186"/>
</LocList>
</BasicStmnt>
</StmntSeq>
</Branch>
<Branch CovItemId="B66" CovItemPrefix="Draw.java" Implct="true" Intrnl_Id="767">
<Cond/>
<LocList/>
<StmntSeq Intrnl_Id="768">
<LocList/>
</StmntSeq>
</Branch>
<Keyword EndOffset="35171" SrcFileId="2" StartOffset="35169"/>
<LocList>
<Loc EndOffset="35257" SrcFileId="2" StartOffset="35169"/>
</LocList>
<RootTerm CovItemId="C39" CovItemPrefix="Draw.java" Intrnl_Id="769">
<BasicBoolTerm Intrnl_Id="770">
<LocList>
<Loc EndOffset="35184" SrcFileId="2" StartOffset="35173"/>
</LocList>
</BasicBoolTerm>
</RootTerm>
</CondStmnt>
<BasicStmnt CovItemId="S349" CovItemPrefix="Draw.java" Intrnl_Id="771">
<LocList>
<Loc EndOffset="35296" SrcFileId="2" StartOffset="35270"/>
</LocList>
</BasicStmnt>
</StmntSeq>
</Branch>
<Branch CovItemId="B64" CovItemPrefix="Draw.java" Implct="true" Intrnl_Id="772">
<Cond/>
<LocList/>
<StmntSeq Intrnl_Id="773">
<LocList/>
</StmntSeq>
</Branch>
<Keyword EndOffset="35019" SrcFileId="2" StartOffset="35017"/>
<LocList>
<Loc EndOffset="35306" SrcFileId="2" StartOffset="35017"/>
</LocList>
<RootTerm CovItemId="C38" CovItemPrefix="Draw.java" Intrnl_Id="774">
<OpTerm BooleanOpId="7" Intrnl_Id="775">
<BasicBoolTerm Intrnl_Id="776">
<LocList>
<Loc EndOffset="35034" SrcFileId="2" StartOffset="35022"/>
</LocList>
</BasicBoolTerm>
<BasicBoolTerm Intrnl_Id="777">
<LocList>
<Loc EndOffset="35090" SrcFileId="2" StartOffset="35040"/>
</LocList>
</BasicBoolTerm>
<LocList>
<Loc EndOffset="35038" SrcFileId="2" StartOffset="35036"/>
</LocList>
</OpTerm>
</RootTerm>
</CondStmnt>
<BasicStmnt CovItemId="S350" CovItemPrefix="Draw.java" Intrnl_Id="778">
<LocList>
<Loc EndOffset="35339" SrcFileId="2" StartOffset="35316"/>
</LocList>
</BasicStmnt>
</StmntSeq>
</HierarchyLvl>
<HierarchyLvl HierarchyLvlId="3262" HierarchyLvlTypeId="9" Intrnl_Id="779" Name="picture">
<Header>
<Loc EndOffset="36212" SrcFileId="2" StartOffset="36156"/>
</Header>
<LocList>
<Loc EndOffset="36727" SrcFileId="2" StartOffset="36156"/>
</LocList>
<StmntSeq Intrnl_Id="780">
<LocList>
<Loc EndOffset="36240" SrcFileId="2" StartOffset="36223"/>
<Loc EndOffset="36266" SrcFileId="2" StartOffset="36249"/>
<Loc EndOffset="36313" SrcFileId="2" StartOffset="36275"/>
<Loc EndOffset="36356" SrcFileId="2" StartOffset="36323"/>
<Loc EndOffset="36387" SrcFileId="2" StartOffset="36365"/>
<Loc EndOffset="36418" SrcFileId="2" StartOffset="36396"/>
<Loc EndOffset="36457" SrcFileId="2" StartOffset="36427"/>
<Loc EndOffset="36497" SrcFileId="2" StartOffset="36466"/>
<Loc EndOffset="36600" SrcFileId="2" StartOffset="36506"/>
<Loc EndOffset="36705" SrcFileId="2" StartOffset="36610"/>
<Loc EndOffset="36721" SrcFileId="2" StartOffset="36714"/>
</LocList>
<BasicStmnt CovItemId="S351" CovItemPrefix="Draw.java" Intrnl_Id="781">
<LocList>
<Loc EndOffset="36240" SrcFileId="2" StartOffset="36223"/>
</LocList>
</BasicStmnt>
<BasicStmnt CovItemId="S352" CovItemPrefix="Draw.java" Intrnl_Id="782">
<LocList>
<Loc EndOffset="36266" SrcFileId="2" StartOffset="36249"/>
</LocList>
</BasicStmnt>
<BasicStmnt CovItemId="S353" CovItemPrefix="Draw.java" Intrnl_Id="783">
<LocList>
<Loc EndOffset="36313" SrcFileId="2" StartOffset="36275"/>
</LocList>
</BasicStmnt>
<BasicStmnt CovItemId="S354" CovItemPrefix="Draw.java" Intrnl_Id="784">
<LocList>
<Loc EndOffset="36356" SrcFileId="2" StartOffset="36323"/>
</LocList>
</BasicStmnt>
<BasicStmnt CovItemId="S355" CovItemPrefix="Draw.java" Intrnl_Id="785">
<LocList>
<Loc EndOffset="36387" SrcFileId="2" StartOffset="36365"/>
</LocList>
</BasicStmnt>
<BasicStmnt CovItemId="S356" CovItemPrefix="Draw.java" Intrnl_Id="786">
<LocList>
<Loc EndOffset="36418" SrcFileId="2" StartOffset="36396"/>
</LocList>
</BasicStmnt>
<BasicStmnt CovItemId="S357" CovItemPrefix="Draw.java" Intrnl_Id="787">
<LocList>
<Loc EndOffset="36457" SrcFileId="2" StartOffset="36427"/>
</LocList>
</BasicStmnt>
<BasicStmnt CovItemId="S358" CovItemPrefix="Draw.java" Intrnl_Id="788">
<LocList>
<Loc EndOffset="36497" SrcFileId="2" StartOffset="36466"/>
</LocList>
</BasicStmnt>
<CondStmnt CovItemId="S359" CovItemPrefix="Draw.java" Intrnl_Id="789">
<Branch CovItemId="B67" CovItemPrefix="Draw.java" Implct="false" Intrnl_Id="790">
<Cond/>
<LocList>
<Loc EndOffset="36600" SrcFileId="2" StartOffset="36528"/>
</LocList>
<StmntSeq Intrnl_Id="791">
<LocList>
<Loc EndOffset="36600" SrcFileId="2" StartOffset="36528"/>
</LocList>
<BasicStmnt CovItemId="S360" CovItemPrefix="Draw.java" Intrnl_Id="792">
<LocList>
<Loc EndOffset="36600" SrcFileId="2" StartOffset="36528"/>
</LocList>
</BasicStmnt>
</StmntSeq>
</Branch>
<Branch CovItemId="B68" CovItemPrefix="Draw.java" Implct="true" Intrnl_Id="793">
<Cond/>
<LocList/>
<StmntSeq Intrnl_Id="794">
<LocList/>
</StmntSeq>
</Branch>
<Keyword EndOffset="36508" SrcFileId="2" StartOffset="36506"/>
<LocList>
<Loc EndOffset="36600" SrcFileId="2" StartOffset="36506"/>
</LocList>
<RootTerm CovItemId="C40" CovItemPrefix="Draw.java" Intrnl_Id="795">
<OpTerm BooleanOpId="7" Intrnl_Id="796">
<BasicBoolTerm Intrnl_Id="797">
<LocList>
<Loc EndOffset="36516" SrcFileId="2" StartOffset="36510"/>
</LocList>
</BasicBoolTerm>
<BasicBoolTerm Intrnl_Id="798">
<LocList>
<Loc EndOffset="36526" SrcFileId="2" StartOffset="36520"/>
</LocList>
</BasicBoolTerm>
<LocList>
<Loc EndOffset="36519" SrcFileId="2" StartOffset="36517"/>
</LocList>
</OpTerm>
</RootTerm>
</CondStmnt>
<BasicStmnt CovItemId="S361" CovItemPrefix="Draw.java" Intrnl_Id="799">
<LocList>
<Loc EndOffset="36705" SrcFileId="2" StartOffset="36610"/>
</LocList>
</BasicStmnt>
<BasicStmnt CovItemId="S362" CovItemPrefix="Draw.java" Intrnl_Id="800">
<LocList>
<Loc EndOffset="36721" SrcFileId="2" StartOffset="36714"/>
</LocList>
</BasicStmnt>
</StmntSeq>
</HierarchyLvl>
<HierarchyLvl HierarchyLvlId="3263" HierarchyLvlTypeId="9" Intrnl_Id="801" Name="picture">
<Header>
<Loc EndOffset="37520" SrcFileId="2" StartOffset="37448"/>
</Header>
<LocList>
<Loc EndOffset="38194" SrcFileId="2" StartOffset="37448"/>
</LocList>
<StmntSeq Intrnl_Id="802">
<LocList>
<Loc EndOffset="37548" SrcFileId="2" StartOffset="37531"/>
<Loc EndOffset="37574" SrcFileId="2" StartOffset="37557"/>
<Loc EndOffset="37612" SrcFileId="2" StartOffset="37583"/>
<Loc EndOffset="37659" SrcFileId="2" StartOffset="37621"/>
<Loc EndOffset="37702" SrcFileId="2" StartOffset="37669"/>
<Loc EndOffset="37733" SrcFileId="2" StartOffset="37711"/>
<Loc EndOffset="37764" SrcFileId="2" StartOffset="37742"/>
<Loc EndOffset="37803" SrcFileId="2" StartOffset="37773"/>
<Loc EndOffset="37843" SrcFileId="2" StartOffset="37812"/>
<Loc EndOffset="37946" SrcFileId="2" StartOffset="37852"/>
<Loc EndOffset="38007" SrcFileId="2" StartOffset="37956"/>
<Loc EndOffset="38111" SrcFileId="2" StartOffset="38016"/>
<Loc EndOffset="38171" SrcFileId="2" StartOffset="38120"/>
<Loc EndOffset="38188" SrcFileId="2" StartOffset="38181"/>
</LocList>
<BasicStmnt CovItemId="S363" CovItemPrefix="Draw.java" Intrnl_Id="803">
<LocList>
<Loc EndOffset="37548" SrcFileId="2" StartOffset="37531"/>
</LocList>
</BasicStmnt>
<BasicStmnt CovItemId="S364" CovItemPrefix="Draw.java" Intrnl_Id="804">
<LocList>
<Loc EndOffset="37574" SrcFileId="2" StartOffset="37557"/>
</LocList>
</BasicStmnt>
<BasicStmnt CovItemId="S365" CovItemPrefix="Draw.java" Intrnl_Id="805">
<LocList>
<Loc EndOffset="37612" SrcFileId="2" StartOffset="37583"/>
</LocList>
</BasicStmnt>
<BasicStmnt CovItemId="S366" CovItemPrefix="Draw.java" Intrnl_Id="806">
<LocList>
<Loc EndOffset="37659" SrcFileId="2" StartOffset="37621"/>
</LocList>
</BasicStmnt>
<BasicStmnt CovItemId="S367" CovItemPrefix="Draw.java" Intrnl_Id="807">
<LocList>
<Loc EndOffset="37702" SrcFileId="2" StartOffset="37669"/>
</LocList>
</BasicStmnt>
<BasicStmnt CovItemId="S368" CovItemPrefix="Draw.java" Intrnl_Id="808">
<LocList>
<Loc EndOffset="37733" SrcFileId="2" StartOffset="37711"/>
</LocList>
</BasicStmnt>
<BasicStmnt CovItemId="S369" CovItemPrefix="Draw.java" Intrnl_Id="809">
<LocList>
<Loc EndOffset="37764" SrcFileId="2" StartOffset="37742"/>
</LocList>
</BasicStmnt>
<BasicStmnt CovItemId="S370" CovItemPrefix="Draw.java" Intrnl_Id="810">
<LocList>
<Loc EndOffset="37803" SrcFileId="2" StartOffset="37773"/>
</LocList>
</BasicStmnt>
<BasicStmnt CovItemId="S371" CovItemPrefix="Draw.java" Intrnl_Id="811">
<LocList>
<Loc EndOffset="37843" SrcFileId="2" StartOffset="37812"/>
</LocList>
</BasicStmnt>
<CondStmnt CovItemId="S372" CovItemPrefix="Draw.java" Intrnl_Id="812">
<Branch CovItemId="B69" CovItemPrefix="Draw.java" Implct="false" Intrnl_Id="813">
<Cond/>
<LocList>
<Loc EndOffset="37946" SrcFileId="2" StartOffset="37874"/>
</LocList>
<StmntSeq Intrnl_Id="814">
<LocList>
<Loc EndOffset="37946" SrcFileId="2" StartOffset="37874"/>
</LocList>
<BasicStmnt CovItemId="S373" CovItemPrefix="Draw.java" Intrnl_Id="815">
<LocList>
<Loc EndOffset="37946" SrcFileId="2" StartOffset="37874"/>
</LocList>
</BasicStmnt>
</StmntSeq>
</Branch>
<Branch CovItemId="B70" CovItemPrefix="Draw.java" Implct="true" Intrnl_Id="816">
<Cond/>
<LocList/>
<StmntSeq Intrnl_Id="817">
<LocList/>
</StmntSeq>
</Branch>
<Keyword EndOffset="37854" SrcFileId="2" StartOffset="37852"/>
<LocList>
<Loc EndOffset="37946" SrcFileId="2" StartOffset="37852"/>
</LocList>
<RootTerm CovItemId="C41" CovItemPrefix="Draw.java" Intrnl_Id="818">
<OpTerm BooleanOpId="7" Intrnl_Id="819">
<BasicBoolTerm Intrnl_Id="820">
<LocList>
<Loc EndOffset="37862" SrcFileId="2" StartOffset="37856"/>
</LocList>
</BasicBoolTerm>
<BasicBoolTerm Intrnl_Id="821">
<LocList>
<Loc EndOffset="37872" SrcFileId="2" StartOffset="37866"/>
</LocList>
</BasicBoolTerm>
<LocList>
<Loc EndOffset="37865" SrcFileId="2" StartOffset="37863"/>
</LocList>
</OpTerm>
</RootTerm>
</CondStmnt>
<BasicStmnt CovItemId="S374" CovItemPrefix="Draw.java" Intrnl_Id="822">
<LocList>
<Loc EndOffset="38007" SrcFileId="2" StartOffset="37956"/>
</LocList>
</BasicStmnt>
<BasicStmnt CovItemId="S375" CovItemPrefix="Draw.java" Intrnl_Id="823">
<LocList>
<Loc EndOffset="38111" SrcFileId="2" StartOffset="38016"/>
</LocList>
</BasicStmnt>
<BasicStmnt CovItemId="S376" CovItemPrefix="Draw.java" Intrnl_Id="824">
<LocList>
<Loc EndOffset="38171" SrcFileId="2" StartOffset="38120"/>
</LocList>
</BasicStmnt>
<BasicStmnt CovItemId="S377" CovItemPrefix="Draw.java" Intrnl_Id="825">
<LocList>
<Loc EndOffset="38188" SrcFileId="2" StartOffset="38181"/>
</LocList>
</BasicStmnt>
</StmntSeq>
</HierarchyLvl>
<HierarchyLvl HierarchyLvlId="3264" HierarchyLvlTypeId="9" Intrnl_Id="826" Name="picture">
<Header>
<Loc EndOffset="39221" SrcFileId="2" StartOffset="39124"/>
</Header>
<LocList>
<Loc EndOffset="40190" SrcFileId="2" StartOffset="39124"/>
</LocList>
<StmntSeq Intrnl_Id="827">
<LocList>
<Loc EndOffset="39249" SrcFileId="2" StartOffset="39232"/>
<Loc EndOffset="39275" SrcFileId="2" StartOffset="39258"/>
<Loc EndOffset="39322" SrcFileId="2" StartOffset="39284"/>
<Loc EndOffset="39371" SrcFileId="2" StartOffset="39331"/>
<Loc EndOffset="39418" SrcFileId="2" StartOffset="39380"/>
<Loc EndOffset="39476" SrcFileId="2" StartOffset="39427"/>
<Loc EndOffset="39536" SrcFileId="2" StartOffset="39485"/>
<Loc EndOffset="39579" SrcFileId="2" StartOffset="39546"/>
<Loc EndOffset="39610" SrcFileId="2" StartOffset="39588"/>
<Loc EndOffset="39641" SrcFileId="2" StartOffset="39619"/>
<Loc EndOffset="39683" SrcFileId="2" StartOffset="39650"/>
<Loc EndOffset="39726" SrcFileId="2" StartOffset="39692"/>
<Loc EndOffset="39829" SrcFileId="2" StartOffset="39735"/>
<Loc EndOffset="40168" SrcFileId="2" StartOffset="39838"/>
<Loc EndOffset="40184" SrcFileId="2" StartOffset="40177"/>
</LocList>
<BasicStmnt CovItemId="S378" CovItemPrefix="Draw.java" Intrnl_Id="828">
<LocList>
<Loc EndOffset="39249" SrcFileId="2" StartOffset="39232"/>
</LocList>
</BasicStmnt>
<BasicStmnt CovItemId="S379" CovItemPrefix="Draw.java" Intrnl_Id="829">
<LocList>
<Loc EndOffset="39275" SrcFileId="2" StartOffset="39258"/>
</LocList>
</BasicStmnt>
<BasicStmnt CovItemId="S380" CovItemPrefix="Draw.java" Intrnl_Id="830">
<LocList>
<Loc EndOffset="39322" SrcFileId="2" StartOffset="39284"/>
</LocList>
</BasicStmnt>
<BasicStmnt CovItemId="S381" CovItemPrefix="Draw.java" Intrnl_Id="831">
<LocList>
<Loc EndOffset="39371" SrcFileId="2" StartOffset="39331"/>
</LocList>
</BasicStmnt>
<BasicStmnt CovItemId="S382" CovItemPrefix="Draw.java" Intrnl_Id="832">
<LocList>
<Loc EndOffset="39418" SrcFileId="2" StartOffset="39380"/>
</LocList>
</BasicStmnt>
<BasicStmnt CovItemId="S383" CovItemPrefix="Draw.java" Intrnl_Id="833">
<LocList>
<Loc EndOffset="39476" SrcFileId="2" StartOffset="39427"/>
</LocList>
</BasicStmnt>
<BasicStmnt CovItemId="S384" CovItemPrefix="Draw.java" Intrnl_Id="834">
<LocList>
<Loc EndOffset="39536" SrcFileId="2" StartOffset="39485"/>
</LocList>
</BasicStmnt>
<BasicStmnt CovItemId="S385" CovItemPrefix="Draw.java" Intrnl_Id="835">
<LocList>
<Loc EndOffset="39579" SrcFileId="2" StartOffset="39546"/>
</LocList>
</BasicStmnt>
<BasicStmnt CovItemId="S386" CovItemPrefix="Draw.java" Intrnl_Id="836">
<LocList>
<Loc EndOffset="39610" SrcFileId="2" StartOffset="39588"/>
</LocList>
</BasicStmnt>
<BasicStmnt CovItemId="S387" CovItemPrefix="Draw.java" Intrnl_Id="837">
<LocList>
<Loc EndOffset="39641" SrcFileId="2" StartOffset="39619"/>
</LocList>
</BasicStmnt>
<BasicStmnt CovItemId="S388" CovItemPrefix="Draw.java" Intrnl_Id="838">
<LocList>
<Loc EndOffset="39683" SrcFileId="2" StartOffset="39650"/>
</LocList>
</BasicStmnt>
<BasicStmnt CovItemId="S389" CovItemPrefix="Draw.java" Intrnl_Id="839">
<LocList>
<Loc EndOffset="39726" SrcFileId="2" StartOffset="39692"/>
</LocList>
</BasicStmnt>
<CondStmnt CovItemId="S390" CovItemPrefix="Draw.java" Intrnl_Id="840">
<Branch CovItemId="B71" CovItemPrefix="Draw.java" Implct="false" Intrnl_Id="841">
<Cond/>
<LocList>
<Loc EndOffset="39829" SrcFileId="2" StartOffset="39757"/>
</LocList>
<StmntSeq Intrnl_Id="842">
<LocList>
<Loc EndOffset="39829" SrcFileId="2" StartOffset="39757"/>
</LocList>
<BasicStmnt CovItemId="S391" CovItemPrefix="Draw.java" Intrnl_Id="843">
<LocList>
<Loc EndOffset="39829" SrcFileId="2" StartOffset="39757"/>
</LocList>
</BasicStmnt>
</StmntSeq>
</Branch>
<Branch CovItemId="B72" CovItemPrefix="Draw.java" Implct="true" Intrnl_Id="844">
<Cond/>
<LocList/>
<StmntSeq Intrnl_Id="845">
<LocList/>
</StmntSeq>
</Branch>
<Keyword EndOffset="39737" SrcFileId="2" StartOffset="39735"/>
<LocList>
<Loc EndOffset="39829" SrcFileId="2" StartOffset="39735"/>
</LocList>
<RootTerm CovItemId="C42" CovItemPrefix="Draw.java" Intrnl_Id="846">
<OpTerm BooleanOpId="7" Intrnl_Id="847">
<BasicBoolTerm Intrnl_Id="848">
<LocList>
<Loc EndOffset="39745" SrcFileId="2" StartOffset="39739"/>
</LocList>
</BasicBoolTerm>
<BasicBoolTerm Intrnl_Id="849">
<LocList>
<Loc EndOffset="39755" SrcFileId="2" StartOffset="39749"/>
</LocList>
</BasicBoolTerm>
<LocList>
<Loc EndOffset="39748" SrcFileId="2" StartOffset="39746"/>
</LocList>
</OpTerm>
</RootTerm>
</CondStmnt>
<CondStmnt CovItemId="S392" CovItemPrefix="Draw.java" Intrnl_Id="850">
<Branch CovItemId="B73" CovItemPrefix="Draw.java" Implct="false" Intrnl_Id="851">
<Cond/>
<LocList>
<Loc EndOffset="39874" SrcFileId="2" StartOffset="39862"/>
</LocList>
<StmntSeq Intrnl_Id="852">
<LocList>
<Loc EndOffset="39874" SrcFileId="2" StartOffset="39862"/>
</LocList>
<BasicStmnt CovItemId="S393" CovItemPrefix="Draw.java" Intrnl_Id="853">
<LocList>
<Loc EndOffset="39874" SrcFileId="2" StartOffset="39862"/>
</LocList>
</BasicStmnt>
</StmntSeq>
</Branch>
<Branch CovItemId="B74" CovItemPrefix="Draw.java" Implct="false" Intrnl_Id="854">
<Cond>
<Loc EndOffset="39887" SrcFileId="2" StartOffset="39883"/>
</Cond>
<LocList>
<Loc EndOffset="40168" SrcFileId="2" StartOffset="39888"/>
</LocList>
<StmntSeq Intrnl_Id="855">
<LocList>
<Loc EndOffset="40158" SrcFileId="2" StartOffset="39902"/>
</LocList>
<BasicStmnt CovItemId="S394" CovItemPrefix="Draw.java" Intrnl_Id="856">
<LocList>
<Loc EndOffset="40158" SrcFileId="2" StartOffset="39902"/>
</LocList>
</BasicStmnt>
</StmntSeq>
</Branch>
<Keyword EndOffset="39840" SrcFileId="2" StartOffset="39838"/>
<LocList>
<Loc EndOffset="40168" SrcFileId="2" StartOffset="39838"/>
</LocList>
<RootTerm CovItemId="C43" CovItemPrefix="Draw.java" Intrnl_Id="857">
<OpTerm BooleanOpId="6" Intrnl_Id="858">
<BasicBoolTerm Intrnl_Id="859">
<LocList>
<Loc EndOffset="39849" SrcFileId="2" StartOffset="39842"/>
</LocList>
</BasicBoolTerm>
<BasicBoolTerm Intrnl_Id="860">
<LocList>
<Loc EndOffset="39860" SrcFileId="2" StartOffset="39853"/>
</LocList>
</BasicBoolTerm>
<LocList>
<Loc EndOffset="39852" SrcFileId="2" StartOffset="39850"/>
</LocList>
</OpTerm>
</RootTerm>
</CondStmnt>
<BasicStmnt CovItemId="S395" CovItemPrefix="Draw.java" Intrnl_Id="861">
<LocList>
<Loc EndOffset="40184" SrcFileId="2" StartOffset="40177"/>
</LocList>
</BasicStmnt>
</StmntSeq>
</HierarchyLvl>
<HierarchyLvl HierarchyLvlId="3265" HierarchyLvlTypeId="9" Intrnl_Id="862" Name="picture">
<Header>
<Loc EndOffset="41178" SrcFileId="2" StartOffset="41065"/>
</Header>
<LocList>
<Loc EndOffset="42266" SrcFileId="2" StartOffset="41065"/>
</LocList>
<StmntSeq Intrnl_Id="863">
<LocList>
<Loc EndOffset="41206" SrcFileId="2" StartOffset="41189"/>
<Loc EndOffset="41232" SrcFileId="2" StartOffset="41215"/>
<Loc EndOffset="41279" SrcFileId="2" StartOffset="41241"/>
<Loc EndOffset="41328" SrcFileId="2" StartOffset="41288"/>
<Loc EndOffset="41366" SrcFileId="2" StartOffset="41337"/>
<Loc EndOffset="41413" SrcFileId="2" StartOffset="41375"/>
<Loc EndOffset="41471" SrcFileId="2" StartOffset="41422"/>
<Loc EndOffset="41531" SrcFileId="2" StartOffset="41480"/>
<Loc EndOffset="41574" SrcFileId="2" StartOffset="41541"/>
<Loc EndOffset="41605" SrcFileId="2" StartOffset="41583"/>
<Loc EndOffset="41636" SrcFileId="2" StartOffset="41614"/>
<Loc EndOffset="41678" SrcFileId="2" StartOffset="41645"/>
<Loc EndOffset="41721" SrcFileId="2" StartOffset="41687"/>
<Loc EndOffset="41824" SrcFileId="2" StartOffset="41730"/>
<Loc EndOffset="41869" SrcFileId="2" StartOffset="41833"/>
<Loc EndOffset="41930" SrcFileId="2" StartOffset="41879"/>
<Loc EndOffset="42183" SrcFileId="2" StartOffset="41939"/>
<Loc EndOffset="42243" SrcFileId="2" StartOffset="42192"/>
<Loc EndOffset="42260" SrcFileId="2" StartOffset="42253"/>
</LocList>
<BasicStmnt CovItemId="S396" CovItemPrefix="Draw.java" Intrnl_Id="864">
<LocList>
<Loc EndOffset="41206" SrcFileId="2" StartOffset="41189"/>
</LocList>
</BasicStmnt>
<BasicStmnt CovItemId="S397" CovItemPrefix="Draw.java" Intrnl_Id="865">
<LocList>
<Loc EndOffset="41232" SrcFileId="2" StartOffset="41215"/>
</LocList>
</BasicStmnt>
<BasicStmnt CovItemId="S398" CovItemPrefix="Draw.java" Intrnl_Id="866">
<LocList>
<Loc EndOffset="41279" SrcFileId="2" StartOffset="41241"/>
</LocList>
</BasicStmnt>
<BasicStmnt CovItemId="S399" CovItemPrefix="Draw.java" Intrnl_Id="867">
<LocList>
<Loc EndOffset="41328" SrcFileId="2" StartOffset="41288"/>
</LocList>
</BasicStmnt>
<BasicStmnt CovItemId="S400" CovItemPrefix="Draw.java" Intrnl_Id="868">
<LocList>
<Loc EndOffset="41366" SrcFileId="2" StartOffset="41337"/>
</LocList>
</BasicStmnt>
<BasicStmnt CovItemId="S401" CovItemPrefix="Draw.java" Intrnl_Id="869">
<LocList>
<Loc EndOffset="41413" SrcFileId="2" StartOffset="41375"/>
</LocList>
</BasicStmnt>
<BasicStmnt CovItemId="S402" CovItemPrefix="Draw.java" Intrnl_Id="870">
<LocList>
<Loc EndOffset="41471" SrcFileId="2" StartOffset="41422"/>
</LocList>
</BasicStmnt>
<BasicStmnt CovItemId="S403" CovItemPrefix="Draw.java" Intrnl_Id="871">
<LocList>
<Loc EndOffset="41531" SrcFileId="2" StartOffset="41480"/>
</LocList>
</BasicStmnt>
<BasicStmnt CovItemId="S404" CovItemPrefix="Draw.java" Intrnl_Id="872">
<LocList>
<Loc EndOffset="41574" SrcFileId="2" StartOffset="41541"/>
</LocList>
</BasicStmnt>
<BasicStmnt CovItemId="S405" CovItemPrefix="Draw.java" Intrnl_Id="873">
<LocList>
<Loc EndOffset="41605" SrcFileId="2" StartOffset="41583"/>
</LocList>
</BasicStmnt>
<BasicStmnt CovItemId="S406" CovItemPrefix="Draw.java" Intrnl_Id="874">
<LocList>
<Loc EndOffset="41636" SrcFileId="2" StartOffset="41614"/>
</LocList>
</BasicStmnt>
<BasicStmnt CovItemId="S407" CovItemPrefix="Draw.java" Intrnl_Id="875">
<LocList>
<Loc EndOffset="41678" SrcFileId="2" StartOffset="41645"/>
</LocList>
</BasicStmnt>
<BasicStmnt CovItemId="S408" CovItemPrefix="Draw.java" Intrnl_Id="876">
<LocList>
<Loc EndOffset="41721" SrcFileId="2" StartOffset="41687"/>
</LocList>
</BasicStmnt>
<CondStmnt CovItemId="S409" CovItemPrefix="Draw.java" Intrnl_Id="877">
<Branch CovItemId="B75" CovItemPrefix="Draw.java" Implct="false" Intrnl_Id="878">
<Cond/>
<LocList>
<Loc EndOffset="41824" SrcFileId="2" StartOffset="41752"/>
</LocList>
<StmntSeq Intrnl_Id="879">
<LocList>
<Loc EndOffset="41824" SrcFileId="2" StartOffset="41752"/>
</LocList>
<BasicStmnt CovItemId="S410" CovItemPrefix="Draw.java" Intrnl_Id="880">
<LocList>
<Loc EndOffset="41824" SrcFileId="2" StartOffset="41752"/>
</LocList>
</BasicStmnt>
</StmntSeq>
</Branch>
<Branch CovItemId="B76" CovItemPrefix="Draw.java" Implct="true" Intrnl_Id="881">
<Cond/>
<LocList/>
<StmntSeq Intrnl_Id="882">
<LocList/>
</StmntSeq>
</Branch>
<Keyword EndOffset="41732" SrcFileId="2" StartOffset="41730"/>
<LocList>
<Loc EndOffset="41824" SrcFileId="2" StartOffset="41730"/>
</LocList>
<RootTerm CovItemId="C44" CovItemPrefix="Draw.java" Intrnl_Id="883">
<OpTerm BooleanOpId="7" Intrnl_Id="884">
<BasicBoolTerm Intrnl_Id="885">
<LocList>
<Loc EndOffset="41740" SrcFileId="2" StartOffset="41734"/>
</LocList>
</BasicBoolTerm>
<BasicBoolTerm Intrnl_Id="886">
<LocList>
<Loc EndOffset="41750" SrcFileId="2" StartOffset="41744"/>
</LocList>
</BasicBoolTerm>
<LocList>
<Loc EndOffset="41743" SrcFileId="2" StartOffset="41741"/>
</LocList>
</OpTerm>
</RootTerm>
</CondStmnt>
<CondStmnt CovItemId="S411" CovItemPrefix="Draw.java" Intrnl_Id="887">
<Branch CovItemId="B77" CovItemPrefix="Draw.java" Implct="false" Intrnl_Id="888">
<Cond/>
<LocList>
<Loc EndOffset="41869" SrcFileId="2" StartOffset="41857"/>
</LocList>
<StmntSeq Intrnl_Id="889">
<LocList>
<Loc EndOffset="41869" SrcFileId="2" StartOffset="41857"/>
</LocList>
<BasicStmnt CovItemId="S412" CovItemPrefix="Draw.java" Intrnl_Id="890">
<LocList>
<Loc EndOffset="41869" SrcFileId="2" StartOffset="41857"/>
</LocList>
</BasicStmnt>
</StmntSeq>
</Branch>
<Branch CovItemId="B78" CovItemPrefix="Draw.java" Implct="true" Intrnl_Id="891">
<Cond/>
<LocList/>
<StmntSeq Intrnl_Id="892">
<LocList/>
</StmntSeq>
</Branch>
<Keyword EndOffset="41835" SrcFileId="2" StartOffset="41833"/>
<LocList>
<Loc EndOffset="41869" SrcFileId="2" StartOffset="41833"/>
</LocList>
<RootTerm CovItemId="C45" CovItemPrefix="Draw.java" Intrnl_Id="893">
<OpTerm BooleanOpId="6" Intrnl_Id="894">
<BasicBoolTerm Intrnl_Id="895">
<LocList>
<Loc EndOffset="41844" SrcFileId="2" StartOffset="41837"/>
</LocList>
</BasicBoolTerm>
<BasicBoolTerm Intrnl_Id="896">
<LocList>
<Loc EndOffset="41855" SrcFileId="2" StartOffset="41848"/>
</LocList>
</BasicBoolTerm>
<LocList>
<Loc EndOffset="41847" SrcFileId="2" StartOffset="41845"/>
</LocList>
</OpTerm>
</RootTerm>
</CondStmnt>
<BasicStmnt CovItemId="S413" CovItemPrefix="Draw.java" Intrnl_Id="897">
<LocList>
<Loc EndOffset="41930" SrcFileId="2" StartOffset="41879"/>
</LocList>
</BasicStmnt>
<BasicStmnt CovItemId="S414" CovItemPrefix="Draw.java" Intrnl_Id="898">
<LocList>
<Loc EndOffset="42183" SrcFileId="2" StartOffset="41939"/>
</LocList>
</BasicStmnt>
<BasicStmnt CovItemId="S415" CovItemPrefix="Draw.java" Intrnl_Id="899">
<LocList>
<Loc EndOffset="42243" SrcFileId="2" StartOffset="42192"/>
</LocList>
</BasicStmnt>
<BasicStmnt CovItemId="S416" CovItemPrefix="Draw.java" Intrnl_Id="900">
<LocList>
<Loc EndOffset="42260" SrcFileId="2" StartOffset="42253"/>
</LocList>
</BasicStmnt>
</StmntSeq>
</HierarchyLvl>
<HierarchyLvl HierarchyLvlId="3266" HierarchyLvlTypeId="9" Intrnl_Id="901" Name="text">
<Header>
<Loc EndOffset="42949" SrcFileId="2" StartOffset="42900"/>
</Header>
<LocList>
<Loc EndOffset="43379" SrcFileId="2" StartOffset="42900"/>
</LocList>
<StmntSeq Intrnl_Id="902">
<LocList>
<Loc EndOffset="42977" SrcFileId="2" StartOffset="42960"/>
<Loc EndOffset="43003" SrcFileId="2" StartOffset="42986"/>
<Loc EndOffset="43042" SrcFileId="2" StartOffset="43012"/>
<Loc EndOffset="43076" SrcFileId="2" StartOffset="43052"/>
<Loc EndOffset="43134" SrcFileId="2" StartOffset="43085"/>
<Loc EndOffset="43165" SrcFileId="2" StartOffset="43143"/>
<Loc EndOffset="43196" SrcFileId="2" StartOffset="43174"/>
<Loc EndOffset="43240" SrcFileId="2" StartOffset="43205"/>
<Loc EndOffset="43279" SrcFileId="2" StartOffset="43249"/>
<Loc EndOffset="43357" SrcFileId="2" StartOffset="43288"/>
<Loc EndOffset="43373" SrcFileId="2" StartOffset="43366"/>
</LocList>
<BasicStmnt CovItemId="S417" CovItemPrefix="Draw.java" Intrnl_Id="903">
<LocList>
<Loc EndOffset="42977" SrcFileId="2" StartOffset="42960"/>
</LocList>
</BasicStmnt>
<BasicStmnt CovItemId="S418" CovItemPrefix="Draw.java" Intrnl_Id="904">
<LocList>
<Loc EndOffset="43003" SrcFileId="2" StartOffset="42986"/>
</LocList>
</BasicStmnt>
<BasicStmnt CovItemId="S419" CovItemPrefix="Draw.java" Intrnl_Id="905">
<LocList>
<Loc EndOffset="43042" SrcFileId="2" StartOffset="43012"/>
</LocList>
</BasicStmnt>
<BasicStmnt CovItemId="S420" CovItemPrefix="Draw.java" Intrnl_Id="906">
<LocList>
<Loc EndOffset="43076" SrcFileId="2" StartOffset="43052"/>
</LocList>
</BasicStmnt>
<BasicStmnt CovItemId="S421" CovItemPrefix="Draw.java" Intrnl_Id="907">
<LocList>
<Loc EndOffset="43134" SrcFileId="2" StartOffset="43085"/>
</LocList>
</BasicStmnt>
<BasicStmnt CovItemId="S422" CovItemPrefix="Draw.java" Intrnl_Id="908">
<LocList>
<Loc EndOffset="43165" SrcFileId="2" StartOffset="43143"/>
</LocList>
</BasicStmnt>
<BasicStmnt CovItemId="S423" CovItemPrefix="Draw.java" Intrnl_Id="909">
<LocList>
<Loc EndOffset="43196" SrcFileId="2" StartOffset="43174"/>
</LocList>
</BasicStmnt>
<BasicStmnt CovItemId="S424" CovItemPrefix="Draw.java" Intrnl_Id="910">
<LocList>
<Loc EndOffset="43240" SrcFileId="2" StartOffset="43205"/>
</LocList>
</BasicStmnt>
<BasicStmnt CovItemId="S425" CovItemPrefix="Draw.java" Intrnl_Id="911">
<LocList>
<Loc EndOffset="43279" SrcFileId="2" StartOffset="43249"/>
</LocList>
</BasicStmnt>
<BasicStmnt CovItemId="S426" CovItemPrefix="Draw.java" Intrnl_Id="912">
<LocList>
<Loc EndOffset="43357" SrcFileId="2" StartOffset="43288"/>
</LocList>
</BasicStmnt>
<BasicStmnt CovItemId="S427" CovItemPrefix="Draw.java" Intrnl_Id="913">
<LocList>
<Loc EndOffset="43373" SrcFileId="2" StartOffset="43366"/>
</LocList>
</BasicStmnt>
</StmntSeq>
</HierarchyLvl>
<HierarchyLvl HierarchyLvlId="3267" HierarchyLvlTypeId="9" Intrnl_Id="914" Name="text">
<Header>
<Loc EndOffset="44034" SrcFileId="2" StartOffset="43969"/>
</Header>
<LocList>
<Loc EndOffset="44380" SrcFileId="2" StartOffset="43969"/>
</LocList>
<StmntSeq Intrnl_Id="915">
<LocList>
<Loc EndOffset="44062" SrcFileId="2" StartOffset="44045"/>
<Loc EndOffset="44088" SrcFileId="2" StartOffset="44071"/>
<Loc EndOffset="44126" SrcFileId="2" StartOffset="44097"/>
<Loc EndOffset="44165" SrcFileId="2" StartOffset="44135"/>
<Loc EndOffset="44197" SrcFileId="2" StartOffset="44175"/>
<Loc EndOffset="44228" SrcFileId="2" StartOffset="44206"/>
<Loc EndOffset="44288" SrcFileId="2" StartOffset="44237"/>
<Loc EndOffset="44314" SrcFileId="2" StartOffset="44297"/>
<Loc EndOffset="44374" SrcFileId="2" StartOffset="44323"/>
</LocList>
<BasicStmnt CovItemId="S428" CovItemPrefix="Draw.java" Intrnl_Id="916">
<LocList>
<Loc EndOffset="44062" SrcFileId="2" StartOffset="44045"/>
</LocList>
</BasicStmnt>
<BasicStmnt CovItemId="S429" CovItemPrefix="Draw.java" Intrnl_Id="917">
<LocList>
<Loc EndOffset="44088" SrcFileId="2" StartOffset="44071"/>
</LocList>
</BasicStmnt>
<BasicStmnt CovItemId="S430" CovItemPrefix="Draw.java" Intrnl_Id="918">
<LocList>
<Loc EndOffset="44126" SrcFileId="2" StartOffset="44097"/>
</LocList>
</BasicStmnt>
<BasicStmnt CovItemId="S431" CovItemPrefix="Draw.java" Intrnl_Id="919">
<LocList>
<Loc EndOffset="44165" SrcFileId="2" StartOffset="44135"/>
</LocList>
</BasicStmnt>
<BasicStmnt CovItemId="S432" CovItemPrefix="Draw.java" Intrnl_Id="920">
<LocList>
<Loc EndOffset="44197" SrcFileId="2" StartOffset="44175"/>
</LocList>
</BasicStmnt>
<BasicStmnt CovItemId="S433" CovItemPrefix="Draw.java" Intrnl_Id="921">
<LocList>
<Loc EndOffset="44228" SrcFileId="2" StartOffset="44206"/>
</LocList>
</BasicStmnt>
<BasicStmnt CovItemId="S434" CovItemPrefix="Draw.java" Intrnl_Id="922">
<LocList>
<Loc EndOffset="44288" SrcFileId="2" StartOffset="44237"/>
</LocList>
</BasicStmnt>
<BasicStmnt CovItemId="S435" CovItemPrefix="Draw.java" Intrnl_Id="923">
<LocList>
<Loc EndOffset="44314" SrcFileId="2" StartOffset="44297"/>
</LocList>
</BasicStmnt>
<BasicStmnt CovItemId="S436" CovItemPrefix="Draw.java" Intrnl_Id="924">
<LocList>
<Loc EndOffset="44374" SrcFileId="2" StartOffset="44323"/>
</LocList>
</BasicStmnt>
</StmntSeq>
</HierarchyLvl>
<HierarchyLvl HierarchyLvlId="3268" HierarchyLvlTypeId="9" Intrnl_Id="925" Name="textLeft">
<Header>
<Loc EndOffset="44857" SrcFileId="2" StartOffset="44804"/>
</Header>
<LocList>
<Loc EndOffset="45279" SrcFileId="2" StartOffset="44804"/>
</LocList>
<StmntSeq Intrnl_Id="926">
<LocList>
<Loc EndOffset="44885" SrcFileId="2" StartOffset="44868"/>
<Loc EndOffset="44911" SrcFileId="2" StartOffset="44894"/>
<Loc EndOffset="44950" SrcFileId="2" StartOffset="44920"/>
<Loc EndOffset="44984" SrcFileId="2" StartOffset="44960"/>
<Loc EndOffset="45042" SrcFileId="2" StartOffset="44993"/>
<Loc EndOffset="45073" SrcFileId="2" StartOffset="45051"/>
<Loc EndOffset="45104" SrcFileId="2" StartOffset="45082"/>
<Loc EndOffset="45190" SrcFileId="2" StartOffset="45160"/>
<Loc EndOffset="45257" SrcFileId="2" StartOffset="45199"/>
<Loc EndOffset="45273" SrcFileId="2" StartOffset="45266"/>
</LocList>
<BasicStmnt CovItemId="S437" CovItemPrefix="Draw.java" Intrnl_Id="927">
<LocList>
<Loc EndOffset="44885" SrcFileId="2" StartOffset="44868"/>
</LocList>
</BasicStmnt>
<BasicStmnt CovItemId="S438" CovItemPrefix="Draw.java" Intrnl_Id="928">
<LocList>
<Loc EndOffset="44911" SrcFileId="2" StartOffset="44894"/>
</LocList>
</BasicStmnt>
<BasicStmnt CovItemId="S439" CovItemPrefix="Draw.java" Intrnl_Id="929">
<LocList>
<Loc EndOffset="44950" SrcFileId="2" StartOffset="44920"/>
</LocList>
</BasicStmnt>
<BasicStmnt CovItemId="S440" CovItemPrefix="Draw.java" Intrnl_Id="930">
<LocList>
<Loc EndOffset="44984" SrcFileId="2" StartOffset="44960"/>
</LocList>
</BasicStmnt>
<BasicStmnt CovItemId="S441" CovItemPrefix="Draw.java" Intrnl_Id="931">
<LocList>
<Loc EndOffset="45042" SrcFileId="2" StartOffset="44993"/>
</LocList>
</BasicStmnt>
<BasicStmnt CovItemId="S442" CovItemPrefix="Draw.java" Intrnl_Id="932">
<LocList>
<Loc EndOffset="45073" SrcFileId="2" StartOffset="45051"/>
</LocList>
</BasicStmnt>
<BasicStmnt CovItemId="S443" CovItemPrefix="Draw.java" Intrnl_Id="933">
<LocList>
<Loc EndOffset="45104" SrcFileId="2" StartOffset="45082"/>
</LocList>
</BasicStmnt>
<BasicStmnt CovItemId="S444" CovItemPrefix="Draw.java" Intrnl_Id="934">
<LocList>
<Loc EndOffset="45190" SrcFileId="2" StartOffset="45160"/>
</LocList>
</BasicStmnt>
<BasicStmnt CovItemId="S445" CovItemPrefix="Draw.java" Intrnl_Id="935">
<LocList>
<Loc EndOffset="45257" SrcFileId="2" StartOffset="45199"/>
</LocList>
</BasicStmnt>
<BasicStmnt CovItemId="S446" CovItemPrefix="Draw.java" Intrnl_Id="936">
<LocList>
<Loc EndOffset="45273" SrcFileId="2" StartOffset="45266"/>
</LocList>
</BasicStmnt>
</StmntSeq>
</HierarchyLvl>
<HierarchyLvl HierarchyLvlId="3269" HierarchyLvlTypeId="9" Intrnl_Id="937" Name="textRight">
<Header>
<Loc EndOffset="45774" SrcFileId="2" StartOffset="45720"/>
</Header>
<LocList>
<Loc EndOffset="46200" SrcFileId="2" StartOffset="45720"/>
</LocList>
<StmntSeq Intrnl_Id="938">
<LocList>
<Loc EndOffset="45802" SrcFileId="2" StartOffset="45785"/>
<Loc EndOffset="45828" SrcFileId="2" StartOffset="45811"/>
<Loc EndOffset="45867" SrcFileId="2" StartOffset="45837"/>
<Loc EndOffset="45901" SrcFileId="2" StartOffset="45877"/>
<Loc EndOffset="45959" SrcFileId="2" StartOffset="45910"/>
<Loc EndOffset="45990" SrcFileId="2" StartOffset="45968"/>
<Loc EndOffset="46021" SrcFileId="2" StartOffset="45999"/>
<Loc EndOffset="46065" SrcFileId="2" StartOffset="46030"/>
<Loc EndOffset="46104" SrcFileId="2" StartOffset="46074"/>
<Loc EndOffset="46178" SrcFileId="2" StartOffset="46113"/>
<Loc EndOffset="46194" SrcFileId="2" StartOffset="46187"/>
</LocList>
<BasicStmnt CovItemId="S447" CovItemPrefix="Draw.java" Intrnl_Id="939">
<LocList>
<Loc EndOffset="45802" SrcFileId="2" StartOffset="45785"/>
</LocList>
</BasicStmnt>
<BasicStmnt CovItemId="S448" CovItemPrefix="Draw.java" Intrnl_Id="940">
<LocList>
<Loc EndOffset="45828" SrcFileId="2" StartOffset="45811"/>
</LocList>
</BasicStmnt>
<BasicStmnt CovItemId="S449" CovItemPrefix="Draw.java" Intrnl_Id="941">
<LocList>
<Loc EndOffset="45867" SrcFileId="2" StartOffset="45837"/>
</LocList>
</BasicStmnt>
<BasicStmnt CovItemId="S450" CovItemPrefix="Draw.java" Intrnl_Id="942">
<LocList>
<Loc EndOffset="45901" SrcFileId="2" StartOffset="45877"/>
</LocList>
</BasicStmnt>
<BasicStmnt CovItemId="S451" CovItemPrefix="Draw.java" Intrnl_Id="943">
<LocList>
<Loc EndOffset="45959" SrcFileId="2" StartOffset="45910"/>
</LocList>
</BasicStmnt>
<BasicStmnt CovItemId="S452" CovItemPrefix="Draw.java" Intrnl_Id="944">
<LocList>
<Loc EndOffset="45990" SrcFileId="2" StartOffset="45968"/>
</LocList>
</BasicStmnt>
<BasicStmnt CovItemId="S453" CovItemPrefix="Draw.java" Intrnl_Id="945">
<LocList>
<Loc EndOffset="46021" SrcFileId="2" StartOffset="45999"/>
</LocList>
</BasicStmnt>
<BasicStmnt CovItemId="S454" CovItemPrefix="Draw.java" Intrnl_Id="946">
<LocList>
<Loc EndOffset="46065" SrcFileId="2" StartOffset="46030"/>
</LocList>
</BasicStmnt>
<BasicStmnt CovItemId="S455" CovItemPrefix="Draw.java" Intrnl_Id="947">
<LocList>
<Loc EndOffset="46104" SrcFileId="2" StartOffset="46074"/>
</LocList>
</BasicStmnt>
<BasicStmnt CovItemId="S456" CovItemPrefix="Draw.java" Intrnl_Id="948">
<LocList>
<Loc EndOffset="46178" SrcFileId="2" StartOffset="46113"/>
</LocList>
</BasicStmnt>
<BasicStmnt CovItemId="S457" CovItemPrefix="Draw.java" Intrnl_Id="949">
<LocList>
<Loc EndOffset="46194" SrcFileId="2" StartOffset="46187"/>
</LocList>
</BasicStmnt>
</StmntSeq>
</HierarchyLvl>
<HierarchyLvl HierarchyLvlId="3270" HierarchyLvlTypeId="9" Intrnl_Id="950" Name="show">
<Header>
<Loc EndOffset="46530" SrcFileId="2" StartOffset="46491"/>
</Header>
<LocList>
<Loc EndOffset="46605" SrcFileId="2" StartOffset="46491"/>
</LocList>
<StmntSeq Intrnl_Id="951">
<LocList>
<Loc EndOffset="46548" SrcFileId="2" StartOffset="46541"/>
<Loc EndOffset="46566" SrcFileId="2" StartOffset="46557"/>
<Loc EndOffset="46599" SrcFileId="2" StartOffset="46575"/>
</LocList>
<BasicStmnt CovItemId="S458" CovItemPrefix="Draw.java" Intrnl_Id="952">
<LocList>
<Loc EndOffset="46548" SrcFileId="2" StartOffset="46541"/>
</LocList>
</BasicStmnt>
<BasicStmnt CovItemId="S459" CovItemPrefix="Draw.java" Intrnl_Id="953">
<LocList>
<Loc EndOffset="46566" SrcFileId="2" StartOffset="46557"/>
</LocList>
</BasicStmnt>
<BasicStmnt CovItemId="S460" CovItemPrefix="Draw.java" Intrnl_Id="954">
<LocList>
<Loc EndOffset="46599" SrcFileId="2" StartOffset="46575"/>
</LocList>
</BasicStmnt>
</StmntSeq>
</HierarchyLvl>
<HierarchyLvl HierarchyLvlId="3271" HierarchyLvlTypeId="9" Intrnl_Id="955" Name="pause">
<Header>
<Loc EndOffset="46779" SrcFileId="2" StartOffset="46755"/>
</Header>
<LocList>
<Loc EndOffset="46941" SrcFileId="2" StartOffset="46755"/>
</LocList>
<StmntSeq Intrnl_Id="956">
<LocList>
<Loc EndOffset="46824" SrcFileId="2" StartOffset="46808"/>
<Loc EndOffset="46935" SrcFileId="2" StartOffset="46790"/>
</LocList>
<BasicStmnt CovItemId="S462" CovItemPrefix="Draw.java" Intrnl_Id="957">
<LocList>
<Loc EndOffset="46824" SrcFileId="2" StartOffset="46808"/>
</LocList>
</BasicStmnt>
<CondStmnt CovItemId="S461" CovItemPrefix="Draw.java" Intrnl_Id="958">
<Branch CovItemId="B79" CovItemPrefix="Draw.java" Implct="true" Intrnl_Id="959">
<Cond/>
<LocList/>
<StmntSeq Intrnl_Id="960">
<LocList/>
</StmntSeq>
</Branch>
<Branch CovItemId="B80" CovItemPrefix="Draw.java" Implct="false" Intrnl_Id="961">
<Cond>
<Loc EndOffset="46873" SrcFileId="2" StartOffset="46843"/>
</Cond>
<LocList>
<Loc EndOffset="46935" SrcFileId="2" StartOffset="46874"/>
</LocList>
<StmntSeq Intrnl_Id="962">
<LocList>
<Loc EndOffset="46925" SrcFileId="2" StartOffset="46888"/>
</LocList>
<BasicStmnt CovItemId="S463" CovItemPrefix="Draw.java" Intrnl_Id="963">
<LocList>
<Loc EndOffset="46925" SrcFileId="2" StartOffset="46888"/>
</LocList>
</BasicStmnt>
</StmntSeq>
</Branch>
<Keyword EndOffset="46793" SrcFileId="2" StartOffset="46790"/>
<LocList>
<Loc EndOffset="46935" SrcFileId="2" StartOffset="46790"/>
</LocList>
</CondStmnt>
</StmntSeq>
</HierarchyLvl>
<HierarchyLvl HierarchyLvlId="3272" HierarchyLvlTypeId="9" Intrnl_Id="964" Name="show">
<Header>
<Loc EndOffset="47114" SrcFileId="2" StartOffset="47096"/>
</Header>
<LocList>
<Loc EndOffset="47203" SrcFileId="2" StartOffset="47096"/>
</LocList>
<StmntSeq Intrnl_Id="965">
<LocList>
<Loc EndOffset="47172" SrcFileId="2" StartOffset="47125"/>
<Loc EndOffset="47197" SrcFileId="2" StartOffset="47181"/>
</LocList>
<BasicStmnt CovItemId="S464" CovItemPrefix="Draw.java" Intrnl_Id="966">
<LocList>
<Loc EndOffset="47172" SrcFileId="2" StartOffset="47125"/>
</LocList>
</BasicStmnt>
<BasicStmnt CovItemId="S465" CovItemPrefix="Draw.java" Intrnl_Id="967">
<LocList>
<Loc EndOffset="47197" SrcFileId="2" StartOffset="47181"/>
</LocList>
</BasicStmnt>
</StmntSeq>
</HierarchyLvl>
<HierarchyLvl HierarchyLvlId="3273" HierarchyLvlTypeId="9" Intrnl_Id="968" Name="draw">
<Header>
<Loc EndOffset="47266" SrcFileId="2" StartOffset="47248"/>
</Header>
<LocList>
<Loc EndOffset="47302" SrcFileId="2" StartOffset="47248"/>
</LocList>
<StmntSeq Intrnl_Id="969">
<LocList>
<Loc EndOffset="47296" SrcFileId="2" StartOffset="47277"/>
</LocList>
<CondStmnt CovItemId="S466" CovItemPrefix="Draw.java" Intrnl_Id="970">
<Branch CovItemId="B81" CovItemPrefix="Draw.java" Implct="false" Intrnl_Id="971">
<Cond/>
<LocList>
<Loc EndOffset="47296" SrcFileId="2" StartOffset="47289"/>
</LocList>
<StmntSeq Intrnl_Id="972">
<LocList>
<Loc EndOffset="47296" SrcFileId="2" StartOffset="47289"/>
</LocList>
<BasicStmnt CovItemId="S467" CovItemPrefix="Draw.java" Intrnl_Id="973">
<LocList>
<Loc EndOffset="47296" SrcFileId="2" StartOffset="47289"/>
</LocList>
</BasicStmnt>
</StmntSeq>
</Branch>
<Branch CovItemId="B82" CovItemPrefix="Draw.java" Implct="true" Intrnl_Id="974">
<Cond/>
<LocList/>
<StmntSeq Intrnl_Id="975">
<LocList/>
</StmntSeq>
</Branch>
<Keyword EndOffset="47279" SrcFileId="2" StartOffset="47277"/>
<LocList>
<Loc EndOffset="47296" SrcFileId="2" StartOffset="47277"/>
</LocList>
<RootTerm CovItemId="C46" CovItemPrefix="Draw.java" Intrnl_Id="976">
<OpTerm BooleanOpId="8" Intrnl_Id="977">
<BasicBoolTerm Intrnl_Id="978">
<LocList>
<Loc EndOffset="47287" SrcFileId="2" StartOffset="47282"/>
</LocList>
</BasicBoolTerm>
<LocList>
<Loc EndOffset="47282" SrcFileId="2" StartOffset="47281"/>
</LocList>
</OpTerm>
</RootTerm>
</CondStmnt>
</StmntSeq>
</HierarchyLvl>
<HierarchyLvl HierarchyLvlId="3274" HierarchyLvlTypeId="9" Intrnl_Id="979" Name="enableDoubleBuffering">
<Header>
<Loc EndOffset="47587" SrcFileId="2" StartOffset="47552"/>
</Header>
<LocList>
<Loc EndOffset="47617" SrcFileId="2" StartOffset="47552"/>
</LocList>
<StmntSeq Intrnl_Id="980">
<LocList>
<Loc EndOffset="47611" SrcFileId="2" StartOffset="47598"/>
</LocList>
<BasicStmnt CovItemId="S468" CovItemPrefix="Draw.java" Intrnl_Id="981">
<LocList>
<Loc EndOffset="47611" SrcFileId="2" StartOffset="47598"/>
</LocList>
</BasicStmnt>
</StmntSeq>
</HierarchyLvl>
<HierarchyLvl HierarchyLvlId="3275" HierarchyLvlTypeId="9" Intrnl_Id="982" Name="disableDoubleBuffering">
<Header>
<Loc EndOffset="47895" SrcFileId="2" StartOffset="47859"/>
</Header>
<LocList>
<Loc EndOffset="47926" SrcFileId="2" StartOffset="47859"/>
</LocList>
<StmntSeq Intrnl_Id="983">
<LocList>
<Loc EndOffset="47920" SrcFileId="2" StartOffset="47906"/>
</LocList>
<BasicStmnt CovItemId="S469" CovItemPrefix="Draw.java" Intrnl_Id="984">
<LocList>
<Loc EndOffset="47920" SrcFileId="2" StartOffset="47906"/>
</LocList>
</BasicStmnt>
</StmntSeq>
</HierarchyLvl>
<HierarchyLvl HierarchyLvlId="3276" HierarchyLvlTypeId="9" Intrnl_Id="985" Name="save">
<Header>
<Loc EndOffset="48319" SrcFileId="2" StartOffset="48286"/>
</Header>
<LocList>
<Loc EndOffset="49916" SrcFileId="2" StartOffset="48286"/>
</LocList>
<StmntSeq Intrnl_Id="986">
<LocList>
<Loc EndOffset="48368" SrcFileId="2" StartOffset="48330"/>
<Loc EndOffset="48408" SrcFileId="2" StartOffset="48377"/>
<Loc EndOffset="48483" SrcFileId="2" StartOffset="48417"/>
<Loc EndOffset="49910" SrcFileId="2" StartOffset="48514"/>
</LocList>
<BasicStmnt CovItemId="S470" CovItemPrefix="Draw.java" Intrnl_Id="987">
<LocList>
<Loc EndOffset="48368" SrcFileId="2" StartOffset="48330"/>
</LocList>
</BasicStmnt>
<BasicStmnt CovItemId="S471" CovItemPrefix="Draw.java" Intrnl_Id="988">
<LocList>
<Loc EndOffset="48408" SrcFileId="2" StartOffset="48377"/>
</LocList>
</BasicStmnt>
<BasicStmnt CovItemId="S472" CovItemPrefix="Draw.java" Intrnl_Id="989">
<LocList>
<Loc EndOffset="48483" SrcFileId="2" StartOffset="48417"/>
</LocList>
</BasicStmnt>
<CondStmnt CovItemId="S473" CovItemPrefix="Draw.java" Intrnl_Id="990">
<Branch CovItemId="B83" CovItemPrefix="Draw.java" Implct="false" Intrnl_Id="991">
<Cond/>
<LocList>
<Loc EndOffset="48741" SrcFileId="2" StartOffset="48550"/>
</LocList>
<StmntSeq Intrnl_Id="992">
<LocList>
<Loc EndOffset="48630" SrcFileId="2" StartOffset="48586"/>
<Loc EndOffset="48731" SrcFileId="2" StartOffset="48564"/>
</LocList>
<BasicStmnt CovItemId="S475" CovItemPrefix="Draw.java" Intrnl_Id="993">
<LocList>
<Loc EndOffset="48630" SrcFileId="2" StartOffset="48586"/>
</LocList>
</BasicStmnt>
<CondStmnt CovItemId="S474" CovItemPrefix="Draw.java" Intrnl_Id="994">
<Branch CovItemId="B85" CovItemPrefix="Draw.java" Implct="true" Intrnl_Id="995">
<Cond/>
<LocList/>
<StmntSeq Intrnl_Id="996">
<LocList/>
</StmntSeq>
</Branch>
<Branch CovItemId="B86" CovItemPrefix="Draw.java" Implct="false" Intrnl_Id="997">
<Cond>
<Loc EndOffset="48678" SrcFileId="2" StartOffset="48657"/>
</Cond>
<LocList>
<Loc EndOffset="48731" SrcFileId="2" StartOffset="48679"/>
</LocList>
<StmntSeq Intrnl_Id="998">
<LocList>
<Loc EndOffset="48717" SrcFileId="2" StartOffset="48697"/>
</LocList>
<BasicStmnt CovItemId="S476" CovItemPrefix="Draw.java" Intrnl_Id="999">
<LocList>
<Loc EndOffset="48717" SrcFileId="2" StartOffset="48697"/>
</LocList>
</BasicStmnt>
</StmntSeq>
</Branch>
<Keyword EndOffset="48567" SrcFileId="2" StartOffset="48564"/>
<LocList>
<Loc EndOffset="48731" SrcFileId="2" StartOffset="48564"/>
</LocList>
</CondStmnt>
</StmntSeq>
</Branch>
<Branch CovItemId="B84" CovItemPrefix="Draw.java" Implct="false" Intrnl_Id="1000">
<Cond>
<Loc EndOffset="48909" SrcFileId="2" StartOffset="48905"/>
</Cond>
<LocList>
<Loc EndOffset="49910" SrcFileId="2" StartOffset="48910"/>
</LocList>
<StmntSeq Intrnl_Id="1001">
<LocList>
<Loc EndOffset="49910" SrcFileId="2" StartOffset="48910"/>
</LocList>
<CondStmnt CovItemId="S477" CovItemPrefix="Draw.java" Intrnl_Id="1002">
<Branch CovItemId="B87" CovItemPrefix="Draw.java" Implct="false" Intrnl_Id="1003">
<Cond/>
<LocList>
<Loc EndOffset="49814" SrcFileId="2" StartOffset="48946"/>
</LocList>
<StmntSeq Intrnl_Id="1004">
<LocList>
<Loc EndOffset="49011" SrcFileId="2" StartOffset="48960"/>
<Loc EndOffset="49149" SrcFileId="2" StartOffset="49062"/>
<Loc EndOffset="49234" SrcFileId="2" StartOffset="49162"/>
<Loc EndOffset="49540" SrcFileId="2" StartOffset="49247"/>
<Loc EndOffset="49629" SrcFileId="2" StartOffset="49553"/>
<Loc EndOffset="49703" SrcFileId="2" StartOffset="49664"/>
<Loc EndOffset="49804" SrcFileId="2" StartOffset="49642"/>
</LocList>
<BasicStmnt CovItemId="S478" CovItemPrefix="Draw.java" Intrnl_Id="1005">
<LocList>
<Loc EndOffset="49011" SrcFileId="2" StartOffset="48960"/>
</LocList>
</BasicStmnt>
<BasicStmnt CovItemId="S479" CovItemPrefix="Draw.java" Intrnl_Id="1006">
<LocList>
<Loc EndOffset="49149" SrcFileId="2" StartOffset="49062"/>
</LocList>
</BasicStmnt>
<BasicStmnt CovItemId="S480" CovItemPrefix="Draw.java" Intrnl_Id="1007">
<LocList>
<Loc EndOffset="49234" SrcFileId="2" StartOffset="49162"/>
</LocList>
</BasicStmnt>
<BasicStmnt CovItemId="S481" CovItemPrefix="Draw.java" Intrnl_Id="1008">
<LocList>
<Loc EndOffset="49540" SrcFileId="2" StartOffset="49247"/>
</LocList>
</BasicStmnt>
<BasicStmnt CovItemId="S482" CovItemPrefix="Draw.java" Intrnl_Id="1009">
<LocList>
<Loc EndOffset="49629" SrcFileId="2" StartOffset="49553"/>
</LocList>
</BasicStmnt>
<BasicStmnt CovItemId="S484" CovItemPrefix="Draw.java" Intrnl_Id="1010">
<LocList>
<Loc EndOffset="49703" SrcFileId="2" StartOffset="49664"/>
</LocList>
</BasicStmnt>
<CondStmnt CovItemId="S483" CovItemPrefix="Draw.java" Intrnl_Id="1011">
<Branch CovItemId="B89" CovItemPrefix="Draw.java" Implct="true" Intrnl_Id="1012">
<Cond/>
<LocList/>
<StmntSeq Intrnl_Id="1013">
<LocList/>
</StmntSeq>
</Branch>
<Branch CovItemId="B90" CovItemPrefix="Draw.java" Implct="false" Intrnl_Id="1014">
<Cond>
<Loc EndOffset="49751" SrcFileId="2" StartOffset="49730"/>
</Cond>
<LocList>
<Loc EndOffset="49804" SrcFileId="2" StartOffset="49752"/>
</LocList>
<StmntSeq Intrnl_Id="1015">
<LocList>
<Loc EndOffset="49790" SrcFileId="2" StartOffset="49770"/>
</LocList>
<BasicStmnt CovItemId="S485" CovItemPrefix="Draw.java" Intrnl_Id="1016">
<LocList>
<Loc EndOffset="49790" SrcFileId="2" StartOffset="49770"/>
</LocList>
</BasicStmnt>
</StmntSeq>
</Branch>
<Keyword EndOffset="49645" SrcFileId="2" StartOffset="49642"/>
<LocList>
<Loc EndOffset="49804" SrcFileId="2" StartOffset="49642"/>
</LocList>
</CondStmnt>
</StmntSeq>
</Branch>
<Branch CovItemId="B88" CovItemPrefix="Draw.java" Implct="false" Intrnl_Id="1017">
<Cond>
<Loc EndOffset="49828" SrcFileId="2" StartOffset="49824"/>
</Cond>
<LocList>
<Loc EndOffset="49910" SrcFileId="2" StartOffset="49829"/>
</LocList>
<StmntSeq Intrnl_Id="1018">
<LocList>
<Loc EndOffset="49900" SrcFileId="2" StartOffset="49843"/>
</LocList>
<BasicStmnt CovItemId="S486" CovItemPrefix="Draw.java" Intrnl_Id="1019">
<LocList>
<Loc EndOffset="49900" SrcFileId="2" StartOffset="49843"/>
</LocList>
</BasicStmnt>
</StmntSeq>
</Branch>
<Keyword EndOffset="48912" SrcFileId="2" StartOffset="48910"/>
<LocList>
<Loc EndOffset="49910" SrcFileId="2" StartOffset="48910"/>
</LocList>
<RootTerm CovItemId="C48" CovItemPrefix="Draw.java" Intrnl_Id="1020">
<BasicBoolTerm Intrnl_Id="1021">
<LocList>
<Loc EndOffset="48944" SrcFileId="2" StartOffset="48914"/>
</LocList>
</BasicBoolTerm>
</RootTerm>
</CondStmnt>
</StmntSeq>
</Branch>
<Keyword EndOffset="48516" SrcFileId="2" StartOffset="48514"/>
<LocList>
<Loc EndOffset="49910" SrcFileId="2" StartOffset="48514"/>
</LocList>
<RootTerm CovItemId="C47" CovItemPrefix="Draw.java" Intrnl_Id="1022">
<BasicBoolTerm Intrnl_Id="1023">
<LocList>
<Loc EndOffset="48548" SrcFileId="2" StartOffset="48518"/>
</LocList>
</BasicBoolTerm>
</RootTerm>
</CondStmnt>
</StmntSeq>
</HierarchyLvl>
<HierarchyLvl HierarchyLvlId="3277" HierarchyLvlTypeId="9" Intrnl_Id="1024" Name="actionPerformed">
<Header>
<Loc EndOffset="50041" SrcFileId="2" StartOffset="49985"/>
</Header>
<LocList>
<Loc EndOffset="50350" SrcFileId="2" StartOffset="49985"/>
</LocList>
<StmntSeq Intrnl_Id="1025">
<LocList>
<Loc EndOffset="50144" SrcFileId="2" StartOffset="50052"/>
<Loc EndOffset="50178" SrcFileId="2" StartOffset="50153"/>
<Loc EndOffset="50223" SrcFileId="2" StartOffset="50187"/>
<Loc EndOffset="50344" SrcFileId="2" StartOffset="50232"/>
</LocList>
<BasicStmnt CovItemId="S487" CovItemPrefix="Draw.java" Intrnl_Id="1026">
<LocList>
<Loc EndOffset="50144" SrcFileId="2" StartOffset="50052"/>
</LocList>
</BasicStmnt>
<BasicStmnt CovItemId="S488" CovItemPrefix="Draw.java" Intrnl_Id="1027">
<LocList>
<Loc EndOffset="50178" SrcFileId="2" StartOffset="50153"/>
</LocList>
</BasicStmnt>
<BasicStmnt CovItemId="S489" CovItemPrefix="Draw.java" Intrnl_Id="1028">
<LocList>
<Loc EndOffset="50223" SrcFileId="2" StartOffset="50187"/>
</LocList>
</BasicStmnt>
<CondStmnt CovItemId="S490" CovItemPrefix="Draw.java" Intrnl_Id="1029">
<Branch CovItemId="B91" CovItemPrefix="Draw.java" Implct="false" Intrnl_Id="1030">
<Cond/>
<LocList>
<Loc EndOffset="50344" SrcFileId="2" StartOffset="50254"/>
</LocList>
<StmntSeq Intrnl_Id="1031">
<LocList>
<Loc EndOffset="50334" SrcFileId="2" StartOffset="50268"/>
</LocList>
<BasicStmnt CovItemId="S491" CovItemPrefix="Draw.java" Intrnl_Id="1032">
<LocList>
<Loc EndOffset="50334" SrcFileId="2" StartOffset="50268"/>
</LocList>
</BasicStmnt>
</StmntSeq>
</Branch>
<Branch CovItemId="B92" CovItemPrefix="Draw.java" Implct="true" Intrnl_Id="1033">
<Cond/>
<LocList/>
<StmntSeq Intrnl_Id="1034">
<LocList/>
</StmntSeq>
</Branch>
<Keyword EndOffset="50234" SrcFileId="2" StartOffset="50232"/>
<LocList>
<Loc EndOffset="50344" SrcFileId="2" StartOffset="50232"/>
</LocList>
<RootTerm CovItemId="C49" CovItemPrefix="Draw.java" Intrnl_Id="1035">
<BasicBoolTerm Intrnl_Id="1036">
<LocList>
<Loc EndOffset="50252" SrcFileId="2" StartOffset="50236"/>
</LocList>
</BasicBoolTerm>
</RootTerm>
</CondStmnt>
</StmntSeq>
</HierarchyLvl>
<HierarchyLvl HierarchyLvlId="3278" HierarchyLvlTypeId="9" Intrnl_Id="1037" Name="addListener">
<Header>
<Loc EndOffset="50752" SrcFileId="2" StartOffset="50706"/>
</Header>
<LocList>
<Loc EndOffset="51023" SrcFileId="2" StartOffset="50706"/>
</LocList>
<StmntSeq Intrnl_Id="1038">
<LocList>
<Loc EndOffset="50831" SrcFileId="2" StartOffset="50824"/>
<Loc EndOffset="50864" SrcFileId="2" StartOffset="50840"/>
<Loc EndOffset="50900" SrcFileId="2" StartOffset="50873"/>
<Loc EndOffset="50938" SrcFileId="2" StartOffset="50909"/>
<Loc EndOffset="50982" SrcFileId="2" StartOffset="50947"/>
<Loc EndOffset="51016" SrcFileId="2" StartOffset="50991"/>
</LocList>
<BasicStmnt CovItemId="S492" CovItemPrefix="Draw.java" Intrnl_Id="1039">
<LocList>
<Loc EndOffset="50831" SrcFileId="2" StartOffset="50824"/>
</LocList>
</BasicStmnt>
<BasicStmnt CovItemId="S493" CovItemPrefix="Draw.java" Intrnl_Id="1040">
<LocList>
<Loc EndOffset="50864" SrcFileId="2" StartOffset="50840"/>
</LocList>
</BasicStmnt>
<BasicStmnt CovItemId="S494" CovItemPrefix="Draw.java" Intrnl_Id="1041">
<LocList>
<Loc EndOffset="50900" SrcFileId="2" StartOffset="50873"/>
</LocList>
</BasicStmnt>
<BasicStmnt CovItemId="S495" CovItemPrefix="Draw.java" Intrnl_Id="1042">
<LocList>
<Loc EndOffset="50938" SrcFileId="2" StartOffset="50909"/>
</LocList>
</BasicStmnt>
<BasicStmnt CovItemId="S496" CovItemPrefix="Draw.java" Intrnl_Id="1043">
<LocList>
<Loc EndOffset="50982" SrcFileId="2" StartOffset="50947"/>
</LocList>
</BasicStmnt>
<BasicStmnt CovItemId="S497" CovItemPrefix="Draw.java" Intrnl_Id="1044">
<LocList>
<Loc EndOffset="51016" SrcFileId="2" StartOffset="50991"/>
</LocList>
</BasicStmnt>
</StmntSeq>
</HierarchyLvl>
<HierarchyLvl HierarchyLvlId="3279" HierarchyLvlTypeId="9" Intrnl_Id="1045" Name="isMousePressed">
<Header>
<Loc EndOffset="51424" SrcFileId="2" StartOffset="51393"/>
</Header>
<LocList>
<Loc EndOffset="51512" SrcFileId="2" StartOffset="51393"/>
</LocList>
<StmntSeq Intrnl_Id="1046">
<LocList>
<Loc EndOffset="51458" SrcFileId="2" StartOffset="51449"/>
<Loc EndOffset="51496" SrcFileId="2" StartOffset="51474"/>
</LocList>
<SyncStmnt CovItemId="Y0" CovItemPrefix="Draw.java" Intrnl_Id="1047" SyncStmnt0="Y0-0" SyncStmnt1="Y0-1" SyncStmnt2="Y0-2">
<Keyword EndOffset="51458" SrcFileId="2" StartOffset="51449"/>
<LocList>
<Loc EndOffset="51458" SrcFileId="2" StartOffset="51449"/>
</LocList>
</SyncStmnt>
<BasicStmnt CovItemId="S498" CovItemPrefix="Draw.java" Intrnl_Id="1048">
<LocList>
<Loc EndOffset="51496" SrcFileId="2" StartOffset="51474"/>
</LocList>
</BasicStmnt>
</StmntSeq>
</HierarchyLvl>
<HierarchyLvl HierarchyLvlId="3280" HierarchyLvlTypeId="9" Intrnl_Id="1049" Name="mousePressed">
<Header>
<Loc EndOffset="51792" SrcFileId="2" StartOffset="51747"/>
</Header>
<LocList>
<Loc EndOffset="51880" SrcFileId="2" StartOffset="51747"/>
</LocList>
<StmntSeq Intrnl_Id="1050">
<LocList>
<Loc EndOffset="51826" SrcFileId="2" StartOffset="51817"/>
<Loc EndOffset="51864" SrcFileId="2" StartOffset="51842"/>
</LocList>
<SyncStmnt CovItemId="Y1" CovItemPrefix="Draw.java" Intrnl_Id="1051" SyncStmnt0="Y1-0" SyncStmnt1="Y1-1" SyncStmnt2="Y1-2">
<Keyword EndOffset="51826" SrcFileId="2" StartOffset="51817"/>
<LocList>
<Loc EndOffset="51826" SrcFileId="2" StartOffset="51817"/>
</LocList>
</SyncStmnt>
<BasicStmnt CovItemId="S499" CovItemPrefix="Draw.java" Intrnl_Id="1052">
<LocList>
<Loc EndOffset="51864" SrcFileId="2" StartOffset="51842"/>
</LocList>
</BasicStmnt>
</StmntSeq>
</HierarchyLvl>
<HierarchyLvl HierarchyLvlId="3281" HierarchyLvlTypeId="9" Intrnl_Id="1053" Name="mouseX">
<Header>
<Loc EndOffset="52015" SrcFileId="2" StartOffset="51993"/>
</Header>
<LocList>
<Loc EndOffset="52095" SrcFileId="2" StartOffset="51993"/>
</LocList>
<StmntSeq Intrnl_Id="1054">
<LocList>
<Loc EndOffset="52049" SrcFileId="2" StartOffset="52040"/>
<Loc EndOffset="52079" SrcFileId="2" StartOffset="52065"/>
</LocList>
<SyncStmnt CovItemId="Y2" CovItemPrefix="Draw.java" Intrnl_Id="1055" SyncStmnt0="Y2-0" SyncStmnt1="Y2-1" SyncStmnt2="Y2-2">
<Keyword EndOffset="52049" SrcFileId="2" StartOffset="52040"/>
<LocList>
<Loc EndOffset="52049" SrcFileId="2" StartOffset="52040"/>
</LocList>
</SyncStmnt>
<BasicStmnt CovItemId="S500" CovItemPrefix="Draw.java" Intrnl_Id="1056">
<LocList>
<Loc EndOffset="52079" SrcFileId="2" StartOffset="52065"/>
</LocList>
</BasicStmnt>
</StmntSeq>
</HierarchyLvl>
<HierarchyLvl HierarchyLvlId="3282" HierarchyLvlTypeId="9" Intrnl_Id="1057" Name="mouseY">
<Header>
<Loc EndOffset="52237" SrcFileId="2" StartOffset="52215"/>
</Header>
<LocList>
<Loc EndOffset="52317" SrcFileId="2" StartOffset="52215"/>
</LocList>
<StmntSeq Intrnl_Id="1058">
<LocList>
<Loc EndOffset="52271" SrcFileId="2" StartOffset="52262"/>
<Loc EndOffset="52301" SrcFileId="2" StartOffset="52287"/>
</LocList>
<SyncStmnt CovItemId="Y3" CovItemPrefix="Draw.java" Intrnl_Id="1059" SyncStmnt0="Y3-0" SyncStmnt1="Y3-1" SyncStmnt2="Y3-2">
<Keyword EndOffset="52271" SrcFileId="2" StartOffset="52262"/>
<LocList>
<Loc EndOffset="52271" SrcFileId="2" StartOffset="52262"/>
</LocList>
</SyncStmnt>
<BasicStmnt CovItemId="S501" CovItemPrefix="Draw.java" Intrnl_Id="1060">
<LocList>
<Loc EndOffset="52301" SrcFileId="2" StartOffset="52287"/>
</LocList>
</BasicStmnt>
</StmntSeq>
</HierarchyLvl>
<HierarchyLvl HierarchyLvlId="3283" HierarchyLvlTypeId="9" Intrnl_Id="1061" Name="mouseEntered">
<Header>
<Loc EndOffset="52439" SrcFileId="2" StartOffset="52387"/>
</Header>
<LocList>
<Loc EndOffset="52496" SrcFileId="2" StartOffset="52387"/>
</LocList>
</HierarchyLvl>
<HierarchyLvl HierarchyLvlId="3284" HierarchyLvlTypeId="9" Intrnl_Id="1062" Name="mouseExited">
<Header>
<Loc EndOffset="52615" SrcFileId="2" StartOffset="52564"/>
</Header>
<LocList>
<Loc EndOffset="52672" SrcFileId="2" StartOffset="52564"/>
</LocList>
</HierarchyLvl>
<HierarchyLvl HierarchyLvlId="3285" HierarchyLvlTypeId="9" Intrnl_Id="1063" Name="mousePressed">
<Header>
<Loc EndOffset="52792" SrcFileId="2" StartOffset="52740"/>
</Header>
<LocList>
<Loc EndOffset="53143" SrcFileId="2" StartOffset="52740"/>
</LocList>
<StmntSeq Intrnl_Id="1064">
<LocList>
<Loc EndOffset="52826" SrcFileId="2" StartOffset="52817"/>
<Loc EndOffset="52867" SrcFileId="2" StartOffset="52842"/>
<Loc EndOffset="52905" SrcFileId="2" StartOffset="52880"/>
<Loc EndOffset="52940" SrcFileId="2" StartOffset="52918"/>
<Loc EndOffset="53136" SrcFileId="2" StartOffset="52959"/>
</LocList>
<SyncStmnt CovItemId="Y4" CovItemPrefix="Draw.java" Intrnl_Id="1065" SyncStmnt0="Y4-0" SyncStmnt1="Y4-1" SyncStmnt2="Y4-2">
<Keyword EndOffset="52826" SrcFileId="2" StartOffset="52817"/>
<LocList>
<Loc EndOffset="52826" SrcFileId="2" StartOffset="52817"/>
</LocList>
</SyncStmnt>
<BasicStmnt CovItemId="S502" CovItemPrefix="Draw.java" Intrnl_Id="1066">
<LocList>
<Loc EndOffset="52867" SrcFileId="2" StartOffset="52842"/>
</LocList>
</BasicStmnt>
<BasicStmnt CovItemId="S503" CovItemPrefix="Draw.java" Intrnl_Id="1067">
<LocList>
<Loc EndOffset="52905" SrcFileId="2" StartOffset="52880"/>
</LocList>
</BasicStmnt>
<BasicStmnt CovItemId="S504" CovItemPrefix="Draw.java" Intrnl_Id="1068">
<LocList>
<Loc EndOffset="52940" SrcFileId="2" StartOffset="52918"/>
</LocList>
</BasicStmnt>
<CondStmnt CovItemId="S505" CovItemPrefix="Draw.java" Intrnl_Id="1069">
<Branch CovItemId="B93" CovItemPrefix="Draw.java" Implct="false" Intrnl_Id="1070">
<Cond/>
<LocList>
<Loc EndOffset="53136" SrcFileId="2" StartOffset="53000"/>
</LocList>
<StmntSeq Intrnl_Id="1071">
<LocList>
<Loc EndOffset="53126" SrcFileId="2" StartOffset="53014"/>
</LocList>
<LoopStmnt CovItemId="S506" CovItemPrefix="Draw.java" Intrnl_Id="1072" MltplExecId="L8-2" MltplExecPrefix="Draw.java" NvrExecId="L8-0" NvrExecPrefix="Draw.java" OnceExecutedId="L8-1" OnceExecutedPrefix="Draw.java" OptBodyExec="true">
<StmntSeq Intrnl_Id="1073">
<LocList>
<Loc EndOffset="53126" SrcFileId="2" StartOffset="53070"/>
</LocList>
<BasicStmnt CovItemId="S507" CovItemPrefix="Draw.java" Intrnl_Id="1074">
<LocList>
<Loc EndOffset="53126" SrcFileId="2" StartOffset="53070"/>
</LocList>
</BasicStmnt>
</StmntSeq>
<Keyword EndOffset="53017" SrcFileId="2" StartOffset="53014"/>
<LocList>
<Loc EndOffset="53126" SrcFileId="2" StartOffset="53014"/>
</LocList>
</LoopStmnt>
</StmntSeq>
</Branch>
<Branch CovItemId="B94" CovItemPrefix="Draw.java" Implct="true" Intrnl_Id="1075">
<Cond/>
<LocList/>
<StmntSeq Intrnl_Id="1076">
<LocList/>
</StmntSeq>
</Branch>
<Keyword EndOffset="52961" SrcFileId="2" StartOffset="52959"/>
<LocList>
<Loc EndOffset="53136" SrcFileId="2" StartOffset="52959"/>
</LocList>
<RootTerm CovItemId="C50" CovItemPrefix="Draw.java" Intrnl_Id="1077">
<BasicBoolTerm Intrnl_Id="1078">
<LocList>
<Loc EndOffset="52998" SrcFileId="2" StartOffset="52963"/>
</LocList>
</BasicBoolTerm>
</RootTerm>
</CondStmnt>
</StmntSeq>
</HierarchyLvl>
<HierarchyLvl HierarchyLvlId="3286" HierarchyLvlTypeId="9" Intrnl_Id="1079" Name="mouseReleased">
<Header>
<Loc EndOffset="53264" SrcFileId="2" StartOffset="53211"/>
</Header>
<LocList>
<Loc EndOffset="53540" SrcFileId="2" StartOffset="53211"/>
</LocList>
<StmntSeq Intrnl_Id="1080">
<LocList>
<Loc EndOffset="53298" SrcFileId="2" StartOffset="53289"/>
<Loc EndOffset="53337" SrcFileId="2" StartOffset="53314"/>
<Loc EndOffset="53534" SrcFileId="2" StartOffset="53356"/>
</LocList>
<SyncStmnt CovItemId="Y5" CovItemPrefix="Draw.java" Intrnl_Id="1081" SyncStmnt0="Y5-0" SyncStmnt1="Y5-1" SyncStmnt2="Y5-2">
<Keyword EndOffset="53298" SrcFileId="2" StartOffset="53289"/>
<LocList>
<Loc EndOffset="53298" SrcFileId="2" StartOffset="53289"/>
</LocList>
</SyncStmnt>
<BasicStmnt CovItemId="S508" CovItemPrefix="Draw.java" Intrnl_Id="1082">
<LocList>
<Loc EndOffset="53337" SrcFileId="2" StartOffset="53314"/>
</LocList>
</BasicStmnt>
<CondStmnt CovItemId="S509" CovItemPrefix="Draw.java" Intrnl_Id="1083">
<Branch CovItemId="B95" CovItemPrefix="Draw.java" Implct="false" Intrnl_Id="1084">
<Cond/>
<LocList>
<Loc EndOffset="53534" SrcFileId="2" StartOffset="53397"/>
</LocList>
<StmntSeq Intrnl_Id="1085">
<LocList>
<Loc EndOffset="53524" SrcFileId="2" StartOffset="53411"/>
</LocList>
<LoopStmnt CovItemId="S510" CovItemPrefix="Draw.java" Intrnl_Id="1086" MltplExecId="L9-2" MltplExecPrefix="Draw.java" NvrExecId="L9-0" NvrExecPrefix="Draw.java" OnceExecutedId="L9-1" OnceExecutedPrefix="Draw.java" OptBodyExec="true">
<StmntSeq Intrnl_Id="1087">
<LocList>
<Loc EndOffset="53524" SrcFileId="2" StartOffset="53467"/>
</LocList>
<BasicStmnt CovItemId="S511" CovItemPrefix="Draw.java" Intrnl_Id="1088">
<LocList>
<Loc EndOffset="53524" SrcFileId="2" StartOffset="53467"/>
</LocList>
</BasicStmnt>
</StmntSeq>
<Keyword EndOffset="53414" SrcFileId="2" StartOffset="53411"/>
<LocList>
<Loc EndOffset="53524" SrcFileId="2" StartOffset="53411"/>
</LocList>
</LoopStmnt>
</StmntSeq>
</Branch>
<Branch CovItemId="B96" CovItemPrefix="Draw.java" Implct="true" Intrnl_Id="1089">
<Cond/>
<LocList/>
<StmntSeq Intrnl_Id="1090">
<LocList/>
</StmntSeq>
</Branch>
<Keyword EndOffset="53358" SrcFileId="2" StartOffset="53356"/>
<LocList>
<Loc EndOffset="53534" SrcFileId="2" StartOffset="53356"/>
</LocList>
<RootTerm CovItemId="C51" CovItemPrefix="Draw.java" Intrnl_Id="1091">
<BasicBoolTerm Intrnl_Id="1092">
<LocList>
<Loc EndOffset="53395" SrcFileId="2" StartOffset="53360"/>
</LocList>
</BasicBoolTerm>
</RootTerm>
</CondStmnt>
</StmntSeq>
</HierarchyLvl>
<HierarchyLvl HierarchyLvlId="3287" HierarchyLvlTypeId="9" Intrnl_Id="1093" Name="mouseClicked">
<Header>
<Loc EndOffset="53660" SrcFileId="2" StartOffset="53608"/>
</Header>
<LocList>
<Loc EndOffset="53854" SrcFileId="2" StartOffset="53608"/>
</LocList>
<StmntSeq Intrnl_Id="1094">
<LocList>
<Loc EndOffset="53848" SrcFileId="2" StartOffset="53671"/>
</LocList>
<CondStmnt CovItemId="S512" CovItemPrefix="Draw.java" Intrnl_Id="1095">
<Branch CovItemId="B97" CovItemPrefix="Draw.java" Implct="false" Intrnl_Id="1096">
<Cond/>
<LocList>
<Loc EndOffset="53848" SrcFileId="2" StartOffset="53712"/>
</LocList>
<StmntSeq Intrnl_Id="1097">
<LocList>
<Loc EndOffset="53838" SrcFileId="2" StartOffset="53726"/>
</LocList>
<LoopStmnt CovItemId="S513" CovItemPrefix="Draw.java" Intrnl_Id="1098" MltplExecId="L10-2" MltplExecPrefix="Draw.java" NvrExecId="L10-0" NvrExecPrefix="Draw.java" OnceExecutedId="L10-1" OnceExecutedPrefix="Draw.java" OptBodyExec="true">
<StmntSeq Intrnl_Id="1099">
<LocList>
<Loc EndOffset="53838" SrcFileId="2" StartOffset="53782"/>
</LocList>
<BasicStmnt CovItemId="S514" CovItemPrefix="Draw.java" Intrnl_Id="1100">
<LocList>
<Loc EndOffset="53838" SrcFileId="2" StartOffset="53782"/>
</LocList>
</BasicStmnt>
</StmntSeq>
<Keyword EndOffset="53729" SrcFileId="2" StartOffset="53726"/>
<LocList>
<Loc EndOffset="53838" SrcFileId="2" StartOffset="53726"/>
</LocList>
</LoopStmnt>
</StmntSeq>
</Branch>
<Branch CovItemId="B98" CovItemPrefix="Draw.java" Implct="true" Intrnl_Id="1101">
<Cond/>
<LocList/>
<StmntSeq Intrnl_Id="1102">
<LocList/>
</StmntSeq>
</Branch>
<Keyword EndOffset="53673" SrcFileId="2" StartOffset="53671"/>
<LocList>
<Loc EndOffset="53848" SrcFileId="2" StartOffset="53671"/>
</LocList>
<RootTerm CovItemId="C52" CovItemPrefix="Draw.java" Intrnl_Id="1103">
<BasicBoolTerm Intrnl_Id="1104">
<LocList>
<Loc EndOffset="53710" SrcFileId="2" StartOffset="53675"/>
</LocList>
</BasicBoolTerm>
</RootTerm>
</CondStmnt>
</StmntSeq>
</HierarchyLvl>
<HierarchyLvl HierarchyLvlId="3288" HierarchyLvlTypeId="9" Intrnl_Id="1105" Name="mouseDragged">
<Header>
<Loc EndOffset="53975" SrcFileId="2" StartOffset="53923"/>
</Header>
<LocList>
<Loc EndOffset="54279" SrcFileId="2" StartOffset="53923"/>
</LocList>
<StmntSeq Intrnl_Id="1106">
<LocList>
<Loc EndOffset="54010" SrcFileId="2" StartOffset="54001"/>
<Loc EndOffset="54051" SrcFileId="2" StartOffset="54026"/>
<Loc EndOffset="54089" SrcFileId="2" StartOffset="54064"/>
<Loc EndOffset="54273" SrcFileId="2" StartOffset="54165"/>
</LocList>
<SyncStmnt CovItemId="Y6" CovItemPrefix="Draw.java" Intrnl_Id="1107" SyncStmnt0="Y6-0" SyncStmnt1="Y6-1" SyncStmnt2="Y6-2">
<Keyword EndOffset="54010" SrcFileId="2" StartOffset="54001"/>
<LocList>
<Loc EndOffset="54010" SrcFileId="2" StartOffset="54001"/>
</LocList>
</SyncStmnt>
<BasicStmnt CovItemId="S515" CovItemPrefix="Draw.java" Intrnl_Id="1108">
<LocList>
<Loc EndOffset="54051" SrcFileId="2" StartOffset="54026"/>
</LocList>
</BasicStmnt>
<BasicStmnt CovItemId="S516" CovItemPrefix="Draw.java" Intrnl_Id="1109">
<LocList>
<Loc EndOffset="54089" SrcFileId="2" StartOffset="54064"/>
</LocList>
</BasicStmnt>
<LoopStmnt CovItemId="S517" CovItemPrefix="Draw.java" Intrnl_Id="1110" MltplExecId="L11-2" MltplExecPrefix="Draw.java" NvrExecId="L11-0" NvrExecPrefix="Draw.java" OnceExecutedId="L11-1" OnceExecutedPrefix="Draw.java" OptBodyExec="true">
<StmntSeq Intrnl_Id="1111">
<LocList>
<Loc EndOffset="54273" SrcFileId="2" StartOffset="54217"/>
</LocList>
<BasicStmnt CovItemId="S518" CovItemPrefix="Draw.java" Intrnl_Id="1112">
<LocList>
<Loc EndOffset="54273" SrcFileId="2" StartOffset="54217"/>
</LocList>
</BasicStmnt>
</StmntSeq>
<Keyword EndOffset="54168" SrcFileId="2" StartOffset="54165"/>
<LocList>
<Loc EndOffset="54273" SrcFileId="2" StartOffset="54165"/>
</LocList>
</LoopStmnt>
</StmntSeq>
</HierarchyLvl>
<HierarchyLvl HierarchyLvlId="3289" HierarchyLvlTypeId="9" Intrnl_Id="1113" Name="mouseMoved">
<Header>
<Loc EndOffset="54397" SrcFileId="2" StartOffset="54347"/>
</Header>
<LocList>
<Loc EndOffset="54526" SrcFileId="2" StartOffset="54347"/>
</LocList>
<StmntSeq Intrnl_Id="1114">
<LocList>
<Loc EndOffset="54431" SrcFileId="2" StartOffset="54422"/>
<Loc EndOffset="54472" SrcFileId="2" StartOffset="54447"/>
<Loc EndOffset="54510" SrcFileId="2" StartOffset="54485"/>
</LocList>
<SyncStmnt CovItemId="Y7" CovItemPrefix="Draw.java" Intrnl_Id="1115" SyncStmnt0="Y7-0" SyncStmnt1="Y7-1" SyncStmnt2="Y7-2">
<Keyword EndOffset="54431" SrcFileId="2" StartOffset="54422"/>
<LocList>
<Loc EndOffset="54431" SrcFileId="2" StartOffset="54422"/>
</LocList>
</SyncStmnt>
<BasicStmnt CovItemId="S519" CovItemPrefix="Draw.java" Intrnl_Id="1116">
<LocList>
<Loc EndOffset="54472" SrcFileId="2" StartOffset="54447"/>
</LocList>
</BasicStmnt>
<BasicStmnt CovItemId="S520" CovItemPrefix="Draw.java" Intrnl_Id="1117">
<LocList>
<Loc EndOffset="54510" SrcFileId="2" StartOffset="54485"/>
</LocList>
</BasicStmnt>
</StmntSeq>
</HierarchyLvl>
<HierarchyLvl HierarchyLvlId="3290" HierarchyLvlTypeId="9" Intrnl_Id="1118" Name="hasNextKeyTyped">
<Header>
<Loc EndOffset="54910" SrcFileId="2" StartOffset="54878"/>
</Header>
<LocList>
<Loc EndOffset="55002" SrcFileId="2" StartOffset="54878"/>
</LocList>
<StmntSeq Intrnl_Id="1119">
<LocList>
<Loc EndOffset="54942" SrcFileId="2" StartOffset="54935"/>
<Loc EndOffset="54986" SrcFileId="2" StartOffset="54958"/>
</LocList>
<SyncStmnt CovItemId="Y8" CovItemPrefix="Draw.java" Intrnl_Id="1120" SyncStmnt0="Y8-0" SyncStmnt1="Y8-1" SyncStmnt2="Y8-2">
<Keyword EndOffset="54942" SrcFileId="2" StartOffset="54935"/>
<LocList>
<Loc EndOffset="54942" SrcFileId="2" StartOffset="54935"/>
</LocList>
</SyncStmnt>
<BasicStmnt CovItemId="S521" CovItemPrefix="Draw.java" Intrnl_Id="1121">
<LocList>
<Loc EndOffset="54986" SrcFileId="2" StartOffset="54958"/>
</LocList>
</BasicStmnt>
</StmntSeq>
</HierarchyLvl>
<HierarchyLvl HierarchyLvlId="3291" HierarchyLvlTypeId="9" Intrnl_Id="1122" Name="nextKeyTyped">
<Header>
<Loc EndOffset="55142" SrcFileId="2" StartOffset="55116"/>
</Header>
<LocList>
<Loc EndOffset="55236" SrcFileId="2" StartOffset="55116"/>
</LocList>
<StmntSeq Intrnl_Id="1123">
<LocList>
<Loc EndOffset="55174" SrcFileId="2" StartOffset="55167"/>
<Loc EndOffset="55220" SrcFileId="2" StartOffset="55190"/>
</LocList>
<SyncStmnt CovItemId="Y9" CovItemPrefix="Draw.java" Intrnl_Id="1124" SyncStmnt0="Y9-0" SyncStmnt1="Y9-1" SyncStmnt2="Y9-2">
<Keyword EndOffset="55174" SrcFileId="2" StartOffset="55167"/>
<LocList>
<Loc EndOffset="55174" SrcFileId="2" StartOffset="55167"/>
</LocList>
</SyncStmnt>
<BasicStmnt CovItemId="S522" CovItemPrefix="Draw.java" Intrnl_Id="1125">
<LocList>
<Loc EndOffset="55220" SrcFileId="2" StartOffset="55190"/>
</LocList>
</BasicStmnt>
</StmntSeq>
</HierarchyLvl>
<HierarchyLvl HierarchyLvlId="3292" HierarchyLvlTypeId="9" Intrnl_Id="1126" Name="isKeyPressed">
<Header>
<Loc EndOffset="55788" SrcFileId="2" StartOffset="55748"/>
</Header>
<LocList>
<Loc EndOffset="55886" SrcFileId="2" StartOffset="55748"/>
</LocList>
<StmntSeq Intrnl_Id="1127">
<LocList>
<Loc EndOffset="55820" SrcFileId="2" StartOffset="55813"/>
<Loc EndOffset="55870" SrcFileId="2" StartOffset="55836"/>
</LocList>
<SyncStmnt CovItemId="Y10" CovItemPrefix="Draw.java" Intrnl_Id="1128" SyncStmnt0="Y10-0" SyncStmnt1="Y10-1" SyncStmnt2="Y10-2">
<Keyword EndOffset="55820" SrcFileId="2" StartOffset="55813"/>
<LocList>
<Loc EndOffset="55820" SrcFileId="2" StartOffset="55813"/>
</LocList>
</SyncStmnt>
<BasicStmnt CovItemId="S523" CovItemPrefix="Draw.java" Intrnl_Id="1129">
<LocList>
<Loc EndOffset="55870" SrcFileId="2" StartOffset="55836"/>
</LocList>
</BasicStmnt>
</StmntSeq>
</HierarchyLvl>
<HierarchyLvl HierarchyLvlId="3293" HierarchyLvlTypeId="9" Intrnl_Id="1130" Name="keyTyped">
<Header>
<Loc EndOffset="56000" SrcFileId="2" StartOffset="55954"/>
</Header>
<LocList>
<Loc EndOffset="56227" SrcFileId="2" StartOffset="55954"/>
</LocList>
<StmntSeq Intrnl_Id="1131">
<LocList>
<Loc EndOffset="56032" SrcFileId="2" StartOffset="56025"/>
<Loc EndOffset="56083" SrcFileId="2" StartOffset="56048"/>
<Loc EndOffset="56221" SrcFileId="2" StartOffset="56135"/>
</LocList>
<SyncStmnt CovItemId="Y11" CovItemPrefix="Draw.java" Intrnl_Id="1132" SyncStmnt0="Y11-0" SyncStmnt1="Y11-1" SyncStmnt2="Y11-2">
<Keyword EndOffset="56032" SrcFileId="2" StartOffset="56025"/>
<LocList>
<Loc EndOffset="56032" SrcFileId="2" StartOffset="56025"/>
</LocList>
</SyncStmnt>
<BasicStmnt CovItemId="S524" CovItemPrefix="Draw.java" Intrnl_Id="1133">
<LocList>
<Loc EndOffset="56083" SrcFileId="2" StartOffset="56048"/>
</LocList>
</BasicStmnt>
<LoopStmnt CovItemId="S525" CovItemPrefix="Draw.java" Intrnl_Id="1134" MltplExecId="L12-2" MltplExecPrefix="Draw.java" NvrExecId="L12-0" NvrExecPrefix="Draw.java" OnceExecutedId="L12-1" OnceExecutedPrefix="Draw.java" OptBodyExec="true">
<StmntSeq Intrnl_Id="1135">
<LocList>
<Loc EndOffset="56221" SrcFileId="2" StartOffset="56187"/>
</LocList>
<BasicStmnt CovItemId="S526" CovItemPrefix="Draw.java" Intrnl_Id="1136">
<LocList>
<Loc EndOffset="56221" SrcFileId="2" StartOffset="56187"/>
</LocList>
</BasicStmnt>
</StmntSeq>
<Keyword EndOffset="56138" SrcFileId="2" StartOffset="56135"/>
<LocList>
<Loc EndOffset="56221" SrcFileId="2" StartOffset="56135"/>
</LocList>
</LoopStmnt>
</StmntSeq>
</HierarchyLvl>
<HierarchyLvl HierarchyLvlId="3294" HierarchyLvlTypeId="9" Intrnl_Id="1137" Name="keyPressed">
<Header>
<Loc EndOffset="56343" SrcFileId="2" StartOffset="56295"/>
</Header>
<LocList>
<Loc EndOffset="56566" SrcFileId="2" StartOffset="56295"/>
</LocList>
<StmntSeq Intrnl_Id="1138">
<LocList>
<Loc EndOffset="56375" SrcFileId="2" StartOffset="56368"/>
<Loc EndOffset="56420" SrcFileId="2" StartOffset="56391"/>
<Loc EndOffset="56560" SrcFileId="2" StartOffset="56472"/>
</LocList>
<SyncStmnt CovItemId="Y12" CovItemPrefix="Draw.java" Intrnl_Id="1139" SyncStmnt0="Y12-0" SyncStmnt1="Y12-1" SyncStmnt2="Y12-2">
<Keyword EndOffset="56375" SrcFileId="2" StartOffset="56368"/>
<LocList>
<Loc EndOffset="56375" SrcFileId="2" StartOffset="56368"/>
</LocList>
</SyncStmnt>
<BasicStmnt CovItemId="S527" CovItemPrefix="Draw.java" Intrnl_Id="1140">
<LocList>
<Loc EndOffset="56420" SrcFileId="2" StartOffset="56391"/>
</LocList>
</BasicStmnt>
<LoopStmnt CovItemId="S528" CovItemPrefix="Draw.java" Intrnl_Id="1141" MltplExecId="L13-2" MltplExecPrefix="Draw.java" NvrExecId="L13-0" NvrExecPrefix="Draw.java" OnceExecutedId="L13-1" OnceExecutedPrefix="Draw.java" OptBodyExec="true">
<StmntSeq Intrnl_Id="1142">
<LocList>
<Loc EndOffset="56560" SrcFileId="2" StartOffset="56524"/>
</LocList>
<BasicStmnt CovItemId="S529" CovItemPrefix="Draw.java" Intrnl_Id="1143">
<LocList>
<Loc EndOffset="56560" SrcFileId="2" StartOffset="56524"/>
</LocList>
</BasicStmnt>
</StmntSeq>
<Keyword EndOffset="56475" SrcFileId="2" StartOffset="56472"/>
<LocList>
<Loc EndOffset="56560" SrcFileId="2" StartOffset="56472"/>
</LocList>
</LoopStmnt>
</StmntSeq>
</HierarchyLvl>
<HierarchyLvl HierarchyLvlId="3295" HierarchyLvlTypeId="9" Intrnl_Id="1144" Name="keyReleased">
<Header>
<Loc EndOffset="56683" SrcFileId="2" StartOffset="56634"/>
</Header>
<LocList>
<Loc EndOffset="56910" SrcFileId="2" StartOffset="56634"/>
</LocList>
<StmntSeq Intrnl_Id="1145">
<LocList>
<Loc EndOffset="56715" SrcFileId="2" StartOffset="56708"/>
<Loc EndOffset="56763" SrcFileId="2" StartOffset="56731"/>
<Loc EndOffset="56904" SrcFileId="2" StartOffset="56815"/>
</LocList>
<SyncStmnt CovItemId="Y13" CovItemPrefix="Draw.java" Intrnl_Id="1146" SyncStmnt0="Y13-0" SyncStmnt1="Y13-1" SyncStmnt2="Y13-2">
<Keyword EndOffset="56715" SrcFileId="2" StartOffset="56708"/>
<LocList>
<Loc EndOffset="56715" SrcFileId="2" StartOffset="56708"/>
</LocList>
</SyncStmnt>
<BasicStmnt CovItemId="S530" CovItemPrefix="Draw.java" Intrnl_Id="1147">
<LocList>
<Loc EndOffset="56763" SrcFileId="2" StartOffset="56731"/>
</LocList>
</BasicStmnt>
<LoopStmnt CovItemId="S531" CovItemPrefix="Draw.java" Intrnl_Id="1148" MltplExecId="L14-2" MltplExecPrefix="Draw.java" NvrExecId="L14-0" NvrExecPrefix="Draw.java" OnceExecutedId="L14-1" OnceExecutedPrefix="Draw.java" OptBodyExec="true">
<StmntSeq Intrnl_Id="1149">
<LocList>
<Loc EndOffset="56904" SrcFileId="2" StartOffset="56867"/>
</LocList>
<BasicStmnt CovItemId="S532" CovItemPrefix="Draw.java" Intrnl_Id="1150">
<LocList>
<Loc EndOffset="56904" SrcFileId="2" StartOffset="56867"/>
</LocList>
</BasicStmnt>
</StmntSeq>
<Keyword EndOffset="56818" SrcFileId="2" StartOffset="56815"/>
<LocList>
<Loc EndOffset="56904" SrcFileId="2" StartOffset="56815"/>
</LocList>
</LoopStmnt>
</StmntSeq>
</HierarchyLvl>
<HierarchyLvl HierarchyLvlId="3300" HierarchyLvlTypeId="10" Intrnl_Id="1151" Name="RetinaImageIcon">
<Header>
<Loc EndOffset="57187" SrcFileId="2" StartOffset="57134"/>
</Header>
<LocList>
<Loc EndOffset="58161" SrcFileId="2" StartOffset="57134"/>
</LocList>
<HierarchyLvl HierarchyLvlId="3296" HierarchyLvlTypeId="9" Intrnl_Id="1152" Name="RetinaImageIcon">
<Header>
<Loc EndOffset="57238" SrcFileId="2" StartOffset="57203"/>
</Header>
<LocList>
<Loc EndOffset="57276" SrcFileId="2" StartOffset="57203"/>
</LocList>
<StmntSeq Intrnl_Id="1153">
<LocList>
<Loc EndOffset="57266" SrcFileId="2" StartOffset="57253"/>
</LocList>
<BasicStmnt CovItemId="S533" CovItemPrefix="Draw.java" Intrnl_Id="1154">
<LocList>
<Loc EndOffset="57266" SrcFileId="2" StartOffset="57253"/>
</LocList>
</BasicStmnt>
</StmntSeq>
</HierarchyLvl>
<HierarchyLvl HierarchyLvlId="3297" HierarchyLvlTypeId="9" Intrnl_Id="1155" Name="getIconWidth">
<Header>
<Loc EndOffset="57311" SrcFileId="2" StartOffset="57286"/>
</Header>
<LocList>
<Loc EndOffset="57368" SrcFileId="2" StartOffset="57286"/>
</LocList>
<StmntSeq Intrnl_Id="1156">
<LocList>
<Loc EndOffset="57358" SrcFileId="2" StartOffset="57326"/>
</LocList>
<BasicStmnt CovItemId="S534" CovItemPrefix="Draw.java" Intrnl_Id="1157">
<LocList>
<Loc EndOffset="57358" SrcFileId="2" StartOffset="57326"/>
</LocList>
</BasicStmnt>
</StmntSeq>
</HierarchyLvl>
<HierarchyLvl HierarchyLvlId="3298" HierarchyLvlTypeId="9" Intrnl_Id="1158" Name="getIconHeight">
<Header>
<Loc EndOffset="57532" SrcFileId="2" StartOffset="57506"/>
</Header>
<LocList>
<Loc EndOffset="57590" SrcFileId="2" StartOffset="57506"/>
</LocList>
<StmntSeq Intrnl_Id="1159">
<LocList>
<Loc EndOffset="57580" SrcFileId="2" StartOffset="57547"/>
</LocList>
<BasicStmnt CovItemId="S535" CovItemPrefix="Draw.java" Intrnl_Id="1160">
<LocList>
<Loc EndOffset="57580" SrcFileId="2" StartOffset="57547"/>
</LocList>
</BasicStmnt>
</StmntSeq>
</HierarchyLvl>
<HierarchyLvl HierarchyLvlId="3299" HierarchyLvlTypeId="9" Intrnl_Id="1161" Name="paintIcon">
<Header>
<Loc EndOffset="57673" SrcFileId="2" StartOffset="57600"/>
</Header>
<LocList>
<Loc EndOffset="58155" SrcFileId="2" StartOffset="57600"/>
</LocList>
<StmntSeq Intrnl_Id="1162">
<LocList>
<Loc EndOffset="57728" SrcFileId="2" StartOffset="57688"/>
<Loc EndOffset="57838" SrcFileId="2" StartOffset="57741"/>
<Loc EndOffset="57937" SrcFileId="2" StartOffset="57851"/>
<Loc EndOffset="58037" SrcFileId="2" StartOffset="57950"/>
<Loc EndOffset="58069" SrcFileId="2" StartOffset="58050"/>
<Loc EndOffset="58119" SrcFileId="2" StartOffset="58082"/>
<Loc EndOffset="58145" SrcFileId="2" StartOffset="58132"/>
</LocList>
<BasicStmnt CovItemId="S536" CovItemPrefix="Draw.java" Intrnl_Id="1163">
<LocList>
<Loc EndOffset="57728" SrcFileId="2" StartOffset="57688"/>
</LocList>
</BasicStmnt>
<BasicStmnt CovItemId="S537" CovItemPrefix="Draw.java" Intrnl_Id="1164">
<LocList>
<Loc EndOffset="57838" SrcFileId="2" StartOffset="57741"/>
</LocList>
</BasicStmnt>
<BasicStmnt CovItemId="S538" CovItemPrefix="Draw.java" Intrnl_Id="1165">
<LocList>
<Loc EndOffset="57937" SrcFileId="2" StartOffset="57851"/>
</LocList>
</BasicStmnt>
<BasicStmnt CovItemId="S539" CovItemPrefix="Draw.java" Intrnl_Id="1166">
<LocList>
<Loc EndOffset="58037" SrcFileId="2" StartOffset="57950"/>
</LocList>
</BasicStmnt>
<BasicStmnt CovItemId="S540" CovItemPrefix="Draw.java" Intrnl_Id="1167">
<LocList>
<Loc EndOffset="58069" SrcFileId="2" StartOffset="58050"/>
</LocList>
</BasicStmnt>
<BasicStmnt CovItemId="S541" CovItemPrefix="Draw.java" Intrnl_Id="1168">
<LocList>
<Loc EndOffset="58119" SrcFileId="2" StartOffset="58082"/>
</LocList>
</BasicStmnt>
<BasicStmnt CovItemId="S542" CovItemPrefix="Draw.java" Intrnl_Id="1169">
<LocList>
<Loc EndOffset="58145" SrcFileId="2" StartOffset="58132"/>
</LocList>
</BasicStmnt>
</StmntSeq>
</HierarchyLvl>
</HierarchyLvl>
<HierarchyLvl HierarchyLvlId="3301" HierarchyLvlTypeId="9" Intrnl_Id="1170" Name="main">
<Header>
<Loc EndOffset="58294" SrcFileId="2" StartOffset="58256"/>
</Header>
<LocList>
<Loc EndOffset="59156" SrcFileId="2" StartOffset="58256"/>
</LocList>
<StmntSeq Intrnl_Id="1171">
<LocList>
<Loc EndOffset="58382" SrcFileId="2" StartOffset="58343"/>
<Loc EndOffset="58419" SrcFileId="2" StartOffset="58391"/>
<Loc EndOffset="58462" SrcFileId="2" StartOffset="58428"/>
<Loc EndOffset="58499" SrcFileId="2" StartOffset="58471"/>
<Loc EndOffset="58540" SrcFileId="2" StartOffset="58508"/>
<Loc EndOffset="58574" SrcFileId="2" StartOffset="58549"/>
<Loc EndOffset="58617" SrcFileId="2" StartOffset="58583"/>
<Loc EndOffset="58697" SrcFileId="2" StartOffset="58658"/>
<Loc EndOffset="58736" SrcFileId="2" StartOffset="58706"/>
<Loc EndOffset="58797" SrcFileId="2" StartOffset="58776"/>
<Loc EndOffset="58835" SrcFileId="2" StartOffset="58806"/>
<Loc EndOffset="58880" SrcFileId="2" StartOffset="58844"/>
<Loc EndOffset="58925" SrcFileId="2" StartOffset="58889"/>
<Loc EndOffset="58960" SrcFileId="2" StartOffset="58934"/>
<Loc EndOffset="59016" SrcFileId="2" StartOffset="58986"/>
<Loc EndOffset="59067" SrcFileId="2" StartOffset="59025"/>
<Loc EndOffset="59106" SrcFileId="2" StartOffset="59076"/>
<Loc EndOffset="59150" SrcFileId="2" StartOffset="59115"/>
</LocList>
<BasicStmnt CovItemId="S543" CovItemPrefix="Draw.java" Intrnl_Id="1172">
<LocList>
<Loc EndOffset="58382" SrcFileId="2" StartOffset="58343"/>
</LocList>
</BasicStmnt>
<BasicStmnt CovItemId="S544" CovItemPrefix="Draw.java" Intrnl_Id="1173">
<LocList>
<Loc EndOffset="58419" SrcFileId="2" StartOffset="58391"/>
</LocList>
</BasicStmnt>
<BasicStmnt CovItemId="S545" CovItemPrefix="Draw.java" Intrnl_Id="1174">
<LocList>
<Loc EndOffset="58462" SrcFileId="2" StartOffset="58428"/>
</LocList>
</BasicStmnt>
<BasicStmnt CovItemId="S546" CovItemPrefix="Draw.java" Intrnl_Id="1175">
<LocList>
<Loc EndOffset="58499" SrcFileId="2" StartOffset="58471"/>
</LocList>
</BasicStmnt>
<BasicStmnt CovItemId="S547" CovItemPrefix="Draw.java" Intrnl_Id="1176">
<LocList>
<Loc EndOffset="58540" SrcFileId="2" StartOffset="58508"/>
</LocList>
</BasicStmnt>
<BasicStmnt CovItemId="S548" CovItemPrefix="Draw.java" Intrnl_Id="1177">
<LocList>
<Loc EndOffset="58574" SrcFileId="2" StartOffset="58549"/>
</LocList>
</BasicStmnt>
<BasicStmnt CovItemId="S549" CovItemPrefix="Draw.java" Intrnl_Id="1178">
<LocList>
<Loc EndOffset="58617" SrcFileId="2" StartOffset="58583"/>
</LocList>
</BasicStmnt>
<BasicStmnt CovItemId="S550" CovItemPrefix="Draw.java" Intrnl_Id="1179">
<LocList>
<Loc EndOffset="58697" SrcFileId="2" StartOffset="58658"/>
</LocList>
</BasicStmnt>
<BasicStmnt CovItemId="S551" CovItemPrefix="Draw.java" Intrnl_Id="1180">
<LocList>
<Loc EndOffset="58736" SrcFileId="2" StartOffset="58706"/>
</LocList>
</BasicStmnt>
<BasicStmnt CovItemId="S552" CovItemPrefix="Draw.java" Intrnl_Id="1181">
<LocList>
<Loc EndOffset="58797" SrcFileId="2" StartOffset="58776"/>
</LocList>
</BasicStmnt>
<BasicStmnt CovItemId="S553" CovItemPrefix="Draw.java" Intrnl_Id="1182">
<LocList>
<Loc EndOffset="58835" SrcFileId="2" StartOffset="58806"/>
</LocList>
</BasicStmnt>
<BasicStmnt CovItemId="S554" CovItemPrefix="Draw.java" Intrnl_Id="1183">
<LocList>
<Loc EndOffset="58880" SrcFileId="2" StartOffset="58844"/>
</LocList>
</BasicStmnt>
<BasicStmnt CovItemId="S555" CovItemPrefix="Draw.java" Intrnl_Id="1184">
<LocList>
<Loc EndOffset="58925" SrcFileId="2" StartOffset="58889"/>
</LocList>
</BasicStmnt>
<BasicStmnt CovItemId="S556" CovItemPrefix="Draw.java" Intrnl_Id="1185">
<LocList>
<Loc EndOffset="58960" SrcFileId="2" StartOffset="58934"/>
</LocList>
</BasicStmnt>
<BasicStmnt CovItemId="S557" CovItemPrefix="Draw.java" Intrnl_Id="1186">
<LocList>
<Loc EndOffset="59016" SrcFileId="2" StartOffset="58986"/>
</LocList>
</BasicStmnt>
<BasicStmnt CovItemId="S558" CovItemPrefix="Draw.java" Intrnl_Id="1187">
<LocList>
<Loc EndOffset="59067" SrcFileId="2" StartOffset="59025"/>
</LocList>
</BasicStmnt>
<BasicStmnt CovItemId="S559" CovItemPrefix="Draw.java" Intrnl_Id="1188">
<LocList>
<Loc EndOffset="59106" SrcFileId="2" StartOffset="59076"/>
</LocList>
</BasicStmnt>
<BasicStmnt CovItemId="S560" CovItemPrefix="Draw.java" Intrnl_Id="1189">
<LocList>
<Loc EndOffset="59150" SrcFileId="2" StartOffset="59115"/>
</LocList>
</BasicStmnt>
</StmntSeq>
</HierarchyLvl>
</HierarchyLvl>
<HierarchyLvl HierarchyLvlId="3310" HierarchyLvlTypeId="10" Intrnl_Id="1190" Name="Deck">
<Header>
<Loc EndOffset="313" SrcFileId="3" StartOffset="296"/>
</Header>
<LocList>
<Loc EndOffset="1416" SrcFileId="3" StartOffset="296"/>
</LocList>
<StmntSeq Intrnl_Id="1191">
<LocList>
<Loc EndOffset="353" SrcFileId="3" StartOffset="321"/>
</LocList>
<BasicStmnt CovItemId="S1" CovItemPrefix="Deck.java" Intrnl_Id="1192">
<LocList>
<Loc EndOffset="353" SrcFileId="3" StartOffset="321"/>
</LocList>
</BasicStmnt>
</StmntSeq>
<HierarchyLvl HierarchyLvlId="3303" HierarchyLvlTypeId="9" Intrnl_Id="1193" Name="Deck">
<Header>
<Loc EndOffset="501" SrcFileId="3" StartOffset="488"/>
</Header>
<LocList>
<Loc EndOffset="666" SrcFileId="3" StartOffset="488"/>
</LocList>
<StmntSeq Intrnl_Id="1194">
<LocList>
<Loc EndOffset="527" SrcFileId="3" StartOffset="513"/>
<Loc EndOffset="556" SrcFileId="3" StartOffset="536"/>
<Loc EndOffset="660" SrcFileId="3" StartOffset="565"/>
</LocList>
<BasicStmnt CovItemId="S2" CovItemPrefix="Deck.java" Intrnl_Id="1195">
<LocList>
<Loc EndOffset="527" SrcFileId="3" StartOffset="513"/>
</LocList>
</BasicStmnt>
<BasicStmnt CovItemId="S3" CovItemPrefix="Deck.java" Intrnl_Id="1196">
<LocList>
<Loc EndOffset="556" SrcFileId="3" StartOffset="536"/>
</LocList>
</BasicStmnt>
<LoopStmnt CovItemId="S4" CovItemPrefix="Deck.java" Intrnl_Id="1197" MltplExecId="L1-2" MltplExecPrefix="Deck.java" NvrExecId="L1-0" NvrExecPrefix="Deck.java" OnceExecutedId="L1-1" OnceExecutedPrefix="Deck.java" OptBodyExec="true">
<StmntSeq Intrnl_Id="1198">
<LocList>
<Loc EndOffset="660" SrcFileId="3" StartOffset="605"/>
</LocList>
<BasicStmnt CovItemId="S5" CovItemPrefix="Deck.java" Intrnl_Id="1199">
<LocList>
<Loc EndOffset="660" SrcFileId="3" StartOffset="605"/>
</LocList>
</BasicStmnt>
</StmntSeq>
<Keyword EndOffset="568" SrcFileId="3" StartOffset="565"/>
<LocList>
<Loc EndOffset="660" SrcFileId="3" StartOffset="565"/>
</LocList>
<RootTerm CovItemId="C1" CovItemPrefix="Deck.java" Intrnl_Id="1200">
<BasicBoolTerm Intrnl_Id="1201">
<LocList>
<Loc EndOffset="586" SrcFileId="3" StartOffset="581"/>
</LocList>
</BasicBoolTerm>
</RootTerm>
</LoopStmnt>
</StmntSeq>
</HierarchyLvl>
<HierarchyLvl HierarchyLvlId="3304" HierarchyLvlTypeId="9" Intrnl_Id="1202" Name="dealFrom">
<Header>
<Loc EndOffset="694" SrcFileId="3" StartOffset="672"/>
</Header>
<LocList>
<Loc EndOffset="719" SrcFileId="3" StartOffset="672"/>
</LocList>
<StmntSeq Intrnl_Id="1203">
<LocList>
<Loc EndOffset="717" SrcFileId="3" StartOffset="699"/>
</LocList>
<BasicStmnt CovItemId="S6" CovItemPrefix="Deck.java" Intrnl_Id="1204">
<LocList>
<Loc EndOffset="717" SrcFileId="3" StartOffset="699"/>
</LocList>
</BasicStmnt>
</StmntSeq>
</HierarchyLvl>
<HierarchyLvl HierarchyLvlId="3305" HierarchyLvlTypeId="9" Intrnl_Id="1205" Name="isEmpty">
<Header>
<Loc EndOffset="748" SrcFileId="3" StartOffset="724"/>
</Header>
<LocList>
<Loc EndOffset="771" SrcFileId="3" StartOffset="724"/>
</LocList>
<StmntSeq Intrnl_Id="1206">
<LocList>
<Loc EndOffset="767" SrcFileId="3" StartOffset="751"/>
</LocList>
<BasicStmnt CovItemId="S7" CovItemPrefix="Deck.java" Intrnl_Id="1207">
<LocList>
<Loc EndOffset="767" SrcFileId="3" StartOffset="751"/>
</LocList>
</BasicStmnt>
</StmntSeq>
</HierarchyLvl>
<HierarchyLvl HierarchyLvlId="3306" HierarchyLvlTypeId="9" Intrnl_Id="1208" Name="size">
<Header>
<Loc EndOffset="793" SrcFileId="3" StartOffset="776"/>
</Header>
<LocList>
<Loc EndOffset="823" SrcFileId="3" StartOffset="776"/>
</LocList>
<StmntSeq Intrnl_Id="1209">
<LocList>
<Loc EndOffset="812" SrcFileId="3" StartOffset="803"/>
</LocList>
<BasicStmnt CovItemId="S8" CovItemPrefix="Deck.java" Intrnl_Id="1210">
<LocList>
<Loc EndOffset="812" SrcFileId="3" StartOffset="803"/>
</LocList>
</BasicStmnt>
</StmntSeq>
</HierarchyLvl>
<HierarchyLvl HierarchyLvlId="3307" HierarchyLvlTypeId="9" Intrnl_Id="1211" Name="shuffle">
<Header>
<Loc EndOffset="873" SrcFileId="3" StartOffset="852"/>
</Header>
<LocList>
<Loc EndOffset="1074" SrcFileId="3" StartOffset="852"/>
</LocList>
<StmntSeq Intrnl_Id="1212">
<LocList>
<Loc EndOffset="1068" SrcFileId="3" StartOffset="884"/>
</LocList>
<LoopStmnt CovItemId="S9" CovItemPrefix="Deck.java" Intrnl_Id="1213" MltplExecId="L2-2" MltplExecPrefix="Deck.java" NvrExecId="L2-0" NvrExecPrefix="Deck.java" OnceExecutedId="L2-1" OnceExecutedPrefix="Deck.java" OptBodyExec="true">
<StmntSeq Intrnl_Id="1214">
<LocList>
<Loc EndOffset="960" SrcFileId="3" StartOffset="926"/>
<Loc EndOffset="994" SrcFileId="3" StartOffset="973"/>
<Loc EndOffset="1028" SrcFileId="3" StartOffset="1007"/>
<Loc EndOffset="1058" SrcFileId="3" StartOffset="1041"/>
</LocList>
<BasicStmnt CovItemId="S10" CovItemPrefix="Deck.java" Intrnl_Id="1215">
<LocList>
<Loc EndOffset="960" SrcFileId="3" StartOffset="926"/>
</LocList>
</BasicStmnt>
<BasicStmnt CovItemId="S11" CovItemPrefix="Deck.java" Intrnl_Id="1216">
<LocList>
<Loc EndOffset="994" SrcFileId="3" StartOffset="973"/>
</LocList>
</BasicStmnt>
<BasicStmnt CovItemId="S12" CovItemPrefix="Deck.java" Intrnl_Id="1217">
<LocList>
<Loc EndOffset="1028" SrcFileId="3" StartOffset="1007"/>
</LocList>
</BasicStmnt>
<BasicStmnt CovItemId="S13" CovItemPrefix="Deck.java" Intrnl_Id="1218">
<LocList>
<Loc EndOffset="1058" SrcFileId="3" StartOffset="1041"/>
</LocList>
</BasicStmnt>
</StmntSeq>
<Keyword EndOffset="887" SrcFileId="3" StartOffset="884"/>
<LocList>
<Loc EndOffset="1068" SrcFileId="3" StartOffset="884"/>
</LocList>
<RootTerm CovItemId="C2" CovItemPrefix="Deck.java" Intrnl_Id="1219">
<BasicBoolTerm Intrnl_Id="1220">
<LocList>
<Loc EndOffset="905" SrcFileId="3" StartOffset="900"/>
</LocList>
</BasicBoolTerm>
</RootTerm>
</LoopStmnt>
</StmntSeq>
</HierarchyLvl>
<HierarchyLvl HierarchyLvlId="3308" HierarchyLvlTypeId="9" Intrnl_Id="1221" Name="toString">
<Header>
<Loc EndOffset="1106" SrcFileId="3" StartOffset="1082"/>
</Header>
<LocList>
<Loc EndOffset="1235" SrcFileId="3" StartOffset="1082"/>
</LocList>
<StmntSeq Intrnl_Id="1222">
<LocList>
<Loc EndOffset="1137" SrcFileId="3" StartOffset="1117"/>
<Loc EndOffset="1211" SrcFileId="3" StartOffset="1146"/>
<Loc EndOffset="1229" SrcFileId="3" StartOffset="1220"/>
</LocList>
<BasicStmnt CovItemId="S14" CovItemPrefix="Deck.java" Intrnl_Id="1223">
<LocList>
<Loc EndOffset="1137" SrcFileId="3" StartOffset="1117"/>
</LocList>
</BasicStmnt>
<LoopStmnt CovItemId="S15" CovItemPrefix="Deck.java" Intrnl_Id="1224" MltplExecId="L3-2" MltplExecPrefix="Deck.java" NvrExecId="L3-0" NvrExecPrefix="Deck.java" OnceExecutedId="L3-1" OnceExecutedPrefix="Deck.java" OptBodyExec="true">
<StmntSeq Intrnl_Id="1225">
<LocList>
<Loc EndOffset="1211" SrcFileId="3" StartOffset="1191"/>
</LocList>
<BasicStmnt CovItemId="S16" CovItemPrefix="Deck.java" Intrnl_Id="1226">
<LocList>
<Loc EndOffset="1211" SrcFileId="3" StartOffset="1191"/>
</LocList>
</BasicStmnt>
</StmntSeq>
<Keyword EndOffset="1149" SrcFileId="3" StartOffset="1146"/>
<LocList>
<Loc EndOffset="1211" SrcFileId="3" StartOffset="1146"/>
</LocList>
<RootTerm CovItemId="C3" CovItemPrefix="Deck.java" Intrnl_Id="1227">
<BasicBoolTerm Intrnl_Id="1228">
<LocList>
<Loc EndOffset="1172" SrcFileId="3" StartOffset="1166"/>
</LocList>
</BasicBoolTerm>
</RootTerm>
</LoopStmnt>
<BasicStmnt CovItemId="S17" CovItemPrefix="Deck.java" Intrnl_Id="1229">
<LocList>
<Loc EndOffset="1229" SrcFileId="3" StartOffset="1220"/>
</LocList>
</BasicStmnt>
</StmntSeq>
</HierarchyLvl>
<HierarchyLvl HierarchyLvlId="3309" HierarchyLvlTypeId="9" Intrnl_Id="1230" Name="main">
<Header>
<Loc EndOffset="1297" SrcFileId="3" StartOffset="1259"/>
</Header>
<LocList>
<Loc EndOffset="1413" SrcFileId="3" StartOffset="1259"/>
</LocList>
<StmntSeq Intrnl_Id="1231">
<LocList>
<Loc EndOffset="1330" SrcFileId="3" StartOffset="1307"/>
<Loc EndOffset="1358" SrcFileId="3" StartOffset="1337"/>
<Loc EndOffset="1380" SrcFileId="3" StartOffset="1365"/>
<Loc EndOffset="1408" SrcFileId="3" StartOffset="1387"/>
</LocList>
<BasicStmnt CovItemId="S18" CovItemPrefix="Deck.java" Intrnl_Id="1232">
<LocList>
<Loc EndOffset="1330" SrcFileId="3" StartOffset="1307"/>
</LocList>
</BasicStmnt>
<BasicStmnt CovItemId="S19" CovItemPrefix="Deck.java" Intrnl_Id="1233">
<LocList>
<Loc EndOffset="1358" SrcFileId="3" StartOffset="1337"/>
</LocList>
</BasicStmnt>
<BasicStmnt CovItemId="S20" CovItemPrefix="Deck.java" Intrnl_Id="1234">
<LocList>
<Loc EndOffset="1380" SrcFileId="3" StartOffset="1365"/>
</LocList>
</BasicStmnt>
<BasicStmnt CovItemId="S21" CovItemPrefix="Deck.java" Intrnl_Id="1235">
<LocList>
<Loc EndOffset="1408" SrcFileId="3" StartOffset="1387"/>
</LocList>
</BasicStmnt>
</StmntSeq>
</HierarchyLvl>
</HierarchyLvl>
<HierarchyLvl HierarchyLvlId="3318" HierarchyLvlTypeId="10" Intrnl_Id="1236" Name="Card">
<Header>
<Loc EndOffset="483" SrcFileId="4" StartOffset="466"/>
</Header>
<LocList>
<Loc EndOffset="1609" SrcFileId="4" StartOffset="466"/>
</LocList>
<HierarchyLvl HierarchyLvlId="3311" HierarchyLvlTypeId="9" Intrnl_Id="1237" Name="Card">
<Header>
<Loc EndOffset="727" SrcFileId="4" StartOffset="686"/>
</Header>
<LocList>
<Loc EndOffset="887" SrcFileId="4" StartOffset="686"/>
</LocList>
<StmntSeq Intrnl_Id="1238">
<LocList>
<Loc EndOffset="762" SrcFileId="4" StartOffset="738"/>
<Loc EndOffset="795" SrcFileId="4" StartOffset="771"/>
<Loc EndOffset="824" SrcFileId="4" StartOffset="804"/>
<Loc EndOffset="852" SrcFileId="4" StartOffset="833"/>
<Loc EndOffset="881" SrcFileId="4" StartOffset="861"/>
</LocList>
<BasicStmnt CovItemId="S1" CovItemPrefix="Card.java" Intrnl_Id="1239">
<LocList>
<Loc EndOffset="762" SrcFileId="4" StartOffset="738"/>
</LocList>
</BasicStmnt>
<BasicStmnt CovItemId="S2" CovItemPrefix="Card.java" Intrnl_Id="1240">
<LocList>
<Loc EndOffset="795" SrcFileId="4" StartOffset="771"/>
</LocList>
</BasicStmnt>
<BasicStmnt CovItemId="S3" CovItemPrefix="Card.java" Intrnl_Id="1241">
<LocList>
<Loc EndOffset="824" SrcFileId="4" StartOffset="804"/>
</LocList>
</BasicStmnt>
<BasicStmnt CovItemId="S4" CovItemPrefix="Card.java" Intrnl_Id="1242">
<LocList>
<Loc EndOffset="852" SrcFileId="4" StartOffset="833"/>
</LocList>
</BasicStmnt>
<BasicStmnt CovItemId="S5" CovItemPrefix="Card.java" Intrnl_Id="1243">
<LocList>
<Loc EndOffset="881" SrcFileId="4" StartOffset="861"/>
</LocList>
</BasicStmnt>
</StmntSeq>
</HierarchyLvl>
<HierarchyLvl HierarchyLvlId="3312" HierarchyLvlTypeId="9" Intrnl_Id="1244" Name="isAce">
<Header>
<Loc EndOffset="915" SrcFileId="4" StartOffset="893"/>
</Header>
<LocList>
<Loc EndOffset="938" SrcFileId="4" StartOffset="893"/>
</LocList>
<StmntSeq Intrnl_Id="1245">
<LocList>
<Loc EndOffset="936" SrcFileId="4" StartOffset="918"/>
</LocList>
<BasicStmnt CovItemId="S6" CovItemPrefix="Card.java" Intrnl_Id="1246">
<LocList>
<Loc EndOffset="936" SrcFileId="4" StartOffset="918"/>
</LocList>
</BasicStmnt>
</StmntSeq>
</HierarchyLvl>
<HierarchyLvl HierarchyLvlId="3313" HierarchyLvlTypeId="9" Intrnl_Id="1247" Name="rank">
<Header>
<Loc EndOffset="1020" SrcFileId="4" StartOffset="1003"/>
</Header>
<LocList>
<Loc EndOffset="1124" SrcFileId="4" StartOffset="1003"/>
</LocList>
<StmntSeq Intrnl_Id="1248">
<LocList>
<Loc EndOffset="1058" SrcFileId="4" StartOffset="1032"/>
<Loc EndOffset="1093" SrcFileId="4" StartOffset="1067"/>
<Loc EndOffset="1118" SrcFileId="4" StartOffset="1102"/>
</LocList>
<CondStmnt CovItemId="S7" CovItemPrefix="Card.java" Intrnl_Id="1249">
<Branch CovItemId="B1" CovItemPrefix="Card.java" Implct="false" Intrnl_Id="1250">
<Cond/>
<LocList>
<Loc EndOffset="1058" SrcFileId="4" StartOffset="1048"/>
</LocList>
<StmntSeq Intrnl_Id="1251">
<LocList>
<Loc EndOffset="1058" SrcFileId="4" StartOffset="1048"/>
</LocList>
<BasicStmnt CovItemId="S8" CovItemPrefix="Card.java" Intrnl_Id="1252">
<LocList>
<Loc EndOffset="1058" SrcFileId="4" StartOffset="1048"/>
</LocList>
</BasicStmnt>
</StmntSeq>
</Branch>
<Branch CovItemId="B2" CovItemPrefix="Card.java" Implct="true" Intrnl_Id="1253">
<Cond/>
<LocList/>
<StmntSeq Intrnl_Id="1254">
<LocList/>
</StmntSeq>
</Branch>
<Keyword EndOffset="1034" SrcFileId="4" StartOffset="1032"/>
<LocList>
<Loc EndOffset="1058" SrcFileId="4" StartOffset="1032"/>
</LocList>
<RootTerm CovItemId="C1" CovItemPrefix="Card.java" Intrnl_Id="1255">
<BasicBoolTerm Intrnl_Id="1256">
<LocList>
<Loc EndOffset="1046" SrcFileId="4" StartOffset="1036"/>
</LocList>
</BasicBoolTerm>
</RootTerm>
</CondStmnt>
<CondStmnt CovItemId="S9" CovItemPrefix="Card.java" Intrnl_Id="1257">
<Branch CovItemId="B3" CovItemPrefix="Card.java" Implct="false" Intrnl_Id="1258">
<Cond/>
<LocList>
<Loc EndOffset="1093" SrcFileId="4" StartOffset="1083"/>
</LocList>
<StmntSeq Intrnl_Id="1259">
<LocList>
<Loc EndOffset="1093" SrcFileId="4" StartOffset="1083"/>
</LocList>
<BasicStmnt CovItemId="S10" CovItemPrefix="Card.java" Intrnl_Id="1260">
<LocList>
<Loc EndOffset="1093" SrcFileId="4" StartOffset="1083"/>
</LocList>
</BasicStmnt>
</StmntSeq>
</Branch>
<Branch CovItemId="B4" CovItemPrefix="Card.java" Implct="true" Intrnl_Id="1261">
<Cond/>
<LocList/>
<StmntSeq Intrnl_Id="1262">
<LocList/>
</StmntSeq>
</Branch>
<Keyword EndOffset="1069" SrcFileId="4" StartOffset="1067"/>
<LocList>
<Loc EndOffset="1093" SrcFileId="4" StartOffset="1067"/>
</LocList>
<RootTerm CovItemId="C2" CovItemPrefix="Card.java" Intrnl_Id="1263">
<BasicBoolTerm Intrnl_Id="1264">
<LocList>
<Loc EndOffset="1081" SrcFileId="4" StartOffset="1071"/>
</LocList>
</BasicBoolTerm>
</RootTerm>
</CondStmnt>
<BasicStmnt CovItemId="S11" CovItemPrefix="Card.java" Intrnl_Id="1265">
<LocList>
<Loc EndOffset="1118" SrcFileId="4" StartOffset="1102"/>
</LocList>
</BasicStmnt>
</StmntSeq>
</HierarchyLvl>
<HierarchyLvl HierarchyLvlId="3314" HierarchyLvlTypeId="9" Intrnl_Id="1266" Name="draw">
<Header>
<Loc EndOffset="1174" SrcFileId="4" StartOffset="1130"/>
</Header>
<LocList>
<Loc EndOffset="1280" SrcFileId="4" StartOffset="1130"/>
</LocList>
<StmntSeq Intrnl_Id="1267">
<LocList>
<Loc EndOffset="1274" SrcFileId="4" StartOffset="1186"/>
</LocList>
<CondStmnt CovItemId="S12" CovItemPrefix="Card.java" Intrnl_Id="1268">
<Branch CovItemId="B5" CovItemPrefix="Card.java" Implct="false" Intrnl_Id="1269">
<Cond/>
<LocList>
<Loc EndOffset="1225" SrcFileId="4" StartOffset="1203"/>
</LocList>
<StmntSeq Intrnl_Id="1270">
<LocList>
<Loc EndOffset="1225" SrcFileId="4" StartOffset="1203"/>
</LocList>
<BasicStmnt CovItemId="S13" CovItemPrefix="Card.java" Intrnl_Id="1271">
<LocList>
<Loc EndOffset="1225" SrcFileId="4" StartOffset="1203"/>
</LocList>
</BasicStmnt>
</StmntSeq>
</Branch>
<Branch CovItemId="B6" CovItemPrefix="Card.java" Implct="false" Intrnl_Id="1272">
<Cond>
<Loc EndOffset="1238" SrcFileId="4" StartOffset="1234"/>
</Cond>
<LocList>
<Loc EndOffset="1274" SrcFileId="4" StartOffset="1251"/>
</LocList>
<StmntSeq Intrnl_Id="1273">
<LocList>
<Loc EndOffset="1274" SrcFileId="4" StartOffset="1251"/>
</LocList>
<BasicStmnt CovItemId="S14" CovItemPrefix="Card.java" Intrnl_Id="1274">
<LocList>
<Loc EndOffset="1274" SrcFileId="4" StartOffset="1251"/>
</LocList>
</BasicStmnt>
</StmntSeq>
</Branch>
<Keyword EndOffset="1188" SrcFileId="4" StartOffset="1186"/>
<LocList>
<Loc EndOffset="1274" SrcFileId="4" StartOffset="1186"/>
</LocList>
<RootTerm CovItemId="C3" CovItemPrefix="Card.java" Intrnl_Id="1275">
<BasicBoolTerm Intrnl_Id="1276">
<LocList>
<Loc EndOffset="1201" SrcFileId="4" StartOffset="1190"/>
</LocList>
</BasicBoolTerm>
</RootTerm>
</CondStmnt>
</StmntSeq>
</HierarchyLvl>
<HierarchyLvl HierarchyLvlId="3315" HierarchyLvlTypeId="9" Intrnl_Id="1277" Name="conceal">
<Header>
<Loc EndOffset="1308" SrcFileId="4" StartOffset="1287"/>
</Header>
<LocList>
<Loc EndOffset="1333" SrcFileId="4" StartOffset="1287"/>
</LocList>
<StmntSeq Intrnl_Id="1278">
<LocList>
<Loc EndOffset="1330" SrcFileId="4" StartOffset="1311"/>
</LocList>
<BasicStmnt CovItemId="S15" CovItemPrefix="Card.java" Intrnl_Id="1279">
<LocList>
<Loc EndOffset="1330" SrcFileId="4" StartOffset="1311"/>
</LocList>
</BasicStmnt>
</StmntSeq>
</HierarchyLvl>
<HierarchyLvl HierarchyLvlId="3316" HierarchyLvlTypeId="9" Intrnl_Id="1280" Name="reveal">
<Header>
<Loc EndOffset="1358" SrcFileId="4" StartOffset="1338"/>
</Header>
<LocList>
<Loc EndOffset="1384" SrcFileId="4" StartOffset="1338"/>
</LocList>
<StmntSeq Intrnl_Id="1281">
<LocList>
<Loc EndOffset="1382" SrcFileId="4" StartOffset="1362"/>
</LocList>
<BasicStmnt CovItemId="S16" CovItemPrefix="Card.java" Intrnl_Id="1282">
<LocList>
<Loc EndOffset="1382" SrcFileId="4" StartOffset="1362"/>
</LocList>
</BasicStmnt>
</StmntSeq>
</HierarchyLvl>
<HierarchyLvl HierarchyLvlId="3317" HierarchyLvlTypeId="9" Intrnl_Id="1283" Name="toString">
<Header>
<Loc EndOffset="1465" SrcFileId="4" StartOffset="1441"/>
</Header>
<LocList>
<Loc EndOffset="1605" SrcFileId="4" StartOffset="1441"/>
</LocList>
<StmntSeq Intrnl_Id="1284">
<LocList>
<Loc EndOffset="1507" SrcFileId="4" StartOffset="1476"/>
<Loc EndOffset="1538" SrcFileId="4" StartOffset="1516"/>
<Loc EndOffset="1599" SrcFileId="4" StartOffset="1547"/>
</LocList>
<BasicStmnt CovItemId="S17" CovItemPrefix="Card.java" Intrnl_Id="1285">
<LocList>
<Loc EndOffset="1507" SrcFileId="4" StartOffset="1476"/>
</LocList>
</BasicStmnt>
<BasicStmnt CovItemId="S18" CovItemPrefix="Card.java" Intrnl_Id="1286">
<LocList>
<Loc EndOffset="1538" SrcFileId="4" StartOffset="1516"/>
</LocList>
</BasicStmnt>
<BasicStmnt CovItemId="S19" CovItemPrefix="Card.java" Intrnl_Id="1287">
<LocList>
<Loc EndOffset="1599" SrcFileId="4" StartOffset="1547"/>
</LocList>
</BasicStmnt>
</StmntSeq>
</HierarchyLvl>
</HierarchyLvl>
<HierarchyLvl HierarchyLvlId="3325" HierarchyLvlTypeId="10" Intrnl_Id="1288" Name="BlackJack">
<Header>
<Loc EndOffset="329" SrcFileId="5" StartOffset="266"/>
</Header>
<LocList>
<Loc EndOffset="4075" SrcFileId="5" StartOffset="266"/>
</LocList>
<StmntSeq Intrnl_Id="1289">
<LocList>
<Loc EndOffset="386" SrcFileId="5" StartOffset="336"/>
<Loc EndOffset="437" SrcFileId="5" StartOffset="414"/>
<Loc EndOffset="480" SrcFileId="5" StartOffset="442"/>
<Loc EndOffset="543" SrcFileId="5" StartOffset="486"/>
<Loc EndOffset="605" SrcFileId="5" StartOffset="548"/>
<Loc EndOffset="662" SrcFileId="5" StartOffset="611"/>
<Loc EndOffset="717" SrcFileId="5" StartOffset="667"/>
<Loc EndOffset="771" SrcFileId="5" StartOffset="722"/>
<Loc EndOffset="831" SrcFileId="5" StartOffset="777"/>
</LocList>
<BasicStmnt CovItemId="S1" CovItemPrefix="BlackJack.java" Intrnl_Id="1290">
<LocList>
<Loc EndOffset="386" SrcFileId="5" StartOffset="336"/>
</LocList>
</BasicStmnt>
<BasicStmnt CovItemId="S2" CovItemPrefix="BlackJack.java" Intrnl_Id="1291">
<LocList>
<Loc EndOffset="437" SrcFileId="5" StartOffset="414"/>
</LocList>
</BasicStmnt>
<BasicStmnt CovItemId="S3" CovItemPrefix="BlackJack.java" Intrnl_Id="1292">
<LocList>
<Loc EndOffset="480" SrcFileId="5" StartOffset="442"/>
</LocList>
</BasicStmnt>
<BasicStmnt CovItemId="S4" CovItemPrefix="BlackJack.java" Intrnl_Id="1293">
<LocList>
<Loc EndOffset="543" SrcFileId="5" StartOffset="486"/>
</LocList>
</BasicStmnt>
<BasicStmnt CovItemId="S5" CovItemPrefix="BlackJack.java" Intrnl_Id="1294">
<LocList>
<Loc EndOffset="605" SrcFileId="5" StartOffset="548"/>
</LocList>
</BasicStmnt>
<BasicStmnt CovItemId="S6" CovItemPrefix="BlackJack.java" Intrnl_Id="1295">
<LocList>
<Loc EndOffset="662" SrcFileId="5" StartOffset="611"/>
</LocList>
</BasicStmnt>
<BasicStmnt CovItemId="S7" CovItemPrefix="BlackJack.java" Intrnl_Id="1296">
<LocList>
<Loc EndOffset="717" SrcFileId="5" StartOffset="667"/>
</LocList>
</BasicStmnt>
<BasicStmnt CovItemId="S8" CovItemPrefix="BlackJack.java" Intrnl_Id="1297">
<LocList>
<Loc EndOffset="771" SrcFileId="5" StartOffset="722"/>
</LocList>
</BasicStmnt>
<BasicStmnt CovItemId="S9" CovItemPrefix="BlackJack.java" Intrnl_Id="1298">
<LocList>
<Loc EndOffset="831" SrcFileId="5" StartOffset="777"/>
</LocList>
</BasicStmnt>
</StmntSeq>
<HierarchyLvl HierarchyLvlId="3319" HierarchyLvlTypeId="9" Intrnl_Id="1299" Name="BlackJack">
<Header>
<Loc EndOffset="848" SrcFileId="5" StartOffset="837"/>
</Header>
<LocList>
<Loc EndOffset="1779" SrcFileId="5" StartOffset="837"/>
</LocList>
<StmntSeq Intrnl_Id="1300">
<LocList>
<Loc EndOffset="885" SrcFileId="5" StartOffset="859"/>
<Loc EndOffset="914" SrcFileId="5" StartOffset="894"/>
<Loc EndOffset="970" SrcFileId="5" StartOffset="923"/>
<Loc EndOffset="1050" SrcFileId="5" StartOffset="1020"/>
<Loc EndOffset="1082" SrcFileId="5" StartOffset="1059"/>
<Loc EndOffset="1116" SrcFileId="5" StartOffset="1091"/>
<Loc EndOffset="1149" SrcFileId="5" StartOffset="1125"/>
<Loc EndOffset="1192" SrcFileId="5" StartOffset="1158"/>
<Loc EndOffset="1237" SrcFileId="5" StartOffset="1201"/>
<Loc EndOffset="1281" SrcFileId="5" StartOffset="1246"/>
<Loc EndOffset="1318" SrcFileId="5" StartOffset="1290"/>
<Loc EndOffset="1357" SrcFileId="5" StartOffset="1327"/>
<Loc EndOffset="1505" SrcFileId="5" StartOffset="1427"/>
<Loc EndOffset="1541" SrcFileId="5" StartOffset="1514"/>
<Loc EndOffset="1580" SrcFileId="5" StartOffset="1550"/>
<Loc EndOffset="1618" SrcFileId="5" StartOffset="1589"/>
<Loc EndOffset="1662" SrcFileId="5" StartOffset="1628"/>
<Loc EndOffset="1696" SrcFileId="5" StartOffset="1671"/>
<Loc EndOffset="1731" SrcFileId="5" StartOffset="1705"/>
<Loc EndOffset="1747" SrcFileId="5" StartOffset="1740"/>
<Loc EndOffset="1773" SrcFileId="5" StartOffset="1756"/>
</LocList>
<BasicStmnt CovItemId="S10" CovItemPrefix="BlackJack.java" Intrnl_Id="1301">
<LocList>
<Loc EndOffset="885" SrcFileId="5" StartOffset="859"/>
</LocList>
</BasicStmnt>
<BasicStmnt CovItemId="S11" CovItemPrefix="BlackJack.java" Intrnl_Id="1302">
<LocList>
<Loc EndOffset="914" SrcFileId="5" StartOffset="894"/>
</LocList>
</BasicStmnt>
<BasicStmnt CovItemId="S12" CovItemPrefix="BlackJack.java" Intrnl_Id="1303">
<LocList>
<Loc EndOffset="970" SrcFileId="5" StartOffset="923"/>
</LocList>
</BasicStmnt>
<BasicStmnt CovItemId="S13" CovItemPrefix="BlackJack.java" Intrnl_Id="1304">
<LocList>
<Loc EndOffset="1050" SrcFileId="5" StartOffset="1020"/>
</LocList>
</BasicStmnt>
<BasicStmnt CovItemId="S14" CovItemPrefix="BlackJack.java" Intrnl_Id="1305">
<LocList>
<Loc EndOffset="1082" SrcFileId="5" StartOffset="1059"/>
</LocList>
</BasicStmnt>
<BasicStmnt CovItemId="S15" CovItemPrefix="BlackJack.java" Intrnl_Id="1306">
<LocList>
<Loc EndOffset="1116" SrcFileId="5" StartOffset="1091"/>
</LocList>
</BasicStmnt>
<BasicStmnt CovItemId="S16" CovItemPrefix="BlackJack.java" Intrnl_Id="1307">
<LocList>
<Loc EndOffset="1149" SrcFileId="5" StartOffset="1125"/>
</LocList>
</BasicStmnt>
<BasicStmnt CovItemId="S17" CovItemPrefix="BlackJack.java" Intrnl_Id="1308">
<LocList>
<Loc EndOffset="1192" SrcFileId="5" StartOffset="1158"/>
</LocList>
</BasicStmnt>
<BasicStmnt CovItemId="S18" CovItemPrefix="BlackJack.java" Intrnl_Id="1309">
<LocList>
<Loc EndOffset="1237" SrcFileId="5" StartOffset="1201"/>
</LocList>
</BasicStmnt>
<BasicStmnt CovItemId="S19" CovItemPrefix="BlackJack.java" Intrnl_Id="1310">
<LocList>
<Loc EndOffset="1281" SrcFileId="5" StartOffset="1246"/>
</LocList>
</BasicStmnt>
<BasicStmnt CovItemId="S20" CovItemPrefix="BlackJack.java" Intrnl_Id="1311">
<LocList>
<Loc EndOffset="1318" SrcFileId="5" StartOffset="1290"/>
</LocList>
</BasicStmnt>
<BasicStmnt CovItemId="S21" CovItemPrefix="BlackJack.java" Intrnl_Id="1312">
<LocList>
<Loc EndOffset="1357" SrcFileId="5" StartOffset="1327"/>
</LocList>
</BasicStmnt>
<BasicStmnt CovItemId="S22" CovItemPrefix="BlackJack.java" Intrnl_Id="1313">
<LocList>
<Loc EndOffset="1505" SrcFileId="5" StartOffset="1427"/>
</LocList>
</BasicStmnt>
<BasicStmnt CovItemId="S23" CovItemPrefix="BlackJack.java" Intrnl_Id="1314">
<LocList>
<Loc EndOffset="1541" SrcFileId="5" StartOffset="1514"/>
</LocList>
</BasicStmnt>
<BasicStmnt CovItemId="S24" CovItemPrefix="BlackJack.java" Intrnl_Id="1315">
<LocList>
<Loc EndOffset="1580" SrcFileId="5" StartOffset="1550"/>
</LocList>
</BasicStmnt>
<BasicStmnt CovItemId="S25" CovItemPrefix="BlackJack.java" Intrnl_Id="1316">
<LocList>
<Loc EndOffset="1618" SrcFileId="5" StartOffset="1589"/>
</LocList>
</BasicStmnt>
<BasicStmnt CovItemId="S26" CovItemPrefix="BlackJack.java" Intrnl_Id="1317">
<LocList>
<Loc EndOffset="1662" SrcFileId="5" StartOffset="1628"/>
</LocList>
</BasicStmnt>
<BasicStmnt CovItemId="S27" CovItemPrefix="BlackJack.java" Intrnl_Id="1318">
<LocList>
<Loc EndOffset="1696" SrcFileId="5" StartOffset="1671"/>
</LocList>
</BasicStmnt>
<BasicStmnt CovItemId="S28" CovItemPrefix="BlackJack.java" Intrnl_Id="1319">
<LocList>
<Loc EndOffset="1731" SrcFileId="5" StartOffset="1705"/>
</LocList>
</BasicStmnt>
<BasicStmnt CovItemId="S29" CovItemPrefix="BlackJack.java" Intrnl_Id="1320">
<LocList>
<Loc EndOffset="1747" SrcFileId="5" StartOffset="1740"/>
</LocList>
</BasicStmnt>
<BasicStmnt CovItemId="S30" CovItemPrefix="BlackJack.java" Intrnl_Id="1321">
<LocList>
<Loc EndOffset="1773" SrcFileId="5" StartOffset="1756"/>
</LocList>
</BasicStmnt>
</StmntSeq>
</HierarchyLvl>
<HierarchyLvl HierarchyLvlId="3320" HierarchyLvlTypeId="9" Intrnl_Id="1322" Name="hit">
<Header>
<Loc EndOffset="1867" SrcFileId="5" StartOffset="1837"/>
</Header>
<LocList>
<Loc EndOffset="1966" SrcFileId="5" StartOffset="1837"/>
</LocList>
<StmntSeq Intrnl_Id="1323">
<LocList>
<Loc EndOffset="1909" SrcFileId="5" StartOffset="1878"/>
<Loc EndOffset="1936" SrcFileId="5" StartOffset="1918"/>
<Loc EndOffset="1960" SrcFileId="5" StartOffset="1945"/>
</LocList>
<BasicStmnt CovItemId="S31" CovItemPrefix="BlackJack.java" Intrnl_Id="1324">
<LocList>
<Loc EndOffset="1909" SrcFileId="5" StartOffset="1878"/>
</LocList>
</BasicStmnt>
<BasicStmnt CovItemId="S32" CovItemPrefix="BlackJack.java" Intrnl_Id="1325">
<LocList>
<Loc EndOffset="1936" SrcFileId="5" StartOffset="1918"/>
</LocList>
</BasicStmnt>
<BasicStmnt CovItemId="S33" CovItemPrefix="BlackJack.java" Intrnl_Id="1326">
<LocList>
<Loc EndOffset="1960" SrcFileId="5" StartOffset="1945"/>
</LocList>
</BasicStmnt>
</StmntSeq>
</HierarchyLvl>
<HierarchyLvl HierarchyLvlId="3321" HierarchyLvlTypeId="9" Intrnl_Id="1327" Name="deal">
<Header>
<Loc EndOffset="2049" SrcFileId="5" StartOffset="2031"/>
</Header>
<LocList>
<Loc EndOffset="2451" SrcFileId="5" StartOffset="2031"/>
</LocList>
<StmntSeq Intrnl_Id="1328">
<LocList>
<Loc EndOffset="2083" SrcFileId="5" StartOffset="2060"/>
<Loc EndOffset="2108" SrcFileId="5" StartOffset="2092"/>
<Loc EndOffset="2132" SrcFileId="5" StartOffset="2117"/>
<Loc EndOffset="2290" SrcFileId="5" StartOffset="2141"/>
<Loc EndOffset="2312" SrcFileId="5" StartOffset="2299"/>
<Loc EndOffset="2333" SrcFileId="5" StartOffset="2321"/>
<Loc EndOffset="2366" SrcFileId="5" StartOffset="2342"/>
<Loc EndOffset="2424" SrcFileId="5" StartOffset="2411"/>
<Loc EndOffset="2445" SrcFileId="5" StartOffset="2433"/>
</LocList>
<BasicStmnt CovItemId="S34" CovItemPrefix="BlackJack.java" Intrnl_Id="1329">
<LocList>
<Loc EndOffset="2083" SrcFileId="5" StartOffset="2060"/>
</LocList>
</BasicStmnt>
<BasicStmnt CovItemId="S35" CovItemPrefix="BlackJack.java" Intrnl_Id="1330">
<LocList>
<Loc EndOffset="2108" SrcFileId="5" StartOffset="2092"/>
</LocList>
</BasicStmnt>
<BasicStmnt CovItemId="S36" CovItemPrefix="BlackJack.java" Intrnl_Id="1331">
<LocList>
<Loc EndOffset="2132" SrcFileId="5" StartOffset="2117"/>
</LocList>
</BasicStmnt>
<CondStmnt CovItemId="S37" CovItemPrefix="BlackJack.java" Intrnl_Id="1332">
<Branch CovItemId="B1" CovItemPrefix="BlackJack.java" Implct="false" Intrnl_Id="1333">
<Cond/>
<LocList>
<Loc EndOffset="2290" SrcFileId="5" StartOffset="2179"/>
</LocList>
<StmntSeq Intrnl_Id="1334">
<LocList>
<Loc EndOffset="2211" SrcFileId="5" StartOffset="2193"/>
<Loc EndOffset="2239" SrcFileId="5" StartOffset="2224"/>
<Loc EndOffset="2280" SrcFileId="5" StartOffset="2252"/>
</LocList>
<BasicStmnt CovItemId="S38" CovItemPrefix="BlackJack.java" Intrnl_Id="1335">
<LocList>
<Loc EndOffset="2211" SrcFileId="5" StartOffset="2193"/>
</LocList>
</BasicStmnt>
<BasicStmnt CovItemId="S39" CovItemPrefix="BlackJack.java" Intrnl_Id="1336">
<LocList>
<Loc EndOffset="2239" SrcFileId="5" StartOffset="2224"/>
</LocList>
</BasicStmnt>
<BasicStmnt CovItemId="S40" CovItemPrefix="BlackJack.java" Intrnl_Id="1337">
<LocList>
<Loc EndOffset="2280" SrcFileId="5" StartOffset="2252"/>
</LocList>
</BasicStmnt>
</StmntSeq>
</Branch>
<Branch CovItemId="B2" CovItemPrefix="BlackJack.java" Implct="true" Intrnl_Id="1338">
<Cond/>
<LocList/>
<StmntSeq Intrnl_Id="1339">
<LocList/>
</StmntSeq>
</Branch>
<Keyword EndOffset="2143" SrcFileId="5" StartOffset="2141"/>
<LocList>
<Loc EndOffset="2290" SrcFileId="5" StartOffset="2141"/>
</LocList>
<RootTerm CovItemId="C1" CovItemPrefix="BlackJack.java" Intrnl_Id="1340">
<OpTerm BooleanOpId="7" Intrnl_Id="1341">
<BasicBoolTerm Intrnl_Id="1342">
<LocList>
<Loc EndOffset="2157" SrcFileId="5" StartOffset="2145"/>
</LocList>
</BasicBoolTerm>
<BasicBoolTerm Intrnl_Id="1343">
<LocList>
<Loc EndOffset="2177" SrcFileId="5" StartOffset="2161"/>
</LocList>
</BasicBoolTerm>
<LocList>
<Loc EndOffset="2160" SrcFileId="5" StartOffset="2158"/>
</LocList>
</OpTerm>
</RootTerm>
</CondStmnt>
<BasicStmnt CovItemId="S41" CovItemPrefix="BlackJack.java" Intrnl_Id="1344">
<LocList>
<Loc EndOffset="2312" SrcFileId="5" StartOffset="2299"/>
</LocList>
</BasicStmnt>
<BasicStmnt CovItemId="S42" CovItemPrefix="BlackJack.java" Intrnl_Id="1345">
<LocList>
<Loc EndOffset="2333" SrcFileId="5" StartOffset="2321"/>
</LocList>
</BasicStmnt>
<BasicStmnt CovItemId="S43" CovItemPrefix="BlackJack.java" Intrnl_Id="1346">
<LocList>
<Loc EndOffset="2366" SrcFileId="5" StartOffset="2342"/>
</LocList>
</BasicStmnt>
<BasicStmnt CovItemId="S44" CovItemPrefix="BlackJack.java" Intrnl_Id="1347">
<LocList>
<Loc EndOffset="2424" SrcFileId="5" StartOffset="2411"/>
</LocList>
</BasicStmnt>
<BasicStmnt CovItemId="S45" CovItemPrefix="BlackJack.java" Intrnl_Id="1348">
<LocList>
<Loc EndOffset="2445" SrcFileId="5" StartOffset="2433"/>
</LocList>
</BasicStmnt>
</StmntSeq>
</HierarchyLvl>
<HierarchyLvl HierarchyLvlId="3322" HierarchyLvlTypeId="9" Intrnl_Id="1349" Name="checkWinner">
<Header>
<Loc EndOffset="2498" SrcFileId="5" StartOffset="2473"/>
</Header>
<LocList>
<Loc EndOffset="3082" SrcFileId="5" StartOffset="2473"/>
</LocList>
<StmntSeq Intrnl_Id="1350">
<LocList>
<Loc EndOffset="2532" SrcFileId="5" StartOffset="2509"/>
<Loc EndOffset="2598" SrcFileId="5" StartOffset="2580"/>
<Loc EndOffset="2622" SrcFileId="5" StartOffset="2607"/>
<Loc EndOffset="3034" SrcFileId="5" StartOffset="2631"/>
<Loc EndOffset="3076" SrcFileId="5" StartOffset="3043"/>
</LocList>
<BasicStmnt CovItemId="S46" CovItemPrefix="BlackJack.java" Intrnl_Id="1351">
<LocList>
<Loc EndOffset="2532" SrcFileId="5" StartOffset="2509"/>
</LocList>
</BasicStmnt>
<BasicStmnt CovItemId="S47" CovItemPrefix="BlackJack.java" Intrnl_Id="1352">
<LocList>
<Loc EndOffset="2598" SrcFileId="5" StartOffset="2580"/>
</LocList>
</BasicStmnt>
<BasicStmnt CovItemId="S48" CovItemPrefix="BlackJack.java" Intrnl_Id="1353">
<LocList>
<Loc EndOffset="2622" SrcFileId="5" StartOffset="2607"/>
</LocList>
</BasicStmnt>
<CondStmnt CovItemId="S49" CovItemPrefix="BlackJack.java" Intrnl_Id="1354">
<Branch CovItemId="B3" CovItemPrefix="BlackJack.java" Implct="false" Intrnl_Id="1355">
<Cond/>
<LocList>
<Loc EndOffset="2707" SrcFileId="5" StartOffset="2675"/>
</LocList>
<StmntSeq Intrnl_Id="1356">
<LocList>
<Loc EndOffset="2707" SrcFileId="5" StartOffset="2675"/>
</LocList>
<BasicStmnt CovItemId="S50" CovItemPrefix="BlackJack.java" Intrnl_Id="1357">
<LocList>
<Loc EndOffset="2707" SrcFileId="5" StartOffset="2675"/>
</LocList>
</BasicStmnt>
</StmntSeq>
</Branch>
<Branch CovItemId="B4" CovItemPrefix="BlackJack.java" Implct="false" Intrnl_Id="1358">
<Cond>
<Loc EndOffset="2720" SrcFileId="5" StartOffset="2716"/>
</Cond>
<LocList>
<Loc EndOffset="3034" SrcFileId="5" StartOffset="2721"/>
</LocList>
<StmntSeq Intrnl_Id="1359">
<LocList>
<Loc EndOffset="3034" SrcFileId="5" StartOffset="2721"/>
</LocList>
<CondStmnt CovItemId="S51" CovItemPrefix="BlackJack.java" Intrnl_Id="1360">
<Branch CovItemId="B5" CovItemPrefix="BlackJack.java" Implct="false" Intrnl_Id="1361">
<Cond/>
<LocList>
<Loc EndOffset="2791" SrcFileId="5" StartOffset="2760"/>
</LocList>
<StmntSeq Intrnl_Id="1362">
<LocList>
<Loc EndOffset="2791" SrcFileId="5" StartOffset="2760"/>
</LocList>
<BasicStmnt CovItemId="S52" CovItemPrefix="BlackJack.java" Intrnl_Id="1363">
<LocList>
<Loc EndOffset="2791" SrcFileId="5" StartOffset="2760"/>
</LocList>
</BasicStmnt>
</StmntSeq>
</Branch>
<Branch CovItemId="B6" CovItemPrefix="BlackJack.java" Implct="false" Intrnl_Id="1364">
<Cond>
<Loc EndOffset="2804" SrcFileId="5" StartOffset="2800"/>
</Cond>
<LocList>
<Loc EndOffset="3034" SrcFileId="5" StartOffset="2805"/>
</LocList>
<StmntSeq Intrnl_Id="1365">
<LocList>
<Loc EndOffset="3034" SrcFileId="5" StartOffset="2805"/>
</LocList>
<CondStmnt CovItemId="S53" CovItemPrefix="BlackJack.java" Intrnl_Id="1366">
<Branch CovItemId="B7" CovItemPrefix="BlackJack.java" Implct="false" Intrnl_Id="1367">
<Cond/>
<LocList>
<Loc EndOffset="2867" SrcFileId="5" StartOffset="2844"/>
</LocList>
<StmntSeq Intrnl_Id="1368">
<LocList>
<Loc EndOffset="2867" SrcFileId="5" StartOffset="2844"/>
</LocList>
<BasicStmnt CovItemId="S54" CovItemPrefix="BlackJack.java" Intrnl_Id="1369">
<LocList>
<Loc EndOffset="2867" SrcFileId="5" StartOffset="2844"/>
</LocList>
</BasicStmnt>
</StmntSeq>
</Branch>
<Branch CovItemId="B8" CovItemPrefix="BlackJack.java" Implct="false" Intrnl_Id="1370">
<Cond>
<Loc EndOffset="2880" SrcFileId="5" StartOffset="2876"/>
</Cond>
<LocList>
<Loc EndOffset="3034" SrcFileId="5" StartOffset="2881"/>
</LocList>
<StmntSeq Intrnl_Id="1371">
<LocList>
<Loc EndOffset="3034" SrcFileId="5" StartOffset="2881"/>
</LocList>
<CondStmnt CovItemId="S55" CovItemPrefix="BlackJack.java" Intrnl_Id="1372">
<Branch CovItemId="B9" CovItemPrefix="BlackJack.java" Implct="false" Intrnl_Id="1373">
<Cond/>
<LocList>
<Loc EndOffset="2951" SrcFileId="5" StartOffset="2920"/>
</LocList>
<StmntSeq Intrnl_Id="1374">
<LocList>
<Loc EndOffset="2951" SrcFileId="5" StartOffset="2920"/>
</LocList>
<BasicStmnt CovItemId="S56" CovItemPrefix="BlackJack.java" Intrnl_Id="1375">
<LocList>
<Loc EndOffset="2951" SrcFileId="5" StartOffset="2920"/>
</LocList>
</BasicStmnt>
</StmntSeq>
</Branch>
<Branch CovItemId="B10" CovItemPrefix="BlackJack.java" Implct="false" Intrnl_Id="1376">
<Cond>
<Loc EndOffset="2964" SrcFileId="5" StartOffset="2960"/>
</Cond>
<LocList>
<Loc EndOffset="3034" SrcFileId="5" StartOffset="3004"/>
</LocList>
<StmntSeq Intrnl_Id="1377">
<LocList>
<Loc EndOffset="3034" SrcFileId="5" StartOffset="3004"/>
</LocList>
<BasicStmnt CovItemId="S57" CovItemPrefix="BlackJack.java" Intrnl_Id="1378">
<LocList>
<Loc EndOffset="3034" SrcFileId="5" StartOffset="3004"/>
</LocList>
</BasicStmnt>
</StmntSeq>
</Branch>
<Keyword EndOffset="2883" SrcFileId="5" StartOffset="2881"/>
<LocList>
<Loc EndOffset="3034" SrcFileId="5" StartOffset="2881"/>
</LocList>
<RootTerm CovItemId="C5" CovItemPrefix="BlackJack.java" Intrnl_Id="1379">
<BasicBoolTerm Intrnl_Id="1380">
<LocList>
<Loc EndOffset="2918" SrcFileId="5" StartOffset="2885"/>
</LocList>
</BasicBoolTerm>
</RootTerm>
</CondStmnt>
</StmntSeq>
</Branch>
<Keyword EndOffset="2807" SrcFileId="5" StartOffset="2805"/>
<LocList>
<Loc EndOffset="3034" SrcFileId="5" StartOffset="2805"/>
</LocList>
<RootTerm CovItemId="C4" CovItemPrefix="BlackJack.java" Intrnl_Id="1381">
<BasicBoolTerm Intrnl_Id="1382">
<LocList>
<Loc EndOffset="2842" SrcFileId="5" StartOffset="2809"/>
</LocList>
</BasicBoolTerm>
</RootTerm>
</CondStmnt>
</StmntSeq>
</Branch>
<Keyword EndOffset="2723" SrcFileId="5" StartOffset="2721"/>
<LocList>
<Loc EndOffset="3034" SrcFileId="5" StartOffset="2721"/>
</LocList>
<RootTerm CovItemId="C3" CovItemPrefix="BlackJack.java" Intrnl_Id="1383">
<BasicBoolTerm Intrnl_Id="1384">
<LocList>
<Loc EndOffset="2746" SrcFileId="5" StartOffset="2725"/>
</LocList>
</BasicBoolTerm>
</RootTerm>
</CondStmnt>
</StmntSeq>
</Branch>
<Keyword EndOffset="2633" SrcFileId="5" StartOffset="2631"/>
<LocList>
<Loc EndOffset="3034" SrcFileId="5" StartOffset="2631"/>
</LocList>
<RootTerm CovItemId="C2" CovItemPrefix="BlackJack.java" Intrnl_Id="1385">
<BasicBoolTerm Intrnl_Id="1386">
<LocList>
<Loc EndOffset="2661" SrcFileId="5" StartOffset="2640"/>
</LocList>
</BasicBoolTerm>
</RootTerm>
</CondStmnt>
<BasicStmnt CovItemId="S58" CovItemPrefix="BlackJack.java" Intrnl_Id="1387">
<LocList>
<Loc EndOffset="3076" SrcFileId="5" StartOffset="3043"/>
</LocList>
</BasicStmnt>
</StmntSeq>
</HierarchyLvl>
<HierarchyLvl HierarchyLvlId="3323" HierarchyLvlTypeId="9" Intrnl_Id="1388" Name="actionPerformed">
<Header>
<Loc EndOffset="3159" SrcFileId="5" StartOffset="3117"/>
</Header>
<LocList>
<Loc EndOffset="3972" SrcFileId="5" StartOffset="3117"/>
</LocList>
<StmntSeq Intrnl_Id="1389">
<LocList>
<Loc EndOffset="3460" SrcFileId="5" StartOffset="3170"/>
<Loc EndOffset="3735" SrcFileId="5" StartOffset="3470"/>
<Loc EndOffset="3966" SrcFileId="5" StartOffset="3745"/>
</LocList>
<CondStmnt CovItemId="S59" CovItemPrefix="BlackJack.java" Intrnl_Id="1390">
<Branch CovItemId="B11" CovItemPrefix="BlackJack.java" Implct="false" Intrnl_Id="1391">
<Cond/>
<LocList>
<Loc EndOffset="3460" SrcFileId="5" StartOffset="3202"/>
</LocList>
<StmntSeq Intrnl_Id="1392">
<LocList>
<Loc EndOffset="3229" SrcFileId="5" StartOffset="3216"/>
<Loc EndOffset="3450" SrcFileId="5" StartOffset="3242"/>
</LocList>
<BasicStmnt CovItemId="S60" CovItemPrefix="BlackJack.java" Intrnl_Id="1393">
<LocList>
<Loc EndOffset="3229" SrcFileId="5" StartOffset="3216"/>
</LocList>
</BasicStmnt>
<CondStmnt CovItemId="S61" CovItemPrefix="BlackJack.java" Intrnl_Id="1394">
<Branch CovItemId="B13" CovItemPrefix="BlackJack.java" Implct="false" Intrnl_Id="1395">
<Cond/>
<LocList>
<Loc EndOffset="3450" SrcFileId="5" StartOffset="3267"/>
</LocList>
<StmntSeq Intrnl_Id="1396">
<LocList>
<Loc EndOffset="3299" SrcFileId="5" StartOffset="3285"/>
<Loc EndOffset="3344" SrcFileId="5" StartOffset="3316"/>
<Loc EndOffset="3391" SrcFileId="5" StartOffset="3361"/>
<Loc EndOffset="3436" SrcFileId="5" StartOffset="3408"/>
</LocList>
<BasicStmnt CovItemId="S62" CovItemPrefix="BlackJack.java" Intrnl_Id="1397">
<LocList>
<Loc EndOffset="3299" SrcFileId="5" StartOffset="3285"/>
</LocList>
</BasicStmnt>
<BasicStmnt CovItemId="S63" CovItemPrefix="BlackJack.java" Intrnl_Id="1398">
<LocList>
<Loc EndOffset="3344" SrcFileId="5" StartOffset="3316"/>
</LocList>
</BasicStmnt>
<BasicStmnt CovItemId="S64" CovItemPrefix="BlackJack.java" Intrnl_Id="1399">
<LocList>
<Loc EndOffset="3391" SrcFileId="5" StartOffset="3361"/>
</LocList>
</BasicStmnt>
<BasicStmnt CovItemId="S65" CovItemPrefix="BlackJack.java" Intrnl_Id="1400">
<LocList>
<Loc EndOffset="3436" SrcFileId="5" StartOffset="3408"/>
</LocList>
</BasicStmnt>
</StmntSeq>
</Branch>
<Branch CovItemId="B14" CovItemPrefix="BlackJack.java" Implct="true" Intrnl_Id="1401">
<Cond/>
<LocList/>
<StmntSeq Intrnl_Id="1402">
<LocList/>
</StmntSeq>
</Branch>
<Keyword EndOffset="3244" SrcFileId="5" StartOffset="3242"/>
<LocList>
<Loc EndOffset="3450" SrcFileId="5" StartOffset="3242"/>
</LocList>
<RootTerm CovItemId="C7" CovItemPrefix="BlackJack.java" Intrnl_Id="1403">
<BasicBoolTerm Intrnl_Id="1404">
<LocList>
<Loc EndOffset="3265" SrcFileId="5" StartOffset="3245"/>
</LocList>
</BasicBoolTerm>
</RootTerm>
</CondStmnt>
</StmntSeq>
</Branch>
<Branch CovItemId="B12" CovItemPrefix="BlackJack.java" Implct="true" Intrnl_Id="1405">
<Cond/>
<LocList/>
<StmntSeq Intrnl_Id="1406">
<LocList/>
</StmntSeq>
</Branch>
<Keyword EndOffset="3172" SrcFileId="5" StartOffset="3170"/>
<LocList>
<Loc EndOffset="3460" SrcFileId="5" StartOffset="3170"/>
</LocList>
<RootTerm CovItemId="C6" CovItemPrefix="BlackJack.java" Intrnl_Id="1407">
<BasicBoolTerm Intrnl_Id="1408">
<LocList>
<Loc EndOffset="3200" SrcFileId="5" StartOffset="3174"/>
</LocList>
</BasicBoolTerm>
</RootTerm>
</CondStmnt>
<CondStmnt CovItemId="S66" CovItemPrefix="BlackJack.java" Intrnl_Id="1409">
<Branch CovItemId="B15" CovItemPrefix="BlackJack.java" Implct="false" Intrnl_Id="1410">
<Cond/>
<LocList>
<Loc EndOffset="3735" SrcFileId="5" StartOffset="3504"/>
</LocList>
<StmntSeq Intrnl_Id="1411">
<LocList>
<Loc EndOffset="3573" SrcFileId="5" StartOffset="3518"/>
<Loc EndOffset="3600" SrcFileId="5" StartOffset="3586"/>
<Loc EndOffset="3641" SrcFileId="5" StartOffset="3613"/>
<Loc EndOffset="3684" SrcFileId="5" StartOffset="3654"/>
<Loc EndOffset="3725" SrcFileId="5" StartOffset="3697"/>
</LocList>
<LoopStmnt CovItemId="S67" CovItemPrefix="BlackJack.java" Intrnl_Id="1412" MltplExecId="L1-2" MltplExecPrefix="BlackJack.java" NvrExecId="L1-0" NvrExecPrefix="BlackJack.java" OnceExecutedId="L1-1" OnceExecutedPrefix="BlackJack.java" OptBodyExec="true">
<StmntSeq Intrnl_Id="1413">
<LocList>
<Loc EndOffset="3573" SrcFileId="5" StartOffset="3561"/>
</LocList>
<BasicStmnt CovItemId="S68" CovItemPrefix="BlackJack.java" Intrnl_Id="1414">
<LocList>
<Loc EndOffset="3573" SrcFileId="5" StartOffset="3561"/>
</LocList>
</BasicStmnt>
</StmntSeq>
<Keyword EndOffset="3523" SrcFileId="5" StartOffset="3518"/>
<LocList>
<Loc EndOffset="3573" SrcFileId="5" StartOffset="3518"/>
</LocList>
<RootTerm CovItemId="C9" CovItemPrefix="BlackJack.java" Intrnl_Id="1415">
<BasicBoolTerm Intrnl_Id="1416">
<LocList>
<Loc EndOffset="3543" SrcFileId="5" StartOffset="3524"/>
</LocList>
</BasicBoolTerm>
</RootTerm>
</LoopStmnt>
<BasicStmnt CovItemId="S69" CovItemPrefix="BlackJack.java" Intrnl_Id="1417">
<LocList>
<Loc EndOffset="3600" SrcFileId="5" StartOffset="3586"/>
</LocList>
</BasicStmnt>
<BasicStmnt CovItemId="S70" CovItemPrefix="BlackJack.java" Intrnl_Id="1418">
<LocList>
<Loc EndOffset="3641" SrcFileId="5" StartOffset="3613"/>
</LocList>
</BasicStmnt>
<BasicStmnt CovItemId="S71" CovItemPrefix="BlackJack.java" Intrnl_Id="1419">
<LocList>
<Loc EndOffset="3684" SrcFileId="5" StartOffset="3654"/>
</LocList>
</BasicStmnt>
<BasicStmnt CovItemId="S72" CovItemPrefix="BlackJack.java" Intrnl_Id="1420">
<LocList>
<Loc EndOffset="3725" SrcFileId="5" StartOffset="3697"/>
</LocList>
</BasicStmnt>
</StmntSeq>
</Branch>
<Branch CovItemId="B16" CovItemPrefix="BlackJack.java" Implct="true" Intrnl_Id="1421">
<Cond/>
<LocList/>
<StmntSeq Intrnl_Id="1422">
<LocList/>
</StmntSeq>
</Branch>
<Keyword EndOffset="3472" SrcFileId="5" StartOffset="3470"/>
<LocList>
<Loc EndOffset="3735" SrcFileId="5" StartOffset="3470"/>
</LocList>
<RootTerm CovItemId="C8" CovItemPrefix="BlackJack.java" Intrnl_Id="1423">
<BasicBoolTerm Intrnl_Id="1424">
<LocList>
<Loc EndOffset="3502" SrcFileId="5" StartOffset="3474"/>
</LocList>
</BasicBoolTerm>
</RootTerm>
</CondStmnt>
<CondStmnt CovItemId="S73" CovItemPrefix="BlackJack.java" Intrnl_Id="1425">
<Branch CovItemId="B17" CovItemPrefix="BlackJack.java" Implct="false" Intrnl_Id="1426">
<Cond/>
<LocList>
<Loc EndOffset="3966" SrcFileId="5" StartOffset="3778"/>
</LocList>
<StmntSeq Intrnl_Id="1427">
<LocList>
<Loc EndOffset="3799" SrcFileId="5" StartOffset="3792"/>
<Loc EndOffset="3832" SrcFileId="5" StartOffset="3812"/>
<Loc EndOffset="3872" SrcFileId="5" StartOffset="3845"/>
<Loc EndOffset="3914" SrcFileId="5" StartOffset="3885"/>
<Loc EndOffset="3956" SrcFileId="5" StartOffset="3927"/>
</LocList>
<BasicStmnt CovItemId="S74" CovItemPrefix="BlackJack.java" Intrnl_Id="1428">
<LocList>
<Loc EndOffset="3799" SrcFileId="5" StartOffset="3792"/>
</LocList>
</BasicStmnt>
<BasicStmnt CovItemId="S75" CovItemPrefix="BlackJack.java" Intrnl_Id="1429">
<LocList>
<Loc EndOffset="3832" SrcFileId="5" StartOffset="3812"/>
</LocList>
</BasicStmnt>
<BasicStmnt CovItemId="S76" CovItemPrefix="BlackJack.java" Intrnl_Id="1430">
<LocList>
<Loc EndOffset="3872" SrcFileId="5" StartOffset="3845"/>
</LocList>
</BasicStmnt>
<BasicStmnt CovItemId="S77" CovItemPrefix="BlackJack.java" Intrnl_Id="1431">
<LocList>
<Loc EndOffset="3914" SrcFileId="5" StartOffset="3885"/>
</LocList>
</BasicStmnt>
<BasicStmnt CovItemId="S78" CovItemPrefix="BlackJack.java" Intrnl_Id="1432">
<LocList>
<Loc EndOffset="3956" SrcFileId="5" StartOffset="3927"/>
</LocList>
</BasicStmnt>
</StmntSeq>
</Branch>
<Branch CovItemId="B18" CovItemPrefix="BlackJack.java" Implct="true" Intrnl_Id="1433">
<Cond/>
<LocList/>
<StmntSeq Intrnl_Id="1434">
<LocList/>
</StmntSeq>
</Branch>
<Keyword EndOffset="3747" SrcFileId="5" StartOffset="3745"/>
<LocList>
<Loc EndOffset="3966" SrcFileId="5" StartOffset="3745"/>
</LocList>
<RootTerm CovItemId="C10" CovItemPrefix="BlackJack.java" Intrnl_Id="1435">
<BasicBoolTerm Intrnl_Id="1436">
<LocList>
<Loc EndOffset="3776" SrcFileId="5" StartOffset="3749"/>
</LocList>
</BasicBoolTerm>
</RootTerm>
</CondStmnt>
</StmntSeq>
</HierarchyLvl>
<HierarchyLvl HierarchyLvlId="3324" HierarchyLvlTypeId="9" Intrnl_Id="1437" Name="main">
<Header>
<Loc EndOffset="4039" SrcFileId="5" StartOffset="4001"/>
</Header>
<LocList>
<Loc EndOffset="4072" SrcFileId="5" StartOffset="4001"/>
</LocList>
<StmntSeq Intrnl_Id="1438">
<LocList>
<Loc EndOffset="4066" SrcFileId="5" StartOffset="4050"/>
</LocList>
<BasicStmnt CovItemId="S79" CovItemPrefix="BlackJack.java" Intrnl_Id="1439">
<LocList>
<Loc EndOffset="4066" SrcFileId="5" StartOffset="4050"/>
</LocList>
</BasicStmnt>
</StmntSeq>
</HierarchyLvl>
</HierarchyLvl>
</HierarchyLvl>
</MASTRoot>
<TestSession Comment="" Date="1589513016081" Name="May 14, 2020 8:23:36 PM">
<TestCase Comment="Failure&#10;java.lang.AssertionError: Not yet implemented&#13;&#10;&#9;at org.junit.Assert.fail(Assert.java:88)&#13;&#10;&#9;at DrawTest.testMouseReleased(DrawTest.java:416)&#13;&#10;&#9;at sun.reflect.NativeMethodAccessorImpl.invoke0(Native Method)&#13;&#10;&#9;at sun.reflect.NativeMethodAccessorImpl.invoke(Unknown Source)&#13;&#10;&#9;at sun.reflect.DelegatingMethodAccessorImpl.invoke(Unknown Source)&#13;&#10;&#9;at java.lang.reflect.Method.invoke(Unknown Source)&#13;&#10;&#9;at org.junit.runners.model.FrameworkMethod$1.runReflectiveCall(FrameworkMethod.java:47)&#13;&#10;&#9;at org.junit.internal.runners.model.ReflectiveCallable.run(ReflectiveCallable.java:12)&#13;&#10;&#9;at org.junit.runners.model.FrameworkMethod.invokeExplosively(FrameworkMethod.java:44)&#13;&#10;&#9;at org.junit.internal.runners.statements.InvokeMethod.evaluate(InvokeMethod.java:17)&#13;&#10;&#9;at org.junit.runners.ParentRunner.runLeaf(ParentRunner.java:271)&#13;&#10;&#9;at org.junit.runners.BlockJUnit4ClassRunner.runChild(BlockJUnit4ClassRunner.java:70)&#13;&#10;&#9;at org.junit.runners.BlockJUnit4ClassRunner.runChild(BlockJUnit4ClassRunner.java:50)&#13;&#10;&#9;at org.junit.runners.ParentRunner$3.run(ParentRunner.java:238)&#13;&#10;&#9;at org.junit.runners.ParentRunner$1.schedule(ParentRunner.java:63)&#13;&#10;&#9;at org.junit.runners.ParentRunner.runChildren(ParentRunner.java:236)&#13;&#10;&#9;at org.junit.runners.ParentRunner.access$000(ParentRunner.java:53)&#13;&#10;&#9;at org.junit.runners.ParentRunner$2.evaluate(ParentRunner.java:229)&#13;&#10;&#9;at org.junit.runners.ParentRunner.run(ParentRunner.java:309)&#13;&#10;&#9;at org.eclipse.jdt.internal.junit4.runner.JUnit4TestReference.run(JUnit4TestReference.java:50)&#13;&#10;&#9;at org.eclipse.jdt.internal.junit.runner.TestExecution.run(TestExecution.java:38)&#13;&#10;&#9;at org.eclipse.jdt.internal.junit.runner.RemoteTestRunner.runTests(RemoteTestRunner.java:467)&#13;&#10;&#9;at org.eclipse.jdt.internal.junit.runner.RemoteTestRunner.runTests(RemoteTestRunner.java:683)&#13;&#10;&#9;at org.eclipse.jdt.internal.junit.runner.RemoteTestRunner.run(RemoteTestRunner.java:390)&#13;&#10;&#9;at org.codecover.juniteclipse.runner.EclipseTestRunner.main(EclipseTestRunner.java:40)" Date="1589512999747" Name="DrawTest:testMouseReleased">
<CovList/>
<AssgnmntList/>
<ObjMetaDataList/>
<MetaDataList/>
</TestCase>
<TestCase Comment="Failure&#10;java.lang.AssertionError: Not yet implemented&#13;&#10;&#9;at org.junit.Assert.fail(Assert.java:88)&#13;&#10;&#9;at DrawTest.testValidateNotNull(DrawTest.java:77)&#13;&#10;&#9;at sun.reflect.NativeMethodAccessorImpl.invoke0(Native Method)&#13;&#10;&#9;at sun.reflect.NativeMethodAccessorImpl.invoke(Unknown Source)&#13;&#10;&#9;at sun.reflect.DelegatingMethodAccessorImpl.invoke(Unknown Source)&#13;&#10;&#9;at java.lang.reflect.Method.invoke(Unknown Source)&#13;&#10;&#9;at org.junit.runners.model.FrameworkMethod$1.runReflectiveCall(FrameworkMethod.java:47)&#13;&#10;&#9;at org.junit.internal.runners.model.ReflectiveCallable.run(ReflectiveCallable.java:12)&#13;&#10;&#9;at org.junit.runners.model.FrameworkMethod.invokeExplosively(FrameworkMethod.java:44)&#13;&#10;&#9;at org.junit.internal.runners.statements.InvokeMethod.evaluate(InvokeMethod.java:17)&#13;&#10;&#9;at org.junit.runners.ParentRunner.runLeaf(ParentRunner.java:271)&#13;&#10;&#9;at org.junit.runners.BlockJUnit4ClassRunner.runChild(BlockJUnit4ClassRunner.java:70)&#13;&#10;&#9;at org.junit.runners.BlockJUnit4ClassRunner.runChild(BlockJUnit4ClassRunner.java:50)&#13;&#10;&#9;at org.junit.runners.ParentRunner$3.run(ParentRunner.java:238)&#13;&#10;&#9;at org.junit.runners.ParentRunner$1.schedule(ParentRunner.java:63)&#13;&#10;&#9;at org.junit.runners.ParentRunner.runChildren(ParentRunner.java:236)&#13;&#10;&#9;at org.junit.runners.ParentRunner.access$000(ParentRunner.java:53)&#13;&#10;&#9;at org.junit.runners.ParentRunner$2.evaluate(ParentRunner.java:229)&#13;&#10;&#9;at org.junit.runners.ParentRunner.run(ParentRunner.java:309)&#13;&#10;&#9;at org.eclipse.jdt.internal.junit4.runner.JUnit4TestReference.run(JUnit4TestReference.java:50)&#13;&#10;&#9;at org.eclipse.jdt.internal.junit.runner.TestExecution.run(TestExecution.java:38)&#13;&#10;&#9;at org.eclipse.jdt.internal.junit.runner.RemoteTestRunner.runTests(RemoteTestRunner.java:467)&#13;&#10;&#9;at org.eclipse.jdt.internal.junit.runner.RemoteTestRunner.runTests(RemoteTestRunner.java:683)&#13;&#10;&#9;at org.eclipse.jdt.internal.junit.runner.RemoteTestRunner.run(RemoteTestRunner.java:390)&#13;&#10;&#9;at org.codecover.juniteclipse.runner.EclipseTestRunner.main(EclipseTestRunner.java:40)" Date="1589512999886" Name="DrawTest:testValidateNotNull">
<CovList/>
<AssgnmntList/>
<ObjMetaDataList/>
<MetaDataList/>
</TestCase>
<TestCase Comment="Failure&#10;java.lang.AssertionError: Not yet implemented&#13;&#10;&#9;at org.junit.Assert.fail(Assert.java:88)&#13;&#10;&#9;at DrawTest.testEllipse(DrawTest.java:246)&#13;&#10;&#9;at sun.reflect.NativeMethodAccessorImpl.invoke0(Native Method)&#13;&#10;&#9;at sun.reflect.NativeMethodAccessorImpl.invoke(Unknown Source)&#13;&#10;&#9;at sun.reflect.DelegatingMethodAccessorImpl.invoke(Unknown Source)&#13;&#10;&#9;at java.lang.reflect.Method.invoke(Unknown Source)&#13;&#10;&#9;at org.junit.runners.model.FrameworkMethod$1.runReflectiveCall(FrameworkMethod.java:47)&#13;&#10;&#9;at org.junit.internal.runners.model.ReflectiveCallable.run(ReflectiveCallable.java:12)&#13;&#10;&#9;at org.junit.runners.model.FrameworkMethod.invokeExplosively(FrameworkMethod.java:44)&#13;&#10;&#9;at org.junit.internal.runners.statements.InvokeMethod.evaluate(InvokeMethod.java:17)&#13;&#10;&#9;at org.junit.runners.ParentRunner.runLeaf(ParentRunner.java:271)&#13;&#10;&#9;at org.junit.runners.BlockJUnit4ClassRunner.runChild(BlockJUnit4ClassRunner.java:70)&#13;&#10;&#9;at org.junit.runners.BlockJUnit4ClassRunner.runChild(BlockJUnit4ClassRunner.java:50)&#13;&#10;&#9;at org.junit.runners.ParentRunner$3.run(ParentRunner.java:238)&#13;&#10;&#9;at org.junit.runners.ParentRunner$1.schedule(ParentRunner.java:63)&#13;&#10;&#9;at org.junit.runners.ParentRunner.runChildren(ParentRunner.java:236)&#13;&#10;&#9;at org.junit.runners.ParentRunner.access$000(ParentRunner.java:53)&#13;&#10;&#9;at org.junit.runners.ParentRunner$2.evaluate(ParentRunner.java:229)&#13;&#10;&#9;at org.junit.runners.ParentRunner.run(ParentRunner.java:309)&#13;&#10;&#9;at org.eclipse.jdt.internal.junit4.runner.JUnit4TestReference.run(JUnit4TestReference.java:50)&#13;&#10;&#9;at org.eclipse.jdt.internal.junit.runner.TestExecution.run(TestExecution.java:38)&#13;&#10;&#9;at org.eclipse.jdt.internal.junit.runner.RemoteTestRunner.runTests(RemoteTestRunner.java:467)&#13;&#10;&#9;at org.eclipse.jdt.internal.junit.runner.RemoteTestRunner.runTests(RemoteTestRunner.java:683)&#13;&#10;&#9;at org.eclipse.jdt.internal.junit.runner.RemoteTestRunner.run(RemoteTestRunner.java:390)&#13;&#10;&#9;at org.codecover.juniteclipse.runner.EclipseTestRunner.main(EclipseTestRunner.java:40)" Date="1589513000003" Name="DrawTest:testEllipse">
<CovList/>
<AssgnmntList/>
<ObjMetaDataList/>
<MetaDataList/>
</TestCase>
<TestCase Comment="Failure&#10;java.lang.AssertionError: Not yet implemented&#13;&#10;&#9;at org.junit.Assert.fail(Assert.java:88)&#13;&#10;&#9;at DrawTest.testFilledEllipse(DrawTest.java:251)&#13;&#10;&#9;at sun.reflect.NativeMethodAccessorImpl.invoke0(Native Method)&#13;&#10;&#9;at sun.reflect.NativeMethodAccessorImpl.invoke(Unknown Source)&#13;&#10;&#9;at sun.reflect.DelegatingMethodAccessorImpl.invoke(Unknown Source)&#13;&#10;&#9;at java.lang.reflect.Method.invoke(Unknown Source)&#13;&#10;&#9;at org.junit.runners.model.FrameworkMethod$1.runReflectiveCall(FrameworkMethod.java:47)&#13;&#10;&#9;at org.junit.internal.runners.model.ReflectiveCallable.run(ReflectiveCallable.java:12)&#13;&#10;&#9;at org.junit.runners.model.FrameworkMethod.invokeExplosively(FrameworkMethod.java:44)&#13;&#10;&#9;at org.junit.internal.runners.statements.InvokeMethod.evaluate(InvokeMethod.java:17)&#13;&#10;&#9;at org.junit.runners.ParentRunner.runLeaf(ParentRunner.java:271)&#13;&#10;&#9;at org.junit.runners.BlockJUnit4ClassRunner.runChild(BlockJUnit4ClassRunner.java:70)&#13;&#10;&#9;at org.junit.runners.BlockJUnit4ClassRunner.runChild(BlockJUnit4ClassRunner.java:50)&#13;&#10;&#9;at org.junit.runners.ParentRunner$3.run(ParentRunner.java:238)&#13;&#10;&#9;at org.junit.runners.ParentRunner$1.schedule(ParentRunner.java:63)&#13;&#10;&#9;at org.junit.runners.ParentRunner.runChildren(ParentRunner.java:236)&#13;&#10;&#9;at org.junit.runners.ParentRunner.access$000(ParentRunner.java:53)&#13;&#10;&#9;at org.junit.runners.ParentRunner$2.evaluate(ParentRunner.java:229)&#13;&#10;&#9;at org.junit.runners.ParentRunner.run(ParentRunner.java:309)&#13;&#10;&#9;at org.eclipse.jdt.internal.junit4.runner.JUnit4TestReference.run(JUnit4TestReference.java:50)&#13;&#10;&#9;at org.eclipse.jdt.internal.junit.runner.TestExecution.run(TestExecution.java:38)&#13;&#10;&#9;at org.eclipse.jdt.internal.junit.runner.RemoteTestRunner.runTests(RemoteTestRunner.java:467)&#13;&#10;&#9;at org.eclipse.jdt.internal.junit.runner.RemoteTestRunner.runTests(RemoteTestRunner.java:683)&#13;&#10;&#9;at org.eclipse.jdt.internal.junit.runner.RemoteTestRunner.run(RemoteTestRunner.java:390)&#13;&#10;&#9;at org.codecover.juniteclipse.runner.EclipseTestRunner.main(EclipseTestRunner.java:40)" Date="1589513000148" Name="DrawTest:testFilledEllipse">
<CovList/>
<AssgnmntList/>
<ObjMetaDataList/>
<MetaDataList/>
</TestCase>
<TestCase Comment="Failure&#10;java.lang.AssertionError: Not yet implemented&#13;&#10;&#9;at org.junit.Assert.fail(Assert.java:88)&#13;&#10;&#9;at DrawTest.testGetImage(DrawTest.java:291)&#13;&#10;&#9;at sun.reflect.NativeMethodAccessorImpl.invoke0(Native Method)&#13;&#10;&#9;at sun.reflect.NativeMethodAccessorImpl.invoke(Unknown Source)&#13;&#10;&#9;at sun.reflect.DelegatingMethodAccessorImpl.invoke(Unknown Source)&#13;&#10;&#9;at java.lang.reflect.Method.invoke(Unknown Source)&#13;&#10;&#9;at org.junit.runners.model.FrameworkMethod$1.runReflectiveCall(FrameworkMethod.java:47)&#13;&#10;&#9;at org.junit.internal.runners.model.ReflectiveCallable.run(ReflectiveCallable.java:12)&#13;&#10;&#9;at org.junit.runners.model.FrameworkMethod.invokeExplosively(FrameworkMethod.java:44)&#13;&#10;&#9;at org.junit.internal.runners.statements.InvokeMethod.evaluate(InvokeMethod.java:17)&#13;&#10;&#9;at org.junit.runners.ParentRunner.runLeaf(ParentRunner.java:271)&#13;&#10;&#9;at org.junit.runners.BlockJUnit4ClassRunner.runChild(BlockJUnit4ClassRunner.java:70)&#13;&#10;&#9;at org.junit.runners.BlockJUnit4ClassRunner.runChild(BlockJUnit4ClassRunner.java:50)&#13;&#10;&#9;at org.junit.runners.ParentRunner$3.run(ParentRunner.java:238)&#13;&#10;&#9;at org.junit.runners.ParentRunner$1.schedule(ParentRunner.java:63)&#13;&#10;&#9;at org.junit.runners.ParentRunner.runChildren(ParentRunner.java:236)&#13;&#10;&#9;at org.junit.runners.ParentRunner.access$000(ParentRunner.java:53)&#13;&#10;&#9;at org.junit.runners.ParentRunner$2.evaluate(ParentRunner.java:229)&#13;&#10;&#9;at org.junit.runners.ParentRunner.run(ParentRunner.java:309)&#13;&#10;&#9;at org.eclipse.jdt.internal.junit4.runner.JUnit4TestReference.run(JUnit4TestReference.java:50)&#13;&#10;&#9;at org.eclipse.jdt.internal.junit.runner.TestExecution.run(TestExecution.java:38)&#13;&#10;&#9;at org.eclipse.jdt.internal.junit.runner.RemoteTestRunner.runTests(RemoteTestRunner.java:467)&#13;&#10;&#9;at org.eclipse.jdt.internal.junit.runner.RemoteTestRunner.runTests(RemoteTestRunner.java:683)&#13;&#10;&#9;at org.eclipse.jdt.internal.junit.runner.RemoteTestRunner.run(RemoteTestRunner.java:390)&#13;&#10;&#9;at org.codecover.juniteclipse.runner.EclipseTestRunner.main(EclipseTestRunner.java:40)" Date="1589513000299" Name="DrawTest:testGetImage">
<CovList/>
<AssgnmntList/>
<ObjMetaDataList/>
<MetaDataList/>
</TestCase>
<TestCase Comment="Failure&#10;java.lang.AssertionError: Not yet implemented&#13;&#10;&#9;at org.junit.Assert.fail(Assert.java:88)&#13;&#10;&#9;at DrawTest.testMousePressed(DrawTest.java:386)&#13;&#10;&#9;at sun.reflect.NativeMethodAccessorImpl.invoke0(Native Method)&#13;&#10;&#9;at sun.reflect.NativeMethodAccessorImpl.invoke(Unknown Source)&#13;&#10;&#9;at sun.reflect.DelegatingMethodAccessorImpl.invoke(Unknown Source)&#13;&#10;&#9;at java.lang.reflect.Method.invoke(Unknown Source)&#13;&#10;&#9;at org.junit.runners.model.FrameworkMethod$1.runReflectiveCall(FrameworkMethod.java:47)&#13;&#10;&#9;at org.junit.internal.runners.model.ReflectiveCallable.run(ReflectiveCallable.java:12)&#13;&#10;&#9;at org.junit.runners.model.FrameworkMethod.invokeExplosively(FrameworkMethod.java:44)&#13;&#10;&#9;at org.junit.internal.runners.statements.InvokeMethod.evaluate(InvokeMethod.java:17)&#13;&#10;&#9;at org.junit.runners.ParentRunner.runLeaf(ParentRunner.java:271)&#13;&#10;&#9;at org.junit.runners.BlockJUnit4ClassRunner.runChild(BlockJUnit4ClassRunner.java:70)&#13;&#10;&#9;at org.junit.runners.BlockJUnit4ClassRunner.runChild(BlockJUnit4ClassRunner.java:50)&#13;&#10;&#9;at org.junit.runners.ParentRunner$3.run(ParentRunner.java:238)&#13;&#10;&#9;at org.junit.runners.ParentRunner$1.schedule(ParentRunner.java:63)&#13;&#10;&#9;at org.junit.runners.ParentRunner.runChildren(ParentRunner.java:236)&#13;&#10;&#9;at org.junit.runners.ParentRunner.access$000(ParentRunner.java:53)&#13;&#10;&#9;at org.junit.runners.ParentRunner$2.evaluate(ParentRunner.java:229)&#13;&#10;&#9;at org.junit.runners.ParentRunner.run(ParentRunner.java:309)&#13;&#10;&#9;at org.eclipse.jdt.internal.junit4.runner.JUnit4TestReference.run(JUnit4TestReference.java:50)&#13;&#10;&#9;at org.eclipse.jdt.internal.junit.runner.TestExecution.run(TestExecution.java:38)&#13;&#10;&#9;at org.eclipse.jdt.internal.junit.runner.RemoteTestRunner.runTests(RemoteTestRunner.java:467)&#13;&#10;&#9;at org.eclipse.jdt.internal.junit.runner.RemoteTestRunner.runTests(RemoteTestRunner.java:683)&#13;&#10;&#9;at org.eclipse.jdt.internal.junit.runner.RemoteTestRunner.run(RemoteTestRunner.java:390)&#13;&#10;&#9;at org.codecover.juniteclipse.runner.EclipseTestRunner.main(EclipseTestRunner.java:40)" Date="1589513000471" Name="DrawTest:testMousePressed">
<CovList/>
<AssgnmntList/>
<ObjMetaDataList/>
<MetaDataList/>
</TestCase>
<TestCase Comment="Failure&#10;java.lang.AssertionError: Use assertEquals(expected, actual, delta) to compare floating-point numbers&#13;&#10;&#9;at org.junit.Assert.fail(Assert.java:88)&#13;&#10;&#9;at org.junit.Assert.assertEquals(Assert.java:576)&#13;&#10;&#9;at org.junit.Assert.assertEquals(Assert.java:565)&#13;&#10;&#9;at DrawTest.testSetXscaleDoubleDouble1(DrawTest.java:98)&#13;&#10;&#9;at sun.reflect.NativeMethodAccessorImpl.invoke0(Native Method)&#13;&#10;&#9;at sun.reflect.NativeMethodAccessorImpl.invoke(Unknown Source)&#13;&#10;&#9;at sun.reflect.DelegatingMethodAccessorImpl.invoke(Unknown Source)&#13;&#10;&#9;at java.lang.reflect.Method.invoke(Unknown Source)&#13;&#10;&#9;at org.junit.runners.model.FrameworkMethod$1.runReflectiveCall(FrameworkMethod.java:47)&#13;&#10;&#9;at org.junit.internal.runners.model.ReflectiveCallable.run(ReflectiveCallable.java:12)&#13;&#10;&#9;at org.junit.runners.model.FrameworkMethod.invokeExplosively(FrameworkMethod.java:44)&#13;&#10;&#9;at org.junit.internal.runners.statements.InvokeMethod.evaluate(InvokeMethod.java:17)&#13;&#10;&#9;at org.junit.runners.ParentRunner.runLeaf(ParentRunner.java:271)&#13;&#10;&#9;at org.junit.runners.BlockJUnit4ClassRunner.runChild(BlockJUnit4ClassRunner.java:70)&#13;&#10;&#9;at org.junit.runners.BlockJUnit4ClassRunner.runChild(BlockJUnit4ClassRunner.java:50)&#13;&#10;&#9;at org.junit.runners.ParentRunner$3.run(ParentRunner.java:238)&#13;&#10;&#9;at org.junit.runners.ParentRunner$1.schedule(ParentRunner.java:63)&#13;&#10;&#9;at org.junit.runners.ParentRunner.runChildren(ParentRunner.java:236)&#13;&#10;&#9;at org.junit.runners.ParentRunner.access$000(ParentRunner.java:53)&#13;&#10;&#9;at org.junit.runners.ParentRunner$2.evaluate(ParentRunner.java:229)&#13;&#10;&#9;at org.junit.runners.ParentRunner.run(ParentRunner.java:309)&#13;&#10;&#9;at org.eclipse.jdt.internal.junit4.runner.JUnit4TestReference.run(JUnit4TestReference.java:50)&#13;&#10;&#9;at org.eclipse.jdt.internal.junit.runner.TestExecution.run(TestExecution.java:38)&#13;&#10;&#9;at org.eclipse.jdt.internal.junit.runner.RemoteTestRunner.runTests(RemoteTestRunner.java:467)&#13;&#10;&#9;at org.eclipse.jdt.internal.junit.runner.RemoteTestRunner.runTests(RemoteTestRunner.java:683)&#13;&#10;&#9;at org.eclipse.jdt.internal.junit.runner.RemoteTestRunner.run(RemoteTestRunner.java:390)&#13;&#10;&#9;at org.codecover.juniteclipse.runner.EclipseTestRunner.main(EclipseTestRunner.java:40)" Date="1589513000551" Name="DrawTest:testSetXscaleDoubleDouble1">
<CovList>
<CovPrefix CovItemPrefix="Draw.java">
<Cov CovItemId="B10" Value="2"/>
<Cov CovItemId="B16" Value="1"/>
<Cov CovItemId="B8" Value="2"/>
<Cov CovItemId="S104" Value="1"/>
<Cov CovItemId="S105" Value="1"/>
<Cov CovItemId="S106" Value="1"/>
<Cov CovItemId="S107" Value="1"/>
<Cov CovItemId="S109" Value="1"/>
<Cov CovItemId="S110" Value="1"/>
<Cov CovItemId="S94" Value="2"/>
<Cov CovItemId="S96" Value="2"/>
</CovPrefix>
</CovList>
<AssgnmntList>
<AssgnmntPrefix RootTermCovItemPrefix="Draw.java">
<AssgnmntListEntry Length="1" RootTermCovItemId="C4">
<MapEntry BoolAssgnmnt="0" Value="2"/>
</AssgnmntListEntry>
<AssgnmntListEntry Length="1" RootTermCovItemId="C5">
<MapEntry BoolAssgnmnt="0" Value="2"/>
</AssgnmntListEntry>
<AssgnmntListEntry Length="1" RootTermCovItemId="C8">
<MapEntry BoolAssgnmnt="0" Value="1"/>
</AssgnmntListEntry>
</AssgnmntPrefix>
</AssgnmntList>
<ObjMetaDataList/>
<MetaDataList/>
</TestCase>
<TestCase Comment="Failure&#10;java.lang.AssertionError: Not yet implemented&#13;&#10;&#9;at org.junit.Assert.fail(Assert.java:88)&#13;&#10;&#9;at DrawTest.testFactorX(DrawTest.java:126)&#13;&#10;&#9;at sun.reflect.NativeMethodAccessorImpl.invoke0(Native Method)&#13;&#10;&#9;at sun.reflect.NativeMethodAccessorImpl.invoke(Unknown Source)&#13;&#10;&#9;at sun.reflect.DelegatingMethodAccessorImpl.invoke(Unknown Source)&#13;&#10;&#9;at java.lang.reflect.Method.invoke(Unknown Source)&#13;&#10;&#9;at org.junit.runners.model.FrameworkMethod$1.runReflectiveCall(FrameworkMethod.java:47)&#13;&#10;&#9;at org.junit.internal.runners.model.ReflectiveCallable.run(ReflectiveCallable.java:12)&#13;&#10;&#9;at org.junit.runners.model.FrameworkMethod.invokeExplosively(FrameworkMethod.java:44)&#13;&#10;&#9;at org.junit.internal.runners.statements.InvokeMethod.evaluate(InvokeMethod.java:17)&#13;&#10;&#9;at org.junit.runners.ParentRunner.runLeaf(ParentRunner.java:271)&#13;&#10;&#9;at org.junit.runners.BlockJUnit4ClassRunner.runChild(BlockJUnit4ClassRunner.java:70)&#13;&#10;&#9;at org.junit.runners.BlockJUnit4ClassRunner.runChild(BlockJUnit4ClassRunner.java:50)&#13;&#10;&#9;at org.junit.runners.ParentRunner$3.run(ParentRunner.java:238)&#13;&#10;&#9;at org.junit.runners.ParentRunner$1.schedule(ParentRunner.java:63)&#13;&#10;&#9;at org.junit.runners.ParentRunner.runChildren(ParentRunner.java:236)&#13;&#10;&#9;at org.junit.runners.ParentRunner.access$000(ParentRunner.java:53)&#13;&#10;&#9;at org.junit.runners.ParentRunner$2.evaluate(ParentRunner.java:229)&#13;&#10;&#9;at org.junit.runners.ParentRunner.run(ParentRunner.java:309)&#13;&#10;&#9;at org.eclipse.jdt.internal.junit4.runner.JUnit4TestReference.run(JUnit4TestReference.java:50)&#13;&#10;&#9;at org.eclipse.jdt.internal.junit.runner.TestExecution.run(TestExecution.java:38)&#13;&#10;&#9;at org.eclipse.jdt.internal.junit.runner.RemoteTestRunner.runTests(RemoteTestRunner.java:467)&#13;&#10;&#9;at org.eclipse.jdt.internal.junit.runner.RemoteTestRunner.runTests(RemoteTestRunner.java:683)&#13;&#10;&#9;at org.eclipse.jdt.internal.junit.runner.RemoteTestRunner.run(RemoteTestRunner.java:390)&#13;&#10;&#9;at org.codecover.juniteclipse.runner.EclipseTestRunner.main(EclipseTestRunner.java:40)" Date="1589513000635" Name="DrawTest:testFactorX">
<CovList/>
<AssgnmntList/>
<ObjMetaDataList/>
<MetaDataList/>
</TestCase>
<TestCase Comment="Failure&#10;java.lang.AssertionError: Not yet implemented&#13;&#10;&#9;at org.junit.Assert.fail(Assert.java:88)&#13;&#10;&#9;at DrawTest.testFactorY(DrawTest.java:131)&#13;&#10;&#9;at sun.reflect.NativeMethodAccessorImpl.invoke0(Native Method)&#13;&#10;&#9;at sun.reflect.NativeMethodAccessorImpl.invoke(Unknown Source)&#13;&#10;&#9;at sun.reflect.DelegatingMethodAccessorImpl.invoke(Unknown Source)&#13;&#10;&#9;at java.lang.reflect.Method.invoke(Unknown Source)&#13;&#10;&#9;at org.junit.runners.model.FrameworkMethod$1.runReflectiveCall(FrameworkMethod.java:47)&#13;&#10;&#9;at org.junit.internal.runners.model.ReflectiveCallable.run(ReflectiveCallable.java:12)&#13;&#10;&#9;at org.junit.runners.model.FrameworkMethod.invokeExplosively(FrameworkMethod.java:44)&#13;&#10;&#9;at org.junit.internal.runners.statements.InvokeMethod.evaluate(InvokeMethod.java:17)&#13;&#10;&#9;at org.junit.runners.ParentRunner.runLeaf(ParentRunner.java:271)&#13;&#10;&#9;at org.junit.runners.BlockJUnit4ClassRunner.runChild(BlockJUnit4ClassRunner.java:70)&#13;&#10;&#9;at org.junit.runners.BlockJUnit4ClassRunner.runChild(BlockJUnit4ClassRunner.java:50)&#13;&#10;&#9;at org.junit.runners.ParentRunner$3.run(ParentRunner.java:238)&#13;&#10;&#9;at org.junit.runners.ParentRunner$1.schedule(ParentRunner.java:63)&#13;&#10;&#9;at org.junit.runners.ParentRunner.runChildren(ParentRunner.java:236)&#13;&#10;&#9;at org.junit.runners.ParentRunner.access$000(ParentRunner.java:53)&#13;&#10;&#9;at org.junit.runners.ParentRunner$2.evaluate(ParentRunner.java:229)&#13;&#10;&#9;at org.junit.runners.ParentRunner.run(ParentRunner.java:309)&#13;&#10;&#9;at org.eclipse.jdt.internal.junit4.runner.JUnit4TestReference.run(JUnit4TestReference.java:50)&#13;&#10;&#9;at org.eclipse.jdt.internal.junit.runner.TestExecution.run(TestExecution.java:38)&#13;&#10;&#9;at org.eclipse.jdt.internal.junit.runner.RemoteTestRunner.runTests(RemoteTestRunner.java:467)&#13;&#10;&#9;at org.eclipse.jdt.internal.junit.runner.RemoteTestRunner.runTests(RemoteTestRunner.java:683)&#13;&#10;&#9;at org.eclipse.jdt.internal.junit.runner.RemoteTestRunner.run(RemoteTestRunner.java:390)&#13;&#10;&#9;at org.codecover.juniteclipse.runner.EclipseTestRunner.main(EclipseTestRunner.java:40)" Date="1589513000748" Name="DrawTest:testFactorY">
<CovList>
<CovPrefix CovItemPrefix="Draw.java">
<Cov CovItemId="S534" Value="1"/>
<Cov CovItemId="S535" Value="1"/>
<Cov CovItemId="S536" Value="1"/>
<Cov CovItemId="S537" Value="1"/>
<Cov CovItemId="S538" Value="1"/>
<Cov CovItemId="S539" Value="1"/>
<Cov CovItemId="S540" Value="1"/>
<Cov CovItemId="S541" Value="1"/>
</CovPrefix>
</CovList>
<AssgnmntList/>
<ObjMetaDataList/>
<MetaDataList/>
</TestCase>
<TestCase Comment="Failure&#10;java.lang.AssertionError: Not yet implemented&#13;&#10;&#9;at org.junit.Assert.fail(Assert.java:88)&#13;&#10;&#9;at DrawTest.testClearColor(DrawTest.java:151)&#13;&#10;&#9;at sun.reflect.NativeMethodAccessorImpl.invoke0(Native Method)&#13;&#10;&#9;at sun.reflect.NativeMethodAccessorImpl.invoke(Unknown Source)&#13;&#10;&#9;at sun.reflect.DelegatingMethodAccessorImpl.invoke(Unknown Source)&#13;&#10;&#9;at java.lang.reflect.Method.invoke(Unknown Source)&#13;&#10;&#9;at org.junit.runners.model.FrameworkMethod$1.runReflectiveCall(FrameworkMethod.java:47)&#13;&#10;&#9;at org.junit.internal.runners.model.ReflectiveCallable.run(ReflectiveCallable.java:12)&#13;&#10;&#9;at org.junit.runners.model.FrameworkMethod.invokeExplosively(FrameworkMethod.java:44)&#13;&#10;&#9;at org.junit.internal.runners.statements.InvokeMethod.evaluate(InvokeMethod.java:17)&#13;&#10;&#9;at org.junit.runners.ParentRunner.runLeaf(ParentRunner.java:271)&#13;&#10;&#9;at org.junit.runners.BlockJUnit4ClassRunner.runChild(BlockJUnit4ClassRunner.java:70)&#13;&#10;&#9;at org.junit.runners.BlockJUnit4ClassRunner.runChild(BlockJUnit4ClassRunner.java:50)&#13;&#10;&#9;at org.junit.runners.ParentRunner$3.run(ParentRunner.java:238)&#13;&#10;&#9;at org.junit.runners.ParentRunner$1.schedule(ParentRunner.java:63)&#13;&#10;&#9;at org.junit.runners.ParentRunner.runChildren(ParentRunner.java:236)&#13;&#10;&#9;at org.junit.runners.ParentRunner.access$000(ParentRunner.java:53)&#13;&#10;&#9;at org.junit.runners.ParentRunner$2.evaluate(ParentRunner.java:229)&#13;&#10;&#9;at org.junit.runners.ParentRunner.run(ParentRunner.java:309)&#13;&#10;&#9;at org.eclipse.jdt.internal.junit4.runner.JUnit4TestReference.run(JUnit4TestReference.java:50)&#13;&#10;&#9;at org.eclipse.jdt.internal.junit.runner.TestExecution.run(TestExecution.java:38)&#13;&#10;&#9;at org.eclipse.jdt.internal.junit.runner.RemoteTestRunner.runTests(RemoteTestRunner.java:467)&#13;&#10;&#9;at org.eclipse.jdt.internal.junit.runner.RemoteTestRunner.runTests(RemoteTestRunner.java:683)&#13;&#10;&#9;at org.eclipse.jdt.internal.junit.runner.RemoteTestRunner.run(RemoteTestRunner.java:390)&#13;&#10;&#9;at org.codecover.juniteclipse.runner.EclipseTestRunner.main(EclipseTestRunner.java:40)" Date="1589513000844" Name="DrawTest:testClearColor">
<CovList>
<CovPrefix CovItemPrefix="Draw.java">
<Cov CovItemId="S534" Value="1"/>
<Cov CovItemId="S535" Value="1"/>
<Cov CovItemId="S536" Value="1"/>
<Cov CovItemId="S537" Value="1"/>
<Cov CovItemId="S538" Value="1"/>
<Cov CovItemId="S539" Value="1"/>
<Cov CovItemId="S540" Value="1"/>
<Cov CovItemId="S541" Value="1"/>
</CovPrefix>
</CovList>
<AssgnmntList/>
<ObjMetaDataList/>
<MetaDataList/>
</TestCase>
<TestCase Comment="Failure&#10;java.lang.AssertionError: Not yet implemented&#13;&#10;&#9;at org.junit.Assert.fail(Assert.java:88)&#13;&#10;&#9;at DrawTest.testArc(DrawTest.java:256)&#13;&#10;&#9;at sun.reflect.NativeMethodAccessorImpl.invoke0(Native Method)&#13;&#10;&#9;at sun.reflect.NativeMethodAccessorImpl.invoke(Unknown Source)&#13;&#10;&#9;at sun.reflect.DelegatingMethodAccessorImpl.invoke(Unknown Source)&#13;&#10;&#9;at java.lang.reflect.Method.invoke(Unknown Source)&#13;&#10;&#9;at org.junit.runners.model.FrameworkMethod$1.runReflectiveCall(FrameworkMethod.java:47)&#13;&#10;&#9;at org.junit.internal.runners.model.ReflectiveCallable.run(ReflectiveCallable.java:12)&#13;&#10;&#9;at org.junit.runners.model.FrameworkMethod.invokeExplosively(FrameworkMethod.java:44)&#13;&#10;&#9;at org.junit.internal.runners.statements.InvokeMethod.evaluate(InvokeMethod.java:17)&#13;&#10;&#9;at org.junit.runners.ParentRunner.runLeaf(ParentRunner.java:271)&#13;&#10;&#9;at org.junit.runners.BlockJUnit4ClassRunner.runChild(BlockJUnit4ClassRunner.java:70)&#13;&#10;&#9;at org.junit.runners.BlockJUnit4ClassRunner.runChild(BlockJUnit4ClassRunner.java:50)&#13;&#10;&#9;at org.junit.runners.ParentRunner$3.run(ParentRunner.java:238)&#13;&#10;&#9;at org.junit.runners.ParentRunner$1.schedule(ParentRunner.java:63)&#13;&#10;&#9;at org.junit.runners.ParentRunner.runChildren(ParentRunner.java:236)&#13;&#10;&#9;at org.junit.runners.ParentRunner.access$000(ParentRunner.java:53)&#13;&#10;&#9;at org.junit.runners.ParentRunner$2.evaluate(ParentRunner.java:229)&#13;&#10;&#9;at org.junit.runners.ParentRunner.run(ParentRunner.java:309)&#13;&#10;&#9;at org.eclipse.jdt.internal.junit4.runner.JUnit4TestReference.run(JUnit4TestReference.java:50)&#13;&#10;&#9;at org.eclipse.jdt.internal.junit.runner.TestExecution.run(TestExecution.java:38)&#13;&#10;&#9;at org.eclipse.jdt.internal.junit.runner.RemoteTestRunner.runTests(RemoteTestRunner.java:467)&#13;&#10;&#9;at org.eclipse.jdt.internal.junit.runner.RemoteTestRunner.runTests(RemoteTestRunner.java:683)&#13;&#10;&#9;at org.eclipse.jdt.internal.junit.runner.RemoteTestRunner.run(RemoteTestRunner.java:390)&#13;&#10;&#9;at org.codecover.juniteclipse.runner.EclipseTestRunner.main(EclipseTestRunner.java:40)" Date="1589513000967" Name="DrawTest:testArc">
<CovList>
<CovPrefix CovItemPrefix="Draw.java">
<Cov CovItemId="S534" Value="1"/>
<Cov CovItemId="S535" Value="1"/>
<Cov CovItemId="S536" Value="1"/>
<Cov CovItemId="S537" Value="1"/>
<Cov CovItemId="S538" Value="1"/>
<Cov CovItemId="S539" Value="1"/>
<Cov CovItemId="S540" Value="1"/>
<Cov CovItemId="S541" Value="1"/>
</CovPrefix>
</CovList>
<AssgnmntList/>
<ObjMetaDataList/>
<MetaDataList/>
</TestCase>
<TestCase Comment="Failure&#10;java.lang.AssertionError: Not yet implemented&#13;&#10;&#9;at org.junit.Assert.fail(Assert.java:88)&#13;&#10;&#9;at DrawTest.testTextDoubleDoubleStringDouble(DrawTest.java:321)&#13;&#10;&#9;at sun.reflect.NativeMethodAccessorImpl.invoke0(Native Method)&#13;&#10;&#9;at sun.reflect.NativeMethodAccessorImpl.invoke(Unknown Source)&#13;&#10;&#9;at sun.reflect.DelegatingMethodAccessorImpl.invoke(Unknown Source)&#13;&#10;&#9;at java.lang.reflect.Method.invoke(Unknown Source)&#13;&#10;&#9;at org.junit.runners.model.FrameworkMethod$1.runReflectiveCall(FrameworkMethod.java:47)&#13;&#10;&#9;at org.junit.internal.runners.model.ReflectiveCallable.run(ReflectiveCallable.java:12)&#13;&#10;&#9;at org.junit.runners.model.FrameworkMethod.invokeExplosively(FrameworkMethod.java:44)&#13;&#10;&#9;at org.junit.internal.runners.statements.InvokeMethod.evaluate(InvokeMethod.java:17)&#13;&#10;&#9;at org.junit.runners.ParentRunner.runLeaf(ParentRunner.java:271)&#13;&#10;&#9;at org.junit.runners.BlockJUnit4ClassRunner.runChild(BlockJUnit4ClassRunner.java:70)&#13;&#10;&#9;at org.junit.runners.BlockJUnit4ClassRunner.runChild(BlockJUnit4ClassRunner.java:50)&#13;&#10;&#9;at org.junit.runners.ParentRunner$3.run(ParentRunner.java:238)&#13;&#10;&#9;at org.junit.runners.ParentRunner$1.schedule(ParentRunner.java:63)&#13;&#10;&#9;at org.junit.runners.ParentRunner.runChildren(ParentRunner.java:236)&#13;&#10;&#9;at org.junit.runners.ParentRunner.access$000(ParentRunner.java:53)&#13;&#10;&#9;at org.junit.runners.ParentRunner$2.evaluate(ParentRunner.java:229)&#13;&#10;&#9;at org.junit.runners.ParentRunner.run(ParentRunner.java:309)&#13;&#10;&#9;at org.eclipse.jdt.internal.junit4.runner.JUnit4TestReference.run(JUnit4TestReference.java:50)&#13;&#10;&#9;at org.eclipse.jdt.internal.junit.runner.TestExecution.run(TestExecution.java:38)&#13;&#10;&#9;at org.eclipse.jdt.internal.junit.runner.RemoteTestRunner.runTests(RemoteTestRunner.java:467)&#13;&#10;&#9;at org.eclipse.jdt.internal.junit.runner.RemoteTestRunner.runTests(RemoteTestRunner.java:683)&#13;&#10;&#9;at org.eclipse.jdt.internal.junit.runner.RemoteTestRunner.run(RemoteTestRunner.java:390)&#13;&#10;&#9;at org.codecover.juniteclipse.runner.EclipseTestRunner.main(EclipseTestRunner.java:40)" Date="1589513001103" Name="DrawTest:testTextDoubleDoubleStringDouble">
<CovList/>
<AssgnmntList/>
<ObjMetaDataList/>
<MetaDataList/>
</TestCase>
<TestCase Comment="Failure&#10;java.lang.AssertionError: Not yet implemented&#13;&#10;&#9;at org.junit.Assert.fail(Assert.java:88)&#13;&#10;&#9;at DrawTest.testActionPerformed(DrawTest.java:371)&#13;&#10;&#9;at sun.reflect.NativeMethodAccessorImpl.invoke0(Native Method)&#13;&#10;&#9;at sun.reflect.NativeMethodAccessorImpl.invoke(Unknown Source)&#13;&#10;&#9;at sun.reflect.DelegatingMethodAccessorImpl.invoke(Unknown Source)&#13;&#10;&#9;at java.lang.reflect.Method.invoke(Unknown Source)&#13;&#10;&#9;at org.junit.runners.model.FrameworkMethod$1.runReflectiveCall(FrameworkMethod.java:47)&#13;&#10;&#9;at org.junit.internal.runners.model.ReflectiveCallable.run(ReflectiveCallable.java:12)&#13;&#10;&#9;at org.junit.runners.model.FrameworkMethod.invokeExplosively(FrameworkMethod.java:44)&#13;&#10;&#9;at org.junit.internal.runners.statements.InvokeMethod.evaluate(InvokeMethod.java:17)&#13;&#10;&#9;at org.junit.runners.ParentRunner.runLeaf(ParentRunner.java:271)&#13;&#10;&#9;at org.junit.runners.BlockJUnit4ClassRunner.runChild(BlockJUnit4ClassRunner.java:70)&#13;&#10;&#9;at org.junit.runners.BlockJUnit4ClassRunner.runChild(BlockJUnit4ClassRunner.java:50)&#13;&#10;&#9;at org.junit.runners.ParentRunner$3.run(ParentRunner.java:238)&#13;&#10;&#9;at org.junit.runners.ParentRunner$1.schedule(ParentRunner.java:63)&#13;&#10;&#9;at org.junit.runners.ParentRunner.runChildren(ParentRunner.java:236)&#13;&#10;&#9;at org.junit.runners.ParentRunner.access$000(ParentRunner.java:53)&#13;&#10;&#9;at org.junit.runners.ParentRunner$2.evaluate(ParentRunner.java:229)&#13;&#10;&#9;at org.junit.runners.ParentRunner.run(ParentRunner.java:309)&#13;&#10;&#9;at org.eclipse.jdt.internal.junit4.runner.JUnit4TestReference.run(JUnit4TestReference.java:50)&#13;&#10;&#9;at org.eclipse.jdt.internal.junit.runner.TestExecution.run(TestExecution.java:38)&#13;&#10;&#9;at org.eclipse.jdt.internal.junit.runner.RemoteTestRunner.runTests(RemoteTestRunner.java:467)&#13;&#10;&#9;at org.eclipse.jdt.internal.junit.runner.RemoteTestRunner.runTests(RemoteTestRunner.java:683)&#13;&#10;&#9;at org.eclipse.jdt.internal.junit.runner.RemoteTestRunner.run(RemoteTestRunner.java:390)&#13;&#10;&#9;at org.codecover.juniteclipse.runner.EclipseTestRunner.main(EclipseTestRunner.java:40)" Date="1589513001245" Name="DrawTest:testActionPerformed">
<CovList>
<CovPrefix CovItemPrefix="Draw.java">
<Cov CovItemId="S534" Value="1"/>
<Cov CovItemId="S535" Value="1"/>
<Cov CovItemId="S536" Value="1"/>
<Cov CovItemId="S537" Value="1"/>
<Cov CovItemId="S538" Value="1"/>
<Cov CovItemId="S539" Value="1"/>
<Cov CovItemId="S540" Value="1"/>
<Cov CovItemId="S541" Value="1"/>
</CovPrefix>
</CovList>
<AssgnmntList/>
<ObjMetaDataList/>
<MetaDataList/>
</TestCase>
<TestCase Comment="" Date="1589513001404" Name="DrawTest:testSetYscaleDoubleDouble">
<CovList>
<CovPrefix CovItemPrefix="Draw.java">
<Cov CovItemId="B10" Value="2"/>
<Cov CovItemId="B17" Value="1"/>
<Cov CovItemId="B8" Value="2"/>
<Cov CovItemId="S111" Value="1"/>
<Cov CovItemId="S112" Value="1"/>
<Cov CovItemId="S113" Value="1"/>
<Cov CovItemId="S114" Value="1"/>
<Cov CovItemId="S115" Value="1"/>
<Cov CovItemId="S94" Value="2"/>
<Cov CovItemId="S96" Value="2"/>
</CovPrefix>
</CovList>
<AssgnmntList>
<AssgnmntPrefix RootTermCovItemPrefix="Draw.java">
<AssgnmntListEntry Length="1" RootTermCovItemId="C4">
<MapEntry BoolAssgnmnt="0" Value="2"/>
</AssgnmntListEntry>
<AssgnmntListEntry Length="1" RootTermCovItemId="C5">
<MapEntry BoolAssgnmnt="0" Value="2"/>
</AssgnmntListEntry>
<AssgnmntListEntry Length="1" RootTermCovItemId="C9">
<MapEntry BoolAssgnmnt="1" Value="1"/>
</AssgnmntListEntry>
</AssgnmntPrefix>
</AssgnmntList>
<ObjMetaDataList/>
<MetaDataList/>
</TestCase>
<TestCase Comment="Failure&#10;java.lang.AssertionError: Not yet implemented&#13;&#10;&#9;at org.junit.Assert.fail(Assert.java:88)&#13;&#10;&#9;at DrawTest.testClear(DrawTest.java:146)&#13;&#10;&#9;at sun.reflect.NativeMethodAccessorImpl.invoke0(Native Method)&#13;&#10;&#9;at sun.reflect.NativeMethodAccessorImpl.invoke(Unknown Source)&#13;&#10;&#9;at sun.reflect.DelegatingMethodAccessorImpl.invoke(Unknown Source)&#13;&#10;&#9;at java.lang.reflect.Method.invoke(Unknown Source)&#13;&#10;&#9;at org.junit.runners.model.FrameworkMethod$1.runReflectiveCall(FrameworkMethod.java:47)&#13;&#10;&#9;at org.junit.internal.runners.model.ReflectiveCallable.run(ReflectiveCallable.java:12)&#13;&#10;&#9;at org.junit.runners.model.FrameworkMethod.invokeExplosively(FrameworkMethod.java:44)&#13;&#10;&#9;at org.junit.internal.runners.statements.InvokeMethod.evaluate(InvokeMethod.java:17)&#13;&#10;&#9;at org.junit.runners.ParentRunner.runLeaf(ParentRunner.java:271)&#13;&#10;&#9;at org.junit.runners.BlockJUnit4ClassRunner.runChild(BlockJUnit4ClassRunner.java:70)&#13;&#10;&#9;at org.junit.runners.BlockJUnit4ClassRunner.runChild(BlockJUnit4ClassRunner.java:50)&#13;&#10;&#9;at org.junit.runners.ParentRunner$3.run(ParentRunner.java:238)&#13;&#10;&#9;at org.junit.runners.ParentRunner$1.schedule(ParentRunner.java:63)&#13;&#10;&#9;at org.junit.runners.ParentRunner.runChildren(ParentRunner.java:236)&#13;&#10;&#9;at org.junit.runners.ParentRunner.access$000(ParentRunner.java:53)&#13;&#10;&#9;at org.junit.runners.ParentRunner$2.evaluate(ParentRunner.java:229)&#13;&#10;&#9;at org.junit.runners.ParentRunner.run(ParentRunner.java:309)&#13;&#10;&#9;at org.eclipse.jdt.internal.junit4.runner.JUnit4TestReference.run(JUnit4TestReference.java:50)&#13;&#10;&#9;at org.eclipse.jdt.internal.junit.runner.TestExecution.run(TestExecution.java:38)&#13;&#10;&#9;at org.eclipse.jdt.internal.junit.runner.RemoteTestRunner.runTests(RemoteTestRunner.java:467)&#13;&#10;&#9;at org.eclipse.jdt.internal.junit.runner.RemoteTestRunner.runTests(RemoteTestRunner.java:683)&#13;&#10;&#9;at org.eclipse.jdt.internal.junit.runner.RemoteTestRunner.run(RemoteTestRunner.java:390)&#13;&#10;&#9;at org.codecover.juniteclipse.runner.EclipseTestRunner.main(EclipseTestRunner.java:40)" Date="1589513001486" Name="DrawTest:testClear">
<CovList/>
<AssgnmntList/>
<ObjMetaDataList/>
<MetaDataList/>
</TestCase>
<TestCase Comment="Failure&#10;java.lang.AssertionError: Not yet implemented&#13;&#10;&#9;at org.junit.Assert.fail(Assert.java:88)&#13;&#10;&#9;at DrawTest.testDraw1(DrawTest.java:351)&#13;&#10;&#9;at sun.reflect.NativeMethodAccessorImpl.invoke0(Native Method)&#13;&#10;&#9;at sun.reflect.NativeMethodAccessorImpl.invoke(Unknown Source)&#13;&#10;&#9;at sun.reflect.DelegatingMethodAccessorImpl.invoke(Unknown Source)&#13;&#10;&#9;at java.lang.reflect.Method.invoke(Unknown Source)&#13;&#10;&#9;at org.junit.runners.model.FrameworkMethod$1.runReflectiveCall(FrameworkMethod.java:47)&#13;&#10;&#9;at org.junit.internal.runners.model.ReflectiveCallable.run(ReflectiveCallable.java:12)&#13;&#10;&#9;at org.junit.runners.model.FrameworkMethod.invokeExplosively(FrameworkMethod.java:44)&#13;&#10;&#9;at org.junit.internal.runners.statements.InvokeMethod.evaluate(InvokeMethod.java:17)&#13;&#10;&#9;at org.junit.runners.ParentRunner.runLeaf(ParentRunner.java:271)&#13;&#10;&#9;at org.junit.runners.BlockJUnit4ClassRunner.runChild(BlockJUnit4ClassRunner.java:70)&#13;&#10;&#9;at org.junit.runners.BlockJUnit4ClassRunner.runChild(BlockJUnit4ClassRunner.java:50)&#13;&#10;&#9;at org.junit.runners.ParentRunner$3.run(ParentRunner.java:238)&#13;&#10;&#9;at org.junit.runners.ParentRunner$1.schedule(ParentRunner.java:63)&#13;&#10;&#9;at org.junit.runners.ParentRunner.runChildren(ParentRunner.java:236)&#13;&#10;&#9;at org.junit.runners.ParentRunner.access$000(ParentRunner.java:53)&#13;&#10;&#9;at org.junit.runners.ParentRunner$2.evaluate(ParentRunner.java:229)&#13;&#10;&#9;at org.junit.runners.ParentRunner.run(ParentRunner.java:309)&#13;&#10;&#9;at org.eclipse.jdt.internal.junit4.runner.JUnit4TestReference.run(JUnit4TestReference.java:50)&#13;&#10;&#9;at org.eclipse.jdt.internal.junit.runner.TestExecution.run(TestExecution.java:38)&#13;&#10;&#9;at org.eclipse.jdt.internal.junit.runner.RemoteTestRunner.runTests(RemoteTestRunner.java:467)&#13;&#10;&#9;at org.eclipse.jdt.internal.junit.runner.RemoteTestRunner.runTests(RemoteTestRunner.java:683)&#13;&#10;&#9;at org.eclipse.jdt.internal.junit.runner.RemoteTestRunner.run(RemoteTestRunner.java:390)&#13;&#10;&#9;at org.codecover.juniteclipse.runner.EclipseTestRunner.main(EclipseTestRunner.java:40)" Date="1589513001626" Name="DrawTest:testDraw1">
<CovList>
<CovPrefix CovItemPrefix="Draw.java">
<Cov CovItemId="S534" Value="1"/>
<Cov CovItemId="S535" Value="1"/>
<Cov CovItemId="S536" Value="1"/>
<Cov CovItemId="S537" Value="1"/>
<Cov CovItemId="S538" Value="1"/>
<Cov CovItemId="S539" Value="1"/>
<Cov CovItemId="S540" Value="1"/>
<Cov CovItemId="S541" Value="1"/>
</CovPrefix>
</CovList>
<AssgnmntList/>
<ObjMetaDataList/>
<MetaDataList/>
</TestCase>
<TestCase Comment="Failure&#10;java.lang.AssertionError: Not yet implemented&#13;&#10;&#9;at org.junit.Assert.fail(Assert.java:88)&#13;&#10;&#9;at DrawTest.testPause(DrawTest.java:341)&#13;&#10;&#9;at sun.reflect.NativeMethodAccessorImpl.invoke0(Native Method)&#13;&#10;&#9;at sun.reflect.NativeMethodAccessorImpl.invoke(Unknown Source)&#13;&#10;&#9;at sun.reflect.DelegatingMethodAccessorImpl.invoke(Unknown Source)&#13;&#10;&#9;at java.lang.reflect.Method.invoke(Unknown Source)&#13;&#10;&#9;at org.junit.runners.model.FrameworkMethod$1.runReflectiveCall(FrameworkMethod.java:47)&#13;&#10;&#9;at org.junit.internal.runners.model.ReflectiveCallable.run(ReflectiveCallable.java:12)&#13;&#10;&#9;at org.junit.runners.model.FrameworkMethod.invokeExplosively(FrameworkMethod.java:44)&#13;&#10;&#9;at org.junit.internal.runners.statements.InvokeMethod.evaluate(InvokeMethod.java:17)&#13;&#10;&#9;at org.junit.runners.ParentRunner.runLeaf(ParentRunner.java:271)&#13;&#10;&#9;at org.junit.runners.BlockJUnit4ClassRunner.runChild(BlockJUnit4ClassRunner.java:70)&#13;&#10;&#9;at org.junit.runners.BlockJUnit4ClassRunner.runChild(BlockJUnit4ClassRunner.java:50)&#13;&#10;&#9;at org.junit.runners.ParentRunner$3.run(ParentRunner.java:238)&#13;&#10;&#9;at org.junit.runners.ParentRunner$1.schedule(ParentRunner.java:63)&#13;&#10;&#9;at org.junit.runners.ParentRunner.runChildren(ParentRunner.java:236)&#13;&#10;&#9;at org.junit.runners.ParentRunner.access$000(ParentRunner.java:53)&#13;&#10;&#9;at org.junit.runners.ParentRunner$2.evaluate(ParentRunner.java:229)&#13;&#10;&#9;at org.junit.runners.ParentRunner.run(ParentRunner.java:309)&#13;&#10;&#9;at org.eclipse.jdt.internal.junit4.runner.JUnit4TestReference.run(JUnit4TestReference.java:50)&#13;&#10;&#9;at org.eclipse.jdt.internal.junit.runner.TestExecution.run(TestExecution.java:38)&#13;&#10;&#9;at org.eclipse.jdt.internal.junit.runner.RemoteTestRunner.runTests(RemoteTestRunner.java:467)&#13;&#10;&#9;at org.eclipse.jdt.internal.junit.runner.RemoteTestRunner.runTests(RemoteTestRunner.java:683)&#13;&#10;&#9;at org.eclipse.jdt.internal.junit.runner.RemoteTestRunner.run(RemoteTestRunner.java:390)&#13;&#10;&#9;at org.codecover.juniteclipse.runner.EclipseTestRunner.main(EclipseTestRunner.java:40)" Date="1589513001759" Name="DrawTest:testPause">
<CovList/>
<AssgnmntList/>
<ObjMetaDataList/>
<MetaDataList/>
</TestCase>
<TestCase Comment="" Date="1589513001870" Name="DrawTest:testPixel">
<CovList>
<CovPrefix CovItemPrefix="Draw.java">
<Cov CovItemId="B10" Value="4"/>
<Cov CovItemId="B8" Value="4"/>
<Cov CovItemId="B81" Value="1"/>
<Cov CovItemId="S118" Value="2"/>
<Cov CovItemId="S119" Value="2"/>
<Cov CovItemId="S156" Value="1"/>
<Cov CovItemId="S157" Value="1"/>
<Cov CovItemId="S158" Value="1"/>
<Cov CovItemId="S159" Value="1"/>
<Cov CovItemId="S160" Value="1"/>
<Cov CovItemId="S161" Value="1"/>
<Cov CovItemId="S464" Value="1"/>
<Cov CovItemId="S465" Value="1"/>
<Cov CovItemId="S466" Value="1"/>
<Cov CovItemId="S467" Value="1"/>
<Cov CovItemId="S534" Value="1"/>
<Cov CovItemId="S535" Value="1"/>
<Cov CovItemId="S536" Value="1"/>
<Cov CovItemId="S537" Value="1"/>
<Cov CovItemId="S538" Value="1"/>
<Cov CovItemId="S539" Value="1"/>
<Cov CovItemId="S540" Value="1"/>
<Cov CovItemId="S541" Value="1"/>
<Cov CovItemId="S94" Value="4"/>
<Cov CovItemId="S96" Value="4"/>
</CovPrefix>
</CovList>
<AssgnmntList>
<AssgnmntPrefix RootTermCovItemPrefix="Draw.java">
<AssgnmntListEntry Length="1" RootTermCovItemId="C4">
<MapEntry BoolAssgnmnt="0" Value="4"/>
</AssgnmntListEntry>
<AssgnmntListEntry Length="1" RootTermCovItemId="C46">
<MapEntry BoolAssgnmnt="0" Value="1"/>
</AssgnmntListEntry>
<AssgnmntListEntry Length="1" RootTermCovItemId="C5">
<MapEntry BoolAssgnmnt="0" Value="4"/>
</AssgnmntListEntry>
</AssgnmntPrefix>
</AssgnmntList>
<ObjMetaDataList/>
<MetaDataList/>
</TestCase>
<TestCase Comment="Failure&#10;java.lang.AssertionError: Not yet implemented&#13;&#10;&#9;at org.junit.Assert.fail(Assert.java:88)&#13;&#10;&#9;at DrawTest.testPoint(DrawTest.java:231)&#13;&#10;&#9;at sun.reflect.NativeMethodAccessorImpl.invoke0(Native Method)&#13;&#10;&#9;at sun.reflect.NativeMethodAccessorImpl.invoke(Unknown Source)&#13;&#10;&#9;at sun.reflect.DelegatingMethodAccessorImpl.invoke(Unknown Source)&#13;&#10;&#9;at java.lang.reflect.Method.invoke(Unknown Source)&#13;&#10;&#9;at org.junit.runners.model.FrameworkMethod$1.runReflectiveCall(FrameworkMethod.java:47)&#13;&#10;&#9;at org.junit.internal.runners.model.ReflectiveCallable.run(ReflectiveCallable.java:12)&#13;&#10;&#9;at org.junit.runners.model.FrameworkMethod.invokeExplosively(FrameworkMethod.java:44)&#13;&#10;&#9;at org.junit.internal.runners.statements.InvokeMethod.evaluate(InvokeMethod.java:17)&#13;&#10;&#9;at org.junit.runners.ParentRunner.runLeaf(ParentRunner.java:271)&#13;&#10;&#9;at org.junit.runners.BlockJUnit4ClassRunner.runChild(BlockJUnit4ClassRunner.java:70)&#13;&#10;&#9;at org.junit.runners.BlockJUnit4ClassRunner.runChild(BlockJUnit4ClassRunner.java:50)&#13;&#10;&#9;at org.junit.runners.ParentRunner$3.run(ParentRunner.java:238)&#13;&#10;&#9;at org.junit.runners.ParentRunner$1.schedule(ParentRunner.java:63)&#13;&#10;&#9;at org.junit.runners.ParentRunner.runChildren(ParentRunner.java:236)&#13;&#10;&#9;at org.junit.runners.ParentRunner.access$000(ParentRunner.java:53)&#13;&#10;&#9;at org.junit.runners.ParentRunner$2.evaluate(ParentRunner.java:229)&#13;&#10;&#9;at org.junit.runners.ParentRunner.run(ParentRunner.java:309)&#13;&#10;&#9;at org.eclipse.jdt.internal.junit4.runner.JUnit4TestReference.run(JUnit4TestReference.java:50)&#13;&#10;&#9;at org.eclipse.jdt.internal.junit.runner.TestExecution.run(TestExecution.java:38)&#13;&#10;&#9;at org.eclipse.jdt.internal.junit.runner.RemoteTestRunner.runTests(RemoteTestRunner.java:467)&#13;&#10;&#9;at org.eclipse.jdt.internal.junit.runner.RemoteTestRunner.runTests(RemoteTestRunner.java:683)&#13;&#10;&#9;at org.eclipse.jdt.internal.junit.runner.RemoteTestRunner.run(RemoteTestRunner.java:390)&#13;&#10;&#9;at org.codecover.juniteclipse.runner.EclipseTestRunner.main(EclipseTestRunner.java:40)" Date="1589513001978" Name="DrawTest:testPoint">
<CovList/>
<AssgnmntList/>
<ObjMetaDataList/>
<MetaDataList/>
</TestCase>
<TestCase Comment="Failure&#10;java.lang.AssertionError: Not yet implemented&#13;&#10;&#9;at org.junit.Assert.fail(Assert.java:88)&#13;&#10;&#9;at DrawTest.testUserX(DrawTest.java:136)&#13;&#10;&#9;at sun.reflect.NativeMethodAccessorImpl.invoke0(Native Method)&#13;&#10;&#9;at sun.reflect.NativeMethodAccessorImpl.invoke(Unknown Source)&#13;&#10;&#9;at sun.reflect.DelegatingMethodAccessorImpl.invoke(Unknown Source)&#13;&#10;&#9;at java.lang.reflect.Method.invoke(Unknown Source)&#13;&#10;&#9;at org.junit.runners.model.FrameworkMethod$1.runReflectiveCall(FrameworkMethod.java:47)&#13;&#10;&#9;at org.junit.internal.runners.model.ReflectiveCallable.run(ReflectiveCallable.java:12)&#13;&#10;&#9;at org.junit.runners.model.FrameworkMethod.invokeExplosively(FrameworkMethod.java:44)&#13;&#10;&#9;at org.junit.internal.runners.statements.InvokeMethod.evaluate(InvokeMethod.java:17)&#13;&#10;&#9;at org.junit.runners.ParentRunner.runLeaf(ParentRunner.java:271)&#13;&#10;&#9;at org.junit.runners.BlockJUnit4ClassRunner.runChild(BlockJUnit4ClassRunner.java:70)&#13;&#10;&#9;at org.junit.runners.BlockJUnit4ClassRunner.runChild(BlockJUnit4ClassRunner.java:50)&#13;&#10;&#9;at org.junit.runners.ParentRunner$3.run(ParentRunner.java:238)&#13;&#10;&#9;at org.junit.runners.ParentRunner$1.schedule(ParentRunner.java:63)&#13;&#10;&#9;at org.junit.runners.ParentRunner.runChildren(ParentRunner.java:236)&#13;&#10;&#9;at org.junit.runners.ParentRunner.access$000(ParentRunner.java:53)&#13;&#10;&#9;at org.junit.runners.ParentRunner$2.evaluate(ParentRunner.java:229)&#13;&#10;&#9;at org.junit.runners.ParentRunner.run(ParentRunner.java:309)&#13;&#10;&#9;at org.eclipse.jdt.internal.junit4.runner.JUnit4TestReference.run(JUnit4TestReference.java:50)&#13;&#10;&#9;at org.eclipse.jdt.internal.junit.runner.TestExecution.run(TestExecution.java:38)&#13;&#10;&#9;at org.eclipse.jdt.internal.junit.runner.RemoteTestRunner.runTests(RemoteTestRunner.java:467)&#13;&#10;&#9;at org.eclipse.jdt.internal.junit.runner.RemoteTestRunner.runTests(RemoteTestRunner.java:683)&#13;&#10;&#9;at org.eclipse.jdt.internal.junit.runner.RemoteTestRunner.run(RemoteTestRunner.java:390)&#13;&#10;&#9;at org.codecover.juniteclipse.runner.EclipseTestRunner.main(EclipseTestRunner.java:40)" Date="1589513002113" Name="DrawTest:testUserX">
<CovList/>
<AssgnmntList/>
<ObjMetaDataList/>
<MetaDataList/>
</TestCase>
<TestCase Comment="Failure&#10;java.lang.AssertionError: Not yet implemented&#13;&#10;&#9;at org.junit.Assert.fail(Assert.java:88)&#13;&#10;&#9;at DrawTest.testUserY(DrawTest.java:141)&#13;&#10;&#9;at sun.reflect.NativeMethodAccessorImpl.invoke0(Native Method)&#13;&#10;&#9;at sun.reflect.NativeMethodAccessorImpl.invoke(Unknown Source)&#13;&#10;&#9;at sun.reflect.DelegatingMethodAccessorImpl.invoke(Unknown Source)&#13;&#10;&#9;at java.lang.reflect.Method.invoke(Unknown Source)&#13;&#10;&#9;at org.junit.runners.model.FrameworkMethod$1.runReflectiveCall(FrameworkMethod.java:47)&#13;&#10;&#9;at org.junit.internal.runners.model.ReflectiveCallable.run(ReflectiveCallable.java:12)&#13;&#10;&#9;at org.junit.runners.model.FrameworkMethod.invokeExplosively(FrameworkMethod.java:44)&#13;&#10;&#9;at org.junit.internal.runners.statements.InvokeMethod.evaluate(InvokeMethod.java:17)&#13;&#10;&#9;at org.junit.runners.ParentRunner.runLeaf(ParentRunner.java:271)&#13;&#10;&#9;at org.junit.runners.BlockJUnit4ClassRunner.runChild(BlockJUnit4ClassRunner.java:70)&#13;&#10;&#9;at org.junit.runners.BlockJUnit4ClassRunner.runChild(BlockJUnit4ClassRunner.java:50)&#13;&#10;&#9;at org.junit.runners.ParentRunner$3.run(ParentRunner.java:238)&#13;&#10;&#9;at org.junit.runners.ParentRunner$1.schedule(ParentRunner.java:63)&#13;&#10;&#9;at org.junit.runners.ParentRunner.runChildren(ParentRunner.java:236)&#13;&#10;&#9;at org.junit.runners.ParentRunner.access$000(ParentRunner.java:53)&#13;&#10;&#9;at org.junit.runners.ParentRunner$2.evaluate(ParentRunner.java:229)&#13;&#10;&#9;at org.junit.runners.ParentRunner.run(ParentRunner.java:309)&#13;&#10;&#9;at org.eclipse.jdt.internal.junit4.runner.JUnit4TestReference.run(JUnit4TestReference.java:50)&#13;&#10;&#9;at org.eclipse.jdt.internal.junit.runner.TestExecution.run(TestExecution.java:38)&#13;&#10;&#9;at org.eclipse.jdt.internal.junit.runner.RemoteTestRunner.runTests(RemoteTestRunner.java:467)&#13;&#10;&#9;at org.eclipse.jdt.internal.junit.runner.RemoteTestRunner.runTests(RemoteTestRunner.java:683)&#13;&#10;&#9;at org.eclipse.jdt.internal.junit.runner.RemoteTestRunner.run(RemoteTestRunner.java:390)&#13;&#10;&#9;at org.codecover.juniteclipse.runner.EclipseTestRunner.main(EclipseTestRunner.java:40)" Date="1589513002341" Name="DrawTest:testUserY">
<CovList/>
<AssgnmntList/>
<ObjMetaDataList/>
<MetaDataList/>
</TestCase>
<TestCase Comment="Failure&#10;java.lang.AssertionError: Not yet implemented&#13;&#10;&#9;at org.junit.Assert.fail(Assert.java:88)&#13;&#10;&#9;at DrawTest.testXorOn(DrawTest.java:191)&#13;&#10;&#9;at sun.reflect.NativeMethodAccessorImpl.invoke0(Native Method)&#13;&#10;&#9;at sun.reflect.NativeMethodAccessorImpl.invoke(Unknown Source)&#13;&#10;&#9;at sun.reflect.DelegatingMethodAccessorImpl.invoke(Unknown Source)&#13;&#10;&#9;at java.lang.reflect.Method.invoke(Unknown Source)&#13;&#10;&#9;at org.junit.runners.model.FrameworkMethod$1.runReflectiveCall(FrameworkMethod.java:47)&#13;&#10;&#9;at org.junit.internal.runners.model.ReflectiveCallable.run(ReflectiveCallable.java:12)&#13;&#10;&#9;at org.junit.runners.model.FrameworkMethod.invokeExplosively(FrameworkMethod.java:44)&#13;&#10;&#9;at org.junit.internal.runners.statements.InvokeMethod.evaluate(InvokeMethod.java:17)&#13;&#10;&#9;at org.junit.runners.ParentRunner.runLeaf(ParentRunner.java:271)&#13;&#10;&#9;at org.junit.runners.BlockJUnit4ClassRunner.runChild(BlockJUnit4ClassRunner.java:70)&#13;&#10;&#9;at org.junit.runners.BlockJUnit4ClassRunner.runChild(BlockJUnit4ClassRunner.java:50)&#13;&#10;&#9;at org.junit.runners.ParentRunner$3.run(ParentRunner.java:238)&#13;&#10;&#9;at org.junit.runners.ParentRunner$1.schedule(ParentRunner.java:63)&#13;&#10;&#9;at org.junit.runners.ParentRunner.runChildren(ParentRunner.java:236)&#13;&#10;&#9;at org.junit.runners.ParentRunner.access$000(ParentRunner.java:53)&#13;&#10;&#9;at org.junit.runners.ParentRunner$2.evaluate(ParentRunner.java:229)&#13;&#10;&#9;at org.junit.runners.ParentRunner.run(ParentRunner.java:309)&#13;&#10;&#9;at org.eclipse.jdt.internal.junit4.runner.JUnit4TestReference.run(JUnit4TestReference.java:50)&#13;&#10;&#9;at org.eclipse.jdt.internal.junit.runner.TestExecution.run(TestExecution.java:38)&#13;&#10;&#9;at org.eclipse.jdt.internal.junit.runner.RemoteTestRunner.runTests(RemoteTestRunner.java:467)&#13;&#10;&#9;at org.eclipse.jdt.internal.junit.runner.RemoteTestRunner.runTests(RemoteTestRunner.java:683)&#13;&#10;&#9;at org.eclipse.jdt.internal.junit.runner.RemoteTestRunner.run(RemoteTestRunner.java:390)&#13;&#10;&#9;at org.codecover.juniteclipse.runner.EclipseTestRunner.main(EclipseTestRunner.java:40)" Date="1589513002418" Name="DrawTest:testXorOn">
<CovList/>
<AssgnmntList/>
<ObjMetaDataList/>
<MetaDataList/>
</TestCase>
<TestCase Comment="Failure&#10;java.lang.AssertionError: Not yet implemented&#13;&#10;&#9;at org.junit.Assert.fail(Assert.java:88)&#13;&#10;&#9;at DrawTest.testDraw(DrawTest.java:33)&#13;&#10;&#9;at sun.reflect.NativeMethodAccessorImpl.invoke0(Native Method)&#13;&#10;&#9;at sun.reflect.NativeMethodAccessorImpl.invoke(Unknown Source)&#13;&#10;&#9;at sun.reflect.DelegatingMethodAccessorImpl.invoke(Unknown Source)&#13;&#10;&#9;at java.lang.reflect.Method.invoke(Unknown Source)&#13;&#10;&#9;at org.junit.runners.model.FrameworkMethod$1.runReflectiveCall(FrameworkMethod.java:47)&#13;&#10;&#9;at org.junit.internal.runners.model.ReflectiveCallable.run(ReflectiveCallable.java:12)&#13;&#10;&#9;at org.junit.runners.model.FrameworkMethod.invokeExplosively(FrameworkMethod.java:44)&#13;&#10;&#9;at org.junit.internal.runners.statements.InvokeMethod.evaluate(InvokeMethod.java:17)&#13;&#10;&#9;at org.junit.runners.ParentRunner.runLeaf(ParentRunner.java:271)&#13;&#10;&#9;at org.junit.runners.BlockJUnit4ClassRunner.runChild(BlockJUnit4ClassRunner.java:70)&#13;&#10;&#9;at org.junit.runners.BlockJUnit4ClassRunner.runChild(BlockJUnit4ClassRunner.java:50)&#13;&#10;&#9;at org.junit.runners.ParentRunner$3.run(ParentRunner.java:238)&#13;&#10;&#9;at org.junit.runners.ParentRunner$1.schedule(ParentRunner.java:63)&#13;&#10;&#9;at org.junit.runners.ParentRunner.runChildren(ParentRunner.java:236)&#13;&#10;&#9;at org.junit.runners.ParentRunner.access$000(ParentRunner.java:53)&#13;&#10;&#9;at org.junit.runners.ParentRunner$2.evaluate(ParentRunner.java:229)&#13;&#10;&#9;at org.junit.runners.ParentRunner.run(ParentRunner.java:309)&#13;&#10;&#9;at org.eclipse.jdt.internal.junit4.runner.JUnit4TestReference.run(JUnit4TestReference.java:50)&#13;&#10;&#9;at org.eclipse.jdt.internal.junit.runner.TestExecution.run(TestExecution.java:38)&#13;&#10;&#9;at org.eclipse.jdt.internal.junit.runner.RemoteTestRunner.runTests(RemoteTestRunner.java:467)&#13;&#10;&#9;at org.eclipse.jdt.internal.junit.runner.RemoteTestRunner.runTests(RemoteTestRunner.java:683)&#13;&#10;&#9;at org.eclipse.jdt.internal.junit.runner.RemoteTestRunner.run(RemoteTestRunner.java:390)&#13;&#10;&#9;at org.codecover.juniteclipse.runner.EclipseTestRunner.main(EclipseTestRunner.java:40)" Date="1589513002487" Name="DrawTest:testDraw">
<CovList/>
<AssgnmntList/>
<ObjMetaDataList/>
<MetaDataList/>
</TestCase>
<TestCase Comment="Failure&#10;java.lang.AssertionError: Not yet implemented&#13;&#10;&#9;at org.junit.Assert.fail(Assert.java:88)&#13;&#10;&#9;at DrawTest.testInit(DrawTest.java:38)&#13;&#10;&#9;at sun.reflect.NativeMethodAccessorImpl.invoke0(Native Method)&#13;&#10;&#9;at sun.reflect.NativeMethodAccessorImpl.invoke(Unknown Source)&#13;&#10;&#9;at sun.reflect.DelegatingMethodAccessorImpl.invoke(Unknown Source)&#13;&#10;&#9;at java.lang.reflect.Method.invoke(Unknown Source)&#13;&#10;&#9;at org.junit.runners.model.FrameworkMethod$1.runReflectiveCall(FrameworkMethod.java:47)&#13;&#10;&#9;at org.junit.internal.runners.model.ReflectiveCallable.run(ReflectiveCallable.java:12)&#13;&#10;&#9;at org.junit.runners.model.FrameworkMethod.invokeExplosively(FrameworkMethod.java:44)&#13;&#10;&#9;at org.junit.internal.runners.statements.InvokeMethod.evaluate(InvokeMethod.java:17)&#13;&#10;&#9;at org.junit.runners.ParentRunner.runLeaf(ParentRunner.java:271)&#13;&#10;&#9;at org.junit.runners.BlockJUnit4ClassRunner.runChild(BlockJUnit4ClassRunner.java:70)&#13;&#10;&#9;at org.junit.runners.BlockJUnit4ClassRunner.runChild(BlockJUnit4ClassRunner.java:50)&#13;&#10;&#9;at org.junit.runners.ParentRunner$3.run(ParentRunner.java:238)&#13;&#10;&#9;at org.junit.runners.ParentRunner$1.schedule(ParentRunner.java:63)&#13;&#10;&#9;at org.junit.runners.ParentRunner.runChildren(ParentRunner.java:236)&#13;&#10;&#9;at org.junit.runners.ParentRunner.access$000(ParentRunner.java:53)&#13;&#10;&#9;at org.junit.runners.ParentRunner$2.evaluate(ParentRunner.java:229)&#13;&#10;&#9;at org.junit.runners.ParentRunner.run(ParentRunner.java:309)&#13;&#10;&#9;at org.eclipse.jdt.internal.junit4.runner.JUnit4TestReference.run(JUnit4TestReference.java:50)&#13;&#10;&#9;at org.eclipse.jdt.internal.junit.runner.TestExecution.run(TestExecution.java:38)&#13;&#10;&#9;at org.eclipse.jdt.internal.junit.runner.RemoteTestRunner.runTests(RemoteTestRunner.java:467)&#13;&#10;&#9;at org.eclipse.jdt.internal.junit.runner.RemoteTestRunner.runTests(RemoteTestRunner.java:683)&#13;&#10;&#9;at org.eclipse.jdt.internal.junit.runner.RemoteTestRunner.run(RemoteTestRunner.java:390)&#13;&#10;&#9;at org.codecover.juniteclipse.runner.EclipseTestRunner.main(EclipseTestRunner.java:40)" Date="1589513002572" Name="DrawTest:testInit">
<CovList/>
<AssgnmntList/>
<ObjMetaDataList/>
<MetaDataList/>
</TestCase>
<TestCase Comment="Failure&#10;java.lang.AssertionError: Not yet implemented&#13;&#10;&#9;at org.junit.Assert.fail(Assert.java:88)&#13;&#10;&#9;at DrawTest.testLine(DrawTest.java:221)&#13;&#10;&#9;at sun.reflect.NativeMethodAccessorImpl.invoke0(Native Method)&#13;&#10;&#9;at sun.reflect.NativeMethodAccessorImpl.invoke(Unknown Source)&#13;&#10;&#9;at sun.reflect.DelegatingMethodAccessorImpl.invoke(Unknown Source)&#13;&#10;&#9;at java.lang.reflect.Method.invoke(Unknown Source)&#13;&#10;&#9;at org.junit.runners.model.FrameworkMethod$1.runReflectiveCall(FrameworkMethod.java:47)&#13;&#10;&#9;at org.junit.internal.runners.model.ReflectiveCallable.run(ReflectiveCallable.java:12)&#13;&#10;&#9;at org.junit.runners.model.FrameworkMethod.invokeExplosively(FrameworkMethod.java:44)&#13;&#10;&#9;at org.junit.internal.runners.statements.InvokeMethod.evaluate(InvokeMethod.java:17)&#13;&#10;&#9;at org.junit.runners.ParentRunner.runLeaf(ParentRunner.java:271)&#13;&#10;&#9;at org.junit.runners.BlockJUnit4ClassRunner.runChild(BlockJUnit4ClassRunner.java:70)&#13;&#10;&#9;at org.junit.runners.BlockJUnit4ClassRunner.runChild(BlockJUnit4ClassRunner.java:50)&#13;&#10;&#9;at org.junit.runners.ParentRunner$3.run(ParentRunner.java:238)&#13;&#10;&#9;at org.junit.runners.ParentRunner$1.schedule(ParentRunner.java:63)&#13;&#10;&#9;at org.junit.runners.ParentRunner.runChildren(ParentRunner.java:236)&#13;&#10;&#9;at org.junit.runners.ParentRunner.access$000(ParentRunner.java:53)&#13;&#10;&#9;at org.junit.runners.ParentRunner$2.evaluate(ParentRunner.java:229)&#13;&#10;&#9;at org.junit.runners.ParentRunner.run(ParentRunner.java:309)&#13;&#10;&#9;at org.eclipse.jdt.internal.junit4.runner.JUnit4TestReference.run(JUnit4TestReference.java:50)&#13;&#10;&#9;at org.eclipse.jdt.internal.junit.runner.TestExecution.run(TestExecution.java:38)&#13;&#10;&#9;at org.eclipse.jdt.internal.junit.runner.RemoteTestRunner.runTests(RemoteTestRunner.java:467)&#13;&#10;&#9;at org.eclipse.jdt.internal.junit.runner.RemoteTestRunner.runTests(RemoteTestRunner.java:683)&#13;&#10;&#9;at org.eclipse.jdt.internal.junit.runner.RemoteTestRunner.run(RemoteTestRunner.java:390)&#13;&#10;&#9;at org.codecover.juniteclipse.runner.EclipseTestRunner.main(EclipseTestRunner.java:40)" Date="1589513002653" Name="DrawTest:testLine">
<CovList/>
<AssgnmntList/>
<ObjMetaDataList/>
<MetaDataList/>
</TestCase>
<TestCase Comment="Failure&#10;java.lang.AssertionError: Not yet implemented&#13;&#10;&#9;at org.junit.Assert.fail(Assert.java:88)&#13;&#10;&#9;at DrawTest.testMain(DrawTest.java:466)&#13;&#10;&#9;at sun.reflect.NativeMethodAccessorImpl.invoke0(Native Method)&#13;&#10;&#9;at sun.reflect.NativeMethodAccessorImpl.invoke(Unknown Source)&#13;&#10;&#9;at sun.reflect.DelegatingMethodAccessorImpl.invoke(Unknown Source)&#13;&#10;&#9;at java.lang.reflect.Method.invoke(Unknown Source)&#13;&#10;&#9;at org.junit.runners.model.FrameworkMethod$1.runReflectiveCall(FrameworkMethod.java:47)&#13;&#10;&#9;at org.junit.internal.runners.model.ReflectiveCallable.run(ReflectiveCallable.java:12)&#13;&#10;&#9;at org.junit.runners.model.FrameworkMethod.invokeExplosively(FrameworkMethod.java:44)&#13;&#10;&#9;at org.junit.internal.runners.statements.InvokeMethod.evaluate(InvokeMethod.java:17)&#13;&#10;&#9;at org.junit.runners.ParentRunner.runLeaf(ParentRunner.java:271)&#13;&#10;&#9;at org.junit.runners.BlockJUnit4ClassRunner.runChild(BlockJUnit4ClassRunner.java:70)&#13;&#10;&#9;at org.junit.runners.BlockJUnit4ClassRunner.runChild(BlockJUnit4ClassRunner.java:50)&#13;&#10;&#9;at org.junit.runners.ParentRunner$3.run(ParentRunner.java:238)&#13;&#10;&#9;at org.junit.runners.ParentRunner$1.schedule(ParentRunner.java:63)&#13;&#10;&#9;at org.junit.runners.ParentRunner.runChildren(ParentRunner.java:236)&#13;&#10;&#9;at org.junit.runners.ParentRunner.access$000(ParentRunner.java:53)&#13;&#10;&#9;at org.junit.runners.ParentRunner$2.evaluate(ParentRunner.java:229)&#13;&#10;&#9;at org.junit.runners.ParentRunner.run(ParentRunner.java:309)&#13;&#10;&#9;at org.eclipse.jdt.internal.junit4.runner.JUnit4TestReference.run(JUnit4TestReference.java:50)&#13;&#10;&#9;at org.eclipse.jdt.internal.junit.runner.TestExecution.run(TestExecution.java:38)&#13;&#10;&#9;at org.eclipse.jdt.internal.junit.runner.RemoteTestRunner.runTests(RemoteTestRunner.java:467)&#13;&#10;&#9;at org.eclipse.jdt.internal.junit.runner.RemoteTestRunner.runTests(RemoteTestRunner.java:683)&#13;&#10;&#9;at org.eclipse.jdt.internal.junit.runner.RemoteTestRunner.run(RemoteTestRunner.java:390)&#13;&#10;&#9;at org.codecover.juniteclipse.runner.EclipseTestRunner.main(EclipseTestRunner.java:40)" Date="1589513002765" Name="DrawTest:testMain">
<CovList/>
<AssgnmntList/>
<ObjMetaDataList/>
<MetaDataList/>
</TestCase>
<TestCase Comment="Failure&#10;java.lang.AssertionError: Not yet implemented&#13;&#10;&#9;at org.junit.Assert.fail(Assert.java:88)&#13;&#10;&#9;at DrawTest.testSave(DrawTest.java:366)&#13;&#10;&#9;at sun.reflect.NativeMethodAccessorImpl.invoke0(Native Method)&#13;&#10;&#9;at sun.reflect.NativeMethodAccessorImpl.invoke(Unknown Source)&#13;&#10;&#9;at sun.reflect.DelegatingMethodAccessorImpl.invoke(Unknown Source)&#13;&#10;&#9;at java.lang.reflect.Method.invoke(Unknown Source)&#13;&#10;&#9;at org.junit.runners.model.FrameworkMethod$1.runReflectiveCall(FrameworkMethod.java:47)&#13;&#10;&#9;at org.junit.internal.runners.model.ReflectiveCallable.run(ReflectiveCallable.java:12)&#13;&#10;&#9;at org.junit.runners.model.FrameworkMethod.invokeExplosively(FrameworkMethod.java:44)&#13;&#10;&#9;at org.junit.internal.runners.statements.InvokeMethod.evaluate(InvokeMethod.java:17)&#13;&#10;&#9;at org.junit.runners.ParentRunner.runLeaf(ParentRunner.java:271)&#13;&#10;&#9;at org.junit.runners.BlockJUnit4ClassRunner.runChild(BlockJUnit4ClassRunner.java:70)&#13;&#10;&#9;at org.junit.runners.BlockJUnit4ClassRunner.runChild(BlockJUnit4ClassRunner.java:50)&#13;&#10;&#9;at org.junit.runners.ParentRunner$3.run(ParentRunner.java:238)&#13;&#10;&#9;at org.junit.runners.ParentRunner$1.schedule(ParentRunner.java:63)&#13;&#10;&#9;at org.junit.runners.ParentRunner.runChildren(ParentRunner.java:236)&#13;&#10;&#9;at org.junit.runners.ParentRunner.access$000(ParentRunner.java:53)&#13;&#10;&#9;at org.junit.runners.ParentRunner$2.evaluate(ParentRunner.java:229)&#13;&#10;&#9;at org.junit.runners.ParentRunner.run(ParentRunner.java:309)&#13;&#10;&#9;at org.eclipse.jdt.internal.junit4.runner.JUnit4TestReference.run(JUnit4TestReference.java:50)&#13;&#10;&#9;at org.eclipse.jdt.internal.junit.runner.TestExecution.run(TestExecution.java:38)&#13;&#10;&#9;at org.eclipse.jdt.internal.junit.runner.RemoteTestRunner.runTests(RemoteTestRunner.java:467)&#13;&#10;&#9;at org.eclipse.jdt.internal.junit.runner.RemoteTestRunner.runTests(RemoteTestRunner.java:683)&#13;&#10;&#9;at org.eclipse.jdt.internal.junit.runner.RemoteTestRunner.run(RemoteTestRunner.java:390)&#13;&#10;&#9;at org.codecover.juniteclipse.runner.EclipseTestRunner.main(EclipseTestRunner.java:40)" Date="1589513002878" Name="DrawTest:testSave">
<CovList/>
<AssgnmntList/>
<ObjMetaDataList/>
<MetaDataList/>
</TestCase>
<TestCase Comment="Failure&#10;java.lang.AssertionError: Not yet implemented&#13;&#10;&#9;at org.junit.Assert.fail(Assert.java:88)&#13;&#10;&#9;at DrawTest.testShow(DrawTest.java:346)&#13;&#10;&#9;at sun.reflect.NativeMethodAccessorImpl.invoke0(Native Method)&#13;&#10;&#9;at sun.reflect.NativeMethodAccessorImpl.invoke(Unknown Source)&#13;&#10;&#9;at sun.reflect.DelegatingMethodAccessorImpl.invoke(Unknown Source)&#13;&#10;&#9;at java.lang.reflect.Method.invoke(Unknown Source)&#13;&#10;&#9;at org.junit.runners.model.FrameworkMethod$1.runReflectiveCall(FrameworkMethod.java:47)&#13;&#10;&#9;at org.junit.internal.runners.model.ReflectiveCallable.run(ReflectiveCallable.java:12)&#13;&#10;&#9;at org.junit.runners.model.FrameworkMethod.invokeExplosively(FrameworkMethod.java:44)&#13;&#10;&#9;at org.junit.internal.runners.statements.InvokeMethod.evaluate(InvokeMethod.java:17)&#13;&#10;&#9;at org.junit.runners.ParentRunner.runLeaf(ParentRunner.java:271)&#13;&#10;&#9;at org.junit.runners.BlockJUnit4ClassRunner.runChild(BlockJUnit4ClassRunner.java:70)&#13;&#10;&#9;at org.junit.runners.BlockJUnit4ClassRunner.runChild(BlockJUnit4ClassRunner.java:50)&#13;&#10;&#9;at org.junit.runners.ParentRunner$3.run(ParentRunner.java:238)&#13;&#10;&#9;at org.junit.runners.ParentRunner$1.schedule(ParentRunner.java:63)&#13;&#10;&#9;at org.junit.runners.ParentRunner.runChildren(ParentRunner.java:236)&#13;&#10;&#9;at org.junit.runners.ParentRunner.access$000(ParentRunner.java:53)&#13;&#10;&#9;at org.junit.runners.ParentRunner$2.evaluate(ParentRunner.java:229)&#13;&#10;&#9;at org.junit.runners.ParentRunner.run(ParentRunner.java:309)&#13;&#10;&#9;at org.eclipse.jdt.internal.junit4.runner.JUnit4TestReference.run(JUnit4TestReference.java:50)&#13;&#10;&#9;at org.eclipse.jdt.internal.junit.runner.TestExecution.run(TestExecution.java:38)&#13;&#10;&#9;at org.eclipse.jdt.internal.junit.runner.RemoteTestRunner.runTests(RemoteTestRunner.java:467)&#13;&#10;&#9;at org.eclipse.jdt.internal.junit.runner.RemoteTestRunner.runTests(RemoteTestRunner.java:683)&#13;&#10;&#9;at org.eclipse.jdt.internal.junit.runner.RemoteTestRunner.run(RemoteTestRunner.java:390)&#13;&#10;&#9;at org.codecover.juniteclipse.runner.EclipseTestRunner.main(EclipseTestRunner.java:40)" Date="1589513002989" Name="DrawTest:testShow">
<CovList/>
<AssgnmntList/>
<ObjMetaDataList/>
<MetaDataList/>
</TestCase>
<TestCase Comment="Failure&#10;java.lang.AssertionError: Not yet implemented&#13;&#10;&#9;at org.junit.Assert.fail(Assert.java:88)&#13;&#10;&#9;at DrawTest.testSetPenRadius(DrawTest.java:161)&#13;&#10;&#9;at sun.reflect.NativeMethodAccessorImpl.invoke0(Native Method)&#13;&#10;&#9;at sun.reflect.NativeMethodAccessorImpl.invoke(Unknown Source)&#13;&#10;&#9;at sun.reflect.DelegatingMethodAccessorImpl.invoke(Unknown Source)&#13;&#10;&#9;at java.lang.reflect.Method.invoke(Unknown Source)&#13;&#10;&#9;at org.junit.runners.model.FrameworkMethod$1.runReflectiveCall(FrameworkMethod.java:47)&#13;&#10;&#9;at org.junit.internal.runners.model.ReflectiveCallable.run(ReflectiveCallable.java:12)&#13;&#10;&#9;at org.junit.runners.model.FrameworkMethod.invokeExplosively(FrameworkMethod.java:44)&#13;&#10;&#9;at org.junit.internal.runners.statements.InvokeMethod.evaluate(InvokeMethod.java:17)&#13;&#10;&#9;at org.junit.runners.ParentRunner.runLeaf(ParentRunner.java:271)&#13;&#10;&#9;at org.junit.runners.BlockJUnit4ClassRunner.runChild(BlockJUnit4ClassRunner.java:70)&#13;&#10;&#9;at org.junit.runners.BlockJUnit4ClassRunner.runChild(BlockJUnit4ClassRunner.java:50)&#13;&#10;&#9;at org.junit.runners.ParentRunner$3.run(ParentRunner.java:238)&#13;&#10;&#9;at org.junit.runners.ParentRunner$1.schedule(ParentRunner.java:63)&#13;&#10;&#9;at org.junit.runners.ParentRunner.runChildren(ParentRunner.java:236)&#13;&#10;&#9;at org.junit.runners.ParentRunner.access$000(ParentRunner.java:53)&#13;&#10;&#9;at org.junit.runners.ParentRunner$2.evaluate(ParentRunner.java:229)&#13;&#10;&#9;at org.junit.runners.ParentRunner.run(ParentRunner.java:309)&#13;&#10;&#9;at org.eclipse.jdt.internal.junit4.runner.JUnit4TestReference.run(JUnit4TestReference.java:50)&#13;&#10;&#9;at org.eclipse.jdt.internal.junit.runner.TestExecution.run(TestExecution.java:38)&#13;&#10;&#9;at org.eclipse.jdt.internal.junit.runner.RemoteTestRunner.runTests(RemoteTestRunner.java:467)&#13;&#10;&#9;at org.eclipse.jdt.internal.junit.runner.RemoteTestRunner.runTests(RemoteTestRunner.java:683)&#13;&#10;&#9;at org.eclipse.jdt.internal.junit.runner.RemoteTestRunner.run(RemoteTestRunner.java:390)&#13;&#10;&#9;at org.codecover.juniteclipse.runner.EclipseTestRunner.main(EclipseTestRunner.java:40)" Date="1589513003098" Name="DrawTest:testSetPenRadius">
<CovList/>
<AssgnmntList/>
<ObjMetaDataList/>
<MetaDataList/>
</TestCase>
<TestCase Comment="Failure&#10;java.lang.AssertionError: Not yet implemented&#13;&#10;&#9;at org.junit.Assert.fail(Assert.java:88)&#13;&#10;&#9;at DrawTest.testIsKeyPressed(DrawTest.java:446)&#13;&#10;&#9;at sun.reflect.NativeMethodAccessorImpl.invoke0(Native Method)&#13;&#10;&#9;at sun.reflect.NativeMethodAccessorImpl.invoke(Unknown Source)&#13;&#10;&#9;at sun.reflect.DelegatingMethodAccessorImpl.invoke(Unknown Source)&#13;&#10;&#9;at java.lang.reflect.Method.invoke(Unknown Source)&#13;&#10;&#9;at org.junit.runners.model.FrameworkMethod$1.runReflectiveCall(FrameworkMethod.java:47)&#13;&#10;&#9;at org.junit.internal.runners.model.ReflectiveCallable.run(ReflectiveCallable.java:12)&#13;&#10;&#9;at org.junit.runners.model.FrameworkMethod.invokeExplosively(FrameworkMethod.java:44)&#13;&#10;&#9;at org.junit.internal.runners.statements.InvokeMethod.evaluate(InvokeMethod.java:17)&#13;&#10;&#9;at org.junit.runners.ParentRunner.runLeaf(ParentRunner.java:271)&#13;&#10;&#9;at org.junit.runners.BlockJUnit4ClassRunner.runChild(BlockJUnit4ClassRunner.java:70)&#13;&#10;&#9;at org.junit.runners.BlockJUnit4ClassRunner.runChild(BlockJUnit4ClassRunner.java:50)&#13;&#10;&#9;at org.junit.runners.ParentRunner$3.run(ParentRunner.java:238)&#13;&#10;&#9;at org.junit.runners.ParentRunner$1.schedule(ParentRunner.java:63)&#13;&#10;&#9;at org.junit.runners.ParentRunner.runChildren(ParentRunner.java:236)&#13;&#10;&#9;at org.junit.runners.ParentRunner.access$000(ParentRunner.java:53)&#13;&#10;&#9;at org.junit.runners.ParentRunner$2.evaluate(ParentRunner.java:229)&#13;&#10;&#9;at org.junit.runners.ParentRunner.run(ParentRunner.java:309)&#13;&#10;&#9;at org.eclipse.jdt.internal.junit4.runner.JUnit4TestReference.run(JUnit4TestReference.java:50)&#13;&#10;&#9;at org.eclipse.jdt.internal.junit.runner.TestExecution.run(TestExecution.java:38)&#13;&#10;&#9;at org.eclipse.jdt.internal.junit.runner.RemoteTestRunner.runTests(RemoteTestRunner.java:467)&#13;&#10;&#9;at org.eclipse.jdt.internal.junit.runner.RemoteTestRunner.runTests(RemoteTestRunner.java:683)&#13;&#10;&#9;at org.eclipse.jdt.internal.junit.runner.RemoteTestRunner.run(RemoteTestRunner.java:390)&#13;&#10;&#9;at org.codecover.juniteclipse.runner.EclipseTestRunner.main(EclipseTestRunner.java:40)" Date="1589513003211" Name="DrawTest:testIsKeyPressed">
<CovList/>
<AssgnmntList/>
<ObjMetaDataList/>
<MetaDataList/>
</TestCase>
<TestCase Comment="Failure&#10;java.lang.AssertionError: Not yet implemented&#13;&#10;&#9;at org.junit.Assert.fail(Assert.java:88)&#13;&#10;&#9;at DrawTest.testDrawString(DrawTest.java:28)&#13;&#10;&#9;at sun.reflect.NativeMethodAccessorImpl.invoke0(Native Method)&#13;&#10;&#9;at sun.reflect.NativeMethodAccessorImpl.invoke(Unknown Source)&#13;&#10;&#9;at sun.reflect.DelegatingMethodAccessorImpl.invoke(Unknown Source)&#13;&#10;&#9;at java.lang.reflect.Method.invoke(Unknown Source)&#13;&#10;&#9;at org.junit.runners.model.FrameworkMethod$1.runReflectiveCall(FrameworkMethod.java:47)&#13;&#10;&#9;at org.junit.internal.runners.model.ReflectiveCallable.run(ReflectiveCallable.java:12)&#13;&#10;&#9;at org.junit.runners.model.FrameworkMethod.invokeExplosively(FrameworkMethod.java:44)&#13;&#10;&#9;at org.junit.internal.runners.statements.InvokeMethod.evaluate(InvokeMethod.java:17)&#13;&#10;&#9;at org.junit.runners.ParentRunner.runLeaf(ParentRunner.java:271)&#13;&#10;&#9;at org.junit.runners.BlockJUnit4ClassRunner.runChild(BlockJUnit4ClassRunner.java:70)&#13;&#10;&#9;at org.junit.runners.BlockJUnit4ClassRunner.runChild(BlockJUnit4ClassRunner.java:50)&#13;&#10;&#9;at org.junit.runners.ParentRunner$3.run(ParentRunner.java:238)&#13;&#10;&#9;at org.junit.runners.ParentRunner$1.schedule(ParentRunner.java:63)&#13;&#10;&#9;at org.junit.runners.ParentRunner.runChildren(ParentRunner.java:236)&#13;&#10;&#9;at org.junit.runners.ParentRunner.access$000(ParentRunner.java:53)&#13;&#10;&#9;at org.junit.runners.ParentRunner$2.evaluate(ParentRunner.java:229)&#13;&#10;&#9;at org.junit.runners.ParentRunner.run(ParentRunner.java:309)&#13;&#10;&#9;at org.eclipse.jdt.internal.junit4.runner.JUnit4TestReference.run(JUnit4TestReference.java:50)&#13;&#10;&#9;at org.eclipse.jdt.internal.junit.runner.TestExecution.run(TestExecution.java:38)&#13;&#10;&#9;at org.eclipse.jdt.internal.junit.runner.RemoteTestRunner.runTests(RemoteTestRunner.java:467)&#13;&#10;&#9;at org.eclipse.jdt.internal.junit.runner.RemoteTestRunner.runTests(RemoteTestRunner.java:683)&#13;&#10;&#9;at org.eclipse.jdt.internal.junit.runner.RemoteTestRunner.run(RemoteTestRunner.java:390)&#13;&#10;&#9;at org.codecover.juniteclipse.runner.EclipseTestRunner.main(EclipseTestRunner.java:40)" Date="1589513003330" Name="DrawTest:testDrawString">
<CovList/>
<AssgnmntList/>
<ObjMetaDataList/>
<MetaDataList/>
</TestCase>
<TestCase Comment="Failure&#10;java.lang.AssertionError: Not yet implemented&#13;&#10;&#9;at org.junit.Assert.fail(Assert.java:88)&#13;&#10;&#9;at DrawTest.testPolygon(DrawTest.java:281)&#13;&#10;&#9;at sun.reflect.NativeMethodAccessorImpl.invoke0(Native Method)&#13;&#10;&#9;at sun.reflect.NativeMethodAccessorImpl.invoke(Unknown Source)&#13;&#10;&#9;at sun.reflect.DelegatingMethodAccessorImpl.invoke(Unknown Source)&#13;&#10;&#9;at java.lang.reflect.Method.invoke(Unknown Source)&#13;&#10;&#9;at org.junit.runners.model.FrameworkMethod$1.runReflectiveCall(FrameworkMethod.java:47)&#13;&#10;&#9;at org.junit.internal.runners.model.ReflectiveCallable.run(ReflectiveCallable.java:12)&#13;&#10;&#9;at org.junit.runners.model.FrameworkMethod.invokeExplosively(FrameworkMethod.java:44)&#13;&#10;&#9;at org.junit.internal.runners.statements.InvokeMethod.evaluate(InvokeMethod.java:17)&#13;&#10;&#9;at org.junit.runners.ParentRunner.runLeaf(ParentRunner.java:271)&#13;&#10;&#9;at org.junit.runners.BlockJUnit4ClassRunner.runChild(BlockJUnit4ClassRunner.java:70)&#13;&#10;&#9;at org.junit.runners.BlockJUnit4ClassRunner.runChild(BlockJUnit4ClassRunner.java:50)&#13;&#10;&#9;at org.junit.runners.ParentRunner$3.run(ParentRunner.java:238)&#13;&#10;&#9;at org.junit.runners.ParentRunner$1.schedule(ParentRunner.java:63)&#13;&#10;&#9;at org.junit.runners.ParentRunner.runChildren(ParentRunner.java:236)&#13;&#10;&#9;at org.junit.runners.ParentRunner.access$000(ParentRunner.java:53)&#13;&#10;&#9;at org.junit.runners.ParentRunner$2.evaluate(ParentRunner.java:229)&#13;&#10;&#9;at org.junit.runners.ParentRunner.run(ParentRunner.java:309)&#13;&#10;&#9;at org.eclipse.jdt.internal.junit4.runner.JUnit4TestReference.run(JUnit4TestReference.java:50)&#13;&#10;&#9;at org.eclipse.jdt.internal.junit.runner.TestExecution.run(TestExecution.java:38)&#13;&#10;&#9;at org.eclipse.jdt.internal.junit.runner.RemoteTestRunner.runTests(RemoteTestRunner.java:467)&#13;&#10;&#9;at org.eclipse.jdt.internal.junit.runner.RemoteTestRunner.runTests(RemoteTestRunner.java:683)&#13;&#10;&#9;at org.eclipse.jdt.internal.junit.runner.RemoteTestRunner.run(RemoteTestRunner.java:390)&#13;&#10;&#9;at org.codecover.juniteclipse.runner.EclipseTestRunner.main(EclipseTestRunner.java:40)" Date="1589513003425" Name="DrawTest:testPolygon">
<CovList/>
<AssgnmntList/>
<ObjMetaDataList/>
<MetaDataList/>
</TestCase>
<TestCase Comment="Error&#10;java.lang.Exception: Unexpected exception, expected&lt;java.lang.IllegalArgumentException&gt; but was&lt;java.lang.ArithmeticException&gt;&#13;&#10;&#9;at org.junit.internal.runners.statements.ExpectException.evaluate(ExpectException.java:28)&#13;&#10;&#9;at org.junit.runners.ParentRunner.runLeaf(ParentRunner.java:271)&#13;&#10;&#9;at org.junit.runners.BlockJUnit4ClassRunner.runChild(BlockJUnit4ClassRunner.java:70)&#13;&#10;&#9;at org.junit.runners.BlockJUnit4ClassRunner.runChild(BlockJUnit4ClassRunner.java:50)&#13;&#10;&#9;at org.junit.runners.ParentRunner$3.run(ParentRunner.java:238)&#13;&#10;&#9;at org.junit.runners.ParentRunner$1.schedule(ParentRunner.java:63)&#13;&#10;&#9;at org.junit.runners.ParentRunner.runChildren(ParentRunner.java:236)&#13;&#10;&#9;at org.junit.runners.ParentRunner.access$000(ParentRunner.java:53)&#13;&#10;&#9;at org.junit.runners.ParentRunner$2.evaluate(ParentRunner.java:229)&#13;&#10;&#9;at org.junit.runners.ParentRunner.run(ParentRunner.java:309)&#13;&#10;&#9;at org.eclipse.jdt.internal.junit4.runner.JUnit4TestReference.run(JUnit4TestReference.java:50)&#13;&#10;&#9;at org.eclipse.jdt.internal.junit.runner.TestExecution.run(TestExecution.java:38)&#13;&#10;&#9;at org.eclipse.jdt.internal.junit.runner.RemoteTestRunner.runTests(RemoteTestRunner.java:467)&#13;&#10;&#9;at org.eclipse.jdt.internal.junit.runner.RemoteTestRunner.runTests(RemoteTestRunner.java:683)&#13;&#10;&#9;at org.eclipse.jdt.internal.junit.runner.RemoteTestRunner.run(RemoteTestRunner.java:390)&#13;&#10;&#9;at org.codecover.juniteclipse.runner.EclipseTestRunner.main(EclipseTestRunner.java:40)&#13;&#10;Caused by: java.lang.ArithmeticException: / by zero&#13;&#10;&#9;at DrawTest.testValidate(DrawTest.java:67)&#13;&#10;&#9;at sun.reflect.NativeMethodAccessorImpl.invoke0(Native Method)&#13;&#10;&#9;at sun.reflect.NativeMethodAccessorImpl.invoke(Unknown Source)&#13;&#10;&#9;at sun.reflect.DelegatingMethodAccessorImpl.invoke(Unknown Source)&#13;&#10;&#9;at java.lang.reflect.Method.invoke(Unknown Source)&#13;&#10;&#9;at org.junit.runners.model.FrameworkMethod$1.runReflectiveCall(FrameworkMethod.java:47)&#13;&#10;&#9;at org.junit.internal.runners.model.ReflectiveCallable.run(ReflectiveCallable.java:12)&#13;&#10;&#9;at org.junit.runners.model.FrameworkMethod.invokeExplosively(FrameworkMethod.java:44)&#13;&#10;&#9;at org.junit.internal.runners.statements.InvokeMethod.evaluate(InvokeMethod.java:17)&#13;&#10;&#9;at org.junit.internal.runners.statements.ExpectException.evaluate(ExpectException.java:19)&#13;&#10;&#9;... 15 more" Date="1589513003527" Name="DrawTest:testValidate">
<CovList/>
<AssgnmntList/>
<ObjMetaDataList/>
<MetaDataList/>
</TestCase>
<TestCase Comment="Failure&#10;java.lang.AssertionError: Not yet implemented&#13;&#10;&#9;at org.junit.Assert.fail(Assert.java:88)&#13;&#10;&#9;at DrawTest.testKeyPressed(DrawTest.java:456)&#13;&#10;&#9;at sun.reflect.NativeMethodAccessorImpl.invoke0(Native Method)&#13;&#10;&#9;at sun.reflect.NativeMethodAccessorImpl.invoke(Unknown Source)&#13;&#10;&#9;at sun.reflect.DelegatingMethodAccessorImpl.invoke(Unknown Source)&#13;&#10;&#9;at java.lang.reflect.Method.invoke(Unknown Source)&#13;&#10;&#9;at org.junit.runners.model.FrameworkMethod$1.runReflectiveCall(FrameworkMethod.java:47)&#13;&#10;&#9;at org.junit.internal.runners.model.ReflectiveCallable.run(ReflectiveCallable.java:12)&#13;&#10;&#9;at org.junit.runners.model.FrameworkMethod.invokeExplosively(FrameworkMethod.java:44)&#13;&#10;&#9;at org.junit.internal.runners.statements.InvokeMethod.evaluate(InvokeMethod.java:17)&#13;&#10;&#9;at org.junit.runners.ParentRunner.runLeaf(ParentRunner.java:271)&#13;&#10;&#9;at org.junit.runners.BlockJUnit4ClassRunner.runChild(BlockJUnit4ClassRunner.java:70)&#13;&#10;&#9;at org.junit.runners.BlockJUnit4ClassRunner.runChild(BlockJUnit4ClassRunner.java:50)&#13;&#10;&#9;at org.junit.runners.ParentRunner$3.run(ParentRunner.java:238)&#13;&#10;&#9;at org.junit.runners.ParentRunner$1.schedule(ParentRunner.java:63)&#13;&#10;&#9;at org.junit.runners.ParentRunner.runChildren(ParentRunner.java:236)&#13;&#10;&#9;at org.junit.runners.ParentRunner.access$000(ParentRunner.java:53)&#13;&#10;&#9;at org.junit.runners.ParentRunner$2.evaluate(ParentRunner.java:229)&#13;&#10;&#9;at org.junit.runners.ParentRunner.run(ParentRunner.java:309)&#13;&#10;&#9;at org.eclipse.jdt.internal.junit4.runner.JUnit4TestReference.run(JUnit4TestReference.java:50)&#13;&#10;&#9;at org.eclipse.jdt.internal.junit.runner.TestExecution.run(TestExecution.java:38)&#13;&#10;&#9;at org.eclipse.jdt.internal.junit.runner.RemoteTestRunner.runTests(RemoteTestRunner.java:467)&#13;&#10;&#9;at org.eclipse.jdt.internal.junit.runner.RemoteTestRunner.runTests(RemoteTestRunner.java:683)&#13;&#10;&#9;at org.eclipse.jdt.internal.junit.runner.RemoteTestRunner.run(RemoteTestRunner.java:390)&#13;&#10;&#9;at org.codecover.juniteclipse.runner.EclipseTestRunner.main(EclipseTestRunner.java:40)" Date="1589513003675" Name="DrawTest:testKeyPressed">
<CovList/>
<AssgnmntList/>
<ObjMetaDataList/>
<MetaDataList/>
</TestCase>
<TestCase Comment="Failure&#10;java.lang.AssertionError: Not yet implemented&#13;&#10;&#9;at org.junit.Assert.fail(Assert.java:88)&#13;&#10;&#9;at DrawTest.testFilledPolygon(DrawTest.java:286)&#13;&#10;&#9;at sun.reflect.NativeMethodAccessorImpl.invoke0(Native Method)&#13;&#10;&#9;at sun.reflect.NativeMethodAccessorImpl.invoke(Unknown Source)&#13;&#10;&#9;at sun.reflect.DelegatingMethodAccessorImpl.invoke(Unknown Source)&#13;&#10;&#9;at java.lang.reflect.Method.invoke(Unknown Source)&#13;&#10;&#9;at org.junit.runners.model.FrameworkMethod$1.runReflectiveCall(FrameworkMethod.java:47)&#13;&#10;&#9;at org.junit.internal.runners.model.ReflectiveCallable.run(ReflectiveCallable.java:12)&#13;&#10;&#9;at org.junit.runners.model.FrameworkMethod.invokeExplosively(FrameworkMethod.java:44)&#13;&#10;&#9;at org.junit.internal.runners.statements.InvokeMethod.evaluate(InvokeMethod.java:17)&#13;&#10;&#9;at org.junit.runners.ParentRunner.runLeaf(ParentRunner.java:271)&#13;&#10;&#9;at org.junit.runners.BlockJUnit4ClassRunner.runChild(BlockJUnit4ClassRunner.java:70)&#13;&#10;&#9;at org.junit.runners.BlockJUnit4ClassRunner.runChild(BlockJUnit4ClassRunner.java:50)&#13;&#10;&#9;at org.junit.runners.ParentRunner$3.run(ParentRunner.java:238)&#13;&#10;&#9;at org.junit.runners.ParentRunner$1.schedule(ParentRunner.java:63)&#13;&#10;&#9;at org.junit.runners.ParentRunner.runChildren(ParentRunner.java:236)&#13;&#10;&#9;at org.junit.runners.ParentRunner.access$000(ParentRunner.java:53)&#13;&#10;&#9;at org.junit.runners.ParentRunner$2.evaluate(ParentRunner.java:229)&#13;&#10;&#9;at org.junit.runners.ParentRunner.run(ParentRunner.java:309)&#13;&#10;&#9;at org.eclipse.jdt.internal.junit4.runner.JUnit4TestReference.run(JUnit4TestReference.java:50)&#13;&#10;&#9;at org.eclipse.jdt.internal.junit.runner.TestExecution.run(TestExecution.java:38)&#13;&#10;&#9;at org.eclipse.jdt.internal.junit.runner.RemoteTestRunner.runTests(RemoteTestRunner.java:467)&#13;&#10;&#9;at org.eclipse.jdt.internal.junit.runner.RemoteTestRunner.runTests(RemoteTestRunner.java:683)&#13;&#10;&#9;at org.eclipse.jdt.internal.junit.runner.RemoteTestRunner.run(RemoteTestRunner.java:390)&#13;&#10;&#9;at org.codecover.juniteclipse.runner.EclipseTestRunner.main(EclipseTestRunner.java:40)" Date="1589513003755" Name="DrawTest:testFilledPolygon">
<CovList/>
<AssgnmntList/>
<ObjMetaDataList/>
<MetaDataList/>
</TestCase>
<TestCase Comment="Failure&#10;java.lang.AssertionError: Not yet implemented&#13;&#10;&#9;at org.junit.Assert.fail(Assert.java:88)&#13;&#10;&#9;at DrawTest.testGetFont(DrawTest.java:206)&#13;&#10;&#9;at sun.reflect.NativeMethodAccessorImpl.invoke0(Native Method)&#13;&#10;&#9;at sun.reflect.NativeMethodAccessorImpl.invoke(Unknown Source)&#13;&#10;&#9;at sun.reflect.DelegatingMethodAccessorImpl.invoke(Unknown Source)&#13;&#10;&#9;at java.lang.reflect.Method.invoke(Unknown Source)&#13;&#10;&#9;at org.junit.runners.model.FrameworkMethod$1.runReflectiveCall(FrameworkMethod.java:47)&#13;&#10;&#9;at org.junit.internal.runners.model.ReflectiveCallable.run(ReflectiveCallable.java:12)&#13;&#10;&#9;at org.junit.runners.model.FrameworkMethod.invokeExplosively(FrameworkMethod.java:44)&#13;&#10;&#9;at org.junit.internal.runners.statements.InvokeMethod.evaluate(InvokeMethod.java:17)&#13;&#10;&#9;at org.junit.runners.ParentRunner.runLeaf(ParentRunner.java:271)&#13;&#10;&#9;at org.junit.runners.BlockJUnit4ClassRunner.runChild(BlockJUnit4ClassRunner.java:70)&#13;&#10;&#9;at org.junit.runners.BlockJUnit4ClassRunner.runChild(BlockJUnit4ClassRunner.java:50)&#13;&#10;&#9;at org.junit.runners.ParentRunner$3.run(ParentRunner.java:238)&#13;&#10;&#9;at org.junit.runners.ParentRunner$1.schedule(ParentRunner.java:63)&#13;&#10;&#9;at org.junit.runners.ParentRunner.runChildren(ParentRunner.java:236)&#13;&#10;&#9;at org.junit.runners.ParentRunner.access$000(ParentRunner.java:53)&#13;&#10;&#9;at org.junit.runners.ParentRunner$2.evaluate(ParentRunner.java:229)&#13;&#10;&#9;at org.junit.runners.ParentRunner.run(ParentRunner.java:309)&#13;&#10;&#9;at org.eclipse.jdt.internal.junit4.runner.JUnit4TestReference.run(JUnit4TestReference.java:50)&#13;&#10;&#9;at org.eclipse.jdt.internal.junit.runner.TestExecution.run(TestExecution.java:38)&#13;&#10;&#9;at org.eclipse.jdt.internal.junit.runner.RemoteTestRunner.runTests(RemoteTestRunner.java:467)&#13;&#10;&#9;at org.eclipse.jdt.internal.junit.runner.RemoteTestRunner.runTests(RemoteTestRunner.java:683)&#13;&#10;&#9;at org.eclipse.jdt.internal.junit.runner.RemoteTestRunner.run(RemoteTestRunner.java:390)&#13;&#10;&#9;at org.codecover.juniteclipse.runner.EclipseTestRunner.main(EclipseTestRunner.java:40)" Date="1589513003843" Name="DrawTest:testGetFont">
<CovList/>
<AssgnmntList/>
<ObjMetaDataList/>
<MetaDataList/>
</TestCase>
<TestCase Comment="Failure&#10;java.lang.AssertionError: Expected exception: java.lang.IllegalArgumentException&#13;&#10;&#9;at org.junit.internal.runners.statements.ExpectException.evaluate(ExpectException.java:32)&#13;&#10;&#9;at org.junit.runners.ParentRunner.runLeaf(ParentRunner.java:271)&#13;&#10;&#9;at org.junit.runners.BlockJUnit4ClassRunner.runChild(BlockJUnit4ClassRunner.java:70)&#13;&#10;&#9;at org.junit.runners.BlockJUnit4ClassRunner.runChild(BlockJUnit4ClassRunner.java:50)&#13;&#10;&#9;at org.junit.runners.ParentRunner$3.run(ParentRunner.java:238)&#13;&#10;&#9;at org.junit.runners.ParentRunner$1.schedule(ParentRunner.java:63)&#13;&#10;&#9;at org.junit.runners.ParentRunner.runChildren(ParentRunner.java:236)&#13;&#10;&#9;at org.junit.runners.ParentRunner.access$000(ParentRunner.java:53)&#13;&#10;&#9;at org.junit.runners.ParentRunner$2.evaluate(ParentRunner.java:229)&#13;&#10;&#9;at org.junit.runners.ParentRunner.run(ParentRunner.java:309)&#13;&#10;&#9;at org.eclipse.jdt.internal.junit4.runner.JUnit4TestReference.run(JUnit4TestReference.java:50)&#13;&#10;&#9;at org.eclipse.jdt.internal.junit.runner.TestExecution.run(TestExecution.java:38)&#13;&#10;&#9;at org.eclipse.jdt.internal.junit.runner.RemoteTestRunner.runTests(RemoteTestRunner.java:467)&#13;&#10;&#9;at org.eclipse.jdt.internal.junit.runner.RemoteTestRunner.runTests(RemoteTestRunner.java:683)&#13;&#10;&#9;at org.eclipse.jdt.internal.junit.runner.RemoteTestRunner.run(RemoteTestRunner.java:390)&#13;&#10;&#9;at org.codecover.juniteclipse.runner.EclipseTestRunner.main(EclipseTestRunner.java:40)" Date="1589513003940" Name="DrawTest:testSetCanvasSize">
<CovList>
<CovPrefix CovItemPrefix="Draw.java">
<Cov CovItemId="B1" Value="1"/>
<Cov CovItemId="B10" Value="5"/>
<Cov CovItemId="B12" Value="1"/>
<Cov CovItemId="B14" Value="3"/>
<Cov CovItemId="B16" Value="1"/>
<Cov CovItemId="B18" Value="1"/>
<Cov CovItemId="B6" Value="1"/>
<Cov CovItemId="B8" Value="5"/>
<Cov CovItemId="B81" Value="1"/>
<Cov CovItemId="S100" Value="3"/>
<Cov CovItemId="S102" Value="1"/>
<Cov CovItemId="S103" Value="1"/>
<Cov CovItemId="S104" Value="1"/>
<Cov CovItemId="S105" Value="1"/>
<Cov CovItemId="S106" Value="1"/>
<Cov CovItemId="S107" Value="1"/>
<Cov CovItemId="S109" Value="1"/>
<Cov CovItemId="S110" Value="1"/>
<Cov CovItemId="S111" Value="1"/>
<Cov CovItemId="S112" Value="1"/>
<Cov CovItemId="S113" Value="1"/>
<Cov CovItemId="S114" Value="1"/>
<Cov CovItemId="S116" Value="1"/>
<Cov CovItemId="S117" Value="1"/>
<Cov CovItemId="S124" Value="1"/>
<Cov CovItemId="S125" Value="1"/>
<Cov CovItemId="S126" Value="1"/>
<Cov CovItemId="S127" Value="1"/>
<Cov CovItemId="S128" Value="1"/>
<Cov CovItemId="S129" Value="1"/>
<Cov CovItemId="S131" Value="1"/>
<Cov CovItemId="S132" Value="1"/>
<Cov CovItemId="S133" Value="1"/>
<Cov CovItemId="S134" Value="1"/>
<Cov CovItemId="S135" Value="1"/>
<Cov CovItemId="S136" Value="1"/>
<Cov CovItemId="S138" Value="1"/>
<Cov CovItemId="S139" Value="1"/>
<Cov CovItemId="S140" Value="1"/>
<Cov CovItemId="S141" Value="1"/>
<Cov CovItemId="S153" Value="1"/>
<Cov CovItemId="S154" Value="1"/>
<Cov CovItemId="S155" Value="1"/>
<Cov CovItemId="S44" Value="1"/>
<Cov CovItemId="S45" Value="1"/>
<Cov CovItemId="S46" Value="1"/>
<Cov CovItemId="S464" Value="1"/>
<Cov CovItemId="S465" Value="1"/>
<Cov CovItemId="S466" Value="1"/>
<Cov CovItemId="S467" Value="1"/>
<Cov CovItemId="S47" Value="1"/>
<Cov CovItemId="S48" Value="1"/>
<Cov CovItemId="S49" Value="1"/>
<Cov CovItemId="S50" Value="1"/>
<Cov CovItemId="S51" Value="1"/>
<Cov CovItemId="S52" Value="1"/>
<Cov CovItemId="S53" Value="1"/>
<Cov CovItemId="S533" Value="1"/>
<Cov CovItemId="S534" Value="1"/>
<Cov CovItemId="S535" Value="1"/>
<Cov CovItemId="S54" Value="1"/>
<Cov CovItemId="S55" Value="1"/>
<Cov CovItemId="S56" Value="1"/>
<Cov CovItemId="S57" Value="1"/>
<Cov CovItemId="S58" Value="1"/>
<Cov CovItemId="S59" Value="1"/>
<Cov CovItemId="S60" Value="1"/>
<Cov CovItemId="S61" Value="1"/>
<Cov CovItemId="S62" Value="1"/>
<Cov CovItemId="S63" Value="1"/>
<Cov CovItemId="S64" Value="1"/>
<Cov CovItemId="S65" Value="1"/>
<Cov CovItemId="S66" Value="1"/>
<Cov CovItemId="S67" Value="1"/>
<Cov CovItemId="S68" Value="1"/>
<Cov CovItemId="S69" Value="1"/>
<Cov CovItemId="S70" Value="1"/>
<Cov CovItemId="S71" Value="1"/>
<Cov CovItemId="S72" Value="1"/>
<Cov CovItemId="S73" Value="1"/>
<Cov CovItemId="S74" Value="1"/>
<Cov CovItemId="S75" Value="1"/>
<Cov CovItemId="S76" Value="1"/>
<Cov CovItemId="S81" Value="1"/>
<Cov CovItemId="S83" Value="1"/>
<Cov CovItemId="S84" Value="1"/>
<Cov CovItemId="S85" Value="1"/>
<Cov CovItemId="S86" Value="1"/>
<Cov CovItemId="S87" Value="1"/>
<Cov CovItemId="S88" Value="1"/>
<Cov CovItemId="S89" Value="1"/>
<Cov CovItemId="S90" Value="1"/>
<Cov CovItemId="S91" Value="1"/>
<Cov CovItemId="S92" Value="1"/>
<Cov CovItemId="S93" Value="1"/>
<Cov CovItemId="S94" Value="5"/>
<Cov CovItemId="S96" Value="5"/>
<Cov CovItemId="S98" Value="1"/>
</CovPrefix>
</CovList>
<AssgnmntList>
<AssgnmntPrefix RootTermCovItemPrefix="Draw.java">
<AssgnmntListEntry Length="1" RootTermCovItemId="C1">
<MapEntry BoolAssgnmnt="1" Value="1"/>
</AssgnmntListEntry>
<AssgnmntListEntry Length="2" RootTermCovItemId="C3">
<MapEntry BoolAssgnmnt="00" Value="1"/>
</AssgnmntListEntry>
<AssgnmntListEntry Length="1" RootTermCovItemId="C4">
<MapEntry BoolAssgnmnt="0" Value="5"/>
</AssgnmntListEntry>
<AssgnmntListEntry Length="1" RootTermCovItemId="C46">
<MapEntry BoolAssgnmnt="0" Value="1"/>
</AssgnmntListEntry>
<AssgnmntListEntry Length="1" RootTermCovItemId="C5">
<MapEntry BoolAssgnmnt="0" Value="5"/>
</AssgnmntListEntry>
<AssgnmntListEntry Length="1" RootTermCovItemId="C6">
<MapEntry BoolAssgnmnt="0" Value="1"/>
</AssgnmntListEntry>
<AssgnmntListEntry Length="1" RootTermCovItemId="C7">
<MapEntry BoolAssgnmnt="0" Value="3"/>
</AssgnmntListEntry>
<AssgnmntListEntry Length="1" RootTermCovItemId="C8">
<MapEntry BoolAssgnmnt="0" Value="1"/>
</AssgnmntListEntry>
<AssgnmntListEntry Length="1" RootTermCovItemId="C9">
<MapEntry BoolAssgnmnt="0" Value="1"/>
</AssgnmntListEntry>
</AssgnmntPrefix>
</AssgnmntList>
<ObjMetaDataList/>
<MetaDataList/>
</TestCase>
<TestCase Comment="Failure&#10;java.lang.AssertionError: Not yet implemented&#13;&#10;&#9;at org.junit.Assert.fail(Assert.java:88)&#13;&#10;&#9;at DrawTest.testMouseClicked(DrawTest.java:421)&#13;&#10;&#9;at sun.reflect.NativeMethodAccessorImpl.invoke0(Native Method)&#13;&#10;&#9;at sun.reflect.NativeMethodAccessorImpl.invoke(Unknown Source)&#13;&#10;&#9;at sun.reflect.DelegatingMethodAccessorImpl.invoke(Unknown Source)&#13;&#10;&#9;at java.lang.reflect.Method.invoke(Unknown Source)&#13;&#10;&#9;at org.junit.runners.model.FrameworkMethod$1.runReflectiveCall(FrameworkMethod.java:47)&#13;&#10;&#9;at org.junit.internal.runners.model.ReflectiveCallable.run(ReflectiveCallable.java:12)&#13;&#10;&#9;at org.junit.runners.model.FrameworkMethod.invokeExplosively(FrameworkMethod.java:44)&#13;&#10;&#9;at org.junit.internal.runners.statements.InvokeMethod.evaluate(InvokeMethod.java:17)&#13;&#10;&#9;at org.junit.runners.ParentRunner.runLeaf(ParentRunner.java:271)&#13;&#10;&#9;at org.junit.runners.BlockJUnit4ClassRunner.runChild(BlockJUnit4ClassRunner.java:70)&#13;&#10;&#9;at org.junit.runners.BlockJUnit4ClassRunner.runChild(BlockJUnit4ClassRunner.java:50)&#13;&#10;&#9;at org.junit.runners.ParentRunner$3.run(ParentRunner.java:238)&#13;&#10;&#9;at org.junit.runners.ParentRunner$1.schedule(ParentRunner.java:63)&#13;&#10;&#9;at org.junit.runners.ParentRunner.runChildren(ParentRunner.java:236)&#13;&#10;&#9;at org.junit.runners.ParentRunner.access$000(ParentRunner.java:53)&#13;&#10;&#9;at org.junit.runners.ParentRunner$2.evaluate(ParentRunner.java:229)&#13;&#10;&#9;at org.junit.runners.ParentRunner.run(ParentRunner.java:309)&#13;&#10;&#9;at org.eclipse.jdt.internal.junit4.runner.JUnit4TestReference.run(JUnit4TestReference.java:50)&#13;&#10;&#9;at org.eclipse.jdt.internal.junit.runner.TestExecution.run(TestExecution.java:38)&#13;&#10;&#9;at org.eclipse.jdt.internal.junit.runner.RemoteTestRunner.runTests(RemoteTestRunner.java:467)&#13;&#10;&#9;at org.eclipse.jdt.internal.junit.runner.RemoteTestRunner.runTests(RemoteTestRunner.java:683)&#13;&#10;&#9;at org.eclipse.jdt.internal.junit.runner.RemoteTestRunner.run(RemoteTestRunner.java:390)&#13;&#10;&#9;at org.codecover.juniteclipse.runner.EclipseTestRunner.main(EclipseTestRunner.java:40)" Date="1589513004097" Name="DrawTest:testMouseClicked">
<CovList/>
<AssgnmntList/>
<ObjMetaDataList/>
<MetaDataList/>
</TestCase>
<TestCase Comment="Failure&#10;java.lang.AssertionError: Not yet implemented&#13;&#10;&#9;at org.junit.Assert.fail(Assert.java:88)&#13;&#10;&#9;at DrawTest.testTextRight(DrawTest.java:331)&#13;&#10;&#9;at sun.reflect.NativeMethodAccessorImpl.invoke0(Native Method)&#13;&#10;&#9;at sun.reflect.NativeMethodAccessorImpl.invoke(Unknown Source)&#13;&#10;&#9;at sun.reflect.DelegatingMethodAccessorImpl.invoke(Unknown Source)&#13;&#10;&#9;at java.lang.reflect.Method.invoke(Unknown Source)&#13;&#10;&#9;at org.junit.runners.model.FrameworkMethod$1.runReflectiveCall(FrameworkMethod.java:47)&#13;&#10;&#9;at org.junit.internal.runners.model.ReflectiveCallable.run(ReflectiveCallable.java:12)&#13;&#10;&#9;at org.junit.runners.model.FrameworkMethod.invokeExplosively(FrameworkMethod.java:44)&#13;&#10;&#9;at org.junit.internal.runners.statements.InvokeMethod.evaluate(InvokeMethod.java:17)&#13;&#10;&#9;at org.junit.runners.ParentRunner.runLeaf(ParentRunner.java:271)&#13;&#10;&#9;at org.junit.runners.BlockJUnit4ClassRunner.runChild(BlockJUnit4ClassRunner.java:70)&#13;&#10;&#9;at org.junit.runners.BlockJUnit4ClassRunner.runChild(BlockJUnit4ClassRunner.java:50)&#13;&#10;&#9;at org.junit.runners.ParentRunner$3.run(ParentRunner.java:238)&#13;&#10;&#9;at org.junit.runners.ParentRunner$1.schedule(ParentRunner.java:63)&#13;&#10;&#9;at org.junit.runners.ParentRunner.runChildren(ParentRunner.java:236)&#13;&#10;&#9;at org.junit.runners.ParentRunner.access$000(ParentRunner.java:53)&#13;&#10;&#9;at org.junit.runners.ParentRunner$2.evaluate(ParentRunner.java:229)&#13;&#10;&#9;at org.junit.runners.ParentRunner.run(ParentRunner.java:309)&#13;&#10;&#9;at org.eclipse.jdt.internal.junit4.runner.JUnit4TestReference.run(JUnit4TestReference.java:50)&#13;&#10;&#9;at org.eclipse.jdt.internal.junit.runner.TestExecution.run(TestExecution.java:38)&#13;&#10;&#9;at org.eclipse.jdt.internal.junit.runner.RemoteTestRunner.runTests(RemoteTestRunner.java:467)&#13;&#10;&#9;at org.eclipse.jdt.internal.junit.runner.RemoteTestRunner.runTests(RemoteTestRunner.java:683)&#13;&#10;&#9;at org.eclipse.jdt.internal.junit.runner.RemoteTestRunner.run(RemoteTestRunner.java:390)&#13;&#10;&#9;at org.codecover.juniteclipse.runner.EclipseTestRunner.main(EclipseTestRunner.java:40)" Date="1589513004206" Name="DrawTest:testTextRight">
<CovList/>
<AssgnmntList/>
<ObjMetaDataList/>
<MetaDataList/>
</TestCase>
<TestCase Comment="Failure&#10;java.lang.AssertionError: Not yet implemented&#13;&#10;&#9;at org.junit.Assert.fail(Assert.java:88)&#13;&#10;&#9;at DrawTest.testIsMousePressed(DrawTest.java:381)&#13;&#10;&#9;at sun.reflect.NativeMethodAccessorImpl.invoke0(Native Method)&#13;&#10;&#9;at sun.reflect.NativeMethodAccessorImpl.invoke(Unknown Source)&#13;&#10;&#9;at sun.reflect.DelegatingMethodAccessorImpl.invoke(Unknown Source)&#13;&#10;&#9;at java.lang.reflect.Method.invoke(Unknown Source)&#13;&#10;&#9;at org.junit.runners.model.FrameworkMethod$1.runReflectiveCall(FrameworkMethod.java:47)&#13;&#10;&#9;at org.junit.internal.runners.model.ReflectiveCallable.run(ReflectiveCallable.java:12)&#13;&#10;&#9;at org.junit.runners.model.FrameworkMethod.invokeExplosively(FrameworkMethod.java:44)&#13;&#10;&#9;at org.junit.internal.runners.statements.InvokeMethod.evaluate(InvokeMethod.java:17)&#13;&#10;&#9;at org.junit.runners.ParentRunner.runLeaf(ParentRunner.java:271)&#13;&#10;&#9;at org.junit.runners.BlockJUnit4ClassRunner.runChild(BlockJUnit4ClassRunner.java:70)&#13;&#10;&#9;at org.junit.runners.BlockJUnit4ClassRunner.runChild(BlockJUnit4ClassRunner.java:50)&#13;&#10;&#9;at org.junit.runners.ParentRunner$3.run(ParentRunner.java:238)&#13;&#10;&#9;at org.junit.runners.ParentRunner$1.schedule(ParentRunner.java:63)&#13;&#10;&#9;at org.junit.runners.ParentRunner.runChildren(ParentRunner.java:236)&#13;&#10;&#9;at org.junit.runners.ParentRunner.access$000(ParentRunner.java:53)&#13;&#10;&#9;at org.junit.runners.ParentRunner$2.evaluate(ParentRunner.java:229)&#13;&#10;&#9;at org.junit.runners.ParentRunner.run(ParentRunner.java:309)&#13;&#10;&#9;at org.eclipse.jdt.internal.junit4.runner.JUnit4TestReference.run(JUnit4TestReference.java:50)&#13;&#10;&#9;at org.eclipse.jdt.internal.junit.runner.TestExecution.run(TestExecution.java:38)&#13;&#10;&#9;at org.eclipse.jdt.internal.junit.runner.RemoteTestRunner.runTests(RemoteTestRunner.java:467)&#13;&#10;&#9;at org.eclipse.jdt.internal.junit.runner.RemoteTestRunner.runTests(RemoteTestRunner.java:683)&#13;&#10;&#9;at org.eclipse.jdt.internal.junit.runner.RemoteTestRunner.run(RemoteTestRunner.java:390)&#13;&#10;&#9;at org.codecover.juniteclipse.runner.EclipseTestRunner.main(EclipseTestRunner.java:40)" Date="1589513004329" Name="DrawTest:testIsMousePressed">
<CovList/>
<AssgnmntList/>
<ObjMetaDataList/>
<MetaDataList/>
</TestCase>
<TestCase Comment="Failure&#10;java.lang.AssertionError: Not yet implemented&#13;&#10;&#9;at org.junit.Assert.fail(Assert.java:88)&#13;&#10;&#9;at DrawTest.testPictureDoubleDoubleStringDoubleDoubleDouble(DrawTest.java:311)&#13;&#10;&#9;at sun.reflect.NativeMethodAccessorImpl.invoke0(Native Method)&#13;&#10;&#9;at sun.reflect.NativeMethodAccessorImpl.invoke(Unknown Source)&#13;&#10;&#9;at sun.reflect.DelegatingMethodAccessorImpl.invoke(Unknown Source)&#13;&#10;&#9;at java.lang.reflect.Method.invoke(Unknown Source)&#13;&#10;&#9;at org.junit.runners.model.FrameworkMethod$1.runReflectiveCall(FrameworkMethod.java:47)&#13;&#10;&#9;at org.junit.internal.runners.model.ReflectiveCallable.run(ReflectiveCallable.java:12)&#13;&#10;&#9;at org.junit.runners.model.FrameworkMethod.invokeExplosively(FrameworkMethod.java:44)&#13;&#10;&#9;at org.junit.internal.runners.statements.InvokeMethod.evaluate(InvokeMethod.java:17)&#13;&#10;&#9;at org.junit.runners.ParentRunner.runLeaf(ParentRunner.java:271)&#13;&#10;&#9;at org.junit.runners.BlockJUnit4ClassRunner.runChild(BlockJUnit4ClassRunner.java:70)&#13;&#10;&#9;at org.junit.runners.BlockJUnit4ClassRunner.runChild(BlockJUnit4ClassRunner.java:50)&#13;&#10;&#9;at org.junit.runners.ParentRunner$3.run(ParentRunner.java:238)&#13;&#10;&#9;at org.junit.runners.ParentRunner$1.schedule(ParentRunner.java:63)&#13;&#10;&#9;at org.junit.runners.ParentRunner.runChildren(ParentRunner.java:236)&#13;&#10;&#9;at org.junit.runners.ParentRunner.access$000(ParentRunner.java:53)&#13;&#10;&#9;at org.junit.runners.ParentRunner$2.evaluate(ParentRunner.java:229)&#13;&#10;&#9;at org.junit.runners.ParentRunner.run(ParentRunner.java:309)&#13;&#10;&#9;at org.eclipse.jdt.internal.junit4.runner.JUnit4TestReference.run(JUnit4TestReference.java:50)&#13;&#10;&#9;at org.eclipse.jdt.internal.junit.runner.TestExecution.run(TestExecution.java:38)&#13;&#10;&#9;at org.eclipse.jdt.internal.junit.runner.RemoteTestRunner.runTests(RemoteTestRunner.java:467)&#13;&#10;&#9;at org.eclipse.jdt.internal.junit.runner.RemoteTestRunner.runTests(RemoteTestRunner.java:683)&#13;&#10;&#9;at org.eclipse.jdt.internal.junit.runner.RemoteTestRunner.run(RemoteTestRunner.java:390)&#13;&#10;&#9;at org.codecover.juniteclipse.runner.EclipseTestRunner.main(EclipseTestRunner.java:40)" Date="1589513004443" Name="DrawTest:testPictureDoubleDoubleStringDoubleDoubleDouble">
<CovList/>
<AssgnmntList/>
<ObjMetaDataList/>
<MetaDataList/>
</TestCase>
<TestCase Comment="" Date="1589513004546" Name="DrawTest:testSetXscaleDoubleDouble">
<CovList>
<CovPrefix CovItemPrefix="Draw.java">
<Cov CovItemId="B10" Value="2"/>
<Cov CovItemId="B15" Value="1"/>
<Cov CovItemId="B8" Value="2"/>
<Cov CovItemId="S104" Value="1"/>
<Cov CovItemId="S105" Value="1"/>
<Cov CovItemId="S106" Value="1"/>
<Cov CovItemId="S107" Value="1"/>
<Cov CovItemId="S108" Value="1"/>
<Cov CovItemId="S94" Value="2"/>
<Cov CovItemId="S96" Value="2"/>
</CovPrefix>
</CovList>
<AssgnmntList>
<AssgnmntPrefix RootTermCovItemPrefix="Draw.java">
<AssgnmntListEntry Length="1" RootTermCovItemId="C4">
<MapEntry BoolAssgnmnt="0" Value="2"/>
</AssgnmntListEntry>
<AssgnmntListEntry Length="1" RootTermCovItemId="C5">
<MapEntry BoolAssgnmnt="0" Value="2"/>
</AssgnmntListEntry>
<AssgnmntListEntry Length="1" RootTermCovItemId="C8">
<MapEntry BoolAssgnmnt="1" Value="1"/>
</AssgnmntListEntry>
</AssgnmntPrefix>
</AssgnmntList>
<ObjMetaDataList/>
<MetaDataList/>
</TestCase>
<TestCase Comment="Failure&#10;java.lang.AssertionError: Not yet implemented&#13;&#10;&#9;at org.junit.Assert.fail(Assert.java:88)&#13;&#10;&#9;at DrawTest.testTextLeft(DrawTest.java:326)&#13;&#10;&#9;at sun.reflect.NativeMethodAccessorImpl.invoke0(Native Method)&#13;&#10;&#9;at sun.reflect.NativeMethodAccessorImpl.invoke(Unknown Source)&#13;&#10;&#9;at sun.reflect.DelegatingMethodAccessorImpl.invoke(Unknown Source)&#13;&#10;&#9;at java.lang.reflect.Method.invoke(Unknown Source)&#13;&#10;&#9;at org.junit.runners.model.FrameworkMethod$1.runReflectiveCall(FrameworkMethod.java:47)&#13;&#10;&#9;at org.junit.internal.runners.model.ReflectiveCallable.run(ReflectiveCallable.java:12)&#13;&#10;&#9;at org.junit.runners.model.FrameworkMethod.invokeExplosively(FrameworkMethod.java:44)&#13;&#10;&#9;at org.junit.internal.runners.statements.InvokeMethod.evaluate(InvokeMethod.java:17)&#13;&#10;&#9;at org.junit.runners.ParentRunner.runLeaf(ParentRunner.java:271)&#13;&#10;&#9;at org.junit.runners.BlockJUnit4ClassRunner.runChild(BlockJUnit4ClassRunner.java:70)&#13;&#10;&#9;at org.junit.runners.BlockJUnit4ClassRunner.runChild(BlockJUnit4ClassRunner.java:50)&#13;&#10;&#9;at org.junit.runners.ParentRunner$3.run(ParentRunner.java:238)&#13;&#10;&#9;at org.junit.runners.ParentRunner$1.schedule(ParentRunner.java:63)&#13;&#10;&#9;at org.junit.runners.ParentRunner.runChildren(ParentRunner.java:236)&#13;&#10;&#9;at org.junit.runners.ParentRunner.access$000(ParentRunner.java:53)&#13;&#10;&#9;at org.junit.runners.ParentRunner$2.evaluate(ParentRunner.java:229)&#13;&#10;&#9;at org.junit.runners.ParentRunner.run(ParentRunner.java:309)&#13;&#10;&#9;at org.eclipse.jdt.internal.junit4.runner.JUnit4TestReference.run(JUnit4TestReference.java:50)&#13;&#10;&#9;at org.eclipse.jdt.internal.junit.runner.TestExecution.run(TestExecution.java:38)&#13;&#10;&#9;at org.eclipse.jdt.internal.junit.runner.RemoteTestRunner.runTests(RemoteTestRunner.java:467)&#13;&#10;&#9;at org.eclipse.jdt.internal.junit.runner.RemoteTestRunner.runTests(RemoteTestRunner.java:683)&#13;&#10;&#9;at org.eclipse.jdt.internal.junit.runner.RemoteTestRunner.run(RemoteTestRunner.java:390)&#13;&#10;&#9;at org.codecover.juniteclipse.runner.EclipseTestRunner.main(EclipseTestRunner.java:40)" Date="1589513004636" Name="DrawTest:testTextLeft">
<CovList/>
<AssgnmntList/>
<ObjMetaDataList/>
<MetaDataList/>
</TestCase>
<TestCase Comment="Failure&#10;java.lang.AssertionError: Not yet implemented&#13;&#10;&#9;at org.junit.Assert.fail(Assert.java:88)&#13;&#10;&#9;at DrawTest.testAddListener(DrawTest.java:376)&#13;&#10;&#9;at sun.reflect.NativeMethodAccessorImpl.invoke0(Native Method)&#13;&#10;&#9;at sun.reflect.NativeMethodAccessorImpl.invoke(Unknown Source)&#13;&#10;&#9;at sun.reflect.DelegatingMethodAccessorImpl.invoke(Unknown Source)&#13;&#10;&#9;at java.lang.reflect.Method.invoke(Unknown Source)&#13;&#10;&#9;at org.junit.runners.model.FrameworkMethod$1.runReflectiveCall(FrameworkMethod.java:47)&#13;&#10;&#9;at org.junit.internal.runners.model.ReflectiveCallable.run(ReflectiveCallable.java:12)&#13;&#10;&#9;at org.junit.runners.model.FrameworkMethod.invokeExplosively(FrameworkMethod.java:44)&#13;&#10;&#9;at org.junit.internal.runners.statements.InvokeMethod.evaluate(InvokeMethod.java:17)&#13;&#10;&#9;at org.junit.runners.ParentRunner.runLeaf(ParentRunner.java:271)&#13;&#10;&#9;at org.junit.runners.BlockJUnit4ClassRunner.runChild(BlockJUnit4ClassRunner.java:70)&#13;&#10;&#9;at org.junit.runners.BlockJUnit4ClassRunner.runChild(BlockJUnit4ClassRunner.java:50)&#13;&#10;&#9;at org.junit.runners.ParentRunner$3.run(ParentRunner.java:238)&#13;&#10;&#9;at org.junit.runners.ParentRunner$1.schedule(ParentRunner.java:63)&#13;&#10;&#9;at org.junit.runners.ParentRunner.runChildren(ParentRunner.java:236)&#13;&#10;&#9;at org.junit.runners.ParentRunner.access$000(ParentRunner.java:53)&#13;&#10;&#9;at org.junit.runners.ParentRunner$2.evaluate(ParentRunner.java:229)&#13;&#10;&#9;at org.junit.runners.ParentRunner.run(ParentRunner.java:309)&#13;&#10;&#9;at org.eclipse.jdt.internal.junit4.runner.JUnit4TestReference.run(JUnit4TestReference.java:50)&#13;&#10;&#9;at org.eclipse.jdt.internal.junit.runner.TestExecution.run(TestExecution.java:38)&#13;&#10;&#9;at org.eclipse.jdt.internal.junit.runner.RemoteTestRunner.runTests(RemoteTestRunner.java:467)&#13;&#10;&#9;at org.eclipse.jdt.internal.junit.runner.RemoteTestRunner.runTests(RemoteTestRunner.java:683)&#13;&#10;&#9;at org.eclipse.jdt.internal.junit.runner.RemoteTestRunner.run(RemoteTestRunner.java:390)&#13;&#10;&#9;at org.codecover.juniteclipse.runner.EclipseTestRunner.main(EclipseTestRunner.java:40)" Date="1589513004729" Name="DrawTest:testAddListener">
<CovList/>
<AssgnmntList/>
<ObjMetaDataList/>
<MetaDataList/>
</TestCase>
<TestCase Comment="Failure&#10;java.lang.AssertionError: Not yet implemented&#13;&#10;&#9;at org.junit.Assert.fail(Assert.java:88)&#13;&#10;&#9;at DrawTest.testMouseExited(DrawTest.java:406)&#13;&#10;&#9;at sun.reflect.NativeMethodAccessorImpl.invoke0(Native Method)&#13;&#10;&#9;at sun.reflect.NativeMethodAccessorImpl.invoke(Unknown Source)&#13;&#10;&#9;at sun.reflect.DelegatingMethodAccessorImpl.invoke(Unknown Source)&#13;&#10;&#9;at java.lang.reflect.Method.invoke(Unknown Source)&#13;&#10;&#9;at org.junit.runners.model.FrameworkMethod$1.runReflectiveCall(FrameworkMethod.java:47)&#13;&#10;&#9;at org.junit.internal.runners.model.ReflectiveCallable.run(ReflectiveCallable.java:12)&#13;&#10;&#9;at org.junit.runners.model.FrameworkMethod.invokeExplosively(FrameworkMethod.java:44)&#13;&#10;&#9;at org.junit.internal.runners.statements.InvokeMethod.evaluate(InvokeMethod.java:17)&#13;&#10;&#9;at org.junit.runners.ParentRunner.runLeaf(ParentRunner.java:271)&#13;&#10;&#9;at org.junit.runners.BlockJUnit4ClassRunner.runChild(BlockJUnit4ClassRunner.java:70)&#13;&#10;&#9;at org.junit.runners.BlockJUnit4ClassRunner.runChild(BlockJUnit4ClassRunner.java:50)&#13;&#10;&#9;at org.junit.runners.ParentRunner$3.run(ParentRunner.java:238)&#13;&#10;&#9;at org.junit.runners.ParentRunner$1.schedule(ParentRunner.java:63)&#13;&#10;&#9;at org.junit.runners.ParentRunner.runChildren(ParentRunner.java:236)&#13;&#10;&#9;at org.junit.runners.ParentRunner.access$000(ParentRunner.java:53)&#13;&#10;&#9;at org.junit.runners.ParentRunner$2.evaluate(ParentRunner.java:229)&#13;&#10;&#9;at org.junit.runners.ParentRunner.run(ParentRunner.java:309)&#13;&#10;&#9;at org.eclipse.jdt.internal.junit4.runner.JUnit4TestReference.run(JUnit4TestReference.java:50)&#13;&#10;&#9;at org.eclipse.jdt.internal.junit.runner.TestExecution.run(TestExecution.java:38)&#13;&#10;&#9;at org.eclipse.jdt.internal.junit.runner.RemoteTestRunner.runTests(RemoteTestRunner.java:467)&#13;&#10;&#9;at org.eclipse.jdt.internal.junit.runner.RemoteTestRunner.runTests(RemoteTestRunner.java:683)&#13;&#10;&#9;at org.eclipse.jdt.internal.junit.runner.RemoteTestRunner.run(RemoteTestRunner.java:390)&#13;&#10;&#9;at org.codecover.juniteclipse.runner.EclipseTestRunner.main(EclipseTestRunner.java:40)" Date="1589513004820" Name="DrawTest:testMouseExited">
<CovList/>
<AssgnmntList/>
<ObjMetaDataList/>
<MetaDataList/>
</TestCase>
<TestCase Comment="Failure&#10;java.lang.AssertionError: Not yet implemented&#13;&#10;&#9;at org.junit.Assert.fail(Assert.java:88)&#13;&#10;&#9;at DrawTest.testPictureDoubleDoubleString(DrawTest.java:296)&#13;&#10;&#9;at sun.reflect.NativeMethodAccessorImpl.invoke0(Native Method)&#13;&#10;&#9;at sun.reflect.NativeMethodAccessorImpl.invoke(Unknown Source)&#13;&#10;&#9;at sun.reflect.DelegatingMethodAccessorImpl.invoke(Unknown Source)&#13;&#10;&#9;at java.lang.reflect.Method.invoke(Unknown Source)&#13;&#10;&#9;at org.junit.runners.model.FrameworkMethod$1.runReflectiveCall(FrameworkMethod.java:47)&#13;&#10;&#9;at org.junit.internal.runners.model.ReflectiveCallable.run(ReflectiveCallable.java:12)&#13;&#10;&#9;at org.junit.runners.model.FrameworkMethod.invokeExplosively(FrameworkMethod.java:44)&#13;&#10;&#9;at org.junit.internal.runners.statements.InvokeMethod.evaluate(InvokeMethod.java:17)&#13;&#10;&#9;at org.junit.runners.ParentRunner.runLeaf(ParentRunner.java:271)&#13;&#10;&#9;at org.junit.runners.BlockJUnit4ClassRunner.runChild(BlockJUnit4ClassRunner.java:70)&#13;&#10;&#9;at org.junit.runners.BlockJUnit4ClassRunner.runChild(BlockJUnit4ClassRunner.java:50)&#13;&#10;&#9;at org.junit.runners.ParentRunner$3.run(ParentRunner.java:238)&#13;&#10;&#9;at org.junit.runners.ParentRunner$1.schedule(ParentRunner.java:63)&#13;&#10;&#9;at org.junit.runners.ParentRunner.runChildren(ParentRunner.java:236)&#13;&#10;&#9;at org.junit.runners.ParentRunner.access$000(ParentRunner.java:53)&#13;&#10;&#9;at org.junit.runners.ParentRunner$2.evaluate(ParentRunner.java:229)&#13;&#10;&#9;at org.junit.runners.ParentRunner.run(ParentRunner.java:309)&#13;&#10;&#9;at org.eclipse.jdt.internal.junit4.runner.JUnit4TestReference.run(JUnit4TestReference.java:50)&#13;&#10;&#9;at org.eclipse.jdt.internal.junit.runner.TestExecution.run(TestExecution.java:38)&#13;&#10;&#9;at org.eclipse.jdt.internal.junit.runner.RemoteTestRunner.runTests(RemoteTestRunner.java:467)&#13;&#10;&#9;at org.eclipse.jdt.internal.junit.runner.RemoteTestRunner.runTests(RemoteTestRunner.java:683)&#13;&#10;&#9;at org.eclipse.jdt.internal.junit.runner.RemoteTestRunner.run(RemoteTestRunner.java:390)&#13;&#10;&#9;at org.codecover.juniteclipse.runner.EclipseTestRunner.main(EclipseTestRunner.java:40)" Date="1589513004898" Name="DrawTest:testPictureDoubleDoubleString">
<CovList/>
<AssgnmntList/>
<ObjMetaDataList/>
<MetaDataList/>
</TestCase>
<TestCase Comment="Failure&#10;java.lang.AssertionError: Not yet implemented&#13;&#10;&#9;at org.junit.Assert.fail(Assert.java:88)&#13;&#10;&#9;at DrawTest.testTextDoubleDoubleString(DrawTest.java:316)&#13;&#10;&#9;at sun.reflect.NativeMethodAccessorImpl.invoke0(Native Method)&#13;&#10;&#9;at sun.reflect.NativeMethodAccessorImpl.invoke(Unknown Source)&#13;&#10;&#9;at sun.reflect.DelegatingMethodAccessorImpl.invoke(Unknown Source)&#13;&#10;&#9;at java.lang.reflect.Method.invoke(Unknown Source)&#13;&#10;&#9;at org.junit.runners.model.FrameworkMethod$1.runReflectiveCall(FrameworkMethod.java:47)&#13;&#10;&#9;at org.junit.internal.runners.model.ReflectiveCallable.run(ReflectiveCallable.java:12)&#13;&#10;&#9;at org.junit.runners.model.FrameworkMethod.invokeExplosively(FrameworkMethod.java:44)&#13;&#10;&#9;at org.junit.internal.runners.statements.InvokeMethod.evaluate(InvokeMethod.java:17)&#13;&#10;&#9;at org.junit.runners.ParentRunner.runLeaf(ParentRunner.java:271)&#13;&#10;&#9;at org.junit.runners.BlockJUnit4ClassRunner.runChild(BlockJUnit4ClassRunner.java:70)&#13;&#10;&#9;at org.junit.runners.BlockJUnit4ClassRunner.runChild(BlockJUnit4ClassRunner.java:50)&#13;&#10;&#9;at org.junit.runners.ParentRunner$3.run(ParentRunner.java:238)&#13;&#10;&#9;at org.junit.runners.ParentRunner$1.schedule(ParentRunner.java:63)&#13;&#10;&#9;at org.junit.runners.ParentRunner.runChildren(ParentRunner.java:236)&#13;&#10;&#9;at org.junit.runners.ParentRunner.access$000(ParentRunner.java:53)&#13;&#10;&#9;at org.junit.runners.ParentRunner$2.evaluate(ParentRunner.java:229)&#13;&#10;&#9;at org.junit.runners.ParentRunner.run(ParentRunner.java:309)&#13;&#10;&#9;at org.eclipse.jdt.internal.junit4.runner.JUnit4TestReference.run(JUnit4TestReference.java:50)&#13;&#10;&#9;at org.eclipse.jdt.internal.junit.runner.TestExecution.run(TestExecution.java:38)&#13;&#10;&#9;at org.eclipse.jdt.internal.junit.runner.RemoteTestRunner.runTests(RemoteTestRunner.java:467)&#13;&#10;&#9;at org.eclipse.jdt.internal.junit.runner.RemoteTestRunner.runTests(RemoteTestRunner.java:683)&#13;&#10;&#9;at org.eclipse.jdt.internal.junit.runner.RemoteTestRunner.run(RemoteTestRunner.java:390)&#13;&#10;&#9;at org.codecover.juniteclipse.runner.EclipseTestRunner.main(EclipseTestRunner.java:40)" Date="1589513005097" Name="DrawTest:testTextDoubleDoubleString">
<CovList/>
<AssgnmntList/>
<ObjMetaDataList/>
<MetaDataList/>
</TestCase>
<TestCase Comment="Failure&#10;java.lang.AssertionError: Not yet implemented&#13;&#10;&#9;at org.junit.Assert.fail(Assert.java:88)&#13;&#10;&#9;at DrawTest.testMouseMoved(DrawTest.java:431)&#13;&#10;&#9;at sun.reflect.NativeMethodAccessorImpl.invoke0(Native Method)&#13;&#10;&#9;at sun.reflect.NativeMethodAccessorImpl.invoke(Unknown Source)&#13;&#10;&#9;at sun.reflect.DelegatingMethodAccessorImpl.invoke(Unknown Source)&#13;&#10;&#9;at java.lang.reflect.Method.invoke(Unknown Source)&#13;&#10;&#9;at org.junit.runners.model.FrameworkMethod$1.runReflectiveCall(FrameworkMethod.java:47)&#13;&#10;&#9;at org.junit.internal.runners.model.ReflectiveCallable.run(ReflectiveCallable.java:12)&#13;&#10;&#9;at org.junit.runners.model.FrameworkMethod.invokeExplosively(FrameworkMethod.java:44)&#13;&#10;&#9;at org.junit.internal.runners.statements.InvokeMethod.evaluate(InvokeMethod.java:17)&#13;&#10;&#9;at org.junit.runners.ParentRunner.runLeaf(ParentRunner.java:271)&#13;&#10;&#9;at org.junit.runners.BlockJUnit4ClassRunner.runChild(BlockJUnit4ClassRunner.java:70)&#13;&#10;&#9;at org.junit.runners.BlockJUnit4ClassRunner.runChild(BlockJUnit4ClassRunner.java:50)&#13;&#10;&#9;at org.junit.runners.ParentRunner$3.run(ParentRunner.java:238)&#13;&#10;&#9;at org.junit.runners.ParentRunner$1.schedule(ParentRunner.java:63)&#13;&#10;&#9;at org.junit.runners.ParentRunner.runChildren(ParentRunner.java:236)&#13;&#10;&#9;at org.junit.runners.ParentRunner.access$000(ParentRunner.java:53)&#13;&#10;&#9;at org.junit.runners.ParentRunner$2.evaluate(ParentRunner.java:229)&#13;&#10;&#9;at org.junit.runners.ParentRunner.run(ParentRunner.java:309)&#13;&#10;&#9;at org.eclipse.jdt.internal.junit4.runner.JUnit4TestReference.run(JUnit4TestReference.java:50)&#13;&#10;&#9;at org.eclipse.jdt.internal.junit.runner.TestExecution.run(TestExecution.java:38)&#13;&#10;&#9;at org.eclipse.jdt.internal.junit.runner.RemoteTestRunner.runTests(RemoteTestRunner.java:467)&#13;&#10;&#9;at org.eclipse.jdt.internal.junit.runner.RemoteTestRunner.runTests(RemoteTestRunner.java:683)&#13;&#10;&#9;at org.eclipse.jdt.internal.junit.runner.RemoteTestRunner.run(RemoteTestRunner.java:390)&#13;&#10;&#9;at org.codecover.juniteclipse.runner.EclipseTestRunner.main(EclipseTestRunner.java:40)" Date="1589513005194" Name="DrawTest:testMouseMoved">
<CovList/>
<AssgnmntList/>
<ObjMetaDataList/>
<MetaDataList/>
</TestCase>
<TestCase Comment="Failure&#10;java.lang.AssertionError: Not yet implemented&#13;&#10;&#9;at org.junit.Assert.fail(Assert.java:88)&#13;&#10;&#9;at DrawTest.testHasNextKeyTyped(DrawTest.java:436)&#13;&#10;&#9;at sun.reflect.NativeMethodAccessorImpl.invoke0(Native Method)&#13;&#10;&#9;at sun.reflect.NativeMethodAccessorImpl.invoke(Unknown Source)&#13;&#10;&#9;at sun.reflect.DelegatingMethodAccessorImpl.invoke(Unknown Source)&#13;&#10;&#9;at java.lang.reflect.Method.invoke(Unknown Source)&#13;&#10;&#9;at org.junit.runners.model.FrameworkMethod$1.runReflectiveCall(FrameworkMethod.java:47)&#13;&#10;&#9;at org.junit.internal.runners.model.ReflectiveCallable.run(ReflectiveCallable.java:12)&#13;&#10;&#9;at org.junit.runners.model.FrameworkMethod.invokeExplosively(FrameworkMethod.java:44)&#13;&#10;&#9;at org.junit.internal.runners.statements.InvokeMethod.evaluate(InvokeMethod.java:17)&#13;&#10;&#9;at org.junit.runners.ParentRunner.runLeaf(ParentRunner.java:271)&#13;&#10;&#9;at org.junit.runners.BlockJUnit4ClassRunner.runChild(BlockJUnit4ClassRunner.java:70)&#13;&#10;&#9;at org.junit.runners.BlockJUnit4ClassRunner.runChild(BlockJUnit4ClassRunner.java:50)&#13;&#10;&#9;at org.junit.runners.ParentRunner$3.run(ParentRunner.java:238)&#13;&#10;&#9;at org.junit.runners.ParentRunner$1.schedule(ParentRunner.java:63)&#13;&#10;&#9;at org.junit.runners.ParentRunner.runChildren(ParentRunner.java:236)&#13;&#10;&#9;at org.junit.runners.ParentRunner.access$000(ParentRunner.java:53)&#13;&#10;&#9;at org.junit.runners.ParentRunner$2.evaluate(ParentRunner.java:229)&#13;&#10;&#9;at org.junit.runners.ParentRunner.run(ParentRunner.java:309)&#13;&#10;&#9;at org.eclipse.jdt.internal.junit4.runner.JUnit4TestReference.run(JUnit4TestReference.java:50)&#13;&#10;&#9;at org.eclipse.jdt.internal.junit.runner.TestExecution.run(TestExecution.java:38)&#13;&#10;&#9;at org.eclipse.jdt.internal.junit.runner.RemoteTestRunner.runTests(RemoteTestRunner.java:467)&#13;&#10;&#9;at org.eclipse.jdt.internal.junit.runner.RemoteTestRunner.runTests(RemoteTestRunner.java:683)&#13;&#10;&#9;at org.eclipse.jdt.internal.junit.runner.RemoteTestRunner.run(RemoteTestRunner.java:390)&#13;&#10;&#9;at org.codecover.juniteclipse.runner.EclipseTestRunner.main(EclipseTestRunner.java:40)" Date="1589513005246" Name="DrawTest:testHasNextKeyTyped">
<CovList/>
<AssgnmntList/>
<ObjMetaDataList/>
<MetaDataList/>
</TestCase>
<TestCase Comment="Failure&#10;java.lang.AssertionError: Not yet implemented&#13;&#10;&#9;at org.junit.Assert.fail(Assert.java:88)&#13;&#10;&#9;at DrawTest.testFilledCircle(DrawTest.java:241)&#13;&#10;&#9;at sun.reflect.NativeMethodAccessorImpl.invoke0(Native Method)&#13;&#10;&#9;at sun.reflect.NativeMethodAccessorImpl.invoke(Unknown Source)&#13;&#10;&#9;at sun.reflect.DelegatingMethodAccessorImpl.invoke(Unknown Source)&#13;&#10;&#9;at java.lang.reflect.Method.invoke(Unknown Source)&#13;&#10;&#9;at org.junit.runners.model.FrameworkMethod$1.runReflectiveCall(FrameworkMethod.java:47)&#13;&#10;&#9;at org.junit.internal.runners.model.ReflectiveCallable.run(ReflectiveCallable.java:12)&#13;&#10;&#9;at org.junit.runners.model.FrameworkMethod.invokeExplosively(FrameworkMethod.java:44)&#13;&#10;&#9;at org.junit.internal.runners.statements.InvokeMethod.evaluate(InvokeMethod.java:17)&#13;&#10;&#9;at org.junit.runners.ParentRunner.runLeaf(ParentRunner.java:271)&#13;&#10;&#9;at org.junit.runners.BlockJUnit4ClassRunner.runChild(BlockJUnit4ClassRunner.java:70)&#13;&#10;&#9;at org.junit.runners.BlockJUnit4ClassRunner.runChild(BlockJUnit4ClassRunner.java:50)&#13;&#10;&#9;at org.junit.runners.ParentRunner$3.run(ParentRunner.java:238)&#13;&#10;&#9;at org.junit.runners.ParentRunner$1.schedule(ParentRunner.java:63)&#13;&#10;&#9;at org.junit.runners.ParentRunner.runChildren(ParentRunner.java:236)&#13;&#10;&#9;at org.junit.runners.ParentRunner.access$000(ParentRunner.java:53)&#13;&#10;&#9;at org.junit.runners.ParentRunner$2.evaluate(ParentRunner.java:229)&#13;&#10;&#9;at org.junit.runners.ParentRunner.run(ParentRunner.java:309)&#13;&#10;&#9;at org.eclipse.jdt.internal.junit4.runner.JUnit4TestReference.run(JUnit4TestReference.java:50)&#13;&#10;&#9;at org.eclipse.jdt.internal.junit.runner.TestExecution.run(TestExecution.java:38)&#13;&#10;&#9;at org.eclipse.jdt.internal.junit.runner.RemoteTestRunner.runTests(RemoteTestRunner.java:467)&#13;&#10;&#9;at org.eclipse.jdt.internal.junit.runner.RemoteTestRunner.runTests(RemoteTestRunner.java:683)&#13;&#10;&#9;at org.eclipse.jdt.internal.junit.runner.RemoteTestRunner.run(RemoteTestRunner.java:390)&#13;&#10;&#9;at org.codecover.juniteclipse.runner.EclipseTestRunner.main(EclipseTestRunner.java:40)" Date="1589513005367" Name="DrawTest:testFilledCircle">
<CovList/>
<AssgnmntList/>
<ObjMetaDataList/>
<MetaDataList/>
</TestCase>
<TestCase Comment="Failure&#10;java.lang.AssertionError: Not yet implemented&#13;&#10;&#9;at org.junit.Assert.fail(Assert.java:88)&#13;&#10;&#9;at DrawTest.testNextKeyTyped(DrawTest.java:441)&#13;&#10;&#9;at sun.reflect.NativeMethodAccessorImpl.invoke0(Native Method)&#13;&#10;&#9;at sun.reflect.NativeMethodAccessorImpl.invoke(Unknown Source)&#13;&#10;&#9;at sun.reflect.DelegatingMethodAccessorImpl.invoke(Unknown Source)&#13;&#10;&#9;at java.lang.reflect.Method.invoke(Unknown Source)&#13;&#10;&#9;at org.junit.runners.model.FrameworkMethod$1.runReflectiveCall(FrameworkMethod.java:47)&#13;&#10;&#9;at org.junit.internal.runners.model.ReflectiveCallable.run(ReflectiveCallable.java:12)&#13;&#10;&#9;at org.junit.runners.model.FrameworkMethod.invokeExplosively(FrameworkMethod.java:44)&#13;&#10;&#9;at org.junit.internal.runners.statements.InvokeMethod.evaluate(InvokeMethod.java:17)&#13;&#10;&#9;at org.junit.runners.ParentRunner.runLeaf(ParentRunner.java:271)&#13;&#10;&#9;at org.junit.runners.BlockJUnit4ClassRunner.runChild(BlockJUnit4ClassRunner.java:70)&#13;&#10;&#9;at org.junit.runners.BlockJUnit4ClassRunner.runChild(BlockJUnit4ClassRunner.java:50)&#13;&#10;&#9;at org.junit.runners.ParentRunner$3.run(ParentRunner.java:238)&#13;&#10;&#9;at org.junit.runners.ParentRunner$1.schedule(ParentRunner.java:63)&#13;&#10;&#9;at org.junit.runners.ParentRunner.runChildren(ParentRunner.java:236)&#13;&#10;&#9;at org.junit.runners.ParentRunner.access$000(ParentRunner.java:53)&#13;&#10;&#9;at org.junit.runners.ParentRunner$2.evaluate(ParentRunner.java:229)&#13;&#10;&#9;at org.junit.runners.ParentRunner.run(ParentRunner.java:309)&#13;&#10;&#9;at org.eclipse.jdt.internal.junit4.runner.JUnit4TestReference.run(JUnit4TestReference.java:50)&#13;&#10;&#9;at org.eclipse.jdt.internal.junit.runner.TestExecution.run(TestExecution.java:38)&#13;&#10;&#9;at org.eclipse.jdt.internal.junit.runner.RemoteTestRunner.runTests(RemoteTestRunner.java:467)&#13;&#10;&#9;at org.eclipse.jdt.internal.junit.runner.RemoteTestRunner.runTests(RemoteTestRunner.java:683)&#13;&#10;&#9;at org.eclipse.jdt.internal.junit.runner.RemoteTestRunner.run(RemoteTestRunner.java:390)&#13;&#10;&#9;at org.codecover.juniteclipse.runner.EclipseTestRunner.main(EclipseTestRunner.java:40)" Date="1589513005500" Name="DrawTest:testNextKeyTyped">
<CovList/>
<AssgnmntList/>
<ObjMetaDataList/>
<MetaDataList/>
</TestCase>
<TestCase Comment="Failure&#10;java.lang.AssertionError: Not yet implemented&#13;&#10;&#9;at org.junit.Assert.fail(Assert.java:88)&#13;&#10;&#9;at DrawTest.testMouseDragged(DrawTest.java:426)&#13;&#10;&#9;at sun.reflect.NativeMethodAccessorImpl.invoke0(Native Method)&#13;&#10;&#9;at sun.reflect.NativeMethodAccessorImpl.invoke(Unknown Source)&#13;&#10;&#9;at sun.reflect.DelegatingMethodAccessorImpl.invoke(Unknown Source)&#13;&#10;&#9;at java.lang.reflect.Method.invoke(Unknown Source)&#13;&#10;&#9;at org.junit.runners.model.FrameworkMethod$1.runReflectiveCall(FrameworkMethod.java:47)&#13;&#10;&#9;at org.junit.internal.runners.model.ReflectiveCallable.run(ReflectiveCallable.java:12)&#13;&#10;&#9;at org.junit.runners.model.FrameworkMethod.invokeExplosively(FrameworkMethod.java:44)&#13;&#10;&#9;at org.junit.internal.runners.statements.InvokeMethod.evaluate(InvokeMethod.java:17)&#13;&#10;&#9;at org.junit.runners.ParentRunner.runLeaf(ParentRunner.java:271)&#13;&#10;&#9;at org.junit.runners.BlockJUnit4ClassRunner.runChild(BlockJUnit4ClassRunner.java:70)&#13;&#10;&#9;at org.junit.runners.BlockJUnit4ClassRunner.runChild(BlockJUnit4ClassRunner.java:50)&#13;&#10;&#9;at org.junit.runners.ParentRunner$3.run(ParentRunner.java:238)&#13;&#10;&#9;at org.junit.runners.ParentRunner$1.schedule(ParentRunner.java:63)&#13;&#10;&#9;at org.junit.runners.ParentRunner.runChildren(ParentRunner.java:236)&#13;&#10;&#9;at org.junit.runners.ParentRunner.access$000(ParentRunner.java:53)&#13;&#10;&#9;at org.junit.runners.ParentRunner$2.evaluate(ParentRunner.java:229)&#13;&#10;&#9;at org.junit.runners.ParentRunner.run(ParentRunner.java:309)&#13;&#10;&#9;at org.eclipse.jdt.internal.junit4.runner.JUnit4TestReference.run(JUnit4TestReference.java:50)&#13;&#10;&#9;at org.eclipse.jdt.internal.junit.runner.TestExecution.run(TestExecution.java:38)&#13;&#10;&#9;at org.eclipse.jdt.internal.junit.runner.RemoteTestRunner.runTests(RemoteTestRunner.java:467)&#13;&#10;&#9;at org.eclipse.jdt.internal.junit.runner.RemoteTestRunner.runTests(RemoteTestRunner.java:683)&#13;&#10;&#9;at org.eclipse.jdt.internal.junit.runner.RemoteTestRunner.run(RemoteTestRunner.java:390)&#13;&#10;&#9;at org.codecover.juniteclipse.runner.EclipseTestRunner.main(EclipseTestRunner.java:40)" Date="1589513005612" Name="DrawTest:testMouseDragged">
<CovList/>
<AssgnmntList/>
<ObjMetaDataList/>
<MetaDataList/>
</TestCase>
<TestCase Comment="Failure&#10;java.lang.AssertionError: Not yet implemented&#13;&#10;&#9;at org.junit.Assert.fail(Assert.java:88)&#13;&#10;&#9;at DrawTest.testMousePressedMouseEvent(DrawTest.java:411)&#13;&#10;&#9;at sun.reflect.NativeMethodAccessorImpl.invoke0(Native Method)&#13;&#10;&#9;at sun.reflect.NativeMethodAccessorImpl.invoke(Unknown Source)&#13;&#10;&#9;at sun.reflect.DelegatingMethodAccessorImpl.invoke(Unknown Source)&#13;&#10;&#9;at java.lang.reflect.Method.invoke(Unknown Source)&#13;&#10;&#9;at org.junit.runners.model.FrameworkMethod$1.runReflectiveCall(FrameworkMethod.java:47)&#13;&#10;&#9;at org.junit.internal.runners.model.ReflectiveCallable.run(ReflectiveCallable.java:12)&#13;&#10;&#9;at org.junit.runners.model.FrameworkMethod.invokeExplosively(FrameworkMethod.java:44)&#13;&#10;&#9;at org.junit.internal.runners.statements.InvokeMethod.evaluate(InvokeMethod.java:17)&#13;&#10;&#9;at org.junit.runners.ParentRunner.runLeaf(ParentRunner.java:271)&#13;&#10;&#9;at org.junit.runners.BlockJUnit4ClassRunner.runChild(BlockJUnit4ClassRunner.java:70)&#13;&#10;&#9;at org.junit.runners.BlockJUnit4ClassRunner.runChild(BlockJUnit4ClassRunner.java:50)&#13;&#10;&#9;at org.junit.runners.ParentRunner$3.run(ParentRunner.java:238)&#13;&#10;&#9;at org.junit.runners.ParentRunner$1.schedule(ParentRunner.java:63)&#13;&#10;&#9;at org.junit.runners.ParentRunner.runChildren(ParentRunner.java:236)&#13;&#10;&#9;at org.junit.runners.ParentRunner.access$000(ParentRunner.java:53)&#13;&#10;&#9;at org.junit.runners.ParentRunner$2.evaluate(ParentRunner.java:229)&#13;&#10;&#9;at org.junit.runners.ParentRunner.run(ParentRunner.java:309)&#13;&#10;&#9;at org.eclipse.jdt.internal.junit4.runner.JUnit4TestReference.run(JUnit4TestReference.java:50)&#13;&#10;&#9;at org.eclipse.jdt.internal.junit.runner.TestExecution.run(TestExecution.java:38)&#13;&#10;&#9;at org.eclipse.jdt.internal.junit.runner.RemoteTestRunner.runTests(RemoteTestRunner.java:467)&#13;&#10;&#9;at org.eclipse.jdt.internal.junit.runner.RemoteTestRunner.runTests(RemoteTestRunner.java:683)&#13;&#10;&#9;at org.eclipse.jdt.internal.junit.runner.RemoteTestRunner.run(RemoteTestRunner.java:390)&#13;&#10;&#9;at org.codecover.juniteclipse.runner.EclipseTestRunner.main(EclipseTestRunner.java:40)" Date="1589513005705" Name="DrawTest:testMousePressedMouseEvent">
<CovList/>
<AssgnmntList/>
<ObjMetaDataList/>
<MetaDataList/>
</TestCase>
<TestCase Comment="Failure&#10;java.lang.AssertionError: Not yet implemented&#13;&#10;&#9;at org.junit.Assert.fail(Assert.java:88)&#13;&#10;&#9;at DrawTest.testEnableDoubleBuffering(DrawTest.java:356)&#13;&#10;&#9;at sun.reflect.NativeMethodAccessorImpl.invoke0(Native Method)&#13;&#10;&#9;at sun.reflect.NativeMethodAccessorImpl.invoke(Unknown Source)&#13;&#10;&#9;at sun.reflect.DelegatingMethodAccessorImpl.invoke(Unknown Source)&#13;&#10;&#9;at java.lang.reflect.Method.invoke(Unknown Source)&#13;&#10;&#9;at org.junit.runners.model.FrameworkMethod$1.runReflectiveCall(FrameworkMethod.java:47)&#13;&#10;&#9;at org.junit.internal.runners.model.ReflectiveCallable.run(ReflectiveCallable.java:12)&#13;&#10;&#9;at org.junit.runners.model.FrameworkMethod.invokeExplosively(FrameworkMethod.java:44)&#13;&#10;&#9;at org.junit.internal.runners.statements.InvokeMethod.evaluate(InvokeMethod.java:17)&#13;&#10;&#9;at org.junit.runners.ParentRunner.runLeaf(ParentRunner.java:271)&#13;&#10;&#9;at org.junit.runners.BlockJUnit4ClassRunner.runChild(BlockJUnit4ClassRunner.java:70)&#13;&#10;&#9;at org.junit.runners.BlockJUnit4ClassRunner.runChild(BlockJUnit4ClassRunner.java:50)&#13;&#10;&#9;at org.junit.runners.ParentRunner$3.run(ParentRunner.java:238)&#13;&#10;&#9;at org.junit.runners.ParentRunner$1.schedule(ParentRunner.java:63)&#13;&#10;&#9;at org.junit.runners.ParentRunner.runChildren(ParentRunner.java:236)&#13;&#10;&#9;at org.junit.runners.ParentRunner.access$000(ParentRunner.java:53)&#13;&#10;&#9;at org.junit.runners.ParentRunner$2.evaluate(ParentRunner.java:229)&#13;&#10;&#9;at org.junit.runners.ParentRunner.run(ParentRunner.java:309)&#13;&#10;&#9;at org.eclipse.jdt.internal.junit4.runner.JUnit4TestReference.run(JUnit4TestReference.java:50)&#13;&#10;&#9;at org.eclipse.jdt.internal.junit.runner.TestExecution.run(TestExecution.java:38)&#13;&#10;&#9;at org.eclipse.jdt.internal.junit.runner.RemoteTestRunner.runTests(RemoteTestRunner.java:467)&#13;&#10;&#9;at org.eclipse.jdt.internal.junit.runner.RemoteTestRunner.runTests(RemoteTestRunner.java:683)&#13;&#10;&#9;at org.eclipse.jdt.internal.junit.runner.RemoteTestRunner.run(RemoteTestRunner.java:390)&#13;&#10;&#9;at org.codecover.juniteclipse.runner.EclipseTestRunner.main(EclipseTestRunner.java:40)" Date="1589513005786" Name="DrawTest:testEnableDoubleBuffering">
<CovList/>
<AssgnmntList/>
<ObjMetaDataList/>
<MetaDataList/>
</TestCase>
<TestCase Comment="Failure&#10;java.lang.AssertionError: Not yet implemented&#13;&#10;&#9;at org.junit.Assert.fail(Assert.java:88)&#13;&#10;&#9;at DrawTest.testFilledRectangle(DrawTest.java:276)&#13;&#10;&#9;at sun.reflect.NativeMethodAccessorImpl.invoke0(Native Method)&#13;&#10;&#9;at sun.reflect.NativeMethodAccessorImpl.invoke(Unknown Source)&#13;&#10;&#9;at sun.reflect.DelegatingMethodAccessorImpl.invoke(Unknown Source)&#13;&#10;&#9;at java.lang.reflect.Method.invoke(Unknown Source)&#13;&#10;&#9;at org.junit.runners.model.FrameworkMethod$1.runReflectiveCall(FrameworkMethod.java:47)&#13;&#10;&#9;at org.junit.internal.runners.model.ReflectiveCallable.run(ReflectiveCallable.java:12)&#13;&#10;&#9;at org.junit.runners.model.FrameworkMethod.invokeExplosively(FrameworkMethod.java:44)&#13;&#10;&#9;at org.junit.internal.runners.statements.InvokeMethod.evaluate(InvokeMethod.java:17)&#13;&#10;&#9;at org.junit.runners.ParentRunner.runLeaf(ParentRunner.java:271)&#13;&#10;&#9;at org.junit.runners.BlockJUnit4ClassRunner.runChild(BlockJUnit4ClassRunner.java:70)&#13;&#10;&#9;at org.junit.runners.BlockJUnit4ClassRunner.runChild(BlockJUnit4ClassRunner.java:50)&#13;&#10;&#9;at org.junit.runners.ParentRunner$3.run(ParentRunner.java:238)&#13;&#10;&#9;at org.junit.runners.ParentRunner$1.schedule(ParentRunner.java:63)&#13;&#10;&#9;at org.junit.runners.ParentRunner.runChildren(ParentRunner.java:236)&#13;&#10;&#9;at org.junit.runners.ParentRunner.access$000(ParentRunner.java:53)&#13;&#10;&#9;at org.junit.runners.ParentRunner$2.evaluate(ParentRunner.java:229)&#13;&#10;&#9;at org.junit.runners.ParentRunner.run(ParentRunner.java:309)&#13;&#10;&#9;at org.eclipse.jdt.internal.junit4.runner.JUnit4TestReference.run(JUnit4TestReference.java:50)&#13;&#10;&#9;at org.eclipse.jdt.internal.junit.runner.TestExecution.run(TestExecution.java:38)&#13;&#10;&#9;at org.eclipse.jdt.internal.junit.runner.RemoteTestRunner.runTests(RemoteTestRunner.java:467)&#13;&#10;&#9;at org.eclipse.jdt.internal.junit.runner.RemoteTestRunner.runTests(RemoteTestRunner.java:683)&#13;&#10;&#9;at org.eclipse.jdt.internal.junit.runner.RemoteTestRunner.run(RemoteTestRunner.java:390)&#13;&#10;&#9;at org.codecover.juniteclipse.runner.EclipseTestRunner.main(EclipseTestRunner.java:40)" Date="1589513005875" Name="DrawTest:testFilledRectangle">
<CovList/>
<AssgnmntList/>
<ObjMetaDataList/>
<MetaDataList/>
</TestCase>
<TestCase Comment="Failure&#10;java.lang.AssertionError: Not yet implemented&#13;&#10;&#9;at org.junit.Assert.fail(Assert.java:88)&#13;&#10;&#9;at DrawTest.testCreateMenuBar(DrawTest.java:62)&#13;&#10;&#9;at sun.reflect.NativeMethodAccessorImpl.invoke0(Native Method)&#13;&#10;&#9;at sun.reflect.NativeMethodAccessorImpl.invoke(Unknown Source)&#13;&#10;&#9;at sun.reflect.DelegatingMethodAccessorImpl.invoke(Unknown Source)&#13;&#10;&#9;at java.lang.reflect.Method.invoke(Unknown Source)&#13;&#10;&#9;at org.junit.runners.model.FrameworkMethod$1.runReflectiveCall(FrameworkMethod.java:47)&#13;&#10;&#9;at org.junit.internal.runners.model.ReflectiveCallable.run(ReflectiveCallable.java:12)&#13;&#10;&#9;at org.junit.runners.model.FrameworkMethod.invokeExplosively(FrameworkMethod.java:44)&#13;&#10;&#9;at org.junit.internal.runners.statements.InvokeMethod.evaluate(InvokeMethod.java:17)&#13;&#10;&#9;at org.junit.runners.ParentRunner.runLeaf(ParentRunner.java:271)&#13;&#10;&#9;at org.junit.runners.BlockJUnit4ClassRunner.runChild(BlockJUnit4ClassRunner.java:70)&#13;&#10;&#9;at org.junit.runners.BlockJUnit4ClassRunner.runChild(BlockJUnit4ClassRunner.java:50)&#13;&#10;&#9;at org.junit.runners.ParentRunner$3.run(ParentRunner.java:238)&#13;&#10;&#9;at org.junit.runners.ParentRunner$1.schedule(ParentRunner.java:63)&#13;&#10;&#9;at org.junit.runners.ParentRunner.runChildren(ParentRunner.java:236)&#13;&#10;&#9;at org.junit.runners.ParentRunner.access$000(ParentRunner.java:53)&#13;&#10;&#9;at org.junit.runners.ParentRunner$2.evaluate(ParentRunner.java:229)&#13;&#10;&#9;at org.junit.runners.ParentRunner.run(ParentRunner.java:309)&#13;&#10;&#9;at org.eclipse.jdt.internal.junit4.runner.JUnit4TestReference.run(JUnit4TestReference.java:50)&#13;&#10;&#9;at org.eclipse.jdt.internal.junit.runner.TestExecution.run(TestExecution.java:38)&#13;&#10;&#9;at org.eclipse.jdt.internal.junit.runner.RemoteTestRunner.runTests(RemoteTestRunner.java:467)&#13;&#10;&#9;at org.eclipse.jdt.internal.junit.runner.RemoteTestRunner.runTests(RemoteTestRunner.java:683)&#13;&#10;&#9;at org.eclipse.jdt.internal.junit.runner.RemoteTestRunner.run(RemoteTestRunner.java:390)&#13;&#10;&#9;at org.codecover.juniteclipse.runner.EclipseTestRunner.main(EclipseTestRunner.java:40)" Date="1589513005979" Name="DrawTest:testCreateMenuBar">
<CovList/>
<AssgnmntList/>
<ObjMetaDataList/>
<MetaDataList/>
</TestCase>
<TestCase Comment="Failure&#10;java.lang.AssertionError: Not yet implemented&#13;&#10;&#9;at org.junit.Assert.fail(Assert.java:88)&#13;&#10;&#9;at DrawTest.testSetPenColorColor(DrawTest.java:181)&#13;&#10;&#9;at sun.reflect.NativeMethodAccessorImpl.invoke0(Native Method)&#13;&#10;&#9;at sun.reflect.NativeMethodAccessorImpl.invoke(Unknown Source)&#13;&#10;&#9;at sun.reflect.DelegatingMethodAccessorImpl.invoke(Unknown Source)&#13;&#10;&#9;at java.lang.reflect.Method.invoke(Unknown Source)&#13;&#10;&#9;at org.junit.runners.model.FrameworkMethod$1.runReflectiveCall(FrameworkMethod.java:47)&#13;&#10;&#9;at org.junit.internal.runners.model.ReflectiveCallable.run(ReflectiveCallable.java:12)&#13;&#10;&#9;at org.junit.runners.model.FrameworkMethod.invokeExplosively(FrameworkMethod.java:44)&#13;&#10;&#9;at org.junit.internal.runners.statements.InvokeMethod.evaluate(InvokeMethod.java:17)&#13;&#10;&#9;at org.junit.runners.ParentRunner.runLeaf(ParentRunner.java:271)&#13;&#10;&#9;at org.junit.runners.BlockJUnit4ClassRunner.runChild(BlockJUnit4ClassRunner.java:70)&#13;&#10;&#9;at org.junit.runners.BlockJUnit4ClassRunner.runChild(BlockJUnit4ClassRunner.java:50)&#13;&#10;&#9;at org.junit.runners.ParentRunner$3.run(ParentRunner.java:238)&#13;&#10;&#9;at org.junit.runners.ParentRunner$1.schedule(ParentRunner.java:63)&#13;&#10;&#9;at org.junit.runners.ParentRunner.runChildren(ParentRunner.java:236)&#13;&#10;&#9;at org.junit.runners.ParentRunner.access$000(ParentRunner.java:53)&#13;&#10;&#9;at org.junit.runners.ParentRunner$2.evaluate(ParentRunner.java:229)&#13;&#10;&#9;at org.junit.runners.ParentRunner.run(ParentRunner.java:309)&#13;&#10;&#9;at org.eclipse.jdt.internal.junit4.runner.JUnit4TestReference.run(JUnit4TestReference.java:50)&#13;&#10;&#9;at org.eclipse.jdt.internal.junit.runner.TestExecution.run(TestExecution.java:38)&#13;&#10;&#9;at org.eclipse.jdt.internal.junit.runner.RemoteTestRunner.runTests(RemoteTestRunner.java:467)&#13;&#10;&#9;at org.eclipse.jdt.internal.junit.runner.RemoteTestRunner.runTests(RemoteTestRunner.java:683)&#13;&#10;&#9;at org.eclipse.jdt.internal.junit.runner.RemoteTestRunner.run(RemoteTestRunner.java:390)&#13;&#10;&#9;at org.codecover.juniteclipse.runner.EclipseTestRunner.main(EclipseTestRunner.java:40)" Date="1589513006153" Name="DrawTest:testSetPenColorColor">
<CovList/>
<AssgnmntList/>
<ObjMetaDataList/>
<MetaDataList/>
</TestCase>
<TestCase Comment="Failure&#10;java.lang.AssertionError: Not yet implemented&#13;&#10;&#9;at org.junit.Assert.fail(Assert.java:88)&#13;&#10;&#9;at DrawTest.testFilledSquare(DrawTest.java:266)&#13;&#10;&#9;at sun.reflect.NativeMethodAccessorImpl.invoke0(Native Method)&#13;&#10;&#9;at sun.reflect.NativeMethodAccessorImpl.invoke(Unknown Source)&#13;&#10;&#9;at sun.reflect.DelegatingMethodAccessorImpl.invoke(Unknown Source)&#13;&#10;&#9;at java.lang.reflect.Method.invoke(Unknown Source)&#13;&#10;&#9;at org.junit.runners.model.FrameworkMethod$1.runReflectiveCall(FrameworkMethod.java:47)&#13;&#10;&#9;at org.junit.internal.runners.model.ReflectiveCallable.run(ReflectiveCallable.java:12)&#13;&#10;&#9;at org.junit.runners.model.FrameworkMethod.invokeExplosively(FrameworkMethod.java:44)&#13;&#10;&#9;at org.junit.internal.runners.statements.InvokeMethod.evaluate(InvokeMethod.java:17)&#13;&#10;&#9;at org.junit.runners.ParentRunner.runLeaf(ParentRunner.java:271)&#13;&#10;&#9;at org.junit.runners.BlockJUnit4ClassRunner.runChild(BlockJUnit4ClassRunner.java:70)&#13;&#10;&#9;at org.junit.runners.BlockJUnit4ClassRunner.runChild(BlockJUnit4ClassRunner.java:50)&#13;&#10;&#9;at org.junit.runners.ParentRunner$3.run(ParentRunner.java:238)&#13;&#10;&#9;at org.junit.runners.ParentRunner$1.schedule(ParentRunner.java:63)&#13;&#10;&#9;at org.junit.runners.ParentRunner.runChildren(ParentRunner.java:236)&#13;&#10;&#9;at org.junit.runners.ParentRunner.access$000(ParentRunner.java:53)&#13;&#10;&#9;at org.junit.runners.ParentRunner$2.evaluate(ParentRunner.java:229)&#13;&#10;&#9;at org.junit.runners.ParentRunner.run(ParentRunner.java:309)&#13;&#10;&#9;at org.eclipse.jdt.internal.junit4.runner.JUnit4TestReference.run(JUnit4TestReference.java:50)&#13;&#10;&#9;at org.eclipse.jdt.internal.junit.runner.TestExecution.run(TestExecution.java:38)&#13;&#10;&#9;at org.eclipse.jdt.internal.junit.runner.RemoteTestRunner.runTests(RemoteTestRunner.java:467)&#13;&#10;&#9;at org.eclipse.jdt.internal.junit.runner.RemoteTestRunner.runTests(RemoteTestRunner.java:683)&#13;&#10;&#9;at org.eclipse.jdt.internal.junit.runner.RemoteTestRunner.run(RemoteTestRunner.java:390)&#13;&#10;&#9;at org.codecover.juniteclipse.runner.EclipseTestRunner.main(EclipseTestRunner.java:40)" Date="1589513006250" Name="DrawTest:testFilledSquare">
<CovList/>
<AssgnmntList/>
<ObjMetaDataList/>
<MetaDataList/>
</TestCase>
<TestCase Comment="Failure&#10;java.lang.AssertionError: Not yet implemented&#13;&#10;&#9;at org.junit.Assert.fail(Assert.java:88)&#13;&#10;&#9;at DrawTest.testSetPenColorIntIntInt(DrawTest.java:186)&#13;&#10;&#9;at sun.reflect.NativeMethodAccessorImpl.invoke0(Native Method)&#13;&#10;&#9;at sun.reflect.NativeMethodAccessorImpl.invoke(Unknown Source)&#13;&#10;&#9;at sun.reflect.DelegatingMethodAccessorImpl.invoke(Unknown Source)&#13;&#10;&#9;at java.lang.reflect.Method.invoke(Unknown Source)&#13;&#10;&#9;at org.junit.runners.model.FrameworkMethod$1.runReflectiveCall(FrameworkMethod.java:47)&#13;&#10;&#9;at org.junit.internal.runners.model.ReflectiveCallable.run(ReflectiveCallable.java:12)&#13;&#10;&#9;at org.junit.runners.model.FrameworkMethod.invokeExplosively(FrameworkMethod.java:44)&#13;&#10;&#9;at org.junit.internal.runners.statements.InvokeMethod.evaluate(InvokeMethod.java:17)&#13;&#10;&#9;at org.junit.runners.ParentRunner.runLeaf(ParentRunner.java:271)&#13;&#10;&#9;at org.junit.runners.BlockJUnit4ClassRunner.runChild(BlockJUnit4ClassRunner.java:70)&#13;&#10;&#9;at org.junit.runners.BlockJUnit4ClassRunner.runChild(BlockJUnit4ClassRunner.java:50)&#13;&#10;&#9;at org.junit.runners.ParentRunner$3.run(ParentRunner.java:238)&#13;&#10;&#9;at org.junit.runners.ParentRunner$1.schedule(ParentRunner.java:63)&#13;&#10;&#9;at org.junit.runners.ParentRunner.runChildren(ParentRunner.java:236)&#13;&#10;&#9;at org.junit.runners.ParentRunner.access$000(ParentRunner.java:53)&#13;&#10;&#9;at org.junit.runners.ParentRunner$2.evaluate(ParentRunner.java:229)&#13;&#10;&#9;at org.junit.runners.ParentRunner.run(ParentRunner.java:309)&#13;&#10;&#9;at org.eclipse.jdt.internal.junit4.runner.JUnit4TestReference.run(JUnit4TestReference.java:50)&#13;&#10;&#9;at org.eclipse.jdt.internal.junit.runner.TestExecution.run(TestExecution.java:38)&#13;&#10;&#9;at org.eclipse.jdt.internal.junit.runner.RemoteTestRunner.runTests(RemoteTestRunner.java:467)&#13;&#10;&#9;at org.eclipse.jdt.internal.junit.runner.RemoteTestRunner.runTests(RemoteTestRunner.java:683)&#13;&#10;&#9;at org.eclipse.jdt.internal.junit.runner.RemoteTestRunner.run(RemoteTestRunner.java:390)&#13;&#10;&#9;at org.codecover.juniteclipse.runner.EclipseTestRunner.main(EclipseTestRunner.java:40)" Date="1589513006339" Name="DrawTest:testSetPenColorIntIntInt">
<CovList/>
<AssgnmntList/>
<ObjMetaDataList/>
<MetaDataList/>
</TestCase>
<TestCase Comment="Failure&#10;java.lang.AssertionError: Not yet implemented&#13;&#10;&#9;at org.junit.Assert.fail(Assert.java:88)&#13;&#10;&#9;at DrawTest.testPictureDoubleDoubleStringDoubleDouble(DrawTest.java:306)&#13;&#10;&#9;at sun.reflect.NativeMethodAccessorImpl.invoke0(Native Method)&#13;&#10;&#9;at sun.reflect.NativeMethodAccessorImpl.invoke(Unknown Source)&#13;&#10;&#9;at sun.reflect.DelegatingMethodAccessorImpl.invoke(Unknown Source)&#13;&#10;&#9;at java.lang.reflect.Method.invoke(Unknown Source)&#13;&#10;&#9;at org.junit.runners.model.FrameworkMethod$1.runReflectiveCall(FrameworkMethod.java:47)&#13;&#10;&#9;at org.junit.internal.runners.model.ReflectiveCallable.run(ReflectiveCallable.java:12)&#13;&#10;&#9;at org.junit.runners.model.FrameworkMethod.invokeExplosively(FrameworkMethod.java:44)&#13;&#10;&#9;at org.junit.internal.runners.statements.InvokeMethod.evaluate(InvokeMethod.java:17)&#13;&#10;&#9;at org.junit.runners.ParentRunner.runLeaf(ParentRunner.java:271)&#13;&#10;&#9;at org.junit.runners.BlockJUnit4ClassRunner.runChild(BlockJUnit4ClassRunner.java:70)&#13;&#10;&#9;at org.junit.runners.BlockJUnit4ClassRunner.runChild(BlockJUnit4ClassRunner.java:50)&#13;&#10;&#9;at org.junit.runners.ParentRunner$3.run(ParentRunner.java:238)&#13;&#10;&#9;at org.junit.runners.ParentRunner$1.schedule(ParentRunner.java:63)&#13;&#10;&#9;at org.junit.runners.ParentRunner.runChildren(ParentRunner.java:236)&#13;&#10;&#9;at org.junit.runners.ParentRunner.access$000(ParentRunner.java:53)&#13;&#10;&#9;at org.junit.runners.ParentRunner$2.evaluate(ParentRunner.java:229)&#13;&#10;&#9;at org.junit.runners.ParentRunner.run(ParentRunner.java:309)&#13;&#10;&#9;at org.eclipse.jdt.internal.junit4.runner.JUnit4TestReference.run(JUnit4TestReference.java:50)&#13;&#10;&#9;at org.eclipse.jdt.internal.junit.runner.TestExecution.run(TestExecution.java:38)&#13;&#10;&#9;at org.eclipse.jdt.internal.junit.runner.RemoteTestRunner.runTests(RemoteTestRunner.java:467)&#13;&#10;&#9;at org.eclipse.jdt.internal.junit.runner.RemoteTestRunner.runTests(RemoteTestRunner.java:683)&#13;&#10;&#9;at org.eclipse.jdt.internal.junit.runner.RemoteTestRunner.run(RemoteTestRunner.java:390)&#13;&#10;&#9;at org.codecover.juniteclipse.runner.EclipseTestRunner.main(EclipseTestRunner.java:40)" Date="1589513006490" Name="DrawTest:testPictureDoubleDoubleStringDoubleDouble">
<CovList/>
<AssgnmntList/>
<ObjMetaDataList/>
<MetaDataList/>
</TestCase>
<TestCase Comment="Failure&#10;java.lang.AssertionError: Not yet implemented&#13;&#10;&#9;at org.junit.Assert.fail(Assert.java:88)&#13;&#10;&#9;at DrawTest.testGetJLabel(DrawTest.java:201)&#13;&#10;&#9;at sun.reflect.NativeMethodAccessorImpl.invoke0(Native Method)&#13;&#10;&#9;at sun.reflect.NativeMethodAccessorImpl.invoke(Unknown Source)&#13;&#10;&#9;at sun.reflect.DelegatingMethodAccessorImpl.invoke(Unknown Source)&#13;&#10;&#9;at java.lang.reflect.Method.invoke(Unknown Source)&#13;&#10;&#9;at org.junit.runners.model.FrameworkMethod$1.runReflectiveCall(FrameworkMethod.java:47)&#13;&#10;&#9;at org.junit.internal.runners.model.ReflectiveCallable.run(ReflectiveCallable.java:12)&#13;&#10;&#9;at org.junit.runners.model.FrameworkMethod.invokeExplosively(FrameworkMethod.java:44)&#13;&#10;&#9;at org.junit.internal.runners.statements.InvokeMethod.evaluate(InvokeMethod.java:17)&#13;&#10;&#9;at org.junit.runners.ParentRunner.runLeaf(ParentRunner.java:271)&#13;&#10;&#9;at org.junit.runners.BlockJUnit4ClassRunner.runChild(BlockJUnit4ClassRunner.java:70)&#13;&#10;&#9;at org.junit.runners.BlockJUnit4ClassRunner.runChild(BlockJUnit4ClassRunner.java:50)&#13;&#10;&#9;at org.junit.runners.ParentRunner$3.run(ParentRunner.java:238)&#13;&#10;&#9;at org.junit.runners.ParentRunner$1.schedule(ParentRunner.java:63)&#13;&#10;&#9;at org.junit.runners.ParentRunner.runChildren(ParentRunner.java:236)&#13;&#10;&#9;at org.junit.runners.ParentRunner.access$000(ParentRunner.java:53)&#13;&#10;&#9;at org.junit.runners.ParentRunner$2.evaluate(ParentRunner.java:229)&#13;&#10;&#9;at org.junit.runners.ParentRunner.run(ParentRunner.java:309)&#13;&#10;&#9;at org.eclipse.jdt.internal.junit4.runner.JUnit4TestReference.run(JUnit4TestReference.java:50)&#13;&#10;&#9;at org.eclipse.jdt.internal.junit.runner.TestExecution.run(TestExecution.java:38)&#13;&#10;&#9;at org.eclipse.jdt.internal.junit.runner.RemoteTestRunner.runTests(RemoteTestRunner.java:467)&#13;&#10;&#9;at org.eclipse.jdt.internal.junit.runner.RemoteTestRunner.runTests(RemoteTestRunner.java:683)&#13;&#10;&#9;at org.eclipse.jdt.internal.junit.runner.RemoteTestRunner.run(RemoteTestRunner.java:390)&#13;&#10;&#9;at org.codecover.juniteclipse.runner.EclipseTestRunner.main(EclipseTestRunner.java:40)" Date="1589513006622" Name="DrawTest:testGetJLabel">
<CovList/>
<AssgnmntList/>
<ObjMetaDataList/>
<MetaDataList/>
</TestCase>
<TestCase Comment="Failure&#10;java.lang.AssertionError: Not yet implemented&#13;&#10;&#9;at org.junit.Assert.fail(Assert.java:88)&#13;&#10;&#9;at DrawTest.testKeyTyped(DrawTest.java:451)&#13;&#10;&#9;at sun.reflect.NativeMethodAccessorImpl.invoke0(Native Method)&#13;&#10;&#9;at sun.reflect.NativeMethodAccessorImpl.invoke(Unknown Source)&#13;&#10;&#9;at sun.reflect.DelegatingMethodAccessorImpl.invoke(Unknown Source)&#13;&#10;&#9;at java.lang.reflect.Method.invoke(Unknown Source)&#13;&#10;&#9;at org.junit.runners.model.FrameworkMethod$1.runReflectiveCall(FrameworkMethod.java:47)&#13;&#10;&#9;at org.junit.internal.runners.model.ReflectiveCallable.run(ReflectiveCallable.java:12)&#13;&#10;&#9;at org.junit.runners.model.FrameworkMethod.invokeExplosively(FrameworkMethod.java:44)&#13;&#10;&#9;at org.junit.internal.runners.statements.InvokeMethod.evaluate(InvokeMethod.java:17)&#13;&#10;&#9;at org.junit.runners.ParentRunner.runLeaf(ParentRunner.java:271)&#13;&#10;&#9;at org.junit.runners.BlockJUnit4ClassRunner.runChild(BlockJUnit4ClassRunner.java:70)&#13;&#10;&#9;at org.junit.runners.BlockJUnit4ClassRunner.runChild(BlockJUnit4ClassRunner.java:50)&#13;&#10;&#9;at org.junit.runners.ParentRunner$3.run(ParentRunner.java:238)&#13;&#10;&#9;at org.junit.runners.ParentRunner$1.schedule(ParentRunner.java:63)&#13;&#10;&#9;at org.junit.runners.ParentRunner.runChildren(ParentRunner.java:236)&#13;&#10;&#9;at org.junit.runners.ParentRunner.access$000(ParentRunner.java:53)&#13;&#10;&#9;at org.junit.runners.ParentRunner$2.evaluate(ParentRunner.java:229)&#13;&#10;&#9;at org.junit.runners.ParentRunner.run(ParentRunner.java:309)&#13;&#10;&#9;at org.eclipse.jdt.internal.junit4.runner.JUnit4TestReference.run(JUnit4TestReference.java:50)&#13;&#10;&#9;at org.eclipse.jdt.internal.junit.runner.TestExecution.run(TestExecution.java:38)&#13;&#10;&#9;at org.eclipse.jdt.internal.junit.runner.RemoteTestRunner.runTests(RemoteTestRunner.java:467)&#13;&#10;&#9;at org.eclipse.jdt.internal.junit.runner.RemoteTestRunner.runTests(RemoteTestRunner.java:683)&#13;&#10;&#9;at org.eclipse.jdt.internal.junit.runner.RemoteTestRunner.run(RemoteTestRunner.java:390)&#13;&#10;&#9;at org.codecover.juniteclipse.runner.EclipseTestRunner.main(EclipseTestRunner.java:40)" Date="1589513006766" Name="DrawTest:testKeyTyped">
<CovList/>
<AssgnmntList/>
<ObjMetaDataList/>
<MetaDataList/>
</TestCase>
<TestCase Comment="" Date="1589513006897" Name="DrawTest:testSetLocationOnScreen">
<CovList>
<CovPrefix CovItemPrefix="Draw.java">
<Cov CovItemId="B3" Value="1"/>
<Cov CovItemId="S77" Value="1"/>
<Cov CovItemId="S78" Value="1"/>
</CovPrefix>
</CovList>
<AssgnmntList>
<AssgnmntPrefix RootTermCovItemPrefix="Draw.java">
<AssgnmntListEntry Length="2" RootTermCovItemId="C2">
<MapEntry BoolAssgnmnt="12" Value="1"/>
</AssgnmntListEntry>
</AssgnmntPrefix>
</AssgnmntList>
<ObjMetaDataList/>
<MetaDataList/>
</TestCase>
<TestCase Comment="Failure&#10;java.lang.AssertionError: Not yet implemented&#13;&#10;&#9;at org.junit.Assert.fail(Assert.java:88)&#13;&#10;&#9;at DrawTest.testCircle(DrawTest.java:236)&#13;&#10;&#9;at sun.reflect.NativeMethodAccessorImpl.invoke0(Native Method)&#13;&#10;&#9;at sun.reflect.NativeMethodAccessorImpl.invoke(Unknown Source)&#13;&#10;&#9;at sun.reflect.DelegatingMethodAccessorImpl.invoke(Unknown Source)&#13;&#10;&#9;at java.lang.reflect.Method.invoke(Unknown Source)&#13;&#10;&#9;at org.junit.runners.model.FrameworkMethod$1.runReflectiveCall(FrameworkMethod.java:47)&#13;&#10;&#9;at org.junit.internal.runners.model.ReflectiveCallable.run(ReflectiveCallable.java:12)&#13;&#10;&#9;at org.junit.runners.model.FrameworkMethod.invokeExplosively(FrameworkMethod.java:44)&#13;&#10;&#9;at org.junit.internal.runners.statements.InvokeMethod.evaluate(InvokeMethod.java:17)&#13;&#10;&#9;at org.junit.runners.ParentRunner.runLeaf(ParentRunner.java:271)&#13;&#10;&#9;at org.junit.runners.BlockJUnit4ClassRunner.runChild(BlockJUnit4ClassRunner.java:70)&#13;&#10;&#9;at org.junit.runners.BlockJUnit4ClassRunner.runChild(BlockJUnit4ClassRunner.java:50)&#13;&#10;&#9;at org.junit.runners.ParentRunner$3.run(ParentRunner.java:238)&#13;&#10;&#9;at org.junit.runners.ParentRunner$1.schedule(ParentRunner.java:63)&#13;&#10;&#9;at org.junit.runners.ParentRunner.runChildren(ParentRunner.java:236)&#13;&#10;&#9;at org.junit.runners.ParentRunner.access$000(ParentRunner.java:53)&#13;&#10;&#9;at org.junit.runners.ParentRunner$2.evaluate(ParentRunner.java:229)&#13;&#10;&#9;at org.junit.runners.ParentRunner.run(ParentRunner.java:309)&#13;&#10;&#9;at org.eclipse.jdt.internal.junit4.runner.JUnit4TestReference.run(JUnit4TestReference.java:50)&#13;&#10;&#9;at org.eclipse.jdt.internal.junit.runner.TestExecution.run(TestExecution.java:38)&#13;&#10;&#9;at org.eclipse.jdt.internal.junit.runner.RemoteTestRunner.runTests(RemoteTestRunner.java:467)&#13;&#10;&#9;at org.eclipse.jdt.internal.junit.runner.RemoteTestRunner.runTests(RemoteTestRunner.java:683)&#13;&#10;&#9;at org.eclipse.jdt.internal.junit.runner.RemoteTestRunner.run(RemoteTestRunner.java:390)&#13;&#10;&#9;at org.codecover.juniteclipse.runner.EclipseTestRunner.main(EclipseTestRunner.java:40)" Date="1589513007039" Name="DrawTest:testCircle">
<CovList>
<CovPrefix CovItemPrefix="Draw.java">
<Cov CovItemId="S534" Value="1"/>
<Cov CovItemId="S535" Value="1"/>
<Cov CovItemId="S536" Value="1"/>
<Cov CovItemId="S537" Value="1"/>
<Cov CovItemId="S538" Value="1"/>
<Cov CovItemId="S539" Value="1"/>
<Cov CovItemId="S540" Value="1"/>
<Cov CovItemId="S541" Value="1"/>
</CovPrefix>
</CovList>
<AssgnmntList/>
<ObjMetaDataList/>
<MetaDataList/>
</TestCase>
<TestCase Comment="Failure&#10;java.lang.AssertionError: Not yet implemented&#13;&#10;&#9;at org.junit.Assert.fail(Assert.java:88)&#13;&#10;&#9;at DrawTest.testSetXscale(DrawTest.java:82)&#13;&#10;&#9;at sun.reflect.NativeMethodAccessorImpl.invoke0(Native Method)&#13;&#10;&#9;at sun.reflect.NativeMethodAccessorImpl.invoke(Unknown Source)&#13;&#10;&#9;at sun.reflect.DelegatingMethodAccessorImpl.invoke(Unknown Source)&#13;&#10;&#9;at java.lang.reflect.Method.invoke(Unknown Source)&#13;&#10;&#9;at org.junit.runners.model.FrameworkMethod$1.runReflectiveCall(FrameworkMethod.java:47)&#13;&#10;&#9;at org.junit.internal.runners.model.ReflectiveCallable.run(ReflectiveCallable.java:12)&#13;&#10;&#9;at org.junit.runners.model.FrameworkMethod.invokeExplosively(FrameworkMethod.java:44)&#13;&#10;&#9;at org.junit.internal.runners.statements.InvokeMethod.evaluate(InvokeMethod.java:17)&#13;&#10;&#9;at org.junit.runners.ParentRunner.runLeaf(ParentRunner.java:271)&#13;&#10;&#9;at org.junit.runners.BlockJUnit4ClassRunner.runChild(BlockJUnit4ClassRunner.java:70)&#13;&#10;&#9;at org.junit.runners.BlockJUnit4ClassRunner.runChild(BlockJUnit4ClassRunner.java:50)&#13;&#10;&#9;at org.junit.runners.ParentRunner$3.run(ParentRunner.java:238)&#13;&#10;&#9;at org.junit.runners.ParentRunner$1.schedule(ParentRunner.java:63)&#13;&#10;&#9;at org.junit.runners.ParentRunner.runChildren(ParentRunner.java:236)&#13;&#10;&#9;at org.junit.runners.ParentRunner.access$000(ParentRunner.java:53)&#13;&#10;&#9;at org.junit.runners.ParentRunner$2.evaluate(ParentRunner.java:229)&#13;&#10;&#9;at org.junit.runners.ParentRunner.run(ParentRunner.java:309)&#13;&#10;&#9;at org.eclipse.jdt.internal.junit4.runner.JUnit4TestReference.run(JUnit4TestReference.java:50)&#13;&#10;&#9;at org.eclipse.jdt.internal.junit.runner.TestExecution.run(TestExecution.java:38)&#13;&#10;&#9;at org.eclipse.jdt.internal.junit.runner.RemoteTestRunner.runTests(RemoteTestRunner.java:467)&#13;&#10;&#9;at org.eclipse.jdt.internal.junit.runner.RemoteTestRunner.runTests(RemoteTestRunner.java:683)&#13;&#10;&#9;at org.eclipse.jdt.internal.junit.runner.RemoteTestRunner.run(RemoteTestRunner.java:390)&#13;&#10;&#9;at org.codecover.juniteclipse.runner.EclipseTestRunner.main(EclipseTestRunner.java:40)" Date="1589513007286" Name="DrawTest:testSetXscale">
<CovList/>
<AssgnmntList/>
<ObjMetaDataList/>
<MetaDataList/>
</TestCase>
<TestCase Comment="Failure&#10;java.lang.AssertionError: Not yet implemented&#13;&#10;&#9;at org.junit.Assert.fail(Assert.java:88)&#13;&#10;&#9;at DrawTest.testMouseEntered(DrawTest.java:401)&#13;&#10;&#9;at sun.reflect.NativeMethodAccessorImpl.invoke0(Native Method)&#13;&#10;&#9;at sun.reflect.NativeMethodAccessorImpl.invoke(Unknown Source)&#13;&#10;&#9;at sun.reflect.DelegatingMethodAccessorImpl.invoke(Unknown Source)&#13;&#10;&#9;at java.lang.reflect.Method.invoke(Unknown Source)&#13;&#10;&#9;at org.junit.runners.model.FrameworkMethod$1.runReflectiveCall(FrameworkMethod.java:47)&#13;&#10;&#9;at org.junit.internal.runners.model.ReflectiveCallable.run(ReflectiveCallable.java:12)&#13;&#10;&#9;at org.junit.runners.model.FrameworkMethod.invokeExplosively(FrameworkMethod.java:44)&#13;&#10;&#9;at org.junit.internal.runners.statements.InvokeMethod.evaluate(InvokeMethod.java:17)&#13;&#10;&#9;at org.junit.runners.ParentRunner.runLeaf(ParentRunner.java:271)&#13;&#10;&#9;at org.junit.runners.BlockJUnit4ClassRunner.runChild(BlockJUnit4ClassRunner.java:70)&#13;&#10;&#9;at org.junit.runners.BlockJUnit4ClassRunner.runChild(BlockJUnit4ClassRunner.java:50)&#13;&#10;&#9;at org.junit.runners.ParentRunner$3.run(ParentRunner.java:238)&#13;&#10;&#9;at org.junit.runners.ParentRunner$1.schedule(ParentRunner.java:63)&#13;&#10;&#9;at org.junit.runners.ParentRunner.runChildren(ParentRunner.java:236)&#13;&#10;&#9;at org.junit.runners.ParentRunner.access$000(ParentRunner.java:53)&#13;&#10;&#9;at org.junit.runners.ParentRunner$2.evaluate(ParentRunner.java:229)&#13;&#10;&#9;at org.junit.runners.ParentRunner.run(ParentRunner.java:309)&#13;&#10;&#9;at org.eclipse.jdt.internal.junit4.runner.JUnit4TestReference.run(JUnit4TestReference.java:50)&#13;&#10;&#9;at org.eclipse.jdt.internal.junit.runner.TestExecution.run(TestExecution.java:38)&#13;&#10;&#9;at org.eclipse.jdt.internal.junit.runner.RemoteTestRunner.runTests(RemoteTestRunner.java:467)&#13;&#10;&#9;at org.eclipse.jdt.internal.junit.runner.RemoteTestRunner.runTests(RemoteTestRunner.java:683)&#13;&#10;&#9;at org.eclipse.jdt.internal.junit.runner.RemoteTestRunner.run(RemoteTestRunner.java:390)&#13;&#10;&#9;at org.codecover.juniteclipse.runner.EclipseTestRunner.main(EclipseTestRunner.java:40)" Date="1589513007408" Name="DrawTest:testMouseEntered">
<CovList/>
<AssgnmntList/>
<ObjMetaDataList/>
<MetaDataList/>
</TestCase>
<TestCase Comment="Failure&#10;java.lang.AssertionError: Not yet implemented&#13;&#10;&#9;at org.junit.Assert.fail(Assert.java:88)&#13;&#10;&#9;at DrawTest.testSetYscale(DrawTest.java:87)&#13;&#10;&#9;at sun.reflect.NativeMethodAccessorImpl.invoke0(Native Method)&#13;&#10;&#9;at sun.reflect.NativeMethodAccessorImpl.invoke(Unknown Source)&#13;&#10;&#9;at sun.reflect.DelegatingMethodAccessorImpl.invoke(Unknown Source)&#13;&#10;&#9;at java.lang.reflect.Method.invoke(Unknown Source)&#13;&#10;&#9;at org.junit.runners.model.FrameworkMethod$1.runReflectiveCall(FrameworkMethod.java:47)&#13;&#10;&#9;at org.junit.internal.runners.model.ReflectiveCallable.run(ReflectiveCallable.java:12)&#13;&#10;&#9;at org.junit.runners.model.FrameworkMethod.invokeExplosively(FrameworkMethod.java:44)&#13;&#10;&#9;at org.junit.internal.runners.statements.InvokeMethod.evaluate(InvokeMethod.java:17)&#13;&#10;&#9;at org.junit.runners.ParentRunner.runLeaf(ParentRunner.java:271)&#13;&#10;&#9;at org.junit.runners.BlockJUnit4ClassRunner.runChild(BlockJUnit4ClassRunner.java:70)&#13;&#10;&#9;at org.junit.runners.BlockJUnit4ClassRunner.runChild(BlockJUnit4ClassRunner.java:50)&#13;&#10;&#9;at org.junit.runners.ParentRunner$3.run(ParentRunner.java:238)&#13;&#10;&#9;at org.junit.runners.ParentRunner$1.schedule(ParentRunner.java:63)&#13;&#10;&#9;at org.junit.runners.ParentRunner.runChildren(ParentRunner.java:236)&#13;&#10;&#9;at org.junit.runners.ParentRunner.access$000(ParentRunner.java:53)&#13;&#10;&#9;at org.junit.runners.ParentRunner$2.evaluate(ParentRunner.java:229)&#13;&#10;&#9;at org.junit.runners.ParentRunner.run(ParentRunner.java:309)&#13;&#10;&#9;at org.eclipse.jdt.internal.junit4.runner.JUnit4TestReference.run(JUnit4TestReference.java:50)&#13;&#10;&#9;at org.eclipse.jdt.internal.junit.runner.TestExecution.run(TestExecution.java:38)&#13;&#10;&#9;at org.eclipse.jdt.internal.junit.runner.RemoteTestRunner.runTests(RemoteTestRunner.java:467)&#13;&#10;&#9;at org.eclipse.jdt.internal.junit.runner.RemoteTestRunner.runTests(RemoteTestRunner.java:683)&#13;&#10;&#9;at org.eclipse.jdt.internal.junit.runner.RemoteTestRunner.run(RemoteTestRunner.java:390)&#13;&#10;&#9;at org.codecover.juniteclipse.runner.EclipseTestRunner.main(EclipseTestRunner.java:40)" Date="1589513007508" Name="DrawTest:testSetYscale">
<CovList/>
<AssgnmntList/>
<ObjMetaDataList/>
<MetaDataList/>
</TestCase>
<TestCase Comment="Failure&#10;java.lang.AssertionError: Not yet implemented&#13;&#10;&#9;at org.junit.Assert.fail(Assert.java:88)&#13;&#10;&#9;at DrawTest.testPictureDoubleDoubleStringDouble(DrawTest.java:301)&#13;&#10;&#9;at sun.reflect.NativeMethodAccessorImpl.invoke0(Native Method)&#13;&#10;&#9;at sun.reflect.NativeMethodAccessorImpl.invoke(Unknown Source)&#13;&#10;&#9;at sun.reflect.DelegatingMethodAccessorImpl.invoke(Unknown Source)&#13;&#10;&#9;at java.lang.reflect.Method.invoke(Unknown Source)&#13;&#10;&#9;at org.junit.runners.model.FrameworkMethod$1.runReflectiveCall(FrameworkMethod.java:47)&#13;&#10;&#9;at org.junit.internal.runners.model.ReflectiveCallable.run(ReflectiveCallable.java:12)&#13;&#10;&#9;at org.junit.runners.model.FrameworkMethod.invokeExplosively(FrameworkMethod.java:44)&#13;&#10;&#9;at org.junit.internal.runners.statements.InvokeMethod.evaluate(InvokeMethod.java:17)&#13;&#10;&#9;at org.junit.runners.ParentRunner.runLeaf(ParentRunner.java:271)&#13;&#10;&#9;at org.junit.runners.BlockJUnit4ClassRunner.runChild(BlockJUnit4ClassRunner.java:70)&#13;&#10;&#9;at org.junit.runners.BlockJUnit4ClassRunner.runChild(BlockJUnit4ClassRunner.java:50)&#13;&#10;&#9;at org.junit.runners.ParentRunner$3.run(ParentRunner.java:238)&#13;&#10;&#9;at org.junit.runners.ParentRunner$1.schedule(ParentRunner.java:63)&#13;&#10;&#9;at org.junit.runners.ParentRunner.runChildren(ParentRunner.java:236)&#13;&#10;&#9;at org.junit.runners.ParentRunner.access$000(ParentRunner.java:53)&#13;&#10;&#9;at org.junit.runners.ParentRunner$2.evaluate(ParentRunner.java:229)&#13;&#10;&#9;at org.junit.runners.ParentRunner.run(ParentRunner.java:309)&#13;&#10;&#9;at org.eclipse.jdt.internal.junit4.runner.JUnit4TestReference.run(JUnit4TestReference.java:50)&#13;&#10;&#9;at org.eclipse.jdt.internal.junit.runner.TestExecution.run(TestExecution.java:38)&#13;&#10;&#9;at org.eclipse.jdt.internal.junit.runner.RemoteTestRunner.runTests(RemoteTestRunner.java:467)&#13;&#10;&#9;at org.eclipse.jdt.internal.junit.runner.RemoteTestRunner.runTests(RemoteTestRunner.java:683)&#13;&#10;&#9;at org.eclipse.jdt.internal.junit.runner.RemoteTestRunner.run(RemoteTestRunner.java:390)&#13;&#10;&#9;at org.codecover.juniteclipse.runner.EclipseTestRunner.main(EclipseTestRunner.java:40)" Date="1589513007607" Name="DrawTest:testPictureDoubleDoubleStringDouble">
<CovList/>
<AssgnmntList/>
<ObjMetaDataList/>
<MetaDataList/>
</TestCase>
<TestCase Comment="Failure&#10;java.lang.AssertionError: Not yet implemented&#13;&#10;&#9;at org.junit.Assert.fail(Assert.java:88)&#13;&#10;&#9;at DrawTest.testMouseX(DrawTest.java:391)&#13;&#10;&#9;at sun.reflect.NativeMethodAccessorImpl.invoke0(Native Method)&#13;&#10;&#9;at sun.reflect.NativeMethodAccessorImpl.invoke(Unknown Source)&#13;&#10;&#9;at sun.reflect.DelegatingMethodAccessorImpl.invoke(Unknown Source)&#13;&#10;&#9;at java.lang.reflect.Method.invoke(Unknown Source)&#13;&#10;&#9;at org.junit.runners.model.FrameworkMethod$1.runReflectiveCall(FrameworkMethod.java:47)&#13;&#10;&#9;at org.junit.internal.runners.model.ReflectiveCallable.run(ReflectiveCallable.java:12)&#13;&#10;&#9;at org.junit.runners.model.FrameworkMethod.invokeExplosively(FrameworkMethod.java:44)&#13;&#10;&#9;at org.junit.internal.runners.statements.InvokeMethod.evaluate(InvokeMethod.java:17)&#13;&#10;&#9;at org.junit.runners.ParentRunner.runLeaf(ParentRunner.java:271)&#13;&#10;&#9;at org.junit.runners.BlockJUnit4ClassRunner.runChild(BlockJUnit4ClassRunner.java:70)&#13;&#10;&#9;at org.junit.runners.BlockJUnit4ClassRunner.runChild(BlockJUnit4ClassRunner.java:50)&#13;&#10;&#9;at org.junit.runners.ParentRunner$3.run(ParentRunner.java:238)&#13;&#10;&#9;at org.junit.runners.ParentRunner$1.schedule(ParentRunner.java:63)&#13;&#10;&#9;at org.junit.runners.ParentRunner.runChildren(ParentRunner.java:236)&#13;&#10;&#9;at org.junit.runners.ParentRunner.access$000(ParentRunner.java:53)&#13;&#10;&#9;at org.junit.runners.ParentRunner$2.evaluate(ParentRunner.java:229)&#13;&#10;&#9;at org.junit.runners.ParentRunner.run(ParentRunner.java:309)&#13;&#10;&#9;at org.eclipse.jdt.internal.junit4.runner.JUnit4TestReference.run(JUnit4TestReference.java:50)&#13;&#10;&#9;at org.eclipse.jdt.internal.junit.runner.TestExecution.run(TestExecution.java:38)&#13;&#10;&#9;at org.eclipse.jdt.internal.junit.runner.RemoteTestRunner.runTests(RemoteTestRunner.java:467)&#13;&#10;&#9;at org.eclipse.jdt.internal.junit.runner.RemoteTestRunner.runTests(RemoteTestRunner.java:683)&#13;&#10;&#9;at org.eclipse.jdt.internal.junit.runner.RemoteTestRunner.run(RemoteTestRunner.java:390)&#13;&#10;&#9;at org.codecover.juniteclipse.runner.EclipseTestRunner.main(EclipseTestRunner.java:40)" Date="1589513007700" Name="DrawTest:testMouseX">
<CovList/>
<AssgnmntList/>
<ObjMetaDataList/>
<MetaDataList/>
</TestCase>
<TestCase Comment="Failure&#10;java.lang.AssertionError: Not yet implemented&#13;&#10;&#9;at org.junit.Assert.fail(Assert.java:88)&#13;&#10;&#9;at DrawTest.testMouseY(DrawTest.java:396)&#13;&#10;&#9;at sun.reflect.NativeMethodAccessorImpl.invoke0(Native Method)&#13;&#10;&#9;at sun.reflect.NativeMethodAccessorImpl.invoke(Unknown Source)&#13;&#10;&#9;at sun.reflect.DelegatingMethodAccessorImpl.invoke(Unknown Source)&#13;&#10;&#9;at java.lang.reflect.Method.invoke(Unknown Source)&#13;&#10;&#9;at org.junit.runners.model.FrameworkMethod$1.runReflectiveCall(FrameworkMethod.java:47)&#13;&#10;&#9;at org.junit.internal.runners.model.ReflectiveCallable.run(ReflectiveCallable.java:12)&#13;&#10;&#9;at org.junit.runners.model.FrameworkMethod.invokeExplosively(FrameworkMethod.java:44)&#13;&#10;&#9;at org.junit.internal.runners.statements.InvokeMethod.evaluate(InvokeMethod.java:17)&#13;&#10;&#9;at org.junit.runners.ParentRunner.runLeaf(ParentRunner.java:271)&#13;&#10;&#9;at org.junit.runners.BlockJUnit4ClassRunner.runChild(BlockJUnit4ClassRunner.java:70)&#13;&#10;&#9;at org.junit.runners.BlockJUnit4ClassRunner.runChild(BlockJUnit4ClassRunner.java:50)&#13;&#10;&#9;at org.junit.runners.ParentRunner$3.run(ParentRunner.java:238)&#13;&#10;&#9;at org.junit.runners.ParentRunner$1.schedule(ParentRunner.java:63)&#13;&#10;&#9;at org.junit.runners.ParentRunner.runChildren(ParentRunner.java:236)&#13;&#10;&#9;at org.junit.runners.ParentRunner.access$000(ParentRunner.java:53)&#13;&#10;&#9;at org.junit.runners.ParentRunner$2.evaluate(ParentRunner.java:229)&#13;&#10;&#9;at org.junit.runners.ParentRunner.run(ParentRunner.java:309)&#13;&#10;&#9;at org.eclipse.jdt.internal.junit4.runner.JUnit4TestReference.run(JUnit4TestReference.java:50)&#13;&#10;&#9;at org.eclipse.jdt.internal.junit.runner.TestExecution.run(TestExecution.java:38)&#13;&#10;&#9;at org.eclipse.jdt.internal.junit.runner.RemoteTestRunner.runTests(RemoteTestRunner.java:467)&#13;&#10;&#9;at org.eclipse.jdt.internal.junit.runner.RemoteTestRunner.runTests(RemoteTestRunner.java:683)&#13;&#10;&#9;at org.eclipse.jdt.internal.junit.runner.RemoteTestRunner.run(RemoteTestRunner.java:390)&#13;&#10;&#9;at org.codecover.juniteclipse.runner.EclipseTestRunner.main(EclipseTestRunner.java:40)" Date="1589513007784" Name="DrawTest:testMouseY">
<CovList/>
<AssgnmntList/>
<ObjMetaDataList/>
<MetaDataList/>
</TestCase>
<TestCase Comment="Failure&#10;java.lang.AssertionError: Not yet implemented&#13;&#10;&#9;at org.junit.Assert.fail(Assert.java:88)&#13;&#10;&#9;at DrawTest.testSetFont(DrawTest.java:211)&#13;&#10;&#9;at sun.reflect.NativeMethodAccessorImpl.invoke0(Native Method)&#13;&#10;&#9;at sun.reflect.NativeMethodAccessorImpl.invoke(Unknown Source)&#13;&#10;&#9;at sun.reflect.DelegatingMethodAccessorImpl.invoke(Unknown Source)&#13;&#10;&#9;at java.lang.reflect.Method.invoke(Unknown Source)&#13;&#10;&#9;at org.junit.runners.model.FrameworkMethod$1.runReflectiveCall(FrameworkMethod.java:47)&#13;&#10;&#9;at org.junit.internal.runners.model.ReflectiveCallable.run(ReflectiveCallable.java:12)&#13;&#10;&#9;at org.junit.runners.model.FrameworkMethod.invokeExplosively(FrameworkMethod.java:44)&#13;&#10;&#9;at org.junit.internal.runners.statements.InvokeMethod.evaluate(InvokeMethod.java:17)&#13;&#10;&#9;at org.junit.runners.ParentRunner.runLeaf(ParentRunner.java:271)&#13;&#10;&#9;at org.junit.runners.BlockJUnit4ClassRunner.runChild(BlockJUnit4ClassRunner.java:70)&#13;&#10;&#9;at org.junit.runners.BlockJUnit4ClassRunner.runChild(BlockJUnit4ClassRunner.java:50)&#13;&#10;&#9;at org.junit.runners.ParentRunner$3.run(ParentRunner.java:238)&#13;&#10;&#9;at org.junit.runners.ParentRunner$1.schedule(ParentRunner.java:63)&#13;&#10;&#9;at org.junit.runners.ParentRunner.runChildren(ParentRunner.java:236)&#13;&#10;&#9;at org.junit.runners.ParentRunner.access$000(ParentRunner.java:53)&#13;&#10;&#9;at org.junit.runners.ParentRunner$2.evaluate(ParentRunner.java:229)&#13;&#10;&#9;at org.junit.runners.ParentRunner.run(ParentRunner.java:309)&#13;&#10;&#9;at org.eclipse.jdt.internal.junit4.runner.JUnit4TestReference.run(JUnit4TestReference.java:50)&#13;&#10;&#9;at org.eclipse.jdt.internal.junit.runner.TestExecution.run(TestExecution.java:38)&#13;&#10;&#9;at org.eclipse.jdt.internal.junit.runner.RemoteTestRunner.runTests(RemoteTestRunner.java:467)&#13;&#10;&#9;at org.eclipse.jdt.internal.junit.runner.RemoteTestRunner.runTests(RemoteTestRunner.java:683)&#13;&#10;&#9;at org.eclipse.jdt.internal.junit.runner.RemoteTestRunner.run(RemoteTestRunner.java:390)&#13;&#10;&#9;at org.codecover.juniteclipse.runner.EclipseTestRunner.main(EclipseTestRunner.java:40)" Date="1589513007891" Name="DrawTest:testSetFont">
<CovList/>
<AssgnmntList/>
<ObjMetaDataList/>
<MetaDataList/>
</TestCase>
<TestCase Comment="" Date="1589513007973" Name="DrawTest:testSetPenColor">
<CovList>
<CovPrefix CovItemPrefix="Draw.java">
<Cov CovItemId="B19" Value="1"/>
<Cov CovItemId="S142" Value="1"/>
<Cov CovItemId="S143" Value="1"/>
</CovPrefix>
</CovList>
<AssgnmntList>
<AssgnmntPrefix RootTermCovItemPrefix="Draw.java">
<AssgnmntListEntry Length="2" RootTermCovItemId="C10">
<MapEntry BoolAssgnmnt="01" Value="1"/>
</AssgnmntListEntry>
</AssgnmntPrefix>
</AssgnmntList>
<ObjMetaDataList/>
<MetaDataList/>
</TestCase>
<TestCase Comment="Failure&#10;java.lang.AssertionError: Not yet implemented&#13;&#10;&#9;at org.junit.Assert.fail(Assert.java:88)&#13;&#10;&#9;at DrawTest.testGetPenRadius(DrawTest.java:156)&#13;&#10;&#9;at sun.reflect.NativeMethodAccessorImpl.invoke0(Native Method)&#13;&#10;&#9;at sun.reflect.NativeMethodAccessorImpl.invoke(Unknown Source)&#13;&#10;&#9;at sun.reflect.DelegatingMethodAccessorImpl.invoke(Unknown Source)&#13;&#10;&#9;at java.lang.reflect.Method.invoke(Unknown Source)&#13;&#10;&#9;at org.junit.runners.model.FrameworkMethod$1.runReflectiveCall(FrameworkMethod.java:47)&#13;&#10;&#9;at org.junit.internal.runners.model.ReflectiveCallable.run(ReflectiveCallable.java:12)&#13;&#10;&#9;at org.junit.runners.model.FrameworkMethod.invokeExplosively(FrameworkMethod.java:44)&#13;&#10;&#9;at org.junit.internal.runners.statements.InvokeMethod.evaluate(InvokeMethod.java:17)&#13;&#10;&#9;at org.junit.runners.ParentRunner.runLeaf(ParentRunner.java:271)&#13;&#10;&#9;at org.junit.runners.BlockJUnit4ClassRunner.runChild(BlockJUnit4ClassRunner.java:70)&#13;&#10;&#9;at org.junit.runners.BlockJUnit4ClassRunner.runChild(BlockJUnit4ClassRunner.java:50)&#13;&#10;&#9;at org.junit.runners.ParentRunner$3.run(ParentRunner.java:238)&#13;&#10;&#9;at org.junit.runners.ParentRunner$1.schedule(ParentRunner.java:63)&#13;&#10;&#9;at org.junit.runners.ParentRunner.runChildren(ParentRunner.java:236)&#13;&#10;&#9;at org.junit.runners.ParentRunner.access$000(ParentRunner.java:53)&#13;&#10;&#9;at org.junit.runners.ParentRunner$2.evaluate(ParentRunner.java:229)&#13;&#10;&#9;at org.junit.runners.ParentRunner.run(ParentRunner.java:309)&#13;&#10;&#9;at org.eclipse.jdt.internal.junit4.runner.JUnit4TestReference.run(JUnit4TestReference.java:50)&#13;&#10;&#9;at org.eclipse.jdt.internal.junit.runner.TestExecution.run(TestExecution.java:38)&#13;&#10;&#9;at org.eclipse.jdt.internal.junit.runner.RemoteTestRunner.runTests(RemoteTestRunner.java:467)&#13;&#10;&#9;at org.eclipse.jdt.internal.junit.runner.RemoteTestRunner.runTests(RemoteTestRunner.java:683)&#13;&#10;&#9;at org.eclipse.jdt.internal.junit.runner.RemoteTestRunner.run(RemoteTestRunner.java:390)&#13;&#10;&#9;at org.codecover.juniteclipse.runner.EclipseTestRunner.main(EclipseTestRunner.java:40)" Date="1589513008061" Name="DrawTest:testGetPenRadius">
<CovList/>
<AssgnmntList/>
<ObjMetaDataList/>
<MetaDataList/>
</TestCase>
<TestCase Comment="Failure&#10;java.lang.AssertionError: Not yet implemented&#13;&#10;&#9;at org.junit.Assert.fail(Assert.java:88)&#13;&#10;&#9;at DrawTest.testShowInt(DrawTest.java:336)&#13;&#10;&#9;at sun.reflect.NativeMethodAccessorImpl.invoke0(Native Method)&#13;&#10;&#9;at sun.reflect.NativeMethodAccessorImpl.invoke(Unknown Source)&#13;&#10;&#9;at sun.reflect.DelegatingMethodAccessorImpl.invoke(Unknown Source)&#13;&#10;&#9;at java.lang.reflect.Method.invoke(Unknown Source)&#13;&#10;&#9;at org.junit.runners.model.FrameworkMethod$1.runReflectiveCall(FrameworkMethod.java:47)&#13;&#10;&#9;at org.junit.internal.runners.model.ReflectiveCallable.run(ReflectiveCallable.java:12)&#13;&#10;&#9;at org.junit.runners.model.FrameworkMethod.invokeExplosively(FrameworkMethod.java:44)&#13;&#10;&#9;at org.junit.internal.runners.statements.InvokeMethod.evaluate(InvokeMethod.java:17)&#13;&#10;&#9;at org.junit.runners.ParentRunner.runLeaf(ParentRunner.java:271)&#13;&#10;&#9;at org.junit.runners.BlockJUnit4ClassRunner.runChild(BlockJUnit4ClassRunner.java:70)&#13;&#10;&#9;at org.junit.runners.BlockJUnit4ClassRunner.runChild(BlockJUnit4ClassRunner.java:50)&#13;&#10;&#9;at org.junit.runners.ParentRunner$3.run(ParentRunner.java:238)&#13;&#10;&#9;at org.junit.runners.ParentRunner$1.schedule(ParentRunner.java:63)&#13;&#10;&#9;at org.junit.runners.ParentRunner.runChildren(ParentRunner.java:236)&#13;&#10;&#9;at org.junit.runners.ParentRunner.access$000(ParentRunner.java:53)&#13;&#10;&#9;at org.junit.runners.ParentRunner$2.evaluate(ParentRunner.java:229)&#13;&#10;&#9;at org.junit.runners.ParentRunner.run(ParentRunner.java:309)&#13;&#10;&#9;at org.eclipse.jdt.internal.junit4.runner.JUnit4TestReference.run(JUnit4TestReference.java:50)&#13;&#10;&#9;at org.eclipse.jdt.internal.junit.runner.TestExecution.run(TestExecution.java:38)&#13;&#10;&#9;at org.eclipse.jdt.internal.junit.runner.RemoteTestRunner.runTests(RemoteTestRunner.java:467)&#13;&#10;&#9;at org.eclipse.jdt.internal.junit.runner.RemoteTestRunner.runTests(RemoteTestRunner.java:683)&#13;&#10;&#9;at org.eclipse.jdt.internal.junit.runner.RemoteTestRunner.run(RemoteTestRunner.java:390)&#13;&#10;&#9;at org.codecover.juniteclipse.runner.EclipseTestRunner.main(EclipseTestRunner.java:40)" Date="1589513008183" Name="DrawTest:testShowInt">
<CovList/>
<AssgnmntList/>
<ObjMetaDataList/>
<MetaDataList/>
</TestCase>
<TestCase Comment="Failure&#10;java.lang.AssertionError: Not yet implemented&#13;&#10;&#9;at org.junit.Assert.fail(Assert.java:88)&#13;&#10;&#9;at DrawTest.testSetFontFont(DrawTest.java:216)&#13;&#10;&#9;at sun.reflect.NativeMethodAccessorImpl.invoke0(Native Method)&#13;&#10;&#9;at sun.reflect.NativeMethodAccessorImpl.invoke(Unknown Source)&#13;&#10;&#9;at sun.reflect.DelegatingMethodAccessorImpl.invoke(Unknown Source)&#13;&#10;&#9;at java.lang.reflect.Method.invoke(Unknown Source)&#13;&#10;&#9;at org.junit.runners.model.FrameworkMethod$1.runReflectiveCall(FrameworkMethod.java:47)&#13;&#10;&#9;at org.junit.internal.runners.model.ReflectiveCallable.run(ReflectiveCallable.java:12)&#13;&#10;&#9;at org.junit.runners.model.FrameworkMethod.invokeExplosively(FrameworkMethod.java:44)&#13;&#10;&#9;at org.junit.internal.runners.statements.InvokeMethod.evaluate(InvokeMethod.java:17)&#13;&#10;&#9;at org.junit.runners.ParentRunner.runLeaf(ParentRunner.java:271)&#13;&#10;&#9;at org.junit.runners.BlockJUnit4ClassRunner.runChild(BlockJUnit4ClassRunner.java:70)&#13;&#10;&#9;at org.junit.runners.BlockJUnit4ClassRunner.runChild(BlockJUnit4ClassRunner.java:50)&#13;&#10;&#9;at org.junit.runners.ParentRunner$3.run(ParentRunner.java:238)&#13;&#10;&#9;at org.junit.runners.ParentRunner$1.schedule(ParentRunner.java:63)&#13;&#10;&#9;at org.junit.runners.ParentRunner.runChildren(ParentRunner.java:236)&#13;&#10;&#9;at org.junit.runners.ParentRunner.access$000(ParentRunner.java:53)&#13;&#10;&#9;at org.junit.runners.ParentRunner$2.evaluate(ParentRunner.java:229)&#13;&#10;&#9;at org.junit.runners.ParentRunner.run(ParentRunner.java:309)&#13;&#10;&#9;at org.eclipse.jdt.internal.junit4.runner.JUnit4TestReference.run(JUnit4TestReference.java:50)&#13;&#10;&#9;at org.eclipse.jdt.internal.junit.runner.TestExecution.run(TestExecution.java:38)&#13;&#10;&#9;at org.eclipse.jdt.internal.junit.runner.RemoteTestRunner.runTests(RemoteTestRunner.java:467)&#13;&#10;&#9;at org.eclipse.jdt.internal.junit.runner.RemoteTestRunner.runTests(RemoteTestRunner.java:683)&#13;&#10;&#9;at org.eclipse.jdt.internal.junit.runner.RemoteTestRunner.run(RemoteTestRunner.java:390)&#13;&#10;&#9;at org.codecover.juniteclipse.runner.EclipseTestRunner.main(EclipseTestRunner.java:40)" Date="1589513008289" Name="DrawTest:testSetFontFont">
<CovList/>
<AssgnmntList/>
<ObjMetaDataList/>
<MetaDataList/>
</TestCase>
<TestCase Comment="Failure&#10;java.lang.AssertionError: Not yet implemented&#13;&#10;&#9;at org.junit.Assert.fail(Assert.java:88)&#13;&#10;&#9;at DrawTest.testGetPenColor(DrawTest.java:171)&#13;&#10;&#9;at sun.reflect.NativeMethodAccessorImpl.invoke0(Native Method)&#13;&#10;&#9;at sun.reflect.NativeMethodAccessorImpl.invoke(Unknown Source)&#13;&#10;&#9;at sun.reflect.DelegatingMethodAccessorImpl.invoke(Unknown Source)&#13;&#10;&#9;at java.lang.reflect.Method.invoke(Unknown Source)&#13;&#10;&#9;at org.junit.runners.model.FrameworkMethod$1.runReflectiveCall(FrameworkMethod.java:47)&#13;&#10;&#9;at org.junit.internal.runners.model.ReflectiveCallable.run(ReflectiveCallable.java:12)&#13;&#10;&#9;at org.junit.runners.model.FrameworkMethod.invokeExplosively(FrameworkMethod.java:44)&#13;&#10;&#9;at org.junit.internal.runners.statements.InvokeMethod.evaluate(InvokeMethod.java:17)&#13;&#10;&#9;at org.junit.runners.ParentRunner.runLeaf(ParentRunner.java:271)&#13;&#10;&#9;at org.junit.runners.BlockJUnit4ClassRunner.runChild(BlockJUnit4ClassRunner.java:70)&#13;&#10;&#9;at org.junit.runners.BlockJUnit4ClassRunner.runChild(BlockJUnit4ClassRunner.java:50)&#13;&#10;&#9;at org.junit.runners.ParentRunner$3.run(ParentRunner.java:238)&#13;&#10;&#9;at org.junit.runners.ParentRunner$1.schedule(ParentRunner.java:63)&#13;&#10;&#9;at org.junit.runners.ParentRunner.runChildren(ParentRunner.java:236)&#13;&#10;&#9;at org.junit.runners.ParentRunner.access$000(ParentRunner.java:53)&#13;&#10;&#9;at org.junit.runners.ParentRunner$2.evaluate(ParentRunner.java:229)&#13;&#10;&#9;at org.junit.runners.ParentRunner.run(ParentRunner.java:309)&#13;&#10;&#9;at org.eclipse.jdt.internal.junit4.runner.JUnit4TestReference.run(JUnit4TestReference.java:50)&#13;&#10;&#9;at org.eclipse.jdt.internal.junit.runner.TestExecution.run(TestExecution.java:38)&#13;&#10;&#9;at org.eclipse.jdt.internal.junit.runner.RemoteTestRunner.runTests(RemoteTestRunner.java:467)&#13;&#10;&#9;at org.eclipse.jdt.internal.junit.runner.RemoteTestRunner.runTests(RemoteTestRunner.java:683)&#13;&#10;&#9;at org.eclipse.jdt.internal.junit.runner.RemoteTestRunner.run(RemoteTestRunner.java:390)&#13;&#10;&#9;at org.codecover.juniteclipse.runner.EclipseTestRunner.main(EclipseTestRunner.java:40)" Date="1589513008375" Name="DrawTest:testGetPenColor">
<CovList/>
<AssgnmntList/>
<ObjMetaDataList/>
<MetaDataList/>
</TestCase>
<TestCase Comment="Failure&#10;java.lang.AssertionError: Not yet implemented&#13;&#10;&#9;at org.junit.Assert.fail(Assert.java:88)&#13;&#10;&#9;at DrawTest.testScaleX(DrawTest.java:116)&#13;&#10;&#9;at sun.reflect.NativeMethodAccessorImpl.invoke0(Native Method)&#13;&#10;&#9;at sun.reflect.NativeMethodAccessorImpl.invoke(Unknown Source)&#13;&#10;&#9;at sun.reflect.DelegatingMethodAccessorImpl.invoke(Unknown Source)&#13;&#10;&#9;at java.lang.reflect.Method.invoke(Unknown Source)&#13;&#10;&#9;at org.junit.runners.model.FrameworkMethod$1.runReflectiveCall(FrameworkMethod.java:47)&#13;&#10;&#9;at org.junit.internal.runners.model.ReflectiveCallable.run(ReflectiveCallable.java:12)&#13;&#10;&#9;at org.junit.runners.model.FrameworkMethod.invokeExplosively(FrameworkMethod.java:44)&#13;&#10;&#9;at org.junit.internal.runners.statements.InvokeMethod.evaluate(InvokeMethod.java:17)&#13;&#10;&#9;at org.junit.runners.ParentRunner.runLeaf(ParentRunner.java:271)&#13;&#10;&#9;at org.junit.runners.BlockJUnit4ClassRunner.runChild(BlockJUnit4ClassRunner.java:70)&#13;&#10;&#9;at org.junit.runners.BlockJUnit4ClassRunner.runChild(BlockJUnit4ClassRunner.java:50)&#13;&#10;&#9;at org.junit.runners.ParentRunner$3.run(ParentRunner.java:238)&#13;&#10;&#9;at org.junit.runners.ParentRunner$1.schedule(ParentRunner.java:63)&#13;&#10;&#9;at org.junit.runners.ParentRunner.runChildren(ParentRunner.java:236)&#13;&#10;&#9;at org.junit.runners.ParentRunner.access$000(ParentRunner.java:53)&#13;&#10;&#9;at org.junit.runners.ParentRunner$2.evaluate(ParentRunner.java:229)&#13;&#10;&#9;at org.junit.runners.ParentRunner.run(ParentRunner.java:309)&#13;&#10;&#9;at org.eclipse.jdt.internal.junit4.runner.JUnit4TestReference.run(JUnit4TestReference.java:50)&#13;&#10;&#9;at org.eclipse.jdt.internal.junit.runner.TestExecution.run(TestExecution.java:38)&#13;&#10;&#9;at org.eclipse.jdt.internal.junit.runner.RemoteTestRunner.runTests(RemoteTestRunner.java:467)&#13;&#10;&#9;at org.eclipse.jdt.internal.junit.runner.RemoteTestRunner.runTests(RemoteTestRunner.java:683)&#13;&#10;&#9;at org.eclipse.jdt.internal.junit.runner.RemoteTestRunner.run(RemoteTestRunner.java:390)&#13;&#10;&#9;at org.codecover.juniteclipse.runner.EclipseTestRunner.main(EclipseTestRunner.java:40)" Date="1589513008494" Name="DrawTest:testScaleX">
<CovList>
<CovPrefix CovItemPrefix="Draw.java">
<Cov CovItemId="S534" Value="1"/>
<Cov CovItemId="S535" Value="1"/>
<Cov CovItemId="S536" Value="1"/>
<Cov CovItemId="S537" Value="1"/>
<Cov CovItemId="S538" Value="1"/>
<Cov CovItemId="S539" Value="1"/>
<Cov CovItemId="S540" Value="1"/>
<Cov CovItemId="S541" Value="1"/>
</CovPrefix>
</CovList>
<AssgnmntList/>
<ObjMetaDataList/>
<MetaDataList/>
</TestCase>
<TestCase Comment="Failure&#10;java.lang.AssertionError: Not yet implemented&#13;&#10;&#9;at org.junit.Assert.fail(Assert.java:88)&#13;&#10;&#9;at DrawTest.testScaleY(DrawTest.java:121)&#13;&#10;&#9;at sun.reflect.NativeMethodAccessorImpl.invoke0(Native Method)&#13;&#10;&#9;at sun.reflect.NativeMethodAccessorImpl.invoke(Unknown Source)&#13;&#10;&#9;at sun.reflect.DelegatingMethodAccessorImpl.invoke(Unknown Source)&#13;&#10;&#9;at java.lang.reflect.Method.invoke(Unknown Source)&#13;&#10;&#9;at org.junit.runners.model.FrameworkMethod$1.runReflectiveCall(FrameworkMethod.java:47)&#13;&#10;&#9;at org.junit.internal.runners.model.ReflectiveCallable.run(ReflectiveCallable.java:12)&#13;&#10;&#9;at org.junit.runners.model.FrameworkMethod.invokeExplosively(FrameworkMethod.java:44)&#13;&#10;&#9;at org.junit.internal.runners.statements.InvokeMethod.evaluate(InvokeMethod.java:17)&#13;&#10;&#9;at org.junit.runners.ParentRunner.runLeaf(ParentRunner.java:271)&#13;&#10;&#9;at org.junit.runners.BlockJUnit4ClassRunner.runChild(BlockJUnit4ClassRunner.java:70)&#13;&#10;&#9;at org.junit.runners.BlockJUnit4ClassRunner.runChild(BlockJUnit4ClassRunner.java:50)&#13;&#10;&#9;at org.junit.runners.ParentRunner$3.run(ParentRunner.java:238)&#13;&#10;&#9;at org.junit.runners.ParentRunner$1.schedule(ParentRunner.java:63)&#13;&#10;&#9;at org.junit.runners.ParentRunner.runChildren(ParentRunner.java:236)&#13;&#10;&#9;at org.junit.runners.ParentRunner.access$000(ParentRunner.java:53)&#13;&#10;&#9;at org.junit.runners.ParentRunner$2.evaluate(ParentRunner.java:229)&#13;&#10;&#9;at org.junit.runners.ParentRunner.run(ParentRunner.java:309)&#13;&#10;&#9;at org.eclipse.jdt.internal.junit4.runner.JUnit4TestReference.run(JUnit4TestReference.java:50)&#13;&#10;&#9;at org.eclipse.jdt.internal.junit.runner.TestExecution.run(TestExecution.java:38)&#13;&#10;&#9;at org.eclipse.jdt.internal.junit.runner.RemoteTestRunner.runTests(RemoteTestRunner.java:467)&#13;&#10;&#9;at org.eclipse.jdt.internal.junit.runner.RemoteTestRunner.runTests(RemoteTestRunner.java:683)&#13;&#10;&#9;at org.eclipse.jdt.internal.junit.runner.RemoteTestRunner.run(RemoteTestRunner.java:390)&#13;&#10;&#9;at org.codecover.juniteclipse.runner.EclipseTestRunner.main(EclipseTestRunner.java:40)" Date="1589513008611" Name="DrawTest:testScaleY">
<CovList/>
<AssgnmntList/>
<ObjMetaDataList/>
<MetaDataList/>
</TestCase>
<TestCase Comment="Failure&#10;java.lang.AssertionError: Not yet implemented&#13;&#10;&#9;at org.junit.Assert.fail(Assert.java:88)&#13;&#10;&#9;at DrawTest.testDisableDoubleBuffering(DrawTest.java:361)&#13;&#10;&#9;at sun.reflect.NativeMethodAccessorImpl.invoke0(Native Method)&#13;&#10;&#9;at sun.reflect.NativeMethodAccessorImpl.invoke(Unknown Source)&#13;&#10;&#9;at sun.reflect.DelegatingMethodAccessorImpl.invoke(Unknown Source)&#13;&#10;&#9;at java.lang.reflect.Method.invoke(Unknown Source)&#13;&#10;&#9;at org.junit.runners.model.FrameworkMethod$1.runReflectiveCall(FrameworkMethod.java:47)&#13;&#10;&#9;at org.junit.internal.runners.model.ReflectiveCallable.run(ReflectiveCallable.java:12)&#13;&#10;&#9;at org.junit.runners.model.FrameworkMethod.invokeExplosively(FrameworkMethod.java:44)&#13;&#10;&#9;at org.junit.internal.runners.statements.InvokeMethod.evaluate(InvokeMethod.java:17)&#13;&#10;&#9;at org.junit.runners.ParentRunner.runLeaf(ParentRunner.java:271)&#13;&#10;&#9;at org.junit.runners.BlockJUnit4ClassRunner.runChild(BlockJUnit4ClassRunner.java:70)&#13;&#10;&#9;at org.junit.runners.BlockJUnit4ClassRunner.runChild(BlockJUnit4ClassRunner.java:50)&#13;&#10;&#9;at org.junit.runners.ParentRunner$3.run(ParentRunner.java:238)&#13;&#10;&#9;at org.junit.runners.ParentRunner$1.schedule(ParentRunner.java:63)&#13;&#10;&#9;at org.junit.runners.ParentRunner.runChildren(ParentRunner.java:236)&#13;&#10;&#9;at org.junit.runners.ParentRunner.access$000(ParentRunner.java:53)&#13;&#10;&#9;at org.junit.runners.ParentRunner$2.evaluate(ParentRunner.java:229)&#13;&#10;&#9;at org.junit.runners.ParentRunner.run(ParentRunner.java:309)&#13;&#10;&#9;at org.eclipse.jdt.internal.junit4.runner.JUnit4TestReference.run(JUnit4TestReference.java:50)&#13;&#10;&#9;at org.eclipse.jdt.internal.junit.runner.TestExecution.run(TestExecution.java:38)&#13;&#10;&#9;at org.eclipse.jdt.internal.junit.runner.RemoteTestRunner.runTests(RemoteTestRunner.java:467)&#13;&#10;&#9;at org.eclipse.jdt.internal.junit.runner.RemoteTestRunner.runTests(RemoteTestRunner.java:683)&#13;&#10;&#9;at org.eclipse.jdt.internal.junit.runner.RemoteTestRunner.run(RemoteTestRunner.java:390)&#13;&#10;&#9;at org.codecover.juniteclipse.runner.EclipseTestRunner.main(EclipseTestRunner.java:40)" Date="1589513008673" Name="DrawTest:testDisableDoubleBuffering">
<CovList/>
<AssgnmntList/>
<ObjMetaDataList/>
<MetaDataList/>
</TestCase>
<TestCase Comment="Failure&#10;java.lang.AssertionError: Not yet implemented&#13;&#10;&#9;at org.junit.Assert.fail(Assert.java:88)&#13;&#10;&#9;at DrawTest.testSquare(DrawTest.java:261)&#13;&#10;&#9;at sun.reflect.NativeMethodAccessorImpl.invoke0(Native Method)&#13;&#10;&#9;at sun.reflect.NativeMethodAccessorImpl.invoke(Unknown Source)&#13;&#10;&#9;at sun.reflect.DelegatingMethodAccessorImpl.invoke(Unknown Source)&#13;&#10;&#9;at java.lang.reflect.Method.invoke(Unknown Source)&#13;&#10;&#9;at org.junit.runners.model.FrameworkMethod$1.runReflectiveCall(FrameworkMethod.java:47)&#13;&#10;&#9;at org.junit.internal.runners.model.ReflectiveCallable.run(ReflectiveCallable.java:12)&#13;&#10;&#9;at org.junit.runners.model.FrameworkMethod.invokeExplosively(FrameworkMethod.java:44)&#13;&#10;&#9;at org.junit.internal.runners.statements.InvokeMethod.evaluate(InvokeMethod.java:17)&#13;&#10;&#9;at org.junit.runners.ParentRunner.runLeaf(ParentRunner.java:271)&#13;&#10;&#9;at org.junit.runners.BlockJUnit4ClassRunner.runChild(BlockJUnit4ClassRunner.java:70)&#13;&#10;&#9;at org.junit.runners.BlockJUnit4ClassRunner.runChild(BlockJUnit4ClassRunner.java:50)&#13;&#10;&#9;at org.junit.runners.ParentRunner$3.run(ParentRunner.java:238)&#13;&#10;&#9;at org.junit.runners.ParentRunner$1.schedule(ParentRunner.java:63)&#13;&#10;&#9;at org.junit.runners.ParentRunner.runChildren(ParentRunner.java:236)&#13;&#10;&#9;at org.junit.runners.ParentRunner.access$000(ParentRunner.java:53)&#13;&#10;&#9;at org.junit.runners.ParentRunner$2.evaluate(ParentRunner.java:229)&#13;&#10;&#9;at org.junit.runners.ParentRunner.run(ParentRunner.java:309)&#13;&#10;&#9;at org.eclipse.jdt.internal.junit4.runner.JUnit4TestReference.run(JUnit4TestReference.java:50)&#13;&#10;&#9;at org.eclipse.jdt.internal.junit.runner.TestExecution.run(TestExecution.java:38)&#13;&#10;&#9;at org.eclipse.jdt.internal.junit.runner.RemoteTestRunner.runTests(RemoteTestRunner.java:467)&#13;&#10;&#9;at org.eclipse.jdt.internal.junit.runner.RemoteTestRunner.runTests(RemoteTestRunner.java:683)&#13;&#10;&#9;at org.eclipse.jdt.internal.junit.runner.RemoteTestRunner.run(RemoteTestRunner.java:390)&#13;&#10;&#9;at org.codecover.juniteclipse.runner.EclipseTestRunner.main(EclipseTestRunner.java:40)" Date="1589513008727" Name="DrawTest:testSquare">
<CovList/>
<AssgnmntList/>
<ObjMetaDataList/>
<MetaDataList/>
</TestCase>
<TestCase Comment="Failure&#10;java.lang.AssertionError: Not yet implemented&#13;&#10;&#9;at org.junit.Assert.fail(Assert.java:88)&#13;&#10;&#9;at DrawTest.testRectangle(DrawTest.java:271)&#13;&#10;&#9;at sun.reflect.NativeMethodAccessorImpl.invoke0(Native Method)&#13;&#10;&#9;at sun.reflect.NativeMethodAccessorImpl.invoke(Unknown Source)&#13;&#10;&#9;at sun.reflect.DelegatingMethodAccessorImpl.invoke(Unknown Source)&#13;&#10;&#9;at java.lang.reflect.Method.invoke(Unknown Source)&#13;&#10;&#9;at org.junit.runners.model.FrameworkMethod$1.runReflectiveCall(FrameworkMethod.java:47)&#13;&#10;&#9;at org.junit.internal.runners.model.ReflectiveCallable.run(ReflectiveCallable.java:12)&#13;&#10;&#9;at org.junit.runners.model.FrameworkMethod.invokeExplosively(FrameworkMethod.java:44)&#13;&#10;&#9;at org.junit.internal.runners.statements.InvokeMethod.evaluate(InvokeMethod.java:17)&#13;&#10;&#9;at org.junit.runners.ParentRunner.runLeaf(ParentRunner.java:271)&#13;&#10;&#9;at org.junit.runners.BlockJUnit4ClassRunner.runChild(BlockJUnit4ClassRunner.java:70)&#13;&#10;&#9;at org.junit.runners.BlockJUnit4ClassRunner.runChild(BlockJUnit4ClassRunner.java:50)&#13;&#10;&#9;at org.junit.runners.ParentRunner$3.run(ParentRunner.java:238)&#13;&#10;&#9;at org.junit.runners.ParentRunner$1.schedule(ParentRunner.java:63)&#13;&#10;&#9;at org.junit.runners.ParentRunner.runChildren(ParentRunner.java:236)&#13;&#10;&#9;at org.junit.runners.ParentRunner.access$000(ParentRunner.java:53)&#13;&#10;&#9;at org.junit.runners.ParentRunner$2.evaluate(ParentRunner.java:229)&#13;&#10;&#9;at org.junit.runners.ParentRunner.run(ParentRunner.java:309)&#13;&#10;&#9;at org.eclipse.jdt.internal.junit4.runner.JUnit4TestReference.run(JUnit4TestReference.java:50)&#13;&#10;&#9;at org.eclipse.jdt.internal.junit.runner.TestExecution.run(TestExecution.java:38)&#13;&#10;&#9;at org.eclipse.jdt.internal.junit.runner.RemoteTestRunner.runTests(RemoteTestRunner.java:467)&#13;&#10;&#9;at org.eclipse.jdt.internal.junit.runner.RemoteTestRunner.runTests(RemoteTestRunner.java:683)&#13;&#10;&#9;at org.eclipse.jdt.internal.junit.runner.RemoteTestRunner.run(RemoteTestRunner.java:390)&#13;&#10;&#9;at org.codecover.juniteclipse.runner.EclipseTestRunner.main(EclipseTestRunner.java:40)" Date="1589513008810" Name="DrawTest:testRectangle">
<CovList/>
<AssgnmntList/>
<ObjMetaDataList/>
<MetaDataList/>
</TestCase>
<TestCase Comment="Failure&#10;java.lang.AssertionError: Not yet implemented&#13;&#10;&#9;at org.junit.Assert.fail(Assert.java:88)&#13;&#10;&#9;at DrawTest.testKeyReleased(DrawTest.java:461)&#13;&#10;&#9;at sun.reflect.NativeMethodAccessorImpl.invoke0(Native Method)&#13;&#10;&#9;at sun.reflect.NativeMethodAccessorImpl.invoke(Unknown Source)&#13;&#10;&#9;at sun.reflect.DelegatingMethodAccessorImpl.invoke(Unknown Source)&#13;&#10;&#9;at java.lang.reflect.Method.invoke(Unknown Source)&#13;&#10;&#9;at org.junit.runners.model.FrameworkMethod$1.runReflectiveCall(FrameworkMethod.java:47)&#13;&#10;&#9;at org.junit.internal.runners.model.ReflectiveCallable.run(ReflectiveCallable.java:12)&#13;&#10;&#9;at org.junit.runners.model.FrameworkMethod.invokeExplosively(FrameworkMethod.java:44)&#13;&#10;&#9;at org.junit.internal.runners.statements.InvokeMethod.evaluate(InvokeMethod.java:17)&#13;&#10;&#9;at org.junit.runners.ParentRunner.runLeaf(ParentRunner.java:271)&#13;&#10;&#9;at org.junit.runners.BlockJUnit4ClassRunner.runChild(BlockJUnit4ClassRunner.java:70)&#13;&#10;&#9;at org.junit.runners.BlockJUnit4ClassRunner.runChild(BlockJUnit4ClassRunner.java:50)&#13;&#10;&#9;at org.junit.runners.ParentRunner$3.run(ParentRunner.java:238)&#13;&#10;&#9;at org.junit.runners.ParentRunner$1.schedule(ParentRunner.java:63)&#13;&#10;&#9;at org.junit.runners.ParentRunner.runChildren(ParentRunner.java:236)&#13;&#10;&#9;at org.junit.runners.ParentRunner.access$000(ParentRunner.java:53)&#13;&#10;&#9;at org.junit.runners.ParentRunner$2.evaluate(ParentRunner.java:229)&#13;&#10;&#9;at org.junit.runners.ParentRunner.run(ParentRunner.java:309)&#13;&#10;&#9;at org.eclipse.jdt.internal.junit4.runner.JUnit4TestReference.run(JUnit4TestReference.java:50)&#13;&#10;&#9;at org.eclipse.jdt.internal.junit.runner.TestExecution.run(TestExecution.java:38)&#13;&#10;&#9;at org.eclipse.jdt.internal.junit.runner.RemoteTestRunner.runTests(RemoteTestRunner.java:467)&#13;&#10;&#9;at org.eclipse.jdt.internal.junit.runner.RemoteTestRunner.runTests(RemoteTestRunner.java:683)&#13;&#10;&#9;at org.eclipse.jdt.internal.junit.runner.RemoteTestRunner.run(RemoteTestRunner.java:390)&#13;&#10;&#9;at org.codecover.juniteclipse.runner.EclipseTestRunner.main(EclipseTestRunner.java:40)" Date="1589513008910" Name="DrawTest:testKeyReleased">
<CovList/>
<AssgnmntList/>
<ObjMetaDataList/>
<MetaDataList/>
</TestCase>
<TestCase Comment="Failure&#10;java.lang.AssertionError: Not yet implemented&#13;&#10;&#9;at org.junit.Assert.fail(Assert.java:88)&#13;&#10;&#9;at DrawTest.testXorOff(DrawTest.java:196)&#13;&#10;&#9;at sun.reflect.NativeMethodAccessorImpl.invoke0(Native Method)&#13;&#10;&#9;at sun.reflect.NativeMethodAccessorImpl.invoke(Unknown Source)&#13;&#10;&#9;at sun.reflect.DelegatingMethodAccessorImpl.invoke(Unknown Source)&#13;&#10;&#9;at java.lang.reflect.Method.invoke(Unknown Source)&#13;&#10;&#9;at org.junit.runners.model.FrameworkMethod$1.runReflectiveCall(FrameworkMethod.java:47)&#13;&#10;&#9;at org.junit.internal.runners.model.ReflectiveCallable.run(ReflectiveCallable.java:12)&#13;&#10;&#9;at org.junit.runners.model.FrameworkMethod.invokeExplosively(FrameworkMethod.java:44)&#13;&#10;&#9;at org.junit.internal.runners.statements.InvokeMethod.evaluate(InvokeMethod.java:17)&#13;&#10;&#9;at org.junit.runners.ParentRunner.runLeaf(ParentRunner.java:271)&#13;&#10;&#9;at org.junit.runners.BlockJUnit4ClassRunner.runChild(BlockJUnit4ClassRunner.java:70)&#13;&#10;&#9;at org.junit.runners.BlockJUnit4ClassRunner.runChild(BlockJUnit4ClassRunner.java:50)&#13;&#10;&#9;at org.junit.runners.ParentRunner$3.run(ParentRunner.java:238)&#13;&#10;&#9;at org.junit.runners.ParentRunner$1.schedule(ParentRunner.java:63)&#13;&#10;&#9;at org.junit.runners.ParentRunner.runChildren(ParentRunner.java:236)&#13;&#10;&#9;at org.junit.runners.ParentRunner.access$000(ParentRunner.java:53)&#13;&#10;&#9;at org.junit.runners.ParentRunner$2.evaluate(ParentRunner.java:229)&#13;&#10;&#9;at org.junit.runners.ParentRunner.run(ParentRunner.java:309)&#13;&#10;&#9;at org.eclipse.jdt.internal.junit4.runner.JUnit4TestReference.run(JUnit4TestReference.java:50)&#13;&#10;&#9;at org.eclipse.jdt.internal.junit.runner.TestExecution.run(TestExecution.java:38)&#13;&#10;&#9;at org.eclipse.jdt.internal.junit.runner.RemoteTestRunner.runTests(RemoteTestRunner.java:467)&#13;&#10;&#9;at org.eclipse.jdt.internal.junit.runner.RemoteTestRunner.runTests(RemoteTestRunner.java:683)&#13;&#10;&#9;at org.eclipse.jdt.internal.junit.runner.RemoteTestRunner.run(RemoteTestRunner.java:390)&#13;&#10;&#9;at org.codecover.juniteclipse.runner.EclipseTestRunner.main(EclipseTestRunner.java:40)" Date="1589513009036" Name="DrawTest:testXorOff">
<CovList/>
<AssgnmntList/>
<ObjMetaDataList/>
<MetaDataList/>
</TestCase>
<TestCase Comment="Failure&#10;java.lang.AssertionError: Expected exception: java.lang.IllegalArgumentException&#13;&#10;&#9;at org.junit.internal.runners.statements.ExpectException.evaluate(ExpectException.java:32)&#13;&#10;&#9;at org.junit.runners.ParentRunner.runLeaf(ParentRunner.java:271)&#13;&#10;&#9;at org.junit.runners.BlockJUnit4ClassRunner.runChild(BlockJUnit4ClassRunner.java:70)&#13;&#10;&#9;at org.junit.runners.BlockJUnit4ClassRunner.runChild(BlockJUnit4ClassRunner.java:50)&#13;&#10;&#9;at org.junit.runners.ParentRunner$3.run(ParentRunner.java:238)&#13;&#10;&#9;at org.junit.runners.ParentRunner$1.schedule(ParentRunner.java:63)&#13;&#10;&#9;at org.junit.runners.ParentRunner.runChildren(ParentRunner.java:236)&#13;&#10;&#9;at org.junit.runners.ParentRunner.access$000(ParentRunner.java:53)&#13;&#10;&#9;at org.junit.runners.ParentRunner$2.evaluate(ParentRunner.java:229)&#13;&#10;&#9;at org.junit.runners.ParentRunner.run(ParentRunner.java:309)&#13;&#10;&#9;at org.eclipse.jdt.internal.junit4.runner.JUnit4TestReference.run(JUnit4TestReference.java:50)&#13;&#10;&#9;at org.eclipse.jdt.internal.junit.runner.TestExecution.run(TestExecution.java:38)&#13;&#10;&#9;at org.eclipse.jdt.internal.junit.runner.RemoteTestRunner.runTests(RemoteTestRunner.java:467)&#13;&#10;&#9;at org.eclipse.jdt.internal.junit.runner.RemoteTestRunner.runTests(RemoteTestRunner.java:683)&#13;&#10;&#9;at org.eclipse.jdt.internal.junit.runner.RemoteTestRunner.run(RemoteTestRunner.java:390)&#13;&#10;&#9;at org.codecover.juniteclipse.runner.EclipseTestRunner.main(EclipseTestRunner.java:40)" Date="1589513009184" Name="DrawTest:testValidateNonnegative">
<CovList>
<CovPrefix CovItemPrefix="Draw.java">
<Cov CovItemId="B10" Value="1"/>
<Cov CovItemId="B8" Value="1"/>
<Cov CovItemId="S94" Value="1"/>
<Cov CovItemId="S96" Value="1"/>
</CovPrefix>
</CovList>
<AssgnmntList>
<AssgnmntPrefix RootTermCovItemPrefix="Draw.java">
<AssgnmntListEntry Length="1" RootTermCovItemId="C4">
<MapEntry BoolAssgnmnt="0" Value="1"/>
</AssgnmntListEntry>
<AssgnmntListEntry Length="1" RootTermCovItemId="C5">
<MapEntry BoolAssgnmnt="0" Value="1"/>
</AssgnmntListEntry>
</AssgnmntPrefix>
</AssgnmntList>
<ObjMetaDataList/>
<MetaDataList/>
</TestCase>
<TestCase Comment="Failure&#10;java.lang.AssertionError: Not yet implemented&#13;&#10;&#9;at org.junit.Assert.fail(Assert.java:88)&#13;&#10;&#9;at DrawTest.testSetPenRadiusDouble(DrawTest.java:166)&#13;&#10;&#9;at sun.reflect.NativeMethodAccessorImpl.invoke0(Native Method)&#13;&#10;&#9;at sun.reflect.NativeMethodAccessorImpl.invoke(Unknown Source)&#13;&#10;&#9;at sun.reflect.DelegatingMethodAccessorImpl.invoke(Unknown Source)&#13;&#10;&#9;at java.lang.reflect.Method.invoke(Unknown Source)&#13;&#10;&#9;at org.junit.runners.model.FrameworkMethod$1.runReflectiveCall(FrameworkMethod.java:47)&#13;&#10;&#9;at org.junit.internal.runners.model.ReflectiveCallable.run(ReflectiveCallable.java:12)&#13;&#10;&#9;at org.junit.runners.model.FrameworkMethod.invokeExplosively(FrameworkMethod.java:44)&#13;&#10;&#9;at org.junit.internal.runners.statements.InvokeMethod.evaluate(InvokeMethod.java:17)&#13;&#10;&#9;at org.junit.runners.ParentRunner.runLeaf(ParentRunner.java:271)&#13;&#10;&#9;at org.junit.runners.BlockJUnit4ClassRunner.runChild(BlockJUnit4ClassRunner.java:70)&#13;&#10;&#9;at org.junit.runners.BlockJUnit4ClassRunner.runChild(BlockJUnit4ClassRunner.java:50)&#13;&#10;&#9;at org.junit.runners.ParentRunner$3.run(ParentRunner.java:238)&#13;&#10;&#9;at org.junit.runners.ParentRunner$1.schedule(ParentRunner.java:63)&#13;&#10;&#9;at org.junit.runners.ParentRunner.runChildren(ParentRunner.java:236)&#13;&#10;&#9;at org.junit.runners.ParentRunner.access$000(ParentRunner.java:53)&#13;&#10;&#9;at org.junit.runners.ParentRunner$2.evaluate(ParentRunner.java:229)&#13;&#10;&#9;at org.junit.runners.ParentRunner.run(ParentRunner.java:309)&#13;&#10;&#9;at org.eclipse.jdt.internal.junit4.runner.JUnit4TestReference.run(JUnit4TestReference.java:50)&#13;&#10;&#9;at org.eclipse.jdt.internal.junit.runner.TestExecution.run(TestExecution.java:38)&#13;&#10;&#9;at org.eclipse.jdt.internal.junit.runner.RemoteTestRunner.runTests(RemoteTestRunner.java:467)&#13;&#10;&#9;at org.eclipse.jdt.internal.junit.runner.RemoteTestRunner.runTests(RemoteTestRunner.java:683)&#13;&#10;&#9;at org.eclipse.jdt.internal.junit.runner.RemoteTestRunner.run(RemoteTestRunner.java:390)&#13;&#10;&#9;at org.codecover.juniteclipse.runner.EclipseTestRunner.main(EclipseTestRunner.java:40)" Date="1589513009309" Name="DrawTest:testSetPenRadiusDouble">
<CovList/>
<AssgnmntList/>
<ObjMetaDataList/>
<MetaDataList/>
</TestCase>
<TestCase Comment="Failure&#10;java.lang.AssertionError: Use assertEquals(expected, actual, delta) to compare floating-point numbers&#13;&#10;&#9;at org.junit.Assert.fail(Assert.java:88)&#13;&#10;&#9;at org.junit.Assert.assertEquals(Assert.java:576)&#13;&#10;&#9;at org.junit.Assert.assertEquals(Assert.java:565)&#13;&#10;&#9;at DrawTest.testSetYscaleDoubleDouble1(DrawTest.java:110)&#13;&#10;&#9;at sun.reflect.NativeMethodAccessorImpl.invoke0(Native Method)&#13;&#10;&#9;at sun.reflect.NativeMethodAccessorImpl.invoke(Unknown Source)&#13;&#10;&#9;at sun.reflect.DelegatingMethodAccessorImpl.invoke(Unknown Source)&#13;&#10;&#9;at java.lang.reflect.Method.invoke(Unknown Source)&#13;&#10;&#9;at org.junit.runners.model.FrameworkMethod$1.runReflectiveCall(FrameworkMethod.java:47)&#13;&#10;&#9;at org.junit.internal.runners.model.ReflectiveCallable.run(ReflectiveCallable.java:12)&#13;&#10;&#9;at org.junit.runners.model.FrameworkMethod.invokeExplosively(FrameworkMethod.java:44)&#13;&#10;&#9;at org.junit.internal.runners.statements.InvokeMethod.evaluate(InvokeMethod.java:17)&#13;&#10;&#9;at org.junit.runners.ParentRunner.runLeaf(ParentRunner.java:271)&#13;&#10;&#9;at org.junit.runners.BlockJUnit4ClassRunner.runChild(BlockJUnit4ClassRunner.java:70)&#13;&#10;&#9;at org.junit.runners.BlockJUnit4ClassRunner.runChild(BlockJUnit4ClassRunner.java:50)&#13;&#10;&#9;at org.junit.runners.ParentRunner$3.run(ParentRunner.java:238)&#13;&#10;&#9;at org.junit.runners.ParentRunner$1.schedule(ParentRunner.java:63)&#13;&#10;&#9;at org.junit.runners.ParentRunner.runChildren(ParentRunner.java:236)&#13;&#10;&#9;at org.junit.runners.ParentRunner.access$000(ParentRunner.java:53)&#13;&#10;&#9;at org.junit.runners.ParentRunner$2.evaluate(ParentRunner.java:229)&#13;&#10;&#9;at org.junit.runners.ParentRunner.run(ParentRunner.java:309)&#13;&#10;&#9;at org.eclipse.jdt.internal.junit4.runner.JUnit4TestReference.run(JUnit4TestReference.java:50)&#13;&#10;&#9;at org.eclipse.jdt.internal.junit.runner.TestExecution.run(TestExecution.java:38)&#13;&#10;&#9;at org.eclipse.jdt.internal.junit.runner.RemoteTestRunner.runTests(RemoteTestRunner.java:467)&#13;&#10;&#9;at org.eclipse.jdt.internal.junit.runner.RemoteTestRunner.runTests(RemoteTestRunner.java:683)&#13;&#10;&#9;at org.eclipse.jdt.internal.junit.runner.RemoteTestRunner.run(RemoteTestRunner.java:390)&#13;&#10;&#9;at org.codecover.juniteclipse.runner.EclipseTestRunner.main(EclipseTestRunner.java:40)" Date="1589513009369" Name="DrawTest:testSetYscaleDoubleDouble1">
<CovList>
<CovPrefix CovItemPrefix="Draw.java">
<Cov CovItemId="B10" Value="2"/>
<Cov CovItemId="B18" Value="1"/>
<Cov CovItemId="B8" Value="2"/>
<Cov CovItemId="S111" Value="1"/>
<Cov CovItemId="S112" Value="1"/>
<Cov CovItemId="S113" Value="1"/>
<Cov CovItemId="S114" Value="1"/>
<Cov CovItemId="S116" Value="1"/>
<Cov CovItemId="S117" Value="1"/>
<Cov CovItemId="S94" Value="2"/>
<Cov CovItemId="S96" Value="2"/>
</CovPrefix>
</CovList>
<AssgnmntList>
<AssgnmntPrefix RootTermCovItemPrefix="Draw.java">
<AssgnmntListEntry Length="1" RootTermCovItemId="C4">
<MapEntry BoolAssgnmnt="0" Value="2"/>
</AssgnmntListEntry>
<AssgnmntListEntry Length="1" RootTermCovItemId="C5">
<MapEntry BoolAssgnmnt="0" Value="2"/>
</AssgnmntListEntry>
<AssgnmntListEntry Length="1" RootTermCovItemId="C9">
<MapEntry BoolAssgnmnt="0" Value="1"/>
</AssgnmntListEntry>
</AssgnmntPrefix>
</AssgnmntList>
<ObjMetaDataList/>
<MetaDataList/>
</TestCase>
<TestCase Comment="" Date="1589513009485" Name="DrawTest:testSetDefaultCloseOperation">
<CovList>
<CovPrefix CovItemPrefix="Draw.java">
<Cov CovItemId="S534" Value="1"/>
<Cov CovItemId="S535" Value="1"/>
<Cov CovItemId="S536" Value="1"/>
<Cov CovItemId="S537" Value="1"/>
<Cov CovItemId="S538" Value="1"/>
<Cov CovItemId="S539" Value="1"/>
<Cov CovItemId="S540" Value="1"/>
<Cov CovItemId="S541" Value="1"/>
<Cov CovItemId="S80" Value="1"/>
</CovPrefix>
</CovList>
<AssgnmntList/>
<ObjMetaDataList/>
<MetaDataList/>
</TestCase>
<TestCase Comment="" Date="1589513009830" Name="BlackJackTest:testHit">
<CovList>
<CovPrefix CovItemPrefix="BlackJack.java">
<Cov CovItemId="S31" Value="1"/>
<Cov CovItemId="S32" Value="1"/>
<Cov CovItemId="S33" Value="1"/>
</CovPrefix>
<CovPrefix CovItemPrefix="Card.java">
<Cov CovItemId="B6" Value="1"/>
<Cov CovItemId="S1" Value="52"/>
<Cov CovItemId="S12" Value="1"/>
<Cov CovItemId="S14" Value="1"/>
<Cov CovItemId="S2" Value="52"/>
<Cov CovItemId="S3" Value="52"/>
<Cov CovItemId="S4" Value="52"/>
<Cov CovItemId="S5" Value="52"/>
</CovPrefix>
<CovPrefix CovItemPrefix="Deck.java">
<Cov CovItemId="L1-2" Value="1"/>
<Cov CovItemId="S1" Value="1"/>
<Cov CovItemId="S2" Value="1"/>
<Cov CovItemId="S3" Value="1"/>
<Cov CovItemId="S4" Value="1"/>
<Cov CovItemId="S5" Value="52"/>
<Cov CovItemId="S6" Value="1"/>
</CovPrefix>
<CovPrefix CovItemPrefix="Draw.java">
<Cov CovItemId="B10" Value="2"/>
<Cov CovItemId="B14" Value="1"/>
<Cov CovItemId="B54" Value="1"/>
<Cov CovItemId="B55" Value="1"/>
<Cov CovItemId="B58" Value="1"/>
<Cov CovItemId="B59" Value="1"/>
<Cov CovItemId="B61" Value="1"/>
<Cov CovItemId="B64" Value="1"/>
<Cov CovItemId="B68" Value="1"/>
<Cov CovItemId="B8" Value="2"/>
<Cov CovItemId="B81" Value="1"/>
<Cov CovItemId="S100" Value="1"/>
<Cov CovItemId="S118" Value="1"/>
<Cov CovItemId="S119" Value="1"/>
<Cov CovItemId="S334" Value="1"/>
<Cov CovItemId="S336" Value="1"/>
<Cov CovItemId="S337" Value="1"/>
<Cov CovItemId="S338" Value="1"/>
<Cov CovItemId="S339" Value="1"/>
<Cov CovItemId="S341" Value="1"/>
<Cov CovItemId="S342" Value="1"/>
<Cov CovItemId="S343" Value="1"/>
<Cov CovItemId="S344" Value="1"/>
<Cov CovItemId="S345" Value="1"/>
<Cov CovItemId="S350" Value="1"/>
<Cov CovItemId="S351" Value="1"/>
<Cov CovItemId="S352" Value="1"/>
<Cov CovItemId="S353" Value="1"/>
<Cov CovItemId="S354" Value="1"/>
<Cov CovItemId="S355" Value="1"/>
<Cov CovItemId="S356" Value="1"/>
<Cov CovItemId="S357" Value="1"/>
<Cov CovItemId="S358" Value="1"/>
<Cov CovItemId="S359" Value="1"/>
<Cov CovItemId="S361" Value="1"/>
<Cov CovItemId="S362" Value="1"/>
<Cov CovItemId="S464" Value="1"/>
<Cov CovItemId="S465" Value="1"/>
<Cov CovItemId="S466" Value="1"/>
<Cov CovItemId="S467" Value="1"/>
<Cov CovItemId="S534" Value="1"/>
<Cov CovItemId="S535" Value="1"/>
<Cov CovItemId="S536" Value="1"/>
<Cov CovItemId="S537" Value="1"/>
<Cov CovItemId="S538" Value="1"/>
<Cov CovItemId="S539" Value="1"/>
<Cov CovItemId="S540" Value="1"/>
<Cov CovItemId="S541" Value="1"/>
<Cov CovItemId="S542" Value="1"/>
<Cov CovItemId="S94" Value="2"/>
<Cov CovItemId="S96" Value="2"/>
</CovPrefix>
<CovPrefix CovItemPrefix="Player.java">
<Cov CovItemId="L2-1" Value="1"/>
<Cov CovItemId="S19" Value="1"/>
<Cov CovItemId="S20" Value="1"/>
<Cov CovItemId="S8" Value="1"/>
</CovPrefix>
</CovList>
<AssgnmntList>
<AssgnmntPrefix RootTermCovItemPrefix="Card.java">
<AssgnmntListEntry Length="1" RootTermCovItemId="C3">
<MapEntry BoolAssgnmnt="0" Value="1"/>
</AssgnmntListEntry>
</AssgnmntPrefix>
<AssgnmntPrefix RootTermCovItemPrefix="Deck.java">
<AssgnmntListEntry Length="1" RootTermCovItemId="C1">
<MapEntry BoolAssgnmnt="0" Value="1"/>
<MapEntry BoolAssgnmnt="1" Value="52"/>
</AssgnmntListEntry>
</AssgnmntPrefix>
<AssgnmntPrefix RootTermCovItemPrefix="Draw.java">
<AssgnmntListEntry Length="1" RootTermCovItemId="C34">
<MapEntry BoolAssgnmnt="0" Value="1"/>
</AssgnmntListEntry>
<AssgnmntListEntry Length="2" RootTermCovItemId="C35">
<MapEntry BoolAssgnmnt="01" Value="1"/>
</AssgnmntListEntry>
<AssgnmntListEntry Length="2" RootTermCovItemId="C36">
<MapEntry BoolAssgnmnt="01" Value="1"/>
</AssgnmntListEntry>
<AssgnmntListEntry Length="1" RootTermCovItemId="C37">
<MapEntry BoolAssgnmnt="1" Value="1"/>
</AssgnmntListEntry>
<AssgnmntListEntry Length="2" RootTermCovItemId="C38">
<MapEntry BoolAssgnmnt="00" Value="1"/>
</AssgnmntListEntry>
<AssgnmntListEntry Length="1" RootTermCovItemId="C4">
<MapEntry BoolAssgnmnt="0" Value="2"/>
</AssgnmntListEntry>
<AssgnmntListEntry Length="2" RootTermCovItemId="C40">
<MapEntry BoolAssgnmnt="00" Value="1"/>
</AssgnmntListEntry>
<AssgnmntListEntry Length="1" RootTermCovItemId="C46">
<MapEntry BoolAssgnmnt="0" Value="1"/>
</AssgnmntListEntry>
<AssgnmntListEntry Length="1" RootTermCovItemId="C5">
<MapEntry BoolAssgnmnt="0" Value="2"/>
</AssgnmntListEntry>
<AssgnmntListEntry Length="1" RootTermCovItemId="C7">
<MapEntry BoolAssgnmnt="0" Value="1"/>
</AssgnmntListEntry>
</AssgnmntPrefix>
<AssgnmntPrefix RootTermCovItemPrefix="Player.java">
<AssgnmntListEntry Length="1" RootTermCovItemId="C4">
<MapEntry BoolAssgnmnt="0" Value="1"/>
<MapEntry BoolAssgnmnt="1" Value="1"/>
</AssgnmntListEntry>
</AssgnmntPrefix>
</AssgnmntList>
<ObjMetaDataList/>
<MetaDataList/>
</TestCase>
<TestCase Comment="Failure&#10;java.lang.AssertionError&#13;&#10;&#9;at org.junit.Assert.fail(Assert.java:86)&#13;&#10;&#9;at org.junit.Assert.assertTrue(Assert.java:41)&#13;&#10;&#9;at org.junit.Assert.assertTrue(Assert.java:52)&#13;&#10;&#9;at BlackJackTest.testActionPerformed(BlackJackTest.java:120)&#13;&#10;&#9;at sun.reflect.NativeMethodAccessorImpl.invoke0(Native Method)&#13;&#10;&#9;at sun.reflect.NativeMethodAccessorImpl.invoke(Unknown Source)&#13;&#10;&#9;at sun.reflect.DelegatingMethodAccessorImpl.invoke(Unknown Source)&#13;&#10;&#9;at java.lang.reflect.Method.invoke(Unknown Source)&#13;&#10;&#9;at org.junit.runners.model.FrameworkMethod$1.runReflectiveCall(FrameworkMethod.java:47)&#13;&#10;&#9;at org.junit.internal.runners.model.ReflectiveCallable.run(ReflectiveCallable.java:12)&#13;&#10;&#9;at org.junit.runners.model.FrameworkMethod.invokeExplosively(FrameworkMethod.java:44)&#13;&#10;&#9;at org.junit.internal.runners.statements.InvokeMethod.evaluate(InvokeMethod.java:17)&#13;&#10;&#9;at org.junit.runners.ParentRunner.runLeaf(ParentRunner.java:271)&#13;&#10;&#9;at org.junit.runners.BlockJUnit4ClassRunner.runChild(BlockJUnit4ClassRunner.java:70)&#13;&#10;&#9;at org.junit.runners.BlockJUnit4ClassRunner.runChild(BlockJUnit4ClassRunner.java:50)&#13;&#10;&#9;at org.junit.runners.ParentRunner$3.run(ParentRunner.java:238)&#13;&#10;&#9;at org.junit.runners.ParentRunner$1.schedule(ParentRunner.java:63)&#13;&#10;&#9;at org.junit.runners.ParentRunner.runChildren(ParentRunner.java:236)&#13;&#10;&#9;at org.junit.runners.ParentRunner.access$000(ParentRunner.java:53)&#13;&#10;&#9;at org.junit.runners.ParentRunner$2.evaluate(ParentRunner.java:229)&#13;&#10;&#9;at org.junit.runners.ParentRunner.run(ParentRunner.java:309)&#13;&#10;&#9;at org.eclipse.jdt.internal.junit4.runner.JUnit4TestReference.run(JUnit4TestReference.java:50)&#13;&#10;&#9;at org.eclipse.jdt.internal.junit.runner.TestExecution.run(TestExecution.java:38)&#13;&#10;&#9;at org.eclipse.jdt.internal.junit.runner.RemoteTestRunner.runTests(RemoteTestRunner.java:467)&#13;&#10;&#9;at org.eclipse.jdt.internal.junit.runner.RemoteTestRunner.runTests(RemoteTestRunner.java:683)&#13;&#10;&#9;at org.eclipse.jdt.internal.junit.runner.RemoteTestRunner.run(RemoteTestRunner.java:390)&#13;&#10;&#9;at org.codecover.juniteclipse.runner.EclipseTestRunner.main(EclipseTestRunner.java:40)" Date="1589513010308" Name="BlackJackTest:testActionPerformed">
<CovList>
<CovPrefix CovItemPrefix="BlackJack.java">
<Cov CovItemId="B10" Value="1"/>
<Cov CovItemId="B11" Value="1"/>
<Cov CovItemId="B14" Value="1"/>
<Cov CovItemId="B16" Value="1"/>
<Cov CovItemId="B18" Value="1"/>
<Cov CovItemId="B2" Value="1"/>
<Cov CovItemId="B4" Value="1"/>
<Cov CovItemId="B6" Value="1"/>
<Cov CovItemId="B8" Value="1"/>
<Cov CovItemId="S31" Value="6"/>
<Cov CovItemId="S32" Value="6"/>
<Cov CovItemId="S33" Value="6"/>
<Cov CovItemId="S34" Value="1"/>
<Cov CovItemId="S35" Value="1"/>
<Cov CovItemId="S36" Value="1"/>
<Cov CovItemId="S37" Value="1"/>
<Cov CovItemId="S41" Value="1"/>
<Cov CovItemId="S42" Value="1"/>
<Cov CovItemId="S43" Value="1"/>
<Cov CovItemId="S44" Value="1"/>
<Cov CovItemId="S45" Value="1"/>
<Cov CovItemId="S46" Value="1"/>
<Cov CovItemId="S47" Value="1"/>
<Cov CovItemId="S48" Value="1"/>
<Cov CovItemId="S49" Value="1"/>
<Cov CovItemId="S51" Value="1"/>
<Cov CovItemId="S53" Value="1"/>
<Cov CovItemId="S55" Value="1"/>
<Cov CovItemId="S57" Value="1"/>
<Cov CovItemId="S58" Value="1"/>
<Cov CovItemId="S59" Value="1"/>
<Cov CovItemId="S60" Value="1"/>
<Cov CovItemId="S61" Value="1"/>
<Cov CovItemId="S66" Value="1"/>
<Cov CovItemId="S73" Value="1"/>
</CovPrefix>
<CovPrefix CovItemPrefix="Card.java">
<Cov CovItemId="B2" Value="31"/>
<Cov CovItemId="B3" Value="4"/>
<Cov CovItemId="B4" Value="27"/>
<Cov CovItemId="B5" Value="1"/>
<Cov CovItemId="B6" Value="12"/>
<Cov CovItemId="S1" Value="53"/>
<Cov CovItemId="S10" Value="4"/>
<Cov CovItemId="S11" Value="27"/>
<Cov CovItemId="S12" Value="13"/>
<Cov CovItemId="S13" Value="1"/>
<Cov CovItemId="S14" Value="12"/>
<Cov CovItemId="S15" Value="1"/>
<Cov CovItemId="S16" Value="1"/>
<Cov CovItemId="S2" Value="53"/>
<Cov CovItemId="S3" Value="53"/>
<Cov CovItemId="S4" Value="53"/>
<Cov CovItemId="S5" Value="53"/>
<Cov CovItemId="S6" Value="31"/>
<Cov CovItemId="S7" Value="31"/>
<Cov CovItemId="S9" Value="31"/>
</CovPrefix>
<CovPrefix CovItemPrefix="Deck.java">
<Cov CovItemId="L1-2" Value="1"/>
<Cov CovItemId="S2" Value="1"/>
<Cov CovItemId="S3" Value="1"/>
<Cov CovItemId="S4" Value="1"/>
<Cov CovItemId="S5" Value="52"/>
<Cov CovItemId="S6" Value="6"/>
<Cov CovItemId="S8" Value="1"/>
</CovPrefix>
<CovPrefix CovItemPrefix="Draw.java">
<Cov CovItemId="B10" Value="26"/>
<Cov CovItemId="B14" Value="14"/>
<Cov CovItemId="B54" Value="13"/>
<Cov CovItemId="B55" Value="13"/>
<Cov CovItemId="B58" Value="13"/>
<Cov CovItemId="B59" Value="13"/>
<Cov CovItemId="B61" Value="13"/>
<Cov CovItemId="B64" Value="13"/>
<Cov CovItemId="B68" Value="13"/>
<Cov CovItemId="B8" Value="26"/>
<Cov CovItemId="B81" Value="14"/>
<Cov CovItemId="S100" Value="14"/>
<Cov CovItemId="S118" Value="13"/>
<Cov CovItemId="S119" Value="13"/>
<Cov CovItemId="S125" Value="1"/>
<Cov CovItemId="S126" Value="1"/>
<Cov CovItemId="S127" Value="1"/>
<Cov CovItemId="S128" Value="1"/>
<Cov CovItemId="S129" Value="1"/>
<Cov CovItemId="S334" Value="13"/>
<Cov CovItemId="S336" Value="13"/>
<Cov CovItemId="S337" Value="13"/>
<Cov CovItemId="S338" Value="13"/>
<Cov CovItemId="S339" Value="13"/>
<Cov CovItemId="S341" Value="13"/>
<Cov CovItemId="S342" Value="13"/>
<Cov CovItemId="S343" Value="13"/>
<Cov CovItemId="S344" Value="13"/>
<Cov CovItemId="S345" Value="13"/>
<Cov CovItemId="S350" Value="13"/>
<Cov CovItemId="S351" Value="13"/>
<Cov CovItemId="S352" Value="13"/>
<Cov CovItemId="S353" Value="13"/>
<Cov CovItemId="S354" Value="13"/>
<Cov CovItemId="S355" Value="13"/>
<Cov CovItemId="S356" Value="13"/>
<Cov CovItemId="S357" Value="13"/>
<Cov CovItemId="S358" Value="13"/>
<Cov CovItemId="S359" Value="13"/>
<Cov CovItemId="S361" Value="13"/>
<Cov CovItemId="S362" Value="13"/>
<Cov CovItemId="S464" Value="14"/>
<Cov CovItemId="S465" Value="14"/>
<Cov CovItemId="S466" Value="14"/>
<Cov CovItemId="S467" Value="14"/>
<Cov CovItemId="S534" Value="7"/>
<Cov CovItemId="S535" Value="7"/>
<Cov CovItemId="S536" Value="4"/>
<Cov CovItemId="S537" Value="4"/>
<Cov CovItemId="S538" Value="4"/>
<Cov CovItemId="S539" Value="4"/>
<Cov CovItemId="S540" Value="4"/>
<Cov CovItemId="S541" Value="4"/>
<Cov CovItemId="S542" Value="3"/>
<Cov CovItemId="S94" Value="26"/>
<Cov CovItemId="S96" Value="26"/>
</CovPrefix>
<CovPrefix CovItemPrefix="Player.java">
<Cov CovItemId="B2" Value="31"/>
<Cov CovItemId="B4" Value="13"/>
<Cov CovItemId="L1-1" Value="1"/>
<Cov CovItemId="L1-2" Value="12"/>
<Cov CovItemId="L2-1" Value="3"/>
<Cov CovItemId="L2-2" Value="4"/>
<Cov CovItemId="S10" Value="13"/>
<Cov CovItemId="S11" Value="13"/>
<Cov CovItemId="S12" Value="13"/>
<Cov CovItemId="S13" Value="31"/>
<Cov CovItemId="S14" Value="31"/>
<Cov CovItemId="S16" Value="13"/>
<Cov CovItemId="S18" Value="13"/>
<Cov CovItemId="S19" Value="7"/>
<Cov CovItemId="S20" Value="13"/>
<Cov CovItemId="S7" Value="2"/>
<Cov CovItemId="S8" Value="15"/>
<Cov CovItemId="S9" Value="8"/>
</CovPrefix>
</CovList>
<AssgnmntList>
<AssgnmntPrefix RootTermCovItemPrefix="BlackJack.java">
<AssgnmntListEntry Length="2" RootTermCovItemId="C1">
<MapEntry BoolAssgnmnt="00" Value="1"/>
</AssgnmntListEntry>
<AssgnmntListEntry Length="1" RootTermCovItemId="C10">
<MapEntry BoolAssgnmnt="0" Value="1"/>
</AssgnmntListEntry>
<AssgnmntListEntry Length="1" RootTermCovItemId="C2">
<MapEntry BoolAssgnmnt="0" Value="1"/>
</AssgnmntListEntry>
<AssgnmntListEntry Length="1" RootTermCovItemId="C3">
<MapEntry BoolAssgnmnt="0" Value="1"/>
</AssgnmntListEntry>
<AssgnmntListEntry Length="1" RootTermCovItemId="C4">
<MapEntry BoolAssgnmnt="0" Value="1"/>
</AssgnmntListEntry>
<AssgnmntListEntry Length="1" RootTermCovItemId="C5">
<MapEntry BoolAssgnmnt="0" Value="1"/>
</AssgnmntListEntry>
<AssgnmntListEntry Length="1" RootTermCovItemId="C6">
<MapEntry BoolAssgnmnt="1" Value="1"/>
</AssgnmntListEntry>
<AssgnmntListEntry Length="1" RootTermCovItemId="C7">
<MapEntry BoolAssgnmnt="0" Value="1"/>
</AssgnmntListEntry>
<AssgnmntListEntry Length="1" RootTermCovItemId="C8">
<MapEntry BoolAssgnmnt="0" Value="1"/>
</AssgnmntListEntry>
</AssgnmntPrefix>
<AssgnmntPrefix RootTermCovItemPrefix="Card.java">
<AssgnmntListEntry Length="1" RootTermCovItemId="C1">
<MapEntry BoolAssgnmnt="0" Value="31"/>
</AssgnmntListEntry>
<AssgnmntListEntry Length="1" RootTermCovItemId="C2">
<MapEntry BoolAssgnmnt="0" Value="27"/>
<MapEntry BoolAssgnmnt="1" Value="4"/>
</AssgnmntListEntry>
<AssgnmntListEntry Length="1" RootTermCovItemId="C3">
<MapEntry BoolAssgnmnt="0" Value="12"/>
<MapEntry BoolAssgnmnt="1" Value="1"/>
</AssgnmntListEntry>
</AssgnmntPrefix>
<AssgnmntPrefix RootTermCovItemPrefix="Deck.java">
<AssgnmntListEntry Length="1" RootTermCovItemId="C1">
<MapEntry BoolAssgnmnt="0" Value="1"/>
<MapEntry BoolAssgnmnt="1" Value="52"/>
</AssgnmntListEntry>
</AssgnmntPrefix>
<AssgnmntPrefix RootTermCovItemPrefix="Draw.java">
<AssgnmntListEntry Length="1" RootTermCovItemId="C34">
<MapEntry BoolAssgnmnt="0" Value="13"/>
</AssgnmntListEntry>
<AssgnmntListEntry Length="2" RootTermCovItemId="C35">
<MapEntry BoolAssgnmnt="01" Value="13"/>
</AssgnmntListEntry>
<AssgnmntListEntry Length="2" RootTermCovItemId="C36">
<MapEntry BoolAssgnmnt="01" Value="13"/>
</AssgnmntListEntry>
<AssgnmntListEntry Length="1" RootTermCovItemId="C37">
<MapEntry BoolAssgnmnt="1" Value="13"/>
</AssgnmntListEntry>
<AssgnmntListEntry Length="2" RootTermCovItemId="C38">
<MapEntry BoolAssgnmnt="00" Value="13"/>
</AssgnmntListEntry>
<AssgnmntListEntry Length="1" RootTermCovItemId="C4">
<MapEntry BoolAssgnmnt="0" Value="26"/>
</AssgnmntListEntry>
<AssgnmntListEntry Length="2" RootTermCovItemId="C40">
<MapEntry BoolAssgnmnt="00" Value="13"/>
</AssgnmntListEntry>
<AssgnmntListEntry Length="1" RootTermCovItemId="C46">
<MapEntry BoolAssgnmnt="0" Value="14"/>
</AssgnmntListEntry>
<AssgnmntListEntry Length="1" RootTermCovItemId="C5">
<MapEntry BoolAssgnmnt="0" Value="26"/>
</AssgnmntListEntry>
<AssgnmntListEntry Length="1" RootTermCovItemId="C7">
<MapEntry BoolAssgnmnt="0" Value="14"/>
</AssgnmntListEntry>
</AssgnmntPrefix>
<AssgnmntPrefix RootTermCovItemPrefix="Player.java">
<AssgnmntListEntry Length="1" RootTermCovItemId="C1">
<MapEntry BoolAssgnmnt="0" Value="13"/>
<MapEntry BoolAssgnmnt="1" Value="31"/>
</AssgnmntListEntry>
<AssgnmntListEntry Length="1" RootTermCovItemId="C2">
<MapEntry BoolAssgnmnt="0" Value="31"/>
</AssgnmntListEntry>
<AssgnmntListEntry Length="2" RootTermCovItemId="C3">
<MapEntry BoolAssgnmnt="02" Value="13"/>
</AssgnmntListEntry>
<AssgnmntListEntry Length="1" RootTermCovItemId="C4">
<MapEntry BoolAssgnmnt="0" Value="7"/>
<MapEntry BoolAssgnmnt="1" Value="13"/>
</AssgnmntListEntry>
</AssgnmntPrefix>
</AssgnmntList>
<ObjMetaDataList/>
<MetaDataList/>
</TestCase>
<TestCase Comment="" Date="1589513010705" Name="BlackJackTest:testDeal">
<CovList>
<CovPrefix CovItemPrefix="BlackJack.java">
<Cov CovItemId="B1" Value="2"/>
<Cov CovItemId="S31" Value="8"/>
<Cov CovItemId="S32" Value="8"/>
<Cov CovItemId="S33" Value="8"/>
<Cov CovItemId="S34" Value="2"/>
<Cov CovItemId="S35" Value="2"/>
<Cov CovItemId="S36" Value="2"/>
<Cov CovItemId="S37" Value="2"/>
<Cov CovItemId="S38" Value="2"/>
<Cov CovItemId="S39" Value="2"/>
<Cov CovItemId="S40" Value="2"/>
<Cov CovItemId="S41" Value="2"/>
<Cov CovItemId="S42" Value="2"/>
<Cov CovItemId="S43" Value="2"/>
<Cov CovItemId="S44" Value="2"/>
<Cov CovItemId="S45" Value="2"/>
</CovPrefix>
<CovPrefix CovItemPrefix="Card.java">
<Cov CovItemId="B5" Value="2"/>
<Cov CovItemId="B6" Value="10"/>
<Cov CovItemId="S1" Value="104"/>
<Cov CovItemId="S12" Value="12"/>
<Cov CovItemId="S13" Value="2"/>
<Cov CovItemId="S14" Value="10"/>
<Cov CovItemId="S15" Value="2"/>
<Cov CovItemId="S2" Value="104"/>
<Cov CovItemId="S3" Value="104"/>
<Cov CovItemId="S4" Value="104"/>
<Cov CovItemId="S5" Value="104"/>
</CovPrefix>
<CovPrefix CovItemPrefix="Deck.java">
<Cov CovItemId="L1-2" Value="2"/>
<Cov CovItemId="L2-2" Value="2"/>
<Cov CovItemId="S10" Value="104"/>
<Cov CovItemId="S11" Value="104"/>
<Cov CovItemId="S12" Value="104"/>
<Cov CovItemId="S13" Value="104"/>
<Cov CovItemId="S2" Value="2"/>
<Cov CovItemId="S3" Value="2"/>
<Cov CovItemId="S4" Value="2"/>
<Cov CovItemId="S5" Value="104"/>
<Cov CovItemId="S6" Value="8"/>
<Cov CovItemId="S8" Value="1"/>
<Cov CovItemId="S9" Value="2"/>
</CovPrefix>
<CovPrefix CovItemPrefix="Draw.java">
<Cov CovItemId="B10" Value="24"/>
<Cov CovItemId="B14" Value="14"/>
<Cov CovItemId="B54" Value="12"/>
<Cov CovItemId="B55" Value="12"/>
<Cov CovItemId="B58" Value="12"/>
<Cov CovItemId="B59" Value="12"/>
<Cov CovItemId="B61" Value="12"/>
<Cov CovItemId="B64" Value="12"/>
<Cov CovItemId="B68" Value="12"/>
<Cov CovItemId="B8" Value="24"/>
<Cov CovItemId="B81" Value="14"/>
<Cov CovItemId="S100" Value="14"/>
<Cov CovItemId="S118" Value="12"/>
<Cov CovItemId="S119" Value="12"/>
<Cov CovItemId="S125" Value="2"/>
<Cov CovItemId="S126" Value="2"/>
<Cov CovItemId="S127" Value="2"/>
<Cov CovItemId="S128" Value="2"/>
<Cov CovItemId="S129" Value="2"/>
<Cov CovItemId="S334" Value="12"/>
<Cov CovItemId="S336" Value="12"/>
<Cov CovItemId="S337" Value="12"/>
<Cov CovItemId="S338" Value="12"/>
<Cov CovItemId="S339" Value="12"/>
<Cov CovItemId="S341" Value="12"/>
<Cov CovItemId="S342" Value="12"/>
<Cov CovItemId="S343" Value="12"/>
<Cov CovItemId="S344" Value="12"/>
<Cov CovItemId="S345" Value="12"/>
<Cov CovItemId="S350" Value="12"/>
<Cov CovItemId="S351" Value="12"/>
<Cov CovItemId="S352" Value="12"/>
<Cov CovItemId="S353" Value="12"/>
<Cov CovItemId="S354" Value="12"/>
<Cov CovItemId="S355" Value="12"/>
<Cov CovItemId="S356" Value="12"/>
<Cov CovItemId="S357" Value="12"/>
<Cov CovItemId="S358" Value="12"/>
<Cov CovItemId="S359" Value="12"/>
<Cov CovItemId="S361" Value="12"/>
<Cov CovItemId="S362" Value="12"/>
<Cov CovItemId="S464" Value="14"/>
<Cov CovItemId="S465" Value="14"/>
<Cov CovItemId="S466" Value="14"/>
<Cov CovItemId="S467" Value="14"/>
<Cov CovItemId="S534" Value="7"/>
<Cov CovItemId="S535" Value="7"/>
<Cov CovItemId="S536" Value="4"/>
<Cov CovItemId="S537" Value="4"/>
<Cov CovItemId="S538" Value="4"/>
<Cov CovItemId="S539" Value="4"/>
<Cov CovItemId="S540" Value="4"/>
<Cov CovItemId="S541" Value="4"/>
<Cov CovItemId="S542" Value="3"/>
<Cov CovItemId="S94" Value="24"/>
<Cov CovItemId="S96" Value="24"/>
</CovPrefix>
<CovPrefix CovItemPrefix="Player.java">
<Cov CovItemId="L2-1" Value="4"/>
<Cov CovItemId="L2-2" Value="4"/>
<Cov CovItemId="S19" Value="8"/>
<Cov CovItemId="S20" Value="12"/>
<Cov CovItemId="S7" Value="3"/>
<Cov CovItemId="S8" Value="8"/>
<Cov CovItemId="S9" Value="4"/>
</CovPrefix>
</CovList>
<AssgnmntList>
<AssgnmntPrefix RootTermCovItemPrefix="BlackJack.java">
<AssgnmntListEntry Length="2" RootTermCovItemId="C1">
<MapEntry BoolAssgnmnt="01" Value="1"/>
<MapEntry BoolAssgnmnt="12" Value="1"/>
</AssgnmntListEntry>
</AssgnmntPrefix>
<AssgnmntPrefix RootTermCovItemPrefix="Card.java">
<AssgnmntListEntry Length="1" RootTermCovItemId="C3">
<MapEntry BoolAssgnmnt="0" Value="10"/>
<MapEntry BoolAssgnmnt="1" Value="2"/>
</AssgnmntListEntry>
</AssgnmntPrefix>
<AssgnmntPrefix RootTermCovItemPrefix="Deck.java">
<AssgnmntListEntry Length="1" RootTermCovItemId="C1">
<MapEntry BoolAssgnmnt="0" Value="2"/>
<MapEntry BoolAssgnmnt="1" Value="104"/>
</AssgnmntListEntry>
<AssgnmntListEntry Length="1" RootTermCovItemId="C2">
<MapEntry BoolAssgnmnt="0" Value="2"/>
<MapEntry BoolAssgnmnt="1" Value="104"/>
</AssgnmntListEntry>
</AssgnmntPrefix>
<AssgnmntPrefix RootTermCovItemPrefix="Draw.java">
<AssgnmntListEntry Length="1" RootTermCovItemId="C34">
<MapEntry BoolAssgnmnt="0" Value="12"/>
</AssgnmntListEntry>
<AssgnmntListEntry Length="2" RootTermCovItemId="C35">
<MapEntry BoolAssgnmnt="01" Value="12"/>
</AssgnmntListEntry>
<AssgnmntListEntry Length="2" RootTermCovItemId="C36">
<MapEntry BoolAssgnmnt="01" Value="12"/>
</AssgnmntListEntry>
<AssgnmntListEntry Length="1" RootTermCovItemId="C37">
<MapEntry BoolAssgnmnt="1" Value="12"/>
</AssgnmntListEntry>
<AssgnmntListEntry Length="2" RootTermCovItemId="C38">
<MapEntry BoolAssgnmnt="00" Value="12"/>
</AssgnmntListEntry>
<AssgnmntListEntry Length="1" RootTermCovItemId="C4">
<MapEntry BoolAssgnmnt="0" Value="24"/>
</AssgnmntListEntry>
<AssgnmntListEntry Length="2" RootTermCovItemId="C40">
<MapEntry BoolAssgnmnt="00" Value="12"/>
</AssgnmntListEntry>
<AssgnmntListEntry Length="1" RootTermCovItemId="C46">
<MapEntry BoolAssgnmnt="0" Value="14"/>
</AssgnmntListEntry>
<AssgnmntListEntry Length="1" RootTermCovItemId="C5">
<MapEntry BoolAssgnmnt="0" Value="24"/>
</AssgnmntListEntry>
<AssgnmntListEntry Length="1" RootTermCovItemId="C7">
<MapEntry BoolAssgnmnt="0" Value="14"/>
</AssgnmntListEntry>
</AssgnmntPrefix>
<AssgnmntPrefix RootTermCovItemPrefix="Player.java">
<AssgnmntListEntry Length="1" RootTermCovItemId="C4">
<MapEntry BoolAssgnmnt="0" Value="8"/>
<MapEntry BoolAssgnmnt="1" Value="12"/>
</AssgnmntListEntry>
</AssgnmntPrefix>
</AssgnmntList>
<ObjMetaDataList/>
<MetaDataList/>
</TestCase>
<TestCase Comment="" Date="1589513011159" Name="BlackJackTest:testMain">
<CovList>
<CovPrefix CovItemPrefix="BlackJack.java">
<Cov CovItemId="S10" Value="1"/>
<Cov CovItemId="S11" Value="1"/>
<Cov CovItemId="S12" Value="1"/>
<Cov CovItemId="S13" Value="1"/>
<Cov CovItemId="S14" Value="1"/>
<Cov CovItemId="S15" Value="1"/>
<Cov CovItemId="S16" Value="1"/>
<Cov CovItemId="S17" Value="1"/>
<Cov CovItemId="S18" Value="1"/>
<Cov CovItemId="S19" Value="1"/>
<Cov CovItemId="S2" Value="1"/>
<Cov CovItemId="S20" Value="1"/>
<Cov CovItemId="S21" Value="1"/>
<Cov CovItemId="S22" Value="1"/>
<Cov CovItemId="S23" Value="1"/>
<Cov CovItemId="S24" Value="1"/>
<Cov CovItemId="S25" Value="1"/>
<Cov CovItemId="S26" Value="1"/>
<Cov CovItemId="S27" Value="1"/>
<Cov CovItemId="S28" Value="1"/>
<Cov CovItemId="S29" Value="1"/>
<Cov CovItemId="S3" Value="1"/>
<Cov CovItemId="S30" Value="1"/>
<Cov CovItemId="S4" Value="1"/>
<Cov CovItemId="S5" Value="1"/>
<Cov CovItemId="S6" Value="1"/>
<Cov CovItemId="S7" Value="1"/>
<Cov CovItemId="S79" Value="1"/>
<Cov CovItemId="S8" Value="1"/>
<Cov CovItemId="S9" Value="1"/>
</CovPrefix>
<CovPrefix CovItemPrefix="Draw.java">
<Cov CovItemId="B1" Value="2"/>
<Cov CovItemId="B10" Value="14"/>
<Cov CovItemId="B12" Value="2"/>
<Cov CovItemId="B14" Value="6"/>
<Cov CovItemId="B16" Value="3"/>
<Cov CovItemId="B18" Value="3"/>
<Cov CovItemId="B6" Value="1"/>
<Cov CovItemId="B8" Value="14"/>
<Cov CovItemId="B81" Value="2"/>
<Cov CovItemId="S100" Value="6"/>
<Cov CovItemId="S102" Value="2"/>
<Cov CovItemId="S103" Value="2"/>
<Cov CovItemId="S104" Value="3"/>
<Cov CovItemId="S105" Value="3"/>
<Cov CovItemId="S106" Value="3"/>
<Cov CovItemId="S107" Value="3"/>
<Cov CovItemId="S109" Value="3"/>
<Cov CovItemId="S110" Value="3"/>
<Cov CovItemId="S111" Value="3"/>
<Cov CovItemId="S112" Value="3"/>
<Cov CovItemId="S113" Value="3"/>
<Cov CovItemId="S114" Value="3"/>
<Cov CovItemId="S116" Value="3"/>
<Cov CovItemId="S117" Value="3"/>
<Cov CovItemId="S124" Value="2"/>
<Cov CovItemId="S125" Value="2"/>
<Cov CovItemId="S126" Value="2"/>
<Cov CovItemId="S127" Value="2"/>
<Cov CovItemId="S128" Value="2"/>
<Cov CovItemId="S129" Value="2"/>
<Cov CovItemId="S131" Value="2"/>
<Cov CovItemId="S132" Value="2"/>
<Cov CovItemId="S133" Value="2"/>
<Cov CovItemId="S134" Value="2"/>
<Cov CovItemId="S135" Value="2"/>
<Cov CovItemId="S136" Value="2"/>
<Cov CovItemId="S138" Value="2"/>
<Cov CovItemId="S139" Value="2"/>
<Cov CovItemId="S140" Value="2"/>
<Cov CovItemId="S141" Value="2"/>
<Cov CovItemId="S151" Value="1"/>
<Cov CovItemId="S153" Value="2"/>
<Cov CovItemId="S154" Value="2"/>
<Cov CovItemId="S155" Value="2"/>
<Cov CovItemId="S28" Value="1"/>
<Cov CovItemId="S29" Value="1"/>
<Cov CovItemId="S30" Value="1"/>
<Cov CovItemId="S31" Value="1"/>
<Cov CovItemId="S32" Value="1"/>
<Cov CovItemId="S33" Value="1"/>
<Cov CovItemId="S34" Value="1"/>
<Cov CovItemId="S35" Value="1"/>
<Cov CovItemId="S36" Value="1"/>
<Cov CovItemId="S37" Value="1"/>
<Cov CovItemId="S38" Value="1"/>
<Cov CovItemId="S39" Value="1"/>
<Cov CovItemId="S40" Value="1"/>
<Cov CovItemId="S43" Value="1"/>
<Cov CovItemId="S44" Value="2"/>
<Cov CovItemId="S45" Value="2"/>
<Cov CovItemId="S46" Value="2"/>
<Cov CovItemId="S464" Value="2"/>
<Cov CovItemId="S465" Value="2"/>
<Cov CovItemId="S466" Value="2"/>
<Cov CovItemId="S467" Value="2"/>
<Cov CovItemId="S47" Value="2"/>
<Cov CovItemId="S48" Value="2"/>
<Cov CovItemId="S49" Value="2"/>
<Cov CovItemId="S50" Value="2"/>
<Cov CovItemId="S51" Value="2"/>
<Cov CovItemId="S52" Value="2"/>
<Cov CovItemId="S53" Value="2"/>
<Cov CovItemId="S533" Value="2"/>
<Cov CovItemId="S534" Value="10"/>
<Cov CovItemId="S535" Value="10"/>
<Cov CovItemId="S536" Value="2"/>
<Cov CovItemId="S537" Value="2"/>
<Cov CovItemId="S538" Value="2"/>
<Cov CovItemId="S539" Value="2"/>
<Cov CovItemId="S54" Value="2"/>
<Cov CovItemId="S540" Value="2"/>
<Cov CovItemId="S541" Value="2"/>
<Cov CovItemId="S542" Value="2"/>
<Cov CovItemId="S55" Value="2"/>
<Cov CovItemId="S56" Value="2"/>
<Cov CovItemId="S57" Value="2"/>
<Cov CovItemId="S58" Value="2"/>
<Cov CovItemId="S59" Value="2"/>
<Cov CovItemId="S60" Value="2"/>
<Cov CovItemId="S61" Value="2"/>
<Cov CovItemId="S62" Value="2"/>
<Cov CovItemId="S63" Value="2"/>
<Cov CovItemId="S64" Value="2"/>
<Cov CovItemId="S65" Value="2"/>
<Cov CovItemId="S66" Value="2"/>
<Cov CovItemId="S67" Value="2"/>
<Cov CovItemId="S68" Value="2"/>
<Cov CovItemId="S69" Value="2"/>
<Cov CovItemId="S70" Value="2"/>
<Cov CovItemId="S71" Value="2"/>
<Cov CovItemId="S72" Value="2"/>
<Cov CovItemId="S73" Value="2"/>
<Cov CovItemId="S74" Value="2"/>
<Cov CovItemId="S75" Value="2"/>
<Cov CovItemId="S76" Value="2"/>
<Cov CovItemId="S81" Value="1"/>
<Cov CovItemId="S83" Value="1"/>
<Cov CovItemId="S84" Value="1"/>
<Cov CovItemId="S85" Value="1"/>
<Cov CovItemId="S86" Value="2"/>
<Cov CovItemId="S87" Value="2"/>
<Cov CovItemId="S88" Value="2"/>
<Cov CovItemId="S89" Value="2"/>
<Cov CovItemId="S90" Value="2"/>
<Cov CovItemId="S91" Value="2"/>
<Cov CovItemId="S92" Value="2"/>
<Cov CovItemId="S93" Value="2"/>
<Cov CovItemId="S94" Value="14"/>
<Cov CovItemId="S96" Value="14"/>
<Cov CovItemId="S98" Value="2"/>
</CovPrefix>
<CovPrefix CovItemPrefix="Player.java">
<Cov CovItemId="S2" Value="2"/>
<Cov CovItemId="S3" Value="2"/>
<Cov CovItemId="S4" Value="2"/>
<Cov CovItemId="S5" Value="2"/>
<Cov CovItemId="S6" Value="2"/>
</CovPrefix>
</CovList>
<AssgnmntList>
<AssgnmntPrefix RootTermCovItemPrefix="Draw.java">
<AssgnmntListEntry Length="1" RootTermCovItemId="C1">
<MapEntry BoolAssgnmnt="1" Value="2"/>
</AssgnmntListEntry>
<AssgnmntListEntry Length="2" RootTermCovItemId="C3">
<MapEntry BoolAssgnmnt="00" Value="1"/>
</AssgnmntListEntry>
<AssgnmntListEntry Length="1" RootTermCovItemId="C4">
<MapEntry BoolAssgnmnt="0" Value="14"/>
</AssgnmntListEntry>
<AssgnmntListEntry Length="1" RootTermCovItemId="C46">
<MapEntry BoolAssgnmnt="0" Value="2"/>
</AssgnmntListEntry>
<AssgnmntListEntry Length="1" RootTermCovItemId="C5">
<MapEntry BoolAssgnmnt="0" Value="14"/>
</AssgnmntListEntry>
<AssgnmntListEntry Length="1" RootTermCovItemId="C6">
<MapEntry BoolAssgnmnt="0" Value="2"/>
</AssgnmntListEntry>
<AssgnmntListEntry Length="1" RootTermCovItemId="C7">
<MapEntry BoolAssgnmnt="0" Value="6"/>
</AssgnmntListEntry>
<AssgnmntListEntry Length="1" RootTermCovItemId="C8">
<MapEntry BoolAssgnmnt="0" Value="3"/>
</AssgnmntListEntry>
<AssgnmntListEntry Length="1" RootTermCovItemId="C9">
<MapEntry BoolAssgnmnt="0" Value="3"/>
</AssgnmntListEntry>
</AssgnmntPrefix>
</AssgnmntList>
<ObjMetaDataList/>
<MetaDataList/>
</TestCase>
<TestCase Comment="Failure&#10;org.junit.ComparisonFailure: expected:&lt;Gambler [bust]s&gt; but was:&lt;Gambler [win]s&gt;&#13;&#10;&#9;at org.junit.Assert.assertEquals(Assert.java:115)&#13;&#10;&#9;at org.junit.Assert.assertEquals(Assert.java:144)&#13;&#10;&#9;at BlackJackTest.testCheckWinner(BlackJackTest.java:62)&#13;&#10;&#9;at sun.reflect.NativeMethodAccessorImpl.invoke0(Native Method)&#13;&#10;&#9;at sun.reflect.NativeMethodAccessorImpl.invoke(Unknown Source)&#13;&#10;&#9;at sun.reflect.DelegatingMethodAccessorImpl.invoke(Unknown Source)&#13;&#10;&#9;at java.lang.reflect.Method.invoke(Unknown Source)&#13;&#10;&#9;at org.junit.runners.model.FrameworkMethod$1.runReflectiveCall(FrameworkMethod.java:47)&#13;&#10;&#9;at org.junit.internal.runners.model.ReflectiveCallable.run(ReflectiveCallable.java:12)&#13;&#10;&#9;at org.junit.runners.model.FrameworkMethod.invokeExplosively(FrameworkMethod.java:44)&#13;&#10;&#9;at org.junit.internal.runners.statements.InvokeMethod.evaluate(InvokeMethod.java:17)&#13;&#10;&#9;at org.junit.runners.ParentRunner.runLeaf(ParentRunner.java:271)&#13;&#10;&#9;at org.junit.runners.BlockJUnit4ClassRunner.runChild(BlockJUnit4ClassRunner.java:70)&#13;&#10;&#9;at org.junit.runners.BlockJUnit4ClassRunner.runChild(BlockJUnit4ClassRunner.java:50)&#13;&#10;&#9;at org.junit.runners.ParentRunner$3.run(ParentRunner.java:238)&#13;&#10;&#9;at org.junit.runners.ParentRunner$1.schedule(ParentRunner.java:63)&#13;&#10;&#9;at org.junit.runners.ParentRunner.runChildren(ParentRunner.java:236)&#13;&#10;&#9;at org.junit.runners.ParentRunner.access$000(ParentRunner.java:53)&#13;&#10;&#9;at org.junit.runners.ParentRunner$2.evaluate(ParentRunner.java:229)&#13;&#10;&#9;at org.junit.runners.ParentRunner.run(ParentRunner.java:309)&#13;&#10;&#9;at org.eclipse.jdt.internal.junit4.runner.JUnit4TestReference.run(JUnit4TestReference.java:50)&#13;&#10;&#9;at org.eclipse.jdt.internal.junit.runner.TestExecution.run(TestExecution.java:38)&#13;&#10;&#9;at org.eclipse.jdt.internal.junit.runner.RemoteTestRunner.runTests(RemoteTestRunner.java:467)&#13;&#10;&#9;at org.eclipse.jdt.internal.junit.runner.RemoteTestRunner.runTests(RemoteTestRunner.java:683)&#13;&#10;&#9;at org.eclipse.jdt.internal.junit.runner.RemoteTestRunner.run(RemoteTestRunner.java:390)&#13;&#10;&#9;at org.codecover.juniteclipse.runner.EclipseTestRunner.main(EclipseTestRunner.java:40)" Date="1589513011814" Name="BlackJackTest:testCheckWinner">
<CovList>
<CovPrefix CovItemPrefix="BlackJack.java">
<Cov CovItemId="B4" Value="1"/>
<Cov CovItemId="B6" Value="1"/>
<Cov CovItemId="B8" Value="1"/>
<Cov CovItemId="B9" Value="1"/>
<Cov CovItemId="S46" Value="1"/>
<Cov CovItemId="S47" Value="1"/>
<Cov CovItemId="S48" Value="1"/>
<Cov CovItemId="S49" Value="1"/>
<Cov CovItemId="S51" Value="1"/>
<Cov CovItemId="S53" Value="1"/>
<Cov CovItemId="S55" Value="1"/>
<Cov CovItemId="S56" Value="1"/>
<Cov CovItemId="S58" Value="1"/>
</CovPrefix>
<CovPrefix CovItemPrefix="Card.java">
<Cov CovItemId="B1" Value="6"/>
<Cov CovItemId="B2" Value="6"/>
<Cov CovItemId="B3" Value="3"/>
<Cov CovItemId="B4" Value="3"/>
<Cov CovItemId="B6" Value="1"/>
<Cov CovItemId="S1" Value="52"/>
<Cov CovItemId="S10" Value="3"/>
<Cov CovItemId="S11" Value="3"/>
<Cov CovItemId="S12" Value="1"/>
<Cov CovItemId="S14" Value="1"/>
<Cov CovItemId="S16" Value="1"/>
<Cov CovItemId="S2" Value="52"/>
<Cov CovItemId="S3" Value="52"/>
<Cov CovItemId="S4" Value="52"/>
<Cov CovItemId="S5" Value="52"/>
<Cov CovItemId="S6" Value="12"/>
<Cov CovItemId="S7" Value="12"/>
<Cov CovItemId="S8" Value="6"/>
<Cov CovItemId="S9" Value="6"/>
</CovPrefix>
<CovPrefix CovItemPrefix="Deck.java">
<Cov CovItemId="L1-2" Value="1"/>
<Cov CovItemId="S2" Value="1"/>
<Cov CovItemId="S3" Value="1"/>
<Cov CovItemId="S4" Value="1"/>
<Cov CovItemId="S5" Value="52"/>
</CovPrefix>
<CovPrefix CovItemPrefix="Draw.java">
<Cov CovItemId="B10" Value="2"/>
<Cov CovItemId="B14" Value="1"/>
<Cov CovItemId="B54" Value="1"/>
<Cov CovItemId="B55" Value="1"/>
<Cov CovItemId="B58" Value="1"/>
<Cov CovItemId="B59" Value="1"/>
<Cov CovItemId="B61" Value="1"/>
<Cov CovItemId="B64" Value="1"/>
<Cov CovItemId="B68" Value="1"/>
<Cov CovItemId="B8" Value="2"/>
<Cov CovItemId="B81" Value="1"/>
<Cov CovItemId="S100" Value="1"/>
<Cov CovItemId="S118" Value="1"/>
<Cov CovItemId="S119" Value="1"/>
<Cov CovItemId="S334" Value="1"/>
<Cov CovItemId="S336" Value="1"/>
<Cov CovItemId="S337" Value="1"/>
<Cov CovItemId="S338" Value="1"/>
<Cov CovItemId="S339" Value="1"/>
<Cov CovItemId="S341" Value="1"/>
<Cov CovItemId="S342" Value="1"/>
<Cov CovItemId="S343" Value="1"/>
<Cov CovItemId="S344" Value="1"/>
<Cov CovItemId="S345" Value="1"/>
<Cov CovItemId="S350" Value="1"/>
<Cov CovItemId="S351" Value="1"/>
<Cov CovItemId="S352" Value="1"/>
<Cov CovItemId="S353" Value="1"/>
<Cov CovItemId="S354" Value="1"/>
<Cov CovItemId="S355" Value="1"/>
<Cov CovItemId="S356" Value="1"/>
<Cov CovItemId="S357" Value="1"/>
<Cov CovItemId="S358" Value="1"/>
<Cov CovItemId="S359" Value="1"/>
<Cov CovItemId="S361" Value="1"/>
<Cov CovItemId="S362" Value="1"/>
<Cov CovItemId="S464" Value="1"/>
<Cov CovItemId="S465" Value="1"/>
<Cov CovItemId="S466" Value="1"/>
<Cov CovItemId="S467" Value="1"/>
<Cov CovItemId="S534" Value="1"/>
<Cov CovItemId="S535" Value="1"/>
<Cov CovItemId="S536" Value="1"/>
<Cov CovItemId="S537" Value="1"/>
<Cov CovItemId="S538" Value="1"/>
<Cov CovItemId="S539" Value="1"/>
<Cov CovItemId="S540" Value="1"/>
<Cov CovItemId="S541" Value="1"/>
<Cov CovItemId="S94" Value="2"/>
<Cov CovItemId="S96" Value="2"/>
</CovPrefix>
<CovPrefix CovItemPrefix="Player.java">
<Cov CovItemId="B1" Value="6"/>
<Cov CovItemId="B2" Value="6"/>
<Cov CovItemId="B3" Value="3"/>
<Cov CovItemId="B4" Value="3"/>
<Cov CovItemId="L1-1" Value="3"/>
<Cov CovItemId="L1-2" Value="3"/>
<Cov CovItemId="L2-1" Value="1"/>
<Cov CovItemId="S10" Value="6"/>
<Cov CovItemId="S11" Value="6"/>
<Cov CovItemId="S12" Value="6"/>
<Cov CovItemId="S13" Value="12"/>
<Cov CovItemId="S14" Value="12"/>
<Cov CovItemId="S15" Value="6"/>
<Cov CovItemId="S16" Value="6"/>
<Cov CovItemId="S17" Value="3"/>
<Cov CovItemId="S18" Value="6"/>
<Cov CovItemId="S19" Value="1"/>
<Cov CovItemId="S20" Value="1"/>
<Cov CovItemId="S7" Value="1"/>
<Cov CovItemId="S8" Value="4"/>
<Cov CovItemId="S9" Value="2"/>
</CovPrefix>
</CovList>
<AssgnmntList>
<AssgnmntPrefix RootTermCovItemPrefix="BlackJack.java">
<AssgnmntListEntry Length="1" RootTermCovItemId="C2">
<MapEntry BoolAssgnmnt="0" Value="1"/>
</AssgnmntListEntry>
<AssgnmntListEntry Length="1" RootTermCovItemId="C3">
<MapEntry BoolAssgnmnt="0" Value="1"/>
</AssgnmntListEntry>
<AssgnmntListEntry Length="1" RootTermCovItemId="C4">
<MapEntry BoolAssgnmnt="0" Value="1"/>
</AssgnmntListEntry>
<AssgnmntListEntry Length="1" RootTermCovItemId="C5">
<MapEntry BoolAssgnmnt="1" Value="1"/>
</AssgnmntListEntry>
</AssgnmntPrefix>
<AssgnmntPrefix RootTermCovItemPrefix="Card.java">
<AssgnmntListEntry Length="1" RootTermCovItemId="C1">
<MapEntry BoolAssgnmnt="0" Value="6"/>
<MapEntry BoolAssgnmnt="1" Value="6"/>
</AssgnmntListEntry>
<AssgnmntListEntry Length="1" RootTermCovItemId="C2">
<MapEntry BoolAssgnmnt="0" Value="3"/>
<MapEntry BoolAssgnmnt="1" Value="3"/>
</AssgnmntListEntry>
<AssgnmntListEntry Length="1" RootTermCovItemId="C3">
<MapEntry BoolAssgnmnt="0" Value="1"/>
</AssgnmntListEntry>
</AssgnmntPrefix>
<AssgnmntPrefix RootTermCovItemPrefix="Deck.java">
<AssgnmntListEntry Length="1" RootTermCovItemId="C1">
<MapEntry BoolAssgnmnt="0" Value="1"/>
<MapEntry BoolAssgnmnt="1" Value="52"/>
</AssgnmntListEntry>
</AssgnmntPrefix>
<AssgnmntPrefix RootTermCovItemPrefix="Draw.java">
<AssgnmntListEntry Length="1" RootTermCovItemId="C34">
<MapEntry BoolAssgnmnt="0" Value="1"/>
</AssgnmntListEntry>
<AssgnmntListEntry Length="2" RootTermCovItemId="C35">
<MapEntry BoolAssgnmnt="01" Value="1"/>
</AssgnmntListEntry>
<AssgnmntListEntry Length="2" RootTermCovItemId="C36">
<MapEntry BoolAssgnmnt="01" Value="1"/>
</AssgnmntListEntry>
<AssgnmntListEntry Length="1" RootTermCovItemId="C37">
<MapEntry BoolAssgnmnt="1" Value="1"/>
</AssgnmntListEntry>
<AssgnmntListEntry Length="2" RootTermCovItemId="C38">
<MapEntry BoolAssgnmnt="00" Value="1"/>
</AssgnmntListEntry>
<AssgnmntListEntry Length="1" RootTermCovItemId="C4">
<MapEntry BoolAssgnmnt="0" Value="2"/>
</AssgnmntListEntry>
<AssgnmntListEntry Length="2" RootTermCovItemId="C40">
<MapEntry BoolAssgnmnt="00" Value="1"/>
</AssgnmntListEntry>
<AssgnmntListEntry Length="1" RootTermCovItemId="C46">
<MapEntry BoolAssgnmnt="0" Value="1"/>
</AssgnmntListEntry>
<AssgnmntListEntry Length="1" RootTermCovItemId="C5">
<MapEntry BoolAssgnmnt="0" Value="2"/>
</AssgnmntListEntry>
<AssgnmntListEntry Length="1" RootTermCovItemId="C7">
<MapEntry BoolAssgnmnt="0" Value="1"/>
</AssgnmntListEntry>
</AssgnmntPrefix>
<AssgnmntPrefix RootTermCovItemPrefix="Player.java">
<AssgnmntListEntry Length="1" RootTermCovItemId="C1">
<MapEntry BoolAssgnmnt="0" Value="6"/>
<MapEntry BoolAssgnmnt="1" Value="12"/>
</AssgnmntListEntry>
<AssgnmntListEntry Length="1" RootTermCovItemId="C2">
<MapEntry BoolAssgnmnt="0" Value="6"/>
<MapEntry BoolAssgnmnt="1" Value="6"/>
</AssgnmntListEntry>
<AssgnmntListEntry Length="2" RootTermCovItemId="C3">
<MapEntry BoolAssgnmnt="10" Value="3"/>
<MapEntry BoolAssgnmnt="11" Value="3"/>
</AssgnmntListEntry>
<AssgnmntListEntry Length="1" RootTermCovItemId="C4">
<MapEntry BoolAssgnmnt="0" Value="1"/>
<MapEntry BoolAssgnmnt="1" Value="1"/>
</AssgnmntListEntry>
</AssgnmntPrefix>
</AssgnmntList>
<ObjMetaDataList/>
<MetaDataList/>
</TestCase>
<TestCase Comment="" Date="1589513012105" Name="BlackJackTest:initHere">
<CovList>
<CovPrefix CovItemPrefix="BlackJack.java">
<Cov CovItemId="S10" Value="1"/>
<Cov CovItemId="S11" Value="1"/>
<Cov CovItemId="S12" Value="1"/>
<Cov CovItemId="S13" Value="1"/>
<Cov CovItemId="S14" Value="1"/>
<Cov CovItemId="S15" Value="1"/>
<Cov CovItemId="S16" Value="1"/>
<Cov CovItemId="S17" Value="1"/>
<Cov CovItemId="S18" Value="1"/>
<Cov CovItemId="S19" Value="1"/>
<Cov CovItemId="S2" Value="1"/>
<Cov CovItemId="S20" Value="1"/>
<Cov CovItemId="S21" Value="1"/>
<Cov CovItemId="S22" Value="1"/>
<Cov CovItemId="S23" Value="1"/>
<Cov CovItemId="S24" Value="1"/>
<Cov CovItemId="S25" Value="1"/>
<Cov CovItemId="S26" Value="1"/>
<Cov CovItemId="S27" Value="1"/>
<Cov CovItemId="S28" Value="1"/>
<Cov CovItemId="S29" Value="1"/>
<Cov CovItemId="S3" Value="1"/>
<Cov CovItemId="S30" Value="1"/>
<Cov CovItemId="S4" Value="1"/>
<Cov CovItemId="S5" Value="1"/>
<Cov CovItemId="S6" Value="1"/>
<Cov CovItemId="S7" Value="1"/>
<Cov CovItemId="S8" Value="1"/>
<Cov CovItemId="S9" Value="1"/>
</CovPrefix>
<CovPrefix CovItemPrefix="Draw.java">
<Cov CovItemId="B1" Value="2"/>
<Cov CovItemId="B10" Value="14"/>
<Cov CovItemId="B12" Value="2"/>
<Cov CovItemId="B14" Value="6"/>
<Cov CovItemId="B16" Value="3"/>
<Cov CovItemId="B18" Value="3"/>
<Cov CovItemId="B6" Value="1"/>
<Cov CovItemId="B8" Value="14"/>
<Cov CovItemId="B81" Value="2"/>
<Cov CovItemId="S100" Value="6"/>
<Cov CovItemId="S102" Value="2"/>
<Cov CovItemId="S103" Value="2"/>
<Cov CovItemId="S104" Value="3"/>
<Cov CovItemId="S105" Value="3"/>
<Cov CovItemId="S106" Value="3"/>
<Cov CovItemId="S107" Value="3"/>
<Cov CovItemId="S109" Value="3"/>
<Cov CovItemId="S110" Value="3"/>
<Cov CovItemId="S111" Value="3"/>
<Cov CovItemId="S112" Value="3"/>
<Cov CovItemId="S113" Value="3"/>
<Cov CovItemId="S114" Value="3"/>
<Cov CovItemId="S116" Value="3"/>
<Cov CovItemId="S117" Value="3"/>
<Cov CovItemId="S124" Value="2"/>
<Cov CovItemId="S125" Value="2"/>
<Cov CovItemId="S126" Value="2"/>
<Cov CovItemId="S127" Value="2"/>
<Cov CovItemId="S128" Value="2"/>
<Cov CovItemId="S129" Value="2"/>
<Cov CovItemId="S131" Value="2"/>
<Cov CovItemId="S132" Value="2"/>
<Cov CovItemId="S133" Value="2"/>
<Cov CovItemId="S134" Value="2"/>
<Cov CovItemId="S135" Value="2"/>
<Cov CovItemId="S136" Value="2"/>
<Cov CovItemId="S138" Value="2"/>
<Cov CovItemId="S139" Value="2"/>
<Cov CovItemId="S140" Value="2"/>
<Cov CovItemId="S141" Value="2"/>
<Cov CovItemId="S151" Value="1"/>
<Cov CovItemId="S153" Value="2"/>
<Cov CovItemId="S154" Value="2"/>
<Cov CovItemId="S155" Value="2"/>
<Cov CovItemId="S28" Value="1"/>
<Cov CovItemId="S29" Value="1"/>
<Cov CovItemId="S30" Value="1"/>
<Cov CovItemId="S31" Value="1"/>
<Cov CovItemId="S32" Value="1"/>
<Cov CovItemId="S33" Value="1"/>
<Cov CovItemId="S34" Value="1"/>
<Cov CovItemId="S35" Value="1"/>
<Cov CovItemId="S36" Value="1"/>
<Cov CovItemId="S37" Value="1"/>
<Cov CovItemId="S38" Value="1"/>
<Cov CovItemId="S39" Value="1"/>
<Cov CovItemId="S40" Value="1"/>
<Cov CovItemId="S43" Value="1"/>
<Cov CovItemId="S44" Value="2"/>
<Cov CovItemId="S45" Value="2"/>
<Cov CovItemId="S46" Value="2"/>
<Cov CovItemId="S464" Value="2"/>
<Cov CovItemId="S465" Value="2"/>
<Cov CovItemId="S466" Value="2"/>
<Cov CovItemId="S467" Value="2"/>
<Cov CovItemId="S47" Value="2"/>
<Cov CovItemId="S48" Value="2"/>
<Cov CovItemId="S49" Value="2"/>
<Cov CovItemId="S50" Value="2"/>
<Cov CovItemId="S51" Value="2"/>
<Cov CovItemId="S52" Value="2"/>
<Cov CovItemId="S53" Value="2"/>
<Cov CovItemId="S533" Value="2"/>
<Cov CovItemId="S534" Value="13"/>
<Cov CovItemId="S535" Value="13"/>
<Cov CovItemId="S536" Value="2"/>
<Cov CovItemId="S537" Value="2"/>
<Cov CovItemId="S538" Value="2"/>
<Cov CovItemId="S539" Value="2"/>
<Cov CovItemId="S54" Value="2"/>
<Cov CovItemId="S540" Value="2"/>
<Cov CovItemId="S541" Value="2"/>
<Cov CovItemId="S542" Value="2"/>
<Cov CovItemId="S55" Value="2"/>
<Cov CovItemId="S56" Value="2"/>
<Cov CovItemId="S57" Value="2"/>
<Cov CovItemId="S58" Value="2"/>
<Cov CovItemId="S59" Value="2"/>
<Cov CovItemId="S60" Value="2"/>
<Cov CovItemId="S61" Value="2"/>
<Cov CovItemId="S62" Value="2"/>
<Cov CovItemId="S63" Value="2"/>
<Cov CovItemId="S64" Value="2"/>
<Cov CovItemId="S65" Value="2"/>
<Cov CovItemId="S66" Value="2"/>
<Cov CovItemId="S67" Value="2"/>
<Cov CovItemId="S68" Value="2"/>
<Cov CovItemId="S69" Value="2"/>
<Cov CovItemId="S70" Value="2"/>
<Cov CovItemId="S71" Value="2"/>
<Cov CovItemId="S72" Value="2"/>
<Cov CovItemId="S73" Value="2"/>
<Cov CovItemId="S74" Value="2"/>
<Cov CovItemId="S75" Value="2"/>
<Cov CovItemId="S76" Value="2"/>
<Cov CovItemId="S81" Value="1"/>
<Cov CovItemId="S83" Value="1"/>
<Cov CovItemId="S84" Value="1"/>
<Cov CovItemId="S85" Value="1"/>
<Cov CovItemId="S86" Value="2"/>
<Cov CovItemId="S87" Value="2"/>
<Cov CovItemId="S88" Value="2"/>
<Cov CovItemId="S89" Value="2"/>
<Cov CovItemId="S90" Value="2"/>
<Cov CovItemId="S91" Value="2"/>
<Cov CovItemId="S92" Value="2"/>
<Cov CovItemId="S93" Value="2"/>
<Cov CovItemId="S94" Value="14"/>
<Cov CovItemId="S96" Value="14"/>
<Cov CovItemId="S98" Value="2"/>
</CovPrefix>
<CovPrefix CovItemPrefix="Player.java">
<Cov CovItemId="S2" Value="2"/>
<Cov CovItemId="S3" Value="2"/>
<Cov CovItemId="S4" Value="2"/>
<Cov CovItemId="S5" Value="2"/>
<Cov CovItemId="S6" Value="2"/>
</CovPrefix>
</CovList>
<AssgnmntList>
<AssgnmntPrefix RootTermCovItemPrefix="Draw.java">
<AssgnmntListEntry Length="1" RootTermCovItemId="C1">
<MapEntry BoolAssgnmnt="1" Value="2"/>
</AssgnmntListEntry>
<AssgnmntListEntry Length="2" RootTermCovItemId="C3">
<MapEntry BoolAssgnmnt="00" Value="1"/>
</AssgnmntListEntry>
<AssgnmntListEntry Length="1" RootTermCovItemId="C4">
<MapEntry BoolAssgnmnt="0" Value="14"/>
</AssgnmntListEntry>
<AssgnmntListEntry Length="1" RootTermCovItemId="C46">
<MapEntry BoolAssgnmnt="0" Value="2"/>
</AssgnmntListEntry>
<AssgnmntListEntry Length="1" RootTermCovItemId="C5">
<MapEntry BoolAssgnmnt="0" Value="14"/>
</AssgnmntListEntry>
<AssgnmntListEntry Length="1" RootTermCovItemId="C6">
<MapEntry BoolAssgnmnt="0" Value="2"/>
</AssgnmntListEntry>
<AssgnmntListEntry Length="1" RootTermCovItemId="C7">
<MapEntry BoolAssgnmnt="0" Value="6"/>
</AssgnmntListEntry>
<AssgnmntListEntry Length="1" RootTermCovItemId="C8">
<MapEntry BoolAssgnmnt="0" Value="3"/>
</AssgnmntListEntry>
<AssgnmntListEntry Length="1" RootTermCovItemId="C9">
<MapEntry BoolAssgnmnt="0" Value="3"/>
</AssgnmntListEntry>
</AssgnmntPrefix>
</AssgnmntList>
<ObjMetaDataList/>
<MetaDataList/>
</TestCase>
<TestCase Comment="" Date="1589513012677" Name="BlackJackTest:testBlackJack">
<CovList>
<CovPrefix CovItemPrefix="Player.java">
<Cov CovItemId="B4" Value="2"/>
<Cov CovItemId="L1-0" Value="2"/>
<Cov CovItemId="S10" Value="2"/>
<Cov CovItemId="S11" Value="2"/>
<Cov CovItemId="S12" Value="2"/>
<Cov CovItemId="S16" Value="2"/>
<Cov CovItemId="S18" Value="2"/>
</CovPrefix>
</CovList>
<AssgnmntList>
<AssgnmntPrefix RootTermCovItemPrefix="Player.java">
<AssgnmntListEntry Length="1" RootTermCovItemId="C1">
<MapEntry BoolAssgnmnt="0" Value="2"/>
</AssgnmntListEntry>
<AssgnmntListEntry Length="2" RootTermCovItemId="C3">
<MapEntry BoolAssgnmnt="02" Value="2"/>
</AssgnmntListEntry>
</AssgnmntPrefix>
</AssgnmntList>
<ObjMetaDataList/>
<MetaDataList/>
</TestCase>
<TestCase Comment="" Date="1589513012791" Name="PlayerTest:testReset">
<CovList>
<CovPrefix CovItemPrefix="Card.java">
<Cov CovItemId="S1" Value="2"/>
<Cov CovItemId="S17" Value="1"/>
<Cov CovItemId="S18" Value="1"/>
<Cov CovItemId="S19" Value="1"/>
<Cov CovItemId="S2" Value="2"/>
<Cov CovItemId="S3" Value="2"/>
<Cov CovItemId="S4" Value="2"/>
<Cov CovItemId="S5" Value="2"/>
</CovPrefix>
<CovPrefix CovItemPrefix="Player.java">
<Cov CovItemId="S7" Value="1"/>
<Cov CovItemId="S8" Value="2"/>
<Cov CovItemId="S9" Value="1"/>
</CovPrefix>
</CovList>
<AssgnmntList/>
<ObjMetaDataList/>
<MetaDataList/>
</TestCase>
<TestCase Comment="" Date="1589513012886" Name="PlayerTest:testValue">
<CovList>
<CovPrefix CovItemPrefix="Card.java">
<Cov CovItemId="B1" Value="3"/>
<Cov CovItemId="B2" Value="3"/>
<Cov CovItemId="B3" Value="2"/>
<Cov CovItemId="B4" Value="1"/>
<Cov CovItemId="S1" Value="3"/>
<Cov CovItemId="S10" Value="2"/>
<Cov CovItemId="S11" Value="1"/>
<Cov CovItemId="S2" Value="3"/>
<Cov CovItemId="S3" Value="3"/>
<Cov CovItemId="S4" Value="3"/>
<Cov CovItemId="S5" Value="3"/>
<Cov CovItemId="S6" Value="6"/>
<Cov CovItemId="S7" Value="6"/>
<Cov CovItemId="S8" Value="3"/>
<Cov CovItemId="S9" Value="3"/>
</CovPrefix>
<CovPrefix CovItemPrefix="Player.java">
<Cov CovItemId="B1" Value="3"/>
<Cov CovItemId="B2" Value="3"/>
<Cov CovItemId="B3" Value="2"/>
<Cov CovItemId="B4" Value="2"/>
<Cov CovItemId="L1-0" Value="1"/>
<Cov CovItemId="L1-1" Value="1"/>
<Cov CovItemId="L1-2" Value="2"/>
<Cov CovItemId="S10" Value="4"/>
<Cov CovItemId="S11" Value="4"/>
<Cov CovItemId="S12" Value="4"/>
<Cov CovItemId="S13" Value="6"/>
<Cov CovItemId="S14" Value="6"/>
<Cov CovItemId="S15" Value="3"/>
<Cov CovItemId="S16" Value="4"/>
<Cov CovItemId="S17" Value="2"/>
<Cov CovItemId="S18" Value="4"/>
<Cov CovItemId="S8" Value="3"/>
<Cov CovItemId="S9" Value="1"/>
</CovPrefix>
</CovList>
<AssgnmntList>
<AssgnmntPrefix RootTermCovItemPrefix="Card.java">
<AssgnmntListEntry Length="1" RootTermCovItemId="C1">
<MapEntry BoolAssgnmnt="0" Value="3"/>
<MapEntry BoolAssgnmnt="1" Value="3"/>
</AssgnmntListEntry>
<AssgnmntListEntry Length="1" RootTermCovItemId="C2">
<MapEntry BoolAssgnmnt="0" Value="1"/>
<MapEntry BoolAssgnmnt="1" Value="2"/>
</AssgnmntListEntry>
</AssgnmntPrefix>
<AssgnmntPrefix RootTermCovItemPrefix="Player.java">
<AssgnmntListEntry Length="1" RootTermCovItemId="C1">
<MapEntry BoolAssgnmnt="0" Value="4"/>
<MapEntry BoolAssgnmnt="1" Value="6"/>
</AssgnmntListEntry>
<AssgnmntListEntry Length="1" RootTermCovItemId="C2">
<MapEntry BoolAssgnmnt="0" Value="3"/>
<MapEntry BoolAssgnmnt="1" Value="3"/>
</AssgnmntListEntry>
<AssgnmntListEntry Length="2" RootTermCovItemId="C3">
<MapEntry BoolAssgnmnt="02" Value="1"/>
<MapEntry BoolAssgnmnt="10" Value="1"/>
<MapEntry BoolAssgnmnt="11" Value="2"/>
</AssgnmntListEntry>
</AssgnmntPrefix>
</AssgnmntList>
<ObjMetaDataList/>
<MetaDataList/>
</TestCase>
<TestCase Comment="" Date="1589513012951" Name="PlayerTest:testDraw">
<CovList/>
<AssgnmntList/>
<ObjMetaDataList/>
<MetaDataList/>
</TestCase>
<TestCase Comment="" Date="1589513013035" Name="PlayerTest:testPeak">
<CovList>
<CovPrefix CovItemPrefix="Card.java">
<Cov CovItemId="S1" Value="2"/>
<Cov CovItemId="S17" Value="1"/>
<Cov CovItemId="S18" Value="1"/>
<Cov CovItemId="S19" Value="1"/>
<Cov CovItemId="S2" Value="2"/>
<Cov CovItemId="S3" Value="2"/>
<Cov CovItemId="S4" Value="2"/>
<Cov CovItemId="S5" Value="2"/>
</CovPrefix>
<CovPrefix CovItemPrefix="Player.java">
<Cov CovItemId="S7" Value="1"/>
<Cov CovItemId="S8" Value="2"/>
</CovPrefix>
</CovList>
<AssgnmntList/>
<ObjMetaDataList/>
<MetaDataList/>
</TestCase>
<TestCase Comment="Failure&#10;java.lang.AssertionError: expected:&lt;true&gt; but was:&lt;false&gt;&#13;&#10;&#9;at org.junit.Assert.fail(Assert.java:88)&#13;&#10;&#9;at org.junit.Assert.failNotEquals(Assert.java:743)&#13;&#10;&#9;at org.junit.Assert.assertEquals(Assert.java:118)&#13;&#10;&#9;at org.junit.Assert.assertEquals(Assert.java:144)&#13;&#10;&#9;at PlayerTest.testToString(PlayerTest.java:58)&#13;&#10;&#9;at sun.reflect.NativeMethodAccessorImpl.invoke0(Native Method)&#13;&#10;&#9;at sun.reflect.NativeMethodAccessorImpl.invoke(Unknown Source)&#13;&#10;&#9;at sun.reflect.DelegatingMethodAccessorImpl.invoke(Unknown Source)&#13;&#10;&#9;at java.lang.reflect.Method.invoke(Unknown Source)&#13;&#10;&#9;at org.junit.runners.model.FrameworkMethod$1.runReflectiveCall(FrameworkMethod.java:47)&#13;&#10;&#9;at org.junit.internal.runners.model.ReflectiveCallable.run(ReflectiveCallable.java:12)&#13;&#10;&#9;at org.junit.runners.model.FrameworkMethod.invokeExplosively(FrameworkMethod.java:44)&#13;&#10;&#9;at org.junit.internal.runners.statements.InvokeMethod.evaluate(InvokeMethod.java:17)&#13;&#10;&#9;at org.junit.runners.ParentRunner.runLeaf(ParentRunner.java:271)&#13;&#10;&#9;at org.junit.runners.BlockJUnit4ClassRunner.runChild(BlockJUnit4ClassRunner.java:70)&#13;&#10;&#9;at org.junit.runners.BlockJUnit4ClassRunner.runChild(BlockJUnit4ClassRunner.java:50)&#13;&#10;&#9;at org.junit.runners.ParentRunner$3.run(ParentRunner.java:238)&#13;&#10;&#9;at org.junit.runners.ParentRunner$1.schedule(ParentRunner.java:63)&#13;&#10;&#9;at org.junit.runners.ParentRunner.runChildren(ParentRunner.java:236)&#13;&#10;&#9;at org.junit.runners.ParentRunner.access$000(ParentRunner.java:53)&#13;&#10;&#9;at org.junit.runners.ParentRunner$2.evaluate(ParentRunner.java:229)&#13;&#10;&#9;at org.junit.runners.ParentRunner.run(ParentRunner.java:309)&#13;&#10;&#9;at org.eclipse.jdt.internal.junit4.runner.JUnit4TestReference.run(JUnit4TestReference.java:50)&#13;&#10;&#9;at org.eclipse.jdt.internal.junit.runner.TestExecution.run(TestExecution.java:38)&#13;&#10;&#9;at org.eclipse.jdt.internal.junit.runner.RemoteTestRunner.runTests(RemoteTestRunner.java:467)&#13;&#10;&#9;at org.eclipse.jdt.internal.junit.runner.RemoteTestRunner.runTests(RemoteTestRunner.java:683)&#13;&#10;&#9;at org.eclipse.jdt.internal.junit.runner.RemoteTestRunner.run(RemoteTestRunner.java:390)&#13;&#10;&#9;at org.codecover.juniteclipse.runner.EclipseTestRunner.main(EclipseTestRunner.java:40)" Date="1589513013149" Name="PlayerTest:testToString">
<CovList>
<CovPrefix CovItemPrefix="Card.java">
<Cov CovItemId="B1" Value="1"/>
<Cov CovItemId="S1" Value="1"/>
<Cov CovItemId="S17" Value="1"/>
<Cov CovItemId="S18" Value="1"/>
<Cov CovItemId="S19" Value="1"/>
<Cov CovItemId="S2" Value="1"/>
<Cov CovItemId="S3" Value="1"/>
<Cov CovItemId="S4" Value="1"/>
<Cov CovItemId="S5" Value="1"/>
<Cov CovItemId="S6" Value="1"/>
<Cov CovItemId="S7" Value="1"/>
<Cov CovItemId="S8" Value="1"/>
</CovPrefix>
<CovPrefix CovItemPrefix="Draw.java">
<Cov CovItemId="S534" Value="1"/>
<Cov CovItemId="S535" Value="1"/>
<Cov CovItemId="S536" Value="1"/>
<Cov CovItemId="S537" Value="1"/>
<Cov CovItemId="S538" Value="1"/>
<Cov CovItemId="S539" Value="1"/>
<Cov CovItemId="S540" Value="1"/>
<Cov CovItemId="S541" Value="1"/>
</CovPrefix>
<CovPrefix CovItemPrefix="Player.java">
<Cov CovItemId="B1" Value="1"/>
<Cov CovItemId="B3" Value="1"/>
<Cov CovItemId="B4" Value="1"/>
<Cov CovItemId="L1-0" Value="1"/>
<Cov CovItemId="L1-1" Value="1"/>
<Cov CovItemId="L3-0" Value="1"/>
<Cov CovItemId="L3-1" Value="1"/>
<Cov CovItemId="S10" Value="2"/>
<Cov CovItemId="S11" Value="2"/>
<Cov CovItemId="S12" Value="2"/>
<Cov CovItemId="S13" Value="1"/>
<Cov CovItemId="S14" Value="1"/>
<Cov CovItemId="S15" Value="1"/>
<Cov CovItemId="S16" Value="2"/>
<Cov CovItemId="S17" Value="1"/>
<Cov CovItemId="S18" Value="2"/>
<Cov CovItemId="S21" Value="2"/>
<Cov CovItemId="S22" Value="2"/>
<Cov CovItemId="S23" Value="1"/>
<Cov CovItemId="S24" Value="2"/>
<Cov CovItemId="S8" Value="1"/>
</CovPrefix>
</CovList>
<AssgnmntList>
<AssgnmntPrefix RootTermCovItemPrefix="Card.java">
<AssgnmntListEntry Length="1" RootTermCovItemId="C1">
<MapEntry BoolAssgnmnt="1" Value="1"/>
</AssgnmntListEntry>
</AssgnmntPrefix>
<AssgnmntPrefix RootTermCovItemPrefix="Player.java">
<AssgnmntListEntry Length="1" RootTermCovItemId="C1">
<MapEntry BoolAssgnmnt="0" Value="2"/>
<MapEntry BoolAssgnmnt="1" Value="1"/>
</AssgnmntListEntry>
<AssgnmntListEntry Length="1" RootTermCovItemId="C2">
<MapEntry BoolAssgnmnt="1" Value="1"/>
</AssgnmntListEntry>
<AssgnmntListEntry Length="2" RootTermCovItemId="C3">
<MapEntry BoolAssgnmnt="02" Value="1"/>
<MapEntry BoolAssgnmnt="11" Value="1"/>
</AssgnmntListEntry>
<AssgnmntListEntry Length="1" RootTermCovItemId="C5">
<MapEntry BoolAssgnmnt="0" Value="2"/>
<MapEntry BoolAssgnmnt="1" Value="1"/>
</AssgnmntListEntry>
</AssgnmntPrefix>
</AssgnmntList>
<ObjMetaDataList/>
<MetaDataList/>
</TestCase>
<TestCase Comment="" Date="1589513013336" Name="PlayerTest:testDealTo">
<CovList>
<CovPrefix CovItemPrefix="Card.java">
<Cov CovItemId="S1" Value="2"/>
<Cov CovItemId="S17" Value="3"/>
<Cov CovItemId="S18" Value="3"/>
<Cov CovItemId="S19" Value="3"/>
<Cov CovItemId="S2" Value="2"/>
<Cov CovItemId="S3" Value="2"/>
<Cov CovItemId="S4" Value="2"/>
<Cov CovItemId="S5" Value="2"/>
</CovPrefix>
<CovPrefix CovItemPrefix="Player.java">
<Cov CovItemId="S7" Value="3"/>
<Cov CovItemId="S8" Value="2"/>
<Cov CovItemId="S9" Value="1"/>
</CovPrefix>
</CovList>
<AssgnmntList/>
<ObjMetaDataList/>
<MetaDataList/>
</TestCase>
<TestCase Comment="" Date="1589513013338" Name="DeckTest:testDeck">
<CovList>
<CovPrefix CovItemPrefix="Card.java">
<Cov CovItemId="S1" Value="104"/>
<Cov CovItemId="S2" Value="104"/>
<Cov CovItemId="S3" Value="104"/>
<Cov CovItemId="S4" Value="104"/>
<Cov CovItemId="S5" Value="104"/>
</CovPrefix>
<CovPrefix CovItemPrefix="Deck.java">
<Cov CovItemId="L1-2" Value="2"/>
<Cov CovItemId="S2" Value="2"/>
<Cov CovItemId="S3" Value="2"/>
<Cov CovItemId="S4" Value="2"/>
<Cov CovItemId="S5" Value="104"/>
</CovPrefix>
</CovList>
<AssgnmntList>
<AssgnmntPrefix RootTermCovItemPrefix="Deck.java">
<AssgnmntListEntry Length="1" RootTermCovItemId="C1">
<MapEntry BoolAssgnmnt="0" Value="2"/>
<MapEntry BoolAssgnmnt="1" Value="104"/>
</AssgnmntListEntry>
</AssgnmntPrefix>
</AssgnmntList>
<ObjMetaDataList/>
<MetaDataList/>
</TestCase>
<TestCase Comment="" Date="1589513013339" Name="DeckTest:testSize">
<CovList>
<CovPrefix CovItemPrefix="Deck.java">
<Cov CovItemId="S8" Value="1"/>
</CovPrefix>
</CovList>
<AssgnmntList/>
<ObjMetaDataList/>
<MetaDataList/>
</TestCase>
<TestCase Comment="" Date="1589513013340" Name="DeckTest:testToString">
<CovList>
<CovPrefix CovItemPrefix="Card.java">
<Cov CovItemId="S17" Value="208"/>
<Cov CovItemId="S18" Value="208"/>
<Cov CovItemId="S19" Value="208"/>
</CovPrefix>
<CovPrefix CovItemPrefix="Deck.java">
<Cov CovItemId="L2-2" Value="1"/>
<Cov CovItemId="L3-2" Value="4"/>
<Cov CovItemId="S10" Value="52"/>
<Cov CovItemId="S11" Value="52"/>
<Cov CovItemId="S12" Value="52"/>
<Cov CovItemId="S13" Value="52"/>
<Cov CovItemId="S14" Value="4"/>
<Cov CovItemId="S15" Value="4"/>
<Cov CovItemId="S16" Value="208"/>
<Cov CovItemId="S17" Value="4"/>
<Cov CovItemId="S9" Value="1"/>
</CovPrefix>
</CovList>
<AssgnmntList>
<AssgnmntPrefix RootTermCovItemPrefix="Deck.java">
<AssgnmntListEntry Length="1" RootTermCovItemId="C2">
<MapEntry BoolAssgnmnt="0" Value="1"/>
<MapEntry BoolAssgnmnt="1" Value="52"/>
</AssgnmntListEntry>
<AssgnmntListEntry Length="1" RootTermCovItemId="C3">
<MapEntry BoolAssgnmnt="0" Value="4"/>
<MapEntry BoolAssgnmnt="1" Value="208"/>
</AssgnmntListEntry>
</AssgnmntPrefix>
</AssgnmntList>
<ObjMetaDataList/>
<MetaDataList/>
</TestCase>
<TestCase Comment="" Date="1589513013343" Name="DeckTest:testDealFrom">
<CovList>
<CovPrefix CovItemPrefix="Card.java">
<Cov CovItemId="S17" Value="1"/>
<Cov CovItemId="S18" Value="1"/>
<Cov CovItemId="S19" Value="1"/>
</CovPrefix>
<CovPrefix CovItemPrefix="Deck.java">
<Cov CovItemId="S6" Value="1"/>
</CovPrefix>
</CovList>
<AssgnmntList/>
<ObjMetaDataList/>
<MetaDataList/>
</TestCase>
<TestCase Comment="" Date="1589513013345" Name="DeckTest:testIsEmpty">
<CovList>
<CovPrefix CovItemPrefix="Deck.java">
<Cov CovItemId="S7" Value="1"/>
</CovPrefix>
</CovList>
<AssgnmntList/>
<ObjMetaDataList/>
<MetaDataList/>
</TestCase>
<TestCase Comment="" Date="1589513013346" Name="DeckTest:testShuffle">
<CovList>
<CovPrefix CovItemPrefix="Card.java">
<Cov CovItemId="S17" Value="104"/>
<Cov CovItemId="S18" Value="104"/>
<Cov CovItemId="S19" Value="104"/>
</CovPrefix>
<CovPrefix CovItemPrefix="Deck.java">
<Cov CovItemId="L2-2" Value="1"/>
<Cov CovItemId="L3-2" Value="2"/>
<Cov CovItemId="S10" Value="52"/>
<Cov CovItemId="S11" Value="52"/>
<Cov CovItemId="S12" Value="52"/>
<Cov CovItemId="S13" Value="52"/>
<Cov CovItemId="S14" Value="2"/>
<Cov CovItemId="S15" Value="2"/>
<Cov CovItemId="S16" Value="104"/>
<Cov CovItemId="S17" Value="2"/>
<Cov CovItemId="S9" Value="1"/>
</CovPrefix>
</CovList>
<AssgnmntList>
<AssgnmntPrefix RootTermCovItemPrefix="Deck.java">
<AssgnmntListEntry Length="1" RootTermCovItemId="C2">
<MapEntry BoolAssgnmnt="0" Value="1"/>
<MapEntry BoolAssgnmnt="1" Value="52"/>
</AssgnmntListEntry>
<AssgnmntListEntry Length="1" RootTermCovItemId="C3">
<MapEntry BoolAssgnmnt="0" Value="2"/>
<MapEntry BoolAssgnmnt="1" Value="104"/>
</AssgnmntListEntry>
</AssgnmntPrefix>
</AssgnmntList>
<ObjMetaDataList/>
<MetaDataList/>
</TestCase>
<TestCase Comment="" Date="1589513013349" Name="CardTest:testIsAce">
<CovList>
<CovPrefix CovItemPrefix="Card.java">
<Cov CovItemId="S6" Value="2"/>
</CovPrefix>
</CovList>
<AssgnmntList/>
<ObjMetaDataList/>
<MetaDataList/>
</TestCase>
<TestCase Comment="" Date="1589513013350" Name="CardTest:testCard">
<CovList>
<CovPrefix CovItemPrefix="Card.java">
<Cov CovItemId="S1" Value="3"/>
<Cov CovItemId="S2" Value="3"/>
<Cov CovItemId="S3" Value="3"/>
<Cov CovItemId="S4" Value="3"/>
<Cov CovItemId="S5" Value="3"/>
</CovPrefix>
</CovList>
<AssgnmntList/>
<ObjMetaDataList/>
<MetaDataList/>
</TestCase>
<TestCase Comment="" Date="1589513013352" Name="CardTest:testRank">
<CovList>
<CovPrefix CovItemPrefix="Card.java">
<Cov CovItemId="B1" Value="1"/>
<Cov CovItemId="B2" Value="2"/>
<Cov CovItemId="B3" Value="1"/>
<Cov CovItemId="B4" Value="1"/>
<Cov CovItemId="S10" Value="1"/>
<Cov CovItemId="S11" Value="1"/>
<Cov CovItemId="S7" Value="3"/>
<Cov CovItemId="S8" Value="1"/>
<Cov CovItemId="S9" Value="2"/>
</CovPrefix>
</CovList>
<AssgnmntList>
<AssgnmntPrefix RootTermCovItemPrefix="Card.java">
<AssgnmntListEntry Length="1" RootTermCovItemId="C1">
<MapEntry BoolAssgnmnt="0" Value="2"/>
<MapEntry BoolAssgnmnt="1" Value="1"/>
</AssgnmntListEntry>
<AssgnmntListEntry Length="1" RootTermCovItemId="C2">
<MapEntry BoolAssgnmnt="0" Value="1"/>
<MapEntry BoolAssgnmnt="1" Value="1"/>
</AssgnmntListEntry>
</AssgnmntPrefix>
</AssgnmntList>
<ObjMetaDataList/>
<MetaDataList/>
</TestCase>
<TestCase Comment="" Date="1589513013353" Name="CardTest:testToString">
<CovList>
<CovPrefix CovItemPrefix="Card.java">
<Cov CovItemId="S17" Value="3"/>
<Cov CovItemId="S18" Value="3"/>
<Cov CovItemId="S19" Value="3"/>
</CovPrefix>
</CovList>
<AssgnmntList/>
<ObjMetaDataList/>
<MetaDataList/>
</TestCase>
<MetaDataList/>
</TestSession>
</TestSessionContainer>
