<?xml version="1.0" encoding="UTF-8"?><TestSessionContainer xmlns="http://www.codecover.org/xml/testsession-container" Date="1589513081207" TestSessionContainerId="60539a09-4322-442b-875d-2484d42427e4" version="1.0">
<SrcFileList>
<SrcFile Content="/******************************************************************************&#10; *  Compilation:  javac StdOut.java&#10; *  Execution:    java StdOut&#10; *  Dependencies: none&#10; *&#10; *  Writes data of various types to standard output.&#10; *&#10; ******************************************************************************/&#10;&#10;import java.io.OutputStreamWriter;&#10;import java.io.PrintWriter;&#10;import java.io.UnsupportedEncodingException;&#10;import java.util.Locale;&#10;&#10;/**&#10; *  This class provides methods for printing strings and numbers to standard output.&#10; *  &lt;p&gt;&#10; *  &lt;b&gt;Getting started.&lt;/b&gt;&#10; *  To use this class, you must have {@code StdOut.class} in your&#10; *  Java classpath. If you used our autoinstaller, you should be all set.&#10; *  Otherwise, either download&#10; *  &lt;a href = &quot;https://introcs.cs.princeton.edu/java/code/stdlib.jar&quot;&gt;stdlib.jar&lt;/a&gt;&#10; *  and add to your Java classpath or download&#10; *  &lt;a href = &quot;https://introcs.cs.princeton.edu/java/stdlib/StdOut.java&quot;&gt;StdOut.java&lt;/a&gt;&#10; *  and put a copy in your working directory.&#10; *  &lt;p&gt;&#10; *  Here is an example program that uses {@code StdOut}:&#10; *  &lt;pre&gt;&#10; *   public class TestStdOut {&#10; *       public static void main(String[] args) {&#10; *           int a = 17;&#10; *           int b = 23;&#10; *           int sum = a + b;&#10; *           StdOut.println(&quot;Hello, World&quot;);&#10; *           StdOut.printf(&quot;%d + %d = %d\n&quot;, a, b, sum);&#10; *       }&#10; *   }&#10; *  &lt;/pre&gt;&#10; *  &lt;p&gt;&#10; *  &lt;b&gt;Differences with System.out.&lt;/b&gt;&#10; *  The behavior of {@code StdOut} is similar to that of {@link System#out},&#10; *  but there are a few technical differences:&#10; *  &lt;ul&gt;&#10; *  &lt;li&gt; {@code StdOut} coerces the character-set encoding to UTF-8,&#10; *       which is a standard character encoding for Unicode.&#10; *  &lt;li&gt; {@code StdOut} coerces the locale to {@link Locale#US},&#10; *       for consistency with {@link StdIn}, {@link Double#parseDouble(String)},&#10; *       and floating-point literals.&#10; *  &lt;li&gt; {@code StdOut} &lt;em&gt;flushes&lt;/em&gt; standard output after each call to&#10; *       {@code print()} so that text will appear immediately in the terminal.&#10; *  &lt;/ul&gt;&#10; *  &lt;p&gt;&#10; *  &lt;b&gt;Reference.&lt;/b&gt;&#10; *  For additional documentation,&#10; *  see &lt;a href=&quot;https://introcs.cs.princeton.edu/15inout&quot;&gt;Section 1.5&lt;/a&gt; of&#10; *  &lt;em&gt;Computer Science: An Interdisciplinary Approach&lt;/em&gt;&#10; *  by Robert Sedgewick and Kevin Wayne.&#10; *&#10; *  @author Robert Sedgewick&#10; *  @author Kevin Wayne&#10; */&#10;public final class StdOut {&#10;&#10;    // force Unicode UTF-8 encoding; otherwise it's system dependent&#10;    public static final String CHARSET_NAME = &quot;UTF-8&quot;;&#10;&#10;    // assume language = English, country = US for consistency with StdIn&#10;    public static final Locale LOCALE = Locale.US;&#10;&#10;    // send output here&#10;    public static PrintWriter out;&#10;&#10;    // this is called before invoking any methods&#10;    static {&#10;        try {&#10;            out = new PrintWriter(new OutputStreamWriter(System.out, CHARSET_NAME), true);&#10;        }&#10;        catch (UnsupportedEncodingException e) {&#10;            System.out.println(e);&#10;        }&#10;    }&#10;&#10;    // don't instantiate&#10;    public StdOut() { }&#10;&#10;   /**&#10;     * Terminates the current line by printing the line-separator string.&#10;     */&#10;    public static void println() {&#10;        out.println();&#10;    }&#10;&#10;   /**&#10;     * Prints an object to this output stream and then terminates the line.&#10;     *&#10;     * @param x the object to print&#10;     */&#10;    public static void println(Object x) {&#10;        out.println(x);&#10;    }&#10;&#10;   /**&#10;     * Prints a boolean to standard output and then terminates the line.&#10;     *&#10;     * @param x the boolean to print&#10;     */&#10;    public static void println(boolean x) {&#10;        out.println(x);&#10;    }&#10;&#10;   /**&#10;     * Prints a character to standard output and then terminates the line.&#10;     *&#10;     * @param x the character to print&#10;     */&#10;    public static void println(char x) {&#10;        out.println(x);&#10;    }&#10;&#10;   /**&#10;     * Prints a double to standard output and then terminates the line.&#10;     *&#10;     * @param x the double to print&#10;     */&#10;    public static void println(double x) {&#10;        out.println(x);&#10;    }&#10;&#10;   /**&#10;     * Prints an integer to standard output and then terminates the line.&#10;     *&#10;     * @param x the integer to print&#10;     */&#10;    public static void println(float x) {&#10;        out.println(x);&#10;    }&#10;&#10;   /**&#10;     * Prints an integer to standard output and then terminates the line.&#10;     *&#10;     * @param x the integer to print&#10;     */&#10;    public static void println(int x) {&#10;        out.println(x);&#10;    }&#10;&#10;   /**&#10;     * Prints a long to standard output and then terminates the line.&#10;     *&#10;     * @param x the long to print&#10;     */&#10;    public static void println(long x) {&#10;        out.println(x);&#10;    }&#10;&#10;   /**&#10;     * Prints a short integer to standard output and then terminates the line.&#10;     *&#10;     * @param x the short to print&#10;     */&#10;    public static void println(short x) {&#10;        out.println(x);&#10;    }&#10;&#10;   /**&#10;     * Prints a byte to standard output and then terminates the line.&#10;     * &lt;p&gt;&#10;     * To write binary data, see {@link BinaryStdOut}.&#10;     *&#10;     * @param x the byte to print&#10;     */&#10;    public static void println(byte x) {&#10;        out.println(x);&#10;    }&#10;&#10;   /**&#10;     * Flushes standard output.&#10;     */&#10;    public static void print() {&#10;        out.flush();&#10;    }&#10;&#10;   /**&#10;     * Prints an object to standard output and flushes standard output.&#10;     * &#10;     * @param x the object to print&#10;     */&#10;    public static void print(Object x) {&#10;        out.print(x);&#10;        out.flush();&#10;    }&#10;&#10;   /**&#10;     * Prints a boolean to standard output and flushes standard output.&#10;     * &#10;     * @param x the boolean to print&#10;     */&#10;    public static void print(boolean x) {&#10;        out.print(x);&#10;        out.flush();&#10;    }&#10;&#10;   /**&#10;     * Prints a character to standard output and flushes standard output.&#10;     * &#10;     * @param x the character to print&#10;     */&#10;    public static void print(char x) {&#10;        out.print(x);&#10;        out.flush();&#10;    }&#10;&#10;   /**&#10;     * Prints a double to standard output and flushes standard output.&#10;     * &#10;     * @param x the double to print&#10;     */&#10;    public static void print(double x) {&#10;        out.print(x);&#10;        out.flush();&#10;    }&#10;&#10;   /**&#10;     * Prints a float to standard output and flushes standard output.&#10;     * &#10;     * @param x the float to print&#10;     */&#10;    public static void print(float x) {&#10;        out.print(x);&#10;        out.flush();&#10;    }&#10;&#10;   /**&#10;     * Prints an integer to standard output and flushes standard output.&#10;     * &#10;     * @param x the integer to print&#10;     */&#10;    public static void print(int x) {&#10;        out.print(x);&#10;        out.flush();&#10;    }&#10;&#10;   /**&#10;     * Prints a long integer to standard output and flushes standard output.&#10;     * &#10;     * @param x the long integer to print&#10;     */&#10;    public static void print(long x) {&#10;        out.print(x);&#10;        out.flush();&#10;    }&#10;&#10;   /**&#10;     * Prints a short integer to standard output and flushes standard output.&#10;     * &#10;     * @param x the short integer to print&#10;     */&#10;    public static void print(short x) {&#10;        out.print(x);&#10;        out.flush();&#10;    }&#10;&#10;   /**&#10;     * Prints a byte to standard output and flushes standard output.&#10;     *&#10;     * @param x the byte to print&#10;     */&#10;    public static void print(byte x) {&#10;        out.print(x);&#10;        out.flush();&#10;    }&#10;&#10;   /**&#10;     * Prints a formatted string to standard output, using the specified format&#10;     * string and arguments, and then flushes standard output.&#10;     *&#10;     *&#10;     * @param format the &lt;a href = &quot;http://docs.oracle.com/javase/7/docs/api/java/util/Formatter.html#syntax&quot;&gt;format string&lt;/a&gt;&#10;     * @param args   the arguments accompanying the format string&#10;     */&#10;    public static void printf(String format, Object... args) {&#10;        out.printf(LOCALE, format, args);&#10;        out.flush();&#10;    }&#10;&#10;   /**&#10;     * Prints a formatted string to standard output, using the locale and&#10;     * the specified format string and arguments; then flushes standard output.&#10;     *&#10;     * @param locale the locale&#10;     * @param format the &lt;a href = &quot;http://docs.oracle.com/javase/7/docs/api/java/util/Formatter.html#syntax&quot;&gt;format string&lt;/a&gt;&#10;     * @param args   the arguments accompanying the format string&#10;     */&#10;    public static void printf(Locale locale, String format, Object... args) {&#10;        out.printf(locale, format, args);&#10;        out.flush();&#10;    }&#10;&#10;   /**&#10;     * Unit tests some of the methods in {@code StdOut}.&#10;     *&#10;     * @param args the command-line arguments&#10;     */&#10;    public static void main(String[] args) {&#10;&#10;        // write to stdout&#10;        StdOut.println(&quot;Test&quot;);&#10;        StdOut.println(17);&#10;        StdOut.println(true);&#10;        StdOut.printf(&quot;%.6f\n&quot;, 1.0/7.0);&#10;    }&#10;&#10;}" Filename="StdOut.java" Intrnl_Id="1"/>
<SrcFile Content="/******************************************************************************&#10; *  Compilation:  javac StdDraw.java&#10; *  Execution:    java StdDraw&#10; *  Dependencies: none&#10; *&#10; *  Standard drawing library. This class provides a basic capability for&#10; *  creating drawings with your programs. It uses a simple graphics model that&#10; *  allows you to create drawings consisting of geometric shapes (e.g.,&#10; *  points, lines, circles, rectangles) in a window on your computer&#10; *  and to save the drawings to a file.&#10; *&#10; *  Todo&#10; *  ----&#10; *    -  Add support for gradient fill, etc.&#10; *    -  Fix setCanvasSize() so that it can be called only once.&#10; *    -  Should setCanvasSize() reset xScale(), yScale(), penRadius(),&#10; *       penColor(), and font()&#10; *    -  On some systems, drawing a line (or other shape) that extends way&#10; *       beyond canvas (e.g., to infinity) dimensions does not get drawn.&#10; *&#10; *  Remarks&#10; *  -------&#10; *    -  don't use AffineTransform for rescaling since it inverts&#10; *       images and strings&#10; *&#10; ******************************************************************************/&#10;&#10;import java.awt.BasicStroke;&#10;import java.awt.Color;&#10;import java.awt.Component;&#10;import java.awt.FileDialog;&#10;import java.awt.Font;&#10;import java.awt.FontMetrics;&#10;import java.awt.Graphics;&#10;import java.awt.Graphics2D;&#10;import java.awt.Image;&#10;import java.awt.MediaTracker;&#10;import java.awt.RenderingHints;&#10;import java.awt.Toolkit;&#10;&#10;import java.awt.event.ActionEvent;&#10;import java.awt.event.ActionListener;&#10;import java.awt.event.MouseEvent;&#10;import java.awt.event.MouseListener;&#10;import java.awt.event.MouseMotionListener;&#10;import java.awt.event.KeyEvent;&#10;import java.awt.event.KeyListener;&#10;&#10;import java.awt.geom.Arc2D;&#10;import java.awt.geom.Ellipse2D;&#10;import java.awt.geom.GeneralPath;&#10;import java.awt.geom.Line2D;&#10;import java.awt.geom.Rectangle2D;&#10;&#10;import java.awt.image.BufferedImage;&#10;import java.awt.image.DirectColorModel;&#10;import java.awt.image.WritableRaster;&#10;&#10;import java.io.File;&#10;import java.io.IOException;&#10;&#10;import java.net.MalformedURLException;&#10;import java.net.URL;&#10;&#10;import java.util.LinkedList;&#10;import java.util.TreeSet;&#10;import java.util.NoSuchElementException;&#10;import javax.imageio.ImageIO;&#10;&#10;import javax.swing.ImageIcon;&#10;import javax.swing.JFrame;&#10;import javax.swing.JLabel;&#10;import javax.swing.JMenu;&#10;import javax.swing.JMenuBar;&#10;import javax.swing.JMenuItem;&#10;import javax.swing.KeyStroke;&#10;&#10;/**&#10; *  The {@code StdDraw} class provides a basic capability for&#10; *  creating drawings with your programs. It uses a simple graphics model that&#10; *  allows you to create drawings consisting of points, lines, squares, &#10; *  circles, and other geometric shapes in a window on your computer and&#10; *  to save the drawings to a file. Standard drawing also includes&#10; *  facilities for text, color, pictures, and animation, along with&#10; *  user interaction via the keyboard and mouse.&#10; *  &lt;p&gt;&#10; *  &lt;b&gt;Getting started.&lt;/b&gt;&#10; *  To use this class, you must have {@code StdDraw.class} in your&#10; *  Java classpath. If you used our autoinstaller, you should be all set.&#10; *  Otherwise, either download&#10; *  &lt;a href = &quot;https://introcs.cs.princeton.edu/java/code/stdlib.jar&quot;&gt;stdlib.jar&lt;/a&gt;&#10; *  and add to your Java classpath or download&#10; *  &lt;a href = &quot;https://introcs.cs.princeton.edu/java/stdlib/StdDraw.java&quot;&gt;StdDraw.java&lt;/a&gt;&#10; *  and put a copy in your working directory.&#10; *  &lt;p&gt;&#10; *  Now, type the following short program into your editor:&#10; *  &lt;pre&gt;&#10; *   public class TestStdDraw {&#10; *       public static void main(String[] args) {&#10; *           StdDraw.setPenRadius(0.05);&#10; *           StdDraw.setPenColor(StdDraw.BLUE);&#10; *           StdDraw.point(0.5, 0.5);&#10; *           StdDraw.setPenColor(StdDraw.MAGENTA);&#10; *           StdDraw.line(0.2, 0.2, 0.8, 0.2);&#10; *       }&#10; *   }&#10; *  &lt;/pre&gt;&#10; *  If you compile and execute the program, you should see a window&#10; *  appear with a thick magenta line and a blue point.&#10; *  This program illustrates the two main types of methods in standard&#10; *  drawingâ€”methods that draw geometric shapes and methods that&#10; *  control drawing parameters.&#10; *  The methods {@code StdDraw.line()} and {@code StdDraw.point()}&#10; *  draw lines and points; the methods {@code StdDraw.setPenRadius()}&#10; *  and {@code StdDraw.setPenColor()} control the line thickness and color.&#10; *  &lt;p&gt;&#10; *  &lt;b&gt;Points and lines.&lt;/b&gt;&#10; *  You can draw points and line segments with the following methods:&#10; *  &lt;ul&gt;&#10; *  &lt;li&gt; {@link #point(double x, double y)}&#10; *  &lt;li&gt; {@link #line(double x1, double y1, double x2, double y2)}&#10; *  &lt;/ul&gt;&#10; *  &lt;p&gt;&#10; *  The &lt;em&gt;x&lt;/em&gt;- and &lt;em&gt;y&lt;/em&gt;-coordinates must be in the drawing area&#10; *  (between 0 and 1 and by default) or the points and lines will not be visible.&#10; *  &lt;p&gt;&#10; *  &lt;b&gt;Squares, circles, rectangles, and ellipses.&lt;/b&gt;&#10; *  You can draw squares, circles, rectangles, and ellipses using&#10; *  the following methods:&#10; *  &lt;ul&gt;&#10; *  &lt;li&gt; {@link #circle(double x, double y, double radius)}&#10; *  &lt;li&gt; {@link #ellipse(double x, double y, double semiMajorAxis, double semiMinorAxis)}&#10; *  &lt;li&gt; {@link #square(double x, double y, double halfLength)}&#10; *  &lt;li&gt; {@link #rectangle(double x, double y, double halfWidth, double halfHeight)}&#10; *  &lt;/ul&gt;&#10; *  &lt;p&gt;&#10; *  All of these methods take as arguments the location and size of the shape.&#10; *  The location is always specified by the &lt;em&gt;x&lt;/em&gt;- and &lt;em&gt;y&lt;/em&gt;-coordinates&#10; *  of its &lt;em&gt;center&lt;/em&gt;.&#10; *  The size of a circle is specified by its radius and the size of an ellipse is&#10; *  specified by the lengths of its semi-major and semi-minor axes.&#10; *  The size of a square or rectangle is specified by its half-width or half-height.&#10; *  The convention for drawing squares and rectangles is parallel to those for&#10; *  drawing circles and ellipses, but may be unexpected to the uninitiated.&#10; *  &lt;p&gt;&#10; *  The methods above trace outlines of the given shapes. The following methods&#10; *  draw filled versions:&#10; *  &lt;ul&gt;&#10; *  &lt;li&gt; {@link #filledCircle(double x, double y, double radius)}&#10; *  &lt;li&gt; {@link #filledEllipse(double x, double y, double semiMajorAxis, double semiMinorAxis)}&#10; *  &lt;li&gt; {@link #filledSquare(double x, double y, double radius)}&#10; *  &lt;li&gt; {@link #filledRectangle(double x, double y, double halfWidth, double halfHeight)}&#10; *  &lt;/ul&gt;&#10; *  &lt;p&gt;&#10; *  &lt;b&gt;Circular arcs.&lt;/b&gt;&#10; *  You can draw circular arcs with the following method:&#10; *  &lt;ul&gt;&#10; *  &lt;li&gt; {@link #arc(double x, double y, double radius, double angle1, double angle2)}&#10; *  &lt;/ul&gt;&#10; *  &lt;p&gt;&#10; *  The arc is from the circle centered at (&lt;em&gt;x&lt;/em&gt;, &lt;em&gt;y&lt;/em&gt;) of the specified radius.&#10; *  The arc extends from angle1 to angle2. By convention, the angles are&#10; *  &lt;em&gt;polar&lt;/em&gt; (counterclockwise angle from the &lt;em&gt;x&lt;/em&gt;-axis)&#10; *  and represented in degrees. For example, {@code StdDraw.arc(0.0, 0.0, 1.0, 0, 90)}&#10; *  draws the arc of the unit circle from 3 o'clock (0 degrees) to 12 o'clock (90 degrees).&#10; *  &lt;p&gt;&#10; *  &lt;b&gt;Polygons.&lt;/b&gt;&#10; *  You can draw polygons with the following methods:&#10; *  &lt;ul&gt;&#10; *  &lt;li&gt; {@link #polygon(double[] x, double[] y)}&#10; *  &lt;li&gt; {@link #filledPolygon(double[] x, double[] y)}&#10; *  &lt;/ul&gt;&#10; *  &lt;p&gt;&#10; *  The points in the polygon are ({@code x[i]}, {@code y[i]}).&#10; *  For example, the following code fragment draws a filled diamond&#10; *  with vertices (0.1, 0.2), (0.2, 0.3), (0.3, 0.2), and (0.2, 0.1):&#10; *  &lt;pre&gt;&#10; *   double[] x = { 0.1, 0.2, 0.3, 0.2 };&#10; *   double[] y = { 0.2, 0.3, 0.2, 0.1 };&#10; *   StdDraw.filledPolygon(x, y);&#10; *  &lt;/pre&gt;&#10; *  &lt;p&gt;&#10; *  &lt;b&gt;Pen size.&lt;/b&gt;&#10; *  The pen is circular, so that when you set the pen radius to &lt;em&gt;r&lt;/em&gt;&#10; *  and draw a point, you get a circle of radius &lt;em&gt;r&lt;/em&gt;. Also, lines are&#10; *  of thickness 2&lt;em&gt;r&lt;/em&gt; and have rounded ends. The default pen radius&#10; *  is 0.005 and is not affected by coordinate scaling. This default pen&#10; *  radius is about 1/200 the width of the default canvas, so that if&#10; *  you draw 100 points equally spaced along a horizontal or vertical line,&#10; *  you will be able to see individual circles, but if you draw 200 such&#10; *  points, the result will look like a line.&#10; *  &lt;ul&gt;&#10; *  &lt;li&gt; {@link #setPenRadius(double radius)}&#10; *  &lt;/ul&gt;&#10; *  &lt;p&gt;&#10; *  For example, {@code StdDraw.setPenRadius(0.025)} makes&#10; *  the thickness of the lines and the size of the points to be five times&#10; *  the 0.005 default.&#10; *  To draw points with the minimum possible radius (one pixel on typical&#10; *  displays), set the pen radius to 0.0.&#10; *  &lt;p&gt;&#10; *  &lt;b&gt;Pen color.&lt;/b&gt;&#10; *  All geometric shapes (such as points, lines, and circles) are drawn using&#10; *  the current pen color. By default, it is black.&#10; *  You can change the pen color with the following methods:&#10; *  &lt;ul&gt;&#10; *  &lt;li&gt; {@link #setPenColor(int red, int green, int blue)}&#10; *  &lt;li&gt; {@link #setPenColor(Color color)}&#10; *  &lt;/ul&gt;&#10; *  &lt;p&gt;&#10; *  The first method allows you to specify colors using the RGB color system.&#10; *  This &lt;a href = &quot;http://johndyer.name/lab/colorpicker/&quot;&gt;color picker&lt;/a&gt;&#10; *  is a convenient way to find a desired color.&#10; *  The second method allows you to specify colors using the&#10; *  {@link Color} data type that is discussed in Chapter 3. Until then,&#10; *  you can use this method with one of these predefined colors in standard drawing:&#10; *  {@link #BLACK}, {@link #BLUE}, {@link #CYAN}, {@link #DARK_GRAY}, {@link #GRAY},&#10; *  {@link #GREEN}, {@link #LIGHT_GRAY}, {@link #MAGENTA}, {@link #ORANGE},&#10; *  {@link #PINK}, {@link #RED}, {@link #WHITE}, {@link #YELLOW},&#10; *  {@link #BOOK_BLUE}, {@link #BOOK_LIGHT_BLUE}, {@link #BOOK_RED}, and&#10; *  {@link #PRINCETON_ORANGE}.&#10; *  For example, {@code StdDraw.setPenColor(StdDraw.MAGENTA)} sets the&#10; *  pen color to magenta.&#10; *  &lt;p&gt;&#10; *  &lt;b&gt;Canvas size.&lt;/b&gt;&#10; *  By default, all drawing takes places in a 512-by-512 canvas.&#10; *  The canvas does not include the window title or window border.&#10; *  You can change the size of the canvas with the following method:&#10; *  &lt;ul&gt;&#10; *  &lt;li&gt; {@link #setCanvasSize(int width, int height)}&#10; *  &lt;/ul&gt;&#10; *  &lt;p&gt;&#10; *  This sets the canvas size to be &lt;em&gt;width&lt;/em&gt;-by-&lt;em&gt;height&lt;/em&gt; pixels.&#10; *  It also erases the current drawing and resets the coordinate system,&#10; *  pen radius, pen color, and font back to their default values.&#10; *  Ordinarly, this method is called once, at the very beginning of a program.&#10; *  For example, {@code StdDraw.setCanvasSize(800, 800)}&#10; *  sets the canvas size to be 800-by-800 pixels.&#10; *  &lt;p&gt;&#10; *  &lt;b&gt;Canvas scale and coordinate system.&lt;/b&gt;&#10; *  By default, all drawing takes places in the unit square, with (0, 0) at&#10; *  lower left and (1, 1) at upper right. You can change the default&#10; *  coordinate system with the following methods:&#10; *  &lt;ul&gt;&#10; *  &lt;li&gt; {@link #setXscale(double xmin, double xmax)}&#10; *  &lt;li&gt; {@link #setYscale(double ymin, double ymax)}&#10; *  &lt;li&gt; {@link #setScale(double min, double max)}&#10; *  &lt;/ul&gt;&#10; *  &lt;p&gt;&#10; *  The arguments are the coordinates of the minimum and maximum &#10; *  &lt;em&gt;x&lt;/em&gt;- or &lt;em&gt;y&lt;/em&gt;-coordinates that will appear in the canvas.&#10; *  For example, if you  wish to use the default coordinate system but&#10; *  leave a small margin, you can call {@code StdDraw.setScale(-.05, 1.05)}.&#10; *  &lt;p&gt;&#10; *  These methods change the coordinate system for subsequent drawing&#10; *  commands; they do not affect previous drawings.&#10; *  These methods do not change the canvas size; so, if the &lt;em&gt;x&lt;/em&gt;-&#10; *  and &lt;em&gt;y&lt;/em&gt;-scales are different, squares will become rectangles&#10; *  and circles will become ellipses.&#10; *  &lt;p&gt;&#10; *  &lt;b&gt;Text.&lt;/b&gt;&#10; *  You can use the following methods to annotate your drawings with text:&#10; *  &lt;ul&gt;&#10; *  &lt;li&gt; {@link #text(double x, double y, String text)}&#10; *  &lt;li&gt; {@link #text(double x, double y, String text, double degrees)}&#10; *  &lt;li&gt; {@link #textLeft(double x, double y, String text)}&#10; *  &lt;li&gt; {@link #textRight(double x, double y, String text)}&#10; *  &lt;/ul&gt;&#10; *  &lt;p&gt;&#10; *  The first two methods write the specified text in the current font,&#10; *  centered at (&lt;em&gt;x&lt;/em&gt;, &lt;em&gt;y&lt;/em&gt;).&#10; *  The second method allows you to rotate the text.&#10; *  The last two methods either left- or right-align the text at (&lt;em&gt;x&lt;/em&gt;, &lt;em&gt;y&lt;/em&gt;).&#10; *  &lt;p&gt;&#10; *  The default font is a Sans Serif font with point size 16.&#10; *  You can use the following method to change the font:&#10; *  &lt;ul&gt;&#10; *  &lt;li&gt; {@link #setFont(Font font)}&#10; *  &lt;/ul&gt;&#10; *  &lt;p&gt;&#10; *  You use the {@link Font} data type to specify the font. This allows you to&#10; *  choose the face, size, and style of the font. For example, the following&#10; *  code fragment sets the font to Arial Bold, 60 point.&#10; *  &lt;pre&gt;&#10; *   Font font = new Font(&quot;Arial&quot;, Font.BOLD, 60);&#10; *   StdDraw.setFont(font);&#10; *   StdDraw.text(0.5, 0.5, &quot;Hello, World&quot;);&#10; *  &lt;/pre&gt;&#10; *  &lt;p&gt;&#10; *  &lt;b&gt;Images.&lt;/b&gt;&#10; *  You can use the following methods to add images to your drawings:&#10; *  &lt;ul&gt;&#10; *  &lt;li&gt; {@link #picture(double x, double y, String filename)}&#10; *  &lt;li&gt; {@link #picture(double x, double y, String filename, double degrees)}&#10; *  &lt;li&gt; {@link #picture(double x, double y, String filename, double scaledWidth, double scaledHeight)}&#10; *  &lt;li&gt; {@link #picture(double x, double y, String filename, double scaledWidth, double scaledHeight, double degrees)}&#10; *  &lt;/ul&gt;&#10; *  &lt;p&gt;&#10; *  These methods draw the specified image, centered at (&lt;em&gt;x&lt;/em&gt;, &lt;em&gt;y&lt;/em&gt;).&#10; *  The supported image formats are JPEG, PNG, and GIF.&#10; *  The image will display at its native size, independent of the coordinate system.&#10; *  Optionally, you can rotate the image a specified number of degrees counterclockwise&#10; *  or rescale it to fit snugly inside a width-by-height bounding box.&#10; *  &lt;p&gt;&#10; *  &lt;b&gt;Saving to a file.&lt;/b&gt;&#10; *  You save your image to a file using the &lt;em&gt;File â†’ Save&lt;/em&gt; menu option.&#10; *  You can also save a file programatically using the following method:&#10; *  &lt;ul&gt;&#10; *  &lt;li&gt; {@link #save(String filename)}&#10; *  &lt;/ul&gt;&#10; *  &lt;p&gt;&#10; *  The supported image formats are JPEG and PNG. The filename must have either the&#10; *  extension .jpg or .png.&#10; *  We recommend using PNG for drawing that consist solely of geometric shapes and JPEG &#10; *  for drawings that contains pictures.&#10; *  &lt;p&gt;&#10; *  &lt;b&gt;Clearing the canvas.&lt;/b&gt;&#10; *  To clear the entire drawing canvas, you can use the following methods:&#10; *  &lt;ul&gt;&#10; *  &lt;li&gt; {@link #clear()}&#10; *  &lt;li&gt; {@link #clear(Color color)}&#10; *  &lt;/ul&gt;&#10; *  &lt;p&gt;&#10; *  The first method clears the canvas to white; the second method&#10; *  allows you to specify a color of your choice. For example,&#10; *  {@code StdDraw.clear(StdDraw.LIGHT_GRAY)} clears the canvas to a shade&#10; *  of gray.&#10; *  &lt;p&gt;&#10; *  &lt;b&gt;Computer animations and double buffering.&lt;/b&gt;&#10; *  Double buffering is one of the most powerful features of standard drawing,&#10; *  enabling computer animations.&#10; *  The following methods control the way in which objects are drawn:&#10; *  &lt;ul&gt;&#10; *  &lt;li&gt; {@link #enableDoubleBuffering()}&#10; *  &lt;li&gt; {@link #disableDoubleBuffering()}&#10; *  &lt;li&gt; {@link #show()}&#10; *  &lt;li&gt; {@link #pause(int t)}&#10; *  &lt;/ul&gt;&#10; *  &lt;p&gt;&#10; *  By default, double buffering is disabled, which means that as soon as you&#10; *  call a drawing&#10; *  methodâ€”such as {@code point()} or {@code line()}â€”the&#10; *  results appear on the screen.&#10; *  &lt;p&gt;&#10; *  When double buffering is enabled by calling {@link #enableDoubleBuffering()},&#10; *  all drawing takes place on the &lt;em&gt;offscreen canvas&lt;/em&gt;. The offscreen canvas&#10; *  is not displayed. Only when you call&#10; *  {@link #show()} does your drawing get copied from the offscreen canvas to&#10; *  the onscreen canvas, where it is displayed in the standard drawing window. You &#10; *  can think of double buffering as collecting all of the lines, points, shapes,&#10; *  and text that you tell it to draw, and then drawing them all&#10; *  &lt;em&gt;simultaneously&lt;/em&gt;, upon request.&#10; *  &lt;p&gt;&#10; *  The most important use of double buffering is to produce computer&#10; *  animations, creating the illusion of motion by rapidly&#10; *  displaying static drawings. To produce an animation, repeat&#10; *  the following four steps:&#10; *  &lt;ul&gt;&#10; *  &lt;li&gt; Clear the offscreen canvas.&#10; *  &lt;li&gt; Draw objects on the offscreen canvas.&#10; *  &lt;li&gt; Copy the offscreen canvas to the onscreen canvas.&#10; *  &lt;li&gt; Wait for a short while.&#10; *  &lt;/ul&gt;&#10; *  &lt;p&gt;&#10; *  The {@link #clear()}, {@link #show()}, and {@link #pause(int t)} methods&#10; *  support the first, third, and fourth of these steps, respectively.&#10; *  &lt;p&gt;&#10; *  For example, this code fragment animates two balls moving in a circle.&#10; *  &lt;pre&gt;&#10; *   StdDraw.setScale(-2, +2);&#10; *   StdDraw.enableDoubleBuffering();&#10; *&#10; *   for (double t = 0.0; true; t += 0.02) {&#10; *       double x = Math.sin(t);&#10; *       double y = Math.cos(t);&#10; *       StdDraw.clear();&#10; *       StdDraw.filledCircle(x, y, 0.05);&#10; *       StdDraw.filledCircle(-x, -y, 0.05);&#10; *       StdDraw.show();&#10; *       StdDraw.pause(20);&#10; *   }&#10; *  &lt;/pre&gt;&#10; *  &lt;p&gt;&#10; *  &lt;b&gt;Keyboard and mouse inputs.&lt;/b&gt;&#10; *  Standard drawing has very basic support for keyboard and mouse input.&#10; *  It is much less powerful than most user interface libraries provide, but also much simpler.&#10; *  You can use the following methods to intercept mouse events:&#10; *  &lt;ul&gt;&#10; *  &lt;li&gt; {@link #isMousePressed()}&#10; *  &lt;li&gt; {@link #mouseX()}&#10; *  &lt;li&gt; {@link #mouseY()}&#10; *  &lt;/ul&gt;&#10; *  &lt;p&gt;&#10; *  The first method tells you whether a mouse button is currently being pressed.&#10; *  The last two methods tells you the &lt;em&gt;x&lt;/em&gt;- and &lt;em&gt;y&lt;/em&gt;-coordinates of the mouse's&#10; *  current position, using the same coordinate system as the canvas (the unit square, by default).&#10; *  You should use these methods in an animation loop that waits a short while before trying&#10; *  to poll the mouse for its current state.&#10; *  You can use the following methods to intercept keyboard events:&#10; *  &lt;ul&gt;&#10; *  &lt;li&gt; {@link #hasNextKeyTyped()}&#10; *  &lt;li&gt; {@link #nextKeyTyped()}&#10; *  &lt;li&gt; {@link #isKeyPressed(int keycode)}&#10; *  &lt;/ul&gt;&#10; *  &lt;p&gt;&#10; *  If the user types lots of keys, they will be saved in a list until you process them.&#10; *  The first method tells you whether the user has typed a key (that your program has&#10; *  not yet processed).&#10; *  The second method returns the next key that the user typed (that your program has&#10; *  not yet processed) and removes it from the list of saved keystrokes.&#10; *  The third method tells you whether a key is currently being pressed.&#10; *  &lt;p&gt;&#10; *  &lt;b&gt;Accessing control parameters.&lt;/b&gt;&#10; *  You can use the following methods to access the current pen color, pen radius,&#10; *  and font:&#10; *  &lt;ul&gt;&#10; *  &lt;li&gt; {@link #getPenColor()}&#10; *  &lt;li&gt; {@link #getPenRadius()}&#10; *  &lt;li&gt; {@link #getFont()}&#10; *  &lt;/ul&gt;&#10; *  &lt;p&gt;&#10; *  These methods are useful when you want to temporarily change a&#10; *  control parameter and reset it back to its original value.&#10; *  &lt;p&gt;&#10; *  &lt;b&gt;Corner cases.&lt;/b&gt;&#10; *  Here are some corner cases.&#10; *  &lt;ul&gt;&#10; *  &lt;li&gt; Drawing an object outside (or partly outside) the canvas is permitted.&#10; *       However, only the part of the object that appears inside the canvas&#10; *       will be visible.&#10; *  &lt;li&gt; Any method that is passed a {@code null} argument will throw an&#10; *       {@link IllegalArgumentException}.&#10; *  &lt;li&gt; Any method that is passed a {@link Double#NaN},&#10; *       {@link Double#POSITIVE_INFINITY}, or {@link Double#NEGATIVE_INFINITY}&#10; *       argument will throw an {@link IllegalArgumentException}.&#10; *  &lt;li&gt; Due to floating-point issues, an object drawn with an &lt;em&gt;x&lt;/em&gt;- or&#10; *       &lt;em&gt;y&lt;/em&gt;-coordinate that is way outside the canvas (such as the line segment&#10; *       from (0.5, â€“10^308) to (0.5, 10^308) may not be visible even in the&#10; *       part of the canvas where it should be.&#10; *  &lt;/ul&gt;&#10; *  &lt;p&gt;&#10; *  &lt;b&gt;Performance tricks.&lt;/b&gt;&#10; *  Standard drawing is capable of drawing large amounts of data.&#10; *  Here are a few tricks and tips:&#10; *  &lt;ul&gt;&#10; *  &lt;li&gt; Use &lt;em&gt;double buffering&lt;/em&gt; for static drawing with a large&#10; *       number of objects.&#10; *       That is, call {@link #enableDoubleBuffering()} before&#10; *       the sequence of drawing commands and call {@link #show()} afterwards.&#10; *       Incrementally displaying a complex drawing while it is being&#10; *       created can be intolerably inefficient on many computer systems.&#10; *  &lt;li&gt; When drawing computer animations, call {@code show()}&#10; *       only once per frame, not after drawing each individual object.&#10; *  &lt;li&gt; If you call {@code picture()} multiple times with the same filename,&#10; *       Java will cache the image, so you do not incur the cost of reading&#10; *       from a file each time.&#10; *  &lt;/ul&gt;&#10; *  &lt;p&gt;&#10; *  &lt;b&gt;Known bugs and issues.&lt;/b&gt;&#10; *  &lt;ul&gt;&#10; *  &lt;li&gt; The {@code picture()} methods may not draw the portion of the image that is&#10; *       inside the canvas if the center point (&lt;em&gt;x&lt;/em&gt;, &lt;em&gt;y&lt;/em&gt;) is outside the&#10; *       canvas.&#10; *       This bug appears only on some systems.&#10; *  &lt;/ul&gt;&#10; *  &lt;p&gt;&#10; *  &lt;b&gt;Reference.&lt;/b&gt;&#10; *  For additional documentation,&#10; *  see &lt;a href=&quot;https://introcs.cs.princeton.edu/15inout&quot;&gt;Section 1.5&lt;/a&gt; of&#10; *  &lt;em&gt;Computer Science: An Interdisciplinary Approach&lt;/em&gt;&#10; *  by Robert Sedgewick and Kevin Wayne.&#10; *&#10; *  @author Robert Sedgewick&#10; *  @author Kevin Wayne&#10; */&#10;public final class StdDraw implements ActionListener, MouseListener, MouseMotionListener, KeyListener {&#10;&#10;    /**&#10;     *  The color black.&#10;     */&#10;    public static final Color BLACK = Color.BLACK;&#10;&#10;    /**&#10;     *  The color blue.&#10;     */&#10;    public static final Color BLUE = Color.BLUE;&#10;&#10;    /**&#10;     *  The color cyan.&#10;     */&#10;    public static final Color CYAN = Color.CYAN;&#10;&#10;    /**&#10;     *  The color dark gray.&#10;     */&#10;    public static final Color DARK_GRAY = Color.DARK_GRAY;&#10;&#10;    /**&#10;     *  The color gray.&#10;     */&#10;    public static final Color GRAY = Color.GRAY;&#10;&#10;    /**&#10;     *  The color green.&#10;     */&#10;    public static final Color GREEN  = Color.GREEN;&#10;&#10;    /**&#10;     *  The color light gray.&#10;     */&#10;    public static final Color LIGHT_GRAY = Color.LIGHT_GRAY;&#10;&#10;    /**&#10;     *  The color magenta.&#10;     */&#10;    public static final Color MAGENTA = Color.MAGENTA;&#10;&#10;    /**&#10;     *  The color orange.&#10;     */&#10;    public static final Color ORANGE = Color.ORANGE;&#10;&#10;    /**&#10;     *  The color pink.&#10;     */&#10;    public static final Color PINK = Color.PINK;&#10;&#10;    /**&#10;     *  The color red.&#10;     */&#10;    public static final Color RED = Color.RED;&#10;&#10;    /**&#10;     *  The color white.&#10;     */&#10;    public static final Color WHITE = Color.WHITE;&#10;&#10;    /**&#10;     *  The color yellow.&#10;     */&#10;    public static final Color YELLOW = Color.YELLOW;&#10;&#10;    /**&#10;     * Shade of blue used in &lt;em&gt;Introduction to Programming in Java&lt;/em&gt;.&#10;     * It is Pantone 300U. The RGB values are approximately (9, 90, 166).&#10;     */&#10;    public static final Color BOOK_BLUE = new Color(9, 90, 166);&#10;&#10;    /**&#10;     * Shade of light blue used in &lt;em&gt;Introduction to Programming in Java&lt;/em&gt;.&#10;     * The RGB values are approximately (103, 198, 243).&#10;     */&#10;    public static final Color BOOK_LIGHT_BLUE = new Color(103, 198, 243);&#10;&#10;    /**&#10;     * Shade of red used in &lt;em&gt;Algorithms, 4th edition&lt;/em&gt;.&#10;     * It is Pantone 1805U. The RGB values are approximately (150, 35, 31).&#10;     */&#10;    public static final Color BOOK_RED = new Color(150, 35, 31);&#10;&#10;    /**&#10;     * Shade of orange used in Princeton University's identity.&#10;     * It is PMS 158. The RGB values are approximately (245, 128, 37).&#10;     */&#10;    public static final Color PRINCETON_ORANGE = new Color(245, 128, 37);&#10;&#10;    // default colors&#10;    public static final Color DEFAULT_PEN_COLOR   = BLACK;&#10;    public static final Color DEFAULT_CLEAR_COLOR = WHITE;&#10;&#10;    // current pen color&#10;    public static Color penColor;&#10;&#10;    // default canvas size is DEFAULT_SIZE-by-DEFAULT_SIZE&#10;    public static final int DEFAULT_SIZE = 512;&#10;    public static int width  = DEFAULT_SIZE;&#10;    public static int height = DEFAULT_SIZE;&#10;&#10;    // default pen radius&#10;    public static final double DEFAULT_PEN_RADIUS = 0.002;&#10;&#10;    // current pen radius&#10;    public static double penRadius;&#10;&#10;    // show we draw immediately or wait until next show?&#10;    public static boolean defer = false;&#10;&#10;    // boundary of drawing canvas, 0% border&#10;    // public static final double BORDER = 0.05;&#10;    public static final double BORDER = 0.00;&#10;    public static final double DEFAULT_XMIN = 0.0;&#10;    public static final double DEFAULT_XMAX = 1.0;&#10;    public static final double DEFAULT_YMIN = 0.0;&#10;    public static final double DEFAULT_YMAX = 1.0;&#10;    public static double xmin, ymin, xmax, ymax;&#10;&#10;    // for synchronization&#10;    public static Object mouseLock = new Object();&#10;    public static Object keyLock = new Object();&#10;&#10;    // default font&#10;    public static final Font DEFAULT_FONT = new Font(&quot;SansSerif&quot;, Font.PLAIN, 16);&#10;&#10;    // current font&#10;    public static Font font;&#10;&#10;    // double buffered graphics&#10;    public static BufferedImage offscreenImage, onscreenImage;&#10;    public static Graphics2D offscreen, onscreen;&#10;&#10;    // singleton for callbacks: avoids generation of extra .class files&#10;    public static StdDraw std = new StdDraw();&#10;&#10;    // the frame for drawing to the screen&#10;    public static JFrame frame;&#10;&#10;    // mouse state&#10;    public static boolean isMousePressed = false;&#10;    public static double mouseX = 0;&#10;    public static double mouseY = 0;&#10;&#10;    // queue of typed key characters&#10;    public static LinkedList&lt;Character&gt; keysTyped = new LinkedList&lt;Character&gt;();&#10;&#10;    // set of key codes currently pressed down&#10;    public static TreeSet&lt;Integer&gt; keysDown = new TreeSet&lt;Integer&gt;();&#10;&#10;    // singleton pattern: client can't instantiate&#10;    public StdDraw() { }&#10;&#10;&#10;    // static initializer&#10;    static {&#10;        init();&#10;    }&#10;&#10;    /**&#10;     * Sets the canvas (drawing area) to be 512-by-512 pixels.&#10;     * This also erases the current drawing and resets the coordinate system,&#10;     * pen radius, pen color, and font back to their default values.&#10;     * Ordinarly, this method is called once, at the very beginning&#10;     * of a program.&#10;     */&#10;    public static void setCanvasSize() {&#10;        setCanvasSize(DEFAULT_SIZE, DEFAULT_SIZE);&#10;    }&#10;&#10;    /**&#10;     * Sets the canvas (drawing area) to be &lt;em&gt;width&lt;/em&gt;-by-&lt;em&gt;height&lt;/em&gt; pixels.&#10;     * This also erases the current drawing and resets the coordinate system,&#10;     * pen radius, pen color, and font back to their default values.&#10;     * Ordinarly, this method is called once, at the very beginning&#10;     * of a program.&#10;     *&#10;     * @param  canvasWidth the width as a number of pixels&#10;     * @param  canvasHeight the height as a number of pixels&#10;     * @throws IllegalArgumentException unless both {@code canvasWidth} and&#10;     *         {@code canvasHeight} are positive&#10;     */&#10;    public static void setCanvasSize(int canvasWidth, int canvasHeight) {&#10;        if (canvasWidth &lt;= 0) throw new IllegalArgumentException(&quot;width must be positive&quot;);&#10;        if (canvasHeight &lt;= 0) throw new IllegalArgumentException(&quot;height must be positive&quot;);&#10;        width = canvasWidth;&#10;        height = canvasHeight;&#10;        init();&#10;    }&#10;&#10;    // init&#10;    public static void init() {&#10;        if (frame != null) frame.setVisible(false);&#10;        frame = new JFrame();&#10;        offscreenImage = new BufferedImage(2*width, 2*height, BufferedImage.TYPE_INT_ARGB);&#10;        onscreenImage  = new BufferedImage(2*width, 2*height, BufferedImage.TYPE_INT_ARGB);&#10;        offscreen = offscreenImage.createGraphics();&#10;        onscreen  = onscreenImage.createGraphics();&#10;        offscreen.scale(2.0, 2.0);  // since we made it 2x as big&#10;&#10;        setXscale();&#10;        setYscale();&#10;        offscreen.setColor(DEFAULT_CLEAR_COLOR);&#10;        offscreen.fillRect(0, 0, width, height);&#10;        setPenColor();&#10;        setPenRadius();&#10;        setFont();&#10;        clear();&#10;&#10;        // add antialiasing&#10;        RenderingHints hints = new RenderingHints(RenderingHints.KEY_ANTIALIASING,&#10;                                                  RenderingHints.VALUE_ANTIALIAS_ON);&#10;        hints.put(RenderingHints.KEY_RENDERING, RenderingHints.VALUE_RENDER_QUALITY);&#10;        offscreen.addRenderingHints(hints);&#10;&#10;        // frame stuff&#10;        RetinaImageIcon icon = new RetinaImageIcon(onscreenImage);&#10;        JLabel draw = new JLabel(icon);&#10;&#10;        draw.addMouseListener(std);&#10;        draw.addMouseMotionListener(std);&#10;&#10;        frame.setContentPane(draw);&#10;        frame.addKeyListener(std);    // JLabel cannot get keyboard focus&#10;        frame.setFocusTraversalKeysEnabled(false);  // allow VK_TAB with isKeyPressed()&#10;        frame.setResizable(false);&#10;        frame.setDefaultCloseOperation(JFrame.EXIT_ON_CLOSE);            // closes all windows&#10;        // frame.setDefaultCloseOperation(JFrame.DISPOSE_ON_CLOSE);      // closes only current window&#10;        frame.setTitle(&quot;Standard Draw&quot;);&#10;        frame.setJMenuBar(createMenuBar());&#10;        frame.pack();&#10;        frame.requestFocusInWindow();&#10;        frame.setVisible(true);&#10;    }&#10;&#10;    // create the menu bar (changed to public)&#10;    public static JMenuBar createMenuBar() {&#10;        JMenuBar menuBar = new JMenuBar();&#10;        JMenu menu = new JMenu(&quot;File&quot;);&#10;        menuBar.add(menu);&#10;        JMenuItem menuItem1 = new JMenuItem(&quot; Save...   &quot;);&#10;        menuItem1.addActionListener(std);&#10;        // Java 10+: replace getMenuShortcutKeyMask() with getMenuShortcutKeyMaskEx()&#10;        menuItem1.setAccelerator(KeyStroke.getKeyStroke(KeyEvent.VK_S,&#10;                                Toolkit.getDefaultToolkit().getMenuShortcutKeyMask()));&#10;        menu.add(menuItem1);&#10;        return menuBar;&#10;    }&#10;&#10;   /***************************************************************************&#10;    *  User and screen coordinate systems.&#10;    ***************************************************************************/&#10;&#10;    // throw an IllegalArgumentException if x is NaN or infinite&#10;    public static void validate(double x, String name) {&#10;        if (Double.isNaN(x)) throw new IllegalArgumentException(name + &quot; is NaN&quot;);&#10;        if (Double.isInfinite(x)) throw new IllegalArgumentException(name + &quot; is infinite&quot;);&#10;    }&#10;&#10;    // throw an IllegalArgumentException if s is null&#10;    public static void validateNonnegative(double x, String name) {&#10;        if (x &lt; 0) throw new IllegalArgumentException(name + &quot; negative&quot;);&#10;    }&#10;&#10;    // throw an IllegalArgumentException if s is null&#10;    public static void validateNotNull(Object x, String name) {&#10;        if (x == null) throw new IllegalArgumentException(name + &quot; is null&quot;);&#10;    }&#10;&#10;&#10;    /**&#10;     * Sets the &lt;em&gt;x&lt;/em&gt;-scale to be the default (between 0.0 and 1.0).&#10;     */&#10;    public static void setXscale() {&#10;        setXscale(DEFAULT_XMIN, DEFAULT_XMAX);&#10;    }&#10;&#10;    /**&#10;     * Sets the &lt;em&gt;y&lt;/em&gt;-scale to be the default (between 0.0 and 1.0).&#10;     */&#10;    public static void setYscale() {&#10;        setYscale(DEFAULT_YMIN, DEFAULT_YMAX);&#10;    }&#10;&#10;    /**&#10;     * Sets the &lt;em&gt;x&lt;/em&gt;-scale and &lt;em&gt;y&lt;/em&gt;-scale to be the default&#10;     * (between 0.0 and 1.0).&#10;     */&#10;    public static void setScale() {&#10;        setXscale();&#10;        setYscale();&#10;    }&#10;&#10;    /**&#10;     * Sets the &lt;em&gt;x&lt;/em&gt;-scale to the specified range.&#10;     *&#10;     * @param  min the minimum value of the &lt;em&gt;x&lt;/em&gt;-scale&#10;     * @param  max the maximum value of the &lt;em&gt;x&lt;/em&gt;-scale&#10;     * @throws IllegalArgumentException if {@code (max == min)}&#10;     * @throws IllegalArgumentException if either {@code min} or {@code max} is either NaN or infinite&#10;     */&#10;    public static void setXscale(double min, double max) {&#10;        validate(min, &quot;min&quot;);&#10;        validate(max, &quot;max&quot;);&#10;        double size = max - min;&#10;        if (size == 0.0) throw new IllegalArgumentException(&quot;the min and max are the same&quot;);&#10;        synchronized (mouseLock) {&#10;            xmin = min - BORDER * size;&#10;            xmax = max + BORDER * size;&#10;        }&#10;    }&#10;&#10;    /**&#10;     * Sets the &lt;em&gt;y&lt;/em&gt;-scale to the specified range.&#10;     *&#10;     * @param  min the minimum value of the &lt;em&gt;y&lt;/em&gt;-scale&#10;     * @param  max the maximum value of the &lt;em&gt;y&lt;/em&gt;-scale&#10;     * @throws IllegalArgumentException if {@code (max == min)}&#10;     * @throws IllegalArgumentException if either {@code min} or {@code max} is either NaN or infinite&#10;     */&#10;    public static void setYscale(double min, double max) {&#10;        validate(min, &quot;min&quot;);&#10;        validate(max, &quot;max&quot;);&#10;        double size = max - min;&#10;        if (size == 0.0) throw new IllegalArgumentException(&quot;the min and max are the same&quot;);&#10;        synchronized (mouseLock) {&#10;            ymin = min - BORDER * size;&#10;            ymax = max + BORDER * size;&#10;        }&#10;    }&#10;&#10;    /**&#10;     * Sets both the &lt;em&gt;x&lt;/em&gt;-scale and &lt;em&gt;y&lt;/em&gt;-scale to the (same) specified range.&#10;     *&#10;     * @param  min the minimum value of the &lt;em&gt;x&lt;/em&gt;- and &lt;em&gt;y&lt;/em&gt;-scales&#10;     * @param  max the maximum value of the &lt;em&gt;x&lt;/em&gt;- and &lt;em&gt;y&lt;/em&gt;-scales&#10;     * @throws IllegalArgumentException if {@code (max == min)}&#10;     * @throws IllegalArgumentException if either {@code min} or {@code max} is either NaN or infinite&#10;     */&#10;    public static void setScale(double min, double max) {&#10;        validate(min, &quot;min&quot;);&#10;        validate(max, &quot;max&quot;);&#10;        double size = max - min;&#10;        if (size == 0.0) throw new IllegalArgumentException(&quot;the min and max are the same&quot;);&#10;        synchronized (mouseLock) {&#10;            xmin = min - BORDER * size;&#10;            xmax = max + BORDER * size;&#10;            ymin = min - BORDER * size;&#10;            ymax = max + BORDER * size;&#10;        }&#10;    }&#10;&#10;    // helper functions that scale from user coordinates to screen coordinates and back&#10;    public static double  scaleX(double x) { return width  * (x - xmin) / (xmax - xmin); }&#10;    public static double  scaleY(double y) { return height * (ymax - y) / (ymax - ymin); }&#10;    public static double factorX(double w) { return w * width  / Math.abs(xmax - xmin);  }&#10;    public static double factorY(double h) { return h * height / Math.abs(ymax - ymin);  }&#10;    public static double   userX(double x) { return xmin + x * (xmax - xmin) / width;    }&#10;    public static double   userY(double y) { return ymax - y * (ymax - ymin) / height;   }&#10;&#10;&#10;    /**&#10;     * Clears the screen to the default color (white).&#10;     */&#10;    public static void clear() {&#10;        clear(DEFAULT_CLEAR_COLOR);&#10;    }&#10;&#10;    /**&#10;     * Clears the screen to the specified color.&#10;     *&#10;     * @param color the color to make the background&#10;     * @throws IllegalArgumentException if {@code color} is {@code null}&#10;     */&#10;    public static void clear(Color color) {&#10;        validateNotNull(color, &quot;color&quot;);&#10;        offscreen.setColor(color);&#10;        offscreen.fillRect(0, 0, width, height);&#10;        offscreen.setColor(penColor);&#10;        draw();&#10;    }&#10;&#10;    /**&#10;     * Returns the current pen radius.&#10;     *&#10;     * @return the current value of the pen radius&#10;     */&#10;    public static double getPenRadius() {&#10;        return penRadius;&#10;    }&#10;&#10;    /**&#10;     * Sets the pen size to the default size (0.002).&#10;     * The pen is circular, so that lines have rounded ends, and when you set the&#10;     * pen radius and draw a point, you get a circle of the specified radius.&#10;     * The pen radius is not affected by coordinate scaling.&#10;     */&#10;    public static void setPenRadius() {&#10;        setPenRadius(DEFAULT_PEN_RADIUS);&#10;    }&#10;&#10;    /**&#10;     * Sets the radius of the pen to the specified size.&#10;     * The pen is circular, so that lines have rounded ends, and when you set the&#10;     * pen radius and draw a point, you get a circle of the specified radius.&#10;     * The pen radius is not affected by coordinate scaling.&#10;     *&#10;     * @param  radius the radius of the pen&#10;     * @throws IllegalArgumentException if {@code radius} is negative, NaN, or infinite&#10;     */&#10;    public static void setPenRadius(double radius) {&#10;        validate(radius, &quot;pen radius&quot;);&#10;        validateNonnegative(radius, &quot;pen radius&quot;);&#10;&#10;        penRadius = radius;&#10;        float scaledPenRadius = (float) (radius * DEFAULT_SIZE);&#10;        BasicStroke stroke = new BasicStroke(scaledPenRadius, BasicStroke.CAP_ROUND, BasicStroke.JOIN_ROUND);&#10;        // BasicStroke stroke = new BasicStroke(scaledPenRadius);&#10;        offscreen.setStroke(stroke);&#10;    }&#10;&#10;    /**&#10;     * Returns the current pen color.&#10;     *&#10;     * @return the current pen color&#10;     */&#10;    public static Color getPenColor() {&#10;        return penColor;&#10;    }&#10;&#10;    /**&#10;     * Sets the pen color to the default color (black).&#10;     */&#10;    public static void setPenColor() {&#10;        setPenColor(DEFAULT_PEN_COLOR);&#10;    }&#10;&#10;    /**&#10;     * Sets the pen color to the specified color.&#10;     * &lt;p&gt;&#10;     * The predefined pen colors are&#10;     * {@code StdDraw.BLACK}, {@code StdDraw.BLUE}, {@code StdDraw.CYAN},&#10;     * {@code StdDraw.DARK_GRAY}, {@code StdDraw.GRAY}, {@code StdDraw.GREEN},&#10;     * {@code StdDraw.LIGHT_GRAY}, {@code StdDraw.MAGENTA}, {@code StdDraw.ORANGE},&#10;     * {@code StdDraw.PINK}, {@code StdDraw.RED}, {@code StdDraw.WHITE}, and&#10;     * {@code StdDraw.YELLOW}.&#10;     *&#10;     * @param color the color to make the pen&#10;     * @throws IllegalArgumentException if {@code color} is {@code null}&#10;     */&#10;    public static void setPenColor(Color color) {&#10;        validateNotNull(color, &quot;color&quot;);&#10;        penColor = color;&#10;        offscreen.setColor(penColor);&#10;    }&#10;&#10;    /**&#10;     * Sets the pen color to the specified RGB color.&#10;     *&#10;     * @param  red the amount of red (between 0 and 255)&#10;     * @param  green the amount of green (between 0 and 255)&#10;     * @param  blue the amount of blue (between 0 and 255)&#10;     * @throws IllegalArgumentException if {@code red}, {@code green},&#10;     *         or {@code blue} is outside its prescribed range&#10;     */&#10;    public static void setPenColor(int red, int green, int blue) {&#10;        if (red   &lt; 0 || red   &gt;= 256) throw new IllegalArgumentException(&quot;red must be between 0 and 255&quot;);&#10;        if (green &lt; 0 || green &gt;= 256) throw new IllegalArgumentException(&quot;green must be between 0 and 255&quot;);&#10;        if (blue  &lt; 0 || blue  &gt;= 256) throw new IllegalArgumentException(&quot;blue must be between 0 and 255&quot;);&#10;        setPenColor(new Color(red, green, blue));&#10;    }&#10;&#10;    /**&#10;     * Returns the current font.&#10;     *&#10;     * @return the current font&#10;     */&#10;    public static Font getFont() {&#10;        return font;&#10;    }&#10;&#10;    /**&#10;     * Sets the font to the default font (sans serif, 16 point).&#10;     */&#10;    public static void setFont() {&#10;        setFont(DEFAULT_FONT);&#10;    }&#10;&#10;    /**&#10;     * Sets the font to the specified value.&#10;     *&#10;     * @param font the font&#10;     * @throws IllegalArgumentException if {@code font} is {@code null}&#10;     */&#10;    public static void setFont(Font font) {&#10;        validateNotNull(font, &quot;font&quot;);&#10;        StdDraw.font = font;&#10;    }&#10;&#10;&#10;   /***************************************************************************&#10;    *  Drawing geometric shapes.&#10;    ***************************************************************************/&#10;&#10;    /**&#10;     * Draws a line segment between (&lt;em&gt;x&lt;/em&gt;&lt;sub&gt;0&lt;/sub&gt;, &lt;em&gt;y&lt;/em&gt;&lt;sub&gt;0&lt;/sub&gt;) and&#10;     * (&lt;em&gt;x&lt;/em&gt;&lt;sub&gt;1&lt;/sub&gt;, &lt;em&gt;y&lt;/em&gt;&lt;sub&gt;1&lt;/sub&gt;).&#10;     *&#10;     * @param  x0 the &lt;em&gt;x&lt;/em&gt;-coordinate of one endpoint&#10;     * @param  y0 the &lt;em&gt;y&lt;/em&gt;-coordinate of one endpoint&#10;     * @param  x1 the &lt;em&gt;x&lt;/em&gt;-coordinate of the other endpoint&#10;     * @param  y1 the &lt;em&gt;y&lt;/em&gt;-coordinate of the other endpoint&#10;     * @throws IllegalArgumentException if any coordinate is either NaN or infinite&#10;     */&#10;    public static void line(double x0, double y0, double x1, double y1) {&#10;        validate(x0, &quot;x0&quot;);&#10;        validate(y0, &quot;y0&quot;);&#10;        validate(x1, &quot;x1&quot;);&#10;        validate(y1, &quot;y1&quot;);&#10;        offscreen.draw(new Line2D.Double(scaleX(x0), scaleY(y0), scaleX(x1), scaleY(y1)));&#10;        draw();&#10;    }&#10;&#10;    /**&#10;     * Draws one pixel at (&lt;em&gt;x&lt;/em&gt;, &lt;em&gt;y&lt;/em&gt;).&#10;     * This method is public because pixels depend on the display.&#10;     * To achieve the same effect, set the pen radius to 0 and call {@code point()}.&#10;     *&#10;     * @param  x the &lt;em&gt;x&lt;/em&gt;-coordinate of the pixel&#10;     * @param  y the &lt;em&gt;y&lt;/em&gt;-coordinate of the pixel&#10;     * @throws IllegalArgumentException if {@code x} or {@code y} is either NaN or infinite&#10;     */&#10;    public static void pixel(double x, double y) {&#10;        validate(x, &quot;x&quot;);&#10;        validate(y, &quot;y&quot;);&#10;        offscreen.fillRect((int) Math.round(scaleX(x)), (int) Math.round(scaleY(y)), 1, 1);&#10;    }&#10;&#10;    /**&#10;     * Draws a point centered at (&lt;em&gt;x&lt;/em&gt;, &lt;em&gt;y&lt;/em&gt;).&#10;     * The point is a filled circle whose radius is equal to the pen radius.&#10;     * To draw a single-pixel point, first set the pen radius to 0.&#10;     *&#10;     * @param x the &lt;em&gt;x&lt;/em&gt;-coordinate of the point&#10;     * @param y the &lt;em&gt;y&lt;/em&gt;-coordinate of the point&#10;     * @throws IllegalArgumentException if either {@code x} or {@code y} is either NaN or infinite&#10;     */&#10;    public static void point(double x, double y) {&#10;        validate(x, &quot;x&quot;);&#10;        validate(y, &quot;y&quot;);&#10;&#10;        double xs = scaleX(x);&#10;        double ys = scaleY(y);&#10;        double r = penRadius;&#10;        float scaledPenRadius = (float) (r * DEFAULT_SIZE);&#10;&#10;        // double ws = factorX(2*r);&#10;        // double hs = factorY(2*r);&#10;        // if (ws &lt;= 1 &amp;&amp; hs &lt;= 1) pixel(x, y);&#10;        if (scaledPenRadius &lt;= 1) pixel(x, y);&#10;        else offscreen.fill(new Ellipse2D.Double(xs - scaledPenRadius/2, ys - scaledPenRadius/2,&#10;                                                 scaledPenRadius, scaledPenRadius));&#10;        draw();&#10;    }&#10;&#10;    /**&#10;     * Draws a circle of the specified radius, centered at (&lt;em&gt;x&lt;/em&gt;, &lt;em&gt;y&lt;/em&gt;).&#10;     *&#10;     * @param  x the &lt;em&gt;x&lt;/em&gt;-coordinate of the center of the circle&#10;     * @param  y the &lt;em&gt;y&lt;/em&gt;-coordinate of the center of the circle&#10;     * @param  radius the radius of the circle&#10;     * @throws IllegalArgumentException if {@code radius} is negative&#10;     * @throws IllegalArgumentException if any argument is either NaN or infinite&#10;     */&#10;    public static void circle(double x, double y, double radius) {&#10;        validate(x, &quot;x&quot;);&#10;        validate(y, &quot;y&quot;);&#10;        validate(radius, &quot;radius&quot;);&#10;        validateNonnegative(radius, &quot;radius&quot;);&#10;&#10;        double xs = scaleX(x);&#10;        double ys = scaleY(y);&#10;        double ws = factorX(2*radius);&#10;        double hs = factorY(2*radius);&#10;        if (ws &lt;= 1 &amp;&amp; hs &lt;= 1) pixel(x, y);&#10;        else offscreen.draw(new Ellipse2D.Double(xs - ws/2, ys - hs/2, ws, hs));&#10;        draw();&#10;    }&#10;&#10;    /**&#10;     * Draws a filled circle of the specified radius, centered at (&lt;em&gt;x&lt;/em&gt;, &lt;em&gt;y&lt;/em&gt;).&#10;     *&#10;     * @param  x the &lt;em&gt;x&lt;/em&gt;-coordinate of the center of the circle&#10;     * @param  y the &lt;em&gt;y&lt;/em&gt;-coordinate of the center of the circle&#10;     * @param  radius the radius of the circle&#10;     * @throws IllegalArgumentException if {@code radius} is negative&#10;     * @throws IllegalArgumentException if any argument is either NaN or infinite&#10;     */&#10;    public static void filledCircle(double x, double y, double radius) {&#10;        validate(x, &quot;x&quot;);&#10;        validate(y, &quot;y&quot;);&#10;        validate(radius, &quot;radius&quot;);&#10;        validateNonnegative(radius, &quot;radius&quot;);&#10;&#10;        double xs = scaleX(x);&#10;        double ys = scaleY(y);&#10;        double ws = factorX(2*radius);&#10;        double hs = factorY(2*radius);&#10;        if (ws &lt;= 1 &amp;&amp; hs &lt;= 1) pixel(x, y);&#10;        else offscreen.fill(new Ellipse2D.Double(xs - ws/2, ys - hs/2, ws, hs));&#10;        draw();&#10;    }&#10;&#10;&#10;    /**&#10;     * Draws an ellipse with the specified semimajor and semiminor axes,&#10;     * centered at (&lt;em&gt;x&lt;/em&gt;, &lt;em&gt;y&lt;/em&gt;).&#10;     *&#10;     * @param  x the &lt;em&gt;x&lt;/em&gt;-coordinate of the center of the ellipse&#10;     * @param  y the &lt;em&gt;y&lt;/em&gt;-coordinate of the center of the ellipse&#10;     * @param  semiMajorAxis is the semimajor axis of the ellipse&#10;     * @param  semiMinorAxis is the semiminor axis of the ellipse&#10;     * @throws IllegalArgumentException if either {@code semiMajorAxis}&#10;     *         or {@code semiMinorAxis} is negative&#10;     * @throws IllegalArgumentException if any argument is either NaN or infinite&#10;     */&#10;    public static void ellipse(double x, double y, double semiMajorAxis, double semiMinorAxis) {&#10;        validate(x, &quot;x&quot;);&#10;        validate(y, &quot;y&quot;);&#10;        validate(semiMajorAxis, &quot;semimajor axis&quot;);&#10;        validate(semiMinorAxis, &quot;semiminor axis&quot;);&#10;        validateNonnegative(semiMajorAxis, &quot;semimajor axis&quot;);&#10;        validateNonnegative(semiMinorAxis, &quot;semiminor axis&quot;);&#10;&#10;        double xs = scaleX(x);&#10;        double ys = scaleY(y);&#10;        double ws = factorX(2*semiMajorAxis);&#10;        double hs = factorY(2*semiMinorAxis);&#10;        if (ws &lt;= 1 &amp;&amp; hs &lt;= 1) pixel(x, y);&#10;        else offscreen.draw(new Ellipse2D.Double(xs - ws/2, ys - hs/2, ws, hs));&#10;        draw();&#10;    }&#10;&#10;    /**&#10;     * Draws a filled ellipse with the specified semimajor and semiminor axes,&#10;     * centered at (&lt;em&gt;x&lt;/em&gt;, &lt;em&gt;y&lt;/em&gt;).&#10;     *&#10;     * @param  x the &lt;em&gt;x&lt;/em&gt;-coordinate of the center of the ellipse&#10;     * @param  y the &lt;em&gt;y&lt;/em&gt;-coordinate of the center of the ellipse&#10;     * @param  semiMajorAxis is the semimajor axis of the ellipse&#10;     * @param  semiMinorAxis is the semiminor axis of the ellipse&#10;     * @throws IllegalArgumentException if either {@code semiMajorAxis}&#10;     *         or {@code semiMinorAxis} is negative&#10;     * @throws IllegalArgumentException if any argument is either NaN or infinite&#10;     */&#10;    public static void filledEllipse(double x, double y, double semiMajorAxis, double semiMinorAxis) {&#10;        validate(x, &quot;x&quot;);&#10;        validate(y, &quot;y&quot;);&#10;        validate(semiMajorAxis, &quot;semimajor axis&quot;);&#10;        validate(semiMinorAxis, &quot;semiminor axis&quot;);&#10;        validateNonnegative(semiMajorAxis, &quot;semimajor axis&quot;);&#10;        validateNonnegative(semiMinorAxis, &quot;semiminor axis&quot;);&#10;&#10;        double xs = scaleX(x);&#10;        double ys = scaleY(y);&#10;        double ws = factorX(2*semiMajorAxis);&#10;        double hs = factorY(2*semiMinorAxis);&#10;        if (ws &lt;= 1 &amp;&amp; hs &lt;= 1) pixel(x, y);&#10;        else offscreen.fill(new Ellipse2D.Double(xs - ws/2, ys - hs/2, ws, hs));&#10;        draw();&#10;    }&#10;&#10;&#10;    /**&#10;     * Draws a circular arc of the specified radius,&#10;     * centered at (&lt;em&gt;x&lt;/em&gt;, &lt;em&gt;y&lt;/em&gt;), from angle1 to angle2 (in degrees).&#10;     *&#10;     * @param  x the &lt;em&gt;x&lt;/em&gt;-coordinate of the center of the circle&#10;     * @param  y the &lt;em&gt;y&lt;/em&gt;-coordinate of the center of the circle&#10;     * @param  radius the radius of the circle&#10;     * @param  angle1 the starting angle. 0 would mean an arc beginning at 3 o'clock.&#10;     * @param  angle2 the angle at the end of the arc. For example, if&#10;     *         you want a 90 degree arc, then angle2 should be angle1 + 90.&#10;     * @throws IllegalArgumentException if {@code radius} is negative&#10;     * @throws IllegalArgumentException if any argument is either NaN or infinite&#10;     */&#10;    public static void arc(double x, double y, double radius, double angle1, double angle2) {&#10;        validate(x, &quot;x&quot;);&#10;        validate(y, &quot;y&quot;);&#10;        validate(radius, &quot;arc radius&quot;);&#10;        validate(angle1, &quot;angle1&quot;);&#10;        validate(angle2, &quot;angle2&quot;);&#10;        validateNonnegative(radius, &quot;arc radius&quot;);&#10;&#10;        while (angle2 &lt; angle1) angle2 += 360;&#10;        double xs = scaleX(x);&#10;        double ys = scaleY(y);&#10;        double ws = factorX(2*radius);&#10;        double hs = factorY(2*radius);&#10;        if (ws &lt;= 1 &amp;&amp; hs &lt;= 1) pixel(x, y);&#10;        else offscreen.draw(new Arc2D.Double(xs - ws/2, ys - hs/2, ws, hs, angle1, angle2 - angle1, Arc2D.OPEN));&#10;        draw();&#10;    }&#10;&#10;    /**&#10;     * Draws a square of the specified size, centered at (&lt;em&gt;x&lt;/em&gt;, &lt;em&gt;y&lt;/em&gt;).&#10;     *&#10;     * @param  x the &lt;em&gt;x&lt;/em&gt;-coordinate of the center of the square&#10;     * @param  y the &lt;em&gt;y&lt;/em&gt;-coordinate of the center of the square&#10;     * @param  halfLength one half the length of any side of the square&#10;     * @throws IllegalArgumentException if {@code halfLength} is negative&#10;     * @throws IllegalArgumentException if any argument is either NaN or infinite&#10;     */&#10;    public static void square(double x, double y, double halfLength) {&#10;        validate(x, &quot;x&quot;);&#10;        validate(y, &quot;y&quot;);&#10;        validate(halfLength, &quot;halfLength&quot;);&#10;        validateNonnegative(halfLength, &quot;half length&quot;);&#10;&#10;        double xs = scaleX(x);&#10;        double ys = scaleY(y);&#10;        double ws = factorX(2*halfLength);&#10;        double hs = factorY(2*halfLength);&#10;        if (ws &lt;= 1 &amp;&amp; hs &lt;= 1) pixel(x, y);&#10;        else offscreen.draw(new Rectangle2D.Double(xs - ws/2, ys - hs/2, ws, hs));&#10;        draw();&#10;    }&#10;&#10;    /**&#10;     * Draws a filled square of the specified size, centered at (&lt;em&gt;x&lt;/em&gt;, &lt;em&gt;y&lt;/em&gt;).&#10;     *&#10;     * @param  x the &lt;em&gt;x&lt;/em&gt;-coordinate of the center of the square&#10;     * @param  y the &lt;em&gt;y&lt;/em&gt;-coordinate of the center of the square&#10;     * @param  halfLength one half the length of any side of the square&#10;     * @throws IllegalArgumentException if {@code halfLength} is negative&#10;     * @throws IllegalArgumentException if any argument is either NaN or infinite&#10;     */&#10;    public static void filledSquare(double x, double y, double halfLength) {&#10;        validate(x, &quot;x&quot;);&#10;        validate(y, &quot;y&quot;);&#10;        validate(halfLength, &quot;halfLength&quot;);&#10;        validateNonnegative(halfLength, &quot;half length&quot;);&#10;&#10;        double xs = scaleX(x);&#10;        double ys = scaleY(y);&#10;        double ws = factorX(2*halfLength);&#10;        double hs = factorY(2*halfLength);&#10;        if (ws &lt;= 1 &amp;&amp; hs &lt;= 1) pixel(x, y);&#10;        else offscreen.fill(new Rectangle2D.Double(xs - ws/2, ys - hs/2, ws, hs));&#10;        draw();&#10;    }&#10;&#10;&#10;    /**&#10;     * Draws a rectangle of the specified size, centered at (&lt;em&gt;x&lt;/em&gt;, &lt;em&gt;y&lt;/em&gt;).&#10;     *&#10;     * @param  x the &lt;em&gt;x&lt;/em&gt;-coordinate of the center of the rectangle&#10;     * @param  y the &lt;em&gt;y&lt;/em&gt;-coordinate of the center of the rectangle&#10;     * @param  halfWidth one half the width of the rectangle&#10;     * @param  halfHeight one half the height of the rectangle&#10;     * @throws IllegalArgumentException if either {@code halfWidth} or {@code halfHeight} is negative&#10;     * @throws IllegalArgumentException if any argument is either NaN or infinite&#10;     */&#10;    public static void rectangle(double x, double y, double halfWidth, double halfHeight) {&#10;        validate(x, &quot;x&quot;);&#10;        validate(y, &quot;y&quot;);&#10;        validate(halfWidth, &quot;halfWidth&quot;);&#10;        validate(halfHeight, &quot;halfHeight&quot;);&#10;        validateNonnegative(halfWidth, &quot;half width&quot;);&#10;        validateNonnegative(halfHeight, &quot;half height&quot;);&#10;&#10;        double xs = scaleX(x);&#10;        double ys = scaleY(y);&#10;        double ws = factorX(2*halfWidth);&#10;        double hs = factorY(2*halfHeight);&#10;        if (ws &lt;= 1 &amp;&amp; hs &lt;= 1) pixel(x, y);&#10;        else offscreen.draw(new Rectangle2D.Double(xs - ws/2, ys - hs/2, ws, hs));&#10;        draw();&#10;    }&#10;&#10;    /**&#10;     * Draws a filled rectangle of the specified size, centered at (&lt;em&gt;x&lt;/em&gt;, &lt;em&gt;y&lt;/em&gt;).&#10;     *&#10;     * @param  x the &lt;em&gt;x&lt;/em&gt;-coordinate of the center of the rectangle&#10;     * @param  y the &lt;em&gt;y&lt;/em&gt;-coordinate of the center of the rectangle&#10;     * @param  halfWidth one half the width of the rectangle&#10;     * @param  halfHeight one half the height of the rectangle&#10;     * @throws IllegalArgumentException if either {@code halfWidth} or {@code halfHeight} is negative&#10;     * @throws IllegalArgumentException if any argument is either NaN or infinite&#10;     */&#10;    public static void filledRectangle(double x, double y, double halfWidth, double halfHeight) {&#10;        validate(x, &quot;x&quot;);&#10;        validate(y, &quot;y&quot;);&#10;        validate(halfWidth, &quot;halfWidth&quot;);&#10;        validate(halfHeight, &quot;halfHeight&quot;);&#10;        validateNonnegative(halfWidth, &quot;half width&quot;);&#10;        validateNonnegative(halfHeight, &quot;half height&quot;);&#10;&#10;        double xs = scaleX(x);&#10;        double ys = scaleY(y);&#10;        double ws = factorX(2*halfWidth);&#10;        double hs = factorY(2*halfHeight);&#10;        if (ws &lt;= 1 &amp;&amp; hs &lt;= 1) pixel(x, y);&#10;        else offscreen.fill(new Rectangle2D.Double(xs - ws/2, ys - hs/2, ws, hs));&#10;        draw();&#10;    }&#10;&#10;&#10;    /**&#10;     * Draws a polygon with the vertices &#10;     * (&lt;em&gt;x&lt;/em&gt;&lt;sub&gt;0&lt;/sub&gt;, &lt;em&gt;y&lt;/em&gt;&lt;sub&gt;0&lt;/sub&gt;),&#10;     * (&lt;em&gt;x&lt;/em&gt;&lt;sub&gt;1&lt;/sub&gt;, &lt;em&gt;y&lt;/em&gt;&lt;sub&gt;1&lt;/sub&gt;), ...,&#10;     * (&lt;em&gt;x&lt;/em&gt;&lt;sub&gt;&lt;em&gt;n&lt;/em&gt;â€“1&lt;/sub&gt;, &lt;em&gt;y&lt;/em&gt;&lt;sub&gt;&lt;em&gt;n&lt;/em&gt;â€“1&lt;/sub&gt;).&#10;     *&#10;     * @param  x an array of all the &lt;em&gt;x&lt;/em&gt;-coordinates of the polygon&#10;     * @param  y an array of all the &lt;em&gt;y&lt;/em&gt;-coordinates of the polygon&#10;     * @throws IllegalArgumentException unless {@code x[]} and {@code y[]}&#10;     *         are of the same length&#10;     * @throws IllegalArgumentException if any coordinate is either NaN or infinite&#10;     * @throws IllegalArgumentException if either {@code x[]} or {@code y[]} is {@code null}&#10;     */&#10;    public static void polygon(double[] x, double[] y) {&#10;        validateNotNull(x, &quot;x-coordinate array&quot;);&#10;        validateNotNull(y, &quot;y-coordinate array&quot;);&#10;        for (int i = 0; i &lt; x.length; i++) validate(x[i], &quot;x[&quot; + i + &quot;]&quot;);&#10;        for (int i = 0; i &lt; y.length; i++) validate(y[i], &quot;y[&quot; + i + &quot;]&quot;);&#10;&#10;        int n1 = x.length;&#10;        int n2 = y.length;&#10;        if (n1 != n2) throw new IllegalArgumentException(&quot;arrays must be of the same length&quot;);&#10;        int n = n1;&#10;        if (n == 0) return;&#10;&#10;        GeneralPath path = new GeneralPath();&#10;        path.moveTo((float) scaleX(x[0]), (float) scaleY(y[0]));&#10;        for (int i = 0; i &lt; n; i++)&#10;            path.lineTo((float) scaleX(x[i]), (float) scaleY(y[i]));&#10;        path.closePath();&#10;        offscreen.draw(path);&#10;        draw();&#10;    }&#10;&#10;    /**&#10;     * Draws a filled polygon with the vertices &#10;     * (&lt;em&gt;x&lt;/em&gt;&lt;sub&gt;0&lt;/sub&gt;, &lt;em&gt;y&lt;/em&gt;&lt;sub&gt;0&lt;/sub&gt;),&#10;     * (&lt;em&gt;x&lt;/em&gt;&lt;sub&gt;1&lt;/sub&gt;, &lt;em&gt;y&lt;/em&gt;&lt;sub&gt;1&lt;/sub&gt;), ...,&#10;     * (&lt;em&gt;x&lt;/em&gt;&lt;sub&gt;&lt;em&gt;n&lt;/em&gt;â€“1&lt;/sub&gt;, &lt;em&gt;y&lt;/em&gt;&lt;sub&gt;&lt;em&gt;n&lt;/em&gt;â€“1&lt;/sub&gt;).&#10;     *&#10;     * @param  x an array of all the &lt;em&gt;x&lt;/em&gt;-coordinates of the polygon&#10;     * @param  y an array of all the &lt;em&gt;y&lt;/em&gt;-coordinates of the polygon&#10;     * @throws IllegalArgumentException unless {@code x[]} and {@code y[]}&#10;     *         are of the same length&#10;     * @throws IllegalArgumentException if any coordinate is either NaN or infinite&#10;     * @throws IllegalArgumentException if either {@code x[]} or {@code y[]} is {@code null}&#10;     */&#10;    public static void filledPolygon(double[] x, double[] y) {&#10;        validateNotNull(x, &quot;x-coordinate array&quot;);&#10;        validateNotNull(y, &quot;y-coordinate array&quot;);&#10;        for (int i = 0; i &lt; x.length; i++) validate(x[i], &quot;x[&quot; + i + &quot;]&quot;);&#10;        for (int i = 0; i &lt; y.length; i++) validate(y[i], &quot;y[&quot; + i + &quot;]&quot;);&#10;&#10;        int n1 = x.length;&#10;        int n2 = y.length;&#10;        if (n1 != n2) throw new IllegalArgumentException(&quot;arrays must be of the same length&quot;);&#10;        int n = n1;&#10;        if (n == 0) return;&#10;&#10;        GeneralPath path = new GeneralPath();&#10;        path.moveTo((float) scaleX(x[0]), (float) scaleY(y[0]));&#10;        for (int i = 0; i &lt; n; i++)&#10;            path.lineTo((float) scaleX(x[i]), (float) scaleY(y[i]));&#10;        path.closePath();&#10;        offscreen.fill(path);&#10;        draw();&#10;    }&#10;&#10;&#10;   /***************************************************************************&#10;    *  Drawing images.&#10;    ***************************************************************************/&#10;    // get an image from the given filename&#10;    public static Image getImage(String filename) {&#10;        if (filename == null) throw new IllegalArgumentException();&#10;&#10;        // to read from file&#10;        ImageIcon icon = new ImageIcon(filename);&#10;&#10;        // try to read from URL&#10;        if ((icon == null) || (icon.getImageLoadStatus() != MediaTracker.COMPLETE)) {&#10;            try {&#10;                URL url = new URL(filename);&#10;                icon = new ImageIcon(url);&#10;            }&#10;            catch (MalformedURLException e) {&#10;                /* not a url */&#10;            }&#10;        }&#10;&#10;        // in case file is inside a .jar (classpath relative to StdDraw)&#10;        if ((icon == null) || (icon.getImageLoadStatus() != MediaTracker.COMPLETE)) {&#10;            URL url = StdDraw.class.getResource(filename);&#10;            if (url != null)&#10;                icon = new ImageIcon(url);&#10;        }&#10;&#10;        // in case file is inside a .jar (classpath relative to root of jar)&#10;        if ((icon == null) || (icon.getImageLoadStatus() != MediaTracker.COMPLETE)) {&#10;            URL url = StdDraw.class.getResource(&quot;/&quot; + filename);&#10;            if (url == null) throw new IllegalArgumentException(&quot;image &quot; + filename + &quot; not found&quot;);&#10;            icon = new ImageIcon(url);&#10;        }&#10;&#10;        return icon.getImage();&#10;    }&#10;&#10;   /***************************************************************************&#10;    * [Summer 2016] Should we update to use ImageIO instead of ImageIcon()?&#10;    *               Seems to have some issues loading images on some systems&#10;    *               and slows things down on other systems.&#10;    *               especially if you don't call ImageIO.setUseCache(false)&#10;    *               One advantage is that it returns a BufferedImage.&#10;    ***************************************************************************/&#10;/*&#10;    public static BufferedImage getImage(String filename) {&#10;        if (filename == null) throw new IllegalArgumentException();&#10;&#10;        // from a file or URL&#10;        try {&#10;            URL url = new URL(filename);&#10;            BufferedImage image = ImageIO.read(url);&#10;            return image;&#10;        } &#10;        catch (IOException e) {&#10;            // ignore&#10;        }&#10;&#10;        // in case file is inside a .jar (classpath relative to StdDraw)&#10;        try {&#10;            URL url = StdDraw.class.getResource(filename);&#10;            BufferedImage image = ImageIO.read(url);&#10;            return image;&#10;        } &#10;        catch (IOException e) {&#10;            // ignore&#10;        }&#10;&#10;        // in case file is inside a .jar (classpath relative to root of jar)&#10;        try {&#10;            URL url = StdDraw.class.getResource(&quot;/&quot; + filename);&#10;            BufferedImage image = ImageIO.read(url);&#10;            return image;&#10;        } &#10;        catch (IOException e) {&#10;            // ignore&#10;        }&#10;        throw new IllegalArgumentException(&quot;image &quot; + filename + &quot; not found&quot;);&#10;    }&#10;*/&#10;    /**&#10;     * Draws the specified image centered at (&lt;em&gt;x&lt;/em&gt;, &lt;em&gt;y&lt;/em&gt;).&#10;     * The supported image formats are JPEG, PNG, and GIF.&#10;     * As an optimization, the picture is cached, so there is no performance&#10;     * penalty for redrawing the same image multiple times (e.g., in an animation).&#10;     * However, if you change the picture file after drawing it, subsequent&#10;     * calls will draw the original picture.&#10;     *&#10;     * @param  x the center &lt;em&gt;x&lt;/em&gt;-coordinate of the image&#10;     * @param  y the center &lt;em&gt;y&lt;/em&gt;-coordinate of the image&#10;     * @param  filename the name of the image/picture, e.g., &quot;ball.gif&quot;&#10;     * @throws IllegalArgumentException if the image filename is invalid&#10;     * @throws IllegalArgumentException if either {@code x} or {@code y} is either NaN or infinite&#10;     */&#10;    public static void picture(double x, double y, String filename) {&#10;        validate(x, &quot;x&quot;);&#10;        validate(y, &quot;y&quot;);&#10;        validateNotNull(filename, &quot;filename&quot;);&#10;&#10;        // BufferedImage image = getImage(filename);&#10;        Image image = getImage(filename);&#10;        double xs = scaleX(x);&#10;        double ys = scaleY(y);&#10;        // int ws = image.getWidth();    // can call only if image is a BufferedImage&#10;        // int hs = image.getHeight();&#10;        int ws = image.getWidth(null);&#10;        int hs = image.getHeight(null);&#10;        if (ws &lt; 0 || hs &lt; 0) throw new IllegalArgumentException(&quot;image &quot; + filename + &quot; is corrupt&quot;);&#10;&#10;        offscreen.drawImage(image, (int) Math.round(xs - ws/2.0), (int) Math.round(ys - hs/2.0), null);&#10;        draw();&#10;    }&#10;&#10;    /**&#10;     * Draws the specified image centered at (&lt;em&gt;x&lt;/em&gt;, &lt;em&gt;y&lt;/em&gt;),&#10;     * rotated given number of degrees.&#10;     * The supported image formats are JPEG, PNG, and GIF.&#10;     *&#10;     * @param  x the center &lt;em&gt;x&lt;/em&gt;-coordinate of the image&#10;     * @param  y the center &lt;em&gt;y&lt;/em&gt;-coordinate of the image&#10;     * @param  filename the name of the image/picture, e.g., &quot;ball.gif&quot;&#10;     * @param  degrees is the number of degrees to rotate counterclockwise&#10;     * @throws IllegalArgumentException if the image filename is invalid&#10;     * @throws IllegalArgumentException if {@code x}, {@code y}, {@code degrees} is NaN or infinite&#10;     * @throws IllegalArgumentException if {@code filename} is {@code null}&#10;     */&#10;    public static void picture(double x, double y, String filename, double degrees) {&#10;        validate(x, &quot;x&quot;);&#10;        validate(y, &quot;y&quot;);&#10;        validate(degrees, &quot;degrees&quot;);&#10;        validateNotNull(filename, &quot;filename&quot;);&#10;&#10;        // BufferedImage image = getImage(filename);&#10;        Image image = getImage(filename);&#10;        double xs = scaleX(x);&#10;        double ys = scaleY(y);&#10;        // int ws = image.getWidth();    // can call only if image is a BufferedImage&#10;        // int hs = image.getHeight();&#10;        int ws = image.getWidth(null);&#10;        int hs = image.getHeight(null);&#10;        if (ws &lt; 0 || hs &lt; 0) throw new IllegalArgumentException(&quot;image &quot; + filename + &quot; is corrupt&quot;);&#10;&#10;        offscreen.rotate(Math.toRadians(-degrees), xs, ys);&#10;        offscreen.drawImage(image, (int) Math.round(xs - ws/2.0), (int) Math.round(ys - hs/2.0), null);&#10;        offscreen.rotate(Math.toRadians(+degrees), xs, ys);&#10;&#10;        draw();&#10;    }&#10;&#10;    /**&#10;     * Draws the specified image centered at (&lt;em&gt;x&lt;/em&gt;, &lt;em&gt;y&lt;/em&gt;),&#10;     * rescaled to the specified bounding box.&#10;     * The supported image formats are JPEG, PNG, and GIF.&#10;     *&#10;     * @param  x the center &lt;em&gt;x&lt;/em&gt;-coordinate of the image&#10;     * @param  y the center &lt;em&gt;y&lt;/em&gt;-coordinate of the image&#10;     * @param  filename the name of the image/picture, e.g., &quot;ball.gif&quot;&#10;     * @param  scaledWidth the width of the scaled image (in screen coordinates)&#10;     * @param  scaledHeight the height of the scaled image (in screen coordinates)&#10;     * @throws IllegalArgumentException if either {@code scaledWidth}&#10;     *         or {@code scaledHeight} is negative&#10;     * @throws IllegalArgumentException if the image filename is invalid&#10;     * @throws IllegalArgumentException if {@code x} or {@code y} is either NaN or infinite&#10;     * @throws IllegalArgumentException if {@code filename} is {@code null}&#10;     */&#10;    public static void picture(double x, double y, String filename, double scaledWidth, double scaledHeight) {&#10;        validate(x, &quot;x&quot;);&#10;        validate(y, &quot;y&quot;);&#10;        validate(scaledWidth, &quot;scaled width&quot;);&#10;        validate(scaledHeight, &quot;scaled height&quot;);&#10;        validateNotNull(filename, &quot;filename&quot;);&#10;        validateNonnegative(scaledWidth, &quot;scaled width&quot;);&#10;        validateNonnegative(scaledHeight, &quot;scaled height&quot;);&#10;&#10;        Image image = getImage(filename);&#10;        double xs = scaleX(x);&#10;        double ys = scaleY(y);&#10;        double ws = factorX(scaledWidth);&#10;        double hs = factorY(scaledHeight);&#10;        if (ws &lt; 0 || hs &lt; 0) throw new IllegalArgumentException(&quot;image &quot; + filename + &quot; is corrupt&quot;);&#10;        if (ws &lt;= 1 &amp;&amp; hs &lt;= 1) pixel(x, y);&#10;        else {&#10;            offscreen.drawImage(image, (int) Math.round(xs - ws/2.0),&#10;                                       (int) Math.round(ys - hs/2.0),&#10;                                       (int) Math.round(ws),&#10;                                       (int) Math.round(hs), null);&#10;        }&#10;        draw();&#10;    }&#10;&#10;&#10;    /**&#10;     * Draws the specified image centered at (&lt;em&gt;x&lt;/em&gt;, &lt;em&gt;y&lt;/em&gt;), rotated&#10;     * given number of degrees, and rescaled to the specified bounding box.&#10;     * The supported image formats are JPEG, PNG, and GIF.&#10;     *&#10;     * @param  x the center &lt;em&gt;x&lt;/em&gt;-coordinate of the image&#10;     * @param  y the center &lt;em&gt;y&lt;/em&gt;-coordinate of the image&#10;     * @param  filename the name of the image/picture, e.g., &quot;ball.gif&quot;&#10;     * @param  scaledWidth the width of the scaled image (in screen coordinates)&#10;     * @param  scaledHeight the height of the scaled image (in screen coordinates)&#10;     * @param  degrees is the number of degrees to rotate counterclockwise&#10;     * @throws IllegalArgumentException if either {@code scaledWidth}&#10;     *         or {@code scaledHeight} is negative&#10;     * @throws IllegalArgumentException if the image filename is invalid&#10;     */&#10;    public static void picture(double x, double y, String filename, double scaledWidth, double scaledHeight, double degrees) {&#10;        validate(x, &quot;x&quot;);&#10;        validate(y, &quot;y&quot;);&#10;        validate(scaledWidth, &quot;scaled width&quot;);&#10;        validate(scaledHeight, &quot;scaled height&quot;);&#10;        validate(degrees, &quot;degrees&quot;);&#10;        validateNotNull(filename, &quot;filename&quot;);&#10;        validateNonnegative(scaledWidth, &quot;scaled width&quot;);&#10;        validateNonnegative(scaledHeight, &quot;scaled height&quot;);&#10;&#10;        Image image = getImage(filename);&#10;        double xs = scaleX(x);&#10;        double ys = scaleY(y);&#10;        double ws = factorX(scaledWidth);&#10;        double hs = factorY(scaledHeight);&#10;        if (ws &lt; 0 || hs &lt; 0) throw new IllegalArgumentException(&quot;image &quot; + filename + &quot; is corrupt&quot;);&#10;        if (ws &lt;= 1 &amp;&amp; hs &lt;= 1) pixel(x, y);&#10;&#10;        offscreen.rotate(Math.toRadians(-degrees), xs, ys);&#10;        offscreen.drawImage(image, (int) Math.round(xs - ws/2.0),&#10;                                   (int) Math.round(ys - hs/2.0),&#10;                                   (int) Math.round(ws),&#10;                                   (int) Math.round(hs), null);&#10;        offscreen.rotate(Math.toRadians(+degrees), xs, ys);&#10;&#10;        draw();&#10;    }&#10;&#10;   /***************************************************************************&#10;    *  Drawing text.&#10;    ***************************************************************************/&#10;&#10;    /**&#10;     * Writes the given text string in the current font, centered at (&lt;em&gt;x&lt;/em&gt;, &lt;em&gt;y&lt;/em&gt;).&#10;     *&#10;     * @param  x the center &lt;em&gt;x&lt;/em&gt;-coordinate of the text&#10;     * @param  y the center &lt;em&gt;y&lt;/em&gt;-coordinate of the text&#10;     * @param  text the text to write&#10;     * @throws IllegalArgumentException if {@code text} is {@code null}&#10;     * @throws IllegalArgumentException if {@code x} or {@code y} is either NaN or infinite&#10;     */&#10;    public static void text(double x, double y, String text) {&#10;        validate(x, &quot;x&quot;);&#10;        validate(y, &quot;y&quot;);&#10;        validateNotNull(text, &quot;text&quot;);&#10;&#10;        offscreen.setFont(font);&#10;        FontMetrics metrics = offscreen.getFontMetrics();&#10;        double xs = scaleX(x);&#10;        double ys = scaleY(y);&#10;        int ws = metrics.stringWidth(text);&#10;        int hs = metrics.getDescent();&#10;        offscreen.drawString(text, (float) (xs - ws/2.0), (float) (ys + hs));&#10;        draw();&#10;    }&#10;&#10;    /**&#10;     * Writes the given text string in the current font, centered at (&lt;em&gt;x&lt;/em&gt;, &lt;em&gt;y&lt;/em&gt;) and&#10;     * rotated by the specified number of degrees.&#10;     * @param  x the center &lt;em&gt;x&lt;/em&gt;-coordinate of the text&#10;     * @param  y the center &lt;em&gt;y&lt;/em&gt;-coordinate of the text&#10;     * @param  text the text to write&#10;     * @param  degrees is the number of degrees to rotate counterclockwise&#10;     * @throws IllegalArgumentException if {@code text} is {@code null}&#10;     * @throws IllegalArgumentException if {@code x}, {@code y}, or {@code degrees} is either NaN or infinite&#10;     */&#10;    public static void text(double x, double y, String text, double degrees) {&#10;        validate(x, &quot;x&quot;);&#10;        validate(y, &quot;y&quot;);&#10;        validate(degrees, &quot;degrees&quot;);&#10;        validateNotNull(text, &quot;text&quot;);&#10;&#10;        double xs = scaleX(x);&#10;        double ys = scaleY(y);&#10;        offscreen.rotate(Math.toRadians(-degrees), xs, ys);&#10;        text(x, y, text);&#10;        offscreen.rotate(Math.toRadians(+degrees), xs, ys);&#10;    }&#10;&#10;&#10;    /**&#10;     * Writes the given text string in the current font, left-aligned at (&lt;em&gt;x&lt;/em&gt;, &lt;em&gt;y&lt;/em&gt;).&#10;     * @param  x the &lt;em&gt;x&lt;/em&gt;-coordinate of the text&#10;     * @param  y the &lt;em&gt;y&lt;/em&gt;-coordinate of the text&#10;     * @param  text the text&#10;     * @throws IllegalArgumentException if {@code text} is {@code null}&#10;     * @throws IllegalArgumentException if {@code x} or {@code y} is either NaN or infinite&#10;     */&#10;    public static void textLeft(double x, double y, String text) {&#10;        validate(x, &quot;x&quot;);&#10;        validate(y, &quot;y&quot;);&#10;        validateNotNull(text, &quot;text&quot;);&#10;&#10;        offscreen.setFont(font);&#10;        FontMetrics metrics = offscreen.getFontMetrics();&#10;        double xs = scaleX(x);&#10;        double ys = scaleY(y);&#10;        int hs = metrics.getDescent();&#10;        offscreen.drawString(text, (float) xs, (float) (ys + hs));&#10;        draw();&#10;    }&#10;&#10;    /**&#10;     * Writes the given text string in the current font, right-aligned at (&lt;em&gt;x&lt;/em&gt;, &lt;em&gt;y&lt;/em&gt;).&#10;     *&#10;     * @param  x the &lt;em&gt;x&lt;/em&gt;-coordinate of the text&#10;     * @param  y the &lt;em&gt;y&lt;/em&gt;-coordinate of the text&#10;     * @param  text the text to write&#10;     * @throws IllegalArgumentException if {@code text} is {@code null}&#10;     * @throws IllegalArgumentException if {@code x} or {@code y} is either NaN or infinite&#10;     */&#10;    public static void textRight(double x, double y, String text) {&#10;        validate(x, &quot;x&quot;);&#10;        validate(y, &quot;y&quot;);&#10;        validateNotNull(text, &quot;text&quot;);&#10;&#10;        offscreen.setFont(font);&#10;        FontMetrics metrics = offscreen.getFontMetrics();&#10;        double xs = scaleX(x);&#10;        double ys = scaleY(y);&#10;        int ws = metrics.stringWidth(text);&#10;        int hs = metrics.getDescent();&#10;        offscreen.drawString(text, (float) (xs - ws), (float) (ys + hs));&#10;        draw();&#10;    }&#10;&#10;&#10;    /**&#10;     * Copies the offscreen buffer to the onscreen buffer, pauses for t milliseconds&#10;     * and enables double buffering.&#10;     * @param t number of milliseconds&#10;     * @deprecated replaced by {@link #enableDoubleBuffering()}, {@link #show()}, and {@link #pause(int t)}&#10;     */&#10;    @Deprecated&#10;    public static void show(int t) {&#10;        validateNonnegative(t, &quot;t&quot;);&#10;        show();&#10;        pause(t);&#10;        enableDoubleBuffering();&#10;    }&#10;&#10;    /**&#10;     * Pauses for t milliseconds. This method is intended to support computer animations.&#10;     * @param t number of milliseconds&#10;     */&#10;    public static void pause(int t) {&#10;        validateNonnegative(t, &quot;t&quot;);&#10;        try {&#10;            Thread.sleep(t);&#10;        }&#10;        catch (InterruptedException e) {&#10;            System.out.println(&quot;Error sleeping&quot;);&#10;        }&#10;    }&#10;&#10;    /**&#10;     * Copies offscreen buffer to onscreen buffer. There is no reason to call&#10;     * this method unless double buffering is enabled.&#10;     */&#10;    public static void show() {&#10;        onscreen.drawImage(offscreenImage, 0, 0, null);&#10;        frame.repaint();&#10;    }&#10;&#10;    // draw onscreen if defer is false&#10;    public static void draw() {&#10;        if (!defer) show();&#10;    }&#10;&#10;    /**&#10;     * Enables double buffering. All subsequent calls to &#10;     * drawing methods such as {@code line()}, {@code circle()},&#10;     * and {@code square()} will be deferred until the next call&#10;     * to show(). Useful for animations.&#10;     */&#10;    public static void enableDoubleBuffering() {&#10;        defer = true;&#10;    }&#10;&#10;    /**&#10;     * Disables double buffering. All subsequent calls to &#10;     * drawing methods such as {@code line()}, {@code circle()},&#10;     * and {@code square()} will be displayed on screen when called.&#10;     * This is the default.&#10;     */&#10;    public static void disableDoubleBuffering() {&#10;        defer = false;&#10;    }&#10;&#10;&#10;   /***************************************************************************&#10;    *  Save drawing to a file.&#10;    ***************************************************************************/&#10;&#10;    /**&#10;     * Saves the drawing to using the specified filename.&#10;     * The supported image formats are JPEG and PNG;&#10;     * the filename suffix must be {@code .jpg} or {@code .png}.&#10;     *&#10;     * @param  filename the name of the file with one of the required suffixes&#10;     * @throws IllegalArgumentException if {@code filename} is {@code null}&#10;     */&#10;    public static void save(String filename) {&#10;        validateNotNull(filename, &quot;filename&quot;);&#10;        File file = new File(filename);&#10;        String suffix = filename.substring(filename.lastIndexOf('.') + 1);&#10;&#10;        // png files&#10;        if (&quot;png&quot;.equalsIgnoreCase(suffix)) {&#10;            try {&#10;                ImageIO.write(onscreenImage, suffix, file);&#10;            }&#10;            catch (IOException e) {&#10;                e.printStackTrace();&#10;            }&#10;        }&#10;&#10;        // need to change from ARGB to RGB for JPEG&#10;        // reference: http://archives.java.sun.com/cgi-bin/wa?A2=ind0404&amp;L=java2d-interest&amp;D=0&amp;P=2727&#10;        else if (&quot;jpg&quot;.equalsIgnoreCase(suffix)) {&#10;            WritableRaster raster = onscreenImage.getRaster();&#10;            WritableRaster newRaster;&#10;            newRaster = raster.createWritableChild(0, 0, width, height, 0, 0, new int[] {0, 1, 2});&#10;            DirectColorModel cm = (DirectColorModel) onscreenImage.getColorModel();&#10;            DirectColorModel newCM = new DirectColorModel(cm.getPixelSize(),&#10;                                                          cm.getRedMask(),&#10;                                                          cm.getGreenMask(),&#10;                                                          cm.getBlueMask());&#10;            BufferedImage rgbBuffer = new BufferedImage(newCM, newRaster, false,  null);&#10;            try {&#10;                ImageIO.write(rgbBuffer, suffix, file);&#10;            }&#10;            catch (IOException e) {&#10;                e.printStackTrace();&#10;            }&#10;        }&#10;&#10;        else {&#10;            System.out.println(&quot;Invalid image file type: &quot; + suffix);&#10;        }&#10;    }&#10;&#10;&#10;    /**&#10;     * This method cannot be called directly.&#10;     */&#10;    @Override&#10;    public void actionPerformed(ActionEvent e) {&#10;        FileDialog chooser = new FileDialog(StdDraw.frame, &quot;Use a .png or .jpg extension&quot;, FileDialog.SAVE);&#10;        chooser.setVisible(true);&#10;        String filename = chooser.getFile();&#10;        if (filename != null) {&#10;            StdDraw.save(chooser.getDirectory() + File.separator + chooser.getFile());&#10;        }&#10;    }&#10;&#10;&#10;   /***************************************************************************&#10;    *  Mouse interactions.&#10;    ***************************************************************************/&#10;&#10;    /**&#10;     * Returns true if the mouse is being pressed.&#10;     *&#10;     * @return {@code true} if the mouse is being pressed; {@code false} otherwise&#10;     */&#10;    public static boolean isMousePressed() {&#10;        synchronized (mouseLock) {&#10;            return isMousePressed;&#10;        }&#10;    }&#10;&#10;    /**&#10;     * Returns true if the mouse is being pressed.&#10;     *&#10;     * @return {@code true} if the mouse is being pressed; {@code false} otherwise&#10;     * @deprecated replaced by {@link #isMousePressed()}&#10;     */&#10;    @Deprecated&#10;    public static boolean mousePressed() {&#10;        synchronized (mouseLock) {&#10;            return isMousePressed;&#10;        }&#10;    }&#10;&#10;    /**&#10;     * Returns the &lt;em&gt;x&lt;/em&gt;-coordinate of the mouse.&#10;     *&#10;     * @return the &lt;em&gt;x&lt;/em&gt;-coordinate of the mouse&#10;     */&#10;    public static double mouseX() {&#10;        synchronized (mouseLock) {&#10;            return mouseX;&#10;        }&#10;    }&#10;&#10;    /**&#10;     * Returns the &lt;em&gt;y&lt;/em&gt;-coordinate of the mouse.&#10;     *&#10;     * @return &lt;em&gt;y&lt;/em&gt;-coordinate of the mouse&#10;     */&#10;    public static double mouseY() {&#10;        synchronized (mouseLock) {&#10;            return mouseY;&#10;        }&#10;    }&#10;&#10;&#10;    /**&#10;     * This method cannot be called directly.&#10;     */&#10;    @Override&#10;    public void mouseClicked(MouseEvent e) {&#10;        // this body is intentionally left empty&#10;    }&#10;&#10;    /**&#10;     * This method cannot be called directly.&#10;     */&#10;    @Override&#10;    public void mouseEntered(MouseEvent e) {&#10;        // this body is intentionally left empty&#10;    }&#10;&#10;    /**&#10;     * This method cannot be called directly.&#10;     */&#10;    @Override&#10;    public void mouseExited(MouseEvent e) {&#10;        // this body is intentionally left empty&#10;    }&#10;&#10;    /**&#10;     * This method cannot be called directly.&#10;     */&#10;    @Override&#10;    public void mousePressed(MouseEvent e) {&#10;        synchronized (mouseLock) {&#10;            mouseX = StdDraw.userX(e.getX());&#10;            mouseY = StdDraw.userY(e.getY());&#10;            isMousePressed = true;&#10;        }&#10;    }&#10;&#10;    /**&#10;     * This method cannot be called directly.&#10;     */&#10;    @Override&#10;    public void mouseReleased(MouseEvent e) {&#10;        synchronized (mouseLock) {&#10;            isMousePressed = false;&#10;        }&#10;    }&#10;&#10;    /**&#10;     * This method cannot be called directly.&#10;     */&#10;    @Override&#10;    public void mouseDragged(MouseEvent e)  {&#10;        synchronized (mouseLock) {&#10;            mouseX = StdDraw.userX(e.getX());&#10;            mouseY = StdDraw.userY(e.getY());&#10;        }&#10;    }&#10;&#10;    /**&#10;     * This method cannot be called directly.&#10;     */&#10;    @Override&#10;    public void mouseMoved(MouseEvent e) {&#10;        synchronized (mouseLock) {&#10;            mouseX = StdDraw.userX(e.getX());&#10;            mouseY = StdDraw.userY(e.getY());&#10;        }&#10;    }&#10;&#10;&#10;   /***************************************************************************&#10;    *  Keyboard interactions.&#10;    ***************************************************************************/&#10;&#10;    /**&#10;     * Returns true if the user has typed a key (that has not yet been processed).&#10;     *&#10;     * @return {@code true} if the user has typed a key (that has not yet been processed&#10;     *         by {@link #nextKeyTyped()}; {@code false} otherwise&#10;     */&#10;    public static boolean hasNextKeyTyped() {&#10;        synchronized (keyLock) {&#10;            return !keysTyped.isEmpty();&#10;        }&#10;    }&#10;&#10;    /**&#10;     * Returns the next key that was typed by the user (that your program has not already processed).&#10;     * This method should be preceded by a call to {@link #hasNextKeyTyped()} to ensure&#10;     * that there is a next key to process.&#10;     * This method returns a Unicode character corresponding to the key&#10;     * typed (such as {@code 'a'} or {@code 'A'}).&#10;     * It cannot identify action keys (such as F1 and arrow keys)&#10;     * or modifier keys (such as control).&#10;     *&#10;     * @return the next key typed by the user (that your program has not already processed).&#10;     * @throws NoSuchElementException if there is no remaining key&#10;     */&#10;    public static char nextKeyTyped() {&#10;        synchronized (keyLock) {&#10;            if (keysTyped.isEmpty()) {&#10;                throw new NoSuchElementException(&quot;your program has already processed all keystrokes&quot;);&#10;            }&#10;            return keysTyped.remove(keysTyped.size() - 1);&#10;            // return keysTyped.removeLast();&#10;        }&#10;    }&#10;&#10;    /**&#10;     * Returns true if the given key is being pressed.&#10;     * &lt;p&gt;&#10;     * This method takes the keycode (corresponding to a physical key)&#10;    *  as an argument. It can handle action keys&#10;     * (such as F1 and arrow keys) and modifier keys (such as shift and control).&#10;     * See {@link KeyEvent} for a description of key codes.&#10;     *&#10;     * @param  keycode the key to check if it is being pressed&#10;     * @return {@code true} if {@code keycode} is currently being pressed;&#10;     *         {@code false} otherwise&#10;     */&#10;    public static boolean isKeyPressed(int keycode) {&#10;        synchronized (keyLock) {&#10;            return keysDown.contains(keycode);&#10;        }&#10;    }&#10;&#10;&#10;    /**&#10;     * This method cannot be called directly.&#10;     */&#10;    @Override&#10;    public void keyTyped(KeyEvent e) {&#10;        synchronized (keyLock) {&#10;            keysTyped.addFirst(e.getKeyChar());&#10;        }&#10;    }&#10;&#10;    /**&#10;     * This method cannot be called directly.&#10;     */&#10;    @Override&#10;    public void keyPressed(KeyEvent e) {&#10;        synchronized (keyLock) {&#10;            keysDown.add(e.getKeyCode());&#10;        }&#10;    }&#10;&#10;    /**&#10;     * This method cannot be called directly.&#10;     */&#10;    @Override&#10;    public void keyReleased(KeyEvent e) {&#10;        synchronized (keyLock) {&#10;            keysDown.remove(e.getKeyCode());&#10;        }&#10;    }&#10;&#10;&#10;   /***************************************************************************&#10;    *  For improved resolution on Mac Retina displays.&#10;    ***************************************************************************/&#10;&#10;    public static class RetinaImageIcon extends ImageIcon {&#10;    &#10;        public RetinaImageIcon(Image image) {&#10;            super(image);&#10;        }&#10;&#10;        public int getIconWidth() {&#10;            return super.getIconWidth() / 2;&#10;        }&#10;&#10;        /**&#10;         * Gets the height of the icon.&#10;         *&#10;         * @return the height in pixels of this icon&#10;         */&#10;        public int getIconHeight() {&#10;            return super.getIconHeight() / 2;&#10;        }&#10;&#10;        public synchronized void paintIcon(Component c, Graphics g, int x, int y) {&#10;            Graphics2D g2 = (Graphics2D) g.create();&#10;            g2.setRenderingHint(RenderingHints.KEY_INTERPOLATION,RenderingHints.VALUE_INTERPOLATION_BICUBIC);&#10;            g2.setRenderingHint(RenderingHints.KEY_RENDERING,RenderingHints.VALUE_RENDER_QUALITY);&#10;            g2.setRenderingHint(RenderingHints.KEY_ANTIALIASING,RenderingHints.VALUE_ANTIALIAS_ON);&#10;            g2.scale(0.5, 0.5);&#10;            super.paintIcon(c, g2, x * 2, y * 2);&#10;            g2.dispose();&#10;        }&#10;    }&#10;&#10;&#10;    /**&#10;     * Test client.&#10;     *&#10;     * @param args the command-line arguments&#10;     */&#10;    public static void main(String[] args) {&#10;        StdDraw.square(0.2, 0.8, 0.1);&#10;        StdDraw.filledSquare(0.8, 0.8, 0.2);&#10;        StdDraw.circle(0.8, 0.2, 0.2);&#10;&#10;        StdDraw.setPenColor(StdDraw.BOOK_RED);&#10;        StdDraw.setPenRadius(0.02);&#10;        StdDraw.arc(0.8, 0.2, 0.1, 200, 45);&#10;&#10;        // draw a blue diamond&#10;        StdDraw.setPenRadius();&#10;        StdDraw.setPenColor(StdDraw.BOOK_BLUE);&#10;        double[] x = { 0.1, 0.2, 0.3, 0.2 };&#10;        double[] y = { 0.2, 0.3, 0.2, 0.1 };&#10;        StdDraw.filledPolygon(x, y);&#10;&#10;        // text&#10;        StdDraw.setPenColor(StdDraw.BLACK);&#10;        StdDraw.text(0.2, 0.5, &quot;black text&quot;);&#10;        StdDraw.setPenColor(StdDraw.WHITE);&#10;        StdDraw.text(0.8, 0.8, &quot;white text&quot;);&#10;    }&#10;&#10;}" Filename="StdDraw.java" Intrnl_Id="2"/>
<SrcFile Content="/******************************************************************************&#10; *  Compilation:  javac Player.java&#10; *  Execution:    java -classpath .:cards.jar Player&#10; *  Dependencies: Card.java Draw.java&#10; *&#10; *  Implement a player that holds a pile of cards.&#10; *&#10; ******************************************************************************/&#10;&#10;public class Player { &#10;    final static int MAX_CARDS = 52;                    // max number of cards in a hand&#10;&#10;    public Card[] cards = new Card[MAX_CARDS];         // the cards&#10;    public int N = 0;                                  // number of cards&#10;    public String name;                                // player's name&#10;    public int x, y;                                   // location to draw&#10;&#10;    public Player(String name, int x, int y) {&#10;        this.name = name;&#10;        this.x = x;&#10;        this.y = y;&#10;    }&#10;&#10;    public Card peak()         { return cards[0];   }    // return first card&#10;    public void dealTo(Card c) { cards[N++] = c;    }    // insert card&#10;    public void reset()        { N = 0;             }    // discard all cards&#10;&#10;    // compute value of blackjack hand&#10;    public int value() {&#10;        int val = 0;&#10;        boolean hasAce = false;&#10;        for (int i = 0; i &lt; N; i++) {&#10;            val = val + cards[i].rank();&#10;            if (cards[i].isAce()) hasAce = true;&#10;        }&#10;        if (hasAce &amp;&amp; (val &lt;= 11)) val = val + 10;          // handle ace = 1 or 11&#10;        return val;&#10;    }&#10;&#10;    // draw the pile of cards, with the first one centered at (x, y)&#10;    public void draw(Draw d) {&#10;        for (int i = 0; i &lt; N; i++)&#10;            cards[i].draw(d, x + i*25, y);&#10;    }&#10;&#10;    // print out cards in player's hand (for debugging)&#10;    public String toString() {&#10;        String s = name + &quot;  (&quot; + value() + &quot;)  &quot;;&#10;        for (int i = 0; i &lt; N; i++)&#10;            s += cards[i] + &quot; &quot;;&#10;        return s;&#10;    }&#10;&#10;}" Filename="Player.java" Intrnl_Id="3"/>
<SrcFile Content="/******************************************************************************&#10; *  Compilation:  javac DrawListener.java&#10; *  Execution:    none&#10; *  Dependencies: none&#10; *&#10; *  Interface that accompanies Draw.java.&#10; ******************************************************************************/&#10;&#10;/**&#10; *  &lt;i&gt;DrawListener&lt;/i&gt;. This interface provides a basic capability for&#10; *  responding to keyboard in mouse events from {@link Draw} via callbacks.&#10; *  You can see some examples in&#10; *  &lt;a href=&quot;https://introcs.cs.princeton.edu/java/36inheritance&quot;&gt;Section 3.6&lt;/a&gt;.&#10; *&#10; *  &lt;p&gt;&#10; *  For additional documentation, see&#10; *  &lt;a href=&quot;https://introcs.cs.princeton.edu/31datatype&quot;&gt;Section 3.1&lt;/a&gt; of&#10; *  &lt;i&gt;Computer Science: An Interdisciplinary Approach&lt;/i&gt; by Robert Sedgewick and Kevin Wayne.&#10; *&#10; *  @author Robert Sedgewick&#10; *  @author Kevin Wayne&#10; */&#10;&#10;public interface DrawListener {&#10;&#10;    /**&#10;     * Invoked when the mouse has been pressed.&#10;     *&#10;     * @param x the x-coordinate of the mouse&#10;     * @param y the y-coordinate of the mouse&#10;     */&#10;    void mousePressed(double x, double y);&#10;&#10;    /**&#10;     * Invoked when the mouse has been dragged.&#10;     *&#10;     * @param x the x-coordinate of the mouse&#10;     * @param y the y-coordinate of the mouse&#10;     */&#10;    void mouseDragged(double x, double y);&#10;&#10;    /**&#10;     * Invoked when the mouse has been released.&#10;     *&#10;     * @param x the x-coordinate of the mouse&#10;     * @param y the y-coordinate of the mouse&#10;     */&#10;    void mouseReleased(double x, double y);&#10;&#10;    /**&#10;     * Invoked when the mouse has been clicked (pressed and released).&#10;     *&#10;     * @param x the x-coordinate of the mouse&#10;     * @param y the y-coordinate of the mouse&#10;     */&#10;    void mouseClicked(double x, double y);&#10;&#10;    /**&#10;     * Invoked when a key has been typed.&#10;     *&#10;     * @param c the character typed&#10;     */&#10;    void keyTyped(char c);&#10;&#10;    /**&#10;     * Invoked when a key has been pressed.&#10;     *&#10;     * @param keycode the key combination pressed&#10;     */&#10;    void keyPressed(int keycode);&#10;&#10;    /**&#10;     * Invoked when a key has been released.&#10;     *&#10;     * @param keycode the key combination released&#10;     */&#10;    void keyReleased(int keycode);&#10;}" Filename="DrawListener.java" Intrnl_Id="4"/>
<SrcFile Content="/******************************************************************************&#10; *  Compilation:  javac Draw.java&#10; *  Execution:    java Draw&#10; *  Dependencies: none&#10; *&#10; *  Drawing library. This class provides a basic capability for creating&#10; *  drawings with your programs. It uses a simple graphics model that&#10; *  allows you to create drawings consisting of points, lines, and curves&#10; *  in a window on your computer and to save the drawings to a file.&#10; *  This is the object-oriented version of standard draw; it supports&#10; *  multiple indepedent drawing windows.&#10; *&#10; *  Todo&#10; *  ----&#10; *    -  Add support for gradient fill, etc.&#10; *&#10; *  Remarks&#10; *  -------&#10; *    -  don't use AffineTransform for rescaling since it inverts&#10; *       images and strings&#10; *    -  careful using setFont in inner loop within an animation -&#10; *       it can cause flicker&#10; *&#10; ******************************************************************************/&#10;&#10;import java.awt.BasicStroke;&#10;import java.awt.Color;&#10;import java.awt.Component;&#10;import java.awt.FileDialog;&#10;import java.awt.Font;&#10;import java.awt.FontMetrics;&#10;import java.awt.Graphics;&#10;import java.awt.Graphics2D;&#10;import java.awt.Image;&#10;import java.awt.MediaTracker;&#10;import java.awt.RenderingHints;&#10;import java.awt.Toolkit;&#10;&#10;import java.awt.event.ActionEvent;&#10;import java.awt.event.ActionListener;&#10;import java.awt.event.MouseEvent;&#10;import java.awt.event.MouseListener;&#10;import java.awt.event.MouseMotionListener;&#10;import java.awt.event.KeyEvent;&#10;import java.awt.event.KeyListener;&#10;&#10;import java.awt.geom.Arc2D;&#10;import java.awt.geom.Ellipse2D;&#10;import java.awt.geom.GeneralPath;&#10;import java.awt.geom.Line2D;&#10;import java.awt.geom.Rectangle2D;&#10;&#10;import java.awt.image.BufferedImage;&#10;import java.awt.image.DirectColorModel;&#10;import java.awt.image.WritableRaster;&#10;&#10;import java.io.File;&#10;import java.io.IOException;&#10;&#10;import java.net.MalformedURLException;&#10;import java.net.URL;&#10;&#10;import java.util.ArrayList;&#10;import java.util.LinkedList;&#10;import java.util.TreeSet;&#10;&#10;import javax.imageio.ImageIO;&#10;&#10;import javax.swing.ImageIcon;&#10;import javax.swing.JFrame;&#10;import javax.swing.JLabel;&#10;import javax.swing.JMenu;&#10;import javax.swing.JMenuBar;&#10;import javax.swing.JMenuItem;&#10;import javax.swing.KeyStroke;&#10;&#10;/**&#10; *  &lt;i&gt;Draw&lt;/i&gt;. This class provides a basic capability for&#10; *  creating drawings with your programs. It uses a simple graphics model that&#10; *  allows you to create drawings consisting of points, lines, and curves&#10; *  in a window on your computer and to save the drawings to a file.&#10; *  This is the object-oriented version of standard draw; it supports&#10; *  multiple indepedent drawing windows.&#10; *  &lt;p&gt;&#10; *  For additional documentation, see&#10; *  &lt;a href=&quot;https://introcs.cs.princeton.edu/31datatype&quot;&gt;Section 3.1&lt;/a&gt; of&#10; *  &lt;i&gt;Computer Science: An Interdisciplinary Approach&lt;/i&gt; by Robert Sedgewick and Kevin Wayne.&#10; *&#10; *  @author Robert Sedgewick&#10; *  @author Kevin Wayne&#10; */&#10;public final class Draw implements ActionListener, MouseListener, MouseMotionListener, KeyListener {&#10;&#10;    /**&#10;     *  The color black.&#10;     */&#10;    public static final Color BLACK = Color.BLACK;&#10;&#10;    /**&#10;     *  The color blue.&#10;     */&#10;    public static final Color BLUE = Color.BLUE;&#10;&#10;    /**&#10;     *  The color cyan.&#10;     */&#10;    public static final Color CYAN = Color.CYAN;&#10;&#10;    /**&#10;     *  The color dark gray.&#10;     */&#10;    public static final Color DARK_GRAY = Color.DARK_GRAY;&#10;&#10;    /**&#10;     *  The color gray.&#10;     */&#10;    public static final Color GRAY = Color.GRAY;&#10;&#10;    /**&#10;     *  The color green.&#10;     */&#10;    public static final Color GREEN  = Color.GREEN;&#10;&#10;    /**&#10;     *  The color light gray.&#10;     */&#10;    public static final Color LIGHT_GRAY = Color.LIGHT_GRAY;&#10;&#10;    /**&#10;     *  The color magenta.&#10;     */&#10;    public static final Color MAGENTA = Color.MAGENTA;&#10;&#10;    /**&#10;     *  The color orange.&#10;     */&#10;    public static final Color ORANGE = Color.ORANGE;&#10;&#10;    /**&#10;     *  The color pink.&#10;     */&#10;    public static final Color PINK = Color.PINK;&#10;&#10;    /**&#10;     *  The color red.&#10;     */&#10;    public static final Color RED = Color.RED;&#10;&#10;    /**&#10;     *  The color white.&#10;     */&#10;    public static final Color WHITE = Color.WHITE;&#10;&#10;    /**&#10;     *  The color yellow.&#10;     */&#10;    public static final Color YELLOW = Color.YELLOW;&#10;&#10;    /**&#10;     * Shade of blue used in Introduction to Programming in Java.&#10;     * It is Pantone 300U. The RGB values are approximately (9, 90, 166).&#10;     */&#10;    public static final Color BOOK_BLUE = new Color(9, 90, 166);&#10;&#10;    /**&#10;     * Shade of light blue used in Introduction to Programming in Java.&#10;     * The RGB values are approximately (103, 198, 243).&#10;     */&#10;    public static final Color BOOK_LIGHT_BLUE = new Color(103, 198, 243);&#10;    &#10;    /**&#10;     * Shade of red used in &lt;em&gt;Algorithms, 4th edition&lt;/em&gt;.&#10;     * It is Pantone 1805U. The RGB values are approximately (150, 35, 31).&#10;     */&#10;    public static final Color BOOK_RED = new Color(150, 35, 31);&#10;&#10;    /**&#10;     * Shade of orange used in Princeton's identity.&#10;     * It is PMS 158. The RGB values are approximately (245, 128, 37).&#10;     */&#10;    public static final Color PRINCETON_ORANGE = new Color(245, 128, 37);&#10;&#10;    // default colors&#10;    public static final Color DEFAULT_PEN_COLOR   = BLACK;&#10;    public static final Color DEFAULT_CLEAR_COLOR = WHITE;&#10;&#10;    // boundary of drawing canvas, 0% border&#10;    public static final double BORDER = 0.0;&#10;    public static final double DEFAULT_XMIN = 0.0;&#10;    public static final double DEFAULT_XMAX = 1.0;&#10;    public static final double DEFAULT_YMIN = 0.0;&#10;    public static final double DEFAULT_YMAX = 1.0;&#10;&#10;    // default canvas size is SIZE-by-SIZE&#10;    public static final int DEFAULT_SIZE = 512;&#10;&#10;    // default pen radius&#10;    public static final double DEFAULT_PEN_RADIUS = 0.002;&#10;&#10;    // default font&#10;    public static final Font DEFAULT_FONT = new Font(&quot;SansSerif&quot;, Font.PLAIN, 16);&#10;&#10;    // current pen color&#10;    public Color penColor;&#10;&#10;    // canvas size&#10;    public int width  = DEFAULT_SIZE;&#10;    public int height = DEFAULT_SIZE;&#10;&#10;    // current pen radius&#10;    public double penRadius;&#10;&#10;    // show we draw immediately or wait until next show?&#10;    public boolean defer = false;&#10;&#10;    public double xmin, ymin, xmax, ymax;&#10;&#10;    // name of window&#10;    public String name = &quot;Draw&quot;;&#10;&#10;    // for synchronization&#10;    public final Object mouseLock = new Object();&#10;    public final Object keyLock = new Object();&#10;&#10;    // current font&#10;    public Font font;&#10;&#10;    // the JLabel for drawing&#10;    public JLabel draw;&#10;&#10;    // double buffered graphics&#10;    public BufferedImage offscreenImage, onscreenImage;&#10;    public Graphics2D offscreen, onscreen;&#10;&#10;    // the frame for drawing to the screen&#10;    public JFrame frame = new JFrame();&#10;&#10;    // mouse state&#10;    public boolean isMousePressed = false;&#10;    public double mouseX = 0;&#10;    public double mouseY = 0;&#10;&#10;    // keyboard state&#10;    public final LinkedList&lt;Character&gt; keysTyped = new LinkedList&lt;Character&gt;();&#10;    public final TreeSet&lt;Integer&gt; keysDown = new TreeSet&lt;Integer&gt;();&#10;&#10;    // event-based listeners&#10;    public final ArrayList&lt;DrawListener&gt; listeners = new ArrayList&lt;DrawListener&gt;();&#10;&#10;&#10;    /**&#10;     * Initializes an empty drawing object with the given name.&#10;     *&#10;     * @param name the title of the drawing window.&#10;     */&#10;    public Draw(String name) {&#10;        this.name = name;&#10;        init();&#10;    }&#10;&#10;    /**&#10;     * Initializes an empty drawing object.&#10;     */&#10;    public Draw() {&#10;        init();&#10;    }&#10;&#10;    public void init() {&#10;        if (frame != null) frame.setVisible(false);&#10;        frame = new JFrame();&#10;        offscreenImage = new BufferedImage(2*width, 2*height, BufferedImage.TYPE_INT_ARGB);&#10;        onscreenImage  = new BufferedImage(2*width, 2*height, BufferedImage.TYPE_INT_ARGB);&#10;        offscreen = offscreenImage.createGraphics();&#10;        onscreen  = onscreenImage.createGraphics();&#10;        offscreen.scale(2.0, 2.0);  // since we made it 2x as big&#10;&#10;        setXscale();&#10;        setYscale();&#10;        offscreen.setColor(DEFAULT_CLEAR_COLOR);&#10;        offscreen.fillRect(0, 0, width, height);&#10;        setPenColor();&#10;        setPenRadius();&#10;        setFont();&#10;        clear();&#10;&#10;        // add antialiasing&#10;        RenderingHints hints = new RenderingHints(RenderingHints.KEY_ANTIALIASING,&#10;                                                  RenderingHints.VALUE_ANTIALIAS_ON);&#10;        hints.put(RenderingHints.KEY_RENDERING, RenderingHints.VALUE_RENDER_QUALITY);&#10;        offscreen.addRenderingHints(hints);&#10;&#10;        // frame stuff&#10;        RetinaImageIcon icon = new RetinaImageIcon(onscreenImage);&#10;        draw = new JLabel(icon);&#10;&#10;        draw.addMouseListener(this);&#10;        draw.addMouseMotionListener(this);&#10;&#10;        frame.setContentPane(draw);&#10;        frame.addKeyListener(this);    // JLabel cannot get keyboard focus&#10;        frame.setResizable(false);&#10;        // frame.setDefaultCloseOperation(JFrame.EXIT_ON_CLOSE);            // closes all windows&#10;        frame.setDefaultCloseOperation(JFrame.DISPOSE_ON_CLOSE);      // closes only current window&#10;        frame.setFocusTraversalKeysEnabled(false);  // to recognize VK_TAB with isKeyPressed()&#10;        frame.setTitle(name);&#10;        frame.setJMenuBar(createMenuBar());&#10;        frame.pack();&#10;        frame.requestFocusInWindow();&#10;        frame.setVisible(true);&#10;    }&#10;&#10;&#10;    /**&#10;     * Sets the upper-left hand corner of the drawing window to be (x, y), where (0, 0) is upper left.&#10;     *&#10;     * @param  x the number of pixels from the left&#10;     * @param  y the number of pixels from the top&#10;     * @throws IllegalArgumentException if the width or height is 0 or negative&#10;     */&#10;    public void setLocationOnScreen(int x, int y) {&#10;        if (x &lt;= 0 || y &lt;= 0) throw new IllegalArgumentException();&#10;        frame.setLocation(x, y);&#10;    }&#10;&#10;    /**&#10;     * Sets the default close operation.&#10;     *&#10;     * @param  value the value, typically {@code JFrame.EXIT_ON_CLOSE}&#10;     *         (close all windows) or {@code JFrame.DISPOSE_ON_CLOSE}&#10;     *         (close current window)&#10;     */&#10;    public void setDefaultCloseOperation(int value) {&#10;        frame.setDefaultCloseOperation(value);&#10;    }&#10;       &#10;&#10;    /**&#10;     * Sets the canvas (drawing area) to be &lt;em&gt;width&lt;/em&gt;-by-&lt;em&gt;height&lt;/em&gt; pixels.&#10;     * This also erases the current drawing and resets the coordinate system, pen radius,&#10;     * pen color, and font back to their default values.&#10;     * Ordinarly, this method is called once, at the very beginning of a program.&#10;     *&#10;     * @param  canvasWidth the width as a number of pixels&#10;     * @param  canvasHeight the height as a number of pixels&#10;     * @throws IllegalArgumentException unless both {@code canvasWidth}&#10;     *         and {@code canvasHeight} are positive&#10;     */&#10;    public void setCanvasSize(int canvasWidth, int canvasHeight) {&#10;        if (canvasWidth &lt; 1 || canvasHeight &lt; 1) {&#10;            throw new IllegalArgumentException(&quot;width and height must be positive&quot;);&#10;        }&#10;        width = canvasWidth;&#10;        height = canvasHeight;&#10;        init();&#10;    }&#10;&#10;&#10;    // create the menu bar (changed to public)&#10;    public JMenuBar createMenuBar() {&#10;        JMenuBar menuBar = new JMenuBar();&#10;        JMenu menu = new JMenu(&quot;File&quot;);&#10;        menuBar.add(menu);&#10;        JMenuItem menuItem1 = new JMenuItem(&quot; Save...   &quot;);&#10;        menuItem1.addActionListener(this);&#10;        // Java 10+: replace getMenuShortcutKeyMask() with getMenuShortcutKeyMaskEx()&#10;        menuItem1.setAccelerator(KeyStroke.getKeyStroke(KeyEvent.VK_S,&#10;                                Toolkit.getDefaultToolkit().getMenuShortcutKeyMask()));&#10;        menu.add(menuItem1);&#10;        return menuBar;&#10;    }&#10;&#10;&#10;   /***************************************************************************&#10;    *  User and screen coordinate systems.&#10;    ***************************************************************************/&#10;&#10;    // throw an IllegalArgumentException if x is NaN or infinite&#10;    public static void validate(double x, String name) {&#10;        if (Double.isNaN(x)) throw new IllegalArgumentException(name + &quot; is NaN&quot;);&#10;        if (Double.isInfinite(x)) throw new IllegalArgumentException(name + &quot; is infinite&quot;);&#10;    }&#10;&#10;    // throw an IllegalArgumentException if s is null&#10;    public static void validateNonnegative(double x, String name) {&#10;        if (x &lt; 0) throw new IllegalArgumentException(name + &quot; negative&quot;);&#10;    }&#10;&#10;    // throw an IllegalArgumentException if s is null&#10;    public static void validateNotNull(Object x, String name) {&#10;        if (x == null) throw new IllegalArgumentException(name + &quot; is null&quot;);&#10;    }&#10;&#10;    /**&#10;     * Sets the x-scale to be the default (between 0.0 and 1.0).&#10;     */&#10;    public void setXscale() {&#10;        setXscale(DEFAULT_XMIN, DEFAULT_XMAX);&#10;    }&#10;&#10;    /**&#10;     * Sets the y-scale to be the default (between 0.0 and 1.0).&#10;     */&#10;    public void setYscale() {&#10;        setYscale(DEFAULT_YMIN, DEFAULT_YMAX);&#10;    }&#10;&#10;    /**&#10;     * Sets the x-scale.&#10;     *&#10;     * @param min the minimum value of the x-scale&#10;     * @param max the maximum value of the x-scale&#10;     * @throws IllegalArgumentException if {@code (max == min)}&#10;     * @throws IllegalArgumentException if either {@code min} or {@code max} is either NaN or infinite&#10;     */&#10;    public void setXscale(double min, double max) {&#10;        validate(min, &quot;min&quot;);&#10;        validate(max, &quot;max&quot;);&#10;        double size = max - min;&#10;        if (size == 0.0) throw new IllegalArgumentException(&quot;the min and max are the same&quot;);&#10;        xmin = min - BORDER * size;&#10;        xmax = max + BORDER * size;&#10;    }&#10;&#10;    /**&#10;     * Sets the y-scale.&#10;     *&#10;     * @param min the minimum value of the y-scale&#10;     * @param max the maximum value of the y-scale&#10;     * @throws IllegalArgumentException if {@code (max == min)}&#10;     * @throws IllegalArgumentException if either {@code min} or {@code max} is either NaN or infinite&#10;     */&#10;    public void setYscale(double min, double max) {&#10;        validate(min, &quot;min&quot;);&#10;        validate(max, &quot;max&quot;);&#10;        double size = max - min;&#10;        if (size == 0.0) throw new IllegalArgumentException(&quot;the min and max are the same&quot;);&#10;        ymin = min - BORDER * size;&#10;        ymax = max + BORDER * size;&#10;    }&#10;&#10;    // helper functions that scale from user coordinates to screen coordinates and back&#10;    public double  scaleX(double x) { return width  * (x - xmin) / (xmax - xmin); }&#10;    public double  scaleY(double y) { return height * (ymax - y) / (ymax - ymin); }&#10;    public double factorX(double w) { return w * width  / Math.abs(xmax - xmin);  }&#10;    public double factorY(double h) { return h * height / Math.abs(ymax - ymin);  }&#10;    public double   userX(double x) { return xmin + x * (xmax - xmin) / width;    }&#10;    public double   userY(double y) { return ymax - y * (ymax - ymin) / height;   }&#10;&#10;&#10;    /**&#10;     * Clears the screen to the default color (white).&#10;     */&#10;    public void clear() {&#10;        clear(DEFAULT_CLEAR_COLOR);&#10;    }&#10;&#10;    /**&#10;     * Clears the screen to the given color.&#10;     *&#10;     * @param color the color to make the background&#10;     * @throws IllegalArgumentException if {@code color} is {@code null}&#10;     */&#10;    public void clear(Color color) {&#10;        validateNotNull(color, &quot;color&quot;);&#10;        offscreen.setColor(color);&#10;        offscreen.fillRect(0, 0, width, height);&#10;        offscreen.setColor(penColor);&#10;        draw();&#10;    }&#10;&#10;    /**&#10;     * Gets the current pen radius.&#10;     *&#10;     * @return the current pen radius&#10;     */&#10;    public double getPenRadius() {&#10;        return penRadius;&#10;    }&#10;&#10;    /**&#10;     * Sets the pen size to the default (.002).&#10;     */&#10;    public void setPenRadius() {&#10;        setPenRadius(DEFAULT_PEN_RADIUS);&#10;    }&#10;&#10;    /**&#10;     * Sets the radius of the pen to the given size.&#10;     *&#10;     * @param  radius the radius of the pen&#10;     * @throws IllegalArgumentException if {@code radius} is negative, NaN, or infinite&#10;     */&#10;    public void setPenRadius(double radius) {&#10;        validate(radius, &quot;pen radius&quot;);&#10;        validateNonnegative(radius, &quot;pen radius&quot;);&#10;&#10;        penRadius = radius * DEFAULT_SIZE;&#10;        BasicStroke stroke = new BasicStroke((float) penRadius, BasicStroke.CAP_ROUND, BasicStroke.JOIN_ROUND);&#10;        // BasicStroke stroke = new BasicStroke((float) penRadius);&#10;        offscreen.setStroke(stroke);&#10;    }&#10;&#10;    /**&#10;     * Gets the current pen color.&#10;     *&#10;     * @return the current pen color&#10;     */&#10;    public Color getPenColor() {&#10;        return penColor;&#10;    }&#10;&#10;    /**&#10;     * Sets the pen color to the default color (black).&#10;     */&#10;    public void setPenColor() {&#10;        setPenColor(DEFAULT_PEN_COLOR);&#10;    }&#10;&#10;    /**&#10;     * Sets the pen color to the given color.&#10;     *&#10;     * @param color the color to make the pen&#10;     * @throws IllegalArgumentException if {@code color} is {@code null}&#10;     */&#10;    public void setPenColor(Color color) {&#10;        validateNotNull(color, &quot;color&quot;);&#10;        penColor = color;&#10;        offscreen.setColor(penColor);&#10;    }&#10;&#10;    /**&#10;     * Sets the pen color to the given RGB color.&#10;     *&#10;     * @param  red the amount of red (between 0 and 255)&#10;     * @param  green the amount of green (between 0 and 255)&#10;     * @param  blue the amount of blue (between 0 and 255)&#10;     * @throws IllegalArgumentException if {@code red}, {@code green},&#10;     *         or {@code blue} is outside its prescribed range&#10;     */&#10;    public void setPenColor(int red, int green, int blue) {&#10;        if (red   &lt; 0 || red   &gt;= 256) throw new IllegalArgumentException(&quot;red must be between 0 and 255&quot;);&#10;        if (green &lt; 0 || green &gt;= 256) throw new IllegalArgumentException(&quot;green must be between 0 and 255&quot;);&#10;        if (blue  &lt; 0 || blue  &gt;= 256) throw new IllegalArgumentException(&quot;blue must be between 0 and 255&quot;);&#10;        setPenColor(new Color(red, green, blue));&#10;    }&#10;&#10;&#10;    /**&#10;     * Turns on xor mode.&#10;     */&#10;    public void xorOn() {&#10;        offscreen.setXORMode(DEFAULT_CLEAR_COLOR);&#10;    }&#10;&#10;    /**&#10;     * Turns off xor mode.&#10;     */&#10;    public void xorOff() {&#10;        offscreen.setPaintMode();&#10;    }&#10;&#10;    /**&#10;     * Gets the current {@code JLabel} for use in some other GUI.&#10;     *&#10;     * @return the current {@code JLabel}&#10;     */&#10;    public JLabel getJLabel() {&#10;        return draw;&#10;    }&#10;&#10;    /**&#10;     * Gets the current font.&#10;     *&#10;     * @return the current font&#10;     */&#10;    public Font getFont() {&#10;        return font;&#10;    }&#10;&#10;    /**&#10;     * Sets the font to the default font (sans serif, 16 point).&#10;     */&#10;    public void setFont() {&#10;        setFont(DEFAULT_FONT);&#10;    }&#10;&#10;    /**&#10;     * Sets the font to the given value.&#10;     *&#10;     * @param font the font&#10;     * @throws IllegalArgumentException if {@code font} is {@code null}&#10;     */&#10;    public void setFont(Font font) {&#10;        validateNotNull(font, &quot;font&quot;);&#10;        this.font = font;&#10;    }&#10;&#10;&#10;   /***************************************************************************&#10;    *  Drawing geometric shapes.&#10;    ***************************************************************************/&#10;&#10;    /**&#10;     * Draws a line from (x0, y0) to (x1, y1).&#10;     *&#10;     * @param x0 the x-coordinate of the starting point&#10;     * @param y0 the y-coordinate of the starting point&#10;     * @param x1 the x-coordinate of the destination point&#10;     * @param y1 the y-coordinate of the destination point&#10;     * @throws IllegalArgumentException if any coordinate is either NaN or infinite&#10;     */&#10;    public void line(double x0, double y0, double x1, double y1) {&#10;        validate(x0, &quot;x0&quot;);&#10;        validate(y0, &quot;y0&quot;);&#10;        validate(x1, &quot;x1&quot;);&#10;        validate(y1, &quot;y1&quot;);&#10;        offscreen.draw(new Line2D.Double(scaleX(x0), scaleY(y0), scaleX(x1), scaleY(y1)));&#10;        draw();&#10;    }&#10;&#10;    /**&#10;     * Draws one pixel at (x, y).&#10;     *&#10;     * @param x the x-coordinate of the pixel&#10;     * @param y the y-coordinate of the pixel&#10;     * @throws IllegalArgumentException if {@code x} or {@code y} is either NaN or infinite&#10;     */&#10;    public void pixel(double x, double y) {&#10;        validate(x, &quot;x&quot;);&#10;        validate(y, &quot;y&quot;);&#10;        offscreen.fillRect((int) Math.round(scaleX(x)), (int) Math.round(scaleY(y)), 1, 1);&#10;    }&#10;&#10;    /**&#10;     * Draws a point at (x, y).&#10;     *&#10;     * @param x the x-coordinate of the point&#10;     * @param y the y-coordinate of the point&#10;     * @throws IllegalArgumentException if either {@code x} or {@code y} is either NaN or infinite&#10;     */&#10;    public void point(double x, double y) {&#10;        validate(x, &quot;x&quot;);&#10;        validate(y, &quot;y&quot;);&#10;&#10;        double xs = scaleX(x);&#10;        double ys = scaleY(y);&#10;        double r = penRadius;&#10;        // double ws = factorX(2*r);&#10;        // double hs = factorY(2*r);&#10;        // if (ws &lt;= 1 &amp;&amp; hs &lt;= 1) pixel(x, y);&#10;        if (r &lt;= 1) pixel(x, y);&#10;        else offscreen.fill(new Ellipse2D.Double(xs - r/2, ys - r/2, r, r));&#10;        draw();&#10;    }&#10;&#10;    /**&#10;     * Draws a circle of the specified radius, centered at (&lt;em&gt;x&lt;/em&gt;, &lt;em&gt;y&lt;/em&gt;).&#10;     *&#10;     * @param  x the x-coordinate of the center of the circle&#10;     * @param  y the y-coordinate of the center of the circle&#10;     * @param  radius the radius of the circle&#10;     * @throws IllegalArgumentException if {@code radius} is negative&#10;     * @throws IllegalArgumentException if any argument is either NaN or infinite&#10;     */&#10;    public void circle(double x, double y, double radius) {&#10;        validate(x, &quot;x&quot;);&#10;        validate(y, &quot;y&quot;);&#10;        validate(radius, &quot;radius&quot;);&#10;        validateNonnegative(radius, &quot;radius&quot;);&#10;&#10;        double xs = scaleX(x);&#10;        double ys = scaleY(y);&#10;        double ws = factorX(2*radius);&#10;        double hs = factorY(2*radius);&#10;        if (ws &lt;= 1 &amp;&amp; hs &lt;= 1) pixel(x, y);&#10;        else offscreen.draw(new Ellipse2D.Double(xs - ws/2, ys - hs/2, ws, hs));&#10;        draw();&#10;    }&#10;&#10;    /**&#10;     * Draws a filled circle of the specified radius, centered at (&lt;em&gt;x&lt;/em&gt;, &lt;em&gt;y&lt;/em&gt;).&#10;     *&#10;     * @param  x the x-coordinate of the center of the circle&#10;     * @param  y the y-coordinate of the center of the circle&#10;     * @param  radius the radius of the circle&#10;     * @throws IllegalArgumentException if {@code radius} is negative&#10;     * @throws IllegalArgumentException if any argument is either NaN or infinite&#10;     */&#10;    public void filledCircle(double x, double y, double radius) {&#10;        validate(x, &quot;x&quot;);&#10;        validate(y, &quot;y&quot;);&#10;        validate(radius, &quot;radius&quot;);&#10;        validateNonnegative(radius, &quot;radius&quot;);&#10;&#10;        double xs = scaleX(x);&#10;        double ys = scaleY(y);&#10;        double ws = factorX(2*radius);&#10;        double hs = factorY(2*radius);&#10;        if (ws &lt;= 1 &amp;&amp; hs &lt;= 1) pixel(x, y);&#10;        else offscreen.fill(new Ellipse2D.Double(xs - ws/2, ys - hs/2, ws, hs));&#10;        draw();&#10;    }&#10;&#10;&#10;    /**&#10;     * Draws an ellipse with the specified semimajor and semiminor axes,&#10;     * centered at (&lt;em&gt;x&lt;/em&gt;, &lt;em&gt;y&lt;/em&gt;).&#10;     *&#10;     * @param  x the &lt;em&gt;x&lt;/em&gt;-coordinate of the center of the ellipse&#10;     * @param  y the &lt;em&gt;y&lt;/em&gt;-coordinate of the center of the ellipse&#10;     * @param  semiMajorAxis is the semimajor axis of the ellipse&#10;     * @param  semiMinorAxis is the semiminor axis of the ellipse&#10;     * @throws IllegalArgumentException if either {@code semiMajorAxis}&#10;     *         or {@code semiMinorAxis} is negative&#10;     * @throws IllegalArgumentException if any argument is either NaN or infinite&#10;     */&#10;    public void ellipse(double x, double y, double semiMajorAxis, double semiMinorAxis) {&#10;        validate(x, &quot;x&quot;);&#10;        validate(y, &quot;y&quot;);&#10;        validate(semiMajorAxis, &quot;semimajor axis&quot;);&#10;        validate(semiMinorAxis, &quot;semiminor axis&quot;);&#10;        validateNonnegative(semiMajorAxis, &quot;semimajor axis&quot;);&#10;        validateNonnegative(semiMinorAxis, &quot;semiminor axis&quot;);&#10;&#10;        double xs = scaleX(x);&#10;        double ys = scaleY(y);&#10;        double ws = factorX(2*semiMajorAxis);&#10;        double hs = factorY(2*semiMinorAxis);&#10;        if (ws &lt;= 1 &amp;&amp; hs &lt;= 1) pixel(x, y);&#10;        else offscreen.draw(new Ellipse2D.Double(xs - ws/2, ys - hs/2, ws, hs));&#10;        draw();&#10;    }&#10;&#10;    /**&#10;     * Draws a filled ellipse with the specified semimajor and semiminor axes,&#10;     * centered at (&lt;em&gt;x&lt;/em&gt;, &lt;em&gt;y&lt;/em&gt;).&#10;     *&#10;     * @param  x the &lt;em&gt;x&lt;/em&gt;-coordinate of the center of the ellipse&#10;     * @param  y the &lt;em&gt;y&lt;/em&gt;-coordinate of the center of the ellipse&#10;     * @param  semiMajorAxis is the semimajor axis of the ellipse&#10;     * @param  semiMinorAxis is the semiminor axis of the ellipse&#10;     * @throws IllegalArgumentException if either {@code semiMajorAxis}&#10;     *         or {@code semiMinorAxis} is negative&#10;     * @throws IllegalArgumentException if any argument is either NaN or infinite&#10;     */&#10;    public void filledEllipse(double x, double y, double semiMajorAxis, double semiMinorAxis) {&#10;        validate(x, &quot;x&quot;);&#10;        validate(y, &quot;y&quot;);&#10;        validate(semiMajorAxis, &quot;semimajor axis&quot;);&#10;        validate(semiMinorAxis, &quot;semiminor axis&quot;);&#10;        validateNonnegative(semiMajorAxis, &quot;semimajor axis&quot;);&#10;        validateNonnegative(semiMinorAxis, &quot;semiminor axis&quot;);&#10;&#10;        double xs = scaleX(x);&#10;        double ys = scaleY(y);&#10;        double ws = factorX(2*semiMajorAxis);&#10;        double hs = factorY(2*semiMinorAxis);&#10;        if (ws &lt;= 1 &amp;&amp; hs &lt;= 1) pixel(x, y);&#10;        else offscreen.fill(new Ellipse2D.Double(xs - ws/2, ys - hs/2, ws, hs));&#10;        draw();&#10;    }&#10;&#10;    /**&#10;     * Draws a circular arc of the specified radius,&#10;     * centered at (&lt;em&gt;x&lt;/em&gt;, &lt;em&gt;y&lt;/em&gt;), from angle1 to angle2 (in degrees).&#10;     *&#10;     * @param  x the &lt;em&gt;x&lt;/em&gt;-coordinate of the center of the circle&#10;     * @param  y the &lt;em&gt;y&lt;/em&gt;-coordinate of the center of the circle&#10;     * @param  radius the radius of the circle&#10;     * @param  angle1 the starting angle. 0 would mean an arc beginning at 3 o'clock.&#10;     * @param  angle2 the angle at the end of the arc. For example, if&#10;     *         you want a 90 degree arc, then angle2 should be angle1 + 90.&#10;     * @throws IllegalArgumentException if {@code radius} is negative&#10;     * @throws IllegalArgumentException if any argument is either NaN or infinite&#10;     */&#10;    public void arc(double x, double y, double radius, double angle1, double angle2) {&#10;        validate(x, &quot;x&quot;);&#10;        validate(y, &quot;y&quot;);&#10;        validate(radius, &quot;arc radius&quot;);&#10;        validate(angle1, &quot;angle1&quot;);&#10;        validate(angle2, &quot;angle2&quot;);&#10;        validateNonnegative(radius, &quot;arc radius&quot;);&#10;&#10;        while (angle2 &lt; angle1) angle2 += 360;&#10;        double xs = scaleX(x);&#10;        double ys = scaleY(y);&#10;        double ws = factorX(2*radius);&#10;        double hs = factorY(2*radius);&#10;        if (ws &lt;= 1 &amp;&amp; hs &lt;= 1) pixel(x, y);&#10;        else offscreen.draw(new Arc2D.Double(xs - ws/2, ys - hs/2, ws, hs, angle1, angle2 - angle1, Arc2D.OPEN));&#10;        draw();&#10;    }&#10;&#10;    /**&#10;     * Draws a square of the specified size, centered at (&lt;em&gt;x&lt;/em&gt;, &lt;em&gt;y&lt;/em&gt;).&#10;     *&#10;     * @param  x the &lt;em&gt;x&lt;/em&gt;-coordinate of the center of the square&#10;     * @param  y the &lt;em&gt;y&lt;/em&gt;-coordinate of the center of the square&#10;     * @param  halfLength one half the length of any side of the square&#10;     * @throws IllegalArgumentException if {@code halfLength} is negative&#10;     * @throws IllegalArgumentException if any argument is either NaN or infinite&#10;     */&#10;    public void square(double x, double y, double halfLength) {&#10;        validate(x, &quot;x&quot;);&#10;        validate(y, &quot;y&quot;);&#10;        validate(halfLength, &quot;halfLength&quot;);&#10;        validateNonnegative(halfLength, &quot;half length&quot;);&#10;&#10;        double xs = scaleX(x);&#10;        double ys = scaleY(y);&#10;        double ws = factorX(2*halfLength);&#10;        double hs = factorY(2*halfLength);&#10;        if (ws &lt;= 1 &amp;&amp; hs &lt;= 1) pixel(x, y);&#10;        else offscreen.draw(new Rectangle2D.Double(xs - ws/2, ys - hs/2, ws, hs));&#10;        draw();&#10;    }&#10;&#10;    /**&#10;     * Draws a square of the specified size, centered at (&lt;em&gt;x&lt;/em&gt;, &lt;em&gt;y&lt;/em&gt;).&#10;     *&#10;     * @param  x the &lt;em&gt;x&lt;/em&gt;-coordinate of the center of the square&#10;     * @param  y the &lt;em&gt;y&lt;/em&gt;-coordinate of the center of the square&#10;     * @param  halfLength one half the length of any side of the square&#10;     * @throws IllegalArgumentException if {@code halfLength} is negative&#10;     * @throws IllegalArgumentException if any argument is either NaN or infinite&#10;     */&#10;    public void filledSquare(double x, double y, double halfLength) {&#10;        validate(x, &quot;x&quot;);&#10;        validate(y, &quot;y&quot;);&#10;        validate(halfLength, &quot;halfLength&quot;);&#10;        validateNonnegative(halfLength, &quot;half length&quot;);&#10;&#10;        double xs = scaleX(x);&#10;        double ys = scaleY(y);&#10;        double ws = factorX(2*halfLength);&#10;        double hs = factorY(2*halfLength);&#10;        if (ws &lt;= 1 &amp;&amp; hs &lt;= 1) pixel(x, y);&#10;        else offscreen.fill(new Rectangle2D.Double(xs - ws/2, ys - hs/2, ws, hs));&#10;        draw();&#10;    }&#10;&#10;&#10;    /**&#10;     * Draws a rectangle of the specified size, centered at (&lt;em&gt;x&lt;/em&gt;, &lt;em&gt;y&lt;/em&gt;).&#10;     *&#10;     * @param  x the &lt;em&gt;x&lt;/em&gt;-coordinate of the center of the rectangle&#10;     * @param  y the &lt;em&gt;y&lt;/em&gt;-coordinate of the center of the rectangle&#10;     * @param  halfWidth one half the width of the rectangle&#10;     * @param  halfHeight one half the height of the rectangle&#10;     * @throws IllegalArgumentException if either {@code halfWidth} or {@code halfHeight} is negative&#10;     * @throws IllegalArgumentException if any argument is either NaN or infinite&#10;     */&#10;    public void rectangle(double x, double y, double halfWidth, double halfHeight) {&#10;        validate(x, &quot;x&quot;);&#10;        validate(y, &quot;y&quot;);&#10;        validate(halfWidth, &quot;halfWidth&quot;);&#10;        validate(halfHeight, &quot;halfHeight&quot;);&#10;        validateNonnegative(halfWidth, &quot;half width&quot;);&#10;        validateNonnegative(halfHeight, &quot;half height&quot;);&#10;&#10;        double xs = scaleX(x);&#10;        double ys = scaleY(y);&#10;        double ws = factorX(2*halfWidth);&#10;        double hs = factorY(2*halfHeight);&#10;        if (ws &lt;= 1 &amp;&amp; hs &lt;= 1) pixel(x, y);&#10;        else offscreen.draw(new Rectangle2D.Double(xs - ws/2, ys - hs/2, ws, hs));&#10;        draw();&#10;    }&#10;&#10;    /**&#10;     * Draws a filled rectangle of the specified size, centered at (&lt;em&gt;x&lt;/em&gt;, &lt;em&gt;y&lt;/em&gt;).&#10;     *&#10;     * @param  x the &lt;em&gt;x&lt;/em&gt;-coordinate of the center of the rectangle&#10;     * @param  y the &lt;em&gt;y&lt;/em&gt;-coordinate of the center of the rectangle&#10;     * @param  halfWidth one half the width of the rectangle&#10;     * @param  halfHeight one half the height of the rectangle&#10;     * @throws IllegalArgumentException if either {@code halfWidth} or {@code halfHeight} is negative&#10;     * @throws IllegalArgumentException if any argument is either NaN or infinite&#10;     */&#10;    public void filledRectangle(double x, double y, double halfWidth, double halfHeight) {&#10;        validate(x, &quot;x&quot;);&#10;        validate(y, &quot;y&quot;);&#10;        validate(halfWidth, &quot;halfWidth&quot;);&#10;        validate(halfHeight, &quot;halfHeight&quot;);&#10;        validateNonnegative(halfWidth, &quot;half width&quot;);&#10;        validateNonnegative(halfHeight, &quot;half height&quot;);&#10;&#10;        double xs = scaleX(x);&#10;        double ys = scaleY(y);&#10;        double ws = factorX(2*halfWidth);&#10;        double hs = factorY(2*halfHeight);&#10;        if (ws &lt;= 1 &amp;&amp; hs &lt;= 1) pixel(x, y);&#10;        else offscreen.fill(new Rectangle2D.Double(xs - ws/2, ys - hs/2, ws, hs));&#10;        draw();&#10;    }&#10;&#10;    /**&#10;     * Draws a polygon with the vertices &#10;     * (&lt;em&gt;x&lt;/em&gt;&lt;sub&gt;0&lt;/sub&gt;, &lt;em&gt;y&lt;/em&gt;&lt;sub&gt;0&lt;/sub&gt;),&#10;     * (&lt;em&gt;x&lt;/em&gt;&lt;sub&gt;1&lt;/sub&gt;, &lt;em&gt;y&lt;/em&gt;&lt;sub&gt;1&lt;/sub&gt;), ...,&#10;     * (&lt;em&gt;x&lt;/em&gt;&lt;sub&gt;&lt;em&gt;n&lt;/em&gt;â€“1&lt;/sub&gt;, &lt;em&gt;y&lt;/em&gt;&lt;sub&gt;&lt;em&gt;n&lt;/em&gt;â€“1&lt;/sub&gt;).&#10;     *&#10;     * @param  x an array of all the &lt;em&gt;x&lt;/em&gt;-coordinates of the polygon&#10;     * @param  y an array of all the &lt;em&gt;y&lt;/em&gt;-coordinates of the polygon&#10;     * @throws IllegalArgumentException unless {@code x[]} and {@code y[]}&#10;     *         are of the same length&#10;     * @throws IllegalArgumentException if any coordinate is either NaN or infinite&#10;     * @throws IllegalArgumentException if either {@code x[]} or {@code y[]} is {@code null}&#10;     */&#10;    public void polygon(double[] x, double[] y) {&#10;        validateNotNull(x, &quot;x-coordinate array&quot;);&#10;        validateNotNull(y, &quot;y-coordinate array&quot;);&#10;        for (int i = 0; i &lt; x.length; i++) validate(x[i], &quot;x[&quot; + i + &quot;]&quot;);&#10;        for (int i = 0; i &lt; y.length; i++) validate(y[i], &quot;y[&quot; + i + &quot;]&quot;);&#10;&#10;        int n1 = x.length;&#10;        int n2 = y.length;&#10;        if (n1 != n2) throw new IllegalArgumentException(&quot;arrays must be of the same length&quot;);&#10;        int n = n1;&#10;        if (n == 0) return;&#10;&#10;        GeneralPath path = new GeneralPath();&#10;        path.moveTo((float) scaleX(x[0]), (float) scaleY(y[0]));&#10;        for (int i = 0; i &lt; n; i++)&#10;            path.lineTo((float) scaleX(x[i]), (float) scaleY(y[i]));&#10;        path.closePath();&#10;        offscreen.draw(path);&#10;        draw();&#10;    }&#10;&#10;    /**&#10;     * Draws a filled polygon with the vertices &#10;     * (&lt;em&gt;x&lt;/em&gt;&lt;sub&gt;0&lt;/sub&gt;, &lt;em&gt;y&lt;/em&gt;&lt;sub&gt;0&lt;/sub&gt;),&#10;     * (&lt;em&gt;x&lt;/em&gt;&lt;sub&gt;1&lt;/sub&gt;, &lt;em&gt;y&lt;/em&gt;&lt;sub&gt;1&lt;/sub&gt;), ...,&#10;     * (&lt;em&gt;x&lt;/em&gt;&lt;sub&gt;&lt;em&gt;n&lt;/em&gt;â€“1&lt;/sub&gt;, &lt;em&gt;y&lt;/em&gt;&lt;sub&gt;&lt;em&gt;n&lt;/em&gt;â€“1&lt;/sub&gt;).&#10;     *&#10;     * @param  x an array of all the &lt;em&gt;x&lt;/em&gt;-coordinates of the polygon&#10;     * @param  y an array of all the &lt;em&gt;y&lt;/em&gt;-coordinates of the polygon&#10;     * @throws IllegalArgumentException unless {@code x[]} and {@code y[]}&#10;     *         are of the same length&#10;     * @throws IllegalArgumentException if any coordinate is either NaN or infinite&#10;     * @throws IllegalArgumentException if either {@code x[]} or {@code y[]} is {@code null}&#10;     */&#10;    public void filledPolygon(double[] x, double[] y) {&#10;        validateNotNull(x, &quot;x-coordinate array&quot;);&#10;        validateNotNull(y, &quot;y-coordinate array&quot;);&#10;        for (int i = 0; i &lt; x.length; i++) validate(x[i], &quot;x[&quot; + i + &quot;]&quot;);&#10;        for (int i = 0; i &lt; y.length; i++) validate(y[i], &quot;y[&quot; + i + &quot;]&quot;);&#10;&#10;        int n1 = x.length;&#10;        int n2 = y.length;&#10;        if (n1 != n2) throw new IllegalArgumentException(&quot;arrays must be of the same length&quot;);&#10;        int n = n1;&#10;        if (n == 0) return;&#10;&#10;        GeneralPath path = new GeneralPath();&#10;        path.moveTo((float) scaleX(x[0]), (float) scaleY(y[0]));&#10;        for (int i = 0; i &lt; n; i++)&#10;            path.lineTo((float) scaleX(x[i]), (float) scaleY(y[i]));&#10;        path.closePath();&#10;        offscreen.fill(path);&#10;        draw();&#10;    }&#10;&#10;&#10;&#10;   /***************************************************************************&#10;    *  Drawing images.&#10;    ***************************************************************************/&#10;&#10;    // get an image from the given filename&#10;    public static Image getImage(String filename) {&#10;        if (filename == null) throw new IllegalArgumentException();&#10;&#10;        // to read from file&#10;        ImageIcon icon = new ImageIcon(filename);&#10;&#10;        // try to read from URL&#10;        if ((icon == null) || (icon.getImageLoadStatus() != MediaTracker.COMPLETE)) {&#10;            try {&#10;                URL url = new URL(filename);&#10;                icon = new ImageIcon(url);&#10;            }&#10;            catch (MalformedURLException e) {&#10;                /* not a url */&#10;            }&#10;        }&#10;&#10;        // in case file is inside a .jar (classpath relative to StdDraw)&#10;        if ((icon == null) || (icon.getImageLoadStatus() != MediaTracker.COMPLETE)) {&#10;            URL url = StdDraw.class.getResource(filename);&#10;            if (url != null)&#10;                icon = new ImageIcon(url);&#10;        }&#10;&#10;        // in case file is inside a .jar (classpath relative to root of jar)&#10;        if ((icon == null) || (icon.getImageLoadStatus() != MediaTracker.COMPLETE)) {&#10;            URL url = Draw.class.getResource(&quot;/&quot; + filename);&#10;            if (url == null) throw new IllegalArgumentException(&quot;image &quot; + filename + &quot; not found&quot;);&#10;            icon = new ImageIcon(url);&#10;        }&#10;&#10;        return icon.getImage();&#10;    }&#10;&#10;    /**&#10;     * Draws the specified image centered at (&lt;em&gt;x&lt;/em&gt;, &lt;em&gt;y&lt;/em&gt;).&#10;     * The supported image formats are JPEG, PNG, and GIF.&#10;     * As an optimization, the picture is cached, so there is no performance&#10;     * penalty for redrawing the same image multiple times (e.g., in an animation).&#10;     * However, if you change the picture file after drawing it, subsequent&#10;     * calls will draw the original picture.&#10;     *&#10;     * @param  x the center &lt;em&gt;x&lt;/em&gt;-coordinate of the image&#10;     * @param  y the center &lt;em&gt;y&lt;/em&gt;-coordinate of the image&#10;     * @param  filename the name of the image/picture, e.g., &quot;ball.gif&quot;&#10;     * @throws IllegalArgumentException if the image filename is invalid&#10;     * @throws IllegalArgumentException if either {@code x} or {@code y} is either NaN or infinite&#10;     */&#10;    public void picture(double x, double y, String filename) {&#10;        validate(x, &quot;x&quot;);&#10;        validate(y, &quot;y&quot;);&#10;        validateNotNull(filename, &quot;filename&quot;);&#10;&#10;        Image image = getImage(filename);&#10;        double xs = scaleX(x);&#10;        double ys = scaleY(y);&#10;        int ws = image.getWidth(null);&#10;        int hs = image.getHeight(null);&#10;        if (ws &lt; 0 || hs &lt; 0) throw new IllegalArgumentException(&quot;image &quot; + filename + &quot; is corrupt&quot;);&#10;&#10;        offscreen.drawImage(image, (int) Math.round(xs - ws/2.0), (int) Math.round(ys - hs/2.0), null);&#10;        draw();&#10;    }&#10;&#10;    /**&#10;     * Draws the specified image centered at (&lt;em&gt;x&lt;/em&gt;, &lt;em&gt;y&lt;/em&gt;),&#10;     * rotated given number of degrees.&#10;     * The supported image formats are JPEG, PNG, and GIF.&#10;     *&#10;     * @param  x the center &lt;em&gt;x&lt;/em&gt;-coordinate of the image&#10;     * @param  y the center &lt;em&gt;y&lt;/em&gt;-coordinate of the image&#10;     * @param  filename the name of the image/picture, e.g., &quot;ball.gif&quot;&#10;     * @param  degrees is the number of degrees to rotate counterclockwise&#10;     * @throws IllegalArgumentException if the image filename is invalid&#10;     * @throws IllegalArgumentException if {@code x}, {@code y}, {@code degrees} is NaN or infinite&#10;     * @throws IllegalArgumentException if {@code filename} is {@code null}&#10;     */&#10;    public void picture(double x, double y, String filename, double degrees) {&#10;        validate(x, &quot;x&quot;);&#10;        validate(y, &quot;y&quot;);&#10;        validate(degrees, &quot;degrees&quot;);&#10;        validateNotNull(filename, &quot;filename&quot;);&#10;&#10;        Image image = getImage(filename);&#10;        double xs = scaleX(x);&#10;        double ys = scaleY(y);&#10;        int ws = image.getWidth(null);&#10;        int hs = image.getHeight(null);&#10;        if (ws &lt; 0 || hs &lt; 0) throw new IllegalArgumentException(&quot;image &quot; + filename + &quot; is corrupt&quot;);&#10;&#10;        offscreen.rotate(Math.toRadians(-degrees), xs, ys);&#10;        offscreen.drawImage(image, (int) Math.round(xs - ws/2.0), (int) Math.round(ys - hs/2.0), null);&#10;        offscreen.rotate(Math.toRadians(+degrees), xs, ys);&#10;&#10;        draw();&#10;    }&#10;&#10;    /**&#10;     * Draws the specified image centered at (&lt;em&gt;x&lt;/em&gt;, &lt;em&gt;y&lt;/em&gt;),&#10;     * rescaled to the specified bounding box.&#10;     * The supported image formats are JPEG, PNG, and GIF.&#10;     *&#10;     * @param  x the center &lt;em&gt;x&lt;/em&gt;-coordinate of the image&#10;     * @param  y the center &lt;em&gt;y&lt;/em&gt;-coordinate of the image&#10;     * @param  filename the name of the image/picture, e.g., &quot;ball.gif&quot;&#10;     * @param  scaledWidth the width of the scaled image (in screen coordinates)&#10;     * @param  scaledHeight the height of the scaled image (in screen coordinates)&#10;     * @throws IllegalArgumentException if either {@code scaledWidth}&#10;     *         or {@code scaledHeight} is negative&#10;     * @throws IllegalArgumentException if the image filename is invalid&#10;     * @throws IllegalArgumentException if {@code x} or {@code y} is either NaN or infinite&#10;     * @throws IllegalArgumentException if {@code filename} is {@code null}&#10;     */&#10;    public void picture(double x, double y, String filename, double scaledWidth, double scaledHeight) {&#10;        validate(x, &quot;x&quot;);&#10;        validate(y, &quot;y&quot;);&#10;        validate(scaledWidth, &quot;scaled width&quot;);&#10;        validate(scaledHeight, &quot;scaled height&quot;);&#10;        validateNotNull(filename, &quot;filename&quot;);&#10;        validateNonnegative(scaledWidth, &quot;scaled width&quot;);&#10;        validateNonnegative(scaledHeight, &quot;scaled height&quot;);&#10;&#10;        Image image = getImage(filename);&#10;        double xs = scaleX(x);&#10;        double ys = scaleY(y);&#10;        double ws = factorX(scaledWidth);&#10;        double hs = factorY(scaledHeight);&#10;        if (ws &lt; 0 || hs &lt; 0) throw new IllegalArgumentException(&quot;image &quot; + filename + &quot; is corrupt&quot;);&#10;        if (ws &lt;= 1 &amp;&amp; hs &lt;= 1) pixel(x, y);&#10;        else {&#10;            offscreen.drawImage(image, (int) Math.round(xs - ws/2.0),&#10;                                       (int) Math.round(ys - hs/2.0),&#10;                                       (int) Math.round(ws),&#10;                                       (int) Math.round(hs), null);&#10;        }&#10;        draw();&#10;    }&#10;&#10;&#10;    /**&#10;     * Draws the specified image centered at (&lt;em&gt;x&lt;/em&gt;, &lt;em&gt;y&lt;/em&gt;), rotated&#10;     * given number of degrees, and rescaled to the specified bounding box.&#10;     * The supported image formats are JPEG, PNG, and GIF.&#10;     *&#10;     * @param  x the center &lt;em&gt;x&lt;/em&gt;-coordinate of the image&#10;     * @param  y the center &lt;em&gt;y&lt;/em&gt;-coordinate of the image&#10;     * @param  filename the name of the image/picture, e.g., &quot;ball.gif&quot;&#10;     * @param  scaledWidth the width of the scaled image (in screen coordinates)&#10;     * @param  scaledHeight the height of the scaled image (in screen coordinates)&#10;     * @param  degrees is the number of degrees to rotate counterclockwise&#10;     * @throws IllegalArgumentException if either {@code scaledWidth}&#10;     *         or {@code scaledHeight} is negative&#10;     * @throws IllegalArgumentException if the image filename is invalid&#10;     */&#10;    public void picture(double x, double y, String filename, double scaledWidth, double scaledHeight, double degrees) {&#10;        validate(x, &quot;x&quot;);&#10;        validate(y, &quot;y&quot;);&#10;        validate(scaledWidth, &quot;scaled width&quot;);&#10;        validate(scaledHeight, &quot;scaled height&quot;);&#10;        validate(degrees, &quot;degrees&quot;);&#10;        validateNotNull(filename, &quot;filename&quot;);&#10;        validateNonnegative(scaledWidth, &quot;scaled width&quot;);&#10;        validateNonnegative(scaledHeight, &quot;scaled height&quot;);&#10;&#10;        Image image = getImage(filename);&#10;        double xs = scaleX(x);&#10;        double ys = scaleY(y);&#10;        double ws = factorX(scaledWidth);&#10;        double hs = factorY(scaledHeight);&#10;        if (ws &lt; 0 || hs &lt; 0) throw new IllegalArgumentException(&quot;image &quot; + filename + &quot; is corrupt&quot;);&#10;        if (ws &lt;= 1 &amp;&amp; hs &lt;= 1) pixel(x, y);&#10;&#10;        offscreen.rotate(Math.toRadians(-degrees), xs, ys);&#10;        offscreen.drawImage(image, (int) Math.round(xs - ws/2.0),&#10;                                   (int) Math.round(ys - hs/2.0),&#10;                                   (int) Math.round(ws),&#10;                                   (int) Math.round(hs), null);&#10;        offscreen.rotate(Math.toRadians(+degrees), xs, ys);&#10;&#10;        draw();&#10;    }&#10;&#10;&#10;   /***************************************************************************&#10;    *  Drawing text.&#10;    ***************************************************************************/&#10;&#10;    /**&#10;     * Writes the given text string in the current font, centered at (&lt;em&gt;x&lt;/em&gt;, &lt;em&gt;y&lt;/em&gt;).&#10;     *&#10;     * @param  x the center &lt;em&gt;x&lt;/em&gt;-coordinate of the text&#10;     * @param  y the center &lt;em&gt;y&lt;/em&gt;-coordinate of the text&#10;     * @param  text the text to write&#10;     * @throws IllegalArgumentException if {@code text} is {@code null}&#10;     * @throws IllegalArgumentException if {@code x} or {@code y} is either NaN or infinite&#10;     */&#10;    public void text(double x, double y, String text) {&#10;        validate(x, &quot;x&quot;);&#10;        validate(y, &quot;y&quot;);&#10;        validateNotNull(text, &quot;text&quot;);&#10;&#10;        offscreen.setFont(font);&#10;        FontMetrics metrics = offscreen.getFontMetrics();&#10;        double xs = scaleX(x);&#10;        double ys = scaleY(y);&#10;        int ws = metrics.stringWidth(text);&#10;        int hs = metrics.getDescent();&#10;        offscreen.drawString(text, (float) (xs - ws/2.0), (float) (ys + hs));&#10;        draw();&#10;    }&#10;&#10;    /**&#10;     * Writes the given text string in the current font, centered at (&lt;em&gt;x&lt;/em&gt;, &lt;em&gt;y&lt;/em&gt;) and&#10;     * rotated by the specified number of degrees.&#10;     * @param  x the center &lt;em&gt;x&lt;/em&gt;-coordinate of the text&#10;     * @param  y the center &lt;em&gt;y&lt;/em&gt;-coordinate of the text&#10;     * @param  text the text to write&#10;     * @param  degrees is the number of degrees to rotate counterclockwise&#10;     * @throws IllegalArgumentException if {@code text} is {@code null}&#10;     * @throws IllegalArgumentException if {@code x}, {@code y}, or {@code degrees} is either NaN or infinite&#10;     */&#10;    public void text(double x, double y, String text, double degrees) {&#10;        validate(x, &quot;x&quot;);&#10;        validate(y, &quot;y&quot;);&#10;        validate(degrees, &quot;degrees&quot;);&#10;        validateNotNull(text, &quot;text&quot;);&#10;&#10;        double xs = scaleX(x);&#10;        double ys = scaleY(y);&#10;        offscreen.rotate(Math.toRadians(-degrees), xs, ys);&#10;        text(x, y, text);&#10;        offscreen.rotate(Math.toRadians(+degrees), xs, ys);&#10;    }&#10;&#10;    /**&#10;     * Writes the given text string in the current font, left-aligned at (&lt;em&gt;x&lt;/em&gt;, &lt;em&gt;y&lt;/em&gt;).&#10;     * @param  x the &lt;em&gt;x&lt;/em&gt;-coordinate of the text&#10;     * @param  y the &lt;em&gt;y&lt;/em&gt;-coordinate of the text&#10;     * @param  text the text&#10;     * @throws IllegalArgumentException if {@code text} is {@code null}&#10;     * @throws IllegalArgumentException if {@code x} or {@code y} is either NaN or infinite&#10;     */&#10;    public void textLeft(double x, double y, String text) {&#10;        validate(x, &quot;x&quot;);&#10;        validate(y, &quot;y&quot;);&#10;        validateNotNull(text, &quot;text&quot;);&#10;&#10;        offscreen.setFont(font);&#10;        FontMetrics metrics = offscreen.getFontMetrics();&#10;        double xs = scaleX(x);&#10;        double ys = scaleY(y);&#10;        // int ws = metrics.stringWidth(text);&#10;        int hs = metrics.getDescent();&#10;        offscreen.drawString(text, (float) xs, (float) (ys + hs));&#10;        draw();&#10;    }&#10;&#10;    /**&#10;     * Writes the given text string in the current font, right-aligned at (&lt;em&gt;x&lt;/em&gt;, &lt;em&gt;y&lt;/em&gt;).&#10;     *&#10;     * @param  x the &lt;em&gt;x&lt;/em&gt;-coordinate of the text&#10;     * @param  y the &lt;em&gt;y&lt;/em&gt;-coordinate of the text&#10;     * @param  text the text to write&#10;     * @throws IllegalArgumentException if {@code text} is {@code null}&#10;     * @throws IllegalArgumentException if {@code x} or {@code y} is either NaN or infinite&#10;     */&#10;    public void textRight(double x, double y, String text) {&#10;        validate(x, &quot;x&quot;);&#10;        validate(y, &quot;y&quot;);&#10;        validateNotNull(text, &quot;text&quot;);&#10;&#10;        offscreen.setFont(font);&#10;        FontMetrics metrics = offscreen.getFontMetrics();&#10;        double xs = scaleX(x);&#10;        double ys = scaleY(y);&#10;        int ws = metrics.stringWidth(text);&#10;        int hs = metrics.getDescent();&#10;        offscreen.drawString(text, (float) (xs - ws), (float) (ys + hs));&#10;        draw();&#10;    }&#10;&#10;    /**&#10;     * Copies the offscreen buffer to the onscreen buffer, pauses for t milliseconds&#10;     * and enables double buffering.&#10;     * @param t number of milliseconds&#10;     * @deprecated replaced by {@link #enableDoubleBuffering()}, {@link #show()}, and {@link #pause(int t)}&#10;     */&#10;    @Deprecated&#10;    public void show(int t) {&#10;        show();&#10;        pause(t);&#10;        enableDoubleBuffering();&#10;    }&#10;&#10;    /**&#10;     * Pause for t milliseconds. This method is intended to support computer animations.&#10;     * @param t number of milliseconds&#10;     */&#10;    public void pause(int t) {&#10;        try {&#10;            Thread.sleep(t);&#10;        }&#10;        catch (InterruptedException e) {&#10;            System.out.println(&quot;Error sleeping&quot;);&#10;        }&#10;    }&#10;&#10;    /**&#10;     * Copies offscreen buffer to onscreen buffer. There is no reason to call&#10;     * this method unless double buffering is enabled.&#10;     */&#10;    public void show() {&#10;        onscreen.drawImage(offscreenImage, 0, 0, null);&#10;        frame.repaint();&#10;    }&#10;&#10;    // draw onscreen if defer is false&#10;    public void draw() {&#10;        if (!defer) show();&#10;    }&#10;&#10;    /**&#10;     * Enable double buffering. All subsequent calls to &#10;     * drawing methods such as {@code line()}, {@code circle()},&#10;     * and {@code square()} will be deferred until the next call&#10;     * to show(). Useful for animations.&#10;     */&#10;    public void enableDoubleBuffering() {&#10;        defer = true;&#10;    }&#10;&#10;    /**&#10;     * Disable double buffering. All subsequent calls to &#10;     * drawing methods such as {@code line()}, {@code circle()},&#10;     * and {@code square()} will be displayed on screen when called.&#10;     * This is the default.&#10;     */&#10;    public void disableDoubleBuffering() {&#10;        defer = false;&#10;    }&#10;&#10;    /**&#10;     * Saves the drawing to using the specified filename.&#10;     * The supported image formats are JPEG and PNG;&#10;     * the filename suffix must be {@code .jpg} or {@code .png}.&#10;     *&#10;     * @param  filename the name of the file with one of the required suffixes&#10;     * @throws IllegalArgumentException if {@code filename} is {@code null}&#10;     */&#10;    public void save(String filename) {&#10;        validateNotNull(filename, &quot;filename&quot;);&#10;        File file = new File(filename);&#10;        String suffix = filename.substring(filename.lastIndexOf('.') + 1);&#10;&#10;        // png files&#10;        if (&quot;png&quot;.equalsIgnoreCase(suffix)) {&#10;            try {&#10;                ImageIO.write(offscreenImage, suffix, file);&#10;            }&#10;            catch (IOException e) {&#10;                e.printStackTrace();&#10;            }&#10;        }&#10;&#10;        // need to change from ARGB to RGB for jpeg&#10;        // reference: http://archives.java.sun.com/cgi-bin/wa?A2=ind0404&amp;L=java2d-interest&amp;D=0&amp;P=2727&#10;        else if (&quot;jpg&quot;.equalsIgnoreCase(suffix)) {&#10;            WritableRaster raster = offscreenImage.getRaster();&#10;            WritableRaster newRaster;&#10;            newRaster = raster.createWritableChild(0, 0, width, height, 0, 0, new int[] {0, 1, 2});&#10;            DirectColorModel cm = (DirectColorModel) offscreenImage.getColorModel();&#10;            DirectColorModel newCM = new DirectColorModel(cm.getPixelSize(),&#10;                                                          cm.getRedMask(),&#10;                                                          cm.getGreenMask(),&#10;                                                          cm.getBlueMask());&#10;            BufferedImage rgbBuffer = new BufferedImage(newCM, newRaster, false,  null);&#10;            try {&#10;                ImageIO.write(rgbBuffer, suffix, file);&#10;            }&#10;            catch (IOException e) {&#10;                e.printStackTrace();&#10;            }&#10;        }&#10;&#10;        else {&#10;            System.out.println(&quot;Invalid image file type: &quot; + suffix);&#10;        }&#10;    }&#10;&#10;&#10;    /**&#10;     * This method cannot be called directly.&#10;     */&#10;    @Override&#10;    public void actionPerformed(ActionEvent e) {&#10;        FileDialog chooser = new FileDialog(frame, &quot;Use a .png or .jpg extension&quot;, FileDialog.SAVE);&#10;        chooser.setVisible(true);&#10;        String filename = chooser.getFile();&#10;        if (filename != null) {&#10;            save(chooser.getDirectory() + File.separator + chooser.getFile());&#10;        }&#10;    }&#10;&#10;&#10;&#10;   /***************************************************************************&#10;    *  Event-based interactions.&#10;    ***************************************************************************/&#10;&#10;    /**&#10;     * Adds a {@link DrawListener} to listen to keyboard and mouse events.&#10;     *&#10;     * @param listener the {\tt DrawListener} argument&#10;     */&#10;    public void addListener(DrawListener listener) {&#10;        // ensure there is a window for listenting to events&#10;        show();&#10;        listeners.add(listener);&#10;        frame.addKeyListener(this);&#10;        frame.addMouseListener(this);&#10;        frame.addMouseMotionListener(this);&#10;        frame.setFocusable(true); &#10;    }&#10;&#10;&#10;&#10;&#10;   /***************************************************************************&#10;    *  Mouse interactions.&#10;    ***************************************************************************/&#10;&#10;    /**&#10;     * Returns true if the mouse is being pressed.&#10;     *&#10;     * @return {@code true} if the mouse is being pressed;&#10;     *         {@code false} otherwise&#10;     */&#10;    public boolean isMousePressed() {&#10;        synchronized (mouseLock) {&#10;            return isMousePressed;&#10;        }&#10;    }&#10;&#10;    /**&#10;     * Returns true if the mouse is being pressed.&#10;     *&#10;     * @return {@code true} if the mouse is being pressed;&#10;     *         {@code false} otherwise&#10;     * @deprecated replaced by {@link #isMousePressed()}&#10;     */&#10;    @Deprecated&#10;    public boolean mousePressed() {&#10;        synchronized (mouseLock) {&#10;            return isMousePressed;&#10;        }&#10;    }&#10;&#10;    /**&#10;     * Returns the x-coordinate of the mouse.&#10;     * @return the x-coordinate of the mouse&#10;     */&#10;    public double mouseX() {&#10;        synchronized (mouseLock) {&#10;            return mouseX;&#10;        }&#10;    }&#10;&#10;    /**&#10;     * Returns the y-coordinate of the mouse.&#10;     *&#10;     * @return the y-coordinate of the mouse&#10;     */&#10;    public double mouseY() {&#10;        synchronized (mouseLock) {&#10;            return mouseY;&#10;        }&#10;    }&#10;&#10;&#10;&#10;    /**&#10;     * This method cannot be called directly.&#10;     */&#10;    @Override&#10;    public void mouseEntered(MouseEvent e) {&#10;        // this body is intentionally left empty&#10;    }&#10;&#10;    /**&#10;     * This method cannot be called directly.&#10;     */&#10;    @Override&#10;    public void mouseExited(MouseEvent e) {&#10;        // this body is intentionally left empty&#10;    }&#10;&#10;    /**&#10;     * This method cannot be called directly.&#10;     */&#10;    @Override&#10;    public void mousePressed(MouseEvent e) {&#10;        synchronized (mouseLock) {&#10;            mouseX = userX(e.getX());&#10;            mouseY = userY(e.getY());&#10;            isMousePressed = true;&#10;        }&#10;        if (e.getButton() == MouseEvent.BUTTON1) {&#10;            for (DrawListener listener : listeners)&#10;                listener.mousePressed(userX(e.getX()), userY(e.getY()));&#10;        }&#10;&#10;    }&#10;&#10;    /**&#10;     * This method cannot be called directly.&#10;     */&#10;    @Override&#10;    public void mouseReleased(MouseEvent e) {&#10;        synchronized (mouseLock) {&#10;            isMousePressed = false;&#10;        }&#10;        if (e.getButton() == MouseEvent.BUTTON1) {&#10;            for (DrawListener listener : listeners)&#10;                listener.mouseReleased(userX(e.getX()), userY(e.getY()));&#10;        }&#10;    }&#10;&#10;    /**&#10;     * This method cannot be called directly.&#10;     */&#10;    @Override&#10;    public void mouseClicked(MouseEvent e) {&#10;        if (e.getButton() == MouseEvent.BUTTON1) {&#10;            for (DrawListener listener : listeners)&#10;                listener.mouseClicked(userX(e.getX()), userY(e.getY()));&#10;        }&#10;    }&#10;&#10;&#10;    /**&#10;     * This method cannot be called directly.&#10;     */&#10;    @Override&#10;    public void mouseDragged(MouseEvent e)  {&#10;        synchronized (mouseLock) {&#10;            mouseX = userX(e.getX());&#10;            mouseY = userY(e.getY());&#10;        }&#10;        // doesn't seem to work if a button is specified&#10;        for (DrawListener listener : listeners)&#10;            listener.mouseDragged(userX(e.getX()), userY(e.getY()));&#10;    }&#10;&#10;    /**&#10;     * This method cannot be called directly.&#10;     */&#10;    @Override&#10;    public void mouseMoved(MouseEvent e) {&#10;        synchronized (mouseLock) {&#10;            mouseX = userX(e.getX());&#10;            mouseY = userY(e.getY());&#10;        }&#10;    }&#10;&#10;&#10;   /***************************************************************************&#10;    *  Keyboard interactions.&#10;    ***************************************************************************/&#10;&#10;    /**&#10;     * Returns true if the user has typed a key.&#10;     *&#10;     * @return {@code true} if the user has typed a key; {@code false} otherwise&#10;     */&#10;    public boolean hasNextKeyTyped() {&#10;        synchronized (keyLock) {&#10;            return !keysTyped.isEmpty();&#10;        }&#10;    }&#10;&#10;    /**&#10;     * The next key typed by the user.&#10;     *&#10;     * @return the next key typed by the user&#10;     */&#10;    public char nextKeyTyped() {&#10;        synchronized (keyLock) {&#10;            return keysTyped.removeLast();&#10;        }&#10;    }&#10;&#10;   /**&#10;     * Returns true if the keycode is being pressed.&#10;     * &lt;p&gt;&#10;     * This method takes as an argument the keycode (corresponding to a physical key).&#10;     * It can handle action keys (such as F1 and arrow keys) and modifier keys&#10;     * (such as shift and control).&#10;     * See {@link KeyEvent} for a description of key codes.&#10;     *&#10;     * @param  keycode the keycode to check&#10;     * @return {@code true} if {@code keycode} is currently being pressed;&#10;     *         {@code false} otherwise&#10;     */&#10;    public boolean isKeyPressed(int keycode) {&#10;        synchronized (keyLock) {&#10;            return keysDown.contains(keycode);&#10;        }&#10;    }&#10;&#10;    /**&#10;     * This method cannot be called directly.&#10;     */&#10;    @Override&#10;    public void keyTyped(KeyEvent e) {&#10;        synchronized (keyLock) {&#10;            keysTyped.addFirst(e.getKeyChar());&#10;        }&#10;&#10;        // notify all listeners&#10;        for (DrawListener listener : listeners)&#10;            listener.keyTyped(e.getKeyChar());&#10;    }&#10;&#10;    /**&#10;     * This method cannot be called directly.&#10;     */&#10;    @Override&#10;    public void keyPressed(KeyEvent e) {&#10;        synchronized (keyLock) {&#10;            keysDown.add(e.getKeyCode());&#10;        }&#10;&#10;        // notify all listeners&#10;        for (DrawListener listener : listeners)&#10;            listener.keyPressed(e.getKeyCode());&#10;    }&#10;&#10;    /**&#10;     * This method cannot be called directly.&#10;     */&#10;    @Override&#10;    public void keyReleased(KeyEvent e) {&#10;        synchronized (keyLock) {&#10;            keysDown.remove(e.getKeyCode());&#10;        }&#10;&#10;        // notify all listeners&#10;        for (DrawListener listener : listeners)&#10;            listener.keyReleased(e.getKeyCode());&#10;    }&#10;&#10;&#10;   /***************************************************************************&#10;    *  For improved resolution on Mac Retina displays.&#10;    ***************************************************************************/&#10;&#10;    public static class RetinaImageIcon extends ImageIcon {&#10;    &#10;        public RetinaImageIcon(Image image) {&#10;            super(image);&#10;        }&#10;&#10;        public int getIconWidth() {&#10;            return super.getIconWidth() / 2;&#10;        }&#10;&#10;        /**&#10;         * Gets the height of the icon.&#10;         *&#10;         * @return the height in pixels of this icon&#10;         */&#10;        public int getIconHeight() {&#10;            return super.getIconHeight() / 2;&#10;        }&#10;&#10;        public synchronized void paintIcon(Component c, Graphics g, int x, int y) {&#10;            Graphics2D g2 = (Graphics2D) g.create();&#10;            g2.setRenderingHint(RenderingHints.KEY_INTERPOLATION,RenderingHints.VALUE_INTERPOLATION_BICUBIC);&#10;            g2.setRenderingHint(RenderingHints.KEY_RENDERING,RenderingHints.VALUE_RENDER_QUALITY);&#10;            g2.setRenderingHint(RenderingHints.KEY_ANTIALIASING,RenderingHints.VALUE_ANTIALIAS_ON);&#10;            g2.scale(0.5, 0.5);&#10;            super.paintIcon(c, g2, x * 2, y * 2);&#10;            g2.dispose();&#10;        }&#10;    }&#10;&#10;    /**&#10;     * Test client.&#10;     *&#10;     * @param args the command-line arguments&#10;     */&#10;    public static void main(String[] args) {&#10;&#10;        // create one drawing window&#10;        Draw draw1 = new Draw(&quot;Test client 1&quot;);&#10;        draw1.square(0.2, 0.8, 0.1);&#10;        draw1.filledSquare(0.8, 0.8, 0.2);&#10;        draw1.circle(0.8, 0.2, 0.2);&#10;        draw1.setPenColor(Draw.MAGENTA);&#10;        draw1.setPenRadius(0.02);&#10;        draw1.arc(0.8, 0.2, 0.1, 200, 45);&#10;&#10;&#10;        // create another one&#10;        Draw draw2 = new Draw(&quot;Test client 2&quot;);&#10;        draw2.setCanvasSize(900, 200);&#10;        // draw a blue diamond&#10;        draw2.setPenRadius();&#10;        draw2.setPenColor(Draw.BLUE);&#10;        double[] x = { 0.1, 0.2, 0.3, 0.2 };&#10;        double[] y = { 0.2, 0.3, 0.2, 0.1 };&#10;        draw2.filledPolygon(x, y);&#10;&#10;        // text&#10;        draw2.setPenColor(Draw.BLACK);&#10;        draw2.text(0.2, 0.5, &quot;bdfdfdfdlack text&quot;);&#10;        draw2.setPenColor(Draw.WHITE);&#10;        draw2.text(0.8, 0.8, &quot;white text&quot;);&#10;    }&#10;&#10;}" Filename="Draw.java" Intrnl_Id="5"/>
<SrcFile Content="/******************************************************************************&#10; *  Compilation:  javac Deck.java Card.java&#10; *  Execution:    java -classpath .:cards.jar Player&#10; *&#10; *  Implement a deck of cards.&#10; *&#10; ******************************************************************************/&#10;&#10;public class Deck { &#10;    final static int DECK_SIZE = 52;&#10;&#10;    public Card[] cards;         // the cards  - cards[0] is bottom of deck&#10;    public int N;                // number of cards&#10;&#10;    public Deck()  {&#10;        N = DECK_SIZE;&#10;        cards = new Card[N];&#10;        for (int i = 0; i &lt; N; i++)&#10;            cards[N - i - 1] = new Card(i, i + &quot;.gif&quot;, &quot;back.gif&quot;);&#10;    }&#10;&#10;    public Card dealFrom()   { return cards[--N]; }&#10;    public boolean isEmpty() { return (N == 0);   }&#10;    public int size()        { return N;          }&#10;&#10;&#10;    // shuffles cards&#10;    public void shuffle() {&#10;        for (int i = 0; i &lt; N; i++) {&#10;            int r = (int) (Math.random() * i);&#10;            Card swap = cards[i];&#10;            cards[i]  = cards[r];&#10;            cards[r]  = swap;&#10;        }&#10;    }&#10;&#10;&#10;&#10;    public String toString() {&#10;        String s = &quot;Deck  &quot;;&#10;        for (int i = N - 1; i &gt;= 0; i--)&#10;            s += cards[i] + &quot; &quot;;&#10;        return s;&#10;    }&#10;&#10;&#10;   // test client&#10;   public static void main(String[] args) { &#10;      Deck deck = new Deck();&#10;      StdOut.println(deck);&#10;      deck.shuffle();&#10;      StdOut.println(deck);&#10;   }&#10;&#10;}" Filename="Deck.java" Intrnl_Id="6"/>
<SrcFile Content="/******************************************************************************&#10; *  Compilation:  javac Card.java&#10; *  Execution:    java -classpath .:cards.jar Card&#10; *  Dependencies: Draw.java&#10; *&#10; *  Implement a playing card in a standard 52 card deck.&#10;&#10; *  Assumes cards.jar is in the current directory and contains&#10; *  images of the cards named: 2c.gif, 2d, 2h, 2s, ..., as.gif.&#10; *&#10; ******************************************************************************/&#10;&#10;public class Card { &#10;    public int suit;&#10;    public int rank;&#10;    public String front;&#10;    public String back;&#10;    public boolean isConcealed;&#10;&#10;    // create a new card based on integer 0 = 2C, 1 = 3C, ..., 51 = AS&#10;    Card(int card, String front, String back) {&#10;        this.rank   = card % 13;&#10;        this.suit   = card / 13;&#10;        this.front  = front;&#10;        this.back   = back;&#10;        isConcealed = false;&#10;    }&#10;&#10;    public boolean isAce() { return rank == 12; }&#10; &#10;    // 1 for ace, 10 for jqk, actual rank for other cards&#10;    public int rank()  {&#10;        if (rank == 12) return  1;&#10;        if (rank &gt;=  8) return 10;&#10;        return rank + 2;&#10;    }&#10;&#10;    public void draw(Draw d, double x, double y)  {&#10;        if (isConcealed) d.picture(x, y, back);&#10;        else             d.picture(x, y, front);&#10;    }&#10;&#10;&#10;    public void conceal() { isConcealed = true;  }&#10;    public void reveal()  { isConcealed = false; }&#10;&#10;    // represent cards like &quot;2H&quot;, &quot;9C&quot;, &quot;JS&quot;, &quot;AD&quot;&#10;    public String toString() {&#10;        String ranks = &quot;23456789TJQKA&quot;;&#10;        String suits = &quot;CDHS&quot;;&#10;        return ranks.charAt(rank) + &quot;&quot; + suits.charAt(suit);&#10;    }&#10;&#10;&#10;}" Filename="Card.java" Intrnl_Id="7"/>
<SrcFile Content="import javax.swing.JFrame;&#10;import javax.swing.JButton;&#10;import javax.swing.JLabel;&#10;import javax.swing.JPanel;&#10;import javax.swing.BoxLayout;&#10;&#10;import java.awt.event.ActionEvent;&#10;import java.awt.event.ActionListener;&#10;&#10;import java.awt.Color;&#10;&#10;import java.awt.Dimension;&#10;&#10;public class BlackJack extends JFrame implements ActionListener {&#10;    public static final int WIDTH = 400, HEIGHT = 300;&#10;&#10;    public Deck deck;&#10;    Draw draw = new Draw();&#10;    public JLabel main = draw.getJLabel();&#10;&#10;    public Player gambler = new Player(&quot;Gambler&quot;, 100,   75);&#10;    public Player dealer  = new Player(&quot;Dealer&quot;,  100,  225);&#10;&#10;    public JButton hitButton   = new JButton(&quot;Hit Me&quot;);&#10;    public JButton stickButton = new JButton(&quot;Stick&quot;);&#10;    public JButton dealButton  = new JButton(&quot;Deal&quot;);&#10;&#10;    public JLabel status = new JLabel(&quot; &quot;, JLabel.CENTER);&#10;&#10;    BlackJack() {&#10;        setTitle(&quot;Blackjack 1.0&quot;);&#10;        setResizable(false);&#10;        setDefaultCloseOperation(JFrame.EXIT_ON_CLOSE);&#10;&#10;        // hit, stick, and deal buttons&#10;        JPanel buttons = new JPanel();&#10;        buttons.add(hitButton);&#10;        buttons.add(stickButton);&#10;        buttons.add(dealButton);&#10;        hitButton.addActionListener(this);&#10;        stickButton.addActionListener(this);&#10;        dealButton.addActionListener(this);&#10;        hitButton.setEnabled(false);&#10;        stickButton.setEnabled(false);&#10;&#10;        // add the dealer, gambler, buttons, and status bar&#10;        getContentPane().setLayout(new BoxLayout(getContentPane(), BoxLayout.Y_AXIS));&#10;        getContentPane().add(main);&#10;        getContentPane().add(buttons);&#10;        getContentPane().add(status);&#10;&#10;        draw.setCanvasSize(WIDTH, HEIGHT);&#10;        draw.setXscale(0, WIDTH);&#10;        draw.setYscale(0, HEIGHT);&#10;        pack();&#10;        setVisible(true);&#10;    }&#10;&#10;&#10;    // deal one card to given player from the deck&#10;    public void hit(Player player) {&#10;        player.dealTo(deck.dealFrom());&#10;        player.draw(draw);&#10;        main.repaint();&#10;    }&#10;&#10;    // deal out two cards each, shuffling if too few cards&#10;    public void deal() {&#10;        draw.clear(Color.GRAY);&#10;        gambler.reset();&#10;        dealer.reset();&#10;        if (deck == null || deck.size() &lt; 15) {&#10;            deck = new Deck();&#10;            deck.shuffle();&#10;            status.setText(&quot;Shuffling&quot;);&#10;        }&#10;        hit(gambler);&#10;        hit(dealer);&#10;        dealer.peak().conceal();     // hide the dealer's first card&#10;        hit(gambler);&#10;        hit(dealer);&#10;    }&#10;&#10;    // who won?&#10;    public void checkWinner() {&#10;        dealer.peak().reveal();        // time to reveal dealer's card&#10;        dealer.draw(draw);&#10;        main.repaint();&#10;        if      (gambler.value() &gt;  21)             status.setText(&quot;Gambler busts&quot;);&#10;        else if (dealer.value()  &gt;  21)             status.setText(&quot;Dealer busts&quot;);&#10;        else if (gambler.value() == dealer.value()) status.setText(&quot;Push&quot;);&#10;        else if (gambler.value() &gt;  dealer.value()) status.setText(&quot;Gambler wins&quot;);&#10;        else                                        status.setText(&quot;Dealer wins&quot;);&#10;        StdOut.println(status.getText());&#10;    }&#10;&#10;    // process a button push&#10;    public void actionPerformed(ActionEvent e) {&#10;        if (e.getSource() == hitButton) {&#10;            hit(gambler);&#10;            if(gambler.value() &gt; 21) {&#10;                checkWinner();&#10;                hitButton.setEnabled(false);&#10;                stickButton.setEnabled(false);&#10;                dealButton.setEnabled(true);&#10;            }&#10;        }&#10;&#10;        if (e.getSource() == stickButton) {&#10;            while(dealer.value() &lt; 17)&#10;                hit(dealer);&#10;            checkWinner();&#10;            hitButton.setEnabled(false);&#10;            stickButton.setEnabled(false);&#10;            dealButton.setEnabled(true);&#10;        }&#10;&#10;        if (e.getSource() == dealButton) {&#10;            deal();&#10;            status.setText(&quot; &quot;);&#10;            hitButton.setEnabled(true);&#10;            stickButton.setEnabled(true);&#10;            dealButton.setEnabled(false);&#10;        }&#10;    }&#10;&#10;&#10;    // play Blackjack&#10;    public static void main(String argv[]) {&#10;        new BlackJack();&#10;    }&#10;&#10;}" Filename="BlackJack.java" Intrnl_Id="8"/>
</SrcFileList>
<CritList>
<CritListEntry Name="org.codecover.model.utils.criteria.LoopCoverage" PluginName="org.codecover"/>
<CritListEntry Name="org.codecover.model.utils.criteria.QMOCoverage" PluginName="org.codecover"/>
<CritListEntry Name="org.codecover.model.utils.criteria.ConditionCoverage" PluginName="org.codecover"/>
<CritListEntry Name="org.codecover.model.utils.criteria.BranchCoverage" PluginName="org.codecover"/>
<CritListEntry Name="org.codecover.model.utils.criteria.SynchronizedStatementCoverage" PluginName="org.codecover"/>
<CritListEntry Name="org.codecover.model.utils.criteria.StatementCoverage" PluginName="org.codecover"/>
</CritList>
<BoolOpList>
<BoolOp Arity="2" Intrnl_Id="9" Name="conditional and (&amp;&amp;)">
<BoolAssgnmntBoolMapList>
<MapEntry BoolAssgnmnt="02" Value="false"/>
<MapEntry BoolAssgnmnt="10" Value="false"/>
<MapEntry BoolAssgnmnt="11" Value="true"/>
</BoolAssgnmntBoolMapList>
</BoolOp>
<BoolOp Arity="2" Intrnl_Id="10" Name="conditional or (||)">
<BoolAssgnmntBoolMapList>
<MapEntry BoolAssgnmnt="00" Value="false"/>
<MapEntry BoolAssgnmnt="01" Value="true"/>
<MapEntry BoolAssgnmnt="12" Value="true"/>
</BoolAssgnmntBoolMapList>
</BoolOp>
<BoolOp Arity="1" Intrnl_Id="11" Name="not (!)">
<BoolAssgnmntBoolMapList>
<MapEntry BoolAssgnmnt="1" Value="false"/>
<MapEntry BoolAssgnmnt="0" Value="true"/>
</BoolAssgnmntBoolMapList>
</BoolOp>
</BoolOpList>
<HierarchyLvlTypeList>
<HierarchyLvlType EnglishName="interface" IntrnlName="interface" Intrnl_Id="12"/>
<HierarchyLvlType EnglishName="method" IntrnlName="method" Intrnl_Id="13"/>
<HierarchyLvlType EnglishName="class" IntrnlName="class" Intrnl_Id="14"/>
<HierarchyLvlType EnglishName="default package" IntrnlName="default package" Intrnl_Id="15"/>
</HierarchyLvlTypeList>
<MASTRoot>
<HierarchyLvl HierarchyLvlId="3918" HierarchyLvlTypeId="15" Intrnl_Id="16" Name="default package">
<Header/>
<LocList/>
<HierarchyLvl HierarchyLvlId="3700" HierarchyLvlTypeId="14" Intrnl_Id="17" Name="StdOut">
<Header>
<Loc EndOffset="2363" SrcFileId="1" StartOffset="2338"/>
</Header>
<LocList>
<Loc EndOffset="8574" SrcFileId="1" StartOffset="2338"/>
</LocList>
<StmntSeq Intrnl_Id="18">
<LocList>
<Loc EndOffset="2490" SrcFileId="1" StartOffset="2440"/>
<Loc EndOffset="2616" SrcFileId="1" StartOffset="2570"/>
<Loc EndOffset="2845" SrcFileId="1" StartOffset="2767"/>
<Loc EndOffset="2949" SrcFileId="1" StartOffset="2749"/>
</LocList>
<BasicStmnt CovItemId="S1" CovItemPrefix="StdOut.java" Intrnl_Id="19">
<LocList>
<Loc EndOffset="2490" SrcFileId="1" StartOffset="2440"/>
</LocList>
</BasicStmnt>
<BasicStmnt CovItemId="S2" CovItemPrefix="StdOut.java" Intrnl_Id="20">
<LocList>
<Loc EndOffset="2616" SrcFileId="1" StartOffset="2570"/>
</LocList>
</BasicStmnt>
<BasicStmnt CovItemId="S4" CovItemPrefix="StdOut.java" Intrnl_Id="21">
<LocList>
<Loc EndOffset="2845" SrcFileId="1" StartOffset="2767"/>
</LocList>
</BasicStmnt>
<CondStmnt CovItemId="S3" CovItemPrefix="StdOut.java" Intrnl_Id="22">
<Branch CovItemId="B1" CovItemPrefix="StdOut.java" Implct="true" Intrnl_Id="23">
<Cond/>
<LocList/>
<StmntSeq Intrnl_Id="24">
<LocList/>
</StmntSeq>
</Branch>
<Branch CovItemId="B2" CovItemPrefix="StdOut.java" Implct="false" Intrnl_Id="25">
<Cond>
<Loc EndOffset="2902" SrcFileId="1" StartOffset="2864"/>
</Cond>
<LocList>
<Loc EndOffset="2949" SrcFileId="1" StartOffset="2903"/>
</LocList>
<StmntSeq Intrnl_Id="26">
<LocList>
<Loc EndOffset="2939" SrcFileId="1" StartOffset="2917"/>
</LocList>
<BasicStmnt CovItemId="S5" CovItemPrefix="StdOut.java" Intrnl_Id="27">
<LocList>
<Loc EndOffset="2939" SrcFileId="1" StartOffset="2917"/>
</LocList>
</BasicStmnt>
</StmntSeq>
</Branch>
<Keyword EndOffset="2752" SrcFileId="1" StartOffset="2749"/>
<LocList>
<Loc EndOffset="2949" SrcFileId="1" StartOffset="2749"/>
</LocList>
</CondStmnt>
</StmntSeq>
<HierarchyLvl HierarchyLvlId="3676" HierarchyLvlTypeId="13" Intrnl_Id="28" Name="StdOut">
<Header>
<Loc EndOffset="3001" SrcFileId="1" StartOffset="2986"/>
</Header>
<LocList>
<Loc EndOffset="3005" SrcFileId="1" StartOffset="2986"/>
</LocList>
</HierarchyLvl>
<HierarchyLvl HierarchyLvlId="3677" HierarchyLvlTypeId="13" Intrnl_Id="29" Name="println">
<Header>
<Loc EndOffset="3128" SrcFileId="1" StartOffset="3100"/>
</Header>
<LocList>
<Loc EndOffset="3159" SrcFileId="1" StartOffset="3100"/>
</LocList>
<StmntSeq Intrnl_Id="30">
<LocList>
<Loc EndOffset="3153" SrcFileId="1" StartOffset="3139"/>
</LocList>
<BasicStmnt CovItemId="S6" CovItemPrefix="StdOut.java" Intrnl_Id="31">
<LocList>
<Loc EndOffset="3153" SrcFileId="1" StartOffset="3139"/>
</LocList>
</BasicStmnt>
</StmntSeq>
</HierarchyLvl>
<HierarchyLvl HierarchyLvlId="3678" HierarchyLvlTypeId="13" Intrnl_Id="32" Name="println">
<Header>
<Loc EndOffset="3335" SrcFileId="1" StartOffset="3299"/>
</Header>
<LocList>
<Loc EndOffset="3367" SrcFileId="1" StartOffset="3299"/>
</LocList>
<StmntSeq Intrnl_Id="33">
<LocList>
<Loc EndOffset="3361" SrcFileId="1" StartOffset="3346"/>
</LocList>
<BasicStmnt CovItemId="S7" CovItemPrefix="StdOut.java" Intrnl_Id="34">
<LocList>
<Loc EndOffset="3361" SrcFileId="1" StartOffset="3346"/>
</LocList>
</BasicStmnt>
</StmntSeq>
</HierarchyLvl>
<HierarchyLvl HierarchyLvlId="3679" HierarchyLvlTypeId="13" Intrnl_Id="35" Name="println">
<Header>
<Loc EndOffset="3542" SrcFileId="1" StartOffset="3505"/>
</Header>
<LocList>
<Loc EndOffset="3574" SrcFileId="1" StartOffset="3505"/>
</LocList>
<StmntSeq Intrnl_Id="36">
<LocList>
<Loc EndOffset="3568" SrcFileId="1" StartOffset="3553"/>
</LocList>
<BasicStmnt CovItemId="S8" CovItemPrefix="StdOut.java" Intrnl_Id="37">
<LocList>
<Loc EndOffset="3568" SrcFileId="1" StartOffset="3553"/>
</LocList>
</BasicStmnt>
</StmntSeq>
</HierarchyLvl>
<HierarchyLvl HierarchyLvlId="3680" HierarchyLvlTypeId="13" Intrnl_Id="38" Name="println">
<Header>
<Loc EndOffset="3750" SrcFileId="1" StartOffset="3716"/>
</Header>
<LocList>
<Loc EndOffset="3782" SrcFileId="1" StartOffset="3716"/>
</LocList>
<StmntSeq Intrnl_Id="39">
<LocList>
<Loc EndOffset="3776" SrcFileId="1" StartOffset="3761"/>
</LocList>
<BasicStmnt CovItemId="S9" CovItemPrefix="StdOut.java" Intrnl_Id="40">
<LocList>
<Loc EndOffset="3776" SrcFileId="1" StartOffset="3761"/>
</LocList>
</BasicStmnt>
</StmntSeq>
</HierarchyLvl>
<HierarchyLvl HierarchyLvlId="3681" HierarchyLvlTypeId="13" Intrnl_Id="41" Name="println">
<Header>
<Loc EndOffset="3954" SrcFileId="1" StartOffset="3918"/>
</Header>
<LocList>
<Loc EndOffset="3986" SrcFileId="1" StartOffset="3918"/>
</LocList>
<StmntSeq Intrnl_Id="42">
<LocList>
<Loc EndOffset="3980" SrcFileId="1" StartOffset="3965"/>
</LocList>
<BasicStmnt CovItemId="S10" CovItemPrefix="StdOut.java" Intrnl_Id="43">
<LocList>
<Loc EndOffset="3980" SrcFileId="1" StartOffset="3965"/>
</LocList>
</BasicStmnt>
</StmntSeq>
</HierarchyLvl>
<HierarchyLvl HierarchyLvlId="3682" HierarchyLvlTypeId="13" Intrnl_Id="44" Name="println">
<Header>
<Loc EndOffset="4160" SrcFileId="1" StartOffset="4125"/>
</Header>
<LocList>
<Loc EndOffset="4192" SrcFileId="1" StartOffset="4125"/>
</LocList>
<StmntSeq Intrnl_Id="45">
<LocList>
<Loc EndOffset="4186" SrcFileId="1" StartOffset="4171"/>
</LocList>
<BasicStmnt CovItemId="S11" CovItemPrefix="StdOut.java" Intrnl_Id="46">
<LocList>
<Loc EndOffset="4186" SrcFileId="1" StartOffset="4171"/>
</LocList>
</BasicStmnt>
</StmntSeq>
</HierarchyLvl>
<HierarchyLvl HierarchyLvlId="3683" HierarchyLvlTypeId="13" Intrnl_Id="47" Name="println">
<Header>
<Loc EndOffset="4364" SrcFileId="1" StartOffset="4331"/>
</Header>
<LocList>
<Loc EndOffset="4396" SrcFileId="1" StartOffset="4331"/>
</LocList>
<StmntSeq Intrnl_Id="48">
<LocList>
<Loc EndOffset="4390" SrcFileId="1" StartOffset="4375"/>
</LocList>
<BasicStmnt CovItemId="S12" CovItemPrefix="StdOut.java" Intrnl_Id="49">
<LocList>
<Loc EndOffset="4390" SrcFileId="1" StartOffset="4375"/>
</LocList>
</BasicStmnt>
</StmntSeq>
</HierarchyLvl>
<HierarchyLvl HierarchyLvlId="3684" HierarchyLvlTypeId="13" Intrnl_Id="50" Name="println">
<Header>
<Loc EndOffset="4562" SrcFileId="1" StartOffset="4528"/>
</Header>
<LocList>
<Loc EndOffset="4594" SrcFileId="1" StartOffset="4528"/>
</LocList>
<StmntSeq Intrnl_Id="51">
<LocList>
<Loc EndOffset="4588" SrcFileId="1" StartOffset="4573"/>
</LocList>
<BasicStmnt CovItemId="S13" CovItemPrefix="StdOut.java" Intrnl_Id="52">
<LocList>
<Loc EndOffset="4588" SrcFileId="1" StartOffset="4573"/>
</LocList>
</BasicStmnt>
</StmntSeq>
</HierarchyLvl>
<HierarchyLvl HierarchyLvlId="3685" HierarchyLvlTypeId="13" Intrnl_Id="53" Name="println">
<Header>
<Loc EndOffset="4771" SrcFileId="1" StartOffset="4736"/>
</Header>
<LocList>
<Loc EndOffset="4803" SrcFileId="1" StartOffset="4736"/>
</LocList>
<StmntSeq Intrnl_Id="54">
<LocList>
<Loc EndOffset="4797" SrcFileId="1" StartOffset="4782"/>
</LocList>
<BasicStmnt CovItemId="S14" CovItemPrefix="StdOut.java" Intrnl_Id="55">
<LocList>
<Loc EndOffset="4797" SrcFileId="1" StartOffset="4782"/>
</LocList>
</BasicStmnt>
</StmntSeq>
</HierarchyLvl>
<HierarchyLvl HierarchyLvlId="3686" HierarchyLvlTypeId="13" Intrnl_Id="56" Name="println">
<Header>
<Loc EndOffset="5035" SrcFileId="1" StartOffset="5001"/>
</Header>
<LocList>
<Loc EndOffset="5067" SrcFileId="1" StartOffset="5001"/>
</LocList>
<StmntSeq Intrnl_Id="57">
<LocList>
<Loc EndOffset="5061" SrcFileId="1" StartOffset="5046"/>
</LocList>
<BasicStmnt CovItemId="S15" CovItemPrefix="StdOut.java" Intrnl_Id="58">
<LocList>
<Loc EndOffset="5061" SrcFileId="1" StartOffset="5046"/>
</LocList>
</BasicStmnt>
</StmntSeq>
</HierarchyLvl>
<HierarchyLvl HierarchyLvlId="3687" HierarchyLvlTypeId="13" Intrnl_Id="59" Name="print">
<Header>
<Loc EndOffset="5146" SrcFileId="1" StartOffset="5120"/>
</Header>
<LocList>
<Loc EndOffset="5175" SrcFileId="1" StartOffset="5120"/>
</LocList>
<StmntSeq Intrnl_Id="60">
<LocList>
<Loc EndOffset="5169" SrcFileId="1" StartOffset="5157"/>
</LocList>
<BasicStmnt CovItemId="S16" CovItemPrefix="StdOut.java" Intrnl_Id="61">
<LocList>
<Loc EndOffset="5169" SrcFileId="1" StartOffset="5157"/>
</LocList>
</BasicStmnt>
</StmntSeq>
</HierarchyLvl>
<HierarchyLvl HierarchyLvlId="3688" HierarchyLvlTypeId="13" Intrnl_Id="62" Name="print">
<Header>
<Loc EndOffset="5346" SrcFileId="1" StartOffset="5312"/>
</Header>
<LocList>
<Loc EndOffset="5397" SrcFileId="1" StartOffset="5312"/>
</LocList>
<StmntSeq Intrnl_Id="63">
<LocList>
<Loc EndOffset="5370" SrcFileId="1" StartOffset="5357"/>
<Loc EndOffset="5391" SrcFileId="1" StartOffset="5379"/>
</LocList>
<BasicStmnt CovItemId="S17" CovItemPrefix="StdOut.java" Intrnl_Id="64">
<LocList>
<Loc EndOffset="5370" SrcFileId="1" StartOffset="5357"/>
</LocList>
</BasicStmnt>
<BasicStmnt CovItemId="S18" CovItemPrefix="StdOut.java" Intrnl_Id="65">
<LocList>
<Loc EndOffset="5391" SrcFileId="1" StartOffset="5379"/>
</LocList>
</BasicStmnt>
</StmntSeq>
</HierarchyLvl>
<HierarchyLvl HierarchyLvlId="3689" HierarchyLvlTypeId="13" Intrnl_Id="66" Name="print">
<Header>
<Loc EndOffset="5570" SrcFileId="1" StartOffset="5535"/>
</Header>
<LocList>
<Loc EndOffset="5621" SrcFileId="1" StartOffset="5535"/>
</LocList>
<StmntSeq Intrnl_Id="67">
<LocList>
<Loc EndOffset="5594" SrcFileId="1" StartOffset="5581"/>
<Loc EndOffset="5615" SrcFileId="1" StartOffset="5603"/>
</LocList>
<BasicStmnt CovItemId="S19" CovItemPrefix="StdOut.java" Intrnl_Id="68">
<LocList>
<Loc EndOffset="5594" SrcFileId="1" StartOffset="5581"/>
</LocList>
</BasicStmnt>
<BasicStmnt CovItemId="S20" CovItemPrefix="StdOut.java" Intrnl_Id="69">
<LocList>
<Loc EndOffset="5615" SrcFileId="1" StartOffset="5603"/>
</LocList>
</BasicStmnt>
</StmntSeq>
</HierarchyLvl>
<HierarchyLvl HierarchyLvlId="3690" HierarchyLvlTypeId="13" Intrnl_Id="70" Name="print">
<Header>
<Loc EndOffset="5795" SrcFileId="1" StartOffset="5763"/>
</Header>
<LocList>
<Loc EndOffset="5846" SrcFileId="1" StartOffset="5763"/>
</LocList>
<StmntSeq Intrnl_Id="71">
<LocList>
<Loc EndOffset="5819" SrcFileId="1" StartOffset="5806"/>
<Loc EndOffset="5840" SrcFileId="1" StartOffset="5828"/>
</LocList>
<BasicStmnt CovItemId="S21" CovItemPrefix="StdOut.java" Intrnl_Id="72">
<LocList>
<Loc EndOffset="5819" SrcFileId="1" StartOffset="5806"/>
</LocList>
</BasicStmnt>
<BasicStmnt CovItemId="S22" CovItemPrefix="StdOut.java" Intrnl_Id="73">
<LocList>
<Loc EndOffset="5840" SrcFileId="1" StartOffset="5828"/>
</LocList>
</BasicStmnt>
</StmntSeq>
</HierarchyLvl>
<HierarchyLvl HierarchyLvlId="3691" HierarchyLvlTypeId="13" Intrnl_Id="74" Name="print">
<Header>
<Loc EndOffset="6016" SrcFileId="1" StartOffset="5982"/>
</Header>
<LocList>
<Loc EndOffset="6067" SrcFileId="1" StartOffset="5982"/>
</LocList>
<StmntSeq Intrnl_Id="75">
<LocList>
<Loc EndOffset="6040" SrcFileId="1" StartOffset="6027"/>
<Loc EndOffset="6061" SrcFileId="1" StartOffset="6049"/>
</LocList>
<BasicStmnt CovItemId="S23" CovItemPrefix="StdOut.java" Intrnl_Id="76">
<LocList>
<Loc EndOffset="6040" SrcFileId="1" StartOffset="6027"/>
</LocList>
</BasicStmnt>
<BasicStmnt CovItemId="S24" CovItemPrefix="StdOut.java" Intrnl_Id="77">
<LocList>
<Loc EndOffset="6061" SrcFileId="1" StartOffset="6049"/>
</LocList>
</BasicStmnt>
</StmntSeq>
</HierarchyLvl>
<HierarchyLvl HierarchyLvlId="3692" HierarchyLvlTypeId="13" Intrnl_Id="78" Name="print">
<Header>
<Loc EndOffset="6234" SrcFileId="1" StartOffset="6201"/>
</Header>
<LocList>
<Loc EndOffset="6285" SrcFileId="1" StartOffset="6201"/>
</LocList>
<StmntSeq Intrnl_Id="79">
<LocList>
<Loc EndOffset="6258" SrcFileId="1" StartOffset="6245"/>
<Loc EndOffset="6279" SrcFileId="1" StartOffset="6267"/>
</LocList>
<BasicStmnt CovItemId="S25" CovItemPrefix="StdOut.java" Intrnl_Id="80">
<LocList>
<Loc EndOffset="6258" SrcFileId="1" StartOffset="6245"/>
</LocList>
</BasicStmnt>
<BasicStmnt CovItemId="S26" CovItemPrefix="StdOut.java" Intrnl_Id="81">
<LocList>
<Loc EndOffset="6279" SrcFileId="1" StartOffset="6267"/>
</LocList>
</BasicStmnt>
</StmntSeq>
</HierarchyLvl>
<HierarchyLvl HierarchyLvlId="3693" HierarchyLvlTypeId="13" Intrnl_Id="82" Name="print">
<Header>
<Loc EndOffset="6455" SrcFileId="1" StartOffset="6424"/>
</Header>
<LocList>
<Loc EndOffset="6506" SrcFileId="1" StartOffset="6424"/>
</LocList>
<StmntSeq Intrnl_Id="83">
<LocList>
<Loc EndOffset="6479" SrcFileId="1" StartOffset="6466"/>
<Loc EndOffset="6500" SrcFileId="1" StartOffset="6488"/>
</LocList>
<BasicStmnt CovItemId="S27" CovItemPrefix="StdOut.java" Intrnl_Id="84">
<LocList>
<Loc EndOffset="6479" SrcFileId="1" StartOffset="6466"/>
</LocList>
</BasicStmnt>
<BasicStmnt CovItemId="S28" CovItemPrefix="StdOut.java" Intrnl_Id="85">
<LocList>
<Loc EndOffset="6500" SrcFileId="1" StartOffset="6488"/>
</LocList>
</BasicStmnt>
</StmntSeq>
</HierarchyLvl>
<HierarchyLvl HierarchyLvlId="3694" HierarchyLvlTypeId="13" Intrnl_Id="86" Name="print">
<Header>
<Loc EndOffset="6686" SrcFileId="1" StartOffset="6654"/>
</Header>
<LocList>
<Loc EndOffset="6737" SrcFileId="1" StartOffset="6654"/>
</LocList>
<StmntSeq Intrnl_Id="87">
<LocList>
<Loc EndOffset="6710" SrcFileId="1" StartOffset="6697"/>
<Loc EndOffset="6731" SrcFileId="1" StartOffset="6719"/>
</LocList>
<BasicStmnt CovItemId="S29" CovItemPrefix="StdOut.java" Intrnl_Id="88">
<LocList>
<Loc EndOffset="6710" SrcFileId="1" StartOffset="6697"/>
</LocList>
</BasicStmnt>
<BasicStmnt CovItemId="S30" CovItemPrefix="StdOut.java" Intrnl_Id="89">
<LocList>
<Loc EndOffset="6731" SrcFileId="1" StartOffset="6719"/>
</LocList>
</BasicStmnt>
</StmntSeq>
</HierarchyLvl>
<HierarchyLvl HierarchyLvlId="3695" HierarchyLvlTypeId="13" Intrnl_Id="90" Name="print">
<Header>
<Loc EndOffset="6920" SrcFileId="1" StartOffset="6887"/>
</Header>
<LocList>
<Loc EndOffset="6971" SrcFileId="1" StartOffset="6887"/>
</LocList>
<StmntSeq Intrnl_Id="91">
<LocList>
<Loc EndOffset="6944" SrcFileId="1" StartOffset="6931"/>
<Loc EndOffset="6965" SrcFileId="1" StartOffset="6953"/>
</LocList>
<BasicStmnt CovItemId="S31" CovItemPrefix="StdOut.java" Intrnl_Id="92">
<LocList>
<Loc EndOffset="6944" SrcFileId="1" StartOffset="6931"/>
</LocList>
</BasicStmnt>
<BasicStmnt CovItemId="S32" CovItemPrefix="StdOut.java" Intrnl_Id="93">
<LocList>
<Loc EndOffset="6965" SrcFileId="1" StartOffset="6953"/>
</LocList>
</BasicStmnt>
</StmntSeq>
</HierarchyLvl>
<HierarchyLvl HierarchyLvlId="3696" HierarchyLvlTypeId="13" Intrnl_Id="94" Name="print">
<Header>
<Loc EndOffset="7134" SrcFileId="1" StartOffset="7102"/>
</Header>
<LocList>
<Loc EndOffset="7185" SrcFileId="1" StartOffset="7102"/>
</LocList>
<StmntSeq Intrnl_Id="95">
<LocList>
<Loc EndOffset="7158" SrcFileId="1" StartOffset="7145"/>
<Loc EndOffset="7179" SrcFileId="1" StartOffset="7167"/>
</LocList>
<BasicStmnt CovItemId="S33" CovItemPrefix="StdOut.java" Intrnl_Id="96">
<LocList>
<Loc EndOffset="7158" SrcFileId="1" StartOffset="7145"/>
</LocList>
</BasicStmnt>
<BasicStmnt CovItemId="S34" CovItemPrefix="StdOut.java" Intrnl_Id="97">
<LocList>
<Loc EndOffset="7179" SrcFileId="1" StartOffset="7167"/>
</LocList>
</BasicStmnt>
</StmntSeq>
</HierarchyLvl>
<HierarchyLvl HierarchyLvlId="3697" HierarchyLvlTypeId="13" Intrnl_Id="98" Name="printf">
<Header>
<Loc EndOffset="7613" SrcFileId="1" StartOffset="7557"/>
</Header>
<LocList>
<Loc EndOffset="7684" SrcFileId="1" StartOffset="7557"/>
</LocList>
<StmntSeq Intrnl_Id="99">
<LocList>
<Loc EndOffset="7657" SrcFileId="1" StartOffset="7624"/>
<Loc EndOffset="7678" SrcFileId="1" StartOffset="7666"/>
</LocList>
<BasicStmnt CovItemId="S35" CovItemPrefix="StdOut.java" Intrnl_Id="100">
<LocList>
<Loc EndOffset="7657" SrcFileId="1" StartOffset="7624"/>
</LocList>
</BasicStmnt>
<BasicStmnt CovItemId="S36" CovItemPrefix="StdOut.java" Intrnl_Id="101">
<LocList>
<Loc EndOffset="7678" SrcFileId="1" StartOffset="7666"/>
</LocList>
</BasicStmnt>
</StmntSeq>
</HierarchyLvl>
<HierarchyLvl HierarchyLvlId="3698" HierarchyLvlTypeId="13" Intrnl_Id="102" Name="printf">
<Header>
<Loc EndOffset="8163" SrcFileId="1" StartOffset="8092"/>
</Header>
<LocList>
<Loc EndOffset="8234" SrcFileId="1" StartOffset="8092"/>
</LocList>
<StmntSeq Intrnl_Id="103">
<LocList>
<Loc EndOffset="8207" SrcFileId="1" StartOffset="8174"/>
<Loc EndOffset="8228" SrcFileId="1" StartOffset="8216"/>
</LocList>
<BasicStmnt CovItemId="S37" CovItemPrefix="StdOut.java" Intrnl_Id="104">
<LocList>
<Loc EndOffset="8207" SrcFileId="1" StartOffset="8174"/>
</LocList>
</BasicStmnt>
<BasicStmnt CovItemId="S38" CovItemPrefix="StdOut.java" Intrnl_Id="105">
<LocList>
<Loc EndOffset="8228" SrcFileId="1" StartOffset="8216"/>
</LocList>
</BasicStmnt>
</StmntSeq>
</HierarchyLvl>
<HierarchyLvl HierarchyLvlId="3699" HierarchyLvlTypeId="13" Intrnl_Id="106" Name="main">
<Header>
<Loc EndOffset="8403" SrcFileId="1" StartOffset="8365"/>
</Header>
<LocList>
<Loc EndOffset="8571" SrcFileId="1" StartOffset="8365"/>
</LocList>
<StmntSeq Intrnl_Id="107">
<LocList>
<Loc EndOffset="8465" SrcFileId="1" StartOffset="8442"/>
<Loc EndOffset="8493" SrcFileId="1" StartOffset="8474"/>
<Loc EndOffset="8523" SrcFileId="1" StartOffset="8502"/>
<Loc EndOffset="8565" SrcFileId="1" StartOffset="8532"/>
</LocList>
<BasicStmnt CovItemId="S39" CovItemPrefix="StdOut.java" Intrnl_Id="108">
<LocList>
<Loc EndOffset="8465" SrcFileId="1" StartOffset="8442"/>
</LocList>
</BasicStmnt>
<BasicStmnt CovItemId="S40" CovItemPrefix="StdOut.java" Intrnl_Id="109">
<LocList>
<Loc EndOffset="8493" SrcFileId="1" StartOffset="8474"/>
</LocList>
</BasicStmnt>
<BasicStmnt CovItemId="S41" CovItemPrefix="StdOut.java" Intrnl_Id="110">
<LocList>
<Loc EndOffset="8523" SrcFileId="1" StartOffset="8502"/>
</LocList>
</BasicStmnt>
<BasicStmnt CovItemId="S42" CovItemPrefix="StdOut.java" Intrnl_Id="111">
<LocList>
<Loc EndOffset="8565" SrcFileId="1" StartOffset="8532"/>
</LocList>
</BasicStmnt>
</StmntSeq>
</HierarchyLvl>
</HierarchyLvl>
<HierarchyLvl HierarchyLvlId="3787" HierarchyLvlTypeId="14" Intrnl_Id="112" Name="StdDraw">
<Header>
<Loc EndOffset="20727" SrcFileId="2" StartOffset="20626"/>
</Header>
<LocList>
<Loc EndOffset="78813" SrcFileId="2" StartOffset="20626"/>
<Loc EndOffset="80673" SrcFileId="2" StartOffset="79840"/>
</LocList>
<StmntSeq Intrnl_Id="113">
<LocList>
<Loc EndOffset="20822" SrcFileId="2" StartOffset="20776"/>
<Loc EndOffset="20912" SrcFileId="2" StartOffset="20868"/>
<Loc EndOffset="21002" SrcFileId="2" StartOffset="20958"/>
<Loc EndOffset="21107" SrcFileId="2" StartOffset="21053"/>
<Loc EndOffset="21197" SrcFileId="2" StartOffset="21153"/>
<Loc EndOffset="21291" SrcFileId="2" StartOffset="21244"/>
<Loc EndOffset="21399" SrcFileId="2" StartOffset="21343"/>
<Loc EndOffset="21498" SrcFileId="2" StartOffset="21448"/>
<Loc EndOffset="21594" SrcFileId="2" StartOffset="21546"/>
<Loc EndOffset="21684" SrcFileId="2" StartOffset="21640"/>
<Loc EndOffset="21771" SrcFileId="2" StartOffset="21729"/>
<Loc EndOffset="21864" SrcFileId="2" StartOffset="21818"/>
<Loc EndOffset="21960" SrcFileId="2" StartOffset="21912"/>
<Loc EndOffset="22191" SrcFileId="2" StartOffset="22131"/>
<Loc EndOffset="22420" SrcFileId="2" StartOffset="22351"/>
<Loc EndOffset="22640" SrcFileId="2" StartOffset="22580"/>
<Loc EndOffset="22866" SrcFileId="2" StartOffset="22797"/>
<Loc EndOffset="22948" SrcFileId="2" StartOffset="22894"/>
<Loc EndOffset="23007" SrcFileId="2" StartOffset="22953"/>
<Loc EndOffset="23175" SrcFileId="2" StartOffset="23132"/>
<Loc EndOffset="23220" SrcFileId="2" StartOffset="23180"/>
<Loc EndOffset="23265" SrcFileId="2" StartOffset="23225"/>
<Loc EndOffset="23351" SrcFileId="2" StartOffset="23297"/>
<Loc EndOffset="23513" SrcFileId="2" StartOffset="23477"/>
<Loc EndOffset="23654" SrcFileId="2" StartOffset="23613"/>
<Loc EndOffset="23705" SrcFileId="2" StartOffset="23659"/>
<Loc EndOffset="23756" SrcFileId="2" StartOffset="23710"/>
<Loc EndOffset="23807" SrcFileId="2" StartOffset="23761"/>
<Loc EndOffset="23858" SrcFileId="2" StartOffset="23812"/>
<Loc EndOffset="23986" SrcFileId="2" StartOffset="23940"/>
<Loc EndOffset="24035" SrcFileId="2" StartOffset="23991"/>
<Loc EndOffset="24139" SrcFileId="2" StartOffset="24061"/>
<Loc EndOffset="24455" SrcFileId="2" StartOffset="24413"/>
<Loc EndOffset="24601" SrcFileId="2" StartOffset="24556"/>
<Loc EndOffset="24638" SrcFileId="2" StartOffset="24606"/>
<Loc EndOffset="24675" SrcFileId="2" StartOffset="24643"/>
<Loc EndOffset="24794" SrcFileId="2" StartOffset="24718"/>
<Loc EndOffset="24912" SrcFileId="2" StartOffset="24847"/>
<Loc EndOffset="25046" SrcFileId="2" StartOffset="25039"/>
</LocList>
<BasicStmnt CovItemId="S1" CovItemPrefix="StdDraw.java" Intrnl_Id="114">
<LocList>
<Loc EndOffset="20822" SrcFileId="2" StartOffset="20776"/>
</LocList>
</BasicStmnt>
<BasicStmnt CovItemId="S2" CovItemPrefix="StdDraw.java" Intrnl_Id="115">
<LocList>
<Loc EndOffset="20912" SrcFileId="2" StartOffset="20868"/>
</LocList>
</BasicStmnt>
<BasicStmnt CovItemId="S3" CovItemPrefix="StdDraw.java" Intrnl_Id="116">
<LocList>
<Loc EndOffset="21002" SrcFileId="2" StartOffset="20958"/>
</LocList>
</BasicStmnt>
<BasicStmnt CovItemId="S4" CovItemPrefix="StdDraw.java" Intrnl_Id="117">
<LocList>
<Loc EndOffset="21107" SrcFileId="2" StartOffset="21053"/>
</LocList>
</BasicStmnt>
<BasicStmnt CovItemId="S5" CovItemPrefix="StdDraw.java" Intrnl_Id="118">
<LocList>
<Loc EndOffset="21197" SrcFileId="2" StartOffset="21153"/>
</LocList>
</BasicStmnt>
<BasicStmnt CovItemId="S6" CovItemPrefix="StdDraw.java" Intrnl_Id="119">
<LocList>
<Loc EndOffset="21291" SrcFileId="2" StartOffset="21244"/>
</LocList>
</BasicStmnt>
<BasicStmnt CovItemId="S7" CovItemPrefix="StdDraw.java" Intrnl_Id="120">
<LocList>
<Loc EndOffset="21399" SrcFileId="2" StartOffset="21343"/>
</LocList>
</BasicStmnt>
<BasicStmnt CovItemId="S8" CovItemPrefix="StdDraw.java" Intrnl_Id="121">
<LocList>
<Loc EndOffset="21498" SrcFileId="2" StartOffset="21448"/>
</LocList>
</BasicStmnt>
<BasicStmnt CovItemId="S9" CovItemPrefix="StdDraw.java" Intrnl_Id="122">
<LocList>
<Loc EndOffset="21594" SrcFileId="2" StartOffset="21546"/>
</LocList>
</BasicStmnt>
<BasicStmnt CovItemId="S10" CovItemPrefix="StdDraw.java" Intrnl_Id="123">
<LocList>
<Loc EndOffset="21684" SrcFileId="2" StartOffset="21640"/>
</LocList>
</BasicStmnt>
<BasicStmnt CovItemId="S11" CovItemPrefix="StdDraw.java" Intrnl_Id="124">
<LocList>
<Loc EndOffset="21771" SrcFileId="2" StartOffset="21729"/>
</LocList>
</BasicStmnt>
<BasicStmnt CovItemId="S12" CovItemPrefix="StdDraw.java" Intrnl_Id="125">
<LocList>
<Loc EndOffset="21864" SrcFileId="2" StartOffset="21818"/>
</LocList>
</BasicStmnt>
<BasicStmnt CovItemId="S13" CovItemPrefix="StdDraw.java" Intrnl_Id="126">
<LocList>
<Loc EndOffset="21960" SrcFileId="2" StartOffset="21912"/>
</LocList>
</BasicStmnt>
<BasicStmnt CovItemId="S14" CovItemPrefix="StdDraw.java" Intrnl_Id="127">
<LocList>
<Loc EndOffset="22191" SrcFileId="2" StartOffset="22131"/>
</LocList>
</BasicStmnt>
<BasicStmnt CovItemId="S15" CovItemPrefix="StdDraw.java" Intrnl_Id="128">
<LocList>
<Loc EndOffset="22420" SrcFileId="2" StartOffset="22351"/>
</LocList>
</BasicStmnt>
<BasicStmnt CovItemId="S16" CovItemPrefix="StdDraw.java" Intrnl_Id="129">
<LocList>
<Loc EndOffset="22640" SrcFileId="2" StartOffset="22580"/>
</LocList>
</BasicStmnt>
<BasicStmnt CovItemId="S17" CovItemPrefix="StdDraw.java" Intrnl_Id="130">
<LocList>
<Loc EndOffset="22866" SrcFileId="2" StartOffset="22797"/>
</LocList>
</BasicStmnt>
<BasicStmnt CovItemId="S18" CovItemPrefix="StdDraw.java" Intrnl_Id="131">
<LocList>
<Loc EndOffset="22948" SrcFileId="2" StartOffset="22894"/>
</LocList>
</BasicStmnt>
<BasicStmnt CovItemId="S19" CovItemPrefix="StdDraw.java" Intrnl_Id="132">
<LocList>
<Loc EndOffset="23007" SrcFileId="2" StartOffset="22953"/>
</LocList>
</BasicStmnt>
<BasicStmnt CovItemId="S20" CovItemPrefix="StdDraw.java" Intrnl_Id="133">
<LocList>
<Loc EndOffset="23175" SrcFileId="2" StartOffset="23132"/>
</LocList>
</BasicStmnt>
<BasicStmnt CovItemId="S21" CovItemPrefix="StdDraw.java" Intrnl_Id="134">
<LocList>
<Loc EndOffset="23220" SrcFileId="2" StartOffset="23180"/>
</LocList>
</BasicStmnt>
<BasicStmnt CovItemId="S22" CovItemPrefix="StdDraw.java" Intrnl_Id="135">
<LocList>
<Loc EndOffset="23265" SrcFileId="2" StartOffset="23225"/>
</LocList>
</BasicStmnt>
<BasicStmnt CovItemId="S23" CovItemPrefix="StdDraw.java" Intrnl_Id="136">
<LocList>
<Loc EndOffset="23351" SrcFileId="2" StartOffset="23297"/>
</LocList>
</BasicStmnt>
<BasicStmnt CovItemId="S24" CovItemPrefix="StdDraw.java" Intrnl_Id="137">
<LocList>
<Loc EndOffset="23513" SrcFileId="2" StartOffset="23477"/>
</LocList>
</BasicStmnt>
<BasicStmnt CovItemId="S25" CovItemPrefix="StdDraw.java" Intrnl_Id="138">
<LocList>
<Loc EndOffset="23654" SrcFileId="2" StartOffset="23613"/>
</LocList>
</BasicStmnt>
<BasicStmnt CovItemId="S26" CovItemPrefix="StdDraw.java" Intrnl_Id="139">
<LocList>
<Loc EndOffset="23705" SrcFileId="2" StartOffset="23659"/>
</LocList>
</BasicStmnt>
<BasicStmnt CovItemId="S27" CovItemPrefix="StdDraw.java" Intrnl_Id="140">
<LocList>
<Loc EndOffset="23756" SrcFileId="2" StartOffset="23710"/>
</LocList>
</BasicStmnt>
<BasicStmnt CovItemId="S28" CovItemPrefix="StdDraw.java" Intrnl_Id="141">
<LocList>
<Loc EndOffset="23807" SrcFileId="2" StartOffset="23761"/>
</LocList>
</BasicStmnt>
<BasicStmnt CovItemId="S29" CovItemPrefix="StdDraw.java" Intrnl_Id="142">
<LocList>
<Loc EndOffset="23858" SrcFileId="2" StartOffset="23812"/>
</LocList>
</BasicStmnt>
<BasicStmnt CovItemId="S30" CovItemPrefix="StdDraw.java" Intrnl_Id="143">
<LocList>
<Loc EndOffset="23986" SrcFileId="2" StartOffset="23940"/>
</LocList>
</BasicStmnt>
<BasicStmnt CovItemId="S31" CovItemPrefix="StdDraw.java" Intrnl_Id="144">
<LocList>
<Loc EndOffset="24035" SrcFileId="2" StartOffset="23991"/>
</LocList>
</BasicStmnt>
<BasicStmnt CovItemId="S32" CovItemPrefix="StdDraw.java" Intrnl_Id="145">
<LocList>
<Loc EndOffset="24139" SrcFileId="2" StartOffset="24061"/>
</LocList>
</BasicStmnt>
<BasicStmnt CovItemId="S33" CovItemPrefix="StdDraw.java" Intrnl_Id="146">
<LocList>
<Loc EndOffset="24455" SrcFileId="2" StartOffset="24413"/>
</LocList>
</BasicStmnt>
<BasicStmnt CovItemId="S34" CovItemPrefix="StdDraw.java" Intrnl_Id="147">
<LocList>
<Loc EndOffset="24601" SrcFileId="2" StartOffset="24556"/>
</LocList>
</BasicStmnt>
<BasicStmnt CovItemId="S35" CovItemPrefix="StdDraw.java" Intrnl_Id="148">
<LocList>
<Loc EndOffset="24638" SrcFileId="2" StartOffset="24606"/>
</LocList>
</BasicStmnt>
<BasicStmnt CovItemId="S36" CovItemPrefix="StdDraw.java" Intrnl_Id="149">
<LocList>
<Loc EndOffset="24675" SrcFileId="2" StartOffset="24643"/>
</LocList>
</BasicStmnt>
<BasicStmnt CovItemId="S37" CovItemPrefix="StdDraw.java" Intrnl_Id="150">
<LocList>
<Loc EndOffset="24794" SrcFileId="2" StartOffset="24718"/>
</LocList>
</BasicStmnt>
<BasicStmnt CovItemId="S38" CovItemPrefix="StdDraw.java" Intrnl_Id="151">
<LocList>
<Loc EndOffset="24912" SrcFileId="2" StartOffset="24847"/>
</LocList>
</BasicStmnt>
<BasicStmnt CovItemId="S39" CovItemPrefix="StdDraw.java" Intrnl_Id="152">
<LocList>
<Loc EndOffset="25046" SrcFileId="2" StartOffset="25039"/>
</LocList>
</BasicStmnt>
</StmntSeq>
<HierarchyLvl HierarchyLvlId="3701" HierarchyLvlTypeId="13" Intrnl_Id="153" Name="StdDraw">
<Header>
<Loc EndOffset="24985" SrcFileId="2" StartOffset="24969"/>
</Header>
<LocList>
<Loc EndOffset="24989" SrcFileId="2" StartOffset="24969"/>
</LocList>
</HierarchyLvl>
<HierarchyLvl HierarchyLvlId="3702" HierarchyLvlTypeId="13" Intrnl_Id="154" Name="setCanvasSize">
<Header>
<Loc EndOffset="25407" SrcFileId="2" StartOffset="25373"/>
</Header>
<LocList>
<Loc EndOffset="25466" SrcFileId="2" StartOffset="25373"/>
</LocList>
<StmntSeq Intrnl_Id="155">
<LocList>
<Loc EndOffset="25460" SrcFileId="2" StartOffset="25418"/>
</LocList>
<BasicStmnt CovItemId="S40" CovItemPrefix="StdDraw.java" Intrnl_Id="156">
<LocList>
<Loc EndOffset="25460" SrcFileId="2" StartOffset="25418"/>
</LocList>
</BasicStmnt>
</StmntSeq>
</HierarchyLvl>
<HierarchyLvl HierarchyLvlId="3703" HierarchyLvlTypeId="13" Intrnl_Id="157" Name="setCanvasSize">
<Header>
<Loc EndOffset="26129" SrcFileId="2" StartOffset="26062"/>
</Header>
<LocList>
<Loc EndOffset="26399" SrcFileId="2" StartOffset="26062"/>
</LocList>
<StmntSeq Intrnl_Id="158">
<LocList>
<Loc EndOffset="26223" SrcFileId="2" StartOffset="26140"/>
<Loc EndOffset="26317" SrcFileId="2" StartOffset="26232"/>
<Loc EndOffset="26346" SrcFileId="2" StartOffset="26326"/>
<Loc EndOffset="26377" SrcFileId="2" StartOffset="26355"/>
<Loc EndOffset="26393" SrcFileId="2" StartOffset="26386"/>
</LocList>
<CondStmnt CovItemId="S41" CovItemPrefix="StdDraw.java" Intrnl_Id="159">
<Branch CovItemId="B1" CovItemPrefix="StdDraw.java" Implct="false" Intrnl_Id="160">
<Cond/>
<LocList>
<Loc EndOffset="26223" SrcFileId="2" StartOffset="26162"/>
</LocList>
<StmntSeq Intrnl_Id="161">
<LocList>
<Loc EndOffset="26223" SrcFileId="2" StartOffset="26162"/>
</LocList>
<BasicStmnt CovItemId="S42" CovItemPrefix="StdDraw.java" Intrnl_Id="162">
<LocList>
<Loc EndOffset="26223" SrcFileId="2" StartOffset="26162"/>
</LocList>
</BasicStmnt>
</StmntSeq>
</Branch>
<Branch CovItemId="B2" CovItemPrefix="StdDraw.java" Implct="true" Intrnl_Id="163">
<Cond/>
<LocList/>
<StmntSeq Intrnl_Id="164">
<LocList/>
</StmntSeq>
</Branch>
<Keyword EndOffset="26142" SrcFileId="2" StartOffset="26140"/>
<LocList>
<Loc EndOffset="26223" SrcFileId="2" StartOffset="26140"/>
</LocList>
<RootTerm CovItemId="C1" CovItemPrefix="StdDraw.java" Intrnl_Id="165">
<BasicBoolTerm Intrnl_Id="166">
<LocList>
<Loc EndOffset="26160" SrcFileId="2" StartOffset="26144"/>
</LocList>
</BasicBoolTerm>
</RootTerm>
</CondStmnt>
<CondStmnt CovItemId="S43" CovItemPrefix="StdDraw.java" Intrnl_Id="167">
<Branch CovItemId="B3" CovItemPrefix="StdDraw.java" Implct="false" Intrnl_Id="168">
<Cond/>
<LocList>
<Loc EndOffset="26317" SrcFileId="2" StartOffset="26255"/>
</LocList>
<StmntSeq Intrnl_Id="169">
<LocList>
<Loc EndOffset="26317" SrcFileId="2" StartOffset="26255"/>
</LocList>
<BasicStmnt CovItemId="S44" CovItemPrefix="StdDraw.java" Intrnl_Id="170">
<LocList>
<Loc EndOffset="26317" SrcFileId="2" StartOffset="26255"/>
</LocList>
</BasicStmnt>
</StmntSeq>
</Branch>
<Branch CovItemId="B4" CovItemPrefix="StdDraw.java" Implct="true" Intrnl_Id="171">
<Cond/>
<LocList/>
<StmntSeq Intrnl_Id="172">
<LocList/>
</StmntSeq>
</Branch>
<Keyword EndOffset="26234" SrcFileId="2" StartOffset="26232"/>
<LocList>
<Loc EndOffset="26317" SrcFileId="2" StartOffset="26232"/>
</LocList>
<RootTerm CovItemId="C2" CovItemPrefix="StdDraw.java" Intrnl_Id="173">
<BasicBoolTerm Intrnl_Id="174">
<LocList>
<Loc EndOffset="26253" SrcFileId="2" StartOffset="26236"/>
</LocList>
</BasicBoolTerm>
</RootTerm>
</CondStmnt>
<BasicStmnt CovItemId="S45" CovItemPrefix="StdDraw.java" Intrnl_Id="175">
<LocList>
<Loc EndOffset="26346" SrcFileId="2" StartOffset="26326"/>
</LocList>
</BasicStmnt>
<BasicStmnt CovItemId="S46" CovItemPrefix="StdDraw.java" Intrnl_Id="176">
<LocList>
<Loc EndOffset="26377" SrcFileId="2" StartOffset="26355"/>
</LocList>
</BasicStmnt>
<BasicStmnt CovItemId="S47" CovItemPrefix="StdDraw.java" Intrnl_Id="177">
<LocList>
<Loc EndOffset="26393" SrcFileId="2" StartOffset="26386"/>
</LocList>
</BasicStmnt>
</StmntSeq>
</HierarchyLvl>
<HierarchyLvl HierarchyLvlId="3704" HierarchyLvlTypeId="13" Intrnl_Id="178" Name="init">
<Header>
<Loc EndOffset="26442" SrcFileId="2" StartOffset="26417"/>
</Header>
<LocList>
<Loc EndOffset="28258" SrcFileId="2" StartOffset="26417"/>
</LocList>
<StmntSeq Intrnl_Id="179">
<LocList>
<Loc EndOffset="26496" SrcFileId="2" StartOffset="26453"/>
<Loc EndOffset="26526" SrcFileId="2" StartOffset="26505"/>
<Loc EndOffset="26618" SrcFileId="2" StartOffset="26535"/>
<Loc EndOffset="26710" SrcFileId="2" StartOffset="26627"/>
<Loc EndOffset="26763" SrcFileId="2" StartOffset="26719"/>
<Loc EndOffset="26815" SrcFileId="2" StartOffset="26772"/>
<Loc EndOffset="26850" SrcFileId="2" StartOffset="26824"/>
<Loc EndOffset="26903" SrcFileId="2" StartOffset="26891"/>
<Loc EndOffset="26924" SrcFileId="2" StartOffset="26912"/>
<Loc EndOffset="26973" SrcFileId="2" StartOffset="26933"/>
<Loc EndOffset="27022" SrcFileId="2" StartOffset="26982"/>
<Loc EndOffset="27045" SrcFileId="2" StartOffset="27031"/>
<Loc EndOffset="27069" SrcFileId="2" StartOffset="27054"/>
<Loc EndOffset="27088" SrcFileId="2" StartOffset="27078"/>
<Loc EndOffset="27105" SrcFileId="2" StartOffset="27097"/>
<Loc EndOffset="27303" SrcFileId="2" StartOffset="27143"/>
<Loc EndOffset="27389" SrcFileId="2" StartOffset="27312"/>
<Loc EndOffset="27433" SrcFileId="2" StartOffset="27398"/>
<Loc EndOffset="27524" SrcFileId="2" StartOffset="27466"/>
<Loc EndOffset="27564" SrcFileId="2" StartOffset="27533"/>
<Loc EndOffset="27601" SrcFileId="2" StartOffset="27574"/>
<Loc EndOffset="27643" SrcFileId="2" StartOffset="27610"/>
<Loc EndOffset="27680" SrcFileId="2" StartOffset="27653"/>
<Loc EndOffset="27715" SrcFileId="2" StartOffset="27689"/>
<Loc EndOffset="27805" SrcFileId="2" StartOffset="27763"/>
<Loc EndOffset="27877" SrcFileId="2" StartOffset="27851"/>
<Loc EndOffset="27939" SrcFileId="2" StartOffset="27886"/>
<Loc EndOffset="28116" SrcFileId="2" StartOffset="28084"/>
<Loc EndOffset="28160" SrcFileId="2" StartOffset="28125"/>
<Loc EndOffset="28182" SrcFileId="2" StartOffset="28169"/>
<Loc EndOffset="28220" SrcFileId="2" StartOffset="28191"/>
<Loc EndOffset="28252" SrcFileId="2" StartOffset="28229"/>
</LocList>
<CondStmnt CovItemId="S48" CovItemPrefix="StdDraw.java" Intrnl_Id="180">
<Branch CovItemId="B5" CovItemPrefix="StdDraw.java" Implct="false" Intrnl_Id="181">
<Cond/>
<LocList>
<Loc EndOffset="26496" SrcFileId="2" StartOffset="26472"/>
</LocList>
<StmntSeq Intrnl_Id="182">
<LocList>
<Loc EndOffset="26496" SrcFileId="2" StartOffset="26472"/>
</LocList>
<BasicStmnt CovItemId="S49" CovItemPrefix="StdDraw.java" Intrnl_Id="183">
<LocList>
<Loc EndOffset="26496" SrcFileId="2" StartOffset="26472"/>
</LocList>
</BasicStmnt>
</StmntSeq>
</Branch>
<Branch CovItemId="B6" CovItemPrefix="StdDraw.java" Implct="true" Intrnl_Id="184">
<Cond/>
<LocList/>
<StmntSeq Intrnl_Id="185">
<LocList/>
</StmntSeq>
</Branch>
<Keyword EndOffset="26455" SrcFileId="2" StartOffset="26453"/>
<LocList>
<Loc EndOffset="26496" SrcFileId="2" StartOffset="26453"/>
</LocList>
<RootTerm CovItemId="C3" CovItemPrefix="StdDraw.java" Intrnl_Id="186">
<BasicBoolTerm Intrnl_Id="187">
<LocList>
<Loc EndOffset="26470" SrcFileId="2" StartOffset="26457"/>
</LocList>
</BasicBoolTerm>
</RootTerm>
</CondStmnt>
<BasicStmnt CovItemId="S50" CovItemPrefix="StdDraw.java" Intrnl_Id="188">
<LocList>
<Loc EndOffset="26526" SrcFileId="2" StartOffset="26505"/>
</LocList>
</BasicStmnt>
<BasicStmnt CovItemId="S51" CovItemPrefix="StdDraw.java" Intrnl_Id="189">
<LocList>
<Loc EndOffset="26618" SrcFileId="2" StartOffset="26535"/>
</LocList>
</BasicStmnt>
<BasicStmnt CovItemId="S52" CovItemPrefix="StdDraw.java" Intrnl_Id="190">
<LocList>
<Loc EndOffset="26710" SrcFileId="2" StartOffset="26627"/>
</LocList>
</BasicStmnt>
<BasicStmnt CovItemId="S53" CovItemPrefix="StdDraw.java" Intrnl_Id="191">
<LocList>
<Loc EndOffset="26763" SrcFileId="2" StartOffset="26719"/>
</LocList>
</BasicStmnt>
<BasicStmnt CovItemId="S54" CovItemPrefix="StdDraw.java" Intrnl_Id="192">
<LocList>
<Loc EndOffset="26815" SrcFileId="2" StartOffset="26772"/>
</LocList>
</BasicStmnt>
<BasicStmnt CovItemId="S55" CovItemPrefix="StdDraw.java" Intrnl_Id="193">
<LocList>
<Loc EndOffset="26850" SrcFileId="2" StartOffset="26824"/>
</LocList>
</BasicStmnt>
<BasicStmnt CovItemId="S56" CovItemPrefix="StdDraw.java" Intrnl_Id="194">
<LocList>
<Loc EndOffset="26903" SrcFileId="2" StartOffset="26891"/>
</LocList>
</BasicStmnt>
<BasicStmnt CovItemId="S57" CovItemPrefix="StdDraw.java" Intrnl_Id="195">
<LocList>
<Loc EndOffset="26924" SrcFileId="2" StartOffset="26912"/>
</LocList>
</BasicStmnt>
<BasicStmnt CovItemId="S58" CovItemPrefix="StdDraw.java" Intrnl_Id="196">
<LocList>
<Loc EndOffset="26973" SrcFileId="2" StartOffset="26933"/>
</LocList>
</BasicStmnt>
<BasicStmnt CovItemId="S59" CovItemPrefix="StdDraw.java" Intrnl_Id="197">
<LocList>
<Loc EndOffset="27022" SrcFileId="2" StartOffset="26982"/>
</LocList>
</BasicStmnt>
<BasicStmnt CovItemId="S60" CovItemPrefix="StdDraw.java" Intrnl_Id="198">
<LocList>
<Loc EndOffset="27045" SrcFileId="2" StartOffset="27031"/>
</LocList>
</BasicStmnt>
<BasicStmnt CovItemId="S61" CovItemPrefix="StdDraw.java" Intrnl_Id="199">
<LocList>
<Loc EndOffset="27069" SrcFileId="2" StartOffset="27054"/>
</LocList>
</BasicStmnt>
<BasicStmnt CovItemId="S62" CovItemPrefix="StdDraw.java" Intrnl_Id="200">
<LocList>
<Loc EndOffset="27088" SrcFileId="2" StartOffset="27078"/>
</LocList>
</BasicStmnt>
<BasicStmnt CovItemId="S63" CovItemPrefix="StdDraw.java" Intrnl_Id="201">
<LocList>
<Loc EndOffset="27105" SrcFileId="2" StartOffset="27097"/>
</LocList>
</BasicStmnt>
<BasicStmnt CovItemId="S64" CovItemPrefix="StdDraw.java" Intrnl_Id="202">
<LocList>
<Loc EndOffset="27303" SrcFileId="2" StartOffset="27143"/>
</LocList>
</BasicStmnt>
<BasicStmnt CovItemId="S65" CovItemPrefix="StdDraw.java" Intrnl_Id="203">
<LocList>
<Loc EndOffset="27389" SrcFileId="2" StartOffset="27312"/>
</LocList>
</BasicStmnt>
<BasicStmnt CovItemId="S66" CovItemPrefix="StdDraw.java" Intrnl_Id="204">
<LocList>
<Loc EndOffset="27433" SrcFileId="2" StartOffset="27398"/>
</LocList>
</BasicStmnt>
<BasicStmnt CovItemId="S67" CovItemPrefix="StdDraw.java" Intrnl_Id="205">
<LocList>
<Loc EndOffset="27524" SrcFileId="2" StartOffset="27466"/>
</LocList>
</BasicStmnt>
<BasicStmnt CovItemId="S68" CovItemPrefix="StdDraw.java" Intrnl_Id="206">
<LocList>
<Loc EndOffset="27564" SrcFileId="2" StartOffset="27533"/>
</LocList>
</BasicStmnt>
<BasicStmnt CovItemId="S69" CovItemPrefix="StdDraw.java" Intrnl_Id="207">
<LocList>
<Loc EndOffset="27601" SrcFileId="2" StartOffset="27574"/>
</LocList>
</BasicStmnt>
<BasicStmnt CovItemId="S70" CovItemPrefix="StdDraw.java" Intrnl_Id="208">
<LocList>
<Loc EndOffset="27643" SrcFileId="2" StartOffset="27610"/>
</LocList>
</BasicStmnt>
<BasicStmnt CovItemId="S71" CovItemPrefix="StdDraw.java" Intrnl_Id="209">
<LocList>
<Loc EndOffset="27680" SrcFileId="2" StartOffset="27653"/>
</LocList>
</BasicStmnt>
<BasicStmnt CovItemId="S72" CovItemPrefix="StdDraw.java" Intrnl_Id="210">
<LocList>
<Loc EndOffset="27715" SrcFileId="2" StartOffset="27689"/>
</LocList>
</BasicStmnt>
<BasicStmnt CovItemId="S73" CovItemPrefix="StdDraw.java" Intrnl_Id="211">
<LocList>
<Loc EndOffset="27805" SrcFileId="2" StartOffset="27763"/>
</LocList>
</BasicStmnt>
<BasicStmnt CovItemId="S74" CovItemPrefix="StdDraw.java" Intrnl_Id="212">
<LocList>
<Loc EndOffset="27877" SrcFileId="2" StartOffset="27851"/>
</LocList>
</BasicStmnt>
<BasicStmnt CovItemId="S75" CovItemPrefix="StdDraw.java" Intrnl_Id="213">
<LocList>
<Loc EndOffset="27939" SrcFileId="2" StartOffset="27886"/>
</LocList>
</BasicStmnt>
<BasicStmnt CovItemId="S76" CovItemPrefix="StdDraw.java" Intrnl_Id="214">
<LocList>
<Loc EndOffset="28116" SrcFileId="2" StartOffset="28084"/>
</LocList>
</BasicStmnt>
<BasicStmnt CovItemId="S77" CovItemPrefix="StdDraw.java" Intrnl_Id="215">
<LocList>
<Loc EndOffset="28160" SrcFileId="2" StartOffset="28125"/>
</LocList>
</BasicStmnt>
<BasicStmnt CovItemId="S78" CovItemPrefix="StdDraw.java" Intrnl_Id="216">
<LocList>
<Loc EndOffset="28182" SrcFileId="2" StartOffset="28169"/>
</LocList>
</BasicStmnt>
<BasicStmnt CovItemId="S79" CovItemPrefix="StdDraw.java" Intrnl_Id="217">
<LocList>
<Loc EndOffset="28220" SrcFileId="2" StartOffset="28191"/>
</LocList>
</BasicStmnt>
<BasicStmnt CovItemId="S80" CovItemPrefix="StdDraw.java" Intrnl_Id="218">
<LocList>
<Loc EndOffset="28252" SrcFileId="2" StartOffset="28229"/>
</LocList>
</BasicStmnt>
</StmntSeq>
</HierarchyLvl>
<HierarchyLvl HierarchyLvlId="3705" HierarchyLvlTypeId="13" Intrnl_Id="219" Name="createMenuBar">
<Header>
<Loc EndOffset="28349" SrcFileId="2" StartOffset="28311"/>
</Header>
<LocList>
<Loc EndOffset="28867" SrcFileId="2" StartOffset="28311"/>
</LocList>
<StmntSeq Intrnl_Id="220">
<LocList>
<Loc EndOffset="28394" SrcFileId="2" StartOffset="28360"/>
<Loc EndOffset="28434" SrcFileId="2" StartOffset="28403"/>
<Loc EndOffset="28461" SrcFileId="2" StartOffset="28443"/>
<Loc EndOffset="28521" SrcFileId="2" StartOffset="28470"/>
<Loc EndOffset="28563" SrcFileId="2" StartOffset="28530"/>
<Loc EndOffset="28808" SrcFileId="2" StartOffset="28658"/>
<Loc EndOffset="28837" SrcFileId="2" StartOffset="28817"/>
<Loc EndOffset="28861" SrcFileId="2" StartOffset="28846"/>
</LocList>
<BasicStmnt CovItemId="S81" CovItemPrefix="StdDraw.java" Intrnl_Id="221">
<LocList>
<Loc EndOffset="28394" SrcFileId="2" StartOffset="28360"/>
</LocList>
</BasicStmnt>
<BasicStmnt CovItemId="S82" CovItemPrefix="StdDraw.java" Intrnl_Id="222">
<LocList>
<Loc EndOffset="28434" SrcFileId="2" StartOffset="28403"/>
</LocList>
</BasicStmnt>
<BasicStmnt CovItemId="S83" CovItemPrefix="StdDraw.java" Intrnl_Id="223">
<LocList>
<Loc EndOffset="28461" SrcFileId="2" StartOffset="28443"/>
</LocList>
</BasicStmnt>
<BasicStmnt CovItemId="S84" CovItemPrefix="StdDraw.java" Intrnl_Id="224">
<LocList>
<Loc EndOffset="28521" SrcFileId="2" StartOffset="28470"/>
</LocList>
</BasicStmnt>
<BasicStmnt CovItemId="S85" CovItemPrefix="StdDraw.java" Intrnl_Id="225">
<LocList>
<Loc EndOffset="28563" SrcFileId="2" StartOffset="28530"/>
</LocList>
</BasicStmnt>
<BasicStmnt CovItemId="S86" CovItemPrefix="StdDraw.java" Intrnl_Id="226">
<LocList>
<Loc EndOffset="28808" SrcFileId="2" StartOffset="28658"/>
</LocList>
</BasicStmnt>
<BasicStmnt CovItemId="S87" CovItemPrefix="StdDraw.java" Intrnl_Id="227">
<LocList>
<Loc EndOffset="28837" SrcFileId="2" StartOffset="28817"/>
</LocList>
</BasicStmnt>
<BasicStmnt CovItemId="S88" CovItemPrefix="StdDraw.java" Intrnl_Id="228">
<LocList>
<Loc EndOffset="28861" SrcFileId="2" StartOffset="28846"/>
</LocList>
</BasicStmnt>
</StmntSeq>
</HierarchyLvl>
<HierarchyLvl HierarchyLvlId="3706" HierarchyLvlTypeId="13" Intrnl_Id="229" Name="validate">
<Header>
<Loc EndOffset="29193" SrcFileId="2" StartOffset="29143"/>
</Header>
<LocList>
<Loc EndOffset="29377" SrcFileId="2" StartOffset="29143"/>
</LocList>
<StmntSeq Intrnl_Id="230">
<LocList>
<Loc EndOffset="29278" SrcFileId="2" StartOffset="29204"/>
<Loc EndOffset="29371" SrcFileId="2" StartOffset="29287"/>
</LocList>
<CondStmnt CovItemId="S89" CovItemPrefix="StdDraw.java" Intrnl_Id="231">
<Branch CovItemId="B7" CovItemPrefix="StdDraw.java" Implct="false" Intrnl_Id="232">
<Cond/>
<LocList>
<Loc EndOffset="29278" SrcFileId="2" StartOffset="29225"/>
</LocList>
<StmntSeq Intrnl_Id="233">
<LocList>
<Loc EndOffset="29278" SrcFileId="2" StartOffset="29225"/>
</LocList>
<BasicStmnt CovItemId="S90" CovItemPrefix="StdDraw.java" Intrnl_Id="234">
<LocList>
<Loc EndOffset="29278" SrcFileId="2" StartOffset="29225"/>
</LocList>
</BasicStmnt>
</StmntSeq>
</Branch>
<Branch CovItemId="B8" CovItemPrefix="StdDraw.java" Implct="true" Intrnl_Id="235">
<Cond/>
<LocList/>
<StmntSeq Intrnl_Id="236">
<LocList/>
</StmntSeq>
</Branch>
<Keyword EndOffset="29206" SrcFileId="2" StartOffset="29204"/>
<LocList>
<Loc EndOffset="29278" SrcFileId="2" StartOffset="29204"/>
</LocList>
<RootTerm CovItemId="C4" CovItemPrefix="StdDraw.java" Intrnl_Id="237">
<BasicBoolTerm Intrnl_Id="238">
<LocList>
<Loc EndOffset="29223" SrcFileId="2" StartOffset="29208"/>
</LocList>
</BasicBoolTerm>
</RootTerm>
</CondStmnt>
<CondStmnt CovItemId="S91" CovItemPrefix="StdDraw.java" Intrnl_Id="239">
<Branch CovItemId="B9" CovItemPrefix="StdDraw.java" Implct="false" Intrnl_Id="240">
<Cond/>
<LocList>
<Loc EndOffset="29371" SrcFileId="2" StartOffset="29313"/>
</LocList>
<StmntSeq Intrnl_Id="241">
<LocList>
<Loc EndOffset="29371" SrcFileId="2" StartOffset="29313"/>
</LocList>
<BasicStmnt CovItemId="S92" CovItemPrefix="StdDraw.java" Intrnl_Id="242">
<LocList>
<Loc EndOffset="29371" SrcFileId="2" StartOffset="29313"/>
</LocList>
</BasicStmnt>
</StmntSeq>
</Branch>
<Branch CovItemId="B10" CovItemPrefix="StdDraw.java" Implct="true" Intrnl_Id="243">
<Cond/>
<LocList/>
<StmntSeq Intrnl_Id="244">
<LocList/>
</StmntSeq>
</Branch>
<Keyword EndOffset="29289" SrcFileId="2" StartOffset="29287"/>
<LocList>
<Loc EndOffset="29371" SrcFileId="2" StartOffset="29287"/>
</LocList>
<RootTerm CovItemId="C5" CovItemPrefix="StdDraw.java" Intrnl_Id="245">
<BasicBoolTerm Intrnl_Id="246">
<LocList>
<Loc EndOffset="29311" SrcFileId="2" StartOffset="29291"/>
</LocList>
</BasicBoolTerm>
</RootTerm>
</CondStmnt>
</StmntSeq>
</HierarchyLvl>
<HierarchyLvl HierarchyLvlId="3707" HierarchyLvlTypeId="13" Intrnl_Id="247" Name="validateNonnegative">
<Header>
<Loc EndOffset="29498" SrcFileId="2" StartOffset="29437"/>
</Header>
<LocList>
<Loc EndOffset="29581" SrcFileId="2" StartOffset="29437"/>
</LocList>
<StmntSeq Intrnl_Id="248">
<LocList>
<Loc EndOffset="29575" SrcFileId="2" StartOffset="29509"/>
</LocList>
<CondStmnt CovItemId="S93" CovItemPrefix="StdDraw.java" Intrnl_Id="249">
<Branch CovItemId="B11" CovItemPrefix="StdDraw.java" Implct="false" Intrnl_Id="250">
<Cond/>
<LocList>
<Loc EndOffset="29575" SrcFileId="2" StartOffset="29520"/>
</LocList>
<StmntSeq Intrnl_Id="251">
<LocList>
<Loc EndOffset="29575" SrcFileId="2" StartOffset="29520"/>
</LocList>
<BasicStmnt CovItemId="S94" CovItemPrefix="StdDraw.java" Intrnl_Id="252">
<LocList>
<Loc EndOffset="29575" SrcFileId="2" StartOffset="29520"/>
</LocList>
</BasicStmnt>
</StmntSeq>
</Branch>
<Branch CovItemId="B12" CovItemPrefix="StdDraw.java" Implct="true" Intrnl_Id="253">
<Cond/>
<LocList/>
<StmntSeq Intrnl_Id="254">
<LocList/>
</StmntSeq>
</Branch>
<Keyword EndOffset="29511" SrcFileId="2" StartOffset="29509"/>
<LocList>
<Loc EndOffset="29575" SrcFileId="2" StartOffset="29509"/>
</LocList>
<RootTerm CovItemId="C6" CovItemPrefix="StdDraw.java" Intrnl_Id="255">
<BasicBoolTerm Intrnl_Id="256">
<LocList>
<Loc EndOffset="29518" SrcFileId="2" StartOffset="29513"/>
</LocList>
</BasicBoolTerm>
</RootTerm>
</CondStmnt>
</StmntSeq>
</HierarchyLvl>
<HierarchyLvl HierarchyLvlId="3708" HierarchyLvlTypeId="13" Intrnl_Id="257" Name="validateNotNull">
<Header>
<Loc EndOffset="29698" SrcFileId="2" StartOffset="29641"/>
</Header>
<LocList>
<Loc EndOffset="29784" SrcFileId="2" StartOffset="29641"/>
</LocList>
<StmntSeq Intrnl_Id="258">
<LocList>
<Loc EndOffset="29778" SrcFileId="2" StartOffset="29709"/>
</LocList>
<CondStmnt CovItemId="S95" CovItemPrefix="StdDraw.java" Intrnl_Id="259">
<Branch CovItemId="B13" CovItemPrefix="StdDraw.java" Implct="false" Intrnl_Id="260">
<Cond/>
<LocList>
<Loc EndOffset="29778" SrcFileId="2" StartOffset="29724"/>
</LocList>
<StmntSeq Intrnl_Id="261">
<LocList>
<Loc EndOffset="29778" SrcFileId="2" StartOffset="29724"/>
</LocList>
<BasicStmnt CovItemId="S96" CovItemPrefix="StdDraw.java" Intrnl_Id="262">
<LocList>
<Loc EndOffset="29778" SrcFileId="2" StartOffset="29724"/>
</LocList>
</BasicStmnt>
</StmntSeq>
</Branch>
<Branch CovItemId="B14" CovItemPrefix="StdDraw.java" Implct="true" Intrnl_Id="263">
<Cond/>
<LocList/>
<StmntSeq Intrnl_Id="264">
<LocList/>
</StmntSeq>
</Branch>
<Keyword EndOffset="29711" SrcFileId="2" StartOffset="29709"/>
<LocList>
<Loc EndOffset="29778" SrcFileId="2" StartOffset="29709"/>
</LocList>
<RootTerm CovItemId="C7" CovItemPrefix="StdDraw.java" Intrnl_Id="265">
<BasicBoolTerm Intrnl_Id="266">
<LocList>
<Loc EndOffset="29722" SrcFileId="2" StartOffset="29713"/>
</LocList>
</BasicBoolTerm>
</RootTerm>
</CondStmnt>
</StmntSeq>
</HierarchyLvl>
<HierarchyLvl HierarchyLvlId="3709" HierarchyLvlTypeId="13" Intrnl_Id="267" Name="setXscale">
<Header>
<Loc EndOffset="29911" SrcFileId="2" StartOffset="29881"/>
</Header>
<LocList>
<Loc EndOffset="29966" SrcFileId="2" StartOffset="29881"/>
</LocList>
<StmntSeq Intrnl_Id="268">
<LocList>
<Loc EndOffset="29960" SrcFileId="2" StartOffset="29922"/>
</LocList>
<BasicStmnt CovItemId="S97" CovItemPrefix="StdDraw.java" Intrnl_Id="269">
<LocList>
<Loc EndOffset="29960" SrcFileId="2" StartOffset="29922"/>
</LocList>
</BasicStmnt>
</StmntSeq>
</HierarchyLvl>
<HierarchyLvl HierarchyLvlId="3710" HierarchyLvlTypeId="13" Intrnl_Id="270" Name="setYscale">
<Header>
<Loc EndOffset="30092" SrcFileId="2" StartOffset="30062"/>
</Header>
<LocList>
<Loc EndOffset="30147" SrcFileId="2" StartOffset="30062"/>
</LocList>
<StmntSeq Intrnl_Id="271">
<LocList>
<Loc EndOffset="30141" SrcFileId="2" StartOffset="30103"/>
</LocList>
<BasicStmnt CovItemId="S98" CovItemPrefix="StdDraw.java" Intrnl_Id="272">
<LocList>
<Loc EndOffset="30141" SrcFileId="2" StartOffset="30103"/>
</LocList>
</BasicStmnt>
</StmntSeq>
</HierarchyLvl>
<HierarchyLvl HierarchyLvlId="3711" HierarchyLvlTypeId="13" Intrnl_Id="273" Name="setScale">
<Header>
<Loc EndOffset="30300" SrcFileId="2" StartOffset="30271"/>
</Header>
<LocList>
<Loc EndOffset="30350" SrcFileId="2" StartOffset="30271"/>
</LocList>
<StmntSeq Intrnl_Id="274">
<LocList>
<Loc EndOffset="30323" SrcFileId="2" StartOffset="30311"/>
<Loc EndOffset="30344" SrcFileId="2" StartOffset="30332"/>
</LocList>
<BasicStmnt CovItemId="S99" CovItemPrefix="StdDraw.java" Intrnl_Id="275">
<LocList>
<Loc EndOffset="30323" SrcFileId="2" StartOffset="30311"/>
</LocList>
</BasicStmnt>
<BasicStmnt CovItemId="S100" CovItemPrefix="StdDraw.java" Intrnl_Id="276">
<LocList>
<Loc EndOffset="30344" SrcFileId="2" StartOffset="30332"/>
</LocList>
</BasicStmnt>
</StmntSeq>
</HierarchyLvl>
<HierarchyLvl HierarchyLvlId="3712" HierarchyLvlTypeId="13" Intrnl_Id="277" Name="setXscale">
<Header>
<Loc EndOffset="30777" SrcFileId="2" StartOffset="30725"/>
</Header>
<LocList>
<Loc EndOffset="31096" SrcFileId="2" StartOffset="30725"/>
</LocList>
<StmntSeq Intrnl_Id="278">
<LocList>
<Loc EndOffset="30809" SrcFileId="2" StartOffset="30788"/>
<Loc EndOffset="30839" SrcFileId="2" StartOffset="30818"/>
<Loc EndOffset="30872" SrcFileId="2" StartOffset="30848"/>
<Loc EndOffset="30965" SrcFileId="2" StartOffset="30881"/>
<Loc EndOffset="30997" SrcFileId="2" StartOffset="30988"/>
<Loc EndOffset="31040" SrcFileId="2" StartOffset="31013"/>
<Loc EndOffset="31080" SrcFileId="2" StartOffset="31053"/>
</LocList>
<BasicStmnt CovItemId="S101" CovItemPrefix="StdDraw.java" Intrnl_Id="279">
<LocList>
<Loc EndOffset="30809" SrcFileId="2" StartOffset="30788"/>
</LocList>
</BasicStmnt>
<BasicStmnt CovItemId="S102" CovItemPrefix="StdDraw.java" Intrnl_Id="280">
<LocList>
<Loc EndOffset="30839" SrcFileId="2" StartOffset="30818"/>
</LocList>
</BasicStmnt>
<BasicStmnt CovItemId="S103" CovItemPrefix="StdDraw.java" Intrnl_Id="281">
<LocList>
<Loc EndOffset="30872" SrcFileId="2" StartOffset="30848"/>
</LocList>
</BasicStmnt>
<CondStmnt CovItemId="S104" CovItemPrefix="StdDraw.java" Intrnl_Id="282">
<Branch CovItemId="B15" CovItemPrefix="StdDraw.java" Implct="false" Intrnl_Id="283">
<Cond/>
<LocList>
<Loc EndOffset="30965" SrcFileId="2" StartOffset="30898"/>
</LocList>
<StmntSeq Intrnl_Id="284">
<LocList>
<Loc EndOffset="30965" SrcFileId="2" StartOffset="30898"/>
</LocList>
<BasicStmnt CovItemId="S105" CovItemPrefix="StdDraw.java" Intrnl_Id="285">
<LocList>
<Loc EndOffset="30965" SrcFileId="2" StartOffset="30898"/>
</LocList>
</BasicStmnt>
</StmntSeq>
</Branch>
<Branch CovItemId="B16" CovItemPrefix="StdDraw.java" Implct="true" Intrnl_Id="286">
<Cond/>
<LocList/>
<StmntSeq Intrnl_Id="287">
<LocList/>
</StmntSeq>
</Branch>
<Keyword EndOffset="30883" SrcFileId="2" StartOffset="30881"/>
<LocList>
<Loc EndOffset="30965" SrcFileId="2" StartOffset="30881"/>
</LocList>
<RootTerm CovItemId="C8" CovItemPrefix="StdDraw.java" Intrnl_Id="288">
<BasicBoolTerm Intrnl_Id="289">
<LocList>
<Loc EndOffset="30896" SrcFileId="2" StartOffset="30885"/>
</LocList>
</BasicBoolTerm>
</RootTerm>
</CondStmnt>
<SyncStmnt CovItemId="Y0" CovItemPrefix="StdDraw.java" Intrnl_Id="290" SyncStmnt0="Y0-0" SyncStmnt1="Y0-1" SyncStmnt2="Y0-2">
<Keyword EndOffset="30997" SrcFileId="2" StartOffset="30988"/>
<LocList>
<Loc EndOffset="30997" SrcFileId="2" StartOffset="30988"/>
</LocList>
</SyncStmnt>
<BasicStmnt CovItemId="S106" CovItemPrefix="StdDraw.java" Intrnl_Id="291">
<LocList>
<Loc EndOffset="31040" SrcFileId="2" StartOffset="31013"/>
</LocList>
</BasicStmnt>
<BasicStmnt CovItemId="S107" CovItemPrefix="StdDraw.java" Intrnl_Id="292">
<LocList>
<Loc EndOffset="31080" SrcFileId="2" StartOffset="31053"/>
</LocList>
</BasicStmnt>
</StmntSeq>
</HierarchyLvl>
<HierarchyLvl HierarchyLvlId="3713" HierarchyLvlTypeId="13" Intrnl_Id="293" Name="setYscale">
<Header>
<Loc EndOffset="31523" SrcFileId="2" StartOffset="31471"/>
</Header>
<LocList>
<Loc EndOffset="31842" SrcFileId="2" StartOffset="31471"/>
</LocList>
<StmntSeq Intrnl_Id="294">
<LocList>
<Loc EndOffset="31555" SrcFileId="2" StartOffset="31534"/>
<Loc EndOffset="31585" SrcFileId="2" StartOffset="31564"/>
<Loc EndOffset="31618" SrcFileId="2" StartOffset="31594"/>
<Loc EndOffset="31711" SrcFileId="2" StartOffset="31627"/>
<Loc EndOffset="31743" SrcFileId="2" StartOffset="31734"/>
<Loc EndOffset="31786" SrcFileId="2" StartOffset="31759"/>
<Loc EndOffset="31826" SrcFileId="2" StartOffset="31799"/>
</LocList>
<BasicStmnt CovItemId="S108" CovItemPrefix="StdDraw.java" Intrnl_Id="295">
<LocList>
<Loc EndOffset="31555" SrcFileId="2" StartOffset="31534"/>
</LocList>
</BasicStmnt>
<BasicStmnt CovItemId="S109" CovItemPrefix="StdDraw.java" Intrnl_Id="296">
<LocList>
<Loc EndOffset="31585" SrcFileId="2" StartOffset="31564"/>
</LocList>
</BasicStmnt>
<BasicStmnt CovItemId="S110" CovItemPrefix="StdDraw.java" Intrnl_Id="297">
<LocList>
<Loc EndOffset="31618" SrcFileId="2" StartOffset="31594"/>
</LocList>
</BasicStmnt>
<CondStmnt CovItemId="S111" CovItemPrefix="StdDraw.java" Intrnl_Id="298">
<Branch CovItemId="B17" CovItemPrefix="StdDraw.java" Implct="false" Intrnl_Id="299">
<Cond/>
<LocList>
<Loc EndOffset="31711" SrcFileId="2" StartOffset="31644"/>
</LocList>
<StmntSeq Intrnl_Id="300">
<LocList>
<Loc EndOffset="31711" SrcFileId="2" StartOffset="31644"/>
</LocList>
<BasicStmnt CovItemId="S112" CovItemPrefix="StdDraw.java" Intrnl_Id="301">
<LocList>
<Loc EndOffset="31711" SrcFileId="2" StartOffset="31644"/>
</LocList>
</BasicStmnt>
</StmntSeq>
</Branch>
<Branch CovItemId="B18" CovItemPrefix="StdDraw.java" Implct="true" Intrnl_Id="302">
<Cond/>
<LocList/>
<StmntSeq Intrnl_Id="303">
<LocList/>
</StmntSeq>
</Branch>
<Keyword EndOffset="31629" SrcFileId="2" StartOffset="31627"/>
<LocList>
<Loc EndOffset="31711" SrcFileId="2" StartOffset="31627"/>
</LocList>
<RootTerm CovItemId="C9" CovItemPrefix="StdDraw.java" Intrnl_Id="304">
<BasicBoolTerm Intrnl_Id="305">
<LocList>
<Loc EndOffset="31642" SrcFileId="2" StartOffset="31631"/>
</LocList>
</BasicBoolTerm>
</RootTerm>
</CondStmnt>
<SyncStmnt CovItemId="Y1" CovItemPrefix="StdDraw.java" Intrnl_Id="306" SyncStmnt0="Y1-0" SyncStmnt1="Y1-1" SyncStmnt2="Y1-2">
<Keyword EndOffset="31743" SrcFileId="2" StartOffset="31734"/>
<LocList>
<Loc EndOffset="31743" SrcFileId="2" StartOffset="31734"/>
</LocList>
</SyncStmnt>
<BasicStmnt CovItemId="S113" CovItemPrefix="StdDraw.java" Intrnl_Id="307">
<LocList>
<Loc EndOffset="31786" SrcFileId="2" StartOffset="31759"/>
</LocList>
</BasicStmnt>
<BasicStmnt CovItemId="S114" CovItemPrefix="StdDraw.java" Intrnl_Id="308">
<LocList>
<Loc EndOffset="31826" SrcFileId="2" StartOffset="31799"/>
</LocList>
</BasicStmnt>
</StmntSeq>
</HierarchyLvl>
<HierarchyLvl HierarchyLvlId="3714" HierarchyLvlTypeId="13" Intrnl_Id="309" Name="setScale">
<Header>
<Loc EndOffset="32335" SrcFileId="2" StartOffset="32284"/>
</Header>
<LocList>
<Loc EndOffset="32734" SrcFileId="2" StartOffset="32284"/>
</LocList>
<StmntSeq Intrnl_Id="310">
<LocList>
<Loc EndOffset="32367" SrcFileId="2" StartOffset="32346"/>
<Loc EndOffset="32397" SrcFileId="2" StartOffset="32376"/>
<Loc EndOffset="32430" SrcFileId="2" StartOffset="32406"/>
<Loc EndOffset="32523" SrcFileId="2" StartOffset="32439"/>
<Loc EndOffset="32555" SrcFileId="2" StartOffset="32546"/>
<Loc EndOffset="32598" SrcFileId="2" StartOffset="32571"/>
<Loc EndOffset="32638" SrcFileId="2" StartOffset="32611"/>
<Loc EndOffset="32678" SrcFileId="2" StartOffset="32651"/>
<Loc EndOffset="32718" SrcFileId="2" StartOffset="32691"/>
</LocList>
<BasicStmnt CovItemId="S115" CovItemPrefix="StdDraw.java" Intrnl_Id="311">
<LocList>
<Loc EndOffset="32367" SrcFileId="2" StartOffset="32346"/>
</LocList>
</BasicStmnt>
<BasicStmnt CovItemId="S116" CovItemPrefix="StdDraw.java" Intrnl_Id="312">
<LocList>
<Loc EndOffset="32397" SrcFileId="2" StartOffset="32376"/>
</LocList>
</BasicStmnt>
<BasicStmnt CovItemId="S117" CovItemPrefix="StdDraw.java" Intrnl_Id="313">
<LocList>
<Loc EndOffset="32430" SrcFileId="2" StartOffset="32406"/>
</LocList>
</BasicStmnt>
<CondStmnt CovItemId="S118" CovItemPrefix="StdDraw.java" Intrnl_Id="314">
<Branch CovItemId="B19" CovItemPrefix="StdDraw.java" Implct="false" Intrnl_Id="315">
<Cond/>
<LocList>
<Loc EndOffset="32523" SrcFileId="2" StartOffset="32456"/>
</LocList>
<StmntSeq Intrnl_Id="316">
<LocList>
<Loc EndOffset="32523" SrcFileId="2" StartOffset="32456"/>
</LocList>
<BasicStmnt CovItemId="S119" CovItemPrefix="StdDraw.java" Intrnl_Id="317">
<LocList>
<Loc EndOffset="32523" SrcFileId="2" StartOffset="32456"/>
</LocList>
</BasicStmnt>
</StmntSeq>
</Branch>
<Branch CovItemId="B20" CovItemPrefix="StdDraw.java" Implct="true" Intrnl_Id="318">
<Cond/>
<LocList/>
<StmntSeq Intrnl_Id="319">
<LocList/>
</StmntSeq>
</Branch>
<Keyword EndOffset="32441" SrcFileId="2" StartOffset="32439"/>
<LocList>
<Loc EndOffset="32523" SrcFileId="2" StartOffset="32439"/>
</LocList>
<RootTerm CovItemId="C10" CovItemPrefix="StdDraw.java" Intrnl_Id="320">
<BasicBoolTerm Intrnl_Id="321">
<LocList>
<Loc EndOffset="32454" SrcFileId="2" StartOffset="32443"/>
</LocList>
</BasicBoolTerm>
</RootTerm>
</CondStmnt>
<SyncStmnt CovItemId="Y2" CovItemPrefix="StdDraw.java" Intrnl_Id="322" SyncStmnt0="Y2-0" SyncStmnt1="Y2-1" SyncStmnt2="Y2-2">
<Keyword EndOffset="32555" SrcFileId="2" StartOffset="32546"/>
<LocList>
<Loc EndOffset="32555" SrcFileId="2" StartOffset="32546"/>
</LocList>
</SyncStmnt>
<BasicStmnt CovItemId="S120" CovItemPrefix="StdDraw.java" Intrnl_Id="323">
<LocList>
<Loc EndOffset="32598" SrcFileId="2" StartOffset="32571"/>
</LocList>
</BasicStmnt>
<BasicStmnt CovItemId="S121" CovItemPrefix="StdDraw.java" Intrnl_Id="324">
<LocList>
<Loc EndOffset="32638" SrcFileId="2" StartOffset="32611"/>
</LocList>
</BasicStmnt>
<BasicStmnt CovItemId="S122" CovItemPrefix="StdDraw.java" Intrnl_Id="325">
<LocList>
<Loc EndOffset="32678" SrcFileId="2" StartOffset="32651"/>
</LocList>
</BasicStmnt>
<BasicStmnt CovItemId="S123" CovItemPrefix="StdDraw.java" Intrnl_Id="326">
<LocList>
<Loc EndOffset="32718" SrcFileId="2" StartOffset="32691"/>
</LocList>
</BasicStmnt>
</StmntSeq>
</HierarchyLvl>
<HierarchyLvl HierarchyLvlId="3715" HierarchyLvlTypeId="13" Intrnl_Id="327" Name="scaleX">
<Header>
<Loc EndOffset="32866" SrcFileId="2" StartOffset="32828"/>
</Header>
<LocList>
<Loc EndOffset="32914" SrcFileId="2" StartOffset="32828"/>
</LocList>
<StmntSeq Intrnl_Id="328">
<LocList>
<Loc EndOffset="32912" SrcFileId="2" StartOffset="32869"/>
</LocList>
<BasicStmnt CovItemId="S124" CovItemPrefix="StdDraw.java" Intrnl_Id="329">
<LocList>
<Loc EndOffset="32912" SrcFileId="2" StartOffset="32869"/>
</LocList>
</BasicStmnt>
</StmntSeq>
</HierarchyLvl>
<HierarchyLvl HierarchyLvlId="3716" HierarchyLvlTypeId="13" Intrnl_Id="330" Name="scaleY">
<Header>
<Loc EndOffset="32957" SrcFileId="2" StartOffset="32919"/>
</Header>
<LocList>
<Loc EndOffset="33005" SrcFileId="2" StartOffset="32919"/>
</LocList>
<StmntSeq Intrnl_Id="331">
<LocList>
<Loc EndOffset="33003" SrcFileId="2" StartOffset="32960"/>
</LocList>
<BasicStmnt CovItemId="S125" CovItemPrefix="StdDraw.java" Intrnl_Id="332">
<LocList>
<Loc EndOffset="33003" SrcFileId="2" StartOffset="32960"/>
</LocList>
</BasicStmnt>
</StmntSeq>
</HierarchyLvl>
<HierarchyLvl HierarchyLvlId="3717" HierarchyLvlTypeId="13" Intrnl_Id="333" Name="factorX">
<Header>
<Loc EndOffset="33048" SrcFileId="2" StartOffset="33010"/>
</Header>
<LocList>
<Loc EndOffset="33096" SrcFileId="2" StartOffset="33010"/>
</LocList>
<StmntSeq Intrnl_Id="334">
<LocList>
<Loc EndOffset="33093" SrcFileId="2" StartOffset="33051"/>
</LocList>
<BasicStmnt CovItemId="S126" CovItemPrefix="StdDraw.java" Intrnl_Id="335">
<LocList>
<Loc EndOffset="33093" SrcFileId="2" StartOffset="33051"/>
</LocList>
</BasicStmnt>
</StmntSeq>
</HierarchyLvl>
<HierarchyLvl HierarchyLvlId="3718" HierarchyLvlTypeId="13" Intrnl_Id="336" Name="factorY">
<Header>
<Loc EndOffset="33139" SrcFileId="2" StartOffset="33101"/>
</Header>
<LocList>
<Loc EndOffset="33187" SrcFileId="2" StartOffset="33101"/>
</LocList>
<StmntSeq Intrnl_Id="337">
<LocList>
<Loc EndOffset="33184" SrcFileId="2" StartOffset="33142"/>
</LocList>
<BasicStmnt CovItemId="S127" CovItemPrefix="StdDraw.java" Intrnl_Id="338">
<LocList>
<Loc EndOffset="33184" SrcFileId="2" StartOffset="33142"/>
</LocList>
</BasicStmnt>
</StmntSeq>
</HierarchyLvl>
<HierarchyLvl HierarchyLvlId="3719" HierarchyLvlTypeId="13" Intrnl_Id="339" Name="userX">
<Header>
<Loc EndOffset="33230" SrcFileId="2" StartOffset="33192"/>
</Header>
<LocList>
<Loc EndOffset="33278" SrcFileId="2" StartOffset="33192"/>
</LocList>
<StmntSeq Intrnl_Id="340">
<LocList>
<Loc EndOffset="33273" SrcFileId="2" StartOffset="33233"/>
</LocList>
<BasicStmnt CovItemId="S128" CovItemPrefix="StdDraw.java" Intrnl_Id="341">
<LocList>
<Loc EndOffset="33273" SrcFileId="2" StartOffset="33233"/>
</LocList>
</BasicStmnt>
</StmntSeq>
</HierarchyLvl>
<HierarchyLvl HierarchyLvlId="3720" HierarchyLvlTypeId="13" Intrnl_Id="342" Name="userY">
<Header>
<Loc EndOffset="33321" SrcFileId="2" StartOffset="33283"/>
</Header>
<LocList>
<Loc EndOffset="33369" SrcFileId="2" StartOffset="33283"/>
</LocList>
<StmntSeq Intrnl_Id="343">
<LocList>
<Loc EndOffset="33365" SrcFileId="2" StartOffset="33324"/>
</LocList>
<BasicStmnt CovItemId="S129" CovItemPrefix="StdDraw.java" Intrnl_Id="344">
<LocList>
<Loc EndOffset="33365" SrcFileId="2" StartOffset="33324"/>
</LocList>
</BasicStmnt>
</StmntSeq>
</HierarchyLvl>
<HierarchyLvl HierarchyLvlId="3721" HierarchyLvlTypeId="13" Intrnl_Id="345" Name="clear">
<Header>
<Loc EndOffset="33473" SrcFileId="2" StartOffset="33447"/>
</Header>
<LocList>
<Loc EndOffset="33517" SrcFileId="2" StartOffset="33447"/>
</LocList>
<StmntSeq Intrnl_Id="346">
<LocList>
<Loc EndOffset="33511" SrcFileId="2" StartOffset="33484"/>
</LocList>
<BasicStmnt CovItemId="S130" CovItemPrefix="StdDraw.java" Intrnl_Id="347">
<LocList>
<Loc EndOffset="33511" SrcFileId="2" StartOffset="33484"/>
</LocList>
</BasicStmnt>
</StmntSeq>
</HierarchyLvl>
<HierarchyLvl HierarchyLvlId="3722" HierarchyLvlTypeId="13" Intrnl_Id="348" Name="clear">
<Header>
<Loc EndOffset="33758" SrcFileId="2" StartOffset="33721"/>
</Header>
<LocList>
<Loc EndOffset="33945" SrcFileId="2" StartOffset="33721"/>
</LocList>
<StmntSeq Intrnl_Id="349">
<LocList>
<Loc EndOffset="33801" SrcFileId="2" StartOffset="33769"/>
<Loc EndOffset="33836" SrcFileId="2" StartOffset="33810"/>
<Loc EndOffset="33885" SrcFileId="2" StartOffset="33845"/>
<Loc EndOffset="33923" SrcFileId="2" StartOffset="33894"/>
<Loc EndOffset="33939" SrcFileId="2" StartOffset="33932"/>
</LocList>
<BasicStmnt CovItemId="S131" CovItemPrefix="StdDraw.java" Intrnl_Id="350">
<LocList>
<Loc EndOffset="33801" SrcFileId="2" StartOffset="33769"/>
</LocList>
</BasicStmnt>
<BasicStmnt CovItemId="S132" CovItemPrefix="StdDraw.java" Intrnl_Id="351">
<LocList>
<Loc EndOffset="33836" SrcFileId="2" StartOffset="33810"/>
</LocList>
</BasicStmnt>
<BasicStmnt CovItemId="S133" CovItemPrefix="StdDraw.java" Intrnl_Id="352">
<LocList>
<Loc EndOffset="33885" SrcFileId="2" StartOffset="33845"/>
</LocList>
</BasicStmnt>
<BasicStmnt CovItemId="S134" CovItemPrefix="StdDraw.java" Intrnl_Id="353">
<LocList>
<Loc EndOffset="33923" SrcFileId="2" StartOffset="33894"/>
</LocList>
</BasicStmnt>
<BasicStmnt CovItemId="S135" CovItemPrefix="StdDraw.java" Intrnl_Id="354">
<LocList>
<Loc EndOffset="33939" SrcFileId="2" StartOffset="33932"/>
</LocList>
</BasicStmnt>
</StmntSeq>
</HierarchyLvl>
<HierarchyLvl HierarchyLvlId="3723" HierarchyLvlTypeId="13" Intrnl_Id="355" Name="getPenRadius">
<Header>
<Loc EndOffset="34099" SrcFileId="2" StartOffset="34064"/>
</Header>
<LocList>
<Loc EndOffset="34133" SrcFileId="2" StartOffset="34064"/>
</LocList>
<StmntSeq Intrnl_Id="356">
<LocList>
<Loc EndOffset="34127" SrcFileId="2" StartOffset="34110"/>
</LocList>
<BasicStmnt CovItemId="S136" CovItemPrefix="StdDraw.java" Intrnl_Id="357">
<LocList>
<Loc EndOffset="34127" SrcFileId="2" StartOffset="34110"/>
</LocList>
</BasicStmnt>
</StmntSeq>
</HierarchyLvl>
<HierarchyLvl HierarchyLvlId="3724" HierarchyLvlTypeId="13" Intrnl_Id="358" Name="setPenRadius">
<Header>
<Loc EndOffset="34463" SrcFileId="2" StartOffset="34430"/>
</Header>
<LocList>
<Loc EndOffset="34513" SrcFileId="2" StartOffset="34430"/>
</LocList>
<StmntSeq Intrnl_Id="359">
<LocList>
<Loc EndOffset="34507" SrcFileId="2" StartOffset="34474"/>
</LocList>
<BasicStmnt CovItemId="S137" CovItemPrefix="StdDraw.java" Intrnl_Id="360">
<LocList>
<Loc EndOffset="34507" SrcFileId="2" StartOffset="34474"/>
</LocList>
</BasicStmnt>
</StmntSeq>
</HierarchyLvl>
<HierarchyLvl HierarchyLvlId="3725" HierarchyLvlTypeId="13" Intrnl_Id="361" Name="setPenRadius">
<Header>
<Loc EndOffset="34998" SrcFileId="2" StartOffset="34952"/>
</Header>
<LocList>
<Loc EndOffset="35404" SrcFileId="2" StartOffset="34952"/>
</LocList>
<StmntSeq Intrnl_Id="362">
<LocList>
<Loc EndOffset="35040" SrcFileId="2" StartOffset="35009"/>
<Loc EndOffset="35091" SrcFileId="2" StartOffset="35049"/>
<Loc EndOffset="35120" SrcFileId="2" StartOffset="35101"/>
<Loc EndOffset="35185" SrcFileId="2" StartOffset="35129"/>
<Loc EndOffset="35295" SrcFileId="2" StartOffset="35194"/>
<Loc EndOffset="35398" SrcFileId="2" StartOffset="35370"/>
</LocList>
<BasicStmnt CovItemId="S138" CovItemPrefix="StdDraw.java" Intrnl_Id="363">
<LocList>
<Loc EndOffset="35040" SrcFileId="2" StartOffset="35009"/>
</LocList>
</BasicStmnt>
<BasicStmnt CovItemId="S139" CovItemPrefix="StdDraw.java" Intrnl_Id="364">
<LocList>
<Loc EndOffset="35091" SrcFileId="2" StartOffset="35049"/>
</LocList>
</BasicStmnt>
<BasicStmnt CovItemId="S140" CovItemPrefix="StdDraw.java" Intrnl_Id="365">
<LocList>
<Loc EndOffset="35120" SrcFileId="2" StartOffset="35101"/>
</LocList>
</BasicStmnt>
<BasicStmnt CovItemId="S141" CovItemPrefix="StdDraw.java" Intrnl_Id="366">
<LocList>
<Loc EndOffset="35185" SrcFileId="2" StartOffset="35129"/>
</LocList>
</BasicStmnt>
<BasicStmnt CovItemId="S142" CovItemPrefix="StdDraw.java" Intrnl_Id="367">
<LocList>
<Loc EndOffset="35295" SrcFileId="2" StartOffset="35194"/>
</LocList>
</BasicStmnt>
<BasicStmnt CovItemId="S143" CovItemPrefix="StdDraw.java" Intrnl_Id="368">
<LocList>
<Loc EndOffset="35398" SrcFileId="2" StartOffset="35370"/>
</LocList>
</BasicStmnt>
</StmntSeq>
</HierarchyLvl>
<HierarchyLvl HierarchyLvlId="3726" HierarchyLvlTypeId="13" Intrnl_Id="369" Name="getPenColor">
<Header>
<Loc EndOffset="35541" SrcFileId="2" StartOffset="35508"/>
</Header>
<LocList>
<Loc EndOffset="35574" SrcFileId="2" StartOffset="35508"/>
</LocList>
<StmntSeq Intrnl_Id="370">
<LocList>
<Loc EndOffset="35568" SrcFileId="2" StartOffset="35552"/>
</LocList>
<BasicStmnt CovItemId="S144" CovItemPrefix="StdDraw.java" Intrnl_Id="371">
<LocList>
<Loc EndOffset="35568" SrcFileId="2" StartOffset="35552"/>
</LocList>
</BasicStmnt>
</StmntSeq>
</HierarchyLvl>
<HierarchyLvl HierarchyLvlId="3727" HierarchyLvlTypeId="13" Intrnl_Id="372" Name="setPenColor">
<Header>
<Loc EndOffset="35684" SrcFileId="2" StartOffset="35652"/>
</Header>
<LocList>
<Loc EndOffset="35732" SrcFileId="2" StartOffset="35652"/>
</LocList>
<StmntSeq Intrnl_Id="373">
<LocList>
<Loc EndOffset="35726" SrcFileId="2" StartOffset="35695"/>
</LocList>
<BasicStmnt CovItemId="S145" CovItemPrefix="StdDraw.java" Intrnl_Id="374">
<LocList>
<Loc EndOffset="35726" SrcFileId="2" StartOffset="35695"/>
</LocList>
</BasicStmnt>
</StmntSeq>
</HierarchyLvl>
<HierarchyLvl HierarchyLvlId="3728" HierarchyLvlTypeId="13" Intrnl_Id="375" Name="setPenColor">
<Header>
<Loc EndOffset="36366" SrcFileId="2" StartOffset="36323"/>
</Header>
<LocList>
<Loc EndOffset="36479" SrcFileId="2" StartOffset="36323"/>
</LocList>
<StmntSeq Intrnl_Id="376">
<LocList>
<Loc EndOffset="36409" SrcFileId="2" StartOffset="36377"/>
<Loc EndOffset="36435" SrcFileId="2" StartOffset="36418"/>
<Loc EndOffset="36473" SrcFileId="2" StartOffset="36444"/>
</LocList>
<BasicStmnt CovItemId="S146" CovItemPrefix="StdDraw.java" Intrnl_Id="377">
<LocList>
<Loc EndOffset="36409" SrcFileId="2" StartOffset="36377"/>
</LocList>
</BasicStmnt>
<BasicStmnt CovItemId="S147" CovItemPrefix="StdDraw.java" Intrnl_Id="378">
<LocList>
<Loc EndOffset="36435" SrcFileId="2" StartOffset="36418"/>
</LocList>
</BasicStmnt>
<BasicStmnt CovItemId="S148" CovItemPrefix="StdDraw.java" Intrnl_Id="379">
<LocList>
<Loc EndOffset="36473" SrcFileId="2" StartOffset="36444"/>
</LocList>
</BasicStmnt>
</StmntSeq>
</HierarchyLvl>
<HierarchyLvl HierarchyLvlId="3729" HierarchyLvlTypeId="13" Intrnl_Id="380" Name="setPenColor">
<Header>
<Loc EndOffset="36933" SrcFileId="2" StartOffset="36873"/>
</Header>
<LocList>
<Loc EndOffset="37318" SrcFileId="2" StartOffset="36873"/>
</LocList>
<StmntSeq Intrnl_Id="381">
<LocList>
<Loc EndOffset="37043" SrcFileId="2" StartOffset="36944"/>
<Loc EndOffset="37153" SrcFileId="2" StartOffset="37052"/>
<Loc EndOffset="37262" SrcFileId="2" StartOffset="37162"/>
<Loc EndOffset="37312" SrcFileId="2" StartOffset="37271"/>
</LocList>
<CondStmnt CovItemId="S149" CovItemPrefix="StdDraw.java" Intrnl_Id="382">
<Branch CovItemId="B21" CovItemPrefix="StdDraw.java" Implct="false" Intrnl_Id="383">
<Cond/>
<LocList>
<Loc EndOffset="37043" SrcFileId="2" StartOffset="36975"/>
</LocList>
<StmntSeq Intrnl_Id="384">
<LocList>
<Loc EndOffset="37043" SrcFileId="2" StartOffset="36975"/>
</LocList>
<BasicStmnt CovItemId="S150" CovItemPrefix="StdDraw.java" Intrnl_Id="385">
<LocList>
<Loc EndOffset="37043" SrcFileId="2" StartOffset="36975"/>
</LocList>
</BasicStmnt>
</StmntSeq>
</Branch>
<Branch CovItemId="B22" CovItemPrefix="StdDraw.java" Implct="true" Intrnl_Id="386">
<Cond/>
<LocList/>
<StmntSeq Intrnl_Id="387">
<LocList/>
</StmntSeq>
</Branch>
<Keyword EndOffset="36946" SrcFileId="2" StartOffset="36944"/>
<LocList>
<Loc EndOffset="37043" SrcFileId="2" StartOffset="36944"/>
</LocList>
<RootTerm CovItemId="C11" CovItemPrefix="StdDraw.java" Intrnl_Id="388">
<OpTerm BooleanOpId="10" Intrnl_Id="389">
<BasicBoolTerm Intrnl_Id="390">
<LocList>
<Loc EndOffset="36957" SrcFileId="2" StartOffset="36948"/>
</LocList>
</BasicBoolTerm>
<BasicBoolTerm Intrnl_Id="391">
<LocList>
<Loc EndOffset="36973" SrcFileId="2" StartOffset="36961"/>
</LocList>
</BasicBoolTerm>
<LocList>
<Loc EndOffset="36960" SrcFileId="2" StartOffset="36958"/>
</LocList>
</OpTerm>
</RootTerm>
</CondStmnt>
<CondStmnt CovItemId="S151" CovItemPrefix="StdDraw.java" Intrnl_Id="392">
<Branch CovItemId="B23" CovItemPrefix="StdDraw.java" Implct="false" Intrnl_Id="393">
<Cond/>
<LocList>
<Loc EndOffset="37153" SrcFileId="2" StartOffset="37083"/>
</LocList>
<StmntSeq Intrnl_Id="394">
<LocList>
<Loc EndOffset="37153" SrcFileId="2" StartOffset="37083"/>
</LocList>
<BasicStmnt CovItemId="S152" CovItemPrefix="StdDraw.java" Intrnl_Id="395">
<LocList>
<Loc EndOffset="37153" SrcFileId="2" StartOffset="37083"/>
</LocList>
</BasicStmnt>
</StmntSeq>
</Branch>
<Branch CovItemId="B24" CovItemPrefix="StdDraw.java" Implct="true" Intrnl_Id="396">
<Cond/>
<LocList/>
<StmntSeq Intrnl_Id="397">
<LocList/>
</StmntSeq>
</Branch>
<Keyword EndOffset="37054" SrcFileId="2" StartOffset="37052"/>
<LocList>
<Loc EndOffset="37153" SrcFileId="2" StartOffset="37052"/>
</LocList>
<RootTerm CovItemId="C12" CovItemPrefix="StdDraw.java" Intrnl_Id="398">
<OpTerm BooleanOpId="10" Intrnl_Id="399">
<BasicBoolTerm Intrnl_Id="400">
<LocList>
<Loc EndOffset="37065" SrcFileId="2" StartOffset="37056"/>
</LocList>
</BasicBoolTerm>
<BasicBoolTerm Intrnl_Id="401">
<LocList>
<Loc EndOffset="37081" SrcFileId="2" StartOffset="37069"/>
</LocList>
</BasicBoolTerm>
<LocList>
<Loc EndOffset="37068" SrcFileId="2" StartOffset="37066"/>
</LocList>
</OpTerm>
</RootTerm>
</CondStmnt>
<CondStmnt CovItemId="S153" CovItemPrefix="StdDraw.java" Intrnl_Id="402">
<Branch CovItemId="B25" CovItemPrefix="StdDraw.java" Implct="false" Intrnl_Id="403">
<Cond/>
<LocList>
<Loc EndOffset="37262" SrcFileId="2" StartOffset="37193"/>
</LocList>
<StmntSeq Intrnl_Id="404">
<LocList>
<Loc EndOffset="37262" SrcFileId="2" StartOffset="37193"/>
</LocList>
<BasicStmnt CovItemId="S154" CovItemPrefix="StdDraw.java" Intrnl_Id="405">
<LocList>
<Loc EndOffset="37262" SrcFileId="2" StartOffset="37193"/>
</LocList>
</BasicStmnt>
</StmntSeq>
</Branch>
<Branch CovItemId="B26" CovItemPrefix="StdDraw.java" Implct="true" Intrnl_Id="406">
<Cond/>
<LocList/>
<StmntSeq Intrnl_Id="407">
<LocList/>
</StmntSeq>
</Branch>
<Keyword EndOffset="37164" SrcFileId="2" StartOffset="37162"/>
<LocList>
<Loc EndOffset="37262" SrcFileId="2" StartOffset="37162"/>
</LocList>
<RootTerm CovItemId="C13" CovItemPrefix="StdDraw.java" Intrnl_Id="408">
<OpTerm BooleanOpId="10" Intrnl_Id="409">
<BasicBoolTerm Intrnl_Id="410">
<LocList>
<Loc EndOffset="37175" SrcFileId="2" StartOffset="37166"/>
</LocList>
</BasicBoolTerm>
<BasicBoolTerm Intrnl_Id="411">
<LocList>
<Loc EndOffset="37191" SrcFileId="2" StartOffset="37179"/>
</LocList>
</BasicBoolTerm>
<LocList>
<Loc EndOffset="37178" SrcFileId="2" StartOffset="37176"/>
</LocList>
</OpTerm>
</RootTerm>
</CondStmnt>
<BasicStmnt CovItemId="S155" CovItemPrefix="StdDraw.java" Intrnl_Id="412">
<LocList>
<Loc EndOffset="37312" SrcFileId="2" StartOffset="37271"/>
</LocList>
</BasicStmnt>
</StmntSeq>
</HierarchyLvl>
<HierarchyLvl HierarchyLvlId="3730" HierarchyLvlTypeId="13" Intrnl_Id="413" Name="getFont">
<Header>
<Loc EndOffset="37440" SrcFileId="2" StartOffset="37412"/>
</Header>
<LocList>
<Loc EndOffset="37469" SrcFileId="2" StartOffset="37412"/>
</LocList>
<StmntSeq Intrnl_Id="414">
<LocList>
<Loc EndOffset="37463" SrcFileId="2" StartOffset="37451"/>
</LocList>
<BasicStmnt CovItemId="S156" CovItemPrefix="StdDraw.java" Intrnl_Id="415">
<LocList>
<Loc EndOffset="37463" SrcFileId="2" StartOffset="37451"/>
</LocList>
</BasicStmnt>
</StmntSeq>
</HierarchyLvl>
<HierarchyLvl HierarchyLvlId="3731" HierarchyLvlTypeId="13" Intrnl_Id="416" Name="setFont">
<Header>
<Loc EndOffset="37584" SrcFileId="2" StartOffset="37556"/>
</Header>
<LocList>
<Loc EndOffset="37623" SrcFileId="2" StartOffset="37556"/>
</LocList>
<StmntSeq Intrnl_Id="417">
<LocList>
<Loc EndOffset="37617" SrcFileId="2" StartOffset="37595"/>
</LocList>
<BasicStmnt CovItemId="S157" CovItemPrefix="StdDraw.java" Intrnl_Id="418">
<LocList>
<Loc EndOffset="37617" SrcFileId="2" StartOffset="37595"/>
</LocList>
</BasicStmnt>
</StmntSeq>
</HierarchyLvl>
<HierarchyLvl HierarchyLvlId="3732" HierarchyLvlTypeId="13" Intrnl_Id="419" Name="setFont">
<Header>
<Loc EndOffset="37834" SrcFileId="2" StartOffset="37797"/>
</Header>
<LocList>
<Loc EndOffset="37910" SrcFileId="2" StartOffset="37797"/>
</LocList>
<StmntSeq Intrnl_Id="420">
<LocList>
<Loc EndOffset="37875" SrcFileId="2" StartOffset="37845"/>
<Loc EndOffset="37904" SrcFileId="2" StartOffset="37884"/>
</LocList>
<BasicStmnt CovItemId="S158" CovItemPrefix="StdDraw.java" Intrnl_Id="421">
<LocList>
<Loc EndOffset="37875" SrcFileId="2" StartOffset="37845"/>
</LocList>
</BasicStmnt>
<BasicStmnt CovItemId="S159" CovItemPrefix="StdDraw.java" Intrnl_Id="422">
<LocList>
<Loc EndOffset="37904" SrcFileId="2" StartOffset="37884"/>
</LocList>
</BasicStmnt>
</StmntSeq>
</HierarchyLvl>
<HierarchyLvl HierarchyLvlId="3733" HierarchyLvlTypeId="13" Intrnl_Id="423" Name="line">
<Header>
<Loc EndOffset="38684" SrcFileId="2" StartOffset="38617"/>
</Header>
<LocList>
<Loc EndOffset="38911" SrcFileId="2" StartOffset="38617"/>
</LocList>
<StmntSeq Intrnl_Id="424">
<LocList>
<Loc EndOffset="38714" SrcFileId="2" StartOffset="38695"/>
<Loc EndOffset="38742" SrcFileId="2" StartOffset="38723"/>
<Loc EndOffset="38770" SrcFileId="2" StartOffset="38751"/>
<Loc EndOffset="38798" SrcFileId="2" StartOffset="38779"/>
<Loc EndOffset="38889" SrcFileId="2" StartOffset="38807"/>
<Loc EndOffset="38905" SrcFileId="2" StartOffset="38898"/>
</LocList>
<BasicStmnt CovItemId="S160" CovItemPrefix="StdDraw.java" Intrnl_Id="425">
<LocList>
<Loc EndOffset="38714" SrcFileId="2" StartOffset="38695"/>
</LocList>
</BasicStmnt>
<BasicStmnt CovItemId="S161" CovItemPrefix="StdDraw.java" Intrnl_Id="426">
<LocList>
<Loc EndOffset="38742" SrcFileId="2" StartOffset="38723"/>
</LocList>
</BasicStmnt>
<BasicStmnt CovItemId="S162" CovItemPrefix="StdDraw.java" Intrnl_Id="427">
<LocList>
<Loc EndOffset="38770" SrcFileId="2" StartOffset="38751"/>
</LocList>
</BasicStmnt>
<BasicStmnt CovItemId="S163" CovItemPrefix="StdDraw.java" Intrnl_Id="428">
<LocList>
<Loc EndOffset="38798" SrcFileId="2" StartOffset="38779"/>
</LocList>
</BasicStmnt>
<BasicStmnt CovItemId="S164" CovItemPrefix="StdDraw.java" Intrnl_Id="429">
<LocList>
<Loc EndOffset="38889" SrcFileId="2" StartOffset="38807"/>
</LocList>
</BasicStmnt>
<BasicStmnt CovItemId="S165" CovItemPrefix="StdDraw.java" Intrnl_Id="430">
<LocList>
<Loc EndOffset="38905" SrcFileId="2" StartOffset="38898"/>
</LocList>
</BasicStmnt>
</StmntSeq>
</HierarchyLvl>
<HierarchyLvl HierarchyLvlId="3734" HierarchyLvlTypeId="13" Intrnl_Id="431" Name="pixel">
<Header>
<Loc EndOffset="39392" SrcFileId="2" StartOffset="39348"/>
</Header>
<LocList>
<Loc EndOffset="39544" SrcFileId="2" StartOffset="39348"/>
</LocList>
<StmntSeq Intrnl_Id="432">
<LocList>
<Loc EndOffset="39420" SrcFileId="2" StartOffset="39403"/>
<Loc EndOffset="39446" SrcFileId="2" StartOffset="39429"/>
<Loc EndOffset="39538" SrcFileId="2" StartOffset="39455"/>
</LocList>
<BasicStmnt CovItemId="S166" CovItemPrefix="StdDraw.java" Intrnl_Id="433">
<LocList>
<Loc EndOffset="39420" SrcFileId="2" StartOffset="39403"/>
</LocList>
</BasicStmnt>
<BasicStmnt CovItemId="S167" CovItemPrefix="StdDraw.java" Intrnl_Id="434">
<LocList>
<Loc EndOffset="39446" SrcFileId="2" StartOffset="39429"/>
</LocList>
</BasicStmnt>
<BasicStmnt CovItemId="S168" CovItemPrefix="StdDraw.java" Intrnl_Id="435">
<LocList>
<Loc EndOffset="39538" SrcFileId="2" StartOffset="39455"/>
</LocList>
</BasicStmnt>
</StmntSeq>
</HierarchyLvl>
<HierarchyLvl HierarchyLvlId="3735" HierarchyLvlTypeId="13" Intrnl_Id="436" Name="point">
<Header>
<Loc EndOffset="40030" SrcFileId="2" StartOffset="39986"/>
</Header>
<LocList>
<Loc EndOffset="40611" SrcFileId="2" StartOffset="39986"/>
</LocList>
<StmntSeq Intrnl_Id="437">
<LocList>
<Loc EndOffset="40058" SrcFileId="2" StartOffset="40041"/>
<Loc EndOffset="40084" SrcFileId="2" StartOffset="40067"/>
<Loc EndOffset="40116" SrcFileId="2" StartOffset="40094"/>
<Loc EndOffset="40147" SrcFileId="2" StartOffset="40125"/>
<Loc EndOffset="40177" SrcFileId="2" StartOffset="40156"/>
<Loc EndOffset="40237" SrcFileId="2" StartOffset="40186"/>
<Loc EndOffset="40589" SrcFileId="2" StartOffset="40369"/>
<Loc EndOffset="40605" SrcFileId="2" StartOffset="40598"/>
</LocList>
<BasicStmnt CovItemId="S169" CovItemPrefix="StdDraw.java" Intrnl_Id="438">
<LocList>
<Loc EndOffset="40058" SrcFileId="2" StartOffset="40041"/>
</LocList>
</BasicStmnt>
<BasicStmnt CovItemId="S170" CovItemPrefix="StdDraw.java" Intrnl_Id="439">
<LocList>
<Loc EndOffset="40084" SrcFileId="2" StartOffset="40067"/>
</LocList>
</BasicStmnt>
<BasicStmnt CovItemId="S171" CovItemPrefix="StdDraw.java" Intrnl_Id="440">
<LocList>
<Loc EndOffset="40116" SrcFileId="2" StartOffset="40094"/>
</LocList>
</BasicStmnt>
<BasicStmnt CovItemId="S172" CovItemPrefix="StdDraw.java" Intrnl_Id="441">
<LocList>
<Loc EndOffset="40147" SrcFileId="2" StartOffset="40125"/>
</LocList>
</BasicStmnt>
<BasicStmnt CovItemId="S173" CovItemPrefix="StdDraw.java" Intrnl_Id="442">
<LocList>
<Loc EndOffset="40177" SrcFileId="2" StartOffset="40156"/>
</LocList>
</BasicStmnt>
<BasicStmnt CovItemId="S174" CovItemPrefix="StdDraw.java" Intrnl_Id="443">
<LocList>
<Loc EndOffset="40237" SrcFileId="2" StartOffset="40186"/>
</LocList>
</BasicStmnt>
<CondStmnt CovItemId="S175" CovItemPrefix="StdDraw.java" Intrnl_Id="444">
<Branch CovItemId="B27" CovItemPrefix="StdDraw.java" Implct="false" Intrnl_Id="445">
<Cond/>
<LocList>
<Loc EndOffset="40407" SrcFileId="2" StartOffset="40395"/>
</LocList>
<StmntSeq Intrnl_Id="446">
<LocList>
<Loc EndOffset="40407" SrcFileId="2" StartOffset="40395"/>
</LocList>
<BasicStmnt CovItemId="S176" CovItemPrefix="StdDraw.java" Intrnl_Id="447">
<LocList>
<Loc EndOffset="40407" SrcFileId="2" StartOffset="40395"/>
</LocList>
</BasicStmnt>
</StmntSeq>
</Branch>
<Branch CovItemId="B28" CovItemPrefix="StdDraw.java" Implct="false" Intrnl_Id="448">
<Cond>
<Loc EndOffset="40420" SrcFileId="2" StartOffset="40416"/>
</Cond>
<LocList>
<Loc EndOffset="40589" SrcFileId="2" StartOffset="40421"/>
</LocList>
<StmntSeq Intrnl_Id="449">
<LocList>
<Loc EndOffset="40589" SrcFileId="2" StartOffset="40421"/>
</LocList>
<BasicStmnt CovItemId="S177" CovItemPrefix="StdDraw.java" Intrnl_Id="450">
<LocList>
<Loc EndOffset="40589" SrcFileId="2" StartOffset="40421"/>
</LocList>
</BasicStmnt>
</StmntSeq>
</Branch>
<Keyword EndOffset="40371" SrcFileId="2" StartOffset="40369"/>
<LocList>
<Loc EndOffset="40589" SrcFileId="2" StartOffset="40369"/>
</LocList>
<RootTerm CovItemId="C14" CovItemPrefix="StdDraw.java" Intrnl_Id="451">
<BasicBoolTerm Intrnl_Id="452">
<LocList>
<Loc EndOffset="40393" SrcFileId="2" StartOffset="40373"/>
</LocList>
</BasicBoolTerm>
</RootTerm>
</CondStmnt>
<BasicStmnt CovItemId="S178" CovItemPrefix="StdDraw.java" Intrnl_Id="453">
<LocList>
<Loc EndOffset="40605" SrcFileId="2" StartOffset="40598"/>
</LocList>
</BasicStmnt>
</StmntSeq>
</HierarchyLvl>
<HierarchyLvl HierarchyLvlId="3736" HierarchyLvlTypeId="13" Intrnl_Id="454" Name="circle">
<Header>
<Loc EndOffset="41126" SrcFileId="2" StartOffset="41066"/>
</Header>
<LocList>
<Loc EndOffset="41552" SrcFileId="2" StartOffset="41066"/>
</LocList>
<StmntSeq Intrnl_Id="455">
<LocList>
<Loc EndOffset="41154" SrcFileId="2" StartOffset="41137"/>
<Loc EndOffset="41180" SrcFileId="2" StartOffset="41163"/>
<Loc EndOffset="41216" SrcFileId="2" StartOffset="41189"/>
<Loc EndOffset="41263" SrcFileId="2" StartOffset="41225"/>
<Loc EndOffset="41295" SrcFileId="2" StartOffset="41273"/>
<Loc EndOffset="41326" SrcFileId="2" StartOffset="41304"/>
<Loc EndOffset="41365" SrcFileId="2" StartOffset="41335"/>
<Loc EndOffset="41404" SrcFileId="2" StartOffset="41374"/>
<Loc EndOffset="41530" SrcFileId="2" StartOffset="41413"/>
<Loc EndOffset="41546" SrcFileId="2" StartOffset="41539"/>
</LocList>
<BasicStmnt CovItemId="S179" CovItemPrefix="StdDraw.java" Intrnl_Id="456">
<LocList>
<Loc EndOffset="41154" SrcFileId="2" StartOffset="41137"/>
</LocList>
</BasicStmnt>
<BasicStmnt CovItemId="S180" CovItemPrefix="StdDraw.java" Intrnl_Id="457">
<LocList>
<Loc EndOffset="41180" SrcFileId="2" StartOffset="41163"/>
</LocList>
</BasicStmnt>
<BasicStmnt CovItemId="S181" CovItemPrefix="StdDraw.java" Intrnl_Id="458">
<LocList>
<Loc EndOffset="41216" SrcFileId="2" StartOffset="41189"/>
</LocList>
</BasicStmnt>
<BasicStmnt CovItemId="S182" CovItemPrefix="StdDraw.java" Intrnl_Id="459">
<LocList>
<Loc EndOffset="41263" SrcFileId="2" StartOffset="41225"/>
</LocList>
</BasicStmnt>
<BasicStmnt CovItemId="S183" CovItemPrefix="StdDraw.java" Intrnl_Id="460">
<LocList>
<Loc EndOffset="41295" SrcFileId="2" StartOffset="41273"/>
</LocList>
</BasicStmnt>
<BasicStmnt CovItemId="S184" CovItemPrefix="StdDraw.java" Intrnl_Id="461">
<LocList>
<Loc EndOffset="41326" SrcFileId="2" StartOffset="41304"/>
</LocList>
</BasicStmnt>
<BasicStmnt CovItemId="S185" CovItemPrefix="StdDraw.java" Intrnl_Id="462">
<LocList>
<Loc EndOffset="41365" SrcFileId="2" StartOffset="41335"/>
</LocList>
</BasicStmnt>
<BasicStmnt CovItemId="S186" CovItemPrefix="StdDraw.java" Intrnl_Id="463">
<LocList>
<Loc EndOffset="41404" SrcFileId="2" StartOffset="41374"/>
</LocList>
</BasicStmnt>
<CondStmnt CovItemId="S187" CovItemPrefix="StdDraw.java" Intrnl_Id="464">
<Branch CovItemId="B29" CovItemPrefix="StdDraw.java" Implct="false" Intrnl_Id="465">
<Cond/>
<LocList>
<Loc EndOffset="41449" SrcFileId="2" StartOffset="41437"/>
</LocList>
<StmntSeq Intrnl_Id="466">
<LocList>
<Loc EndOffset="41449" SrcFileId="2" StartOffset="41437"/>
</LocList>
<BasicStmnt CovItemId="S188" CovItemPrefix="StdDraw.java" Intrnl_Id="467">
<LocList>
<Loc EndOffset="41449" SrcFileId="2" StartOffset="41437"/>
</LocList>
</BasicStmnt>
</StmntSeq>
</Branch>
<Branch CovItemId="B30" CovItemPrefix="StdDraw.java" Implct="false" Intrnl_Id="468">
<Cond>
<Loc EndOffset="41462" SrcFileId="2" StartOffset="41458"/>
</Cond>
<LocList>
<Loc EndOffset="41530" SrcFileId="2" StartOffset="41463"/>
</LocList>
<StmntSeq Intrnl_Id="469">
<LocList>
<Loc EndOffset="41530" SrcFileId="2" StartOffset="41463"/>
</LocList>
<BasicStmnt CovItemId="S189" CovItemPrefix="StdDraw.java" Intrnl_Id="470">
<LocList>
<Loc EndOffset="41530" SrcFileId="2" StartOffset="41463"/>
</LocList>
</BasicStmnt>
</StmntSeq>
</Branch>
<Keyword EndOffset="41415" SrcFileId="2" StartOffset="41413"/>
<LocList>
<Loc EndOffset="41530" SrcFileId="2" StartOffset="41413"/>
</LocList>
<RootTerm CovItemId="C15" CovItemPrefix="StdDraw.java" Intrnl_Id="471">
<OpTerm BooleanOpId="9" Intrnl_Id="472">
<BasicBoolTerm Intrnl_Id="473">
<LocList>
<Loc EndOffset="41424" SrcFileId="2" StartOffset="41417"/>
</LocList>
</BasicBoolTerm>
<BasicBoolTerm Intrnl_Id="474">
<LocList>
<Loc EndOffset="41435" SrcFileId="2" StartOffset="41428"/>
</LocList>
</BasicBoolTerm>
<LocList>
<Loc EndOffset="41427" SrcFileId="2" StartOffset="41425"/>
</LocList>
</OpTerm>
</RootTerm>
</CondStmnt>
<BasicStmnt CovItemId="S190" CovItemPrefix="StdDraw.java" Intrnl_Id="475">
<LocList>
<Loc EndOffset="41546" SrcFileId="2" StartOffset="41539"/>
</LocList>
</BasicStmnt>
</StmntSeq>
</HierarchyLvl>
<HierarchyLvl HierarchyLvlId="3737" HierarchyLvlTypeId="13" Intrnl_Id="476" Name="filledCircle">
<Header>
<Loc EndOffset="42080" SrcFileId="2" StartOffset="42014"/>
</Header>
<LocList>
<Loc EndOffset="42506" SrcFileId="2" StartOffset="42014"/>
</LocList>
<StmntSeq Intrnl_Id="477">
<LocList>
<Loc EndOffset="42108" SrcFileId="2" StartOffset="42091"/>
<Loc EndOffset="42134" SrcFileId="2" StartOffset="42117"/>
<Loc EndOffset="42170" SrcFileId="2" StartOffset="42143"/>
<Loc EndOffset="42217" SrcFileId="2" StartOffset="42179"/>
<Loc EndOffset="42249" SrcFileId="2" StartOffset="42227"/>
<Loc EndOffset="42280" SrcFileId="2" StartOffset="42258"/>
<Loc EndOffset="42319" SrcFileId="2" StartOffset="42289"/>
<Loc EndOffset="42358" SrcFileId="2" StartOffset="42328"/>
<Loc EndOffset="42484" SrcFileId="2" StartOffset="42367"/>
<Loc EndOffset="42500" SrcFileId="2" StartOffset="42493"/>
</LocList>
<BasicStmnt CovItemId="S191" CovItemPrefix="StdDraw.java" Intrnl_Id="478">
<LocList>
<Loc EndOffset="42108" SrcFileId="2" StartOffset="42091"/>
</LocList>
</BasicStmnt>
<BasicStmnt CovItemId="S192" CovItemPrefix="StdDraw.java" Intrnl_Id="479">
<LocList>
<Loc EndOffset="42134" SrcFileId="2" StartOffset="42117"/>
</LocList>
</BasicStmnt>
<BasicStmnt CovItemId="S193" CovItemPrefix="StdDraw.java" Intrnl_Id="480">
<LocList>
<Loc EndOffset="42170" SrcFileId="2" StartOffset="42143"/>
</LocList>
</BasicStmnt>
<BasicStmnt CovItemId="S194" CovItemPrefix="StdDraw.java" Intrnl_Id="481">
<LocList>
<Loc EndOffset="42217" SrcFileId="2" StartOffset="42179"/>
</LocList>
</BasicStmnt>
<BasicStmnt CovItemId="S195" CovItemPrefix="StdDraw.java" Intrnl_Id="482">
<LocList>
<Loc EndOffset="42249" SrcFileId="2" StartOffset="42227"/>
</LocList>
</BasicStmnt>
<BasicStmnt CovItemId="S196" CovItemPrefix="StdDraw.java" Intrnl_Id="483">
<LocList>
<Loc EndOffset="42280" SrcFileId="2" StartOffset="42258"/>
</LocList>
</BasicStmnt>
<BasicStmnt CovItemId="S197" CovItemPrefix="StdDraw.java" Intrnl_Id="484">
<LocList>
<Loc EndOffset="42319" SrcFileId="2" StartOffset="42289"/>
</LocList>
</BasicStmnt>
<BasicStmnt CovItemId="S198" CovItemPrefix="StdDraw.java" Intrnl_Id="485">
<LocList>
<Loc EndOffset="42358" SrcFileId="2" StartOffset="42328"/>
</LocList>
</BasicStmnt>
<CondStmnt CovItemId="S199" CovItemPrefix="StdDraw.java" Intrnl_Id="486">
<Branch CovItemId="B31" CovItemPrefix="StdDraw.java" Implct="false" Intrnl_Id="487">
<Cond/>
<LocList>
<Loc EndOffset="42403" SrcFileId="2" StartOffset="42391"/>
</LocList>
<StmntSeq Intrnl_Id="488">
<LocList>
<Loc EndOffset="42403" SrcFileId="2" StartOffset="42391"/>
</LocList>
<BasicStmnt CovItemId="S200" CovItemPrefix="StdDraw.java" Intrnl_Id="489">
<LocList>
<Loc EndOffset="42403" SrcFileId="2" StartOffset="42391"/>
</LocList>
</BasicStmnt>
</StmntSeq>
</Branch>
<Branch CovItemId="B32" CovItemPrefix="StdDraw.java" Implct="false" Intrnl_Id="490">
<Cond>
<Loc EndOffset="42416" SrcFileId="2" StartOffset="42412"/>
</Cond>
<LocList>
<Loc EndOffset="42484" SrcFileId="2" StartOffset="42417"/>
</LocList>
<StmntSeq Intrnl_Id="491">
<LocList>
<Loc EndOffset="42484" SrcFileId="2" StartOffset="42417"/>
</LocList>
<BasicStmnt CovItemId="S201" CovItemPrefix="StdDraw.java" Intrnl_Id="492">
<LocList>
<Loc EndOffset="42484" SrcFileId="2" StartOffset="42417"/>
</LocList>
</BasicStmnt>
</StmntSeq>
</Branch>
<Keyword EndOffset="42369" SrcFileId="2" StartOffset="42367"/>
<LocList>
<Loc EndOffset="42484" SrcFileId="2" StartOffset="42367"/>
</LocList>
<RootTerm CovItemId="C16" CovItemPrefix="StdDraw.java" Intrnl_Id="493">
<OpTerm BooleanOpId="9" Intrnl_Id="494">
<BasicBoolTerm Intrnl_Id="495">
<LocList>
<Loc EndOffset="42378" SrcFileId="2" StartOffset="42371"/>
</LocList>
</BasicBoolTerm>
<BasicBoolTerm Intrnl_Id="496">
<LocList>
<Loc EndOffset="42389" SrcFileId="2" StartOffset="42382"/>
</LocList>
</BasicBoolTerm>
<LocList>
<Loc EndOffset="42381" SrcFileId="2" StartOffset="42379"/>
</LocList>
</OpTerm>
</RootTerm>
</CondStmnt>
<BasicStmnt CovItemId="S202" CovItemPrefix="StdDraw.java" Intrnl_Id="497">
<LocList>
<Loc EndOffset="42500" SrcFileId="2" StartOffset="42493"/>
</LocList>
</BasicStmnt>
</StmntSeq>
</HierarchyLvl>
<HierarchyLvl HierarchyLvlId="3738" HierarchyLvlTypeId="13" Intrnl_Id="498" Name="ellipse">
<Header>
<Loc EndOffset="43226" SrcFileId="2" StartOffset="43136"/>
</Header>
<LocList>
<Loc EndOffset="43809" SrcFileId="2" StartOffset="43136"/>
</LocList>
<StmntSeq Intrnl_Id="499">
<LocList>
<Loc EndOffset="43254" SrcFileId="2" StartOffset="43237"/>
<Loc EndOffset="43280" SrcFileId="2" StartOffset="43263"/>
<Loc EndOffset="43331" SrcFileId="2" StartOffset="43289"/>
<Loc EndOffset="43382" SrcFileId="2" StartOffset="43340"/>
<Loc EndOffset="43444" SrcFileId="2" StartOffset="43391"/>
<Loc EndOffset="43506" SrcFileId="2" StartOffset="43453"/>
<Loc EndOffset="43538" SrcFileId="2" StartOffset="43516"/>
<Loc EndOffset="43569" SrcFileId="2" StartOffset="43547"/>
<Loc EndOffset="43615" SrcFileId="2" StartOffset="43578"/>
<Loc EndOffset="43661" SrcFileId="2" StartOffset="43624"/>
<Loc EndOffset="43787" SrcFileId="2" StartOffset="43670"/>
<Loc EndOffset="43803" SrcFileId="2" StartOffset="43796"/>
</LocList>
<BasicStmnt CovItemId="S203" CovItemPrefix="StdDraw.java" Intrnl_Id="500">
<LocList>
<Loc EndOffset="43254" SrcFileId="2" StartOffset="43237"/>
</LocList>
</BasicStmnt>
<BasicStmnt CovItemId="S204" CovItemPrefix="StdDraw.java" Intrnl_Id="501">
<LocList>
<Loc EndOffset="43280" SrcFileId="2" StartOffset="43263"/>
</LocList>
</BasicStmnt>
<BasicStmnt CovItemId="S205" CovItemPrefix="StdDraw.java" Intrnl_Id="502">
<LocList>
<Loc EndOffset="43331" SrcFileId="2" StartOffset="43289"/>
</LocList>
</BasicStmnt>
<BasicStmnt CovItemId="S206" CovItemPrefix="StdDraw.java" Intrnl_Id="503">
<LocList>
<Loc EndOffset="43382" SrcFileId="2" StartOffset="43340"/>
</LocList>
</BasicStmnt>
<BasicStmnt CovItemId="S207" CovItemPrefix="StdDraw.java" Intrnl_Id="504">
<LocList>
<Loc EndOffset="43444" SrcFileId="2" StartOffset="43391"/>
</LocList>
</BasicStmnt>
<BasicStmnt CovItemId="S208" CovItemPrefix="StdDraw.java" Intrnl_Id="505">
<LocList>
<Loc EndOffset="43506" SrcFileId="2" StartOffset="43453"/>
</LocList>
</BasicStmnt>
<BasicStmnt CovItemId="S209" CovItemPrefix="StdDraw.java" Intrnl_Id="506">
<LocList>
<Loc EndOffset="43538" SrcFileId="2" StartOffset="43516"/>
</LocList>
</BasicStmnt>
<BasicStmnt CovItemId="S210" CovItemPrefix="StdDraw.java" Intrnl_Id="507">
<LocList>
<Loc EndOffset="43569" SrcFileId="2" StartOffset="43547"/>
</LocList>
</BasicStmnt>
<BasicStmnt CovItemId="S211" CovItemPrefix="StdDraw.java" Intrnl_Id="508">
<LocList>
<Loc EndOffset="43615" SrcFileId="2" StartOffset="43578"/>
</LocList>
</BasicStmnt>
<BasicStmnt CovItemId="S212" CovItemPrefix="StdDraw.java" Intrnl_Id="509">
<LocList>
<Loc EndOffset="43661" SrcFileId="2" StartOffset="43624"/>
</LocList>
</BasicStmnt>
<CondStmnt CovItemId="S213" CovItemPrefix="StdDraw.java" Intrnl_Id="510">
<Branch CovItemId="B33" CovItemPrefix="StdDraw.java" Implct="false" Intrnl_Id="511">
<Cond/>
<LocList>
<Loc EndOffset="43706" SrcFileId="2" StartOffset="43694"/>
</LocList>
<StmntSeq Intrnl_Id="512">
<LocList>
<Loc EndOffset="43706" SrcFileId="2" StartOffset="43694"/>
</LocList>
<BasicStmnt CovItemId="S214" CovItemPrefix="StdDraw.java" Intrnl_Id="513">
<LocList>
<Loc EndOffset="43706" SrcFileId="2" StartOffset="43694"/>
</LocList>
</BasicStmnt>
</StmntSeq>
</Branch>
<Branch CovItemId="B34" CovItemPrefix="StdDraw.java" Implct="false" Intrnl_Id="514">
<Cond>
<Loc EndOffset="43719" SrcFileId="2" StartOffset="43715"/>
</Cond>
<LocList>
<Loc EndOffset="43787" SrcFileId="2" StartOffset="43720"/>
</LocList>
<StmntSeq Intrnl_Id="515">
<LocList>
<Loc EndOffset="43787" SrcFileId="2" StartOffset="43720"/>
</LocList>
<BasicStmnt CovItemId="S215" CovItemPrefix="StdDraw.java" Intrnl_Id="516">
<LocList>
<Loc EndOffset="43787" SrcFileId="2" StartOffset="43720"/>
</LocList>
</BasicStmnt>
</StmntSeq>
</Branch>
<Keyword EndOffset="43672" SrcFileId="2" StartOffset="43670"/>
<LocList>
<Loc EndOffset="43787" SrcFileId="2" StartOffset="43670"/>
</LocList>
<RootTerm CovItemId="C17" CovItemPrefix="StdDraw.java" Intrnl_Id="517">
<OpTerm BooleanOpId="9" Intrnl_Id="518">
<BasicBoolTerm Intrnl_Id="519">
<LocList>
<Loc EndOffset="43681" SrcFileId="2" StartOffset="43674"/>
</LocList>
</BasicBoolTerm>
<BasicBoolTerm Intrnl_Id="520">
<LocList>
<Loc EndOffset="43692" SrcFileId="2" StartOffset="43685"/>
</LocList>
</BasicBoolTerm>
<LocList>
<Loc EndOffset="43684" SrcFileId="2" StartOffset="43682"/>
</LocList>
</OpTerm>
</RootTerm>
</CondStmnt>
<BasicStmnt CovItemId="S216" CovItemPrefix="StdDraw.java" Intrnl_Id="521">
<LocList>
<Loc EndOffset="43803" SrcFileId="2" StartOffset="43796"/>
</LocList>
</BasicStmnt>
</StmntSeq>
</HierarchyLvl>
<HierarchyLvl HierarchyLvlId="3739" HierarchyLvlTypeId="13" Intrnl_Id="522" Name="filledEllipse">
<Header>
<Loc EndOffset="44540" SrcFileId="2" StartOffset="44444"/>
</Header>
<LocList>
<Loc EndOffset="45123" SrcFileId="2" StartOffset="44444"/>
</LocList>
<StmntSeq Intrnl_Id="523">
<LocList>
<Loc EndOffset="44568" SrcFileId="2" StartOffset="44551"/>
<Loc EndOffset="44594" SrcFileId="2" StartOffset="44577"/>
<Loc EndOffset="44645" SrcFileId="2" StartOffset="44603"/>
<Loc EndOffset="44696" SrcFileId="2" StartOffset="44654"/>
<Loc EndOffset="44758" SrcFileId="2" StartOffset="44705"/>
<Loc EndOffset="44820" SrcFileId="2" StartOffset="44767"/>
<Loc EndOffset="44852" SrcFileId="2" StartOffset="44830"/>
<Loc EndOffset="44883" SrcFileId="2" StartOffset="44861"/>
<Loc EndOffset="44929" SrcFileId="2" StartOffset="44892"/>
<Loc EndOffset="44975" SrcFileId="2" StartOffset="44938"/>
<Loc EndOffset="45101" SrcFileId="2" StartOffset="44984"/>
<Loc EndOffset="45117" SrcFileId="2" StartOffset="45110"/>
</LocList>
<BasicStmnt CovItemId="S217" CovItemPrefix="StdDraw.java" Intrnl_Id="524">
<LocList>
<Loc EndOffset="44568" SrcFileId="2" StartOffset="44551"/>
</LocList>
</BasicStmnt>
<BasicStmnt CovItemId="S218" CovItemPrefix="StdDraw.java" Intrnl_Id="525">
<LocList>
<Loc EndOffset="44594" SrcFileId="2" StartOffset="44577"/>
</LocList>
</BasicStmnt>
<BasicStmnt CovItemId="S219" CovItemPrefix="StdDraw.java" Intrnl_Id="526">
<LocList>
<Loc EndOffset="44645" SrcFileId="2" StartOffset="44603"/>
</LocList>
</BasicStmnt>
<BasicStmnt CovItemId="S220" CovItemPrefix="StdDraw.java" Intrnl_Id="527">
<LocList>
<Loc EndOffset="44696" SrcFileId="2" StartOffset="44654"/>
</LocList>
</BasicStmnt>
<BasicStmnt CovItemId="S221" CovItemPrefix="StdDraw.java" Intrnl_Id="528">
<LocList>
<Loc EndOffset="44758" SrcFileId="2" StartOffset="44705"/>
</LocList>
</BasicStmnt>
<BasicStmnt CovItemId="S222" CovItemPrefix="StdDraw.java" Intrnl_Id="529">
<LocList>
<Loc EndOffset="44820" SrcFileId="2" StartOffset="44767"/>
</LocList>
</BasicStmnt>
<BasicStmnt CovItemId="S223" CovItemPrefix="StdDraw.java" Intrnl_Id="530">
<LocList>
<Loc EndOffset="44852" SrcFileId="2" StartOffset="44830"/>
</LocList>
</BasicStmnt>
<BasicStmnt CovItemId="S224" CovItemPrefix="StdDraw.java" Intrnl_Id="531">
<LocList>
<Loc EndOffset="44883" SrcFileId="2" StartOffset="44861"/>
</LocList>
</BasicStmnt>
<BasicStmnt CovItemId="S225" CovItemPrefix="StdDraw.java" Intrnl_Id="532">
<LocList>
<Loc EndOffset="44929" SrcFileId="2" StartOffset="44892"/>
</LocList>
</BasicStmnt>
<BasicStmnt CovItemId="S226" CovItemPrefix="StdDraw.java" Intrnl_Id="533">
<LocList>
<Loc EndOffset="44975" SrcFileId="2" StartOffset="44938"/>
</LocList>
</BasicStmnt>
<CondStmnt CovItemId="S227" CovItemPrefix="StdDraw.java" Intrnl_Id="534">
<Branch CovItemId="B35" CovItemPrefix="StdDraw.java" Implct="false" Intrnl_Id="535">
<Cond/>
<LocList>
<Loc EndOffset="45020" SrcFileId="2" StartOffset="45008"/>
</LocList>
<StmntSeq Intrnl_Id="536">
<LocList>
<Loc EndOffset="45020" SrcFileId="2" StartOffset="45008"/>
</LocList>
<BasicStmnt CovItemId="S228" CovItemPrefix="StdDraw.java" Intrnl_Id="537">
<LocList>
<Loc EndOffset="45020" SrcFileId="2" StartOffset="45008"/>
</LocList>
</BasicStmnt>
</StmntSeq>
</Branch>
<Branch CovItemId="B36" CovItemPrefix="StdDraw.java" Implct="false" Intrnl_Id="538">
<Cond>
<Loc EndOffset="45033" SrcFileId="2" StartOffset="45029"/>
</Cond>
<LocList>
<Loc EndOffset="45101" SrcFileId="2" StartOffset="45034"/>
</LocList>
<StmntSeq Intrnl_Id="539">
<LocList>
<Loc EndOffset="45101" SrcFileId="2" StartOffset="45034"/>
</LocList>
<BasicStmnt CovItemId="S229" CovItemPrefix="StdDraw.java" Intrnl_Id="540">
<LocList>
<Loc EndOffset="45101" SrcFileId="2" StartOffset="45034"/>
</LocList>
</BasicStmnt>
</StmntSeq>
</Branch>
<Keyword EndOffset="44986" SrcFileId="2" StartOffset="44984"/>
<LocList>
<Loc EndOffset="45101" SrcFileId="2" StartOffset="44984"/>
</LocList>
<RootTerm CovItemId="C18" CovItemPrefix="StdDraw.java" Intrnl_Id="541">
<OpTerm BooleanOpId="9" Intrnl_Id="542">
<BasicBoolTerm Intrnl_Id="543">
<LocList>
<Loc EndOffset="44995" SrcFileId="2" StartOffset="44988"/>
</LocList>
</BasicBoolTerm>
<BasicBoolTerm Intrnl_Id="544">
<LocList>
<Loc EndOffset="45006" SrcFileId="2" StartOffset="44999"/>
</LocList>
</BasicBoolTerm>
<LocList>
<Loc EndOffset="44998" SrcFileId="2" StartOffset="44996"/>
</LocList>
</OpTerm>
</RootTerm>
</CondStmnt>
<BasicStmnt CovItemId="S230" CovItemPrefix="StdDraw.java" Intrnl_Id="545">
<LocList>
<Loc EndOffset="45117" SrcFileId="2" StartOffset="45110"/>
</LocList>
</BasicStmnt>
</StmntSeq>
</HierarchyLvl>
<HierarchyLvl HierarchyLvlId="3740" HierarchyLvlTypeId="13" Intrnl_Id="546" Name="arc">
<Header>
<Loc EndOffset="45948" SrcFileId="2" StartOffset="45861"/>
</Header>
<LocList>
<Loc EndOffset="46534" SrcFileId="2" StartOffset="45861"/>
</LocList>
<StmntSeq Intrnl_Id="547">
<LocList>
<Loc EndOffset="45976" SrcFileId="2" StartOffset="45959"/>
<Loc EndOffset="46002" SrcFileId="2" StartOffset="45985"/>
<Loc EndOffset="46042" SrcFileId="2" StartOffset="46011"/>
<Loc EndOffset="46078" SrcFileId="2" StartOffset="46051"/>
<Loc EndOffset="46114" SrcFileId="2" StartOffset="46087"/>
<Loc EndOffset="46165" SrcFileId="2" StartOffset="46123"/>
<Loc EndOffset="46213" SrcFileId="2" StartOffset="46175"/>
<Loc EndOffset="46244" SrcFileId="2" StartOffset="46222"/>
<Loc EndOffset="46275" SrcFileId="2" StartOffset="46253"/>
<Loc EndOffset="46314" SrcFileId="2" StartOffset="46284"/>
<Loc EndOffset="46353" SrcFileId="2" StartOffset="46323"/>
<Loc EndOffset="46512" SrcFileId="2" StartOffset="46362"/>
<Loc EndOffset="46528" SrcFileId="2" StartOffset="46521"/>
</LocList>
<BasicStmnt CovItemId="S231" CovItemPrefix="StdDraw.java" Intrnl_Id="548">
<LocList>
<Loc EndOffset="45976" SrcFileId="2" StartOffset="45959"/>
</LocList>
</BasicStmnt>
<BasicStmnt CovItemId="S232" CovItemPrefix="StdDraw.java" Intrnl_Id="549">
<LocList>
<Loc EndOffset="46002" SrcFileId="2" StartOffset="45985"/>
</LocList>
</BasicStmnt>
<BasicStmnt CovItemId="S233" CovItemPrefix="StdDraw.java" Intrnl_Id="550">
<LocList>
<Loc EndOffset="46042" SrcFileId="2" StartOffset="46011"/>
</LocList>
</BasicStmnt>
<BasicStmnt CovItemId="S234" CovItemPrefix="StdDraw.java" Intrnl_Id="551">
<LocList>
<Loc EndOffset="46078" SrcFileId="2" StartOffset="46051"/>
</LocList>
</BasicStmnt>
<BasicStmnt CovItemId="S235" CovItemPrefix="StdDraw.java" Intrnl_Id="552">
<LocList>
<Loc EndOffset="46114" SrcFileId="2" StartOffset="46087"/>
</LocList>
</BasicStmnt>
<BasicStmnt CovItemId="S236" CovItemPrefix="StdDraw.java" Intrnl_Id="553">
<LocList>
<Loc EndOffset="46165" SrcFileId="2" StartOffset="46123"/>
</LocList>
</BasicStmnt>
<LoopStmnt CovItemId="S237" CovItemPrefix="StdDraw.java" Intrnl_Id="554" MltplExecId="L1-2" MltplExecPrefix="StdDraw.java" NvrExecId="L1-0" NvrExecPrefix="StdDraw.java" OnceExecutedId="L1-1" OnceExecutedPrefix="StdDraw.java" OptBodyExec="true">
<StmntSeq Intrnl_Id="555">
<LocList>
<Loc EndOffset="46213" SrcFileId="2" StartOffset="46199"/>
</LocList>
<BasicStmnt CovItemId="S238" CovItemPrefix="StdDraw.java" Intrnl_Id="556">
<LocList>
<Loc EndOffset="46213" SrcFileId="2" StartOffset="46199"/>
</LocList>
</BasicStmnt>
</StmntSeq>
<Keyword EndOffset="46180" SrcFileId="2" StartOffset="46175"/>
<LocList>
<Loc EndOffset="46213" SrcFileId="2" StartOffset="46175"/>
</LocList>
<RootTerm CovItemId="C19" CovItemPrefix="StdDraw.java" Intrnl_Id="557">
<BasicBoolTerm Intrnl_Id="558">
<LocList>
<Loc EndOffset="46197" SrcFileId="2" StartOffset="46182"/>
</LocList>
</BasicBoolTerm>
</RootTerm>
</LoopStmnt>
<BasicStmnt CovItemId="S239" CovItemPrefix="StdDraw.java" Intrnl_Id="559">
<LocList>
<Loc EndOffset="46244" SrcFileId="2" StartOffset="46222"/>
</LocList>
</BasicStmnt>
<BasicStmnt CovItemId="S240" CovItemPrefix="StdDraw.java" Intrnl_Id="560">
<LocList>
<Loc EndOffset="46275" SrcFileId="2" StartOffset="46253"/>
</LocList>
</BasicStmnt>
<BasicStmnt CovItemId="S241" CovItemPrefix="StdDraw.java" Intrnl_Id="561">
<LocList>
<Loc EndOffset="46314" SrcFileId="2" StartOffset="46284"/>
</LocList>
</BasicStmnt>
<BasicStmnt CovItemId="S242" CovItemPrefix="StdDraw.java" Intrnl_Id="562">
<LocList>
<Loc EndOffset="46353" SrcFileId="2" StartOffset="46323"/>
</LocList>
</BasicStmnt>
<CondStmnt CovItemId="S243" CovItemPrefix="StdDraw.java" Intrnl_Id="563">
<Branch CovItemId="B37" CovItemPrefix="StdDraw.java" Implct="false" Intrnl_Id="564">
<Cond/>
<LocList>
<Loc EndOffset="46398" SrcFileId="2" StartOffset="46386"/>
</LocList>
<StmntSeq Intrnl_Id="565">
<LocList>
<Loc EndOffset="46398" SrcFileId="2" StartOffset="46386"/>
</LocList>
<BasicStmnt CovItemId="S244" CovItemPrefix="StdDraw.java" Intrnl_Id="566">
<LocList>
<Loc EndOffset="46398" SrcFileId="2" StartOffset="46386"/>
</LocList>
</BasicStmnt>
</StmntSeq>
</Branch>
<Branch CovItemId="B38" CovItemPrefix="StdDraw.java" Implct="false" Intrnl_Id="567">
<Cond>
<Loc EndOffset="46411" SrcFileId="2" StartOffset="46407"/>
</Cond>
<LocList>
<Loc EndOffset="46512" SrcFileId="2" StartOffset="46412"/>
</LocList>
<StmntSeq Intrnl_Id="568">
<LocList>
<Loc EndOffset="46512" SrcFileId="2" StartOffset="46412"/>
</LocList>
<BasicStmnt CovItemId="S245" CovItemPrefix="StdDraw.java" Intrnl_Id="569">
<LocList>
<Loc EndOffset="46512" SrcFileId="2" StartOffset="46412"/>
</LocList>
</BasicStmnt>
</StmntSeq>
</Branch>
<Keyword EndOffset="46364" SrcFileId="2" StartOffset="46362"/>
<LocList>
<Loc EndOffset="46512" SrcFileId="2" StartOffset="46362"/>
</LocList>
<RootTerm CovItemId="C20" CovItemPrefix="StdDraw.java" Intrnl_Id="570">
<OpTerm BooleanOpId="9" Intrnl_Id="571">
<BasicBoolTerm Intrnl_Id="572">
<LocList>
<Loc EndOffset="46373" SrcFileId="2" StartOffset="46366"/>
</LocList>
</BasicBoolTerm>
<BasicBoolTerm Intrnl_Id="573">
<LocList>
<Loc EndOffset="46384" SrcFileId="2" StartOffset="46377"/>
</LocList>
</BasicBoolTerm>
<LocList>
<Loc EndOffset="46376" SrcFileId="2" StartOffset="46374"/>
</LocList>
</OpTerm>
</RootTerm>
</CondStmnt>
<BasicStmnt CovItemId="S246" CovItemPrefix="StdDraw.java" Intrnl_Id="574">
<LocList>
<Loc EndOffset="46528" SrcFileId="2" StartOffset="46521"/>
</LocList>
</BasicStmnt>
</StmntSeq>
</HierarchyLvl>
<HierarchyLvl HierarchyLvlId="3741" HierarchyLvlTypeId="13" Intrnl_Id="575" Name="square">
<Header>
<Loc EndOffset="47080" SrcFileId="2" StartOffset="47016"/>
</Header>
<LocList>
<Loc EndOffset="47533" SrcFileId="2" StartOffset="47016"/>
</LocList>
<StmntSeq Intrnl_Id="576">
<LocList>
<Loc EndOffset="47108" SrcFileId="2" StartOffset="47091"/>
<Loc EndOffset="47134" SrcFileId="2" StartOffset="47117"/>
<Loc EndOffset="47178" SrcFileId="2" StartOffset="47143"/>
<Loc EndOffset="47234" SrcFileId="2" StartOffset="47187"/>
<Loc EndOffset="47266" SrcFileId="2" StartOffset="47244"/>
<Loc EndOffset="47297" SrcFileId="2" StartOffset="47275"/>
<Loc EndOffset="47340" SrcFileId="2" StartOffset="47306"/>
<Loc EndOffset="47383" SrcFileId="2" StartOffset="47349"/>
<Loc EndOffset="47511" SrcFileId="2" StartOffset="47392"/>
<Loc EndOffset="47527" SrcFileId="2" StartOffset="47520"/>
</LocList>
<BasicStmnt CovItemId="S247" CovItemPrefix="StdDraw.java" Intrnl_Id="577">
<LocList>
<Loc EndOffset="47108" SrcFileId="2" StartOffset="47091"/>
</LocList>
</BasicStmnt>
<BasicStmnt CovItemId="S248" CovItemPrefix="StdDraw.java" Intrnl_Id="578">
<LocList>
<Loc EndOffset="47134" SrcFileId="2" StartOffset="47117"/>
</LocList>
</BasicStmnt>
<BasicStmnt CovItemId="S249" CovItemPrefix="StdDraw.java" Intrnl_Id="579">
<LocList>
<Loc EndOffset="47178" SrcFileId="2" StartOffset="47143"/>
</LocList>
</BasicStmnt>
<BasicStmnt CovItemId="S250" CovItemPrefix="StdDraw.java" Intrnl_Id="580">
<LocList>
<Loc EndOffset="47234" SrcFileId="2" StartOffset="47187"/>
</LocList>
</BasicStmnt>
<BasicStmnt CovItemId="S251" CovItemPrefix="StdDraw.java" Intrnl_Id="581">
<LocList>
<Loc EndOffset="47266" SrcFileId="2" StartOffset="47244"/>
</LocList>
</BasicStmnt>
<BasicStmnt CovItemId="S252" CovItemPrefix="StdDraw.java" Intrnl_Id="582">
<LocList>
<Loc EndOffset="47297" SrcFileId="2" StartOffset="47275"/>
</LocList>
</BasicStmnt>
<BasicStmnt CovItemId="S253" CovItemPrefix="StdDraw.java" Intrnl_Id="583">
<LocList>
<Loc EndOffset="47340" SrcFileId="2" StartOffset="47306"/>
</LocList>
</BasicStmnt>
<BasicStmnt CovItemId="S254" CovItemPrefix="StdDraw.java" Intrnl_Id="584">
<LocList>
<Loc EndOffset="47383" SrcFileId="2" StartOffset="47349"/>
</LocList>
</BasicStmnt>
<CondStmnt CovItemId="S255" CovItemPrefix="StdDraw.java" Intrnl_Id="585">
<Branch CovItemId="B39" CovItemPrefix="StdDraw.java" Implct="false" Intrnl_Id="586">
<Cond/>
<LocList>
<Loc EndOffset="47428" SrcFileId="2" StartOffset="47416"/>
</LocList>
<StmntSeq Intrnl_Id="587">
<LocList>
<Loc EndOffset="47428" SrcFileId="2" StartOffset="47416"/>
</LocList>
<BasicStmnt CovItemId="S256" CovItemPrefix="StdDraw.java" Intrnl_Id="588">
<LocList>
<Loc EndOffset="47428" SrcFileId="2" StartOffset="47416"/>
</LocList>
</BasicStmnt>
</StmntSeq>
</Branch>
<Branch CovItemId="B40" CovItemPrefix="StdDraw.java" Implct="false" Intrnl_Id="589">
<Cond>
<Loc EndOffset="47441" SrcFileId="2" StartOffset="47437"/>
</Cond>
<LocList>
<Loc EndOffset="47511" SrcFileId="2" StartOffset="47442"/>
</LocList>
<StmntSeq Intrnl_Id="590">
<LocList>
<Loc EndOffset="47511" SrcFileId="2" StartOffset="47442"/>
</LocList>
<BasicStmnt CovItemId="S257" CovItemPrefix="StdDraw.java" Intrnl_Id="591">
<LocList>
<Loc EndOffset="47511" SrcFileId="2" StartOffset="47442"/>
</LocList>
</BasicStmnt>
</StmntSeq>
</Branch>
<Keyword EndOffset="47394" SrcFileId="2" StartOffset="47392"/>
<LocList>
<Loc EndOffset="47511" SrcFileId="2" StartOffset="47392"/>
</LocList>
<RootTerm CovItemId="C21" CovItemPrefix="StdDraw.java" Intrnl_Id="592">
<OpTerm BooleanOpId="9" Intrnl_Id="593">
<BasicBoolTerm Intrnl_Id="594">
<LocList>
<Loc EndOffset="47403" SrcFileId="2" StartOffset="47396"/>
</LocList>
</BasicBoolTerm>
<BasicBoolTerm Intrnl_Id="595">
<LocList>
<Loc EndOffset="47414" SrcFileId="2" StartOffset="47407"/>
</LocList>
</BasicBoolTerm>
<LocList>
<Loc EndOffset="47406" SrcFileId="2" StartOffset="47404"/>
</LocList>
</OpTerm>
</RootTerm>
</CondStmnt>
<BasicStmnt CovItemId="S258" CovItemPrefix="StdDraw.java" Intrnl_Id="596">
<LocList>
<Loc EndOffset="47527" SrcFileId="2" StartOffset="47520"/>
</LocList>
</BasicStmnt>
</StmntSeq>
</HierarchyLvl>
<HierarchyLvl HierarchyLvlId="3742" HierarchyLvlTypeId="13" Intrnl_Id="597" Name="filledSquare">
<Header>
<Loc EndOffset="48092" SrcFileId="2" StartOffset="48022"/>
</Header>
<LocList>
<Loc EndOffset="48545" SrcFileId="2" StartOffset="48022"/>
</LocList>
<StmntSeq Intrnl_Id="598">
<LocList>
<Loc EndOffset="48120" SrcFileId="2" StartOffset="48103"/>
<Loc EndOffset="48146" SrcFileId="2" StartOffset="48129"/>
<Loc EndOffset="48190" SrcFileId="2" StartOffset="48155"/>
<Loc EndOffset="48246" SrcFileId="2" StartOffset="48199"/>
<Loc EndOffset="48278" SrcFileId="2" StartOffset="48256"/>
<Loc EndOffset="48309" SrcFileId="2" StartOffset="48287"/>
<Loc EndOffset="48352" SrcFileId="2" StartOffset="48318"/>
<Loc EndOffset="48395" SrcFileId="2" StartOffset="48361"/>
<Loc EndOffset="48523" SrcFileId="2" StartOffset="48404"/>
<Loc EndOffset="48539" SrcFileId="2" StartOffset="48532"/>
</LocList>
<BasicStmnt CovItemId="S259" CovItemPrefix="StdDraw.java" Intrnl_Id="599">
<LocList>
<Loc EndOffset="48120" SrcFileId="2" StartOffset="48103"/>
</LocList>
</BasicStmnt>
<BasicStmnt CovItemId="S260" CovItemPrefix="StdDraw.java" Intrnl_Id="600">
<LocList>
<Loc EndOffset="48146" SrcFileId="2" StartOffset="48129"/>
</LocList>
</BasicStmnt>
<BasicStmnt CovItemId="S261" CovItemPrefix="StdDraw.java" Intrnl_Id="601">
<LocList>
<Loc EndOffset="48190" SrcFileId="2" StartOffset="48155"/>
</LocList>
</BasicStmnt>
<BasicStmnt CovItemId="S262" CovItemPrefix="StdDraw.java" Intrnl_Id="602">
<LocList>
<Loc EndOffset="48246" SrcFileId="2" StartOffset="48199"/>
</LocList>
</BasicStmnt>
<BasicStmnt CovItemId="S263" CovItemPrefix="StdDraw.java" Intrnl_Id="603">
<LocList>
<Loc EndOffset="48278" SrcFileId="2" StartOffset="48256"/>
</LocList>
</BasicStmnt>
<BasicStmnt CovItemId="S264" CovItemPrefix="StdDraw.java" Intrnl_Id="604">
<LocList>
<Loc EndOffset="48309" SrcFileId="2" StartOffset="48287"/>
</LocList>
</BasicStmnt>
<BasicStmnt CovItemId="S265" CovItemPrefix="StdDraw.java" Intrnl_Id="605">
<LocList>
<Loc EndOffset="48352" SrcFileId="2" StartOffset="48318"/>
</LocList>
</BasicStmnt>
<BasicStmnt CovItemId="S266" CovItemPrefix="StdDraw.java" Intrnl_Id="606">
<LocList>
<Loc EndOffset="48395" SrcFileId="2" StartOffset="48361"/>
</LocList>
</BasicStmnt>
<CondStmnt CovItemId="S267" CovItemPrefix="StdDraw.java" Intrnl_Id="607">
<Branch CovItemId="B41" CovItemPrefix="StdDraw.java" Implct="false" Intrnl_Id="608">
<Cond/>
<LocList>
<Loc EndOffset="48440" SrcFileId="2" StartOffset="48428"/>
</LocList>
<StmntSeq Intrnl_Id="609">
<LocList>
<Loc EndOffset="48440" SrcFileId="2" StartOffset="48428"/>
</LocList>
<BasicStmnt CovItemId="S268" CovItemPrefix="StdDraw.java" Intrnl_Id="610">
<LocList>
<Loc EndOffset="48440" SrcFileId="2" StartOffset="48428"/>
</LocList>
</BasicStmnt>
</StmntSeq>
</Branch>
<Branch CovItemId="B42" CovItemPrefix="StdDraw.java" Implct="false" Intrnl_Id="611">
<Cond>
<Loc EndOffset="48453" SrcFileId="2" StartOffset="48449"/>
</Cond>
<LocList>
<Loc EndOffset="48523" SrcFileId="2" StartOffset="48454"/>
</LocList>
<StmntSeq Intrnl_Id="612">
<LocList>
<Loc EndOffset="48523" SrcFileId="2" StartOffset="48454"/>
</LocList>
<BasicStmnt CovItemId="S269" CovItemPrefix="StdDraw.java" Intrnl_Id="613">
<LocList>
<Loc EndOffset="48523" SrcFileId="2" StartOffset="48454"/>
</LocList>
</BasicStmnt>
</StmntSeq>
</Branch>
<Keyword EndOffset="48406" SrcFileId="2" StartOffset="48404"/>
<LocList>
<Loc EndOffset="48523" SrcFileId="2" StartOffset="48404"/>
</LocList>
<RootTerm CovItemId="C22" CovItemPrefix="StdDraw.java" Intrnl_Id="614">
<OpTerm BooleanOpId="9" Intrnl_Id="615">
<BasicBoolTerm Intrnl_Id="616">
<LocList>
<Loc EndOffset="48415" SrcFileId="2" StartOffset="48408"/>
</LocList>
</BasicBoolTerm>
<BasicBoolTerm Intrnl_Id="617">
<LocList>
<Loc EndOffset="48426" SrcFileId="2" StartOffset="48419"/>
</LocList>
</BasicBoolTerm>
<LocList>
<Loc EndOffset="48418" SrcFileId="2" StartOffset="48416"/>
</LocList>
</OpTerm>
</RootTerm>
</CondStmnt>
<BasicStmnt CovItemId="S270" CovItemPrefix="StdDraw.java" Intrnl_Id="618">
<LocList>
<Loc EndOffset="48539" SrcFileId="2" StartOffset="48532"/>
</LocList>
</BasicStmnt>
</StmntSeq>
</HierarchyLvl>
<HierarchyLvl HierarchyLvlId="3743" HierarchyLvlTypeId="13" Intrnl_Id="619" Name="rectangle">
<Header>
<Loc EndOffset="49202" SrcFileId="2" StartOffset="49117"/>
</Header>
<LocList>
<Loc EndOffset="49750" SrcFileId="2" StartOffset="49117"/>
</LocList>
<StmntSeq Intrnl_Id="620">
<LocList>
<Loc EndOffset="49230" SrcFileId="2" StartOffset="49213"/>
<Loc EndOffset="49256" SrcFileId="2" StartOffset="49239"/>
<Loc EndOffset="49298" SrcFileId="2" StartOffset="49265"/>
<Loc EndOffset="49342" SrcFileId="2" StartOffset="49307"/>
<Loc EndOffset="49396" SrcFileId="2" StartOffset="49351"/>
<Loc EndOffset="49452" SrcFileId="2" StartOffset="49405"/>
<Loc EndOffset="49484" SrcFileId="2" StartOffset="49462"/>
<Loc EndOffset="49515" SrcFileId="2" StartOffset="49493"/>
<Loc EndOffset="49557" SrcFileId="2" StartOffset="49524"/>
<Loc EndOffset="49600" SrcFileId="2" StartOffset="49566"/>
<Loc EndOffset="49728" SrcFileId="2" StartOffset="49609"/>
<Loc EndOffset="49744" SrcFileId="2" StartOffset="49737"/>
</LocList>
<BasicStmnt CovItemId="S271" CovItemPrefix="StdDraw.java" Intrnl_Id="621">
<LocList>
<Loc EndOffset="49230" SrcFileId="2" StartOffset="49213"/>
</LocList>
</BasicStmnt>
<BasicStmnt CovItemId="S272" CovItemPrefix="StdDraw.java" Intrnl_Id="622">
<LocList>
<Loc EndOffset="49256" SrcFileId="2" StartOffset="49239"/>
</LocList>
</BasicStmnt>
<BasicStmnt CovItemId="S273" CovItemPrefix="StdDraw.java" Intrnl_Id="623">
<LocList>
<Loc EndOffset="49298" SrcFileId="2" StartOffset="49265"/>
</LocList>
</BasicStmnt>
<BasicStmnt CovItemId="S274" CovItemPrefix="StdDraw.java" Intrnl_Id="624">
<LocList>
<Loc EndOffset="49342" SrcFileId="2" StartOffset="49307"/>
</LocList>
</BasicStmnt>
<BasicStmnt CovItemId="S275" CovItemPrefix="StdDraw.java" Intrnl_Id="625">
<LocList>
<Loc EndOffset="49396" SrcFileId="2" StartOffset="49351"/>
</LocList>
</BasicStmnt>
<BasicStmnt CovItemId="S276" CovItemPrefix="StdDraw.java" Intrnl_Id="626">
<LocList>
<Loc EndOffset="49452" SrcFileId="2" StartOffset="49405"/>
</LocList>
</BasicStmnt>
<BasicStmnt CovItemId="S277" CovItemPrefix="StdDraw.java" Intrnl_Id="627">
<LocList>
<Loc EndOffset="49484" SrcFileId="2" StartOffset="49462"/>
</LocList>
</BasicStmnt>
<BasicStmnt CovItemId="S278" CovItemPrefix="StdDraw.java" Intrnl_Id="628">
<LocList>
<Loc EndOffset="49515" SrcFileId="2" StartOffset="49493"/>
</LocList>
</BasicStmnt>
<BasicStmnt CovItemId="S279" CovItemPrefix="StdDraw.java" Intrnl_Id="629">
<LocList>
<Loc EndOffset="49557" SrcFileId="2" StartOffset="49524"/>
</LocList>
</BasicStmnt>
<BasicStmnt CovItemId="S280" CovItemPrefix="StdDraw.java" Intrnl_Id="630">
<LocList>
<Loc EndOffset="49600" SrcFileId="2" StartOffset="49566"/>
</LocList>
</BasicStmnt>
<CondStmnt CovItemId="S281" CovItemPrefix="StdDraw.java" Intrnl_Id="631">
<Branch CovItemId="B43" CovItemPrefix="StdDraw.java" Implct="false" Intrnl_Id="632">
<Cond/>
<LocList>
<Loc EndOffset="49645" SrcFileId="2" StartOffset="49633"/>
</LocList>
<StmntSeq Intrnl_Id="633">
<LocList>
<Loc EndOffset="49645" SrcFileId="2" StartOffset="49633"/>
</LocList>
<BasicStmnt CovItemId="S282" CovItemPrefix="StdDraw.java" Intrnl_Id="634">
<LocList>
<Loc EndOffset="49645" SrcFileId="2" StartOffset="49633"/>
</LocList>
</BasicStmnt>
</StmntSeq>
</Branch>
<Branch CovItemId="B44" CovItemPrefix="StdDraw.java" Implct="false" Intrnl_Id="635">
<Cond>
<Loc EndOffset="49658" SrcFileId="2" StartOffset="49654"/>
</Cond>
<LocList>
<Loc EndOffset="49728" SrcFileId="2" StartOffset="49659"/>
</LocList>
<StmntSeq Intrnl_Id="636">
<LocList>
<Loc EndOffset="49728" SrcFileId="2" StartOffset="49659"/>
</LocList>
<BasicStmnt CovItemId="S283" CovItemPrefix="StdDraw.java" Intrnl_Id="637">
<LocList>
<Loc EndOffset="49728" SrcFileId="2" StartOffset="49659"/>
</LocList>
</BasicStmnt>
</StmntSeq>
</Branch>
<Keyword EndOffset="49611" SrcFileId="2" StartOffset="49609"/>
<LocList>
<Loc EndOffset="49728" SrcFileId="2" StartOffset="49609"/>
</LocList>
<RootTerm CovItemId="C23" CovItemPrefix="StdDraw.java" Intrnl_Id="638">
<OpTerm BooleanOpId="9" Intrnl_Id="639">
<BasicBoolTerm Intrnl_Id="640">
<LocList>
<Loc EndOffset="49620" SrcFileId="2" StartOffset="49613"/>
</LocList>
</BasicBoolTerm>
<BasicBoolTerm Intrnl_Id="641">
<LocList>
<Loc EndOffset="49631" SrcFileId="2" StartOffset="49624"/>
</LocList>
</BasicBoolTerm>
<LocList>
<Loc EndOffset="49623" SrcFileId="2" StartOffset="49621"/>
</LocList>
</OpTerm>
</RootTerm>
</CondStmnt>
<BasicStmnt CovItemId="S284" CovItemPrefix="StdDraw.java" Intrnl_Id="642">
<LocList>
<Loc EndOffset="49744" SrcFileId="2" StartOffset="49737"/>
</LocList>
</BasicStmnt>
</StmntSeq>
</HierarchyLvl>
<HierarchyLvl HierarchyLvlId="3744" HierarchyLvlTypeId="13" Intrnl_Id="643" Name="filledRectangle">
<Header>
<Loc EndOffset="50419" SrcFileId="2" StartOffset="50328"/>
</Header>
<LocList>
<Loc EndOffset="50967" SrcFileId="2" StartOffset="50328"/>
</LocList>
<StmntSeq Intrnl_Id="644">
<LocList>
<Loc EndOffset="50447" SrcFileId="2" StartOffset="50430"/>
<Loc EndOffset="50473" SrcFileId="2" StartOffset="50456"/>
<Loc EndOffset="50515" SrcFileId="2" StartOffset="50482"/>
<Loc EndOffset="50559" SrcFileId="2" StartOffset="50524"/>
<Loc EndOffset="50613" SrcFileId="2" StartOffset="50568"/>
<Loc EndOffset="50669" SrcFileId="2" StartOffset="50622"/>
<Loc EndOffset="50701" SrcFileId="2" StartOffset="50679"/>
<Loc EndOffset="50732" SrcFileId="2" StartOffset="50710"/>
<Loc EndOffset="50774" SrcFileId="2" StartOffset="50741"/>
<Loc EndOffset="50817" SrcFileId="2" StartOffset="50783"/>
<Loc EndOffset="50945" SrcFileId="2" StartOffset="50826"/>
<Loc EndOffset="50961" SrcFileId="2" StartOffset="50954"/>
</LocList>
<BasicStmnt CovItemId="S285" CovItemPrefix="StdDraw.java" Intrnl_Id="645">
<LocList>
<Loc EndOffset="50447" SrcFileId="2" StartOffset="50430"/>
</LocList>
</BasicStmnt>
<BasicStmnt CovItemId="S286" CovItemPrefix="StdDraw.java" Intrnl_Id="646">
<LocList>
<Loc EndOffset="50473" SrcFileId="2" StartOffset="50456"/>
</LocList>
</BasicStmnt>
<BasicStmnt CovItemId="S287" CovItemPrefix="StdDraw.java" Intrnl_Id="647">
<LocList>
<Loc EndOffset="50515" SrcFileId="2" StartOffset="50482"/>
</LocList>
</BasicStmnt>
<BasicStmnt CovItemId="S288" CovItemPrefix="StdDraw.java" Intrnl_Id="648">
<LocList>
<Loc EndOffset="50559" SrcFileId="2" StartOffset="50524"/>
</LocList>
</BasicStmnt>
<BasicStmnt CovItemId="S289" CovItemPrefix="StdDraw.java" Intrnl_Id="649">
<LocList>
<Loc EndOffset="50613" SrcFileId="2" StartOffset="50568"/>
</LocList>
</BasicStmnt>
<BasicStmnt CovItemId="S290" CovItemPrefix="StdDraw.java" Intrnl_Id="650">
<LocList>
<Loc EndOffset="50669" SrcFileId="2" StartOffset="50622"/>
</LocList>
</BasicStmnt>
<BasicStmnt CovItemId="S291" CovItemPrefix="StdDraw.java" Intrnl_Id="651">
<LocList>
<Loc EndOffset="50701" SrcFileId="2" StartOffset="50679"/>
</LocList>
</BasicStmnt>
<BasicStmnt CovItemId="S292" CovItemPrefix="StdDraw.java" Intrnl_Id="652">
<LocList>
<Loc EndOffset="50732" SrcFileId="2" StartOffset="50710"/>
</LocList>
</BasicStmnt>
<BasicStmnt CovItemId="S293" CovItemPrefix="StdDraw.java" Intrnl_Id="653">
<LocList>
<Loc EndOffset="50774" SrcFileId="2" StartOffset="50741"/>
</LocList>
</BasicStmnt>
<BasicStmnt CovItemId="S294" CovItemPrefix="StdDraw.java" Intrnl_Id="654">
<LocList>
<Loc EndOffset="50817" SrcFileId="2" StartOffset="50783"/>
</LocList>
</BasicStmnt>
<CondStmnt CovItemId="S295" CovItemPrefix="StdDraw.java" Intrnl_Id="655">
<Branch CovItemId="B45" CovItemPrefix="StdDraw.java" Implct="false" Intrnl_Id="656">
<Cond/>
<LocList>
<Loc EndOffset="50862" SrcFileId="2" StartOffset="50850"/>
</LocList>
<StmntSeq Intrnl_Id="657">
<LocList>
<Loc EndOffset="50862" SrcFileId="2" StartOffset="50850"/>
</LocList>
<BasicStmnt CovItemId="S296" CovItemPrefix="StdDraw.java" Intrnl_Id="658">
<LocList>
<Loc EndOffset="50862" SrcFileId="2" StartOffset="50850"/>
</LocList>
</BasicStmnt>
</StmntSeq>
</Branch>
<Branch CovItemId="B46" CovItemPrefix="StdDraw.java" Implct="false" Intrnl_Id="659">
<Cond>
<Loc EndOffset="50875" SrcFileId="2" StartOffset="50871"/>
</Cond>
<LocList>
<Loc EndOffset="50945" SrcFileId="2" StartOffset="50876"/>
</LocList>
<StmntSeq Intrnl_Id="660">
<LocList>
<Loc EndOffset="50945" SrcFileId="2" StartOffset="50876"/>
</LocList>
<BasicStmnt CovItemId="S297" CovItemPrefix="StdDraw.java" Intrnl_Id="661">
<LocList>
<Loc EndOffset="50945" SrcFileId="2" StartOffset="50876"/>
</LocList>
</BasicStmnt>
</StmntSeq>
</Branch>
<Keyword EndOffset="50828" SrcFileId="2" StartOffset="50826"/>
<LocList>
<Loc EndOffset="50945" SrcFileId="2" StartOffset="50826"/>
</LocList>
<RootTerm CovItemId="C24" CovItemPrefix="StdDraw.java" Intrnl_Id="662">
<OpTerm BooleanOpId="9" Intrnl_Id="663">
<BasicBoolTerm Intrnl_Id="664">
<LocList>
<Loc EndOffset="50837" SrcFileId="2" StartOffset="50830"/>
</LocList>
</BasicBoolTerm>
<BasicBoolTerm Intrnl_Id="665">
<LocList>
<Loc EndOffset="50848" SrcFileId="2" StartOffset="50841"/>
</LocList>
</BasicBoolTerm>
<LocList>
<Loc EndOffset="50840" SrcFileId="2" StartOffset="50838"/>
</LocList>
</OpTerm>
</RootTerm>
</CondStmnt>
<BasicStmnt CovItemId="S298" CovItemPrefix="StdDraw.java" Intrnl_Id="666">
<LocList>
<Loc EndOffset="50961" SrcFileId="2" StartOffset="50954"/>
</LocList>
</BasicStmnt>
</StmntSeq>
</HierarchyLvl>
<HierarchyLvl HierarchyLvlId="3745" HierarchyLvlTypeId="13" Intrnl_Id="667" Name="polygon">
<Header>
<Loc EndOffset="51731" SrcFileId="2" StartOffset="51681"/>
</Header>
<LocList>
<Loc EndOffset="52476" SrcFileId="2" StartOffset="51681"/>
</LocList>
<StmntSeq Intrnl_Id="668">
<LocList>
<Loc EndOffset="51783" SrcFileId="2" StartOffset="51742"/>
<Loc EndOffset="51833" SrcFileId="2" StartOffset="51792"/>
<Loc EndOffset="51908" SrcFileId="2" StartOffset="51842"/>
<Loc EndOffset="51983" SrcFileId="2" StartOffset="51917"/>
<Loc EndOffset="52011" SrcFileId="2" StartOffset="51993"/>
<Loc EndOffset="52038" SrcFileId="2" StartOffset="52020"/>
<Loc EndOffset="52133" SrcFileId="2" StartOffset="52047"/>
<Loc EndOffset="52153" SrcFileId="2" StartOffset="52142"/>
<Loc EndOffset="52181" SrcFileId="2" StartOffset="52162"/>
<Loc EndOffset="52228" SrcFileId="2" StartOffset="52191"/>
<Loc EndOffset="52293" SrcFileId="2" StartOffset="52237"/>
<Loc EndOffset="52398" SrcFileId="2" StartOffset="52302"/>
<Loc EndOffset="52424" SrcFileId="2" StartOffset="52407"/>
<Loc EndOffset="52454" SrcFileId="2" StartOffset="52433"/>
<Loc EndOffset="52470" SrcFileId="2" StartOffset="52463"/>
</LocList>
<BasicStmnt CovItemId="S299" CovItemPrefix="StdDraw.java" Intrnl_Id="669">
<LocList>
<Loc EndOffset="51783" SrcFileId="2" StartOffset="51742"/>
</LocList>
</BasicStmnt>
<BasicStmnt CovItemId="S300" CovItemPrefix="StdDraw.java" Intrnl_Id="670">
<LocList>
<Loc EndOffset="51833" SrcFileId="2" StartOffset="51792"/>
</LocList>
</BasicStmnt>
<LoopStmnt CovItemId="S301" CovItemPrefix="StdDraw.java" Intrnl_Id="671" MltplExecId="L2-2" MltplExecPrefix="StdDraw.java" NvrExecId="L2-0" NvrExecPrefix="StdDraw.java" OnceExecutedId="L2-1" OnceExecutedPrefix="StdDraw.java" OptBodyExec="true">
<StmntSeq Intrnl_Id="672">
<LocList>
<Loc EndOffset="51908" SrcFileId="2" StartOffset="51877"/>
</LocList>
<BasicStmnt CovItemId="S302" CovItemPrefix="StdDraw.java" Intrnl_Id="673">
<LocList>
<Loc EndOffset="51908" SrcFileId="2" StartOffset="51877"/>
</LocList>
</BasicStmnt>
</StmntSeq>
<Keyword EndOffset="51845" SrcFileId="2" StartOffset="51842"/>
<LocList>
<Loc EndOffset="51908" SrcFileId="2" StartOffset="51842"/>
</LocList>
<RootTerm CovItemId="C25" CovItemPrefix="StdDraw.java" Intrnl_Id="674">
<BasicBoolTerm Intrnl_Id="675">
<LocList>
<Loc EndOffset="51870" SrcFileId="2" StartOffset="51858"/>
</LocList>
</BasicBoolTerm>
</RootTerm>
</LoopStmnt>
<LoopStmnt CovItemId="S303" CovItemPrefix="StdDraw.java" Intrnl_Id="676" MltplExecId="L3-2" MltplExecPrefix="StdDraw.java" NvrExecId="L3-0" NvrExecPrefix="StdDraw.java" OnceExecutedId="L3-1" OnceExecutedPrefix="StdDraw.java" OptBodyExec="true">
<StmntSeq Intrnl_Id="677">
<LocList>
<Loc EndOffset="51983" SrcFileId="2" StartOffset="51952"/>
</LocList>
<BasicStmnt CovItemId="S304" CovItemPrefix="StdDraw.java" Intrnl_Id="678">
<LocList>
<Loc EndOffset="51983" SrcFileId="2" StartOffset="51952"/>
</LocList>
</BasicStmnt>
</StmntSeq>
<Keyword EndOffset="51920" SrcFileId="2" StartOffset="51917"/>
<LocList>
<Loc EndOffset="51983" SrcFileId="2" StartOffset="51917"/>
</LocList>
<RootTerm CovItemId="C26" CovItemPrefix="StdDraw.java" Intrnl_Id="679">
<BasicBoolTerm Intrnl_Id="680">
<LocList>
<Loc EndOffset="51945" SrcFileId="2" StartOffset="51933"/>
</LocList>
</BasicBoolTerm>
</RootTerm>
</LoopStmnt>
<BasicStmnt CovItemId="S305" CovItemPrefix="StdDraw.java" Intrnl_Id="681">
<LocList>
<Loc EndOffset="52011" SrcFileId="2" StartOffset="51993"/>
</LocList>
</BasicStmnt>
<BasicStmnt CovItemId="S306" CovItemPrefix="StdDraw.java" Intrnl_Id="682">
<LocList>
<Loc EndOffset="52038" SrcFileId="2" StartOffset="52020"/>
</LocList>
</BasicStmnt>
<CondStmnt CovItemId="S307" CovItemPrefix="StdDraw.java" Intrnl_Id="683">
<Branch CovItemId="B47" CovItemPrefix="StdDraw.java" Implct="false" Intrnl_Id="684">
<Cond/>
<LocList>
<Loc EndOffset="52133" SrcFileId="2" StartOffset="52061"/>
</LocList>
<StmntSeq Intrnl_Id="685">
<LocList>
<Loc EndOffset="52133" SrcFileId="2" StartOffset="52061"/>
</LocList>
<BasicStmnt CovItemId="S308" CovItemPrefix="StdDraw.java" Intrnl_Id="686">
<LocList>
<Loc EndOffset="52133" SrcFileId="2" StartOffset="52061"/>
</LocList>
</BasicStmnt>
</StmntSeq>
</Branch>
<Branch CovItemId="B48" CovItemPrefix="StdDraw.java" Implct="true" Intrnl_Id="687">
<Cond/>
<LocList/>
<StmntSeq Intrnl_Id="688">
<LocList/>
</StmntSeq>
</Branch>
<Keyword EndOffset="52049" SrcFileId="2" StartOffset="52047"/>
<LocList>
<Loc EndOffset="52133" SrcFileId="2" StartOffset="52047"/>
</LocList>
<RootTerm CovItemId="C27" CovItemPrefix="StdDraw.java" Intrnl_Id="689">
<BasicBoolTerm Intrnl_Id="690">
<LocList>
<Loc EndOffset="52059" SrcFileId="2" StartOffset="52051"/>
</LocList>
</BasicBoolTerm>
</RootTerm>
</CondStmnt>
<BasicStmnt CovItemId="S309" CovItemPrefix="StdDraw.java" Intrnl_Id="691">
<LocList>
<Loc EndOffset="52153" SrcFileId="2" StartOffset="52142"/>
</LocList>
</BasicStmnt>
<CondStmnt CovItemId="S310" CovItemPrefix="StdDraw.java" Intrnl_Id="692">
<Branch CovItemId="B49" CovItemPrefix="StdDraw.java" Implct="false" Intrnl_Id="693">
<Cond/>
<LocList>
<Loc EndOffset="52181" SrcFileId="2" StartOffset="52174"/>
</LocList>
<StmntSeq Intrnl_Id="694">
<LocList>
<Loc EndOffset="52181" SrcFileId="2" StartOffset="52174"/>
</LocList>
<BasicStmnt CovItemId="S311" CovItemPrefix="StdDraw.java" Intrnl_Id="695">
<LocList>
<Loc EndOffset="52181" SrcFileId="2" StartOffset="52174"/>
</LocList>
</BasicStmnt>
</StmntSeq>
</Branch>
<Branch CovItemId="B50" CovItemPrefix="StdDraw.java" Implct="true" Intrnl_Id="696">
<Cond/>
<LocList/>
<StmntSeq Intrnl_Id="697">
<LocList/>
</StmntSeq>
</Branch>
<Keyword EndOffset="52164" SrcFileId="2" StartOffset="52162"/>
<LocList>
<Loc EndOffset="52181" SrcFileId="2" StartOffset="52162"/>
</LocList>
<RootTerm CovItemId="C28" CovItemPrefix="StdDraw.java" Intrnl_Id="698">
<BasicBoolTerm Intrnl_Id="699">
<LocList>
<Loc EndOffset="52172" SrcFileId="2" StartOffset="52166"/>
</LocList>
</BasicBoolTerm>
</RootTerm>
</CondStmnt>
<BasicStmnt CovItemId="S312" CovItemPrefix="StdDraw.java" Intrnl_Id="700">
<LocList>
<Loc EndOffset="52228" SrcFileId="2" StartOffset="52191"/>
</LocList>
</BasicStmnt>
<BasicStmnt CovItemId="S313" CovItemPrefix="StdDraw.java" Intrnl_Id="701">
<LocList>
<Loc EndOffset="52293" SrcFileId="2" StartOffset="52237"/>
</LocList>
</BasicStmnt>
<LoopStmnt CovItemId="S314" CovItemPrefix="StdDraw.java" Intrnl_Id="702" MltplExecId="L4-2" MltplExecPrefix="StdDraw.java" NvrExecId="L4-0" NvrExecPrefix="StdDraw.java" OnceExecutedId="L4-1" OnceExecutedPrefix="StdDraw.java" OptBodyExec="true">
<StmntSeq Intrnl_Id="703">
<LocList>
<Loc EndOffset="52398" SrcFileId="2" StartOffset="52342"/>
</LocList>
<BasicStmnt CovItemId="S315" CovItemPrefix="StdDraw.java" Intrnl_Id="704">
<LocList>
<Loc EndOffset="52398" SrcFileId="2" StartOffset="52342"/>
</LocList>
</BasicStmnt>
</StmntSeq>
<Keyword EndOffset="52305" SrcFileId="2" StartOffset="52302"/>
<LocList>
<Loc EndOffset="52398" SrcFileId="2" StartOffset="52302"/>
</LocList>
<RootTerm CovItemId="C29" CovItemPrefix="StdDraw.java" Intrnl_Id="705">
<BasicBoolTerm Intrnl_Id="706">
<LocList>
<Loc EndOffset="52323" SrcFileId="2" StartOffset="52318"/>
</LocList>
</BasicBoolTerm>
</RootTerm>
</LoopStmnt>
<BasicStmnt CovItemId="S316" CovItemPrefix="StdDraw.java" Intrnl_Id="707">
<LocList>
<Loc EndOffset="52424" SrcFileId="2" StartOffset="52407"/>
</LocList>
</BasicStmnt>
<BasicStmnt CovItemId="S317" CovItemPrefix="StdDraw.java" Intrnl_Id="708">
<LocList>
<Loc EndOffset="52454" SrcFileId="2" StartOffset="52433"/>
</LocList>
</BasicStmnt>
<BasicStmnt CovItemId="S318" CovItemPrefix="StdDraw.java" Intrnl_Id="709">
<LocList>
<Loc EndOffset="52470" SrcFileId="2" StartOffset="52463"/>
</LocList>
</BasicStmnt>
</StmntSeq>
</HierarchyLvl>
<HierarchyLvl HierarchyLvlId="3746" HierarchyLvlTypeId="13" Intrnl_Id="710" Name="filledPolygon">
<Header>
<Loc EndOffset="53252" SrcFileId="2" StartOffset="53196"/>
</Header>
<LocList>
<Loc EndOffset="53997" SrcFileId="2" StartOffset="53196"/>
</LocList>
<StmntSeq Intrnl_Id="711">
<LocList>
<Loc EndOffset="53304" SrcFileId="2" StartOffset="53263"/>
<Loc EndOffset="53354" SrcFileId="2" StartOffset="53313"/>
<Loc EndOffset="53429" SrcFileId="2" StartOffset="53363"/>
<Loc EndOffset="53504" SrcFileId="2" StartOffset="53438"/>
<Loc EndOffset="53532" SrcFileId="2" StartOffset="53514"/>
<Loc EndOffset="53559" SrcFileId="2" StartOffset="53541"/>
<Loc EndOffset="53654" SrcFileId="2" StartOffset="53568"/>
<Loc EndOffset="53674" SrcFileId="2" StartOffset="53663"/>
<Loc EndOffset="53702" SrcFileId="2" StartOffset="53683"/>
<Loc EndOffset="53749" SrcFileId="2" StartOffset="53712"/>
<Loc EndOffset="53814" SrcFileId="2" StartOffset="53758"/>
<Loc EndOffset="53919" SrcFileId="2" StartOffset="53823"/>
<Loc EndOffset="53945" SrcFileId="2" StartOffset="53928"/>
<Loc EndOffset="53975" SrcFileId="2" StartOffset="53954"/>
<Loc EndOffset="53991" SrcFileId="2" StartOffset="53984"/>
</LocList>
<BasicStmnt CovItemId="S319" CovItemPrefix="StdDraw.java" Intrnl_Id="712">
<LocList>
<Loc EndOffset="53304" SrcFileId="2" StartOffset="53263"/>
</LocList>
</BasicStmnt>
<BasicStmnt CovItemId="S320" CovItemPrefix="StdDraw.java" Intrnl_Id="713">
<LocList>
<Loc EndOffset="53354" SrcFileId="2" StartOffset="53313"/>
</LocList>
</BasicStmnt>
<LoopStmnt CovItemId="S321" CovItemPrefix="StdDraw.java" Intrnl_Id="714" MltplExecId="L5-2" MltplExecPrefix="StdDraw.java" NvrExecId="L5-0" NvrExecPrefix="StdDraw.java" OnceExecutedId="L5-1" OnceExecutedPrefix="StdDraw.java" OptBodyExec="true">
<StmntSeq Intrnl_Id="715">
<LocList>
<Loc EndOffset="53429" SrcFileId="2" StartOffset="53398"/>
</LocList>
<BasicStmnt CovItemId="S322" CovItemPrefix="StdDraw.java" Intrnl_Id="716">
<LocList>
<Loc EndOffset="53429" SrcFileId="2" StartOffset="53398"/>
</LocList>
</BasicStmnt>
</StmntSeq>
<Keyword EndOffset="53366" SrcFileId="2" StartOffset="53363"/>
<LocList>
<Loc EndOffset="53429" SrcFileId="2" StartOffset="53363"/>
</LocList>
<RootTerm CovItemId="C30" CovItemPrefix="StdDraw.java" Intrnl_Id="717">
<BasicBoolTerm Intrnl_Id="718">
<LocList>
<Loc EndOffset="53391" SrcFileId="2" StartOffset="53379"/>
</LocList>
</BasicBoolTerm>
</RootTerm>
</LoopStmnt>
<LoopStmnt CovItemId="S323" CovItemPrefix="StdDraw.java" Intrnl_Id="719" MltplExecId="L6-2" MltplExecPrefix="StdDraw.java" NvrExecId="L6-0" NvrExecPrefix="StdDraw.java" OnceExecutedId="L6-1" OnceExecutedPrefix="StdDraw.java" OptBodyExec="true">
<StmntSeq Intrnl_Id="720">
<LocList>
<Loc EndOffset="53504" SrcFileId="2" StartOffset="53473"/>
</LocList>
<BasicStmnt CovItemId="S324" CovItemPrefix="StdDraw.java" Intrnl_Id="721">
<LocList>
<Loc EndOffset="53504" SrcFileId="2" StartOffset="53473"/>
</LocList>
</BasicStmnt>
</StmntSeq>
<Keyword EndOffset="53441" SrcFileId="2" StartOffset="53438"/>
<LocList>
<Loc EndOffset="53504" SrcFileId="2" StartOffset="53438"/>
</LocList>
<RootTerm CovItemId="C31" CovItemPrefix="StdDraw.java" Intrnl_Id="722">
<BasicBoolTerm Intrnl_Id="723">
<LocList>
<Loc EndOffset="53466" SrcFileId="2" StartOffset="53454"/>
</LocList>
</BasicBoolTerm>
</RootTerm>
</LoopStmnt>
<BasicStmnt CovItemId="S325" CovItemPrefix="StdDraw.java" Intrnl_Id="724">
<LocList>
<Loc EndOffset="53532" SrcFileId="2" StartOffset="53514"/>
</LocList>
</BasicStmnt>
<BasicStmnt CovItemId="S326" CovItemPrefix="StdDraw.java" Intrnl_Id="725">
<LocList>
<Loc EndOffset="53559" SrcFileId="2" StartOffset="53541"/>
</LocList>
</BasicStmnt>
<CondStmnt CovItemId="S327" CovItemPrefix="StdDraw.java" Intrnl_Id="726">
<Branch CovItemId="B51" CovItemPrefix="StdDraw.java" Implct="false" Intrnl_Id="727">
<Cond/>
<LocList>
<Loc EndOffset="53654" SrcFileId="2" StartOffset="53582"/>
</LocList>
<StmntSeq Intrnl_Id="728">
<LocList>
<Loc EndOffset="53654" SrcFileId="2" StartOffset="53582"/>
</LocList>
<BasicStmnt CovItemId="S328" CovItemPrefix="StdDraw.java" Intrnl_Id="729">
<LocList>
<Loc EndOffset="53654" SrcFileId="2" StartOffset="53582"/>
</LocList>
</BasicStmnt>
</StmntSeq>
</Branch>
<Branch CovItemId="B52" CovItemPrefix="StdDraw.java" Implct="true" Intrnl_Id="730">
<Cond/>
<LocList/>
<StmntSeq Intrnl_Id="731">
<LocList/>
</StmntSeq>
</Branch>
<Keyword EndOffset="53570" SrcFileId="2" StartOffset="53568"/>
<LocList>
<Loc EndOffset="53654" SrcFileId="2" StartOffset="53568"/>
</LocList>
<RootTerm CovItemId="C32" CovItemPrefix="StdDraw.java" Intrnl_Id="732">
<BasicBoolTerm Intrnl_Id="733">
<LocList>
<Loc EndOffset="53580" SrcFileId="2" StartOffset="53572"/>
</LocList>
</BasicBoolTerm>
</RootTerm>
</CondStmnt>
<BasicStmnt CovItemId="S329" CovItemPrefix="StdDraw.java" Intrnl_Id="734">
<LocList>
<Loc EndOffset="53674" SrcFileId="2" StartOffset="53663"/>
</LocList>
</BasicStmnt>
<CondStmnt CovItemId="S330" CovItemPrefix="StdDraw.java" Intrnl_Id="735">
<Branch CovItemId="B53" CovItemPrefix="StdDraw.java" Implct="false" Intrnl_Id="736">
<Cond/>
<LocList>
<Loc EndOffset="53702" SrcFileId="2" StartOffset="53695"/>
</LocList>
<StmntSeq Intrnl_Id="737">
<LocList>
<Loc EndOffset="53702" SrcFileId="2" StartOffset="53695"/>
</LocList>
<BasicStmnt CovItemId="S331" CovItemPrefix="StdDraw.java" Intrnl_Id="738">
<LocList>
<Loc EndOffset="53702" SrcFileId="2" StartOffset="53695"/>
</LocList>
</BasicStmnt>
</StmntSeq>
</Branch>
<Branch CovItemId="B54" CovItemPrefix="StdDraw.java" Implct="true" Intrnl_Id="739">
<Cond/>
<LocList/>
<StmntSeq Intrnl_Id="740">
<LocList/>
</StmntSeq>
</Branch>
<Keyword EndOffset="53685" SrcFileId="2" StartOffset="53683"/>
<LocList>
<Loc EndOffset="53702" SrcFileId="2" StartOffset="53683"/>
</LocList>
<RootTerm CovItemId="C33" CovItemPrefix="StdDraw.java" Intrnl_Id="741">
<BasicBoolTerm Intrnl_Id="742">
<LocList>
<Loc EndOffset="53693" SrcFileId="2" StartOffset="53687"/>
</LocList>
</BasicBoolTerm>
</RootTerm>
</CondStmnt>
<BasicStmnt CovItemId="S332" CovItemPrefix="StdDraw.java" Intrnl_Id="743">
<LocList>
<Loc EndOffset="53749" SrcFileId="2" StartOffset="53712"/>
</LocList>
</BasicStmnt>
<BasicStmnt CovItemId="S333" CovItemPrefix="StdDraw.java" Intrnl_Id="744">
<LocList>
<Loc EndOffset="53814" SrcFileId="2" StartOffset="53758"/>
</LocList>
</BasicStmnt>
<LoopStmnt CovItemId="S334" CovItemPrefix="StdDraw.java" Intrnl_Id="745" MltplExecId="L7-2" MltplExecPrefix="StdDraw.java" NvrExecId="L7-0" NvrExecPrefix="StdDraw.java" OnceExecutedId="L7-1" OnceExecutedPrefix="StdDraw.java" OptBodyExec="true">
<StmntSeq Intrnl_Id="746">
<LocList>
<Loc EndOffset="53919" SrcFileId="2" StartOffset="53863"/>
</LocList>
<BasicStmnt CovItemId="S335" CovItemPrefix="StdDraw.java" Intrnl_Id="747">
<LocList>
<Loc EndOffset="53919" SrcFileId="2" StartOffset="53863"/>
</LocList>
</BasicStmnt>
</StmntSeq>
<Keyword EndOffset="53826" SrcFileId="2" StartOffset="53823"/>
<LocList>
<Loc EndOffset="53919" SrcFileId="2" StartOffset="53823"/>
</LocList>
<RootTerm CovItemId="C34" CovItemPrefix="StdDraw.java" Intrnl_Id="748">
<BasicBoolTerm Intrnl_Id="749">
<LocList>
<Loc EndOffset="53844" SrcFileId="2" StartOffset="53839"/>
</LocList>
</BasicBoolTerm>
</RootTerm>
</LoopStmnt>
<BasicStmnt CovItemId="S336" CovItemPrefix="StdDraw.java" Intrnl_Id="750">
<LocList>
<Loc EndOffset="53945" SrcFileId="2" StartOffset="53928"/>
</LocList>
</BasicStmnt>
<BasicStmnt CovItemId="S337" CovItemPrefix="StdDraw.java" Intrnl_Id="751">
<LocList>
<Loc EndOffset="53975" SrcFileId="2" StartOffset="53954"/>
</LocList>
</BasicStmnt>
<BasicStmnt CovItemId="S338" CovItemPrefix="StdDraw.java" Intrnl_Id="752">
<LocList>
<Loc EndOffset="53991" SrcFileId="2" StartOffset="53984"/>
</LocList>
</BasicStmnt>
</StmntSeq>
</HierarchyLvl>
<HierarchyLvl HierarchyLvlId="3747" HierarchyLvlTypeId="13" Intrnl_Id="753" Name="getImage">
<Header>
<Loc EndOffset="54277" SrcFileId="2" StartOffset="54232"/>
</Header>
<LocList>
<Loc EndOffset="55487" SrcFileId="2" StartOffset="54232"/>
</LocList>
<StmntSeq Intrnl_Id="754">
<LocList>
<Loc EndOffset="54347" SrcFileId="2" StartOffset="54288"/>
<Loc EndOffset="54427" SrcFileId="2" StartOffset="54386"/>
<Loc EndOffset="54768" SrcFileId="2" StartOffset="54469"/>
<Loc EndOffset="55069" SrcFileId="2" StartOffset="54851"/>
<Loc EndOffset="55448" SrcFileId="2" StartOffset="55156"/>
<Loc EndOffset="55481" SrcFileId="2" StartOffset="55458"/>
</LocList>
<CondStmnt CovItemId="S339" CovItemPrefix="StdDraw.java" Intrnl_Id="755">
<Branch CovItemId="B55" CovItemPrefix="StdDraw.java" Implct="false" Intrnl_Id="756">
<Cond/>
<LocList>
<Loc EndOffset="54347" SrcFileId="2" StartOffset="54310"/>
</LocList>
<StmntSeq Intrnl_Id="757">
<LocList>
<Loc EndOffset="54347" SrcFileId="2" StartOffset="54310"/>
</LocList>
<BasicStmnt CovItemId="S340" CovItemPrefix="StdDraw.java" Intrnl_Id="758">
<LocList>
<Loc EndOffset="54347" SrcFileId="2" StartOffset="54310"/>
</LocList>
</BasicStmnt>
</StmntSeq>
</Branch>
<Branch CovItemId="B56" CovItemPrefix="StdDraw.java" Implct="true" Intrnl_Id="759">
<Cond/>
<LocList/>
<StmntSeq Intrnl_Id="760">
<LocList/>
</StmntSeq>
</Branch>
<Keyword EndOffset="54290" SrcFileId="2" StartOffset="54288"/>
<LocList>
<Loc EndOffset="54347" SrcFileId="2" StartOffset="54288"/>
</LocList>
<RootTerm CovItemId="C35" CovItemPrefix="StdDraw.java" Intrnl_Id="761">
<BasicBoolTerm Intrnl_Id="762">
<LocList>
<Loc EndOffset="54308" SrcFileId="2" StartOffset="54292"/>
</LocList>
</BasicBoolTerm>
</RootTerm>
</CondStmnt>
<BasicStmnt CovItemId="S341" CovItemPrefix="StdDraw.java" Intrnl_Id="763">
<LocList>
<Loc EndOffset="54427" SrcFileId="2" StartOffset="54386"/>
</LocList>
</BasicStmnt>
<CondStmnt CovItemId="S342" CovItemPrefix="StdDraw.java" Intrnl_Id="764">
<Branch CovItemId="B57" CovItemPrefix="StdDraw.java" Implct="false" Intrnl_Id="765">
<Cond/>
<LocList>
<Loc EndOffset="54768" SrcFileId="2" StartOffset="54545"/>
</LocList>
<StmntSeq Intrnl_Id="766">
<LocList>
<Loc EndOffset="54609" SrcFileId="2" StartOffset="54581"/>
<Loc EndOffset="54652" SrcFileId="2" StartOffset="54626"/>
<Loc EndOffset="54758" SrcFileId="2" StartOffset="54559"/>
</LocList>
<BasicStmnt CovItemId="S344" CovItemPrefix="StdDraw.java" Intrnl_Id="767">
<LocList>
<Loc EndOffset="54609" SrcFileId="2" StartOffset="54581"/>
</LocList>
</BasicStmnt>
<BasicStmnt CovItemId="S345" CovItemPrefix="StdDraw.java" Intrnl_Id="768">
<LocList>
<Loc EndOffset="54652" SrcFileId="2" StartOffset="54626"/>
</LocList>
</BasicStmnt>
<CondStmnt CovItemId="S343" CovItemPrefix="StdDraw.java" Intrnl_Id="769">
<Branch CovItemId="B59" CovItemPrefix="StdDraw.java" Implct="true" Intrnl_Id="770">
<Cond/>
<LocList/>
<StmntSeq Intrnl_Id="771">
<LocList/>
</StmntSeq>
</Branch>
<Branch CovItemId="B60" CovItemPrefix="StdDraw.java" Implct="false" Intrnl_Id="772">
<Cond>
<Loc EndOffset="54710" SrcFileId="2" StartOffset="54679"/>
</Cond>
<LocList>
<Loc EndOffset="54758" SrcFileId="2" StartOffset="54711"/>
</LocList>
<StmntSeq Intrnl_Id="773">
<LocList/>
</StmntSeq>
</Branch>
<Keyword EndOffset="54562" SrcFileId="2" StartOffset="54559"/>
<LocList>
<Loc EndOffset="54758" SrcFileId="2" StartOffset="54559"/>
</LocList>
</CondStmnt>
</StmntSeq>
</Branch>
<Branch CovItemId="B58" CovItemPrefix="StdDraw.java" Implct="true" Intrnl_Id="774">
<Cond/>
<LocList/>
<StmntSeq Intrnl_Id="775">
<LocList/>
</StmntSeq>
</Branch>
<Keyword EndOffset="54471" SrcFileId="2" StartOffset="54469"/>
<LocList>
<Loc EndOffset="54768" SrcFileId="2" StartOffset="54469"/>
</LocList>
<RootTerm CovItemId="C36" CovItemPrefix="StdDraw.java" Intrnl_Id="776">
<OpTerm BooleanOpId="10" Intrnl_Id="777">
<BasicBoolTerm Intrnl_Id="778">
<LocList>
<Loc EndOffset="54486" SrcFileId="2" StartOffset="54474"/>
</LocList>
</BasicBoolTerm>
<BasicBoolTerm Intrnl_Id="779">
<LocList>
<Loc EndOffset="54542" SrcFileId="2" StartOffset="54492"/>
</LocList>
</BasicBoolTerm>
<LocList>
<Loc EndOffset="54490" SrcFileId="2" StartOffset="54488"/>
</LocList>
</OpTerm>
</RootTerm>
</CondStmnt>
<CondStmnt CovItemId="S346" CovItemPrefix="StdDraw.java" Intrnl_Id="780">
<Branch CovItemId="B61" CovItemPrefix="StdDraw.java" Implct="false" Intrnl_Id="781">
<Cond/>
<LocList>
<Loc EndOffset="55069" SrcFileId="2" StartOffset="54927"/>
</LocList>
<StmntSeq Intrnl_Id="782">
<LocList>
<Loc EndOffset="54987" SrcFileId="2" StartOffset="54941"/>
<Loc EndOffset="55059" SrcFileId="2" StartOffset="55000"/>
</LocList>
<BasicStmnt CovItemId="S347" CovItemPrefix="StdDraw.java" Intrnl_Id="783">
<LocList>
<Loc EndOffset="54987" SrcFileId="2" StartOffset="54941"/>
</LocList>
</BasicStmnt>
<CondStmnt CovItemId="S348" CovItemPrefix="StdDraw.java" Intrnl_Id="784">
<Branch CovItemId="B63" CovItemPrefix="StdDraw.java" Implct="false" Intrnl_Id="785">
<Cond/>
<LocList>
<Loc EndOffset="55059" SrcFileId="2" StartOffset="55033"/>
</LocList>
<StmntSeq Intrnl_Id="786">
<LocList>
<Loc EndOffset="55059" SrcFileId="2" StartOffset="55033"/>
</LocList>
<BasicStmnt CovItemId="S349" CovItemPrefix="StdDraw.java" Intrnl_Id="787">
<LocList>
<Loc EndOffset="55059" SrcFileId="2" StartOffset="55033"/>
</LocList>
</BasicStmnt>
</StmntSeq>
</Branch>
<Branch CovItemId="B64" CovItemPrefix="StdDraw.java" Implct="true" Intrnl_Id="788">
<Cond/>
<LocList/>
<StmntSeq Intrnl_Id="789">
<LocList/>
</StmntSeq>
</Branch>
<Keyword EndOffset="55002" SrcFileId="2" StartOffset="55000"/>
<LocList>
<Loc EndOffset="55059" SrcFileId="2" StartOffset="55000"/>
</LocList>
<RootTerm CovItemId="C38" CovItemPrefix="StdDraw.java" Intrnl_Id="790">
<BasicBoolTerm Intrnl_Id="791">
<LocList>
<Loc EndOffset="55015" SrcFileId="2" StartOffset="55004"/>
</LocList>
</BasicBoolTerm>
</RootTerm>
</CondStmnt>
</StmntSeq>
</Branch>
<Branch CovItemId="B62" CovItemPrefix="StdDraw.java" Implct="true" Intrnl_Id="792">
<Cond/>
<LocList/>
<StmntSeq Intrnl_Id="793">
<LocList/>
</StmntSeq>
</Branch>
<Keyword EndOffset="54853" SrcFileId="2" StartOffset="54851"/>
<LocList>
<Loc EndOffset="55069" SrcFileId="2" StartOffset="54851"/>
</LocList>
<RootTerm CovItemId="C37" CovItemPrefix="StdDraw.java" Intrnl_Id="794">
<OpTerm BooleanOpId="10" Intrnl_Id="795">
<BasicBoolTerm Intrnl_Id="796">
<LocList>
<Loc EndOffset="54868" SrcFileId="2" StartOffset="54856"/>
</LocList>
</BasicBoolTerm>
<BasicBoolTerm Intrnl_Id="797">
<LocList>
<Loc EndOffset="54924" SrcFileId="2" StartOffset="54874"/>
</LocList>
</BasicBoolTerm>
<LocList>
<Loc EndOffset="54872" SrcFileId="2" StartOffset="54870"/>
</LocList>
</OpTerm>
</RootTerm>
</CondStmnt>
<CondStmnt CovItemId="S350" CovItemPrefix="StdDraw.java" Intrnl_Id="798">
<Branch CovItemId="B65" CovItemPrefix="StdDraw.java" Implct="false" Intrnl_Id="799">
<Cond/>
<LocList>
<Loc EndOffset="55448" SrcFileId="2" StartOffset="55232"/>
</LocList>
<StmntSeq Intrnl_Id="800">
<LocList>
<Loc EndOffset="55298" SrcFileId="2" StartOffset="55246"/>
<Loc EndOffset="55399" SrcFileId="2" StartOffset="55311"/>
<Loc EndOffset="55438" SrcFileId="2" StartOffset="55412"/>
</LocList>
<BasicStmnt CovItemId="S351" CovItemPrefix="StdDraw.java" Intrnl_Id="801">
<LocList>
<Loc EndOffset="55298" SrcFileId="2" StartOffset="55246"/>
</LocList>
</BasicStmnt>
<CondStmnt CovItemId="S352" CovItemPrefix="StdDraw.java" Intrnl_Id="802">
<Branch CovItemId="B67" CovItemPrefix="StdDraw.java" Implct="false" Intrnl_Id="803">
<Cond/>
<LocList>
<Loc EndOffset="55399" SrcFileId="2" StartOffset="55328"/>
</LocList>
<StmntSeq Intrnl_Id="804">
<LocList>
<Loc EndOffset="55399" SrcFileId="2" StartOffset="55328"/>
</LocList>
<BasicStmnt CovItemId="S353" CovItemPrefix="StdDraw.java" Intrnl_Id="805">
<LocList>
<Loc EndOffset="55399" SrcFileId="2" StartOffset="55328"/>
</LocList>
</BasicStmnt>
</StmntSeq>
</Branch>
<Branch CovItemId="B68" CovItemPrefix="StdDraw.java" Implct="true" Intrnl_Id="806">
<Cond/>
<LocList/>
<StmntSeq Intrnl_Id="807">
<LocList/>
</StmntSeq>
</Branch>
<Keyword EndOffset="55313" SrcFileId="2" StartOffset="55311"/>
<LocList>
<Loc EndOffset="55399" SrcFileId="2" StartOffset="55311"/>
</LocList>
<RootTerm CovItemId="C40" CovItemPrefix="StdDraw.java" Intrnl_Id="808">
<BasicBoolTerm Intrnl_Id="809">
<LocList>
<Loc EndOffset="55326" SrcFileId="2" StartOffset="55315"/>
</LocList>
</BasicBoolTerm>
</RootTerm>
</CondStmnt>
<BasicStmnt CovItemId="S354" CovItemPrefix="StdDraw.java" Intrnl_Id="810">
<LocList>
<Loc EndOffset="55438" SrcFileId="2" StartOffset="55412"/>
</LocList>
</BasicStmnt>
</StmntSeq>
</Branch>
<Branch CovItemId="B66" CovItemPrefix="StdDraw.java" Implct="true" Intrnl_Id="811">
<Cond/>
<LocList/>
<StmntSeq Intrnl_Id="812">
<LocList/>
</StmntSeq>
</Branch>
<Keyword EndOffset="55158" SrcFileId="2" StartOffset="55156"/>
<LocList>
<Loc EndOffset="55448" SrcFileId="2" StartOffset="55156"/>
</LocList>
<RootTerm CovItemId="C39" CovItemPrefix="StdDraw.java" Intrnl_Id="813">
<OpTerm BooleanOpId="10" Intrnl_Id="814">
<BasicBoolTerm Intrnl_Id="815">
<LocList>
<Loc EndOffset="55173" SrcFileId="2" StartOffset="55161"/>
</LocList>
</BasicBoolTerm>
<BasicBoolTerm Intrnl_Id="816">
<LocList>
<Loc EndOffset="55229" SrcFileId="2" StartOffset="55179"/>
</LocList>
</BasicBoolTerm>
<LocList>
<Loc EndOffset="55177" SrcFileId="2" StartOffset="55175"/>
</LocList>
</OpTerm>
</RootTerm>
</CondStmnt>
<BasicStmnt CovItemId="S355" CovItemPrefix="StdDraw.java" Intrnl_Id="817">
<LocList>
<Loc EndOffset="55481" SrcFileId="2" StartOffset="55458"/>
</LocList>
</BasicStmnt>
</StmntSeq>
</HierarchyLvl>
<HierarchyLvl HierarchyLvlId="3748" HierarchyLvlTypeId="13" Intrnl_Id="818" Name="picture">
<Header>
<Loc EndOffset="57953" SrcFileId="2" StartOffset="57890"/>
</Header>
<LocList>
<Loc EndOffset="58646" SrcFileId="2" StartOffset="57890"/>
</LocList>
<StmntSeq Intrnl_Id="819">
<LocList>
<Loc EndOffset="57981" SrcFileId="2" StartOffset="57964"/>
<Loc EndOffset="58007" SrcFileId="2" StartOffset="57990"/>
<Loc EndOffset="58054" SrcFileId="2" StartOffset="58016"/>
<Loc EndOffset="58150" SrcFileId="2" StartOffset="58117"/>
<Loc EndOffset="58181" SrcFileId="2" StartOffset="58159"/>
<Loc EndOffset="58212" SrcFileId="2" StartOffset="58190"/>
<Loc EndOffset="58376" SrcFileId="2" StartOffset="58346"/>
<Loc EndOffset="58416" SrcFileId="2" StartOffset="58385"/>
<Loc EndOffset="58519" SrcFileId="2" StartOffset="58425"/>
<Loc EndOffset="58624" SrcFileId="2" StartOffset="58529"/>
<Loc EndOffset="58640" SrcFileId="2" StartOffset="58633"/>
</LocList>
<BasicStmnt CovItemId="S356" CovItemPrefix="StdDraw.java" Intrnl_Id="820">
<LocList>
<Loc EndOffset="57981" SrcFileId="2" StartOffset="57964"/>
</LocList>
</BasicStmnt>
<BasicStmnt CovItemId="S357" CovItemPrefix="StdDraw.java" Intrnl_Id="821">
<LocList>
<Loc EndOffset="58007" SrcFileId="2" StartOffset="57990"/>
</LocList>
</BasicStmnt>
<BasicStmnt CovItemId="S358" CovItemPrefix="StdDraw.java" Intrnl_Id="822">
<LocList>
<Loc EndOffset="58054" SrcFileId="2" StartOffset="58016"/>
</LocList>
</BasicStmnt>
<BasicStmnt CovItemId="S359" CovItemPrefix="StdDraw.java" Intrnl_Id="823">
<LocList>
<Loc EndOffset="58150" SrcFileId="2" StartOffset="58117"/>
</LocList>
</BasicStmnt>
<BasicStmnt CovItemId="S360" CovItemPrefix="StdDraw.java" Intrnl_Id="824">
<LocList>
<Loc EndOffset="58181" SrcFileId="2" StartOffset="58159"/>
</LocList>
</BasicStmnt>
<BasicStmnt CovItemId="S361" CovItemPrefix="StdDraw.java" Intrnl_Id="825">
<LocList>
<Loc EndOffset="58212" SrcFileId="2" StartOffset="58190"/>
</LocList>
</BasicStmnt>
<BasicStmnt CovItemId="S362" CovItemPrefix="StdDraw.java" Intrnl_Id="826">
<LocList>
<Loc EndOffset="58376" SrcFileId="2" StartOffset="58346"/>
</LocList>
</BasicStmnt>
<BasicStmnt CovItemId="S363" CovItemPrefix="StdDraw.java" Intrnl_Id="827">
<LocList>
<Loc EndOffset="58416" SrcFileId="2" StartOffset="58385"/>
</LocList>
</BasicStmnt>
<CondStmnt CovItemId="S364" CovItemPrefix="StdDraw.java" Intrnl_Id="828">
<Branch CovItemId="B69" CovItemPrefix="StdDraw.java" Implct="false" Intrnl_Id="829">
<Cond/>
<LocList>
<Loc EndOffset="58519" SrcFileId="2" StartOffset="58447"/>
</LocList>
<StmntSeq Intrnl_Id="830">
<LocList>
<Loc EndOffset="58519" SrcFileId="2" StartOffset="58447"/>
</LocList>
<BasicStmnt CovItemId="S365" CovItemPrefix="StdDraw.java" Intrnl_Id="831">
<LocList>
<Loc EndOffset="58519" SrcFileId="2" StartOffset="58447"/>
</LocList>
</BasicStmnt>
</StmntSeq>
</Branch>
<Branch CovItemId="B70" CovItemPrefix="StdDraw.java" Implct="true" Intrnl_Id="832">
<Cond/>
<LocList/>
<StmntSeq Intrnl_Id="833">
<LocList/>
</StmntSeq>
</Branch>
<Keyword EndOffset="58427" SrcFileId="2" StartOffset="58425"/>
<LocList>
<Loc EndOffset="58519" SrcFileId="2" StartOffset="58425"/>
</LocList>
<RootTerm CovItemId="C41" CovItemPrefix="StdDraw.java" Intrnl_Id="834">
<OpTerm BooleanOpId="10" Intrnl_Id="835">
<BasicBoolTerm Intrnl_Id="836">
<LocList>
<Loc EndOffset="58435" SrcFileId="2" StartOffset="58429"/>
</LocList>
</BasicBoolTerm>
<BasicBoolTerm Intrnl_Id="837">
<LocList>
<Loc EndOffset="58445" SrcFileId="2" StartOffset="58439"/>
</LocList>
</BasicBoolTerm>
<LocList>
<Loc EndOffset="58438" SrcFileId="2" StartOffset="58436"/>
</LocList>
</OpTerm>
</RootTerm>
</CondStmnt>
<BasicStmnt CovItemId="S366" CovItemPrefix="StdDraw.java" Intrnl_Id="838">
<LocList>
<Loc EndOffset="58624" SrcFileId="2" StartOffset="58529"/>
</LocList>
</BasicStmnt>
<BasicStmnt CovItemId="S367" CovItemPrefix="StdDraw.java" Intrnl_Id="839">
<LocList>
<Loc EndOffset="58640" SrcFileId="2" StartOffset="58633"/>
</LocList>
</BasicStmnt>
</StmntSeq>
</HierarchyLvl>
<HierarchyLvl HierarchyLvlId="3749" HierarchyLvlTypeId="13" Intrnl_Id="840" Name="picture">
<Header>
<Loc EndOffset="59446" SrcFileId="2" StartOffset="59367"/>
</Header>
<LocList>
<Loc EndOffset="60298" SrcFileId="2" StartOffset="59367"/>
</LocList>
<StmntSeq Intrnl_Id="841">
<LocList>
<Loc EndOffset="59474" SrcFileId="2" StartOffset="59457"/>
<Loc EndOffset="59500" SrcFileId="2" StartOffset="59483"/>
<Loc EndOffset="59538" SrcFileId="2" StartOffset="59509"/>
<Loc EndOffset="59585" SrcFileId="2" StartOffset="59547"/>
<Loc EndOffset="59681" SrcFileId="2" StartOffset="59648"/>
<Loc EndOffset="59712" SrcFileId="2" StartOffset="59690"/>
<Loc EndOffset="59743" SrcFileId="2" StartOffset="59721"/>
<Loc EndOffset="59907" SrcFileId="2" StartOffset="59877"/>
<Loc EndOffset="59947" SrcFileId="2" StartOffset="59916"/>
<Loc EndOffset="60050" SrcFileId="2" StartOffset="59956"/>
<Loc EndOffset="60111" SrcFileId="2" StartOffset="60060"/>
<Loc EndOffset="60215" SrcFileId="2" StartOffset="60120"/>
<Loc EndOffset="60275" SrcFileId="2" StartOffset="60224"/>
<Loc EndOffset="60292" SrcFileId="2" StartOffset="60285"/>
</LocList>
<BasicStmnt CovItemId="S368" CovItemPrefix="StdDraw.java" Intrnl_Id="842">
<LocList>
<Loc EndOffset="59474" SrcFileId="2" StartOffset="59457"/>
</LocList>
</BasicStmnt>
<BasicStmnt CovItemId="S369" CovItemPrefix="StdDraw.java" Intrnl_Id="843">
<LocList>
<Loc EndOffset="59500" SrcFileId="2" StartOffset="59483"/>
</LocList>
</BasicStmnt>
<BasicStmnt CovItemId="S370" CovItemPrefix="StdDraw.java" Intrnl_Id="844">
<LocList>
<Loc EndOffset="59538" SrcFileId="2" StartOffset="59509"/>
</LocList>
</BasicStmnt>
<BasicStmnt CovItemId="S371" CovItemPrefix="StdDraw.java" Intrnl_Id="845">
<LocList>
<Loc EndOffset="59585" SrcFileId="2" StartOffset="59547"/>
</LocList>
</BasicStmnt>
<BasicStmnt CovItemId="S372" CovItemPrefix="StdDraw.java" Intrnl_Id="846">
<LocList>
<Loc EndOffset="59681" SrcFileId="2" StartOffset="59648"/>
</LocList>
</BasicStmnt>
<BasicStmnt CovItemId="S373" CovItemPrefix="StdDraw.java" Intrnl_Id="847">
<LocList>
<Loc EndOffset="59712" SrcFileId="2" StartOffset="59690"/>
</LocList>
</BasicStmnt>
<BasicStmnt CovItemId="S374" CovItemPrefix="StdDraw.java" Intrnl_Id="848">
<LocList>
<Loc EndOffset="59743" SrcFileId="2" StartOffset="59721"/>
</LocList>
</BasicStmnt>
<BasicStmnt CovItemId="S375" CovItemPrefix="StdDraw.java" Intrnl_Id="849">
<LocList>
<Loc EndOffset="59907" SrcFileId="2" StartOffset="59877"/>
</LocList>
</BasicStmnt>
<BasicStmnt CovItemId="S376" CovItemPrefix="StdDraw.java" Intrnl_Id="850">
<LocList>
<Loc EndOffset="59947" SrcFileId="2" StartOffset="59916"/>
</LocList>
</BasicStmnt>
<CondStmnt CovItemId="S377" CovItemPrefix="StdDraw.java" Intrnl_Id="851">
<Branch CovItemId="B71" CovItemPrefix="StdDraw.java" Implct="false" Intrnl_Id="852">
<Cond/>
<LocList>
<Loc EndOffset="60050" SrcFileId="2" StartOffset="59978"/>
</LocList>
<StmntSeq Intrnl_Id="853">
<LocList>
<Loc EndOffset="60050" SrcFileId="2" StartOffset="59978"/>
</LocList>
<BasicStmnt CovItemId="S378" CovItemPrefix="StdDraw.java" Intrnl_Id="854">
<LocList>
<Loc EndOffset="60050" SrcFileId="2" StartOffset="59978"/>
</LocList>
</BasicStmnt>
</StmntSeq>
</Branch>
<Branch CovItemId="B72" CovItemPrefix="StdDraw.java" Implct="true" Intrnl_Id="855">
<Cond/>
<LocList/>
<StmntSeq Intrnl_Id="856">
<LocList/>
</StmntSeq>
</Branch>
<Keyword EndOffset="59958" SrcFileId="2" StartOffset="59956"/>
<LocList>
<Loc EndOffset="60050" SrcFileId="2" StartOffset="59956"/>
</LocList>
<RootTerm CovItemId="C42" CovItemPrefix="StdDraw.java" Intrnl_Id="857">
<OpTerm BooleanOpId="10" Intrnl_Id="858">
<BasicBoolTerm Intrnl_Id="859">
<LocList>
<Loc EndOffset="59966" SrcFileId="2" StartOffset="59960"/>
</LocList>
</BasicBoolTerm>
<BasicBoolTerm Intrnl_Id="860">
<LocList>
<Loc EndOffset="59976" SrcFileId="2" StartOffset="59970"/>
</LocList>
</BasicBoolTerm>
<LocList>
<Loc EndOffset="59969" SrcFileId="2" StartOffset="59967"/>
</LocList>
</OpTerm>
</RootTerm>
</CondStmnt>
<BasicStmnt CovItemId="S379" CovItemPrefix="StdDraw.java" Intrnl_Id="861">
<LocList>
<Loc EndOffset="60111" SrcFileId="2" StartOffset="60060"/>
</LocList>
</BasicStmnt>
<BasicStmnt CovItemId="S380" CovItemPrefix="StdDraw.java" Intrnl_Id="862">
<LocList>
<Loc EndOffset="60215" SrcFileId="2" StartOffset="60120"/>
</LocList>
</BasicStmnt>
<BasicStmnt CovItemId="S381" CovItemPrefix="StdDraw.java" Intrnl_Id="863">
<LocList>
<Loc EndOffset="60275" SrcFileId="2" StartOffset="60224"/>
</LocList>
</BasicStmnt>
<BasicStmnt CovItemId="S382" CovItemPrefix="StdDraw.java" Intrnl_Id="864">
<LocList>
<Loc EndOffset="60292" SrcFileId="2" StartOffset="60285"/>
</LocList>
</BasicStmnt>
</StmntSeq>
</HierarchyLvl>
<HierarchyLvl HierarchyLvlId="3750" HierarchyLvlTypeId="13" Intrnl_Id="865" Name="picture">
<Header>
<Loc EndOffset="61332" SrcFileId="2" StartOffset="61228"/>
</Header>
<LocList>
<Loc EndOffset="62301" SrcFileId="2" StartOffset="61228"/>
</LocList>
<StmntSeq Intrnl_Id="866">
<LocList>
<Loc EndOffset="61360" SrcFileId="2" StartOffset="61343"/>
<Loc EndOffset="61386" SrcFileId="2" StartOffset="61369"/>
<Loc EndOffset="61433" SrcFileId="2" StartOffset="61395"/>
<Loc EndOffset="61482" SrcFileId="2" StartOffset="61442"/>
<Loc EndOffset="61529" SrcFileId="2" StartOffset="61491"/>
<Loc EndOffset="61587" SrcFileId="2" StartOffset="61538"/>
<Loc EndOffset="61647" SrcFileId="2" StartOffset="61596"/>
<Loc EndOffset="61690" SrcFileId="2" StartOffset="61657"/>
<Loc EndOffset="61721" SrcFileId="2" StartOffset="61699"/>
<Loc EndOffset="61752" SrcFileId="2" StartOffset="61730"/>
<Loc EndOffset="61794" SrcFileId="2" StartOffset="61761"/>
<Loc EndOffset="61837" SrcFileId="2" StartOffset="61803"/>
<Loc EndOffset="61940" SrcFileId="2" StartOffset="61846"/>
<Loc EndOffset="62279" SrcFileId="2" StartOffset="61949"/>
<Loc EndOffset="62295" SrcFileId="2" StartOffset="62288"/>
</LocList>
<BasicStmnt CovItemId="S383" CovItemPrefix="StdDraw.java" Intrnl_Id="867">
<LocList>
<Loc EndOffset="61360" SrcFileId="2" StartOffset="61343"/>
</LocList>
</BasicStmnt>
<BasicStmnt CovItemId="S384" CovItemPrefix="StdDraw.java" Intrnl_Id="868">
<LocList>
<Loc EndOffset="61386" SrcFileId="2" StartOffset="61369"/>
</LocList>
</BasicStmnt>
<BasicStmnt CovItemId="S385" CovItemPrefix="StdDraw.java" Intrnl_Id="869">
<LocList>
<Loc EndOffset="61433" SrcFileId="2" StartOffset="61395"/>
</LocList>
</BasicStmnt>
<BasicStmnt CovItemId="S386" CovItemPrefix="StdDraw.java" Intrnl_Id="870">
<LocList>
<Loc EndOffset="61482" SrcFileId="2" StartOffset="61442"/>
</LocList>
</BasicStmnt>
<BasicStmnt CovItemId="S387" CovItemPrefix="StdDraw.java" Intrnl_Id="871">
<LocList>
<Loc EndOffset="61529" SrcFileId="2" StartOffset="61491"/>
</LocList>
</BasicStmnt>
<BasicStmnt CovItemId="S388" CovItemPrefix="StdDraw.java" Intrnl_Id="872">
<LocList>
<Loc EndOffset="61587" SrcFileId="2" StartOffset="61538"/>
</LocList>
</BasicStmnt>
<BasicStmnt CovItemId="S389" CovItemPrefix="StdDraw.java" Intrnl_Id="873">
<LocList>
<Loc EndOffset="61647" SrcFileId="2" StartOffset="61596"/>
</LocList>
</BasicStmnt>
<BasicStmnt CovItemId="S390" CovItemPrefix="StdDraw.java" Intrnl_Id="874">
<LocList>
<Loc EndOffset="61690" SrcFileId="2" StartOffset="61657"/>
</LocList>
</BasicStmnt>
<BasicStmnt CovItemId="S391" CovItemPrefix="StdDraw.java" Intrnl_Id="875">
<LocList>
<Loc EndOffset="61721" SrcFileId="2" StartOffset="61699"/>
</LocList>
</BasicStmnt>
<BasicStmnt CovItemId="S392" CovItemPrefix="StdDraw.java" Intrnl_Id="876">
<LocList>
<Loc EndOffset="61752" SrcFileId="2" StartOffset="61730"/>
</LocList>
</BasicStmnt>
<BasicStmnt CovItemId="S393" CovItemPrefix="StdDraw.java" Intrnl_Id="877">
<LocList>
<Loc EndOffset="61794" SrcFileId="2" StartOffset="61761"/>
</LocList>
</BasicStmnt>
<BasicStmnt CovItemId="S394" CovItemPrefix="StdDraw.java" Intrnl_Id="878">
<LocList>
<Loc EndOffset="61837" SrcFileId="2" StartOffset="61803"/>
</LocList>
</BasicStmnt>
<CondStmnt CovItemId="S395" CovItemPrefix="StdDraw.java" Intrnl_Id="879">
<Branch CovItemId="B73" CovItemPrefix="StdDraw.java" Implct="false" Intrnl_Id="880">
<Cond/>
<LocList>
<Loc EndOffset="61940" SrcFileId="2" StartOffset="61868"/>
</LocList>
<StmntSeq Intrnl_Id="881">
<LocList>
<Loc EndOffset="61940" SrcFileId="2" StartOffset="61868"/>
</LocList>
<BasicStmnt CovItemId="S396" CovItemPrefix="StdDraw.java" Intrnl_Id="882">
<LocList>
<Loc EndOffset="61940" SrcFileId="2" StartOffset="61868"/>
</LocList>
</BasicStmnt>
</StmntSeq>
</Branch>
<Branch CovItemId="B74" CovItemPrefix="StdDraw.java" Implct="true" Intrnl_Id="883">
<Cond/>
<LocList/>
<StmntSeq Intrnl_Id="884">
<LocList/>
</StmntSeq>
</Branch>
<Keyword EndOffset="61848" SrcFileId="2" StartOffset="61846"/>
<LocList>
<Loc EndOffset="61940" SrcFileId="2" StartOffset="61846"/>
</LocList>
<RootTerm CovItemId="C43" CovItemPrefix="StdDraw.java" Intrnl_Id="885">
<OpTerm BooleanOpId="10" Intrnl_Id="886">
<BasicBoolTerm Intrnl_Id="887">
<LocList>
<Loc EndOffset="61856" SrcFileId="2" StartOffset="61850"/>
</LocList>
</BasicBoolTerm>
<BasicBoolTerm Intrnl_Id="888">
<LocList>
<Loc EndOffset="61866" SrcFileId="2" StartOffset="61860"/>
</LocList>
</BasicBoolTerm>
<LocList>
<Loc EndOffset="61859" SrcFileId="2" StartOffset="61857"/>
</LocList>
</OpTerm>
</RootTerm>
</CondStmnt>
<CondStmnt CovItemId="S397" CovItemPrefix="StdDraw.java" Intrnl_Id="889">
<Branch CovItemId="B75" CovItemPrefix="StdDraw.java" Implct="false" Intrnl_Id="890">
<Cond/>
<LocList>
<Loc EndOffset="61985" SrcFileId="2" StartOffset="61973"/>
</LocList>
<StmntSeq Intrnl_Id="891">
<LocList>
<Loc EndOffset="61985" SrcFileId="2" StartOffset="61973"/>
</LocList>
<BasicStmnt CovItemId="S398" CovItemPrefix="StdDraw.java" Intrnl_Id="892">
<LocList>
<Loc EndOffset="61985" SrcFileId="2" StartOffset="61973"/>
</LocList>
</BasicStmnt>
</StmntSeq>
</Branch>
<Branch CovItemId="B76" CovItemPrefix="StdDraw.java" Implct="false" Intrnl_Id="893">
<Cond>
<Loc EndOffset="61998" SrcFileId="2" StartOffset="61994"/>
</Cond>
<LocList>
<Loc EndOffset="62279" SrcFileId="2" StartOffset="61999"/>
</LocList>
<StmntSeq Intrnl_Id="894">
<LocList>
<Loc EndOffset="62269" SrcFileId="2" StartOffset="62013"/>
</LocList>
<BasicStmnt CovItemId="S399" CovItemPrefix="StdDraw.java" Intrnl_Id="895">
<LocList>
<Loc EndOffset="62269" SrcFileId="2" StartOffset="62013"/>
</LocList>
</BasicStmnt>
</StmntSeq>
</Branch>
<Keyword EndOffset="61951" SrcFileId="2" StartOffset="61949"/>
<LocList>
<Loc EndOffset="62279" SrcFileId="2" StartOffset="61949"/>
</LocList>
<RootTerm CovItemId="C44" CovItemPrefix="StdDraw.java" Intrnl_Id="896">
<OpTerm BooleanOpId="9" Intrnl_Id="897">
<BasicBoolTerm Intrnl_Id="898">
<LocList>
<Loc EndOffset="61960" SrcFileId="2" StartOffset="61953"/>
</LocList>
</BasicBoolTerm>
<BasicBoolTerm Intrnl_Id="899">
<LocList>
<Loc EndOffset="61971" SrcFileId="2" StartOffset="61964"/>
</LocList>
</BasicBoolTerm>
<LocList>
<Loc EndOffset="61963" SrcFileId="2" StartOffset="61961"/>
</LocList>
</OpTerm>
</RootTerm>
</CondStmnt>
<BasicStmnt CovItemId="S400" CovItemPrefix="StdDraw.java" Intrnl_Id="900">
<LocList>
<Loc EndOffset="62295" SrcFileId="2" StartOffset="62288"/>
</LocList>
</BasicStmnt>
</StmntSeq>
</HierarchyLvl>
<HierarchyLvl HierarchyLvlId="3751" HierarchyLvlTypeId="13" Intrnl_Id="901" Name="picture">
<Header>
<Loc EndOffset="63296" SrcFileId="2" StartOffset="63176"/>
</Header>
<LocList>
<Loc EndOffset="64384" SrcFileId="2" StartOffset="63176"/>
</LocList>
<StmntSeq Intrnl_Id="902">
<LocList>
<Loc EndOffset="63324" SrcFileId="2" StartOffset="63307"/>
<Loc EndOffset="63350" SrcFileId="2" StartOffset="63333"/>
<Loc EndOffset="63397" SrcFileId="2" StartOffset="63359"/>
<Loc EndOffset="63446" SrcFileId="2" StartOffset="63406"/>
<Loc EndOffset="63484" SrcFileId="2" StartOffset="63455"/>
<Loc EndOffset="63531" SrcFileId="2" StartOffset="63493"/>
<Loc EndOffset="63589" SrcFileId="2" StartOffset="63540"/>
<Loc EndOffset="63649" SrcFileId="2" StartOffset="63598"/>
<Loc EndOffset="63692" SrcFileId="2" StartOffset="63659"/>
<Loc EndOffset="63723" SrcFileId="2" StartOffset="63701"/>
<Loc EndOffset="63754" SrcFileId="2" StartOffset="63732"/>
<Loc EndOffset="63796" SrcFileId="2" StartOffset="63763"/>
<Loc EndOffset="63839" SrcFileId="2" StartOffset="63805"/>
<Loc EndOffset="63942" SrcFileId="2" StartOffset="63848"/>
<Loc EndOffset="63987" SrcFileId="2" StartOffset="63951"/>
<Loc EndOffset="64048" SrcFileId="2" StartOffset="63997"/>
<Loc EndOffset="64301" SrcFileId="2" StartOffset="64057"/>
<Loc EndOffset="64361" SrcFileId="2" StartOffset="64310"/>
<Loc EndOffset="64378" SrcFileId="2" StartOffset="64371"/>
</LocList>
<BasicStmnt CovItemId="S401" CovItemPrefix="StdDraw.java" Intrnl_Id="903">
<LocList>
<Loc EndOffset="63324" SrcFileId="2" StartOffset="63307"/>
</LocList>
</BasicStmnt>
<BasicStmnt CovItemId="S402" CovItemPrefix="StdDraw.java" Intrnl_Id="904">
<LocList>
<Loc EndOffset="63350" SrcFileId="2" StartOffset="63333"/>
</LocList>
</BasicStmnt>
<BasicStmnt CovItemId="S403" CovItemPrefix="StdDraw.java" Intrnl_Id="905">
<LocList>
<Loc EndOffset="63397" SrcFileId="2" StartOffset="63359"/>
</LocList>
</BasicStmnt>
<BasicStmnt CovItemId="S404" CovItemPrefix="StdDraw.java" Intrnl_Id="906">
<LocList>
<Loc EndOffset="63446" SrcFileId="2" StartOffset="63406"/>
</LocList>
</BasicStmnt>
<BasicStmnt CovItemId="S405" CovItemPrefix="StdDraw.java" Intrnl_Id="907">
<LocList>
<Loc EndOffset="63484" SrcFileId="2" StartOffset="63455"/>
</LocList>
</BasicStmnt>
<BasicStmnt CovItemId="S406" CovItemPrefix="StdDraw.java" Intrnl_Id="908">
<LocList>
<Loc EndOffset="63531" SrcFileId="2" StartOffset="63493"/>
</LocList>
</BasicStmnt>
<BasicStmnt CovItemId="S407" CovItemPrefix="StdDraw.java" Intrnl_Id="909">
<LocList>
<Loc EndOffset="63589" SrcFileId="2" StartOffset="63540"/>
</LocList>
</BasicStmnt>
<BasicStmnt CovItemId="S408" CovItemPrefix="StdDraw.java" Intrnl_Id="910">
<LocList>
<Loc EndOffset="63649" SrcFileId="2" StartOffset="63598"/>
</LocList>
</BasicStmnt>
<BasicStmnt CovItemId="S409" CovItemPrefix="StdDraw.java" Intrnl_Id="911">
<LocList>
<Loc EndOffset="63692" SrcFileId="2" StartOffset="63659"/>
</LocList>
</BasicStmnt>
<BasicStmnt CovItemId="S410" CovItemPrefix="StdDraw.java" Intrnl_Id="912">
<LocList>
<Loc EndOffset="63723" SrcFileId="2" StartOffset="63701"/>
</LocList>
</BasicStmnt>
<BasicStmnt CovItemId="S411" CovItemPrefix="StdDraw.java" Intrnl_Id="913">
<LocList>
<Loc EndOffset="63754" SrcFileId="2" StartOffset="63732"/>
</LocList>
</BasicStmnt>
<BasicStmnt CovItemId="S412" CovItemPrefix="StdDraw.java" Intrnl_Id="914">
<LocList>
<Loc EndOffset="63796" SrcFileId="2" StartOffset="63763"/>
</LocList>
</BasicStmnt>
<BasicStmnt CovItemId="S413" CovItemPrefix="StdDraw.java" Intrnl_Id="915">
<LocList>
<Loc EndOffset="63839" SrcFileId="2" StartOffset="63805"/>
</LocList>
</BasicStmnt>
<CondStmnt CovItemId="S414" CovItemPrefix="StdDraw.java" Intrnl_Id="916">
<Branch CovItemId="B77" CovItemPrefix="StdDraw.java" Implct="false" Intrnl_Id="917">
<Cond/>
<LocList>
<Loc EndOffset="63942" SrcFileId="2" StartOffset="63870"/>
</LocList>
<StmntSeq Intrnl_Id="918">
<LocList>
<Loc EndOffset="63942" SrcFileId="2" StartOffset="63870"/>
</LocList>
<BasicStmnt CovItemId="S415" CovItemPrefix="StdDraw.java" Intrnl_Id="919">
<LocList>
<Loc EndOffset="63942" SrcFileId="2" StartOffset="63870"/>
</LocList>
</BasicStmnt>
</StmntSeq>
</Branch>
<Branch CovItemId="B78" CovItemPrefix="StdDraw.java" Implct="true" Intrnl_Id="920">
<Cond/>
<LocList/>
<StmntSeq Intrnl_Id="921">
<LocList/>
</StmntSeq>
</Branch>
<Keyword EndOffset="63850" SrcFileId="2" StartOffset="63848"/>
<LocList>
<Loc EndOffset="63942" SrcFileId="2" StartOffset="63848"/>
</LocList>
<RootTerm CovItemId="C45" CovItemPrefix="StdDraw.java" Intrnl_Id="922">
<OpTerm BooleanOpId="10" Intrnl_Id="923">
<BasicBoolTerm Intrnl_Id="924">
<LocList>
<Loc EndOffset="63858" SrcFileId="2" StartOffset="63852"/>
</LocList>
</BasicBoolTerm>
<BasicBoolTerm Intrnl_Id="925">
<LocList>
<Loc EndOffset="63868" SrcFileId="2" StartOffset="63862"/>
</LocList>
</BasicBoolTerm>
<LocList>
<Loc EndOffset="63861" SrcFileId="2" StartOffset="63859"/>
</LocList>
</OpTerm>
</RootTerm>
</CondStmnt>
<CondStmnt CovItemId="S416" CovItemPrefix="StdDraw.java" Intrnl_Id="926">
<Branch CovItemId="B79" CovItemPrefix="StdDraw.java" Implct="false" Intrnl_Id="927">
<Cond/>
<LocList>
<Loc EndOffset="63987" SrcFileId="2" StartOffset="63975"/>
</LocList>
<StmntSeq Intrnl_Id="928">
<LocList>
<Loc EndOffset="63987" SrcFileId="2" StartOffset="63975"/>
</LocList>
<BasicStmnt CovItemId="S417" CovItemPrefix="StdDraw.java" Intrnl_Id="929">
<LocList>
<Loc EndOffset="63987" SrcFileId="2" StartOffset="63975"/>
</LocList>
</BasicStmnt>
</StmntSeq>
</Branch>
<Branch CovItemId="B80" CovItemPrefix="StdDraw.java" Implct="true" Intrnl_Id="930">
<Cond/>
<LocList/>
<StmntSeq Intrnl_Id="931">
<LocList/>
</StmntSeq>
</Branch>
<Keyword EndOffset="63953" SrcFileId="2" StartOffset="63951"/>
<LocList>
<Loc EndOffset="63987" SrcFileId="2" StartOffset="63951"/>
</LocList>
<RootTerm CovItemId="C46" CovItemPrefix="StdDraw.java" Intrnl_Id="932">
<OpTerm BooleanOpId="9" Intrnl_Id="933">
<BasicBoolTerm Intrnl_Id="934">
<LocList>
<Loc EndOffset="63962" SrcFileId="2" StartOffset="63955"/>
</LocList>
</BasicBoolTerm>
<BasicBoolTerm Intrnl_Id="935">
<LocList>
<Loc EndOffset="63973" SrcFileId="2" StartOffset="63966"/>
</LocList>
</BasicBoolTerm>
<LocList>
<Loc EndOffset="63965" SrcFileId="2" StartOffset="63963"/>
</LocList>
</OpTerm>
</RootTerm>
</CondStmnt>
<BasicStmnt CovItemId="S418" CovItemPrefix="StdDraw.java" Intrnl_Id="936">
<LocList>
<Loc EndOffset="64048" SrcFileId="2" StartOffset="63997"/>
</LocList>
</BasicStmnt>
<BasicStmnt CovItemId="S419" CovItemPrefix="StdDraw.java" Intrnl_Id="937">
<LocList>
<Loc EndOffset="64301" SrcFileId="2" StartOffset="64057"/>
</LocList>
</BasicStmnt>
<BasicStmnt CovItemId="S420" CovItemPrefix="StdDraw.java" Intrnl_Id="938">
<LocList>
<Loc EndOffset="64361" SrcFileId="2" StartOffset="64310"/>
</LocList>
</BasicStmnt>
<BasicStmnt CovItemId="S421" CovItemPrefix="StdDraw.java" Intrnl_Id="939">
<LocList>
<Loc EndOffset="64378" SrcFileId="2" StartOffset="64371"/>
</LocList>
</BasicStmnt>
</StmntSeq>
</HierarchyLvl>
<HierarchyLvl HierarchyLvlId="3752" HierarchyLvlTypeId="13" Intrnl_Id="940" Name="text">
<Header>
<Loc EndOffset="65073" SrcFileId="2" StartOffset="65017"/>
</Header>
<LocList>
<Loc EndOffset="65503" SrcFileId="2" StartOffset="65017"/>
</LocList>
<StmntSeq Intrnl_Id="941">
<LocList>
<Loc EndOffset="65101" SrcFileId="2" StartOffset="65084"/>
<Loc EndOffset="65127" SrcFileId="2" StartOffset="65110"/>
<Loc EndOffset="65166" SrcFileId="2" StartOffset="65136"/>
<Loc EndOffset="65200" SrcFileId="2" StartOffset="65176"/>
<Loc EndOffset="65258" SrcFileId="2" StartOffset="65209"/>
<Loc EndOffset="65289" SrcFileId="2" StartOffset="65267"/>
<Loc EndOffset="65320" SrcFileId="2" StartOffset="65298"/>
<Loc EndOffset="65364" SrcFileId="2" StartOffset="65329"/>
<Loc EndOffset="65403" SrcFileId="2" StartOffset="65373"/>
<Loc EndOffset="65481" SrcFileId="2" StartOffset="65412"/>
<Loc EndOffset="65497" SrcFileId="2" StartOffset="65490"/>
</LocList>
<BasicStmnt CovItemId="S422" CovItemPrefix="StdDraw.java" Intrnl_Id="942">
<LocList>
<Loc EndOffset="65101" SrcFileId="2" StartOffset="65084"/>
</LocList>
</BasicStmnt>
<BasicStmnt CovItemId="S423" CovItemPrefix="StdDraw.java" Intrnl_Id="943">
<LocList>
<Loc EndOffset="65127" SrcFileId="2" StartOffset="65110"/>
</LocList>
</BasicStmnt>
<BasicStmnt CovItemId="S424" CovItemPrefix="StdDraw.java" Intrnl_Id="944">
<LocList>
<Loc EndOffset="65166" SrcFileId="2" StartOffset="65136"/>
</LocList>
</BasicStmnt>
<BasicStmnt CovItemId="S425" CovItemPrefix="StdDraw.java" Intrnl_Id="945">
<LocList>
<Loc EndOffset="65200" SrcFileId="2" StartOffset="65176"/>
</LocList>
</BasicStmnt>
<BasicStmnt CovItemId="S426" CovItemPrefix="StdDraw.java" Intrnl_Id="946">
<LocList>
<Loc EndOffset="65258" SrcFileId="2" StartOffset="65209"/>
</LocList>
</BasicStmnt>
<BasicStmnt CovItemId="S427" CovItemPrefix="StdDraw.java" Intrnl_Id="947">
<LocList>
<Loc EndOffset="65289" SrcFileId="2" StartOffset="65267"/>
</LocList>
</BasicStmnt>
<BasicStmnt CovItemId="S428" CovItemPrefix="StdDraw.java" Intrnl_Id="948">
<LocList>
<Loc EndOffset="65320" SrcFileId="2" StartOffset="65298"/>
</LocList>
</BasicStmnt>
<BasicStmnt CovItemId="S429" CovItemPrefix="StdDraw.java" Intrnl_Id="949">
<LocList>
<Loc EndOffset="65364" SrcFileId="2" StartOffset="65329"/>
</LocList>
</BasicStmnt>
<BasicStmnt CovItemId="S430" CovItemPrefix="StdDraw.java" Intrnl_Id="950">
<LocList>
<Loc EndOffset="65403" SrcFileId="2" StartOffset="65373"/>
</LocList>
</BasicStmnt>
<BasicStmnt CovItemId="S431" CovItemPrefix="StdDraw.java" Intrnl_Id="951">
<LocList>
<Loc EndOffset="65481" SrcFileId="2" StartOffset="65412"/>
</LocList>
</BasicStmnt>
<BasicStmnt CovItemId="S432" CovItemPrefix="StdDraw.java" Intrnl_Id="952">
<LocList>
<Loc EndOffset="65497" SrcFileId="2" StartOffset="65490"/>
</LocList>
</BasicStmnt>
</StmntSeq>
</HierarchyLvl>
<HierarchyLvl HierarchyLvlId="3753" HierarchyLvlTypeId="13" Intrnl_Id="953" Name="text">
<Header>
<Loc EndOffset="66165" SrcFileId="2" StartOffset="66093"/>
</Header>
<LocList>
<Loc EndOffset="66511" SrcFileId="2" StartOffset="66093"/>
</LocList>
<StmntSeq Intrnl_Id="954">
<LocList>
<Loc EndOffset="66193" SrcFileId="2" StartOffset="66176"/>
<Loc EndOffset="66219" SrcFileId="2" StartOffset="66202"/>
<Loc EndOffset="66257" SrcFileId="2" StartOffset="66228"/>
<Loc EndOffset="66296" SrcFileId="2" StartOffset="66266"/>
<Loc EndOffset="66328" SrcFileId="2" StartOffset="66306"/>
<Loc EndOffset="66359" SrcFileId="2" StartOffset="66337"/>
<Loc EndOffset="66419" SrcFileId="2" StartOffset="66368"/>
<Loc EndOffset="66445" SrcFileId="2" StartOffset="66428"/>
<Loc EndOffset="66505" SrcFileId="2" StartOffset="66454"/>
</LocList>
<BasicStmnt CovItemId="S433" CovItemPrefix="StdDraw.java" Intrnl_Id="955">
<LocList>
<Loc EndOffset="66193" SrcFileId="2" StartOffset="66176"/>
</LocList>
</BasicStmnt>
<BasicStmnt CovItemId="S434" CovItemPrefix="StdDraw.java" Intrnl_Id="956">
<LocList>
<Loc EndOffset="66219" SrcFileId="2" StartOffset="66202"/>
</LocList>
</BasicStmnt>
<BasicStmnt CovItemId="S435" CovItemPrefix="StdDraw.java" Intrnl_Id="957">
<LocList>
<Loc EndOffset="66257" SrcFileId="2" StartOffset="66228"/>
</LocList>
</BasicStmnt>
<BasicStmnt CovItemId="S436" CovItemPrefix="StdDraw.java" Intrnl_Id="958">
<LocList>
<Loc EndOffset="66296" SrcFileId="2" StartOffset="66266"/>
</LocList>
</BasicStmnt>
<BasicStmnt CovItemId="S437" CovItemPrefix="StdDraw.java" Intrnl_Id="959">
<LocList>
<Loc EndOffset="66328" SrcFileId="2" StartOffset="66306"/>
</LocList>
</BasicStmnt>
<BasicStmnt CovItemId="S438" CovItemPrefix="StdDraw.java" Intrnl_Id="960">
<LocList>
<Loc EndOffset="66359" SrcFileId="2" StartOffset="66337"/>
</LocList>
</BasicStmnt>
<BasicStmnt CovItemId="S439" CovItemPrefix="StdDraw.java" Intrnl_Id="961">
<LocList>
<Loc EndOffset="66419" SrcFileId="2" StartOffset="66368"/>
</LocList>
</BasicStmnt>
<BasicStmnt CovItemId="S440" CovItemPrefix="StdDraw.java" Intrnl_Id="962">
<LocList>
<Loc EndOffset="66445" SrcFileId="2" StartOffset="66428"/>
</LocList>
</BasicStmnt>
<BasicStmnt CovItemId="S441" CovItemPrefix="StdDraw.java" Intrnl_Id="963">
<LocList>
<Loc EndOffset="66505" SrcFileId="2" StartOffset="66454"/>
</LocList>
</BasicStmnt>
</StmntSeq>
</HierarchyLvl>
<HierarchyLvl HierarchyLvlId="3754" HierarchyLvlTypeId="13" Intrnl_Id="964" Name="textLeft">
<Header>
<Loc EndOffset="66996" SrcFileId="2" StartOffset="66936"/>
</Header>
<LocList>
<Loc EndOffset="67371" SrcFileId="2" StartOffset="66936"/>
</LocList>
<StmntSeq Intrnl_Id="965">
<LocList>
<Loc EndOffset="67024" SrcFileId="2" StartOffset="67007"/>
<Loc EndOffset="67050" SrcFileId="2" StartOffset="67033"/>
<Loc EndOffset="67089" SrcFileId="2" StartOffset="67059"/>
<Loc EndOffset="67123" SrcFileId="2" StartOffset="67099"/>
<Loc EndOffset="67181" SrcFileId="2" StartOffset="67132"/>
<Loc EndOffset="67212" SrcFileId="2" StartOffset="67190"/>
<Loc EndOffset="67243" SrcFileId="2" StartOffset="67221"/>
<Loc EndOffset="67282" SrcFileId="2" StartOffset="67252"/>
<Loc EndOffset="67349" SrcFileId="2" StartOffset="67291"/>
<Loc EndOffset="67365" SrcFileId="2" StartOffset="67358"/>
</LocList>
<BasicStmnt CovItemId="S442" CovItemPrefix="StdDraw.java" Intrnl_Id="966">
<LocList>
<Loc EndOffset="67024" SrcFileId="2" StartOffset="67007"/>
</LocList>
</BasicStmnt>
<BasicStmnt CovItemId="S443" CovItemPrefix="StdDraw.java" Intrnl_Id="967">
<LocList>
<Loc EndOffset="67050" SrcFileId="2" StartOffset="67033"/>
</LocList>
</BasicStmnt>
<BasicStmnt CovItemId="S444" CovItemPrefix="StdDraw.java" Intrnl_Id="968">
<LocList>
<Loc EndOffset="67089" SrcFileId="2" StartOffset="67059"/>
</LocList>
</BasicStmnt>
<BasicStmnt CovItemId="S445" CovItemPrefix="StdDraw.java" Intrnl_Id="969">
<LocList>
<Loc EndOffset="67123" SrcFileId="2" StartOffset="67099"/>
</LocList>
</BasicStmnt>
<BasicStmnt CovItemId="S446" CovItemPrefix="StdDraw.java" Intrnl_Id="970">
<LocList>
<Loc EndOffset="67181" SrcFileId="2" StartOffset="67132"/>
</LocList>
</BasicStmnt>
<BasicStmnt CovItemId="S447" CovItemPrefix="StdDraw.java" Intrnl_Id="971">
<LocList>
<Loc EndOffset="67212" SrcFileId="2" StartOffset="67190"/>
</LocList>
</BasicStmnt>
<BasicStmnt CovItemId="S448" CovItemPrefix="StdDraw.java" Intrnl_Id="972">
<LocList>
<Loc EndOffset="67243" SrcFileId="2" StartOffset="67221"/>
</LocList>
</BasicStmnt>
<BasicStmnt CovItemId="S449" CovItemPrefix="StdDraw.java" Intrnl_Id="973">
<LocList>
<Loc EndOffset="67282" SrcFileId="2" StartOffset="67252"/>
</LocList>
</BasicStmnt>
<BasicStmnt CovItemId="S450" CovItemPrefix="StdDraw.java" Intrnl_Id="974">
<LocList>
<Loc EndOffset="67349" SrcFileId="2" StartOffset="67291"/>
</LocList>
</BasicStmnt>
<BasicStmnt CovItemId="S451" CovItemPrefix="StdDraw.java" Intrnl_Id="975">
<LocList>
<Loc EndOffset="67365" SrcFileId="2" StartOffset="67358"/>
</LocList>
</BasicStmnt>
</StmntSeq>
</HierarchyLvl>
<HierarchyLvl HierarchyLvlId="3755" HierarchyLvlTypeId="13" Intrnl_Id="976" Name="textRight">
<Header>
<Loc EndOffset="67873" SrcFileId="2" StartOffset="67812"/>
</Header>
<LocList>
<Loc EndOffset="68299" SrcFileId="2" StartOffset="67812"/>
</LocList>
<StmntSeq Intrnl_Id="977">
<LocList>
<Loc EndOffset="67901" SrcFileId="2" StartOffset="67884"/>
<Loc EndOffset="67927" SrcFileId="2" StartOffset="67910"/>
<Loc EndOffset="67966" SrcFileId="2" StartOffset="67936"/>
<Loc EndOffset="68000" SrcFileId="2" StartOffset="67976"/>
<Loc EndOffset="68058" SrcFileId="2" StartOffset="68009"/>
<Loc EndOffset="68089" SrcFileId="2" StartOffset="68067"/>
<Loc EndOffset="68120" SrcFileId="2" StartOffset="68098"/>
<Loc EndOffset="68164" SrcFileId="2" StartOffset="68129"/>
<Loc EndOffset="68203" SrcFileId="2" StartOffset="68173"/>
<Loc EndOffset="68277" SrcFileId="2" StartOffset="68212"/>
<Loc EndOffset="68293" SrcFileId="2" StartOffset="68286"/>
</LocList>
<BasicStmnt CovItemId="S452" CovItemPrefix="StdDraw.java" Intrnl_Id="978">
<LocList>
<Loc EndOffset="67901" SrcFileId="2" StartOffset="67884"/>
</LocList>
</BasicStmnt>
<BasicStmnt CovItemId="S453" CovItemPrefix="StdDraw.java" Intrnl_Id="979">
<LocList>
<Loc EndOffset="67927" SrcFileId="2" StartOffset="67910"/>
</LocList>
</BasicStmnt>
<BasicStmnt CovItemId="S454" CovItemPrefix="StdDraw.java" Intrnl_Id="980">
<LocList>
<Loc EndOffset="67966" SrcFileId="2" StartOffset="67936"/>
</LocList>
</BasicStmnt>
<BasicStmnt CovItemId="S455" CovItemPrefix="StdDraw.java" Intrnl_Id="981">
<LocList>
<Loc EndOffset="68000" SrcFileId="2" StartOffset="67976"/>
</LocList>
</BasicStmnt>
<BasicStmnt CovItemId="S456" CovItemPrefix="StdDraw.java" Intrnl_Id="982">
<LocList>
<Loc EndOffset="68058" SrcFileId="2" StartOffset="68009"/>
</LocList>
</BasicStmnt>
<BasicStmnt CovItemId="S457" CovItemPrefix="StdDraw.java" Intrnl_Id="983">
<LocList>
<Loc EndOffset="68089" SrcFileId="2" StartOffset="68067"/>
</LocList>
</BasicStmnt>
<BasicStmnt CovItemId="S458" CovItemPrefix="StdDraw.java" Intrnl_Id="984">
<LocList>
<Loc EndOffset="68120" SrcFileId="2" StartOffset="68098"/>
</LocList>
</BasicStmnt>
<BasicStmnt CovItemId="S459" CovItemPrefix="StdDraw.java" Intrnl_Id="985">
<LocList>
<Loc EndOffset="68164" SrcFileId="2" StartOffset="68129"/>
</LocList>
</BasicStmnt>
<BasicStmnt CovItemId="S460" CovItemPrefix="StdDraw.java" Intrnl_Id="986">
<LocList>
<Loc EndOffset="68203" SrcFileId="2" StartOffset="68173"/>
</LocList>
</BasicStmnt>
<BasicStmnt CovItemId="S461" CovItemPrefix="StdDraw.java" Intrnl_Id="987">
<LocList>
<Loc EndOffset="68277" SrcFileId="2" StartOffset="68212"/>
</LocList>
</BasicStmnt>
<BasicStmnt CovItemId="S462" CovItemPrefix="StdDraw.java" Intrnl_Id="988">
<LocList>
<Loc EndOffset="68293" SrcFileId="2" StartOffset="68286"/>
</LocList>
</BasicStmnt>
</StmntSeq>
</HierarchyLvl>
<HierarchyLvl HierarchyLvlId="3756" HierarchyLvlTypeId="13" Intrnl_Id="989" Name="show">
<Header>
<Loc EndOffset="68637" SrcFileId="2" StartOffset="68591"/>
</Header>
<LocList>
<Loc EndOffset="68749" SrcFileId="2" StartOffset="68591"/>
</LocList>
<StmntSeq Intrnl_Id="990">
<LocList>
<Loc EndOffset="68676" SrcFileId="2" StartOffset="68648"/>
<Loc EndOffset="68692" SrcFileId="2" StartOffset="68685"/>
<Loc EndOffset="68710" SrcFileId="2" StartOffset="68701"/>
<Loc EndOffset="68743" SrcFileId="2" StartOffset="68719"/>
</LocList>
<BasicStmnt CovItemId="S463" CovItemPrefix="StdDraw.java" Intrnl_Id="991">
<LocList>
<Loc EndOffset="68676" SrcFileId="2" StartOffset="68648"/>
</LocList>
</BasicStmnt>
<BasicStmnt CovItemId="S464" CovItemPrefix="StdDraw.java" Intrnl_Id="992">
<LocList>
<Loc EndOffset="68692" SrcFileId="2" StartOffset="68685"/>
</LocList>
</BasicStmnt>
<BasicStmnt CovItemId="S465" CovItemPrefix="StdDraw.java" Intrnl_Id="993">
<LocList>
<Loc EndOffset="68710" SrcFileId="2" StartOffset="68701"/>
</LocList>
</BasicStmnt>
<BasicStmnt CovItemId="S466" CovItemPrefix="StdDraw.java" Intrnl_Id="994">
<LocList>
<Loc EndOffset="68743" SrcFileId="2" StartOffset="68719"/>
</LocList>
</BasicStmnt>
</StmntSeq>
</HierarchyLvl>
<HierarchyLvl HierarchyLvlId="3757" HierarchyLvlTypeId="13" Intrnl_Id="995" Name="pause">
<Header>
<Loc EndOffset="68931" SrcFileId="2" StartOffset="68900"/>
</Header>
<LocList>
<Loc EndOffset="69130" SrcFileId="2" StartOffset="68900"/>
</LocList>
<StmntSeq Intrnl_Id="996">
<LocList>
<Loc EndOffset="68970" SrcFileId="2" StartOffset="68942"/>
<Loc EndOffset="69013" SrcFileId="2" StartOffset="68997"/>
<Loc EndOffset="69124" SrcFileId="2" StartOffset="68979"/>
</LocList>
<BasicStmnt CovItemId="S467" CovItemPrefix="StdDraw.java" Intrnl_Id="997">
<LocList>
<Loc EndOffset="68970" SrcFileId="2" StartOffset="68942"/>
</LocList>
</BasicStmnt>
<BasicStmnt CovItemId="S469" CovItemPrefix="StdDraw.java" Intrnl_Id="998">
<LocList>
<Loc EndOffset="69013" SrcFileId="2" StartOffset="68997"/>
</LocList>
</BasicStmnt>
<CondStmnt CovItemId="S468" CovItemPrefix="StdDraw.java" Intrnl_Id="999">
<Branch CovItemId="B81" CovItemPrefix="StdDraw.java" Implct="true" Intrnl_Id="1000">
<Cond/>
<LocList/>
<StmntSeq Intrnl_Id="1001">
<LocList/>
</StmntSeq>
</Branch>
<Branch CovItemId="B82" CovItemPrefix="StdDraw.java" Implct="false" Intrnl_Id="1002">
<Cond>
<Loc EndOffset="69062" SrcFileId="2" StartOffset="69032"/>
</Cond>
<LocList>
<Loc EndOffset="69124" SrcFileId="2" StartOffset="69063"/>
</LocList>
<StmntSeq Intrnl_Id="1003">
<LocList>
<Loc EndOffset="69114" SrcFileId="2" StartOffset="69077"/>
</LocList>
<BasicStmnt CovItemId="S470" CovItemPrefix="StdDraw.java" Intrnl_Id="1004">
<LocList>
<Loc EndOffset="69114" SrcFileId="2" StartOffset="69077"/>
</LocList>
</BasicStmnt>
</StmntSeq>
</Branch>
<Keyword EndOffset="68982" SrcFileId="2" StartOffset="68979"/>
<LocList>
<Loc EndOffset="69124" SrcFileId="2" StartOffset="68979"/>
</LocList>
</CondStmnt>
</StmntSeq>
</HierarchyLvl>
<HierarchyLvl HierarchyLvlId="3758" HierarchyLvlTypeId="13" Intrnl_Id="1005" Name="show">
<Header>
<Loc EndOffset="69310" SrcFileId="2" StartOffset="69285"/>
</Header>
<LocList>
<Loc EndOffset="69399" SrcFileId="2" StartOffset="69285"/>
</LocList>
<StmntSeq Intrnl_Id="1006">
<LocList>
<Loc EndOffset="69368" SrcFileId="2" StartOffset="69321"/>
<Loc EndOffset="69393" SrcFileId="2" StartOffset="69377"/>
</LocList>
<BasicStmnt CovItemId="S471" CovItemPrefix="StdDraw.java" Intrnl_Id="1007">
<LocList>
<Loc EndOffset="69368" SrcFileId="2" StartOffset="69321"/>
</LocList>
</BasicStmnt>
<BasicStmnt CovItemId="S472" CovItemPrefix="StdDraw.java" Intrnl_Id="1008">
<LocList>
<Loc EndOffset="69393" SrcFileId="2" StartOffset="69377"/>
</LocList>
</BasicStmnt>
</StmntSeq>
</HierarchyLvl>
<HierarchyLvl HierarchyLvlId="3759" HierarchyLvlTypeId="13" Intrnl_Id="1009" Name="draw">
<Header>
<Loc EndOffset="69469" SrcFileId="2" StartOffset="69444"/>
</Header>
<LocList>
<Loc EndOffset="69505" SrcFileId="2" StartOffset="69444"/>
</LocList>
<StmntSeq Intrnl_Id="1010">
<LocList>
<Loc EndOffset="69499" SrcFileId="2" StartOffset="69480"/>
</LocList>
<CondStmnt CovItemId="S473" CovItemPrefix="StdDraw.java" Intrnl_Id="1011">
<Branch CovItemId="B83" CovItemPrefix="StdDraw.java" Implct="false" Intrnl_Id="1012">
<Cond/>
<LocList>
<Loc EndOffset="69499" SrcFileId="2" StartOffset="69492"/>
</LocList>
<StmntSeq Intrnl_Id="1013">
<LocList>
<Loc EndOffset="69499" SrcFileId="2" StartOffset="69492"/>
</LocList>
<BasicStmnt CovItemId="S474" CovItemPrefix="StdDraw.java" Intrnl_Id="1014">
<LocList>
<Loc EndOffset="69499" SrcFileId="2" StartOffset="69492"/>
</LocList>
</BasicStmnt>
</StmntSeq>
</Branch>
<Branch CovItemId="B84" CovItemPrefix="StdDraw.java" Implct="true" Intrnl_Id="1015">
<Cond/>
<LocList/>
<StmntSeq Intrnl_Id="1016">
<LocList/>
</StmntSeq>
</Branch>
<Keyword EndOffset="69482" SrcFileId="2" StartOffset="69480"/>
<LocList>
<Loc EndOffset="69499" SrcFileId="2" StartOffset="69480"/>
</LocList>
<RootTerm CovItemId="C47" CovItemPrefix="StdDraw.java" Intrnl_Id="1017">
<OpTerm BooleanOpId="11" Intrnl_Id="1018">
<BasicBoolTerm Intrnl_Id="1019">
<LocList>
<Loc EndOffset="69490" SrcFileId="2" StartOffset="69485"/>
</LocList>
</BasicBoolTerm>
<LocList>
<Loc EndOffset="69485" SrcFileId="2" StartOffset="69484"/>
</LocList>
</OpTerm>
</RootTerm>
</CondStmnt>
</StmntSeq>
</HierarchyLvl>
<HierarchyLvl HierarchyLvlId="3760" HierarchyLvlTypeId="13" Intrnl_Id="1020" Name="enableDoubleBuffering">
<Header>
<Loc EndOffset="69798" SrcFileId="2" StartOffset="69756"/>
</Header>
<LocList>
<Loc EndOffset="69828" SrcFileId="2" StartOffset="69756"/>
</LocList>
<StmntSeq Intrnl_Id="1021">
<LocList>
<Loc EndOffset="69822" SrcFileId="2" StartOffset="69809"/>
</LocList>
<BasicStmnt CovItemId="S475" CovItemPrefix="StdDraw.java" Intrnl_Id="1022">
<LocList>
<Loc EndOffset="69822" SrcFileId="2" StartOffset="69809"/>
</LocList>
</BasicStmnt>
</StmntSeq>
</HierarchyLvl>
<HierarchyLvl HierarchyLvlId="3761" HierarchyLvlTypeId="13" Intrnl_Id="1023" Name="disableDoubleBuffering">
<Header>
<Loc EndOffset="70114" SrcFileId="2" StartOffset="70071"/>
</Header>
<LocList>
<Loc EndOffset="70145" SrcFileId="2" StartOffset="70071"/>
</LocList>
<StmntSeq Intrnl_Id="1024">
<LocList>
<Loc EndOffset="70139" SrcFileId="2" StartOffset="70125"/>
</LocList>
<BasicStmnt CovItemId="S476" CovItemPrefix="StdDraw.java" Intrnl_Id="1025">
<LocList>
<Loc EndOffset="70139" SrcFileId="2" StartOffset="70125"/>
</LocList>
</BasicStmnt>
</StmntSeq>
</HierarchyLvl>
<HierarchyLvl HierarchyLvlId="3762" HierarchyLvlTypeId="13" Intrnl_Id="1026" Name="save">
<Header>
<Loc EndOffset="70739" SrcFileId="2" StartOffset="70699"/>
</Header>
<LocList>
<Loc EndOffset="72333" SrcFileId="2" StartOffset="70699"/>
</LocList>
<StmntSeq Intrnl_Id="1027">
<LocList>
<Loc EndOffset="70788" SrcFileId="2" StartOffset="70750"/>
<Loc EndOffset="70828" SrcFileId="2" StartOffset="70797"/>
<Loc EndOffset="70903" SrcFileId="2" StartOffset="70837"/>
<Loc EndOffset="72327" SrcFileId="2" StartOffset="70934"/>
</LocList>
<BasicStmnt CovItemId="S477" CovItemPrefix="StdDraw.java" Intrnl_Id="1028">
<LocList>
<Loc EndOffset="70788" SrcFileId="2" StartOffset="70750"/>
</LocList>
</BasicStmnt>
<BasicStmnt CovItemId="S478" CovItemPrefix="StdDraw.java" Intrnl_Id="1029">
<LocList>
<Loc EndOffset="70828" SrcFileId="2" StartOffset="70797"/>
</LocList>
</BasicStmnt>
<BasicStmnt CovItemId="S479" CovItemPrefix="StdDraw.java" Intrnl_Id="1030">
<LocList>
<Loc EndOffset="70903" SrcFileId="2" StartOffset="70837"/>
</LocList>
</BasicStmnt>
<CondStmnt CovItemId="S480" CovItemPrefix="StdDraw.java" Intrnl_Id="1031">
<Branch CovItemId="B85" CovItemPrefix="StdDraw.java" Implct="false" Intrnl_Id="1032">
<Cond/>
<LocList>
<Loc EndOffset="71160" SrcFileId="2" StartOffset="70970"/>
</LocList>
<StmntSeq Intrnl_Id="1033">
<LocList>
<Loc EndOffset="71049" SrcFileId="2" StartOffset="71006"/>
<Loc EndOffset="71150" SrcFileId="2" StartOffset="70984"/>
</LocList>
<BasicStmnt CovItemId="S482" CovItemPrefix="StdDraw.java" Intrnl_Id="1034">
<LocList>
<Loc EndOffset="71049" SrcFileId="2" StartOffset="71006"/>
</LocList>
</BasicStmnt>
<CondStmnt CovItemId="S481" CovItemPrefix="StdDraw.java" Intrnl_Id="1035">
<Branch CovItemId="B87" CovItemPrefix="StdDraw.java" Implct="true" Intrnl_Id="1036">
<Cond/>
<LocList/>
<StmntSeq Intrnl_Id="1037">
<LocList/>
</StmntSeq>
</Branch>
<Branch CovItemId="B88" CovItemPrefix="StdDraw.java" Implct="false" Intrnl_Id="1038">
<Cond>
<Loc EndOffset="71097" SrcFileId="2" StartOffset="71076"/>
</Cond>
<LocList>
<Loc EndOffset="71150" SrcFileId="2" StartOffset="71098"/>
</LocList>
<StmntSeq Intrnl_Id="1039">
<LocList>
<Loc EndOffset="71136" SrcFileId="2" StartOffset="71116"/>
</LocList>
<BasicStmnt CovItemId="S483" CovItemPrefix="StdDraw.java" Intrnl_Id="1040">
<LocList>
<Loc EndOffset="71136" SrcFileId="2" StartOffset="71116"/>
</LocList>
</BasicStmnt>
</StmntSeq>
</Branch>
<Keyword EndOffset="70987" SrcFileId="2" StartOffset="70984"/>
<LocList>
<Loc EndOffset="71150" SrcFileId="2" StartOffset="70984"/>
</LocList>
</CondStmnt>
</StmntSeq>
</Branch>
<Branch CovItemId="B86" CovItemPrefix="StdDraw.java" Implct="false" Intrnl_Id="1041">
<Cond>
<Loc EndOffset="71328" SrcFileId="2" StartOffset="71324"/>
</Cond>
<LocList>
<Loc EndOffset="72327" SrcFileId="2" StartOffset="71329"/>
</LocList>
<StmntSeq Intrnl_Id="1042">
<LocList>
<Loc EndOffset="72327" SrcFileId="2" StartOffset="71329"/>
</LocList>
<CondStmnt CovItemId="S484" CovItemPrefix="StdDraw.java" Intrnl_Id="1043">
<Branch CovItemId="B89" CovItemPrefix="StdDraw.java" Implct="false" Intrnl_Id="1044">
<Cond/>
<LocList>
<Loc EndOffset="72231" SrcFileId="2" StartOffset="71365"/>
</LocList>
<StmntSeq Intrnl_Id="1045">
<LocList>
<Loc EndOffset="71429" SrcFileId="2" StartOffset="71379"/>
<Loc EndOffset="71567" SrcFileId="2" StartOffset="71480"/>
<Loc EndOffset="71651" SrcFileId="2" StartOffset="71580"/>
<Loc EndOffset="71957" SrcFileId="2" StartOffset="71664"/>
<Loc EndOffset="72046" SrcFileId="2" StartOffset="71970"/>
<Loc EndOffset="72120" SrcFileId="2" StartOffset="72081"/>
<Loc EndOffset="72221" SrcFileId="2" StartOffset="72059"/>
</LocList>
<BasicStmnt CovItemId="S485" CovItemPrefix="StdDraw.java" Intrnl_Id="1046">
<LocList>
<Loc EndOffset="71429" SrcFileId="2" StartOffset="71379"/>
</LocList>
</BasicStmnt>
<BasicStmnt CovItemId="S486" CovItemPrefix="StdDraw.java" Intrnl_Id="1047">
<LocList>
<Loc EndOffset="71567" SrcFileId="2" StartOffset="71480"/>
</LocList>
</BasicStmnt>
<BasicStmnt CovItemId="S487" CovItemPrefix="StdDraw.java" Intrnl_Id="1048">
<LocList>
<Loc EndOffset="71651" SrcFileId="2" StartOffset="71580"/>
</LocList>
</BasicStmnt>
<BasicStmnt CovItemId="S488" CovItemPrefix="StdDraw.java" Intrnl_Id="1049">
<LocList>
<Loc EndOffset="71957" SrcFileId="2" StartOffset="71664"/>
</LocList>
</BasicStmnt>
<BasicStmnt CovItemId="S489" CovItemPrefix="StdDraw.java" Intrnl_Id="1050">
<LocList>
<Loc EndOffset="72046" SrcFileId="2" StartOffset="71970"/>
</LocList>
</BasicStmnt>
<BasicStmnt CovItemId="S491" CovItemPrefix="StdDraw.java" Intrnl_Id="1051">
<LocList>
<Loc EndOffset="72120" SrcFileId="2" StartOffset="72081"/>
</LocList>
</BasicStmnt>
<CondStmnt CovItemId="S490" CovItemPrefix="StdDraw.java" Intrnl_Id="1052">
<Branch CovItemId="B91" CovItemPrefix="StdDraw.java" Implct="true" Intrnl_Id="1053">
<Cond/>
<LocList/>
<StmntSeq Intrnl_Id="1054">
<LocList/>
</StmntSeq>
</Branch>
<Branch CovItemId="B92" CovItemPrefix="StdDraw.java" Implct="false" Intrnl_Id="1055">
<Cond>
<Loc EndOffset="72168" SrcFileId="2" StartOffset="72147"/>
</Cond>
<LocList>
<Loc EndOffset="72221" SrcFileId="2" StartOffset="72169"/>
</LocList>
<StmntSeq Intrnl_Id="1056">
<LocList>
<Loc EndOffset="72207" SrcFileId="2" StartOffset="72187"/>
</LocList>
<BasicStmnt CovItemId="S492" CovItemPrefix="StdDraw.java" Intrnl_Id="1057">
<LocList>
<Loc EndOffset="72207" SrcFileId="2" StartOffset="72187"/>
</LocList>
</BasicStmnt>
</StmntSeq>
</Branch>
<Keyword EndOffset="72062" SrcFileId="2" StartOffset="72059"/>
<LocList>
<Loc EndOffset="72221" SrcFileId="2" StartOffset="72059"/>
</LocList>
</CondStmnt>
</StmntSeq>
</Branch>
<Branch CovItemId="B90" CovItemPrefix="StdDraw.java" Implct="false" Intrnl_Id="1058">
<Cond>
<Loc EndOffset="72245" SrcFileId="2" StartOffset="72241"/>
</Cond>
<LocList>
<Loc EndOffset="72327" SrcFileId="2" StartOffset="72246"/>
</LocList>
<StmntSeq Intrnl_Id="1059">
<LocList>
<Loc EndOffset="72317" SrcFileId="2" StartOffset="72260"/>
</LocList>
<BasicStmnt CovItemId="S493" CovItemPrefix="StdDraw.java" Intrnl_Id="1060">
<LocList>
<Loc EndOffset="72317" SrcFileId="2" StartOffset="72260"/>
</LocList>
</BasicStmnt>
</StmntSeq>
</Branch>
<Keyword EndOffset="71331" SrcFileId="2" StartOffset="71329"/>
<LocList>
<Loc EndOffset="72327" SrcFileId="2" StartOffset="71329"/>
</LocList>
<RootTerm CovItemId="C49" CovItemPrefix="StdDraw.java" Intrnl_Id="1061">
<BasicBoolTerm Intrnl_Id="1062">
<LocList>
<Loc EndOffset="71363" SrcFileId="2" StartOffset="71333"/>
</LocList>
</BasicBoolTerm>
</RootTerm>
</CondStmnt>
</StmntSeq>
</Branch>
<Keyword EndOffset="70936" SrcFileId="2" StartOffset="70934"/>
<LocList>
<Loc EndOffset="72327" SrcFileId="2" StartOffset="70934"/>
</LocList>
<RootTerm CovItemId="C48" CovItemPrefix="StdDraw.java" Intrnl_Id="1063">
<BasicBoolTerm Intrnl_Id="1064">
<LocList>
<Loc EndOffset="70968" SrcFileId="2" StartOffset="70938"/>
</LocList>
</BasicBoolTerm>
</RootTerm>
</CondStmnt>
</StmntSeq>
</HierarchyLvl>
<HierarchyLvl HierarchyLvlId="3763" HierarchyLvlTypeId="13" Intrnl_Id="1065" Name="actionPerformed">
<Header>
<Loc EndOffset="72458" SrcFileId="2" StartOffset="72402"/>
</Header>
<LocList>
<Loc EndOffset="72783" SrcFileId="2" StartOffset="72402"/>
</LocList>
<StmntSeq Intrnl_Id="1066">
<LocList>
<Loc EndOffset="72569" SrcFileId="2" StartOffset="72469"/>
<Loc EndOffset="72603" SrcFileId="2" StartOffset="72578"/>
<Loc EndOffset="72648" SrcFileId="2" StartOffset="72612"/>
<Loc EndOffset="72777" SrcFileId="2" StartOffset="72657"/>
</LocList>
<BasicStmnt CovItemId="S494" CovItemPrefix="StdDraw.java" Intrnl_Id="1067">
<LocList>
<Loc EndOffset="72569" SrcFileId="2" StartOffset="72469"/>
</LocList>
</BasicStmnt>
<BasicStmnt CovItemId="S495" CovItemPrefix="StdDraw.java" Intrnl_Id="1068">
<LocList>
<Loc EndOffset="72603" SrcFileId="2" StartOffset="72578"/>
</LocList>
</BasicStmnt>
<BasicStmnt CovItemId="S496" CovItemPrefix="StdDraw.java" Intrnl_Id="1069">
<LocList>
<Loc EndOffset="72648" SrcFileId="2" StartOffset="72612"/>
</LocList>
</BasicStmnt>
<CondStmnt CovItemId="S497" CovItemPrefix="StdDraw.java" Intrnl_Id="1070">
<Branch CovItemId="B93" CovItemPrefix="StdDraw.java" Implct="false" Intrnl_Id="1071">
<Cond/>
<LocList>
<Loc EndOffset="72777" SrcFileId="2" StartOffset="72679"/>
</LocList>
<StmntSeq Intrnl_Id="1072">
<LocList>
<Loc EndOffset="72767" SrcFileId="2" StartOffset="72693"/>
</LocList>
<BasicStmnt CovItemId="S498" CovItemPrefix="StdDraw.java" Intrnl_Id="1073">
<LocList>
<Loc EndOffset="72767" SrcFileId="2" StartOffset="72693"/>
</LocList>
</BasicStmnt>
</StmntSeq>
</Branch>
<Branch CovItemId="B94" CovItemPrefix="StdDraw.java" Implct="true" Intrnl_Id="1074">
<Cond/>
<LocList/>
<StmntSeq Intrnl_Id="1075">
<LocList/>
</StmntSeq>
</Branch>
<Keyword EndOffset="72659" SrcFileId="2" StartOffset="72657"/>
<LocList>
<Loc EndOffset="72777" SrcFileId="2" StartOffset="72657"/>
</LocList>
<RootTerm CovItemId="C50" CovItemPrefix="StdDraw.java" Intrnl_Id="1076">
<BasicBoolTerm Intrnl_Id="1077">
<LocList>
<Loc EndOffset="72677" SrcFileId="2" StartOffset="72661"/>
</LocList>
</BasicBoolTerm>
</RootTerm>
</CondStmnt>
</StmntSeq>
</HierarchyLvl>
<HierarchyLvl HierarchyLvlId="3764" HierarchyLvlTypeId="13" Intrnl_Id="1078" Name="isMousePressed">
<Header>
<Loc EndOffset="73174" SrcFileId="2" StartOffset="73136"/>
</Header>
<LocList>
<Loc EndOffset="73262" SrcFileId="2" StartOffset="73136"/>
</LocList>
<StmntSeq Intrnl_Id="1079">
<LocList>
<Loc EndOffset="73208" SrcFileId="2" StartOffset="73199"/>
<Loc EndOffset="73246" SrcFileId="2" StartOffset="73224"/>
</LocList>
<SyncStmnt CovItemId="Y3" CovItemPrefix="StdDraw.java" Intrnl_Id="1080" SyncStmnt0="Y3-0" SyncStmnt1="Y3-1" SyncStmnt2="Y3-2">
<Keyword EndOffset="73208" SrcFileId="2" StartOffset="73199"/>
<LocList>
<Loc EndOffset="73208" SrcFileId="2" StartOffset="73199"/>
</LocList>
</SyncStmnt>
<BasicStmnt CovItemId="S499" CovItemPrefix="StdDraw.java" Intrnl_Id="1081">
<LocList>
<Loc EndOffset="73246" SrcFileId="2" StartOffset="73224"/>
</LocList>
</BasicStmnt>
</StmntSeq>
</HierarchyLvl>
<HierarchyLvl HierarchyLvlId="3765" HierarchyLvlTypeId="13" Intrnl_Id="1082" Name="mousePressed">
<Header>
<Loc EndOffset="73534" SrcFileId="2" StartOffset="73482"/>
</Header>
<LocList>
<Loc EndOffset="73622" SrcFileId="2" StartOffset="73482"/>
</LocList>
<StmntSeq Intrnl_Id="1083">
<LocList>
<Loc EndOffset="73568" SrcFileId="2" StartOffset="73559"/>
<Loc EndOffset="73606" SrcFileId="2" StartOffset="73584"/>
</LocList>
<SyncStmnt CovItemId="Y4" CovItemPrefix="StdDraw.java" Intrnl_Id="1084" SyncStmnt0="Y4-0" SyncStmnt1="Y4-1" SyncStmnt2="Y4-2">
<Keyword EndOffset="73568" SrcFileId="2" StartOffset="73559"/>
<LocList>
<Loc EndOffset="73568" SrcFileId="2" StartOffset="73559"/>
</LocList>
</SyncStmnt>
<BasicStmnt CovItemId="S500" CovItemPrefix="StdDraw.java" Intrnl_Id="1085">
<LocList>
<Loc EndOffset="73606" SrcFileId="2" StartOffset="73584"/>
</LocList>
</BasicStmnt>
</StmntSeq>
</HierarchyLvl>
<HierarchyLvl HierarchyLvlId="3766" HierarchyLvlTypeId="13" Intrnl_Id="1086" Name="mouseX">
<Header>
<Loc EndOffset="73789" SrcFileId="2" StartOffset="73760"/>
</Header>
<LocList>
<Loc EndOffset="73869" SrcFileId="2" StartOffset="73760"/>
</LocList>
<StmntSeq Intrnl_Id="1087">
<LocList>
<Loc EndOffset="73823" SrcFileId="2" StartOffset="73814"/>
<Loc EndOffset="73853" SrcFileId="2" StartOffset="73839"/>
</LocList>
<SyncStmnt CovItemId="Y5" CovItemPrefix="StdDraw.java" Intrnl_Id="1088" SyncStmnt0="Y5-0" SyncStmnt1="Y5-1" SyncStmnt2="Y5-2">
<Keyword EndOffset="73823" SrcFileId="2" StartOffset="73814"/>
<LocList>
<Loc EndOffset="73823" SrcFileId="2" StartOffset="73814"/>
</LocList>
</SyncStmnt>
<BasicStmnt CovItemId="S501" CovItemPrefix="StdDraw.java" Intrnl_Id="1089">
<LocList>
<Loc EndOffset="73853" SrcFileId="2" StartOffset="73839"/>
</LocList>
</BasicStmnt>
</StmntSeq>
</HierarchyLvl>
<HierarchyLvl HierarchyLvlId="3767" HierarchyLvlTypeId="13" Intrnl_Id="1090" Name="mouseY">
<Header>
<Loc EndOffset="74032" SrcFileId="2" StartOffset="74003"/>
</Header>
<LocList>
<Loc EndOffset="74112" SrcFileId="2" StartOffset="74003"/>
</LocList>
<StmntSeq Intrnl_Id="1091">
<LocList>
<Loc EndOffset="74066" SrcFileId="2" StartOffset="74057"/>
<Loc EndOffset="74096" SrcFileId="2" StartOffset="74082"/>
</LocList>
<SyncStmnt CovItemId="Y6" CovItemPrefix="StdDraw.java" Intrnl_Id="1092" SyncStmnt0="Y6-0" SyncStmnt1="Y6-1" SyncStmnt2="Y6-2">
<Keyword EndOffset="74066" SrcFileId="2" StartOffset="74057"/>
<LocList>
<Loc EndOffset="74066" SrcFileId="2" StartOffset="74057"/>
</LocList>
</SyncStmnt>
<BasicStmnt CovItemId="S502" CovItemPrefix="StdDraw.java" Intrnl_Id="1093">
<LocList>
<Loc EndOffset="74096" SrcFileId="2" StartOffset="74082"/>
</LocList>
</BasicStmnt>
</StmntSeq>
</HierarchyLvl>
<HierarchyLvl HierarchyLvlId="3768" HierarchyLvlTypeId="13" Intrnl_Id="1094" Name="mouseClicked">
<Header>
<Loc EndOffset="74233" SrcFileId="2" StartOffset="74181"/>
</Header>
<LocList>
<Loc EndOffset="74290" SrcFileId="2" StartOffset="74181"/>
</LocList>
</HierarchyLvl>
<HierarchyLvl HierarchyLvlId="3769" HierarchyLvlTypeId="13" Intrnl_Id="1095" Name="mouseEntered">
<Header>
<Loc EndOffset="74410" SrcFileId="2" StartOffset="74358"/>
</Header>
<LocList>
<Loc EndOffset="74467" SrcFileId="2" StartOffset="74358"/>
</LocList>
</HierarchyLvl>
<HierarchyLvl HierarchyLvlId="3770" HierarchyLvlTypeId="13" Intrnl_Id="1096" Name="mouseExited">
<Header>
<Loc EndOffset="74586" SrcFileId="2" StartOffset="74535"/>
</Header>
<LocList>
<Loc EndOffset="74643" SrcFileId="2" StartOffset="74535"/>
</LocList>
</HierarchyLvl>
<HierarchyLvl HierarchyLvlId="3771" HierarchyLvlTypeId="13" Intrnl_Id="1097" Name="mousePressed">
<Header>
<Loc EndOffset="74763" SrcFileId="2" StartOffset="74711"/>
</Header>
<LocList>
<Loc EndOffset="74943" SrcFileId="2" StartOffset="74711"/>
</LocList>
<StmntSeq Intrnl_Id="1098">
<LocList>
<Loc EndOffset="74797" SrcFileId="2" StartOffset="74788"/>
<Loc EndOffset="74846" SrcFileId="2" StartOffset="74813"/>
<Loc EndOffset="74892" SrcFileId="2" StartOffset="74859"/>
<Loc EndOffset="74927" SrcFileId="2" StartOffset="74905"/>
</LocList>
<SyncStmnt CovItemId="Y7" CovItemPrefix="StdDraw.java" Intrnl_Id="1099" SyncStmnt0="Y7-0" SyncStmnt1="Y7-1" SyncStmnt2="Y7-2">
<Keyword EndOffset="74797" SrcFileId="2" StartOffset="74788"/>
<LocList>
<Loc EndOffset="74797" SrcFileId="2" StartOffset="74788"/>
</LocList>
</SyncStmnt>
<BasicStmnt CovItemId="S503" CovItemPrefix="StdDraw.java" Intrnl_Id="1100">
<LocList>
<Loc EndOffset="74846" SrcFileId="2" StartOffset="74813"/>
</LocList>
</BasicStmnt>
<BasicStmnt CovItemId="S504" CovItemPrefix="StdDraw.java" Intrnl_Id="1101">
<LocList>
<Loc EndOffset="74892" SrcFileId="2" StartOffset="74859"/>
</LocList>
</BasicStmnt>
<BasicStmnt CovItemId="S505" CovItemPrefix="StdDraw.java" Intrnl_Id="1102">
<LocList>
<Loc EndOffset="74927" SrcFileId="2" StartOffset="74905"/>
</LocList>
</BasicStmnt>
</StmntSeq>
</HierarchyLvl>
<HierarchyLvl HierarchyLvlId="3772" HierarchyLvlTypeId="13" Intrnl_Id="1103" Name="mouseReleased">
<Header>
<Loc EndOffset="75064" SrcFileId="2" StartOffset="75011"/>
</Header>
<LocList>
<Loc EndOffset="75153" SrcFileId="2" StartOffset="75011"/>
</LocList>
<StmntSeq Intrnl_Id="1104">
<LocList>
<Loc EndOffset="75098" SrcFileId="2" StartOffset="75089"/>
<Loc EndOffset="75137" SrcFileId="2" StartOffset="75114"/>
</LocList>
<SyncStmnt CovItemId="Y8" CovItemPrefix="StdDraw.java" Intrnl_Id="1105" SyncStmnt0="Y8-0" SyncStmnt1="Y8-1" SyncStmnt2="Y8-2">
<Keyword EndOffset="75098" SrcFileId="2" StartOffset="75089"/>
<LocList>
<Loc EndOffset="75098" SrcFileId="2" StartOffset="75089"/>
</LocList>
</SyncStmnt>
<BasicStmnt CovItemId="S506" CovItemPrefix="StdDraw.java" Intrnl_Id="1106">
<LocList>
<Loc EndOffset="75137" SrcFileId="2" StartOffset="75114"/>
</LocList>
</BasicStmnt>
</StmntSeq>
</HierarchyLvl>
<HierarchyLvl HierarchyLvlId="3773" HierarchyLvlTypeId="13" Intrnl_Id="1107" Name="mouseDragged">
<Header>
<Loc EndOffset="75273" SrcFileId="2" StartOffset="75221"/>
</Header>
<LocList>
<Loc EndOffset="75419" SrcFileId="2" StartOffset="75221"/>
</LocList>
<StmntSeq Intrnl_Id="1108">
<LocList>
<Loc EndOffset="75308" SrcFileId="2" StartOffset="75299"/>
<Loc EndOffset="75357" SrcFileId="2" StartOffset="75324"/>
<Loc EndOffset="75403" SrcFileId="2" StartOffset="75370"/>
</LocList>
<SyncStmnt CovItemId="Y9" CovItemPrefix="StdDraw.java" Intrnl_Id="1109" SyncStmnt0="Y9-0" SyncStmnt1="Y9-1" SyncStmnt2="Y9-2">
<Keyword EndOffset="75308" SrcFileId="2" StartOffset="75299"/>
<LocList>
<Loc EndOffset="75308" SrcFileId="2" StartOffset="75299"/>
</LocList>
</SyncStmnt>
<BasicStmnt CovItemId="S507" CovItemPrefix="StdDraw.java" Intrnl_Id="1110">
<LocList>
<Loc EndOffset="75357" SrcFileId="2" StartOffset="75324"/>
</LocList>
</BasicStmnt>
<BasicStmnt CovItemId="S508" CovItemPrefix="StdDraw.java" Intrnl_Id="1111">
<LocList>
<Loc EndOffset="75403" SrcFileId="2" StartOffset="75370"/>
</LocList>
</BasicStmnt>
</StmntSeq>
</HierarchyLvl>
<HierarchyLvl HierarchyLvlId="3774" HierarchyLvlTypeId="13" Intrnl_Id="1112" Name="mouseMoved">
<Header>
<Loc EndOffset="75537" SrcFileId="2" StartOffset="75487"/>
</Header>
<LocList>
<Loc EndOffset="75682" SrcFileId="2" StartOffset="75487"/>
</LocList>
<StmntSeq Intrnl_Id="1113">
<LocList>
<Loc EndOffset="75571" SrcFileId="2" StartOffset="75562"/>
<Loc EndOffset="75620" SrcFileId="2" StartOffset="75587"/>
<Loc EndOffset="75666" SrcFileId="2" StartOffset="75633"/>
</LocList>
<SyncStmnt CovItemId="Y10" CovItemPrefix="StdDraw.java" Intrnl_Id="1114" SyncStmnt0="Y10-0" SyncStmnt1="Y10-1" SyncStmnt2="Y10-2">
<Keyword EndOffset="75571" SrcFileId="2" StartOffset="75562"/>
<LocList>
<Loc EndOffset="75571" SrcFileId="2" StartOffset="75562"/>
</LocList>
</SyncStmnt>
<BasicStmnt CovItemId="S509" CovItemPrefix="StdDraw.java" Intrnl_Id="1115">
<LocList>
<Loc EndOffset="75620" SrcFileId="2" StartOffset="75587"/>
</LocList>
</BasicStmnt>
<BasicStmnt CovItemId="S510" CovItemPrefix="StdDraw.java" Intrnl_Id="1116">
<LocList>
<Loc EndOffset="75666" SrcFileId="2" StartOffset="75633"/>
</LocList>
</BasicStmnt>
</StmntSeq>
</HierarchyLvl>
<HierarchyLvl HierarchyLvlId="3775" HierarchyLvlTypeId="13" Intrnl_Id="1117" Name="hasNextKeyTyped">
<Header>
<Loc EndOffset="76182" SrcFileId="2" StartOffset="76143"/>
</Header>
<LocList>
<Loc EndOffset="76274" SrcFileId="2" StartOffset="76143"/>
</LocList>
<StmntSeq Intrnl_Id="1118">
<LocList>
<Loc EndOffset="76214" SrcFileId="2" StartOffset="76207"/>
<Loc EndOffset="76258" SrcFileId="2" StartOffset="76230"/>
</LocList>
<SyncStmnt CovItemId="Y11" CovItemPrefix="StdDraw.java" Intrnl_Id="1119" SyncStmnt0="Y11-0" SyncStmnt1="Y11-1" SyncStmnt2="Y11-2">
<Keyword EndOffset="76214" SrcFileId="2" StartOffset="76207"/>
<LocList>
<Loc EndOffset="76214" SrcFileId="2" StartOffset="76207"/>
</LocList>
</SyncStmnt>
<BasicStmnt CovItemId="S511" CovItemPrefix="StdDraw.java" Intrnl_Id="1120">
<LocList>
<Loc EndOffset="76258" SrcFileId="2" StartOffset="76230"/>
</LocList>
</BasicStmnt>
</StmntSeq>
</HierarchyLvl>
<HierarchyLvl HierarchyLvlId="3776" HierarchyLvlTypeId="13" Intrnl_Id="1121" Name="nextKeyTyped">
<Header>
<Loc EndOffset="76962" SrcFileId="2" StartOffset="76929"/>
</Header>
<LocList>
<Loc EndOffset="77274" SrcFileId="2" StartOffset="76929"/>
</LocList>
<StmntSeq Intrnl_Id="1122">
<LocList>
<Loc EndOffset="76994" SrcFileId="2" StartOffset="76987"/>
<Loc EndOffset="77153" SrcFileId="2" StartOffset="77010"/>
<Loc EndOffset="77212" SrcFileId="2" StartOffset="77166"/>
</LocList>
<SyncStmnt CovItemId="Y12" CovItemPrefix="StdDraw.java" Intrnl_Id="1123" SyncStmnt0="Y12-0" SyncStmnt1="Y12-1" SyncStmnt2="Y12-2">
<Keyword EndOffset="76994" SrcFileId="2" StartOffset="76987"/>
<LocList>
<Loc EndOffset="76994" SrcFileId="2" StartOffset="76987"/>
</LocList>
</SyncStmnt>
<CondStmnt CovItemId="S512" CovItemPrefix="StdDraw.java" Intrnl_Id="1124">
<Branch CovItemId="B95" CovItemPrefix="StdDraw.java" Implct="false" Intrnl_Id="1125">
<Cond/>
<LocList>
<Loc EndOffset="77153" SrcFileId="2" StartOffset="77035"/>
</LocList>
<StmntSeq Intrnl_Id="1126">
<LocList>
<Loc EndOffset="77139" SrcFileId="2" StartOffset="77053"/>
</LocList>
<BasicStmnt CovItemId="S513" CovItemPrefix="StdDraw.java" Intrnl_Id="1127">
<LocList>
<Loc EndOffset="77139" SrcFileId="2" StartOffset="77053"/>
</LocList>
</BasicStmnt>
</StmntSeq>
</Branch>
<Branch CovItemId="B96" CovItemPrefix="StdDraw.java" Implct="true" Intrnl_Id="1128">
<Cond/>
<LocList/>
<StmntSeq Intrnl_Id="1129">
<LocList/>
</StmntSeq>
</Branch>
<Keyword EndOffset="77012" SrcFileId="2" StartOffset="77010"/>
<LocList>
<Loc EndOffset="77153" SrcFileId="2" StartOffset="77010"/>
</LocList>
<RootTerm CovItemId="C51" CovItemPrefix="StdDraw.java" Intrnl_Id="1130">
<BasicBoolTerm Intrnl_Id="1131">
<LocList>
<Loc EndOffset="77033" SrcFileId="2" StartOffset="77014"/>
</LocList>
</BasicBoolTerm>
</RootTerm>
</CondStmnt>
<BasicStmnt CovItemId="S514" CovItemPrefix="StdDraw.java" Intrnl_Id="1132">
<LocList>
<Loc EndOffset="77212" SrcFileId="2" StartOffset="77166"/>
</LocList>
</BasicStmnt>
</StmntSeq>
</HierarchyLvl>
<HierarchyLvl HierarchyLvlId="3777" HierarchyLvlTypeId="13" Intrnl_Id="1133" Name="isKeyPressed">
<Header>
<Loc EndOffset="77855" SrcFileId="2" StartOffset="77808"/>
</Header>
<LocList>
<Loc EndOffset="77953" SrcFileId="2" StartOffset="77808"/>
</LocList>
<StmntSeq Intrnl_Id="1134">
<LocList>
<Loc EndOffset="77887" SrcFileId="2" StartOffset="77880"/>
<Loc EndOffset="77937" SrcFileId="2" StartOffset="77903"/>
</LocList>
<SyncStmnt CovItemId="Y13" CovItemPrefix="StdDraw.java" Intrnl_Id="1135" SyncStmnt0="Y13-0" SyncStmnt1="Y13-1" SyncStmnt2="Y13-2">
<Keyword EndOffset="77887" SrcFileId="2" StartOffset="77880"/>
<LocList>
<Loc EndOffset="77887" SrcFileId="2" StartOffset="77880"/>
</LocList>
</SyncStmnt>
<BasicStmnt CovItemId="S515" CovItemPrefix="StdDraw.java" Intrnl_Id="1136">
<LocList>
<Loc EndOffset="77937" SrcFileId="2" StartOffset="77903"/>
</LocList>
</BasicStmnt>
</StmntSeq>
</HierarchyLvl>
<HierarchyLvl HierarchyLvlId="3778" HierarchyLvlTypeId="13" Intrnl_Id="1137" Name="keyTyped">
<Header>
<Loc EndOffset="78068" SrcFileId="2" StartOffset="78022"/>
</Header>
<LocList>
<Loc EndOffset="78167" SrcFileId="2" StartOffset="78022"/>
</LocList>
<StmntSeq Intrnl_Id="1138">
<LocList>
<Loc EndOffset="78100" SrcFileId="2" StartOffset="78093"/>
<Loc EndOffset="78151" SrcFileId="2" StartOffset="78116"/>
</LocList>
<SyncStmnt CovItemId="Y14" CovItemPrefix="StdDraw.java" Intrnl_Id="1139" SyncStmnt0="Y14-0" SyncStmnt1="Y14-1" SyncStmnt2="Y14-2">
<Keyword EndOffset="78100" SrcFileId="2" StartOffset="78093"/>
<LocList>
<Loc EndOffset="78100" SrcFileId="2" StartOffset="78093"/>
</LocList>
</SyncStmnt>
<BasicStmnt CovItemId="S516" CovItemPrefix="StdDraw.java" Intrnl_Id="1140">
<LocList>
<Loc EndOffset="78151" SrcFileId="2" StartOffset="78116"/>
</LocList>
</BasicStmnt>
</StmntSeq>
</HierarchyLvl>
<HierarchyLvl HierarchyLvlId="3779" HierarchyLvlTypeId="13" Intrnl_Id="1141" Name="keyPressed">
<Header>
<Loc EndOffset="78283" SrcFileId="2" StartOffset="78235"/>
</Header>
<LocList>
<Loc EndOffset="78376" SrcFileId="2" StartOffset="78235"/>
</LocList>
<StmntSeq Intrnl_Id="1142">
<LocList>
<Loc EndOffset="78315" SrcFileId="2" StartOffset="78308"/>
<Loc EndOffset="78360" SrcFileId="2" StartOffset="78331"/>
</LocList>
<SyncStmnt CovItemId="Y15" CovItemPrefix="StdDraw.java" Intrnl_Id="1143" SyncStmnt0="Y15-0" SyncStmnt1="Y15-1" SyncStmnt2="Y15-2">
<Keyword EndOffset="78315" SrcFileId="2" StartOffset="78308"/>
<LocList>
<Loc EndOffset="78315" SrcFileId="2" StartOffset="78308"/>
</LocList>
</SyncStmnt>
<BasicStmnt CovItemId="S517" CovItemPrefix="StdDraw.java" Intrnl_Id="1144">
<LocList>
<Loc EndOffset="78360" SrcFileId="2" StartOffset="78331"/>
</LocList>
</BasicStmnt>
</StmntSeq>
</HierarchyLvl>
<HierarchyLvl HierarchyLvlId="3780" HierarchyLvlTypeId="13" Intrnl_Id="1145" Name="keyReleased">
<Header>
<Loc EndOffset="78493" SrcFileId="2" StartOffset="78444"/>
</Header>
<LocList>
<Loc EndOffset="78589" SrcFileId="2" StartOffset="78444"/>
</LocList>
<StmntSeq Intrnl_Id="1146">
<LocList>
<Loc EndOffset="78525" SrcFileId="2" StartOffset="78518"/>
<Loc EndOffset="78573" SrcFileId="2" StartOffset="78541"/>
</LocList>
<SyncStmnt CovItemId="Y16" CovItemPrefix="StdDraw.java" Intrnl_Id="1147" SyncStmnt0="Y16-0" SyncStmnt1="Y16-1" SyncStmnt2="Y16-2">
<Keyword EndOffset="78525" SrcFileId="2" StartOffset="78518"/>
<LocList>
<Loc EndOffset="78525" SrcFileId="2" StartOffset="78518"/>
</LocList>
</SyncStmnt>
<BasicStmnt CovItemId="S518" CovItemPrefix="StdDraw.java" Intrnl_Id="1148">
<LocList>
<Loc EndOffset="78573" SrcFileId="2" StartOffset="78541"/>
</LocList>
</BasicStmnt>
</StmntSeq>
</HierarchyLvl>
<HierarchyLvl HierarchyLvlId="3785" HierarchyLvlTypeId="14" Intrnl_Id="1149" Name="RetinaImageIcon">
<Header>
<Loc EndOffset="78866" SrcFileId="2" StartOffset="78813"/>
</Header>
<LocList>
<Loc EndOffset="79840" SrcFileId="2" StartOffset="78813"/>
</LocList>
<HierarchyLvl HierarchyLvlId="3781" HierarchyLvlTypeId="13" Intrnl_Id="1150" Name="RetinaImageIcon">
<Header>
<Loc EndOffset="78917" SrcFileId="2" StartOffset="78882"/>
</Header>
<LocList>
<Loc EndOffset="78955" SrcFileId="2" StartOffset="78882"/>
</LocList>
<StmntSeq Intrnl_Id="1151">
<LocList>
<Loc EndOffset="78945" SrcFileId="2" StartOffset="78932"/>
</LocList>
<BasicStmnt CovItemId="S519" CovItemPrefix="StdDraw.java" Intrnl_Id="1152">
<LocList>
<Loc EndOffset="78945" SrcFileId="2" StartOffset="78932"/>
</LocList>
</BasicStmnt>
</StmntSeq>
</HierarchyLvl>
<HierarchyLvl HierarchyLvlId="3782" HierarchyLvlTypeId="13" Intrnl_Id="1153" Name="getIconWidth">
<Header>
<Loc EndOffset="78990" SrcFileId="2" StartOffset="78965"/>
</Header>
<LocList>
<Loc EndOffset="79047" SrcFileId="2" StartOffset="78965"/>
</LocList>
<StmntSeq Intrnl_Id="1154">
<LocList>
<Loc EndOffset="79037" SrcFileId="2" StartOffset="79005"/>
</LocList>
<BasicStmnt CovItemId="S520" CovItemPrefix="StdDraw.java" Intrnl_Id="1155">
<LocList>
<Loc EndOffset="79037" SrcFileId="2" StartOffset="79005"/>
</LocList>
</BasicStmnt>
</StmntSeq>
</HierarchyLvl>
<HierarchyLvl HierarchyLvlId="3783" HierarchyLvlTypeId="13" Intrnl_Id="1156" Name="getIconHeight">
<Header>
<Loc EndOffset="79211" SrcFileId="2" StartOffset="79185"/>
</Header>
<LocList>
<Loc EndOffset="79269" SrcFileId="2" StartOffset="79185"/>
</LocList>
<StmntSeq Intrnl_Id="1157">
<LocList>
<Loc EndOffset="79259" SrcFileId="2" StartOffset="79226"/>
</LocList>
<BasicStmnt CovItemId="S521" CovItemPrefix="StdDraw.java" Intrnl_Id="1158">
<LocList>
<Loc EndOffset="79259" SrcFileId="2" StartOffset="79226"/>
</LocList>
</BasicStmnt>
</StmntSeq>
</HierarchyLvl>
<HierarchyLvl HierarchyLvlId="3784" HierarchyLvlTypeId="13" Intrnl_Id="1159" Name="paintIcon">
<Header>
<Loc EndOffset="79352" SrcFileId="2" StartOffset="79279"/>
</Header>
<LocList>
<Loc EndOffset="79834" SrcFileId="2" StartOffset="79279"/>
</LocList>
<StmntSeq Intrnl_Id="1160">
<LocList>
<Loc EndOffset="79407" SrcFileId="2" StartOffset="79367"/>
<Loc EndOffset="79517" SrcFileId="2" StartOffset="79420"/>
<Loc EndOffset="79616" SrcFileId="2" StartOffset="79530"/>
<Loc EndOffset="79716" SrcFileId="2" StartOffset="79629"/>
<Loc EndOffset="79748" SrcFileId="2" StartOffset="79729"/>
<Loc EndOffset="79798" SrcFileId="2" StartOffset="79761"/>
<Loc EndOffset="79824" SrcFileId="2" StartOffset="79811"/>
</LocList>
<BasicStmnt CovItemId="S522" CovItemPrefix="StdDraw.java" Intrnl_Id="1161">
<LocList>
<Loc EndOffset="79407" SrcFileId="2" StartOffset="79367"/>
</LocList>
</BasicStmnt>
<BasicStmnt CovItemId="S523" CovItemPrefix="StdDraw.java" Intrnl_Id="1162">
<LocList>
<Loc EndOffset="79517" SrcFileId="2" StartOffset="79420"/>
</LocList>
</BasicStmnt>
<BasicStmnt CovItemId="S524" CovItemPrefix="StdDraw.java" Intrnl_Id="1163">
<LocList>
<Loc EndOffset="79616" SrcFileId="2" StartOffset="79530"/>
</LocList>
</BasicStmnt>
<BasicStmnt CovItemId="S525" CovItemPrefix="StdDraw.java" Intrnl_Id="1164">
<LocList>
<Loc EndOffset="79716" SrcFileId="2" StartOffset="79629"/>
</LocList>
</BasicStmnt>
<BasicStmnt CovItemId="S526" CovItemPrefix="StdDraw.java" Intrnl_Id="1165">
<LocList>
<Loc EndOffset="79748" SrcFileId="2" StartOffset="79729"/>
</LocList>
</BasicStmnt>
<BasicStmnt CovItemId="S527" CovItemPrefix="StdDraw.java" Intrnl_Id="1166">
<LocList>
<Loc EndOffset="79798" SrcFileId="2" StartOffset="79761"/>
</LocList>
</BasicStmnt>
<BasicStmnt CovItemId="S528" CovItemPrefix="StdDraw.java" Intrnl_Id="1167">
<LocList>
<Loc EndOffset="79824" SrcFileId="2" StartOffset="79811"/>
</LocList>
</BasicStmnt>
</StmntSeq>
</HierarchyLvl>
</HierarchyLvl>
<HierarchyLvl HierarchyLvlId="3786" HierarchyLvlTypeId="13" Intrnl_Id="1168" Name="main">
<Header>
<Loc EndOffset="79974" SrcFileId="2" StartOffset="79936"/>
</Header>
<LocList>
<Loc EndOffset="80670" SrcFileId="2" StartOffset="79936"/>
</LocList>
<StmntSeq Intrnl_Id="1169">
<LocList>
<Loc EndOffset="80015" SrcFileId="2" StartOffset="79985"/>
<Loc EndOffset="80060" SrcFileId="2" StartOffset="80024"/>
<Loc EndOffset="80099" SrcFileId="2" StartOffset="80069"/>
<Loc EndOffset="80147" SrcFileId="2" StartOffset="80109"/>
<Loc EndOffset="80183" SrcFileId="2" StartOffset="80156"/>
<Loc EndOffset="80228" SrcFileId="2" StartOffset="80192"/>
<Loc EndOffset="80292" SrcFileId="2" StartOffset="80269"/>
<Loc EndOffset="80340" SrcFileId="2" StartOffset="80301"/>
<Loc EndOffset="80385" SrcFileId="2" StartOffset="80349"/>
<Loc EndOffset="80430" SrcFileId="2" StartOffset="80394"/>
<Loc EndOffset="80467" SrcFileId="2" StartOffset="80439"/>
<Loc EndOffset="80528" SrcFileId="2" StartOffset="80493"/>
<Loc EndOffset="80574" SrcFileId="2" StartOffset="80537"/>
<Loc EndOffset="80618" SrcFileId="2" StartOffset="80583"/>
<Loc EndOffset="80664" SrcFileId="2" StartOffset="80627"/>
</LocList>
<BasicStmnt CovItemId="S529" CovItemPrefix="StdDraw.java" Intrnl_Id="1170">
<LocList>
<Loc EndOffset="80015" SrcFileId="2" StartOffset="79985"/>
</LocList>
</BasicStmnt>
<BasicStmnt CovItemId="S530" CovItemPrefix="StdDraw.java" Intrnl_Id="1171">
<LocList>
<Loc EndOffset="80060" SrcFileId="2" StartOffset="80024"/>
</LocList>
</BasicStmnt>
<BasicStmnt CovItemId="S531" CovItemPrefix="StdDraw.java" Intrnl_Id="1172">
<LocList>
<Loc EndOffset="80099" SrcFileId="2" StartOffset="80069"/>
</LocList>
</BasicStmnt>
<BasicStmnt CovItemId="S532" CovItemPrefix="StdDraw.java" Intrnl_Id="1173">
<LocList>
<Loc EndOffset="80147" SrcFileId="2" StartOffset="80109"/>
</LocList>
</BasicStmnt>
<BasicStmnt CovItemId="S533" CovItemPrefix="StdDraw.java" Intrnl_Id="1174">
<LocList>
<Loc EndOffset="80183" SrcFileId="2" StartOffset="80156"/>
</LocList>
</BasicStmnt>
<BasicStmnt CovItemId="S534" CovItemPrefix="StdDraw.java" Intrnl_Id="1175">
<LocList>
<Loc EndOffset="80228" SrcFileId="2" StartOffset="80192"/>
</LocList>
</BasicStmnt>
<BasicStmnt CovItemId="S535" CovItemPrefix="StdDraw.java" Intrnl_Id="1176">
<LocList>
<Loc EndOffset="80292" SrcFileId="2" StartOffset="80269"/>
</LocList>
</BasicStmnt>
<BasicStmnt CovItemId="S536" CovItemPrefix="StdDraw.java" Intrnl_Id="1177">
<LocList>
<Loc EndOffset="80340" SrcFileId="2" StartOffset="80301"/>
</LocList>
</BasicStmnt>
<BasicStmnt CovItemId="S537" CovItemPrefix="StdDraw.java" Intrnl_Id="1178">
<LocList>
<Loc EndOffset="80385" SrcFileId="2" StartOffset="80349"/>
</LocList>
</BasicStmnt>
<BasicStmnt CovItemId="S538" CovItemPrefix="StdDraw.java" Intrnl_Id="1179">
<LocList>
<Loc EndOffset="80430" SrcFileId="2" StartOffset="80394"/>
</LocList>
</BasicStmnt>
<BasicStmnt CovItemId="S539" CovItemPrefix="StdDraw.java" Intrnl_Id="1180">
<LocList>
<Loc EndOffset="80467" SrcFileId="2" StartOffset="80439"/>
</LocList>
</BasicStmnt>
<BasicStmnt CovItemId="S540" CovItemPrefix="StdDraw.java" Intrnl_Id="1181">
<LocList>
<Loc EndOffset="80528" SrcFileId="2" StartOffset="80493"/>
</LocList>
</BasicStmnt>
<BasicStmnt CovItemId="S541" CovItemPrefix="StdDraw.java" Intrnl_Id="1182">
<LocList>
<Loc EndOffset="80574" SrcFileId="2" StartOffset="80537"/>
</LocList>
</BasicStmnt>
<BasicStmnt CovItemId="S542" CovItemPrefix="StdDraw.java" Intrnl_Id="1183">
<LocList>
<Loc EndOffset="80618" SrcFileId="2" StartOffset="80583"/>
</LocList>
</BasicStmnt>
<BasicStmnt CovItemId="S543" CovItemPrefix="StdDraw.java" Intrnl_Id="1184">
<LocList>
<Loc EndOffset="80664" SrcFileId="2" StartOffset="80627"/>
</LocList>
</BasicStmnt>
</StmntSeq>
</HierarchyLvl>
</HierarchyLvl>
<HierarchyLvl HierarchyLvlId="3795" HierarchyLvlTypeId="14" Intrnl_Id="1185" Name="Player">
<Header>
<Loc EndOffset="365" SrcFileId="3" StartOffset="346"/>
</Header>
<LocList>
<Loc EndOffset="1883" SrcFileId="3" StartOffset="346"/>
</LocList>
<StmntSeq Intrnl_Id="1186">
<LocList>
<Loc EndOffset="405" SrcFileId="3" StartOffset="373"/>
<Loc EndOffset="505" SrcFileId="3" StartOffset="463"/>
<Loc EndOffset="548" SrcFileId="3" StartOffset="531"/>
</LocList>
<BasicStmnt CovItemId="S1" CovItemPrefix="Player.java" Intrnl_Id="1187">
<LocList>
<Loc EndOffset="405" SrcFileId="3" StartOffset="373"/>
</LocList>
</BasicStmnt>
<BasicStmnt CovItemId="S2" CovItemPrefix="Player.java" Intrnl_Id="1188">
<LocList>
<Loc EndOffset="505" SrcFileId="3" StartOffset="463"/>
</LocList>
</BasicStmnt>
<BasicStmnt CovItemId="S3" CovItemPrefix="Player.java" Intrnl_Id="1189">
<LocList>
<Loc EndOffset="548" SrcFileId="3" StartOffset="531"/>
</LocList>
</BasicStmnt>
</StmntSeq>
<HierarchyLvl HierarchyLvlId="3788" HierarchyLvlTypeId="13" Intrnl_Id="1190" Name="Player">
<Header>
<Loc EndOffset="793" SrcFileId="3" StartOffset="753"/>
</Header>
<LocList>
<Loc EndOffset="867" SrcFileId="3" StartOffset="753"/>
</LocList>
<StmntSeq Intrnl_Id="1191">
<LocList>
<Loc EndOffset="821" SrcFileId="3" StartOffset="804"/>
<Loc EndOffset="841" SrcFileId="3" StartOffset="830"/>
<Loc EndOffset="861" SrcFileId="3" StartOffset="850"/>
</LocList>
<BasicStmnt CovItemId="S4" CovItemPrefix="Player.java" Intrnl_Id="1192">
<LocList>
<Loc EndOffset="821" SrcFileId="3" StartOffset="804"/>
</LocList>
</BasicStmnt>
<BasicStmnt CovItemId="S5" CovItemPrefix="Player.java" Intrnl_Id="1193">
<LocList>
<Loc EndOffset="841" SrcFileId="3" StartOffset="830"/>
</LocList>
</BasicStmnt>
<BasicStmnt CovItemId="S6" CovItemPrefix="Player.java" Intrnl_Id="1194">
<LocList>
<Loc EndOffset="861" SrcFileId="3" StartOffset="850"/>
</LocList>
</BasicStmnt>
</StmntSeq>
</HierarchyLvl>
<HierarchyLvl HierarchyLvlId="3789" HierarchyLvlTypeId="13" Intrnl_Id="1195" Name="peak">
<Header>
<Loc EndOffset="891" SrcFileId="3" StartOffset="873"/>
</Header>
<LocList>
<Loc EndOffset="922" SrcFileId="3" StartOffset="873"/>
</LocList>
<StmntSeq Intrnl_Id="1196">
<LocList>
<Loc EndOffset="918" SrcFileId="3" StartOffset="902"/>
</LocList>
<BasicStmnt CovItemId="S7" CovItemPrefix="Player.java" Intrnl_Id="1197">
<LocList>
<Loc EndOffset="918" SrcFileId="3" StartOffset="902"/>
</LocList>
</BasicStmnt>
</StmntSeq>
</HierarchyLvl>
<HierarchyLvl HierarchyLvlId="3790" HierarchyLvlTypeId="13" Intrnl_Id="1198" Name="dealTo">
<Header>
<Loc EndOffset="977" SrcFileId="3" StartOffset="951"/>
</Header>
<LocList>
<Loc EndOffset="1000" SrcFileId="3" StartOffset="951"/>
</LocList>
<StmntSeq Intrnl_Id="1199">
<LocList>
<Loc EndOffset="995" SrcFileId="3" StartOffset="980"/>
</LocList>
<BasicStmnt CovItemId="S8" CovItemPrefix="Player.java" Intrnl_Id="1200">
<LocList>
<Loc EndOffset="995" SrcFileId="3" StartOffset="980"/>
</LocList>
</BasicStmnt>
</StmntSeq>
</HierarchyLvl>
<HierarchyLvl HierarchyLvlId="3791" HierarchyLvlTypeId="13" Intrnl_Id="1201" Name="reset">
<Header>
<Loc EndOffset="1042" SrcFileId="3" StartOffset="1023"/>
</Header>
<LocList>
<Loc EndOffset="1072" SrcFileId="3" StartOffset="1023"/>
</LocList>
<StmntSeq Intrnl_Id="1202">
<LocList>
<Loc EndOffset="1058" SrcFileId="3" StartOffset="1052"/>
</LocList>
<BasicStmnt CovItemId="S9" CovItemPrefix="Player.java" Intrnl_Id="1203">
<LocList>
<Loc EndOffset="1058" SrcFileId="3" StartOffset="1052"/>
</LocList>
</BasicStmnt>
</StmntSeq>
</HierarchyLvl>
<HierarchyLvl HierarchyLvlId="3792" HierarchyLvlTypeId="13" Intrnl_Id="1204" Name="value">
<Header>
<Loc EndOffset="1159" SrcFileId="3" StartOffset="1141"/>
</Header>
<LocList>
<Loc EndOffset="1462" SrcFileId="3" StartOffset="1141"/>
</LocList>
<StmntSeq Intrnl_Id="1205">
<LocList>
<Loc EndOffset="1182" SrcFileId="3" StartOffset="1170"/>
<Loc EndOffset="1214" SrcFileId="3" StartOffset="1191"/>
<Loc EndOffset="1352" SrcFileId="3" StartOffset="1223"/>
<Loc EndOffset="1403" SrcFileId="3" StartOffset="1361"/>
<Loc EndOffset="1456" SrcFileId="3" StartOffset="1445"/>
</LocList>
<BasicStmnt CovItemId="S10" CovItemPrefix="Player.java" Intrnl_Id="1206">
<LocList>
<Loc EndOffset="1182" SrcFileId="3" StartOffset="1170"/>
</LocList>
</BasicStmnt>
<BasicStmnt CovItemId="S11" CovItemPrefix="Player.java" Intrnl_Id="1207">
<LocList>
<Loc EndOffset="1214" SrcFileId="3" StartOffset="1191"/>
</LocList>
</BasicStmnt>
<LoopStmnt CovItemId="S12" CovItemPrefix="Player.java" Intrnl_Id="1208" MltplExecId="L1-2" MltplExecPrefix="Player.java" NvrExecId="L1-0" NvrExecPrefix="Player.java" OnceExecutedId="L1-1" OnceExecutedPrefix="Player.java" OptBodyExec="true">
<StmntSeq Intrnl_Id="1209">
<LocList>
<Loc EndOffset="1293" SrcFileId="3" StartOffset="1265"/>
<Loc EndOffset="1342" SrcFileId="3" StartOffset="1306"/>
</LocList>
<BasicStmnt CovItemId="S13" CovItemPrefix="Player.java" Intrnl_Id="1210">
<LocList>
<Loc EndOffset="1293" SrcFileId="3" StartOffset="1265"/>
</LocList>
</BasicStmnt>
<CondStmnt CovItemId="S14" CovItemPrefix="Player.java" Intrnl_Id="1211">
<Branch CovItemId="B1" CovItemPrefix="Player.java" Implct="false" Intrnl_Id="1212">
<Cond/>
<LocList>
<Loc EndOffset="1342" SrcFileId="3" StartOffset="1328"/>
</LocList>
<StmntSeq Intrnl_Id="1213">
<LocList>
<Loc EndOffset="1342" SrcFileId="3" StartOffset="1328"/>
</LocList>
<BasicStmnt CovItemId="S15" CovItemPrefix="Player.java" Intrnl_Id="1214">
<LocList>
<Loc EndOffset="1342" SrcFileId="3" StartOffset="1328"/>
</LocList>
</BasicStmnt>
</StmntSeq>
</Branch>
<Branch CovItemId="B2" CovItemPrefix="Player.java" Implct="true" Intrnl_Id="1215">
<Cond/>
<LocList/>
<StmntSeq Intrnl_Id="1216">
<LocList/>
</StmntSeq>
</Branch>
<Keyword EndOffset="1308" SrcFileId="3" StartOffset="1306"/>
<LocList>
<Loc EndOffset="1342" SrcFileId="3" StartOffset="1306"/>
</LocList>
<RootTerm CovItemId="C2" CovItemPrefix="Player.java" Intrnl_Id="1217">
<BasicBoolTerm Intrnl_Id="1218">
<LocList>
<Loc EndOffset="1326" SrcFileId="3" StartOffset="1310"/>
</LocList>
</BasicBoolTerm>
</RootTerm>
</CondStmnt>
</StmntSeq>
<Keyword EndOffset="1226" SrcFileId="3" StartOffset="1223"/>
<LocList>
<Loc EndOffset="1352" SrcFileId="3" StartOffset="1223"/>
</LocList>
<RootTerm CovItemId="C1" CovItemPrefix="Player.java" Intrnl_Id="1219">
<BasicBoolTerm Intrnl_Id="1220">
<LocList>
<Loc EndOffset="1244" SrcFileId="3" StartOffset="1239"/>
</LocList>
</BasicBoolTerm>
</RootTerm>
</LoopStmnt>
<CondStmnt CovItemId="S16" CovItemPrefix="Player.java" Intrnl_Id="1221">
<Branch CovItemId="B3" CovItemPrefix="Player.java" Implct="false" Intrnl_Id="1222">
<Cond/>
<LocList>
<Loc EndOffset="1403" SrcFileId="3" StartOffset="1388"/>
</LocList>
<StmntSeq Intrnl_Id="1223">
<LocList>
<Loc EndOffset="1403" SrcFileId="3" StartOffset="1388"/>
</LocList>
<BasicStmnt CovItemId="S17" CovItemPrefix="Player.java" Intrnl_Id="1224">
<LocList>
<Loc EndOffset="1403" SrcFileId="3" StartOffset="1388"/>
</LocList>
</BasicStmnt>
</StmntSeq>
</Branch>
<Branch CovItemId="B4" CovItemPrefix="Player.java" Implct="true" Intrnl_Id="1225">
<Cond/>
<LocList/>
<StmntSeq Intrnl_Id="1226">
<LocList/>
</StmntSeq>
</Branch>
<Keyword EndOffset="1363" SrcFileId="3" StartOffset="1361"/>
<LocList>
<Loc EndOffset="1403" SrcFileId="3" StartOffset="1361"/>
</LocList>
<RootTerm CovItemId="C3" CovItemPrefix="Player.java" Intrnl_Id="1227">
<OpTerm BooleanOpId="9" Intrnl_Id="1228">
<BasicBoolTerm Intrnl_Id="1229">
<LocList>
<Loc EndOffset="1371" SrcFileId="3" StartOffset="1365"/>
</LocList>
</BasicBoolTerm>
<BasicBoolTerm Intrnl_Id="1230">
<LocList>
<Loc EndOffset="1385" SrcFileId="3" StartOffset="1376"/>
</LocList>
</BasicBoolTerm>
<LocList>
<Loc EndOffset="1374" SrcFileId="3" StartOffset="1372"/>
</LocList>
</OpTerm>
</RootTerm>
</CondStmnt>
<BasicStmnt CovItemId="S18" CovItemPrefix="Player.java" Intrnl_Id="1231">
<LocList>
<Loc EndOffset="1456" SrcFileId="3" StartOffset="1445"/>
</LocList>
</BasicStmnt>
</StmntSeq>
</HierarchyLvl>
<HierarchyLvl HierarchyLvlId="3793" HierarchyLvlTypeId="13" Intrnl_Id="1232" Name="draw">
<Header>
<Loc EndOffset="1561" SrcFileId="3" StartOffset="1537"/>
</Header>
<LocList>
<Loc EndOffset="1648" SrcFileId="3" StartOffset="1537"/>
</LocList>
<StmntSeq Intrnl_Id="1233">
<LocList>
<Loc EndOffset="1642" SrcFileId="3" StartOffset="1572"/>
</LocList>
<LoopStmnt CovItemId="S19" CovItemPrefix="Player.java" Intrnl_Id="1234" MltplExecId="L2-2" MltplExecPrefix="Player.java" NvrExecId="L2-0" NvrExecPrefix="Player.java" OnceExecutedId="L2-1" OnceExecutedPrefix="Player.java" OptBodyExec="true">
<StmntSeq Intrnl_Id="1235">
<LocList>
<Loc EndOffset="1642" SrcFileId="3" StartOffset="1612"/>
</LocList>
<BasicStmnt CovItemId="S20" CovItemPrefix="Player.java" Intrnl_Id="1236">
<LocList>
<Loc EndOffset="1642" SrcFileId="3" StartOffset="1612"/>
</LocList>
</BasicStmnt>
</StmntSeq>
<Keyword EndOffset="1575" SrcFileId="3" StartOffset="1572"/>
<LocList>
<Loc EndOffset="1642" SrcFileId="3" StartOffset="1572"/>
</LocList>
<RootTerm CovItemId="C4" CovItemPrefix="Player.java" Intrnl_Id="1237">
<BasicBoolTerm Intrnl_Id="1238">
<LocList>
<Loc EndOffset="1593" SrcFileId="3" StartOffset="1588"/>
</LocList>
</BasicBoolTerm>
</RootTerm>
</LoopStmnt>
</StmntSeq>
</HierarchyLvl>
<HierarchyLvl HierarchyLvlId="3794" HierarchyLvlTypeId="13" Intrnl_Id="1239" Name="toString">
<Header>
<Loc EndOffset="1734" SrcFileId="3" StartOffset="1710"/>
</Header>
<LocList>
<Loc EndOffset="1880" SrcFileId="3" StartOffset="1710"/>
</LocList>
<StmntSeq Intrnl_Id="1240">
<LocList>
<Loc EndOffset="1787" SrcFileId="3" StartOffset="1745"/>
<Loc EndOffset="1856" SrcFileId="3" StartOffset="1796"/>
<Loc EndOffset="1874" SrcFileId="3" StartOffset="1865"/>
</LocList>
<BasicStmnt CovItemId="S21" CovItemPrefix="Player.java" Intrnl_Id="1241">
<LocList>
<Loc EndOffset="1787" SrcFileId="3" StartOffset="1745"/>
</LocList>
</BasicStmnt>
<LoopStmnt CovItemId="S22" CovItemPrefix="Player.java" Intrnl_Id="1242" MltplExecId="L3-2" MltplExecPrefix="Player.java" NvrExecId="L3-0" NvrExecPrefix="Player.java" OnceExecutedId="L3-1" OnceExecutedPrefix="Player.java" OptBodyExec="true">
<StmntSeq Intrnl_Id="1243">
<LocList>
<Loc EndOffset="1856" SrcFileId="3" StartOffset="1836"/>
</LocList>
<BasicStmnt CovItemId="S23" CovItemPrefix="Player.java" Intrnl_Id="1244">
<LocList>
<Loc EndOffset="1856" SrcFileId="3" StartOffset="1836"/>
</LocList>
</BasicStmnt>
</StmntSeq>
<Keyword EndOffset="1799" SrcFileId="3" StartOffset="1796"/>
<LocList>
<Loc EndOffset="1856" SrcFileId="3" StartOffset="1796"/>
</LocList>
<RootTerm CovItemId="C5" CovItemPrefix="Player.java" Intrnl_Id="1245">
<BasicBoolTerm Intrnl_Id="1246">
<LocList>
<Loc EndOffset="1817" SrcFileId="3" StartOffset="1812"/>
</LocList>
</BasicBoolTerm>
</RootTerm>
</LoopStmnt>
<BasicStmnt CovItemId="S24" CovItemPrefix="Player.java" Intrnl_Id="1247">
<LocList>
<Loc EndOffset="1874" SrcFileId="3" StartOffset="1865"/>
</LocList>
</BasicStmnt>
</StmntSeq>
</HierarchyLvl>
</HierarchyLvl>
<HierarchyLvl HierarchyLvlId="3803" HierarchyLvlTypeId="12" Intrnl_Id="1248" Name="DrawListener">
<Header>
<Loc EndOffset="875" SrcFileId="4" StartOffset="846"/>
</Header>
<LocList>
<Loc EndOffset="2168" SrcFileId="4" StartOffset="846"/>
</LocList>
<HierarchyLvl HierarchyLvlId="3796" HierarchyLvlTypeId="13" Intrnl_Id="1249" Name="mousePressed">
<Header>
<Loc EndOffset="1083" SrcFileId="4" StartOffset="1046"/>
</Header>
<LocList>
<Loc EndOffset="1084" SrcFileId="4" StartOffset="1046"/>
</LocList>
</HierarchyLvl>
<HierarchyLvl HierarchyLvlId="3797" HierarchyLvlTypeId="13" Intrnl_Id="1250" Name="mouseDragged">
<Header>
<Loc EndOffset="1290" SrcFileId="4" StartOffset="1253"/>
</Header>
<LocList>
<Loc EndOffset="1291" SrcFileId="4" StartOffset="1253"/>
</LocList>
</HierarchyLvl>
<HierarchyLvl HierarchyLvlId="3798" HierarchyLvlTypeId="13" Intrnl_Id="1251" Name="mouseReleased">
<Header>
<Loc EndOffset="1499" SrcFileId="4" StartOffset="1461"/>
</Header>
<LocList>
<Loc EndOffset="1500" SrcFileId="4" StartOffset="1461"/>
</LocList>
</HierarchyLvl>
<HierarchyLvl HierarchyLvlId="3799" HierarchyLvlTypeId="13" Intrnl_Id="1252" Name="mouseClicked">
<Header>
<Loc EndOffset="1729" SrcFileId="4" StartOffset="1692"/>
</Header>
<LocList>
<Loc EndOffset="1730" SrcFileId="4" StartOffset="1692"/>
</LocList>
</HierarchyLvl>
<HierarchyLvl HierarchyLvlId="3800" HierarchyLvlTypeId="13" Intrnl_Id="1253" Name="keyTyped">
<Header>
<Loc EndOffset="1858" SrcFileId="4" StartOffset="1837"/>
</Header>
<LocList>
<Loc EndOffset="1859" SrcFileId="4" StartOffset="1837"/>
</LocList>
</HierarchyLvl>
<HierarchyLvl HierarchyLvlId="3801" HierarchyLvlTypeId="13" Intrnl_Id="1254" Name="keyPressed">
<Header>
<Loc EndOffset="2010" SrcFileId="4" StartOffset="1982"/>
</Header>
<LocList>
<Loc EndOffset="2011" SrcFileId="4" StartOffset="1982"/>
</LocList>
</HierarchyLvl>
<HierarchyLvl HierarchyLvlId="3802" HierarchyLvlTypeId="13" Intrnl_Id="1255" Name="keyReleased">
<Header>
<Loc EndOffset="2165" SrcFileId="4" StartOffset="2136"/>
</Header>
<LocList>
<Loc EndOffset="2166" SrcFileId="4" StartOffset="2136"/>
</LocList>
</HierarchyLvl>
</HierarchyLvl>
<HierarchyLvl HierarchyLvlId="3894" HierarchyLvlTypeId="14" Intrnl_Id="1256" Name="Draw">
<Header>
<Loc EndOffset="2986" SrcFileId="5" StartOffset="2888"/>
</Header>
<LocList>
<Loc EndOffset="57134" SrcFileId="5" StartOffset="2888"/>
<Loc EndOffset="59159" SrcFileId="5" StartOffset="58161"/>
</LocList>
<StmntSeq Intrnl_Id="1257">
<LocList>
<Loc EndOffset="3081" SrcFileId="5" StartOffset="3035"/>
<Loc EndOffset="3171" SrcFileId="5" StartOffset="3127"/>
<Loc EndOffset="3261" SrcFileId="5" StartOffset="3217"/>
<Loc EndOffset="3366" SrcFileId="5" StartOffset="3312"/>
<Loc EndOffset="3456" SrcFileId="5" StartOffset="3412"/>
<Loc EndOffset="3550" SrcFileId="5" StartOffset="3503"/>
<Loc EndOffset="3658" SrcFileId="5" StartOffset="3602"/>
<Loc EndOffset="3757" SrcFileId="5" StartOffset="3707"/>
<Loc EndOffset="3853" SrcFileId="5" StartOffset="3805"/>
<Loc EndOffset="3943" SrcFileId="5" StartOffset="3899"/>
<Loc EndOffset="4030" SrcFileId="5" StartOffset="3988"/>
<Loc EndOffset="4123" SrcFileId="5" StartOffset="4077"/>
<Loc EndOffset="4219" SrcFileId="5" StartOffset="4171"/>
<Loc EndOffset="4441" SrcFileId="5" StartOffset="4381"/>
<Loc EndOffset="4661" SrcFileId="5" StartOffset="4592"/>
<Loc EndOffset="4885" SrcFileId="5" StartOffset="4825"/>
<Loc EndOffset="5100" SrcFileId="5" StartOffset="5031"/>
<Loc EndOffset="5182" SrcFileId="5" StartOffset="5128"/>
<Loc EndOffset="5241" SrcFileId="5" StartOffset="5187"/>
<Loc EndOffset="5332" SrcFileId="5" StartOffset="5292"/>
<Loc EndOffset="5383" SrcFileId="5" StartOffset="5337"/>
<Loc EndOffset="5434" SrcFileId="5" StartOffset="5388"/>
<Loc EndOffset="5485" SrcFileId="5" StartOffset="5439"/>
<Loc EndOffset="5536" SrcFileId="5" StartOffset="5490"/>
<Loc EndOffset="5628" SrcFileId="5" StartOffset="5585"/>
<Loc EndOffset="5714" SrcFileId="5" StartOffset="5660"/>
<Loc EndOffset="5818" SrcFileId="5" StartOffset="5740"/>
<Loc EndOffset="5929" SrcFileId="5" StartOffset="5896"/>
<Loc EndOffset="5967" SrcFileId="5" StartOffset="5934"/>
<Loc EndOffset="6115" SrcFileId="5" StartOffset="6086"/>
<Loc EndOffset="6214" SrcFileId="5" StartOffset="6186"/>
<Loc EndOffset="6292" SrcFileId="5" StartOffset="6247"/>
<Loc EndOffset="6340" SrcFileId="5" StartOffset="6297"/>
<Loc EndOffset="6654" SrcFileId="5" StartOffset="6619"/>
<Loc EndOffset="6717" SrcFileId="5" StartOffset="6679"/>
<Loc EndOffset="6747" SrcFileId="5" StartOffset="6722"/>
<Loc EndOffset="6777" SrcFileId="5" StartOffset="6752"/>
<Loc EndOffset="6880" SrcFileId="5" StartOffset="6805"/>
<Loc EndOffset="6949" SrcFileId="5" StartOffset="6885"/>
<Loc EndOffset="7063" SrcFileId="5" StartOffset="6984"/>
</LocList>
<BasicStmnt CovItemId="S1" CovItemPrefix="Draw.java" Intrnl_Id="1258">
<LocList>
<Loc EndOffset="3081" SrcFileId="5" StartOffset="3035"/>
</LocList>
</BasicStmnt>
<BasicStmnt CovItemId="S2" CovItemPrefix="Draw.java" Intrnl_Id="1259">
<LocList>
<Loc EndOffset="3171" SrcFileId="5" StartOffset="3127"/>
</LocList>
</BasicStmnt>
<BasicStmnt CovItemId="S3" CovItemPrefix="Draw.java" Intrnl_Id="1260">
<LocList>
<Loc EndOffset="3261" SrcFileId="5" StartOffset="3217"/>
</LocList>
</BasicStmnt>
<BasicStmnt CovItemId="S4" CovItemPrefix="Draw.java" Intrnl_Id="1261">
<LocList>
<Loc EndOffset="3366" SrcFileId="5" StartOffset="3312"/>
</LocList>
</BasicStmnt>
<BasicStmnt CovItemId="S5" CovItemPrefix="Draw.java" Intrnl_Id="1262">
<LocList>
<Loc EndOffset="3456" SrcFileId="5" StartOffset="3412"/>
</LocList>
</BasicStmnt>
<BasicStmnt CovItemId="S6" CovItemPrefix="Draw.java" Intrnl_Id="1263">
<LocList>
<Loc EndOffset="3550" SrcFileId="5" StartOffset="3503"/>
</LocList>
</BasicStmnt>
<BasicStmnt CovItemId="S7" CovItemPrefix="Draw.java" Intrnl_Id="1264">
<LocList>
<Loc EndOffset="3658" SrcFileId="5" StartOffset="3602"/>
</LocList>
</BasicStmnt>
<BasicStmnt CovItemId="S8" CovItemPrefix="Draw.java" Intrnl_Id="1265">
<LocList>
<Loc EndOffset="3757" SrcFileId="5" StartOffset="3707"/>
</LocList>
</BasicStmnt>
<BasicStmnt CovItemId="S9" CovItemPrefix="Draw.java" Intrnl_Id="1266">
<LocList>
<Loc EndOffset="3853" SrcFileId="5" StartOffset="3805"/>
</LocList>
</BasicStmnt>
<BasicStmnt CovItemId="S10" CovItemPrefix="Draw.java" Intrnl_Id="1267">
<LocList>
<Loc EndOffset="3943" SrcFileId="5" StartOffset="3899"/>
</LocList>
</BasicStmnt>
<BasicStmnt CovItemId="S11" CovItemPrefix="Draw.java" Intrnl_Id="1268">
<LocList>
<Loc EndOffset="4030" SrcFileId="5" StartOffset="3988"/>
</LocList>
</BasicStmnt>
<BasicStmnt CovItemId="S12" CovItemPrefix="Draw.java" Intrnl_Id="1269">
<LocList>
<Loc EndOffset="4123" SrcFileId="5" StartOffset="4077"/>
</LocList>
</BasicStmnt>
<BasicStmnt CovItemId="S13" CovItemPrefix="Draw.java" Intrnl_Id="1270">
<LocList>
<Loc EndOffset="4219" SrcFileId="5" StartOffset="4171"/>
</LocList>
</BasicStmnt>
<BasicStmnt CovItemId="S14" CovItemPrefix="Draw.java" Intrnl_Id="1271">
<LocList>
<Loc EndOffset="4441" SrcFileId="5" StartOffset="4381"/>
</LocList>
</BasicStmnt>
<BasicStmnt CovItemId="S15" CovItemPrefix="Draw.java" Intrnl_Id="1272">
<LocList>
<Loc EndOffset="4661" SrcFileId="5" StartOffset="4592"/>
</LocList>
</BasicStmnt>
<BasicStmnt CovItemId="S16" CovItemPrefix="Draw.java" Intrnl_Id="1273">
<LocList>
<Loc EndOffset="4885" SrcFileId="5" StartOffset="4825"/>
</LocList>
</BasicStmnt>
<BasicStmnt CovItemId="S17" CovItemPrefix="Draw.java" Intrnl_Id="1274">
<LocList>
<Loc EndOffset="5100" SrcFileId="5" StartOffset="5031"/>
</LocList>
</BasicStmnt>
<BasicStmnt CovItemId="S18" CovItemPrefix="Draw.java" Intrnl_Id="1275">
<LocList>
<Loc EndOffset="5182" SrcFileId="5" StartOffset="5128"/>
</LocList>
</BasicStmnt>
<BasicStmnt CovItemId="S19" CovItemPrefix="Draw.java" Intrnl_Id="1276">
<LocList>
<Loc EndOffset="5241" SrcFileId="5" StartOffset="5187"/>
</LocList>
</BasicStmnt>
<BasicStmnt CovItemId="S20" CovItemPrefix="Draw.java" Intrnl_Id="1277">
<LocList>
<Loc EndOffset="5332" SrcFileId="5" StartOffset="5292"/>
</LocList>
</BasicStmnt>
<BasicStmnt CovItemId="S21" CovItemPrefix="Draw.java" Intrnl_Id="1278">
<LocList>
<Loc EndOffset="5383" SrcFileId="5" StartOffset="5337"/>
</LocList>
</BasicStmnt>
<BasicStmnt CovItemId="S22" CovItemPrefix="Draw.java" Intrnl_Id="1279">
<LocList>
<Loc EndOffset="5434" SrcFileId="5" StartOffset="5388"/>
</LocList>
</BasicStmnt>
<BasicStmnt CovItemId="S23" CovItemPrefix="Draw.java" Intrnl_Id="1280">
<LocList>
<Loc EndOffset="5485" SrcFileId="5" StartOffset="5439"/>
</LocList>
</BasicStmnt>
<BasicStmnt CovItemId="S24" CovItemPrefix="Draw.java" Intrnl_Id="1281">
<LocList>
<Loc EndOffset="5536" SrcFileId="5" StartOffset="5490"/>
</LocList>
</BasicStmnt>
<BasicStmnt CovItemId="S25" CovItemPrefix="Draw.java" Intrnl_Id="1282">
<LocList>
<Loc EndOffset="5628" SrcFileId="5" StartOffset="5585"/>
</LocList>
</BasicStmnt>
<BasicStmnt CovItemId="S26" CovItemPrefix="Draw.java" Intrnl_Id="1283">
<LocList>
<Loc EndOffset="5714" SrcFileId="5" StartOffset="5660"/>
</LocList>
</BasicStmnt>
<BasicStmnt CovItemId="S27" CovItemPrefix="Draw.java" Intrnl_Id="1284">
<LocList>
<Loc EndOffset="5818" SrcFileId="5" StartOffset="5740"/>
</LocList>
</BasicStmnt>
<BasicStmnt CovItemId="S28" CovItemPrefix="Draw.java" Intrnl_Id="1285">
<LocList>
<Loc EndOffset="5929" SrcFileId="5" StartOffset="5896"/>
</LocList>
</BasicStmnt>
<BasicStmnt CovItemId="S29" CovItemPrefix="Draw.java" Intrnl_Id="1286">
<LocList>
<Loc EndOffset="5967" SrcFileId="5" StartOffset="5934"/>
</LocList>
</BasicStmnt>
<BasicStmnt CovItemId="S30" CovItemPrefix="Draw.java" Intrnl_Id="1287">
<LocList>
<Loc EndOffset="6115" SrcFileId="5" StartOffset="6086"/>
</LocList>
</BasicStmnt>
<BasicStmnt CovItemId="S31" CovItemPrefix="Draw.java" Intrnl_Id="1288">
<LocList>
<Loc EndOffset="6214" SrcFileId="5" StartOffset="6186"/>
</LocList>
</BasicStmnt>
<BasicStmnt CovItemId="S32" CovItemPrefix="Draw.java" Intrnl_Id="1289">
<LocList>
<Loc EndOffset="6292" SrcFileId="5" StartOffset="6247"/>
</LocList>
</BasicStmnt>
<BasicStmnt CovItemId="S33" CovItemPrefix="Draw.java" Intrnl_Id="1290">
<LocList>
<Loc EndOffset="6340" SrcFileId="5" StartOffset="6297"/>
</LocList>
</BasicStmnt>
<BasicStmnt CovItemId="S34" CovItemPrefix="Draw.java" Intrnl_Id="1291">
<LocList>
<Loc EndOffset="6654" SrcFileId="5" StartOffset="6619"/>
</LocList>
</BasicStmnt>
<BasicStmnt CovItemId="S35" CovItemPrefix="Draw.java" Intrnl_Id="1292">
<LocList>
<Loc EndOffset="6717" SrcFileId="5" StartOffset="6679"/>
</LocList>
</BasicStmnt>
<BasicStmnt CovItemId="S36" CovItemPrefix="Draw.java" Intrnl_Id="1293">
<LocList>
<Loc EndOffset="6747" SrcFileId="5" StartOffset="6722"/>
</LocList>
</BasicStmnt>
<BasicStmnt CovItemId="S37" CovItemPrefix="Draw.java" Intrnl_Id="1294">
<LocList>
<Loc EndOffset="6777" SrcFileId="5" StartOffset="6752"/>
</LocList>
</BasicStmnt>
<BasicStmnt CovItemId="S38" CovItemPrefix="Draw.java" Intrnl_Id="1295">
<LocList>
<Loc EndOffset="6880" SrcFileId="5" StartOffset="6805"/>
</LocList>
</BasicStmnt>
<BasicStmnt CovItemId="S39" CovItemPrefix="Draw.java" Intrnl_Id="1296">
<LocList>
<Loc EndOffset="6949" SrcFileId="5" StartOffset="6885"/>
</LocList>
</BasicStmnt>
<BasicStmnt CovItemId="S40" CovItemPrefix="Draw.java" Intrnl_Id="1297">
<LocList>
<Loc EndOffset="7063" SrcFileId="5" StartOffset="6984"/>
</LocList>
</BasicStmnt>
</StmntSeq>
<HierarchyLvl HierarchyLvlId="3804" HierarchyLvlTypeId="13" Intrnl_Id="1298" Name="Draw">
<Header>
<Loc EndOffset="7233" SrcFileId="5" StartOffset="7209"/>
</Header>
<LocList>
<Loc EndOffset="7283" SrcFileId="5" StartOffset="7209"/>
</LocList>
<StmntSeq Intrnl_Id="1299">
<LocList>
<Loc EndOffset="7261" SrcFileId="5" StartOffset="7244"/>
<Loc EndOffset="7277" SrcFileId="5" StartOffset="7270"/>
</LocList>
<BasicStmnt CovItemId="S41" CovItemPrefix="Draw.java" Intrnl_Id="1300">
<LocList>
<Loc EndOffset="7261" SrcFileId="5" StartOffset="7244"/>
</LocList>
</BasicStmnt>
<BasicStmnt CovItemId="S42" CovItemPrefix="Draw.java" Intrnl_Id="1301">
<LocList>
<Loc EndOffset="7277" SrcFileId="5" StartOffset="7270"/>
</LocList>
</BasicStmnt>
</StmntSeq>
</HierarchyLvl>
<HierarchyLvl HierarchyLvlId="3805" HierarchyLvlTypeId="13" Intrnl_Id="1302" Name="Draw">
<Header>
<Loc EndOffset="7362" SrcFileId="5" StartOffset="7349"/>
</Header>
<LocList>
<Loc EndOffset="7386" SrcFileId="5" StartOffset="7349"/>
</LocList>
<StmntSeq Intrnl_Id="1303">
<LocList>
<Loc EndOffset="7380" SrcFileId="5" StartOffset="7373"/>
</LocList>
<BasicStmnt CovItemId="S43" CovItemPrefix="Draw.java" Intrnl_Id="1304">
<LocList>
<Loc EndOffset="7380" SrcFileId="5" StartOffset="7373"/>
</LocList>
</BasicStmnt>
</StmntSeq>
</HierarchyLvl>
<HierarchyLvl HierarchyLvlId="3806" HierarchyLvlTypeId="13" Intrnl_Id="1305" Name="init">
<Header>
<Loc EndOffset="7410" SrcFileId="5" StartOffset="7392"/>
</Header>
<LocList>
<Loc EndOffset="9218" SrcFileId="5" StartOffset="7392"/>
</LocList>
<StmntSeq Intrnl_Id="1306">
<LocList>
<Loc EndOffset="7464" SrcFileId="5" StartOffset="7421"/>
<Loc EndOffset="7494" SrcFileId="5" StartOffset="7473"/>
<Loc EndOffset="7586" SrcFileId="5" StartOffset="7503"/>
<Loc EndOffset="7678" SrcFileId="5" StartOffset="7595"/>
<Loc EndOffset="7731" SrcFileId="5" StartOffset="7687"/>
<Loc EndOffset="7783" SrcFileId="5" StartOffset="7740"/>
<Loc EndOffset="7818" SrcFileId="5" StartOffset="7792"/>
<Loc EndOffset="7871" SrcFileId="5" StartOffset="7859"/>
<Loc EndOffset="7892" SrcFileId="5" StartOffset="7880"/>
<Loc EndOffset="7941" SrcFileId="5" StartOffset="7901"/>
<Loc EndOffset="7990" SrcFileId="5" StartOffset="7950"/>
<Loc EndOffset="8013" SrcFileId="5" StartOffset="7999"/>
<Loc EndOffset="8037" SrcFileId="5" StartOffset="8022"/>
<Loc EndOffset="8056" SrcFileId="5" StartOffset="8046"/>
<Loc EndOffset="8073" SrcFileId="5" StartOffset="8065"/>
<Loc EndOffset="8271" SrcFileId="5" StartOffset="8111"/>
<Loc EndOffset="8357" SrcFileId="5" StartOffset="8280"/>
<Loc EndOffset="8401" SrcFileId="5" StartOffset="8366"/>
<Loc EndOffset="8492" SrcFileId="5" StartOffset="8434"/>
<Loc EndOffset="8525" SrcFileId="5" StartOffset="8501"/>
<Loc EndOffset="8563" SrcFileId="5" StartOffset="8535"/>
<Loc EndOffset="8606" SrcFileId="5" StartOffset="8572"/>
<Loc EndOffset="8643" SrcFileId="5" StartOffset="8616"/>
<Loc EndOffset="8679" SrcFileId="5" StartOffset="8652"/>
<Loc EndOffset="8753" SrcFileId="5" StartOffset="8727"/>
<Loc EndOffset="8916" SrcFileId="5" StartOffset="8860"/>
<Loc EndOffset="9002" SrcFileId="5" StartOffset="8960"/>
<Loc EndOffset="9076" SrcFileId="5" StartOffset="9055"/>
<Loc EndOffset="9120" SrcFileId="5" StartOffset="9085"/>
<Loc EndOffset="9142" SrcFileId="5" StartOffset="9129"/>
<Loc EndOffset="9180" SrcFileId="5" StartOffset="9151"/>
<Loc EndOffset="9212" SrcFileId="5" StartOffset="9189"/>
</LocList>
<CondStmnt CovItemId="S44" CovItemPrefix="Draw.java" Intrnl_Id="1307">
<Branch CovItemId="B1" CovItemPrefix="Draw.java" Implct="false" Intrnl_Id="1308">
<Cond/>
<LocList>
<Loc EndOffset="7464" SrcFileId="5" StartOffset="7440"/>
</LocList>
<StmntSeq Intrnl_Id="1309">
<LocList>
<Loc EndOffset="7464" SrcFileId="5" StartOffset="7440"/>
</LocList>
<BasicStmnt CovItemId="S45" CovItemPrefix="Draw.java" Intrnl_Id="1310">
<LocList>
<Loc EndOffset="7464" SrcFileId="5" StartOffset="7440"/>
</LocList>
</BasicStmnt>
</StmntSeq>
</Branch>
<Branch CovItemId="B2" CovItemPrefix="Draw.java" Implct="true" Intrnl_Id="1311">
<Cond/>
<LocList/>
<StmntSeq Intrnl_Id="1312">
<LocList/>
</StmntSeq>
</Branch>
<Keyword EndOffset="7423" SrcFileId="5" StartOffset="7421"/>
<LocList>
<Loc EndOffset="7464" SrcFileId="5" StartOffset="7421"/>
</LocList>
<RootTerm CovItemId="C1" CovItemPrefix="Draw.java" Intrnl_Id="1313">
<BasicBoolTerm Intrnl_Id="1314">
<LocList>
<Loc EndOffset="7438" SrcFileId="5" StartOffset="7425"/>
</LocList>
</BasicBoolTerm>
</RootTerm>
</CondStmnt>
<BasicStmnt CovItemId="S46" CovItemPrefix="Draw.java" Intrnl_Id="1315">
<LocList>
<Loc EndOffset="7494" SrcFileId="5" StartOffset="7473"/>
</LocList>
</BasicStmnt>
<BasicStmnt CovItemId="S47" CovItemPrefix="Draw.java" Intrnl_Id="1316">
<LocList>
<Loc EndOffset="7586" SrcFileId="5" StartOffset="7503"/>
</LocList>
</BasicStmnt>
<BasicStmnt CovItemId="S48" CovItemPrefix="Draw.java" Intrnl_Id="1317">
<LocList>
<Loc EndOffset="7678" SrcFileId="5" StartOffset="7595"/>
</LocList>
</BasicStmnt>
<BasicStmnt CovItemId="S49" CovItemPrefix="Draw.java" Intrnl_Id="1318">
<LocList>
<Loc EndOffset="7731" SrcFileId="5" StartOffset="7687"/>
</LocList>
</BasicStmnt>
<BasicStmnt CovItemId="S50" CovItemPrefix="Draw.java" Intrnl_Id="1319">
<LocList>
<Loc EndOffset="7783" SrcFileId="5" StartOffset="7740"/>
</LocList>
</BasicStmnt>
<BasicStmnt CovItemId="S51" CovItemPrefix="Draw.java" Intrnl_Id="1320">
<LocList>
<Loc EndOffset="7818" SrcFileId="5" StartOffset="7792"/>
</LocList>
</BasicStmnt>
<BasicStmnt CovItemId="S52" CovItemPrefix="Draw.java" Intrnl_Id="1321">
<LocList>
<Loc EndOffset="7871" SrcFileId="5" StartOffset="7859"/>
</LocList>
</BasicStmnt>
<BasicStmnt CovItemId="S53" CovItemPrefix="Draw.java" Intrnl_Id="1322">
<LocList>
<Loc EndOffset="7892" SrcFileId="5" StartOffset="7880"/>
</LocList>
</BasicStmnt>
<BasicStmnt CovItemId="S54" CovItemPrefix="Draw.java" Intrnl_Id="1323">
<LocList>
<Loc EndOffset="7941" SrcFileId="5" StartOffset="7901"/>
</LocList>
</BasicStmnt>
<BasicStmnt CovItemId="S55" CovItemPrefix="Draw.java" Intrnl_Id="1324">
<LocList>
<Loc EndOffset="7990" SrcFileId="5" StartOffset="7950"/>
</LocList>
</BasicStmnt>
<BasicStmnt CovItemId="S56" CovItemPrefix="Draw.java" Intrnl_Id="1325">
<LocList>
<Loc EndOffset="8013" SrcFileId="5" StartOffset="7999"/>
</LocList>
</BasicStmnt>
<BasicStmnt CovItemId="S57" CovItemPrefix="Draw.java" Intrnl_Id="1326">
<LocList>
<Loc EndOffset="8037" SrcFileId="5" StartOffset="8022"/>
</LocList>
</BasicStmnt>
<BasicStmnt CovItemId="S58" CovItemPrefix="Draw.java" Intrnl_Id="1327">
<LocList>
<Loc EndOffset="8056" SrcFileId="5" StartOffset="8046"/>
</LocList>
</BasicStmnt>
<BasicStmnt CovItemId="S59" CovItemPrefix="Draw.java" Intrnl_Id="1328">
<LocList>
<Loc EndOffset="8073" SrcFileId="5" StartOffset="8065"/>
</LocList>
</BasicStmnt>
<BasicStmnt CovItemId="S60" CovItemPrefix="Draw.java" Intrnl_Id="1329">
<LocList>
<Loc EndOffset="8271" SrcFileId="5" StartOffset="8111"/>
</LocList>
</BasicStmnt>
<BasicStmnt CovItemId="S61" CovItemPrefix="Draw.java" Intrnl_Id="1330">
<LocList>
<Loc EndOffset="8357" SrcFileId="5" StartOffset="8280"/>
</LocList>
</BasicStmnt>
<BasicStmnt CovItemId="S62" CovItemPrefix="Draw.java" Intrnl_Id="1331">
<LocList>
<Loc EndOffset="8401" SrcFileId="5" StartOffset="8366"/>
</LocList>
</BasicStmnt>
<BasicStmnt CovItemId="S63" CovItemPrefix="Draw.java" Intrnl_Id="1332">
<LocList>
<Loc EndOffset="8492" SrcFileId="5" StartOffset="8434"/>
</LocList>
</BasicStmnt>
<BasicStmnt CovItemId="S64" CovItemPrefix="Draw.java" Intrnl_Id="1333">
<LocList>
<Loc EndOffset="8525" SrcFileId="5" StartOffset="8501"/>
</LocList>
</BasicStmnt>
<BasicStmnt CovItemId="S65" CovItemPrefix="Draw.java" Intrnl_Id="1334">
<LocList>
<Loc EndOffset="8563" SrcFileId="5" StartOffset="8535"/>
</LocList>
</BasicStmnt>
<BasicStmnt CovItemId="S66" CovItemPrefix="Draw.java" Intrnl_Id="1335">
<LocList>
<Loc EndOffset="8606" SrcFileId="5" StartOffset="8572"/>
</LocList>
</BasicStmnt>
<BasicStmnt CovItemId="S67" CovItemPrefix="Draw.java" Intrnl_Id="1336">
<LocList>
<Loc EndOffset="8643" SrcFileId="5" StartOffset="8616"/>
</LocList>
</BasicStmnt>
<BasicStmnt CovItemId="S68" CovItemPrefix="Draw.java" Intrnl_Id="1337">
<LocList>
<Loc EndOffset="8679" SrcFileId="5" StartOffset="8652"/>
</LocList>
</BasicStmnt>
<BasicStmnt CovItemId="S69" CovItemPrefix="Draw.java" Intrnl_Id="1338">
<LocList>
<Loc EndOffset="8753" SrcFileId="5" StartOffset="8727"/>
</LocList>
</BasicStmnt>
<BasicStmnt CovItemId="S70" CovItemPrefix="Draw.java" Intrnl_Id="1339">
<LocList>
<Loc EndOffset="8916" SrcFileId="5" StartOffset="8860"/>
</LocList>
</BasicStmnt>
<BasicStmnt CovItemId="S71" CovItemPrefix="Draw.java" Intrnl_Id="1340">
<LocList>
<Loc EndOffset="9002" SrcFileId="5" StartOffset="8960"/>
</LocList>
</BasicStmnt>
<BasicStmnt CovItemId="S72" CovItemPrefix="Draw.java" Intrnl_Id="1341">
<LocList>
<Loc EndOffset="9076" SrcFileId="5" StartOffset="9055"/>
</LocList>
</BasicStmnt>
<BasicStmnt CovItemId="S73" CovItemPrefix="Draw.java" Intrnl_Id="1342">
<LocList>
<Loc EndOffset="9120" SrcFileId="5" StartOffset="9085"/>
</LocList>
</BasicStmnt>
<BasicStmnt CovItemId="S74" CovItemPrefix="Draw.java" Intrnl_Id="1343">
<LocList>
<Loc EndOffset="9142" SrcFileId="5" StartOffset="9129"/>
</LocList>
</BasicStmnt>
<BasicStmnt CovItemId="S75" CovItemPrefix="Draw.java" Intrnl_Id="1344">
<LocList>
<Loc EndOffset="9180" SrcFileId="5" StartOffset="9151"/>
</LocList>
</BasicStmnt>
<BasicStmnt CovItemId="S76" CovItemPrefix="Draw.java" Intrnl_Id="1345">
<LocList>
<Loc EndOffset="9212" SrcFileId="5" StartOffset="9189"/>
</LocList>
</BasicStmnt>
</StmntSeq>
</HierarchyLvl>
<HierarchyLvl HierarchyLvlId="3807" HierarchyLvlTypeId="13" Intrnl_Id="1346" Name="setLocationOnScreen">
<Header>
<Loc EndOffset="9579" SrcFileId="5" StartOffset="9534"/>
</Header>
<LocList>
<Loc EndOffset="9688" SrcFileId="5" StartOffset="9534"/>
</LocList>
<StmntSeq Intrnl_Id="1347">
<LocList>
<Loc EndOffset="9649" SrcFileId="5" StartOffset="9590"/>
<Loc EndOffset="9682" SrcFileId="5" StartOffset="9658"/>
</LocList>
<CondStmnt CovItemId="S77" CovItemPrefix="Draw.java" Intrnl_Id="1348">
<Branch CovItemId="B3" CovItemPrefix="Draw.java" Implct="false" Intrnl_Id="1349">
<Cond/>
<LocList>
<Loc EndOffset="9649" SrcFileId="5" StartOffset="9612"/>
</LocList>
<StmntSeq Intrnl_Id="1350">
<LocList>
<Loc EndOffset="9649" SrcFileId="5" StartOffset="9612"/>
</LocList>
<BasicStmnt CovItemId="S78" CovItemPrefix="Draw.java" Intrnl_Id="1351">
<LocList>
<Loc EndOffset="9649" SrcFileId="5" StartOffset="9612"/>
</LocList>
</BasicStmnt>
</StmntSeq>
</Branch>
<Branch CovItemId="B4" CovItemPrefix="Draw.java" Implct="true" Intrnl_Id="1352">
<Cond/>
<LocList/>
<StmntSeq Intrnl_Id="1353">
<LocList/>
</StmntSeq>
</Branch>
<Keyword EndOffset="9592" SrcFileId="5" StartOffset="9590"/>
<LocList>
<Loc EndOffset="9649" SrcFileId="5" StartOffset="9590"/>
</LocList>
<RootTerm CovItemId="C2" CovItemPrefix="Draw.java" Intrnl_Id="1354">
<OpTerm BooleanOpId="10" Intrnl_Id="1355">
<BasicBoolTerm Intrnl_Id="1356">
<LocList>
<Loc EndOffset="9600" SrcFileId="5" StartOffset="9594"/>
</LocList>
</BasicBoolTerm>
<BasicBoolTerm Intrnl_Id="1357">
<LocList>
<Loc EndOffset="9610" SrcFileId="5" StartOffset="9604"/>
</LocList>
</BasicBoolTerm>
<LocList>
<Loc EndOffset="9603" SrcFileId="5" StartOffset="9601"/>
</LocList>
</OpTerm>
</RootTerm>
</CondStmnt>
<BasicStmnt CovItemId="S79" CovItemPrefix="Draw.java" Intrnl_Id="1358">
<LocList>
<Loc EndOffset="9682" SrcFileId="5" StartOffset="9658"/>
</LocList>
</BasicStmnt>
</StmntSeq>
</HierarchyLvl>
<HierarchyLvl HierarchyLvlId="3808" HierarchyLvlTypeId="13" Intrnl_Id="1359" Name="setDefaultCloseOperation">
<Header>
<Loc EndOffset="9984" SrcFileId="5" StartOffset="9937"/>
</Header>
<LocList>
<Loc EndOffset="10039" SrcFileId="5" StartOffset="9937"/>
</LocList>
<StmntSeq Intrnl_Id="1360">
<LocList>
<Loc EndOffset="10033" SrcFileId="5" StartOffset="9995"/>
</LocList>
<BasicStmnt CovItemId="S80" CovItemPrefix="Draw.java" Intrnl_Id="1361">
<LocList>
<Loc EndOffset="10033" SrcFileId="5" StartOffset="9995"/>
</LocList>
</BasicStmnt>
</StmntSeq>
</HierarchyLvl>
<HierarchyLvl HierarchyLvlId="3809" HierarchyLvlTypeId="13" Intrnl_Id="1362" Name="setCanvasSize">
<Header>
<Loc EndOffset="10696" SrcFileId="5" StartOffset="10636"/>
</Header>
<LocList>
<Loc EndOffset="10926" SrcFileId="5" StartOffset="10636"/>
</LocList>
<StmntSeq Intrnl_Id="1363">
<LocList>
<Loc EndOffset="10844" SrcFileId="5" StartOffset="10707"/>
<Loc EndOffset="10873" SrcFileId="5" StartOffset="10853"/>
<Loc EndOffset="10904" SrcFileId="5" StartOffset="10882"/>
<Loc EndOffset="10920" SrcFileId="5" StartOffset="10913"/>
</LocList>
<CondStmnt CovItemId="S81" CovItemPrefix="Draw.java" Intrnl_Id="1364">
<Branch CovItemId="B5" CovItemPrefix="Draw.java" Implct="false" Intrnl_Id="1365">
<Cond/>
<LocList>
<Loc EndOffset="10844" SrcFileId="5" StartOffset="10748"/>
</LocList>
<StmntSeq Intrnl_Id="1366">
<LocList>
<Loc EndOffset="10834" SrcFileId="5" StartOffset="10762"/>
</LocList>
<BasicStmnt CovItemId="S82" CovItemPrefix="Draw.java" Intrnl_Id="1367">
<LocList>
<Loc EndOffset="10834" SrcFileId="5" StartOffset="10762"/>
</LocList>
</BasicStmnt>
</StmntSeq>
</Branch>
<Branch CovItemId="B6" CovItemPrefix="Draw.java" Implct="true" Intrnl_Id="1368">
<Cond/>
<LocList/>
<StmntSeq Intrnl_Id="1369">
<LocList/>
</StmntSeq>
</Branch>
<Keyword EndOffset="10709" SrcFileId="5" StartOffset="10707"/>
<LocList>
<Loc EndOffset="10844" SrcFileId="5" StartOffset="10707"/>
</LocList>
<RootTerm CovItemId="C3" CovItemPrefix="Draw.java" Intrnl_Id="1370">
<OpTerm BooleanOpId="10" Intrnl_Id="1371">
<BasicBoolTerm Intrnl_Id="1372">
<LocList>
<Loc EndOffset="10726" SrcFileId="5" StartOffset="10711"/>
</LocList>
</BasicBoolTerm>
<BasicBoolTerm Intrnl_Id="1373">
<LocList>
<Loc EndOffset="10746" SrcFileId="5" StartOffset="10730"/>
</LocList>
</BasicBoolTerm>
<LocList>
<Loc EndOffset="10729" SrcFileId="5" StartOffset="10727"/>
</LocList>
</OpTerm>
</RootTerm>
</CondStmnt>
<BasicStmnt CovItemId="S83" CovItemPrefix="Draw.java" Intrnl_Id="1374">
<LocList>
<Loc EndOffset="10873" SrcFileId="5" StartOffset="10853"/>
</LocList>
</BasicStmnt>
<BasicStmnt CovItemId="S84" CovItemPrefix="Draw.java" Intrnl_Id="1375">
<LocList>
<Loc EndOffset="10904" SrcFileId="5" StartOffset="10882"/>
</LocList>
</BasicStmnt>
<BasicStmnt CovItemId="S85" CovItemPrefix="Draw.java" Intrnl_Id="1376">
<LocList>
<Loc EndOffset="10920" SrcFileId="5" StartOffset="10913"/>
</LocList>
</BasicStmnt>
</StmntSeq>
</HierarchyLvl>
<HierarchyLvl HierarchyLvlId="3810" HierarchyLvlTypeId="13" Intrnl_Id="1377" Name="createMenuBar">
<Header>
<Loc EndOffset="11011" SrcFileId="5" StartOffset="10980"/>
</Header>
<LocList>
<Loc EndOffset="11530" SrcFileId="5" StartOffset="10980"/>
</LocList>
<StmntSeq Intrnl_Id="1378">
<LocList>
<Loc EndOffset="11056" SrcFileId="5" StartOffset="11022"/>
<Loc EndOffset="11096" SrcFileId="5" StartOffset="11065"/>
<Loc EndOffset="11123" SrcFileId="5" StartOffset="11105"/>
<Loc EndOffset="11183" SrcFileId="5" StartOffset="11132"/>
<Loc EndOffset="11226" SrcFileId="5" StartOffset="11192"/>
<Loc EndOffset="11471" SrcFileId="5" StartOffset="11321"/>
<Loc EndOffset="11500" SrcFileId="5" StartOffset="11480"/>
<Loc EndOffset="11524" SrcFileId="5" StartOffset="11509"/>
</LocList>
<BasicStmnt CovItemId="S86" CovItemPrefix="Draw.java" Intrnl_Id="1379">
<LocList>
<Loc EndOffset="11056" SrcFileId="5" StartOffset="11022"/>
</LocList>
</BasicStmnt>
<BasicStmnt CovItemId="S87" CovItemPrefix="Draw.java" Intrnl_Id="1380">
<LocList>
<Loc EndOffset="11096" SrcFileId="5" StartOffset="11065"/>
</LocList>
</BasicStmnt>
<BasicStmnt CovItemId="S88" CovItemPrefix="Draw.java" Intrnl_Id="1381">
<LocList>
<Loc EndOffset="11123" SrcFileId="5" StartOffset="11105"/>
</LocList>
</BasicStmnt>
<BasicStmnt CovItemId="S89" CovItemPrefix="Draw.java" Intrnl_Id="1382">
<LocList>
<Loc EndOffset="11183" SrcFileId="5" StartOffset="11132"/>
</LocList>
</BasicStmnt>
<BasicStmnt CovItemId="S90" CovItemPrefix="Draw.java" Intrnl_Id="1383">
<LocList>
<Loc EndOffset="11226" SrcFileId="5" StartOffset="11192"/>
</LocList>
</BasicStmnt>
<BasicStmnt CovItemId="S91" CovItemPrefix="Draw.java" Intrnl_Id="1384">
<LocList>
<Loc EndOffset="11471" SrcFileId="5" StartOffset="11321"/>
</LocList>
</BasicStmnt>
<BasicStmnt CovItemId="S92" CovItemPrefix="Draw.java" Intrnl_Id="1385">
<LocList>
<Loc EndOffset="11500" SrcFileId="5" StartOffset="11480"/>
</LocList>
</BasicStmnt>
<BasicStmnt CovItemId="S93" CovItemPrefix="Draw.java" Intrnl_Id="1386">
<LocList>
<Loc EndOffset="11524" SrcFileId="5" StartOffset="11509"/>
</LocList>
</BasicStmnt>
</StmntSeq>
</HierarchyLvl>
<HierarchyLvl HierarchyLvlId="3811" HierarchyLvlTypeId="13" Intrnl_Id="1387" Name="validate">
<Header>
<Loc EndOffset="11857" SrcFileId="5" StartOffset="11807"/>
</Header>
<LocList>
<Loc EndOffset="12041" SrcFileId="5" StartOffset="11807"/>
</LocList>
<StmntSeq Intrnl_Id="1388">
<LocList>
<Loc EndOffset="11942" SrcFileId="5" StartOffset="11868"/>
<Loc EndOffset="12035" SrcFileId="5" StartOffset="11951"/>
</LocList>
<CondStmnt CovItemId="S94" CovItemPrefix="Draw.java" Intrnl_Id="1389">
<Branch CovItemId="B7" CovItemPrefix="Draw.java" Implct="false" Intrnl_Id="1390">
<Cond/>
<LocList>
<Loc EndOffset="11942" SrcFileId="5" StartOffset="11889"/>
</LocList>
<StmntSeq Intrnl_Id="1391">
<LocList>
<Loc EndOffset="11942" SrcFileId="5" StartOffset="11889"/>
</LocList>
<BasicStmnt CovItemId="S95" CovItemPrefix="Draw.java" Intrnl_Id="1392">
<LocList>
<Loc EndOffset="11942" SrcFileId="5" StartOffset="11889"/>
</LocList>
</BasicStmnt>
</StmntSeq>
</Branch>
<Branch CovItemId="B8" CovItemPrefix="Draw.java" Implct="true" Intrnl_Id="1393">
<Cond/>
<LocList/>
<StmntSeq Intrnl_Id="1394">
<LocList/>
</StmntSeq>
</Branch>
<Keyword EndOffset="11870" SrcFileId="5" StartOffset="11868"/>
<LocList>
<Loc EndOffset="11942" SrcFileId="5" StartOffset="11868"/>
</LocList>
<RootTerm CovItemId="C4" CovItemPrefix="Draw.java" Intrnl_Id="1395">
<BasicBoolTerm Intrnl_Id="1396">
<LocList>
<Loc EndOffset="11887" SrcFileId="5" StartOffset="11872"/>
</LocList>
</BasicBoolTerm>
</RootTerm>
</CondStmnt>
<CondStmnt CovItemId="S96" CovItemPrefix="Draw.java" Intrnl_Id="1397">
<Branch CovItemId="B9" CovItemPrefix="Draw.java" Implct="false" Intrnl_Id="1398">
<Cond/>
<LocList>
<Loc EndOffset="12035" SrcFileId="5" StartOffset="11977"/>
</LocList>
<StmntSeq Intrnl_Id="1399">
<LocList>
<Loc EndOffset="12035" SrcFileId="5" StartOffset="11977"/>
</LocList>
<BasicStmnt CovItemId="S97" CovItemPrefix="Draw.java" Intrnl_Id="1400">
<LocList>
<Loc EndOffset="12035" SrcFileId="5" StartOffset="11977"/>
</LocList>
</BasicStmnt>
</StmntSeq>
</Branch>
<Branch CovItemId="B10" CovItemPrefix="Draw.java" Implct="true" Intrnl_Id="1401">
<Cond/>
<LocList/>
<StmntSeq Intrnl_Id="1402">
<LocList/>
</StmntSeq>
</Branch>
<Keyword EndOffset="11953" SrcFileId="5" StartOffset="11951"/>
<LocList>
<Loc EndOffset="12035" SrcFileId="5" StartOffset="11951"/>
</LocList>
<RootTerm CovItemId="C5" CovItemPrefix="Draw.java" Intrnl_Id="1403">
<BasicBoolTerm Intrnl_Id="1404">
<LocList>
<Loc EndOffset="11975" SrcFileId="5" StartOffset="11955"/>
</LocList>
</BasicBoolTerm>
</RootTerm>
</CondStmnt>
</StmntSeq>
</HierarchyLvl>
<HierarchyLvl HierarchyLvlId="3812" HierarchyLvlTypeId="13" Intrnl_Id="1405" Name="validateNonnegative">
<Header>
<Loc EndOffset="12162" SrcFileId="5" StartOffset="12101"/>
</Header>
<LocList>
<Loc EndOffset="12245" SrcFileId="5" StartOffset="12101"/>
</LocList>
<StmntSeq Intrnl_Id="1406">
<LocList>
<Loc EndOffset="12239" SrcFileId="5" StartOffset="12173"/>
</LocList>
<CondStmnt CovItemId="S98" CovItemPrefix="Draw.java" Intrnl_Id="1407">
<Branch CovItemId="B11" CovItemPrefix="Draw.java" Implct="false" Intrnl_Id="1408">
<Cond/>
<LocList>
<Loc EndOffset="12239" SrcFileId="5" StartOffset="12184"/>
</LocList>
<StmntSeq Intrnl_Id="1409">
<LocList>
<Loc EndOffset="12239" SrcFileId="5" StartOffset="12184"/>
</LocList>
<BasicStmnt CovItemId="S99" CovItemPrefix="Draw.java" Intrnl_Id="1410">
<LocList>
<Loc EndOffset="12239" SrcFileId="5" StartOffset="12184"/>
</LocList>
</BasicStmnt>
</StmntSeq>
</Branch>
<Branch CovItemId="B12" CovItemPrefix="Draw.java" Implct="true" Intrnl_Id="1411">
<Cond/>
<LocList/>
<StmntSeq Intrnl_Id="1412">
<LocList/>
</StmntSeq>
</Branch>
<Keyword EndOffset="12175" SrcFileId="5" StartOffset="12173"/>
<LocList>
<Loc EndOffset="12239" SrcFileId="5" StartOffset="12173"/>
</LocList>
<RootTerm CovItemId="C6" CovItemPrefix="Draw.java" Intrnl_Id="1413">
<BasicBoolTerm Intrnl_Id="1414">
<LocList>
<Loc EndOffset="12182" SrcFileId="5" StartOffset="12177"/>
</LocList>
</BasicBoolTerm>
</RootTerm>
</CondStmnt>
</StmntSeq>
</HierarchyLvl>
<HierarchyLvl HierarchyLvlId="3813" HierarchyLvlTypeId="13" Intrnl_Id="1415" Name="validateNotNull">
<Header>
<Loc EndOffset="12362" SrcFileId="5" StartOffset="12305"/>
</Header>
<LocList>
<Loc EndOffset="12448" SrcFileId="5" StartOffset="12305"/>
</LocList>
<StmntSeq Intrnl_Id="1416">
<LocList>
<Loc EndOffset="12442" SrcFileId="5" StartOffset="12373"/>
</LocList>
<CondStmnt CovItemId="S100" CovItemPrefix="Draw.java" Intrnl_Id="1417">
<Branch CovItemId="B13" CovItemPrefix="Draw.java" Implct="false" Intrnl_Id="1418">
<Cond/>
<LocList>
<Loc EndOffset="12442" SrcFileId="5" StartOffset="12388"/>
</LocList>
<StmntSeq Intrnl_Id="1419">
<LocList>
<Loc EndOffset="12442" SrcFileId="5" StartOffset="12388"/>
</LocList>
<BasicStmnt CovItemId="S101" CovItemPrefix="Draw.java" Intrnl_Id="1420">
<LocList>
<Loc EndOffset="12442" SrcFileId="5" StartOffset="12388"/>
</LocList>
</BasicStmnt>
</StmntSeq>
</Branch>
<Branch CovItemId="B14" CovItemPrefix="Draw.java" Implct="true" Intrnl_Id="1421">
<Cond/>
<LocList/>
<StmntSeq Intrnl_Id="1422">
<LocList/>
</StmntSeq>
</Branch>
<Keyword EndOffset="12375" SrcFileId="5" StartOffset="12373"/>
<LocList>
<Loc EndOffset="12442" SrcFileId="5" StartOffset="12373"/>
</LocList>
<RootTerm CovItemId="C7" CovItemPrefix="Draw.java" Intrnl_Id="1423">
<BasicBoolTerm Intrnl_Id="1424">
<LocList>
<Loc EndOffset="12386" SrcFileId="5" StartOffset="12377"/>
</LocList>
</BasicBoolTerm>
</RootTerm>
</CondStmnt>
</StmntSeq>
</HierarchyLvl>
<HierarchyLvl HierarchyLvlId="3814" HierarchyLvlTypeId="13" Intrnl_Id="1425" Name="setXscale">
<Header>
<Loc EndOffset="12558" SrcFileId="5" StartOffset="12535"/>
</Header>
<LocList>
<Loc EndOffset="12613" SrcFileId="5" StartOffset="12535"/>
</LocList>
<StmntSeq Intrnl_Id="1426">
<LocList>
<Loc EndOffset="12607" SrcFileId="5" StartOffset="12569"/>
</LocList>
<BasicStmnt CovItemId="S102" CovItemPrefix="Draw.java" Intrnl_Id="1427">
<LocList>
<Loc EndOffset="12607" SrcFileId="5" StartOffset="12569"/>
</LocList>
</BasicStmnt>
</StmntSeq>
</HierarchyLvl>
<HierarchyLvl HierarchyLvlId="3815" HierarchyLvlTypeId="13" Intrnl_Id="1428" Name="setYscale">
<Header>
<Loc EndOffset="12723" SrcFileId="5" StartOffset="12700"/>
</Header>
<LocList>
<Loc EndOffset="12778" SrcFileId="5" StartOffset="12700"/>
</LocList>
<StmntSeq Intrnl_Id="1429">
<LocList>
<Loc EndOffset="12772" SrcFileId="5" StartOffset="12734"/>
</LocList>
<BasicStmnt CovItemId="S103" CovItemPrefix="Draw.java" Intrnl_Id="1430">
<LocList>
<Loc EndOffset="12772" SrcFileId="5" StartOffset="12734"/>
</LocList>
</BasicStmnt>
</StmntSeq>
</HierarchyLvl>
<HierarchyLvl HierarchyLvlId="3816" HierarchyLvlTypeId="13" Intrnl_Id="1431" Name="setXscale">
<Header>
<Loc EndOffset="13146" SrcFileId="5" StartOffset="13101"/>
</Header>
<LocList>
<Loc EndOffset="13412" SrcFileId="5" StartOffset="13101"/>
</LocList>
<StmntSeq Intrnl_Id="1432">
<LocList>
<Loc EndOffset="13178" SrcFileId="5" StartOffset="13157"/>
<Loc EndOffset="13208" SrcFileId="5" StartOffset="13187"/>
<Loc EndOffset="13241" SrcFileId="5" StartOffset="13217"/>
<Loc EndOffset="13334" SrcFileId="5" StartOffset="13250"/>
<Loc EndOffset="13370" SrcFileId="5" StartOffset="13343"/>
<Loc EndOffset="13406" SrcFileId="5" StartOffset="13379"/>
</LocList>
<BasicStmnt CovItemId="S104" CovItemPrefix="Draw.java" Intrnl_Id="1433">
<LocList>
<Loc EndOffset="13178" SrcFileId="5" StartOffset="13157"/>
</LocList>
</BasicStmnt>
<BasicStmnt CovItemId="S105" CovItemPrefix="Draw.java" Intrnl_Id="1434">
<LocList>
<Loc EndOffset="13208" SrcFileId="5" StartOffset="13187"/>
</LocList>
</BasicStmnt>
<BasicStmnt CovItemId="S106" CovItemPrefix="Draw.java" Intrnl_Id="1435">
<LocList>
<Loc EndOffset="13241" SrcFileId="5" StartOffset="13217"/>
</LocList>
</BasicStmnt>
<CondStmnt CovItemId="S107" CovItemPrefix="Draw.java" Intrnl_Id="1436">
<Branch CovItemId="B15" CovItemPrefix="Draw.java" Implct="false" Intrnl_Id="1437">
<Cond/>
<LocList>
<Loc EndOffset="13334" SrcFileId="5" StartOffset="13267"/>
</LocList>
<StmntSeq Intrnl_Id="1438">
<LocList>
<Loc EndOffset="13334" SrcFileId="5" StartOffset="13267"/>
</LocList>
<BasicStmnt CovItemId="S108" CovItemPrefix="Draw.java" Intrnl_Id="1439">
<LocList>
<Loc EndOffset="13334" SrcFileId="5" StartOffset="13267"/>
</LocList>
</BasicStmnt>
</StmntSeq>
</Branch>
<Branch CovItemId="B16" CovItemPrefix="Draw.java" Implct="true" Intrnl_Id="1440">
<Cond/>
<LocList/>
<StmntSeq Intrnl_Id="1441">
<LocList/>
</StmntSeq>
</Branch>
<Keyword EndOffset="13252" SrcFileId="5" StartOffset="13250"/>
<LocList>
<Loc EndOffset="13334" SrcFileId="5" StartOffset="13250"/>
</LocList>
<RootTerm CovItemId="C8" CovItemPrefix="Draw.java" Intrnl_Id="1442">
<BasicBoolTerm Intrnl_Id="1443">
<LocList>
<Loc EndOffset="13265" SrcFileId="5" StartOffset="13254"/>
</LocList>
</BasicBoolTerm>
</RootTerm>
</CondStmnt>
<BasicStmnt CovItemId="S109" CovItemPrefix="Draw.java" Intrnl_Id="1444">
<LocList>
<Loc EndOffset="13370" SrcFileId="5" StartOffset="13343"/>
</LocList>
</BasicStmnt>
<BasicStmnt CovItemId="S110" CovItemPrefix="Draw.java" Intrnl_Id="1445">
<LocList>
<Loc EndOffset="13406" SrcFileId="5" StartOffset="13379"/>
</LocList>
</BasicStmnt>
</StmntSeq>
</HierarchyLvl>
<HierarchyLvl HierarchyLvlId="3817" HierarchyLvlTypeId="13" Intrnl_Id="1446" Name="setYscale">
<Header>
<Loc EndOffset="13780" SrcFileId="5" StartOffset="13735"/>
</Header>
<LocList>
<Loc EndOffset="14046" SrcFileId="5" StartOffset="13735"/>
</LocList>
<StmntSeq Intrnl_Id="1447">
<LocList>
<Loc EndOffset="13812" SrcFileId="5" StartOffset="13791"/>
<Loc EndOffset="13842" SrcFileId="5" StartOffset="13821"/>
<Loc EndOffset="13875" SrcFileId="5" StartOffset="13851"/>
<Loc EndOffset="13968" SrcFileId="5" StartOffset="13884"/>
<Loc EndOffset="14004" SrcFileId="5" StartOffset="13977"/>
<Loc EndOffset="14040" SrcFileId="5" StartOffset="14013"/>
</LocList>
<BasicStmnt CovItemId="S111" CovItemPrefix="Draw.java" Intrnl_Id="1448">
<LocList>
<Loc EndOffset="13812" SrcFileId="5" StartOffset="13791"/>
</LocList>
</BasicStmnt>
<BasicStmnt CovItemId="S112" CovItemPrefix="Draw.java" Intrnl_Id="1449">
<LocList>
<Loc EndOffset="13842" SrcFileId="5" StartOffset="13821"/>
</LocList>
</BasicStmnt>
<BasicStmnt CovItemId="S113" CovItemPrefix="Draw.java" Intrnl_Id="1450">
<LocList>
<Loc EndOffset="13875" SrcFileId="5" StartOffset="13851"/>
</LocList>
</BasicStmnt>
<CondStmnt CovItemId="S114" CovItemPrefix="Draw.java" Intrnl_Id="1451">
<Branch CovItemId="B17" CovItemPrefix="Draw.java" Implct="false" Intrnl_Id="1452">
<Cond/>
<LocList>
<Loc EndOffset="13968" SrcFileId="5" StartOffset="13901"/>
</LocList>
<StmntSeq Intrnl_Id="1453">
<LocList>
<Loc EndOffset="13968" SrcFileId="5" StartOffset="13901"/>
</LocList>
<BasicStmnt CovItemId="S115" CovItemPrefix="Draw.java" Intrnl_Id="1454">
<LocList>
<Loc EndOffset="13968" SrcFileId="5" StartOffset="13901"/>
</LocList>
</BasicStmnt>
</StmntSeq>
</Branch>
<Branch CovItemId="B18" CovItemPrefix="Draw.java" Implct="true" Intrnl_Id="1455">
<Cond/>
<LocList/>
<StmntSeq Intrnl_Id="1456">
<LocList/>
</StmntSeq>
</Branch>
<Keyword EndOffset="13886" SrcFileId="5" StartOffset="13884"/>
<LocList>
<Loc EndOffset="13968" SrcFileId="5" StartOffset="13884"/>
</LocList>
<RootTerm CovItemId="C9" CovItemPrefix="Draw.java" Intrnl_Id="1457">
<BasicBoolTerm Intrnl_Id="1458">
<LocList>
<Loc EndOffset="13899" SrcFileId="5" StartOffset="13888"/>
</LocList>
</BasicBoolTerm>
</RootTerm>
</CondStmnt>
<BasicStmnt CovItemId="S116" CovItemPrefix="Draw.java" Intrnl_Id="1459">
<LocList>
<Loc EndOffset="14004" SrcFileId="5" StartOffset="13977"/>
</LocList>
</BasicStmnt>
<BasicStmnt CovItemId="S117" CovItemPrefix="Draw.java" Intrnl_Id="1460">
<LocList>
<Loc EndOffset="14040" SrcFileId="5" StartOffset="14013"/>
</LocList>
</BasicStmnt>
</StmntSeq>
</HierarchyLvl>
<HierarchyLvl HierarchyLvlId="3818" HierarchyLvlTypeId="13" Intrnl_Id="1461" Name="scaleX">
<Header>
<Loc EndOffset="14171" SrcFileId="5" StartOffset="14140"/>
</Header>
<LocList>
<Loc EndOffset="14219" SrcFileId="5" StartOffset="14140"/>
</LocList>
<StmntSeq Intrnl_Id="1462">
<LocList>
<Loc EndOffset="14217" SrcFileId="5" StartOffset="14174"/>
</LocList>
<BasicStmnt CovItemId="S118" CovItemPrefix="Draw.java" Intrnl_Id="1463">
<LocList>
<Loc EndOffset="14217" SrcFileId="5" StartOffset="14174"/>
</LocList>
</BasicStmnt>
</StmntSeq>
</HierarchyLvl>
<HierarchyLvl HierarchyLvlId="3819" HierarchyLvlTypeId="13" Intrnl_Id="1464" Name="scaleY">
<Header>
<Loc EndOffset="14255" SrcFileId="5" StartOffset="14224"/>
</Header>
<LocList>
<Loc EndOffset="14303" SrcFileId="5" StartOffset="14224"/>
</LocList>
<StmntSeq Intrnl_Id="1465">
<LocList>
<Loc EndOffset="14301" SrcFileId="5" StartOffset="14258"/>
</LocList>
<BasicStmnt CovItemId="S119" CovItemPrefix="Draw.java" Intrnl_Id="1466">
<LocList>
<Loc EndOffset="14301" SrcFileId="5" StartOffset="14258"/>
</LocList>
</BasicStmnt>
</StmntSeq>
</HierarchyLvl>
<HierarchyLvl HierarchyLvlId="3820" HierarchyLvlTypeId="13" Intrnl_Id="1467" Name="factorX">
<Header>
<Loc EndOffset="14339" SrcFileId="5" StartOffset="14308"/>
</Header>
<LocList>
<Loc EndOffset="14387" SrcFileId="5" StartOffset="14308"/>
</LocList>
<StmntSeq Intrnl_Id="1468">
<LocList>
<Loc EndOffset="14384" SrcFileId="5" StartOffset="14342"/>
</LocList>
<BasicStmnt CovItemId="S120" CovItemPrefix="Draw.java" Intrnl_Id="1469">
<LocList>
<Loc EndOffset="14384" SrcFileId="5" StartOffset="14342"/>
</LocList>
</BasicStmnt>
</StmntSeq>
</HierarchyLvl>
<HierarchyLvl HierarchyLvlId="3821" HierarchyLvlTypeId="13" Intrnl_Id="1470" Name="factorY">
<Header>
<Loc EndOffset="14423" SrcFileId="5" StartOffset="14392"/>
</Header>
<LocList>
<Loc EndOffset="14471" SrcFileId="5" StartOffset="14392"/>
</LocList>
<StmntSeq Intrnl_Id="1471">
<LocList>
<Loc EndOffset="14468" SrcFileId="5" StartOffset="14426"/>
</LocList>
<BasicStmnt CovItemId="S121" CovItemPrefix="Draw.java" Intrnl_Id="1472">
<LocList>
<Loc EndOffset="14468" SrcFileId="5" StartOffset="14426"/>
</LocList>
</BasicStmnt>
</StmntSeq>
</HierarchyLvl>
<HierarchyLvl HierarchyLvlId="3822" HierarchyLvlTypeId="13" Intrnl_Id="1473" Name="userX">
<Header>
<Loc EndOffset="14507" SrcFileId="5" StartOffset="14476"/>
</Header>
<LocList>
<Loc EndOffset="14555" SrcFileId="5" StartOffset="14476"/>
</LocList>
<StmntSeq Intrnl_Id="1474">
<LocList>
<Loc EndOffset="14550" SrcFileId="5" StartOffset="14510"/>
</LocList>
<BasicStmnt CovItemId="S122" CovItemPrefix="Draw.java" Intrnl_Id="1475">
<LocList>
<Loc EndOffset="14550" SrcFileId="5" StartOffset="14510"/>
</LocList>
</BasicStmnt>
</StmntSeq>
</HierarchyLvl>
<HierarchyLvl HierarchyLvlId="3823" HierarchyLvlTypeId="13" Intrnl_Id="1476" Name="userY">
<Header>
<Loc EndOffset="14591" SrcFileId="5" StartOffset="14560"/>
</Header>
<LocList>
<Loc EndOffset="14639" SrcFileId="5" StartOffset="14560"/>
</LocList>
<StmntSeq Intrnl_Id="1477">
<LocList>
<Loc EndOffset="14635" SrcFileId="5" StartOffset="14594"/>
</LocList>
<BasicStmnt CovItemId="S123" CovItemPrefix="Draw.java" Intrnl_Id="1478">
<LocList>
<Loc EndOffset="14635" SrcFileId="5" StartOffset="14594"/>
</LocList>
</BasicStmnt>
</StmntSeq>
</HierarchyLvl>
<HierarchyLvl HierarchyLvlId="3824" HierarchyLvlTypeId="13" Intrnl_Id="1479" Name="clear">
<Header>
<Loc EndOffset="14736" SrcFileId="5" StartOffset="14717"/>
</Header>
<LocList>
<Loc EndOffset="14780" SrcFileId="5" StartOffset="14717"/>
</LocList>
<StmntSeq Intrnl_Id="1480">
<LocList>
<Loc EndOffset="14774" SrcFileId="5" StartOffset="14747"/>
</LocList>
<BasicStmnt CovItemId="S124" CovItemPrefix="Draw.java" Intrnl_Id="1481">
<LocList>
<Loc EndOffset="14774" SrcFileId="5" StartOffset="14747"/>
</LocList>
</BasicStmnt>
</StmntSeq>
</HierarchyLvl>
<HierarchyLvl HierarchyLvlId="3825" HierarchyLvlTypeId="13" Intrnl_Id="1482" Name="clear">
<Header>
<Loc EndOffset="15010" SrcFileId="5" StartOffset="14980"/>
</Header>
<LocList>
<Loc EndOffset="15197" SrcFileId="5" StartOffset="14980"/>
</LocList>
<StmntSeq Intrnl_Id="1483">
<LocList>
<Loc EndOffset="15053" SrcFileId="5" StartOffset="15021"/>
<Loc EndOffset="15088" SrcFileId="5" StartOffset="15062"/>
<Loc EndOffset="15137" SrcFileId="5" StartOffset="15097"/>
<Loc EndOffset="15175" SrcFileId="5" StartOffset="15146"/>
<Loc EndOffset="15191" SrcFileId="5" StartOffset="15184"/>
</LocList>
<BasicStmnt CovItemId="S125" CovItemPrefix="Draw.java" Intrnl_Id="1484">
<LocList>
<Loc EndOffset="15053" SrcFileId="5" StartOffset="15021"/>
</LocList>
</BasicStmnt>
<BasicStmnt CovItemId="S126" CovItemPrefix="Draw.java" Intrnl_Id="1485">
<LocList>
<Loc EndOffset="15088" SrcFileId="5" StartOffset="15062"/>
</LocList>
</BasicStmnt>
<BasicStmnt CovItemId="S127" CovItemPrefix="Draw.java" Intrnl_Id="1486">
<LocList>
<Loc EndOffset="15137" SrcFileId="5" StartOffset="15097"/>
</LocList>
</BasicStmnt>
<BasicStmnt CovItemId="S128" CovItemPrefix="Draw.java" Intrnl_Id="1487">
<LocList>
<Loc EndOffset="15175" SrcFileId="5" StartOffset="15146"/>
</LocList>
</BasicStmnt>
<BasicStmnt CovItemId="S129" CovItemPrefix="Draw.java" Intrnl_Id="1488">
<LocList>
<Loc EndOffset="15191" SrcFileId="5" StartOffset="15184"/>
</LocList>
</BasicStmnt>
</StmntSeq>
</HierarchyLvl>
<HierarchyLvl HierarchyLvlId="3826" HierarchyLvlTypeId="13" Intrnl_Id="1489" Name="getPenRadius">
<Header>
<Loc EndOffset="15328" SrcFileId="5" StartOffset="15300"/>
</Header>
<LocList>
<Loc EndOffset="15362" SrcFileId="5" StartOffset="15300"/>
</LocList>
<StmntSeq Intrnl_Id="1490">
<LocList>
<Loc EndOffset="15356" SrcFileId="5" StartOffset="15339"/>
</LocList>
<BasicStmnt CovItemId="S130" CovItemPrefix="Draw.java" Intrnl_Id="1491">
<LocList>
<Loc EndOffset="15356" SrcFileId="5" StartOffset="15339"/>
</LocList>
</BasicStmnt>
</StmntSeq>
</HierarchyLvl>
<HierarchyLvl HierarchyLvlId="3827" HierarchyLvlTypeId="13" Intrnl_Id="1492" Name="setPenRadius">
<Header>
<Loc EndOffset="15458" SrcFileId="5" StartOffset="15432"/>
</Header>
<LocList>
<Loc EndOffset="15508" SrcFileId="5" StartOffset="15432"/>
</LocList>
<StmntSeq Intrnl_Id="1493">
<LocList>
<Loc EndOffset="15502" SrcFileId="5" StartOffset="15469"/>
</LocList>
<BasicStmnt CovItemId="S131" CovItemPrefix="Draw.java" Intrnl_Id="1494">
<LocList>
<Loc EndOffset="15502" SrcFileId="5" StartOffset="15469"/>
</LocList>
</BasicStmnt>
</StmntSeq>
</HierarchyLvl>
<HierarchyLvl HierarchyLvlId="3828" HierarchyLvlTypeId="13" Intrnl_Id="1495" Name="setPenRadius">
<Header>
<Loc EndOffset="15761" SrcFileId="5" StartOffset="15722"/>
</Header>
<LocList>
<Loc EndOffset="16121" SrcFileId="5" StartOffset="15722"/>
</LocList>
<StmntSeq Intrnl_Id="1496">
<LocList>
<Loc EndOffset="15803" SrcFileId="5" StartOffset="15772"/>
<Loc EndOffset="15854" SrcFileId="5" StartOffset="15812"/>
<Loc EndOffset="15898" SrcFileId="5" StartOffset="15864"/>
<Loc EndOffset="16010" SrcFileId="5" StartOffset="15907"/>
<Loc EndOffset="16115" SrcFileId="5" StartOffset="16087"/>
</LocList>
<BasicStmnt CovItemId="S132" CovItemPrefix="Draw.java" Intrnl_Id="1497">
<LocList>
<Loc EndOffset="15803" SrcFileId="5" StartOffset="15772"/>
</LocList>
</BasicStmnt>
<BasicStmnt CovItemId="S133" CovItemPrefix="Draw.java" Intrnl_Id="1498">
<LocList>
<Loc EndOffset="15854" SrcFileId="5" StartOffset="15812"/>
</LocList>
</BasicStmnt>
<BasicStmnt CovItemId="S134" CovItemPrefix="Draw.java" Intrnl_Id="1499">
<LocList>
<Loc EndOffset="15898" SrcFileId="5" StartOffset="15864"/>
</LocList>
</BasicStmnt>
<BasicStmnt CovItemId="S135" CovItemPrefix="Draw.java" Intrnl_Id="1500">
<LocList>
<Loc EndOffset="16010" SrcFileId="5" StartOffset="15907"/>
</LocList>
</BasicStmnt>
<BasicStmnt CovItemId="S136" CovItemPrefix="Draw.java" Intrnl_Id="1501">
<LocList>
<Loc EndOffset="16115" SrcFileId="5" StartOffset="16087"/>
</LocList>
</BasicStmnt>
</StmntSeq>
</HierarchyLvl>
<HierarchyLvl HierarchyLvlId="3829" HierarchyLvlTypeId="13" Intrnl_Id="1502" Name="getPenColor">
<Header>
<Loc EndOffset="16248" SrcFileId="5" StartOffset="16222"/>
</Header>
<LocList>
<Loc EndOffset="16281" SrcFileId="5" StartOffset="16222"/>
</LocList>
<StmntSeq Intrnl_Id="1503">
<LocList>
<Loc EndOffset="16275" SrcFileId="5" StartOffset="16259"/>
</LocList>
<BasicStmnt CovItemId="S137" CovItemPrefix="Draw.java" Intrnl_Id="1504">
<LocList>
<Loc EndOffset="16275" SrcFileId="5" StartOffset="16259"/>
</LocList>
</BasicStmnt>
</StmntSeq>
</HierarchyLvl>
<HierarchyLvl HierarchyLvlId="3830" HierarchyLvlTypeId="13" Intrnl_Id="1505" Name="setPenColor">
<Header>
<Loc EndOffset="16384" SrcFileId="5" StartOffset="16359"/>
</Header>
<LocList>
<Loc EndOffset="16432" SrcFileId="5" StartOffset="16359"/>
</LocList>
<StmntSeq Intrnl_Id="1506">
<LocList>
<Loc EndOffset="16426" SrcFileId="5" StartOffset="16395"/>
</LocList>
<BasicStmnt CovItemId="S138" CovItemPrefix="Draw.java" Intrnl_Id="1507">
<LocList>
<Loc EndOffset="16426" SrcFileId="5" StartOffset="16395"/>
</LocList>
</BasicStmnt>
</StmntSeq>
</HierarchyLvl>
<HierarchyLvl HierarchyLvlId="3831" HierarchyLvlTypeId="13" Intrnl_Id="1508" Name="setPenColor">
<Header>
<Loc EndOffset="16662" SrcFileId="5" StartOffset="16626"/>
</Header>
<LocList>
<Loc EndOffset="16775" SrcFileId="5" StartOffset="16626"/>
</LocList>
<StmntSeq Intrnl_Id="1509">
<LocList>
<Loc EndOffset="16705" SrcFileId="5" StartOffset="16673"/>
<Loc EndOffset="16731" SrcFileId="5" StartOffset="16714"/>
<Loc EndOffset="16769" SrcFileId="5" StartOffset="16740"/>
</LocList>
<BasicStmnt CovItemId="S139" CovItemPrefix="Draw.java" Intrnl_Id="1510">
<LocList>
<Loc EndOffset="16705" SrcFileId="5" StartOffset="16673"/>
</LocList>
</BasicStmnt>
<BasicStmnt CovItemId="S140" CovItemPrefix="Draw.java" Intrnl_Id="1511">
<LocList>
<Loc EndOffset="16731" SrcFileId="5" StartOffset="16714"/>
</LocList>
</BasicStmnt>
<BasicStmnt CovItemId="S141" CovItemPrefix="Draw.java" Intrnl_Id="1512">
<LocList>
<Loc EndOffset="16769" SrcFileId="5" StartOffset="16740"/>
</LocList>
</BasicStmnt>
</StmntSeq>
</HierarchyLvl>
<HierarchyLvl HierarchyLvlId="3832" HierarchyLvlTypeId="13" Intrnl_Id="1513" Name="setPenColor">
<Header>
<Loc EndOffset="17218" SrcFileId="5" StartOffset="17165"/>
</Header>
<LocList>
<Loc EndOffset="17603" SrcFileId="5" StartOffset="17165"/>
</LocList>
<StmntSeq Intrnl_Id="1514">
<LocList>
<Loc EndOffset="17328" SrcFileId="5" StartOffset="17229"/>
<Loc EndOffset="17438" SrcFileId="5" StartOffset="17337"/>
<Loc EndOffset="17547" SrcFileId="5" StartOffset="17447"/>
<Loc EndOffset="17597" SrcFileId="5" StartOffset="17556"/>
</LocList>
<CondStmnt CovItemId="S142" CovItemPrefix="Draw.java" Intrnl_Id="1515">
<Branch CovItemId="B19" CovItemPrefix="Draw.java" Implct="false" Intrnl_Id="1516">
<Cond/>
<LocList>
<Loc EndOffset="17328" SrcFileId="5" StartOffset="17260"/>
</LocList>
<StmntSeq Intrnl_Id="1517">
<LocList>
<Loc EndOffset="17328" SrcFileId="5" StartOffset="17260"/>
</LocList>
<BasicStmnt CovItemId="S143" CovItemPrefix="Draw.java" Intrnl_Id="1518">
<LocList>
<Loc EndOffset="17328" SrcFileId="5" StartOffset="17260"/>
</LocList>
</BasicStmnt>
</StmntSeq>
</Branch>
<Branch CovItemId="B20" CovItemPrefix="Draw.java" Implct="true" Intrnl_Id="1519">
<Cond/>
<LocList/>
<StmntSeq Intrnl_Id="1520">
<LocList/>
</StmntSeq>
</Branch>
<Keyword EndOffset="17231" SrcFileId="5" StartOffset="17229"/>
<LocList>
<Loc EndOffset="17328" SrcFileId="5" StartOffset="17229"/>
</LocList>
<RootTerm CovItemId="C10" CovItemPrefix="Draw.java" Intrnl_Id="1521">
<OpTerm BooleanOpId="10" Intrnl_Id="1522">
<BasicBoolTerm Intrnl_Id="1523">
<LocList>
<Loc EndOffset="17242" SrcFileId="5" StartOffset="17233"/>
</LocList>
</BasicBoolTerm>
<BasicBoolTerm Intrnl_Id="1524">
<LocList>
<Loc EndOffset="17258" SrcFileId="5" StartOffset="17246"/>
</LocList>
</BasicBoolTerm>
<LocList>
<Loc EndOffset="17245" SrcFileId="5" StartOffset="17243"/>
</LocList>
</OpTerm>
</RootTerm>
</CondStmnt>
<CondStmnt CovItemId="S144" CovItemPrefix="Draw.java" Intrnl_Id="1525">
<Branch CovItemId="B21" CovItemPrefix="Draw.java" Implct="false" Intrnl_Id="1526">
<Cond/>
<LocList>
<Loc EndOffset="17438" SrcFileId="5" StartOffset="17368"/>
</LocList>
<StmntSeq Intrnl_Id="1527">
<LocList>
<Loc EndOffset="17438" SrcFileId="5" StartOffset="17368"/>
</LocList>
<BasicStmnt CovItemId="S145" CovItemPrefix="Draw.java" Intrnl_Id="1528">
<LocList>
<Loc EndOffset="17438" SrcFileId="5" StartOffset="17368"/>
</LocList>
</BasicStmnt>
</StmntSeq>
</Branch>
<Branch CovItemId="B22" CovItemPrefix="Draw.java" Implct="true" Intrnl_Id="1529">
<Cond/>
<LocList/>
<StmntSeq Intrnl_Id="1530">
<LocList/>
</StmntSeq>
</Branch>
<Keyword EndOffset="17339" SrcFileId="5" StartOffset="17337"/>
<LocList>
<Loc EndOffset="17438" SrcFileId="5" StartOffset="17337"/>
</LocList>
<RootTerm CovItemId="C11" CovItemPrefix="Draw.java" Intrnl_Id="1531">
<OpTerm BooleanOpId="10" Intrnl_Id="1532">
<BasicBoolTerm Intrnl_Id="1533">
<LocList>
<Loc EndOffset="17350" SrcFileId="5" StartOffset="17341"/>
</LocList>
</BasicBoolTerm>
<BasicBoolTerm Intrnl_Id="1534">
<LocList>
<Loc EndOffset="17366" SrcFileId="5" StartOffset="17354"/>
</LocList>
</BasicBoolTerm>
<LocList>
<Loc EndOffset="17353" SrcFileId="5" StartOffset="17351"/>
</LocList>
</OpTerm>
</RootTerm>
</CondStmnt>
<CondStmnt CovItemId="S146" CovItemPrefix="Draw.java" Intrnl_Id="1535">
<Branch CovItemId="B23" CovItemPrefix="Draw.java" Implct="false" Intrnl_Id="1536">
<Cond/>
<LocList>
<Loc EndOffset="17547" SrcFileId="5" StartOffset="17478"/>
</LocList>
<StmntSeq Intrnl_Id="1537">
<LocList>
<Loc EndOffset="17547" SrcFileId="5" StartOffset="17478"/>
</LocList>
<BasicStmnt CovItemId="S147" CovItemPrefix="Draw.java" Intrnl_Id="1538">
<LocList>
<Loc EndOffset="17547" SrcFileId="5" StartOffset="17478"/>
</LocList>
</BasicStmnt>
</StmntSeq>
</Branch>
<Branch CovItemId="B24" CovItemPrefix="Draw.java" Implct="true" Intrnl_Id="1539">
<Cond/>
<LocList/>
<StmntSeq Intrnl_Id="1540">
<LocList/>
</StmntSeq>
</Branch>
<Keyword EndOffset="17449" SrcFileId="5" StartOffset="17447"/>
<LocList>
<Loc EndOffset="17547" SrcFileId="5" StartOffset="17447"/>
</LocList>
<RootTerm CovItemId="C12" CovItemPrefix="Draw.java" Intrnl_Id="1541">
<OpTerm BooleanOpId="10" Intrnl_Id="1542">
<BasicBoolTerm Intrnl_Id="1543">
<LocList>
<Loc EndOffset="17460" SrcFileId="5" StartOffset="17451"/>
</LocList>
</BasicBoolTerm>
<BasicBoolTerm Intrnl_Id="1544">
<LocList>
<Loc EndOffset="17476" SrcFileId="5" StartOffset="17464"/>
</LocList>
</BasicBoolTerm>
<LocList>
<Loc EndOffset="17463" SrcFileId="5" StartOffset="17461"/>
</LocList>
</OpTerm>
</RootTerm>
</CondStmnt>
<BasicStmnt CovItemId="S148" CovItemPrefix="Draw.java" Intrnl_Id="1545">
<LocList>
<Loc EndOffset="17597" SrcFileId="5" StartOffset="17556"/>
</LocList>
</BasicStmnt>
</StmntSeq>
</HierarchyLvl>
<HierarchyLvl HierarchyLvlId="3833" HierarchyLvlTypeId="13" Intrnl_Id="1546" Name="xorOn">
<Header>
<Loc EndOffset="17671" SrcFileId="5" StartOffset="17652"/>
</Header>
<LocList>
<Loc EndOffset="17730" SrcFileId="5" StartOffset="17652"/>
</LocList>
<StmntSeq Intrnl_Id="1547">
<LocList>
<Loc EndOffset="17724" SrcFileId="5" StartOffset="17682"/>
</LocList>
<BasicStmnt CovItemId="S149" CovItemPrefix="Draw.java" Intrnl_Id="1548">
<LocList>
<Loc EndOffset="17724" SrcFileId="5" StartOffset="17682"/>
</LocList>
</BasicStmnt>
</StmntSeq>
</HierarchyLvl>
<HierarchyLvl HierarchyLvlId="3834" HierarchyLvlTypeId="13" Intrnl_Id="1549" Name="xorOff">
<Header>
<Loc EndOffset="17799" SrcFileId="5" StartOffset="17779"/>
</Header>
<LocList>
<Loc EndOffset="17841" SrcFileId="5" StartOffset="17779"/>
</LocList>
<StmntSeq Intrnl_Id="1550">
<LocList>
<Loc EndOffset="17835" SrcFileId="5" StartOffset="17810"/>
</LocList>
<BasicStmnt CovItemId="S150" CovItemPrefix="Draw.java" Intrnl_Id="1551">
<LocList>
<Loc EndOffset="17835" SrcFileId="5" StartOffset="17810"/>
</LocList>
</BasicStmnt>
</StmntSeq>
</HierarchyLvl>
<HierarchyLvl HierarchyLvlId="3835" HierarchyLvlTypeId="13" Intrnl_Id="1552" Name="getJLabel">
<Header>
<Loc EndOffset="18003" SrcFileId="5" StartOffset="17978"/>
</Header>
<LocList>
<Loc EndOffset="18032" SrcFileId="5" StartOffset="17978"/>
</LocList>
<StmntSeq Intrnl_Id="1553">
<LocList>
<Loc EndOffset="18026" SrcFileId="5" StartOffset="18014"/>
</LocList>
<BasicStmnt CovItemId="S151" CovItemPrefix="Draw.java" Intrnl_Id="1554">
<LocList>
<Loc EndOffset="18026" SrcFileId="5" StartOffset="18014"/>
</LocList>
</BasicStmnt>
</StmntSeq>
</HierarchyLvl>
<HierarchyLvl HierarchyLvlId="3836" HierarchyLvlTypeId="13" Intrnl_Id="1555" Name="getFont">
<Header>
<Loc EndOffset="18144" SrcFileId="5" StartOffset="18123"/>
</Header>
<LocList>
<Loc EndOffset="18173" SrcFileId="5" StartOffset="18123"/>
</LocList>
<StmntSeq Intrnl_Id="1556">
<LocList>
<Loc EndOffset="18167" SrcFileId="5" StartOffset="18155"/>
</LocList>
<BasicStmnt CovItemId="S152" CovItemPrefix="Draw.java" Intrnl_Id="1557">
<LocList>
<Loc EndOffset="18167" SrcFileId="5" StartOffset="18155"/>
</LocList>
</BasicStmnt>
</StmntSeq>
</HierarchyLvl>
<HierarchyLvl HierarchyLvlId="3837" HierarchyLvlTypeId="13" Intrnl_Id="1558" Name="setFont">
<Header>
<Loc EndOffset="18281" SrcFileId="5" StartOffset="18260"/>
</Header>
<LocList>
<Loc EndOffset="18320" SrcFileId="5" StartOffset="18260"/>
</LocList>
<StmntSeq Intrnl_Id="1559">
<LocList>
<Loc EndOffset="18314" SrcFileId="5" StartOffset="18292"/>
</LocList>
<BasicStmnt CovItemId="S153" CovItemPrefix="Draw.java" Intrnl_Id="1560">
<LocList>
<Loc EndOffset="18314" SrcFileId="5" StartOffset="18292"/>
</LocList>
</BasicStmnt>
</StmntSeq>
</HierarchyLvl>
<HierarchyLvl HierarchyLvlId="3838" HierarchyLvlTypeId="13" Intrnl_Id="1561" Name="setFont">
<Header>
<Loc EndOffset="18520" SrcFileId="5" StartOffset="18490"/>
</Header>
<LocList>
<Loc EndOffset="18593" SrcFileId="5" StartOffset="18490"/>
</LocList>
<StmntSeq Intrnl_Id="1562">
<LocList>
<Loc EndOffset="18561" SrcFileId="5" StartOffset="18531"/>
<Loc EndOffset="18587" SrcFileId="5" StartOffset="18570"/>
</LocList>
<BasicStmnt CovItemId="S154" CovItemPrefix="Draw.java" Intrnl_Id="1563">
<LocList>
<Loc EndOffset="18561" SrcFileId="5" StartOffset="18531"/>
</LocList>
</BasicStmnt>
<BasicStmnt CovItemId="S155" CovItemPrefix="Draw.java" Intrnl_Id="1564">
<LocList>
<Loc EndOffset="18587" SrcFileId="5" StartOffset="18570"/>
</LocList>
</BasicStmnt>
</StmntSeq>
</HierarchyLvl>
<HierarchyLvl HierarchyLvlId="3839" HierarchyLvlTypeId="13" Intrnl_Id="1565" Name="line">
<Header>
<Loc EndOffset="19239" SrcFileId="5" StartOffset="19179"/>
</Header>
<LocList>
<Loc EndOffset="19466" SrcFileId="5" StartOffset="19179"/>
</LocList>
<StmntSeq Intrnl_Id="1566">
<LocList>
<Loc EndOffset="19269" SrcFileId="5" StartOffset="19250"/>
<Loc EndOffset="19297" SrcFileId="5" StartOffset="19278"/>
<Loc EndOffset="19325" SrcFileId="5" StartOffset="19306"/>
<Loc EndOffset="19353" SrcFileId="5" StartOffset="19334"/>
<Loc EndOffset="19444" SrcFileId="5" StartOffset="19362"/>
<Loc EndOffset="19460" SrcFileId="5" StartOffset="19453"/>
</LocList>
<BasicStmnt CovItemId="S156" CovItemPrefix="Draw.java" Intrnl_Id="1567">
<LocList>
<Loc EndOffset="19269" SrcFileId="5" StartOffset="19250"/>
</LocList>
</BasicStmnt>
<BasicStmnt CovItemId="S157" CovItemPrefix="Draw.java" Intrnl_Id="1568">
<LocList>
<Loc EndOffset="19297" SrcFileId="5" StartOffset="19278"/>
</LocList>
</BasicStmnt>
<BasicStmnt CovItemId="S158" CovItemPrefix="Draw.java" Intrnl_Id="1569">
<LocList>
<Loc EndOffset="19325" SrcFileId="5" StartOffset="19306"/>
</LocList>
</BasicStmnt>
<BasicStmnt CovItemId="S159" CovItemPrefix="Draw.java" Intrnl_Id="1570">
<LocList>
<Loc EndOffset="19353" SrcFileId="5" StartOffset="19334"/>
</LocList>
</BasicStmnt>
<BasicStmnt CovItemId="S160" CovItemPrefix="Draw.java" Intrnl_Id="1571">
<LocList>
<Loc EndOffset="19444" SrcFileId="5" StartOffset="19362"/>
</LocList>
</BasicStmnt>
<BasicStmnt CovItemId="S161" CovItemPrefix="Draw.java" Intrnl_Id="1572">
<LocList>
<Loc EndOffset="19460" SrcFileId="5" StartOffset="19453"/>
</LocList>
</BasicStmnt>
</StmntSeq>
</HierarchyLvl>
<HierarchyLvl HierarchyLvlId="3840" HierarchyLvlTypeId="13" Intrnl_Id="1573" Name="pixel">
<Header>
<Loc EndOffset="19750" SrcFileId="5" StartOffset="19713"/>
</Header>
<LocList>
<Loc EndOffset="19902" SrcFileId="5" StartOffset="19713"/>
</LocList>
<StmntSeq Intrnl_Id="1574">
<LocList>
<Loc EndOffset="19778" SrcFileId="5" StartOffset="19761"/>
<Loc EndOffset="19804" SrcFileId="5" StartOffset="19787"/>
<Loc EndOffset="19896" SrcFileId="5" StartOffset="19813"/>
</LocList>
<BasicStmnt CovItemId="S162" CovItemPrefix="Draw.java" Intrnl_Id="1575">
<LocList>
<Loc EndOffset="19778" SrcFileId="5" StartOffset="19761"/>
</LocList>
</BasicStmnt>
<BasicStmnt CovItemId="S163" CovItemPrefix="Draw.java" Intrnl_Id="1576">
<LocList>
<Loc EndOffset="19804" SrcFileId="5" StartOffset="19787"/>
</LocList>
</BasicStmnt>
<BasicStmnt CovItemId="S164" CovItemPrefix="Draw.java" Intrnl_Id="1577">
<LocList>
<Loc EndOffset="19896" SrcFileId="5" StartOffset="19813"/>
</LocList>
</BasicStmnt>
</StmntSeq>
</HierarchyLvl>
<HierarchyLvl HierarchyLvlId="3841" HierarchyLvlTypeId="13" Intrnl_Id="1578" Name="point">
<Header>
<Loc EndOffset="20191" SrcFileId="5" StartOffset="20154"/>
</Header>
<LocList>
<Loc EndOffset="20592" SrcFileId="5" StartOffset="20154"/>
</LocList>
<StmntSeq Intrnl_Id="1579">
<LocList>
<Loc EndOffset="20219" SrcFileId="5" StartOffset="20202"/>
<Loc EndOffset="20245" SrcFileId="5" StartOffset="20228"/>
<Loc EndOffset="20277" SrcFileId="5" StartOffset="20255"/>
<Loc EndOffset="20308" SrcFileId="5" StartOffset="20286"/>
<Loc EndOffset="20338" SrcFileId="5" StartOffset="20317"/>
<Loc EndOffset="20570" SrcFileId="5" StartOffset="20469"/>
<Loc EndOffset="20586" SrcFileId="5" StartOffset="20579"/>
</LocList>
<BasicStmnt CovItemId="S165" CovItemPrefix="Draw.java" Intrnl_Id="1580">
<LocList>
<Loc EndOffset="20219" SrcFileId="5" StartOffset="20202"/>
</LocList>
</BasicStmnt>
<BasicStmnt CovItemId="S166" CovItemPrefix="Draw.java" Intrnl_Id="1581">
<LocList>
<Loc EndOffset="20245" SrcFileId="5" StartOffset="20228"/>
</LocList>
</BasicStmnt>
<BasicStmnt CovItemId="S167" CovItemPrefix="Draw.java" Intrnl_Id="1582">
<LocList>
<Loc EndOffset="20277" SrcFileId="5" StartOffset="20255"/>
</LocList>
</BasicStmnt>
<BasicStmnt CovItemId="S168" CovItemPrefix="Draw.java" Intrnl_Id="1583">
<LocList>
<Loc EndOffset="20308" SrcFileId="5" StartOffset="20286"/>
</LocList>
</BasicStmnt>
<BasicStmnt CovItemId="S169" CovItemPrefix="Draw.java" Intrnl_Id="1584">
<LocList>
<Loc EndOffset="20338" SrcFileId="5" StartOffset="20317"/>
</LocList>
</BasicStmnt>
<CondStmnt CovItemId="S170" CovItemPrefix="Draw.java" Intrnl_Id="1585">
<Branch CovItemId="B25" CovItemPrefix="Draw.java" Implct="false" Intrnl_Id="1586">
<Cond/>
<LocList>
<Loc EndOffset="20493" SrcFileId="5" StartOffset="20481"/>
</LocList>
<StmntSeq Intrnl_Id="1587">
<LocList>
<Loc EndOffset="20493" SrcFileId="5" StartOffset="20481"/>
</LocList>
<BasicStmnt CovItemId="S171" CovItemPrefix="Draw.java" Intrnl_Id="1588">
<LocList>
<Loc EndOffset="20493" SrcFileId="5" StartOffset="20481"/>
</LocList>
</BasicStmnt>
</StmntSeq>
</Branch>
<Branch CovItemId="B26" CovItemPrefix="Draw.java" Implct="false" Intrnl_Id="1589">
<Cond>
<Loc EndOffset="20506" SrcFileId="5" StartOffset="20502"/>
</Cond>
<LocList>
<Loc EndOffset="20570" SrcFileId="5" StartOffset="20507"/>
</LocList>
<StmntSeq Intrnl_Id="1590">
<LocList>
<Loc EndOffset="20570" SrcFileId="5" StartOffset="20507"/>
</LocList>
<BasicStmnt CovItemId="S172" CovItemPrefix="Draw.java" Intrnl_Id="1591">
<LocList>
<Loc EndOffset="20570" SrcFileId="5" StartOffset="20507"/>
</LocList>
</BasicStmnt>
</StmntSeq>
</Branch>
<Keyword EndOffset="20471" SrcFileId="5" StartOffset="20469"/>
<LocList>
<Loc EndOffset="20570" SrcFileId="5" StartOffset="20469"/>
</LocList>
<RootTerm CovItemId="C13" CovItemPrefix="Draw.java" Intrnl_Id="1592">
<BasicBoolTerm Intrnl_Id="1593">
<LocList>
<Loc EndOffset="20479" SrcFileId="5" StartOffset="20473"/>
</LocList>
</BasicBoolTerm>
</RootTerm>
</CondStmnt>
<BasicStmnt CovItemId="S173" CovItemPrefix="Draw.java" Intrnl_Id="1594">
<LocList>
<Loc EndOffset="20586" SrcFileId="5" StartOffset="20579"/>
</LocList>
</BasicStmnt>
</StmntSeq>
</HierarchyLvl>
<HierarchyLvl HierarchyLvlId="3842" HierarchyLvlTypeId="13" Intrnl_Id="1595" Name="circle">
<Header>
<Loc EndOffset="21082" SrcFileId="5" StartOffset="21029"/>
</Header>
<LocList>
<Loc EndOffset="21508" SrcFileId="5" StartOffset="21029"/>
</LocList>
<StmntSeq Intrnl_Id="1596">
<LocList>
<Loc EndOffset="21110" SrcFileId="5" StartOffset="21093"/>
<Loc EndOffset="21136" SrcFileId="5" StartOffset="21119"/>
<Loc EndOffset="21172" SrcFileId="5" StartOffset="21145"/>
<Loc EndOffset="21219" SrcFileId="5" StartOffset="21181"/>
<Loc EndOffset="21251" SrcFileId="5" StartOffset="21229"/>
<Loc EndOffset="21282" SrcFileId="5" StartOffset="21260"/>
<Loc EndOffset="21321" SrcFileId="5" StartOffset="21291"/>
<Loc EndOffset="21360" SrcFileId="5" StartOffset="21330"/>
<Loc EndOffset="21486" SrcFileId="5" StartOffset="21369"/>
<Loc EndOffset="21502" SrcFileId="5" StartOffset="21495"/>
</LocList>
<BasicStmnt CovItemId="S174" CovItemPrefix="Draw.java" Intrnl_Id="1597">
<LocList>
<Loc EndOffset="21110" SrcFileId="5" StartOffset="21093"/>
</LocList>
</BasicStmnt>
<BasicStmnt CovItemId="S175" CovItemPrefix="Draw.java" Intrnl_Id="1598">
<LocList>
<Loc EndOffset="21136" SrcFileId="5" StartOffset="21119"/>
</LocList>
</BasicStmnt>
<BasicStmnt CovItemId="S176" CovItemPrefix="Draw.java" Intrnl_Id="1599">
<LocList>
<Loc EndOffset="21172" SrcFileId="5" StartOffset="21145"/>
</LocList>
</BasicStmnt>
<BasicStmnt CovItemId="S177" CovItemPrefix="Draw.java" Intrnl_Id="1600">
<LocList>
<Loc EndOffset="21219" SrcFileId="5" StartOffset="21181"/>
</LocList>
</BasicStmnt>
<BasicStmnt CovItemId="S178" CovItemPrefix="Draw.java" Intrnl_Id="1601">
<LocList>
<Loc EndOffset="21251" SrcFileId="5" StartOffset="21229"/>
</LocList>
</BasicStmnt>
<BasicStmnt CovItemId="S179" CovItemPrefix="Draw.java" Intrnl_Id="1602">
<LocList>
<Loc EndOffset="21282" SrcFileId="5" StartOffset="21260"/>
</LocList>
</BasicStmnt>
<BasicStmnt CovItemId="S180" CovItemPrefix="Draw.java" Intrnl_Id="1603">
<LocList>
<Loc EndOffset="21321" SrcFileId="5" StartOffset="21291"/>
</LocList>
</BasicStmnt>
<BasicStmnt CovItemId="S181" CovItemPrefix="Draw.java" Intrnl_Id="1604">
<LocList>
<Loc EndOffset="21360" SrcFileId="5" StartOffset="21330"/>
</LocList>
</BasicStmnt>
<CondStmnt CovItemId="S182" CovItemPrefix="Draw.java" Intrnl_Id="1605">
<Branch CovItemId="B27" CovItemPrefix="Draw.java" Implct="false" Intrnl_Id="1606">
<Cond/>
<LocList>
<Loc EndOffset="21405" SrcFileId="5" StartOffset="21393"/>
</LocList>
<StmntSeq Intrnl_Id="1607">
<LocList>
<Loc EndOffset="21405" SrcFileId="5" StartOffset="21393"/>
</LocList>
<BasicStmnt CovItemId="S183" CovItemPrefix="Draw.java" Intrnl_Id="1608">
<LocList>
<Loc EndOffset="21405" SrcFileId="5" StartOffset="21393"/>
</LocList>
</BasicStmnt>
</StmntSeq>
</Branch>
<Branch CovItemId="B28" CovItemPrefix="Draw.java" Implct="false" Intrnl_Id="1609">
<Cond>
<Loc EndOffset="21418" SrcFileId="5" StartOffset="21414"/>
</Cond>
<LocList>
<Loc EndOffset="21486" SrcFileId="5" StartOffset="21419"/>
</LocList>
<StmntSeq Intrnl_Id="1610">
<LocList>
<Loc EndOffset="21486" SrcFileId="5" StartOffset="21419"/>
</LocList>
<BasicStmnt CovItemId="S184" CovItemPrefix="Draw.java" Intrnl_Id="1611">
<LocList>
<Loc EndOffset="21486" SrcFileId="5" StartOffset="21419"/>
</LocList>
</BasicStmnt>
</StmntSeq>
</Branch>
<Keyword EndOffset="21371" SrcFileId="5" StartOffset="21369"/>
<LocList>
<Loc EndOffset="21486" SrcFileId="5" StartOffset="21369"/>
</LocList>
<RootTerm CovItemId="C14" CovItemPrefix="Draw.java" Intrnl_Id="1612">
<OpTerm BooleanOpId="9" Intrnl_Id="1613">
<BasicBoolTerm Intrnl_Id="1614">
<LocList>
<Loc EndOffset="21380" SrcFileId="5" StartOffset="21373"/>
</LocList>
</BasicBoolTerm>
<BasicBoolTerm Intrnl_Id="1615">
<LocList>
<Loc EndOffset="21391" SrcFileId="5" StartOffset="21384"/>
</LocList>
</BasicBoolTerm>
<LocList>
<Loc EndOffset="21383" SrcFileId="5" StartOffset="21381"/>
</LocList>
</OpTerm>
</RootTerm>
</CondStmnt>
<BasicStmnt CovItemId="S185" CovItemPrefix="Draw.java" Intrnl_Id="1616">
<LocList>
<Loc EndOffset="21502" SrcFileId="5" StartOffset="21495"/>
</LocList>
</BasicStmnt>
</StmntSeq>
</HierarchyLvl>
<HierarchyLvl HierarchyLvlId="3843" HierarchyLvlTypeId="13" Intrnl_Id="1617" Name="filledCircle">
<Header>
<Loc EndOffset="22011" SrcFileId="5" StartOffset="21952"/>
</Header>
<LocList>
<Loc EndOffset="22437" SrcFileId="5" StartOffset="21952"/>
</LocList>
<StmntSeq Intrnl_Id="1618">
<LocList>
<Loc EndOffset="22039" SrcFileId="5" StartOffset="22022"/>
<Loc EndOffset="22065" SrcFileId="5" StartOffset="22048"/>
<Loc EndOffset="22101" SrcFileId="5" StartOffset="22074"/>
<Loc EndOffset="22148" SrcFileId="5" StartOffset="22110"/>
<Loc EndOffset="22180" SrcFileId="5" StartOffset="22158"/>
<Loc EndOffset="22211" SrcFileId="5" StartOffset="22189"/>
<Loc EndOffset="22250" SrcFileId="5" StartOffset="22220"/>
<Loc EndOffset="22289" SrcFileId="5" StartOffset="22259"/>
<Loc EndOffset="22415" SrcFileId="5" StartOffset="22298"/>
<Loc EndOffset="22431" SrcFileId="5" StartOffset="22424"/>
</LocList>
<BasicStmnt CovItemId="S186" CovItemPrefix="Draw.java" Intrnl_Id="1619">
<LocList>
<Loc EndOffset="22039" SrcFileId="5" StartOffset="22022"/>
</LocList>
</BasicStmnt>
<BasicStmnt CovItemId="S187" CovItemPrefix="Draw.java" Intrnl_Id="1620">
<LocList>
<Loc EndOffset="22065" SrcFileId="5" StartOffset="22048"/>
</LocList>
</BasicStmnt>
<BasicStmnt CovItemId="S188" CovItemPrefix="Draw.java" Intrnl_Id="1621">
<LocList>
<Loc EndOffset="22101" SrcFileId="5" StartOffset="22074"/>
</LocList>
</BasicStmnt>
<BasicStmnt CovItemId="S189" CovItemPrefix="Draw.java" Intrnl_Id="1622">
<LocList>
<Loc EndOffset="22148" SrcFileId="5" StartOffset="22110"/>
</LocList>
</BasicStmnt>
<BasicStmnt CovItemId="S190" CovItemPrefix="Draw.java" Intrnl_Id="1623">
<LocList>
<Loc EndOffset="22180" SrcFileId="5" StartOffset="22158"/>
</LocList>
</BasicStmnt>
<BasicStmnt CovItemId="S191" CovItemPrefix="Draw.java" Intrnl_Id="1624">
<LocList>
<Loc EndOffset="22211" SrcFileId="5" StartOffset="22189"/>
</LocList>
</BasicStmnt>
<BasicStmnt CovItemId="S192" CovItemPrefix="Draw.java" Intrnl_Id="1625">
<LocList>
<Loc EndOffset="22250" SrcFileId="5" StartOffset="22220"/>
</LocList>
</BasicStmnt>
<BasicStmnt CovItemId="S193" CovItemPrefix="Draw.java" Intrnl_Id="1626">
<LocList>
<Loc EndOffset="22289" SrcFileId="5" StartOffset="22259"/>
</LocList>
</BasicStmnt>
<CondStmnt CovItemId="S194" CovItemPrefix="Draw.java" Intrnl_Id="1627">
<Branch CovItemId="B29" CovItemPrefix="Draw.java" Implct="false" Intrnl_Id="1628">
<Cond/>
<LocList>
<Loc EndOffset="22334" SrcFileId="5" StartOffset="22322"/>
</LocList>
<StmntSeq Intrnl_Id="1629">
<LocList>
<Loc EndOffset="22334" SrcFileId="5" StartOffset="22322"/>
</LocList>
<BasicStmnt CovItemId="S195" CovItemPrefix="Draw.java" Intrnl_Id="1630">
<LocList>
<Loc EndOffset="22334" SrcFileId="5" StartOffset="22322"/>
</LocList>
</BasicStmnt>
</StmntSeq>
</Branch>
<Branch CovItemId="B30" CovItemPrefix="Draw.java" Implct="false" Intrnl_Id="1631">
<Cond>
<Loc EndOffset="22347" SrcFileId="5" StartOffset="22343"/>
</Cond>
<LocList>
<Loc EndOffset="22415" SrcFileId="5" StartOffset="22348"/>
</LocList>
<StmntSeq Intrnl_Id="1632">
<LocList>
<Loc EndOffset="22415" SrcFileId="5" StartOffset="22348"/>
</LocList>
<BasicStmnt CovItemId="S196" CovItemPrefix="Draw.java" Intrnl_Id="1633">
<LocList>
<Loc EndOffset="22415" SrcFileId="5" StartOffset="22348"/>
</LocList>
</BasicStmnt>
</StmntSeq>
</Branch>
<Keyword EndOffset="22300" SrcFileId="5" StartOffset="22298"/>
<LocList>
<Loc EndOffset="22415" SrcFileId="5" StartOffset="22298"/>
</LocList>
<RootTerm CovItemId="C15" CovItemPrefix="Draw.java" Intrnl_Id="1634">
<OpTerm BooleanOpId="9" Intrnl_Id="1635">
<BasicBoolTerm Intrnl_Id="1636">
<LocList>
<Loc EndOffset="22309" SrcFileId="5" StartOffset="22302"/>
</LocList>
</BasicBoolTerm>
<BasicBoolTerm Intrnl_Id="1637">
<LocList>
<Loc EndOffset="22320" SrcFileId="5" StartOffset="22313"/>
</LocList>
</BasicBoolTerm>
<LocList>
<Loc EndOffset="22312" SrcFileId="5" StartOffset="22310"/>
</LocList>
</OpTerm>
</RootTerm>
</CondStmnt>
<BasicStmnt CovItemId="S197" CovItemPrefix="Draw.java" Intrnl_Id="1638">
<LocList>
<Loc EndOffset="22431" SrcFileId="5" StartOffset="22424"/>
</LocList>
</BasicStmnt>
</StmntSeq>
</HierarchyLvl>
<HierarchyLvl HierarchyLvlId="3844" HierarchyLvlTypeId="13" Intrnl_Id="1639" Name="ellipse">
<Header>
<Loc EndOffset="23150" SrcFileId="5" StartOffset="23067"/>
</Header>
<LocList>
<Loc EndOffset="23733" SrcFileId="5" StartOffset="23067"/>
</LocList>
<StmntSeq Intrnl_Id="1640">
<LocList>
<Loc EndOffset="23178" SrcFileId="5" StartOffset="23161"/>
<Loc EndOffset="23204" SrcFileId="5" StartOffset="23187"/>
<Loc EndOffset="23255" SrcFileId="5" StartOffset="23213"/>
<Loc EndOffset="23306" SrcFileId="5" StartOffset="23264"/>
<Loc EndOffset="23368" SrcFileId="5" StartOffset="23315"/>
<Loc EndOffset="23430" SrcFileId="5" StartOffset="23377"/>
<Loc EndOffset="23462" SrcFileId="5" StartOffset="23440"/>
<Loc EndOffset="23493" SrcFileId="5" StartOffset="23471"/>
<Loc EndOffset="23539" SrcFileId="5" StartOffset="23502"/>
<Loc EndOffset="23585" SrcFileId="5" StartOffset="23548"/>
<Loc EndOffset="23711" SrcFileId="5" StartOffset="23594"/>
<Loc EndOffset="23727" SrcFileId="5" StartOffset="23720"/>
</LocList>
<BasicStmnt CovItemId="S198" CovItemPrefix="Draw.java" Intrnl_Id="1641">
<LocList>
<Loc EndOffset="23178" SrcFileId="5" StartOffset="23161"/>
</LocList>
</BasicStmnt>
<BasicStmnt CovItemId="S199" CovItemPrefix="Draw.java" Intrnl_Id="1642">
<LocList>
<Loc EndOffset="23204" SrcFileId="5" StartOffset="23187"/>
</LocList>
</BasicStmnt>
<BasicStmnt CovItemId="S200" CovItemPrefix="Draw.java" Intrnl_Id="1643">
<LocList>
<Loc EndOffset="23255" SrcFileId="5" StartOffset="23213"/>
</LocList>
</BasicStmnt>
<BasicStmnt CovItemId="S201" CovItemPrefix="Draw.java" Intrnl_Id="1644">
<LocList>
<Loc EndOffset="23306" SrcFileId="5" StartOffset="23264"/>
</LocList>
</BasicStmnt>
<BasicStmnt CovItemId="S202" CovItemPrefix="Draw.java" Intrnl_Id="1645">
<LocList>
<Loc EndOffset="23368" SrcFileId="5" StartOffset="23315"/>
</LocList>
</BasicStmnt>
<BasicStmnt CovItemId="S203" CovItemPrefix="Draw.java" Intrnl_Id="1646">
<LocList>
<Loc EndOffset="23430" SrcFileId="5" StartOffset="23377"/>
</LocList>
</BasicStmnt>
<BasicStmnt CovItemId="S204" CovItemPrefix="Draw.java" Intrnl_Id="1647">
<LocList>
<Loc EndOffset="23462" SrcFileId="5" StartOffset="23440"/>
</LocList>
</BasicStmnt>
<BasicStmnt CovItemId="S205" CovItemPrefix="Draw.java" Intrnl_Id="1648">
<LocList>
<Loc EndOffset="23493" SrcFileId="5" StartOffset="23471"/>
</LocList>
</BasicStmnt>
<BasicStmnt CovItemId="S206" CovItemPrefix="Draw.java" Intrnl_Id="1649">
<LocList>
<Loc EndOffset="23539" SrcFileId="5" StartOffset="23502"/>
</LocList>
</BasicStmnt>
<BasicStmnt CovItemId="S207" CovItemPrefix="Draw.java" Intrnl_Id="1650">
<LocList>
<Loc EndOffset="23585" SrcFileId="5" StartOffset="23548"/>
</LocList>
</BasicStmnt>
<CondStmnt CovItemId="S208" CovItemPrefix="Draw.java" Intrnl_Id="1651">
<Branch CovItemId="B31" CovItemPrefix="Draw.java" Implct="false" Intrnl_Id="1652">
<Cond/>
<LocList>
<Loc EndOffset="23630" SrcFileId="5" StartOffset="23618"/>
</LocList>
<StmntSeq Intrnl_Id="1653">
<LocList>
<Loc EndOffset="23630" SrcFileId="5" StartOffset="23618"/>
</LocList>
<BasicStmnt CovItemId="S209" CovItemPrefix="Draw.java" Intrnl_Id="1654">
<LocList>
<Loc EndOffset="23630" SrcFileId="5" StartOffset="23618"/>
</LocList>
</BasicStmnt>
</StmntSeq>
</Branch>
<Branch CovItemId="B32" CovItemPrefix="Draw.java" Implct="false" Intrnl_Id="1655">
<Cond>
<Loc EndOffset="23643" SrcFileId="5" StartOffset="23639"/>
</Cond>
<LocList>
<Loc EndOffset="23711" SrcFileId="5" StartOffset="23644"/>
</LocList>
<StmntSeq Intrnl_Id="1656">
<LocList>
<Loc EndOffset="23711" SrcFileId="5" StartOffset="23644"/>
</LocList>
<BasicStmnt CovItemId="S210" CovItemPrefix="Draw.java" Intrnl_Id="1657">
<LocList>
<Loc EndOffset="23711" SrcFileId="5" StartOffset="23644"/>
</LocList>
</BasicStmnt>
</StmntSeq>
</Branch>
<Keyword EndOffset="23596" SrcFileId="5" StartOffset="23594"/>
<LocList>
<Loc EndOffset="23711" SrcFileId="5" StartOffset="23594"/>
</LocList>
<RootTerm CovItemId="C16" CovItemPrefix="Draw.java" Intrnl_Id="1658">
<OpTerm BooleanOpId="9" Intrnl_Id="1659">
<BasicBoolTerm Intrnl_Id="1660">
<LocList>
<Loc EndOffset="23605" SrcFileId="5" StartOffset="23598"/>
</LocList>
</BasicBoolTerm>
<BasicBoolTerm Intrnl_Id="1661">
<LocList>
<Loc EndOffset="23616" SrcFileId="5" StartOffset="23609"/>
</LocList>
</BasicBoolTerm>
<LocList>
<Loc EndOffset="23608" SrcFileId="5" StartOffset="23606"/>
</LocList>
</OpTerm>
</RootTerm>
</CondStmnt>
<BasicStmnt CovItemId="S211" CovItemPrefix="Draw.java" Intrnl_Id="1662">
<LocList>
<Loc EndOffset="23727" SrcFileId="5" StartOffset="23720"/>
</LocList>
</BasicStmnt>
</StmntSeq>
</HierarchyLvl>
<HierarchyLvl HierarchyLvlId="3845" HierarchyLvlTypeId="13" Intrnl_Id="1663" Name="filledEllipse">
<Header>
<Loc EndOffset="24457" SrcFileId="5" StartOffset="24368"/>
</Header>
<LocList>
<Loc EndOffset="25040" SrcFileId="5" StartOffset="24368"/>
</LocList>
<StmntSeq Intrnl_Id="1664">
<LocList>
<Loc EndOffset="24485" SrcFileId="5" StartOffset="24468"/>
<Loc EndOffset="24511" SrcFileId="5" StartOffset="24494"/>
<Loc EndOffset="24562" SrcFileId="5" StartOffset="24520"/>
<Loc EndOffset="24613" SrcFileId="5" StartOffset="24571"/>
<Loc EndOffset="24675" SrcFileId="5" StartOffset="24622"/>
<Loc EndOffset="24737" SrcFileId="5" StartOffset="24684"/>
<Loc EndOffset="24769" SrcFileId="5" StartOffset="24747"/>
<Loc EndOffset="24800" SrcFileId="5" StartOffset="24778"/>
<Loc EndOffset="24846" SrcFileId="5" StartOffset="24809"/>
<Loc EndOffset="24892" SrcFileId="5" StartOffset="24855"/>
<Loc EndOffset="25018" SrcFileId="5" StartOffset="24901"/>
<Loc EndOffset="25034" SrcFileId="5" StartOffset="25027"/>
</LocList>
<BasicStmnt CovItemId="S212" CovItemPrefix="Draw.java" Intrnl_Id="1665">
<LocList>
<Loc EndOffset="24485" SrcFileId="5" StartOffset="24468"/>
</LocList>
</BasicStmnt>
<BasicStmnt CovItemId="S213" CovItemPrefix="Draw.java" Intrnl_Id="1666">
<LocList>
<Loc EndOffset="24511" SrcFileId="5" StartOffset="24494"/>
</LocList>
</BasicStmnt>
<BasicStmnt CovItemId="S214" CovItemPrefix="Draw.java" Intrnl_Id="1667">
<LocList>
<Loc EndOffset="24562" SrcFileId="5" StartOffset="24520"/>
</LocList>
</BasicStmnt>
<BasicStmnt CovItemId="S215" CovItemPrefix="Draw.java" Intrnl_Id="1668">
<LocList>
<Loc EndOffset="24613" SrcFileId="5" StartOffset="24571"/>
</LocList>
</BasicStmnt>
<BasicStmnt CovItemId="S216" CovItemPrefix="Draw.java" Intrnl_Id="1669">
<LocList>
<Loc EndOffset="24675" SrcFileId="5" StartOffset="24622"/>
</LocList>
</BasicStmnt>
<BasicStmnt CovItemId="S217" CovItemPrefix="Draw.java" Intrnl_Id="1670">
<LocList>
<Loc EndOffset="24737" SrcFileId="5" StartOffset="24684"/>
</LocList>
</BasicStmnt>
<BasicStmnt CovItemId="S218" CovItemPrefix="Draw.java" Intrnl_Id="1671">
<LocList>
<Loc EndOffset="24769" SrcFileId="5" StartOffset="24747"/>
</LocList>
</BasicStmnt>
<BasicStmnt CovItemId="S219" CovItemPrefix="Draw.java" Intrnl_Id="1672">
<LocList>
<Loc EndOffset="24800" SrcFileId="5" StartOffset="24778"/>
</LocList>
</BasicStmnt>
<BasicStmnt CovItemId="S220" CovItemPrefix="Draw.java" Intrnl_Id="1673">
<LocList>
<Loc EndOffset="24846" SrcFileId="5" StartOffset="24809"/>
</LocList>
</BasicStmnt>
<BasicStmnt CovItemId="S221" CovItemPrefix="Draw.java" Intrnl_Id="1674">
<LocList>
<Loc EndOffset="24892" SrcFileId="5" StartOffset="24855"/>
</LocList>
</BasicStmnt>
<CondStmnt CovItemId="S222" CovItemPrefix="Draw.java" Intrnl_Id="1675">
<Branch CovItemId="B33" CovItemPrefix="Draw.java" Implct="false" Intrnl_Id="1676">
<Cond/>
<LocList>
<Loc EndOffset="24937" SrcFileId="5" StartOffset="24925"/>
</LocList>
<StmntSeq Intrnl_Id="1677">
<LocList>
<Loc EndOffset="24937" SrcFileId="5" StartOffset="24925"/>
</LocList>
<BasicStmnt CovItemId="S223" CovItemPrefix="Draw.java" Intrnl_Id="1678">
<LocList>
<Loc EndOffset="24937" SrcFileId="5" StartOffset="24925"/>
</LocList>
</BasicStmnt>
</StmntSeq>
</Branch>
<Branch CovItemId="B34" CovItemPrefix="Draw.java" Implct="false" Intrnl_Id="1679">
<Cond>
<Loc EndOffset="24950" SrcFileId="5" StartOffset="24946"/>
</Cond>
<LocList>
<Loc EndOffset="25018" SrcFileId="5" StartOffset="24951"/>
</LocList>
<StmntSeq Intrnl_Id="1680">
<LocList>
<Loc EndOffset="25018" SrcFileId="5" StartOffset="24951"/>
</LocList>
<BasicStmnt CovItemId="S224" CovItemPrefix="Draw.java" Intrnl_Id="1681">
<LocList>
<Loc EndOffset="25018" SrcFileId="5" StartOffset="24951"/>
</LocList>
</BasicStmnt>
</StmntSeq>
</Branch>
<Keyword EndOffset="24903" SrcFileId="5" StartOffset="24901"/>
<LocList>
<Loc EndOffset="25018" SrcFileId="5" StartOffset="24901"/>
</LocList>
<RootTerm CovItemId="C17" CovItemPrefix="Draw.java" Intrnl_Id="1682">
<OpTerm BooleanOpId="9" Intrnl_Id="1683">
<BasicBoolTerm Intrnl_Id="1684">
<LocList>
<Loc EndOffset="24912" SrcFileId="5" StartOffset="24905"/>
</LocList>
</BasicBoolTerm>
<BasicBoolTerm Intrnl_Id="1685">
<LocList>
<Loc EndOffset="24923" SrcFileId="5" StartOffset="24916"/>
</LocList>
</BasicBoolTerm>
<LocList>
<Loc EndOffset="24915" SrcFileId="5" StartOffset="24913"/>
</LocList>
</OpTerm>
</RootTerm>
</CondStmnt>
<BasicStmnt CovItemId="S225" CovItemPrefix="Draw.java" Intrnl_Id="1686">
<LocList>
<Loc EndOffset="25034" SrcFileId="5" StartOffset="25027"/>
</LocList>
</BasicStmnt>
</StmntSeq>
</HierarchyLvl>
<HierarchyLvl HierarchyLvlId="3846" HierarchyLvlTypeId="13" Intrnl_Id="1687" Name="arc">
<Header>
<Loc EndOffset="25857" SrcFileId="5" StartOffset="25777"/>
</Header>
<LocList>
<Loc EndOffset="26443" SrcFileId="5" StartOffset="25777"/>
</LocList>
<StmntSeq Intrnl_Id="1688">
<LocList>
<Loc EndOffset="25885" SrcFileId="5" StartOffset="25868"/>
<Loc EndOffset="25911" SrcFileId="5" StartOffset="25894"/>
<Loc EndOffset="25951" SrcFileId="5" StartOffset="25920"/>
<Loc EndOffset="25987" SrcFileId="5" StartOffset="25960"/>
<Loc EndOffset="26023" SrcFileId="5" StartOffset="25996"/>
<Loc EndOffset="26074" SrcFileId="5" StartOffset="26032"/>
<Loc EndOffset="26122" SrcFileId="5" StartOffset="26084"/>
<Loc EndOffset="26153" SrcFileId="5" StartOffset="26131"/>
<Loc EndOffset="26184" SrcFileId="5" StartOffset="26162"/>
<Loc EndOffset="26223" SrcFileId="5" StartOffset="26193"/>
<Loc EndOffset="26262" SrcFileId="5" StartOffset="26232"/>
<Loc EndOffset="26421" SrcFileId="5" StartOffset="26271"/>
<Loc EndOffset="26437" SrcFileId="5" StartOffset="26430"/>
</LocList>
<BasicStmnt CovItemId="S226" CovItemPrefix="Draw.java" Intrnl_Id="1689">
<LocList>
<Loc EndOffset="25885" SrcFileId="5" StartOffset="25868"/>
</LocList>
</BasicStmnt>
<BasicStmnt CovItemId="S227" CovItemPrefix="Draw.java" Intrnl_Id="1690">
<LocList>
<Loc EndOffset="25911" SrcFileId="5" StartOffset="25894"/>
</LocList>
</BasicStmnt>
<BasicStmnt CovItemId="S228" CovItemPrefix="Draw.java" Intrnl_Id="1691">
<LocList>
<Loc EndOffset="25951" SrcFileId="5" StartOffset="25920"/>
</LocList>
</BasicStmnt>
<BasicStmnt CovItemId="S229" CovItemPrefix="Draw.java" Intrnl_Id="1692">
<LocList>
<Loc EndOffset="25987" SrcFileId="5" StartOffset="25960"/>
</LocList>
</BasicStmnt>
<BasicStmnt CovItemId="S230" CovItemPrefix="Draw.java" Intrnl_Id="1693">
<LocList>
<Loc EndOffset="26023" SrcFileId="5" StartOffset="25996"/>
</LocList>
</BasicStmnt>
<BasicStmnt CovItemId="S231" CovItemPrefix="Draw.java" Intrnl_Id="1694">
<LocList>
<Loc EndOffset="26074" SrcFileId="5" StartOffset="26032"/>
</LocList>
</BasicStmnt>
<LoopStmnt CovItemId="S232" CovItemPrefix="Draw.java" Intrnl_Id="1695" MltplExecId="L1-2" MltplExecPrefix="Draw.java" NvrExecId="L1-0" NvrExecPrefix="Draw.java" OnceExecutedId="L1-1" OnceExecutedPrefix="Draw.java" OptBodyExec="true">
<StmntSeq Intrnl_Id="1696">
<LocList>
<Loc EndOffset="26122" SrcFileId="5" StartOffset="26108"/>
</LocList>
<BasicStmnt CovItemId="S233" CovItemPrefix="Draw.java" Intrnl_Id="1697">
<LocList>
<Loc EndOffset="26122" SrcFileId="5" StartOffset="26108"/>
</LocList>
</BasicStmnt>
</StmntSeq>
<Keyword EndOffset="26089" SrcFileId="5" StartOffset="26084"/>
<LocList>
<Loc EndOffset="26122" SrcFileId="5" StartOffset="26084"/>
</LocList>
<RootTerm CovItemId="C18" CovItemPrefix="Draw.java" Intrnl_Id="1698">
<BasicBoolTerm Intrnl_Id="1699">
<LocList>
<Loc EndOffset="26106" SrcFileId="5" StartOffset="26091"/>
</LocList>
</BasicBoolTerm>
</RootTerm>
</LoopStmnt>
<BasicStmnt CovItemId="S234" CovItemPrefix="Draw.java" Intrnl_Id="1700">
<LocList>
<Loc EndOffset="26153" SrcFileId="5" StartOffset="26131"/>
</LocList>
</BasicStmnt>
<BasicStmnt CovItemId="S235" CovItemPrefix="Draw.java" Intrnl_Id="1701">
<LocList>
<Loc EndOffset="26184" SrcFileId="5" StartOffset="26162"/>
</LocList>
</BasicStmnt>
<BasicStmnt CovItemId="S236" CovItemPrefix="Draw.java" Intrnl_Id="1702">
<LocList>
<Loc EndOffset="26223" SrcFileId="5" StartOffset="26193"/>
</LocList>
</BasicStmnt>
<BasicStmnt CovItemId="S237" CovItemPrefix="Draw.java" Intrnl_Id="1703">
<LocList>
<Loc EndOffset="26262" SrcFileId="5" StartOffset="26232"/>
</LocList>
</BasicStmnt>
<CondStmnt CovItemId="S238" CovItemPrefix="Draw.java" Intrnl_Id="1704">
<Branch CovItemId="B35" CovItemPrefix="Draw.java" Implct="false" Intrnl_Id="1705">
<Cond/>
<LocList>
<Loc EndOffset="26307" SrcFileId="5" StartOffset="26295"/>
</LocList>
<StmntSeq Intrnl_Id="1706">
<LocList>
<Loc EndOffset="26307" SrcFileId="5" StartOffset="26295"/>
</LocList>
<BasicStmnt CovItemId="S239" CovItemPrefix="Draw.java" Intrnl_Id="1707">
<LocList>
<Loc EndOffset="26307" SrcFileId="5" StartOffset="26295"/>
</LocList>
</BasicStmnt>
</StmntSeq>
</Branch>
<Branch CovItemId="B36" CovItemPrefix="Draw.java" Implct="false" Intrnl_Id="1708">
<Cond>
<Loc EndOffset="26320" SrcFileId="5" StartOffset="26316"/>
</Cond>
<LocList>
<Loc EndOffset="26421" SrcFileId="5" StartOffset="26321"/>
</LocList>
<StmntSeq Intrnl_Id="1709">
<LocList>
<Loc EndOffset="26421" SrcFileId="5" StartOffset="26321"/>
</LocList>
<BasicStmnt CovItemId="S240" CovItemPrefix="Draw.java" Intrnl_Id="1710">
<LocList>
<Loc EndOffset="26421" SrcFileId="5" StartOffset="26321"/>
</LocList>
</BasicStmnt>
</StmntSeq>
</Branch>
<Keyword EndOffset="26273" SrcFileId="5" StartOffset="26271"/>
<LocList>
<Loc EndOffset="26421" SrcFileId="5" StartOffset="26271"/>
</LocList>
<RootTerm CovItemId="C19" CovItemPrefix="Draw.java" Intrnl_Id="1711">
<OpTerm BooleanOpId="9" Intrnl_Id="1712">
<BasicBoolTerm Intrnl_Id="1713">
<LocList>
<Loc EndOffset="26282" SrcFileId="5" StartOffset="26275"/>
</LocList>
</BasicBoolTerm>
<BasicBoolTerm Intrnl_Id="1714">
<LocList>
<Loc EndOffset="26293" SrcFileId="5" StartOffset="26286"/>
</LocList>
</BasicBoolTerm>
<LocList>
<Loc EndOffset="26285" SrcFileId="5" StartOffset="26283"/>
</LocList>
</OpTerm>
</RootTerm>
</CondStmnt>
<BasicStmnt CovItemId="S241" CovItemPrefix="Draw.java" Intrnl_Id="1715">
<LocList>
<Loc EndOffset="26437" SrcFileId="5" StartOffset="26430"/>
</LocList>
</BasicStmnt>
</StmntSeq>
</HierarchyLvl>
<HierarchyLvl HierarchyLvlId="3847" HierarchyLvlTypeId="13" Intrnl_Id="1716" Name="square">
<Header>
<Loc EndOffset="26982" SrcFileId="5" StartOffset="26925"/>
</Header>
<LocList>
<Loc EndOffset="27435" SrcFileId="5" StartOffset="26925"/>
</LocList>
<StmntSeq Intrnl_Id="1717">
<LocList>
<Loc EndOffset="27010" SrcFileId="5" StartOffset="26993"/>
<Loc EndOffset="27036" SrcFileId="5" StartOffset="27019"/>
<Loc EndOffset="27080" SrcFileId="5" StartOffset="27045"/>
<Loc EndOffset="27136" SrcFileId="5" StartOffset="27089"/>
<Loc EndOffset="27168" SrcFileId="5" StartOffset="27146"/>
<Loc EndOffset="27199" SrcFileId="5" StartOffset="27177"/>
<Loc EndOffset="27242" SrcFileId="5" StartOffset="27208"/>
<Loc EndOffset="27285" SrcFileId="5" StartOffset="27251"/>
<Loc EndOffset="27413" SrcFileId="5" StartOffset="27294"/>
<Loc EndOffset="27429" SrcFileId="5" StartOffset="27422"/>
</LocList>
<BasicStmnt CovItemId="S242" CovItemPrefix="Draw.java" Intrnl_Id="1718">
<LocList>
<Loc EndOffset="27010" SrcFileId="5" StartOffset="26993"/>
</LocList>
</BasicStmnt>
<BasicStmnt CovItemId="S243" CovItemPrefix="Draw.java" Intrnl_Id="1719">
<LocList>
<Loc EndOffset="27036" SrcFileId="5" StartOffset="27019"/>
</LocList>
</BasicStmnt>
<BasicStmnt CovItemId="S244" CovItemPrefix="Draw.java" Intrnl_Id="1720">
<LocList>
<Loc EndOffset="27080" SrcFileId="5" StartOffset="27045"/>
</LocList>
</BasicStmnt>
<BasicStmnt CovItemId="S245" CovItemPrefix="Draw.java" Intrnl_Id="1721">
<LocList>
<Loc EndOffset="27136" SrcFileId="5" StartOffset="27089"/>
</LocList>
</BasicStmnt>
<BasicStmnt CovItemId="S246" CovItemPrefix="Draw.java" Intrnl_Id="1722">
<LocList>
<Loc EndOffset="27168" SrcFileId="5" StartOffset="27146"/>
</LocList>
</BasicStmnt>
<BasicStmnt CovItemId="S247" CovItemPrefix="Draw.java" Intrnl_Id="1723">
<LocList>
<Loc EndOffset="27199" SrcFileId="5" StartOffset="27177"/>
</LocList>
</BasicStmnt>
<BasicStmnt CovItemId="S248" CovItemPrefix="Draw.java" Intrnl_Id="1724">
<LocList>
<Loc EndOffset="27242" SrcFileId="5" StartOffset="27208"/>
</LocList>
</BasicStmnt>
<BasicStmnt CovItemId="S249" CovItemPrefix="Draw.java" Intrnl_Id="1725">
<LocList>
<Loc EndOffset="27285" SrcFileId="5" StartOffset="27251"/>
</LocList>
</BasicStmnt>
<CondStmnt CovItemId="S250" CovItemPrefix="Draw.java" Intrnl_Id="1726">
<Branch CovItemId="B37" CovItemPrefix="Draw.java" Implct="false" Intrnl_Id="1727">
<Cond/>
<LocList>
<Loc EndOffset="27330" SrcFileId="5" StartOffset="27318"/>
</LocList>
<StmntSeq Intrnl_Id="1728">
<LocList>
<Loc EndOffset="27330" SrcFileId="5" StartOffset="27318"/>
</LocList>
<BasicStmnt CovItemId="S251" CovItemPrefix="Draw.java" Intrnl_Id="1729">
<LocList>
<Loc EndOffset="27330" SrcFileId="5" StartOffset="27318"/>
</LocList>
</BasicStmnt>
</StmntSeq>
</Branch>
<Branch CovItemId="B38" CovItemPrefix="Draw.java" Implct="false" Intrnl_Id="1730">
<Cond>
<Loc EndOffset="27343" SrcFileId="5" StartOffset="27339"/>
</Cond>
<LocList>
<Loc EndOffset="27413" SrcFileId="5" StartOffset="27344"/>
</LocList>
<StmntSeq Intrnl_Id="1731">
<LocList>
<Loc EndOffset="27413" SrcFileId="5" StartOffset="27344"/>
</LocList>
<BasicStmnt CovItemId="S252" CovItemPrefix="Draw.java" Intrnl_Id="1732">
<LocList>
<Loc EndOffset="27413" SrcFileId="5" StartOffset="27344"/>
</LocList>
</BasicStmnt>
</StmntSeq>
</Branch>
<Keyword EndOffset="27296" SrcFileId="5" StartOffset="27294"/>
<LocList>
<Loc EndOffset="27413" SrcFileId="5" StartOffset="27294"/>
</LocList>
<RootTerm CovItemId="C20" CovItemPrefix="Draw.java" Intrnl_Id="1733">
<OpTerm BooleanOpId="9" Intrnl_Id="1734">
<BasicBoolTerm Intrnl_Id="1735">
<LocList>
<Loc EndOffset="27305" SrcFileId="5" StartOffset="27298"/>
</LocList>
</BasicBoolTerm>
<BasicBoolTerm Intrnl_Id="1736">
<LocList>
<Loc EndOffset="27316" SrcFileId="5" StartOffset="27309"/>
</LocList>
</BasicBoolTerm>
<LocList>
<Loc EndOffset="27308" SrcFileId="5" StartOffset="27306"/>
</LocList>
</OpTerm>
</RootTerm>
</CondStmnt>
<BasicStmnt CovItemId="S253" CovItemPrefix="Draw.java" Intrnl_Id="1737">
<LocList>
<Loc EndOffset="27429" SrcFileId="5" StartOffset="27422"/>
</LocList>
</BasicStmnt>
</StmntSeq>
</HierarchyLvl>
<HierarchyLvl HierarchyLvlId="3848" HierarchyLvlTypeId="13" Intrnl_Id="1738" Name="filledSquare">
<Header>
<Loc EndOffset="27980" SrcFileId="5" StartOffset="27917"/>
</Header>
<LocList>
<Loc EndOffset="28433" SrcFileId="5" StartOffset="27917"/>
</LocList>
<StmntSeq Intrnl_Id="1739">
<LocList>
<Loc EndOffset="28008" SrcFileId="5" StartOffset="27991"/>
<Loc EndOffset="28034" SrcFileId="5" StartOffset="28017"/>
<Loc EndOffset="28078" SrcFileId="5" StartOffset="28043"/>
<Loc EndOffset="28134" SrcFileId="5" StartOffset="28087"/>
<Loc EndOffset="28166" SrcFileId="5" StartOffset="28144"/>
<Loc EndOffset="28197" SrcFileId="5" StartOffset="28175"/>
<Loc EndOffset="28240" SrcFileId="5" StartOffset="28206"/>
<Loc EndOffset="28283" SrcFileId="5" StartOffset="28249"/>
<Loc EndOffset="28411" SrcFileId="5" StartOffset="28292"/>
<Loc EndOffset="28427" SrcFileId="5" StartOffset="28420"/>
</LocList>
<BasicStmnt CovItemId="S254" CovItemPrefix="Draw.java" Intrnl_Id="1740">
<LocList>
<Loc EndOffset="28008" SrcFileId="5" StartOffset="27991"/>
</LocList>
</BasicStmnt>
<BasicStmnt CovItemId="S255" CovItemPrefix="Draw.java" Intrnl_Id="1741">
<LocList>
<Loc EndOffset="28034" SrcFileId="5" StartOffset="28017"/>
</LocList>
</BasicStmnt>
<BasicStmnt CovItemId="S256" CovItemPrefix="Draw.java" Intrnl_Id="1742">
<LocList>
<Loc EndOffset="28078" SrcFileId="5" StartOffset="28043"/>
</LocList>
</BasicStmnt>
<BasicStmnt CovItemId="S257" CovItemPrefix="Draw.java" Intrnl_Id="1743">
<LocList>
<Loc EndOffset="28134" SrcFileId="5" StartOffset="28087"/>
</LocList>
</BasicStmnt>
<BasicStmnt CovItemId="S258" CovItemPrefix="Draw.java" Intrnl_Id="1744">
<LocList>
<Loc EndOffset="28166" SrcFileId="5" StartOffset="28144"/>
</LocList>
</BasicStmnt>
<BasicStmnt CovItemId="S259" CovItemPrefix="Draw.java" Intrnl_Id="1745">
<LocList>
<Loc EndOffset="28197" SrcFileId="5" StartOffset="28175"/>
</LocList>
</BasicStmnt>
<BasicStmnt CovItemId="S260" CovItemPrefix="Draw.java" Intrnl_Id="1746">
<LocList>
<Loc EndOffset="28240" SrcFileId="5" StartOffset="28206"/>
</LocList>
</BasicStmnt>
<BasicStmnt CovItemId="S261" CovItemPrefix="Draw.java" Intrnl_Id="1747">
<LocList>
<Loc EndOffset="28283" SrcFileId="5" StartOffset="28249"/>
</LocList>
</BasicStmnt>
<CondStmnt CovItemId="S262" CovItemPrefix="Draw.java" Intrnl_Id="1748">
<Branch CovItemId="B39" CovItemPrefix="Draw.java" Implct="false" Intrnl_Id="1749">
<Cond/>
<LocList>
<Loc EndOffset="28328" SrcFileId="5" StartOffset="28316"/>
</LocList>
<StmntSeq Intrnl_Id="1750">
<LocList>
<Loc EndOffset="28328" SrcFileId="5" StartOffset="28316"/>
</LocList>
<BasicStmnt CovItemId="S263" CovItemPrefix="Draw.java" Intrnl_Id="1751">
<LocList>
<Loc EndOffset="28328" SrcFileId="5" StartOffset="28316"/>
</LocList>
</BasicStmnt>
</StmntSeq>
</Branch>
<Branch CovItemId="B40" CovItemPrefix="Draw.java" Implct="false" Intrnl_Id="1752">
<Cond>
<Loc EndOffset="28341" SrcFileId="5" StartOffset="28337"/>
</Cond>
<LocList>
<Loc EndOffset="28411" SrcFileId="5" StartOffset="28342"/>
</LocList>
<StmntSeq Intrnl_Id="1753">
<LocList>
<Loc EndOffset="28411" SrcFileId="5" StartOffset="28342"/>
</LocList>
<BasicStmnt CovItemId="S264" CovItemPrefix="Draw.java" Intrnl_Id="1754">
<LocList>
<Loc EndOffset="28411" SrcFileId="5" StartOffset="28342"/>
</LocList>
</BasicStmnt>
</StmntSeq>
</Branch>
<Keyword EndOffset="28294" SrcFileId="5" StartOffset="28292"/>
<LocList>
<Loc EndOffset="28411" SrcFileId="5" StartOffset="28292"/>
</LocList>
<RootTerm CovItemId="C21" CovItemPrefix="Draw.java" Intrnl_Id="1755">
<OpTerm BooleanOpId="9" Intrnl_Id="1756">
<BasicBoolTerm Intrnl_Id="1757">
<LocList>
<Loc EndOffset="28303" SrcFileId="5" StartOffset="28296"/>
</LocList>
</BasicBoolTerm>
<BasicBoolTerm Intrnl_Id="1758">
<LocList>
<Loc EndOffset="28314" SrcFileId="5" StartOffset="28307"/>
</LocList>
</BasicBoolTerm>
<LocList>
<Loc EndOffset="28306" SrcFileId="5" StartOffset="28304"/>
</LocList>
</OpTerm>
</RootTerm>
</CondStmnt>
<BasicStmnt CovItemId="S265" CovItemPrefix="Draw.java" Intrnl_Id="1759">
<LocList>
<Loc EndOffset="28427" SrcFileId="5" StartOffset="28420"/>
</LocList>
</BasicStmnt>
</StmntSeq>
</HierarchyLvl>
<HierarchyLvl HierarchyLvlId="3849" HierarchyLvlTypeId="13" Intrnl_Id="1760" Name="rectangle">
<Header>
<Loc EndOffset="29083" SrcFileId="5" StartOffset="29005"/>
</Header>
<LocList>
<Loc EndOffset="29631" SrcFileId="5" StartOffset="29005"/>
</LocList>
<StmntSeq Intrnl_Id="1761">
<LocList>
<Loc EndOffset="29111" SrcFileId="5" StartOffset="29094"/>
<Loc EndOffset="29137" SrcFileId="5" StartOffset="29120"/>
<Loc EndOffset="29179" SrcFileId="5" StartOffset="29146"/>
<Loc EndOffset="29223" SrcFileId="5" StartOffset="29188"/>
<Loc EndOffset="29277" SrcFileId="5" StartOffset="29232"/>
<Loc EndOffset="29333" SrcFileId="5" StartOffset="29286"/>
<Loc EndOffset="29365" SrcFileId="5" StartOffset="29343"/>
<Loc EndOffset="29396" SrcFileId="5" StartOffset="29374"/>
<Loc EndOffset="29438" SrcFileId="5" StartOffset="29405"/>
<Loc EndOffset="29481" SrcFileId="5" StartOffset="29447"/>
<Loc EndOffset="29609" SrcFileId="5" StartOffset="29490"/>
<Loc EndOffset="29625" SrcFileId="5" StartOffset="29618"/>
</LocList>
<BasicStmnt CovItemId="S266" CovItemPrefix="Draw.java" Intrnl_Id="1762">
<LocList>
<Loc EndOffset="29111" SrcFileId="5" StartOffset="29094"/>
</LocList>
</BasicStmnt>
<BasicStmnt CovItemId="S267" CovItemPrefix="Draw.java" Intrnl_Id="1763">
<LocList>
<Loc EndOffset="29137" SrcFileId="5" StartOffset="29120"/>
</LocList>
</BasicStmnt>
<BasicStmnt CovItemId="S268" CovItemPrefix="Draw.java" Intrnl_Id="1764">
<LocList>
<Loc EndOffset="29179" SrcFileId="5" StartOffset="29146"/>
</LocList>
</BasicStmnt>
<BasicStmnt CovItemId="S269" CovItemPrefix="Draw.java" Intrnl_Id="1765">
<LocList>
<Loc EndOffset="29223" SrcFileId="5" StartOffset="29188"/>
</LocList>
</BasicStmnt>
<BasicStmnt CovItemId="S270" CovItemPrefix="Draw.java" Intrnl_Id="1766">
<LocList>
<Loc EndOffset="29277" SrcFileId="5" StartOffset="29232"/>
</LocList>
</BasicStmnt>
<BasicStmnt CovItemId="S271" CovItemPrefix="Draw.java" Intrnl_Id="1767">
<LocList>
<Loc EndOffset="29333" SrcFileId="5" StartOffset="29286"/>
</LocList>
</BasicStmnt>
<BasicStmnt CovItemId="S272" CovItemPrefix="Draw.java" Intrnl_Id="1768">
<LocList>
<Loc EndOffset="29365" SrcFileId="5" StartOffset="29343"/>
</LocList>
</BasicStmnt>
<BasicStmnt CovItemId="S273" CovItemPrefix="Draw.java" Intrnl_Id="1769">
<LocList>
<Loc EndOffset="29396" SrcFileId="5" StartOffset="29374"/>
</LocList>
</BasicStmnt>
<BasicStmnt CovItemId="S274" CovItemPrefix="Draw.java" Intrnl_Id="1770">
<LocList>
<Loc EndOffset="29438" SrcFileId="5" StartOffset="29405"/>
</LocList>
</BasicStmnt>
<BasicStmnt CovItemId="S275" CovItemPrefix="Draw.java" Intrnl_Id="1771">
<LocList>
<Loc EndOffset="29481" SrcFileId="5" StartOffset="29447"/>
</LocList>
</BasicStmnt>
<CondStmnt CovItemId="S276" CovItemPrefix="Draw.java" Intrnl_Id="1772">
<Branch CovItemId="B41" CovItemPrefix="Draw.java" Implct="false" Intrnl_Id="1773">
<Cond/>
<LocList>
<Loc EndOffset="29526" SrcFileId="5" StartOffset="29514"/>
</LocList>
<StmntSeq Intrnl_Id="1774">
<LocList>
<Loc EndOffset="29526" SrcFileId="5" StartOffset="29514"/>
</LocList>
<BasicStmnt CovItemId="S277" CovItemPrefix="Draw.java" Intrnl_Id="1775">
<LocList>
<Loc EndOffset="29526" SrcFileId="5" StartOffset="29514"/>
</LocList>
</BasicStmnt>
</StmntSeq>
</Branch>
<Branch CovItemId="B42" CovItemPrefix="Draw.java" Implct="false" Intrnl_Id="1776">
<Cond>
<Loc EndOffset="29539" SrcFileId="5" StartOffset="29535"/>
</Cond>
<LocList>
<Loc EndOffset="29609" SrcFileId="5" StartOffset="29540"/>
</LocList>
<StmntSeq Intrnl_Id="1777">
<LocList>
<Loc EndOffset="29609" SrcFileId="5" StartOffset="29540"/>
</LocList>
<BasicStmnt CovItemId="S278" CovItemPrefix="Draw.java" Intrnl_Id="1778">
<LocList>
<Loc EndOffset="29609" SrcFileId="5" StartOffset="29540"/>
</LocList>
</BasicStmnt>
</StmntSeq>
</Branch>
<Keyword EndOffset="29492" SrcFileId="5" StartOffset="29490"/>
<LocList>
<Loc EndOffset="29609" SrcFileId="5" StartOffset="29490"/>
</LocList>
<RootTerm CovItemId="C22" CovItemPrefix="Draw.java" Intrnl_Id="1779">
<OpTerm BooleanOpId="9" Intrnl_Id="1780">
<BasicBoolTerm Intrnl_Id="1781">
<LocList>
<Loc EndOffset="29501" SrcFileId="5" StartOffset="29494"/>
</LocList>
</BasicBoolTerm>
<BasicBoolTerm Intrnl_Id="1782">
<LocList>
<Loc EndOffset="29512" SrcFileId="5" StartOffset="29505"/>
</LocList>
</BasicBoolTerm>
<LocList>
<Loc EndOffset="29504" SrcFileId="5" StartOffset="29502"/>
</LocList>
</OpTerm>
</RootTerm>
</CondStmnt>
<BasicStmnt CovItemId="S279" CovItemPrefix="Draw.java" Intrnl_Id="1783">
<LocList>
<Loc EndOffset="29625" SrcFileId="5" StartOffset="29618"/>
</LocList>
</BasicStmnt>
</StmntSeq>
</HierarchyLvl>
<HierarchyLvl HierarchyLvlId="3850" HierarchyLvlTypeId="13" Intrnl_Id="1784" Name="filledRectangle">
<Header>
<Loc EndOffset="30293" SrcFileId="5" StartOffset="30209"/>
</Header>
<LocList>
<Loc EndOffset="30841" SrcFileId="5" StartOffset="30209"/>
</LocList>
<StmntSeq Intrnl_Id="1785">
<LocList>
<Loc EndOffset="30321" SrcFileId="5" StartOffset="30304"/>
<Loc EndOffset="30347" SrcFileId="5" StartOffset="30330"/>
<Loc EndOffset="30389" SrcFileId="5" StartOffset="30356"/>
<Loc EndOffset="30433" SrcFileId="5" StartOffset="30398"/>
<Loc EndOffset="30487" SrcFileId="5" StartOffset="30442"/>
<Loc EndOffset="30543" SrcFileId="5" StartOffset="30496"/>
<Loc EndOffset="30575" SrcFileId="5" StartOffset="30553"/>
<Loc EndOffset="30606" SrcFileId="5" StartOffset="30584"/>
<Loc EndOffset="30648" SrcFileId="5" StartOffset="30615"/>
<Loc EndOffset="30691" SrcFileId="5" StartOffset="30657"/>
<Loc EndOffset="30819" SrcFileId="5" StartOffset="30700"/>
<Loc EndOffset="30835" SrcFileId="5" StartOffset="30828"/>
</LocList>
<BasicStmnt CovItemId="S280" CovItemPrefix="Draw.java" Intrnl_Id="1786">
<LocList>
<Loc EndOffset="30321" SrcFileId="5" StartOffset="30304"/>
</LocList>
</BasicStmnt>
<BasicStmnt CovItemId="S281" CovItemPrefix="Draw.java" Intrnl_Id="1787">
<LocList>
<Loc EndOffset="30347" SrcFileId="5" StartOffset="30330"/>
</LocList>
</BasicStmnt>
<BasicStmnt CovItemId="S282" CovItemPrefix="Draw.java" Intrnl_Id="1788">
<LocList>
<Loc EndOffset="30389" SrcFileId="5" StartOffset="30356"/>
</LocList>
</BasicStmnt>
<BasicStmnt CovItemId="S283" CovItemPrefix="Draw.java" Intrnl_Id="1789">
<LocList>
<Loc EndOffset="30433" SrcFileId="5" StartOffset="30398"/>
</LocList>
</BasicStmnt>
<BasicStmnt CovItemId="S284" CovItemPrefix="Draw.java" Intrnl_Id="1790">
<LocList>
<Loc EndOffset="30487" SrcFileId="5" StartOffset="30442"/>
</LocList>
</BasicStmnt>
<BasicStmnt CovItemId="S285" CovItemPrefix="Draw.java" Intrnl_Id="1791">
<LocList>
<Loc EndOffset="30543" SrcFileId="5" StartOffset="30496"/>
</LocList>
</BasicStmnt>
<BasicStmnt CovItemId="S286" CovItemPrefix="Draw.java" Intrnl_Id="1792">
<LocList>
<Loc EndOffset="30575" SrcFileId="5" StartOffset="30553"/>
</LocList>
</BasicStmnt>
<BasicStmnt CovItemId="S287" CovItemPrefix="Draw.java" Intrnl_Id="1793">
<LocList>
<Loc EndOffset="30606" SrcFileId="5" StartOffset="30584"/>
</LocList>
</BasicStmnt>
<BasicStmnt CovItemId="S288" CovItemPrefix="Draw.java" Intrnl_Id="1794">
<LocList>
<Loc EndOffset="30648" SrcFileId="5" StartOffset="30615"/>
</LocList>
</BasicStmnt>
<BasicStmnt CovItemId="S289" CovItemPrefix="Draw.java" Intrnl_Id="1795">
<LocList>
<Loc EndOffset="30691" SrcFileId="5" StartOffset="30657"/>
</LocList>
</BasicStmnt>
<CondStmnt CovItemId="S290" CovItemPrefix="Draw.java" Intrnl_Id="1796">
<Branch CovItemId="B43" CovItemPrefix="Draw.java" Implct="false" Intrnl_Id="1797">
<Cond/>
<LocList>
<Loc EndOffset="30736" SrcFileId="5" StartOffset="30724"/>
</LocList>
<StmntSeq Intrnl_Id="1798">
<LocList>
<Loc EndOffset="30736" SrcFileId="5" StartOffset="30724"/>
</LocList>
<BasicStmnt CovItemId="S291" CovItemPrefix="Draw.java" Intrnl_Id="1799">
<LocList>
<Loc EndOffset="30736" SrcFileId="5" StartOffset="30724"/>
</LocList>
</BasicStmnt>
</StmntSeq>
</Branch>
<Branch CovItemId="B44" CovItemPrefix="Draw.java" Implct="false" Intrnl_Id="1800">
<Cond>
<Loc EndOffset="30749" SrcFileId="5" StartOffset="30745"/>
</Cond>
<LocList>
<Loc EndOffset="30819" SrcFileId="5" StartOffset="30750"/>
</LocList>
<StmntSeq Intrnl_Id="1801">
<LocList>
<Loc EndOffset="30819" SrcFileId="5" StartOffset="30750"/>
</LocList>
<BasicStmnt CovItemId="S292" CovItemPrefix="Draw.java" Intrnl_Id="1802">
<LocList>
<Loc EndOffset="30819" SrcFileId="5" StartOffset="30750"/>
</LocList>
</BasicStmnt>
</StmntSeq>
</Branch>
<Keyword EndOffset="30702" SrcFileId="5" StartOffset="30700"/>
<LocList>
<Loc EndOffset="30819" SrcFileId="5" StartOffset="30700"/>
</LocList>
<RootTerm CovItemId="C23" CovItemPrefix="Draw.java" Intrnl_Id="1803">
<OpTerm BooleanOpId="9" Intrnl_Id="1804">
<BasicBoolTerm Intrnl_Id="1805">
<LocList>
<Loc EndOffset="30711" SrcFileId="5" StartOffset="30704"/>
</LocList>
</BasicBoolTerm>
<BasicBoolTerm Intrnl_Id="1806">
<LocList>
<Loc EndOffset="30722" SrcFileId="5" StartOffset="30715"/>
</LocList>
</BasicBoolTerm>
<LocList>
<Loc EndOffset="30714" SrcFileId="5" StartOffset="30712"/>
</LocList>
</OpTerm>
</RootTerm>
</CondStmnt>
<BasicStmnt CovItemId="S293" CovItemPrefix="Draw.java" Intrnl_Id="1807">
<LocList>
<Loc EndOffset="30835" SrcFileId="5" StartOffset="30828"/>
</LocList>
</BasicStmnt>
</StmntSeq>
</HierarchyLvl>
<HierarchyLvl HierarchyLvlId="3851" HierarchyLvlTypeId="13" Intrnl_Id="1808" Name="polygon">
<Header>
<Loc EndOffset="31597" SrcFileId="5" StartOffset="31554"/>
</Header>
<LocList>
<Loc EndOffset="32342" SrcFileId="5" StartOffset="31554"/>
</LocList>
<StmntSeq Intrnl_Id="1809">
<LocList>
<Loc EndOffset="31649" SrcFileId="5" StartOffset="31608"/>
<Loc EndOffset="31699" SrcFileId="5" StartOffset="31658"/>
<Loc EndOffset="31774" SrcFileId="5" StartOffset="31708"/>
<Loc EndOffset="31849" SrcFileId="5" StartOffset="31783"/>
<Loc EndOffset="31877" SrcFileId="5" StartOffset="31859"/>
<Loc EndOffset="31904" SrcFileId="5" StartOffset="31886"/>
<Loc EndOffset="31999" SrcFileId="5" StartOffset="31913"/>
<Loc EndOffset="32019" SrcFileId="5" StartOffset="32008"/>
<Loc EndOffset="32047" SrcFileId="5" StartOffset="32028"/>
<Loc EndOffset="32094" SrcFileId="5" StartOffset="32057"/>
<Loc EndOffset="32159" SrcFileId="5" StartOffset="32103"/>
<Loc EndOffset="32264" SrcFileId="5" StartOffset="32168"/>
<Loc EndOffset="32290" SrcFileId="5" StartOffset="32273"/>
<Loc EndOffset="32320" SrcFileId="5" StartOffset="32299"/>
<Loc EndOffset="32336" SrcFileId="5" StartOffset="32329"/>
</LocList>
<BasicStmnt CovItemId="S294" CovItemPrefix="Draw.java" Intrnl_Id="1810">
<LocList>
<Loc EndOffset="31649" SrcFileId="5" StartOffset="31608"/>
</LocList>
</BasicStmnt>
<BasicStmnt CovItemId="S295" CovItemPrefix="Draw.java" Intrnl_Id="1811">
<LocList>
<Loc EndOffset="31699" SrcFileId="5" StartOffset="31658"/>
</LocList>
</BasicStmnt>
<LoopStmnt CovItemId="S296" CovItemPrefix="Draw.java" Intrnl_Id="1812" MltplExecId="L2-2" MltplExecPrefix="Draw.java" NvrExecId="L2-0" NvrExecPrefix="Draw.java" OnceExecutedId="L2-1" OnceExecutedPrefix="Draw.java" OptBodyExec="true">
<StmntSeq Intrnl_Id="1813">
<LocList>
<Loc EndOffset="31774" SrcFileId="5" StartOffset="31743"/>
</LocList>
<BasicStmnt CovItemId="S297" CovItemPrefix="Draw.java" Intrnl_Id="1814">
<LocList>
<Loc EndOffset="31774" SrcFileId="5" StartOffset="31743"/>
</LocList>
</BasicStmnt>
</StmntSeq>
<Keyword EndOffset="31711" SrcFileId="5" StartOffset="31708"/>
<LocList>
<Loc EndOffset="31774" SrcFileId="5" StartOffset="31708"/>
</LocList>
<RootTerm CovItemId="C24" CovItemPrefix="Draw.java" Intrnl_Id="1815">
<BasicBoolTerm Intrnl_Id="1816">
<LocList>
<Loc EndOffset="31736" SrcFileId="5" StartOffset="31724"/>
</LocList>
</BasicBoolTerm>
</RootTerm>
</LoopStmnt>
<LoopStmnt CovItemId="S298" CovItemPrefix="Draw.java" Intrnl_Id="1817" MltplExecId="L3-2" MltplExecPrefix="Draw.java" NvrExecId="L3-0" NvrExecPrefix="Draw.java" OnceExecutedId="L3-1" OnceExecutedPrefix="Draw.java" OptBodyExec="true">
<StmntSeq Intrnl_Id="1818">
<LocList>
<Loc EndOffset="31849" SrcFileId="5" StartOffset="31818"/>
</LocList>
<BasicStmnt CovItemId="S299" CovItemPrefix="Draw.java" Intrnl_Id="1819">
<LocList>
<Loc EndOffset="31849" SrcFileId="5" StartOffset="31818"/>
</LocList>
</BasicStmnt>
</StmntSeq>
<Keyword EndOffset="31786" SrcFileId="5" StartOffset="31783"/>
<LocList>
<Loc EndOffset="31849" SrcFileId="5" StartOffset="31783"/>
</LocList>
<RootTerm CovItemId="C25" CovItemPrefix="Draw.java" Intrnl_Id="1820">
<BasicBoolTerm Intrnl_Id="1821">
<LocList>
<Loc EndOffset="31811" SrcFileId="5" StartOffset="31799"/>
</LocList>
</BasicBoolTerm>
</RootTerm>
</LoopStmnt>
<BasicStmnt CovItemId="S300" CovItemPrefix="Draw.java" Intrnl_Id="1822">
<LocList>
<Loc EndOffset="31877" SrcFileId="5" StartOffset="31859"/>
</LocList>
</BasicStmnt>
<BasicStmnt CovItemId="S301" CovItemPrefix="Draw.java" Intrnl_Id="1823">
<LocList>
<Loc EndOffset="31904" SrcFileId="5" StartOffset="31886"/>
</LocList>
</BasicStmnt>
<CondStmnt CovItemId="S302" CovItemPrefix="Draw.java" Intrnl_Id="1824">
<Branch CovItemId="B45" CovItemPrefix="Draw.java" Implct="false" Intrnl_Id="1825">
<Cond/>
<LocList>
<Loc EndOffset="31999" SrcFileId="5" StartOffset="31927"/>
</LocList>
<StmntSeq Intrnl_Id="1826">
<LocList>
<Loc EndOffset="31999" SrcFileId="5" StartOffset="31927"/>
</LocList>
<BasicStmnt CovItemId="S303" CovItemPrefix="Draw.java" Intrnl_Id="1827">
<LocList>
<Loc EndOffset="31999" SrcFileId="5" StartOffset="31927"/>
</LocList>
</BasicStmnt>
</StmntSeq>
</Branch>
<Branch CovItemId="B46" CovItemPrefix="Draw.java" Implct="true" Intrnl_Id="1828">
<Cond/>
<LocList/>
<StmntSeq Intrnl_Id="1829">
<LocList/>
</StmntSeq>
</Branch>
<Keyword EndOffset="31915" SrcFileId="5" StartOffset="31913"/>
<LocList>
<Loc EndOffset="31999" SrcFileId="5" StartOffset="31913"/>
</LocList>
<RootTerm CovItemId="C26" CovItemPrefix="Draw.java" Intrnl_Id="1830">
<BasicBoolTerm Intrnl_Id="1831">
<LocList>
<Loc EndOffset="31925" SrcFileId="5" StartOffset="31917"/>
</LocList>
</BasicBoolTerm>
</RootTerm>
</CondStmnt>
<BasicStmnt CovItemId="S304" CovItemPrefix="Draw.java" Intrnl_Id="1832">
<LocList>
<Loc EndOffset="32019" SrcFileId="5" StartOffset="32008"/>
</LocList>
</BasicStmnt>
<CondStmnt CovItemId="S305" CovItemPrefix="Draw.java" Intrnl_Id="1833">
<Branch CovItemId="B47" CovItemPrefix="Draw.java" Implct="false" Intrnl_Id="1834">
<Cond/>
<LocList>
<Loc EndOffset="32047" SrcFileId="5" StartOffset="32040"/>
</LocList>
<StmntSeq Intrnl_Id="1835">
<LocList>
<Loc EndOffset="32047" SrcFileId="5" StartOffset="32040"/>
</LocList>
<BasicStmnt CovItemId="S306" CovItemPrefix="Draw.java" Intrnl_Id="1836">
<LocList>
<Loc EndOffset="32047" SrcFileId="5" StartOffset="32040"/>
</LocList>
</BasicStmnt>
</StmntSeq>
</Branch>
<Branch CovItemId="B48" CovItemPrefix="Draw.java" Implct="true" Intrnl_Id="1837">
<Cond/>
<LocList/>
<StmntSeq Intrnl_Id="1838">
<LocList/>
</StmntSeq>
</Branch>
<Keyword EndOffset="32030" SrcFileId="5" StartOffset="32028"/>
<LocList>
<Loc EndOffset="32047" SrcFileId="5" StartOffset="32028"/>
</LocList>
<RootTerm CovItemId="C27" CovItemPrefix="Draw.java" Intrnl_Id="1839">
<BasicBoolTerm Intrnl_Id="1840">
<LocList>
<Loc EndOffset="32038" SrcFileId="5" StartOffset="32032"/>
</LocList>
</BasicBoolTerm>
</RootTerm>
</CondStmnt>
<BasicStmnt CovItemId="S307" CovItemPrefix="Draw.java" Intrnl_Id="1841">
<LocList>
<Loc EndOffset="32094" SrcFileId="5" StartOffset="32057"/>
</LocList>
</BasicStmnt>
<BasicStmnt CovItemId="S308" CovItemPrefix="Draw.java" Intrnl_Id="1842">
<LocList>
<Loc EndOffset="32159" SrcFileId="5" StartOffset="32103"/>
</LocList>
</BasicStmnt>
<LoopStmnt CovItemId="S309" CovItemPrefix="Draw.java" Intrnl_Id="1843" MltplExecId="L4-2" MltplExecPrefix="Draw.java" NvrExecId="L4-0" NvrExecPrefix="Draw.java" OnceExecutedId="L4-1" OnceExecutedPrefix="Draw.java" OptBodyExec="true">
<StmntSeq Intrnl_Id="1844">
<LocList>
<Loc EndOffset="32264" SrcFileId="5" StartOffset="32208"/>
</LocList>
<BasicStmnt CovItemId="S310" CovItemPrefix="Draw.java" Intrnl_Id="1845">
<LocList>
<Loc EndOffset="32264" SrcFileId="5" StartOffset="32208"/>
</LocList>
</BasicStmnt>
</StmntSeq>
<Keyword EndOffset="32171" SrcFileId="5" StartOffset="32168"/>
<LocList>
<Loc EndOffset="32264" SrcFileId="5" StartOffset="32168"/>
</LocList>
<RootTerm CovItemId="C28" CovItemPrefix="Draw.java" Intrnl_Id="1846">
<BasicBoolTerm Intrnl_Id="1847">
<LocList>
<Loc EndOffset="32189" SrcFileId="5" StartOffset="32184"/>
</LocList>
</BasicBoolTerm>
</RootTerm>
</LoopStmnt>
<BasicStmnt CovItemId="S311" CovItemPrefix="Draw.java" Intrnl_Id="1848">
<LocList>
<Loc EndOffset="32290" SrcFileId="5" StartOffset="32273"/>
</LocList>
</BasicStmnt>
<BasicStmnt CovItemId="S312" CovItemPrefix="Draw.java" Intrnl_Id="1849">
<LocList>
<Loc EndOffset="32320" SrcFileId="5" StartOffset="32299"/>
</LocList>
</BasicStmnt>
<BasicStmnt CovItemId="S313" CovItemPrefix="Draw.java" Intrnl_Id="1850">
<LocList>
<Loc EndOffset="32336" SrcFileId="5" StartOffset="32329"/>
</LocList>
</BasicStmnt>
</StmntSeq>
</HierarchyLvl>
<HierarchyLvl HierarchyLvlId="3852" HierarchyLvlTypeId="13" Intrnl_Id="1851" Name="filledPolygon">
<Header>
<Loc EndOffset="33111" SrcFileId="5" StartOffset="33062"/>
</Header>
<LocList>
<Loc EndOffset="33856" SrcFileId="5" StartOffset="33062"/>
</LocList>
<StmntSeq Intrnl_Id="1852">
<LocList>
<Loc EndOffset="33163" SrcFileId="5" StartOffset="33122"/>
<Loc EndOffset="33213" SrcFileId="5" StartOffset="33172"/>
<Loc EndOffset="33288" SrcFileId="5" StartOffset="33222"/>
<Loc EndOffset="33363" SrcFileId="5" StartOffset="33297"/>
<Loc EndOffset="33391" SrcFileId="5" StartOffset="33373"/>
<Loc EndOffset="33418" SrcFileId="5" StartOffset="33400"/>
<Loc EndOffset="33513" SrcFileId="5" StartOffset="33427"/>
<Loc EndOffset="33533" SrcFileId="5" StartOffset="33522"/>
<Loc EndOffset="33561" SrcFileId="5" StartOffset="33542"/>
<Loc EndOffset="33608" SrcFileId="5" StartOffset="33571"/>
<Loc EndOffset="33673" SrcFileId="5" StartOffset="33617"/>
<Loc EndOffset="33778" SrcFileId="5" StartOffset="33682"/>
<Loc EndOffset="33804" SrcFileId="5" StartOffset="33787"/>
<Loc EndOffset="33834" SrcFileId="5" StartOffset="33813"/>
<Loc EndOffset="33850" SrcFileId="5" StartOffset="33843"/>
</LocList>
<BasicStmnt CovItemId="S314" CovItemPrefix="Draw.java" Intrnl_Id="1853">
<LocList>
<Loc EndOffset="33163" SrcFileId="5" StartOffset="33122"/>
</LocList>
</BasicStmnt>
<BasicStmnt CovItemId="S315" CovItemPrefix="Draw.java" Intrnl_Id="1854">
<LocList>
<Loc EndOffset="33213" SrcFileId="5" StartOffset="33172"/>
</LocList>
</BasicStmnt>
<LoopStmnt CovItemId="S316" CovItemPrefix="Draw.java" Intrnl_Id="1855" MltplExecId="L5-2" MltplExecPrefix="Draw.java" NvrExecId="L5-0" NvrExecPrefix="Draw.java" OnceExecutedId="L5-1" OnceExecutedPrefix="Draw.java" OptBodyExec="true">
<StmntSeq Intrnl_Id="1856">
<LocList>
<Loc EndOffset="33288" SrcFileId="5" StartOffset="33257"/>
</LocList>
<BasicStmnt CovItemId="S317" CovItemPrefix="Draw.java" Intrnl_Id="1857">
<LocList>
<Loc EndOffset="33288" SrcFileId="5" StartOffset="33257"/>
</LocList>
</BasicStmnt>
</StmntSeq>
<Keyword EndOffset="33225" SrcFileId="5" StartOffset="33222"/>
<LocList>
<Loc EndOffset="33288" SrcFileId="5" StartOffset="33222"/>
</LocList>
<RootTerm CovItemId="C29" CovItemPrefix="Draw.java" Intrnl_Id="1858">
<BasicBoolTerm Intrnl_Id="1859">
<LocList>
<Loc EndOffset="33250" SrcFileId="5" StartOffset="33238"/>
</LocList>
</BasicBoolTerm>
</RootTerm>
</LoopStmnt>
<LoopStmnt CovItemId="S318" CovItemPrefix="Draw.java" Intrnl_Id="1860" MltplExecId="L6-2" MltplExecPrefix="Draw.java" NvrExecId="L6-0" NvrExecPrefix="Draw.java" OnceExecutedId="L6-1" OnceExecutedPrefix="Draw.java" OptBodyExec="true">
<StmntSeq Intrnl_Id="1861">
<LocList>
<Loc EndOffset="33363" SrcFileId="5" StartOffset="33332"/>
</LocList>
<BasicStmnt CovItemId="S319" CovItemPrefix="Draw.java" Intrnl_Id="1862">
<LocList>
<Loc EndOffset="33363" SrcFileId="5" StartOffset="33332"/>
</LocList>
</BasicStmnt>
</StmntSeq>
<Keyword EndOffset="33300" SrcFileId="5" StartOffset="33297"/>
<LocList>
<Loc EndOffset="33363" SrcFileId="5" StartOffset="33297"/>
</LocList>
<RootTerm CovItemId="C30" CovItemPrefix="Draw.java" Intrnl_Id="1863">
<BasicBoolTerm Intrnl_Id="1864">
<LocList>
<Loc EndOffset="33325" SrcFileId="5" StartOffset="33313"/>
</LocList>
</BasicBoolTerm>
</RootTerm>
</LoopStmnt>
<BasicStmnt CovItemId="S320" CovItemPrefix="Draw.java" Intrnl_Id="1865">
<LocList>
<Loc EndOffset="33391" SrcFileId="5" StartOffset="33373"/>
</LocList>
</BasicStmnt>
<BasicStmnt CovItemId="S321" CovItemPrefix="Draw.java" Intrnl_Id="1866">
<LocList>
<Loc EndOffset="33418" SrcFileId="5" StartOffset="33400"/>
</LocList>
</BasicStmnt>
<CondStmnt CovItemId="S322" CovItemPrefix="Draw.java" Intrnl_Id="1867">
<Branch CovItemId="B49" CovItemPrefix="Draw.java" Implct="false" Intrnl_Id="1868">
<Cond/>
<LocList>
<Loc EndOffset="33513" SrcFileId="5" StartOffset="33441"/>
</LocList>
<StmntSeq Intrnl_Id="1869">
<LocList>
<Loc EndOffset="33513" SrcFileId="5" StartOffset="33441"/>
</LocList>
<BasicStmnt CovItemId="S323" CovItemPrefix="Draw.java" Intrnl_Id="1870">
<LocList>
<Loc EndOffset="33513" SrcFileId="5" StartOffset="33441"/>
</LocList>
</BasicStmnt>
</StmntSeq>
</Branch>
<Branch CovItemId="B50" CovItemPrefix="Draw.java" Implct="true" Intrnl_Id="1871">
<Cond/>
<LocList/>
<StmntSeq Intrnl_Id="1872">
<LocList/>
</StmntSeq>
</Branch>
<Keyword EndOffset="33429" SrcFileId="5" StartOffset="33427"/>
<LocList>
<Loc EndOffset="33513" SrcFileId="5" StartOffset="33427"/>
</LocList>
<RootTerm CovItemId="C31" CovItemPrefix="Draw.java" Intrnl_Id="1873">
<BasicBoolTerm Intrnl_Id="1874">
<LocList>
<Loc EndOffset="33439" SrcFileId="5" StartOffset="33431"/>
</LocList>
</BasicBoolTerm>
</RootTerm>
</CondStmnt>
<BasicStmnt CovItemId="S324" CovItemPrefix="Draw.java" Intrnl_Id="1875">
<LocList>
<Loc EndOffset="33533" SrcFileId="5" StartOffset="33522"/>
</LocList>
</BasicStmnt>
<CondStmnt CovItemId="S325" CovItemPrefix="Draw.java" Intrnl_Id="1876">
<Branch CovItemId="B51" CovItemPrefix="Draw.java" Implct="false" Intrnl_Id="1877">
<Cond/>
<LocList>
<Loc EndOffset="33561" SrcFileId="5" StartOffset="33554"/>
</LocList>
<StmntSeq Intrnl_Id="1878">
<LocList>
<Loc EndOffset="33561" SrcFileId="5" StartOffset="33554"/>
</LocList>
<BasicStmnt CovItemId="S326" CovItemPrefix="Draw.java" Intrnl_Id="1879">
<LocList>
<Loc EndOffset="33561" SrcFileId="5" StartOffset="33554"/>
</LocList>
</BasicStmnt>
</StmntSeq>
</Branch>
<Branch CovItemId="B52" CovItemPrefix="Draw.java" Implct="true" Intrnl_Id="1880">
<Cond/>
<LocList/>
<StmntSeq Intrnl_Id="1881">
<LocList/>
</StmntSeq>
</Branch>
<Keyword EndOffset="33544" SrcFileId="5" StartOffset="33542"/>
<LocList>
<Loc EndOffset="33561" SrcFileId="5" StartOffset="33542"/>
</LocList>
<RootTerm CovItemId="C32" CovItemPrefix="Draw.java" Intrnl_Id="1882">
<BasicBoolTerm Intrnl_Id="1883">
<LocList>
<Loc EndOffset="33552" SrcFileId="5" StartOffset="33546"/>
</LocList>
</BasicBoolTerm>
</RootTerm>
</CondStmnt>
<BasicStmnt CovItemId="S327" CovItemPrefix="Draw.java" Intrnl_Id="1884">
<LocList>
<Loc EndOffset="33608" SrcFileId="5" StartOffset="33571"/>
</LocList>
</BasicStmnt>
<BasicStmnt CovItemId="S328" CovItemPrefix="Draw.java" Intrnl_Id="1885">
<LocList>
<Loc EndOffset="33673" SrcFileId="5" StartOffset="33617"/>
</LocList>
</BasicStmnt>
<LoopStmnt CovItemId="S329" CovItemPrefix="Draw.java" Intrnl_Id="1886" MltplExecId="L7-2" MltplExecPrefix="Draw.java" NvrExecId="L7-0" NvrExecPrefix="Draw.java" OnceExecutedId="L7-1" OnceExecutedPrefix="Draw.java" OptBodyExec="true">
<StmntSeq Intrnl_Id="1887">
<LocList>
<Loc EndOffset="33778" SrcFileId="5" StartOffset="33722"/>
</LocList>
<BasicStmnt CovItemId="S330" CovItemPrefix="Draw.java" Intrnl_Id="1888">
<LocList>
<Loc EndOffset="33778" SrcFileId="5" StartOffset="33722"/>
</LocList>
</BasicStmnt>
</StmntSeq>
<Keyword EndOffset="33685" SrcFileId="5" StartOffset="33682"/>
<LocList>
<Loc EndOffset="33778" SrcFileId="5" StartOffset="33682"/>
</LocList>
<RootTerm CovItemId="C33" CovItemPrefix="Draw.java" Intrnl_Id="1889">
<BasicBoolTerm Intrnl_Id="1890">
<LocList>
<Loc EndOffset="33703" SrcFileId="5" StartOffset="33698"/>
</LocList>
</BasicBoolTerm>
</RootTerm>
</LoopStmnt>
<BasicStmnt CovItemId="S331" CovItemPrefix="Draw.java" Intrnl_Id="1891">
<LocList>
<Loc EndOffset="33804" SrcFileId="5" StartOffset="33787"/>
</LocList>
</BasicStmnt>
<BasicStmnt CovItemId="S332" CovItemPrefix="Draw.java" Intrnl_Id="1892">
<LocList>
<Loc EndOffset="33834" SrcFileId="5" StartOffset="33813"/>
</LocList>
</BasicStmnt>
<BasicStmnt CovItemId="S333" CovItemPrefix="Draw.java" Intrnl_Id="1893">
<LocList>
<Loc EndOffset="33850" SrcFileId="5" StartOffset="33843"/>
</LocList>
</BasicStmnt>
</StmntSeq>
</HierarchyLvl>
<HierarchyLvl HierarchyLvlId="3853" HierarchyLvlTypeId="13" Intrnl_Id="1894" Name="getImage">
<Header>
<Loc EndOffset="34138" SrcFileId="5" StartOffset="34093"/>
</Header>
<LocList>
<Loc EndOffset="35345" SrcFileId="5" StartOffset="34093"/>
</LocList>
<StmntSeq Intrnl_Id="1895">
<LocList>
<Loc EndOffset="34208" SrcFileId="5" StartOffset="34149"/>
<Loc EndOffset="34288" SrcFileId="5" StartOffset="34247"/>
<Loc EndOffset="34629" SrcFileId="5" StartOffset="34330"/>
<Loc EndOffset="34930" SrcFileId="5" StartOffset="34712"/>
<Loc EndOffset="35306" SrcFileId="5" StartOffset="35017"/>
<Loc EndOffset="35339" SrcFileId="5" StartOffset="35316"/>
</LocList>
<CondStmnt CovItemId="S334" CovItemPrefix="Draw.java" Intrnl_Id="1896">
<Branch CovItemId="B53" CovItemPrefix="Draw.java" Implct="false" Intrnl_Id="1897">
<Cond/>
<LocList>
<Loc EndOffset="34208" SrcFileId="5" StartOffset="34171"/>
</LocList>
<StmntSeq Intrnl_Id="1898">
<LocList>
<Loc EndOffset="34208" SrcFileId="5" StartOffset="34171"/>
</LocList>
<BasicStmnt CovItemId="S335" CovItemPrefix="Draw.java" Intrnl_Id="1899">
<LocList>
<Loc EndOffset="34208" SrcFileId="5" StartOffset="34171"/>
</LocList>
</BasicStmnt>
</StmntSeq>
</Branch>
<Branch CovItemId="B54" CovItemPrefix="Draw.java" Implct="true" Intrnl_Id="1900">
<Cond/>
<LocList/>
<StmntSeq Intrnl_Id="1901">
<LocList/>
</StmntSeq>
</Branch>
<Keyword EndOffset="34151" SrcFileId="5" StartOffset="34149"/>
<LocList>
<Loc EndOffset="34208" SrcFileId="5" StartOffset="34149"/>
</LocList>
<RootTerm CovItemId="C34" CovItemPrefix="Draw.java" Intrnl_Id="1902">
<BasicBoolTerm Intrnl_Id="1903">
<LocList>
<Loc EndOffset="34169" SrcFileId="5" StartOffset="34153"/>
</LocList>
</BasicBoolTerm>
</RootTerm>
</CondStmnt>
<BasicStmnt CovItemId="S336" CovItemPrefix="Draw.java" Intrnl_Id="1904">
<LocList>
<Loc EndOffset="34288" SrcFileId="5" StartOffset="34247"/>
</LocList>
</BasicStmnt>
<CondStmnt CovItemId="S337" CovItemPrefix="Draw.java" Intrnl_Id="1905">
<Branch CovItemId="B55" CovItemPrefix="Draw.java" Implct="false" Intrnl_Id="1906">
<Cond/>
<LocList>
<Loc EndOffset="34629" SrcFileId="5" StartOffset="34406"/>
</LocList>
<StmntSeq Intrnl_Id="1907">
<LocList>
<Loc EndOffset="34470" SrcFileId="5" StartOffset="34442"/>
<Loc EndOffset="34513" SrcFileId="5" StartOffset="34487"/>
<Loc EndOffset="34619" SrcFileId="5" StartOffset="34420"/>
</LocList>
<BasicStmnt CovItemId="S339" CovItemPrefix="Draw.java" Intrnl_Id="1908">
<LocList>
<Loc EndOffset="34470" SrcFileId="5" StartOffset="34442"/>
</LocList>
</BasicStmnt>
<BasicStmnt CovItemId="S340" CovItemPrefix="Draw.java" Intrnl_Id="1909">
<LocList>
<Loc EndOffset="34513" SrcFileId="5" StartOffset="34487"/>
</LocList>
</BasicStmnt>
<CondStmnt CovItemId="S338" CovItemPrefix="Draw.java" Intrnl_Id="1910">
<Branch CovItemId="B57" CovItemPrefix="Draw.java" Implct="true" Intrnl_Id="1911">
<Cond/>
<LocList/>
<StmntSeq Intrnl_Id="1912">
<LocList/>
</StmntSeq>
</Branch>
<Branch CovItemId="B58" CovItemPrefix="Draw.java" Implct="false" Intrnl_Id="1913">
<Cond>
<Loc EndOffset="34571" SrcFileId="5" StartOffset="34540"/>
</Cond>
<LocList>
<Loc EndOffset="34619" SrcFileId="5" StartOffset="34572"/>
</LocList>
<StmntSeq Intrnl_Id="1914">
<LocList/>
</StmntSeq>
</Branch>
<Keyword EndOffset="34423" SrcFileId="5" StartOffset="34420"/>
<LocList>
<Loc EndOffset="34619" SrcFileId="5" StartOffset="34420"/>
</LocList>
</CondStmnt>
</StmntSeq>
</Branch>
<Branch CovItemId="B56" CovItemPrefix="Draw.java" Implct="true" Intrnl_Id="1915">
<Cond/>
<LocList/>
<StmntSeq Intrnl_Id="1916">
<LocList/>
</StmntSeq>
</Branch>
<Keyword EndOffset="34332" SrcFileId="5" StartOffset="34330"/>
<LocList>
<Loc EndOffset="34629" SrcFileId="5" StartOffset="34330"/>
</LocList>
<RootTerm CovItemId="C35" CovItemPrefix="Draw.java" Intrnl_Id="1917">
<OpTerm BooleanOpId="10" Intrnl_Id="1918">
<BasicBoolTerm Intrnl_Id="1919">
<LocList>
<Loc EndOffset="34347" SrcFileId="5" StartOffset="34335"/>
</LocList>
</BasicBoolTerm>
<BasicBoolTerm Intrnl_Id="1920">
<LocList>
<Loc EndOffset="34403" SrcFileId="5" StartOffset="34353"/>
</LocList>
</BasicBoolTerm>
<LocList>
<Loc EndOffset="34351" SrcFileId="5" StartOffset="34349"/>
</LocList>
</OpTerm>
</RootTerm>
</CondStmnt>
<CondStmnt CovItemId="S341" CovItemPrefix="Draw.java" Intrnl_Id="1921">
<Branch CovItemId="B59" CovItemPrefix="Draw.java" Implct="false" Intrnl_Id="1922">
<Cond/>
<LocList>
<Loc EndOffset="34930" SrcFileId="5" StartOffset="34788"/>
</LocList>
<StmntSeq Intrnl_Id="1923">
<LocList>
<Loc EndOffset="34848" SrcFileId="5" StartOffset="34802"/>
<Loc EndOffset="34920" SrcFileId="5" StartOffset="34861"/>
</LocList>
<BasicStmnt CovItemId="S342" CovItemPrefix="Draw.java" Intrnl_Id="1924">
<LocList>
<Loc EndOffset="34848" SrcFileId="5" StartOffset="34802"/>
</LocList>
</BasicStmnt>
<CondStmnt CovItemId="S343" CovItemPrefix="Draw.java" Intrnl_Id="1925">
<Branch CovItemId="B61" CovItemPrefix="Draw.java" Implct="false" Intrnl_Id="1926">
<Cond/>
<LocList>
<Loc EndOffset="34920" SrcFileId="5" StartOffset="34894"/>
</LocList>
<StmntSeq Intrnl_Id="1927">
<LocList>
<Loc EndOffset="34920" SrcFileId="5" StartOffset="34894"/>
</LocList>
<BasicStmnt CovItemId="S344" CovItemPrefix="Draw.java" Intrnl_Id="1928">
<LocList>
<Loc EndOffset="34920" SrcFileId="5" StartOffset="34894"/>
</LocList>
</BasicStmnt>
</StmntSeq>
</Branch>
<Branch CovItemId="B62" CovItemPrefix="Draw.java" Implct="true" Intrnl_Id="1929">
<Cond/>
<LocList/>
<StmntSeq Intrnl_Id="1930">
<LocList/>
</StmntSeq>
</Branch>
<Keyword EndOffset="34863" SrcFileId="5" StartOffset="34861"/>
<LocList>
<Loc EndOffset="34920" SrcFileId="5" StartOffset="34861"/>
</LocList>
<RootTerm CovItemId="C37" CovItemPrefix="Draw.java" Intrnl_Id="1931">
<BasicBoolTerm Intrnl_Id="1932">
<LocList>
<Loc EndOffset="34876" SrcFileId="5" StartOffset="34865"/>
</LocList>
</BasicBoolTerm>
</RootTerm>
</CondStmnt>
</StmntSeq>
</Branch>
<Branch CovItemId="B60" CovItemPrefix="Draw.java" Implct="true" Intrnl_Id="1933">
<Cond/>
<LocList/>
<StmntSeq Intrnl_Id="1934">
<LocList/>
</StmntSeq>
</Branch>
<Keyword EndOffset="34714" SrcFileId="5" StartOffset="34712"/>
<LocList>
<Loc EndOffset="34930" SrcFileId="5" StartOffset="34712"/>
</LocList>
<RootTerm CovItemId="C36" CovItemPrefix="Draw.java" Intrnl_Id="1935">
<OpTerm BooleanOpId="10" Intrnl_Id="1936">
<BasicBoolTerm Intrnl_Id="1937">
<LocList>
<Loc EndOffset="34729" SrcFileId="5" StartOffset="34717"/>
</LocList>
</BasicBoolTerm>
<BasicBoolTerm Intrnl_Id="1938">
<LocList>
<Loc EndOffset="34785" SrcFileId="5" StartOffset="34735"/>
</LocList>
</BasicBoolTerm>
<LocList>
<Loc EndOffset="34733" SrcFileId="5" StartOffset="34731"/>
</LocList>
</OpTerm>
</RootTerm>
</CondStmnt>
<CondStmnt CovItemId="S345" CovItemPrefix="Draw.java" Intrnl_Id="1939">
<Branch CovItemId="B63" CovItemPrefix="Draw.java" Implct="false" Intrnl_Id="1940">
<Cond/>
<LocList>
<Loc EndOffset="35306" SrcFileId="5" StartOffset="35093"/>
</LocList>
<StmntSeq Intrnl_Id="1941">
<LocList>
<Loc EndOffset="35156" SrcFileId="5" StartOffset="35107"/>
<Loc EndOffset="35257" SrcFileId="5" StartOffset="35169"/>
<Loc EndOffset="35296" SrcFileId="5" StartOffset="35270"/>
</LocList>
<BasicStmnt CovItemId="S346" CovItemPrefix="Draw.java" Intrnl_Id="1942">
<LocList>
<Loc EndOffset="35156" SrcFileId="5" StartOffset="35107"/>
</LocList>
</BasicStmnt>
<CondStmnt CovItemId="S347" CovItemPrefix="Draw.java" Intrnl_Id="1943">
<Branch CovItemId="B65" CovItemPrefix="Draw.java" Implct="false" Intrnl_Id="1944">
<Cond/>
<LocList>
<Loc EndOffset="35257" SrcFileId="5" StartOffset="35186"/>
</LocList>
<StmntSeq Intrnl_Id="1945">
<LocList>
<Loc EndOffset="35257" SrcFileId="5" StartOffset="35186"/>
</LocList>
<BasicStmnt CovItemId="S348" CovItemPrefix="Draw.java" Intrnl_Id="1946">
<LocList>
<Loc EndOffset="35257" SrcFileId="5" StartOffset="35186"/>
</LocList>
</BasicStmnt>
</StmntSeq>
</Branch>
<Branch CovItemId="B66" CovItemPrefix="Draw.java" Implct="true" Intrnl_Id="1947">
<Cond/>
<LocList/>
<StmntSeq Intrnl_Id="1948">
<LocList/>
</StmntSeq>
</Branch>
<Keyword EndOffset="35171" SrcFileId="5" StartOffset="35169"/>
<LocList>
<Loc EndOffset="35257" SrcFileId="5" StartOffset="35169"/>
</LocList>
<RootTerm CovItemId="C39" CovItemPrefix="Draw.java" Intrnl_Id="1949">
<BasicBoolTerm Intrnl_Id="1950">
<LocList>
<Loc EndOffset="35184" SrcFileId="5" StartOffset="35173"/>
</LocList>
</BasicBoolTerm>
</RootTerm>
</CondStmnt>
<BasicStmnt CovItemId="S349" CovItemPrefix="Draw.java" Intrnl_Id="1951">
<LocList>
<Loc EndOffset="35296" SrcFileId="5" StartOffset="35270"/>
</LocList>
</BasicStmnt>
</StmntSeq>
</Branch>
<Branch CovItemId="B64" CovItemPrefix="Draw.java" Implct="true" Intrnl_Id="1952">
<Cond/>
<LocList/>
<StmntSeq Intrnl_Id="1953">
<LocList/>
</StmntSeq>
</Branch>
<Keyword EndOffset="35019" SrcFileId="5" StartOffset="35017"/>
<LocList>
<Loc EndOffset="35306" SrcFileId="5" StartOffset="35017"/>
</LocList>
<RootTerm CovItemId="C38" CovItemPrefix="Draw.java" Intrnl_Id="1954">
<OpTerm BooleanOpId="10" Intrnl_Id="1955">
<BasicBoolTerm Intrnl_Id="1956">
<LocList>
<Loc EndOffset="35034" SrcFileId="5" StartOffset="35022"/>
</LocList>
</BasicBoolTerm>
<BasicBoolTerm Intrnl_Id="1957">
<LocList>
<Loc EndOffset="35090" SrcFileId="5" StartOffset="35040"/>
</LocList>
</BasicBoolTerm>
<LocList>
<Loc EndOffset="35038" SrcFileId="5" StartOffset="35036"/>
</LocList>
</OpTerm>
</RootTerm>
</CondStmnt>
<BasicStmnt CovItemId="S350" CovItemPrefix="Draw.java" Intrnl_Id="1958">
<LocList>
<Loc EndOffset="35339" SrcFileId="5" StartOffset="35316"/>
</LocList>
</BasicStmnt>
</StmntSeq>
</HierarchyLvl>
<HierarchyLvl HierarchyLvlId="3854" HierarchyLvlTypeId="13" Intrnl_Id="1959" Name="picture">
<Header>
<Loc EndOffset="36212" SrcFileId="5" StartOffset="36156"/>
</Header>
<LocList>
<Loc EndOffset="36727" SrcFileId="5" StartOffset="36156"/>
</LocList>
<StmntSeq Intrnl_Id="1960">
<LocList>
<Loc EndOffset="36240" SrcFileId="5" StartOffset="36223"/>
<Loc EndOffset="36266" SrcFileId="5" StartOffset="36249"/>
<Loc EndOffset="36313" SrcFileId="5" StartOffset="36275"/>
<Loc EndOffset="36356" SrcFileId="5" StartOffset="36323"/>
<Loc EndOffset="36387" SrcFileId="5" StartOffset="36365"/>
<Loc EndOffset="36418" SrcFileId="5" StartOffset="36396"/>
<Loc EndOffset="36457" SrcFileId="5" StartOffset="36427"/>
<Loc EndOffset="36497" SrcFileId="5" StartOffset="36466"/>
<Loc EndOffset="36600" SrcFileId="5" StartOffset="36506"/>
<Loc EndOffset="36705" SrcFileId="5" StartOffset="36610"/>
<Loc EndOffset="36721" SrcFileId="5" StartOffset="36714"/>
</LocList>
<BasicStmnt CovItemId="S351" CovItemPrefix="Draw.java" Intrnl_Id="1961">
<LocList>
<Loc EndOffset="36240" SrcFileId="5" StartOffset="36223"/>
</LocList>
</BasicStmnt>
<BasicStmnt CovItemId="S352" CovItemPrefix="Draw.java" Intrnl_Id="1962">
<LocList>
<Loc EndOffset="36266" SrcFileId="5" StartOffset="36249"/>
</LocList>
</BasicStmnt>
<BasicStmnt CovItemId="S353" CovItemPrefix="Draw.java" Intrnl_Id="1963">
<LocList>
<Loc EndOffset="36313" SrcFileId="5" StartOffset="36275"/>
</LocList>
</BasicStmnt>
<BasicStmnt CovItemId="S354" CovItemPrefix="Draw.java" Intrnl_Id="1964">
<LocList>
<Loc EndOffset="36356" SrcFileId="5" StartOffset="36323"/>
</LocList>
</BasicStmnt>
<BasicStmnt CovItemId="S355" CovItemPrefix="Draw.java" Intrnl_Id="1965">
<LocList>
<Loc EndOffset="36387" SrcFileId="5" StartOffset="36365"/>
</LocList>
</BasicStmnt>
<BasicStmnt CovItemId="S356" CovItemPrefix="Draw.java" Intrnl_Id="1966">
<LocList>
<Loc EndOffset="36418" SrcFileId="5" StartOffset="36396"/>
</LocList>
</BasicStmnt>
<BasicStmnt CovItemId="S357" CovItemPrefix="Draw.java" Intrnl_Id="1967">
<LocList>
<Loc EndOffset="36457" SrcFileId="5" StartOffset="36427"/>
</LocList>
</BasicStmnt>
<BasicStmnt CovItemId="S358" CovItemPrefix="Draw.java" Intrnl_Id="1968">
<LocList>
<Loc EndOffset="36497" SrcFileId="5" StartOffset="36466"/>
</LocList>
</BasicStmnt>
<CondStmnt CovItemId="S359" CovItemPrefix="Draw.java" Intrnl_Id="1969">
<Branch CovItemId="B67" CovItemPrefix="Draw.java" Implct="false" Intrnl_Id="1970">
<Cond/>
<LocList>
<Loc EndOffset="36600" SrcFileId="5" StartOffset="36528"/>
</LocList>
<StmntSeq Intrnl_Id="1971">
<LocList>
<Loc EndOffset="36600" SrcFileId="5" StartOffset="36528"/>
</LocList>
<BasicStmnt CovItemId="S360" CovItemPrefix="Draw.java" Intrnl_Id="1972">
<LocList>
<Loc EndOffset="36600" SrcFileId="5" StartOffset="36528"/>
</LocList>
</BasicStmnt>
</StmntSeq>
</Branch>
<Branch CovItemId="B68" CovItemPrefix="Draw.java" Implct="true" Intrnl_Id="1973">
<Cond/>
<LocList/>
<StmntSeq Intrnl_Id="1974">
<LocList/>
</StmntSeq>
</Branch>
<Keyword EndOffset="36508" SrcFileId="5" StartOffset="36506"/>
<LocList>
<Loc EndOffset="36600" SrcFileId="5" StartOffset="36506"/>
</LocList>
<RootTerm CovItemId="C40" CovItemPrefix="Draw.java" Intrnl_Id="1975">
<OpTerm BooleanOpId="10" Intrnl_Id="1976">
<BasicBoolTerm Intrnl_Id="1977">
<LocList>
<Loc EndOffset="36516" SrcFileId="5" StartOffset="36510"/>
</LocList>
</BasicBoolTerm>
<BasicBoolTerm Intrnl_Id="1978">
<LocList>
<Loc EndOffset="36526" SrcFileId="5" StartOffset="36520"/>
</LocList>
</BasicBoolTerm>
<LocList>
<Loc EndOffset="36519" SrcFileId="5" StartOffset="36517"/>
</LocList>
</OpTerm>
</RootTerm>
</CondStmnt>
<BasicStmnt CovItemId="S361" CovItemPrefix="Draw.java" Intrnl_Id="1979">
<LocList>
<Loc EndOffset="36705" SrcFileId="5" StartOffset="36610"/>
</LocList>
</BasicStmnt>
<BasicStmnt CovItemId="S362" CovItemPrefix="Draw.java" Intrnl_Id="1980">
<LocList>
<Loc EndOffset="36721" SrcFileId="5" StartOffset="36714"/>
</LocList>
</BasicStmnt>
</StmntSeq>
</HierarchyLvl>
<HierarchyLvl HierarchyLvlId="3855" HierarchyLvlTypeId="13" Intrnl_Id="1981" Name="picture">
<Header>
<Loc EndOffset="37520" SrcFileId="5" StartOffset="37448"/>
</Header>
<LocList>
<Loc EndOffset="38194" SrcFileId="5" StartOffset="37448"/>
</LocList>
<StmntSeq Intrnl_Id="1982">
<LocList>
<Loc EndOffset="37548" SrcFileId="5" StartOffset="37531"/>
<Loc EndOffset="37574" SrcFileId="5" StartOffset="37557"/>
<Loc EndOffset="37612" SrcFileId="5" StartOffset="37583"/>
<Loc EndOffset="37659" SrcFileId="5" StartOffset="37621"/>
<Loc EndOffset="37702" SrcFileId="5" StartOffset="37669"/>
<Loc EndOffset="37733" SrcFileId="5" StartOffset="37711"/>
<Loc EndOffset="37764" SrcFileId="5" StartOffset="37742"/>
<Loc EndOffset="37803" SrcFileId="5" StartOffset="37773"/>
<Loc EndOffset="37843" SrcFileId="5" StartOffset="37812"/>
<Loc EndOffset="37946" SrcFileId="5" StartOffset="37852"/>
<Loc EndOffset="38007" SrcFileId="5" StartOffset="37956"/>
<Loc EndOffset="38111" SrcFileId="5" StartOffset="38016"/>
<Loc EndOffset="38171" SrcFileId="5" StartOffset="38120"/>
<Loc EndOffset="38188" SrcFileId="5" StartOffset="38181"/>
</LocList>
<BasicStmnt CovItemId="S363" CovItemPrefix="Draw.java" Intrnl_Id="1983">
<LocList>
<Loc EndOffset="37548" SrcFileId="5" StartOffset="37531"/>
</LocList>
</BasicStmnt>
<BasicStmnt CovItemId="S364" CovItemPrefix="Draw.java" Intrnl_Id="1984">
<LocList>
<Loc EndOffset="37574" SrcFileId="5" StartOffset="37557"/>
</LocList>
</BasicStmnt>
<BasicStmnt CovItemId="S365" CovItemPrefix="Draw.java" Intrnl_Id="1985">
<LocList>
<Loc EndOffset="37612" SrcFileId="5" StartOffset="37583"/>
</LocList>
</BasicStmnt>
<BasicStmnt CovItemId="S366" CovItemPrefix="Draw.java" Intrnl_Id="1986">
<LocList>
<Loc EndOffset="37659" SrcFileId="5" StartOffset="37621"/>
</LocList>
</BasicStmnt>
<BasicStmnt CovItemId="S367" CovItemPrefix="Draw.java" Intrnl_Id="1987">
<LocList>
<Loc EndOffset="37702" SrcFileId="5" StartOffset="37669"/>
</LocList>
</BasicStmnt>
<BasicStmnt CovItemId="S368" CovItemPrefix="Draw.java" Intrnl_Id="1988">
<LocList>
<Loc EndOffset="37733" SrcFileId="5" StartOffset="37711"/>
</LocList>
</BasicStmnt>
<BasicStmnt CovItemId="S369" CovItemPrefix="Draw.java" Intrnl_Id="1989">
<LocList>
<Loc EndOffset="37764" SrcFileId="5" StartOffset="37742"/>
</LocList>
</BasicStmnt>
<BasicStmnt CovItemId="S370" CovItemPrefix="Draw.java" Intrnl_Id="1990">
<LocList>
<Loc EndOffset="37803" SrcFileId="5" StartOffset="37773"/>
</LocList>
</BasicStmnt>
<BasicStmnt CovItemId="S371" CovItemPrefix="Draw.java" Intrnl_Id="1991">
<LocList>
<Loc EndOffset="37843" SrcFileId="5" StartOffset="37812"/>
</LocList>
</BasicStmnt>
<CondStmnt CovItemId="S372" CovItemPrefix="Draw.java" Intrnl_Id="1992">
<Branch CovItemId="B69" CovItemPrefix="Draw.java" Implct="false" Intrnl_Id="1993">
<Cond/>
<LocList>
<Loc EndOffset="37946" SrcFileId="5" StartOffset="37874"/>
</LocList>
<StmntSeq Intrnl_Id="1994">
<LocList>
<Loc EndOffset="37946" SrcFileId="5" StartOffset="37874"/>
</LocList>
<BasicStmnt CovItemId="S373" CovItemPrefix="Draw.java" Intrnl_Id="1995">
<LocList>
<Loc EndOffset="37946" SrcFileId="5" StartOffset="37874"/>
</LocList>
</BasicStmnt>
</StmntSeq>
</Branch>
<Branch CovItemId="B70" CovItemPrefix="Draw.java" Implct="true" Intrnl_Id="1996">
<Cond/>
<LocList/>
<StmntSeq Intrnl_Id="1997">
<LocList/>
</StmntSeq>
</Branch>
<Keyword EndOffset="37854" SrcFileId="5" StartOffset="37852"/>
<LocList>
<Loc EndOffset="37946" SrcFileId="5" StartOffset="37852"/>
</LocList>
<RootTerm CovItemId="C41" CovItemPrefix="Draw.java" Intrnl_Id="1998">
<OpTerm BooleanOpId="10" Intrnl_Id="1999">
<BasicBoolTerm Intrnl_Id="2000">
<LocList>
<Loc EndOffset="37862" SrcFileId="5" StartOffset="37856"/>
</LocList>
</BasicBoolTerm>
<BasicBoolTerm Intrnl_Id="2001">
<LocList>
<Loc EndOffset="37872" SrcFileId="5" StartOffset="37866"/>
</LocList>
</BasicBoolTerm>
<LocList>
<Loc EndOffset="37865" SrcFileId="5" StartOffset="37863"/>
</LocList>
</OpTerm>
</RootTerm>
</CondStmnt>
<BasicStmnt CovItemId="S374" CovItemPrefix="Draw.java" Intrnl_Id="2002">
<LocList>
<Loc EndOffset="38007" SrcFileId="5" StartOffset="37956"/>
</LocList>
</BasicStmnt>
<BasicStmnt CovItemId="S375" CovItemPrefix="Draw.java" Intrnl_Id="2003">
<LocList>
<Loc EndOffset="38111" SrcFileId="5" StartOffset="38016"/>
</LocList>
</BasicStmnt>
<BasicStmnt CovItemId="S376" CovItemPrefix="Draw.java" Intrnl_Id="2004">
<LocList>
<Loc EndOffset="38171" SrcFileId="5" StartOffset="38120"/>
</LocList>
</BasicStmnt>
<BasicStmnt CovItemId="S377" CovItemPrefix="Draw.java" Intrnl_Id="2005">
<LocList>
<Loc EndOffset="38188" SrcFileId="5" StartOffset="38181"/>
</LocList>
</BasicStmnt>
</StmntSeq>
</HierarchyLvl>
<HierarchyLvl HierarchyLvlId="3856" HierarchyLvlTypeId="13" Intrnl_Id="2006" Name="picture">
<Header>
<Loc EndOffset="39221" SrcFileId="5" StartOffset="39124"/>
</Header>
<LocList>
<Loc EndOffset="40190" SrcFileId="5" StartOffset="39124"/>
</LocList>
<StmntSeq Intrnl_Id="2007">
<LocList>
<Loc EndOffset="39249" SrcFileId="5" StartOffset="39232"/>
<Loc EndOffset="39275" SrcFileId="5" StartOffset="39258"/>
<Loc EndOffset="39322" SrcFileId="5" StartOffset="39284"/>
<Loc EndOffset="39371" SrcFileId="5" StartOffset="39331"/>
<Loc EndOffset="39418" SrcFileId="5" StartOffset="39380"/>
<Loc EndOffset="39476" SrcFileId="5" StartOffset="39427"/>
<Loc EndOffset="39536" SrcFileId="5" StartOffset="39485"/>
<Loc EndOffset="39579" SrcFileId="5" StartOffset="39546"/>
<Loc EndOffset="39610" SrcFileId="5" StartOffset="39588"/>
<Loc EndOffset="39641" SrcFileId="5" StartOffset="39619"/>
<Loc EndOffset="39683" SrcFileId="5" StartOffset="39650"/>
<Loc EndOffset="39726" SrcFileId="5" StartOffset="39692"/>
<Loc EndOffset="39829" SrcFileId="5" StartOffset="39735"/>
<Loc EndOffset="40168" SrcFileId="5" StartOffset="39838"/>
<Loc EndOffset="40184" SrcFileId="5" StartOffset="40177"/>
</LocList>
<BasicStmnt CovItemId="S378" CovItemPrefix="Draw.java" Intrnl_Id="2008">
<LocList>
<Loc EndOffset="39249" SrcFileId="5" StartOffset="39232"/>
</LocList>
</BasicStmnt>
<BasicStmnt CovItemId="S379" CovItemPrefix="Draw.java" Intrnl_Id="2009">
<LocList>
<Loc EndOffset="39275" SrcFileId="5" StartOffset="39258"/>
</LocList>
</BasicStmnt>
<BasicStmnt CovItemId="S380" CovItemPrefix="Draw.java" Intrnl_Id="2010">
<LocList>
<Loc EndOffset="39322" SrcFileId="5" StartOffset="39284"/>
</LocList>
</BasicStmnt>
<BasicStmnt CovItemId="S381" CovItemPrefix="Draw.java" Intrnl_Id="2011">
<LocList>
<Loc EndOffset="39371" SrcFileId="5" StartOffset="39331"/>
</LocList>
</BasicStmnt>
<BasicStmnt CovItemId="S382" CovItemPrefix="Draw.java" Intrnl_Id="2012">
<LocList>
<Loc EndOffset="39418" SrcFileId="5" StartOffset="39380"/>
</LocList>
</BasicStmnt>
<BasicStmnt CovItemId="S383" CovItemPrefix="Draw.java" Intrnl_Id="2013">
<LocList>
<Loc EndOffset="39476" SrcFileId="5" StartOffset="39427"/>
</LocList>
</BasicStmnt>
<BasicStmnt CovItemId="S384" CovItemPrefix="Draw.java" Intrnl_Id="2014">
<LocList>
<Loc EndOffset="39536" SrcFileId="5" StartOffset="39485"/>
</LocList>
</BasicStmnt>
<BasicStmnt CovItemId="S385" CovItemPrefix="Draw.java" Intrnl_Id="2015">
<LocList>
<Loc EndOffset="39579" SrcFileId="5" StartOffset="39546"/>
</LocList>
</BasicStmnt>
<BasicStmnt CovItemId="S386" CovItemPrefix="Draw.java" Intrnl_Id="2016">
<LocList>
<Loc EndOffset="39610" SrcFileId="5" StartOffset="39588"/>
</LocList>
</BasicStmnt>
<BasicStmnt CovItemId="S387" CovItemPrefix="Draw.java" Intrnl_Id="2017">
<LocList>
<Loc EndOffset="39641" SrcFileId="5" StartOffset="39619"/>
</LocList>
</BasicStmnt>
<BasicStmnt CovItemId="S388" CovItemPrefix="Draw.java" Intrnl_Id="2018">
<LocList>
<Loc EndOffset="39683" SrcFileId="5" StartOffset="39650"/>
</LocList>
</BasicStmnt>
<BasicStmnt CovItemId="S389" CovItemPrefix="Draw.java" Intrnl_Id="2019">
<LocList>
<Loc EndOffset="39726" SrcFileId="5" StartOffset="39692"/>
</LocList>
</BasicStmnt>
<CondStmnt CovItemId="S390" CovItemPrefix="Draw.java" Intrnl_Id="2020">
<Branch CovItemId="B71" CovItemPrefix="Draw.java" Implct="false" Intrnl_Id="2021">
<Cond/>
<LocList>
<Loc EndOffset="39829" SrcFileId="5" StartOffset="39757"/>
</LocList>
<StmntSeq Intrnl_Id="2022">
<LocList>
<Loc EndOffset="39829" SrcFileId="5" StartOffset="39757"/>
</LocList>
<BasicStmnt CovItemId="S391" CovItemPrefix="Draw.java" Intrnl_Id="2023">
<LocList>
<Loc EndOffset="39829" SrcFileId="5" StartOffset="39757"/>
</LocList>
</BasicStmnt>
</StmntSeq>
</Branch>
<Branch CovItemId="B72" CovItemPrefix="Draw.java" Implct="true" Intrnl_Id="2024">
<Cond/>
<LocList/>
<StmntSeq Intrnl_Id="2025">
<LocList/>
</StmntSeq>
</Branch>
<Keyword EndOffset="39737" SrcFileId="5" StartOffset="39735"/>
<LocList>
<Loc EndOffset="39829" SrcFileId="5" StartOffset="39735"/>
</LocList>
<RootTerm CovItemId="C42" CovItemPrefix="Draw.java" Intrnl_Id="2026">
<OpTerm BooleanOpId="10" Intrnl_Id="2027">
<BasicBoolTerm Intrnl_Id="2028">
<LocList>
<Loc EndOffset="39745" SrcFileId="5" StartOffset="39739"/>
</LocList>
</BasicBoolTerm>
<BasicBoolTerm Intrnl_Id="2029">
<LocList>
<Loc EndOffset="39755" SrcFileId="5" StartOffset="39749"/>
</LocList>
</BasicBoolTerm>
<LocList>
<Loc EndOffset="39748" SrcFileId="5" StartOffset="39746"/>
</LocList>
</OpTerm>
</RootTerm>
</CondStmnt>
<CondStmnt CovItemId="S392" CovItemPrefix="Draw.java" Intrnl_Id="2030">
<Branch CovItemId="B73" CovItemPrefix="Draw.java" Implct="false" Intrnl_Id="2031">
<Cond/>
<LocList>
<Loc EndOffset="39874" SrcFileId="5" StartOffset="39862"/>
</LocList>
<StmntSeq Intrnl_Id="2032">
<LocList>
<Loc EndOffset="39874" SrcFileId="5" StartOffset="39862"/>
</LocList>
<BasicStmnt CovItemId="S393" CovItemPrefix="Draw.java" Intrnl_Id="2033">
<LocList>
<Loc EndOffset="39874" SrcFileId="5" StartOffset="39862"/>
</LocList>
</BasicStmnt>
</StmntSeq>
</Branch>
<Branch CovItemId="B74" CovItemPrefix="Draw.java" Implct="false" Intrnl_Id="2034">
<Cond>
<Loc EndOffset="39887" SrcFileId="5" StartOffset="39883"/>
</Cond>
<LocList>
<Loc EndOffset="40168" SrcFileId="5" StartOffset="39888"/>
</LocList>
<StmntSeq Intrnl_Id="2035">
<LocList>
<Loc EndOffset="40158" SrcFileId="5" StartOffset="39902"/>
</LocList>
<BasicStmnt CovItemId="S394" CovItemPrefix="Draw.java" Intrnl_Id="2036">
<LocList>
<Loc EndOffset="40158" SrcFileId="5" StartOffset="39902"/>
</LocList>
</BasicStmnt>
</StmntSeq>
</Branch>
<Keyword EndOffset="39840" SrcFileId="5" StartOffset="39838"/>
<LocList>
<Loc EndOffset="40168" SrcFileId="5" StartOffset="39838"/>
</LocList>
<RootTerm CovItemId="C43" CovItemPrefix="Draw.java" Intrnl_Id="2037">
<OpTerm BooleanOpId="9" Intrnl_Id="2038">
<BasicBoolTerm Intrnl_Id="2039">
<LocList>
<Loc EndOffset="39849" SrcFileId="5" StartOffset="39842"/>
</LocList>
</BasicBoolTerm>
<BasicBoolTerm Intrnl_Id="2040">
<LocList>
<Loc EndOffset="39860" SrcFileId="5" StartOffset="39853"/>
</LocList>
</BasicBoolTerm>
<LocList>
<Loc EndOffset="39852" SrcFileId="5" StartOffset="39850"/>
</LocList>
</OpTerm>
</RootTerm>
</CondStmnt>
<BasicStmnt CovItemId="S395" CovItemPrefix="Draw.java" Intrnl_Id="2041">
<LocList>
<Loc EndOffset="40184" SrcFileId="5" StartOffset="40177"/>
</LocList>
</BasicStmnt>
</StmntSeq>
</HierarchyLvl>
<HierarchyLvl HierarchyLvlId="3857" HierarchyLvlTypeId="13" Intrnl_Id="2042" Name="picture">
<Header>
<Loc EndOffset="41178" SrcFileId="5" StartOffset="41065"/>
</Header>
<LocList>
<Loc EndOffset="42266" SrcFileId="5" StartOffset="41065"/>
</LocList>
<StmntSeq Intrnl_Id="2043">
<LocList>
<Loc EndOffset="41206" SrcFileId="5" StartOffset="41189"/>
<Loc EndOffset="41232" SrcFileId="5" StartOffset="41215"/>
<Loc EndOffset="41279" SrcFileId="5" StartOffset="41241"/>
<Loc EndOffset="41328" SrcFileId="5" StartOffset="41288"/>
<Loc EndOffset="41366" SrcFileId="5" StartOffset="41337"/>
<Loc EndOffset="41413" SrcFileId="5" StartOffset="41375"/>
<Loc EndOffset="41471" SrcFileId="5" StartOffset="41422"/>
<Loc EndOffset="41531" SrcFileId="5" StartOffset="41480"/>
<Loc EndOffset="41574" SrcFileId="5" StartOffset="41541"/>
<Loc EndOffset="41605" SrcFileId="5" StartOffset="41583"/>
<Loc EndOffset="41636" SrcFileId="5" StartOffset="41614"/>
<Loc EndOffset="41678" SrcFileId="5" StartOffset="41645"/>
<Loc EndOffset="41721" SrcFileId="5" StartOffset="41687"/>
<Loc EndOffset="41824" SrcFileId="5" StartOffset="41730"/>
<Loc EndOffset="41869" SrcFileId="5" StartOffset="41833"/>
<Loc EndOffset="41930" SrcFileId="5" StartOffset="41879"/>
<Loc EndOffset="42183" SrcFileId="5" StartOffset="41939"/>
<Loc EndOffset="42243" SrcFileId="5" StartOffset="42192"/>
<Loc EndOffset="42260" SrcFileId="5" StartOffset="42253"/>
</LocList>
<BasicStmnt CovItemId="S396" CovItemPrefix="Draw.java" Intrnl_Id="2044">
<LocList>
<Loc EndOffset="41206" SrcFileId="5" StartOffset="41189"/>
</LocList>
</BasicStmnt>
<BasicStmnt CovItemId="S397" CovItemPrefix="Draw.java" Intrnl_Id="2045">
<LocList>
<Loc EndOffset="41232" SrcFileId="5" StartOffset="41215"/>
</LocList>
</BasicStmnt>
<BasicStmnt CovItemId="S398" CovItemPrefix="Draw.java" Intrnl_Id="2046">
<LocList>
<Loc EndOffset="41279" SrcFileId="5" StartOffset="41241"/>
</LocList>
</BasicStmnt>
<BasicStmnt CovItemId="S399" CovItemPrefix="Draw.java" Intrnl_Id="2047">
<LocList>
<Loc EndOffset="41328" SrcFileId="5" StartOffset="41288"/>
</LocList>
</BasicStmnt>
<BasicStmnt CovItemId="S400" CovItemPrefix="Draw.java" Intrnl_Id="2048">
<LocList>
<Loc EndOffset="41366" SrcFileId="5" StartOffset="41337"/>
</LocList>
</BasicStmnt>
<BasicStmnt CovItemId="S401" CovItemPrefix="Draw.java" Intrnl_Id="2049">
<LocList>
<Loc EndOffset="41413" SrcFileId="5" StartOffset="41375"/>
</LocList>
</BasicStmnt>
<BasicStmnt CovItemId="S402" CovItemPrefix="Draw.java" Intrnl_Id="2050">
<LocList>
<Loc EndOffset="41471" SrcFileId="5" StartOffset="41422"/>
</LocList>
</BasicStmnt>
<BasicStmnt CovItemId="S403" CovItemPrefix="Draw.java" Intrnl_Id="2051">
<LocList>
<Loc EndOffset="41531" SrcFileId="5" StartOffset="41480"/>
</LocList>
</BasicStmnt>
<BasicStmnt CovItemId="S404" CovItemPrefix="Draw.java" Intrnl_Id="2052">
<LocList>
<Loc EndOffset="41574" SrcFileId="5" StartOffset="41541"/>
</LocList>
</BasicStmnt>
<BasicStmnt CovItemId="S405" CovItemPrefix="Draw.java" Intrnl_Id="2053">
<LocList>
<Loc EndOffset="41605" SrcFileId="5" StartOffset="41583"/>
</LocList>
</BasicStmnt>
<BasicStmnt CovItemId="S406" CovItemPrefix="Draw.java" Intrnl_Id="2054">
<LocList>
<Loc EndOffset="41636" SrcFileId="5" StartOffset="41614"/>
</LocList>
</BasicStmnt>
<BasicStmnt CovItemId="S407" CovItemPrefix="Draw.java" Intrnl_Id="2055">
<LocList>
<Loc EndOffset="41678" SrcFileId="5" StartOffset="41645"/>
</LocList>
</BasicStmnt>
<BasicStmnt CovItemId="S408" CovItemPrefix="Draw.java" Intrnl_Id="2056">
<LocList>
<Loc EndOffset="41721" SrcFileId="5" StartOffset="41687"/>
</LocList>
</BasicStmnt>
<CondStmnt CovItemId="S409" CovItemPrefix="Draw.java" Intrnl_Id="2057">
<Branch CovItemId="B75" CovItemPrefix="Draw.java" Implct="false" Intrnl_Id="2058">
<Cond/>
<LocList>
<Loc EndOffset="41824" SrcFileId="5" StartOffset="41752"/>
</LocList>
<StmntSeq Intrnl_Id="2059">
<LocList>
<Loc EndOffset="41824" SrcFileId="5" StartOffset="41752"/>
</LocList>
<BasicStmnt CovItemId="S410" CovItemPrefix="Draw.java" Intrnl_Id="2060">
<LocList>
<Loc EndOffset="41824" SrcFileId="5" StartOffset="41752"/>
</LocList>
</BasicStmnt>
</StmntSeq>
</Branch>
<Branch CovItemId="B76" CovItemPrefix="Draw.java" Implct="true" Intrnl_Id="2061">
<Cond/>
<LocList/>
<StmntSeq Intrnl_Id="2062">
<LocList/>
</StmntSeq>
</Branch>
<Keyword EndOffset="41732" SrcFileId="5" StartOffset="41730"/>
<LocList>
<Loc EndOffset="41824" SrcFileId="5" StartOffset="41730"/>
</LocList>
<RootTerm CovItemId="C44" CovItemPrefix="Draw.java" Intrnl_Id="2063">
<OpTerm BooleanOpId="10" Intrnl_Id="2064">
<BasicBoolTerm Intrnl_Id="2065">
<LocList>
<Loc EndOffset="41740" SrcFileId="5" StartOffset="41734"/>
</LocList>
</BasicBoolTerm>
<BasicBoolTerm Intrnl_Id="2066">
<LocList>
<Loc EndOffset="41750" SrcFileId="5" StartOffset="41744"/>
</LocList>
</BasicBoolTerm>
<LocList>
<Loc EndOffset="41743" SrcFileId="5" StartOffset="41741"/>
</LocList>
</OpTerm>
</RootTerm>
</CondStmnt>
<CondStmnt CovItemId="S411" CovItemPrefix="Draw.java" Intrnl_Id="2067">
<Branch CovItemId="B77" CovItemPrefix="Draw.java" Implct="false" Intrnl_Id="2068">
<Cond/>
<LocList>
<Loc EndOffset="41869" SrcFileId="5" StartOffset="41857"/>
</LocList>
<StmntSeq Intrnl_Id="2069">
<LocList>
<Loc EndOffset="41869" SrcFileId="5" StartOffset="41857"/>
</LocList>
<BasicStmnt CovItemId="S412" CovItemPrefix="Draw.java" Intrnl_Id="2070">
<LocList>
<Loc EndOffset="41869" SrcFileId="5" StartOffset="41857"/>
</LocList>
</BasicStmnt>
</StmntSeq>
</Branch>
<Branch CovItemId="B78" CovItemPrefix="Draw.java" Implct="true" Intrnl_Id="2071">
<Cond/>
<LocList/>
<StmntSeq Intrnl_Id="2072">
<LocList/>
</StmntSeq>
</Branch>
<Keyword EndOffset="41835" SrcFileId="5" StartOffset="41833"/>
<LocList>
<Loc EndOffset="41869" SrcFileId="5" StartOffset="41833"/>
</LocList>
<RootTerm CovItemId="C45" CovItemPrefix="Draw.java" Intrnl_Id="2073">
<OpTerm BooleanOpId="9" Intrnl_Id="2074">
<BasicBoolTerm Intrnl_Id="2075">
<LocList>
<Loc EndOffset="41844" SrcFileId="5" StartOffset="41837"/>
</LocList>
</BasicBoolTerm>
<BasicBoolTerm Intrnl_Id="2076">
<LocList>
<Loc EndOffset="41855" SrcFileId="5" StartOffset="41848"/>
</LocList>
</BasicBoolTerm>
<LocList>
<Loc EndOffset="41847" SrcFileId="5" StartOffset="41845"/>
</LocList>
</OpTerm>
</RootTerm>
</CondStmnt>
<BasicStmnt CovItemId="S413" CovItemPrefix="Draw.java" Intrnl_Id="2077">
<LocList>
<Loc EndOffset="41930" SrcFileId="5" StartOffset="41879"/>
</LocList>
</BasicStmnt>
<BasicStmnt CovItemId="S414" CovItemPrefix="Draw.java" Intrnl_Id="2078">
<LocList>
<Loc EndOffset="42183" SrcFileId="5" StartOffset="41939"/>
</LocList>
</BasicStmnt>
<BasicStmnt CovItemId="S415" CovItemPrefix="Draw.java" Intrnl_Id="2079">
<LocList>
<Loc EndOffset="42243" SrcFileId="5" StartOffset="42192"/>
</LocList>
</BasicStmnt>
<BasicStmnt CovItemId="S416" CovItemPrefix="Draw.java" Intrnl_Id="2080">
<LocList>
<Loc EndOffset="42260" SrcFileId="5" StartOffset="42253"/>
</LocList>
</BasicStmnt>
</StmntSeq>
</HierarchyLvl>
<HierarchyLvl HierarchyLvlId="3858" HierarchyLvlTypeId="13" Intrnl_Id="2081" Name="text">
<Header>
<Loc EndOffset="42949" SrcFileId="5" StartOffset="42900"/>
</Header>
<LocList>
<Loc EndOffset="43379" SrcFileId="5" StartOffset="42900"/>
</LocList>
<StmntSeq Intrnl_Id="2082">
<LocList>
<Loc EndOffset="42977" SrcFileId="5" StartOffset="42960"/>
<Loc EndOffset="43003" SrcFileId="5" StartOffset="42986"/>
<Loc EndOffset="43042" SrcFileId="5" StartOffset="43012"/>
<Loc EndOffset="43076" SrcFileId="5" StartOffset="43052"/>
<Loc EndOffset="43134" SrcFileId="5" StartOffset="43085"/>
<Loc EndOffset="43165" SrcFileId="5" StartOffset="43143"/>
<Loc EndOffset="43196" SrcFileId="5" StartOffset="43174"/>
<Loc EndOffset="43240" SrcFileId="5" StartOffset="43205"/>
<Loc EndOffset="43279" SrcFileId="5" StartOffset="43249"/>
<Loc EndOffset="43357" SrcFileId="5" StartOffset="43288"/>
<Loc EndOffset="43373" SrcFileId="5" StartOffset="43366"/>
</LocList>
<BasicStmnt CovItemId="S417" CovItemPrefix="Draw.java" Intrnl_Id="2083">
<LocList>
<Loc EndOffset="42977" SrcFileId="5" StartOffset="42960"/>
</LocList>
</BasicStmnt>
<BasicStmnt CovItemId="S418" CovItemPrefix="Draw.java" Intrnl_Id="2084">
<LocList>
<Loc EndOffset="43003" SrcFileId="5" StartOffset="42986"/>
</LocList>
</BasicStmnt>
<BasicStmnt CovItemId="S419" CovItemPrefix="Draw.java" Intrnl_Id="2085">
<LocList>
<Loc EndOffset="43042" SrcFileId="5" StartOffset="43012"/>
</LocList>
</BasicStmnt>
<BasicStmnt CovItemId="S420" CovItemPrefix="Draw.java" Intrnl_Id="2086">
<LocList>
<Loc EndOffset="43076" SrcFileId="5" StartOffset="43052"/>
</LocList>
</BasicStmnt>
<BasicStmnt CovItemId="S421" CovItemPrefix="Draw.java" Intrnl_Id="2087">
<LocList>
<Loc EndOffset="43134" SrcFileId="5" StartOffset="43085"/>
</LocList>
</BasicStmnt>
<BasicStmnt CovItemId="S422" CovItemPrefix="Draw.java" Intrnl_Id="2088">
<LocList>
<Loc EndOffset="43165" SrcFileId="5" StartOffset="43143"/>
</LocList>
</BasicStmnt>
<BasicStmnt CovItemId="S423" CovItemPrefix="Draw.java" Intrnl_Id="2089">
<LocList>
<Loc EndOffset="43196" SrcFileId="5" StartOffset="43174"/>
</LocList>
</BasicStmnt>
<BasicStmnt CovItemId="S424" CovItemPrefix="Draw.java" Intrnl_Id="2090">
<LocList>
<Loc EndOffset="43240" SrcFileId="5" StartOffset="43205"/>
</LocList>
</BasicStmnt>
<BasicStmnt CovItemId="S425" CovItemPrefix="Draw.java" Intrnl_Id="2091">
<LocList>
<Loc EndOffset="43279" SrcFileId="5" StartOffset="43249"/>
</LocList>
</BasicStmnt>
<BasicStmnt CovItemId="S426" CovItemPrefix="Draw.java" Intrnl_Id="2092">
<LocList>
<Loc EndOffset="43357" SrcFileId="5" StartOffset="43288"/>
</LocList>
</BasicStmnt>
<BasicStmnt CovItemId="S427" CovItemPrefix="Draw.java" Intrnl_Id="2093">
<LocList>
<Loc EndOffset="43373" SrcFileId="5" StartOffset="43366"/>
</LocList>
</BasicStmnt>
</StmntSeq>
</HierarchyLvl>
<HierarchyLvl HierarchyLvlId="3859" HierarchyLvlTypeId="13" Intrnl_Id="2094" Name="text">
<Header>
<Loc EndOffset="44034" SrcFileId="5" StartOffset="43969"/>
</Header>
<LocList>
<Loc EndOffset="44380" SrcFileId="5" StartOffset="43969"/>
</LocList>
<StmntSeq Intrnl_Id="2095">
<LocList>
<Loc EndOffset="44062" SrcFileId="5" StartOffset="44045"/>
<Loc EndOffset="44088" SrcFileId="5" StartOffset="44071"/>
<Loc EndOffset="44126" SrcFileId="5" StartOffset="44097"/>
<Loc EndOffset="44165" SrcFileId="5" StartOffset="44135"/>
<Loc EndOffset="44197" SrcFileId="5" StartOffset="44175"/>
<Loc EndOffset="44228" SrcFileId="5" StartOffset="44206"/>
<Loc EndOffset="44288" SrcFileId="5" StartOffset="44237"/>
<Loc EndOffset="44314" SrcFileId="5" StartOffset="44297"/>
<Loc EndOffset="44374" SrcFileId="5" StartOffset="44323"/>
</LocList>
<BasicStmnt CovItemId="S428" CovItemPrefix="Draw.java" Intrnl_Id="2096">
<LocList>
<Loc EndOffset="44062" SrcFileId="5" StartOffset="44045"/>
</LocList>
</BasicStmnt>
<BasicStmnt CovItemId="S429" CovItemPrefix="Draw.java" Intrnl_Id="2097">
<LocList>
<Loc EndOffset="44088" SrcFileId="5" StartOffset="44071"/>
</LocList>
</BasicStmnt>
<BasicStmnt CovItemId="S430" CovItemPrefix="Draw.java" Intrnl_Id="2098">
<LocList>
<Loc EndOffset="44126" SrcFileId="5" StartOffset="44097"/>
</LocList>
</BasicStmnt>
<BasicStmnt CovItemId="S431" CovItemPrefix="Draw.java" Intrnl_Id="2099">
<LocList>
<Loc EndOffset="44165" SrcFileId="5" StartOffset="44135"/>
</LocList>
</BasicStmnt>
<BasicStmnt CovItemId="S432" CovItemPrefix="Draw.java" Intrnl_Id="2100">
<LocList>
<Loc EndOffset="44197" SrcFileId="5" StartOffset="44175"/>
</LocList>
</BasicStmnt>
<BasicStmnt CovItemId="S433" CovItemPrefix="Draw.java" Intrnl_Id="2101">
<LocList>
<Loc EndOffset="44228" SrcFileId="5" StartOffset="44206"/>
</LocList>
</BasicStmnt>
<BasicStmnt CovItemId="S434" CovItemPrefix="Draw.java" Intrnl_Id="2102">
<LocList>
<Loc EndOffset="44288" SrcFileId="5" StartOffset="44237"/>
</LocList>
</BasicStmnt>
<BasicStmnt CovItemId="S435" CovItemPrefix="Draw.java" Intrnl_Id="2103">
<LocList>
<Loc EndOffset="44314" SrcFileId="5" StartOffset="44297"/>
</LocList>
</BasicStmnt>
<BasicStmnt CovItemId="S436" CovItemPrefix="Draw.java" Intrnl_Id="2104">
<LocList>
<Loc EndOffset="44374" SrcFileId="5" StartOffset="44323"/>
</LocList>
</BasicStmnt>
</StmntSeq>
</HierarchyLvl>
<HierarchyLvl HierarchyLvlId="3860" HierarchyLvlTypeId="13" Intrnl_Id="2105" Name="textLeft">
<Header>
<Loc EndOffset="44857" SrcFileId="5" StartOffset="44804"/>
</Header>
<LocList>
<Loc EndOffset="45279" SrcFileId="5" StartOffset="44804"/>
</LocList>
<StmntSeq Intrnl_Id="2106">
<LocList>
<Loc EndOffset="44885" SrcFileId="5" StartOffset="44868"/>
<Loc EndOffset="44911" SrcFileId="5" StartOffset="44894"/>
<Loc EndOffset="44950" SrcFileId="5" StartOffset="44920"/>
<Loc EndOffset="44984" SrcFileId="5" StartOffset="44960"/>
<Loc EndOffset="45042" SrcFileId="5" StartOffset="44993"/>
<Loc EndOffset="45073" SrcFileId="5" StartOffset="45051"/>
<Loc EndOffset="45104" SrcFileId="5" StartOffset="45082"/>
<Loc EndOffset="45190" SrcFileId="5" StartOffset="45160"/>
<Loc EndOffset="45257" SrcFileId="5" StartOffset="45199"/>
<Loc EndOffset="45273" SrcFileId="5" StartOffset="45266"/>
</LocList>
<BasicStmnt CovItemId="S437" CovItemPrefix="Draw.java" Intrnl_Id="2107">
<LocList>
<Loc EndOffset="44885" SrcFileId="5" StartOffset="44868"/>
</LocList>
</BasicStmnt>
<BasicStmnt CovItemId="S438" CovItemPrefix="Draw.java" Intrnl_Id="2108">
<LocList>
<Loc EndOffset="44911" SrcFileId="5" StartOffset="44894"/>
</LocList>
</BasicStmnt>
<BasicStmnt CovItemId="S439" CovItemPrefix="Draw.java" Intrnl_Id="2109">
<LocList>
<Loc EndOffset="44950" SrcFileId="5" StartOffset="44920"/>
</LocList>
</BasicStmnt>
<BasicStmnt CovItemId="S440" CovItemPrefix="Draw.java" Intrnl_Id="2110">
<LocList>
<Loc EndOffset="44984" SrcFileId="5" StartOffset="44960"/>
</LocList>
</BasicStmnt>
<BasicStmnt CovItemId="S441" CovItemPrefix="Draw.java" Intrnl_Id="2111">
<LocList>
<Loc EndOffset="45042" SrcFileId="5" StartOffset="44993"/>
</LocList>
</BasicStmnt>
<BasicStmnt CovItemId="S442" CovItemPrefix="Draw.java" Intrnl_Id="2112">
<LocList>
<Loc EndOffset="45073" SrcFileId="5" StartOffset="45051"/>
</LocList>
</BasicStmnt>
<BasicStmnt CovItemId="S443" CovItemPrefix="Draw.java" Intrnl_Id="2113">
<LocList>
<Loc EndOffset="45104" SrcFileId="5" StartOffset="45082"/>
</LocList>
</BasicStmnt>
<BasicStmnt CovItemId="S444" CovItemPrefix="Draw.java" Intrnl_Id="2114">
<LocList>
<Loc EndOffset="45190" SrcFileId="5" StartOffset="45160"/>
</LocList>
</BasicStmnt>
<BasicStmnt CovItemId="S445" CovItemPrefix="Draw.java" Intrnl_Id="2115">
<LocList>
<Loc EndOffset="45257" SrcFileId="5" StartOffset="45199"/>
</LocList>
</BasicStmnt>
<BasicStmnt CovItemId="S446" CovItemPrefix="Draw.java" Intrnl_Id="2116">
<LocList>
<Loc EndOffset="45273" SrcFileId="5" StartOffset="45266"/>
</LocList>
</BasicStmnt>
</StmntSeq>
</HierarchyLvl>
<HierarchyLvl HierarchyLvlId="3861" HierarchyLvlTypeId="13" Intrnl_Id="2117" Name="textRight">
<Header>
<Loc EndOffset="45774" SrcFileId="5" StartOffset="45720"/>
</Header>
<LocList>
<Loc EndOffset="46200" SrcFileId="5" StartOffset="45720"/>
</LocList>
<StmntSeq Intrnl_Id="2118">
<LocList>
<Loc EndOffset="45802" SrcFileId="5" StartOffset="45785"/>
<Loc EndOffset="45828" SrcFileId="5" StartOffset="45811"/>
<Loc EndOffset="45867" SrcFileId="5" StartOffset="45837"/>
<Loc EndOffset="45901" SrcFileId="5" StartOffset="45877"/>
<Loc EndOffset="45959" SrcFileId="5" StartOffset="45910"/>
<Loc EndOffset="45990" SrcFileId="5" StartOffset="45968"/>
<Loc EndOffset="46021" SrcFileId="5" StartOffset="45999"/>
<Loc EndOffset="46065" SrcFileId="5" StartOffset="46030"/>
<Loc EndOffset="46104" SrcFileId="5" StartOffset="46074"/>
<Loc EndOffset="46178" SrcFileId="5" StartOffset="46113"/>
<Loc EndOffset="46194" SrcFileId="5" StartOffset="46187"/>
</LocList>
<BasicStmnt CovItemId="S447" CovItemPrefix="Draw.java" Intrnl_Id="2119">
<LocList>
<Loc EndOffset="45802" SrcFileId="5" StartOffset="45785"/>
</LocList>
</BasicStmnt>
<BasicStmnt CovItemId="S448" CovItemPrefix="Draw.java" Intrnl_Id="2120">
<LocList>
<Loc EndOffset="45828" SrcFileId="5" StartOffset="45811"/>
</LocList>
</BasicStmnt>
<BasicStmnt CovItemId="S449" CovItemPrefix="Draw.java" Intrnl_Id="2121">
<LocList>
<Loc EndOffset="45867" SrcFileId="5" StartOffset="45837"/>
</LocList>
</BasicStmnt>
<BasicStmnt CovItemId="S450" CovItemPrefix="Draw.java" Intrnl_Id="2122">
<LocList>
<Loc EndOffset="45901" SrcFileId="5" StartOffset="45877"/>
</LocList>
</BasicStmnt>
<BasicStmnt CovItemId="S451" CovItemPrefix="Draw.java" Intrnl_Id="2123">
<LocList>
<Loc EndOffset="45959" SrcFileId="5" StartOffset="45910"/>
</LocList>
</BasicStmnt>
<BasicStmnt CovItemId="S452" CovItemPrefix="Draw.java" Intrnl_Id="2124">
<LocList>
<Loc EndOffset="45990" SrcFileId="5" StartOffset="45968"/>
</LocList>
</BasicStmnt>
<BasicStmnt CovItemId="S453" CovItemPrefix="Draw.java" Intrnl_Id="2125">
<LocList>
<Loc EndOffset="46021" SrcFileId="5" StartOffset="45999"/>
</LocList>
</BasicStmnt>
<BasicStmnt CovItemId="S454" CovItemPrefix="Draw.java" Intrnl_Id="2126">
<LocList>
<Loc EndOffset="46065" SrcFileId="5" StartOffset="46030"/>
</LocList>
</BasicStmnt>
<BasicStmnt CovItemId="S455" CovItemPrefix="Draw.java" Intrnl_Id="2127">
<LocList>
<Loc EndOffset="46104" SrcFileId="5" StartOffset="46074"/>
</LocList>
</BasicStmnt>
<BasicStmnt CovItemId="S456" CovItemPrefix="Draw.java" Intrnl_Id="2128">
<LocList>
<Loc EndOffset="46178" SrcFileId="5" StartOffset="46113"/>
</LocList>
</BasicStmnt>
<BasicStmnt CovItemId="S457" CovItemPrefix="Draw.java" Intrnl_Id="2129">
<LocList>
<Loc EndOffset="46194" SrcFileId="5" StartOffset="46187"/>
</LocList>
</BasicStmnt>
</StmntSeq>
</HierarchyLvl>
<HierarchyLvl HierarchyLvlId="3862" HierarchyLvlTypeId="13" Intrnl_Id="2130" Name="show">
<Header>
<Loc EndOffset="46530" SrcFileId="5" StartOffset="46491"/>
</Header>
<LocList>
<Loc EndOffset="46605" SrcFileId="5" StartOffset="46491"/>
</LocList>
<StmntSeq Intrnl_Id="2131">
<LocList>
<Loc EndOffset="46548" SrcFileId="5" StartOffset="46541"/>
<Loc EndOffset="46566" SrcFileId="5" StartOffset="46557"/>
<Loc EndOffset="46599" SrcFileId="5" StartOffset="46575"/>
</LocList>
<BasicStmnt CovItemId="S458" CovItemPrefix="Draw.java" Intrnl_Id="2132">
<LocList>
<Loc EndOffset="46548" SrcFileId="5" StartOffset="46541"/>
</LocList>
</BasicStmnt>
<BasicStmnt CovItemId="S459" CovItemPrefix="Draw.java" Intrnl_Id="2133">
<LocList>
<Loc EndOffset="46566" SrcFileId="5" StartOffset="46557"/>
</LocList>
</BasicStmnt>
<BasicStmnt CovItemId="S460" CovItemPrefix="Draw.java" Intrnl_Id="2134">
<LocList>
<Loc EndOffset="46599" SrcFileId="5" StartOffset="46575"/>
</LocList>
</BasicStmnt>
</StmntSeq>
</HierarchyLvl>
<HierarchyLvl HierarchyLvlId="3863" HierarchyLvlTypeId="13" Intrnl_Id="2135" Name="pause">
<Header>
<Loc EndOffset="46779" SrcFileId="5" StartOffset="46755"/>
</Header>
<LocList>
<Loc EndOffset="46941" SrcFileId="5" StartOffset="46755"/>
</LocList>
<StmntSeq Intrnl_Id="2136">
<LocList>
<Loc EndOffset="46824" SrcFileId="5" StartOffset="46808"/>
<Loc EndOffset="46935" SrcFileId="5" StartOffset="46790"/>
</LocList>
<BasicStmnt CovItemId="S462" CovItemPrefix="Draw.java" Intrnl_Id="2137">
<LocList>
<Loc EndOffset="46824" SrcFileId="5" StartOffset="46808"/>
</LocList>
</BasicStmnt>
<CondStmnt CovItemId="S461" CovItemPrefix="Draw.java" Intrnl_Id="2138">
<Branch CovItemId="B79" CovItemPrefix="Draw.java" Implct="true" Intrnl_Id="2139">
<Cond/>
<LocList/>
<StmntSeq Intrnl_Id="2140">
<LocList/>
</StmntSeq>
</Branch>
<Branch CovItemId="B80" CovItemPrefix="Draw.java" Implct="false" Intrnl_Id="2141">
<Cond>
<Loc EndOffset="46873" SrcFileId="5" StartOffset="46843"/>
</Cond>
<LocList>
<Loc EndOffset="46935" SrcFileId="5" StartOffset="46874"/>
</LocList>
<StmntSeq Intrnl_Id="2142">
<LocList>
<Loc EndOffset="46925" SrcFileId="5" StartOffset="46888"/>
</LocList>
<BasicStmnt CovItemId="S463" CovItemPrefix="Draw.java" Intrnl_Id="2143">
<LocList>
<Loc EndOffset="46925" SrcFileId="5" StartOffset="46888"/>
</LocList>
</BasicStmnt>
</StmntSeq>
</Branch>
<Keyword EndOffset="46793" SrcFileId="5" StartOffset="46790"/>
<LocList>
<Loc EndOffset="46935" SrcFileId="5" StartOffset="46790"/>
</LocList>
</CondStmnt>
</StmntSeq>
</HierarchyLvl>
<HierarchyLvl HierarchyLvlId="3864" HierarchyLvlTypeId="13" Intrnl_Id="2144" Name="show">
<Header>
<Loc EndOffset="47114" SrcFileId="5" StartOffset="47096"/>
</Header>
<LocList>
<Loc EndOffset="47203" SrcFileId="5" StartOffset="47096"/>
</LocList>
<StmntSeq Intrnl_Id="2145">
<LocList>
<Loc EndOffset="47172" SrcFileId="5" StartOffset="47125"/>
<Loc EndOffset="47197" SrcFileId="5" StartOffset="47181"/>
</LocList>
<BasicStmnt CovItemId="S464" CovItemPrefix="Draw.java" Intrnl_Id="2146">
<LocList>
<Loc EndOffset="47172" SrcFileId="5" StartOffset="47125"/>
</LocList>
</BasicStmnt>
<BasicStmnt CovItemId="S465" CovItemPrefix="Draw.java" Intrnl_Id="2147">
<LocList>
<Loc EndOffset="47197" SrcFileId="5" StartOffset="47181"/>
</LocList>
</BasicStmnt>
</StmntSeq>
</HierarchyLvl>
<HierarchyLvl HierarchyLvlId="3865" HierarchyLvlTypeId="13" Intrnl_Id="2148" Name="draw">
<Header>
<Loc EndOffset="47266" SrcFileId="5" StartOffset="47248"/>
</Header>
<LocList>
<Loc EndOffset="47302" SrcFileId="5" StartOffset="47248"/>
</LocList>
<StmntSeq Intrnl_Id="2149">
<LocList>
<Loc EndOffset="47296" SrcFileId="5" StartOffset="47277"/>
</LocList>
<CondStmnt CovItemId="S466" CovItemPrefix="Draw.java" Intrnl_Id="2150">
<Branch CovItemId="B81" CovItemPrefix="Draw.java" Implct="false" Intrnl_Id="2151">
<Cond/>
<LocList>
<Loc EndOffset="47296" SrcFileId="5" StartOffset="47289"/>
</LocList>
<StmntSeq Intrnl_Id="2152">
<LocList>
<Loc EndOffset="47296" SrcFileId="5" StartOffset="47289"/>
</LocList>
<BasicStmnt CovItemId="S467" CovItemPrefix="Draw.java" Intrnl_Id="2153">
<LocList>
<Loc EndOffset="47296" SrcFileId="5" StartOffset="47289"/>
</LocList>
</BasicStmnt>
</StmntSeq>
</Branch>
<Branch CovItemId="B82" CovItemPrefix="Draw.java" Implct="true" Intrnl_Id="2154">
<Cond/>
<LocList/>
<StmntSeq Intrnl_Id="2155">
<LocList/>
</StmntSeq>
</Branch>
<Keyword EndOffset="47279" SrcFileId="5" StartOffset="47277"/>
<LocList>
<Loc EndOffset="47296" SrcFileId="5" StartOffset="47277"/>
</LocList>
<RootTerm CovItemId="C46" CovItemPrefix="Draw.java" Intrnl_Id="2156">
<OpTerm BooleanOpId="11" Intrnl_Id="2157">
<BasicBoolTerm Intrnl_Id="2158">
<LocList>
<Loc EndOffset="47287" SrcFileId="5" StartOffset="47282"/>
</LocList>
</BasicBoolTerm>
<LocList>
<Loc EndOffset="47282" SrcFileId="5" StartOffset="47281"/>
</LocList>
</OpTerm>
</RootTerm>
</CondStmnt>
</StmntSeq>
</HierarchyLvl>
<HierarchyLvl HierarchyLvlId="3866" HierarchyLvlTypeId="13" Intrnl_Id="2159" Name="enableDoubleBuffering">
<Header>
<Loc EndOffset="47587" SrcFileId="5" StartOffset="47552"/>
</Header>
<LocList>
<Loc EndOffset="47617" SrcFileId="5" StartOffset="47552"/>
</LocList>
<StmntSeq Intrnl_Id="2160">
<LocList>
<Loc EndOffset="47611" SrcFileId="5" StartOffset="47598"/>
</LocList>
<BasicStmnt CovItemId="S468" CovItemPrefix="Draw.java" Intrnl_Id="2161">
<LocList>
<Loc EndOffset="47611" SrcFileId="5" StartOffset="47598"/>
</LocList>
</BasicStmnt>
</StmntSeq>
</HierarchyLvl>
<HierarchyLvl HierarchyLvlId="3867" HierarchyLvlTypeId="13" Intrnl_Id="2162" Name="disableDoubleBuffering">
<Header>
<Loc EndOffset="47895" SrcFileId="5" StartOffset="47859"/>
</Header>
<LocList>
<Loc EndOffset="47926" SrcFileId="5" StartOffset="47859"/>
</LocList>
<StmntSeq Intrnl_Id="2163">
<LocList>
<Loc EndOffset="47920" SrcFileId="5" StartOffset="47906"/>
</LocList>
<BasicStmnt CovItemId="S469" CovItemPrefix="Draw.java" Intrnl_Id="2164">
<LocList>
<Loc EndOffset="47920" SrcFileId="5" StartOffset="47906"/>
</LocList>
</BasicStmnt>
</StmntSeq>
</HierarchyLvl>
<HierarchyLvl HierarchyLvlId="3868" HierarchyLvlTypeId="13" Intrnl_Id="2165" Name="save">
<Header>
<Loc EndOffset="48319" SrcFileId="5" StartOffset="48286"/>
</Header>
<LocList>
<Loc EndOffset="49916" SrcFileId="5" StartOffset="48286"/>
</LocList>
<StmntSeq Intrnl_Id="2166">
<LocList>
<Loc EndOffset="48368" SrcFileId="5" StartOffset="48330"/>
<Loc EndOffset="48408" SrcFileId="5" StartOffset="48377"/>
<Loc EndOffset="48483" SrcFileId="5" StartOffset="48417"/>
<Loc EndOffset="49910" SrcFileId="5" StartOffset="48514"/>
</LocList>
<BasicStmnt CovItemId="S470" CovItemPrefix="Draw.java" Intrnl_Id="2167">
<LocList>
<Loc EndOffset="48368" SrcFileId="5" StartOffset="48330"/>
</LocList>
</BasicStmnt>
<BasicStmnt CovItemId="S471" CovItemPrefix="Draw.java" Intrnl_Id="2168">
<LocList>
<Loc EndOffset="48408" SrcFileId="5" StartOffset="48377"/>
</LocList>
</BasicStmnt>
<BasicStmnt CovItemId="S472" CovItemPrefix="Draw.java" Intrnl_Id="2169">
<LocList>
<Loc EndOffset="48483" SrcFileId="5" StartOffset="48417"/>
</LocList>
</BasicStmnt>
<CondStmnt CovItemId="S473" CovItemPrefix="Draw.java" Intrnl_Id="2170">
<Branch CovItemId="B83" CovItemPrefix="Draw.java" Implct="false" Intrnl_Id="2171">
<Cond/>
<LocList>
<Loc EndOffset="48741" SrcFileId="5" StartOffset="48550"/>
</LocList>
<StmntSeq Intrnl_Id="2172">
<LocList>
<Loc EndOffset="48630" SrcFileId="5" StartOffset="48586"/>
<Loc EndOffset="48731" SrcFileId="5" StartOffset="48564"/>
</LocList>
<BasicStmnt CovItemId="S475" CovItemPrefix="Draw.java" Intrnl_Id="2173">
<LocList>
<Loc EndOffset="48630" SrcFileId="5" StartOffset="48586"/>
</LocList>
</BasicStmnt>
<CondStmnt CovItemId="S474" CovItemPrefix="Draw.java" Intrnl_Id="2174">
<Branch CovItemId="B85" CovItemPrefix="Draw.java" Implct="true" Intrnl_Id="2175">
<Cond/>
<LocList/>
<StmntSeq Intrnl_Id="2176">
<LocList/>
</StmntSeq>
</Branch>
<Branch CovItemId="B86" CovItemPrefix="Draw.java" Implct="false" Intrnl_Id="2177">
<Cond>
<Loc EndOffset="48678" SrcFileId="5" StartOffset="48657"/>
</Cond>
<LocList>
<Loc EndOffset="48731" SrcFileId="5" StartOffset="48679"/>
</LocList>
<StmntSeq Intrnl_Id="2178">
<LocList>
<Loc EndOffset="48717" SrcFileId="5" StartOffset="48697"/>
</LocList>
<BasicStmnt CovItemId="S476" CovItemPrefix="Draw.java" Intrnl_Id="2179">
<LocList>
<Loc EndOffset="48717" SrcFileId="5" StartOffset="48697"/>
</LocList>
</BasicStmnt>
</StmntSeq>
</Branch>
<Keyword EndOffset="48567" SrcFileId="5" StartOffset="48564"/>
<LocList>
<Loc EndOffset="48731" SrcFileId="5" StartOffset="48564"/>
</LocList>
</CondStmnt>
</StmntSeq>
</Branch>
<Branch CovItemId="B84" CovItemPrefix="Draw.java" Implct="false" Intrnl_Id="2180">
<Cond>
<Loc EndOffset="48909" SrcFileId="5" StartOffset="48905"/>
</Cond>
<LocList>
<Loc EndOffset="49910" SrcFileId="5" StartOffset="48910"/>
</LocList>
<StmntSeq Intrnl_Id="2181">
<LocList>
<Loc EndOffset="49910" SrcFileId="5" StartOffset="48910"/>
</LocList>
<CondStmnt CovItemId="S477" CovItemPrefix="Draw.java" Intrnl_Id="2182">
<Branch CovItemId="B87" CovItemPrefix="Draw.java" Implct="false" Intrnl_Id="2183">
<Cond/>
<LocList>
<Loc EndOffset="49814" SrcFileId="5" StartOffset="48946"/>
</LocList>
<StmntSeq Intrnl_Id="2184">
<LocList>
<Loc EndOffset="49011" SrcFileId="5" StartOffset="48960"/>
<Loc EndOffset="49149" SrcFileId="5" StartOffset="49062"/>
<Loc EndOffset="49234" SrcFileId="5" StartOffset="49162"/>
<Loc EndOffset="49540" SrcFileId="5" StartOffset="49247"/>
<Loc EndOffset="49629" SrcFileId="5" StartOffset="49553"/>
<Loc EndOffset="49703" SrcFileId="5" StartOffset="49664"/>
<Loc EndOffset="49804" SrcFileId="5" StartOffset="49642"/>
</LocList>
<BasicStmnt CovItemId="S478" CovItemPrefix="Draw.java" Intrnl_Id="2185">
<LocList>
<Loc EndOffset="49011" SrcFileId="5" StartOffset="48960"/>
</LocList>
</BasicStmnt>
<BasicStmnt CovItemId="S479" CovItemPrefix="Draw.java" Intrnl_Id="2186">
<LocList>
<Loc EndOffset="49149" SrcFileId="5" StartOffset="49062"/>
</LocList>
</BasicStmnt>
<BasicStmnt CovItemId="S480" CovItemPrefix="Draw.java" Intrnl_Id="2187">
<LocList>
<Loc EndOffset="49234" SrcFileId="5" StartOffset="49162"/>
</LocList>
</BasicStmnt>
<BasicStmnt CovItemId="S481" CovItemPrefix="Draw.java" Intrnl_Id="2188">
<LocList>
<Loc EndOffset="49540" SrcFileId="5" StartOffset="49247"/>
</LocList>
</BasicStmnt>
<BasicStmnt CovItemId="S482" CovItemPrefix="Draw.java" Intrnl_Id="2189">
<LocList>
<Loc EndOffset="49629" SrcFileId="5" StartOffset="49553"/>
</LocList>
</BasicStmnt>
<BasicStmnt CovItemId="S484" CovItemPrefix="Draw.java" Intrnl_Id="2190">
<LocList>
<Loc EndOffset="49703" SrcFileId="5" StartOffset="49664"/>
</LocList>
</BasicStmnt>
<CondStmnt CovItemId="S483" CovItemPrefix="Draw.java" Intrnl_Id="2191">
<Branch CovItemId="B89" CovItemPrefix="Draw.java" Implct="true" Intrnl_Id="2192">
<Cond/>
<LocList/>
<StmntSeq Intrnl_Id="2193">
<LocList/>
</StmntSeq>
</Branch>
<Branch CovItemId="B90" CovItemPrefix="Draw.java" Implct="false" Intrnl_Id="2194">
<Cond>
<Loc EndOffset="49751" SrcFileId="5" StartOffset="49730"/>
</Cond>
<LocList>
<Loc EndOffset="49804" SrcFileId="5" StartOffset="49752"/>
</LocList>
<StmntSeq Intrnl_Id="2195">
<LocList>
<Loc EndOffset="49790" SrcFileId="5" StartOffset="49770"/>
</LocList>
<BasicStmnt CovItemId="S485" CovItemPrefix="Draw.java" Intrnl_Id="2196">
<LocList>
<Loc EndOffset="49790" SrcFileId="5" StartOffset="49770"/>
</LocList>
</BasicStmnt>
</StmntSeq>
</Branch>
<Keyword EndOffset="49645" SrcFileId="5" StartOffset="49642"/>
<LocList>
<Loc EndOffset="49804" SrcFileId="5" StartOffset="49642"/>
</LocList>
</CondStmnt>
</StmntSeq>
</Branch>
<Branch CovItemId="B88" CovItemPrefix="Draw.java" Implct="false" Intrnl_Id="2197">
<Cond>
<Loc EndOffset="49828" SrcFileId="5" StartOffset="49824"/>
</Cond>
<LocList>
<Loc EndOffset="49910" SrcFileId="5" StartOffset="49829"/>
</LocList>
<StmntSeq Intrnl_Id="2198">
<LocList>
<Loc EndOffset="49900" SrcFileId="5" StartOffset="49843"/>
</LocList>
<BasicStmnt CovItemId="S486" CovItemPrefix="Draw.java" Intrnl_Id="2199">
<LocList>
<Loc EndOffset="49900" SrcFileId="5" StartOffset="49843"/>
</LocList>
</BasicStmnt>
</StmntSeq>
</Branch>
<Keyword EndOffset="48912" SrcFileId="5" StartOffset="48910"/>
<LocList>
<Loc EndOffset="49910" SrcFileId="5" StartOffset="48910"/>
</LocList>
<RootTerm CovItemId="C48" CovItemPrefix="Draw.java" Intrnl_Id="2200">
<BasicBoolTerm Intrnl_Id="2201">
<LocList>
<Loc EndOffset="48944" SrcFileId="5" StartOffset="48914"/>
</LocList>
</BasicBoolTerm>
</RootTerm>
</CondStmnt>
</StmntSeq>
</Branch>
<Keyword EndOffset="48516" SrcFileId="5" StartOffset="48514"/>
<LocList>
<Loc EndOffset="49910" SrcFileId="5" StartOffset="48514"/>
</LocList>
<RootTerm CovItemId="C47" CovItemPrefix="Draw.java" Intrnl_Id="2202">
<BasicBoolTerm Intrnl_Id="2203">
<LocList>
<Loc EndOffset="48548" SrcFileId="5" StartOffset="48518"/>
</LocList>
</BasicBoolTerm>
</RootTerm>
</CondStmnt>
</StmntSeq>
</HierarchyLvl>
<HierarchyLvl HierarchyLvlId="3869" HierarchyLvlTypeId="13" Intrnl_Id="2204" Name="actionPerformed">
<Header>
<Loc EndOffset="50041" SrcFileId="5" StartOffset="49985"/>
</Header>
<LocList>
<Loc EndOffset="50350" SrcFileId="5" StartOffset="49985"/>
</LocList>
<StmntSeq Intrnl_Id="2205">
<LocList>
<Loc EndOffset="50144" SrcFileId="5" StartOffset="50052"/>
<Loc EndOffset="50178" SrcFileId="5" StartOffset="50153"/>
<Loc EndOffset="50223" SrcFileId="5" StartOffset="50187"/>
<Loc EndOffset="50344" SrcFileId="5" StartOffset="50232"/>
</LocList>
<BasicStmnt CovItemId="S487" CovItemPrefix="Draw.java" Intrnl_Id="2206">
<LocList>
<Loc EndOffset="50144" SrcFileId="5" StartOffset="50052"/>
</LocList>
</BasicStmnt>
<BasicStmnt CovItemId="S488" CovItemPrefix="Draw.java" Intrnl_Id="2207">
<LocList>
<Loc EndOffset="50178" SrcFileId="5" StartOffset="50153"/>
</LocList>
</BasicStmnt>
<BasicStmnt CovItemId="S489" CovItemPrefix="Draw.java" Intrnl_Id="2208">
<LocList>
<Loc EndOffset="50223" SrcFileId="5" StartOffset="50187"/>
</LocList>
</BasicStmnt>
<CondStmnt CovItemId="S490" CovItemPrefix="Draw.java" Intrnl_Id="2209">
<Branch CovItemId="B91" CovItemPrefix="Draw.java" Implct="false" Intrnl_Id="2210">
<Cond/>
<LocList>
<Loc EndOffset="50344" SrcFileId="5" StartOffset="50254"/>
</LocList>
<StmntSeq Intrnl_Id="2211">
<LocList>
<Loc EndOffset="50334" SrcFileId="5" StartOffset="50268"/>
</LocList>
<BasicStmnt CovItemId="S491" CovItemPrefix="Draw.java" Intrnl_Id="2212">
<LocList>
<Loc EndOffset="50334" SrcFileId="5" StartOffset="50268"/>
</LocList>
</BasicStmnt>
</StmntSeq>
</Branch>
<Branch CovItemId="B92" CovItemPrefix="Draw.java" Implct="true" Intrnl_Id="2213">
<Cond/>
<LocList/>
<StmntSeq Intrnl_Id="2214">
<LocList/>
</StmntSeq>
</Branch>
<Keyword EndOffset="50234" SrcFileId="5" StartOffset="50232"/>
<LocList>
<Loc EndOffset="50344" SrcFileId="5" StartOffset="50232"/>
</LocList>
<RootTerm CovItemId="C49" CovItemPrefix="Draw.java" Intrnl_Id="2215">
<BasicBoolTerm Intrnl_Id="2216">
<LocList>
<Loc EndOffset="50252" SrcFileId="5" StartOffset="50236"/>
</LocList>
</BasicBoolTerm>
</RootTerm>
</CondStmnt>
</StmntSeq>
</HierarchyLvl>
<HierarchyLvl HierarchyLvlId="3870" HierarchyLvlTypeId="13" Intrnl_Id="2217" Name="addListener">
<Header>
<Loc EndOffset="50752" SrcFileId="5" StartOffset="50706"/>
</Header>
<LocList>
<Loc EndOffset="51023" SrcFileId="5" StartOffset="50706"/>
</LocList>
<StmntSeq Intrnl_Id="2218">
<LocList>
<Loc EndOffset="50831" SrcFileId="5" StartOffset="50824"/>
<Loc EndOffset="50864" SrcFileId="5" StartOffset="50840"/>
<Loc EndOffset="50900" SrcFileId="5" StartOffset="50873"/>
<Loc EndOffset="50938" SrcFileId="5" StartOffset="50909"/>
<Loc EndOffset="50982" SrcFileId="5" StartOffset="50947"/>
<Loc EndOffset="51016" SrcFileId="5" StartOffset="50991"/>
</LocList>
<BasicStmnt CovItemId="S492" CovItemPrefix="Draw.java" Intrnl_Id="2219">
<LocList>
<Loc EndOffset="50831" SrcFileId="5" StartOffset="50824"/>
</LocList>
</BasicStmnt>
<BasicStmnt CovItemId="S493" CovItemPrefix="Draw.java" Intrnl_Id="2220">
<LocList>
<Loc EndOffset="50864" SrcFileId="5" StartOffset="50840"/>
</LocList>
</BasicStmnt>
<BasicStmnt CovItemId="S494" CovItemPrefix="Draw.java" Intrnl_Id="2221">
<LocList>
<Loc EndOffset="50900" SrcFileId="5" StartOffset="50873"/>
</LocList>
</BasicStmnt>
<BasicStmnt CovItemId="S495" CovItemPrefix="Draw.java" Intrnl_Id="2222">
<LocList>
<Loc EndOffset="50938" SrcFileId="5" StartOffset="50909"/>
</LocList>
</BasicStmnt>
<BasicStmnt CovItemId="S496" CovItemPrefix="Draw.java" Intrnl_Id="2223">
<LocList>
<Loc EndOffset="50982" SrcFileId="5" StartOffset="50947"/>
</LocList>
</BasicStmnt>
<BasicStmnt CovItemId="S497" CovItemPrefix="Draw.java" Intrnl_Id="2224">
<LocList>
<Loc EndOffset="51016" SrcFileId="5" StartOffset="50991"/>
</LocList>
</BasicStmnt>
</StmntSeq>
</HierarchyLvl>
<HierarchyLvl HierarchyLvlId="3871" HierarchyLvlTypeId="13" Intrnl_Id="2225" Name="isMousePressed">
<Header>
<Loc EndOffset="51424" SrcFileId="5" StartOffset="51393"/>
</Header>
<LocList>
<Loc EndOffset="51512" SrcFileId="5" StartOffset="51393"/>
</LocList>
<StmntSeq Intrnl_Id="2226">
<LocList>
<Loc EndOffset="51458" SrcFileId="5" StartOffset="51449"/>
<Loc EndOffset="51496" SrcFileId="5" StartOffset="51474"/>
</LocList>
<SyncStmnt CovItemId="Y0" CovItemPrefix="Draw.java" Intrnl_Id="2227" SyncStmnt0="Y0-0" SyncStmnt1="Y0-1" SyncStmnt2="Y0-2">
<Keyword EndOffset="51458" SrcFileId="5" StartOffset="51449"/>
<LocList>
<Loc EndOffset="51458" SrcFileId="5" StartOffset="51449"/>
</LocList>
</SyncStmnt>
<BasicStmnt CovItemId="S498" CovItemPrefix="Draw.java" Intrnl_Id="2228">
<LocList>
<Loc EndOffset="51496" SrcFileId="5" StartOffset="51474"/>
</LocList>
</BasicStmnt>
</StmntSeq>
</HierarchyLvl>
<HierarchyLvl HierarchyLvlId="3872" HierarchyLvlTypeId="13" Intrnl_Id="2229" Name="mousePressed">
<Header>
<Loc EndOffset="51792" SrcFileId="5" StartOffset="51747"/>
</Header>
<LocList>
<Loc EndOffset="51880" SrcFileId="5" StartOffset="51747"/>
</LocList>
<StmntSeq Intrnl_Id="2230">
<LocList>
<Loc EndOffset="51826" SrcFileId="5" StartOffset="51817"/>
<Loc EndOffset="51864" SrcFileId="5" StartOffset="51842"/>
</LocList>
<SyncStmnt CovItemId="Y1" CovItemPrefix="Draw.java" Intrnl_Id="2231" SyncStmnt0="Y1-0" SyncStmnt1="Y1-1" SyncStmnt2="Y1-2">
<Keyword EndOffset="51826" SrcFileId="5" StartOffset="51817"/>
<LocList>
<Loc EndOffset="51826" SrcFileId="5" StartOffset="51817"/>
</LocList>
</SyncStmnt>
<BasicStmnt CovItemId="S499" CovItemPrefix="Draw.java" Intrnl_Id="2232">
<LocList>
<Loc EndOffset="51864" SrcFileId="5" StartOffset="51842"/>
</LocList>
</BasicStmnt>
</StmntSeq>
</HierarchyLvl>
<HierarchyLvl HierarchyLvlId="3873" HierarchyLvlTypeId="13" Intrnl_Id="2233" Name="mouseX">
<Header>
<Loc EndOffset="52015" SrcFileId="5" StartOffset="51993"/>
</Header>
<LocList>
<Loc EndOffset="52095" SrcFileId="5" StartOffset="51993"/>
</LocList>
<StmntSeq Intrnl_Id="2234">
<LocList>
<Loc EndOffset="52049" SrcFileId="5" StartOffset="52040"/>
<Loc EndOffset="52079" SrcFileId="5" StartOffset="52065"/>
</LocList>
<SyncStmnt CovItemId="Y2" CovItemPrefix="Draw.java" Intrnl_Id="2235" SyncStmnt0="Y2-0" SyncStmnt1="Y2-1" SyncStmnt2="Y2-2">
<Keyword EndOffset="52049" SrcFileId="5" StartOffset="52040"/>
<LocList>
<Loc EndOffset="52049" SrcFileId="5" StartOffset="52040"/>
</LocList>
</SyncStmnt>
<BasicStmnt CovItemId="S500" CovItemPrefix="Draw.java" Intrnl_Id="2236">
<LocList>
<Loc EndOffset="52079" SrcFileId="5" StartOffset="52065"/>
</LocList>
</BasicStmnt>
</StmntSeq>
</HierarchyLvl>
<HierarchyLvl HierarchyLvlId="3874" HierarchyLvlTypeId="13" Intrnl_Id="2237" Name="mouseY">
<Header>
<Loc EndOffset="52237" SrcFileId="5" StartOffset="52215"/>
</Header>
<LocList>
<Loc EndOffset="52317" SrcFileId="5" StartOffset="52215"/>
</LocList>
<StmntSeq Intrnl_Id="2238">
<LocList>
<Loc EndOffset="52271" SrcFileId="5" StartOffset="52262"/>
<Loc EndOffset="52301" SrcFileId="5" StartOffset="52287"/>
</LocList>
<SyncStmnt CovItemId="Y3" CovItemPrefix="Draw.java" Intrnl_Id="2239" SyncStmnt0="Y3-0" SyncStmnt1="Y3-1" SyncStmnt2="Y3-2">
<Keyword EndOffset="52271" SrcFileId="5" StartOffset="52262"/>
<LocList>
<Loc EndOffset="52271" SrcFileId="5" StartOffset="52262"/>
</LocList>
</SyncStmnt>
<BasicStmnt CovItemId="S501" CovItemPrefix="Draw.java" Intrnl_Id="2240">
<LocList>
<Loc EndOffset="52301" SrcFileId="5" StartOffset="52287"/>
</LocList>
</BasicStmnt>
</StmntSeq>
</HierarchyLvl>
<HierarchyLvl HierarchyLvlId="3875" HierarchyLvlTypeId="13" Intrnl_Id="2241" Name="mouseEntered">
<Header>
<Loc EndOffset="52439" SrcFileId="5" StartOffset="52387"/>
</Header>
<LocList>
<Loc EndOffset="52496" SrcFileId="5" StartOffset="52387"/>
</LocList>
</HierarchyLvl>
<HierarchyLvl HierarchyLvlId="3876" HierarchyLvlTypeId="13" Intrnl_Id="2242" Name="mouseExited">
<Header>
<Loc EndOffset="52615" SrcFileId="5" StartOffset="52564"/>
</Header>
<LocList>
<Loc EndOffset="52672" SrcFileId="5" StartOffset="52564"/>
</LocList>
</HierarchyLvl>
<HierarchyLvl HierarchyLvlId="3877" HierarchyLvlTypeId="13" Intrnl_Id="2243" Name="mousePressed">
<Header>
<Loc EndOffset="52792" SrcFileId="5" StartOffset="52740"/>
</Header>
<LocList>
<Loc EndOffset="53143" SrcFileId="5" StartOffset="52740"/>
</LocList>
<StmntSeq Intrnl_Id="2244">
<LocList>
<Loc EndOffset="52826" SrcFileId="5" StartOffset="52817"/>
<Loc EndOffset="52867" SrcFileId="5" StartOffset="52842"/>
<Loc EndOffset="52905" SrcFileId="5" StartOffset="52880"/>
<Loc EndOffset="52940" SrcFileId="5" StartOffset="52918"/>
<Loc EndOffset="53136" SrcFileId="5" StartOffset="52959"/>
</LocList>
<SyncStmnt CovItemId="Y4" CovItemPrefix="Draw.java" Intrnl_Id="2245" SyncStmnt0="Y4-0" SyncStmnt1="Y4-1" SyncStmnt2="Y4-2">
<Keyword EndOffset="52826" SrcFileId="5" StartOffset="52817"/>
<LocList>
<Loc EndOffset="52826" SrcFileId="5" StartOffset="52817"/>
</LocList>
</SyncStmnt>
<BasicStmnt CovItemId="S502" CovItemPrefix="Draw.java" Intrnl_Id="2246">
<LocList>
<Loc EndOffset="52867" SrcFileId="5" StartOffset="52842"/>
</LocList>
</BasicStmnt>
<BasicStmnt CovItemId="S503" CovItemPrefix="Draw.java" Intrnl_Id="2247">
<LocList>
<Loc EndOffset="52905" SrcFileId="5" StartOffset="52880"/>
</LocList>
</BasicStmnt>
<BasicStmnt CovItemId="S504" CovItemPrefix="Draw.java" Intrnl_Id="2248">
<LocList>
<Loc EndOffset="52940" SrcFileId="5" StartOffset="52918"/>
</LocList>
</BasicStmnt>
<CondStmnt CovItemId="S505" CovItemPrefix="Draw.java" Intrnl_Id="2249">
<Branch CovItemId="B93" CovItemPrefix="Draw.java" Implct="false" Intrnl_Id="2250">
<Cond/>
<LocList>
<Loc EndOffset="53136" SrcFileId="5" StartOffset="53000"/>
</LocList>
<StmntSeq Intrnl_Id="2251">
<LocList>
<Loc EndOffset="53126" SrcFileId="5" StartOffset="53014"/>
</LocList>
<LoopStmnt CovItemId="S506" CovItemPrefix="Draw.java" Intrnl_Id="2252" MltplExecId="L8-2" MltplExecPrefix="Draw.java" NvrExecId="L8-0" NvrExecPrefix="Draw.java" OnceExecutedId="L8-1" OnceExecutedPrefix="Draw.java" OptBodyExec="true">
<StmntSeq Intrnl_Id="2253">
<LocList>
<Loc EndOffset="53126" SrcFileId="5" StartOffset="53070"/>
</LocList>
<BasicStmnt CovItemId="S507" CovItemPrefix="Draw.java" Intrnl_Id="2254">
<LocList>
<Loc EndOffset="53126" SrcFileId="5" StartOffset="53070"/>
</LocList>
</BasicStmnt>
</StmntSeq>
<Keyword EndOffset="53017" SrcFileId="5" StartOffset="53014"/>
<LocList>
<Loc EndOffset="53126" SrcFileId="5" StartOffset="53014"/>
</LocList>
</LoopStmnt>
</StmntSeq>
</Branch>
<Branch CovItemId="B94" CovItemPrefix="Draw.java" Implct="true" Intrnl_Id="2255">
<Cond/>
<LocList/>
<StmntSeq Intrnl_Id="2256">
<LocList/>
</StmntSeq>
</Branch>
<Keyword EndOffset="52961" SrcFileId="5" StartOffset="52959"/>
<LocList>
<Loc EndOffset="53136" SrcFileId="5" StartOffset="52959"/>
</LocList>
<RootTerm CovItemId="C50" CovItemPrefix="Draw.java" Intrnl_Id="2257">
<BasicBoolTerm Intrnl_Id="2258">
<LocList>
<Loc EndOffset="52998" SrcFileId="5" StartOffset="52963"/>
</LocList>
</BasicBoolTerm>
</RootTerm>
</CondStmnt>
</StmntSeq>
</HierarchyLvl>
<HierarchyLvl HierarchyLvlId="3878" HierarchyLvlTypeId="13" Intrnl_Id="2259" Name="mouseReleased">
<Header>
<Loc EndOffset="53264" SrcFileId="5" StartOffset="53211"/>
</Header>
<LocList>
<Loc EndOffset="53540" SrcFileId="5" StartOffset="53211"/>
</LocList>
<StmntSeq Intrnl_Id="2260">
<LocList>
<Loc EndOffset="53298" SrcFileId="5" StartOffset="53289"/>
<Loc EndOffset="53337" SrcFileId="5" StartOffset="53314"/>
<Loc EndOffset="53534" SrcFileId="5" StartOffset="53356"/>
</LocList>
<SyncStmnt CovItemId="Y5" CovItemPrefix="Draw.java" Intrnl_Id="2261" SyncStmnt0="Y5-0" SyncStmnt1="Y5-1" SyncStmnt2="Y5-2">
<Keyword EndOffset="53298" SrcFileId="5" StartOffset="53289"/>
<LocList>
<Loc EndOffset="53298" SrcFileId="5" StartOffset="53289"/>
</LocList>
</SyncStmnt>
<BasicStmnt CovItemId="S508" CovItemPrefix="Draw.java" Intrnl_Id="2262">
<LocList>
<Loc EndOffset="53337" SrcFileId="5" StartOffset="53314"/>
</LocList>
</BasicStmnt>
<CondStmnt CovItemId="S509" CovItemPrefix="Draw.java" Intrnl_Id="2263">
<Branch CovItemId="B95" CovItemPrefix="Draw.java" Implct="false" Intrnl_Id="2264">
<Cond/>
<LocList>
<Loc EndOffset="53534" SrcFileId="5" StartOffset="53397"/>
</LocList>
<StmntSeq Intrnl_Id="2265">
<LocList>
<Loc EndOffset="53524" SrcFileId="5" StartOffset="53411"/>
</LocList>
<LoopStmnt CovItemId="S510" CovItemPrefix="Draw.java" Intrnl_Id="2266" MltplExecId="L9-2" MltplExecPrefix="Draw.java" NvrExecId="L9-0" NvrExecPrefix="Draw.java" OnceExecutedId="L9-1" OnceExecutedPrefix="Draw.java" OptBodyExec="true">
<StmntSeq Intrnl_Id="2267">
<LocList>
<Loc EndOffset="53524" SrcFileId="5" StartOffset="53467"/>
</LocList>
<BasicStmnt CovItemId="S511" CovItemPrefix="Draw.java" Intrnl_Id="2268">
<LocList>
<Loc EndOffset="53524" SrcFileId="5" StartOffset="53467"/>
</LocList>
</BasicStmnt>
</StmntSeq>
<Keyword EndOffset="53414" SrcFileId="5" StartOffset="53411"/>
<LocList>
<Loc EndOffset="53524" SrcFileId="5" StartOffset="53411"/>
</LocList>
</LoopStmnt>
</StmntSeq>
</Branch>
<Branch CovItemId="B96" CovItemPrefix="Draw.java" Implct="true" Intrnl_Id="2269">
<Cond/>
<LocList/>
<StmntSeq Intrnl_Id="2270">
<LocList/>
</StmntSeq>
</Branch>
<Keyword EndOffset="53358" SrcFileId="5" StartOffset="53356"/>
<LocList>
<Loc EndOffset="53534" SrcFileId="5" StartOffset="53356"/>
</LocList>
<RootTerm CovItemId="C51" CovItemPrefix="Draw.java" Intrnl_Id="2271">
<BasicBoolTerm Intrnl_Id="2272">
<LocList>
<Loc EndOffset="53395" SrcFileId="5" StartOffset="53360"/>
</LocList>
</BasicBoolTerm>
</RootTerm>
</CondStmnt>
</StmntSeq>
</HierarchyLvl>
<HierarchyLvl HierarchyLvlId="3879" HierarchyLvlTypeId="13" Intrnl_Id="2273" Name="mouseClicked">
<Header>
<Loc EndOffset="53660" SrcFileId="5" StartOffset="53608"/>
</Header>
<LocList>
<Loc EndOffset="53854" SrcFileId="5" StartOffset="53608"/>
</LocList>
<StmntSeq Intrnl_Id="2274">
<LocList>
<Loc EndOffset="53848" SrcFileId="5" StartOffset="53671"/>
</LocList>
<CondStmnt CovItemId="S512" CovItemPrefix="Draw.java" Intrnl_Id="2275">
<Branch CovItemId="B97" CovItemPrefix="Draw.java" Implct="false" Intrnl_Id="2276">
<Cond/>
<LocList>
<Loc EndOffset="53848" SrcFileId="5" StartOffset="53712"/>
</LocList>
<StmntSeq Intrnl_Id="2277">
<LocList>
<Loc EndOffset="53838" SrcFileId="5" StartOffset="53726"/>
</LocList>
<LoopStmnt CovItemId="S513" CovItemPrefix="Draw.java" Intrnl_Id="2278" MltplExecId="L10-2" MltplExecPrefix="Draw.java" NvrExecId="L10-0" NvrExecPrefix="Draw.java" OnceExecutedId="L10-1" OnceExecutedPrefix="Draw.java" OptBodyExec="true">
<StmntSeq Intrnl_Id="2279">
<LocList>
<Loc EndOffset="53838" SrcFileId="5" StartOffset="53782"/>
</LocList>
<BasicStmnt CovItemId="S514" CovItemPrefix="Draw.java" Intrnl_Id="2280">
<LocList>
<Loc EndOffset="53838" SrcFileId="5" StartOffset="53782"/>
</LocList>
</BasicStmnt>
</StmntSeq>
<Keyword EndOffset="53729" SrcFileId="5" StartOffset="53726"/>
<LocList>
<Loc EndOffset="53838" SrcFileId="5" StartOffset="53726"/>
</LocList>
</LoopStmnt>
</StmntSeq>
</Branch>
<Branch CovItemId="B98" CovItemPrefix="Draw.java" Implct="true" Intrnl_Id="2281">
<Cond/>
<LocList/>
<StmntSeq Intrnl_Id="2282">
<LocList/>
</StmntSeq>
</Branch>
<Keyword EndOffset="53673" SrcFileId="5" StartOffset="53671"/>
<LocList>
<Loc EndOffset="53848" SrcFileId="5" StartOffset="53671"/>
</LocList>
<RootTerm CovItemId="C52" CovItemPrefix="Draw.java" Intrnl_Id="2283">
<BasicBoolTerm Intrnl_Id="2284">
<LocList>
<Loc EndOffset="53710" SrcFileId="5" StartOffset="53675"/>
</LocList>
</BasicBoolTerm>
</RootTerm>
</CondStmnt>
</StmntSeq>
</HierarchyLvl>
<HierarchyLvl HierarchyLvlId="3880" HierarchyLvlTypeId="13" Intrnl_Id="2285" Name="mouseDragged">
<Header>
<Loc EndOffset="53975" SrcFileId="5" StartOffset="53923"/>
</Header>
<LocList>
<Loc EndOffset="54279" SrcFileId="5" StartOffset="53923"/>
</LocList>
<StmntSeq Intrnl_Id="2286">
<LocList>
<Loc EndOffset="54010" SrcFileId="5" StartOffset="54001"/>
<Loc EndOffset="54051" SrcFileId="5" StartOffset="54026"/>
<Loc EndOffset="54089" SrcFileId="5" StartOffset="54064"/>
<Loc EndOffset="54273" SrcFileId="5" StartOffset="54165"/>
</LocList>
<SyncStmnt CovItemId="Y6" CovItemPrefix="Draw.java" Intrnl_Id="2287" SyncStmnt0="Y6-0" SyncStmnt1="Y6-1" SyncStmnt2="Y6-2">
<Keyword EndOffset="54010" SrcFileId="5" StartOffset="54001"/>
<LocList>
<Loc EndOffset="54010" SrcFileId="5" StartOffset="54001"/>
</LocList>
</SyncStmnt>
<BasicStmnt CovItemId="S515" CovItemPrefix="Draw.java" Intrnl_Id="2288">
<LocList>
<Loc EndOffset="54051" SrcFileId="5" StartOffset="54026"/>
</LocList>
</BasicStmnt>
<BasicStmnt CovItemId="S516" CovItemPrefix="Draw.java" Intrnl_Id="2289">
<LocList>
<Loc EndOffset="54089" SrcFileId="5" StartOffset="54064"/>
</LocList>
</BasicStmnt>
<LoopStmnt CovItemId="S517" CovItemPrefix="Draw.java" Intrnl_Id="2290" MltplExecId="L11-2" MltplExecPrefix="Draw.java" NvrExecId="L11-0" NvrExecPrefix="Draw.java" OnceExecutedId="L11-1" OnceExecutedPrefix="Draw.java" OptBodyExec="true">
<StmntSeq Intrnl_Id="2291">
<LocList>
<Loc EndOffset="54273" SrcFileId="5" StartOffset="54217"/>
</LocList>
<BasicStmnt CovItemId="S518" CovItemPrefix="Draw.java" Intrnl_Id="2292">
<LocList>
<Loc EndOffset="54273" SrcFileId="5" StartOffset="54217"/>
</LocList>
</BasicStmnt>
</StmntSeq>
<Keyword EndOffset="54168" SrcFileId="5" StartOffset="54165"/>
<LocList>
<Loc EndOffset="54273" SrcFileId="5" StartOffset="54165"/>
</LocList>
</LoopStmnt>
</StmntSeq>
</HierarchyLvl>
<HierarchyLvl HierarchyLvlId="3881" HierarchyLvlTypeId="13" Intrnl_Id="2293" Name="mouseMoved">
<Header>
<Loc EndOffset="54397" SrcFileId="5" StartOffset="54347"/>
</Header>
<LocList>
<Loc EndOffset="54526" SrcFileId="5" StartOffset="54347"/>
</LocList>
<StmntSeq Intrnl_Id="2294">
<LocList>
<Loc EndOffset="54431" SrcFileId="5" StartOffset="54422"/>
<Loc EndOffset="54472" SrcFileId="5" StartOffset="54447"/>
<Loc EndOffset="54510" SrcFileId="5" StartOffset="54485"/>
</LocList>
<SyncStmnt CovItemId="Y7" CovItemPrefix="Draw.java" Intrnl_Id="2295" SyncStmnt0="Y7-0" SyncStmnt1="Y7-1" SyncStmnt2="Y7-2">
<Keyword EndOffset="54431" SrcFileId="5" StartOffset="54422"/>
<LocList>
<Loc EndOffset="54431" SrcFileId="5" StartOffset="54422"/>
</LocList>
</SyncStmnt>
<BasicStmnt CovItemId="S519" CovItemPrefix="Draw.java" Intrnl_Id="2296">
<LocList>
<Loc EndOffset="54472" SrcFileId="5" StartOffset="54447"/>
</LocList>
</BasicStmnt>
<BasicStmnt CovItemId="S520" CovItemPrefix="Draw.java" Intrnl_Id="2297">
<LocList>
<Loc EndOffset="54510" SrcFileId="5" StartOffset="54485"/>
</LocList>
</BasicStmnt>
</StmntSeq>
</HierarchyLvl>
<HierarchyLvl HierarchyLvlId="3882" HierarchyLvlTypeId="13" Intrnl_Id="2298" Name="hasNextKeyTyped">
<Header>
<Loc EndOffset="54910" SrcFileId="5" StartOffset="54878"/>
</Header>
<LocList>
<Loc EndOffset="55002" SrcFileId="5" StartOffset="54878"/>
</LocList>
<StmntSeq Intrnl_Id="2299">
<LocList>
<Loc EndOffset="54942" SrcFileId="5" StartOffset="54935"/>
<Loc EndOffset="54986" SrcFileId="5" StartOffset="54958"/>
</LocList>
<SyncStmnt CovItemId="Y8" CovItemPrefix="Draw.java" Intrnl_Id="2300" SyncStmnt0="Y8-0" SyncStmnt1="Y8-1" SyncStmnt2="Y8-2">
<Keyword EndOffset="54942" SrcFileId="5" StartOffset="54935"/>
<LocList>
<Loc EndOffset="54942" SrcFileId="5" StartOffset="54935"/>
</LocList>
</SyncStmnt>
<BasicStmnt CovItemId="S521" CovItemPrefix="Draw.java" Intrnl_Id="2301">
<LocList>
<Loc EndOffset="54986" SrcFileId="5" StartOffset="54958"/>
</LocList>
</BasicStmnt>
</StmntSeq>
</HierarchyLvl>
<HierarchyLvl HierarchyLvlId="3883" HierarchyLvlTypeId="13" Intrnl_Id="2302" Name="nextKeyTyped">
<Header>
<Loc EndOffset="55142" SrcFileId="5" StartOffset="55116"/>
</Header>
<LocList>
<Loc EndOffset="55236" SrcFileId="5" StartOffset="55116"/>
</LocList>
<StmntSeq Intrnl_Id="2303">
<LocList>
<Loc EndOffset="55174" SrcFileId="5" StartOffset="55167"/>
<Loc EndOffset="55220" SrcFileId="5" StartOffset="55190"/>
</LocList>
<SyncStmnt CovItemId="Y9" CovItemPrefix="Draw.java" Intrnl_Id="2304" SyncStmnt0="Y9-0" SyncStmnt1="Y9-1" SyncStmnt2="Y9-2">
<Keyword EndOffset="55174" SrcFileId="5" StartOffset="55167"/>
<LocList>
<Loc EndOffset="55174" SrcFileId="5" StartOffset="55167"/>
</LocList>
</SyncStmnt>
<BasicStmnt CovItemId="S522" CovItemPrefix="Draw.java" Intrnl_Id="2305">
<LocList>
<Loc EndOffset="55220" SrcFileId="5" StartOffset="55190"/>
</LocList>
</BasicStmnt>
</StmntSeq>
</HierarchyLvl>
<HierarchyLvl HierarchyLvlId="3884" HierarchyLvlTypeId="13" Intrnl_Id="2306" Name="isKeyPressed">
<Header>
<Loc EndOffset="55788" SrcFileId="5" StartOffset="55748"/>
</Header>
<LocList>
<Loc EndOffset="55886" SrcFileId="5" StartOffset="55748"/>
</LocList>
<StmntSeq Intrnl_Id="2307">
<LocList>
<Loc EndOffset="55820" SrcFileId="5" StartOffset="55813"/>
<Loc EndOffset="55870" SrcFileId="5" StartOffset="55836"/>
</LocList>
<SyncStmnt CovItemId="Y10" CovItemPrefix="Draw.java" Intrnl_Id="2308" SyncStmnt0="Y10-0" SyncStmnt1="Y10-1" SyncStmnt2="Y10-2">
<Keyword EndOffset="55820" SrcFileId="5" StartOffset="55813"/>
<LocList>
<Loc EndOffset="55820" SrcFileId="5" StartOffset="55813"/>
</LocList>
</SyncStmnt>
<BasicStmnt CovItemId="S523" CovItemPrefix="Draw.java" Intrnl_Id="2309">
<LocList>
<Loc EndOffset="55870" SrcFileId="5" StartOffset="55836"/>
</LocList>
</BasicStmnt>
</StmntSeq>
</HierarchyLvl>
<HierarchyLvl HierarchyLvlId="3885" HierarchyLvlTypeId="13" Intrnl_Id="2310" Name="keyTyped">
<Header>
<Loc EndOffset="56000" SrcFileId="5" StartOffset="55954"/>
</Header>
<LocList>
<Loc EndOffset="56227" SrcFileId="5" StartOffset="55954"/>
</LocList>
<StmntSeq Intrnl_Id="2311">
<LocList>
<Loc EndOffset="56032" SrcFileId="5" StartOffset="56025"/>
<Loc EndOffset="56083" SrcFileId="5" StartOffset="56048"/>
<Loc EndOffset="56221" SrcFileId="5" StartOffset="56135"/>
</LocList>
<SyncStmnt CovItemId="Y11" CovItemPrefix="Draw.java" Intrnl_Id="2312" SyncStmnt0="Y11-0" SyncStmnt1="Y11-1" SyncStmnt2="Y11-2">
<Keyword EndOffset="56032" SrcFileId="5" StartOffset="56025"/>
<LocList>
<Loc EndOffset="56032" SrcFileId="5" StartOffset="56025"/>
</LocList>
</SyncStmnt>
<BasicStmnt CovItemId="S524" CovItemPrefix="Draw.java" Intrnl_Id="2313">
<LocList>
<Loc EndOffset="56083" SrcFileId="5" StartOffset="56048"/>
</LocList>
</BasicStmnt>
<LoopStmnt CovItemId="S525" CovItemPrefix="Draw.java" Intrnl_Id="2314" MltplExecId="L12-2" MltplExecPrefix="Draw.java" NvrExecId="L12-0" NvrExecPrefix="Draw.java" OnceExecutedId="L12-1" OnceExecutedPrefix="Draw.java" OptBodyExec="true">
<StmntSeq Intrnl_Id="2315">
<LocList>
<Loc EndOffset="56221" SrcFileId="5" StartOffset="56187"/>
</LocList>
<BasicStmnt CovItemId="S526" CovItemPrefix="Draw.java" Intrnl_Id="2316">
<LocList>
<Loc EndOffset="56221" SrcFileId="5" StartOffset="56187"/>
</LocList>
</BasicStmnt>
</StmntSeq>
<Keyword EndOffset="56138" SrcFileId="5" StartOffset="56135"/>
<LocList>
<Loc EndOffset="56221" SrcFileId="5" StartOffset="56135"/>
</LocList>
</LoopStmnt>
</StmntSeq>
</HierarchyLvl>
<HierarchyLvl HierarchyLvlId="3886" HierarchyLvlTypeId="13" Intrnl_Id="2317" Name="keyPressed">
<Header>
<Loc EndOffset="56343" SrcFileId="5" StartOffset="56295"/>
</Header>
<LocList>
<Loc EndOffset="56566" SrcFileId="5" StartOffset="56295"/>
</LocList>
<StmntSeq Intrnl_Id="2318">
<LocList>
<Loc EndOffset="56375" SrcFileId="5" StartOffset="56368"/>
<Loc EndOffset="56420" SrcFileId="5" StartOffset="56391"/>
<Loc EndOffset="56560" SrcFileId="5" StartOffset="56472"/>
</LocList>
<SyncStmnt CovItemId="Y12" CovItemPrefix="Draw.java" Intrnl_Id="2319" SyncStmnt0="Y12-0" SyncStmnt1="Y12-1" SyncStmnt2="Y12-2">
<Keyword EndOffset="56375" SrcFileId="5" StartOffset="56368"/>
<LocList>
<Loc EndOffset="56375" SrcFileId="5" StartOffset="56368"/>
</LocList>
</SyncStmnt>
<BasicStmnt CovItemId="S527" CovItemPrefix="Draw.java" Intrnl_Id="2320">
<LocList>
<Loc EndOffset="56420" SrcFileId="5" StartOffset="56391"/>
</LocList>
</BasicStmnt>
<LoopStmnt CovItemId="S528" CovItemPrefix="Draw.java" Intrnl_Id="2321" MltplExecId="L13-2" MltplExecPrefix="Draw.java" NvrExecId="L13-0" NvrExecPrefix="Draw.java" OnceExecutedId="L13-1" OnceExecutedPrefix="Draw.java" OptBodyExec="true">
<StmntSeq Intrnl_Id="2322">
<LocList>
<Loc EndOffset="56560" SrcFileId="5" StartOffset="56524"/>
</LocList>
<BasicStmnt CovItemId="S529" CovItemPrefix="Draw.java" Intrnl_Id="2323">
<LocList>
<Loc EndOffset="56560" SrcFileId="5" StartOffset="56524"/>
</LocList>
</BasicStmnt>
</StmntSeq>
<Keyword EndOffset="56475" SrcFileId="5" StartOffset="56472"/>
<LocList>
<Loc EndOffset="56560" SrcFileId="5" StartOffset="56472"/>
</LocList>
</LoopStmnt>
</StmntSeq>
</HierarchyLvl>
<HierarchyLvl HierarchyLvlId="3887" HierarchyLvlTypeId="13" Intrnl_Id="2324" Name="keyReleased">
<Header>
<Loc EndOffset="56683" SrcFileId="5" StartOffset="56634"/>
</Header>
<LocList>
<Loc EndOffset="56910" SrcFileId="5" StartOffset="56634"/>
</LocList>
<StmntSeq Intrnl_Id="2325">
<LocList>
<Loc EndOffset="56715" SrcFileId="5" StartOffset="56708"/>
<Loc EndOffset="56763" SrcFileId="5" StartOffset="56731"/>
<Loc EndOffset="56904" SrcFileId="5" StartOffset="56815"/>
</LocList>
<SyncStmnt CovItemId="Y13" CovItemPrefix="Draw.java" Intrnl_Id="2326" SyncStmnt0="Y13-0" SyncStmnt1="Y13-1" SyncStmnt2="Y13-2">
<Keyword EndOffset="56715" SrcFileId="5" StartOffset="56708"/>
<LocList>
<Loc EndOffset="56715" SrcFileId="5" StartOffset="56708"/>
</LocList>
</SyncStmnt>
<BasicStmnt CovItemId="S530" CovItemPrefix="Draw.java" Intrnl_Id="2327">
<LocList>
<Loc EndOffset="56763" SrcFileId="5" StartOffset="56731"/>
</LocList>
</BasicStmnt>
<LoopStmnt CovItemId="S531" CovItemPrefix="Draw.java" Intrnl_Id="2328" MltplExecId="L14-2" MltplExecPrefix="Draw.java" NvrExecId="L14-0" NvrExecPrefix="Draw.java" OnceExecutedId="L14-1" OnceExecutedPrefix="Draw.java" OptBodyExec="true">
<StmntSeq Intrnl_Id="2329">
<LocList>
<Loc EndOffset="56904" SrcFileId="5" StartOffset="56867"/>
</LocList>
<BasicStmnt CovItemId="S532" CovItemPrefix="Draw.java" Intrnl_Id="2330">
<LocList>
<Loc EndOffset="56904" SrcFileId="5" StartOffset="56867"/>
</LocList>
</BasicStmnt>
</StmntSeq>
<Keyword EndOffset="56818" SrcFileId="5" StartOffset="56815"/>
<LocList>
<Loc EndOffset="56904" SrcFileId="5" StartOffset="56815"/>
</LocList>
</LoopStmnt>
</StmntSeq>
</HierarchyLvl>
<HierarchyLvl HierarchyLvlId="3892" HierarchyLvlTypeId="14" Intrnl_Id="2331" Name="RetinaImageIcon">
<Header>
<Loc EndOffset="57187" SrcFileId="5" StartOffset="57134"/>
</Header>
<LocList>
<Loc EndOffset="58161" SrcFileId="5" StartOffset="57134"/>
</LocList>
<HierarchyLvl HierarchyLvlId="3888" HierarchyLvlTypeId="13" Intrnl_Id="2332" Name="RetinaImageIcon">
<Header>
<Loc EndOffset="57238" SrcFileId="5" StartOffset="57203"/>
</Header>
<LocList>
<Loc EndOffset="57276" SrcFileId="5" StartOffset="57203"/>
</LocList>
<StmntSeq Intrnl_Id="2333">
<LocList>
<Loc EndOffset="57266" SrcFileId="5" StartOffset="57253"/>
</LocList>
<BasicStmnt CovItemId="S533" CovItemPrefix="Draw.java" Intrnl_Id="2334">
<LocList>
<Loc EndOffset="57266" SrcFileId="5" StartOffset="57253"/>
</LocList>
</BasicStmnt>
</StmntSeq>
</HierarchyLvl>
<HierarchyLvl HierarchyLvlId="3889" HierarchyLvlTypeId="13" Intrnl_Id="2335" Name="getIconWidth">
<Header>
<Loc EndOffset="57311" SrcFileId="5" StartOffset="57286"/>
</Header>
<LocList>
<Loc EndOffset="57368" SrcFileId="5" StartOffset="57286"/>
</LocList>
<StmntSeq Intrnl_Id="2336">
<LocList>
<Loc EndOffset="57358" SrcFileId="5" StartOffset="57326"/>
</LocList>
<BasicStmnt CovItemId="S534" CovItemPrefix="Draw.java" Intrnl_Id="2337">
<LocList>
<Loc EndOffset="57358" SrcFileId="5" StartOffset="57326"/>
</LocList>
</BasicStmnt>
</StmntSeq>
</HierarchyLvl>
<HierarchyLvl HierarchyLvlId="3890" HierarchyLvlTypeId="13" Intrnl_Id="2338" Name="getIconHeight">
<Header>
<Loc EndOffset="57532" SrcFileId="5" StartOffset="57506"/>
</Header>
<LocList>
<Loc EndOffset="57590" SrcFileId="5" StartOffset="57506"/>
</LocList>
<StmntSeq Intrnl_Id="2339">
<LocList>
<Loc EndOffset="57580" SrcFileId="5" StartOffset="57547"/>
</LocList>
<BasicStmnt CovItemId="S535" CovItemPrefix="Draw.java" Intrnl_Id="2340">
<LocList>
<Loc EndOffset="57580" SrcFileId="5" StartOffset="57547"/>
</LocList>
</BasicStmnt>
</StmntSeq>
</HierarchyLvl>
<HierarchyLvl HierarchyLvlId="3891" HierarchyLvlTypeId="13" Intrnl_Id="2341" Name="paintIcon">
<Header>
<Loc EndOffset="57673" SrcFileId="5" StartOffset="57600"/>
</Header>
<LocList>
<Loc EndOffset="58155" SrcFileId="5" StartOffset="57600"/>
</LocList>
<StmntSeq Intrnl_Id="2342">
<LocList>
<Loc EndOffset="57728" SrcFileId="5" StartOffset="57688"/>
<Loc EndOffset="57838" SrcFileId="5" StartOffset="57741"/>
<Loc EndOffset="57937" SrcFileId="5" StartOffset="57851"/>
<Loc EndOffset="58037" SrcFileId="5" StartOffset="57950"/>
<Loc EndOffset="58069" SrcFileId="5" StartOffset="58050"/>
<Loc EndOffset="58119" SrcFileId="5" StartOffset="58082"/>
<Loc EndOffset="58145" SrcFileId="5" StartOffset="58132"/>
</LocList>
<BasicStmnt CovItemId="S536" CovItemPrefix="Draw.java" Intrnl_Id="2343">
<LocList>
<Loc EndOffset="57728" SrcFileId="5" StartOffset="57688"/>
</LocList>
</BasicStmnt>
<BasicStmnt CovItemId="S537" CovItemPrefix="Draw.java" Intrnl_Id="2344">
<LocList>
<Loc EndOffset="57838" SrcFileId="5" StartOffset="57741"/>
</LocList>
</BasicStmnt>
<BasicStmnt CovItemId="S538" CovItemPrefix="Draw.java" Intrnl_Id="2345">
<LocList>
<Loc EndOffset="57937" SrcFileId="5" StartOffset="57851"/>
</LocList>
</BasicStmnt>
<BasicStmnt CovItemId="S539" CovItemPrefix="Draw.java" Intrnl_Id="2346">
<LocList>
<Loc EndOffset="58037" SrcFileId="5" StartOffset="57950"/>
</LocList>
</BasicStmnt>
<BasicStmnt CovItemId="S540" CovItemPrefix="Draw.java" Intrnl_Id="2347">
<LocList>
<Loc EndOffset="58069" SrcFileId="5" StartOffset="58050"/>
</LocList>
</BasicStmnt>
<BasicStmnt CovItemId="S541" CovItemPrefix="Draw.java" Intrnl_Id="2348">
<LocList>
<Loc EndOffset="58119" SrcFileId="5" StartOffset="58082"/>
</LocList>
</BasicStmnt>
<BasicStmnt CovItemId="S542" CovItemPrefix="Draw.java" Intrnl_Id="2349">
<LocList>
<Loc EndOffset="58145" SrcFileId="5" StartOffset="58132"/>
</LocList>
</BasicStmnt>
</StmntSeq>
</HierarchyLvl>
</HierarchyLvl>
<HierarchyLvl HierarchyLvlId="3893" HierarchyLvlTypeId="13" Intrnl_Id="2350" Name="main">
<Header>
<Loc EndOffset="58294" SrcFileId="5" StartOffset="58256"/>
</Header>
<LocList>
<Loc EndOffset="59156" SrcFileId="5" StartOffset="58256"/>
</LocList>
<StmntSeq Intrnl_Id="2351">
<LocList>
<Loc EndOffset="58382" SrcFileId="5" StartOffset="58343"/>
<Loc EndOffset="58419" SrcFileId="5" StartOffset="58391"/>
<Loc EndOffset="58462" SrcFileId="5" StartOffset="58428"/>
<Loc EndOffset="58499" SrcFileId="5" StartOffset="58471"/>
<Loc EndOffset="58540" SrcFileId="5" StartOffset="58508"/>
<Loc EndOffset="58574" SrcFileId="5" StartOffset="58549"/>
<Loc EndOffset="58617" SrcFileId="5" StartOffset="58583"/>
<Loc EndOffset="58697" SrcFileId="5" StartOffset="58658"/>
<Loc EndOffset="58736" SrcFileId="5" StartOffset="58706"/>
<Loc EndOffset="58797" SrcFileId="5" StartOffset="58776"/>
<Loc EndOffset="58835" SrcFileId="5" StartOffset="58806"/>
<Loc EndOffset="58880" SrcFileId="5" StartOffset="58844"/>
<Loc EndOffset="58925" SrcFileId="5" StartOffset="58889"/>
<Loc EndOffset="58960" SrcFileId="5" StartOffset="58934"/>
<Loc EndOffset="59016" SrcFileId="5" StartOffset="58986"/>
<Loc EndOffset="59067" SrcFileId="5" StartOffset="59025"/>
<Loc EndOffset="59106" SrcFileId="5" StartOffset="59076"/>
<Loc EndOffset="59150" SrcFileId="5" StartOffset="59115"/>
</LocList>
<BasicStmnt CovItemId="S543" CovItemPrefix="Draw.java" Intrnl_Id="2352">
<LocList>
<Loc EndOffset="58382" SrcFileId="5" StartOffset="58343"/>
</LocList>
</BasicStmnt>
<BasicStmnt CovItemId="S544" CovItemPrefix="Draw.java" Intrnl_Id="2353">
<LocList>
<Loc EndOffset="58419" SrcFileId="5" StartOffset="58391"/>
</LocList>
</BasicStmnt>
<BasicStmnt CovItemId="S545" CovItemPrefix="Draw.java" Intrnl_Id="2354">
<LocList>
<Loc EndOffset="58462" SrcFileId="5" StartOffset="58428"/>
</LocList>
</BasicStmnt>
<BasicStmnt CovItemId="S546" CovItemPrefix="Draw.java" Intrnl_Id="2355">
<LocList>
<Loc EndOffset="58499" SrcFileId="5" StartOffset="58471"/>
</LocList>
</BasicStmnt>
<BasicStmnt CovItemId="S547" CovItemPrefix="Draw.java" Intrnl_Id="2356">
<LocList>
<Loc EndOffset="58540" SrcFileId="5" StartOffset="58508"/>
</LocList>
</BasicStmnt>
<BasicStmnt CovItemId="S548" CovItemPrefix="Draw.java" Intrnl_Id="2357">
<LocList>
<Loc EndOffset="58574" SrcFileId="5" StartOffset="58549"/>
</LocList>
</BasicStmnt>
<BasicStmnt CovItemId="S549" CovItemPrefix="Draw.java" Intrnl_Id="2358">
<LocList>
<Loc EndOffset="58617" SrcFileId="5" StartOffset="58583"/>
</LocList>
</BasicStmnt>
<BasicStmnt CovItemId="S550" CovItemPrefix="Draw.java" Intrnl_Id="2359">
<LocList>
<Loc EndOffset="58697" SrcFileId="5" StartOffset="58658"/>
</LocList>
</BasicStmnt>
<BasicStmnt CovItemId="S551" CovItemPrefix="Draw.java" Intrnl_Id="2360">
<LocList>
<Loc EndOffset="58736" SrcFileId="5" StartOffset="58706"/>
</LocList>
</BasicStmnt>
<BasicStmnt CovItemId="S552" CovItemPrefix="Draw.java" Intrnl_Id="2361">
<LocList>
<Loc EndOffset="58797" SrcFileId="5" StartOffset="58776"/>
</LocList>
</BasicStmnt>
<BasicStmnt CovItemId="S553" CovItemPrefix="Draw.java" Intrnl_Id="2362">
<LocList>
<Loc EndOffset="58835" SrcFileId="5" StartOffset="58806"/>
</LocList>
</BasicStmnt>
<BasicStmnt CovItemId="S554" CovItemPrefix="Draw.java" Intrnl_Id="2363">
<LocList>
<Loc EndOffset="58880" SrcFileId="5" StartOffset="58844"/>
</LocList>
</BasicStmnt>
<BasicStmnt CovItemId="S555" CovItemPrefix="Draw.java" Intrnl_Id="2364">
<LocList>
<Loc EndOffset="58925" SrcFileId="5" StartOffset="58889"/>
</LocList>
</BasicStmnt>
<BasicStmnt CovItemId="S556" CovItemPrefix="Draw.java" Intrnl_Id="2365">
<LocList>
<Loc EndOffset="58960" SrcFileId="5" StartOffset="58934"/>
</LocList>
</BasicStmnt>
<BasicStmnt CovItemId="S557" CovItemPrefix="Draw.java" Intrnl_Id="2366">
<LocList>
<Loc EndOffset="59016" SrcFileId="5" StartOffset="58986"/>
</LocList>
</BasicStmnt>
<BasicStmnt CovItemId="S558" CovItemPrefix="Draw.java" Intrnl_Id="2367">
<LocList>
<Loc EndOffset="59067" SrcFileId="5" StartOffset="59025"/>
</LocList>
</BasicStmnt>
<BasicStmnt CovItemId="S559" CovItemPrefix="Draw.java" Intrnl_Id="2368">
<LocList>
<Loc EndOffset="59106" SrcFileId="5" StartOffset="59076"/>
</LocList>
</BasicStmnt>
<BasicStmnt CovItemId="S560" CovItemPrefix="Draw.java" Intrnl_Id="2369">
<LocList>
<Loc EndOffset="59150" SrcFileId="5" StartOffset="59115"/>
</LocList>
</BasicStmnt>
</StmntSeq>
</HierarchyLvl>
</HierarchyLvl>
<HierarchyLvl HierarchyLvlId="3902" HierarchyLvlTypeId="14" Intrnl_Id="2370" Name="Deck">
<Header>
<Loc EndOffset="313" SrcFileId="6" StartOffset="296"/>
</Header>
<LocList>
<Loc EndOffset="1416" SrcFileId="6" StartOffset="296"/>
</LocList>
<StmntSeq Intrnl_Id="2371">
<LocList>
<Loc EndOffset="353" SrcFileId="6" StartOffset="321"/>
</LocList>
<BasicStmnt CovItemId="S1" CovItemPrefix="Deck.java" Intrnl_Id="2372">
<LocList>
<Loc EndOffset="353" SrcFileId="6" StartOffset="321"/>
</LocList>
</BasicStmnt>
</StmntSeq>
<HierarchyLvl HierarchyLvlId="3895" HierarchyLvlTypeId="13" Intrnl_Id="2373" Name="Deck">
<Header>
<Loc EndOffset="501" SrcFileId="6" StartOffset="488"/>
</Header>
<LocList>
<Loc EndOffset="666" SrcFileId="6" StartOffset="488"/>
</LocList>
<StmntSeq Intrnl_Id="2374">
<LocList>
<Loc EndOffset="527" SrcFileId="6" StartOffset="513"/>
<Loc EndOffset="556" SrcFileId="6" StartOffset="536"/>
<Loc EndOffset="660" SrcFileId="6" StartOffset="565"/>
</LocList>
<BasicStmnt CovItemId="S2" CovItemPrefix="Deck.java" Intrnl_Id="2375">
<LocList>
<Loc EndOffset="527" SrcFileId="6" StartOffset="513"/>
</LocList>
</BasicStmnt>
<BasicStmnt CovItemId="S3" CovItemPrefix="Deck.java" Intrnl_Id="2376">
<LocList>
<Loc EndOffset="556" SrcFileId="6" StartOffset="536"/>
</LocList>
</BasicStmnt>
<LoopStmnt CovItemId="S4" CovItemPrefix="Deck.java" Intrnl_Id="2377" MltplExecId="L1-2" MltplExecPrefix="Deck.java" NvrExecId="L1-0" NvrExecPrefix="Deck.java" OnceExecutedId="L1-1" OnceExecutedPrefix="Deck.java" OptBodyExec="true">
<StmntSeq Intrnl_Id="2378">
<LocList>
<Loc EndOffset="660" SrcFileId="6" StartOffset="605"/>
</LocList>
<BasicStmnt CovItemId="S5" CovItemPrefix="Deck.java" Intrnl_Id="2379">
<LocList>
<Loc EndOffset="660" SrcFileId="6" StartOffset="605"/>
</LocList>
</BasicStmnt>
</StmntSeq>
<Keyword EndOffset="568" SrcFileId="6" StartOffset="565"/>
<LocList>
<Loc EndOffset="660" SrcFileId="6" StartOffset="565"/>
</LocList>
<RootTerm CovItemId="C1" CovItemPrefix="Deck.java" Intrnl_Id="2380">
<BasicBoolTerm Intrnl_Id="2381">
<LocList>
<Loc EndOffset="586" SrcFileId="6" StartOffset="581"/>
</LocList>
</BasicBoolTerm>
</RootTerm>
</LoopStmnt>
</StmntSeq>
</HierarchyLvl>
<HierarchyLvl HierarchyLvlId="3896" HierarchyLvlTypeId="13" Intrnl_Id="2382" Name="dealFrom">
<Header>
<Loc EndOffset="694" SrcFileId="6" StartOffset="672"/>
</Header>
<LocList>
<Loc EndOffset="719" SrcFileId="6" StartOffset="672"/>
</LocList>
<StmntSeq Intrnl_Id="2383">
<LocList>
<Loc EndOffset="717" SrcFileId="6" StartOffset="699"/>
</LocList>
<BasicStmnt CovItemId="S6" CovItemPrefix="Deck.java" Intrnl_Id="2384">
<LocList>
<Loc EndOffset="717" SrcFileId="6" StartOffset="699"/>
</LocList>
</BasicStmnt>
</StmntSeq>
</HierarchyLvl>
<HierarchyLvl HierarchyLvlId="3897" HierarchyLvlTypeId="13" Intrnl_Id="2385" Name="isEmpty">
<Header>
<Loc EndOffset="748" SrcFileId="6" StartOffset="724"/>
</Header>
<LocList>
<Loc EndOffset="771" SrcFileId="6" StartOffset="724"/>
</LocList>
<StmntSeq Intrnl_Id="2386">
<LocList>
<Loc EndOffset="767" SrcFileId="6" StartOffset="751"/>
</LocList>
<BasicStmnt CovItemId="S7" CovItemPrefix="Deck.java" Intrnl_Id="2387">
<LocList>
<Loc EndOffset="767" SrcFileId="6" StartOffset="751"/>
</LocList>
</BasicStmnt>
</StmntSeq>
</HierarchyLvl>
<HierarchyLvl HierarchyLvlId="3898" HierarchyLvlTypeId="13" Intrnl_Id="2388" Name="size">
<Header>
<Loc EndOffset="793" SrcFileId="6" StartOffset="776"/>
</Header>
<LocList>
<Loc EndOffset="823" SrcFileId="6" StartOffset="776"/>
</LocList>
<StmntSeq Intrnl_Id="2389">
<LocList>
<Loc EndOffset="812" SrcFileId="6" StartOffset="803"/>
</LocList>
<BasicStmnt CovItemId="S8" CovItemPrefix="Deck.java" Intrnl_Id="2390">
<LocList>
<Loc EndOffset="812" SrcFileId="6" StartOffset="803"/>
</LocList>
</BasicStmnt>
</StmntSeq>
</HierarchyLvl>
<HierarchyLvl HierarchyLvlId="3899" HierarchyLvlTypeId="13" Intrnl_Id="2391" Name="shuffle">
<Header>
<Loc EndOffset="873" SrcFileId="6" StartOffset="852"/>
</Header>
<LocList>
<Loc EndOffset="1074" SrcFileId="6" StartOffset="852"/>
</LocList>
<StmntSeq Intrnl_Id="2392">
<LocList>
<Loc EndOffset="1068" SrcFileId="6" StartOffset="884"/>
</LocList>
<LoopStmnt CovItemId="S9" CovItemPrefix="Deck.java" Intrnl_Id="2393" MltplExecId="L2-2" MltplExecPrefix="Deck.java" NvrExecId="L2-0" NvrExecPrefix="Deck.java" OnceExecutedId="L2-1" OnceExecutedPrefix="Deck.java" OptBodyExec="true">
<StmntSeq Intrnl_Id="2394">
<LocList>
<Loc EndOffset="960" SrcFileId="6" StartOffset="926"/>
<Loc EndOffset="994" SrcFileId="6" StartOffset="973"/>
<Loc EndOffset="1028" SrcFileId="6" StartOffset="1007"/>
<Loc EndOffset="1058" SrcFileId="6" StartOffset="1041"/>
</LocList>
<BasicStmnt CovItemId="S10" CovItemPrefix="Deck.java" Intrnl_Id="2395">
<LocList>
<Loc EndOffset="960" SrcFileId="6" StartOffset="926"/>
</LocList>
</BasicStmnt>
<BasicStmnt CovItemId="S11" CovItemPrefix="Deck.java" Intrnl_Id="2396">
<LocList>
<Loc EndOffset="994" SrcFileId="6" StartOffset="973"/>
</LocList>
</BasicStmnt>
<BasicStmnt CovItemId="S12" CovItemPrefix="Deck.java" Intrnl_Id="2397">
<LocList>
<Loc EndOffset="1028" SrcFileId="6" StartOffset="1007"/>
</LocList>
</BasicStmnt>
<BasicStmnt CovItemId="S13" CovItemPrefix="Deck.java" Intrnl_Id="2398">
<LocList>
<Loc EndOffset="1058" SrcFileId="6" StartOffset="1041"/>
</LocList>
</BasicStmnt>
</StmntSeq>
<Keyword EndOffset="887" SrcFileId="6" StartOffset="884"/>
<LocList>
<Loc EndOffset="1068" SrcFileId="6" StartOffset="884"/>
</LocList>
<RootTerm CovItemId="C2" CovItemPrefix="Deck.java" Intrnl_Id="2399">
<BasicBoolTerm Intrnl_Id="2400">
<LocList>
<Loc EndOffset="905" SrcFileId="6" StartOffset="900"/>
</LocList>
</BasicBoolTerm>
</RootTerm>
</LoopStmnt>
</StmntSeq>
</HierarchyLvl>
<HierarchyLvl HierarchyLvlId="3900" HierarchyLvlTypeId="13" Intrnl_Id="2401" Name="toString">
<Header>
<Loc EndOffset="1106" SrcFileId="6" StartOffset="1082"/>
</Header>
<LocList>
<Loc EndOffset="1235" SrcFileId="6" StartOffset="1082"/>
</LocList>
<StmntSeq Intrnl_Id="2402">
<LocList>
<Loc EndOffset="1137" SrcFileId="6" StartOffset="1117"/>
<Loc EndOffset="1211" SrcFileId="6" StartOffset="1146"/>
<Loc EndOffset="1229" SrcFileId="6" StartOffset="1220"/>
</LocList>
<BasicStmnt CovItemId="S14" CovItemPrefix="Deck.java" Intrnl_Id="2403">
<LocList>
<Loc EndOffset="1137" SrcFileId="6" StartOffset="1117"/>
</LocList>
</BasicStmnt>
<LoopStmnt CovItemId="S15" CovItemPrefix="Deck.java" Intrnl_Id="2404" MltplExecId="L3-2" MltplExecPrefix="Deck.java" NvrExecId="L3-0" NvrExecPrefix="Deck.java" OnceExecutedId="L3-1" OnceExecutedPrefix="Deck.java" OptBodyExec="true">
<StmntSeq Intrnl_Id="2405">
<LocList>
<Loc EndOffset="1211" SrcFileId="6" StartOffset="1191"/>
</LocList>
<BasicStmnt CovItemId="S16" CovItemPrefix="Deck.java" Intrnl_Id="2406">
<LocList>
<Loc EndOffset="1211" SrcFileId="6" StartOffset="1191"/>
</LocList>
</BasicStmnt>
</StmntSeq>
<Keyword EndOffset="1149" SrcFileId="6" StartOffset="1146"/>
<LocList>
<Loc EndOffset="1211" SrcFileId="6" StartOffset="1146"/>
</LocList>
<RootTerm CovItemId="C3" CovItemPrefix="Deck.java" Intrnl_Id="2407">
<BasicBoolTerm Intrnl_Id="2408">
<LocList>
<Loc EndOffset="1172" SrcFileId="6" StartOffset="1166"/>
</LocList>
</BasicBoolTerm>
</RootTerm>
</LoopStmnt>
<BasicStmnt CovItemId="S17" CovItemPrefix="Deck.java" Intrnl_Id="2409">
<LocList>
<Loc EndOffset="1229" SrcFileId="6" StartOffset="1220"/>
</LocList>
</BasicStmnt>
</StmntSeq>
</HierarchyLvl>
<HierarchyLvl HierarchyLvlId="3901" HierarchyLvlTypeId="13" Intrnl_Id="2410" Name="main">
<Header>
<Loc EndOffset="1297" SrcFileId="6" StartOffset="1259"/>
</Header>
<LocList>
<Loc EndOffset="1413" SrcFileId="6" StartOffset="1259"/>
</LocList>
<StmntSeq Intrnl_Id="2411">
<LocList>
<Loc EndOffset="1330" SrcFileId="6" StartOffset="1307"/>
<Loc EndOffset="1358" SrcFileId="6" StartOffset="1337"/>
<Loc EndOffset="1380" SrcFileId="6" StartOffset="1365"/>
<Loc EndOffset="1408" SrcFileId="6" StartOffset="1387"/>
</LocList>
<BasicStmnt CovItemId="S18" CovItemPrefix="Deck.java" Intrnl_Id="2412">
<LocList>
<Loc EndOffset="1330" SrcFileId="6" StartOffset="1307"/>
</LocList>
</BasicStmnt>
<BasicStmnt CovItemId="S19" CovItemPrefix="Deck.java" Intrnl_Id="2413">
<LocList>
<Loc EndOffset="1358" SrcFileId="6" StartOffset="1337"/>
</LocList>
</BasicStmnt>
<BasicStmnt CovItemId="S20" CovItemPrefix="Deck.java" Intrnl_Id="2414">
<LocList>
<Loc EndOffset="1380" SrcFileId="6" StartOffset="1365"/>
</LocList>
</BasicStmnt>
<BasicStmnt CovItemId="S21" CovItemPrefix="Deck.java" Intrnl_Id="2415">
<LocList>
<Loc EndOffset="1408" SrcFileId="6" StartOffset="1387"/>
</LocList>
</BasicStmnt>
</StmntSeq>
</HierarchyLvl>
</HierarchyLvl>
<HierarchyLvl HierarchyLvlId="3910" HierarchyLvlTypeId="14" Intrnl_Id="2416" Name="Card">
<Header>
<Loc EndOffset="483" SrcFileId="7" StartOffset="466"/>
</Header>
<LocList>
<Loc EndOffset="1609" SrcFileId="7" StartOffset="466"/>
</LocList>
<HierarchyLvl HierarchyLvlId="3903" HierarchyLvlTypeId="13" Intrnl_Id="2417" Name="Card">
<Header>
<Loc EndOffset="727" SrcFileId="7" StartOffset="686"/>
</Header>
<LocList>
<Loc EndOffset="887" SrcFileId="7" StartOffset="686"/>
</LocList>
<StmntSeq Intrnl_Id="2418">
<LocList>
<Loc EndOffset="762" SrcFileId="7" StartOffset="738"/>
<Loc EndOffset="795" SrcFileId="7" StartOffset="771"/>
<Loc EndOffset="824" SrcFileId="7" StartOffset="804"/>
<Loc EndOffset="852" SrcFileId="7" StartOffset="833"/>
<Loc EndOffset="881" SrcFileId="7" StartOffset="861"/>
</LocList>
<BasicStmnt CovItemId="S1" CovItemPrefix="Card.java" Intrnl_Id="2419">
<LocList>
<Loc EndOffset="762" SrcFileId="7" StartOffset="738"/>
</LocList>
</BasicStmnt>
<BasicStmnt CovItemId="S2" CovItemPrefix="Card.java" Intrnl_Id="2420">
<LocList>
<Loc EndOffset="795" SrcFileId="7" StartOffset="771"/>
</LocList>
</BasicStmnt>
<BasicStmnt CovItemId="S3" CovItemPrefix="Card.java" Intrnl_Id="2421">
<LocList>
<Loc EndOffset="824" SrcFileId="7" StartOffset="804"/>
</LocList>
</BasicStmnt>
<BasicStmnt CovItemId="S4" CovItemPrefix="Card.java" Intrnl_Id="2422">
<LocList>
<Loc EndOffset="852" SrcFileId="7" StartOffset="833"/>
</LocList>
</BasicStmnt>
<BasicStmnt CovItemId="S5" CovItemPrefix="Card.java" Intrnl_Id="2423">
<LocList>
<Loc EndOffset="881" SrcFileId="7" StartOffset="861"/>
</LocList>
</BasicStmnt>
</StmntSeq>
</HierarchyLvl>
<HierarchyLvl HierarchyLvlId="3904" HierarchyLvlTypeId="13" Intrnl_Id="2424" Name="isAce">
<Header>
<Loc EndOffset="915" SrcFileId="7" StartOffset="893"/>
</Header>
<LocList>
<Loc EndOffset="938" SrcFileId="7" StartOffset="893"/>
</LocList>
<StmntSeq Intrnl_Id="2425">
<LocList>
<Loc EndOffset="936" SrcFileId="7" StartOffset="918"/>
</LocList>
<BasicStmnt CovItemId="S6" CovItemPrefix="Card.java" Intrnl_Id="2426">
<LocList>
<Loc EndOffset="936" SrcFileId="7" StartOffset="918"/>
</LocList>
</BasicStmnt>
</StmntSeq>
</HierarchyLvl>
<HierarchyLvl HierarchyLvlId="3905" HierarchyLvlTypeId="13" Intrnl_Id="2427" Name="rank">
<Header>
<Loc EndOffset="1020" SrcFileId="7" StartOffset="1003"/>
</Header>
<LocList>
<Loc EndOffset="1124" SrcFileId="7" StartOffset="1003"/>
</LocList>
<StmntSeq Intrnl_Id="2428">
<LocList>
<Loc EndOffset="1058" SrcFileId="7" StartOffset="1032"/>
<Loc EndOffset="1093" SrcFileId="7" StartOffset="1067"/>
<Loc EndOffset="1118" SrcFileId="7" StartOffset="1102"/>
</LocList>
<CondStmnt CovItemId="S7" CovItemPrefix="Card.java" Intrnl_Id="2429">
<Branch CovItemId="B1" CovItemPrefix="Card.java" Implct="false" Intrnl_Id="2430">
<Cond/>
<LocList>
<Loc EndOffset="1058" SrcFileId="7" StartOffset="1048"/>
</LocList>
<StmntSeq Intrnl_Id="2431">
<LocList>
<Loc EndOffset="1058" SrcFileId="7" StartOffset="1048"/>
</LocList>
<BasicStmnt CovItemId="S8" CovItemPrefix="Card.java" Intrnl_Id="2432">
<LocList>
<Loc EndOffset="1058" SrcFileId="7" StartOffset="1048"/>
</LocList>
</BasicStmnt>
</StmntSeq>
</Branch>
<Branch CovItemId="B2" CovItemPrefix="Card.java" Implct="true" Intrnl_Id="2433">
<Cond/>
<LocList/>
<StmntSeq Intrnl_Id="2434">
<LocList/>
</StmntSeq>
</Branch>
<Keyword EndOffset="1034" SrcFileId="7" StartOffset="1032"/>
<LocList>
<Loc EndOffset="1058" SrcFileId="7" StartOffset="1032"/>
</LocList>
<RootTerm CovItemId="C1" CovItemPrefix="Card.java" Intrnl_Id="2435">
<BasicBoolTerm Intrnl_Id="2436">
<LocList>
<Loc EndOffset="1046" SrcFileId="7" StartOffset="1036"/>
</LocList>
</BasicBoolTerm>
</RootTerm>
</CondStmnt>
<CondStmnt CovItemId="S9" CovItemPrefix="Card.java" Intrnl_Id="2437">
<Branch CovItemId="B3" CovItemPrefix="Card.java" Implct="false" Intrnl_Id="2438">
<Cond/>
<LocList>
<Loc EndOffset="1093" SrcFileId="7" StartOffset="1083"/>
</LocList>
<StmntSeq Intrnl_Id="2439">
<LocList>
<Loc EndOffset="1093" SrcFileId="7" StartOffset="1083"/>
</LocList>
<BasicStmnt CovItemId="S10" CovItemPrefix="Card.java" Intrnl_Id="2440">
<LocList>
<Loc EndOffset="1093" SrcFileId="7" StartOffset="1083"/>
</LocList>
</BasicStmnt>
</StmntSeq>
</Branch>
<Branch CovItemId="B4" CovItemPrefix="Card.java" Implct="true" Intrnl_Id="2441">
<Cond/>
<LocList/>
<StmntSeq Intrnl_Id="2442">
<LocList/>
</StmntSeq>
</Branch>
<Keyword EndOffset="1069" SrcFileId="7" StartOffset="1067"/>
<LocList>
<Loc EndOffset="1093" SrcFileId="7" StartOffset="1067"/>
</LocList>
<RootTerm CovItemId="C2" CovItemPrefix="Card.java" Intrnl_Id="2443">
<BasicBoolTerm Intrnl_Id="2444">
<LocList>
<Loc EndOffset="1081" SrcFileId="7" StartOffset="1071"/>
</LocList>
</BasicBoolTerm>
</RootTerm>
</CondStmnt>
<BasicStmnt CovItemId="S11" CovItemPrefix="Card.java" Intrnl_Id="2445">
<LocList>
<Loc EndOffset="1118" SrcFileId="7" StartOffset="1102"/>
</LocList>
</BasicStmnt>
</StmntSeq>
</HierarchyLvl>
<HierarchyLvl HierarchyLvlId="3906" HierarchyLvlTypeId="13" Intrnl_Id="2446" Name="draw">
<Header>
<Loc EndOffset="1174" SrcFileId="7" StartOffset="1130"/>
</Header>
<LocList>
<Loc EndOffset="1280" SrcFileId="7" StartOffset="1130"/>
</LocList>
<StmntSeq Intrnl_Id="2447">
<LocList>
<Loc EndOffset="1274" SrcFileId="7" StartOffset="1186"/>
</LocList>
<CondStmnt CovItemId="S12" CovItemPrefix="Card.java" Intrnl_Id="2448">
<Branch CovItemId="B5" CovItemPrefix="Card.java" Implct="false" Intrnl_Id="2449">
<Cond/>
<LocList>
<Loc EndOffset="1225" SrcFileId="7" StartOffset="1203"/>
</LocList>
<StmntSeq Intrnl_Id="2450">
<LocList>
<Loc EndOffset="1225" SrcFileId="7" StartOffset="1203"/>
</LocList>
<BasicStmnt CovItemId="S13" CovItemPrefix="Card.java" Intrnl_Id="2451">
<LocList>
<Loc EndOffset="1225" SrcFileId="7" StartOffset="1203"/>
</LocList>
</BasicStmnt>
</StmntSeq>
</Branch>
<Branch CovItemId="B6" CovItemPrefix="Card.java" Implct="false" Intrnl_Id="2452">
<Cond>
<Loc EndOffset="1238" SrcFileId="7" StartOffset="1234"/>
</Cond>
<LocList>
<Loc EndOffset="1274" SrcFileId="7" StartOffset="1251"/>
</LocList>
<StmntSeq Intrnl_Id="2453">
<LocList>
<Loc EndOffset="1274" SrcFileId="7" StartOffset="1251"/>
</LocList>
<BasicStmnt CovItemId="S14" CovItemPrefix="Card.java" Intrnl_Id="2454">
<LocList>
<Loc EndOffset="1274" SrcFileId="7" StartOffset="1251"/>
</LocList>
</BasicStmnt>
</StmntSeq>
</Branch>
<Keyword EndOffset="1188" SrcFileId="7" StartOffset="1186"/>
<LocList>
<Loc EndOffset="1274" SrcFileId="7" StartOffset="1186"/>
</LocList>
<RootTerm CovItemId="C3" CovItemPrefix="Card.java" Intrnl_Id="2455">
<BasicBoolTerm Intrnl_Id="2456">
<LocList>
<Loc EndOffset="1201" SrcFileId="7" StartOffset="1190"/>
</LocList>
</BasicBoolTerm>
</RootTerm>
</CondStmnt>
</StmntSeq>
</HierarchyLvl>
<HierarchyLvl HierarchyLvlId="3907" HierarchyLvlTypeId="13" Intrnl_Id="2457" Name="conceal">
<Header>
<Loc EndOffset="1308" SrcFileId="7" StartOffset="1287"/>
</Header>
<LocList>
<Loc EndOffset="1333" SrcFileId="7" StartOffset="1287"/>
</LocList>
<StmntSeq Intrnl_Id="2458">
<LocList>
<Loc EndOffset="1330" SrcFileId="7" StartOffset="1311"/>
</LocList>
<BasicStmnt CovItemId="S15" CovItemPrefix="Card.java" Intrnl_Id="2459">
<LocList>
<Loc EndOffset="1330" SrcFileId="7" StartOffset="1311"/>
</LocList>
</BasicStmnt>
</StmntSeq>
</HierarchyLvl>
<HierarchyLvl HierarchyLvlId="3908" HierarchyLvlTypeId="13" Intrnl_Id="2460" Name="reveal">
<Header>
<Loc EndOffset="1358" SrcFileId="7" StartOffset="1338"/>
</Header>
<LocList>
<Loc EndOffset="1384" SrcFileId="7" StartOffset="1338"/>
</LocList>
<StmntSeq Intrnl_Id="2461">
<LocList>
<Loc EndOffset="1382" SrcFileId="7" StartOffset="1362"/>
</LocList>
<BasicStmnt CovItemId="S16" CovItemPrefix="Card.java" Intrnl_Id="2462">
<LocList>
<Loc EndOffset="1382" SrcFileId="7" StartOffset="1362"/>
</LocList>
</BasicStmnt>
</StmntSeq>
</HierarchyLvl>
<HierarchyLvl HierarchyLvlId="3909" HierarchyLvlTypeId="13" Intrnl_Id="2463" Name="toString">
<Header>
<Loc EndOffset="1465" SrcFileId="7" StartOffset="1441"/>
</Header>
<LocList>
<Loc EndOffset="1605" SrcFileId="7" StartOffset="1441"/>
</LocList>
<StmntSeq Intrnl_Id="2464">
<LocList>
<Loc EndOffset="1507" SrcFileId="7" StartOffset="1476"/>
<Loc EndOffset="1538" SrcFileId="7" StartOffset="1516"/>
<Loc EndOffset="1599" SrcFileId="7" StartOffset="1547"/>
</LocList>
<BasicStmnt CovItemId="S17" CovItemPrefix="Card.java" Intrnl_Id="2465">
<LocList>
<Loc EndOffset="1507" SrcFileId="7" StartOffset="1476"/>
</LocList>
</BasicStmnt>
<BasicStmnt CovItemId="S18" CovItemPrefix="Card.java" Intrnl_Id="2466">
<LocList>
<Loc EndOffset="1538" SrcFileId="7" StartOffset="1516"/>
</LocList>
</BasicStmnt>
<BasicStmnt CovItemId="S19" CovItemPrefix="Card.java" Intrnl_Id="2467">
<LocList>
<Loc EndOffset="1599" SrcFileId="7" StartOffset="1547"/>
</LocList>
</BasicStmnt>
</StmntSeq>
</HierarchyLvl>
</HierarchyLvl>
<HierarchyLvl HierarchyLvlId="3917" HierarchyLvlTypeId="14" Intrnl_Id="2468" Name="BlackJack">
<Header>
<Loc EndOffset="329" SrcFileId="8" StartOffset="266"/>
</Header>
<LocList>
<Loc EndOffset="4075" SrcFileId="8" StartOffset="266"/>
</LocList>
<StmntSeq Intrnl_Id="2469">
<LocList>
<Loc EndOffset="386" SrcFileId="8" StartOffset="336"/>
<Loc EndOffset="437" SrcFileId="8" StartOffset="414"/>
<Loc EndOffset="480" SrcFileId="8" StartOffset="442"/>
<Loc EndOffset="543" SrcFileId="8" StartOffset="486"/>
<Loc EndOffset="605" SrcFileId="8" StartOffset="548"/>
<Loc EndOffset="662" SrcFileId="8" StartOffset="611"/>
<Loc EndOffset="717" SrcFileId="8" StartOffset="667"/>
<Loc EndOffset="771" SrcFileId="8" StartOffset="722"/>
<Loc EndOffset="831" SrcFileId="8" StartOffset="777"/>
</LocList>
<BasicStmnt CovItemId="S1" CovItemPrefix="BlackJack.java" Intrnl_Id="2470">
<LocList>
<Loc EndOffset="386" SrcFileId="8" StartOffset="336"/>
</LocList>
</BasicStmnt>
<BasicStmnt CovItemId="S2" CovItemPrefix="BlackJack.java" Intrnl_Id="2471">
<LocList>
<Loc EndOffset="437" SrcFileId="8" StartOffset="414"/>
</LocList>
</BasicStmnt>
<BasicStmnt CovItemId="S3" CovItemPrefix="BlackJack.java" Intrnl_Id="2472">
<LocList>
<Loc EndOffset="480" SrcFileId="8" StartOffset="442"/>
</LocList>
</BasicStmnt>
<BasicStmnt CovItemId="S4" CovItemPrefix="BlackJack.java" Intrnl_Id="2473">
<LocList>
<Loc EndOffset="543" SrcFileId="8" StartOffset="486"/>
</LocList>
</BasicStmnt>
<BasicStmnt CovItemId="S5" CovItemPrefix="BlackJack.java" Intrnl_Id="2474">
<LocList>
<Loc EndOffset="605" SrcFileId="8" StartOffset="548"/>
</LocList>
</BasicStmnt>
<BasicStmnt CovItemId="S6" CovItemPrefix="BlackJack.java" Intrnl_Id="2475">
<LocList>
<Loc EndOffset="662" SrcFileId="8" StartOffset="611"/>
</LocList>
</BasicStmnt>
<BasicStmnt CovItemId="S7" CovItemPrefix="BlackJack.java" Intrnl_Id="2476">
<LocList>
<Loc EndOffset="717" SrcFileId="8" StartOffset="667"/>
</LocList>
</BasicStmnt>
<BasicStmnt CovItemId="S8" CovItemPrefix="BlackJack.java" Intrnl_Id="2477">
<LocList>
<Loc EndOffset="771" SrcFileId="8" StartOffset="722"/>
</LocList>
</BasicStmnt>
<BasicStmnt CovItemId="S9" CovItemPrefix="BlackJack.java" Intrnl_Id="2478">
<LocList>
<Loc EndOffset="831" SrcFileId="8" StartOffset="777"/>
</LocList>
</BasicStmnt>
</StmntSeq>
<HierarchyLvl HierarchyLvlId="3911" HierarchyLvlTypeId="13" Intrnl_Id="2479" Name="BlackJack">
<Header>
<Loc EndOffset="848" SrcFileId="8" StartOffset="837"/>
</Header>
<LocList>
<Loc EndOffset="1779" SrcFileId="8" StartOffset="837"/>
</LocList>
<StmntSeq Intrnl_Id="2480">
<LocList>
<Loc EndOffset="885" SrcFileId="8" StartOffset="859"/>
<Loc EndOffset="914" SrcFileId="8" StartOffset="894"/>
<Loc EndOffset="970" SrcFileId="8" StartOffset="923"/>
<Loc EndOffset="1050" SrcFileId="8" StartOffset="1020"/>
<Loc EndOffset="1082" SrcFileId="8" StartOffset="1059"/>
<Loc EndOffset="1116" SrcFileId="8" StartOffset="1091"/>
<Loc EndOffset="1149" SrcFileId="8" StartOffset="1125"/>
<Loc EndOffset="1192" SrcFileId="8" StartOffset="1158"/>
<Loc EndOffset="1237" SrcFileId="8" StartOffset="1201"/>
<Loc EndOffset="1281" SrcFileId="8" StartOffset="1246"/>
<Loc EndOffset="1318" SrcFileId="8" StartOffset="1290"/>
<Loc EndOffset="1357" SrcFileId="8" StartOffset="1327"/>
<Loc EndOffset="1505" SrcFileId="8" StartOffset="1427"/>
<Loc EndOffset="1541" SrcFileId="8" StartOffset="1514"/>
<Loc EndOffset="1580" SrcFileId="8" StartOffset="1550"/>
<Loc EndOffset="1618" SrcFileId="8" StartOffset="1589"/>
<Loc EndOffset="1662" SrcFileId="8" StartOffset="1628"/>
<Loc EndOffset="1696" SrcFileId="8" StartOffset="1671"/>
<Loc EndOffset="1731" SrcFileId="8" StartOffset="1705"/>
<Loc EndOffset="1747" SrcFileId="8" StartOffset="1740"/>
<Loc EndOffset="1773" SrcFileId="8" StartOffset="1756"/>
</LocList>
<BasicStmnt CovItemId="S10" CovItemPrefix="BlackJack.java" Intrnl_Id="2481">
<LocList>
<Loc EndOffset="885" SrcFileId="8" StartOffset="859"/>
</LocList>
</BasicStmnt>
<BasicStmnt CovItemId="S11" CovItemPrefix="BlackJack.java" Intrnl_Id="2482">
<LocList>
<Loc EndOffset="914" SrcFileId="8" StartOffset="894"/>
</LocList>
</BasicStmnt>
<BasicStmnt CovItemId="S12" CovItemPrefix="BlackJack.java" Intrnl_Id="2483">
<LocList>
<Loc EndOffset="970" SrcFileId="8" StartOffset="923"/>
</LocList>
</BasicStmnt>
<BasicStmnt CovItemId="S13" CovItemPrefix="BlackJack.java" Intrnl_Id="2484">
<LocList>
<Loc EndOffset="1050" SrcFileId="8" StartOffset="1020"/>
</LocList>
</BasicStmnt>
<BasicStmnt CovItemId="S14" CovItemPrefix="BlackJack.java" Intrnl_Id="2485">
<LocList>
<Loc EndOffset="1082" SrcFileId="8" StartOffset="1059"/>
</LocList>
</BasicStmnt>
<BasicStmnt CovItemId="S15" CovItemPrefix="BlackJack.java" Intrnl_Id="2486">
<LocList>
<Loc EndOffset="1116" SrcFileId="8" StartOffset="1091"/>
</LocList>
</BasicStmnt>
<BasicStmnt CovItemId="S16" CovItemPrefix="BlackJack.java" Intrnl_Id="2487">
<LocList>
<Loc EndOffset="1149" SrcFileId="8" StartOffset="1125"/>
</LocList>
</BasicStmnt>
<BasicStmnt CovItemId="S17" CovItemPrefix="BlackJack.java" Intrnl_Id="2488">
<LocList>
<Loc EndOffset="1192" SrcFileId="8" StartOffset="1158"/>
</LocList>
</BasicStmnt>
<BasicStmnt CovItemId="S18" CovItemPrefix="BlackJack.java" Intrnl_Id="2489">
<LocList>
<Loc EndOffset="1237" SrcFileId="8" StartOffset="1201"/>
</LocList>
</BasicStmnt>
<BasicStmnt CovItemId="S19" CovItemPrefix="BlackJack.java" Intrnl_Id="2490">
<LocList>
<Loc EndOffset="1281" SrcFileId="8" StartOffset="1246"/>
</LocList>
</BasicStmnt>
<BasicStmnt CovItemId="S20" CovItemPrefix="BlackJack.java" Intrnl_Id="2491">
<LocList>
<Loc EndOffset="1318" SrcFileId="8" StartOffset="1290"/>
</LocList>
</BasicStmnt>
<BasicStmnt CovItemId="S21" CovItemPrefix="BlackJack.java" Intrnl_Id="2492">
<LocList>
<Loc EndOffset="1357" SrcFileId="8" StartOffset="1327"/>
</LocList>
</BasicStmnt>
<BasicStmnt CovItemId="S22" CovItemPrefix="BlackJack.java" Intrnl_Id="2493">
<LocList>
<Loc EndOffset="1505" SrcFileId="8" StartOffset="1427"/>
</LocList>
</BasicStmnt>
<BasicStmnt CovItemId="S23" CovItemPrefix="BlackJack.java" Intrnl_Id="2494">
<LocList>
<Loc EndOffset="1541" SrcFileId="8" StartOffset="1514"/>
</LocList>
</BasicStmnt>
<BasicStmnt CovItemId="S24" CovItemPrefix="BlackJack.java" Intrnl_Id="2495">
<LocList>
<Loc EndOffset="1580" SrcFileId="8" StartOffset="1550"/>
</LocList>
</BasicStmnt>
<BasicStmnt CovItemId="S25" CovItemPrefix="BlackJack.java" Intrnl_Id="2496">
<LocList>
<Loc EndOffset="1618" SrcFileId="8" StartOffset="1589"/>
</LocList>
</BasicStmnt>
<BasicStmnt CovItemId="S26" CovItemPrefix="BlackJack.java" Intrnl_Id="2497">
<LocList>
<Loc EndOffset="1662" SrcFileId="8" StartOffset="1628"/>
</LocList>
</BasicStmnt>
<BasicStmnt CovItemId="S27" CovItemPrefix="BlackJack.java" Intrnl_Id="2498">
<LocList>
<Loc EndOffset="1696" SrcFileId="8" StartOffset="1671"/>
</LocList>
</BasicStmnt>
<BasicStmnt CovItemId="S28" CovItemPrefix="BlackJack.java" Intrnl_Id="2499">
<LocList>
<Loc EndOffset="1731" SrcFileId="8" StartOffset="1705"/>
</LocList>
</BasicStmnt>
<BasicStmnt CovItemId="S29" CovItemPrefix="BlackJack.java" Intrnl_Id="2500">
<LocList>
<Loc EndOffset="1747" SrcFileId="8" StartOffset="1740"/>
</LocList>
</BasicStmnt>
<BasicStmnt CovItemId="S30" CovItemPrefix="BlackJack.java" Intrnl_Id="2501">
<LocList>
<Loc EndOffset="1773" SrcFileId="8" StartOffset="1756"/>
</LocList>
</BasicStmnt>
</StmntSeq>
</HierarchyLvl>
<HierarchyLvl HierarchyLvlId="3912" HierarchyLvlTypeId="13" Intrnl_Id="2502" Name="hit">
<Header>
<Loc EndOffset="1867" SrcFileId="8" StartOffset="1837"/>
</Header>
<LocList>
<Loc EndOffset="1966" SrcFileId="8" StartOffset="1837"/>
</LocList>
<StmntSeq Intrnl_Id="2503">
<LocList>
<Loc EndOffset="1909" SrcFileId="8" StartOffset="1878"/>
<Loc EndOffset="1936" SrcFileId="8" StartOffset="1918"/>
<Loc EndOffset="1960" SrcFileId="8" StartOffset="1945"/>
</LocList>
<BasicStmnt CovItemId="S31" CovItemPrefix="BlackJack.java" Intrnl_Id="2504">
<LocList>
<Loc EndOffset="1909" SrcFileId="8" StartOffset="1878"/>
</LocList>
</BasicStmnt>
<BasicStmnt CovItemId="S32" CovItemPrefix="BlackJack.java" Intrnl_Id="2505">
<LocList>
<Loc EndOffset="1936" SrcFileId="8" StartOffset="1918"/>
</LocList>
</BasicStmnt>
<BasicStmnt CovItemId="S33" CovItemPrefix="BlackJack.java" Intrnl_Id="2506">
<LocList>
<Loc EndOffset="1960" SrcFileId="8" StartOffset="1945"/>
</LocList>
</BasicStmnt>
</StmntSeq>
</HierarchyLvl>
<HierarchyLvl HierarchyLvlId="3913" HierarchyLvlTypeId="13" Intrnl_Id="2507" Name="deal">
<Header>
<Loc EndOffset="2049" SrcFileId="8" StartOffset="2031"/>
</Header>
<LocList>
<Loc EndOffset="2451" SrcFileId="8" StartOffset="2031"/>
</LocList>
<StmntSeq Intrnl_Id="2508">
<LocList>
<Loc EndOffset="2083" SrcFileId="8" StartOffset="2060"/>
<Loc EndOffset="2108" SrcFileId="8" StartOffset="2092"/>
<Loc EndOffset="2132" SrcFileId="8" StartOffset="2117"/>
<Loc EndOffset="2290" SrcFileId="8" StartOffset="2141"/>
<Loc EndOffset="2312" SrcFileId="8" StartOffset="2299"/>
<Loc EndOffset="2333" SrcFileId="8" StartOffset="2321"/>
<Loc EndOffset="2366" SrcFileId="8" StartOffset="2342"/>
<Loc EndOffset="2424" SrcFileId="8" StartOffset="2411"/>
<Loc EndOffset="2445" SrcFileId="8" StartOffset="2433"/>
</LocList>
<BasicStmnt CovItemId="S34" CovItemPrefix="BlackJack.java" Intrnl_Id="2509">
<LocList>
<Loc EndOffset="2083" SrcFileId="8" StartOffset="2060"/>
</LocList>
</BasicStmnt>
<BasicStmnt CovItemId="S35" CovItemPrefix="BlackJack.java" Intrnl_Id="2510">
<LocList>
<Loc EndOffset="2108" SrcFileId="8" StartOffset="2092"/>
</LocList>
</BasicStmnt>
<BasicStmnt CovItemId="S36" CovItemPrefix="BlackJack.java" Intrnl_Id="2511">
<LocList>
<Loc EndOffset="2132" SrcFileId="8" StartOffset="2117"/>
</LocList>
</BasicStmnt>
<CondStmnt CovItemId="S37" CovItemPrefix="BlackJack.java" Intrnl_Id="2512">
<Branch CovItemId="B1" CovItemPrefix="BlackJack.java" Implct="false" Intrnl_Id="2513">
<Cond/>
<LocList>
<Loc EndOffset="2290" SrcFileId="8" StartOffset="2179"/>
</LocList>
<StmntSeq Intrnl_Id="2514">
<LocList>
<Loc EndOffset="2211" SrcFileId="8" StartOffset="2193"/>
<Loc EndOffset="2239" SrcFileId="8" StartOffset="2224"/>
<Loc EndOffset="2280" SrcFileId="8" StartOffset="2252"/>
</LocList>
<BasicStmnt CovItemId="S38" CovItemPrefix="BlackJack.java" Intrnl_Id="2515">
<LocList>
<Loc EndOffset="2211" SrcFileId="8" StartOffset="2193"/>
</LocList>
</BasicStmnt>
<BasicStmnt CovItemId="S39" CovItemPrefix="BlackJack.java" Intrnl_Id="2516">
<LocList>
<Loc EndOffset="2239" SrcFileId="8" StartOffset="2224"/>
</LocList>
</BasicStmnt>
<BasicStmnt CovItemId="S40" CovItemPrefix="BlackJack.java" Intrnl_Id="2517">
<LocList>
<Loc EndOffset="2280" SrcFileId="8" StartOffset="2252"/>
</LocList>
</BasicStmnt>
</StmntSeq>
</Branch>
<Branch CovItemId="B2" CovItemPrefix="BlackJack.java" Implct="true" Intrnl_Id="2518">
<Cond/>
<LocList/>
<StmntSeq Intrnl_Id="2519">
<LocList/>
</StmntSeq>
</Branch>
<Keyword EndOffset="2143" SrcFileId="8" StartOffset="2141"/>
<LocList>
<Loc EndOffset="2290" SrcFileId="8" StartOffset="2141"/>
</LocList>
<RootTerm CovItemId="C1" CovItemPrefix="BlackJack.java" Intrnl_Id="2520">
<OpTerm BooleanOpId="10" Intrnl_Id="2521">
<BasicBoolTerm Intrnl_Id="2522">
<LocList>
<Loc EndOffset="2157" SrcFileId="8" StartOffset="2145"/>
</LocList>
</BasicBoolTerm>
<BasicBoolTerm Intrnl_Id="2523">
<LocList>
<Loc EndOffset="2177" SrcFileId="8" StartOffset="2161"/>
</LocList>
</BasicBoolTerm>
<LocList>
<Loc EndOffset="2160" SrcFileId="8" StartOffset="2158"/>
</LocList>
</OpTerm>
</RootTerm>
</CondStmnt>
<BasicStmnt CovItemId="S41" CovItemPrefix="BlackJack.java" Intrnl_Id="2524">
<LocList>
<Loc EndOffset="2312" SrcFileId="8" StartOffset="2299"/>
</LocList>
</BasicStmnt>
<BasicStmnt CovItemId="S42" CovItemPrefix="BlackJack.java" Intrnl_Id="2525">
<LocList>
<Loc EndOffset="2333" SrcFileId="8" StartOffset="2321"/>
</LocList>
</BasicStmnt>
<BasicStmnt CovItemId="S43" CovItemPrefix="BlackJack.java" Intrnl_Id="2526">
<LocList>
<Loc EndOffset="2366" SrcFileId="8" StartOffset="2342"/>
</LocList>
</BasicStmnt>
<BasicStmnt CovItemId="S44" CovItemPrefix="BlackJack.java" Intrnl_Id="2527">
<LocList>
<Loc EndOffset="2424" SrcFileId="8" StartOffset="2411"/>
</LocList>
</BasicStmnt>
<BasicStmnt CovItemId="S45" CovItemPrefix="BlackJack.java" Intrnl_Id="2528">
<LocList>
<Loc EndOffset="2445" SrcFileId="8" StartOffset="2433"/>
</LocList>
</BasicStmnt>
</StmntSeq>
</HierarchyLvl>
<HierarchyLvl HierarchyLvlId="3914" HierarchyLvlTypeId="13" Intrnl_Id="2529" Name="checkWinner">
<Header>
<Loc EndOffset="2498" SrcFileId="8" StartOffset="2473"/>
</Header>
<LocList>
<Loc EndOffset="3082" SrcFileId="8" StartOffset="2473"/>
</LocList>
<StmntSeq Intrnl_Id="2530">
<LocList>
<Loc EndOffset="2532" SrcFileId="8" StartOffset="2509"/>
<Loc EndOffset="2598" SrcFileId="8" StartOffset="2580"/>
<Loc EndOffset="2622" SrcFileId="8" StartOffset="2607"/>
<Loc EndOffset="3034" SrcFileId="8" StartOffset="2631"/>
<Loc EndOffset="3076" SrcFileId="8" StartOffset="3043"/>
</LocList>
<BasicStmnt CovItemId="S46" CovItemPrefix="BlackJack.java" Intrnl_Id="2531">
<LocList>
<Loc EndOffset="2532" SrcFileId="8" StartOffset="2509"/>
</LocList>
</BasicStmnt>
<BasicStmnt CovItemId="S47" CovItemPrefix="BlackJack.java" Intrnl_Id="2532">
<LocList>
<Loc EndOffset="2598" SrcFileId="8" StartOffset="2580"/>
</LocList>
</BasicStmnt>
<BasicStmnt CovItemId="S48" CovItemPrefix="BlackJack.java" Intrnl_Id="2533">
<LocList>
<Loc EndOffset="2622" SrcFileId="8" StartOffset="2607"/>
</LocList>
</BasicStmnt>
<CondStmnt CovItemId="S49" CovItemPrefix="BlackJack.java" Intrnl_Id="2534">
<Branch CovItemId="B3" CovItemPrefix="BlackJack.java" Implct="false" Intrnl_Id="2535">
<Cond/>
<LocList>
<Loc EndOffset="2707" SrcFileId="8" StartOffset="2675"/>
</LocList>
<StmntSeq Intrnl_Id="2536">
<LocList>
<Loc EndOffset="2707" SrcFileId="8" StartOffset="2675"/>
</LocList>
<BasicStmnt CovItemId="S50" CovItemPrefix="BlackJack.java" Intrnl_Id="2537">
<LocList>
<Loc EndOffset="2707" SrcFileId="8" StartOffset="2675"/>
</LocList>
</BasicStmnt>
</StmntSeq>
</Branch>
<Branch CovItemId="B4" CovItemPrefix="BlackJack.java" Implct="false" Intrnl_Id="2538">
<Cond>
<Loc EndOffset="2720" SrcFileId="8" StartOffset="2716"/>
</Cond>
<LocList>
<Loc EndOffset="3034" SrcFileId="8" StartOffset="2721"/>
</LocList>
<StmntSeq Intrnl_Id="2539">
<LocList>
<Loc EndOffset="3034" SrcFileId="8" StartOffset="2721"/>
</LocList>
<CondStmnt CovItemId="S51" CovItemPrefix="BlackJack.java" Intrnl_Id="2540">
<Branch CovItemId="B5" CovItemPrefix="BlackJack.java" Implct="false" Intrnl_Id="2541">
<Cond/>
<LocList>
<Loc EndOffset="2791" SrcFileId="8" StartOffset="2760"/>
</LocList>
<StmntSeq Intrnl_Id="2542">
<LocList>
<Loc EndOffset="2791" SrcFileId="8" StartOffset="2760"/>
</LocList>
<BasicStmnt CovItemId="S52" CovItemPrefix="BlackJack.java" Intrnl_Id="2543">
<LocList>
<Loc EndOffset="2791" SrcFileId="8" StartOffset="2760"/>
</LocList>
</BasicStmnt>
</StmntSeq>
</Branch>
<Branch CovItemId="B6" CovItemPrefix="BlackJack.java" Implct="false" Intrnl_Id="2544">
<Cond>
<Loc EndOffset="2804" SrcFileId="8" StartOffset="2800"/>
</Cond>
<LocList>
<Loc EndOffset="3034" SrcFileId="8" StartOffset="2805"/>
</LocList>
<StmntSeq Intrnl_Id="2545">
<LocList>
<Loc EndOffset="3034" SrcFileId="8" StartOffset="2805"/>
</LocList>
<CondStmnt CovItemId="S53" CovItemPrefix="BlackJack.java" Intrnl_Id="2546">
<Branch CovItemId="B7" CovItemPrefix="BlackJack.java" Implct="false" Intrnl_Id="2547">
<Cond/>
<LocList>
<Loc EndOffset="2867" SrcFileId="8" StartOffset="2844"/>
</LocList>
<StmntSeq Intrnl_Id="2548">
<LocList>
<Loc EndOffset="2867" SrcFileId="8" StartOffset="2844"/>
</LocList>
<BasicStmnt CovItemId="S54" CovItemPrefix="BlackJack.java" Intrnl_Id="2549">
<LocList>
<Loc EndOffset="2867" SrcFileId="8" StartOffset="2844"/>
</LocList>
</BasicStmnt>
</StmntSeq>
</Branch>
<Branch CovItemId="B8" CovItemPrefix="BlackJack.java" Implct="false" Intrnl_Id="2550">
<Cond>
<Loc EndOffset="2880" SrcFileId="8" StartOffset="2876"/>
</Cond>
<LocList>
<Loc EndOffset="3034" SrcFileId="8" StartOffset="2881"/>
</LocList>
<StmntSeq Intrnl_Id="2551">
<LocList>
<Loc EndOffset="3034" SrcFileId="8" StartOffset="2881"/>
</LocList>
<CondStmnt CovItemId="S55" CovItemPrefix="BlackJack.java" Intrnl_Id="2552">
<Branch CovItemId="B9" CovItemPrefix="BlackJack.java" Implct="false" Intrnl_Id="2553">
<Cond/>
<LocList>
<Loc EndOffset="2951" SrcFileId="8" StartOffset="2920"/>
</LocList>
<StmntSeq Intrnl_Id="2554">
<LocList>
<Loc EndOffset="2951" SrcFileId="8" StartOffset="2920"/>
</LocList>
<BasicStmnt CovItemId="S56" CovItemPrefix="BlackJack.java" Intrnl_Id="2555">
<LocList>
<Loc EndOffset="2951" SrcFileId="8" StartOffset="2920"/>
</LocList>
</BasicStmnt>
</StmntSeq>
</Branch>
<Branch CovItemId="B10" CovItemPrefix="BlackJack.java" Implct="false" Intrnl_Id="2556">
<Cond>
<Loc EndOffset="2964" SrcFileId="8" StartOffset="2960"/>
</Cond>
<LocList>
<Loc EndOffset="3034" SrcFileId="8" StartOffset="3004"/>
</LocList>
<StmntSeq Intrnl_Id="2557">
<LocList>
<Loc EndOffset="3034" SrcFileId="8" StartOffset="3004"/>
</LocList>
<BasicStmnt CovItemId="S57" CovItemPrefix="BlackJack.java" Intrnl_Id="2558">
<LocList>
<Loc EndOffset="3034" SrcFileId="8" StartOffset="3004"/>
</LocList>
</BasicStmnt>
</StmntSeq>
</Branch>
<Keyword EndOffset="2883" SrcFileId="8" StartOffset="2881"/>
<LocList>
<Loc EndOffset="3034" SrcFileId="8" StartOffset="2881"/>
</LocList>
<RootTerm CovItemId="C5" CovItemPrefix="BlackJack.java" Intrnl_Id="2559">
<BasicBoolTerm Intrnl_Id="2560">
<LocList>
<Loc EndOffset="2918" SrcFileId="8" StartOffset="2885"/>
</LocList>
</BasicBoolTerm>
</RootTerm>
</CondStmnt>
</StmntSeq>
</Branch>
<Keyword EndOffset="2807" SrcFileId="8" StartOffset="2805"/>
<LocList>
<Loc EndOffset="3034" SrcFileId="8" StartOffset="2805"/>
</LocList>
<RootTerm CovItemId="C4" CovItemPrefix="BlackJack.java" Intrnl_Id="2561">
<BasicBoolTerm Intrnl_Id="2562">
<LocList>
<Loc EndOffset="2842" SrcFileId="8" StartOffset="2809"/>
</LocList>
</BasicBoolTerm>
</RootTerm>
</CondStmnt>
</StmntSeq>
</Branch>
<Keyword EndOffset="2723" SrcFileId="8" StartOffset="2721"/>
<LocList>
<Loc EndOffset="3034" SrcFileId="8" StartOffset="2721"/>
</LocList>
<RootTerm CovItemId="C3" CovItemPrefix="BlackJack.java" Intrnl_Id="2563">
<BasicBoolTerm Intrnl_Id="2564">
<LocList>
<Loc EndOffset="2746" SrcFileId="8" StartOffset="2725"/>
</LocList>
</BasicBoolTerm>
</RootTerm>
</CondStmnt>
</StmntSeq>
</Branch>
<Keyword EndOffset="2633" SrcFileId="8" StartOffset="2631"/>
<LocList>
<Loc EndOffset="3034" SrcFileId="8" StartOffset="2631"/>
</LocList>
<RootTerm CovItemId="C2" CovItemPrefix="BlackJack.java" Intrnl_Id="2565">
<BasicBoolTerm Intrnl_Id="2566">
<LocList>
<Loc EndOffset="2661" SrcFileId="8" StartOffset="2640"/>
</LocList>
</BasicBoolTerm>
</RootTerm>
</CondStmnt>
<BasicStmnt CovItemId="S58" CovItemPrefix="BlackJack.java" Intrnl_Id="2567">
<LocList>
<Loc EndOffset="3076" SrcFileId="8" StartOffset="3043"/>
</LocList>
</BasicStmnt>
</StmntSeq>
</HierarchyLvl>
<HierarchyLvl HierarchyLvlId="3915" HierarchyLvlTypeId="13" Intrnl_Id="2568" Name="actionPerformed">
<Header>
<Loc EndOffset="3159" SrcFileId="8" StartOffset="3117"/>
</Header>
<LocList>
<Loc EndOffset="3972" SrcFileId="8" StartOffset="3117"/>
</LocList>
<StmntSeq Intrnl_Id="2569">
<LocList>
<Loc EndOffset="3460" SrcFileId="8" StartOffset="3170"/>
<Loc EndOffset="3735" SrcFileId="8" StartOffset="3470"/>
<Loc EndOffset="3966" SrcFileId="8" StartOffset="3745"/>
</LocList>
<CondStmnt CovItemId="S59" CovItemPrefix="BlackJack.java" Intrnl_Id="2570">
<Branch CovItemId="B11" CovItemPrefix="BlackJack.java" Implct="false" Intrnl_Id="2571">
<Cond/>
<LocList>
<Loc EndOffset="3460" SrcFileId="8" StartOffset="3202"/>
</LocList>
<StmntSeq Intrnl_Id="2572">
<LocList>
<Loc EndOffset="3229" SrcFileId="8" StartOffset="3216"/>
<Loc EndOffset="3450" SrcFileId="8" StartOffset="3242"/>
</LocList>
<BasicStmnt CovItemId="S60" CovItemPrefix="BlackJack.java" Intrnl_Id="2573">
<LocList>
<Loc EndOffset="3229" SrcFileId="8" StartOffset="3216"/>
</LocList>
</BasicStmnt>
<CondStmnt CovItemId="S61" CovItemPrefix="BlackJack.java" Intrnl_Id="2574">
<Branch CovItemId="B13" CovItemPrefix="BlackJack.java" Implct="false" Intrnl_Id="2575">
<Cond/>
<LocList>
<Loc EndOffset="3450" SrcFileId="8" StartOffset="3267"/>
</LocList>
<StmntSeq Intrnl_Id="2576">
<LocList>
<Loc EndOffset="3299" SrcFileId="8" StartOffset="3285"/>
<Loc EndOffset="3344" SrcFileId="8" StartOffset="3316"/>
<Loc EndOffset="3391" SrcFileId="8" StartOffset="3361"/>
<Loc EndOffset="3436" SrcFileId="8" StartOffset="3408"/>
</LocList>
<BasicStmnt CovItemId="S62" CovItemPrefix="BlackJack.java" Intrnl_Id="2577">
<LocList>
<Loc EndOffset="3299" SrcFileId="8" StartOffset="3285"/>
</LocList>
</BasicStmnt>
<BasicStmnt CovItemId="S63" CovItemPrefix="BlackJack.java" Intrnl_Id="2578">
<LocList>
<Loc EndOffset="3344" SrcFileId="8" StartOffset="3316"/>
</LocList>
</BasicStmnt>
<BasicStmnt CovItemId="S64" CovItemPrefix="BlackJack.java" Intrnl_Id="2579">
<LocList>
<Loc EndOffset="3391" SrcFileId="8" StartOffset="3361"/>
</LocList>
</BasicStmnt>
<BasicStmnt CovItemId="S65" CovItemPrefix="BlackJack.java" Intrnl_Id="2580">
<LocList>
<Loc EndOffset="3436" SrcFileId="8" StartOffset="3408"/>
</LocList>
</BasicStmnt>
</StmntSeq>
</Branch>
<Branch CovItemId="B14" CovItemPrefix="BlackJack.java" Implct="true" Intrnl_Id="2581">
<Cond/>
<LocList/>
<StmntSeq Intrnl_Id="2582">
<LocList/>
</StmntSeq>
</Branch>
<Keyword EndOffset="3244" SrcFileId="8" StartOffset="3242"/>
<LocList>
<Loc EndOffset="3450" SrcFileId="8" StartOffset="3242"/>
</LocList>
<RootTerm CovItemId="C7" CovItemPrefix="BlackJack.java" Intrnl_Id="2583">
<BasicBoolTerm Intrnl_Id="2584">
<LocList>
<Loc EndOffset="3265" SrcFileId="8" StartOffset="3245"/>
</LocList>
</BasicBoolTerm>
</RootTerm>
</CondStmnt>
</StmntSeq>
</Branch>
<Branch CovItemId="B12" CovItemPrefix="BlackJack.java" Implct="true" Intrnl_Id="2585">
<Cond/>
<LocList/>
<StmntSeq Intrnl_Id="2586">
<LocList/>
</StmntSeq>
</Branch>
<Keyword EndOffset="3172" SrcFileId="8" StartOffset="3170"/>
<LocList>
<Loc EndOffset="3460" SrcFileId="8" StartOffset="3170"/>
</LocList>
<RootTerm CovItemId="C6" CovItemPrefix="BlackJack.java" Intrnl_Id="2587">
<BasicBoolTerm Intrnl_Id="2588">
<LocList>
<Loc EndOffset="3200" SrcFileId="8" StartOffset="3174"/>
</LocList>
</BasicBoolTerm>
</RootTerm>
</CondStmnt>
<CondStmnt CovItemId="S66" CovItemPrefix="BlackJack.java" Intrnl_Id="2589">
<Branch CovItemId="B15" CovItemPrefix="BlackJack.java" Implct="false" Intrnl_Id="2590">
<Cond/>
<LocList>
<Loc EndOffset="3735" SrcFileId="8" StartOffset="3504"/>
</LocList>
<StmntSeq Intrnl_Id="2591">
<LocList>
<Loc EndOffset="3573" SrcFileId="8" StartOffset="3518"/>
<Loc EndOffset="3600" SrcFileId="8" StartOffset="3586"/>
<Loc EndOffset="3641" SrcFileId="8" StartOffset="3613"/>
<Loc EndOffset="3684" SrcFileId="8" StartOffset="3654"/>
<Loc EndOffset="3725" SrcFileId="8" StartOffset="3697"/>
</LocList>
<LoopStmnt CovItemId="S67" CovItemPrefix="BlackJack.java" Intrnl_Id="2592" MltplExecId="L1-2" MltplExecPrefix="BlackJack.java" NvrExecId="L1-0" NvrExecPrefix="BlackJack.java" OnceExecutedId="L1-1" OnceExecutedPrefix="BlackJack.java" OptBodyExec="true">
<StmntSeq Intrnl_Id="2593">
<LocList>
<Loc EndOffset="3573" SrcFileId="8" StartOffset="3561"/>
</LocList>
<BasicStmnt CovItemId="S68" CovItemPrefix="BlackJack.java" Intrnl_Id="2594">
<LocList>
<Loc EndOffset="3573" SrcFileId="8" StartOffset="3561"/>
</LocList>
</BasicStmnt>
</StmntSeq>
<Keyword EndOffset="3523" SrcFileId="8" StartOffset="3518"/>
<LocList>
<Loc EndOffset="3573" SrcFileId="8" StartOffset="3518"/>
</LocList>
<RootTerm CovItemId="C9" CovItemPrefix="BlackJack.java" Intrnl_Id="2595">
<BasicBoolTerm Intrnl_Id="2596">
<LocList>
<Loc EndOffset="3543" SrcFileId="8" StartOffset="3524"/>
</LocList>
</BasicBoolTerm>
</RootTerm>
</LoopStmnt>
<BasicStmnt CovItemId="S69" CovItemPrefix="BlackJack.java" Intrnl_Id="2597">
<LocList>
<Loc EndOffset="3600" SrcFileId="8" StartOffset="3586"/>
</LocList>
</BasicStmnt>
<BasicStmnt CovItemId="S70" CovItemPrefix="BlackJack.java" Intrnl_Id="2598">
<LocList>
<Loc EndOffset="3641" SrcFileId="8" StartOffset="3613"/>
</LocList>
</BasicStmnt>
<BasicStmnt CovItemId="S71" CovItemPrefix="BlackJack.java" Intrnl_Id="2599">
<LocList>
<Loc EndOffset="3684" SrcFileId="8" StartOffset="3654"/>
</LocList>
</BasicStmnt>
<BasicStmnt CovItemId="S72" CovItemPrefix="BlackJack.java" Intrnl_Id="2600">
<LocList>
<Loc EndOffset="3725" SrcFileId="8" StartOffset="3697"/>
</LocList>
</BasicStmnt>
</StmntSeq>
</Branch>
<Branch CovItemId="B16" CovItemPrefix="BlackJack.java" Implct="true" Intrnl_Id="2601">
<Cond/>
<LocList/>
<StmntSeq Intrnl_Id="2602">
<LocList/>
</StmntSeq>
</Branch>
<Keyword EndOffset="3472" SrcFileId="8" StartOffset="3470"/>
<LocList>
<Loc EndOffset="3735" SrcFileId="8" StartOffset="3470"/>
</LocList>
<RootTerm CovItemId="C8" CovItemPrefix="BlackJack.java" Intrnl_Id="2603">
<BasicBoolTerm Intrnl_Id="2604">
<LocList>
<Loc EndOffset="3502" SrcFileId="8" StartOffset="3474"/>
</LocList>
</BasicBoolTerm>
</RootTerm>
</CondStmnt>
<CondStmnt CovItemId="S73" CovItemPrefix="BlackJack.java" Intrnl_Id="2605">
<Branch CovItemId="B17" CovItemPrefix="BlackJack.java" Implct="false" Intrnl_Id="2606">
<Cond/>
<LocList>
<Loc EndOffset="3966" SrcFileId="8" StartOffset="3778"/>
</LocList>
<StmntSeq Intrnl_Id="2607">
<LocList>
<Loc EndOffset="3799" SrcFileId="8" StartOffset="3792"/>
<Loc EndOffset="3832" SrcFileId="8" StartOffset="3812"/>
<Loc EndOffset="3872" SrcFileId="8" StartOffset="3845"/>
<Loc EndOffset="3914" SrcFileId="8" StartOffset="3885"/>
<Loc EndOffset="3956" SrcFileId="8" StartOffset="3927"/>
</LocList>
<BasicStmnt CovItemId="S74" CovItemPrefix="BlackJack.java" Intrnl_Id="2608">
<LocList>
<Loc EndOffset="3799" SrcFileId="8" StartOffset="3792"/>
</LocList>
</BasicStmnt>
<BasicStmnt CovItemId="S75" CovItemPrefix="BlackJack.java" Intrnl_Id="2609">
<LocList>
<Loc EndOffset="3832" SrcFileId="8" StartOffset="3812"/>
</LocList>
</BasicStmnt>
<BasicStmnt CovItemId="S76" CovItemPrefix="BlackJack.java" Intrnl_Id="2610">
<LocList>
<Loc EndOffset="3872" SrcFileId="8" StartOffset="3845"/>
</LocList>
</BasicStmnt>
<BasicStmnt CovItemId="S77" CovItemPrefix="BlackJack.java" Intrnl_Id="2611">
<LocList>
<Loc EndOffset="3914" SrcFileId="8" StartOffset="3885"/>
</LocList>
</BasicStmnt>
<BasicStmnt CovItemId="S78" CovItemPrefix="BlackJack.java" Intrnl_Id="2612">
<LocList>
<Loc EndOffset="3956" SrcFileId="8" StartOffset="3927"/>
</LocList>
</BasicStmnt>
</StmntSeq>
</Branch>
<Branch CovItemId="B18" CovItemPrefix="BlackJack.java" Implct="true" Intrnl_Id="2613">
<Cond/>
<LocList/>
<StmntSeq Intrnl_Id="2614">
<LocList/>
</StmntSeq>
</Branch>
<Keyword EndOffset="3747" SrcFileId="8" StartOffset="3745"/>
<LocList>
<Loc EndOffset="3966" SrcFileId="8" StartOffset="3745"/>
</LocList>
<RootTerm CovItemId="C10" CovItemPrefix="BlackJack.java" Intrnl_Id="2615">
<BasicBoolTerm Intrnl_Id="2616">
<LocList>
<Loc EndOffset="3776" SrcFileId="8" StartOffset="3749"/>
</LocList>
</BasicBoolTerm>
</RootTerm>
</CondStmnt>
</StmntSeq>
</HierarchyLvl>
<HierarchyLvl HierarchyLvlId="3916" HierarchyLvlTypeId="13" Intrnl_Id="2617" Name="main">
<Header>
<Loc EndOffset="4039" SrcFileId="8" StartOffset="4001"/>
</Header>
<LocList>
<Loc EndOffset="4072" SrcFileId="8" StartOffset="4001"/>
</LocList>
<StmntSeq Intrnl_Id="2618">
<LocList>
<Loc EndOffset="4066" SrcFileId="8" StartOffset="4050"/>
</LocList>
<BasicStmnt CovItemId="S79" CovItemPrefix="BlackJack.java" Intrnl_Id="2619">
<LocList>
<Loc EndOffset="4066" SrcFileId="8" StartOffset="4050"/>
</LocList>
</BasicStmnt>
</StmntSeq>
</HierarchyLvl>
</HierarchyLvl>
</HierarchyLvl>
</MASTRoot>
<TestSession Comment="" Date="1589513108915" Name="May 14, 2020 8:25:08 PM">
<TestCase Comment="Failure&#10;java.lang.AssertionError: Not yet implemented&#13;&#10;&#9;at org.junit.Assert.fail(Assert.java:88)&#13;&#10;&#9;at DrawTest.testMouseReleased(DrawTest.java:416)&#13;&#10;&#9;at sun.reflect.NativeMethodAccessorImpl.invoke0(Native Method)&#13;&#10;&#9;at sun.reflect.NativeMethodAccessorImpl.invoke(Unknown Source)&#13;&#10;&#9;at sun.reflect.DelegatingMethodAccessorImpl.invoke(Unknown Source)&#13;&#10;&#9;at java.lang.reflect.Method.invoke(Unknown Source)&#13;&#10;&#9;at org.junit.runners.model.FrameworkMethod$1.runReflectiveCall(FrameworkMethod.java:47)&#13;&#10;&#9;at org.junit.internal.runners.model.ReflectiveCallable.run(ReflectiveCallable.java:12)&#13;&#10;&#9;at org.junit.runners.model.FrameworkMethod.invokeExplosively(FrameworkMethod.java:44)&#13;&#10;&#9;at org.junit.internal.runners.statements.InvokeMethod.evaluate(InvokeMethod.java:17)&#13;&#10;&#9;at org.junit.runners.ParentRunner.runLeaf(ParentRunner.java:271)&#13;&#10;&#9;at org.junit.runners.BlockJUnit4ClassRunner.runChild(BlockJUnit4ClassRunner.java:70)&#13;&#10;&#9;at org.junit.runners.BlockJUnit4ClassRunner.runChild(BlockJUnit4ClassRunner.java:50)&#13;&#10;&#9;at org.junit.runners.ParentRunner$3.run(ParentRunner.java:238)&#13;&#10;&#9;at org.junit.runners.ParentRunner$1.schedule(ParentRunner.java:63)&#13;&#10;&#9;at org.junit.runners.ParentRunner.runChildren(ParentRunner.java:236)&#13;&#10;&#9;at org.junit.runners.ParentRunner.access$000(ParentRunner.java:53)&#13;&#10;&#9;at org.junit.runners.ParentRunner$2.evaluate(ParentRunner.java:229)&#13;&#10;&#9;at org.junit.runners.ParentRunner.run(ParentRunner.java:309)&#13;&#10;&#9;at org.eclipse.jdt.internal.junit4.runner.JUnit4TestReference.run(JUnit4TestReference.java:50)&#13;&#10;&#9;at org.eclipse.jdt.internal.junit.runner.TestExecution.run(TestExecution.java:38)&#13;&#10;&#9;at org.eclipse.jdt.internal.junit.runner.RemoteTestRunner.runTests(RemoteTestRunner.java:467)&#13;&#10;&#9;at org.eclipse.jdt.internal.junit.runner.RemoteTestRunner.runTests(RemoteTestRunner.java:683)&#13;&#10;&#9;at org.eclipse.jdt.internal.junit.runner.RemoteTestRunner.run(RemoteTestRunner.java:390)&#13;&#10;&#9;at org.codecover.juniteclipse.runner.EclipseTestRunner.main(EclipseTestRunner.java:40)" Date="1589513092299" Name="DrawTest:testMouseReleased">
<CovList/>
<AssgnmntList/>
<ObjMetaDataList/>
<MetaDataList/>
</TestCase>
<TestCase Comment="Failure&#10;java.lang.AssertionError: Not yet implemented&#13;&#10;&#9;at org.junit.Assert.fail(Assert.java:88)&#13;&#10;&#9;at DrawTest.testValidateNotNull(DrawTest.java:77)&#13;&#10;&#9;at sun.reflect.NativeMethodAccessorImpl.invoke0(Native Method)&#13;&#10;&#9;at sun.reflect.NativeMethodAccessorImpl.invoke(Unknown Source)&#13;&#10;&#9;at sun.reflect.DelegatingMethodAccessorImpl.invoke(Unknown Source)&#13;&#10;&#9;at java.lang.reflect.Method.invoke(Unknown Source)&#13;&#10;&#9;at org.junit.runners.model.FrameworkMethod$1.runReflectiveCall(FrameworkMethod.java:47)&#13;&#10;&#9;at org.junit.internal.runners.model.ReflectiveCallable.run(ReflectiveCallable.java:12)&#13;&#10;&#9;at org.junit.runners.model.FrameworkMethod.invokeExplosively(FrameworkMethod.java:44)&#13;&#10;&#9;at org.junit.internal.runners.statements.InvokeMethod.evaluate(InvokeMethod.java:17)&#13;&#10;&#9;at org.junit.runners.ParentRunner.runLeaf(ParentRunner.java:271)&#13;&#10;&#9;at org.junit.runners.BlockJUnit4ClassRunner.runChild(BlockJUnit4ClassRunner.java:70)&#13;&#10;&#9;at org.junit.runners.BlockJUnit4ClassRunner.runChild(BlockJUnit4ClassRunner.java:50)&#13;&#10;&#9;at org.junit.runners.ParentRunner$3.run(ParentRunner.java:238)&#13;&#10;&#9;at org.junit.runners.ParentRunner$1.schedule(ParentRunner.java:63)&#13;&#10;&#9;at org.junit.runners.ParentRunner.runChildren(ParentRunner.java:236)&#13;&#10;&#9;at org.junit.runners.ParentRunner.access$000(ParentRunner.java:53)&#13;&#10;&#9;at org.junit.runners.ParentRunner$2.evaluate(ParentRunner.java:229)&#13;&#10;&#9;at org.junit.runners.ParentRunner.run(ParentRunner.java:309)&#13;&#10;&#9;at org.eclipse.jdt.internal.junit4.runner.JUnit4TestReference.run(JUnit4TestReference.java:50)&#13;&#10;&#9;at org.eclipse.jdt.internal.junit.runner.TestExecution.run(TestExecution.java:38)&#13;&#10;&#9;at org.eclipse.jdt.internal.junit.runner.RemoteTestRunner.runTests(RemoteTestRunner.java:467)&#13;&#10;&#9;at org.eclipse.jdt.internal.junit.runner.RemoteTestRunner.runTests(RemoteTestRunner.java:683)&#13;&#10;&#9;at org.eclipse.jdt.internal.junit.runner.RemoteTestRunner.run(RemoteTestRunner.java:390)&#13;&#10;&#9;at org.codecover.juniteclipse.runner.EclipseTestRunner.main(EclipseTestRunner.java:40)" Date="1589513092448" Name="DrawTest:testValidateNotNull">
<CovList/>
<AssgnmntList/>
<ObjMetaDataList/>
<MetaDataList/>
</TestCase>
<TestCase Comment="Failure&#10;java.lang.AssertionError: Not yet implemented&#13;&#10;&#9;at org.junit.Assert.fail(Assert.java:88)&#13;&#10;&#9;at DrawTest.testEllipse(DrawTest.java:246)&#13;&#10;&#9;at sun.reflect.NativeMethodAccessorImpl.invoke0(Native Method)&#13;&#10;&#9;at sun.reflect.NativeMethodAccessorImpl.invoke(Unknown Source)&#13;&#10;&#9;at sun.reflect.DelegatingMethodAccessorImpl.invoke(Unknown Source)&#13;&#10;&#9;at java.lang.reflect.Method.invoke(Unknown Source)&#13;&#10;&#9;at org.junit.runners.model.FrameworkMethod$1.runReflectiveCall(FrameworkMethod.java:47)&#13;&#10;&#9;at org.junit.internal.runners.model.ReflectiveCallable.run(ReflectiveCallable.java:12)&#13;&#10;&#9;at org.junit.runners.model.FrameworkMethod.invokeExplosively(FrameworkMethod.java:44)&#13;&#10;&#9;at org.junit.internal.runners.statements.InvokeMethod.evaluate(InvokeMethod.java:17)&#13;&#10;&#9;at org.junit.runners.ParentRunner.runLeaf(ParentRunner.java:271)&#13;&#10;&#9;at org.junit.runners.BlockJUnit4ClassRunner.runChild(BlockJUnit4ClassRunner.java:70)&#13;&#10;&#9;at org.junit.runners.BlockJUnit4ClassRunner.runChild(BlockJUnit4ClassRunner.java:50)&#13;&#10;&#9;at org.junit.runners.ParentRunner$3.run(ParentRunner.java:238)&#13;&#10;&#9;at org.junit.runners.ParentRunner$1.schedule(ParentRunner.java:63)&#13;&#10;&#9;at org.junit.runners.ParentRunner.runChildren(ParentRunner.java:236)&#13;&#10;&#9;at org.junit.runners.ParentRunner.access$000(ParentRunner.java:53)&#13;&#10;&#9;at org.junit.runners.ParentRunner$2.evaluate(ParentRunner.java:229)&#13;&#10;&#9;at org.junit.runners.ParentRunner.run(ParentRunner.java:309)&#13;&#10;&#9;at org.eclipse.jdt.internal.junit4.runner.JUnit4TestReference.run(JUnit4TestReference.java:50)&#13;&#10;&#9;at org.eclipse.jdt.internal.junit.runner.TestExecution.run(TestExecution.java:38)&#13;&#10;&#9;at org.eclipse.jdt.internal.junit.runner.RemoteTestRunner.runTests(RemoteTestRunner.java:467)&#13;&#10;&#9;at org.eclipse.jdt.internal.junit.runner.RemoteTestRunner.runTests(RemoteTestRunner.java:683)&#13;&#10;&#9;at org.eclipse.jdt.internal.junit.runner.RemoteTestRunner.run(RemoteTestRunner.java:390)&#13;&#10;&#9;at org.codecover.juniteclipse.runner.EclipseTestRunner.main(EclipseTestRunner.java:40)" Date="1589513092593" Name="DrawTest:testEllipse">
<CovList/>
<AssgnmntList/>
<ObjMetaDataList/>
<MetaDataList/>
</TestCase>
<TestCase Comment="Failure&#10;java.lang.AssertionError: Not yet implemented&#13;&#10;&#9;at org.junit.Assert.fail(Assert.java:88)&#13;&#10;&#9;at DrawTest.testFilledEllipse(DrawTest.java:251)&#13;&#10;&#9;at sun.reflect.NativeMethodAccessorImpl.invoke0(Native Method)&#13;&#10;&#9;at sun.reflect.NativeMethodAccessorImpl.invoke(Unknown Source)&#13;&#10;&#9;at sun.reflect.DelegatingMethodAccessorImpl.invoke(Unknown Source)&#13;&#10;&#9;at java.lang.reflect.Method.invoke(Unknown Source)&#13;&#10;&#9;at org.junit.runners.model.FrameworkMethod$1.runReflectiveCall(FrameworkMethod.java:47)&#13;&#10;&#9;at org.junit.internal.runners.model.ReflectiveCallable.run(ReflectiveCallable.java:12)&#13;&#10;&#9;at org.junit.runners.model.FrameworkMethod.invokeExplosively(FrameworkMethod.java:44)&#13;&#10;&#9;at org.junit.internal.runners.statements.InvokeMethod.evaluate(InvokeMethod.java:17)&#13;&#10;&#9;at org.junit.runners.ParentRunner.runLeaf(ParentRunner.java:271)&#13;&#10;&#9;at org.junit.runners.BlockJUnit4ClassRunner.runChild(BlockJUnit4ClassRunner.java:70)&#13;&#10;&#9;at org.junit.runners.BlockJUnit4ClassRunner.runChild(BlockJUnit4ClassRunner.java:50)&#13;&#10;&#9;at org.junit.runners.ParentRunner$3.run(ParentRunner.java:238)&#13;&#10;&#9;at org.junit.runners.ParentRunner$1.schedule(ParentRunner.java:63)&#13;&#10;&#9;at org.junit.runners.ParentRunner.runChildren(ParentRunner.java:236)&#13;&#10;&#9;at org.junit.runners.ParentRunner.access$000(ParentRunner.java:53)&#13;&#10;&#9;at org.junit.runners.ParentRunner$2.evaluate(ParentRunner.java:229)&#13;&#10;&#9;at org.junit.runners.ParentRunner.run(ParentRunner.java:309)&#13;&#10;&#9;at org.eclipse.jdt.internal.junit4.runner.JUnit4TestReference.run(JUnit4TestReference.java:50)&#13;&#10;&#9;at org.eclipse.jdt.internal.junit.runner.TestExecution.run(TestExecution.java:38)&#13;&#10;&#9;at org.eclipse.jdt.internal.junit.runner.RemoteTestRunner.runTests(RemoteTestRunner.java:467)&#13;&#10;&#9;at org.eclipse.jdt.internal.junit.runner.RemoteTestRunner.runTests(RemoteTestRunner.java:683)&#13;&#10;&#9;at org.eclipse.jdt.internal.junit.runner.RemoteTestRunner.run(RemoteTestRunner.java:390)&#13;&#10;&#9;at org.codecover.juniteclipse.runner.EclipseTestRunner.main(EclipseTestRunner.java:40)" Date="1589513092781" Name="DrawTest:testFilledEllipse">
<CovList/>
<AssgnmntList/>
<ObjMetaDataList/>
<MetaDataList/>
</TestCase>
<TestCase Comment="Failure&#10;java.lang.AssertionError: Not yet implemented&#13;&#10;&#9;at org.junit.Assert.fail(Assert.java:88)&#13;&#10;&#9;at DrawTest.testGetImage(DrawTest.java:291)&#13;&#10;&#9;at sun.reflect.NativeMethodAccessorImpl.invoke0(Native Method)&#13;&#10;&#9;at sun.reflect.NativeMethodAccessorImpl.invoke(Unknown Source)&#13;&#10;&#9;at sun.reflect.DelegatingMethodAccessorImpl.invoke(Unknown Source)&#13;&#10;&#9;at java.lang.reflect.Method.invoke(Unknown Source)&#13;&#10;&#9;at org.junit.runners.model.FrameworkMethod$1.runReflectiveCall(FrameworkMethod.java:47)&#13;&#10;&#9;at org.junit.internal.runners.model.ReflectiveCallable.run(ReflectiveCallable.java:12)&#13;&#10;&#9;at org.junit.runners.model.FrameworkMethod.invokeExplosively(FrameworkMethod.java:44)&#13;&#10;&#9;at org.junit.internal.runners.statements.InvokeMethod.evaluate(InvokeMethod.java:17)&#13;&#10;&#9;at org.junit.runners.ParentRunner.runLeaf(ParentRunner.java:271)&#13;&#10;&#9;at org.junit.runners.BlockJUnit4ClassRunner.runChild(BlockJUnit4ClassRunner.java:70)&#13;&#10;&#9;at org.junit.runners.BlockJUnit4ClassRunner.runChild(BlockJUnit4ClassRunner.java:50)&#13;&#10;&#9;at org.junit.runners.ParentRunner$3.run(ParentRunner.java:238)&#13;&#10;&#9;at org.junit.runners.ParentRunner$1.schedule(ParentRunner.java:63)&#13;&#10;&#9;at org.junit.runners.ParentRunner.runChildren(ParentRunner.java:236)&#13;&#10;&#9;at org.junit.runners.ParentRunner.access$000(ParentRunner.java:53)&#13;&#10;&#9;at org.junit.runners.ParentRunner$2.evaluate(ParentRunner.java:229)&#13;&#10;&#9;at org.junit.runners.ParentRunner.run(ParentRunner.java:309)&#13;&#10;&#9;at org.eclipse.jdt.internal.junit4.runner.JUnit4TestReference.run(JUnit4TestReference.java:50)&#13;&#10;&#9;at org.eclipse.jdt.internal.junit.runner.TestExecution.run(TestExecution.java:38)&#13;&#10;&#9;at org.eclipse.jdt.internal.junit.runner.RemoteTestRunner.runTests(RemoteTestRunner.java:467)&#13;&#10;&#9;at org.eclipse.jdt.internal.junit.runner.RemoteTestRunner.runTests(RemoteTestRunner.java:683)&#13;&#10;&#9;at org.eclipse.jdt.internal.junit.runner.RemoteTestRunner.run(RemoteTestRunner.java:390)&#13;&#10;&#9;at org.codecover.juniteclipse.runner.EclipseTestRunner.main(EclipseTestRunner.java:40)" Date="1589513092914" Name="DrawTest:testGetImage">
<CovList/>
<AssgnmntList/>
<ObjMetaDataList/>
<MetaDataList/>
</TestCase>
<TestCase Comment="Failure&#10;java.lang.AssertionError: Not yet implemented&#13;&#10;&#9;at org.junit.Assert.fail(Assert.java:88)&#13;&#10;&#9;at DrawTest.testMousePressed(DrawTest.java:386)&#13;&#10;&#9;at sun.reflect.NativeMethodAccessorImpl.invoke0(Native Method)&#13;&#10;&#9;at sun.reflect.NativeMethodAccessorImpl.invoke(Unknown Source)&#13;&#10;&#9;at sun.reflect.DelegatingMethodAccessorImpl.invoke(Unknown Source)&#13;&#10;&#9;at java.lang.reflect.Method.invoke(Unknown Source)&#13;&#10;&#9;at org.junit.runners.model.FrameworkMethod$1.runReflectiveCall(FrameworkMethod.java:47)&#13;&#10;&#9;at org.junit.internal.runners.model.ReflectiveCallable.run(ReflectiveCallable.java:12)&#13;&#10;&#9;at org.junit.runners.model.FrameworkMethod.invokeExplosively(FrameworkMethod.java:44)&#13;&#10;&#9;at org.junit.internal.runners.statements.InvokeMethod.evaluate(InvokeMethod.java:17)&#13;&#10;&#9;at org.junit.runners.ParentRunner.runLeaf(ParentRunner.java:271)&#13;&#10;&#9;at org.junit.runners.BlockJUnit4ClassRunner.runChild(BlockJUnit4ClassRunner.java:70)&#13;&#10;&#9;at org.junit.runners.BlockJUnit4ClassRunner.runChild(BlockJUnit4ClassRunner.java:50)&#13;&#10;&#9;at org.junit.runners.ParentRunner$3.run(ParentRunner.java:238)&#13;&#10;&#9;at org.junit.runners.ParentRunner$1.schedule(ParentRunner.java:63)&#13;&#10;&#9;at org.junit.runners.ParentRunner.runChildren(ParentRunner.java:236)&#13;&#10;&#9;at org.junit.runners.ParentRunner.access$000(ParentRunner.java:53)&#13;&#10;&#9;at org.junit.runners.ParentRunner$2.evaluate(ParentRunner.java:229)&#13;&#10;&#9;at org.junit.runners.ParentRunner.run(ParentRunner.java:309)&#13;&#10;&#9;at org.eclipse.jdt.internal.junit4.runner.JUnit4TestReference.run(JUnit4TestReference.java:50)&#13;&#10;&#9;at org.eclipse.jdt.internal.junit.runner.TestExecution.run(TestExecution.java:38)&#13;&#10;&#9;at org.eclipse.jdt.internal.junit.runner.RemoteTestRunner.runTests(RemoteTestRunner.java:467)&#13;&#10;&#9;at org.eclipse.jdt.internal.junit.runner.RemoteTestRunner.runTests(RemoteTestRunner.java:683)&#13;&#10;&#9;at org.eclipse.jdt.internal.junit.runner.RemoteTestRunner.run(RemoteTestRunner.java:390)&#13;&#10;&#9;at org.codecover.juniteclipse.runner.EclipseTestRunner.main(EclipseTestRunner.java:40)" Date="1589513093124" Name="DrawTest:testMousePressed">
<CovList/>
<AssgnmntList/>
<ObjMetaDataList/>
<MetaDataList/>
</TestCase>
<TestCase Comment="Failure&#10;java.lang.AssertionError: Use assertEquals(expected, actual, delta) to compare floating-point numbers&#13;&#10;&#9;at org.junit.Assert.fail(Assert.java:88)&#13;&#10;&#9;at org.junit.Assert.assertEquals(Assert.java:576)&#13;&#10;&#9;at org.junit.Assert.assertEquals(Assert.java:565)&#13;&#10;&#9;at DrawTest.testSetXscaleDoubleDouble1(DrawTest.java:98)&#13;&#10;&#9;at sun.reflect.NativeMethodAccessorImpl.invoke0(Native Method)&#13;&#10;&#9;at sun.reflect.NativeMethodAccessorImpl.invoke(Unknown Source)&#13;&#10;&#9;at sun.reflect.DelegatingMethodAccessorImpl.invoke(Unknown Source)&#13;&#10;&#9;at java.lang.reflect.Method.invoke(Unknown Source)&#13;&#10;&#9;at org.junit.runners.model.FrameworkMethod$1.runReflectiveCall(FrameworkMethod.java:47)&#13;&#10;&#9;at org.junit.internal.runners.model.ReflectiveCallable.run(ReflectiveCallable.java:12)&#13;&#10;&#9;at org.junit.runners.model.FrameworkMethod.invokeExplosively(FrameworkMethod.java:44)&#13;&#10;&#9;at org.junit.internal.runners.statements.InvokeMethod.evaluate(InvokeMethod.java:17)&#13;&#10;&#9;at org.junit.runners.ParentRunner.runLeaf(ParentRunner.java:271)&#13;&#10;&#9;at org.junit.runners.BlockJUnit4ClassRunner.runChild(BlockJUnit4ClassRunner.java:70)&#13;&#10;&#9;at org.junit.runners.BlockJUnit4ClassRunner.runChild(BlockJUnit4ClassRunner.java:50)&#13;&#10;&#9;at org.junit.runners.ParentRunner$3.run(ParentRunner.java:238)&#13;&#10;&#9;at org.junit.runners.ParentRunner$1.schedule(ParentRunner.java:63)&#13;&#10;&#9;at org.junit.runners.ParentRunner.runChildren(ParentRunner.java:236)&#13;&#10;&#9;at org.junit.runners.ParentRunner.access$000(ParentRunner.java:53)&#13;&#10;&#9;at org.junit.runners.ParentRunner$2.evaluate(ParentRunner.java:229)&#13;&#10;&#9;at org.junit.runners.ParentRunner.run(ParentRunner.java:309)&#13;&#10;&#9;at org.eclipse.jdt.internal.junit4.runner.JUnit4TestReference.run(JUnit4TestReference.java:50)&#13;&#10;&#9;at org.eclipse.jdt.internal.junit.runner.TestExecution.run(TestExecution.java:38)&#13;&#10;&#9;at org.eclipse.jdt.internal.junit.runner.RemoteTestRunner.runTests(RemoteTestRunner.java:467)&#13;&#10;&#9;at org.eclipse.jdt.internal.junit.runner.RemoteTestRunner.runTests(RemoteTestRunner.java:683)&#13;&#10;&#9;at org.eclipse.jdt.internal.junit.runner.RemoteTestRunner.run(RemoteTestRunner.java:390)&#13;&#10;&#9;at org.codecover.juniteclipse.runner.EclipseTestRunner.main(EclipseTestRunner.java:40)" Date="1589513093220" Name="DrawTest:testSetXscaleDoubleDouble1">
<CovList>
<CovPrefix CovItemPrefix="Draw.java">
<Cov CovItemId="B10" Value="2"/>
<Cov CovItemId="B16" Value="1"/>
<Cov CovItemId="B8" Value="2"/>
<Cov CovItemId="S104" Value="1"/>
<Cov CovItemId="S105" Value="1"/>
<Cov CovItemId="S106" Value="1"/>
<Cov CovItemId="S107" Value="1"/>
<Cov CovItemId="S109" Value="1"/>
<Cov CovItemId="S110" Value="1"/>
<Cov CovItemId="S94" Value="2"/>
<Cov CovItemId="S96" Value="2"/>
</CovPrefix>
</CovList>
<AssgnmntList>
<AssgnmntPrefix RootTermCovItemPrefix="Draw.java">
<AssgnmntListEntry Length="1" RootTermCovItemId="C4">
<MapEntry BoolAssgnmnt="0" Value="2"/>
</AssgnmntListEntry>
<AssgnmntListEntry Length="1" RootTermCovItemId="C5">
<MapEntry BoolAssgnmnt="0" Value="2"/>
</AssgnmntListEntry>
<AssgnmntListEntry Length="1" RootTermCovItemId="C8">
<MapEntry BoolAssgnmnt="0" Value="1"/>
</AssgnmntListEntry>
</AssgnmntPrefix>
</AssgnmntList>
<ObjMetaDataList/>
<MetaDataList/>
</TestCase>
<TestCase Comment="Failure&#10;java.lang.AssertionError: Not yet implemented&#13;&#10;&#9;at org.junit.Assert.fail(Assert.java:88)&#13;&#10;&#9;at DrawTest.testFactorX(DrawTest.java:126)&#13;&#10;&#9;at sun.reflect.NativeMethodAccessorImpl.invoke0(Native Method)&#13;&#10;&#9;at sun.reflect.NativeMethodAccessorImpl.invoke(Unknown Source)&#13;&#10;&#9;at sun.reflect.DelegatingMethodAccessorImpl.invoke(Unknown Source)&#13;&#10;&#9;at java.lang.reflect.Method.invoke(Unknown Source)&#13;&#10;&#9;at org.junit.runners.model.FrameworkMethod$1.runReflectiveCall(FrameworkMethod.java:47)&#13;&#10;&#9;at org.junit.internal.runners.model.ReflectiveCallable.run(ReflectiveCallable.java:12)&#13;&#10;&#9;at org.junit.runners.model.FrameworkMethod.invokeExplosively(FrameworkMethod.java:44)&#13;&#10;&#9;at org.junit.internal.runners.statements.InvokeMethod.evaluate(InvokeMethod.java:17)&#13;&#10;&#9;at org.junit.runners.ParentRunner.runLeaf(ParentRunner.java:271)&#13;&#10;&#9;at org.junit.runners.BlockJUnit4ClassRunner.runChild(BlockJUnit4ClassRunner.java:70)&#13;&#10;&#9;at org.junit.runners.BlockJUnit4ClassRunner.runChild(BlockJUnit4ClassRunner.java:50)&#13;&#10;&#9;at org.junit.runners.ParentRunner$3.run(ParentRunner.java:238)&#13;&#10;&#9;at org.junit.runners.ParentRunner$1.schedule(ParentRunner.java:63)&#13;&#10;&#9;at org.junit.runners.ParentRunner.runChildren(ParentRunner.java:236)&#13;&#10;&#9;at org.junit.runners.ParentRunner.access$000(ParentRunner.java:53)&#13;&#10;&#9;at org.junit.runners.ParentRunner$2.evaluate(ParentRunner.java:229)&#13;&#10;&#9;at org.junit.runners.ParentRunner.run(ParentRunner.java:309)&#13;&#10;&#9;at org.eclipse.jdt.internal.junit4.runner.JUnit4TestReference.run(JUnit4TestReference.java:50)&#13;&#10;&#9;at org.eclipse.jdt.internal.junit.runner.TestExecution.run(TestExecution.java:38)&#13;&#10;&#9;at org.eclipse.jdt.internal.junit.runner.RemoteTestRunner.runTests(RemoteTestRunner.java:467)&#13;&#10;&#9;at org.eclipse.jdt.internal.junit.runner.RemoteTestRunner.runTests(RemoteTestRunner.java:683)&#13;&#10;&#9;at org.eclipse.jdt.internal.junit.runner.RemoteTestRunner.run(RemoteTestRunner.java:390)&#13;&#10;&#9;at org.codecover.juniteclipse.runner.EclipseTestRunner.main(EclipseTestRunner.java:40)" Date="1589513093304" Name="DrawTest:testFactorX">
<CovList/>
<AssgnmntList/>
<ObjMetaDataList/>
<MetaDataList/>
</TestCase>
<TestCase Comment="Failure&#10;java.lang.AssertionError: Not yet implemented&#13;&#10;&#9;at org.junit.Assert.fail(Assert.java:88)&#13;&#10;&#9;at DrawTest.testFactorY(DrawTest.java:131)&#13;&#10;&#9;at sun.reflect.NativeMethodAccessorImpl.invoke0(Native Method)&#13;&#10;&#9;at sun.reflect.NativeMethodAccessorImpl.invoke(Unknown Source)&#13;&#10;&#9;at sun.reflect.DelegatingMethodAccessorImpl.invoke(Unknown Source)&#13;&#10;&#9;at java.lang.reflect.Method.invoke(Unknown Source)&#13;&#10;&#9;at org.junit.runners.model.FrameworkMethod$1.runReflectiveCall(FrameworkMethod.java:47)&#13;&#10;&#9;at org.junit.internal.runners.model.ReflectiveCallable.run(ReflectiveCallable.java:12)&#13;&#10;&#9;at org.junit.runners.model.FrameworkMethod.invokeExplosively(FrameworkMethod.java:44)&#13;&#10;&#9;at org.junit.internal.runners.statements.InvokeMethod.evaluate(InvokeMethod.java:17)&#13;&#10;&#9;at org.junit.runners.ParentRunner.runLeaf(ParentRunner.java:271)&#13;&#10;&#9;at org.junit.runners.BlockJUnit4ClassRunner.runChild(BlockJUnit4ClassRunner.java:70)&#13;&#10;&#9;at org.junit.runners.BlockJUnit4ClassRunner.runChild(BlockJUnit4ClassRunner.java:50)&#13;&#10;&#9;at org.junit.runners.ParentRunner$3.run(ParentRunner.java:238)&#13;&#10;&#9;at org.junit.runners.ParentRunner$1.schedule(ParentRunner.java:63)&#13;&#10;&#9;at org.junit.runners.ParentRunner.runChildren(ParentRunner.java:236)&#13;&#10;&#9;at org.junit.runners.ParentRunner.access$000(ParentRunner.java:53)&#13;&#10;&#9;at org.junit.runners.ParentRunner$2.evaluate(ParentRunner.java:229)&#13;&#10;&#9;at org.junit.runners.ParentRunner.run(ParentRunner.java:309)&#13;&#10;&#9;at org.eclipse.jdt.internal.junit4.runner.JUnit4TestReference.run(JUnit4TestReference.java:50)&#13;&#10;&#9;at org.eclipse.jdt.internal.junit.runner.TestExecution.run(TestExecution.java:38)&#13;&#10;&#9;at org.eclipse.jdt.internal.junit.runner.RemoteTestRunner.runTests(RemoteTestRunner.java:467)&#13;&#10;&#9;at org.eclipse.jdt.internal.junit.runner.RemoteTestRunner.runTests(RemoteTestRunner.java:683)&#13;&#10;&#9;at org.eclipse.jdt.internal.junit.runner.RemoteTestRunner.run(RemoteTestRunner.java:390)&#13;&#10;&#9;at org.codecover.juniteclipse.runner.EclipseTestRunner.main(EclipseTestRunner.java:40)" Date="1589513093389" Name="DrawTest:testFactorY">
<CovList/>
<AssgnmntList/>
<ObjMetaDataList/>
<MetaDataList/>
</TestCase>
<TestCase Comment="Failure&#10;java.lang.AssertionError: Not yet implemented&#13;&#10;&#9;at org.junit.Assert.fail(Assert.java:88)&#13;&#10;&#9;at DrawTest.testClearColor(DrawTest.java:151)&#13;&#10;&#9;at sun.reflect.NativeMethodAccessorImpl.invoke0(Native Method)&#13;&#10;&#9;at sun.reflect.NativeMethodAccessorImpl.invoke(Unknown Source)&#13;&#10;&#9;at sun.reflect.DelegatingMethodAccessorImpl.invoke(Unknown Source)&#13;&#10;&#9;at java.lang.reflect.Method.invoke(Unknown Source)&#13;&#10;&#9;at org.junit.runners.model.FrameworkMethod$1.runReflectiveCall(FrameworkMethod.java:47)&#13;&#10;&#9;at org.junit.internal.runners.model.ReflectiveCallable.run(ReflectiveCallable.java:12)&#13;&#10;&#9;at org.junit.runners.model.FrameworkMethod.invokeExplosively(FrameworkMethod.java:44)&#13;&#10;&#9;at org.junit.internal.runners.statements.InvokeMethod.evaluate(InvokeMethod.java:17)&#13;&#10;&#9;at org.junit.runners.ParentRunner.runLeaf(ParentRunner.java:271)&#13;&#10;&#9;at org.junit.runners.BlockJUnit4ClassRunner.runChild(BlockJUnit4ClassRunner.java:70)&#13;&#10;&#9;at org.junit.runners.BlockJUnit4ClassRunner.runChild(BlockJUnit4ClassRunner.java:50)&#13;&#10;&#9;at org.junit.runners.ParentRunner$3.run(ParentRunner.java:238)&#13;&#10;&#9;at org.junit.runners.ParentRunner$1.schedule(ParentRunner.java:63)&#13;&#10;&#9;at org.junit.runners.ParentRunner.runChildren(ParentRunner.java:236)&#13;&#10;&#9;at org.junit.runners.ParentRunner.access$000(ParentRunner.java:53)&#13;&#10;&#9;at org.junit.runners.ParentRunner$2.evaluate(ParentRunner.java:229)&#13;&#10;&#9;at org.junit.runners.ParentRunner.run(ParentRunner.java:309)&#13;&#10;&#9;at org.eclipse.jdt.internal.junit4.runner.JUnit4TestReference.run(JUnit4TestReference.java:50)&#13;&#10;&#9;at org.eclipse.jdt.internal.junit.runner.TestExecution.run(TestExecution.java:38)&#13;&#10;&#9;at org.eclipse.jdt.internal.junit.runner.RemoteTestRunner.runTests(RemoteTestRunner.java:467)&#13;&#10;&#9;at org.eclipse.jdt.internal.junit.runner.RemoteTestRunner.runTests(RemoteTestRunner.java:683)&#13;&#10;&#9;at org.eclipse.jdt.internal.junit.runner.RemoteTestRunner.run(RemoteTestRunner.java:390)&#13;&#10;&#9;at org.codecover.juniteclipse.runner.EclipseTestRunner.main(EclipseTestRunner.java:40)" Date="1589513093481" Name="DrawTest:testClearColor">
<CovList/>
<AssgnmntList/>
<ObjMetaDataList/>
<MetaDataList/>
</TestCase>
<TestCase Comment="Failure&#10;java.lang.AssertionError: Not yet implemented&#13;&#10;&#9;at org.junit.Assert.fail(Assert.java:88)&#13;&#10;&#9;at DrawTest.testArc(DrawTest.java:256)&#13;&#10;&#9;at sun.reflect.NativeMethodAccessorImpl.invoke0(Native Method)&#13;&#10;&#9;at sun.reflect.NativeMethodAccessorImpl.invoke(Unknown Source)&#13;&#10;&#9;at sun.reflect.DelegatingMethodAccessorImpl.invoke(Unknown Source)&#13;&#10;&#9;at java.lang.reflect.Method.invoke(Unknown Source)&#13;&#10;&#9;at org.junit.runners.model.FrameworkMethod$1.runReflectiveCall(FrameworkMethod.java:47)&#13;&#10;&#9;at org.junit.internal.runners.model.ReflectiveCallable.run(ReflectiveCallable.java:12)&#13;&#10;&#9;at org.junit.runners.model.FrameworkMethod.invokeExplosively(FrameworkMethod.java:44)&#13;&#10;&#9;at org.junit.internal.runners.statements.InvokeMethod.evaluate(InvokeMethod.java:17)&#13;&#10;&#9;at org.junit.runners.ParentRunner.runLeaf(ParentRunner.java:271)&#13;&#10;&#9;at org.junit.runners.BlockJUnit4ClassRunner.runChild(BlockJUnit4ClassRunner.java:70)&#13;&#10;&#9;at org.junit.runners.BlockJUnit4ClassRunner.runChild(BlockJUnit4ClassRunner.java:50)&#13;&#10;&#9;at org.junit.runners.ParentRunner$3.run(ParentRunner.java:238)&#13;&#10;&#9;at org.junit.runners.ParentRunner$1.schedule(ParentRunner.java:63)&#13;&#10;&#9;at org.junit.runners.ParentRunner.runChildren(ParentRunner.java:236)&#13;&#10;&#9;at org.junit.runners.ParentRunner.access$000(ParentRunner.java:53)&#13;&#10;&#9;at org.junit.runners.ParentRunner$2.evaluate(ParentRunner.java:229)&#13;&#10;&#9;at org.junit.runners.ParentRunner.run(ParentRunner.java:309)&#13;&#10;&#9;at org.eclipse.jdt.internal.junit4.runner.JUnit4TestReference.run(JUnit4TestReference.java:50)&#13;&#10;&#9;at org.eclipse.jdt.internal.junit.runner.TestExecution.run(TestExecution.java:38)&#13;&#10;&#9;at org.eclipse.jdt.internal.junit.runner.RemoteTestRunner.runTests(RemoteTestRunner.java:467)&#13;&#10;&#9;at org.eclipse.jdt.internal.junit.runner.RemoteTestRunner.runTests(RemoteTestRunner.java:683)&#13;&#10;&#9;at org.eclipse.jdt.internal.junit.runner.RemoteTestRunner.run(RemoteTestRunner.java:390)&#13;&#10;&#9;at org.codecover.juniteclipse.runner.EclipseTestRunner.main(EclipseTestRunner.java:40)" Date="1589513093610" Name="DrawTest:testArc">
<CovList>
<CovPrefix CovItemPrefix="Draw.java">
<Cov CovItemId="S534" Value="1"/>
<Cov CovItemId="S535" Value="1"/>
<Cov CovItemId="S536" Value="1"/>
<Cov CovItemId="S537" Value="1"/>
<Cov CovItemId="S538" Value="1"/>
<Cov CovItemId="S539" Value="1"/>
<Cov CovItemId="S540" Value="1"/>
<Cov CovItemId="S541" Value="1"/>
</CovPrefix>
</CovList>
<AssgnmntList/>
<ObjMetaDataList/>
<MetaDataList/>
</TestCase>
<TestCase Comment="Failure&#10;java.lang.AssertionError: Not yet implemented&#13;&#10;&#9;at org.junit.Assert.fail(Assert.java:88)&#13;&#10;&#9;at DrawTest.testTextDoubleDoubleStringDouble(DrawTest.java:321)&#13;&#10;&#9;at sun.reflect.NativeMethodAccessorImpl.invoke0(Native Method)&#13;&#10;&#9;at sun.reflect.NativeMethodAccessorImpl.invoke(Unknown Source)&#13;&#10;&#9;at sun.reflect.DelegatingMethodAccessorImpl.invoke(Unknown Source)&#13;&#10;&#9;at java.lang.reflect.Method.invoke(Unknown Source)&#13;&#10;&#9;at org.junit.runners.model.FrameworkMethod$1.runReflectiveCall(FrameworkMethod.java:47)&#13;&#10;&#9;at org.junit.internal.runners.model.ReflectiveCallable.run(ReflectiveCallable.java:12)&#13;&#10;&#9;at org.junit.runners.model.FrameworkMethod.invokeExplosively(FrameworkMethod.java:44)&#13;&#10;&#9;at org.junit.internal.runners.statements.InvokeMethod.evaluate(InvokeMethod.java:17)&#13;&#10;&#9;at org.junit.runners.ParentRunner.runLeaf(ParentRunner.java:271)&#13;&#10;&#9;at org.junit.runners.BlockJUnit4ClassRunner.runChild(BlockJUnit4ClassRunner.java:70)&#13;&#10;&#9;at org.junit.runners.BlockJUnit4ClassRunner.runChild(BlockJUnit4ClassRunner.java:50)&#13;&#10;&#9;at org.junit.runners.ParentRunner$3.run(ParentRunner.java:238)&#13;&#10;&#9;at org.junit.runners.ParentRunner$1.schedule(ParentRunner.java:63)&#13;&#10;&#9;at org.junit.runners.ParentRunner.runChildren(ParentRunner.java:236)&#13;&#10;&#9;at org.junit.runners.ParentRunner.access$000(ParentRunner.java:53)&#13;&#10;&#9;at org.junit.runners.ParentRunner$2.evaluate(ParentRunner.java:229)&#13;&#10;&#9;at org.junit.runners.ParentRunner.run(ParentRunner.java:309)&#13;&#10;&#9;at org.eclipse.jdt.internal.junit4.runner.JUnit4TestReference.run(JUnit4TestReference.java:50)&#13;&#10;&#9;at org.eclipse.jdt.internal.junit.runner.TestExecution.run(TestExecution.java:38)&#13;&#10;&#9;at org.eclipse.jdt.internal.junit.runner.RemoteTestRunner.runTests(RemoteTestRunner.java:467)&#13;&#10;&#9;at org.eclipse.jdt.internal.junit.runner.RemoteTestRunner.runTests(RemoteTestRunner.java:683)&#13;&#10;&#9;at org.eclipse.jdt.internal.junit.runner.RemoteTestRunner.run(RemoteTestRunner.java:390)&#13;&#10;&#9;at org.codecover.juniteclipse.runner.EclipseTestRunner.main(EclipseTestRunner.java:40)" Date="1589513093764" Name="DrawTest:testTextDoubleDoubleStringDouble">
<CovList/>
<AssgnmntList/>
<ObjMetaDataList/>
<MetaDataList/>
</TestCase>
<TestCase Comment="Failure&#10;java.lang.AssertionError: Not yet implemented&#13;&#10;&#9;at org.junit.Assert.fail(Assert.java:88)&#13;&#10;&#9;at DrawTest.testActionPerformed(DrawTest.java:371)&#13;&#10;&#9;at sun.reflect.NativeMethodAccessorImpl.invoke0(Native Method)&#13;&#10;&#9;at sun.reflect.NativeMethodAccessorImpl.invoke(Unknown Source)&#13;&#10;&#9;at sun.reflect.DelegatingMethodAccessorImpl.invoke(Unknown Source)&#13;&#10;&#9;at java.lang.reflect.Method.invoke(Unknown Source)&#13;&#10;&#9;at org.junit.runners.model.FrameworkMethod$1.runReflectiveCall(FrameworkMethod.java:47)&#13;&#10;&#9;at org.junit.internal.runners.model.ReflectiveCallable.run(ReflectiveCallable.java:12)&#13;&#10;&#9;at org.junit.runners.model.FrameworkMethod.invokeExplosively(FrameworkMethod.java:44)&#13;&#10;&#9;at org.junit.internal.runners.statements.InvokeMethod.evaluate(InvokeMethod.java:17)&#13;&#10;&#9;at org.junit.runners.ParentRunner.runLeaf(ParentRunner.java:271)&#13;&#10;&#9;at org.junit.runners.BlockJUnit4ClassRunner.runChild(BlockJUnit4ClassRunner.java:70)&#13;&#10;&#9;at org.junit.runners.BlockJUnit4ClassRunner.runChild(BlockJUnit4ClassRunner.java:50)&#13;&#10;&#9;at org.junit.runners.ParentRunner$3.run(ParentRunner.java:238)&#13;&#10;&#9;at org.junit.runners.ParentRunner$1.schedule(ParentRunner.java:63)&#13;&#10;&#9;at org.junit.runners.ParentRunner.runChildren(ParentRunner.java:236)&#13;&#10;&#9;at org.junit.runners.ParentRunner.access$000(ParentRunner.java:53)&#13;&#10;&#9;at org.junit.runners.ParentRunner$2.evaluate(ParentRunner.java:229)&#13;&#10;&#9;at org.junit.runners.ParentRunner.run(ParentRunner.java:309)&#13;&#10;&#9;at org.eclipse.jdt.internal.junit4.runner.JUnit4TestReference.run(JUnit4TestReference.java:50)&#13;&#10;&#9;at org.eclipse.jdt.internal.junit.runner.TestExecution.run(TestExecution.java:38)&#13;&#10;&#9;at org.eclipse.jdt.internal.junit.runner.RemoteTestRunner.runTests(RemoteTestRunner.java:467)&#13;&#10;&#9;at org.eclipse.jdt.internal.junit.runner.RemoteTestRunner.runTests(RemoteTestRunner.java:683)&#13;&#10;&#9;at org.eclipse.jdt.internal.junit.runner.RemoteTestRunner.run(RemoteTestRunner.java:390)&#13;&#10;&#9;at org.codecover.juniteclipse.runner.EclipseTestRunner.main(EclipseTestRunner.java:40)" Date="1589513093893" Name="DrawTest:testActionPerformed">
<CovList/>
<AssgnmntList/>
<ObjMetaDataList/>
<MetaDataList/>
</TestCase>
<TestCase Comment="" Date="1589513094073" Name="DrawTest:testSetYscaleDoubleDouble">
<CovList>
<CovPrefix CovItemPrefix="Draw.java">
<Cov CovItemId="B10" Value="2"/>
<Cov CovItemId="B17" Value="1"/>
<Cov CovItemId="B8" Value="2"/>
<Cov CovItemId="S111" Value="1"/>
<Cov CovItemId="S112" Value="1"/>
<Cov CovItemId="S113" Value="1"/>
<Cov CovItemId="S114" Value="1"/>
<Cov CovItemId="S115" Value="1"/>
<Cov CovItemId="S534" Value="1"/>
<Cov CovItemId="S535" Value="1"/>
<Cov CovItemId="S536" Value="1"/>
<Cov CovItemId="S537" Value="1"/>
<Cov CovItemId="S538" Value="1"/>
<Cov CovItemId="S539" Value="1"/>
<Cov CovItemId="S540" Value="1"/>
<Cov CovItemId="S541" Value="1"/>
<Cov CovItemId="S94" Value="2"/>
<Cov CovItemId="S96" Value="2"/>
</CovPrefix>
</CovList>
<AssgnmntList>
<AssgnmntPrefix RootTermCovItemPrefix="Draw.java">
<AssgnmntListEntry Length="1" RootTermCovItemId="C4">
<MapEntry BoolAssgnmnt="0" Value="2"/>
</AssgnmntListEntry>
<AssgnmntListEntry Length="1" RootTermCovItemId="C5">
<MapEntry BoolAssgnmnt="0" Value="2"/>
</AssgnmntListEntry>
<AssgnmntListEntry Length="1" RootTermCovItemId="C9">
<MapEntry BoolAssgnmnt="1" Value="1"/>
</AssgnmntListEntry>
</AssgnmntPrefix>
</AssgnmntList>
<ObjMetaDataList/>
<MetaDataList/>
</TestCase>
<TestCase Comment="Failure&#10;java.lang.AssertionError: Not yet implemented&#13;&#10;&#9;at org.junit.Assert.fail(Assert.java:88)&#13;&#10;&#9;at DrawTest.testClear(DrawTest.java:146)&#13;&#10;&#9;at sun.reflect.NativeMethodAccessorImpl.invoke0(Native Method)&#13;&#10;&#9;at sun.reflect.NativeMethodAccessorImpl.invoke(Unknown Source)&#13;&#10;&#9;at sun.reflect.DelegatingMethodAccessorImpl.invoke(Unknown Source)&#13;&#10;&#9;at java.lang.reflect.Method.invoke(Unknown Source)&#13;&#10;&#9;at org.junit.runners.model.FrameworkMethod$1.runReflectiveCall(FrameworkMethod.java:47)&#13;&#10;&#9;at org.junit.internal.runners.model.ReflectiveCallable.run(ReflectiveCallable.java:12)&#13;&#10;&#9;at org.junit.runners.model.FrameworkMethod.invokeExplosively(FrameworkMethod.java:44)&#13;&#10;&#9;at org.junit.internal.runners.statements.InvokeMethod.evaluate(InvokeMethod.java:17)&#13;&#10;&#9;at org.junit.runners.ParentRunner.runLeaf(ParentRunner.java:271)&#13;&#10;&#9;at org.junit.runners.BlockJUnit4ClassRunner.runChild(BlockJUnit4ClassRunner.java:70)&#13;&#10;&#9;at org.junit.runners.BlockJUnit4ClassRunner.runChild(BlockJUnit4ClassRunner.java:50)&#13;&#10;&#9;at org.junit.runners.ParentRunner$3.run(ParentRunner.java:238)&#13;&#10;&#9;at org.junit.runners.ParentRunner$1.schedule(ParentRunner.java:63)&#13;&#10;&#9;at org.junit.runners.ParentRunner.runChildren(ParentRunner.java:236)&#13;&#10;&#9;at org.junit.runners.ParentRunner.access$000(ParentRunner.java:53)&#13;&#10;&#9;at org.junit.runners.ParentRunner$2.evaluate(ParentRunner.java:229)&#13;&#10;&#9;at org.junit.runners.ParentRunner.run(ParentRunner.java:309)&#13;&#10;&#9;at org.eclipse.jdt.internal.junit4.runner.JUnit4TestReference.run(JUnit4TestReference.java:50)&#13;&#10;&#9;at org.eclipse.jdt.internal.junit.runner.TestExecution.run(TestExecution.java:38)&#13;&#10;&#9;at org.eclipse.jdt.internal.junit.runner.RemoteTestRunner.runTests(RemoteTestRunner.java:467)&#13;&#10;&#9;at org.eclipse.jdt.internal.junit.runner.RemoteTestRunner.runTests(RemoteTestRunner.java:683)&#13;&#10;&#9;at org.eclipse.jdt.internal.junit.runner.RemoteTestRunner.run(RemoteTestRunner.java:390)&#13;&#10;&#9;at org.codecover.juniteclipse.runner.EclipseTestRunner.main(EclipseTestRunner.java:40)" Date="1589513094208" Name="DrawTest:testClear">
<CovList/>
<AssgnmntList/>
<ObjMetaDataList/>
<MetaDataList/>
</TestCase>
<TestCase Comment="Failure&#10;java.lang.AssertionError: Not yet implemented&#13;&#10;&#9;at org.junit.Assert.fail(Assert.java:88)&#13;&#10;&#9;at DrawTest.testDraw1(DrawTest.java:351)&#13;&#10;&#9;at sun.reflect.NativeMethodAccessorImpl.invoke0(Native Method)&#13;&#10;&#9;at sun.reflect.NativeMethodAccessorImpl.invoke(Unknown Source)&#13;&#10;&#9;at sun.reflect.DelegatingMethodAccessorImpl.invoke(Unknown Source)&#13;&#10;&#9;at java.lang.reflect.Method.invoke(Unknown Source)&#13;&#10;&#9;at org.junit.runners.model.FrameworkMethod$1.runReflectiveCall(FrameworkMethod.java:47)&#13;&#10;&#9;at org.junit.internal.runners.model.ReflectiveCallable.run(ReflectiveCallable.java:12)&#13;&#10;&#9;at org.junit.runners.model.FrameworkMethod.invokeExplosively(FrameworkMethod.java:44)&#13;&#10;&#9;at org.junit.internal.runners.statements.InvokeMethod.evaluate(InvokeMethod.java:17)&#13;&#10;&#9;at org.junit.runners.ParentRunner.runLeaf(ParentRunner.java:271)&#13;&#10;&#9;at org.junit.runners.BlockJUnit4ClassRunner.runChild(BlockJUnit4ClassRunner.java:70)&#13;&#10;&#9;at org.junit.runners.BlockJUnit4ClassRunner.runChild(BlockJUnit4ClassRunner.java:50)&#13;&#10;&#9;at org.junit.runners.ParentRunner$3.run(ParentRunner.java:238)&#13;&#10;&#9;at org.junit.runners.ParentRunner$1.schedule(ParentRunner.java:63)&#13;&#10;&#9;at org.junit.runners.ParentRunner.runChildren(ParentRunner.java:236)&#13;&#10;&#9;at org.junit.runners.ParentRunner.access$000(ParentRunner.java:53)&#13;&#10;&#9;at org.junit.runners.ParentRunner$2.evaluate(ParentRunner.java:229)&#13;&#10;&#9;at org.junit.runners.ParentRunner.run(ParentRunner.java:309)&#13;&#10;&#9;at org.eclipse.jdt.internal.junit4.runner.JUnit4TestReference.run(JUnit4TestReference.java:50)&#13;&#10;&#9;at org.eclipse.jdt.internal.junit.runner.TestExecution.run(TestExecution.java:38)&#13;&#10;&#9;at org.eclipse.jdt.internal.junit.runner.RemoteTestRunner.runTests(RemoteTestRunner.java:467)&#13;&#10;&#9;at org.eclipse.jdt.internal.junit.runner.RemoteTestRunner.runTests(RemoteTestRunner.java:683)&#13;&#10;&#9;at org.eclipse.jdt.internal.junit.runner.RemoteTestRunner.run(RemoteTestRunner.java:390)&#13;&#10;&#9;at org.codecover.juniteclipse.runner.EclipseTestRunner.main(EclipseTestRunner.java:40)" Date="1589513094360" Name="DrawTest:testDraw1">
<CovList>
<CovPrefix CovItemPrefix="Draw.java">
<Cov CovItemId="S534" Value="1"/>
<Cov CovItemId="S535" Value="1"/>
<Cov CovItemId="S536" Value="1"/>
<Cov CovItemId="S537" Value="1"/>
<Cov CovItemId="S538" Value="1"/>
<Cov CovItemId="S539" Value="1"/>
<Cov CovItemId="S540" Value="1"/>
<Cov CovItemId="S541" Value="1"/>
</CovPrefix>
</CovList>
<AssgnmntList/>
<ObjMetaDataList/>
<MetaDataList/>
</TestCase>
<TestCase Comment="Failure&#10;java.lang.AssertionError: Not yet implemented&#13;&#10;&#9;at org.junit.Assert.fail(Assert.java:88)&#13;&#10;&#9;at DrawTest.testPause(DrawTest.java:341)&#13;&#10;&#9;at sun.reflect.NativeMethodAccessorImpl.invoke0(Native Method)&#13;&#10;&#9;at sun.reflect.NativeMethodAccessorImpl.invoke(Unknown Source)&#13;&#10;&#9;at sun.reflect.DelegatingMethodAccessorImpl.invoke(Unknown Source)&#13;&#10;&#9;at java.lang.reflect.Method.invoke(Unknown Source)&#13;&#10;&#9;at org.junit.runners.model.FrameworkMethod$1.runReflectiveCall(FrameworkMethod.java:47)&#13;&#10;&#9;at org.junit.internal.runners.model.ReflectiveCallable.run(ReflectiveCallable.java:12)&#13;&#10;&#9;at org.junit.runners.model.FrameworkMethod.invokeExplosively(FrameworkMethod.java:44)&#13;&#10;&#9;at org.junit.internal.runners.statements.InvokeMethod.evaluate(InvokeMethod.java:17)&#13;&#10;&#9;at org.junit.runners.ParentRunner.runLeaf(ParentRunner.java:271)&#13;&#10;&#9;at org.junit.runners.BlockJUnit4ClassRunner.runChild(BlockJUnit4ClassRunner.java:70)&#13;&#10;&#9;at org.junit.runners.BlockJUnit4ClassRunner.runChild(BlockJUnit4ClassRunner.java:50)&#13;&#10;&#9;at org.junit.runners.ParentRunner$3.run(ParentRunner.java:238)&#13;&#10;&#9;at org.junit.runners.ParentRunner$1.schedule(ParentRunner.java:63)&#13;&#10;&#9;at org.junit.runners.ParentRunner.runChildren(ParentRunner.java:236)&#13;&#10;&#9;at org.junit.runners.ParentRunner.access$000(ParentRunner.java:53)&#13;&#10;&#9;at org.junit.runners.ParentRunner$2.evaluate(ParentRunner.java:229)&#13;&#10;&#9;at org.junit.runners.ParentRunner.run(ParentRunner.java:309)&#13;&#10;&#9;at org.eclipse.jdt.internal.junit4.runner.JUnit4TestReference.run(JUnit4TestReference.java:50)&#13;&#10;&#9;at org.eclipse.jdt.internal.junit.runner.TestExecution.run(TestExecution.java:38)&#13;&#10;&#9;at org.eclipse.jdt.internal.junit.runner.RemoteTestRunner.runTests(RemoteTestRunner.java:467)&#13;&#10;&#9;at org.eclipse.jdt.internal.junit.runner.RemoteTestRunner.runTests(RemoteTestRunner.java:683)&#13;&#10;&#9;at org.eclipse.jdt.internal.junit.runner.RemoteTestRunner.run(RemoteTestRunner.java:390)&#13;&#10;&#9;at org.codecover.juniteclipse.runner.EclipseTestRunner.main(EclipseTestRunner.java:40)" Date="1589513094493" Name="DrawTest:testPause">
<CovList/>
<AssgnmntList/>
<ObjMetaDataList/>
<MetaDataList/>
</TestCase>
<TestCase Comment="" Date="1589513094601" Name="DrawTest:testPixel">
<CovList>
<CovPrefix CovItemPrefix="Draw.java">
<Cov CovItemId="B10" Value="4"/>
<Cov CovItemId="B8" Value="4"/>
<Cov CovItemId="B81" Value="1"/>
<Cov CovItemId="S118" Value="2"/>
<Cov CovItemId="S119" Value="2"/>
<Cov CovItemId="S156" Value="1"/>
<Cov CovItemId="S157" Value="1"/>
<Cov CovItemId="S158" Value="1"/>
<Cov CovItemId="S159" Value="1"/>
<Cov CovItemId="S160" Value="1"/>
<Cov CovItemId="S161" Value="1"/>
<Cov CovItemId="S464" Value="1"/>
<Cov CovItemId="S465" Value="1"/>
<Cov CovItemId="S466" Value="1"/>
<Cov CovItemId="S467" Value="1"/>
<Cov CovItemId="S534" Value="1"/>
<Cov CovItemId="S535" Value="1"/>
<Cov CovItemId="S536" Value="1"/>
<Cov CovItemId="S537" Value="1"/>
<Cov CovItemId="S538" Value="1"/>
<Cov CovItemId="S539" Value="1"/>
<Cov CovItemId="S540" Value="1"/>
<Cov CovItemId="S541" Value="1"/>
<Cov CovItemId="S94" Value="4"/>
<Cov CovItemId="S96" Value="4"/>
</CovPrefix>
</CovList>
<AssgnmntList>
<AssgnmntPrefix RootTermCovItemPrefix="Draw.java">
<AssgnmntListEntry Length="1" RootTermCovItemId="C4">
<MapEntry BoolAssgnmnt="0" Value="4"/>
</AssgnmntListEntry>
<AssgnmntListEntry Length="1" RootTermCovItemId="C46">
<MapEntry BoolAssgnmnt="0" Value="1"/>
</AssgnmntListEntry>
<AssgnmntListEntry Length="1" RootTermCovItemId="C5">
<MapEntry BoolAssgnmnt="0" Value="4"/>
</AssgnmntListEntry>
</AssgnmntPrefix>
</AssgnmntList>
<ObjMetaDataList/>
<MetaDataList/>
</TestCase>
<TestCase Comment="Failure&#10;java.lang.AssertionError: Not yet implemented&#13;&#10;&#9;at org.junit.Assert.fail(Assert.java:88)&#13;&#10;&#9;at DrawTest.testPoint(DrawTest.java:231)&#13;&#10;&#9;at sun.reflect.NativeMethodAccessorImpl.invoke0(Native Method)&#13;&#10;&#9;at sun.reflect.NativeMethodAccessorImpl.invoke(Unknown Source)&#13;&#10;&#9;at sun.reflect.DelegatingMethodAccessorImpl.invoke(Unknown Source)&#13;&#10;&#9;at java.lang.reflect.Method.invoke(Unknown Source)&#13;&#10;&#9;at org.junit.runners.model.FrameworkMethod$1.runReflectiveCall(FrameworkMethod.java:47)&#13;&#10;&#9;at org.junit.internal.runners.model.ReflectiveCallable.run(ReflectiveCallable.java:12)&#13;&#10;&#9;at org.junit.runners.model.FrameworkMethod.invokeExplosively(FrameworkMethod.java:44)&#13;&#10;&#9;at org.junit.internal.runners.statements.InvokeMethod.evaluate(InvokeMethod.java:17)&#13;&#10;&#9;at org.junit.runners.ParentRunner.runLeaf(ParentRunner.java:271)&#13;&#10;&#9;at org.junit.runners.BlockJUnit4ClassRunner.runChild(BlockJUnit4ClassRunner.java:70)&#13;&#10;&#9;at org.junit.runners.BlockJUnit4ClassRunner.runChild(BlockJUnit4ClassRunner.java:50)&#13;&#10;&#9;at org.junit.runners.ParentRunner$3.run(ParentRunner.java:238)&#13;&#10;&#9;at org.junit.runners.ParentRunner$1.schedule(ParentRunner.java:63)&#13;&#10;&#9;at org.junit.runners.ParentRunner.runChildren(ParentRunner.java:236)&#13;&#10;&#9;at org.junit.runners.ParentRunner.access$000(ParentRunner.java:53)&#13;&#10;&#9;at org.junit.runners.ParentRunner$2.evaluate(ParentRunner.java:229)&#13;&#10;&#9;at org.junit.runners.ParentRunner.run(ParentRunner.java:309)&#13;&#10;&#9;at org.eclipse.jdt.internal.junit4.runner.JUnit4TestReference.run(JUnit4TestReference.java:50)&#13;&#10;&#9;at org.eclipse.jdt.internal.junit.runner.TestExecution.run(TestExecution.java:38)&#13;&#10;&#9;at org.eclipse.jdt.internal.junit.runner.RemoteTestRunner.runTests(RemoteTestRunner.java:467)&#13;&#10;&#9;at org.eclipse.jdt.internal.junit.runner.RemoteTestRunner.runTests(RemoteTestRunner.java:683)&#13;&#10;&#9;at org.eclipse.jdt.internal.junit.runner.RemoteTestRunner.run(RemoteTestRunner.java:390)&#13;&#10;&#9;at org.codecover.juniteclipse.runner.EclipseTestRunner.main(EclipseTestRunner.java:40)" Date="1589513094773" Name="DrawTest:testPoint">
<CovList/>
<AssgnmntList/>
<ObjMetaDataList/>
<MetaDataList/>
</TestCase>
<TestCase Comment="Failure&#10;java.lang.AssertionError: Not yet implemented&#13;&#10;&#9;at org.junit.Assert.fail(Assert.java:88)&#13;&#10;&#9;at DrawTest.testUserX(DrawTest.java:136)&#13;&#10;&#9;at sun.reflect.NativeMethodAccessorImpl.invoke0(Native Method)&#13;&#10;&#9;at sun.reflect.NativeMethodAccessorImpl.invoke(Unknown Source)&#13;&#10;&#9;at sun.reflect.DelegatingMethodAccessorImpl.invoke(Unknown Source)&#13;&#10;&#9;at java.lang.reflect.Method.invoke(Unknown Source)&#13;&#10;&#9;at org.junit.runners.model.FrameworkMethod$1.runReflectiveCall(FrameworkMethod.java:47)&#13;&#10;&#9;at org.junit.internal.runners.model.ReflectiveCallable.run(ReflectiveCallable.java:12)&#13;&#10;&#9;at org.junit.runners.model.FrameworkMethod.invokeExplosively(FrameworkMethod.java:44)&#13;&#10;&#9;at org.junit.internal.runners.statements.InvokeMethod.evaluate(InvokeMethod.java:17)&#13;&#10;&#9;at org.junit.runners.ParentRunner.runLeaf(ParentRunner.java:271)&#13;&#10;&#9;at org.junit.runners.BlockJUnit4ClassRunner.runChild(BlockJUnit4ClassRunner.java:70)&#13;&#10;&#9;at org.junit.runners.BlockJUnit4ClassRunner.runChild(BlockJUnit4ClassRunner.java:50)&#13;&#10;&#9;at org.junit.runners.ParentRunner$3.run(ParentRunner.java:238)&#13;&#10;&#9;at org.junit.runners.ParentRunner$1.schedule(ParentRunner.java:63)&#13;&#10;&#9;at org.junit.runners.ParentRunner.runChildren(ParentRunner.java:236)&#13;&#10;&#9;at org.junit.runners.ParentRunner.access$000(ParentRunner.java:53)&#13;&#10;&#9;at org.junit.runners.ParentRunner$2.evaluate(ParentRunner.java:229)&#13;&#10;&#9;at org.junit.runners.ParentRunner.run(ParentRunner.java:309)&#13;&#10;&#9;at org.eclipse.jdt.internal.junit4.runner.JUnit4TestReference.run(JUnit4TestReference.java:50)&#13;&#10;&#9;at org.eclipse.jdt.internal.junit.runner.TestExecution.run(TestExecution.java:38)&#13;&#10;&#9;at org.eclipse.jdt.internal.junit.runner.RemoteTestRunner.runTests(RemoteTestRunner.java:467)&#13;&#10;&#9;at org.eclipse.jdt.internal.junit.runner.RemoteTestRunner.runTests(RemoteTestRunner.java:683)&#13;&#10;&#9;at org.eclipse.jdt.internal.junit.runner.RemoteTestRunner.run(RemoteTestRunner.java:390)&#13;&#10;&#9;at org.codecover.juniteclipse.runner.EclipseTestRunner.main(EclipseTestRunner.java:40)" Date="1589513094873" Name="DrawTest:testUserX">
<CovList/>
<AssgnmntList/>
<ObjMetaDataList/>
<MetaDataList/>
</TestCase>
<TestCase Comment="Failure&#10;java.lang.AssertionError: Not yet implemented&#13;&#10;&#9;at org.junit.Assert.fail(Assert.java:88)&#13;&#10;&#9;at DrawTest.testUserY(DrawTest.java:141)&#13;&#10;&#9;at sun.reflect.NativeMethodAccessorImpl.invoke0(Native Method)&#13;&#10;&#9;at sun.reflect.NativeMethodAccessorImpl.invoke(Unknown Source)&#13;&#10;&#9;at sun.reflect.DelegatingMethodAccessorImpl.invoke(Unknown Source)&#13;&#10;&#9;at java.lang.reflect.Method.invoke(Unknown Source)&#13;&#10;&#9;at org.junit.runners.model.FrameworkMethod$1.runReflectiveCall(FrameworkMethod.java:47)&#13;&#10;&#9;at org.junit.internal.runners.model.ReflectiveCallable.run(ReflectiveCallable.java:12)&#13;&#10;&#9;at org.junit.runners.model.FrameworkMethod.invokeExplosively(FrameworkMethod.java:44)&#13;&#10;&#9;at org.junit.internal.runners.statements.InvokeMethod.evaluate(InvokeMethod.java:17)&#13;&#10;&#9;at org.junit.runners.ParentRunner.runLeaf(ParentRunner.java:271)&#13;&#10;&#9;at org.junit.runners.BlockJUnit4ClassRunner.runChild(BlockJUnit4ClassRunner.java:70)&#13;&#10;&#9;at org.junit.runners.BlockJUnit4ClassRunner.runChild(BlockJUnit4ClassRunner.java:50)&#13;&#10;&#9;at org.junit.runners.ParentRunner$3.run(ParentRunner.java:238)&#13;&#10;&#9;at org.junit.runners.ParentRunner$1.schedule(ParentRunner.java:63)&#13;&#10;&#9;at org.junit.runners.ParentRunner.runChildren(ParentRunner.java:236)&#13;&#10;&#9;at org.junit.runners.ParentRunner.access$000(ParentRunner.java:53)&#13;&#10;&#9;at org.junit.runners.ParentRunner$2.evaluate(ParentRunner.java:229)&#13;&#10;&#9;at org.junit.runners.ParentRunner.run(ParentRunner.java:309)&#13;&#10;&#9;at org.eclipse.jdt.internal.junit4.runner.JUnit4TestReference.run(JUnit4TestReference.java:50)&#13;&#10;&#9;at org.eclipse.jdt.internal.junit.runner.TestExecution.run(TestExecution.java:38)&#13;&#10;&#9;at org.eclipse.jdt.internal.junit.runner.RemoteTestRunner.runTests(RemoteTestRunner.java:467)&#13;&#10;&#9;at org.eclipse.jdt.internal.junit.runner.RemoteTestRunner.runTests(RemoteTestRunner.java:683)&#13;&#10;&#9;at org.eclipse.jdt.internal.junit.runner.RemoteTestRunner.run(RemoteTestRunner.java:390)&#13;&#10;&#9;at org.codecover.juniteclipse.runner.EclipseTestRunner.main(EclipseTestRunner.java:40)" Date="1589513095107" Name="DrawTest:testUserY">
<CovList/>
<AssgnmntList/>
<ObjMetaDataList/>
<MetaDataList/>
</TestCase>
<TestCase Comment="Failure&#10;java.lang.AssertionError: Not yet implemented&#13;&#10;&#9;at org.junit.Assert.fail(Assert.java:88)&#13;&#10;&#9;at DrawTest.testXorOn(DrawTest.java:191)&#13;&#10;&#9;at sun.reflect.NativeMethodAccessorImpl.invoke0(Native Method)&#13;&#10;&#9;at sun.reflect.NativeMethodAccessorImpl.invoke(Unknown Source)&#13;&#10;&#9;at sun.reflect.DelegatingMethodAccessorImpl.invoke(Unknown Source)&#13;&#10;&#9;at java.lang.reflect.Method.invoke(Unknown Source)&#13;&#10;&#9;at org.junit.runners.model.FrameworkMethod$1.runReflectiveCall(FrameworkMethod.java:47)&#13;&#10;&#9;at org.junit.internal.runners.model.ReflectiveCallable.run(ReflectiveCallable.java:12)&#13;&#10;&#9;at org.junit.runners.model.FrameworkMethod.invokeExplosively(FrameworkMethod.java:44)&#13;&#10;&#9;at org.junit.internal.runners.statements.InvokeMethod.evaluate(InvokeMethod.java:17)&#13;&#10;&#9;at org.junit.runners.ParentRunner.runLeaf(ParentRunner.java:271)&#13;&#10;&#9;at org.junit.runners.BlockJUnit4ClassRunner.runChild(BlockJUnit4ClassRunner.java:70)&#13;&#10;&#9;at org.junit.runners.BlockJUnit4ClassRunner.runChild(BlockJUnit4ClassRunner.java:50)&#13;&#10;&#9;at org.junit.runners.ParentRunner$3.run(ParentRunner.java:238)&#13;&#10;&#9;at org.junit.runners.ParentRunner$1.schedule(ParentRunner.java:63)&#13;&#10;&#9;at org.junit.runners.ParentRunner.runChildren(ParentRunner.java:236)&#13;&#10;&#9;at org.junit.runners.ParentRunner.access$000(ParentRunner.java:53)&#13;&#10;&#9;at org.junit.runners.ParentRunner$2.evaluate(ParentRunner.java:229)&#13;&#10;&#9;at org.junit.runners.ParentRunner.run(ParentRunner.java:309)&#13;&#10;&#9;at org.eclipse.jdt.internal.junit4.runner.JUnit4TestReference.run(JUnit4TestReference.java:50)&#13;&#10;&#9;at org.eclipse.jdt.internal.junit.runner.TestExecution.run(TestExecution.java:38)&#13;&#10;&#9;at org.eclipse.jdt.internal.junit.runner.RemoteTestRunner.runTests(RemoteTestRunner.java:467)&#13;&#10;&#9;at org.eclipse.jdt.internal.junit.runner.RemoteTestRunner.runTests(RemoteTestRunner.java:683)&#13;&#10;&#9;at org.eclipse.jdt.internal.junit.runner.RemoteTestRunner.run(RemoteTestRunner.java:390)&#13;&#10;&#9;at org.codecover.juniteclipse.runner.EclipseTestRunner.main(EclipseTestRunner.java:40)" Date="1589513095188" Name="DrawTest:testXorOn">
<CovList/>
<AssgnmntList/>
<ObjMetaDataList/>
<MetaDataList/>
</TestCase>
<TestCase Comment="Failure&#10;java.lang.AssertionError: Not yet implemented&#13;&#10;&#9;at org.junit.Assert.fail(Assert.java:88)&#13;&#10;&#9;at DrawTest.testDraw(DrawTest.java:33)&#13;&#10;&#9;at sun.reflect.NativeMethodAccessorImpl.invoke0(Native Method)&#13;&#10;&#9;at sun.reflect.NativeMethodAccessorImpl.invoke(Unknown Source)&#13;&#10;&#9;at sun.reflect.DelegatingMethodAccessorImpl.invoke(Unknown Source)&#13;&#10;&#9;at java.lang.reflect.Method.invoke(Unknown Source)&#13;&#10;&#9;at org.junit.runners.model.FrameworkMethod$1.runReflectiveCall(FrameworkMethod.java:47)&#13;&#10;&#9;at org.junit.internal.runners.model.ReflectiveCallable.run(ReflectiveCallable.java:12)&#13;&#10;&#9;at org.junit.runners.model.FrameworkMethod.invokeExplosively(FrameworkMethod.java:44)&#13;&#10;&#9;at org.junit.internal.runners.statements.InvokeMethod.evaluate(InvokeMethod.java:17)&#13;&#10;&#9;at org.junit.runners.ParentRunner.runLeaf(ParentRunner.java:271)&#13;&#10;&#9;at org.junit.runners.BlockJUnit4ClassRunner.runChild(BlockJUnit4ClassRunner.java:70)&#13;&#10;&#9;at org.junit.runners.BlockJUnit4ClassRunner.runChild(BlockJUnit4ClassRunner.java:50)&#13;&#10;&#9;at org.junit.runners.ParentRunner$3.run(ParentRunner.java:238)&#13;&#10;&#9;at org.junit.runners.ParentRunner$1.schedule(ParentRunner.java:63)&#13;&#10;&#9;at org.junit.runners.ParentRunner.runChildren(ParentRunner.java:236)&#13;&#10;&#9;at org.junit.runners.ParentRunner.access$000(ParentRunner.java:53)&#13;&#10;&#9;at org.junit.runners.ParentRunner$2.evaluate(ParentRunner.java:229)&#13;&#10;&#9;at org.junit.runners.ParentRunner.run(ParentRunner.java:309)&#13;&#10;&#9;at org.eclipse.jdt.internal.junit4.runner.JUnit4TestReference.run(JUnit4TestReference.java:50)&#13;&#10;&#9;at org.eclipse.jdt.internal.junit.runner.TestExecution.run(TestExecution.java:38)&#13;&#10;&#9;at org.eclipse.jdt.internal.junit.runner.RemoteTestRunner.runTests(RemoteTestRunner.java:467)&#13;&#10;&#9;at org.eclipse.jdt.internal.junit.runner.RemoteTestRunner.runTests(RemoteTestRunner.java:683)&#13;&#10;&#9;at org.eclipse.jdt.internal.junit.runner.RemoteTestRunner.run(RemoteTestRunner.java:390)&#13;&#10;&#9;at org.codecover.juniteclipse.runner.EclipseTestRunner.main(EclipseTestRunner.java:40)" Date="1589513095278" Name="DrawTest:testDraw">
<CovList/>
<AssgnmntList/>
<ObjMetaDataList/>
<MetaDataList/>
</TestCase>
<TestCase Comment="Failure&#10;java.lang.AssertionError: Not yet implemented&#13;&#10;&#9;at org.junit.Assert.fail(Assert.java:88)&#13;&#10;&#9;at DrawTest.testInit(DrawTest.java:38)&#13;&#10;&#9;at sun.reflect.NativeMethodAccessorImpl.invoke0(Native Method)&#13;&#10;&#9;at sun.reflect.NativeMethodAccessorImpl.invoke(Unknown Source)&#13;&#10;&#9;at sun.reflect.DelegatingMethodAccessorImpl.invoke(Unknown Source)&#13;&#10;&#9;at java.lang.reflect.Method.invoke(Unknown Source)&#13;&#10;&#9;at org.junit.runners.model.FrameworkMethod$1.runReflectiveCall(FrameworkMethod.java:47)&#13;&#10;&#9;at org.junit.internal.runners.model.ReflectiveCallable.run(ReflectiveCallable.java:12)&#13;&#10;&#9;at org.junit.runners.model.FrameworkMethod.invokeExplosively(FrameworkMethod.java:44)&#13;&#10;&#9;at org.junit.internal.runners.statements.InvokeMethod.evaluate(InvokeMethod.java:17)&#13;&#10;&#9;at org.junit.runners.ParentRunner.runLeaf(ParentRunner.java:271)&#13;&#10;&#9;at org.junit.runners.BlockJUnit4ClassRunner.runChild(BlockJUnit4ClassRunner.java:70)&#13;&#10;&#9;at org.junit.runners.BlockJUnit4ClassRunner.runChild(BlockJUnit4ClassRunner.java:50)&#13;&#10;&#9;at org.junit.runners.ParentRunner$3.run(ParentRunner.java:238)&#13;&#10;&#9;at org.junit.runners.ParentRunner$1.schedule(ParentRunner.java:63)&#13;&#10;&#9;at org.junit.runners.ParentRunner.runChildren(ParentRunner.java:236)&#13;&#10;&#9;at org.junit.runners.ParentRunner.access$000(ParentRunner.java:53)&#13;&#10;&#9;at org.junit.runners.ParentRunner$2.evaluate(ParentRunner.java:229)&#13;&#10;&#9;at org.junit.runners.ParentRunner.run(ParentRunner.java:309)&#13;&#10;&#9;at org.eclipse.jdt.internal.junit4.runner.JUnit4TestReference.run(JUnit4TestReference.java:50)&#13;&#10;&#9;at org.eclipse.jdt.internal.junit.runner.TestExecution.run(TestExecution.java:38)&#13;&#10;&#9;at org.eclipse.jdt.internal.junit.runner.RemoteTestRunner.runTests(RemoteTestRunner.java:467)&#13;&#10;&#9;at org.eclipse.jdt.internal.junit.runner.RemoteTestRunner.runTests(RemoteTestRunner.java:683)&#13;&#10;&#9;at org.eclipse.jdt.internal.junit.runner.RemoteTestRunner.run(RemoteTestRunner.java:390)&#13;&#10;&#9;at org.codecover.juniteclipse.runner.EclipseTestRunner.main(EclipseTestRunner.java:40)" Date="1589513095393" Name="DrawTest:testInit">
<CovList/>
<AssgnmntList/>
<ObjMetaDataList/>
<MetaDataList/>
</TestCase>
<TestCase Comment="Failure&#10;java.lang.AssertionError: Not yet implemented&#13;&#10;&#9;at org.junit.Assert.fail(Assert.java:88)&#13;&#10;&#9;at DrawTest.testLine(DrawTest.java:221)&#13;&#10;&#9;at sun.reflect.NativeMethodAccessorImpl.invoke0(Native Method)&#13;&#10;&#9;at sun.reflect.NativeMethodAccessorImpl.invoke(Unknown Source)&#13;&#10;&#9;at sun.reflect.DelegatingMethodAccessorImpl.invoke(Unknown Source)&#13;&#10;&#9;at java.lang.reflect.Method.invoke(Unknown Source)&#13;&#10;&#9;at org.junit.runners.model.FrameworkMethod$1.runReflectiveCall(FrameworkMethod.java:47)&#13;&#10;&#9;at org.junit.internal.runners.model.ReflectiveCallable.run(ReflectiveCallable.java:12)&#13;&#10;&#9;at org.junit.runners.model.FrameworkMethod.invokeExplosively(FrameworkMethod.java:44)&#13;&#10;&#9;at org.junit.internal.runners.statements.InvokeMethod.evaluate(InvokeMethod.java:17)&#13;&#10;&#9;at org.junit.runners.ParentRunner.runLeaf(ParentRunner.java:271)&#13;&#10;&#9;at org.junit.runners.BlockJUnit4ClassRunner.runChild(BlockJUnit4ClassRunner.java:70)&#13;&#10;&#9;at org.junit.runners.BlockJUnit4ClassRunner.runChild(BlockJUnit4ClassRunner.java:50)&#13;&#10;&#9;at org.junit.runners.ParentRunner$3.run(ParentRunner.java:238)&#13;&#10;&#9;at org.junit.runners.ParentRunner$1.schedule(ParentRunner.java:63)&#13;&#10;&#9;at org.junit.runners.ParentRunner.runChildren(ParentRunner.java:236)&#13;&#10;&#9;at org.junit.runners.ParentRunner.access$000(ParentRunner.java:53)&#13;&#10;&#9;at org.junit.runners.ParentRunner$2.evaluate(ParentRunner.java:229)&#13;&#10;&#9;at org.junit.runners.ParentRunner.run(ParentRunner.java:309)&#13;&#10;&#9;at org.eclipse.jdt.internal.junit4.runner.JUnit4TestReference.run(JUnit4TestReference.java:50)&#13;&#10;&#9;at org.eclipse.jdt.internal.junit.runner.TestExecution.run(TestExecution.java:38)&#13;&#10;&#9;at org.eclipse.jdt.internal.junit.runner.RemoteTestRunner.runTests(RemoteTestRunner.java:467)&#13;&#10;&#9;at org.eclipse.jdt.internal.junit.runner.RemoteTestRunner.runTests(RemoteTestRunner.java:683)&#13;&#10;&#9;at org.eclipse.jdt.internal.junit.runner.RemoteTestRunner.run(RemoteTestRunner.java:390)&#13;&#10;&#9;at org.codecover.juniteclipse.runner.EclipseTestRunner.main(EclipseTestRunner.java:40)" Date="1589513095505" Name="DrawTest:testLine">
<CovList/>
<AssgnmntList/>
<ObjMetaDataList/>
<MetaDataList/>
</TestCase>
<TestCase Comment="Failure&#10;java.lang.AssertionError: Not yet implemented&#13;&#10;&#9;at org.junit.Assert.fail(Assert.java:88)&#13;&#10;&#9;at DrawTest.testMain(DrawTest.java:466)&#13;&#10;&#9;at sun.reflect.NativeMethodAccessorImpl.invoke0(Native Method)&#13;&#10;&#9;at sun.reflect.NativeMethodAccessorImpl.invoke(Unknown Source)&#13;&#10;&#9;at sun.reflect.DelegatingMethodAccessorImpl.invoke(Unknown Source)&#13;&#10;&#9;at java.lang.reflect.Method.invoke(Unknown Source)&#13;&#10;&#9;at org.junit.runners.model.FrameworkMethod$1.runReflectiveCall(FrameworkMethod.java:47)&#13;&#10;&#9;at org.junit.internal.runners.model.ReflectiveCallable.run(ReflectiveCallable.java:12)&#13;&#10;&#9;at org.junit.runners.model.FrameworkMethod.invokeExplosively(FrameworkMethod.java:44)&#13;&#10;&#9;at org.junit.internal.runners.statements.InvokeMethod.evaluate(InvokeMethod.java:17)&#13;&#10;&#9;at org.junit.runners.ParentRunner.runLeaf(ParentRunner.java:271)&#13;&#10;&#9;at org.junit.runners.BlockJUnit4ClassRunner.runChild(BlockJUnit4ClassRunner.java:70)&#13;&#10;&#9;at org.junit.runners.BlockJUnit4ClassRunner.runChild(BlockJUnit4ClassRunner.java:50)&#13;&#10;&#9;at org.junit.runners.ParentRunner$3.run(ParentRunner.java:238)&#13;&#10;&#9;at org.junit.runners.ParentRunner$1.schedule(ParentRunner.java:63)&#13;&#10;&#9;at org.junit.runners.ParentRunner.runChildren(ParentRunner.java:236)&#13;&#10;&#9;at org.junit.runners.ParentRunner.access$000(ParentRunner.java:53)&#13;&#10;&#9;at org.junit.runners.ParentRunner$2.evaluate(ParentRunner.java:229)&#13;&#10;&#9;at org.junit.runners.ParentRunner.run(ParentRunner.java:309)&#13;&#10;&#9;at org.eclipse.jdt.internal.junit4.runner.JUnit4TestReference.run(JUnit4TestReference.java:50)&#13;&#10;&#9;at org.eclipse.jdt.internal.junit.runner.TestExecution.run(TestExecution.java:38)&#13;&#10;&#9;at org.eclipse.jdt.internal.junit.runner.RemoteTestRunner.runTests(RemoteTestRunner.java:467)&#13;&#10;&#9;at org.eclipse.jdt.internal.junit.runner.RemoteTestRunner.runTests(RemoteTestRunner.java:683)&#13;&#10;&#9;at org.eclipse.jdt.internal.junit.runner.RemoteTestRunner.run(RemoteTestRunner.java:390)&#13;&#10;&#9;at org.codecover.juniteclipse.runner.EclipseTestRunner.main(EclipseTestRunner.java:40)" Date="1589513095597" Name="DrawTest:testMain">
<CovList/>
<AssgnmntList/>
<ObjMetaDataList/>
<MetaDataList/>
</TestCase>
<TestCase Comment="Failure&#10;java.lang.AssertionError: Not yet implemented&#13;&#10;&#9;at org.junit.Assert.fail(Assert.java:88)&#13;&#10;&#9;at DrawTest.testSave(DrawTest.java:366)&#13;&#10;&#9;at sun.reflect.NativeMethodAccessorImpl.invoke0(Native Method)&#13;&#10;&#9;at sun.reflect.NativeMethodAccessorImpl.invoke(Unknown Source)&#13;&#10;&#9;at sun.reflect.DelegatingMethodAccessorImpl.invoke(Unknown Source)&#13;&#10;&#9;at java.lang.reflect.Method.invoke(Unknown Source)&#13;&#10;&#9;at org.junit.runners.model.FrameworkMethod$1.runReflectiveCall(FrameworkMethod.java:47)&#13;&#10;&#9;at org.junit.internal.runners.model.ReflectiveCallable.run(ReflectiveCallable.java:12)&#13;&#10;&#9;at org.junit.runners.model.FrameworkMethod.invokeExplosively(FrameworkMethod.java:44)&#13;&#10;&#9;at org.junit.internal.runners.statements.InvokeMethod.evaluate(InvokeMethod.java:17)&#13;&#10;&#9;at org.junit.runners.ParentRunner.runLeaf(ParentRunner.java:271)&#13;&#10;&#9;at org.junit.runners.BlockJUnit4ClassRunner.runChild(BlockJUnit4ClassRunner.java:70)&#13;&#10;&#9;at org.junit.runners.BlockJUnit4ClassRunner.runChild(BlockJUnit4ClassRunner.java:50)&#13;&#10;&#9;at org.junit.runners.ParentRunner$3.run(ParentRunner.java:238)&#13;&#10;&#9;at org.junit.runners.ParentRunner$1.schedule(ParentRunner.java:63)&#13;&#10;&#9;at org.junit.runners.ParentRunner.runChildren(ParentRunner.java:236)&#13;&#10;&#9;at org.junit.runners.ParentRunner.access$000(ParentRunner.java:53)&#13;&#10;&#9;at org.junit.runners.ParentRunner$2.evaluate(ParentRunner.java:229)&#13;&#10;&#9;at org.junit.runners.ParentRunner.run(ParentRunner.java:309)&#13;&#10;&#9;at org.eclipse.jdt.internal.junit4.runner.JUnit4TestReference.run(JUnit4TestReference.java:50)&#13;&#10;&#9;at org.eclipse.jdt.internal.junit.runner.TestExecution.run(TestExecution.java:38)&#13;&#10;&#9;at org.eclipse.jdt.internal.junit.runner.RemoteTestRunner.runTests(RemoteTestRunner.java:467)&#13;&#10;&#9;at org.eclipse.jdt.internal.junit.runner.RemoteTestRunner.runTests(RemoteTestRunner.java:683)&#13;&#10;&#9;at org.eclipse.jdt.internal.junit.runner.RemoteTestRunner.run(RemoteTestRunner.java:390)&#13;&#10;&#9;at org.codecover.juniteclipse.runner.EclipseTestRunner.main(EclipseTestRunner.java:40)" Date="1589513095722" Name="DrawTest:testSave">
<CovList/>
<AssgnmntList/>
<ObjMetaDataList/>
<MetaDataList/>
</TestCase>
<TestCase Comment="Failure&#10;java.lang.AssertionError: Not yet implemented&#13;&#10;&#9;at org.junit.Assert.fail(Assert.java:88)&#13;&#10;&#9;at DrawTest.testShow(DrawTest.java:346)&#13;&#10;&#9;at sun.reflect.NativeMethodAccessorImpl.invoke0(Native Method)&#13;&#10;&#9;at sun.reflect.NativeMethodAccessorImpl.invoke(Unknown Source)&#13;&#10;&#9;at sun.reflect.DelegatingMethodAccessorImpl.invoke(Unknown Source)&#13;&#10;&#9;at java.lang.reflect.Method.invoke(Unknown Source)&#13;&#10;&#9;at org.junit.runners.model.FrameworkMethod$1.runReflectiveCall(FrameworkMethod.java:47)&#13;&#10;&#9;at org.junit.internal.runners.model.ReflectiveCallable.run(ReflectiveCallable.java:12)&#13;&#10;&#9;at org.junit.runners.model.FrameworkMethod.invokeExplosively(FrameworkMethod.java:44)&#13;&#10;&#9;at org.junit.internal.runners.statements.InvokeMethod.evaluate(InvokeMethod.java:17)&#13;&#10;&#9;at org.junit.runners.ParentRunner.runLeaf(ParentRunner.java:271)&#13;&#10;&#9;at org.junit.runners.BlockJUnit4ClassRunner.runChild(BlockJUnit4ClassRunner.java:70)&#13;&#10;&#9;at org.junit.runners.BlockJUnit4ClassRunner.runChild(BlockJUnit4ClassRunner.java:50)&#13;&#10;&#9;at org.junit.runners.ParentRunner$3.run(ParentRunner.java:238)&#13;&#10;&#9;at org.junit.runners.ParentRunner$1.schedule(ParentRunner.java:63)&#13;&#10;&#9;at org.junit.runners.ParentRunner.runChildren(ParentRunner.java:236)&#13;&#10;&#9;at org.junit.runners.ParentRunner.access$000(ParentRunner.java:53)&#13;&#10;&#9;at org.junit.runners.ParentRunner$2.evaluate(ParentRunner.java:229)&#13;&#10;&#9;at org.junit.runners.ParentRunner.run(ParentRunner.java:309)&#13;&#10;&#9;at org.eclipse.jdt.internal.junit4.runner.JUnit4TestReference.run(JUnit4TestReference.java:50)&#13;&#10;&#9;at org.eclipse.jdt.internal.junit.runner.TestExecution.run(TestExecution.java:38)&#13;&#10;&#9;at org.eclipse.jdt.internal.junit.runner.RemoteTestRunner.runTests(RemoteTestRunner.java:467)&#13;&#10;&#9;at org.eclipse.jdt.internal.junit.runner.RemoteTestRunner.runTests(RemoteTestRunner.java:683)&#13;&#10;&#9;at org.eclipse.jdt.internal.junit.runner.RemoteTestRunner.run(RemoteTestRunner.java:390)&#13;&#10;&#9;at org.codecover.juniteclipse.runner.EclipseTestRunner.main(EclipseTestRunner.java:40)" Date="1589513095825" Name="DrawTest:testShow">
<CovList/>
<AssgnmntList/>
<ObjMetaDataList/>
<MetaDataList/>
</TestCase>
<TestCase Comment="Failure&#10;java.lang.AssertionError: Not yet implemented&#13;&#10;&#9;at org.junit.Assert.fail(Assert.java:88)&#13;&#10;&#9;at DrawTest.testSetPenRadius(DrawTest.java:161)&#13;&#10;&#9;at sun.reflect.NativeMethodAccessorImpl.invoke0(Native Method)&#13;&#10;&#9;at sun.reflect.NativeMethodAccessorImpl.invoke(Unknown Source)&#13;&#10;&#9;at sun.reflect.DelegatingMethodAccessorImpl.invoke(Unknown Source)&#13;&#10;&#9;at java.lang.reflect.Method.invoke(Unknown Source)&#13;&#10;&#9;at org.junit.runners.model.FrameworkMethod$1.runReflectiveCall(FrameworkMethod.java:47)&#13;&#10;&#9;at org.junit.internal.runners.model.ReflectiveCallable.run(ReflectiveCallable.java:12)&#13;&#10;&#9;at org.junit.runners.model.FrameworkMethod.invokeExplosively(FrameworkMethod.java:44)&#13;&#10;&#9;at org.junit.internal.runners.statements.InvokeMethod.evaluate(InvokeMethod.java:17)&#13;&#10;&#9;at org.junit.runners.ParentRunner.runLeaf(ParentRunner.java:271)&#13;&#10;&#9;at org.junit.runners.BlockJUnit4ClassRunner.runChild(BlockJUnit4ClassRunner.java:70)&#13;&#10;&#9;at org.junit.runners.BlockJUnit4ClassRunner.runChild(BlockJUnit4ClassRunner.java:50)&#13;&#10;&#9;at org.junit.runners.ParentRunner$3.run(ParentRunner.java:238)&#13;&#10;&#9;at org.junit.runners.ParentRunner$1.schedule(ParentRunner.java:63)&#13;&#10;&#9;at org.junit.runners.ParentRunner.runChildren(ParentRunner.java:236)&#13;&#10;&#9;at org.junit.runners.ParentRunner.access$000(ParentRunner.java:53)&#13;&#10;&#9;at org.junit.runners.ParentRunner$2.evaluate(ParentRunner.java:229)&#13;&#10;&#9;at org.junit.runners.ParentRunner.run(ParentRunner.java:309)&#13;&#10;&#9;at org.eclipse.jdt.internal.junit4.runner.JUnit4TestReference.run(JUnit4TestReference.java:50)&#13;&#10;&#9;at org.eclipse.jdt.internal.junit.runner.TestExecution.run(TestExecution.java:38)&#13;&#10;&#9;at org.eclipse.jdt.internal.junit.runner.RemoteTestRunner.runTests(RemoteTestRunner.java:467)&#13;&#10;&#9;at org.eclipse.jdt.internal.junit.runner.RemoteTestRunner.runTests(RemoteTestRunner.java:683)&#13;&#10;&#9;at org.eclipse.jdt.internal.junit.runner.RemoteTestRunner.run(RemoteTestRunner.java:390)&#13;&#10;&#9;at org.codecover.juniteclipse.runner.EclipseTestRunner.main(EclipseTestRunner.java:40)" Date="1589513095927" Name="DrawTest:testSetPenRadius">
<CovList/>
<AssgnmntList/>
<ObjMetaDataList/>
<MetaDataList/>
</TestCase>
<TestCase Comment="Failure&#10;java.lang.AssertionError: Not yet implemented&#13;&#10;&#9;at org.junit.Assert.fail(Assert.java:88)&#13;&#10;&#9;at DrawTest.testIsKeyPressed(DrawTest.java:446)&#13;&#10;&#9;at sun.reflect.NativeMethodAccessorImpl.invoke0(Native Method)&#13;&#10;&#9;at sun.reflect.NativeMethodAccessorImpl.invoke(Unknown Source)&#13;&#10;&#9;at sun.reflect.DelegatingMethodAccessorImpl.invoke(Unknown Source)&#13;&#10;&#9;at java.lang.reflect.Method.invoke(Unknown Source)&#13;&#10;&#9;at org.junit.runners.model.FrameworkMethod$1.runReflectiveCall(FrameworkMethod.java:47)&#13;&#10;&#9;at org.junit.internal.runners.model.ReflectiveCallable.run(ReflectiveCallable.java:12)&#13;&#10;&#9;at org.junit.runners.model.FrameworkMethod.invokeExplosively(FrameworkMethod.java:44)&#13;&#10;&#9;at org.junit.internal.runners.statements.InvokeMethod.evaluate(InvokeMethod.java:17)&#13;&#10;&#9;at org.junit.runners.ParentRunner.runLeaf(ParentRunner.java:271)&#13;&#10;&#9;at org.junit.runners.BlockJUnit4ClassRunner.runChild(BlockJUnit4ClassRunner.java:70)&#13;&#10;&#9;at org.junit.runners.BlockJUnit4ClassRunner.runChild(BlockJUnit4ClassRunner.java:50)&#13;&#10;&#9;at org.junit.runners.ParentRunner$3.run(ParentRunner.java:238)&#13;&#10;&#9;at org.junit.runners.ParentRunner$1.schedule(ParentRunner.java:63)&#13;&#10;&#9;at org.junit.runners.ParentRunner.runChildren(ParentRunner.java:236)&#13;&#10;&#9;at org.junit.runners.ParentRunner.access$000(ParentRunner.java:53)&#13;&#10;&#9;at org.junit.runners.ParentRunner$2.evaluate(ParentRunner.java:229)&#13;&#10;&#9;at org.junit.runners.ParentRunner.run(ParentRunner.java:309)&#13;&#10;&#9;at org.eclipse.jdt.internal.junit4.runner.JUnit4TestReference.run(JUnit4TestReference.java:50)&#13;&#10;&#9;at org.eclipse.jdt.internal.junit.runner.TestExecution.run(TestExecution.java:38)&#13;&#10;&#9;at org.eclipse.jdt.internal.junit.runner.RemoteTestRunner.runTests(RemoteTestRunner.java:467)&#13;&#10;&#9;at org.eclipse.jdt.internal.junit.runner.RemoteTestRunner.runTests(RemoteTestRunner.java:683)&#13;&#10;&#9;at org.eclipse.jdt.internal.junit.runner.RemoteTestRunner.run(RemoteTestRunner.java:390)&#13;&#10;&#9;at org.codecover.juniteclipse.runner.EclipseTestRunner.main(EclipseTestRunner.java:40)" Date="1589513096014" Name="DrawTest:testIsKeyPressed">
<CovList/>
<AssgnmntList/>
<ObjMetaDataList/>
<MetaDataList/>
</TestCase>
<TestCase Comment="Failure&#10;java.lang.AssertionError: Not yet implemented&#13;&#10;&#9;at org.junit.Assert.fail(Assert.java:88)&#13;&#10;&#9;at DrawTest.testDrawString(DrawTest.java:28)&#13;&#10;&#9;at sun.reflect.NativeMethodAccessorImpl.invoke0(Native Method)&#13;&#10;&#9;at sun.reflect.NativeMethodAccessorImpl.invoke(Unknown Source)&#13;&#10;&#9;at sun.reflect.DelegatingMethodAccessorImpl.invoke(Unknown Source)&#13;&#10;&#9;at java.lang.reflect.Method.invoke(Unknown Source)&#13;&#10;&#9;at org.junit.runners.model.FrameworkMethod$1.runReflectiveCall(FrameworkMethod.java:47)&#13;&#10;&#9;at org.junit.internal.runners.model.ReflectiveCallable.run(ReflectiveCallable.java:12)&#13;&#10;&#9;at org.junit.runners.model.FrameworkMethod.invokeExplosively(FrameworkMethod.java:44)&#13;&#10;&#9;at org.junit.internal.runners.statements.InvokeMethod.evaluate(InvokeMethod.java:17)&#13;&#10;&#9;at org.junit.runners.ParentRunner.runLeaf(ParentRunner.java:271)&#13;&#10;&#9;at org.junit.runners.BlockJUnit4ClassRunner.runChild(BlockJUnit4ClassRunner.java:70)&#13;&#10;&#9;at org.junit.runners.BlockJUnit4ClassRunner.runChild(BlockJUnit4ClassRunner.java:50)&#13;&#10;&#9;at org.junit.runners.ParentRunner$3.run(ParentRunner.java:238)&#13;&#10;&#9;at org.junit.runners.ParentRunner$1.schedule(ParentRunner.java:63)&#13;&#10;&#9;at org.junit.runners.ParentRunner.runChildren(ParentRunner.java:236)&#13;&#10;&#9;at org.junit.runners.ParentRunner.access$000(ParentRunner.java:53)&#13;&#10;&#9;at org.junit.runners.ParentRunner$2.evaluate(ParentRunner.java:229)&#13;&#10;&#9;at org.junit.runners.ParentRunner.run(ParentRunner.java:309)&#13;&#10;&#9;at org.eclipse.jdt.internal.junit4.runner.JUnit4TestReference.run(JUnit4TestReference.java:50)&#13;&#10;&#9;at org.eclipse.jdt.internal.junit.runner.TestExecution.run(TestExecution.java:38)&#13;&#10;&#9;at org.eclipse.jdt.internal.junit.runner.RemoteTestRunner.runTests(RemoteTestRunner.java:467)&#13;&#10;&#9;at org.eclipse.jdt.internal.junit.runner.RemoteTestRunner.runTests(RemoteTestRunner.java:683)&#13;&#10;&#9;at org.eclipse.jdt.internal.junit.runner.RemoteTestRunner.run(RemoteTestRunner.java:390)&#13;&#10;&#9;at org.codecover.juniteclipse.runner.EclipseTestRunner.main(EclipseTestRunner.java:40)" Date="1589513096204" Name="DrawTest:testDrawString">
<CovList/>
<AssgnmntList/>
<ObjMetaDataList/>
<MetaDataList/>
</TestCase>
<TestCase Comment="Failure&#10;java.lang.AssertionError: Not yet implemented&#13;&#10;&#9;at org.junit.Assert.fail(Assert.java:88)&#13;&#10;&#9;at DrawTest.testPolygon(DrawTest.java:281)&#13;&#10;&#9;at sun.reflect.NativeMethodAccessorImpl.invoke0(Native Method)&#13;&#10;&#9;at sun.reflect.NativeMethodAccessorImpl.invoke(Unknown Source)&#13;&#10;&#9;at sun.reflect.DelegatingMethodAccessorImpl.invoke(Unknown Source)&#13;&#10;&#9;at java.lang.reflect.Method.invoke(Unknown Source)&#13;&#10;&#9;at org.junit.runners.model.FrameworkMethod$1.runReflectiveCall(FrameworkMethod.java:47)&#13;&#10;&#9;at org.junit.internal.runners.model.ReflectiveCallable.run(ReflectiveCallable.java:12)&#13;&#10;&#9;at org.junit.runners.model.FrameworkMethod.invokeExplosively(FrameworkMethod.java:44)&#13;&#10;&#9;at org.junit.internal.runners.statements.InvokeMethod.evaluate(InvokeMethod.java:17)&#13;&#10;&#9;at org.junit.runners.ParentRunner.runLeaf(ParentRunner.java:271)&#13;&#10;&#9;at org.junit.runners.BlockJUnit4ClassRunner.runChild(BlockJUnit4ClassRunner.java:70)&#13;&#10;&#9;at org.junit.runners.BlockJUnit4ClassRunner.runChild(BlockJUnit4ClassRunner.java:50)&#13;&#10;&#9;at org.junit.runners.ParentRunner$3.run(ParentRunner.java:238)&#13;&#10;&#9;at org.junit.runners.ParentRunner$1.schedule(ParentRunner.java:63)&#13;&#10;&#9;at org.junit.runners.ParentRunner.runChildren(ParentRunner.java:236)&#13;&#10;&#9;at org.junit.runners.ParentRunner.access$000(ParentRunner.java:53)&#13;&#10;&#9;at org.junit.runners.ParentRunner$2.evaluate(ParentRunner.java:229)&#13;&#10;&#9;at org.junit.runners.ParentRunner.run(ParentRunner.java:309)&#13;&#10;&#9;at org.eclipse.jdt.internal.junit4.runner.JUnit4TestReference.run(JUnit4TestReference.java:50)&#13;&#10;&#9;at org.eclipse.jdt.internal.junit.runner.TestExecution.run(TestExecution.java:38)&#13;&#10;&#9;at org.eclipse.jdt.internal.junit.runner.RemoteTestRunner.runTests(RemoteTestRunner.java:467)&#13;&#10;&#9;at org.eclipse.jdt.internal.junit.runner.RemoteTestRunner.runTests(RemoteTestRunner.java:683)&#13;&#10;&#9;at org.eclipse.jdt.internal.junit.runner.RemoteTestRunner.run(RemoteTestRunner.java:390)&#13;&#10;&#9;at org.codecover.juniteclipse.runner.EclipseTestRunner.main(EclipseTestRunner.java:40)" Date="1589513096318" Name="DrawTest:testPolygon">
<CovList/>
<AssgnmntList/>
<ObjMetaDataList/>
<MetaDataList/>
</TestCase>
<TestCase Comment="Error&#10;java.lang.Exception: Unexpected exception, expected&lt;java.lang.IllegalArgumentException&gt; but was&lt;java.lang.ArithmeticException&gt;&#13;&#10;&#9;at org.junit.internal.runners.statements.ExpectException.evaluate(ExpectException.java:28)&#13;&#10;&#9;at org.junit.runners.ParentRunner.runLeaf(ParentRunner.java:271)&#13;&#10;&#9;at org.junit.runners.BlockJUnit4ClassRunner.runChild(BlockJUnit4ClassRunner.java:70)&#13;&#10;&#9;at org.junit.runners.BlockJUnit4ClassRunner.runChild(BlockJUnit4ClassRunner.java:50)&#13;&#10;&#9;at org.junit.runners.ParentRunner$3.run(ParentRunner.java:238)&#13;&#10;&#9;at org.junit.runners.ParentRunner$1.schedule(ParentRunner.java:63)&#13;&#10;&#9;at org.junit.runners.ParentRunner.runChildren(ParentRunner.java:236)&#13;&#10;&#9;at org.junit.runners.ParentRunner.access$000(ParentRunner.java:53)&#13;&#10;&#9;at org.junit.runners.ParentRunner$2.evaluate(ParentRunner.java:229)&#13;&#10;&#9;at org.junit.runners.ParentRunner.run(ParentRunner.java:309)&#13;&#10;&#9;at org.eclipse.jdt.internal.junit4.runner.JUnit4TestReference.run(JUnit4TestReference.java:50)&#13;&#10;&#9;at org.eclipse.jdt.internal.junit.runner.TestExecution.run(TestExecution.java:38)&#13;&#10;&#9;at org.eclipse.jdt.internal.junit.runner.RemoteTestRunner.runTests(RemoteTestRunner.java:467)&#13;&#10;&#9;at org.eclipse.jdt.internal.junit.runner.RemoteTestRunner.runTests(RemoteTestRunner.java:683)&#13;&#10;&#9;at org.eclipse.jdt.internal.junit.runner.RemoteTestRunner.run(RemoteTestRunner.java:390)&#13;&#10;&#9;at org.codecover.juniteclipse.runner.EclipseTestRunner.main(EclipseTestRunner.java:40)&#13;&#10;Caused by: java.lang.ArithmeticException: / by zero&#13;&#10;&#9;at DrawTest.testValidate(DrawTest.java:67)&#13;&#10;&#9;at sun.reflect.NativeMethodAccessorImpl.invoke0(Native Method)&#13;&#10;&#9;at sun.reflect.NativeMethodAccessorImpl.invoke(Unknown Source)&#13;&#10;&#9;at sun.reflect.DelegatingMethodAccessorImpl.invoke(Unknown Source)&#13;&#10;&#9;at java.lang.reflect.Method.invoke(Unknown Source)&#13;&#10;&#9;at org.junit.runners.model.FrameworkMethod$1.runReflectiveCall(FrameworkMethod.java:47)&#13;&#10;&#9;at org.junit.internal.runners.model.ReflectiveCallable.run(ReflectiveCallable.java:12)&#13;&#10;&#9;at org.junit.runners.model.FrameworkMethod.invokeExplosively(FrameworkMethod.java:44)&#13;&#10;&#9;at org.junit.internal.runners.statements.InvokeMethod.evaluate(InvokeMethod.java:17)&#13;&#10;&#9;at org.junit.internal.runners.statements.ExpectException.evaluate(ExpectException.java:19)&#13;&#10;&#9;... 15 more" Date="1589513096506" Name="DrawTest:testValidate">
<CovList/>
<AssgnmntList/>
<ObjMetaDataList/>
<MetaDataList/>
</TestCase>
<TestCase Comment="Failure&#10;java.lang.AssertionError: Not yet implemented&#13;&#10;&#9;at org.junit.Assert.fail(Assert.java:88)&#13;&#10;&#9;at DrawTest.testKeyPressed(DrawTest.java:456)&#13;&#10;&#9;at sun.reflect.NativeMethodAccessorImpl.invoke0(Native Method)&#13;&#10;&#9;at sun.reflect.NativeMethodAccessorImpl.invoke(Unknown Source)&#13;&#10;&#9;at sun.reflect.DelegatingMethodAccessorImpl.invoke(Unknown Source)&#13;&#10;&#9;at java.lang.reflect.Method.invoke(Unknown Source)&#13;&#10;&#9;at org.junit.runners.model.FrameworkMethod$1.runReflectiveCall(FrameworkMethod.java:47)&#13;&#10;&#9;at org.junit.internal.runners.model.ReflectiveCallable.run(ReflectiveCallable.java:12)&#13;&#10;&#9;at org.junit.runners.model.FrameworkMethod.invokeExplosively(FrameworkMethod.java:44)&#13;&#10;&#9;at org.junit.internal.runners.statements.InvokeMethod.evaluate(InvokeMethod.java:17)&#13;&#10;&#9;at org.junit.runners.ParentRunner.runLeaf(ParentRunner.java:271)&#13;&#10;&#9;at org.junit.runners.BlockJUnit4ClassRunner.runChild(BlockJUnit4ClassRunner.java:70)&#13;&#10;&#9;at org.junit.runners.BlockJUnit4ClassRunner.runChild(BlockJUnit4ClassRunner.java:50)&#13;&#10;&#9;at org.junit.runners.ParentRunner$3.run(ParentRunner.java:238)&#13;&#10;&#9;at org.junit.runners.ParentRunner$1.schedule(ParentRunner.java:63)&#13;&#10;&#9;at org.junit.runners.ParentRunner.runChildren(ParentRunner.java:236)&#13;&#10;&#9;at org.junit.runners.ParentRunner.access$000(ParentRunner.java:53)&#13;&#10;&#9;at org.junit.runners.ParentRunner$2.evaluate(ParentRunner.java:229)&#13;&#10;&#9;at org.junit.runners.ParentRunner.run(ParentRunner.java:309)&#13;&#10;&#9;at org.eclipse.jdt.internal.junit4.runner.JUnit4TestReference.run(JUnit4TestReference.java:50)&#13;&#10;&#9;at org.eclipse.jdt.internal.junit.runner.TestExecution.run(TestExecution.java:38)&#13;&#10;&#9;at org.eclipse.jdt.internal.junit.runner.RemoteTestRunner.runTests(RemoteTestRunner.java:467)&#13;&#10;&#9;at org.eclipse.jdt.internal.junit.runner.RemoteTestRunner.runTests(RemoteTestRunner.java:683)&#13;&#10;&#9;at org.eclipse.jdt.internal.junit.runner.RemoteTestRunner.run(RemoteTestRunner.java:390)&#13;&#10;&#9;at org.codecover.juniteclipse.runner.EclipseTestRunner.main(EclipseTestRunner.java:40)" Date="1589513096578" Name="DrawTest:testKeyPressed">
<CovList/>
<AssgnmntList/>
<ObjMetaDataList/>
<MetaDataList/>
</TestCase>
<TestCase Comment="Failure&#10;java.lang.AssertionError: Not yet implemented&#13;&#10;&#9;at org.junit.Assert.fail(Assert.java:88)&#13;&#10;&#9;at DrawTest.testFilledPolygon(DrawTest.java:286)&#13;&#10;&#9;at sun.reflect.NativeMethodAccessorImpl.invoke0(Native Method)&#13;&#10;&#9;at sun.reflect.NativeMethodAccessorImpl.invoke(Unknown Source)&#13;&#10;&#9;at sun.reflect.DelegatingMethodAccessorImpl.invoke(Unknown Source)&#13;&#10;&#9;at java.lang.reflect.Method.invoke(Unknown Source)&#13;&#10;&#9;at org.junit.runners.model.FrameworkMethod$1.runReflectiveCall(FrameworkMethod.java:47)&#13;&#10;&#9;at org.junit.internal.runners.model.ReflectiveCallable.run(ReflectiveCallable.java:12)&#13;&#10;&#9;at org.junit.runners.model.FrameworkMethod.invokeExplosively(FrameworkMethod.java:44)&#13;&#10;&#9;at org.junit.internal.runners.statements.InvokeMethod.evaluate(InvokeMethod.java:17)&#13;&#10;&#9;at org.junit.runners.ParentRunner.runLeaf(ParentRunner.java:271)&#13;&#10;&#9;at org.junit.runners.BlockJUnit4ClassRunner.runChild(BlockJUnit4ClassRunner.java:70)&#13;&#10;&#9;at org.junit.runners.BlockJUnit4ClassRunner.runChild(BlockJUnit4ClassRunner.java:50)&#13;&#10;&#9;at org.junit.runners.ParentRunner$3.run(ParentRunner.java:238)&#13;&#10;&#9;at org.junit.runners.ParentRunner$1.schedule(ParentRunner.java:63)&#13;&#10;&#9;at org.junit.runners.ParentRunner.runChildren(ParentRunner.java:236)&#13;&#10;&#9;at org.junit.runners.ParentRunner.access$000(ParentRunner.java:53)&#13;&#10;&#9;at org.junit.runners.ParentRunner$2.evaluate(ParentRunner.java:229)&#13;&#10;&#9;at org.junit.runners.ParentRunner.run(ParentRunner.java:309)&#13;&#10;&#9;at org.eclipse.jdt.internal.junit4.runner.JUnit4TestReference.run(JUnit4TestReference.java:50)&#13;&#10;&#9;at org.eclipse.jdt.internal.junit.runner.TestExecution.run(TestExecution.java:38)&#13;&#10;&#9;at org.eclipse.jdt.internal.junit.runner.RemoteTestRunner.runTests(RemoteTestRunner.java:467)&#13;&#10;&#9;at org.eclipse.jdt.internal.junit.runner.RemoteTestRunner.runTests(RemoteTestRunner.java:683)&#13;&#10;&#9;at org.eclipse.jdt.internal.junit.runner.RemoteTestRunner.run(RemoteTestRunner.java:390)&#13;&#10;&#9;at org.codecover.juniteclipse.runner.EclipseTestRunner.main(EclipseTestRunner.java:40)" Date="1589513096654" Name="DrawTest:testFilledPolygon">
<CovList/>
<AssgnmntList/>
<ObjMetaDataList/>
<MetaDataList/>
</TestCase>
<TestCase Comment="Failure&#10;java.lang.AssertionError: Not yet implemented&#13;&#10;&#9;at org.junit.Assert.fail(Assert.java:88)&#13;&#10;&#9;at DrawTest.testGetFont(DrawTest.java:206)&#13;&#10;&#9;at sun.reflect.NativeMethodAccessorImpl.invoke0(Native Method)&#13;&#10;&#9;at sun.reflect.NativeMethodAccessorImpl.invoke(Unknown Source)&#13;&#10;&#9;at sun.reflect.DelegatingMethodAccessorImpl.invoke(Unknown Source)&#13;&#10;&#9;at java.lang.reflect.Method.invoke(Unknown Source)&#13;&#10;&#9;at org.junit.runners.model.FrameworkMethod$1.runReflectiveCall(FrameworkMethod.java:47)&#13;&#10;&#9;at org.junit.internal.runners.model.ReflectiveCallable.run(ReflectiveCallable.java:12)&#13;&#10;&#9;at org.junit.runners.model.FrameworkMethod.invokeExplosively(FrameworkMethod.java:44)&#13;&#10;&#9;at org.junit.internal.runners.statements.InvokeMethod.evaluate(InvokeMethod.java:17)&#13;&#10;&#9;at org.junit.runners.ParentRunner.runLeaf(ParentRunner.java:271)&#13;&#10;&#9;at org.junit.runners.BlockJUnit4ClassRunner.runChild(BlockJUnit4ClassRunner.java:70)&#13;&#10;&#9;at org.junit.runners.BlockJUnit4ClassRunner.runChild(BlockJUnit4ClassRunner.java:50)&#13;&#10;&#9;at org.junit.runners.ParentRunner$3.run(ParentRunner.java:238)&#13;&#10;&#9;at org.junit.runners.ParentRunner$1.schedule(ParentRunner.java:63)&#13;&#10;&#9;at org.junit.runners.ParentRunner.runChildren(ParentRunner.java:236)&#13;&#10;&#9;at org.junit.runners.ParentRunner.access$000(ParentRunner.java:53)&#13;&#10;&#9;at org.junit.runners.ParentRunner$2.evaluate(ParentRunner.java:229)&#13;&#10;&#9;at org.junit.runners.ParentRunner.run(ParentRunner.java:309)&#13;&#10;&#9;at org.eclipse.jdt.internal.junit4.runner.JUnit4TestReference.run(JUnit4TestReference.java:50)&#13;&#10;&#9;at org.eclipse.jdt.internal.junit.runner.TestExecution.run(TestExecution.java:38)&#13;&#10;&#9;at org.eclipse.jdt.internal.junit.runner.RemoteTestRunner.runTests(RemoteTestRunner.java:467)&#13;&#10;&#9;at org.eclipse.jdt.internal.junit.runner.RemoteTestRunner.runTests(RemoteTestRunner.java:683)&#13;&#10;&#9;at org.eclipse.jdt.internal.junit.runner.RemoteTestRunner.run(RemoteTestRunner.java:390)&#13;&#10;&#9;at org.codecover.juniteclipse.runner.EclipseTestRunner.main(EclipseTestRunner.java:40)" Date="1589513096725" Name="DrawTest:testGetFont">
<CovList>
<CovPrefix CovItemPrefix="Draw.java">
<Cov CovItemId="S534" Value="1"/>
<Cov CovItemId="S535" Value="1"/>
<Cov CovItemId="S536" Value="1"/>
<Cov CovItemId="S537" Value="1"/>
<Cov CovItemId="S538" Value="1"/>
<Cov CovItemId="S539" Value="1"/>
<Cov CovItemId="S540" Value="1"/>
<Cov CovItemId="S541" Value="1"/>
</CovPrefix>
</CovList>
<AssgnmntList/>
<ObjMetaDataList/>
<MetaDataList/>
</TestCase>
<TestCase Comment="Failure&#10;java.lang.AssertionError: Expected exception: java.lang.IllegalArgumentException&#13;&#10;&#9;at org.junit.internal.runners.statements.ExpectException.evaluate(ExpectException.java:32)&#13;&#10;&#9;at org.junit.runners.ParentRunner.runLeaf(ParentRunner.java:271)&#13;&#10;&#9;at org.junit.runners.BlockJUnit4ClassRunner.runChild(BlockJUnit4ClassRunner.java:70)&#13;&#10;&#9;at org.junit.runners.BlockJUnit4ClassRunner.runChild(BlockJUnit4ClassRunner.java:50)&#13;&#10;&#9;at org.junit.runners.ParentRunner$3.run(ParentRunner.java:238)&#13;&#10;&#9;at org.junit.runners.ParentRunner$1.schedule(ParentRunner.java:63)&#13;&#10;&#9;at org.junit.runners.ParentRunner.runChildren(ParentRunner.java:236)&#13;&#10;&#9;at org.junit.runners.ParentRunner.access$000(ParentRunner.java:53)&#13;&#10;&#9;at org.junit.runners.ParentRunner$2.evaluate(ParentRunner.java:229)&#13;&#10;&#9;at org.junit.runners.ParentRunner.run(ParentRunner.java:309)&#13;&#10;&#9;at org.eclipse.jdt.internal.junit4.runner.JUnit4TestReference.run(JUnit4TestReference.java:50)&#13;&#10;&#9;at org.eclipse.jdt.internal.junit.runner.TestExecution.run(TestExecution.java:38)&#13;&#10;&#9;at org.eclipse.jdt.internal.junit.runner.RemoteTestRunner.runTests(RemoteTestRunner.java:467)&#13;&#10;&#9;at org.eclipse.jdt.internal.junit.runner.RemoteTestRunner.runTests(RemoteTestRunner.java:683)&#13;&#10;&#9;at org.eclipse.jdt.internal.junit.runner.RemoteTestRunner.run(RemoteTestRunner.java:390)&#13;&#10;&#9;at org.codecover.juniteclipse.runner.EclipseTestRunner.main(EclipseTestRunner.java:40)" Date="1589513096801" Name="DrawTest:testSetCanvasSize">
<CovList>
<CovPrefix CovItemPrefix="Draw.java">
<Cov CovItemId="B1" Value="1"/>
<Cov CovItemId="B10" Value="5"/>
<Cov CovItemId="B12" Value="1"/>
<Cov CovItemId="B14" Value="3"/>
<Cov CovItemId="B16" Value="1"/>
<Cov CovItemId="B18" Value="1"/>
<Cov CovItemId="B6" Value="1"/>
<Cov CovItemId="B8" Value="5"/>
<Cov CovItemId="B81" Value="1"/>
<Cov CovItemId="S100" Value="3"/>
<Cov CovItemId="S102" Value="1"/>
<Cov CovItemId="S103" Value="1"/>
<Cov CovItemId="S104" Value="1"/>
<Cov CovItemId="S105" Value="1"/>
<Cov CovItemId="S106" Value="1"/>
<Cov CovItemId="S107" Value="1"/>
<Cov CovItemId="S109" Value="1"/>
<Cov CovItemId="S110" Value="1"/>
<Cov CovItemId="S111" Value="1"/>
<Cov CovItemId="S112" Value="1"/>
<Cov CovItemId="S113" Value="1"/>
<Cov CovItemId="S114" Value="1"/>
<Cov CovItemId="S116" Value="1"/>
<Cov CovItemId="S117" Value="1"/>
<Cov CovItemId="S124" Value="1"/>
<Cov CovItemId="S125" Value="1"/>
<Cov CovItemId="S126" Value="1"/>
<Cov CovItemId="S127" Value="1"/>
<Cov CovItemId="S128" Value="1"/>
<Cov CovItemId="S129" Value="1"/>
<Cov CovItemId="S131" Value="1"/>
<Cov CovItemId="S132" Value="1"/>
<Cov CovItemId="S133" Value="1"/>
<Cov CovItemId="S134" Value="1"/>
<Cov CovItemId="S135" Value="1"/>
<Cov CovItemId="S136" Value="1"/>
<Cov CovItemId="S138" Value="1"/>
<Cov CovItemId="S139" Value="1"/>
<Cov CovItemId="S140" Value="1"/>
<Cov CovItemId="S141" Value="1"/>
<Cov CovItemId="S153" Value="1"/>
<Cov CovItemId="S154" Value="1"/>
<Cov CovItemId="S155" Value="1"/>
<Cov CovItemId="S44" Value="1"/>
<Cov CovItemId="S45" Value="1"/>
<Cov CovItemId="S46" Value="1"/>
<Cov CovItemId="S464" Value="1"/>
<Cov CovItemId="S465" Value="1"/>
<Cov CovItemId="S466" Value="1"/>
<Cov CovItemId="S467" Value="1"/>
<Cov CovItemId="S47" Value="1"/>
<Cov CovItemId="S48" Value="1"/>
<Cov CovItemId="S49" Value="1"/>
<Cov CovItemId="S50" Value="1"/>
<Cov CovItemId="S51" Value="1"/>
<Cov CovItemId="S52" Value="1"/>
<Cov CovItemId="S53" Value="1"/>
<Cov CovItemId="S533" Value="1"/>
<Cov CovItemId="S534" Value="1"/>
<Cov CovItemId="S535" Value="1"/>
<Cov CovItemId="S54" Value="1"/>
<Cov CovItemId="S55" Value="1"/>
<Cov CovItemId="S56" Value="1"/>
<Cov CovItemId="S57" Value="1"/>
<Cov CovItemId="S58" Value="1"/>
<Cov CovItemId="S59" Value="1"/>
<Cov CovItemId="S60" Value="1"/>
<Cov CovItemId="S61" Value="1"/>
<Cov CovItemId="S62" Value="1"/>
<Cov CovItemId="S63" Value="1"/>
<Cov CovItemId="S64" Value="1"/>
<Cov CovItemId="S65" Value="1"/>
<Cov CovItemId="S66" Value="1"/>
<Cov CovItemId="S67" Value="1"/>
<Cov CovItemId="S68" Value="1"/>
<Cov CovItemId="S69" Value="1"/>
<Cov CovItemId="S70" Value="1"/>
<Cov CovItemId="S71" Value="1"/>
<Cov CovItemId="S72" Value="1"/>
<Cov CovItemId="S73" Value="1"/>
<Cov CovItemId="S74" Value="1"/>
<Cov CovItemId="S75" Value="1"/>
<Cov CovItemId="S76" Value="1"/>
<Cov CovItemId="S81" Value="1"/>
<Cov CovItemId="S83" Value="1"/>
<Cov CovItemId="S84" Value="1"/>
<Cov CovItemId="S85" Value="1"/>
<Cov CovItemId="S86" Value="1"/>
<Cov CovItemId="S87" Value="1"/>
<Cov CovItemId="S88" Value="1"/>
<Cov CovItemId="S89" Value="1"/>
<Cov CovItemId="S90" Value="1"/>
<Cov CovItemId="S91" Value="1"/>
<Cov CovItemId="S92" Value="1"/>
<Cov CovItemId="S93" Value="1"/>
<Cov CovItemId="S94" Value="5"/>
<Cov CovItemId="S96" Value="5"/>
<Cov CovItemId="S98" Value="1"/>
</CovPrefix>
</CovList>
<AssgnmntList>
<AssgnmntPrefix RootTermCovItemPrefix="Draw.java">
<AssgnmntListEntry Length="1" RootTermCovItemId="C1">
<MapEntry BoolAssgnmnt="1" Value="1"/>
</AssgnmntListEntry>
<AssgnmntListEntry Length="2" RootTermCovItemId="C3">
<MapEntry BoolAssgnmnt="00" Value="1"/>
</AssgnmntListEntry>
<AssgnmntListEntry Length="1" RootTermCovItemId="C4">
<MapEntry BoolAssgnmnt="0" Value="5"/>
</AssgnmntListEntry>
<AssgnmntListEntry Length="1" RootTermCovItemId="C46">
<MapEntry BoolAssgnmnt="0" Value="1"/>
</AssgnmntListEntry>
<AssgnmntListEntry Length="1" RootTermCovItemId="C5">
<MapEntry BoolAssgnmnt="0" Value="5"/>
</AssgnmntListEntry>
<AssgnmntListEntry Length="1" RootTermCovItemId="C6">
<MapEntry BoolAssgnmnt="0" Value="1"/>
</AssgnmntListEntry>
<AssgnmntListEntry Length="1" RootTermCovItemId="C7">
<MapEntry BoolAssgnmnt="0" Value="3"/>
</AssgnmntListEntry>
<AssgnmntListEntry Length="1" RootTermCovItemId="C8">
<MapEntry BoolAssgnmnt="0" Value="1"/>
</AssgnmntListEntry>
<AssgnmntListEntry Length="1" RootTermCovItemId="C9">
<MapEntry BoolAssgnmnt="0" Value="1"/>
</AssgnmntListEntry>
</AssgnmntPrefix>
</AssgnmntList>
<ObjMetaDataList/>
<MetaDataList/>
</TestCase>
<TestCase Comment="Failure&#10;java.lang.AssertionError: Not yet implemented&#13;&#10;&#9;at org.junit.Assert.fail(Assert.java:88)&#13;&#10;&#9;at DrawTest.testMouseClicked(DrawTest.java:421)&#13;&#10;&#9;at sun.reflect.NativeMethodAccessorImpl.invoke0(Native Method)&#13;&#10;&#9;at sun.reflect.NativeMethodAccessorImpl.invoke(Unknown Source)&#13;&#10;&#9;at sun.reflect.DelegatingMethodAccessorImpl.invoke(Unknown Source)&#13;&#10;&#9;at java.lang.reflect.Method.invoke(Unknown Source)&#13;&#10;&#9;at org.junit.runners.model.FrameworkMethod$1.runReflectiveCall(FrameworkMethod.java:47)&#13;&#10;&#9;at org.junit.internal.runners.model.ReflectiveCallable.run(ReflectiveCallable.java:12)&#13;&#10;&#9;at org.junit.runners.model.FrameworkMethod.invokeExplosively(FrameworkMethod.java:44)&#13;&#10;&#9;at org.junit.internal.runners.statements.InvokeMethod.evaluate(InvokeMethod.java:17)&#13;&#10;&#9;at org.junit.runners.ParentRunner.runLeaf(ParentRunner.java:271)&#13;&#10;&#9;at org.junit.runners.BlockJUnit4ClassRunner.runChild(BlockJUnit4ClassRunner.java:70)&#13;&#10;&#9;at org.junit.runners.BlockJUnit4ClassRunner.runChild(BlockJUnit4ClassRunner.java:50)&#13;&#10;&#9;at org.junit.runners.ParentRunner$3.run(ParentRunner.java:238)&#13;&#10;&#9;at org.junit.runners.ParentRunner$1.schedule(ParentRunner.java:63)&#13;&#10;&#9;at org.junit.runners.ParentRunner.runChildren(ParentRunner.java:236)&#13;&#10;&#9;at org.junit.runners.ParentRunner.access$000(ParentRunner.java:53)&#13;&#10;&#9;at org.junit.runners.ParentRunner$2.evaluate(ParentRunner.java:229)&#13;&#10;&#9;at org.junit.runners.ParentRunner.run(ParentRunner.java:309)&#13;&#10;&#9;at org.eclipse.jdt.internal.junit4.runner.JUnit4TestReference.run(JUnit4TestReference.java:50)&#13;&#10;&#9;at org.eclipse.jdt.internal.junit.runner.TestExecution.run(TestExecution.java:38)&#13;&#10;&#9;at org.eclipse.jdt.internal.junit.runner.RemoteTestRunner.runTests(RemoteTestRunner.java:467)&#13;&#10;&#9;at org.eclipse.jdt.internal.junit.runner.RemoteTestRunner.runTests(RemoteTestRunner.java:683)&#13;&#10;&#9;at org.eclipse.jdt.internal.junit.runner.RemoteTestRunner.run(RemoteTestRunner.java:390)&#13;&#10;&#9;at org.codecover.juniteclipse.runner.EclipseTestRunner.main(EclipseTestRunner.java:40)" Date="1589513096902" Name="DrawTest:testMouseClicked">
<CovList/>
<AssgnmntList/>
<ObjMetaDataList/>
<MetaDataList/>
</TestCase>
<TestCase Comment="Failure&#10;java.lang.AssertionError: Not yet implemented&#13;&#10;&#9;at org.junit.Assert.fail(Assert.java:88)&#13;&#10;&#9;at DrawTest.testTextRight(DrawTest.java:331)&#13;&#10;&#9;at sun.reflect.NativeMethodAccessorImpl.invoke0(Native Method)&#13;&#10;&#9;at sun.reflect.NativeMethodAccessorImpl.invoke(Unknown Source)&#13;&#10;&#9;at sun.reflect.DelegatingMethodAccessorImpl.invoke(Unknown Source)&#13;&#10;&#9;at java.lang.reflect.Method.invoke(Unknown Source)&#13;&#10;&#9;at org.junit.runners.model.FrameworkMethod$1.runReflectiveCall(FrameworkMethod.java:47)&#13;&#10;&#9;at org.junit.internal.runners.model.ReflectiveCallable.run(ReflectiveCallable.java:12)&#13;&#10;&#9;at org.junit.runners.model.FrameworkMethod.invokeExplosively(FrameworkMethod.java:44)&#13;&#10;&#9;at org.junit.internal.runners.statements.InvokeMethod.evaluate(InvokeMethod.java:17)&#13;&#10;&#9;at org.junit.runners.ParentRunner.runLeaf(ParentRunner.java:271)&#13;&#10;&#9;at org.junit.runners.BlockJUnit4ClassRunner.runChild(BlockJUnit4ClassRunner.java:70)&#13;&#10;&#9;at org.junit.runners.BlockJUnit4ClassRunner.runChild(BlockJUnit4ClassRunner.java:50)&#13;&#10;&#9;at org.junit.runners.ParentRunner$3.run(ParentRunner.java:238)&#13;&#10;&#9;at org.junit.runners.ParentRunner$1.schedule(ParentRunner.java:63)&#13;&#10;&#9;at org.junit.runners.ParentRunner.runChildren(ParentRunner.java:236)&#13;&#10;&#9;at org.junit.runners.ParentRunner.access$000(ParentRunner.java:53)&#13;&#10;&#9;at org.junit.runners.ParentRunner$2.evaluate(ParentRunner.java:229)&#13;&#10;&#9;at org.junit.runners.ParentRunner.run(ParentRunner.java:309)&#13;&#10;&#9;at org.eclipse.jdt.internal.junit4.runner.JUnit4TestReference.run(JUnit4TestReference.java:50)&#13;&#10;&#9;at org.eclipse.jdt.internal.junit.runner.TestExecution.run(TestExecution.java:38)&#13;&#10;&#9;at org.eclipse.jdt.internal.junit.runner.RemoteTestRunner.runTests(RemoteTestRunner.java:467)&#13;&#10;&#9;at org.eclipse.jdt.internal.junit.runner.RemoteTestRunner.runTests(RemoteTestRunner.java:683)&#13;&#10;&#9;at org.eclipse.jdt.internal.junit.runner.RemoteTestRunner.run(RemoteTestRunner.java:390)&#13;&#10;&#9;at org.codecover.juniteclipse.runner.EclipseTestRunner.main(EclipseTestRunner.java:40)" Date="1589513096976" Name="DrawTest:testTextRight">
<CovList/>
<AssgnmntList/>
<ObjMetaDataList/>
<MetaDataList/>
</TestCase>
<TestCase Comment="Failure&#10;java.lang.AssertionError: Not yet implemented&#13;&#10;&#9;at org.junit.Assert.fail(Assert.java:88)&#13;&#10;&#9;at DrawTest.testIsMousePressed(DrawTest.java:381)&#13;&#10;&#9;at sun.reflect.NativeMethodAccessorImpl.invoke0(Native Method)&#13;&#10;&#9;at sun.reflect.NativeMethodAccessorImpl.invoke(Unknown Source)&#13;&#10;&#9;at sun.reflect.DelegatingMethodAccessorImpl.invoke(Unknown Source)&#13;&#10;&#9;at java.lang.reflect.Method.invoke(Unknown Source)&#13;&#10;&#9;at org.junit.runners.model.FrameworkMethod$1.runReflectiveCall(FrameworkMethod.java:47)&#13;&#10;&#9;at org.junit.internal.runners.model.ReflectiveCallable.run(ReflectiveCallable.java:12)&#13;&#10;&#9;at org.junit.runners.model.FrameworkMethod.invokeExplosively(FrameworkMethod.java:44)&#13;&#10;&#9;at org.junit.internal.runners.statements.InvokeMethod.evaluate(InvokeMethod.java:17)&#13;&#10;&#9;at org.junit.runners.ParentRunner.runLeaf(ParentRunner.java:271)&#13;&#10;&#9;at org.junit.runners.BlockJUnit4ClassRunner.runChild(BlockJUnit4ClassRunner.java:70)&#13;&#10;&#9;at org.junit.runners.BlockJUnit4ClassRunner.runChild(BlockJUnit4ClassRunner.java:50)&#13;&#10;&#9;at org.junit.runners.ParentRunner$3.run(ParentRunner.java:238)&#13;&#10;&#9;at org.junit.runners.ParentRunner$1.schedule(ParentRunner.java:63)&#13;&#10;&#9;at org.junit.runners.ParentRunner.runChildren(ParentRunner.java:236)&#13;&#10;&#9;at org.junit.runners.ParentRunner.access$000(ParentRunner.java:53)&#13;&#10;&#9;at org.junit.runners.ParentRunner$2.evaluate(ParentRunner.java:229)&#13;&#10;&#9;at org.junit.runners.ParentRunner.run(ParentRunner.java:309)&#13;&#10;&#9;at org.eclipse.jdt.internal.junit4.runner.JUnit4TestReference.run(JUnit4TestReference.java:50)&#13;&#10;&#9;at org.eclipse.jdt.internal.junit.runner.TestExecution.run(TestExecution.java:38)&#13;&#10;&#9;at org.eclipse.jdt.internal.junit.runner.RemoteTestRunner.runTests(RemoteTestRunner.java:467)&#13;&#10;&#9;at org.eclipse.jdt.internal.junit.runner.RemoteTestRunner.runTests(RemoteTestRunner.java:683)&#13;&#10;&#9;at org.eclipse.jdt.internal.junit.runner.RemoteTestRunner.run(RemoteTestRunner.java:390)&#13;&#10;&#9;at org.codecover.juniteclipse.runner.EclipseTestRunner.main(EclipseTestRunner.java:40)" Date="1589513097052" Name="DrawTest:testIsMousePressed">
<CovList/>
<AssgnmntList/>
<ObjMetaDataList/>
<MetaDataList/>
</TestCase>
<TestCase Comment="Failure&#10;java.lang.AssertionError: Not yet implemented&#13;&#10;&#9;at org.junit.Assert.fail(Assert.java:88)&#13;&#10;&#9;at DrawTest.testPictureDoubleDoubleStringDoubleDoubleDouble(DrawTest.java:311)&#13;&#10;&#9;at sun.reflect.NativeMethodAccessorImpl.invoke0(Native Method)&#13;&#10;&#9;at sun.reflect.NativeMethodAccessorImpl.invoke(Unknown Source)&#13;&#10;&#9;at sun.reflect.DelegatingMethodAccessorImpl.invoke(Unknown Source)&#13;&#10;&#9;at java.lang.reflect.Method.invoke(Unknown Source)&#13;&#10;&#9;at org.junit.runners.model.FrameworkMethod$1.runReflectiveCall(FrameworkMethod.java:47)&#13;&#10;&#9;at org.junit.internal.runners.model.ReflectiveCallable.run(ReflectiveCallable.java:12)&#13;&#10;&#9;at org.junit.runners.model.FrameworkMethod.invokeExplosively(FrameworkMethod.java:44)&#13;&#10;&#9;at org.junit.internal.runners.statements.InvokeMethod.evaluate(InvokeMethod.java:17)&#13;&#10;&#9;at org.junit.runners.ParentRunner.runLeaf(ParentRunner.java:271)&#13;&#10;&#9;at org.junit.runners.BlockJUnit4ClassRunner.runChild(BlockJUnit4ClassRunner.java:70)&#13;&#10;&#9;at org.junit.runners.BlockJUnit4ClassRunner.runChild(BlockJUnit4ClassRunner.java:50)&#13;&#10;&#9;at org.junit.runners.ParentRunner$3.run(ParentRunner.java:238)&#13;&#10;&#9;at org.junit.runners.ParentRunner$1.schedule(ParentRunner.java:63)&#13;&#10;&#9;at org.junit.runners.ParentRunner.runChildren(ParentRunner.java:236)&#13;&#10;&#9;at org.junit.runners.ParentRunner.access$000(ParentRunner.java:53)&#13;&#10;&#9;at org.junit.runners.ParentRunner$2.evaluate(ParentRunner.java:229)&#13;&#10;&#9;at org.junit.runners.ParentRunner.run(ParentRunner.java:309)&#13;&#10;&#9;at org.eclipse.jdt.internal.junit4.runner.JUnit4TestReference.run(JUnit4TestReference.java:50)&#13;&#10;&#9;at org.eclipse.jdt.internal.junit.runner.TestExecution.run(TestExecution.java:38)&#13;&#10;&#9;at org.eclipse.jdt.internal.junit.runner.RemoteTestRunner.runTests(RemoteTestRunner.java:467)&#13;&#10;&#9;at org.eclipse.jdt.internal.junit.runner.RemoteTestRunner.runTests(RemoteTestRunner.java:683)&#13;&#10;&#9;at org.eclipse.jdt.internal.junit.runner.RemoteTestRunner.run(RemoteTestRunner.java:390)&#13;&#10;&#9;at org.codecover.juniteclipse.runner.EclipseTestRunner.main(EclipseTestRunner.java:40)" Date="1589513097135" Name="DrawTest:testPictureDoubleDoubleStringDoubleDoubleDouble">
<CovList/>
<AssgnmntList/>
<ObjMetaDataList/>
<MetaDataList/>
</TestCase>
<TestCase Comment="" Date="1589513097223" Name="DrawTest:testSetXscaleDoubleDouble">
<CovList>
<CovPrefix CovItemPrefix="Draw.java">
<Cov CovItemId="B10" Value="2"/>
<Cov CovItemId="B15" Value="1"/>
<Cov CovItemId="B8" Value="2"/>
<Cov CovItemId="S104" Value="1"/>
<Cov CovItemId="S105" Value="1"/>
<Cov CovItemId="S106" Value="1"/>
<Cov CovItemId="S107" Value="1"/>
<Cov CovItemId="S108" Value="1"/>
<Cov CovItemId="S94" Value="2"/>
<Cov CovItemId="S96" Value="2"/>
</CovPrefix>
</CovList>
<AssgnmntList>
<AssgnmntPrefix RootTermCovItemPrefix="Draw.java">
<AssgnmntListEntry Length="1" RootTermCovItemId="C4">
<MapEntry BoolAssgnmnt="0" Value="2"/>
</AssgnmntListEntry>
<AssgnmntListEntry Length="1" RootTermCovItemId="C5">
<MapEntry BoolAssgnmnt="0" Value="2"/>
</AssgnmntListEntry>
<AssgnmntListEntry Length="1" RootTermCovItemId="C8">
<MapEntry BoolAssgnmnt="1" Value="1"/>
</AssgnmntListEntry>
</AssgnmntPrefix>
</AssgnmntList>
<ObjMetaDataList/>
<MetaDataList/>
</TestCase>
<TestCase Comment="Failure&#10;java.lang.AssertionError: Not yet implemented&#13;&#10;&#9;at org.junit.Assert.fail(Assert.java:88)&#13;&#10;&#9;at DrawTest.testTextLeft(DrawTest.java:326)&#13;&#10;&#9;at sun.reflect.NativeMethodAccessorImpl.invoke0(Native Method)&#13;&#10;&#9;at sun.reflect.NativeMethodAccessorImpl.invoke(Unknown Source)&#13;&#10;&#9;at sun.reflect.DelegatingMethodAccessorImpl.invoke(Unknown Source)&#13;&#10;&#9;at java.lang.reflect.Method.invoke(Unknown Source)&#13;&#10;&#9;at org.junit.runners.model.FrameworkMethod$1.runReflectiveCall(FrameworkMethod.java:47)&#13;&#10;&#9;at org.junit.internal.runners.model.ReflectiveCallable.run(ReflectiveCallable.java:12)&#13;&#10;&#9;at org.junit.runners.model.FrameworkMethod.invokeExplosively(FrameworkMethod.java:44)&#13;&#10;&#9;at org.junit.internal.runners.statements.InvokeMethod.evaluate(InvokeMethod.java:17)&#13;&#10;&#9;at org.junit.runners.ParentRunner.runLeaf(ParentRunner.java:271)&#13;&#10;&#9;at org.junit.runners.BlockJUnit4ClassRunner.runChild(BlockJUnit4ClassRunner.java:70)&#13;&#10;&#9;at org.junit.runners.BlockJUnit4ClassRunner.runChild(BlockJUnit4ClassRunner.java:50)&#13;&#10;&#9;at org.junit.runners.ParentRunner$3.run(ParentRunner.java:238)&#13;&#10;&#9;at org.junit.runners.ParentRunner$1.schedule(ParentRunner.java:63)&#13;&#10;&#9;at org.junit.runners.ParentRunner.runChildren(ParentRunner.java:236)&#13;&#10;&#9;at org.junit.runners.ParentRunner.access$000(ParentRunner.java:53)&#13;&#10;&#9;at org.junit.runners.ParentRunner$2.evaluate(ParentRunner.java:229)&#13;&#10;&#9;at org.junit.runners.ParentRunner.run(ParentRunner.java:309)&#13;&#10;&#9;at org.eclipse.jdt.internal.junit4.runner.JUnit4TestReference.run(JUnit4TestReference.java:50)&#13;&#10;&#9;at org.eclipse.jdt.internal.junit.runner.TestExecution.run(TestExecution.java:38)&#13;&#10;&#9;at org.eclipse.jdt.internal.junit.runner.RemoteTestRunner.runTests(RemoteTestRunner.java:467)&#13;&#10;&#9;at org.eclipse.jdt.internal.junit.runner.RemoteTestRunner.runTests(RemoteTestRunner.java:683)&#13;&#10;&#9;at org.eclipse.jdt.internal.junit.runner.RemoteTestRunner.run(RemoteTestRunner.java:390)&#13;&#10;&#9;at org.codecover.juniteclipse.runner.EclipseTestRunner.main(EclipseTestRunner.java:40)" Date="1589513097382" Name="DrawTest:testTextLeft">
<CovList/>
<AssgnmntList/>
<ObjMetaDataList/>
<MetaDataList/>
</TestCase>
<TestCase Comment="Failure&#10;java.lang.AssertionError: Not yet implemented&#13;&#10;&#9;at org.junit.Assert.fail(Assert.java:88)&#13;&#10;&#9;at DrawTest.testAddListener(DrawTest.java:376)&#13;&#10;&#9;at sun.reflect.NativeMethodAccessorImpl.invoke0(Native Method)&#13;&#10;&#9;at sun.reflect.NativeMethodAccessorImpl.invoke(Unknown Source)&#13;&#10;&#9;at sun.reflect.DelegatingMethodAccessorImpl.invoke(Unknown Source)&#13;&#10;&#9;at java.lang.reflect.Method.invoke(Unknown Source)&#13;&#10;&#9;at org.junit.runners.model.FrameworkMethod$1.runReflectiveCall(FrameworkMethod.java:47)&#13;&#10;&#9;at org.junit.internal.runners.model.ReflectiveCallable.run(ReflectiveCallable.java:12)&#13;&#10;&#9;at org.junit.runners.model.FrameworkMethod.invokeExplosively(FrameworkMethod.java:44)&#13;&#10;&#9;at org.junit.internal.runners.statements.InvokeMethod.evaluate(InvokeMethod.java:17)&#13;&#10;&#9;at org.junit.runners.ParentRunner.runLeaf(ParentRunner.java:271)&#13;&#10;&#9;at org.junit.runners.BlockJUnit4ClassRunner.runChild(BlockJUnit4ClassRunner.java:70)&#13;&#10;&#9;at org.junit.runners.BlockJUnit4ClassRunner.runChild(BlockJUnit4ClassRunner.java:50)&#13;&#10;&#9;at org.junit.runners.ParentRunner$3.run(ParentRunner.java:238)&#13;&#10;&#9;at org.junit.runners.ParentRunner$1.schedule(ParentRunner.java:63)&#13;&#10;&#9;at org.junit.runners.ParentRunner.runChildren(ParentRunner.java:236)&#13;&#10;&#9;at org.junit.runners.ParentRunner.access$000(ParentRunner.java:53)&#13;&#10;&#9;at org.junit.runners.ParentRunner$2.evaluate(ParentRunner.java:229)&#13;&#10;&#9;at org.junit.runners.ParentRunner.run(ParentRunner.java:309)&#13;&#10;&#9;at org.eclipse.jdt.internal.junit4.runner.JUnit4TestReference.run(JUnit4TestReference.java:50)&#13;&#10;&#9;at org.eclipse.jdt.internal.junit.runner.TestExecution.run(TestExecution.java:38)&#13;&#10;&#9;at org.eclipse.jdt.internal.junit.runner.RemoteTestRunner.runTests(RemoteTestRunner.java:467)&#13;&#10;&#9;at org.eclipse.jdt.internal.junit.runner.RemoteTestRunner.runTests(RemoteTestRunner.java:683)&#13;&#10;&#9;at org.eclipse.jdt.internal.junit.runner.RemoteTestRunner.run(RemoteTestRunner.java:390)&#13;&#10;&#9;at org.codecover.juniteclipse.runner.EclipseTestRunner.main(EclipseTestRunner.java:40)" Date="1589513097494" Name="DrawTest:testAddListener">
<CovList/>
<AssgnmntList/>
<ObjMetaDataList/>
<MetaDataList/>
</TestCase>
<TestCase Comment="Failure&#10;java.lang.AssertionError: Not yet implemented&#13;&#10;&#9;at org.junit.Assert.fail(Assert.java:88)&#13;&#10;&#9;at DrawTest.testMouseExited(DrawTest.java:406)&#13;&#10;&#9;at sun.reflect.NativeMethodAccessorImpl.invoke0(Native Method)&#13;&#10;&#9;at sun.reflect.NativeMethodAccessorImpl.invoke(Unknown Source)&#13;&#10;&#9;at sun.reflect.DelegatingMethodAccessorImpl.invoke(Unknown Source)&#13;&#10;&#9;at java.lang.reflect.Method.invoke(Unknown Source)&#13;&#10;&#9;at org.junit.runners.model.FrameworkMethod$1.runReflectiveCall(FrameworkMethod.java:47)&#13;&#10;&#9;at org.junit.internal.runners.model.ReflectiveCallable.run(ReflectiveCallable.java:12)&#13;&#10;&#9;at org.junit.runners.model.FrameworkMethod.invokeExplosively(FrameworkMethod.java:44)&#13;&#10;&#9;at org.junit.internal.runners.statements.InvokeMethod.evaluate(InvokeMethod.java:17)&#13;&#10;&#9;at org.junit.runners.ParentRunner.runLeaf(ParentRunner.java:271)&#13;&#10;&#9;at org.junit.runners.BlockJUnit4ClassRunner.runChild(BlockJUnit4ClassRunner.java:70)&#13;&#10;&#9;at org.junit.runners.BlockJUnit4ClassRunner.runChild(BlockJUnit4ClassRunner.java:50)&#13;&#10;&#9;at org.junit.runners.ParentRunner$3.run(ParentRunner.java:238)&#13;&#10;&#9;at org.junit.runners.ParentRunner$1.schedule(ParentRunner.java:63)&#13;&#10;&#9;at org.junit.runners.ParentRunner.runChildren(ParentRunner.java:236)&#13;&#10;&#9;at org.junit.runners.ParentRunner.access$000(ParentRunner.java:53)&#13;&#10;&#9;at org.junit.runners.ParentRunner$2.evaluate(ParentRunner.java:229)&#13;&#10;&#9;at org.junit.runners.ParentRunner.run(ParentRunner.java:309)&#13;&#10;&#9;at org.eclipse.jdt.internal.junit4.runner.JUnit4TestReference.run(JUnit4TestReference.java:50)&#13;&#10;&#9;at org.eclipse.jdt.internal.junit.runner.TestExecution.run(TestExecution.java:38)&#13;&#10;&#9;at org.eclipse.jdt.internal.junit.runner.RemoteTestRunner.runTests(RemoteTestRunner.java:467)&#13;&#10;&#9;at org.eclipse.jdt.internal.junit.runner.RemoteTestRunner.runTests(RemoteTestRunner.java:683)&#13;&#10;&#9;at org.eclipse.jdt.internal.junit.runner.RemoteTestRunner.run(RemoteTestRunner.java:390)&#13;&#10;&#9;at org.codecover.juniteclipse.runner.EclipseTestRunner.main(EclipseTestRunner.java:40)" Date="1589513097640" Name="DrawTest:testMouseExited">
<CovList/>
<AssgnmntList/>
<ObjMetaDataList/>
<MetaDataList/>
</TestCase>
<TestCase Comment="Failure&#10;java.lang.AssertionError: Not yet implemented&#13;&#10;&#9;at org.junit.Assert.fail(Assert.java:88)&#13;&#10;&#9;at DrawTest.testPictureDoubleDoubleString(DrawTest.java:296)&#13;&#10;&#9;at sun.reflect.NativeMethodAccessorImpl.invoke0(Native Method)&#13;&#10;&#9;at sun.reflect.NativeMethodAccessorImpl.invoke(Unknown Source)&#13;&#10;&#9;at sun.reflect.DelegatingMethodAccessorImpl.invoke(Unknown Source)&#13;&#10;&#9;at java.lang.reflect.Method.invoke(Unknown Source)&#13;&#10;&#9;at org.junit.runners.model.FrameworkMethod$1.runReflectiveCall(FrameworkMethod.java:47)&#13;&#10;&#9;at org.junit.internal.runners.model.ReflectiveCallable.run(ReflectiveCallable.java:12)&#13;&#10;&#9;at org.junit.runners.model.FrameworkMethod.invokeExplosively(FrameworkMethod.java:44)&#13;&#10;&#9;at org.junit.internal.runners.statements.InvokeMethod.evaluate(InvokeMethod.java:17)&#13;&#10;&#9;at org.junit.runners.ParentRunner.runLeaf(ParentRunner.java:271)&#13;&#10;&#9;at org.junit.runners.BlockJUnit4ClassRunner.runChild(BlockJUnit4ClassRunner.java:70)&#13;&#10;&#9;at org.junit.runners.BlockJUnit4ClassRunner.runChild(BlockJUnit4ClassRunner.java:50)&#13;&#10;&#9;at org.junit.runners.ParentRunner$3.run(ParentRunner.java:238)&#13;&#10;&#9;at org.junit.runners.ParentRunner$1.schedule(ParentRunner.java:63)&#13;&#10;&#9;at org.junit.runners.ParentRunner.runChildren(ParentRunner.java:236)&#13;&#10;&#9;at org.junit.runners.ParentRunner.access$000(ParentRunner.java:53)&#13;&#10;&#9;at org.junit.runners.ParentRunner$2.evaluate(ParentRunner.java:229)&#13;&#10;&#9;at org.junit.runners.ParentRunner.run(ParentRunner.java:309)&#13;&#10;&#9;at org.eclipse.jdt.internal.junit4.runner.JUnit4TestReference.run(JUnit4TestReference.java:50)&#13;&#10;&#9;at org.eclipse.jdt.internal.junit.runner.TestExecution.run(TestExecution.java:38)&#13;&#10;&#9;at org.eclipse.jdt.internal.junit.runner.RemoteTestRunner.runTests(RemoteTestRunner.java:467)&#13;&#10;&#9;at org.eclipse.jdt.internal.junit.runner.RemoteTestRunner.runTests(RemoteTestRunner.java:683)&#13;&#10;&#9;at org.eclipse.jdt.internal.junit.runner.RemoteTestRunner.run(RemoteTestRunner.java:390)&#13;&#10;&#9;at org.codecover.juniteclipse.runner.EclipseTestRunner.main(EclipseTestRunner.java:40)" Date="1589513097733" Name="DrawTest:testPictureDoubleDoubleString">
<CovList/>
<AssgnmntList/>
<ObjMetaDataList/>
<MetaDataList/>
</TestCase>
<TestCase Comment="Failure&#10;java.lang.AssertionError: Not yet implemented&#13;&#10;&#9;at org.junit.Assert.fail(Assert.java:88)&#13;&#10;&#9;at DrawTest.testTextDoubleDoubleString(DrawTest.java:316)&#13;&#10;&#9;at sun.reflect.NativeMethodAccessorImpl.invoke0(Native Method)&#13;&#10;&#9;at sun.reflect.NativeMethodAccessorImpl.invoke(Unknown Source)&#13;&#10;&#9;at sun.reflect.DelegatingMethodAccessorImpl.invoke(Unknown Source)&#13;&#10;&#9;at java.lang.reflect.Method.invoke(Unknown Source)&#13;&#10;&#9;at org.junit.runners.model.FrameworkMethod$1.runReflectiveCall(FrameworkMethod.java:47)&#13;&#10;&#9;at org.junit.internal.runners.model.ReflectiveCallable.run(ReflectiveCallable.java:12)&#13;&#10;&#9;at org.junit.runners.model.FrameworkMethod.invokeExplosively(FrameworkMethod.java:44)&#13;&#10;&#9;at org.junit.internal.runners.statements.InvokeMethod.evaluate(InvokeMethod.java:17)&#13;&#10;&#9;at org.junit.runners.ParentRunner.runLeaf(ParentRunner.java:271)&#13;&#10;&#9;at org.junit.runners.BlockJUnit4ClassRunner.runChild(BlockJUnit4ClassRunner.java:70)&#13;&#10;&#9;at org.junit.runners.BlockJUnit4ClassRunner.runChild(BlockJUnit4ClassRunner.java:50)&#13;&#10;&#9;at org.junit.runners.ParentRunner$3.run(ParentRunner.java:238)&#13;&#10;&#9;at org.junit.runners.ParentRunner$1.schedule(ParentRunner.java:63)&#13;&#10;&#9;at org.junit.runners.ParentRunner.runChildren(ParentRunner.java:236)&#13;&#10;&#9;at org.junit.runners.ParentRunner.access$000(ParentRunner.java:53)&#13;&#10;&#9;at org.junit.runners.ParentRunner$2.evaluate(ParentRunner.java:229)&#13;&#10;&#9;at org.junit.runners.ParentRunner.run(ParentRunner.java:309)&#13;&#10;&#9;at org.eclipse.jdt.internal.junit4.runner.JUnit4TestReference.run(JUnit4TestReference.java:50)&#13;&#10;&#9;at org.eclipse.jdt.internal.junit.runner.TestExecution.run(TestExecution.java:38)&#13;&#10;&#9;at org.eclipse.jdt.internal.junit.runner.RemoteTestRunner.runTests(RemoteTestRunner.java:467)&#13;&#10;&#9;at org.eclipse.jdt.internal.junit.runner.RemoteTestRunner.runTests(RemoteTestRunner.java:683)&#13;&#10;&#9;at org.eclipse.jdt.internal.junit.runner.RemoteTestRunner.run(RemoteTestRunner.java:390)&#13;&#10;&#9;at org.codecover.juniteclipse.runner.EclipseTestRunner.main(EclipseTestRunner.java:40)" Date="1589513097836" Name="DrawTest:testTextDoubleDoubleString">
<CovList/>
<AssgnmntList/>
<ObjMetaDataList/>
<MetaDataList/>
</TestCase>
<TestCase Comment="Failure&#10;java.lang.AssertionError: Not yet implemented&#13;&#10;&#9;at org.junit.Assert.fail(Assert.java:88)&#13;&#10;&#9;at DrawTest.testMouseMoved(DrawTest.java:431)&#13;&#10;&#9;at sun.reflect.NativeMethodAccessorImpl.invoke0(Native Method)&#13;&#10;&#9;at sun.reflect.NativeMethodAccessorImpl.invoke(Unknown Source)&#13;&#10;&#9;at sun.reflect.DelegatingMethodAccessorImpl.invoke(Unknown Source)&#13;&#10;&#9;at java.lang.reflect.Method.invoke(Unknown Source)&#13;&#10;&#9;at org.junit.runners.model.FrameworkMethod$1.runReflectiveCall(FrameworkMethod.java:47)&#13;&#10;&#9;at org.junit.internal.runners.model.ReflectiveCallable.run(ReflectiveCallable.java:12)&#13;&#10;&#9;at org.junit.runners.model.FrameworkMethod.invokeExplosively(FrameworkMethod.java:44)&#13;&#10;&#9;at org.junit.internal.runners.statements.InvokeMethod.evaluate(InvokeMethod.java:17)&#13;&#10;&#9;at org.junit.runners.ParentRunner.runLeaf(ParentRunner.java:271)&#13;&#10;&#9;at org.junit.runners.BlockJUnit4ClassRunner.runChild(BlockJUnit4ClassRunner.java:70)&#13;&#10;&#9;at org.junit.runners.BlockJUnit4ClassRunner.runChild(BlockJUnit4ClassRunner.java:50)&#13;&#10;&#9;at org.junit.runners.ParentRunner$3.run(ParentRunner.java:238)&#13;&#10;&#9;at org.junit.runners.ParentRunner$1.schedule(ParentRunner.java:63)&#13;&#10;&#9;at org.junit.runners.ParentRunner.runChildren(ParentRunner.java:236)&#13;&#10;&#9;at org.junit.runners.ParentRunner.access$000(ParentRunner.java:53)&#13;&#10;&#9;at org.junit.runners.ParentRunner$2.evaluate(ParentRunner.java:229)&#13;&#10;&#9;at org.junit.runners.ParentRunner.run(ParentRunner.java:309)&#13;&#10;&#9;at org.eclipse.jdt.internal.junit4.runner.JUnit4TestReference.run(JUnit4TestReference.java:50)&#13;&#10;&#9;at org.eclipse.jdt.internal.junit.runner.TestExecution.run(TestExecution.java:38)&#13;&#10;&#9;at org.eclipse.jdt.internal.junit.runner.RemoteTestRunner.runTests(RemoteTestRunner.java:467)&#13;&#10;&#9;at org.eclipse.jdt.internal.junit.runner.RemoteTestRunner.runTests(RemoteTestRunner.java:683)&#13;&#10;&#9;at org.eclipse.jdt.internal.junit.runner.RemoteTestRunner.run(RemoteTestRunner.java:390)&#13;&#10;&#9;at org.codecover.juniteclipse.runner.EclipseTestRunner.main(EclipseTestRunner.java:40)" Date="1589513097970" Name="DrawTest:testMouseMoved">
<CovList/>
<AssgnmntList/>
<ObjMetaDataList/>
<MetaDataList/>
</TestCase>
<TestCase Comment="Failure&#10;java.lang.AssertionError: Not yet implemented&#13;&#10;&#9;at org.junit.Assert.fail(Assert.java:88)&#13;&#10;&#9;at DrawTest.testHasNextKeyTyped(DrawTest.java:436)&#13;&#10;&#9;at sun.reflect.NativeMethodAccessorImpl.invoke0(Native Method)&#13;&#10;&#9;at sun.reflect.NativeMethodAccessorImpl.invoke(Unknown Source)&#13;&#10;&#9;at sun.reflect.DelegatingMethodAccessorImpl.invoke(Unknown Source)&#13;&#10;&#9;at java.lang.reflect.Method.invoke(Unknown Source)&#13;&#10;&#9;at org.junit.runners.model.FrameworkMethod$1.runReflectiveCall(FrameworkMethod.java:47)&#13;&#10;&#9;at org.junit.internal.runners.model.ReflectiveCallable.run(ReflectiveCallable.java:12)&#13;&#10;&#9;at org.junit.runners.model.FrameworkMethod.invokeExplosively(FrameworkMethod.java:44)&#13;&#10;&#9;at org.junit.internal.runners.statements.InvokeMethod.evaluate(InvokeMethod.java:17)&#13;&#10;&#9;at org.junit.runners.ParentRunner.runLeaf(ParentRunner.java:271)&#13;&#10;&#9;at org.junit.runners.BlockJUnit4ClassRunner.runChild(BlockJUnit4ClassRunner.java:70)&#13;&#10;&#9;at org.junit.runners.BlockJUnit4ClassRunner.runChild(BlockJUnit4ClassRunner.java:50)&#13;&#10;&#9;at org.junit.runners.ParentRunner$3.run(ParentRunner.java:238)&#13;&#10;&#9;at org.junit.runners.ParentRunner$1.schedule(ParentRunner.java:63)&#13;&#10;&#9;at org.junit.runners.ParentRunner.runChildren(ParentRunner.java:236)&#13;&#10;&#9;at org.junit.runners.ParentRunner.access$000(ParentRunner.java:53)&#13;&#10;&#9;at org.junit.runners.ParentRunner$2.evaluate(ParentRunner.java:229)&#13;&#10;&#9;at org.junit.runners.ParentRunner.run(ParentRunner.java:309)&#13;&#10;&#9;at org.eclipse.jdt.internal.junit4.runner.JUnit4TestReference.run(JUnit4TestReference.java:50)&#13;&#10;&#9;at org.eclipse.jdt.internal.junit.runner.TestExecution.run(TestExecution.java:38)&#13;&#10;&#9;at org.eclipse.jdt.internal.junit.runner.RemoteTestRunner.runTests(RemoteTestRunner.java:467)&#13;&#10;&#9;at org.eclipse.jdt.internal.junit.runner.RemoteTestRunner.runTests(RemoteTestRunner.java:683)&#13;&#10;&#9;at org.eclipse.jdt.internal.junit.runner.RemoteTestRunner.run(RemoteTestRunner.java:390)&#13;&#10;&#9;at org.codecover.juniteclipse.runner.EclipseTestRunner.main(EclipseTestRunner.java:40)" Date="1589513098088" Name="DrawTest:testHasNextKeyTyped">
<CovList/>
<AssgnmntList/>
<ObjMetaDataList/>
<MetaDataList/>
</TestCase>
<TestCase Comment="Failure&#10;java.lang.AssertionError: Not yet implemented&#13;&#10;&#9;at org.junit.Assert.fail(Assert.java:88)&#13;&#10;&#9;at DrawTest.testFilledCircle(DrawTest.java:241)&#13;&#10;&#9;at sun.reflect.NativeMethodAccessorImpl.invoke0(Native Method)&#13;&#10;&#9;at sun.reflect.NativeMethodAccessorImpl.invoke(Unknown Source)&#13;&#10;&#9;at sun.reflect.DelegatingMethodAccessorImpl.invoke(Unknown Source)&#13;&#10;&#9;at java.lang.reflect.Method.invoke(Unknown Source)&#13;&#10;&#9;at org.junit.runners.model.FrameworkMethod$1.runReflectiveCall(FrameworkMethod.java:47)&#13;&#10;&#9;at org.junit.internal.runners.model.ReflectiveCallable.run(ReflectiveCallable.java:12)&#13;&#10;&#9;at org.junit.runners.model.FrameworkMethod.invokeExplosively(FrameworkMethod.java:44)&#13;&#10;&#9;at org.junit.internal.runners.statements.InvokeMethod.evaluate(InvokeMethod.java:17)&#13;&#10;&#9;at org.junit.runners.ParentRunner.runLeaf(ParentRunner.java:271)&#13;&#10;&#9;at org.junit.runners.BlockJUnit4ClassRunner.runChild(BlockJUnit4ClassRunner.java:70)&#13;&#10;&#9;at org.junit.runners.BlockJUnit4ClassRunner.runChild(BlockJUnit4ClassRunner.java:50)&#13;&#10;&#9;at org.junit.runners.ParentRunner$3.run(ParentRunner.java:238)&#13;&#10;&#9;at org.junit.runners.ParentRunner$1.schedule(ParentRunner.java:63)&#13;&#10;&#9;at org.junit.runners.ParentRunner.runChildren(ParentRunner.java:236)&#13;&#10;&#9;at org.junit.runners.ParentRunner.access$000(ParentRunner.java:53)&#13;&#10;&#9;at org.junit.runners.ParentRunner$2.evaluate(ParentRunner.java:229)&#13;&#10;&#9;at org.junit.runners.ParentRunner.run(ParentRunner.java:309)&#13;&#10;&#9;at org.eclipse.jdt.internal.junit4.runner.JUnit4TestReference.run(JUnit4TestReference.java:50)&#13;&#10;&#9;at org.eclipse.jdt.internal.junit.runner.TestExecution.run(TestExecution.java:38)&#13;&#10;&#9;at org.eclipse.jdt.internal.junit.runner.RemoteTestRunner.runTests(RemoteTestRunner.java:467)&#13;&#10;&#9;at org.eclipse.jdt.internal.junit.runner.RemoteTestRunner.runTests(RemoteTestRunner.java:683)&#13;&#10;&#9;at org.eclipse.jdt.internal.junit.runner.RemoteTestRunner.run(RemoteTestRunner.java:390)&#13;&#10;&#9;at org.codecover.juniteclipse.runner.EclipseTestRunner.main(EclipseTestRunner.java:40)" Date="1589513098197" Name="DrawTest:testFilledCircle">
<CovList/>
<AssgnmntList/>
<ObjMetaDataList/>
<MetaDataList/>
</TestCase>
<TestCase Comment="Failure&#10;java.lang.AssertionError: Not yet implemented&#13;&#10;&#9;at org.junit.Assert.fail(Assert.java:88)&#13;&#10;&#9;at DrawTest.testNextKeyTyped(DrawTest.java:441)&#13;&#10;&#9;at sun.reflect.NativeMethodAccessorImpl.invoke0(Native Method)&#13;&#10;&#9;at sun.reflect.NativeMethodAccessorImpl.invoke(Unknown Source)&#13;&#10;&#9;at sun.reflect.DelegatingMethodAccessorImpl.invoke(Unknown Source)&#13;&#10;&#9;at java.lang.reflect.Method.invoke(Unknown Source)&#13;&#10;&#9;at org.junit.runners.model.FrameworkMethod$1.runReflectiveCall(FrameworkMethod.java:47)&#13;&#10;&#9;at org.junit.internal.runners.model.ReflectiveCallable.run(ReflectiveCallable.java:12)&#13;&#10;&#9;at org.junit.runners.model.FrameworkMethod.invokeExplosively(FrameworkMethod.java:44)&#13;&#10;&#9;at org.junit.internal.runners.statements.InvokeMethod.evaluate(InvokeMethod.java:17)&#13;&#10;&#9;at org.junit.runners.ParentRunner.runLeaf(ParentRunner.java:271)&#13;&#10;&#9;at org.junit.runners.BlockJUnit4ClassRunner.runChild(BlockJUnit4ClassRunner.java:70)&#13;&#10;&#9;at org.junit.runners.BlockJUnit4ClassRunner.runChild(BlockJUnit4ClassRunner.java:50)&#13;&#10;&#9;at org.junit.runners.ParentRunner$3.run(ParentRunner.java:238)&#13;&#10;&#9;at org.junit.runners.ParentRunner$1.schedule(ParentRunner.java:63)&#13;&#10;&#9;at org.junit.runners.ParentRunner.runChildren(ParentRunner.java:236)&#13;&#10;&#9;at org.junit.runners.ParentRunner.access$000(ParentRunner.java:53)&#13;&#10;&#9;at org.junit.runners.ParentRunner$2.evaluate(ParentRunner.java:229)&#13;&#10;&#9;at org.junit.runners.ParentRunner.run(ParentRunner.java:309)&#13;&#10;&#9;at org.eclipse.jdt.internal.junit4.runner.JUnit4TestReference.run(JUnit4TestReference.java:50)&#13;&#10;&#9;at org.eclipse.jdt.internal.junit.runner.TestExecution.run(TestExecution.java:38)&#13;&#10;&#9;at org.eclipse.jdt.internal.junit.runner.RemoteTestRunner.runTests(RemoteTestRunner.java:467)&#13;&#10;&#9;at org.eclipse.jdt.internal.junit.runner.RemoteTestRunner.runTests(RemoteTestRunner.java:683)&#13;&#10;&#9;at org.eclipse.jdt.internal.junit.runner.RemoteTestRunner.run(RemoteTestRunner.java:390)&#13;&#10;&#9;at org.codecover.juniteclipse.runner.EclipseTestRunner.main(EclipseTestRunner.java:40)" Date="1589513098303" Name="DrawTest:testNextKeyTyped">
<CovList/>
<AssgnmntList/>
<ObjMetaDataList/>
<MetaDataList/>
</TestCase>
<TestCase Comment="Failure&#10;java.lang.AssertionError: Not yet implemented&#13;&#10;&#9;at org.junit.Assert.fail(Assert.java:88)&#13;&#10;&#9;at DrawTest.testMouseDragged(DrawTest.java:426)&#13;&#10;&#9;at sun.reflect.NativeMethodAccessorImpl.invoke0(Native Method)&#13;&#10;&#9;at sun.reflect.NativeMethodAccessorImpl.invoke(Unknown Source)&#13;&#10;&#9;at sun.reflect.DelegatingMethodAccessorImpl.invoke(Unknown Source)&#13;&#10;&#9;at java.lang.reflect.Method.invoke(Unknown Source)&#13;&#10;&#9;at org.junit.runners.model.FrameworkMethod$1.runReflectiveCall(FrameworkMethod.java:47)&#13;&#10;&#9;at org.junit.internal.runners.model.ReflectiveCallable.run(ReflectiveCallable.java:12)&#13;&#10;&#9;at org.junit.runners.model.FrameworkMethod.invokeExplosively(FrameworkMethod.java:44)&#13;&#10;&#9;at org.junit.internal.runners.statements.InvokeMethod.evaluate(InvokeMethod.java:17)&#13;&#10;&#9;at org.junit.runners.ParentRunner.runLeaf(ParentRunner.java:271)&#13;&#10;&#9;at org.junit.runners.BlockJUnit4ClassRunner.runChild(BlockJUnit4ClassRunner.java:70)&#13;&#10;&#9;at org.junit.runners.BlockJUnit4ClassRunner.runChild(BlockJUnit4ClassRunner.java:50)&#13;&#10;&#9;at org.junit.runners.ParentRunner$3.run(ParentRunner.java:238)&#13;&#10;&#9;at org.junit.runners.ParentRunner$1.schedule(ParentRunner.java:63)&#13;&#10;&#9;at org.junit.runners.ParentRunner.runChildren(ParentRunner.java:236)&#13;&#10;&#9;at org.junit.runners.ParentRunner.access$000(ParentRunner.java:53)&#13;&#10;&#9;at org.junit.runners.ParentRunner$2.evaluate(ParentRunner.java:229)&#13;&#10;&#9;at org.junit.runners.ParentRunner.run(ParentRunner.java:309)&#13;&#10;&#9;at org.eclipse.jdt.internal.junit4.runner.JUnit4TestReference.run(JUnit4TestReference.java:50)&#13;&#10;&#9;at org.eclipse.jdt.internal.junit.runner.TestExecution.run(TestExecution.java:38)&#13;&#10;&#9;at org.eclipse.jdt.internal.junit.runner.RemoteTestRunner.runTests(RemoteTestRunner.java:467)&#13;&#10;&#9;at org.eclipse.jdt.internal.junit.runner.RemoteTestRunner.runTests(RemoteTestRunner.java:683)&#13;&#10;&#9;at org.eclipse.jdt.internal.junit.runner.RemoteTestRunner.run(RemoteTestRunner.java:390)&#13;&#10;&#9;at org.codecover.juniteclipse.runner.EclipseTestRunner.main(EclipseTestRunner.java:40)" Date="1589513098393" Name="DrawTest:testMouseDragged">
<CovList/>
<AssgnmntList/>
<ObjMetaDataList/>
<MetaDataList/>
</TestCase>
<TestCase Comment="Failure&#10;java.lang.AssertionError: Not yet implemented&#13;&#10;&#9;at org.junit.Assert.fail(Assert.java:88)&#13;&#10;&#9;at DrawTest.testMousePressedMouseEvent(DrawTest.java:411)&#13;&#10;&#9;at sun.reflect.NativeMethodAccessorImpl.invoke0(Native Method)&#13;&#10;&#9;at sun.reflect.NativeMethodAccessorImpl.invoke(Unknown Source)&#13;&#10;&#9;at sun.reflect.DelegatingMethodAccessorImpl.invoke(Unknown Source)&#13;&#10;&#9;at java.lang.reflect.Method.invoke(Unknown Source)&#13;&#10;&#9;at org.junit.runners.model.FrameworkMethod$1.runReflectiveCall(FrameworkMethod.java:47)&#13;&#10;&#9;at org.junit.internal.runners.model.ReflectiveCallable.run(ReflectiveCallable.java:12)&#13;&#10;&#9;at org.junit.runners.model.FrameworkMethod.invokeExplosively(FrameworkMethod.java:44)&#13;&#10;&#9;at org.junit.internal.runners.statements.InvokeMethod.evaluate(InvokeMethod.java:17)&#13;&#10;&#9;at org.junit.runners.ParentRunner.runLeaf(ParentRunner.java:271)&#13;&#10;&#9;at org.junit.runners.BlockJUnit4ClassRunner.runChild(BlockJUnit4ClassRunner.java:70)&#13;&#10;&#9;at org.junit.runners.BlockJUnit4ClassRunner.runChild(BlockJUnit4ClassRunner.java:50)&#13;&#10;&#9;at org.junit.runners.ParentRunner$3.run(ParentRunner.java:238)&#13;&#10;&#9;at org.junit.runners.ParentRunner$1.schedule(ParentRunner.java:63)&#13;&#10;&#9;at org.junit.runners.ParentRunner.runChildren(ParentRunner.java:236)&#13;&#10;&#9;at org.junit.runners.ParentRunner.access$000(ParentRunner.java:53)&#13;&#10;&#9;at org.junit.runners.ParentRunner$2.evaluate(ParentRunner.java:229)&#13;&#10;&#9;at org.junit.runners.ParentRunner.run(ParentRunner.java:309)&#13;&#10;&#9;at org.eclipse.jdt.internal.junit4.runner.JUnit4TestReference.run(JUnit4TestReference.java:50)&#13;&#10;&#9;at org.eclipse.jdt.internal.junit.runner.TestExecution.run(TestExecution.java:38)&#13;&#10;&#9;at org.eclipse.jdt.internal.junit.runner.RemoteTestRunner.runTests(RemoteTestRunner.java:467)&#13;&#10;&#9;at org.eclipse.jdt.internal.junit.runner.RemoteTestRunner.runTests(RemoteTestRunner.java:683)&#13;&#10;&#9;at org.eclipse.jdt.internal.junit.runner.RemoteTestRunner.run(RemoteTestRunner.java:390)&#13;&#10;&#9;at org.codecover.juniteclipse.runner.EclipseTestRunner.main(EclipseTestRunner.java:40)" Date="1589513098482" Name="DrawTest:testMousePressedMouseEvent">
<CovList/>
<AssgnmntList/>
<ObjMetaDataList/>
<MetaDataList/>
</TestCase>
<TestCase Comment="Failure&#10;java.lang.AssertionError: Not yet implemented&#13;&#10;&#9;at org.junit.Assert.fail(Assert.java:88)&#13;&#10;&#9;at DrawTest.testEnableDoubleBuffering(DrawTest.java:356)&#13;&#10;&#9;at sun.reflect.NativeMethodAccessorImpl.invoke0(Native Method)&#13;&#10;&#9;at sun.reflect.NativeMethodAccessorImpl.invoke(Unknown Source)&#13;&#10;&#9;at sun.reflect.DelegatingMethodAccessorImpl.invoke(Unknown Source)&#13;&#10;&#9;at java.lang.reflect.Method.invoke(Unknown Source)&#13;&#10;&#9;at org.junit.runners.model.FrameworkMethod$1.runReflectiveCall(FrameworkMethod.java:47)&#13;&#10;&#9;at org.junit.internal.runners.model.ReflectiveCallable.run(ReflectiveCallable.java:12)&#13;&#10;&#9;at org.junit.runners.model.FrameworkMethod.invokeExplosively(FrameworkMethod.java:44)&#13;&#10;&#9;at org.junit.internal.runners.statements.InvokeMethod.evaluate(InvokeMethod.java:17)&#13;&#10;&#9;at org.junit.runners.ParentRunner.runLeaf(ParentRunner.java:271)&#13;&#10;&#9;at org.junit.runners.BlockJUnit4ClassRunner.runChild(BlockJUnit4ClassRunner.java:70)&#13;&#10;&#9;at org.junit.runners.BlockJUnit4ClassRunner.runChild(BlockJUnit4ClassRunner.java:50)&#13;&#10;&#9;at org.junit.runners.ParentRunner$3.run(ParentRunner.java:238)&#13;&#10;&#9;at org.junit.runners.ParentRunner$1.schedule(ParentRunner.java:63)&#13;&#10;&#9;at org.junit.runners.ParentRunner.runChildren(ParentRunner.java:236)&#13;&#10;&#9;at org.junit.runners.ParentRunner.access$000(ParentRunner.java:53)&#13;&#10;&#9;at org.junit.runners.ParentRunner$2.evaluate(ParentRunner.java:229)&#13;&#10;&#9;at org.junit.runners.ParentRunner.run(ParentRunner.java:309)&#13;&#10;&#9;at org.eclipse.jdt.internal.junit4.runner.JUnit4TestReference.run(JUnit4TestReference.java:50)&#13;&#10;&#9;at org.eclipse.jdt.internal.junit.runner.TestExecution.run(TestExecution.java:38)&#13;&#10;&#9;at org.eclipse.jdt.internal.junit.runner.RemoteTestRunner.runTests(RemoteTestRunner.java:467)&#13;&#10;&#9;at org.eclipse.jdt.internal.junit.runner.RemoteTestRunner.runTests(RemoteTestRunner.java:683)&#13;&#10;&#9;at org.eclipse.jdt.internal.junit.runner.RemoteTestRunner.run(RemoteTestRunner.java:390)&#13;&#10;&#9;at org.codecover.juniteclipse.runner.EclipseTestRunner.main(EclipseTestRunner.java:40)" Date="1589513098559" Name="DrawTest:testEnableDoubleBuffering">
<CovList/>
<AssgnmntList/>
<ObjMetaDataList/>
<MetaDataList/>
</TestCase>
<TestCase Comment="Failure&#10;java.lang.AssertionError: Not yet implemented&#13;&#10;&#9;at org.junit.Assert.fail(Assert.java:88)&#13;&#10;&#9;at DrawTest.testFilledRectangle(DrawTest.java:276)&#13;&#10;&#9;at sun.reflect.NativeMethodAccessorImpl.invoke0(Native Method)&#13;&#10;&#9;at sun.reflect.NativeMethodAccessorImpl.invoke(Unknown Source)&#13;&#10;&#9;at sun.reflect.DelegatingMethodAccessorImpl.invoke(Unknown Source)&#13;&#10;&#9;at java.lang.reflect.Method.invoke(Unknown Source)&#13;&#10;&#9;at org.junit.runners.model.FrameworkMethod$1.runReflectiveCall(FrameworkMethod.java:47)&#13;&#10;&#9;at org.junit.internal.runners.model.ReflectiveCallable.run(ReflectiveCallable.java:12)&#13;&#10;&#9;at org.junit.runners.model.FrameworkMethod.invokeExplosively(FrameworkMethod.java:44)&#13;&#10;&#9;at org.junit.internal.runners.statements.InvokeMethod.evaluate(InvokeMethod.java:17)&#13;&#10;&#9;at org.junit.runners.ParentRunner.runLeaf(ParentRunner.java:271)&#13;&#10;&#9;at org.junit.runners.BlockJUnit4ClassRunner.runChild(BlockJUnit4ClassRunner.java:70)&#13;&#10;&#9;at org.junit.runners.BlockJUnit4ClassRunner.runChild(BlockJUnit4ClassRunner.java:50)&#13;&#10;&#9;at org.junit.runners.ParentRunner$3.run(ParentRunner.java:238)&#13;&#10;&#9;at org.junit.runners.ParentRunner$1.schedule(ParentRunner.java:63)&#13;&#10;&#9;at org.junit.runners.ParentRunner.runChildren(ParentRunner.java:236)&#13;&#10;&#9;at org.junit.runners.ParentRunner.access$000(ParentRunner.java:53)&#13;&#10;&#9;at org.junit.runners.ParentRunner$2.evaluate(ParentRunner.java:229)&#13;&#10;&#9;at org.junit.runners.ParentRunner.run(ParentRunner.java:309)&#13;&#10;&#9;at org.eclipse.jdt.internal.junit4.runner.JUnit4TestReference.run(JUnit4TestReference.java:50)&#13;&#10;&#9;at org.eclipse.jdt.internal.junit.runner.TestExecution.run(TestExecution.java:38)&#13;&#10;&#9;at org.eclipse.jdt.internal.junit.runner.RemoteTestRunner.runTests(RemoteTestRunner.java:467)&#13;&#10;&#9;at org.eclipse.jdt.internal.junit.runner.RemoteTestRunner.runTests(RemoteTestRunner.java:683)&#13;&#10;&#9;at org.eclipse.jdt.internal.junit.runner.RemoteTestRunner.run(RemoteTestRunner.java:390)&#13;&#10;&#9;at org.codecover.juniteclipse.runner.EclipseTestRunner.main(EclipseTestRunner.java:40)" Date="1589513098623" Name="DrawTest:testFilledRectangle">
<CovList/>
<AssgnmntList/>
<ObjMetaDataList/>
<MetaDataList/>
</TestCase>
<TestCase Comment="Failure&#10;java.lang.AssertionError: Not yet implemented&#13;&#10;&#9;at org.junit.Assert.fail(Assert.java:88)&#13;&#10;&#9;at DrawTest.testCreateMenuBar(DrawTest.java:62)&#13;&#10;&#9;at sun.reflect.NativeMethodAccessorImpl.invoke0(Native Method)&#13;&#10;&#9;at sun.reflect.NativeMethodAccessorImpl.invoke(Unknown Source)&#13;&#10;&#9;at sun.reflect.DelegatingMethodAccessorImpl.invoke(Unknown Source)&#13;&#10;&#9;at java.lang.reflect.Method.invoke(Unknown Source)&#13;&#10;&#9;at org.junit.runners.model.FrameworkMethod$1.runReflectiveCall(FrameworkMethod.java:47)&#13;&#10;&#9;at org.junit.internal.runners.model.ReflectiveCallable.run(ReflectiveCallable.java:12)&#13;&#10;&#9;at org.junit.runners.model.FrameworkMethod.invokeExplosively(FrameworkMethod.java:44)&#13;&#10;&#9;at org.junit.internal.runners.statements.InvokeMethod.evaluate(InvokeMethod.java:17)&#13;&#10;&#9;at org.junit.runners.ParentRunner.runLeaf(ParentRunner.java:271)&#13;&#10;&#9;at org.junit.runners.BlockJUnit4ClassRunner.runChild(BlockJUnit4ClassRunner.java:70)&#13;&#10;&#9;at org.junit.runners.BlockJUnit4ClassRunner.runChild(BlockJUnit4ClassRunner.java:50)&#13;&#10;&#9;at org.junit.runners.ParentRunner$3.run(ParentRunner.java:238)&#13;&#10;&#9;at org.junit.runners.ParentRunner$1.schedule(ParentRunner.java:63)&#13;&#10;&#9;at org.junit.runners.ParentRunner.runChildren(ParentRunner.java:236)&#13;&#10;&#9;at org.junit.runners.ParentRunner.access$000(ParentRunner.java:53)&#13;&#10;&#9;at org.junit.runners.ParentRunner$2.evaluate(ParentRunner.java:229)&#13;&#10;&#9;at org.junit.runners.ParentRunner.run(ParentRunner.java:309)&#13;&#10;&#9;at org.eclipse.jdt.internal.junit4.runner.JUnit4TestReference.run(JUnit4TestReference.java:50)&#13;&#10;&#9;at org.eclipse.jdt.internal.junit.runner.TestExecution.run(TestExecution.java:38)&#13;&#10;&#9;at org.eclipse.jdt.internal.junit.runner.RemoteTestRunner.runTests(RemoteTestRunner.java:467)&#13;&#10;&#9;at org.eclipse.jdt.internal.junit.runner.RemoteTestRunner.runTests(RemoteTestRunner.java:683)&#13;&#10;&#9;at org.eclipse.jdt.internal.junit.runner.RemoteTestRunner.run(RemoteTestRunner.java:390)&#13;&#10;&#9;at org.codecover.juniteclipse.runner.EclipseTestRunner.main(EclipseTestRunner.java:40)" Date="1589513098729" Name="DrawTest:testCreateMenuBar">
<CovList>
<CovPrefix CovItemPrefix="Draw.java">
<Cov CovItemId="S534" Value="1"/>
<Cov CovItemId="S535" Value="1"/>
<Cov CovItemId="S536" Value="1"/>
<Cov CovItemId="S537" Value="1"/>
<Cov CovItemId="S538" Value="1"/>
<Cov CovItemId="S539" Value="1"/>
<Cov CovItemId="S540" Value="1"/>
<Cov CovItemId="S541" Value="1"/>
</CovPrefix>
</CovList>
<AssgnmntList/>
<ObjMetaDataList/>
<MetaDataList/>
</TestCase>
<TestCase Comment="Failure&#10;java.lang.AssertionError: Not yet implemented&#13;&#10;&#9;at org.junit.Assert.fail(Assert.java:88)&#13;&#10;&#9;at DrawTest.testSetPenColorColor(DrawTest.java:181)&#13;&#10;&#9;at sun.reflect.NativeMethodAccessorImpl.invoke0(Native Method)&#13;&#10;&#9;at sun.reflect.NativeMethodAccessorImpl.invoke(Unknown Source)&#13;&#10;&#9;at sun.reflect.DelegatingMethodAccessorImpl.invoke(Unknown Source)&#13;&#10;&#9;at java.lang.reflect.Method.invoke(Unknown Source)&#13;&#10;&#9;at org.junit.runners.model.FrameworkMethod$1.runReflectiveCall(FrameworkMethod.java:47)&#13;&#10;&#9;at org.junit.internal.runners.model.ReflectiveCallable.run(ReflectiveCallable.java:12)&#13;&#10;&#9;at org.junit.runners.model.FrameworkMethod.invokeExplosively(FrameworkMethod.java:44)&#13;&#10;&#9;at org.junit.internal.runners.statements.InvokeMethod.evaluate(InvokeMethod.java:17)&#13;&#10;&#9;at org.junit.runners.ParentRunner.runLeaf(ParentRunner.java:271)&#13;&#10;&#9;at org.junit.runners.BlockJUnit4ClassRunner.runChild(BlockJUnit4ClassRunner.java:70)&#13;&#10;&#9;at org.junit.runners.BlockJUnit4ClassRunner.runChild(BlockJUnit4ClassRunner.java:50)&#13;&#10;&#9;at org.junit.runners.ParentRunner$3.run(ParentRunner.java:238)&#13;&#10;&#9;at org.junit.runners.ParentRunner$1.schedule(ParentRunner.java:63)&#13;&#10;&#9;at org.junit.runners.ParentRunner.runChildren(ParentRunner.java:236)&#13;&#10;&#9;at org.junit.runners.ParentRunner.access$000(ParentRunner.java:53)&#13;&#10;&#9;at org.junit.runners.ParentRunner$2.evaluate(ParentRunner.java:229)&#13;&#10;&#9;at org.junit.runners.ParentRunner.run(ParentRunner.java:309)&#13;&#10;&#9;at org.eclipse.jdt.internal.junit4.runner.JUnit4TestReference.run(JUnit4TestReference.java:50)&#13;&#10;&#9;at org.eclipse.jdt.internal.junit.runner.TestExecution.run(TestExecution.java:38)&#13;&#10;&#9;at org.eclipse.jdt.internal.junit.runner.RemoteTestRunner.runTests(RemoteTestRunner.java:467)&#13;&#10;&#9;at org.eclipse.jdt.internal.junit.runner.RemoteTestRunner.runTests(RemoteTestRunner.java:683)&#13;&#10;&#9;at org.eclipse.jdt.internal.junit.runner.RemoteTestRunner.run(RemoteTestRunner.java:390)&#13;&#10;&#9;at org.codecover.juniteclipse.runner.EclipseTestRunner.main(EclipseTestRunner.java:40)" Date="1589513098865" Name="DrawTest:testSetPenColorColor">
<CovList/>
<AssgnmntList/>
<ObjMetaDataList/>
<MetaDataList/>
</TestCase>
<TestCase Comment="Failure&#10;java.lang.AssertionError: Not yet implemented&#13;&#10;&#9;at org.junit.Assert.fail(Assert.java:88)&#13;&#10;&#9;at DrawTest.testFilledSquare(DrawTest.java:266)&#13;&#10;&#9;at sun.reflect.NativeMethodAccessorImpl.invoke0(Native Method)&#13;&#10;&#9;at sun.reflect.NativeMethodAccessorImpl.invoke(Unknown Source)&#13;&#10;&#9;at sun.reflect.DelegatingMethodAccessorImpl.invoke(Unknown Source)&#13;&#10;&#9;at java.lang.reflect.Method.invoke(Unknown Source)&#13;&#10;&#9;at org.junit.runners.model.FrameworkMethod$1.runReflectiveCall(FrameworkMethod.java:47)&#13;&#10;&#9;at org.junit.internal.runners.model.ReflectiveCallable.run(ReflectiveCallable.java:12)&#13;&#10;&#9;at org.junit.runners.model.FrameworkMethod.invokeExplosively(FrameworkMethod.java:44)&#13;&#10;&#9;at org.junit.internal.runners.statements.InvokeMethod.evaluate(InvokeMethod.java:17)&#13;&#10;&#9;at org.junit.runners.ParentRunner.runLeaf(ParentRunner.java:271)&#13;&#10;&#9;at org.junit.runners.BlockJUnit4ClassRunner.runChild(BlockJUnit4ClassRunner.java:70)&#13;&#10;&#9;at org.junit.runners.BlockJUnit4ClassRunner.runChild(BlockJUnit4ClassRunner.java:50)&#13;&#10;&#9;at org.junit.runners.ParentRunner$3.run(ParentRunner.java:238)&#13;&#10;&#9;at org.junit.runners.ParentRunner$1.schedule(ParentRunner.java:63)&#13;&#10;&#9;at org.junit.runners.ParentRunner.runChildren(ParentRunner.java:236)&#13;&#10;&#9;at org.junit.runners.ParentRunner.access$000(ParentRunner.java:53)&#13;&#10;&#9;at org.junit.runners.ParentRunner$2.evaluate(ParentRunner.java:229)&#13;&#10;&#9;at org.junit.runners.ParentRunner.run(ParentRunner.java:309)&#13;&#10;&#9;at org.eclipse.jdt.internal.junit4.runner.JUnit4TestReference.run(JUnit4TestReference.java:50)&#13;&#10;&#9;at org.eclipse.jdt.internal.junit.runner.TestExecution.run(TestExecution.java:38)&#13;&#10;&#9;at org.eclipse.jdt.internal.junit.runner.RemoteTestRunner.runTests(RemoteTestRunner.java:467)&#13;&#10;&#9;at org.eclipse.jdt.internal.junit.runner.RemoteTestRunner.runTests(RemoteTestRunner.java:683)&#13;&#10;&#9;at org.eclipse.jdt.internal.junit.runner.RemoteTestRunner.run(RemoteTestRunner.java:390)&#13;&#10;&#9;at org.codecover.juniteclipse.runner.EclipseTestRunner.main(EclipseTestRunner.java:40)" Date="1589513098978" Name="DrawTest:testFilledSquare">
<CovList/>
<AssgnmntList/>
<ObjMetaDataList/>
<MetaDataList/>
</TestCase>
<TestCase Comment="Failure&#10;java.lang.AssertionError: Not yet implemented&#13;&#10;&#9;at org.junit.Assert.fail(Assert.java:88)&#13;&#10;&#9;at DrawTest.testSetPenColorIntIntInt(DrawTest.java:186)&#13;&#10;&#9;at sun.reflect.NativeMethodAccessorImpl.invoke0(Native Method)&#13;&#10;&#9;at sun.reflect.NativeMethodAccessorImpl.invoke(Unknown Source)&#13;&#10;&#9;at sun.reflect.DelegatingMethodAccessorImpl.invoke(Unknown Source)&#13;&#10;&#9;at java.lang.reflect.Method.invoke(Unknown Source)&#13;&#10;&#9;at org.junit.runners.model.FrameworkMethod$1.runReflectiveCall(FrameworkMethod.java:47)&#13;&#10;&#9;at org.junit.internal.runners.model.ReflectiveCallable.run(ReflectiveCallable.java:12)&#13;&#10;&#9;at org.junit.runners.model.FrameworkMethod.invokeExplosively(FrameworkMethod.java:44)&#13;&#10;&#9;at org.junit.internal.runners.statements.InvokeMethod.evaluate(InvokeMethod.java:17)&#13;&#10;&#9;at org.junit.runners.ParentRunner.runLeaf(ParentRunner.java:271)&#13;&#10;&#9;at org.junit.runners.BlockJUnit4ClassRunner.runChild(BlockJUnit4ClassRunner.java:70)&#13;&#10;&#9;at org.junit.runners.BlockJUnit4ClassRunner.runChild(BlockJUnit4ClassRunner.java:50)&#13;&#10;&#9;at org.junit.runners.ParentRunner$3.run(ParentRunner.java:238)&#13;&#10;&#9;at org.junit.runners.ParentRunner$1.schedule(ParentRunner.java:63)&#13;&#10;&#9;at org.junit.runners.ParentRunner.runChildren(ParentRunner.java:236)&#13;&#10;&#9;at org.junit.runners.ParentRunner.access$000(ParentRunner.java:53)&#13;&#10;&#9;at org.junit.runners.ParentRunner$2.evaluate(ParentRunner.java:229)&#13;&#10;&#9;at org.junit.runners.ParentRunner.run(ParentRunner.java:309)&#13;&#10;&#9;at org.eclipse.jdt.internal.junit4.runner.JUnit4TestReference.run(JUnit4TestReference.java:50)&#13;&#10;&#9;at org.eclipse.jdt.internal.junit.runner.TestExecution.run(TestExecution.java:38)&#13;&#10;&#9;at org.eclipse.jdt.internal.junit.runner.RemoteTestRunner.runTests(RemoteTestRunner.java:467)&#13;&#10;&#9;at org.eclipse.jdt.internal.junit.runner.RemoteTestRunner.runTests(RemoteTestRunner.java:683)&#13;&#10;&#9;at org.eclipse.jdt.internal.junit.runner.RemoteTestRunner.run(RemoteTestRunner.java:390)&#13;&#10;&#9;at org.codecover.juniteclipse.runner.EclipseTestRunner.main(EclipseTestRunner.java:40)" Date="1589513099089" Name="DrawTest:testSetPenColorIntIntInt">
<CovList/>
<AssgnmntList/>
<ObjMetaDataList/>
<MetaDataList/>
</TestCase>
<TestCase Comment="Failure&#10;java.lang.AssertionError: Not yet implemented&#13;&#10;&#9;at org.junit.Assert.fail(Assert.java:88)&#13;&#10;&#9;at DrawTest.testPictureDoubleDoubleStringDoubleDouble(DrawTest.java:306)&#13;&#10;&#9;at sun.reflect.NativeMethodAccessorImpl.invoke0(Native Method)&#13;&#10;&#9;at sun.reflect.NativeMethodAccessorImpl.invoke(Unknown Source)&#13;&#10;&#9;at sun.reflect.DelegatingMethodAccessorImpl.invoke(Unknown Source)&#13;&#10;&#9;at java.lang.reflect.Method.invoke(Unknown Source)&#13;&#10;&#9;at org.junit.runners.model.FrameworkMethod$1.runReflectiveCall(FrameworkMethod.java:47)&#13;&#10;&#9;at org.junit.internal.runners.model.ReflectiveCallable.run(ReflectiveCallable.java:12)&#13;&#10;&#9;at org.junit.runners.model.FrameworkMethod.invokeExplosively(FrameworkMethod.java:44)&#13;&#10;&#9;at org.junit.internal.runners.statements.InvokeMethod.evaluate(InvokeMethod.java:17)&#13;&#10;&#9;at org.junit.runners.ParentRunner.runLeaf(ParentRunner.java:271)&#13;&#10;&#9;at org.junit.runners.BlockJUnit4ClassRunner.runChild(BlockJUnit4ClassRunner.java:70)&#13;&#10;&#9;at org.junit.runners.BlockJUnit4ClassRunner.runChild(BlockJUnit4ClassRunner.java:50)&#13;&#10;&#9;at org.junit.runners.ParentRunner$3.run(ParentRunner.java:238)&#13;&#10;&#9;at org.junit.runners.ParentRunner$1.schedule(ParentRunner.java:63)&#13;&#10;&#9;at org.junit.runners.ParentRunner.runChildren(ParentRunner.java:236)&#13;&#10;&#9;at org.junit.runners.ParentRunner.access$000(ParentRunner.java:53)&#13;&#10;&#9;at org.junit.runners.ParentRunner$2.evaluate(ParentRunner.java:229)&#13;&#10;&#9;at org.junit.runners.ParentRunner.run(ParentRunner.java:309)&#13;&#10;&#9;at org.eclipse.jdt.internal.junit4.runner.JUnit4TestReference.run(JUnit4TestReference.java:50)&#13;&#10;&#9;at org.eclipse.jdt.internal.junit.runner.TestExecution.run(TestExecution.java:38)&#13;&#10;&#9;at org.eclipse.jdt.internal.junit.runner.RemoteTestRunner.runTests(RemoteTestRunner.java:467)&#13;&#10;&#9;at org.eclipse.jdt.internal.junit.runner.RemoteTestRunner.runTests(RemoteTestRunner.java:683)&#13;&#10;&#9;at org.eclipse.jdt.internal.junit.runner.RemoteTestRunner.run(RemoteTestRunner.java:390)&#13;&#10;&#9;at org.codecover.juniteclipse.runner.EclipseTestRunner.main(EclipseTestRunner.java:40)" Date="1589513099168" Name="DrawTest:testPictureDoubleDoubleStringDoubleDouble">
<CovList/>
<AssgnmntList/>
<ObjMetaDataList/>
<MetaDataList/>
</TestCase>
<TestCase Comment="Failure&#10;java.lang.AssertionError: Not yet implemented&#13;&#10;&#9;at org.junit.Assert.fail(Assert.java:88)&#13;&#10;&#9;at DrawTest.testGetJLabel(DrawTest.java:201)&#13;&#10;&#9;at sun.reflect.NativeMethodAccessorImpl.invoke0(Native Method)&#13;&#10;&#9;at sun.reflect.NativeMethodAccessorImpl.invoke(Unknown Source)&#13;&#10;&#9;at sun.reflect.DelegatingMethodAccessorImpl.invoke(Unknown Source)&#13;&#10;&#9;at java.lang.reflect.Method.invoke(Unknown Source)&#13;&#10;&#9;at org.junit.runners.model.FrameworkMethod$1.runReflectiveCall(FrameworkMethod.java:47)&#13;&#10;&#9;at org.junit.internal.runners.model.ReflectiveCallable.run(ReflectiveCallable.java:12)&#13;&#10;&#9;at org.junit.runners.model.FrameworkMethod.invokeExplosively(FrameworkMethod.java:44)&#13;&#10;&#9;at org.junit.internal.runners.statements.InvokeMethod.evaluate(InvokeMethod.java:17)&#13;&#10;&#9;at org.junit.runners.ParentRunner.runLeaf(ParentRunner.java:271)&#13;&#10;&#9;at org.junit.runners.BlockJUnit4ClassRunner.runChild(BlockJUnit4ClassRunner.java:70)&#13;&#10;&#9;at org.junit.runners.BlockJUnit4ClassRunner.runChild(BlockJUnit4ClassRunner.java:50)&#13;&#10;&#9;at org.junit.runners.ParentRunner$3.run(ParentRunner.java:238)&#13;&#10;&#9;at org.junit.runners.ParentRunner$1.schedule(ParentRunner.java:63)&#13;&#10;&#9;at org.junit.runners.ParentRunner.runChildren(ParentRunner.java:236)&#13;&#10;&#9;at org.junit.runners.ParentRunner.access$000(ParentRunner.java:53)&#13;&#10;&#9;at org.junit.runners.ParentRunner$2.evaluate(ParentRunner.java:229)&#13;&#10;&#9;at org.junit.runners.ParentRunner.run(ParentRunner.java:309)&#13;&#10;&#9;at org.eclipse.jdt.internal.junit4.runner.JUnit4TestReference.run(JUnit4TestReference.java:50)&#13;&#10;&#9;at org.eclipse.jdt.internal.junit.runner.TestExecution.run(TestExecution.java:38)&#13;&#10;&#9;at org.eclipse.jdt.internal.junit.runner.RemoteTestRunner.runTests(RemoteTestRunner.java:467)&#13;&#10;&#9;at org.eclipse.jdt.internal.junit.runner.RemoteTestRunner.runTests(RemoteTestRunner.java:683)&#13;&#10;&#9;at org.eclipse.jdt.internal.junit.runner.RemoteTestRunner.run(RemoteTestRunner.java:390)&#13;&#10;&#9;at org.codecover.juniteclipse.runner.EclipseTestRunner.main(EclipseTestRunner.java:40)" Date="1589513099286" Name="DrawTest:testGetJLabel">
<CovList/>
<AssgnmntList/>
<ObjMetaDataList/>
<MetaDataList/>
</TestCase>
<TestCase Comment="Failure&#10;java.lang.AssertionError: Not yet implemented&#13;&#10;&#9;at org.junit.Assert.fail(Assert.java:88)&#13;&#10;&#9;at DrawTest.testKeyTyped(DrawTest.java:451)&#13;&#10;&#9;at sun.reflect.NativeMethodAccessorImpl.invoke0(Native Method)&#13;&#10;&#9;at sun.reflect.NativeMethodAccessorImpl.invoke(Unknown Source)&#13;&#10;&#9;at sun.reflect.DelegatingMethodAccessorImpl.invoke(Unknown Source)&#13;&#10;&#9;at java.lang.reflect.Method.invoke(Unknown Source)&#13;&#10;&#9;at org.junit.runners.model.FrameworkMethod$1.runReflectiveCall(FrameworkMethod.java:47)&#13;&#10;&#9;at org.junit.internal.runners.model.ReflectiveCallable.run(ReflectiveCallable.java:12)&#13;&#10;&#9;at org.junit.runners.model.FrameworkMethod.invokeExplosively(FrameworkMethod.java:44)&#13;&#10;&#9;at org.junit.internal.runners.statements.InvokeMethod.evaluate(InvokeMethod.java:17)&#13;&#10;&#9;at org.junit.runners.ParentRunner.runLeaf(ParentRunner.java:271)&#13;&#10;&#9;at org.junit.runners.BlockJUnit4ClassRunner.runChild(BlockJUnit4ClassRunner.java:70)&#13;&#10;&#9;at org.junit.runners.BlockJUnit4ClassRunner.runChild(BlockJUnit4ClassRunner.java:50)&#13;&#10;&#9;at org.junit.runners.ParentRunner$3.run(ParentRunner.java:238)&#13;&#10;&#9;at org.junit.runners.ParentRunner$1.schedule(ParentRunner.java:63)&#13;&#10;&#9;at org.junit.runners.ParentRunner.runChildren(ParentRunner.java:236)&#13;&#10;&#9;at org.junit.runners.ParentRunner.access$000(ParentRunner.java:53)&#13;&#10;&#9;at org.junit.runners.ParentRunner$2.evaluate(ParentRunner.java:229)&#13;&#10;&#9;at org.junit.runners.ParentRunner.run(ParentRunner.java:309)&#13;&#10;&#9;at org.eclipse.jdt.internal.junit4.runner.JUnit4TestReference.run(JUnit4TestReference.java:50)&#13;&#10;&#9;at org.eclipse.jdt.internal.junit.runner.TestExecution.run(TestExecution.java:38)&#13;&#10;&#9;at org.eclipse.jdt.internal.junit.runner.RemoteTestRunner.runTests(RemoteTestRunner.java:467)&#13;&#10;&#9;at org.eclipse.jdt.internal.junit.runner.RemoteTestRunner.runTests(RemoteTestRunner.java:683)&#13;&#10;&#9;at org.eclipse.jdt.internal.junit.runner.RemoteTestRunner.run(RemoteTestRunner.java:390)&#13;&#10;&#9;at org.codecover.juniteclipse.runner.EclipseTestRunner.main(EclipseTestRunner.java:40)" Date="1589513099420" Name="DrawTest:testKeyTyped">
<CovList/>
<AssgnmntList/>
<ObjMetaDataList/>
<MetaDataList/>
</TestCase>
<TestCase Comment="" Date="1589513099538" Name="DrawTest:testSetLocationOnScreen">
<CovList>
<CovPrefix CovItemPrefix="Draw.java">
<Cov CovItemId="B3" Value="1"/>
<Cov CovItemId="S77" Value="1"/>
<Cov CovItemId="S78" Value="1"/>
</CovPrefix>
</CovList>
<AssgnmntList>
<AssgnmntPrefix RootTermCovItemPrefix="Draw.java">
<AssgnmntListEntry Length="2" RootTermCovItemId="C2">
<MapEntry BoolAssgnmnt="12" Value="1"/>
</AssgnmntListEntry>
</AssgnmntPrefix>
</AssgnmntList>
<ObjMetaDataList/>
<MetaDataList/>
</TestCase>
<TestCase Comment="Failure&#10;java.lang.AssertionError: Not yet implemented&#13;&#10;&#9;at org.junit.Assert.fail(Assert.java:88)&#13;&#10;&#9;at DrawTest.testCircle(DrawTest.java:236)&#13;&#10;&#9;at sun.reflect.NativeMethodAccessorImpl.invoke0(Native Method)&#13;&#10;&#9;at sun.reflect.NativeMethodAccessorImpl.invoke(Unknown Source)&#13;&#10;&#9;at sun.reflect.DelegatingMethodAccessorImpl.invoke(Unknown Source)&#13;&#10;&#9;at java.lang.reflect.Method.invoke(Unknown Source)&#13;&#10;&#9;at org.junit.runners.model.FrameworkMethod$1.runReflectiveCall(FrameworkMethod.java:47)&#13;&#10;&#9;at org.junit.internal.runners.model.ReflectiveCallable.run(ReflectiveCallable.java:12)&#13;&#10;&#9;at org.junit.runners.model.FrameworkMethod.invokeExplosively(FrameworkMethod.java:44)&#13;&#10;&#9;at org.junit.internal.runners.statements.InvokeMethod.evaluate(InvokeMethod.java:17)&#13;&#10;&#9;at org.junit.runners.ParentRunner.runLeaf(ParentRunner.java:271)&#13;&#10;&#9;at org.junit.runners.BlockJUnit4ClassRunner.runChild(BlockJUnit4ClassRunner.java:70)&#13;&#10;&#9;at org.junit.runners.BlockJUnit4ClassRunner.runChild(BlockJUnit4ClassRunner.java:50)&#13;&#10;&#9;at org.junit.runners.ParentRunner$3.run(ParentRunner.java:238)&#13;&#10;&#9;at org.junit.runners.ParentRunner$1.schedule(ParentRunner.java:63)&#13;&#10;&#9;at org.junit.runners.ParentRunner.runChildren(ParentRunner.java:236)&#13;&#10;&#9;at org.junit.runners.ParentRunner.access$000(ParentRunner.java:53)&#13;&#10;&#9;at org.junit.runners.ParentRunner$2.evaluate(ParentRunner.java:229)&#13;&#10;&#9;at org.junit.runners.ParentRunner.run(ParentRunner.java:309)&#13;&#10;&#9;at org.eclipse.jdt.internal.junit4.runner.JUnit4TestReference.run(JUnit4TestReference.java:50)&#13;&#10;&#9;at org.eclipse.jdt.internal.junit.runner.TestExecution.run(TestExecution.java:38)&#13;&#10;&#9;at org.eclipse.jdt.internal.junit.runner.RemoteTestRunner.runTests(RemoteTestRunner.java:467)&#13;&#10;&#9;at org.eclipse.jdt.internal.junit.runner.RemoteTestRunner.runTests(RemoteTestRunner.java:683)&#13;&#10;&#9;at org.eclipse.jdt.internal.junit.runner.RemoteTestRunner.run(RemoteTestRunner.java:390)&#13;&#10;&#9;at org.codecover.juniteclipse.runner.EclipseTestRunner.main(EclipseTestRunner.java:40)" Date="1589513099633" Name="DrawTest:testCircle">
<CovList/>
<AssgnmntList/>
<ObjMetaDataList/>
<MetaDataList/>
</TestCase>
<TestCase Comment="Failure&#10;java.lang.AssertionError: Not yet implemented&#13;&#10;&#9;at org.junit.Assert.fail(Assert.java:88)&#13;&#10;&#9;at DrawTest.testSetXscale(DrawTest.java:82)&#13;&#10;&#9;at sun.reflect.NativeMethodAccessorImpl.invoke0(Native Method)&#13;&#10;&#9;at sun.reflect.NativeMethodAccessorImpl.invoke(Unknown Source)&#13;&#10;&#9;at sun.reflect.DelegatingMethodAccessorImpl.invoke(Unknown Source)&#13;&#10;&#9;at java.lang.reflect.Method.invoke(Unknown Source)&#13;&#10;&#9;at org.junit.runners.model.FrameworkMethod$1.runReflectiveCall(FrameworkMethod.java:47)&#13;&#10;&#9;at org.junit.internal.runners.model.ReflectiveCallable.run(ReflectiveCallable.java:12)&#13;&#10;&#9;at org.junit.runners.model.FrameworkMethod.invokeExplosively(FrameworkMethod.java:44)&#13;&#10;&#9;at org.junit.internal.runners.statements.InvokeMethod.evaluate(InvokeMethod.java:17)&#13;&#10;&#9;at org.junit.runners.ParentRunner.runLeaf(ParentRunner.java:271)&#13;&#10;&#9;at org.junit.runners.BlockJUnit4ClassRunner.runChild(BlockJUnit4ClassRunner.java:70)&#13;&#10;&#9;at org.junit.runners.BlockJUnit4ClassRunner.runChild(BlockJUnit4ClassRunner.java:50)&#13;&#10;&#9;at org.junit.runners.ParentRunner$3.run(ParentRunner.java:238)&#13;&#10;&#9;at org.junit.runners.ParentRunner$1.schedule(ParentRunner.java:63)&#13;&#10;&#9;at org.junit.runners.ParentRunner.runChildren(ParentRunner.java:236)&#13;&#10;&#9;at org.junit.runners.ParentRunner.access$000(ParentRunner.java:53)&#13;&#10;&#9;at org.junit.runners.ParentRunner$2.evaluate(ParentRunner.java:229)&#13;&#10;&#9;at org.junit.runners.ParentRunner.run(ParentRunner.java:309)&#13;&#10;&#9;at org.eclipse.jdt.internal.junit4.runner.JUnit4TestReference.run(JUnit4TestReference.java:50)&#13;&#10;&#9;at org.eclipse.jdt.internal.junit.runner.TestExecution.run(TestExecution.java:38)&#13;&#10;&#9;at org.eclipse.jdt.internal.junit.runner.RemoteTestRunner.runTests(RemoteTestRunner.java:467)&#13;&#10;&#9;at org.eclipse.jdt.internal.junit.runner.RemoteTestRunner.runTests(RemoteTestRunner.java:683)&#13;&#10;&#9;at org.eclipse.jdt.internal.junit.runner.RemoteTestRunner.run(RemoteTestRunner.java:390)&#13;&#10;&#9;at org.codecover.juniteclipse.runner.EclipseTestRunner.main(EclipseTestRunner.java:40)" Date="1589513099736" Name="DrawTest:testSetXscale">
<CovList/>
<AssgnmntList/>
<ObjMetaDataList/>
<MetaDataList/>
</TestCase>
<TestCase Comment="Failure&#10;java.lang.AssertionError: Not yet implemented&#13;&#10;&#9;at org.junit.Assert.fail(Assert.java:88)&#13;&#10;&#9;at DrawTest.testMouseEntered(DrawTest.java:401)&#13;&#10;&#9;at sun.reflect.NativeMethodAccessorImpl.invoke0(Native Method)&#13;&#10;&#9;at sun.reflect.NativeMethodAccessorImpl.invoke(Unknown Source)&#13;&#10;&#9;at sun.reflect.DelegatingMethodAccessorImpl.invoke(Unknown Source)&#13;&#10;&#9;at java.lang.reflect.Method.invoke(Unknown Source)&#13;&#10;&#9;at org.junit.runners.model.FrameworkMethod$1.runReflectiveCall(FrameworkMethod.java:47)&#13;&#10;&#9;at org.junit.internal.runners.model.ReflectiveCallable.run(ReflectiveCallable.java:12)&#13;&#10;&#9;at org.junit.runners.model.FrameworkMethod.invokeExplosively(FrameworkMethod.java:44)&#13;&#10;&#9;at org.junit.internal.runners.statements.InvokeMethod.evaluate(InvokeMethod.java:17)&#13;&#10;&#9;at org.junit.runners.ParentRunner.runLeaf(ParentRunner.java:271)&#13;&#10;&#9;at org.junit.runners.BlockJUnit4ClassRunner.runChild(BlockJUnit4ClassRunner.java:70)&#13;&#10;&#9;at org.junit.runners.BlockJUnit4ClassRunner.runChild(BlockJUnit4ClassRunner.java:50)&#13;&#10;&#9;at org.junit.runners.ParentRunner$3.run(ParentRunner.java:238)&#13;&#10;&#9;at org.junit.runners.ParentRunner$1.schedule(ParentRunner.java:63)&#13;&#10;&#9;at org.junit.runners.ParentRunner.runChildren(ParentRunner.java:236)&#13;&#10;&#9;at org.junit.runners.ParentRunner.access$000(ParentRunner.java:53)&#13;&#10;&#9;at org.junit.runners.ParentRunner$2.evaluate(ParentRunner.java:229)&#13;&#10;&#9;at org.junit.runners.ParentRunner.run(ParentRunner.java:309)&#13;&#10;&#9;at org.eclipse.jdt.internal.junit4.runner.JUnit4TestReference.run(JUnit4TestReference.java:50)&#13;&#10;&#9;at org.eclipse.jdt.internal.junit.runner.TestExecution.run(TestExecution.java:38)&#13;&#10;&#9;at org.eclipse.jdt.internal.junit.runner.RemoteTestRunner.runTests(RemoteTestRunner.java:467)&#13;&#10;&#9;at org.eclipse.jdt.internal.junit.runner.RemoteTestRunner.runTests(RemoteTestRunner.java:683)&#13;&#10;&#9;at org.eclipse.jdt.internal.junit.runner.RemoteTestRunner.run(RemoteTestRunner.java:390)&#13;&#10;&#9;at org.codecover.juniteclipse.runner.EclipseTestRunner.main(EclipseTestRunner.java:40)" Date="1589513099847" Name="DrawTest:testMouseEntered">
<CovList/>
<AssgnmntList/>
<ObjMetaDataList/>
<MetaDataList/>
</TestCase>
<TestCase Comment="Failure&#10;java.lang.AssertionError: Not yet implemented&#13;&#10;&#9;at org.junit.Assert.fail(Assert.java:88)&#13;&#10;&#9;at DrawTest.testSetYscale(DrawTest.java:87)&#13;&#10;&#9;at sun.reflect.NativeMethodAccessorImpl.invoke0(Native Method)&#13;&#10;&#9;at sun.reflect.NativeMethodAccessorImpl.invoke(Unknown Source)&#13;&#10;&#9;at sun.reflect.DelegatingMethodAccessorImpl.invoke(Unknown Source)&#13;&#10;&#9;at java.lang.reflect.Method.invoke(Unknown Source)&#13;&#10;&#9;at org.junit.runners.model.FrameworkMethod$1.runReflectiveCall(FrameworkMethod.java:47)&#13;&#10;&#9;at org.junit.internal.runners.model.ReflectiveCallable.run(ReflectiveCallable.java:12)&#13;&#10;&#9;at org.junit.runners.model.FrameworkMethod.invokeExplosively(FrameworkMethod.java:44)&#13;&#10;&#9;at org.junit.internal.runners.statements.InvokeMethod.evaluate(InvokeMethod.java:17)&#13;&#10;&#9;at org.junit.runners.ParentRunner.runLeaf(ParentRunner.java:271)&#13;&#10;&#9;at org.junit.runners.BlockJUnit4ClassRunner.runChild(BlockJUnit4ClassRunner.java:70)&#13;&#10;&#9;at org.junit.runners.BlockJUnit4ClassRunner.runChild(BlockJUnit4ClassRunner.java:50)&#13;&#10;&#9;at org.junit.runners.ParentRunner$3.run(ParentRunner.java:238)&#13;&#10;&#9;at org.junit.runners.ParentRunner$1.schedule(ParentRunner.java:63)&#13;&#10;&#9;at org.junit.runners.ParentRunner.runChildren(ParentRunner.java:236)&#13;&#10;&#9;at org.junit.runners.ParentRunner.access$000(ParentRunner.java:53)&#13;&#10;&#9;at org.junit.runners.ParentRunner$2.evaluate(ParentRunner.java:229)&#13;&#10;&#9;at org.junit.runners.ParentRunner.run(ParentRunner.java:309)&#13;&#10;&#9;at org.eclipse.jdt.internal.junit4.runner.JUnit4TestReference.run(JUnit4TestReference.java:50)&#13;&#10;&#9;at org.eclipse.jdt.internal.junit.runner.TestExecution.run(TestExecution.java:38)&#13;&#10;&#9;at org.eclipse.jdt.internal.junit.runner.RemoteTestRunner.runTests(RemoteTestRunner.java:467)&#13;&#10;&#9;at org.eclipse.jdt.internal.junit.runner.RemoteTestRunner.runTests(RemoteTestRunner.java:683)&#13;&#10;&#9;at org.eclipse.jdt.internal.junit.runner.RemoteTestRunner.run(RemoteTestRunner.java:390)&#13;&#10;&#9;at org.codecover.juniteclipse.runner.EclipseTestRunner.main(EclipseTestRunner.java:40)" Date="1589513099945" Name="DrawTest:testSetYscale">
<CovList/>
<AssgnmntList/>
<ObjMetaDataList/>
<MetaDataList/>
</TestCase>
<TestCase Comment="Failure&#10;java.lang.AssertionError: Not yet implemented&#13;&#10;&#9;at org.junit.Assert.fail(Assert.java:88)&#13;&#10;&#9;at DrawTest.testPictureDoubleDoubleStringDouble(DrawTest.java:301)&#13;&#10;&#9;at sun.reflect.NativeMethodAccessorImpl.invoke0(Native Method)&#13;&#10;&#9;at sun.reflect.NativeMethodAccessorImpl.invoke(Unknown Source)&#13;&#10;&#9;at sun.reflect.DelegatingMethodAccessorImpl.invoke(Unknown Source)&#13;&#10;&#9;at java.lang.reflect.Method.invoke(Unknown Source)&#13;&#10;&#9;at org.junit.runners.model.FrameworkMethod$1.runReflectiveCall(FrameworkMethod.java:47)&#13;&#10;&#9;at org.junit.internal.runners.model.ReflectiveCallable.run(ReflectiveCallable.java:12)&#13;&#10;&#9;at org.junit.runners.model.FrameworkMethod.invokeExplosively(FrameworkMethod.java:44)&#13;&#10;&#9;at org.junit.internal.runners.statements.InvokeMethod.evaluate(InvokeMethod.java:17)&#13;&#10;&#9;at org.junit.runners.ParentRunner.runLeaf(ParentRunner.java:271)&#13;&#10;&#9;at org.junit.runners.BlockJUnit4ClassRunner.runChild(BlockJUnit4ClassRunner.java:70)&#13;&#10;&#9;at org.junit.runners.BlockJUnit4ClassRunner.runChild(BlockJUnit4ClassRunner.java:50)&#13;&#10;&#9;at org.junit.runners.ParentRunner$3.run(ParentRunner.java:238)&#13;&#10;&#9;at org.junit.runners.ParentRunner$1.schedule(ParentRunner.java:63)&#13;&#10;&#9;at org.junit.runners.ParentRunner.runChildren(ParentRunner.java:236)&#13;&#10;&#9;at org.junit.runners.ParentRunner.access$000(ParentRunner.java:53)&#13;&#10;&#9;at org.junit.runners.ParentRunner$2.evaluate(ParentRunner.java:229)&#13;&#10;&#9;at org.junit.runners.ParentRunner.run(ParentRunner.java:309)&#13;&#10;&#9;at org.eclipse.jdt.internal.junit4.runner.JUnit4TestReference.run(JUnit4TestReference.java:50)&#13;&#10;&#9;at org.eclipse.jdt.internal.junit.runner.TestExecution.run(TestExecution.java:38)&#13;&#10;&#9;at org.eclipse.jdt.internal.junit.runner.RemoteTestRunner.runTests(RemoteTestRunner.java:467)&#13;&#10;&#9;at org.eclipse.jdt.internal.junit.runner.RemoteTestRunner.runTests(RemoteTestRunner.java:683)&#13;&#10;&#9;at org.eclipse.jdt.internal.junit.runner.RemoteTestRunner.run(RemoteTestRunner.java:390)&#13;&#10;&#9;at org.codecover.juniteclipse.runner.EclipseTestRunner.main(EclipseTestRunner.java:40)" Date="1589513100029" Name="DrawTest:testPictureDoubleDoubleStringDouble">
<CovList/>
<AssgnmntList/>
<ObjMetaDataList/>
<MetaDataList/>
</TestCase>
<TestCase Comment="Failure&#10;java.lang.AssertionError: Not yet implemented&#13;&#10;&#9;at org.junit.Assert.fail(Assert.java:88)&#13;&#10;&#9;at DrawTest.testMouseX(DrawTest.java:391)&#13;&#10;&#9;at sun.reflect.NativeMethodAccessorImpl.invoke0(Native Method)&#13;&#10;&#9;at sun.reflect.NativeMethodAccessorImpl.invoke(Unknown Source)&#13;&#10;&#9;at sun.reflect.DelegatingMethodAccessorImpl.invoke(Unknown Source)&#13;&#10;&#9;at java.lang.reflect.Method.invoke(Unknown Source)&#13;&#10;&#9;at org.junit.runners.model.FrameworkMethod$1.runReflectiveCall(FrameworkMethod.java:47)&#13;&#10;&#9;at org.junit.internal.runners.model.ReflectiveCallable.run(ReflectiveCallable.java:12)&#13;&#10;&#9;at org.junit.runners.model.FrameworkMethod.invokeExplosively(FrameworkMethod.java:44)&#13;&#10;&#9;at org.junit.internal.runners.statements.InvokeMethod.evaluate(InvokeMethod.java:17)&#13;&#10;&#9;at org.junit.runners.ParentRunner.runLeaf(ParentRunner.java:271)&#13;&#10;&#9;at org.junit.runners.BlockJUnit4ClassRunner.runChild(BlockJUnit4ClassRunner.java:70)&#13;&#10;&#9;at org.junit.runners.BlockJUnit4ClassRunner.runChild(BlockJUnit4ClassRunner.java:50)&#13;&#10;&#9;at org.junit.runners.ParentRunner$3.run(ParentRunner.java:238)&#13;&#10;&#9;at org.junit.runners.ParentRunner$1.schedule(ParentRunner.java:63)&#13;&#10;&#9;at org.junit.runners.ParentRunner.runChildren(ParentRunner.java:236)&#13;&#10;&#9;at org.junit.runners.ParentRunner.access$000(ParentRunner.java:53)&#13;&#10;&#9;at org.junit.runners.ParentRunner$2.evaluate(ParentRunner.java:229)&#13;&#10;&#9;at org.junit.runners.ParentRunner.run(ParentRunner.java:309)&#13;&#10;&#9;at org.eclipse.jdt.internal.junit4.runner.JUnit4TestReference.run(JUnit4TestReference.java:50)&#13;&#10;&#9;at org.eclipse.jdt.internal.junit.runner.TestExecution.run(TestExecution.java:38)&#13;&#10;&#9;at org.eclipse.jdt.internal.junit.runner.RemoteTestRunner.runTests(RemoteTestRunner.java:467)&#13;&#10;&#9;at org.eclipse.jdt.internal.junit.runner.RemoteTestRunner.runTests(RemoteTestRunner.java:683)&#13;&#10;&#9;at org.eclipse.jdt.internal.junit.runner.RemoteTestRunner.run(RemoteTestRunner.java:390)&#13;&#10;&#9;at org.codecover.juniteclipse.runner.EclipseTestRunner.main(EclipseTestRunner.java:40)" Date="1589513100118" Name="DrawTest:testMouseX">
<CovList/>
<AssgnmntList/>
<ObjMetaDataList/>
<MetaDataList/>
</TestCase>
<TestCase Comment="Failure&#10;java.lang.AssertionError: Not yet implemented&#13;&#10;&#9;at org.junit.Assert.fail(Assert.java:88)&#13;&#10;&#9;at DrawTest.testMouseY(DrawTest.java:396)&#13;&#10;&#9;at sun.reflect.NativeMethodAccessorImpl.invoke0(Native Method)&#13;&#10;&#9;at sun.reflect.NativeMethodAccessorImpl.invoke(Unknown Source)&#13;&#10;&#9;at sun.reflect.DelegatingMethodAccessorImpl.invoke(Unknown Source)&#13;&#10;&#9;at java.lang.reflect.Method.invoke(Unknown Source)&#13;&#10;&#9;at org.junit.runners.model.FrameworkMethod$1.runReflectiveCall(FrameworkMethod.java:47)&#13;&#10;&#9;at org.junit.internal.runners.model.ReflectiveCallable.run(ReflectiveCallable.java:12)&#13;&#10;&#9;at org.junit.runners.model.FrameworkMethod.invokeExplosively(FrameworkMethod.java:44)&#13;&#10;&#9;at org.junit.internal.runners.statements.InvokeMethod.evaluate(InvokeMethod.java:17)&#13;&#10;&#9;at org.junit.runners.ParentRunner.runLeaf(ParentRunner.java:271)&#13;&#10;&#9;at org.junit.runners.BlockJUnit4ClassRunner.runChild(BlockJUnit4ClassRunner.java:70)&#13;&#10;&#9;at org.junit.runners.BlockJUnit4ClassRunner.runChild(BlockJUnit4ClassRunner.java:50)&#13;&#10;&#9;at org.junit.runners.ParentRunner$3.run(ParentRunner.java:238)&#13;&#10;&#9;at org.junit.runners.ParentRunner$1.schedule(ParentRunner.java:63)&#13;&#10;&#9;at org.junit.runners.ParentRunner.runChildren(ParentRunner.java:236)&#13;&#10;&#9;at org.junit.runners.ParentRunner.access$000(ParentRunner.java:53)&#13;&#10;&#9;at org.junit.runners.ParentRunner$2.evaluate(ParentRunner.java:229)&#13;&#10;&#9;at org.junit.runners.ParentRunner.run(ParentRunner.java:309)&#13;&#10;&#9;at org.eclipse.jdt.internal.junit4.runner.JUnit4TestReference.run(JUnit4TestReference.java:50)&#13;&#10;&#9;at org.eclipse.jdt.internal.junit.runner.TestExecution.run(TestExecution.java:38)&#13;&#10;&#9;at org.eclipse.jdt.internal.junit.runner.RemoteTestRunner.runTests(RemoteTestRunner.java:467)&#13;&#10;&#9;at org.eclipse.jdt.internal.junit.runner.RemoteTestRunner.runTests(RemoteTestRunner.java:683)&#13;&#10;&#9;at org.eclipse.jdt.internal.junit.runner.RemoteTestRunner.run(RemoteTestRunner.java:390)&#13;&#10;&#9;at org.codecover.juniteclipse.runner.EclipseTestRunner.main(EclipseTestRunner.java:40)" Date="1589513100190" Name="DrawTest:testMouseY">
<CovList/>
<AssgnmntList/>
<ObjMetaDataList/>
<MetaDataList/>
</TestCase>
<TestCase Comment="Failure&#10;java.lang.AssertionError: Not yet implemented&#13;&#10;&#9;at org.junit.Assert.fail(Assert.java:88)&#13;&#10;&#9;at DrawTest.testSetFont(DrawTest.java:211)&#13;&#10;&#9;at sun.reflect.NativeMethodAccessorImpl.invoke0(Native Method)&#13;&#10;&#9;at sun.reflect.NativeMethodAccessorImpl.invoke(Unknown Source)&#13;&#10;&#9;at sun.reflect.DelegatingMethodAccessorImpl.invoke(Unknown Source)&#13;&#10;&#9;at java.lang.reflect.Method.invoke(Unknown Source)&#13;&#10;&#9;at org.junit.runners.model.FrameworkMethod$1.runReflectiveCall(FrameworkMethod.java:47)&#13;&#10;&#9;at org.junit.internal.runners.model.ReflectiveCallable.run(ReflectiveCallable.java:12)&#13;&#10;&#9;at org.junit.runners.model.FrameworkMethod.invokeExplosively(FrameworkMethod.java:44)&#13;&#10;&#9;at org.junit.internal.runners.statements.InvokeMethod.evaluate(InvokeMethod.java:17)&#13;&#10;&#9;at org.junit.runners.ParentRunner.runLeaf(ParentRunner.java:271)&#13;&#10;&#9;at org.junit.runners.BlockJUnit4ClassRunner.runChild(BlockJUnit4ClassRunner.java:70)&#13;&#10;&#9;at org.junit.runners.BlockJUnit4ClassRunner.runChild(BlockJUnit4ClassRunner.java:50)&#13;&#10;&#9;at org.junit.runners.ParentRunner$3.run(ParentRunner.java:238)&#13;&#10;&#9;at org.junit.runners.ParentRunner$1.schedule(ParentRunner.java:63)&#13;&#10;&#9;at org.junit.runners.ParentRunner.runChildren(ParentRunner.java:236)&#13;&#10;&#9;at org.junit.runners.ParentRunner.access$000(ParentRunner.java:53)&#13;&#10;&#9;at org.junit.runners.ParentRunner$2.evaluate(ParentRunner.java:229)&#13;&#10;&#9;at org.junit.runners.ParentRunner.run(ParentRunner.java:309)&#13;&#10;&#9;at org.eclipse.jdt.internal.junit4.runner.JUnit4TestReference.run(JUnit4TestReference.java:50)&#13;&#10;&#9;at org.eclipse.jdt.internal.junit.runner.TestExecution.run(TestExecution.java:38)&#13;&#10;&#9;at org.eclipse.jdt.internal.junit.runner.RemoteTestRunner.runTests(RemoteTestRunner.java:467)&#13;&#10;&#9;at org.eclipse.jdt.internal.junit.runner.RemoteTestRunner.runTests(RemoteTestRunner.java:683)&#13;&#10;&#9;at org.eclipse.jdt.internal.junit.runner.RemoteTestRunner.run(RemoteTestRunner.java:390)&#13;&#10;&#9;at org.codecover.juniteclipse.runner.EclipseTestRunner.main(EclipseTestRunner.java:40)" Date="1589513100267" Name="DrawTest:testSetFont">
<CovList/>
<AssgnmntList/>
<ObjMetaDataList/>
<MetaDataList/>
</TestCase>
<TestCase Comment="" Date="1589513100354" Name="DrawTest:testSetPenColor">
<CovList>
<CovPrefix CovItemPrefix="Draw.java">
<Cov CovItemId="B19" Value="1"/>
<Cov CovItemId="S142" Value="1"/>
<Cov CovItemId="S143" Value="1"/>
</CovPrefix>
</CovList>
<AssgnmntList>
<AssgnmntPrefix RootTermCovItemPrefix="Draw.java">
<AssgnmntListEntry Length="2" RootTermCovItemId="C10">
<MapEntry BoolAssgnmnt="01" Value="1"/>
</AssgnmntListEntry>
</AssgnmntPrefix>
</AssgnmntList>
<ObjMetaDataList/>
<MetaDataList/>
</TestCase>
<TestCase Comment="Failure&#10;java.lang.AssertionError: Not yet implemented&#13;&#10;&#9;at org.junit.Assert.fail(Assert.java:88)&#13;&#10;&#9;at DrawTest.testGetPenRadius(DrawTest.java:156)&#13;&#10;&#9;at sun.reflect.NativeMethodAccessorImpl.invoke0(Native Method)&#13;&#10;&#9;at sun.reflect.NativeMethodAccessorImpl.invoke(Unknown Source)&#13;&#10;&#9;at sun.reflect.DelegatingMethodAccessorImpl.invoke(Unknown Source)&#13;&#10;&#9;at java.lang.reflect.Method.invoke(Unknown Source)&#13;&#10;&#9;at org.junit.runners.model.FrameworkMethod$1.runReflectiveCall(FrameworkMethod.java:47)&#13;&#10;&#9;at org.junit.internal.runners.model.ReflectiveCallable.run(ReflectiveCallable.java:12)&#13;&#10;&#9;at org.junit.runners.model.FrameworkMethod.invokeExplosively(FrameworkMethod.java:44)&#13;&#10;&#9;at org.junit.internal.runners.statements.InvokeMethod.evaluate(InvokeMethod.java:17)&#13;&#10;&#9;at org.junit.runners.ParentRunner.runLeaf(ParentRunner.java:271)&#13;&#10;&#9;at org.junit.runners.BlockJUnit4ClassRunner.runChild(BlockJUnit4ClassRunner.java:70)&#13;&#10;&#9;at org.junit.runners.BlockJUnit4ClassRunner.runChild(BlockJUnit4ClassRunner.java:50)&#13;&#10;&#9;at org.junit.runners.ParentRunner$3.run(ParentRunner.java:238)&#13;&#10;&#9;at org.junit.runners.ParentRunner$1.schedule(ParentRunner.java:63)&#13;&#10;&#9;at org.junit.runners.ParentRunner.runChildren(ParentRunner.java:236)&#13;&#10;&#9;at org.junit.runners.ParentRunner.access$000(ParentRunner.java:53)&#13;&#10;&#9;at org.junit.runners.ParentRunner$2.evaluate(ParentRunner.java:229)&#13;&#10;&#9;at org.junit.runners.ParentRunner.run(ParentRunner.java:309)&#13;&#10;&#9;at org.eclipse.jdt.internal.junit4.runner.JUnit4TestReference.run(JUnit4TestReference.java:50)&#13;&#10;&#9;at org.eclipse.jdt.internal.junit.runner.TestExecution.run(TestExecution.java:38)&#13;&#10;&#9;at org.eclipse.jdt.internal.junit.runner.RemoteTestRunner.runTests(RemoteTestRunner.java:467)&#13;&#10;&#9;at org.eclipse.jdt.internal.junit.runner.RemoteTestRunner.runTests(RemoteTestRunner.java:683)&#13;&#10;&#9;at org.eclipse.jdt.internal.junit.runner.RemoteTestRunner.run(RemoteTestRunner.java:390)&#13;&#10;&#9;at org.codecover.juniteclipse.runner.EclipseTestRunner.main(EclipseTestRunner.java:40)" Date="1589513100432" Name="DrawTest:testGetPenRadius">
<CovList>
<CovPrefix CovItemPrefix="Draw.java">
<Cov CovItemId="S534" Value="1"/>
<Cov CovItemId="S535" Value="1"/>
<Cov CovItemId="S536" Value="1"/>
<Cov CovItemId="S537" Value="1"/>
<Cov CovItemId="S538" Value="1"/>
<Cov CovItemId="S539" Value="1"/>
<Cov CovItemId="S540" Value="1"/>
<Cov CovItemId="S541" Value="1"/>
</CovPrefix>
</CovList>
<AssgnmntList/>
<ObjMetaDataList/>
<MetaDataList/>
</TestCase>
<TestCase Comment="Failure&#10;java.lang.AssertionError: Not yet implemented&#13;&#10;&#9;at org.junit.Assert.fail(Assert.java:88)&#13;&#10;&#9;at DrawTest.testShowInt(DrawTest.java:336)&#13;&#10;&#9;at sun.reflect.NativeMethodAccessorImpl.invoke0(Native Method)&#13;&#10;&#9;at sun.reflect.NativeMethodAccessorImpl.invoke(Unknown Source)&#13;&#10;&#9;at sun.reflect.DelegatingMethodAccessorImpl.invoke(Unknown Source)&#13;&#10;&#9;at java.lang.reflect.Method.invoke(Unknown Source)&#13;&#10;&#9;at org.junit.runners.model.FrameworkMethod$1.runReflectiveCall(FrameworkMethod.java:47)&#13;&#10;&#9;at org.junit.internal.runners.model.ReflectiveCallable.run(ReflectiveCallable.java:12)&#13;&#10;&#9;at org.junit.runners.model.FrameworkMethod.invokeExplosively(FrameworkMethod.java:44)&#13;&#10;&#9;at org.junit.internal.runners.statements.InvokeMethod.evaluate(InvokeMethod.java:17)&#13;&#10;&#9;at org.junit.runners.ParentRunner.runLeaf(ParentRunner.java:271)&#13;&#10;&#9;at org.junit.runners.BlockJUnit4ClassRunner.runChild(BlockJUnit4ClassRunner.java:70)&#13;&#10;&#9;at org.junit.runners.BlockJUnit4ClassRunner.runChild(BlockJUnit4ClassRunner.java:50)&#13;&#10;&#9;at org.junit.runners.ParentRunner$3.run(ParentRunner.java:238)&#13;&#10;&#9;at org.junit.runners.ParentRunner$1.schedule(ParentRunner.java:63)&#13;&#10;&#9;at org.junit.runners.ParentRunner.runChildren(ParentRunner.java:236)&#13;&#10;&#9;at org.junit.runners.ParentRunner.access$000(ParentRunner.java:53)&#13;&#10;&#9;at org.junit.runners.ParentRunner$2.evaluate(ParentRunner.java:229)&#13;&#10;&#9;at org.junit.runners.ParentRunner.run(ParentRunner.java:309)&#13;&#10;&#9;at org.eclipse.jdt.internal.junit4.runner.JUnit4TestReference.run(JUnit4TestReference.java:50)&#13;&#10;&#9;at org.eclipse.jdt.internal.junit.runner.TestExecution.run(TestExecution.java:38)&#13;&#10;&#9;at org.eclipse.jdt.internal.junit.runner.RemoteTestRunner.runTests(RemoteTestRunner.java:467)&#13;&#10;&#9;at org.eclipse.jdt.internal.junit.runner.RemoteTestRunner.runTests(RemoteTestRunner.java:683)&#13;&#10;&#9;at org.eclipse.jdt.internal.junit.runner.RemoteTestRunner.run(RemoteTestRunner.java:390)&#13;&#10;&#9;at org.codecover.juniteclipse.runner.EclipseTestRunner.main(EclipseTestRunner.java:40)" Date="1589513100569" Name="DrawTest:testShowInt">
<CovList/>
<AssgnmntList/>
<ObjMetaDataList/>
<MetaDataList/>
</TestCase>
<TestCase Comment="Failure&#10;java.lang.AssertionError: Not yet implemented&#13;&#10;&#9;at org.junit.Assert.fail(Assert.java:88)&#13;&#10;&#9;at DrawTest.testSetFontFont(DrawTest.java:216)&#13;&#10;&#9;at sun.reflect.NativeMethodAccessorImpl.invoke0(Native Method)&#13;&#10;&#9;at sun.reflect.NativeMethodAccessorImpl.invoke(Unknown Source)&#13;&#10;&#9;at sun.reflect.DelegatingMethodAccessorImpl.invoke(Unknown Source)&#13;&#10;&#9;at java.lang.reflect.Method.invoke(Unknown Source)&#13;&#10;&#9;at org.junit.runners.model.FrameworkMethod$1.runReflectiveCall(FrameworkMethod.java:47)&#13;&#10;&#9;at org.junit.internal.runners.model.ReflectiveCallable.run(ReflectiveCallable.java:12)&#13;&#10;&#9;at org.junit.runners.model.FrameworkMethod.invokeExplosively(FrameworkMethod.java:44)&#13;&#10;&#9;at org.junit.internal.runners.statements.InvokeMethod.evaluate(InvokeMethod.java:17)&#13;&#10;&#9;at org.junit.runners.ParentRunner.runLeaf(ParentRunner.java:271)&#13;&#10;&#9;at org.junit.runners.BlockJUnit4ClassRunner.runChild(BlockJUnit4ClassRunner.java:70)&#13;&#10;&#9;at org.junit.runners.BlockJUnit4ClassRunner.runChild(BlockJUnit4ClassRunner.java:50)&#13;&#10;&#9;at org.junit.runners.ParentRunner$3.run(ParentRunner.java:238)&#13;&#10;&#9;at org.junit.runners.ParentRunner$1.schedule(ParentRunner.java:63)&#13;&#10;&#9;at org.junit.runners.ParentRunner.runChildren(ParentRunner.java:236)&#13;&#10;&#9;at org.junit.runners.ParentRunner.access$000(ParentRunner.java:53)&#13;&#10;&#9;at org.junit.runners.ParentRunner$2.evaluate(ParentRunner.java:229)&#13;&#10;&#9;at org.junit.runners.ParentRunner.run(ParentRunner.java:309)&#13;&#10;&#9;at org.eclipse.jdt.internal.junit4.runner.JUnit4TestReference.run(JUnit4TestReference.java:50)&#13;&#10;&#9;at org.eclipse.jdt.internal.junit.runner.TestExecution.run(TestExecution.java:38)&#13;&#10;&#9;at org.eclipse.jdt.internal.junit.runner.RemoteTestRunner.runTests(RemoteTestRunner.java:467)&#13;&#10;&#9;at org.eclipse.jdt.internal.junit.runner.RemoteTestRunner.runTests(RemoteTestRunner.java:683)&#13;&#10;&#9;at org.eclipse.jdt.internal.junit.runner.RemoteTestRunner.run(RemoteTestRunner.java:390)&#13;&#10;&#9;at org.codecover.juniteclipse.runner.EclipseTestRunner.main(EclipseTestRunner.java:40)" Date="1589513100653" Name="DrawTest:testSetFontFont">
<CovList/>
<AssgnmntList/>
<ObjMetaDataList/>
<MetaDataList/>
</TestCase>
<TestCase Comment="Failure&#10;java.lang.AssertionError: Not yet implemented&#13;&#10;&#9;at org.junit.Assert.fail(Assert.java:88)&#13;&#10;&#9;at DrawTest.testGetPenColor(DrawTest.java:171)&#13;&#10;&#9;at sun.reflect.NativeMethodAccessorImpl.invoke0(Native Method)&#13;&#10;&#9;at sun.reflect.NativeMethodAccessorImpl.invoke(Unknown Source)&#13;&#10;&#9;at sun.reflect.DelegatingMethodAccessorImpl.invoke(Unknown Source)&#13;&#10;&#9;at java.lang.reflect.Method.invoke(Unknown Source)&#13;&#10;&#9;at org.junit.runners.model.FrameworkMethod$1.runReflectiveCall(FrameworkMethod.java:47)&#13;&#10;&#9;at org.junit.internal.runners.model.ReflectiveCallable.run(ReflectiveCallable.java:12)&#13;&#10;&#9;at org.junit.runners.model.FrameworkMethod.invokeExplosively(FrameworkMethod.java:44)&#13;&#10;&#9;at org.junit.internal.runners.statements.InvokeMethod.evaluate(InvokeMethod.java:17)&#13;&#10;&#9;at org.junit.runners.ParentRunner.runLeaf(ParentRunner.java:271)&#13;&#10;&#9;at org.junit.runners.BlockJUnit4ClassRunner.runChild(BlockJUnit4ClassRunner.java:70)&#13;&#10;&#9;at org.junit.runners.BlockJUnit4ClassRunner.runChild(BlockJUnit4ClassRunner.java:50)&#13;&#10;&#9;at org.junit.runners.ParentRunner$3.run(ParentRunner.java:238)&#13;&#10;&#9;at org.junit.runners.ParentRunner$1.schedule(ParentRunner.java:63)&#13;&#10;&#9;at org.junit.runners.ParentRunner.runChildren(ParentRunner.java:236)&#13;&#10;&#9;at org.junit.runners.ParentRunner.access$000(ParentRunner.java:53)&#13;&#10;&#9;at org.junit.runners.ParentRunner$2.evaluate(ParentRunner.java:229)&#13;&#10;&#9;at org.junit.runners.ParentRunner.run(ParentRunner.java:309)&#13;&#10;&#9;at org.eclipse.jdt.internal.junit4.runner.JUnit4TestReference.run(JUnit4TestReference.java:50)&#13;&#10;&#9;at org.eclipse.jdt.internal.junit.runner.TestExecution.run(TestExecution.java:38)&#13;&#10;&#9;at org.eclipse.jdt.internal.junit.runner.RemoteTestRunner.runTests(RemoteTestRunner.java:467)&#13;&#10;&#9;at org.eclipse.jdt.internal.junit.runner.RemoteTestRunner.runTests(RemoteTestRunner.java:683)&#13;&#10;&#9;at org.eclipse.jdt.internal.junit.runner.RemoteTestRunner.run(RemoteTestRunner.java:390)&#13;&#10;&#9;at org.codecover.juniteclipse.runner.EclipseTestRunner.main(EclipseTestRunner.java:40)" Date="1589513100769" Name="DrawTest:testGetPenColor">
<CovList/>
<AssgnmntList/>
<ObjMetaDataList/>
<MetaDataList/>
</TestCase>
<TestCase Comment="Failure&#10;java.lang.AssertionError: Not yet implemented&#13;&#10;&#9;at org.junit.Assert.fail(Assert.java:88)&#13;&#10;&#9;at DrawTest.testScaleX(DrawTest.java:116)&#13;&#10;&#9;at sun.reflect.NativeMethodAccessorImpl.invoke0(Native Method)&#13;&#10;&#9;at sun.reflect.NativeMethodAccessorImpl.invoke(Unknown Source)&#13;&#10;&#9;at sun.reflect.DelegatingMethodAccessorImpl.invoke(Unknown Source)&#13;&#10;&#9;at java.lang.reflect.Method.invoke(Unknown Source)&#13;&#10;&#9;at org.junit.runners.model.FrameworkMethod$1.runReflectiveCall(FrameworkMethod.java:47)&#13;&#10;&#9;at org.junit.internal.runners.model.ReflectiveCallable.run(ReflectiveCallable.java:12)&#13;&#10;&#9;at org.junit.runners.model.FrameworkMethod.invokeExplosively(FrameworkMethod.java:44)&#13;&#10;&#9;at org.junit.internal.runners.statements.InvokeMethod.evaluate(InvokeMethod.java:17)&#13;&#10;&#9;at org.junit.runners.ParentRunner.runLeaf(ParentRunner.java:271)&#13;&#10;&#9;at org.junit.runners.BlockJUnit4ClassRunner.runChild(BlockJUnit4ClassRunner.java:70)&#13;&#10;&#9;at org.junit.runners.BlockJUnit4ClassRunner.runChild(BlockJUnit4ClassRunner.java:50)&#13;&#10;&#9;at org.junit.runners.ParentRunner$3.run(ParentRunner.java:238)&#13;&#10;&#9;at org.junit.runners.ParentRunner$1.schedule(ParentRunner.java:63)&#13;&#10;&#9;at org.junit.runners.ParentRunner.runChildren(ParentRunner.java:236)&#13;&#10;&#9;at org.junit.runners.ParentRunner.access$000(ParentRunner.java:53)&#13;&#10;&#9;at org.junit.runners.ParentRunner$2.evaluate(ParentRunner.java:229)&#13;&#10;&#9;at org.junit.runners.ParentRunner.run(ParentRunner.java:309)&#13;&#10;&#9;at org.eclipse.jdt.internal.junit4.runner.JUnit4TestReference.run(JUnit4TestReference.java:50)&#13;&#10;&#9;at org.eclipse.jdt.internal.junit.runner.TestExecution.run(TestExecution.java:38)&#13;&#10;&#9;at org.eclipse.jdt.internal.junit.runner.RemoteTestRunner.runTests(RemoteTestRunner.java:467)&#13;&#10;&#9;at org.eclipse.jdt.internal.junit.runner.RemoteTestRunner.runTests(RemoteTestRunner.java:683)&#13;&#10;&#9;at org.eclipse.jdt.internal.junit.runner.RemoteTestRunner.run(RemoteTestRunner.java:390)&#13;&#10;&#9;at org.codecover.juniteclipse.runner.EclipseTestRunner.main(EclipseTestRunner.java:40)" Date="1589513100910" Name="DrawTest:testScaleX">
<CovList/>
<AssgnmntList/>
<ObjMetaDataList/>
<MetaDataList/>
</TestCase>
<TestCase Comment="Failure&#10;java.lang.AssertionError: Not yet implemented&#13;&#10;&#9;at org.junit.Assert.fail(Assert.java:88)&#13;&#10;&#9;at DrawTest.testScaleY(DrawTest.java:121)&#13;&#10;&#9;at sun.reflect.NativeMethodAccessorImpl.invoke0(Native Method)&#13;&#10;&#9;at sun.reflect.NativeMethodAccessorImpl.invoke(Unknown Source)&#13;&#10;&#9;at sun.reflect.DelegatingMethodAccessorImpl.invoke(Unknown Source)&#13;&#10;&#9;at java.lang.reflect.Method.invoke(Unknown Source)&#13;&#10;&#9;at org.junit.runners.model.FrameworkMethod$1.runReflectiveCall(FrameworkMethod.java:47)&#13;&#10;&#9;at org.junit.internal.runners.model.ReflectiveCallable.run(ReflectiveCallable.java:12)&#13;&#10;&#9;at org.junit.runners.model.FrameworkMethod.invokeExplosively(FrameworkMethod.java:44)&#13;&#10;&#9;at org.junit.internal.runners.statements.InvokeMethod.evaluate(InvokeMethod.java:17)&#13;&#10;&#9;at org.junit.runners.ParentRunner.runLeaf(ParentRunner.java:271)&#13;&#10;&#9;at org.junit.runners.BlockJUnit4ClassRunner.runChild(BlockJUnit4ClassRunner.java:70)&#13;&#10;&#9;at org.junit.runners.BlockJUnit4ClassRunner.runChild(BlockJUnit4ClassRunner.java:50)&#13;&#10;&#9;at org.junit.runners.ParentRunner$3.run(ParentRunner.java:238)&#13;&#10;&#9;at org.junit.runners.ParentRunner$1.schedule(ParentRunner.java:63)&#13;&#10;&#9;at org.junit.runners.ParentRunner.runChildren(ParentRunner.java:236)&#13;&#10;&#9;at org.junit.runners.ParentRunner.access$000(ParentRunner.java:53)&#13;&#10;&#9;at org.junit.runners.ParentRunner$2.evaluate(ParentRunner.java:229)&#13;&#10;&#9;at org.junit.runners.ParentRunner.run(ParentRunner.java:309)&#13;&#10;&#9;at org.eclipse.jdt.internal.junit4.runner.JUnit4TestReference.run(JUnit4TestReference.java:50)&#13;&#10;&#9;at org.eclipse.jdt.internal.junit.runner.TestExecution.run(TestExecution.java:38)&#13;&#10;&#9;at org.eclipse.jdt.internal.junit.runner.RemoteTestRunner.runTests(RemoteTestRunner.java:467)&#13;&#10;&#9;at org.eclipse.jdt.internal.junit.runner.RemoteTestRunner.runTests(RemoteTestRunner.java:683)&#13;&#10;&#9;at org.eclipse.jdt.internal.junit.runner.RemoteTestRunner.run(RemoteTestRunner.java:390)&#13;&#10;&#9;at org.codecover.juniteclipse.runner.EclipseTestRunner.main(EclipseTestRunner.java:40)" Date="1589513100998" Name="DrawTest:testScaleY">
<CovList/>
<AssgnmntList/>
<ObjMetaDataList/>
<MetaDataList/>
</TestCase>
<TestCase Comment="Failure&#10;java.lang.AssertionError: Not yet implemented&#13;&#10;&#9;at org.junit.Assert.fail(Assert.java:88)&#13;&#10;&#9;at DrawTest.testDisableDoubleBuffering(DrawTest.java:361)&#13;&#10;&#9;at sun.reflect.NativeMethodAccessorImpl.invoke0(Native Method)&#13;&#10;&#9;at sun.reflect.NativeMethodAccessorImpl.invoke(Unknown Source)&#13;&#10;&#9;at sun.reflect.DelegatingMethodAccessorImpl.invoke(Unknown Source)&#13;&#10;&#9;at java.lang.reflect.Method.invoke(Unknown Source)&#13;&#10;&#9;at org.junit.runners.model.FrameworkMethod$1.runReflectiveCall(FrameworkMethod.java:47)&#13;&#10;&#9;at org.junit.internal.runners.model.ReflectiveCallable.run(ReflectiveCallable.java:12)&#13;&#10;&#9;at org.junit.runners.model.FrameworkMethod.invokeExplosively(FrameworkMethod.java:44)&#13;&#10;&#9;at org.junit.internal.runners.statements.InvokeMethod.evaluate(InvokeMethod.java:17)&#13;&#10;&#9;at org.junit.runners.ParentRunner.runLeaf(ParentRunner.java:271)&#13;&#10;&#9;at org.junit.runners.BlockJUnit4ClassRunner.runChild(BlockJUnit4ClassRunner.java:70)&#13;&#10;&#9;at org.junit.runners.BlockJUnit4ClassRunner.runChild(BlockJUnit4ClassRunner.java:50)&#13;&#10;&#9;at org.junit.runners.ParentRunner$3.run(ParentRunner.java:238)&#13;&#10;&#9;at org.junit.runners.ParentRunner$1.schedule(ParentRunner.java:63)&#13;&#10;&#9;at org.junit.runners.ParentRunner.runChildren(ParentRunner.java:236)&#13;&#10;&#9;at org.junit.runners.ParentRunner.access$000(ParentRunner.java:53)&#13;&#10;&#9;at org.junit.runners.ParentRunner$2.evaluate(ParentRunner.java:229)&#13;&#10;&#9;at org.junit.runners.ParentRunner.run(ParentRunner.java:309)&#13;&#10;&#9;at org.eclipse.jdt.internal.junit4.runner.JUnit4TestReference.run(JUnit4TestReference.java:50)&#13;&#10;&#9;at org.eclipse.jdt.internal.junit.runner.TestExecution.run(TestExecution.java:38)&#13;&#10;&#9;at org.eclipse.jdt.internal.junit.runner.RemoteTestRunner.runTests(RemoteTestRunner.java:467)&#13;&#10;&#9;at org.eclipse.jdt.internal.junit.runner.RemoteTestRunner.runTests(RemoteTestRunner.java:683)&#13;&#10;&#9;at org.eclipse.jdt.internal.junit.runner.RemoteTestRunner.run(RemoteTestRunner.java:390)&#13;&#10;&#9;at org.codecover.juniteclipse.runner.EclipseTestRunner.main(EclipseTestRunner.java:40)" Date="1589513101099" Name="DrawTest:testDisableDoubleBuffering">
<CovList/>
<AssgnmntList/>
<ObjMetaDataList/>
<MetaDataList/>
</TestCase>
<TestCase Comment="Failure&#10;java.lang.AssertionError: Not yet implemented&#13;&#10;&#9;at org.junit.Assert.fail(Assert.java:88)&#13;&#10;&#9;at DrawTest.testSquare(DrawTest.java:261)&#13;&#10;&#9;at sun.reflect.NativeMethodAccessorImpl.invoke0(Native Method)&#13;&#10;&#9;at sun.reflect.NativeMethodAccessorImpl.invoke(Unknown Source)&#13;&#10;&#9;at sun.reflect.DelegatingMethodAccessorImpl.invoke(Unknown Source)&#13;&#10;&#9;at java.lang.reflect.Method.invoke(Unknown Source)&#13;&#10;&#9;at org.junit.runners.model.FrameworkMethod$1.runReflectiveCall(FrameworkMethod.java:47)&#13;&#10;&#9;at org.junit.internal.runners.model.ReflectiveCallable.run(ReflectiveCallable.java:12)&#13;&#10;&#9;at org.junit.runners.model.FrameworkMethod.invokeExplosively(FrameworkMethod.java:44)&#13;&#10;&#9;at org.junit.internal.runners.statements.InvokeMethod.evaluate(InvokeMethod.java:17)&#13;&#10;&#9;at org.junit.runners.ParentRunner.runLeaf(ParentRunner.java:271)&#13;&#10;&#9;at org.junit.runners.BlockJUnit4ClassRunner.runChild(BlockJUnit4ClassRunner.java:70)&#13;&#10;&#9;at org.junit.runners.BlockJUnit4ClassRunner.runChild(BlockJUnit4ClassRunner.java:50)&#13;&#10;&#9;at org.junit.runners.ParentRunner$3.run(ParentRunner.java:238)&#13;&#10;&#9;at org.junit.runners.ParentRunner$1.schedule(ParentRunner.java:63)&#13;&#10;&#9;at org.junit.runners.ParentRunner.runChildren(ParentRunner.java:236)&#13;&#10;&#9;at org.junit.runners.ParentRunner.access$000(ParentRunner.java:53)&#13;&#10;&#9;at org.junit.runners.ParentRunner$2.evaluate(ParentRunner.java:229)&#13;&#10;&#9;at org.junit.runners.ParentRunner.run(ParentRunner.java:309)&#13;&#10;&#9;at org.eclipse.jdt.internal.junit4.runner.JUnit4TestReference.run(JUnit4TestReference.java:50)&#13;&#10;&#9;at org.eclipse.jdt.internal.junit.runner.TestExecution.run(TestExecution.java:38)&#13;&#10;&#9;at org.eclipse.jdt.internal.junit.runner.RemoteTestRunner.runTests(RemoteTestRunner.java:467)&#13;&#10;&#9;at org.eclipse.jdt.internal.junit.runner.RemoteTestRunner.runTests(RemoteTestRunner.java:683)&#13;&#10;&#9;at org.eclipse.jdt.internal.junit.runner.RemoteTestRunner.run(RemoteTestRunner.java:390)&#13;&#10;&#9;at org.codecover.juniteclipse.runner.EclipseTestRunner.main(EclipseTestRunner.java:40)" Date="1589513101210" Name="DrawTest:testSquare">
<CovList/>
<AssgnmntList/>
<ObjMetaDataList/>
<MetaDataList/>
</TestCase>
<TestCase Comment="Failure&#10;java.lang.AssertionError: Not yet implemented&#13;&#10;&#9;at org.junit.Assert.fail(Assert.java:88)&#13;&#10;&#9;at DrawTest.testRectangle(DrawTest.java:271)&#13;&#10;&#9;at sun.reflect.NativeMethodAccessorImpl.invoke0(Native Method)&#13;&#10;&#9;at sun.reflect.NativeMethodAccessorImpl.invoke(Unknown Source)&#13;&#10;&#9;at sun.reflect.DelegatingMethodAccessorImpl.invoke(Unknown Source)&#13;&#10;&#9;at java.lang.reflect.Method.invoke(Unknown Source)&#13;&#10;&#9;at org.junit.runners.model.FrameworkMethod$1.runReflectiveCall(FrameworkMethod.java:47)&#13;&#10;&#9;at org.junit.internal.runners.model.ReflectiveCallable.run(ReflectiveCallable.java:12)&#13;&#10;&#9;at org.junit.runners.model.FrameworkMethod.invokeExplosively(FrameworkMethod.java:44)&#13;&#10;&#9;at org.junit.internal.runners.statements.InvokeMethod.evaluate(InvokeMethod.java:17)&#13;&#10;&#9;at org.junit.runners.ParentRunner.runLeaf(ParentRunner.java:271)&#13;&#10;&#9;at org.junit.runners.BlockJUnit4ClassRunner.runChild(BlockJUnit4ClassRunner.java:70)&#13;&#10;&#9;at org.junit.runners.BlockJUnit4ClassRunner.runChild(BlockJUnit4ClassRunner.java:50)&#13;&#10;&#9;at org.junit.runners.ParentRunner$3.run(ParentRunner.java:238)&#13;&#10;&#9;at org.junit.runners.ParentRunner$1.schedule(ParentRunner.java:63)&#13;&#10;&#9;at org.junit.runners.ParentRunner.runChildren(ParentRunner.java:236)&#13;&#10;&#9;at org.junit.runners.ParentRunner.access$000(ParentRunner.java:53)&#13;&#10;&#9;at org.junit.runners.ParentRunner$2.evaluate(ParentRunner.java:229)&#13;&#10;&#9;at org.junit.runners.ParentRunner.run(ParentRunner.java:309)&#13;&#10;&#9;at org.eclipse.jdt.internal.junit4.runner.JUnit4TestReference.run(JUnit4TestReference.java:50)&#13;&#10;&#9;at org.eclipse.jdt.internal.junit.runner.TestExecution.run(TestExecution.java:38)&#13;&#10;&#9;at org.eclipse.jdt.internal.junit.runner.RemoteTestRunner.runTests(RemoteTestRunner.java:467)&#13;&#10;&#9;at org.eclipse.jdt.internal.junit.runner.RemoteTestRunner.runTests(RemoteTestRunner.java:683)&#13;&#10;&#9;at org.eclipse.jdt.internal.junit.runner.RemoteTestRunner.run(RemoteTestRunner.java:390)&#13;&#10;&#9;at org.codecover.juniteclipse.runner.EclipseTestRunner.main(EclipseTestRunner.java:40)" Date="1589513101323" Name="DrawTest:testRectangle">
<CovList/>
<AssgnmntList/>
<ObjMetaDataList/>
<MetaDataList/>
</TestCase>
<TestCase Comment="Failure&#10;java.lang.AssertionError: Not yet implemented&#13;&#10;&#9;at org.junit.Assert.fail(Assert.java:88)&#13;&#10;&#9;at DrawTest.testKeyReleased(DrawTest.java:461)&#13;&#10;&#9;at sun.reflect.NativeMethodAccessorImpl.invoke0(Native Method)&#13;&#10;&#9;at sun.reflect.NativeMethodAccessorImpl.invoke(Unknown Source)&#13;&#10;&#9;at sun.reflect.DelegatingMethodAccessorImpl.invoke(Unknown Source)&#13;&#10;&#9;at java.lang.reflect.Method.invoke(Unknown Source)&#13;&#10;&#9;at org.junit.runners.model.FrameworkMethod$1.runReflectiveCall(FrameworkMethod.java:47)&#13;&#10;&#9;at org.junit.internal.runners.model.ReflectiveCallable.run(ReflectiveCallable.java:12)&#13;&#10;&#9;at org.junit.runners.model.FrameworkMethod.invokeExplosively(FrameworkMethod.java:44)&#13;&#10;&#9;at org.junit.internal.runners.statements.InvokeMethod.evaluate(InvokeMethod.java:17)&#13;&#10;&#9;at org.junit.runners.ParentRunner.runLeaf(ParentRunner.java:271)&#13;&#10;&#9;at org.junit.runners.BlockJUnit4ClassRunner.runChild(BlockJUnit4ClassRunner.java:70)&#13;&#10;&#9;at org.junit.runners.BlockJUnit4ClassRunner.runChild(BlockJUnit4ClassRunner.java:50)&#13;&#10;&#9;at org.junit.runners.ParentRunner$3.run(ParentRunner.java:238)&#13;&#10;&#9;at org.junit.runners.ParentRunner$1.schedule(ParentRunner.java:63)&#13;&#10;&#9;at org.junit.runners.ParentRunner.runChildren(ParentRunner.java:236)&#13;&#10;&#9;at org.junit.runners.ParentRunner.access$000(ParentRunner.java:53)&#13;&#10;&#9;at org.junit.runners.ParentRunner$2.evaluate(ParentRunner.java:229)&#13;&#10;&#9;at org.junit.runners.ParentRunner.run(ParentRunner.java:309)&#13;&#10;&#9;at org.eclipse.jdt.internal.junit4.runner.JUnit4TestReference.run(JUnit4TestReference.java:50)&#13;&#10;&#9;at org.eclipse.jdt.internal.junit.runner.TestExecution.run(TestExecution.java:38)&#13;&#10;&#9;at org.eclipse.jdt.internal.junit.runner.RemoteTestRunner.runTests(RemoteTestRunner.java:467)&#13;&#10;&#9;at org.eclipse.jdt.internal.junit.runner.RemoteTestRunner.runTests(RemoteTestRunner.java:683)&#13;&#10;&#9;at org.eclipse.jdt.internal.junit.runner.RemoteTestRunner.run(RemoteTestRunner.java:390)&#13;&#10;&#9;at org.codecover.juniteclipse.runner.EclipseTestRunner.main(EclipseTestRunner.java:40)" Date="1589513101433" Name="DrawTest:testKeyReleased">
<CovList/>
<AssgnmntList/>
<ObjMetaDataList/>
<MetaDataList/>
</TestCase>
<TestCase Comment="Failure&#10;java.lang.AssertionError: Not yet implemented&#13;&#10;&#9;at org.junit.Assert.fail(Assert.java:88)&#13;&#10;&#9;at DrawTest.testXorOff(DrawTest.java:196)&#13;&#10;&#9;at sun.reflect.NativeMethodAccessorImpl.invoke0(Native Method)&#13;&#10;&#9;at sun.reflect.NativeMethodAccessorImpl.invoke(Unknown Source)&#13;&#10;&#9;at sun.reflect.DelegatingMethodAccessorImpl.invoke(Unknown Source)&#13;&#10;&#9;at java.lang.reflect.Method.invoke(Unknown Source)&#13;&#10;&#9;at org.junit.runners.model.FrameworkMethod$1.runReflectiveCall(FrameworkMethod.java:47)&#13;&#10;&#9;at org.junit.internal.runners.model.ReflectiveCallable.run(ReflectiveCallable.java:12)&#13;&#10;&#9;at org.junit.runners.model.FrameworkMethod.invokeExplosively(FrameworkMethod.java:44)&#13;&#10;&#9;at org.junit.internal.runners.statements.InvokeMethod.evaluate(InvokeMethod.java:17)&#13;&#10;&#9;at org.junit.runners.ParentRunner.runLeaf(ParentRunner.java:271)&#13;&#10;&#9;at org.junit.runners.BlockJUnit4ClassRunner.runChild(BlockJUnit4ClassRunner.java:70)&#13;&#10;&#9;at org.junit.runners.BlockJUnit4ClassRunner.runChild(BlockJUnit4ClassRunner.java:50)&#13;&#10;&#9;at org.junit.runners.ParentRunner$3.run(ParentRunner.java:238)&#13;&#10;&#9;at org.junit.runners.ParentRunner$1.schedule(ParentRunner.java:63)&#13;&#10;&#9;at org.junit.runners.ParentRunner.runChildren(ParentRunner.java:236)&#13;&#10;&#9;at org.junit.runners.ParentRunner.access$000(ParentRunner.java:53)&#13;&#10;&#9;at org.junit.runners.ParentRunner$2.evaluate(ParentRunner.java:229)&#13;&#10;&#9;at org.junit.runners.ParentRunner.run(ParentRunner.java:309)&#13;&#10;&#9;at org.eclipse.jdt.internal.junit4.runner.JUnit4TestReference.run(JUnit4TestReference.java:50)&#13;&#10;&#9;at org.eclipse.jdt.internal.junit.runner.TestExecution.run(TestExecution.java:38)&#13;&#10;&#9;at org.eclipse.jdt.internal.junit.runner.RemoteTestRunner.runTests(RemoteTestRunner.java:467)&#13;&#10;&#9;at org.eclipse.jdt.internal.junit.runner.RemoteTestRunner.runTests(RemoteTestRunner.java:683)&#13;&#10;&#9;at org.eclipse.jdt.internal.junit.runner.RemoteTestRunner.run(RemoteTestRunner.java:390)&#13;&#10;&#9;at org.codecover.juniteclipse.runner.EclipseTestRunner.main(EclipseTestRunner.java:40)" Date="1589513101547" Name="DrawTest:testXorOff">
<CovList/>
<AssgnmntList/>
<ObjMetaDataList/>
<MetaDataList/>
</TestCase>
<TestCase Comment="Failure&#10;java.lang.AssertionError: Expected exception: java.lang.IllegalArgumentException&#13;&#10;&#9;at org.junit.internal.runners.statements.ExpectException.evaluate(ExpectException.java:32)&#13;&#10;&#9;at org.junit.runners.ParentRunner.runLeaf(ParentRunner.java:271)&#13;&#10;&#9;at org.junit.runners.BlockJUnit4ClassRunner.runChild(BlockJUnit4ClassRunner.java:70)&#13;&#10;&#9;at org.junit.runners.BlockJUnit4ClassRunner.runChild(BlockJUnit4ClassRunner.java:50)&#13;&#10;&#9;at org.junit.runners.ParentRunner$3.run(ParentRunner.java:238)&#13;&#10;&#9;at org.junit.runners.ParentRunner$1.schedule(ParentRunner.java:63)&#13;&#10;&#9;at org.junit.runners.ParentRunner.runChildren(ParentRunner.java:236)&#13;&#10;&#9;at org.junit.runners.ParentRunner.access$000(ParentRunner.java:53)&#13;&#10;&#9;at org.junit.runners.ParentRunner$2.evaluate(ParentRunner.java:229)&#13;&#10;&#9;at org.junit.runners.ParentRunner.run(ParentRunner.java:309)&#13;&#10;&#9;at org.eclipse.jdt.internal.junit4.runner.JUnit4TestReference.run(JUnit4TestReference.java:50)&#13;&#10;&#9;at org.eclipse.jdt.internal.junit.runner.TestExecution.run(TestExecution.java:38)&#13;&#10;&#9;at org.eclipse.jdt.internal.junit.runner.RemoteTestRunner.runTests(RemoteTestRunner.java:467)&#13;&#10;&#9;at org.eclipse.jdt.internal.junit.runner.RemoteTestRunner.runTests(RemoteTestRunner.java:683)&#13;&#10;&#9;at org.eclipse.jdt.internal.junit.runner.RemoteTestRunner.run(RemoteTestRunner.java:390)&#13;&#10;&#9;at org.codecover.juniteclipse.runner.EclipseTestRunner.main(EclipseTestRunner.java:40)" Date="1589513101643" Name="DrawTest:testValidateNonnegative">
<CovList>
<CovPrefix CovItemPrefix="Draw.java">
<Cov CovItemId="B10" Value="1"/>
<Cov CovItemId="B8" Value="1"/>
<Cov CovItemId="S94" Value="1"/>
<Cov CovItemId="S96" Value="1"/>
</CovPrefix>
</CovList>
<AssgnmntList>
<AssgnmntPrefix RootTermCovItemPrefix="Draw.java">
<AssgnmntListEntry Length="1" RootTermCovItemId="C4">
<MapEntry BoolAssgnmnt="0" Value="1"/>
</AssgnmntListEntry>
<AssgnmntListEntry Length="1" RootTermCovItemId="C5">
<MapEntry BoolAssgnmnt="0" Value="1"/>
</AssgnmntListEntry>
</AssgnmntPrefix>
</AssgnmntList>
<ObjMetaDataList/>
<MetaDataList/>
</TestCase>
<TestCase Comment="Failure&#10;java.lang.AssertionError: Not yet implemented&#13;&#10;&#9;at org.junit.Assert.fail(Assert.java:88)&#13;&#10;&#9;at DrawTest.testSetPenRadiusDouble(DrawTest.java:166)&#13;&#10;&#9;at sun.reflect.NativeMethodAccessorImpl.invoke0(Native Method)&#13;&#10;&#9;at sun.reflect.NativeMethodAccessorImpl.invoke(Unknown Source)&#13;&#10;&#9;at sun.reflect.DelegatingMethodAccessorImpl.invoke(Unknown Source)&#13;&#10;&#9;at java.lang.reflect.Method.invoke(Unknown Source)&#13;&#10;&#9;at org.junit.runners.model.FrameworkMethod$1.runReflectiveCall(FrameworkMethod.java:47)&#13;&#10;&#9;at org.junit.internal.runners.model.ReflectiveCallable.run(ReflectiveCallable.java:12)&#13;&#10;&#9;at org.junit.runners.model.FrameworkMethod.invokeExplosively(FrameworkMethod.java:44)&#13;&#10;&#9;at org.junit.internal.runners.statements.InvokeMethod.evaluate(InvokeMethod.java:17)&#13;&#10;&#9;at org.junit.runners.ParentRunner.runLeaf(ParentRunner.java:271)&#13;&#10;&#9;at org.junit.runners.BlockJUnit4ClassRunner.runChild(BlockJUnit4ClassRunner.java:70)&#13;&#10;&#9;at org.junit.runners.BlockJUnit4ClassRunner.runChild(BlockJUnit4ClassRunner.java:50)&#13;&#10;&#9;at org.junit.runners.ParentRunner$3.run(ParentRunner.java:238)&#13;&#10;&#9;at org.junit.runners.ParentRunner$1.schedule(ParentRunner.java:63)&#13;&#10;&#9;at org.junit.runners.ParentRunner.runChildren(ParentRunner.java:236)&#13;&#10;&#9;at org.junit.runners.ParentRunner.access$000(ParentRunner.java:53)&#13;&#10;&#9;at org.junit.runners.ParentRunner$2.evaluate(ParentRunner.java:229)&#13;&#10;&#9;at org.junit.runners.ParentRunner.run(ParentRunner.java:309)&#13;&#10;&#9;at org.eclipse.jdt.internal.junit4.runner.JUnit4TestReference.run(JUnit4TestReference.java:50)&#13;&#10;&#9;at org.eclipse.jdt.internal.junit.runner.TestExecution.run(TestExecution.java:38)&#13;&#10;&#9;at org.eclipse.jdt.internal.junit.runner.RemoteTestRunner.runTests(RemoteTestRunner.java:467)&#13;&#10;&#9;at org.eclipse.jdt.internal.junit.runner.RemoteTestRunner.runTests(RemoteTestRunner.java:683)&#13;&#10;&#9;at org.eclipse.jdt.internal.junit.runner.RemoteTestRunner.run(RemoteTestRunner.java:390)&#13;&#10;&#9;at org.codecover.juniteclipse.runner.EclipseTestRunner.main(EclipseTestRunner.java:40)" Date="1589513101745" Name="DrawTest:testSetPenRadiusDouble">
<CovList/>
<AssgnmntList/>
<ObjMetaDataList/>
<MetaDataList/>
</TestCase>
<TestCase Comment="Failure&#10;java.lang.AssertionError: Use assertEquals(expected, actual, delta) to compare floating-point numbers&#13;&#10;&#9;at org.junit.Assert.fail(Assert.java:88)&#13;&#10;&#9;at org.junit.Assert.assertEquals(Assert.java:576)&#13;&#10;&#9;at org.junit.Assert.assertEquals(Assert.java:565)&#13;&#10;&#9;at DrawTest.testSetYscaleDoubleDouble1(DrawTest.java:110)&#13;&#10;&#9;at sun.reflect.NativeMethodAccessorImpl.invoke0(Native Method)&#13;&#10;&#9;at sun.reflect.NativeMethodAccessorImpl.invoke(Unknown Source)&#13;&#10;&#9;at sun.reflect.DelegatingMethodAccessorImpl.invoke(Unknown Source)&#13;&#10;&#9;at java.lang.reflect.Method.invoke(Unknown Source)&#13;&#10;&#9;at org.junit.runners.model.FrameworkMethod$1.runReflectiveCall(FrameworkMethod.java:47)&#13;&#10;&#9;at org.junit.internal.runners.model.ReflectiveCallable.run(ReflectiveCallable.java:12)&#13;&#10;&#9;at org.junit.runners.model.FrameworkMethod.invokeExplosively(FrameworkMethod.java:44)&#13;&#10;&#9;at org.junit.internal.runners.statements.InvokeMethod.evaluate(InvokeMethod.java:17)&#13;&#10;&#9;at org.junit.runners.ParentRunner.runLeaf(ParentRunner.java:271)&#13;&#10;&#9;at org.junit.runners.BlockJUnit4ClassRunner.runChild(BlockJUnit4ClassRunner.java:70)&#13;&#10;&#9;at org.junit.runners.BlockJUnit4ClassRunner.runChild(BlockJUnit4ClassRunner.java:50)&#13;&#10;&#9;at org.junit.runners.ParentRunner$3.run(ParentRunner.java:238)&#13;&#10;&#9;at org.junit.runners.ParentRunner$1.schedule(ParentRunner.java:63)&#13;&#10;&#9;at org.junit.runners.ParentRunner.runChildren(ParentRunner.java:236)&#13;&#10;&#9;at org.junit.runners.ParentRunner.access$000(ParentRunner.java:53)&#13;&#10;&#9;at org.junit.runners.ParentRunner$2.evaluate(ParentRunner.java:229)&#13;&#10;&#9;at org.junit.runners.ParentRunner.run(ParentRunner.java:309)&#13;&#10;&#9;at org.eclipse.jdt.internal.junit4.runner.JUnit4TestReference.run(JUnit4TestReference.java:50)&#13;&#10;&#9;at org.eclipse.jdt.internal.junit.runner.TestExecution.run(TestExecution.java:38)&#13;&#10;&#9;at org.eclipse.jdt.internal.junit.runner.RemoteTestRunner.runTests(RemoteTestRunner.java:467)&#13;&#10;&#9;at org.eclipse.jdt.internal.junit.runner.RemoteTestRunner.runTests(RemoteTestRunner.java:683)&#13;&#10;&#9;at org.eclipse.jdt.internal.junit.runner.RemoteTestRunner.run(RemoteTestRunner.java:390)&#13;&#10;&#9;at org.codecover.juniteclipse.runner.EclipseTestRunner.main(EclipseTestRunner.java:40)" Date="1589513101841" Name="DrawTest:testSetYscaleDoubleDouble1">
<CovList>
<CovPrefix CovItemPrefix="Draw.java">
<Cov CovItemId="B10" Value="2"/>
<Cov CovItemId="B18" Value="1"/>
<Cov CovItemId="B8" Value="2"/>
<Cov CovItemId="S111" Value="1"/>
<Cov CovItemId="S112" Value="1"/>
<Cov CovItemId="S113" Value="1"/>
<Cov CovItemId="S114" Value="1"/>
<Cov CovItemId="S116" Value="1"/>
<Cov CovItemId="S117" Value="1"/>
<Cov CovItemId="S94" Value="2"/>
<Cov CovItemId="S96" Value="2"/>
</CovPrefix>
</CovList>
<AssgnmntList>
<AssgnmntPrefix RootTermCovItemPrefix="Draw.java">
<AssgnmntListEntry Length="1" RootTermCovItemId="C4">
<MapEntry BoolAssgnmnt="0" Value="2"/>
</AssgnmntListEntry>
<AssgnmntListEntry Length="1" RootTermCovItemId="C5">
<MapEntry BoolAssgnmnt="0" Value="2"/>
</AssgnmntListEntry>
<AssgnmntListEntry Length="1" RootTermCovItemId="C9">
<MapEntry BoolAssgnmnt="0" Value="1"/>
</AssgnmntListEntry>
</AssgnmntPrefix>
</AssgnmntList>
<ObjMetaDataList/>
<MetaDataList/>
</TestCase>
<TestCase Comment="" Date="1589513101941" Name="DrawTest:testSetDefaultCloseOperation">
<CovList>
<CovPrefix CovItemPrefix="Draw.java">
<Cov CovItemId="S80" Value="1"/>
</CovPrefix>
</CovList>
<AssgnmntList/>
<ObjMetaDataList/>
<MetaDataList/>
</TestCase>
<TestCase Comment="" Date="1589513102677" Name="BlackJackTest:testHit">
<CovList>
<CovPrefix CovItemPrefix="BlackJack.java">
<Cov CovItemId="S31" Value="1"/>
<Cov CovItemId="S32" Value="1"/>
<Cov CovItemId="S33" Value="1"/>
</CovPrefix>
<CovPrefix CovItemPrefix="Card.java">
<Cov CovItemId="B6" Value="1"/>
<Cov CovItemId="S1" Value="52"/>
<Cov CovItemId="S12" Value="1"/>
<Cov CovItemId="S14" Value="1"/>
<Cov CovItemId="S2" Value="52"/>
<Cov CovItemId="S3" Value="52"/>
<Cov CovItemId="S4" Value="52"/>
<Cov CovItemId="S5" Value="52"/>
</CovPrefix>
<CovPrefix CovItemPrefix="Deck.java">
<Cov CovItemId="L1-2" Value="1"/>
<Cov CovItemId="S1" Value="1"/>
<Cov CovItemId="S2" Value="1"/>
<Cov CovItemId="S3" Value="1"/>
<Cov CovItemId="S4" Value="1"/>
<Cov CovItemId="S5" Value="52"/>
<Cov CovItemId="S6" Value="1"/>
</CovPrefix>
<CovPrefix CovItemPrefix="Draw.java">
<Cov CovItemId="B10" Value="2"/>
<Cov CovItemId="B14" Value="1"/>
<Cov CovItemId="B54" Value="1"/>
<Cov CovItemId="B55" Value="1"/>
<Cov CovItemId="B58" Value="1"/>
<Cov CovItemId="B59" Value="1"/>
<Cov CovItemId="B61" Value="1"/>
<Cov CovItemId="B64" Value="1"/>
<Cov CovItemId="B68" Value="1"/>
<Cov CovItemId="B8" Value="2"/>
<Cov CovItemId="B81" Value="1"/>
<Cov CovItemId="S100" Value="1"/>
<Cov CovItemId="S118" Value="1"/>
<Cov CovItemId="S119" Value="1"/>
<Cov CovItemId="S334" Value="1"/>
<Cov CovItemId="S336" Value="1"/>
<Cov CovItemId="S337" Value="1"/>
<Cov CovItemId="S338" Value="1"/>
<Cov CovItemId="S339" Value="1"/>
<Cov CovItemId="S341" Value="1"/>
<Cov CovItemId="S342" Value="1"/>
<Cov CovItemId="S343" Value="1"/>
<Cov CovItemId="S344" Value="1"/>
<Cov CovItemId="S345" Value="1"/>
<Cov CovItemId="S350" Value="1"/>
<Cov CovItemId="S351" Value="1"/>
<Cov CovItemId="S352" Value="1"/>
<Cov CovItemId="S353" Value="1"/>
<Cov CovItemId="S354" Value="1"/>
<Cov CovItemId="S355" Value="1"/>
<Cov CovItemId="S356" Value="1"/>
<Cov CovItemId="S357" Value="1"/>
<Cov CovItemId="S358" Value="1"/>
<Cov CovItemId="S359" Value="1"/>
<Cov CovItemId="S361" Value="1"/>
<Cov CovItemId="S362" Value="1"/>
<Cov CovItemId="S464" Value="1"/>
<Cov CovItemId="S465" Value="1"/>
<Cov CovItemId="S466" Value="1"/>
<Cov CovItemId="S467" Value="1"/>
<Cov CovItemId="S534" Value="2"/>
<Cov CovItemId="S535" Value="2"/>
<Cov CovItemId="S536" Value="2"/>
<Cov CovItemId="S537" Value="2"/>
<Cov CovItemId="S538" Value="2"/>
<Cov CovItemId="S539" Value="2"/>
<Cov CovItemId="S540" Value="2"/>
<Cov CovItemId="S541" Value="2"/>
<Cov CovItemId="S542" Value="2"/>
<Cov CovItemId="S94" Value="2"/>
<Cov CovItemId="S96" Value="2"/>
</CovPrefix>
<CovPrefix CovItemPrefix="Player.java">
<Cov CovItemId="L2-1" Value="1"/>
<Cov CovItemId="S19" Value="1"/>
<Cov CovItemId="S20" Value="1"/>
<Cov CovItemId="S8" Value="1"/>
</CovPrefix>
</CovList>
<AssgnmntList>
<AssgnmntPrefix RootTermCovItemPrefix="Card.java">
<AssgnmntListEntry Length="1" RootTermCovItemId="C3">
<MapEntry BoolAssgnmnt="0" Value="1"/>
</AssgnmntListEntry>
</AssgnmntPrefix>
<AssgnmntPrefix RootTermCovItemPrefix="Deck.java">
<AssgnmntListEntry Length="1" RootTermCovItemId="C1">
<MapEntry BoolAssgnmnt="0" Value="1"/>
<MapEntry BoolAssgnmnt="1" Value="52"/>
</AssgnmntListEntry>
</AssgnmntPrefix>
<AssgnmntPrefix RootTermCovItemPrefix="Draw.java">
<AssgnmntListEntry Length="1" RootTermCovItemId="C34">
<MapEntry BoolAssgnmnt="0" Value="1"/>
</AssgnmntListEntry>
<AssgnmntListEntry Length="2" RootTermCovItemId="C35">
<MapEntry BoolAssgnmnt="01" Value="1"/>
</AssgnmntListEntry>
<AssgnmntListEntry Length="2" RootTermCovItemId="C36">
<MapEntry BoolAssgnmnt="01" Value="1"/>
</AssgnmntListEntry>
<AssgnmntListEntry Length="1" RootTermCovItemId="C37">
<MapEntry BoolAssgnmnt="1" Value="1"/>
</AssgnmntListEntry>
<AssgnmntListEntry Length="2" RootTermCovItemId="C38">
<MapEntry BoolAssgnmnt="00" Value="1"/>
</AssgnmntListEntry>
<AssgnmntListEntry Length="1" RootTermCovItemId="C4">
<MapEntry BoolAssgnmnt="0" Value="2"/>
</AssgnmntListEntry>
<AssgnmntListEntry Length="2" RootTermCovItemId="C40">
<MapEntry BoolAssgnmnt="00" Value="1"/>
</AssgnmntListEntry>
<AssgnmntListEntry Length="1" RootTermCovItemId="C46">
<MapEntry BoolAssgnmnt="0" Value="1"/>
</AssgnmntListEntry>
<AssgnmntListEntry Length="1" RootTermCovItemId="C5">
<MapEntry BoolAssgnmnt="0" Value="2"/>
</AssgnmntListEntry>
<AssgnmntListEntry Length="1" RootTermCovItemId="C7">
<MapEntry BoolAssgnmnt="0" Value="1"/>
</AssgnmntListEntry>
</AssgnmntPrefix>
<AssgnmntPrefix RootTermCovItemPrefix="Player.java">
<AssgnmntListEntry Length="1" RootTermCovItemId="C4">
<MapEntry BoolAssgnmnt="0" Value="1"/>
<MapEntry BoolAssgnmnt="1" Value="1"/>
</AssgnmntListEntry>
</AssgnmntPrefix>
</AssgnmntList>
<ObjMetaDataList/>
<MetaDataList/>
</TestCase>
<TestCase Comment="Failure&#10;java.lang.AssertionError&#13;&#10;&#9;at org.junit.Assert.fail(Assert.java:86)&#13;&#10;&#9;at org.junit.Assert.assertTrue(Assert.java:41)&#13;&#10;&#9;at org.junit.Assert.assertTrue(Assert.java:52)&#13;&#10;&#9;at BlackJackTest.testActionPerformed(BlackJackTest.java:120)&#13;&#10;&#9;at sun.reflect.NativeMethodAccessorImpl.invoke0(Native Method)&#13;&#10;&#9;at sun.reflect.NativeMethodAccessorImpl.invoke(Unknown Source)&#13;&#10;&#9;at sun.reflect.DelegatingMethodAccessorImpl.invoke(Unknown Source)&#13;&#10;&#9;at java.lang.reflect.Method.invoke(Unknown Source)&#13;&#10;&#9;at org.junit.runners.model.FrameworkMethod$1.runReflectiveCall(FrameworkMethod.java:47)&#13;&#10;&#9;at org.junit.internal.runners.model.ReflectiveCallable.run(ReflectiveCallable.java:12)&#13;&#10;&#9;at org.junit.runners.model.FrameworkMethod.invokeExplosively(FrameworkMethod.java:44)&#13;&#10;&#9;at org.junit.internal.runners.statements.InvokeMethod.evaluate(InvokeMethod.java:17)&#13;&#10;&#9;at org.junit.runners.ParentRunner.runLeaf(ParentRunner.java:271)&#13;&#10;&#9;at org.junit.runners.BlockJUnit4ClassRunner.runChild(BlockJUnit4ClassRunner.java:70)&#13;&#10;&#9;at org.junit.runners.BlockJUnit4ClassRunner.runChild(BlockJUnit4ClassRunner.java:50)&#13;&#10;&#9;at org.junit.runners.ParentRunner$3.run(ParentRunner.java:238)&#13;&#10;&#9;at org.junit.runners.ParentRunner$1.schedule(ParentRunner.java:63)&#13;&#10;&#9;at org.junit.runners.ParentRunner.runChildren(ParentRunner.java:236)&#13;&#10;&#9;at org.junit.runners.ParentRunner.access$000(ParentRunner.java:53)&#13;&#10;&#9;at org.junit.runners.ParentRunner$2.evaluate(ParentRunner.java:229)&#13;&#10;&#9;at org.junit.runners.ParentRunner.run(ParentRunner.java:309)&#13;&#10;&#9;at org.eclipse.jdt.internal.junit4.runner.JUnit4TestReference.run(JUnit4TestReference.java:50)&#13;&#10;&#9;at org.eclipse.jdt.internal.junit.runner.TestExecution.run(TestExecution.java:38)&#13;&#10;&#9;at org.eclipse.jdt.internal.junit.runner.RemoteTestRunner.runTests(RemoteTestRunner.java:467)&#13;&#10;&#9;at org.eclipse.jdt.internal.junit.runner.RemoteTestRunner.runTests(RemoteTestRunner.java:683)&#13;&#10;&#9;at org.eclipse.jdt.internal.junit.runner.RemoteTestRunner.run(RemoteTestRunner.java:390)&#13;&#10;&#9;at org.codecover.juniteclipse.runner.EclipseTestRunner.main(EclipseTestRunner.java:40)" Date="1589513103048" Name="BlackJackTest:testActionPerformed">
<CovList>
<CovPrefix CovItemPrefix="BlackJack.java">
<Cov CovItemId="B10" Value="1"/>
<Cov CovItemId="B11" Value="1"/>
<Cov CovItemId="B14" Value="1"/>
<Cov CovItemId="B16" Value="1"/>
<Cov CovItemId="B18" Value="1"/>
<Cov CovItemId="B2" Value="1"/>
<Cov CovItemId="B4" Value="1"/>
<Cov CovItemId="B6" Value="1"/>
<Cov CovItemId="B8" Value="1"/>
<Cov CovItemId="S31" Value="6"/>
<Cov CovItemId="S32" Value="6"/>
<Cov CovItemId="S33" Value="6"/>
<Cov CovItemId="S34" Value="1"/>
<Cov CovItemId="S35" Value="1"/>
<Cov CovItemId="S36" Value="1"/>
<Cov CovItemId="S37" Value="1"/>
<Cov CovItemId="S41" Value="1"/>
<Cov CovItemId="S42" Value="1"/>
<Cov CovItemId="S43" Value="1"/>
<Cov CovItemId="S44" Value="1"/>
<Cov CovItemId="S45" Value="1"/>
<Cov CovItemId="S46" Value="1"/>
<Cov CovItemId="S47" Value="1"/>
<Cov CovItemId="S48" Value="1"/>
<Cov CovItemId="S49" Value="1"/>
<Cov CovItemId="S51" Value="1"/>
<Cov CovItemId="S53" Value="1"/>
<Cov CovItemId="S55" Value="1"/>
<Cov CovItemId="S57" Value="1"/>
<Cov CovItemId="S58" Value="1"/>
<Cov CovItemId="S59" Value="1"/>
<Cov CovItemId="S60" Value="1"/>
<Cov CovItemId="S61" Value="1"/>
<Cov CovItemId="S66" Value="1"/>
<Cov CovItemId="S73" Value="1"/>
</CovPrefix>
<CovPrefix CovItemPrefix="Card.java">
<Cov CovItemId="B2" Value="31"/>
<Cov CovItemId="B3" Value="4"/>
<Cov CovItemId="B4" Value="27"/>
<Cov CovItemId="B5" Value="1"/>
<Cov CovItemId="B6" Value="12"/>
<Cov CovItemId="S1" Value="53"/>
<Cov CovItemId="S10" Value="4"/>
<Cov CovItemId="S11" Value="27"/>
<Cov CovItemId="S12" Value="13"/>
<Cov CovItemId="S13" Value="1"/>
<Cov CovItemId="S14" Value="12"/>
<Cov CovItemId="S15" Value="1"/>
<Cov CovItemId="S16" Value="1"/>
<Cov CovItemId="S2" Value="53"/>
<Cov CovItemId="S3" Value="53"/>
<Cov CovItemId="S4" Value="53"/>
<Cov CovItemId="S5" Value="53"/>
<Cov CovItemId="S6" Value="31"/>
<Cov CovItemId="S7" Value="31"/>
<Cov CovItemId="S9" Value="31"/>
</CovPrefix>
<CovPrefix CovItemPrefix="Deck.java">
<Cov CovItemId="L1-2" Value="1"/>
<Cov CovItemId="S2" Value="1"/>
<Cov CovItemId="S3" Value="1"/>
<Cov CovItemId="S4" Value="1"/>
<Cov CovItemId="S5" Value="52"/>
<Cov CovItemId="S6" Value="6"/>
<Cov CovItemId="S8" Value="1"/>
</CovPrefix>
<CovPrefix CovItemPrefix="Draw.java">
<Cov CovItemId="B10" Value="26"/>
<Cov CovItemId="B14" Value="14"/>
<Cov CovItemId="B54" Value="13"/>
<Cov CovItemId="B55" Value="13"/>
<Cov CovItemId="B58" Value="13"/>
<Cov CovItemId="B59" Value="13"/>
<Cov CovItemId="B61" Value="13"/>
<Cov CovItemId="B64" Value="13"/>
<Cov CovItemId="B68" Value="13"/>
<Cov CovItemId="B8" Value="26"/>
<Cov CovItemId="B81" Value="14"/>
<Cov CovItemId="S100" Value="14"/>
<Cov CovItemId="S118" Value="13"/>
<Cov CovItemId="S119" Value="13"/>
<Cov CovItemId="S125" Value="1"/>
<Cov CovItemId="S126" Value="1"/>
<Cov CovItemId="S127" Value="1"/>
<Cov CovItemId="S128" Value="1"/>
<Cov CovItemId="S129" Value="1"/>
<Cov CovItemId="S334" Value="13"/>
<Cov CovItemId="S336" Value="13"/>
<Cov CovItemId="S337" Value="13"/>
<Cov CovItemId="S338" Value="13"/>
<Cov CovItemId="S339" Value="13"/>
<Cov CovItemId="S341" Value="13"/>
<Cov CovItemId="S342" Value="13"/>
<Cov CovItemId="S343" Value="13"/>
<Cov CovItemId="S344" Value="13"/>
<Cov CovItemId="S345" Value="13"/>
<Cov CovItemId="S350" Value="13"/>
<Cov CovItemId="S351" Value="13"/>
<Cov CovItemId="S352" Value="13"/>
<Cov CovItemId="S353" Value="13"/>
<Cov CovItemId="S354" Value="13"/>
<Cov CovItemId="S355" Value="13"/>
<Cov CovItemId="S356" Value="13"/>
<Cov CovItemId="S357" Value="13"/>
<Cov CovItemId="S358" Value="13"/>
<Cov CovItemId="S359" Value="13"/>
<Cov CovItemId="S361" Value="13"/>
<Cov CovItemId="S362" Value="13"/>
<Cov CovItemId="S464" Value="14"/>
<Cov CovItemId="S465" Value="14"/>
<Cov CovItemId="S466" Value="14"/>
<Cov CovItemId="S467" Value="14"/>
<Cov CovItemId="S534" Value="7"/>
<Cov CovItemId="S535" Value="7"/>
<Cov CovItemId="S536" Value="4"/>
<Cov CovItemId="S537" Value="4"/>
<Cov CovItemId="S538" Value="4"/>
<Cov CovItemId="S539" Value="4"/>
<Cov CovItemId="S540" Value="4"/>
<Cov CovItemId="S541" Value="4"/>
<Cov CovItemId="S542" Value="3"/>
<Cov CovItemId="S94" Value="26"/>
<Cov CovItemId="S96" Value="26"/>
</CovPrefix>
<CovPrefix CovItemPrefix="Player.java">
<Cov CovItemId="B2" Value="31"/>
<Cov CovItemId="B4" Value="13"/>
<Cov CovItemId="L1-1" Value="1"/>
<Cov CovItemId="L1-2" Value="12"/>
<Cov CovItemId="L2-1" Value="3"/>
<Cov CovItemId="L2-2" Value="4"/>
<Cov CovItemId="S10" Value="13"/>
<Cov CovItemId="S11" Value="13"/>
<Cov CovItemId="S12" Value="13"/>
<Cov CovItemId="S13" Value="31"/>
<Cov CovItemId="S14" Value="31"/>
<Cov CovItemId="S16" Value="13"/>
<Cov CovItemId="S18" Value="13"/>
<Cov CovItemId="S19" Value="7"/>
<Cov CovItemId="S20" Value="13"/>
<Cov CovItemId="S7" Value="2"/>
<Cov CovItemId="S8" Value="15"/>
<Cov CovItemId="S9" Value="8"/>
</CovPrefix>
<CovPrefix CovItemPrefix="StdOut.java">
<Cov CovItemId="B1" Value="1"/>
<Cov CovItemId="S1" Value="1"/>
<Cov CovItemId="S2" Value="1"/>
<Cov CovItemId="S3" Value="1"/>
<Cov CovItemId="S4" Value="1"/>
<Cov CovItemId="S7" Value="1"/>
</CovPrefix>
</CovList>
<AssgnmntList>
<AssgnmntPrefix RootTermCovItemPrefix="BlackJack.java">
<AssgnmntListEntry Length="2" RootTermCovItemId="C1">
<MapEntry BoolAssgnmnt="00" Value="1"/>
</AssgnmntListEntry>
<AssgnmntListEntry Length="1" RootTermCovItemId="C10">
<MapEntry BoolAssgnmnt="0" Value="1"/>
</AssgnmntListEntry>
<AssgnmntListEntry Length="1" RootTermCovItemId="C2">
<MapEntry BoolAssgnmnt="0" Value="1"/>
</AssgnmntListEntry>
<AssgnmntListEntry Length="1" RootTermCovItemId="C3">
<MapEntry BoolAssgnmnt="0" Value="1"/>
</AssgnmntListEntry>
<AssgnmntListEntry Length="1" RootTermCovItemId="C4">
<MapEntry BoolAssgnmnt="0" Value="1"/>
</AssgnmntListEntry>
<AssgnmntListEntry Length="1" RootTermCovItemId="C5">
<MapEntry BoolAssgnmnt="0" Value="1"/>
</AssgnmntListEntry>
<AssgnmntListEntry Length="1" RootTermCovItemId="C6">
<MapEntry BoolAssgnmnt="1" Value="1"/>
</AssgnmntListEntry>
<AssgnmntListEntry Length="1" RootTermCovItemId="C7">
<MapEntry BoolAssgnmnt="0" Value="1"/>
</AssgnmntListEntry>
<AssgnmntListEntry Length="1" RootTermCovItemId="C8">
<MapEntry BoolAssgnmnt="0" Value="1"/>
</AssgnmntListEntry>
</AssgnmntPrefix>
<AssgnmntPrefix RootTermCovItemPrefix="Card.java">
<AssgnmntListEntry Length="1" RootTermCovItemId="C1">
<MapEntry BoolAssgnmnt="0" Value="31"/>
</AssgnmntListEntry>
<AssgnmntListEntry Length="1" RootTermCovItemId="C2">
<MapEntry BoolAssgnmnt="0" Value="27"/>
<MapEntry BoolAssgnmnt="1" Value="4"/>
</AssgnmntListEntry>
<AssgnmntListEntry Length="1" RootTermCovItemId="C3">
<MapEntry BoolAssgnmnt="0" Value="12"/>
<MapEntry BoolAssgnmnt="1" Value="1"/>
</AssgnmntListEntry>
</AssgnmntPrefix>
<AssgnmntPrefix RootTermCovItemPrefix="Deck.java">
<AssgnmntListEntry Length="1" RootTermCovItemId="C1">
<MapEntry BoolAssgnmnt="0" Value="1"/>
<MapEntry BoolAssgnmnt="1" Value="52"/>
</AssgnmntListEntry>
</AssgnmntPrefix>
<AssgnmntPrefix RootTermCovItemPrefix="Draw.java">
<AssgnmntListEntry Length="1" RootTermCovItemId="C34">
<MapEntry BoolAssgnmnt="0" Value="13"/>
</AssgnmntListEntry>
<AssgnmntListEntry Length="2" RootTermCovItemId="C35">
<MapEntry BoolAssgnmnt="01" Value="13"/>
</AssgnmntListEntry>
<AssgnmntListEntry Length="2" RootTermCovItemId="C36">
<MapEntry BoolAssgnmnt="01" Value="13"/>
</AssgnmntListEntry>
<AssgnmntListEntry Length="1" RootTermCovItemId="C37">
<MapEntry BoolAssgnmnt="1" Value="13"/>
</AssgnmntListEntry>
<AssgnmntListEntry Length="2" RootTermCovItemId="C38">
<MapEntry BoolAssgnmnt="00" Value="13"/>
</AssgnmntListEntry>
<AssgnmntListEntry Length="1" RootTermCovItemId="C4">
<MapEntry BoolAssgnmnt="0" Value="26"/>
</AssgnmntListEntry>
<AssgnmntListEntry Length="2" RootTermCovItemId="C40">
<MapEntry BoolAssgnmnt="00" Value="13"/>
</AssgnmntListEntry>
<AssgnmntListEntry Length="1" RootTermCovItemId="C46">
<MapEntry BoolAssgnmnt="0" Value="14"/>
</AssgnmntListEntry>
<AssgnmntListEntry Length="1" RootTermCovItemId="C5">
<MapEntry BoolAssgnmnt="0" Value="26"/>
</AssgnmntListEntry>
<AssgnmntListEntry Length="1" RootTermCovItemId="C7">
<MapEntry BoolAssgnmnt="0" Value="14"/>
</AssgnmntListEntry>
</AssgnmntPrefix>
<AssgnmntPrefix RootTermCovItemPrefix="Player.java">
<AssgnmntListEntry Length="1" RootTermCovItemId="C1">
<MapEntry BoolAssgnmnt="0" Value="13"/>
<MapEntry BoolAssgnmnt="1" Value="31"/>
</AssgnmntListEntry>
<AssgnmntListEntry Length="1" RootTermCovItemId="C2">
<MapEntry BoolAssgnmnt="0" Value="31"/>
</AssgnmntListEntry>
<AssgnmntListEntry Length="2" RootTermCovItemId="C3">
<MapEntry BoolAssgnmnt="02" Value="13"/>
</AssgnmntListEntry>
<AssgnmntListEntry Length="1" RootTermCovItemId="C4">
<MapEntry BoolAssgnmnt="0" Value="7"/>
<MapEntry BoolAssgnmnt="1" Value="13"/>
</AssgnmntListEntry>
</AssgnmntPrefix>
</AssgnmntList>
<ObjMetaDataList/>
<MetaDataList/>
</TestCase>
<TestCase Comment="" Date="1589513103543" Name="BlackJackTest:testDeal">
<CovList>
<CovPrefix CovItemPrefix="BlackJack.java">
<Cov CovItemId="B1" Value="2"/>
<Cov CovItemId="S31" Value="8"/>
<Cov CovItemId="S32" Value="8"/>
<Cov CovItemId="S33" Value="8"/>
<Cov CovItemId="S34" Value="2"/>
<Cov CovItemId="S35" Value="2"/>
<Cov CovItemId="S36" Value="2"/>
<Cov CovItemId="S37" Value="2"/>
<Cov CovItemId="S38" Value="2"/>
<Cov CovItemId="S39" Value="2"/>
<Cov CovItemId="S40" Value="2"/>
<Cov CovItemId="S41" Value="2"/>
<Cov CovItemId="S42" Value="2"/>
<Cov CovItemId="S43" Value="2"/>
<Cov CovItemId="S44" Value="2"/>
<Cov CovItemId="S45" Value="2"/>
</CovPrefix>
<CovPrefix CovItemPrefix="Card.java">
<Cov CovItemId="B5" Value="2"/>
<Cov CovItemId="B6" Value="10"/>
<Cov CovItemId="S1" Value="104"/>
<Cov CovItemId="S12" Value="12"/>
<Cov CovItemId="S13" Value="2"/>
<Cov CovItemId="S14" Value="10"/>
<Cov CovItemId="S15" Value="2"/>
<Cov CovItemId="S2" Value="104"/>
<Cov CovItemId="S3" Value="104"/>
<Cov CovItemId="S4" Value="104"/>
<Cov CovItemId="S5" Value="104"/>
</CovPrefix>
<CovPrefix CovItemPrefix="Deck.java">
<Cov CovItemId="L1-2" Value="2"/>
<Cov CovItemId="L2-2" Value="2"/>
<Cov CovItemId="S10" Value="104"/>
<Cov CovItemId="S11" Value="104"/>
<Cov CovItemId="S12" Value="104"/>
<Cov CovItemId="S13" Value="104"/>
<Cov CovItemId="S2" Value="2"/>
<Cov CovItemId="S3" Value="2"/>
<Cov CovItemId="S4" Value="2"/>
<Cov CovItemId="S5" Value="104"/>
<Cov CovItemId="S6" Value="8"/>
<Cov CovItemId="S8" Value="1"/>
<Cov CovItemId="S9" Value="2"/>
</CovPrefix>
<CovPrefix CovItemPrefix="Draw.java">
<Cov CovItemId="B10" Value="24"/>
<Cov CovItemId="B14" Value="14"/>
<Cov CovItemId="B54" Value="12"/>
<Cov CovItemId="B55" Value="12"/>
<Cov CovItemId="B58" Value="12"/>
<Cov CovItemId="B59" Value="12"/>
<Cov CovItemId="B61" Value="12"/>
<Cov CovItemId="B64" Value="12"/>
<Cov CovItemId="B68" Value="12"/>
<Cov CovItemId="B8" Value="24"/>
<Cov CovItemId="B81" Value="14"/>
<Cov CovItemId="S100" Value="14"/>
<Cov CovItemId="S118" Value="12"/>
<Cov CovItemId="S119" Value="12"/>
<Cov CovItemId="S125" Value="2"/>
<Cov CovItemId="S126" Value="2"/>
<Cov CovItemId="S127" Value="2"/>
<Cov CovItemId="S128" Value="2"/>
<Cov CovItemId="S129" Value="2"/>
<Cov CovItemId="S334" Value="12"/>
<Cov CovItemId="S336" Value="12"/>
<Cov CovItemId="S337" Value="12"/>
<Cov CovItemId="S338" Value="12"/>
<Cov CovItemId="S339" Value="12"/>
<Cov CovItemId="S341" Value="12"/>
<Cov CovItemId="S342" Value="12"/>
<Cov CovItemId="S343" Value="12"/>
<Cov CovItemId="S344" Value="12"/>
<Cov CovItemId="S345" Value="12"/>
<Cov CovItemId="S350" Value="12"/>
<Cov CovItemId="S351" Value="12"/>
<Cov CovItemId="S352" Value="12"/>
<Cov CovItemId="S353" Value="12"/>
<Cov CovItemId="S354" Value="12"/>
<Cov CovItemId="S355" Value="12"/>
<Cov CovItemId="S356" Value="12"/>
<Cov CovItemId="S357" Value="12"/>
<Cov CovItemId="S358" Value="12"/>
<Cov CovItemId="S359" Value="12"/>
<Cov CovItemId="S361" Value="12"/>
<Cov CovItemId="S362" Value="12"/>
<Cov CovItemId="S464" Value="14"/>
<Cov CovItemId="S465" Value="14"/>
<Cov CovItemId="S466" Value="14"/>
<Cov CovItemId="S467" Value="14"/>
<Cov CovItemId="S534" Value="6"/>
<Cov CovItemId="S535" Value="6"/>
<Cov CovItemId="S536" Value="3"/>
<Cov CovItemId="S537" Value="3"/>
<Cov CovItemId="S538" Value="3"/>
<Cov CovItemId="S539" Value="3"/>
<Cov CovItemId="S540" Value="3"/>
<Cov CovItemId="S541" Value="3"/>
<Cov CovItemId="S542" Value="2"/>
<Cov CovItemId="S94" Value="24"/>
<Cov CovItemId="S96" Value="24"/>
</CovPrefix>
<CovPrefix CovItemPrefix="Player.java">
<Cov CovItemId="L2-1" Value="4"/>
<Cov CovItemId="L2-2" Value="4"/>
<Cov CovItemId="S19" Value="8"/>
<Cov CovItemId="S20" Value="12"/>
<Cov CovItemId="S7" Value="3"/>
<Cov CovItemId="S8" Value="8"/>
<Cov CovItemId="S9" Value="4"/>
</CovPrefix>
</CovList>
<AssgnmntList>
<AssgnmntPrefix RootTermCovItemPrefix="BlackJack.java">
<AssgnmntListEntry Length="2" RootTermCovItemId="C1">
<MapEntry BoolAssgnmnt="01" Value="1"/>
<MapEntry BoolAssgnmnt="12" Value="1"/>
</AssgnmntListEntry>
</AssgnmntPrefix>
<AssgnmntPrefix RootTermCovItemPrefix="Card.java">
<AssgnmntListEntry Length="1" RootTermCovItemId="C3">
<MapEntry BoolAssgnmnt="0" Value="10"/>
<MapEntry BoolAssgnmnt="1" Value="2"/>
</AssgnmntListEntry>
</AssgnmntPrefix>
<AssgnmntPrefix RootTermCovItemPrefix="Deck.java">
<AssgnmntListEntry Length="1" RootTermCovItemId="C1">
<MapEntry BoolAssgnmnt="0" Value="2"/>
<MapEntry BoolAssgnmnt="1" Value="104"/>
</AssgnmntListEntry>
<AssgnmntListEntry Length="1" RootTermCovItemId="C2">
<MapEntry BoolAssgnmnt="0" Value="2"/>
<MapEntry BoolAssgnmnt="1" Value="104"/>
</AssgnmntListEntry>
</AssgnmntPrefix>
<AssgnmntPrefix RootTermCovItemPrefix="Draw.java">
<AssgnmntListEntry Length="1" RootTermCovItemId="C34">
<MapEntry BoolAssgnmnt="0" Value="12"/>
</AssgnmntListEntry>
<AssgnmntListEntry Length="2" RootTermCovItemId="C35">
<MapEntry BoolAssgnmnt="01" Value="12"/>
</AssgnmntListEntry>
<AssgnmntListEntry Length="2" RootTermCovItemId="C36">
<MapEntry BoolAssgnmnt="01" Value="12"/>
</AssgnmntListEntry>
<AssgnmntListEntry Length="1" RootTermCovItemId="C37">
<MapEntry BoolAssgnmnt="1" Value="12"/>
</AssgnmntListEntry>
<AssgnmntListEntry Length="2" RootTermCovItemId="C38">
<MapEntry BoolAssgnmnt="00" Value="12"/>
</AssgnmntListEntry>
<AssgnmntListEntry Length="1" RootTermCovItemId="C4">
<MapEntry BoolAssgnmnt="0" Value="24"/>
</AssgnmntListEntry>
<AssgnmntListEntry Length="2" RootTermCovItemId="C40">
<MapEntry BoolAssgnmnt="00" Value="12"/>
</AssgnmntListEntry>
<AssgnmntListEntry Length="1" RootTermCovItemId="C46">
<MapEntry BoolAssgnmnt="0" Value="14"/>
</AssgnmntListEntry>
<AssgnmntListEntry Length="1" RootTermCovItemId="C5">
<MapEntry BoolAssgnmnt="0" Value="24"/>
</AssgnmntListEntry>
<AssgnmntListEntry Length="1" RootTermCovItemId="C7">
<MapEntry BoolAssgnmnt="0" Value="14"/>
</AssgnmntListEntry>
</AssgnmntPrefix>
<AssgnmntPrefix RootTermCovItemPrefix="Player.java">
<AssgnmntListEntry Length="1" RootTermCovItemId="C4">
<MapEntry BoolAssgnmnt="0" Value="8"/>
<MapEntry BoolAssgnmnt="1" Value="12"/>
</AssgnmntListEntry>
</AssgnmntPrefix>
</AssgnmntList>
<ObjMetaDataList/>
<MetaDataList/>
</TestCase>
<TestCase Comment="" Date="1589513103932" Name="BlackJackTest:testMain">
<CovList>
<CovPrefix CovItemPrefix="BlackJack.java">
<Cov CovItemId="S10" Value="1"/>
<Cov CovItemId="S11" Value="1"/>
<Cov CovItemId="S12" Value="1"/>
<Cov CovItemId="S13" Value="1"/>
<Cov CovItemId="S14" Value="1"/>
<Cov CovItemId="S15" Value="1"/>
<Cov CovItemId="S16" Value="1"/>
<Cov CovItemId="S17" Value="1"/>
<Cov CovItemId="S18" Value="1"/>
<Cov CovItemId="S19" Value="1"/>
<Cov CovItemId="S2" Value="1"/>
<Cov CovItemId="S20" Value="1"/>
<Cov CovItemId="S21" Value="1"/>
<Cov CovItemId="S22" Value="1"/>
<Cov CovItemId="S23" Value="1"/>
<Cov CovItemId="S24" Value="1"/>
<Cov CovItemId="S25" Value="1"/>
<Cov CovItemId="S26" Value="1"/>
<Cov CovItemId="S27" Value="1"/>
<Cov CovItemId="S28" Value="1"/>
<Cov CovItemId="S29" Value="1"/>
<Cov CovItemId="S3" Value="1"/>
<Cov CovItemId="S30" Value="1"/>
<Cov CovItemId="S4" Value="1"/>
<Cov CovItemId="S5" Value="1"/>
<Cov CovItemId="S6" Value="1"/>
<Cov CovItemId="S7" Value="1"/>
<Cov CovItemId="S79" Value="1"/>
<Cov CovItemId="S8" Value="1"/>
<Cov CovItemId="S9" Value="1"/>
</CovPrefix>
<CovPrefix CovItemPrefix="Draw.java">
<Cov CovItemId="B1" Value="2"/>
<Cov CovItemId="B10" Value="14"/>
<Cov CovItemId="B12" Value="2"/>
<Cov CovItemId="B14" Value="6"/>
<Cov CovItemId="B16" Value="3"/>
<Cov CovItemId="B18" Value="3"/>
<Cov CovItemId="B6" Value="1"/>
<Cov CovItemId="B8" Value="14"/>
<Cov CovItemId="B81" Value="2"/>
<Cov CovItemId="S100" Value="6"/>
<Cov CovItemId="S102" Value="2"/>
<Cov CovItemId="S103" Value="2"/>
<Cov CovItemId="S104" Value="3"/>
<Cov CovItemId="S105" Value="3"/>
<Cov CovItemId="S106" Value="3"/>
<Cov CovItemId="S107" Value="3"/>
<Cov CovItemId="S109" Value="3"/>
<Cov CovItemId="S110" Value="3"/>
<Cov CovItemId="S111" Value="3"/>
<Cov CovItemId="S112" Value="3"/>
<Cov CovItemId="S113" Value="3"/>
<Cov CovItemId="S114" Value="3"/>
<Cov CovItemId="S116" Value="3"/>
<Cov CovItemId="S117" Value="3"/>
<Cov CovItemId="S124" Value="2"/>
<Cov CovItemId="S125" Value="2"/>
<Cov CovItemId="S126" Value="2"/>
<Cov CovItemId="S127" Value="2"/>
<Cov CovItemId="S128" Value="2"/>
<Cov CovItemId="S129" Value="2"/>
<Cov CovItemId="S131" Value="2"/>
<Cov CovItemId="S132" Value="2"/>
<Cov CovItemId="S133" Value="2"/>
<Cov CovItemId="S134" Value="2"/>
<Cov CovItemId="S135" Value="2"/>
<Cov CovItemId="S136" Value="2"/>
<Cov CovItemId="S138" Value="2"/>
<Cov CovItemId="S139" Value="2"/>
<Cov CovItemId="S140" Value="2"/>
<Cov CovItemId="S141" Value="2"/>
<Cov CovItemId="S151" Value="1"/>
<Cov CovItemId="S153" Value="2"/>
<Cov CovItemId="S154" Value="2"/>
<Cov CovItemId="S155" Value="2"/>
<Cov CovItemId="S28" Value="1"/>
<Cov CovItemId="S29" Value="1"/>
<Cov CovItemId="S30" Value="1"/>
<Cov CovItemId="S31" Value="1"/>
<Cov CovItemId="S32" Value="1"/>
<Cov CovItemId="S33" Value="1"/>
<Cov CovItemId="S34" Value="1"/>
<Cov CovItemId="S35" Value="1"/>
<Cov CovItemId="S36" Value="1"/>
<Cov CovItemId="S37" Value="1"/>
<Cov CovItemId="S38" Value="1"/>
<Cov CovItemId="S39" Value="1"/>
<Cov CovItemId="S40" Value="1"/>
<Cov CovItemId="S43" Value="1"/>
<Cov CovItemId="S44" Value="2"/>
<Cov CovItemId="S45" Value="2"/>
<Cov CovItemId="S46" Value="2"/>
<Cov CovItemId="S464" Value="2"/>
<Cov CovItemId="S465" Value="2"/>
<Cov CovItemId="S466" Value="2"/>
<Cov CovItemId="S467" Value="2"/>
<Cov CovItemId="S47" Value="2"/>
<Cov CovItemId="S48" Value="2"/>
<Cov CovItemId="S49" Value="2"/>
<Cov CovItemId="S50" Value="2"/>
<Cov CovItemId="S51" Value="2"/>
<Cov CovItemId="S52" Value="2"/>
<Cov CovItemId="S53" Value="2"/>
<Cov CovItemId="S533" Value="2"/>
<Cov CovItemId="S534" Value="10"/>
<Cov CovItemId="S535" Value="10"/>
<Cov CovItemId="S536" Value="2"/>
<Cov CovItemId="S537" Value="2"/>
<Cov CovItemId="S538" Value="2"/>
<Cov CovItemId="S539" Value="2"/>
<Cov CovItemId="S54" Value="2"/>
<Cov CovItemId="S540" Value="2"/>
<Cov CovItemId="S541" Value="2"/>
<Cov CovItemId="S542" Value="2"/>
<Cov CovItemId="S55" Value="2"/>
<Cov CovItemId="S56" Value="2"/>
<Cov CovItemId="S57" Value="2"/>
<Cov CovItemId="S58" Value="2"/>
<Cov CovItemId="S59" Value="2"/>
<Cov CovItemId="S60" Value="2"/>
<Cov CovItemId="S61" Value="2"/>
<Cov CovItemId="S62" Value="2"/>
<Cov CovItemId="S63" Value="2"/>
<Cov CovItemId="S64" Value="2"/>
<Cov CovItemId="S65" Value="2"/>
<Cov CovItemId="S66" Value="2"/>
<Cov CovItemId="S67" Value="2"/>
<Cov CovItemId="S68" Value="2"/>
<Cov CovItemId="S69" Value="2"/>
<Cov CovItemId="S70" Value="2"/>
<Cov CovItemId="S71" Value="2"/>
<Cov CovItemId="S72" Value="2"/>
<Cov CovItemId="S73" Value="2"/>
<Cov CovItemId="S74" Value="2"/>
<Cov CovItemId="S75" Value="2"/>
<Cov CovItemId="S76" Value="2"/>
<Cov CovItemId="S81" Value="1"/>
<Cov CovItemId="S83" Value="1"/>
<Cov CovItemId="S84" Value="1"/>
<Cov CovItemId="S85" Value="1"/>
<Cov CovItemId="S86" Value="2"/>
<Cov CovItemId="S87" Value="2"/>
<Cov CovItemId="S88" Value="2"/>
<Cov CovItemId="S89" Value="2"/>
<Cov CovItemId="S90" Value="2"/>
<Cov CovItemId="S91" Value="2"/>
<Cov CovItemId="S92" Value="2"/>
<Cov CovItemId="S93" Value="2"/>
<Cov CovItemId="S94" Value="14"/>
<Cov CovItemId="S96" Value="14"/>
<Cov CovItemId="S98" Value="2"/>
</CovPrefix>
<CovPrefix CovItemPrefix="Player.java">
<Cov CovItemId="S2" Value="2"/>
<Cov CovItemId="S3" Value="2"/>
<Cov CovItemId="S4" Value="2"/>
<Cov CovItemId="S5" Value="2"/>
<Cov CovItemId="S6" Value="2"/>
</CovPrefix>
</CovList>
<AssgnmntList>
<AssgnmntPrefix RootTermCovItemPrefix="Draw.java">
<AssgnmntListEntry Length="1" RootTermCovItemId="C1">
<MapEntry BoolAssgnmnt="1" Value="2"/>
</AssgnmntListEntry>
<AssgnmntListEntry Length="2" RootTermCovItemId="C3">
<MapEntry BoolAssgnmnt="00" Value="1"/>
</AssgnmntListEntry>
<AssgnmntListEntry Length="1" RootTermCovItemId="C4">
<MapEntry BoolAssgnmnt="0" Value="14"/>
</AssgnmntListEntry>
<AssgnmntListEntry Length="1" RootTermCovItemId="C46">
<MapEntry BoolAssgnmnt="0" Value="2"/>
</AssgnmntListEntry>
<AssgnmntListEntry Length="1" RootTermCovItemId="C5">
<MapEntry BoolAssgnmnt="0" Value="14"/>
</AssgnmntListEntry>
<AssgnmntListEntry Length="1" RootTermCovItemId="C6">
<MapEntry BoolAssgnmnt="0" Value="2"/>
</AssgnmntListEntry>
<AssgnmntListEntry Length="1" RootTermCovItemId="C7">
<MapEntry BoolAssgnmnt="0" Value="6"/>
</AssgnmntListEntry>
<AssgnmntListEntry Length="1" RootTermCovItemId="C8">
<MapEntry BoolAssgnmnt="0" Value="3"/>
</AssgnmntListEntry>
<AssgnmntListEntry Length="1" RootTermCovItemId="C9">
<MapEntry BoolAssgnmnt="0" Value="3"/>
</AssgnmntListEntry>
</AssgnmntPrefix>
</AssgnmntList>
<ObjMetaDataList/>
<MetaDataList/>
</TestCase>
<TestCase Comment="Failure&#10;org.junit.ComparisonFailure: expected:&lt;Gambler [bust]s&gt; but was:&lt;Gambler [win]s&gt;&#13;&#10;&#9;at org.junit.Assert.assertEquals(Assert.java:115)&#13;&#10;&#9;at org.junit.Assert.assertEquals(Assert.java:144)&#13;&#10;&#9;at BlackJackTest.testCheckWinner(BlackJackTest.java:62)&#13;&#10;&#9;at sun.reflect.NativeMethodAccessorImpl.invoke0(Native Method)&#13;&#10;&#9;at sun.reflect.NativeMethodAccessorImpl.invoke(Unknown Source)&#13;&#10;&#9;at sun.reflect.DelegatingMethodAccessorImpl.invoke(Unknown Source)&#13;&#10;&#9;at java.lang.reflect.Method.invoke(Unknown Source)&#13;&#10;&#9;at org.junit.runners.model.FrameworkMethod$1.runReflectiveCall(FrameworkMethod.java:47)&#13;&#10;&#9;at org.junit.internal.runners.model.ReflectiveCallable.run(ReflectiveCallable.java:12)&#13;&#10;&#9;at org.junit.runners.model.FrameworkMethod.invokeExplosively(FrameworkMethod.java:44)&#13;&#10;&#9;at org.junit.internal.runners.statements.InvokeMethod.evaluate(InvokeMethod.java:17)&#13;&#10;&#9;at org.junit.runners.ParentRunner.runLeaf(ParentRunner.java:271)&#13;&#10;&#9;at org.junit.runners.BlockJUnit4ClassRunner.runChild(BlockJUnit4ClassRunner.java:70)&#13;&#10;&#9;at org.junit.runners.BlockJUnit4ClassRunner.runChild(BlockJUnit4ClassRunner.java:50)&#13;&#10;&#9;at org.junit.runners.ParentRunner$3.run(ParentRunner.java:238)&#13;&#10;&#9;at org.junit.runners.ParentRunner$1.schedule(ParentRunner.java:63)&#13;&#10;&#9;at org.junit.runners.ParentRunner.runChildren(ParentRunner.java:236)&#13;&#10;&#9;at org.junit.runners.ParentRunner.access$000(ParentRunner.java:53)&#13;&#10;&#9;at org.junit.runners.ParentRunner$2.evaluate(ParentRunner.java:229)&#13;&#10;&#9;at org.junit.runners.ParentRunner.run(ParentRunner.java:309)&#13;&#10;&#9;at org.eclipse.jdt.internal.junit4.runner.JUnit4TestReference.run(JUnit4TestReference.java:50)&#13;&#10;&#9;at org.eclipse.jdt.internal.junit.runner.TestExecution.run(TestExecution.java:38)&#13;&#10;&#9;at org.eclipse.jdt.internal.junit.runner.RemoteTestRunner.runTests(RemoteTestRunner.java:467)&#13;&#10;&#9;at org.eclipse.jdt.internal.junit.runner.RemoteTestRunner.runTests(RemoteTestRunner.java:683)&#13;&#10;&#9;at org.eclipse.jdt.internal.junit.runner.RemoteTestRunner.run(RemoteTestRunner.java:390)&#13;&#10;&#9;at org.codecover.juniteclipse.runner.EclipseTestRunner.main(EclipseTestRunner.java:40)" Date="1589513104513" Name="BlackJackTest:testCheckWinner">
<CovList>
<CovPrefix CovItemPrefix="BlackJack.java">
<Cov CovItemId="B4" Value="1"/>
<Cov CovItemId="B6" Value="1"/>
<Cov CovItemId="B8" Value="1"/>
<Cov CovItemId="B9" Value="1"/>
<Cov CovItemId="S46" Value="1"/>
<Cov CovItemId="S47" Value="1"/>
<Cov CovItemId="S48" Value="1"/>
<Cov CovItemId="S49" Value="1"/>
<Cov CovItemId="S51" Value="1"/>
<Cov CovItemId="S53" Value="1"/>
<Cov CovItemId="S55" Value="1"/>
<Cov CovItemId="S56" Value="1"/>
<Cov CovItemId="S58" Value="1"/>
</CovPrefix>
<CovPrefix CovItemPrefix="Card.java">
<Cov CovItemId="B1" Value="6"/>
<Cov CovItemId="B2" Value="6"/>
<Cov CovItemId="B3" Value="3"/>
<Cov CovItemId="B4" Value="3"/>
<Cov CovItemId="B6" Value="1"/>
<Cov CovItemId="S1" Value="52"/>
<Cov CovItemId="S10" Value="3"/>
<Cov CovItemId="S11" Value="3"/>
<Cov CovItemId="S12" Value="1"/>
<Cov CovItemId="S14" Value="1"/>
<Cov CovItemId="S16" Value="1"/>
<Cov CovItemId="S2" Value="52"/>
<Cov CovItemId="S3" Value="52"/>
<Cov CovItemId="S4" Value="52"/>
<Cov CovItemId="S5" Value="52"/>
<Cov CovItemId="S6" Value="12"/>
<Cov CovItemId="S7" Value="12"/>
<Cov CovItemId="S8" Value="6"/>
<Cov CovItemId="S9" Value="6"/>
</CovPrefix>
<CovPrefix CovItemPrefix="Deck.java">
<Cov CovItemId="L1-2" Value="1"/>
<Cov CovItemId="S2" Value="1"/>
<Cov CovItemId="S3" Value="1"/>
<Cov CovItemId="S4" Value="1"/>
<Cov CovItemId="S5" Value="52"/>
</CovPrefix>
<CovPrefix CovItemPrefix="Draw.java">
<Cov CovItemId="B10" Value="2"/>
<Cov CovItemId="B14" Value="1"/>
<Cov CovItemId="B54" Value="1"/>
<Cov CovItemId="B55" Value="1"/>
<Cov CovItemId="B58" Value="1"/>
<Cov CovItemId="B59" Value="1"/>
<Cov CovItemId="B61" Value="1"/>
<Cov CovItemId="B64" Value="1"/>
<Cov CovItemId="B68" Value="1"/>
<Cov CovItemId="B8" Value="2"/>
<Cov CovItemId="B81" Value="1"/>
<Cov CovItemId="S100" Value="1"/>
<Cov CovItemId="S118" Value="1"/>
<Cov CovItemId="S119" Value="1"/>
<Cov CovItemId="S334" Value="1"/>
<Cov CovItemId="S336" Value="1"/>
<Cov CovItemId="S337" Value="1"/>
<Cov CovItemId="S338" Value="1"/>
<Cov CovItemId="S339" Value="1"/>
<Cov CovItemId="S341" Value="1"/>
<Cov CovItemId="S342" Value="1"/>
<Cov CovItemId="S343" Value="1"/>
<Cov CovItemId="S344" Value="1"/>
<Cov CovItemId="S345" Value="1"/>
<Cov CovItemId="S350" Value="1"/>
<Cov CovItemId="S351" Value="1"/>
<Cov CovItemId="S352" Value="1"/>
<Cov CovItemId="S353" Value="1"/>
<Cov CovItemId="S354" Value="1"/>
<Cov CovItemId="S355" Value="1"/>
<Cov CovItemId="S356" Value="1"/>
<Cov CovItemId="S357" Value="1"/>
<Cov CovItemId="S358" Value="1"/>
<Cov CovItemId="S359" Value="1"/>
<Cov CovItemId="S361" Value="1"/>
<Cov CovItemId="S362" Value="1"/>
<Cov CovItemId="S464" Value="1"/>
<Cov CovItemId="S465" Value="1"/>
<Cov CovItemId="S466" Value="1"/>
<Cov CovItemId="S467" Value="1"/>
<Cov CovItemId="S534" Value="4"/>
<Cov CovItemId="S535" Value="4"/>
<Cov CovItemId="S536" Value="1"/>
<Cov CovItemId="S537" Value="1"/>
<Cov CovItemId="S538" Value="1"/>
<Cov CovItemId="S539" Value="1"/>
<Cov CovItemId="S540" Value="1"/>
<Cov CovItemId="S541" Value="1"/>
<Cov CovItemId="S94" Value="2"/>
<Cov CovItemId="S96" Value="2"/>
</CovPrefix>
<CovPrefix CovItemPrefix="Player.java">
<Cov CovItemId="B1" Value="6"/>
<Cov CovItemId="B2" Value="6"/>
<Cov CovItemId="B3" Value="3"/>
<Cov CovItemId="B4" Value="3"/>
<Cov CovItemId="L1-1" Value="3"/>
<Cov CovItemId="L1-2" Value="3"/>
<Cov CovItemId="L2-1" Value="1"/>
<Cov CovItemId="S10" Value="6"/>
<Cov CovItemId="S11" Value="6"/>
<Cov CovItemId="S12" Value="6"/>
<Cov CovItemId="S13" Value="12"/>
<Cov CovItemId="S14" Value="12"/>
<Cov CovItemId="S15" Value="6"/>
<Cov CovItemId="S16" Value="6"/>
<Cov CovItemId="S17" Value="3"/>
<Cov CovItemId="S18" Value="6"/>
<Cov CovItemId="S19" Value="1"/>
<Cov CovItemId="S20" Value="1"/>
<Cov CovItemId="S7" Value="1"/>
<Cov CovItemId="S8" Value="4"/>
<Cov CovItemId="S9" Value="2"/>
</CovPrefix>
<CovPrefix CovItemPrefix="StdOut.java">
<Cov CovItemId="S7" Value="1"/>
</CovPrefix>
</CovList>
<AssgnmntList>
<AssgnmntPrefix RootTermCovItemPrefix="BlackJack.java">
<AssgnmntListEntry Length="1" RootTermCovItemId="C2">
<MapEntry BoolAssgnmnt="0" Value="1"/>
</AssgnmntListEntry>
<AssgnmntListEntry Length="1" RootTermCovItemId="C3">
<MapEntry BoolAssgnmnt="0" Value="1"/>
</AssgnmntListEntry>
<AssgnmntListEntry Length="1" RootTermCovItemId="C4">
<MapEntry BoolAssgnmnt="0" Value="1"/>
</AssgnmntListEntry>
<AssgnmntListEntry Length="1" RootTermCovItemId="C5">
<MapEntry BoolAssgnmnt="1" Value="1"/>
</AssgnmntListEntry>
</AssgnmntPrefix>
<AssgnmntPrefix RootTermCovItemPrefix="Card.java">
<AssgnmntListEntry Length="1" RootTermCovItemId="C1">
<MapEntry BoolAssgnmnt="0" Value="6"/>
<MapEntry BoolAssgnmnt="1" Value="6"/>
</AssgnmntListEntry>
<AssgnmntListEntry Length="1" RootTermCovItemId="C2">
<MapEntry BoolAssgnmnt="0" Value="3"/>
<MapEntry BoolAssgnmnt="1" Value="3"/>
</AssgnmntListEntry>
<AssgnmntListEntry Length="1" RootTermCovItemId="C3">
<MapEntry BoolAssgnmnt="0" Value="1"/>
</AssgnmntListEntry>
</AssgnmntPrefix>
<AssgnmntPrefix RootTermCovItemPrefix="Deck.java">
<AssgnmntListEntry Length="1" RootTermCovItemId="C1">
<MapEntry BoolAssgnmnt="0" Value="1"/>
<MapEntry BoolAssgnmnt="1" Value="52"/>
</AssgnmntListEntry>
</AssgnmntPrefix>
<AssgnmntPrefix RootTermCovItemPrefix="Draw.java">
<AssgnmntListEntry Length="1" RootTermCovItemId="C34">
<MapEntry BoolAssgnmnt="0" Value="1"/>
</AssgnmntListEntry>
<AssgnmntListEntry Length="2" RootTermCovItemId="C35">
<MapEntry BoolAssgnmnt="01" Value="1"/>
</AssgnmntListEntry>
<AssgnmntListEntry Length="2" RootTermCovItemId="C36">
<MapEntry BoolAssgnmnt="01" Value="1"/>
</AssgnmntListEntry>
<AssgnmntListEntry Length="1" RootTermCovItemId="C37">
<MapEntry BoolAssgnmnt="1" Value="1"/>
</AssgnmntListEntry>
<AssgnmntListEntry Length="2" RootTermCovItemId="C38">
<MapEntry BoolAssgnmnt="00" Value="1"/>
</AssgnmntListEntry>
<AssgnmntListEntry Length="1" RootTermCovItemId="C4">
<MapEntry BoolAssgnmnt="0" Value="2"/>
</AssgnmntListEntry>
<AssgnmntListEntry Length="2" RootTermCovItemId="C40">
<MapEntry BoolAssgnmnt="00" Value="1"/>
</AssgnmntListEntry>
<AssgnmntListEntry Length="1" RootTermCovItemId="C46">
<MapEntry BoolAssgnmnt="0" Value="1"/>
</AssgnmntListEntry>
<AssgnmntListEntry Length="1" RootTermCovItemId="C5">
<MapEntry BoolAssgnmnt="0" Value="2"/>
</AssgnmntListEntry>
<AssgnmntListEntry Length="1" RootTermCovItemId="C7">
<MapEntry BoolAssgnmnt="0" Value="1"/>
</AssgnmntListEntry>
</AssgnmntPrefix>
<AssgnmntPrefix RootTermCovItemPrefix="Player.java">
<AssgnmntListEntry Length="1" RootTermCovItemId="C1">
<MapEntry BoolAssgnmnt="0" Value="6"/>
<MapEntry BoolAssgnmnt="1" Value="12"/>
</AssgnmntListEntry>
<AssgnmntListEntry Length="1" RootTermCovItemId="C2">
<MapEntry BoolAssgnmnt="0" Value="6"/>
<MapEntry BoolAssgnmnt="1" Value="6"/>
</AssgnmntListEntry>
<AssgnmntListEntry Length="2" RootTermCovItemId="C3">
<MapEntry BoolAssgnmnt="10" Value="3"/>
<MapEntry BoolAssgnmnt="11" Value="3"/>
</AssgnmntListEntry>
<AssgnmntListEntry Length="1" RootTermCovItemId="C4">
<MapEntry BoolAssgnmnt="0" Value="1"/>
<MapEntry BoolAssgnmnt="1" Value="1"/>
</AssgnmntListEntry>
</AssgnmntPrefix>
</AssgnmntList>
<ObjMetaDataList/>
<MetaDataList/>
</TestCase>
<TestCase Comment="" Date="1589513104845" Name="BlackJackTest:initHere">
<CovList>
<CovPrefix CovItemPrefix="BlackJack.java">
<Cov CovItemId="S10" Value="1"/>
<Cov CovItemId="S11" Value="1"/>
<Cov CovItemId="S12" Value="1"/>
<Cov CovItemId="S13" Value="1"/>
<Cov CovItemId="S14" Value="1"/>
<Cov CovItemId="S15" Value="1"/>
<Cov CovItemId="S16" Value="1"/>
<Cov CovItemId="S17" Value="1"/>
<Cov CovItemId="S18" Value="1"/>
<Cov CovItemId="S19" Value="1"/>
<Cov CovItemId="S2" Value="1"/>
<Cov CovItemId="S20" Value="1"/>
<Cov CovItemId="S21" Value="1"/>
<Cov CovItemId="S22" Value="1"/>
<Cov CovItemId="S23" Value="1"/>
<Cov CovItemId="S24" Value="1"/>
<Cov CovItemId="S25" Value="1"/>
<Cov CovItemId="S26" Value="1"/>
<Cov CovItemId="S27" Value="1"/>
<Cov CovItemId="S28" Value="1"/>
<Cov CovItemId="S29" Value="1"/>
<Cov CovItemId="S3" Value="1"/>
<Cov CovItemId="S30" Value="1"/>
<Cov CovItemId="S4" Value="1"/>
<Cov CovItemId="S5" Value="1"/>
<Cov CovItemId="S6" Value="1"/>
<Cov CovItemId="S7" Value="1"/>
<Cov CovItemId="S8" Value="1"/>
<Cov CovItemId="S9" Value="1"/>
</CovPrefix>
<CovPrefix CovItemPrefix="Draw.java">
<Cov CovItemId="B1" Value="2"/>
<Cov CovItemId="B10" Value="14"/>
<Cov CovItemId="B12" Value="2"/>
<Cov CovItemId="B14" Value="6"/>
<Cov CovItemId="B16" Value="3"/>
<Cov CovItemId="B18" Value="3"/>
<Cov CovItemId="B6" Value="1"/>
<Cov CovItemId="B8" Value="14"/>
<Cov CovItemId="B81" Value="2"/>
<Cov CovItemId="S100" Value="6"/>
<Cov CovItemId="S102" Value="2"/>
<Cov CovItemId="S103" Value="2"/>
<Cov CovItemId="S104" Value="3"/>
<Cov CovItemId="S105" Value="3"/>
<Cov CovItemId="S106" Value="3"/>
<Cov CovItemId="S107" Value="3"/>
<Cov CovItemId="S109" Value="3"/>
<Cov CovItemId="S110" Value="3"/>
<Cov CovItemId="S111" Value="3"/>
<Cov CovItemId="S112" Value="3"/>
<Cov CovItemId="S113" Value="3"/>
<Cov CovItemId="S114" Value="3"/>
<Cov CovItemId="S116" Value="3"/>
<Cov CovItemId="S117" Value="3"/>
<Cov CovItemId="S124" Value="2"/>
<Cov CovItemId="S125" Value="2"/>
<Cov CovItemId="S126" Value="2"/>
<Cov CovItemId="S127" Value="2"/>
<Cov CovItemId="S128" Value="2"/>
<Cov CovItemId="S129" Value="2"/>
<Cov CovItemId="S131" Value="2"/>
<Cov CovItemId="S132" Value="2"/>
<Cov CovItemId="S133" Value="2"/>
<Cov CovItemId="S134" Value="2"/>
<Cov CovItemId="S135" Value="2"/>
<Cov CovItemId="S136" Value="2"/>
<Cov CovItemId="S138" Value="2"/>
<Cov CovItemId="S139" Value="2"/>
<Cov CovItemId="S140" Value="2"/>
<Cov CovItemId="S141" Value="2"/>
<Cov CovItemId="S151" Value="1"/>
<Cov CovItemId="S153" Value="2"/>
<Cov CovItemId="S154" Value="2"/>
<Cov CovItemId="S155" Value="2"/>
<Cov CovItemId="S28" Value="1"/>
<Cov CovItemId="S29" Value="1"/>
<Cov CovItemId="S30" Value="1"/>
<Cov CovItemId="S31" Value="1"/>
<Cov CovItemId="S32" Value="1"/>
<Cov CovItemId="S33" Value="1"/>
<Cov CovItemId="S34" Value="1"/>
<Cov CovItemId="S35" Value="1"/>
<Cov CovItemId="S36" Value="1"/>
<Cov CovItemId="S37" Value="1"/>
<Cov CovItemId="S38" Value="1"/>
<Cov CovItemId="S39" Value="1"/>
<Cov CovItemId="S40" Value="1"/>
<Cov CovItemId="S43" Value="1"/>
<Cov CovItemId="S44" Value="2"/>
<Cov CovItemId="S45" Value="2"/>
<Cov CovItemId="S46" Value="2"/>
<Cov CovItemId="S464" Value="2"/>
<Cov CovItemId="S465" Value="2"/>
<Cov CovItemId="S466" Value="2"/>
<Cov CovItemId="S467" Value="2"/>
<Cov CovItemId="S47" Value="2"/>
<Cov CovItemId="S48" Value="2"/>
<Cov CovItemId="S49" Value="2"/>
<Cov CovItemId="S50" Value="2"/>
<Cov CovItemId="S51" Value="2"/>
<Cov CovItemId="S52" Value="2"/>
<Cov CovItemId="S53" Value="2"/>
<Cov CovItemId="S533" Value="2"/>
<Cov CovItemId="S534" Value="15"/>
<Cov CovItemId="S535" Value="15"/>
<Cov CovItemId="S536" Value="4"/>
<Cov CovItemId="S537" Value="4"/>
<Cov CovItemId="S538" Value="4"/>
<Cov CovItemId="S539" Value="4"/>
<Cov CovItemId="S54" Value="2"/>
<Cov CovItemId="S540" Value="4"/>
<Cov CovItemId="S541" Value="4"/>
<Cov CovItemId="S542" Value="4"/>
<Cov CovItemId="S55" Value="2"/>
<Cov CovItemId="S56" Value="2"/>
<Cov CovItemId="S57" Value="2"/>
<Cov CovItemId="S58" Value="2"/>
<Cov CovItemId="S59" Value="2"/>
<Cov CovItemId="S60" Value="2"/>
<Cov CovItemId="S61" Value="2"/>
<Cov CovItemId="S62" Value="2"/>
<Cov CovItemId="S63" Value="2"/>
<Cov CovItemId="S64" Value="2"/>
<Cov CovItemId="S65" Value="2"/>
<Cov CovItemId="S66" Value="2"/>
<Cov CovItemId="S67" Value="2"/>
<Cov CovItemId="S68" Value="2"/>
<Cov CovItemId="S69" Value="2"/>
<Cov CovItemId="S70" Value="2"/>
<Cov CovItemId="S71" Value="2"/>
<Cov CovItemId="S72" Value="2"/>
<Cov CovItemId="S73" Value="2"/>
<Cov CovItemId="S74" Value="2"/>
<Cov CovItemId="S75" Value="2"/>
<Cov CovItemId="S76" Value="2"/>
<Cov CovItemId="S81" Value="1"/>
<Cov CovItemId="S83" Value="1"/>
<Cov CovItemId="S84" Value="1"/>
<Cov CovItemId="S85" Value="1"/>
<Cov CovItemId="S86" Value="2"/>
<Cov CovItemId="S87" Value="2"/>
<Cov CovItemId="S88" Value="2"/>
<Cov CovItemId="S89" Value="2"/>
<Cov CovItemId="S90" Value="2"/>
<Cov CovItemId="S91" Value="2"/>
<Cov CovItemId="S92" Value="2"/>
<Cov CovItemId="S93" Value="2"/>
<Cov CovItemId="S94" Value="14"/>
<Cov CovItemId="S96" Value="14"/>
<Cov CovItemId="S98" Value="2"/>
</CovPrefix>
<CovPrefix CovItemPrefix="Player.java">
<Cov CovItemId="S2" Value="2"/>
<Cov CovItemId="S3" Value="2"/>
<Cov CovItemId="S4" Value="2"/>
<Cov CovItemId="S5" Value="2"/>
<Cov CovItemId="S6" Value="2"/>
</CovPrefix>
</CovList>
<AssgnmntList>
<AssgnmntPrefix RootTermCovItemPrefix="Draw.java">
<AssgnmntListEntry Length="1" RootTermCovItemId="C1">
<MapEntry BoolAssgnmnt="1" Value="2"/>
</AssgnmntListEntry>
<AssgnmntListEntry Length="2" RootTermCovItemId="C3">
<MapEntry BoolAssgnmnt="00" Value="1"/>
</AssgnmntListEntry>
<AssgnmntListEntry Length="1" RootTermCovItemId="C4">
<MapEntry BoolAssgnmnt="0" Value="14"/>
</AssgnmntListEntry>
<AssgnmntListEntry Length="1" RootTermCovItemId="C46">
<MapEntry BoolAssgnmnt="0" Value="2"/>
</AssgnmntListEntry>
<AssgnmntListEntry Length="1" RootTermCovItemId="C5">
<MapEntry BoolAssgnmnt="0" Value="14"/>
</AssgnmntListEntry>
<AssgnmntListEntry Length="1" RootTermCovItemId="C6">
<MapEntry BoolAssgnmnt="0" Value="2"/>
</AssgnmntListEntry>
<AssgnmntListEntry Length="1" RootTermCovItemId="C7">
<MapEntry BoolAssgnmnt="0" Value="6"/>
</AssgnmntListEntry>
<AssgnmntListEntry Length="1" RootTermCovItemId="C8">
<MapEntry BoolAssgnmnt="0" Value="3"/>
</AssgnmntListEntry>
<AssgnmntListEntry Length="1" RootTermCovItemId="C9">
<MapEntry BoolAssgnmnt="0" Value="3"/>
</AssgnmntListEntry>
</AssgnmntPrefix>
</AssgnmntList>
<ObjMetaDataList/>
<MetaDataList/>
</TestCase>
<TestCase Comment="" Date="1589513105495" Name="BlackJackTest:testBlackJack">
<CovList>
<CovPrefix CovItemPrefix="Player.java">
<Cov CovItemId="B4" Value="2"/>
<Cov CovItemId="L1-0" Value="2"/>
<Cov CovItemId="S10" Value="2"/>
<Cov CovItemId="S11" Value="2"/>
<Cov CovItemId="S12" Value="2"/>
<Cov CovItemId="S16" Value="2"/>
<Cov CovItemId="S18" Value="2"/>
</CovPrefix>
</CovList>
<AssgnmntList>
<AssgnmntPrefix RootTermCovItemPrefix="Player.java">
<AssgnmntListEntry Length="1" RootTermCovItemId="C1">
<MapEntry BoolAssgnmnt="0" Value="2"/>
</AssgnmntListEntry>
<AssgnmntListEntry Length="2" RootTermCovItemId="C3">
<MapEntry BoolAssgnmnt="02" Value="2"/>
</AssgnmntListEntry>
</AssgnmntPrefix>
</AssgnmntList>
<ObjMetaDataList/>
<MetaDataList/>
</TestCase>
<TestCase Comment="" Date="1589513105586" Name="PlayerTest:testReset">
<CovList>
<CovPrefix CovItemPrefix="Card.java">
<Cov CovItemId="S1" Value="2"/>
<Cov CovItemId="S17" Value="1"/>
<Cov CovItemId="S18" Value="1"/>
<Cov CovItemId="S19" Value="1"/>
<Cov CovItemId="S2" Value="2"/>
<Cov CovItemId="S3" Value="2"/>
<Cov CovItemId="S4" Value="2"/>
<Cov CovItemId="S5" Value="2"/>
</CovPrefix>
<CovPrefix CovItemPrefix="Player.java">
<Cov CovItemId="S7" Value="1"/>
<Cov CovItemId="S8" Value="2"/>
<Cov CovItemId="S9" Value="1"/>
</CovPrefix>
</CovList>
<AssgnmntList/>
<ObjMetaDataList/>
<MetaDataList/>
</TestCase>
<TestCase Comment="" Date="1589513105684" Name="PlayerTest:testValue">
<CovList>
<CovPrefix CovItemPrefix="Card.java">
<Cov CovItemId="B1" Value="3"/>
<Cov CovItemId="B2" Value="3"/>
<Cov CovItemId="B3" Value="2"/>
<Cov CovItemId="B4" Value="1"/>
<Cov CovItemId="S1" Value="3"/>
<Cov CovItemId="S10" Value="2"/>
<Cov CovItemId="S11" Value="1"/>
<Cov CovItemId="S2" Value="3"/>
<Cov CovItemId="S3" Value="3"/>
<Cov CovItemId="S4" Value="3"/>
<Cov CovItemId="S5" Value="3"/>
<Cov CovItemId="S6" Value="6"/>
<Cov CovItemId="S7" Value="6"/>
<Cov CovItemId="S8" Value="3"/>
<Cov CovItemId="S9" Value="3"/>
</CovPrefix>
<CovPrefix CovItemPrefix="Player.java">
<Cov CovItemId="B1" Value="3"/>
<Cov CovItemId="B2" Value="3"/>
<Cov CovItemId="B3" Value="2"/>
<Cov CovItemId="B4" Value="2"/>
<Cov CovItemId="L1-0" Value="1"/>
<Cov CovItemId="L1-1" Value="1"/>
<Cov CovItemId="L1-2" Value="2"/>
<Cov CovItemId="S10" Value="4"/>
<Cov CovItemId="S11" Value="4"/>
<Cov CovItemId="S12" Value="4"/>
<Cov CovItemId="S13" Value="6"/>
<Cov CovItemId="S14" Value="6"/>
<Cov CovItemId="S15" Value="3"/>
<Cov CovItemId="S16" Value="4"/>
<Cov CovItemId="S17" Value="2"/>
<Cov CovItemId="S18" Value="4"/>
<Cov CovItemId="S8" Value="3"/>
<Cov CovItemId="S9" Value="1"/>
</CovPrefix>
</CovList>
<AssgnmntList>
<AssgnmntPrefix RootTermCovItemPrefix="Card.java">
<AssgnmntListEntry Length="1" RootTermCovItemId="C1">
<MapEntry BoolAssgnmnt="0" Value="3"/>
<MapEntry BoolAssgnmnt="1" Value="3"/>
</AssgnmntListEntry>
<AssgnmntListEntry Length="1" RootTermCovItemId="C2">
<MapEntry BoolAssgnmnt="0" Value="1"/>
<MapEntry BoolAssgnmnt="1" Value="2"/>
</AssgnmntListEntry>
</AssgnmntPrefix>
<AssgnmntPrefix RootTermCovItemPrefix="Player.java">
<AssgnmntListEntry Length="1" RootTermCovItemId="C1">
<MapEntry BoolAssgnmnt="0" Value="4"/>
<MapEntry BoolAssgnmnt="1" Value="6"/>
</AssgnmntListEntry>
<AssgnmntListEntry Length="1" RootTermCovItemId="C2">
<MapEntry BoolAssgnmnt="0" Value="3"/>
<MapEntry BoolAssgnmnt="1" Value="3"/>
</AssgnmntListEntry>
<AssgnmntListEntry Length="2" RootTermCovItemId="C3">
<MapEntry BoolAssgnmnt="02" Value="1"/>
<MapEntry BoolAssgnmnt="10" Value="1"/>
<MapEntry BoolAssgnmnt="11" Value="2"/>
</AssgnmntListEntry>
</AssgnmntPrefix>
</AssgnmntList>
<ObjMetaDataList/>
<MetaDataList/>
</TestCase>
<TestCase Comment="" Date="1589513105815" Name="PlayerTest:testDraw">
<CovList/>
<AssgnmntList/>
<ObjMetaDataList/>
<MetaDataList/>
</TestCase>
<TestCase Comment="" Date="1589513105911" Name="PlayerTest:testPeak">
<CovList>
<CovPrefix CovItemPrefix="Card.java">
<Cov CovItemId="S1" Value="2"/>
<Cov CovItemId="S17" Value="1"/>
<Cov CovItemId="S18" Value="1"/>
<Cov CovItemId="S19" Value="1"/>
<Cov CovItemId="S2" Value="2"/>
<Cov CovItemId="S3" Value="2"/>
<Cov CovItemId="S4" Value="2"/>
<Cov CovItemId="S5" Value="2"/>
</CovPrefix>
<CovPrefix CovItemPrefix="Draw.java">
<Cov CovItemId="S534" Value="1"/>
<Cov CovItemId="S535" Value="1"/>
<Cov CovItemId="S536" Value="1"/>
<Cov CovItemId="S537" Value="1"/>
<Cov CovItemId="S538" Value="1"/>
<Cov CovItemId="S539" Value="1"/>
<Cov CovItemId="S540" Value="1"/>
<Cov CovItemId="S541" Value="1"/>
</CovPrefix>
<CovPrefix CovItemPrefix="Player.java">
<Cov CovItemId="S7" Value="1"/>
<Cov CovItemId="S8" Value="2"/>
</CovPrefix>
</CovList>
<AssgnmntList/>
<ObjMetaDataList/>
<MetaDataList/>
</TestCase>
<TestCase Comment="Failure&#10;java.lang.AssertionError: expected:&lt;true&gt; but was:&lt;false&gt;&#13;&#10;&#9;at org.junit.Assert.fail(Assert.java:88)&#13;&#10;&#9;at org.junit.Assert.failNotEquals(Assert.java:743)&#13;&#10;&#9;at org.junit.Assert.assertEquals(Assert.java:118)&#13;&#10;&#9;at org.junit.Assert.assertEquals(Assert.java:144)&#13;&#10;&#9;at PlayerTest.testToString(PlayerTest.java:58)&#13;&#10;&#9;at sun.reflect.NativeMethodAccessorImpl.invoke0(Native Method)&#13;&#10;&#9;at sun.reflect.NativeMethodAccessorImpl.invoke(Unknown Source)&#13;&#10;&#9;at sun.reflect.DelegatingMethodAccessorImpl.invoke(Unknown Source)&#13;&#10;&#9;at java.lang.reflect.Method.invoke(Unknown Source)&#13;&#10;&#9;at org.junit.runners.model.FrameworkMethod$1.runReflectiveCall(FrameworkMethod.java:47)&#13;&#10;&#9;at org.junit.internal.runners.model.ReflectiveCallable.run(ReflectiveCallable.java:12)&#13;&#10;&#9;at org.junit.runners.model.FrameworkMethod.invokeExplosively(FrameworkMethod.java:44)&#13;&#10;&#9;at org.junit.internal.runners.statements.InvokeMethod.evaluate(InvokeMethod.java:17)&#13;&#10;&#9;at org.junit.runners.ParentRunner.runLeaf(ParentRunner.java:271)&#13;&#10;&#9;at org.junit.runners.BlockJUnit4ClassRunner.runChild(BlockJUnit4ClassRunner.java:70)&#13;&#10;&#9;at org.junit.runners.BlockJUnit4ClassRunner.runChild(BlockJUnit4ClassRunner.java:50)&#13;&#10;&#9;at org.junit.runners.ParentRunner$3.run(ParentRunner.java:238)&#13;&#10;&#9;at org.junit.runners.ParentRunner$1.schedule(ParentRunner.java:63)&#13;&#10;&#9;at org.junit.runners.ParentRunner.runChildren(ParentRunner.java:236)&#13;&#10;&#9;at org.junit.runners.ParentRunner.access$000(ParentRunner.java:53)&#13;&#10;&#9;at org.junit.runners.ParentRunner$2.evaluate(ParentRunner.java:229)&#13;&#10;&#9;at org.junit.runners.ParentRunner.run(ParentRunner.java:309)&#13;&#10;&#9;at org.eclipse.jdt.internal.junit4.runner.JUnit4TestReference.run(JUnit4TestReference.java:50)&#13;&#10;&#9;at org.eclipse.jdt.internal.junit.runner.TestExecution.run(TestExecution.java:38)&#13;&#10;&#9;at org.eclipse.jdt.internal.junit.runner.RemoteTestRunner.runTests(RemoteTestRunner.java:467)&#13;&#10;&#9;at org.eclipse.jdt.internal.junit.runner.RemoteTestRunner.runTests(RemoteTestRunner.java:683)&#13;&#10;&#9;at org.eclipse.jdt.internal.junit.runner.RemoteTestRunner.run(RemoteTestRunner.java:390)&#13;&#10;&#9;at org.codecover.juniteclipse.runner.EclipseTestRunner.main(EclipseTestRunner.java:40)" Date="1589513106025" Name="PlayerTest:testToString">
<CovList>
<CovPrefix CovItemPrefix="Card.java">
<Cov CovItemId="B1" Value="1"/>
<Cov CovItemId="S1" Value="1"/>
<Cov CovItemId="S17" Value="1"/>
<Cov CovItemId="S18" Value="1"/>
<Cov CovItemId="S19" Value="1"/>
<Cov CovItemId="S2" Value="1"/>
<Cov CovItemId="S3" Value="1"/>
<Cov CovItemId="S4" Value="1"/>
<Cov CovItemId="S5" Value="1"/>
<Cov CovItemId="S6" Value="1"/>
<Cov CovItemId="S7" Value="1"/>
<Cov CovItemId="S8" Value="1"/>
</CovPrefix>
<CovPrefix CovItemPrefix="Player.java">
<Cov CovItemId="B1" Value="1"/>
<Cov CovItemId="B3" Value="1"/>
<Cov CovItemId="B4" Value="1"/>
<Cov CovItemId="L1-0" Value="1"/>
<Cov CovItemId="L1-1" Value="1"/>
<Cov CovItemId="L3-0" Value="1"/>
<Cov CovItemId="L3-1" Value="1"/>
<Cov CovItemId="S10" Value="2"/>
<Cov CovItemId="S11" Value="2"/>
<Cov CovItemId="S12" Value="2"/>
<Cov CovItemId="S13" Value="1"/>
<Cov CovItemId="S14" Value="1"/>
<Cov CovItemId="S15" Value="1"/>
<Cov CovItemId="S16" Value="2"/>
<Cov CovItemId="S17" Value="1"/>
<Cov CovItemId="S18" Value="2"/>
<Cov CovItemId="S21" Value="2"/>
<Cov CovItemId="S22" Value="2"/>
<Cov CovItemId="S23" Value="1"/>
<Cov CovItemId="S24" Value="2"/>
<Cov CovItemId="S8" Value="1"/>
</CovPrefix>
</CovList>
<AssgnmntList>
<AssgnmntPrefix RootTermCovItemPrefix="Card.java">
<AssgnmntListEntry Length="1" RootTermCovItemId="C1">
<MapEntry BoolAssgnmnt="1" Value="1"/>
</AssgnmntListEntry>
</AssgnmntPrefix>
<AssgnmntPrefix RootTermCovItemPrefix="Player.java">
<AssgnmntListEntry Length="1" RootTermCovItemId="C1">
<MapEntry BoolAssgnmnt="0" Value="2"/>
<MapEntry BoolAssgnmnt="1" Value="1"/>
</AssgnmntListEntry>
<AssgnmntListEntry Length="1" RootTermCovItemId="C2">
<MapEntry BoolAssgnmnt="1" Value="1"/>
</AssgnmntListEntry>
<AssgnmntListEntry Length="2" RootTermCovItemId="C3">
<MapEntry BoolAssgnmnt="02" Value="1"/>
<MapEntry BoolAssgnmnt="11" Value="1"/>
</AssgnmntListEntry>
<AssgnmntListEntry Length="1" RootTermCovItemId="C5">
<MapEntry BoolAssgnmnt="0" Value="2"/>
<MapEntry BoolAssgnmnt="1" Value="1"/>
</AssgnmntListEntry>
</AssgnmntPrefix>
</AssgnmntList>
<ObjMetaDataList/>
<MetaDataList/>
</TestCase>
<TestCase Comment="" Date="1589513106130" Name="PlayerTest:testDealTo">
<CovList>
<CovPrefix CovItemPrefix="Card.java">
<Cov CovItemId="S1" Value="2"/>
<Cov CovItemId="S17" Value="3"/>
<Cov CovItemId="S18" Value="3"/>
<Cov CovItemId="S19" Value="3"/>
<Cov CovItemId="S2" Value="2"/>
<Cov CovItemId="S3" Value="2"/>
<Cov CovItemId="S4" Value="2"/>
<Cov CovItemId="S5" Value="2"/>
</CovPrefix>
<CovPrefix CovItemPrefix="Player.java">
<Cov CovItemId="S7" Value="3"/>
<Cov CovItemId="S8" Value="2"/>
<Cov CovItemId="S9" Value="1"/>
</CovPrefix>
</CovList>
<AssgnmntList/>
<ObjMetaDataList/>
<MetaDataList/>
</TestCase>
<TestCase Comment="" Date="1589513106135" Name="DeckTest:testDeck">
<CovList>
<CovPrefix CovItemPrefix="Card.java">
<Cov CovItemId="S1" Value="104"/>
<Cov CovItemId="S2" Value="104"/>
<Cov CovItemId="S3" Value="104"/>
<Cov CovItemId="S4" Value="104"/>
<Cov CovItemId="S5" Value="104"/>
</CovPrefix>
<CovPrefix CovItemPrefix="Deck.java">
<Cov CovItemId="L1-2" Value="2"/>
<Cov CovItemId="S2" Value="2"/>
<Cov CovItemId="S3" Value="2"/>
<Cov CovItemId="S4" Value="2"/>
<Cov CovItemId="S5" Value="104"/>
</CovPrefix>
</CovList>
<AssgnmntList>
<AssgnmntPrefix RootTermCovItemPrefix="Deck.java">
<AssgnmntListEntry Length="1" RootTermCovItemId="C1">
<MapEntry BoolAssgnmnt="0" Value="2"/>
<MapEntry BoolAssgnmnt="1" Value="104"/>
</AssgnmntListEntry>
</AssgnmntPrefix>
</AssgnmntList>
<ObjMetaDataList/>
<MetaDataList/>
</TestCase>
<TestCase Comment="" Date="1589513106139" Name="DeckTest:testSize">
<CovList>
<CovPrefix CovItemPrefix="Deck.java">
<Cov CovItemId="S8" Value="1"/>
</CovPrefix>
</CovList>
<AssgnmntList/>
<ObjMetaDataList/>
<MetaDataList/>
</TestCase>
<TestCase Comment="" Date="1589513106140" Name="DeckTest:testToString">
<CovList>
<CovPrefix CovItemPrefix="Card.java">
<Cov CovItemId="S17" Value="208"/>
<Cov CovItemId="S18" Value="208"/>
<Cov CovItemId="S19" Value="208"/>
</CovPrefix>
<CovPrefix CovItemPrefix="Deck.java">
<Cov CovItemId="L2-2" Value="1"/>
<Cov CovItemId="L3-2" Value="4"/>
<Cov CovItemId="S10" Value="52"/>
<Cov CovItemId="S11" Value="52"/>
<Cov CovItemId="S12" Value="52"/>
<Cov CovItemId="S13" Value="52"/>
<Cov CovItemId="S14" Value="4"/>
<Cov CovItemId="S15" Value="4"/>
<Cov CovItemId="S16" Value="208"/>
<Cov CovItemId="S17" Value="4"/>
<Cov CovItemId="S9" Value="1"/>
</CovPrefix>
<CovPrefix CovItemPrefix="Draw.java">
<Cov CovItemId="S534" Value="1"/>
<Cov CovItemId="S535" Value="1"/>
<Cov CovItemId="S536" Value="1"/>
<Cov CovItemId="S537" Value="1"/>
<Cov CovItemId="S538" Value="1"/>
<Cov CovItemId="S539" Value="1"/>
<Cov CovItemId="S540" Value="1"/>
<Cov CovItemId="S541" Value="1"/>
</CovPrefix>
</CovList>
<AssgnmntList>
<AssgnmntPrefix RootTermCovItemPrefix="Deck.java">
<AssgnmntListEntry Length="1" RootTermCovItemId="C2">
<MapEntry BoolAssgnmnt="0" Value="1"/>
<MapEntry BoolAssgnmnt="1" Value="52"/>
</AssgnmntListEntry>
<AssgnmntListEntry Length="1" RootTermCovItemId="C3">
<MapEntry BoolAssgnmnt="0" Value="4"/>
<MapEntry BoolAssgnmnt="1" Value="208"/>
</AssgnmntListEntry>
</AssgnmntPrefix>
</AssgnmntList>
<ObjMetaDataList/>
<MetaDataList/>
</TestCase>
<TestCase Comment="" Date="1589513106144" Name="DeckTest:testDealFrom">
<CovList>
<CovPrefix CovItemPrefix="Card.java">
<Cov CovItemId="S17" Value="1"/>
<Cov CovItemId="S18" Value="1"/>
<Cov CovItemId="S19" Value="1"/>
</CovPrefix>
<CovPrefix CovItemPrefix="Deck.java">
<Cov CovItemId="S6" Value="1"/>
</CovPrefix>
</CovList>
<AssgnmntList/>
<ObjMetaDataList/>
<MetaDataList/>
</TestCase>
<TestCase Comment="" Date="1589513106146" Name="DeckTest:testIsEmpty">
<CovList>
<CovPrefix CovItemPrefix="Deck.java">
<Cov CovItemId="S7" Value="1"/>
</CovPrefix>
</CovList>
<AssgnmntList/>
<ObjMetaDataList/>
<MetaDataList/>
</TestCase>
<TestCase Comment="" Date="1589513106148" Name="DeckTest:testShuffle">
<CovList>
<CovPrefix CovItemPrefix="Card.java">
<Cov CovItemId="S17" Value="104"/>
<Cov CovItemId="S18" Value="104"/>
<Cov CovItemId="S19" Value="104"/>
</CovPrefix>
<CovPrefix CovItemPrefix="Deck.java">
<Cov CovItemId="L2-2" Value="1"/>
<Cov CovItemId="L3-2" Value="2"/>
<Cov CovItemId="S10" Value="52"/>
<Cov CovItemId="S11" Value="52"/>
<Cov CovItemId="S12" Value="52"/>
<Cov CovItemId="S13" Value="52"/>
<Cov CovItemId="S14" Value="2"/>
<Cov CovItemId="S15" Value="2"/>
<Cov CovItemId="S16" Value="104"/>
<Cov CovItemId="S17" Value="2"/>
<Cov CovItemId="S9" Value="1"/>
</CovPrefix>
</CovList>
<AssgnmntList>
<AssgnmntPrefix RootTermCovItemPrefix="Deck.java">
<AssgnmntListEntry Length="1" RootTermCovItemId="C2">
<MapEntry BoolAssgnmnt="0" Value="1"/>
<MapEntry BoolAssgnmnt="1" Value="52"/>
</AssgnmntListEntry>
<AssgnmntListEntry Length="1" RootTermCovItemId="C3">
<MapEntry BoolAssgnmnt="0" Value="2"/>
<MapEntry BoolAssgnmnt="1" Value="104"/>
</AssgnmntListEntry>
</AssgnmntPrefix>
</AssgnmntList>
<ObjMetaDataList/>
<MetaDataList/>
</TestCase>
<TestCase Comment="" Date="1589513106151" Name="CardTest:testIsAce">
<CovList>
<CovPrefix CovItemPrefix="Card.java">
<Cov CovItemId="S6" Value="2"/>
</CovPrefix>
</CovList>
<AssgnmntList/>
<ObjMetaDataList/>
<MetaDataList/>
</TestCase>
<TestCase Comment="" Date="1589513106153" Name="CardTest:testCard">
<CovList>
<CovPrefix CovItemPrefix="Card.java">
<Cov CovItemId="S1" Value="3"/>
<Cov CovItemId="S2" Value="3"/>
<Cov CovItemId="S3" Value="3"/>
<Cov CovItemId="S4" Value="3"/>
<Cov CovItemId="S5" Value="3"/>
</CovPrefix>
</CovList>
<AssgnmntList/>
<ObjMetaDataList/>
<MetaDataList/>
</TestCase>
<TestCase Comment="" Date="1589513106154" Name="CardTest:testRank">
<CovList>
<CovPrefix CovItemPrefix="Card.java">
<Cov CovItemId="B1" Value="1"/>
<Cov CovItemId="B2" Value="2"/>
<Cov CovItemId="B3" Value="1"/>
<Cov CovItemId="B4" Value="1"/>
<Cov CovItemId="S10" Value="1"/>
<Cov CovItemId="S11" Value="1"/>
<Cov CovItemId="S7" Value="3"/>
<Cov CovItemId="S8" Value="1"/>
<Cov CovItemId="S9" Value="2"/>
</CovPrefix>
</CovList>
<AssgnmntList>
<AssgnmntPrefix RootTermCovItemPrefix="Card.java">
<AssgnmntListEntry Length="1" RootTermCovItemId="C1">
<MapEntry BoolAssgnmnt="0" Value="2"/>
<MapEntry BoolAssgnmnt="1" Value="1"/>
</AssgnmntListEntry>
<AssgnmntListEntry Length="1" RootTermCovItemId="C2">
<MapEntry BoolAssgnmnt="0" Value="1"/>
<MapEntry BoolAssgnmnt="1" Value="1"/>
</AssgnmntListEntry>
</AssgnmntPrefix>
</AssgnmntList>
<ObjMetaDataList/>
<MetaDataList/>
</TestCase>
<TestCase Comment="" Date="1589513106156" Name="CardTest:testToString">
<CovList>
<CovPrefix CovItemPrefix="Card.java">
<Cov CovItemId="S17" Value="3"/>
<Cov CovItemId="S18" Value="3"/>
<Cov CovItemId="S19" Value="3"/>
</CovPrefix>
</CovList>
<AssgnmntList/>
<ObjMetaDataList/>
<MetaDataList/>
</TestCase>
<MetaDataList/>
</TestSession>
<TestSession Comment="" Date="1589513517679" Name="May 14, 2020 8:31:57 PM">
<TestCase Comment="Failure&#10;java.lang.AssertionError: Not yet implemented&#13;&#10;&#9;at org.junit.Assert.fail(Assert.java:88)&#13;&#10;&#9;at DrawTest.testMouseReleased(DrawTest.java:416)&#13;&#10;&#9;at sun.reflect.NativeMethodAccessorImpl.invoke0(Native Method)&#13;&#10;&#9;at sun.reflect.NativeMethodAccessorImpl.invoke(Unknown Source)&#13;&#10;&#9;at sun.reflect.DelegatingMethodAccessorImpl.invoke(Unknown Source)&#13;&#10;&#9;at java.lang.reflect.Method.invoke(Unknown Source)&#13;&#10;&#9;at org.junit.runners.model.FrameworkMethod$1.runReflectiveCall(FrameworkMethod.java:47)&#13;&#10;&#9;at org.junit.internal.runners.model.ReflectiveCallable.run(ReflectiveCallable.java:12)&#13;&#10;&#9;at org.junit.runners.model.FrameworkMethod.invokeExplosively(FrameworkMethod.java:44)&#13;&#10;&#9;at org.junit.internal.runners.statements.InvokeMethod.evaluate(InvokeMethod.java:17)&#13;&#10;&#9;at org.junit.runners.ParentRunner.runLeaf(ParentRunner.java:271)&#13;&#10;&#9;at org.junit.runners.BlockJUnit4ClassRunner.runChild(BlockJUnit4ClassRunner.java:70)&#13;&#10;&#9;at org.junit.runners.BlockJUnit4ClassRunner.runChild(BlockJUnit4ClassRunner.java:50)&#13;&#10;&#9;at org.junit.runners.ParentRunner$3.run(ParentRunner.java:238)&#13;&#10;&#9;at org.junit.runners.ParentRunner$1.schedule(ParentRunner.java:63)&#13;&#10;&#9;at org.junit.runners.ParentRunner.runChildren(ParentRunner.java:236)&#13;&#10;&#9;at org.junit.runners.ParentRunner.access$000(ParentRunner.java:53)&#13;&#10;&#9;at org.junit.runners.ParentRunner$2.evaluate(ParentRunner.java:229)&#13;&#10;&#9;at org.junit.runners.ParentRunner.run(ParentRunner.java:309)&#13;&#10;&#9;at org.eclipse.jdt.internal.junit4.runner.JUnit4TestReference.run(JUnit4TestReference.java:50)&#13;&#10;&#9;at org.eclipse.jdt.internal.junit.runner.TestExecution.run(TestExecution.java:38)&#13;&#10;&#9;at org.eclipse.jdt.internal.junit.runner.RemoteTestRunner.runTests(RemoteTestRunner.java:467)&#13;&#10;&#9;at org.eclipse.jdt.internal.junit.runner.RemoteTestRunner.runTests(RemoteTestRunner.java:683)&#13;&#10;&#9;at org.eclipse.jdt.internal.junit.runner.RemoteTestRunner.run(RemoteTestRunner.java:390)&#13;&#10;&#9;at org.codecover.juniteclipse.runner.EclipseTestRunner.main(EclipseTestRunner.java:40)" Date="1589513502303" Name="DrawTest:testMouseReleased">
<CovList/>
<AssgnmntList/>
<ObjMetaDataList/>
<MetaDataList/>
</TestCase>
<TestCase Comment="Failure&#10;java.lang.AssertionError: Not yet implemented&#13;&#10;&#9;at org.junit.Assert.fail(Assert.java:88)&#13;&#10;&#9;at DrawTest.testValidateNotNull(DrawTest.java:77)&#13;&#10;&#9;at sun.reflect.NativeMethodAccessorImpl.invoke0(Native Method)&#13;&#10;&#9;at sun.reflect.NativeMethodAccessorImpl.invoke(Unknown Source)&#13;&#10;&#9;at sun.reflect.DelegatingMethodAccessorImpl.invoke(Unknown Source)&#13;&#10;&#9;at java.lang.reflect.Method.invoke(Unknown Source)&#13;&#10;&#9;at org.junit.runners.model.FrameworkMethod$1.runReflectiveCall(FrameworkMethod.java:47)&#13;&#10;&#9;at org.junit.internal.runners.model.ReflectiveCallable.run(ReflectiveCallable.java:12)&#13;&#10;&#9;at org.junit.runners.model.FrameworkMethod.invokeExplosively(FrameworkMethod.java:44)&#13;&#10;&#9;at org.junit.internal.runners.statements.InvokeMethod.evaluate(InvokeMethod.java:17)&#13;&#10;&#9;at org.junit.runners.ParentRunner.runLeaf(ParentRunner.java:271)&#13;&#10;&#9;at org.junit.runners.BlockJUnit4ClassRunner.runChild(BlockJUnit4ClassRunner.java:70)&#13;&#10;&#9;at org.junit.runners.BlockJUnit4ClassRunner.runChild(BlockJUnit4ClassRunner.java:50)&#13;&#10;&#9;at org.junit.runners.ParentRunner$3.run(ParentRunner.java:238)&#13;&#10;&#9;at org.junit.runners.ParentRunner$1.schedule(ParentRunner.java:63)&#13;&#10;&#9;at org.junit.runners.ParentRunner.runChildren(ParentRunner.java:236)&#13;&#10;&#9;at org.junit.runners.ParentRunner.access$000(ParentRunner.java:53)&#13;&#10;&#9;at org.junit.runners.ParentRunner$2.evaluate(ParentRunner.java:229)&#13;&#10;&#9;at org.junit.runners.ParentRunner.run(ParentRunner.java:309)&#13;&#10;&#9;at org.eclipse.jdt.internal.junit4.runner.JUnit4TestReference.run(JUnit4TestReference.java:50)&#13;&#10;&#9;at org.eclipse.jdt.internal.junit.runner.TestExecution.run(TestExecution.java:38)&#13;&#10;&#9;at org.eclipse.jdt.internal.junit.runner.RemoteTestRunner.runTests(RemoteTestRunner.java:467)&#13;&#10;&#9;at org.eclipse.jdt.internal.junit.runner.RemoteTestRunner.runTests(RemoteTestRunner.java:683)&#13;&#10;&#9;at org.eclipse.jdt.internal.junit.runner.RemoteTestRunner.run(RemoteTestRunner.java:390)&#13;&#10;&#9;at org.codecover.juniteclipse.runner.EclipseTestRunner.main(EclipseTestRunner.java:40)" Date="1589513502467" Name="DrawTest:testValidateNotNull">
<CovList/>
<AssgnmntList/>
<ObjMetaDataList/>
<MetaDataList/>
</TestCase>
<TestCase Comment="Failure&#10;java.lang.AssertionError: Not yet implemented&#13;&#10;&#9;at org.junit.Assert.fail(Assert.java:88)&#13;&#10;&#9;at DrawTest.testEllipse(DrawTest.java:246)&#13;&#10;&#9;at sun.reflect.NativeMethodAccessorImpl.invoke0(Native Method)&#13;&#10;&#9;at sun.reflect.NativeMethodAccessorImpl.invoke(Unknown Source)&#13;&#10;&#9;at sun.reflect.DelegatingMethodAccessorImpl.invoke(Unknown Source)&#13;&#10;&#9;at java.lang.reflect.Method.invoke(Unknown Source)&#13;&#10;&#9;at org.junit.runners.model.FrameworkMethod$1.runReflectiveCall(FrameworkMethod.java:47)&#13;&#10;&#9;at org.junit.internal.runners.model.ReflectiveCallable.run(ReflectiveCallable.java:12)&#13;&#10;&#9;at org.junit.runners.model.FrameworkMethod.invokeExplosively(FrameworkMethod.java:44)&#13;&#10;&#9;at org.junit.internal.runners.statements.InvokeMethod.evaluate(InvokeMethod.java:17)&#13;&#10;&#9;at org.junit.runners.ParentRunner.runLeaf(ParentRunner.java:271)&#13;&#10;&#9;at org.junit.runners.BlockJUnit4ClassRunner.runChild(BlockJUnit4ClassRunner.java:70)&#13;&#10;&#9;at org.junit.runners.BlockJUnit4ClassRunner.runChild(BlockJUnit4ClassRunner.java:50)&#13;&#10;&#9;at org.junit.runners.ParentRunner$3.run(ParentRunner.java:238)&#13;&#10;&#9;at org.junit.runners.ParentRunner$1.schedule(ParentRunner.java:63)&#13;&#10;&#9;at org.junit.runners.ParentRunner.runChildren(ParentRunner.java:236)&#13;&#10;&#9;at org.junit.runners.ParentRunner.access$000(ParentRunner.java:53)&#13;&#10;&#9;at org.junit.runners.ParentRunner$2.evaluate(ParentRunner.java:229)&#13;&#10;&#9;at org.junit.runners.ParentRunner.run(ParentRunner.java:309)&#13;&#10;&#9;at org.eclipse.jdt.internal.junit4.runner.JUnit4TestReference.run(JUnit4TestReference.java:50)&#13;&#10;&#9;at org.eclipse.jdt.internal.junit.runner.TestExecution.run(TestExecution.java:38)&#13;&#10;&#9;at org.eclipse.jdt.internal.junit.runner.RemoteTestRunner.runTests(RemoteTestRunner.java:467)&#13;&#10;&#9;at org.eclipse.jdt.internal.junit.runner.RemoteTestRunner.runTests(RemoteTestRunner.java:683)&#13;&#10;&#9;at org.eclipse.jdt.internal.junit.runner.RemoteTestRunner.run(RemoteTestRunner.java:390)&#13;&#10;&#9;at org.codecover.juniteclipse.runner.EclipseTestRunner.main(EclipseTestRunner.java:40)" Date="1589513502620" Name="DrawTest:testEllipse">
<CovList/>
<AssgnmntList/>
<ObjMetaDataList/>
<MetaDataList/>
</TestCase>
<TestCase Comment="Failure&#10;java.lang.AssertionError: Not yet implemented&#13;&#10;&#9;at org.junit.Assert.fail(Assert.java:88)&#13;&#10;&#9;at DrawTest.testFilledEllipse(DrawTest.java:251)&#13;&#10;&#9;at sun.reflect.NativeMethodAccessorImpl.invoke0(Native Method)&#13;&#10;&#9;at sun.reflect.NativeMethodAccessorImpl.invoke(Unknown Source)&#13;&#10;&#9;at sun.reflect.DelegatingMethodAccessorImpl.invoke(Unknown Source)&#13;&#10;&#9;at java.lang.reflect.Method.invoke(Unknown Source)&#13;&#10;&#9;at org.junit.runners.model.FrameworkMethod$1.runReflectiveCall(FrameworkMethod.java:47)&#13;&#10;&#9;at org.junit.internal.runners.model.ReflectiveCallable.run(ReflectiveCallable.java:12)&#13;&#10;&#9;at org.junit.runners.model.FrameworkMethod.invokeExplosively(FrameworkMethod.java:44)&#13;&#10;&#9;at org.junit.internal.runners.statements.InvokeMethod.evaluate(InvokeMethod.java:17)&#13;&#10;&#9;at org.junit.runners.ParentRunner.runLeaf(ParentRunner.java:271)&#13;&#10;&#9;at org.junit.runners.BlockJUnit4ClassRunner.runChild(BlockJUnit4ClassRunner.java:70)&#13;&#10;&#9;at org.junit.runners.BlockJUnit4ClassRunner.runChild(BlockJUnit4ClassRunner.java:50)&#13;&#10;&#9;at org.junit.runners.ParentRunner$3.run(ParentRunner.java:238)&#13;&#10;&#9;at org.junit.runners.ParentRunner$1.schedule(ParentRunner.java:63)&#13;&#10;&#9;at org.junit.runners.ParentRunner.runChildren(ParentRunner.java:236)&#13;&#10;&#9;at org.junit.runners.ParentRunner.access$000(ParentRunner.java:53)&#13;&#10;&#9;at org.junit.runners.ParentRunner$2.evaluate(ParentRunner.java:229)&#13;&#10;&#9;at org.junit.runners.ParentRunner.run(ParentRunner.java:309)&#13;&#10;&#9;at org.eclipse.jdt.internal.junit4.runner.JUnit4TestReference.run(JUnit4TestReference.java:50)&#13;&#10;&#9;at org.eclipse.jdt.internal.junit.runner.TestExecution.run(TestExecution.java:38)&#13;&#10;&#9;at org.eclipse.jdt.internal.junit.runner.RemoteTestRunner.runTests(RemoteTestRunner.java:467)&#13;&#10;&#9;at org.eclipse.jdt.internal.junit.runner.RemoteTestRunner.runTests(RemoteTestRunner.java:683)&#13;&#10;&#9;at org.eclipse.jdt.internal.junit.runner.RemoteTestRunner.run(RemoteTestRunner.java:390)&#13;&#10;&#9;at org.codecover.juniteclipse.runner.EclipseTestRunner.main(EclipseTestRunner.java:40)" Date="1589513502745" Name="DrawTest:testFilledEllipse">
<CovList/>
<AssgnmntList/>
<ObjMetaDataList/>
<MetaDataList/>
</TestCase>
<TestCase Comment="Failure&#10;java.lang.AssertionError: Not yet implemented&#13;&#10;&#9;at org.junit.Assert.fail(Assert.java:88)&#13;&#10;&#9;at DrawTest.testGetImage(DrawTest.java:291)&#13;&#10;&#9;at sun.reflect.NativeMethodAccessorImpl.invoke0(Native Method)&#13;&#10;&#9;at sun.reflect.NativeMethodAccessorImpl.invoke(Unknown Source)&#13;&#10;&#9;at sun.reflect.DelegatingMethodAccessorImpl.invoke(Unknown Source)&#13;&#10;&#9;at java.lang.reflect.Method.invoke(Unknown Source)&#13;&#10;&#9;at org.junit.runners.model.FrameworkMethod$1.runReflectiveCall(FrameworkMethod.java:47)&#13;&#10;&#9;at org.junit.internal.runners.model.ReflectiveCallable.run(ReflectiveCallable.java:12)&#13;&#10;&#9;at org.junit.runners.model.FrameworkMethod.invokeExplosively(FrameworkMethod.java:44)&#13;&#10;&#9;at org.junit.internal.runners.statements.InvokeMethod.evaluate(InvokeMethod.java:17)&#13;&#10;&#9;at org.junit.runners.ParentRunner.runLeaf(ParentRunner.java:271)&#13;&#10;&#9;at org.junit.runners.BlockJUnit4ClassRunner.runChild(BlockJUnit4ClassRunner.java:70)&#13;&#10;&#9;at org.junit.runners.BlockJUnit4ClassRunner.runChild(BlockJUnit4ClassRunner.java:50)&#13;&#10;&#9;at org.junit.runners.ParentRunner$3.run(ParentRunner.java:238)&#13;&#10;&#9;at org.junit.runners.ParentRunner$1.schedule(ParentRunner.java:63)&#13;&#10;&#9;at org.junit.runners.ParentRunner.runChildren(ParentRunner.java:236)&#13;&#10;&#9;at org.junit.runners.ParentRunner.access$000(ParentRunner.java:53)&#13;&#10;&#9;at org.junit.runners.ParentRunner$2.evaluate(ParentRunner.java:229)&#13;&#10;&#9;at org.junit.runners.ParentRunner.run(ParentRunner.java:309)&#13;&#10;&#9;at org.eclipse.jdt.internal.junit4.runner.JUnit4TestReference.run(JUnit4TestReference.java:50)&#13;&#10;&#9;at org.eclipse.jdt.internal.junit.runner.TestExecution.run(TestExecution.java:38)&#13;&#10;&#9;at org.eclipse.jdt.internal.junit.runner.RemoteTestRunner.runTests(RemoteTestRunner.java:467)&#13;&#10;&#9;at org.eclipse.jdt.internal.junit.runner.RemoteTestRunner.runTests(RemoteTestRunner.java:683)&#13;&#10;&#9;at org.eclipse.jdt.internal.junit.runner.RemoteTestRunner.run(RemoteTestRunner.java:390)&#13;&#10;&#9;at org.codecover.juniteclipse.runner.EclipseTestRunner.main(EclipseTestRunner.java:40)" Date="1589513502824" Name="DrawTest:testGetImage">
<CovList/>
<AssgnmntList/>
<ObjMetaDataList/>
<MetaDataList/>
</TestCase>
<TestCase Comment="Failure&#10;java.lang.AssertionError: Not yet implemented&#13;&#10;&#9;at org.junit.Assert.fail(Assert.java:88)&#13;&#10;&#9;at DrawTest.testMousePressed(DrawTest.java:386)&#13;&#10;&#9;at sun.reflect.NativeMethodAccessorImpl.invoke0(Native Method)&#13;&#10;&#9;at sun.reflect.NativeMethodAccessorImpl.invoke(Unknown Source)&#13;&#10;&#9;at sun.reflect.DelegatingMethodAccessorImpl.invoke(Unknown Source)&#13;&#10;&#9;at java.lang.reflect.Method.invoke(Unknown Source)&#13;&#10;&#9;at org.junit.runners.model.FrameworkMethod$1.runReflectiveCall(FrameworkMethod.java:47)&#13;&#10;&#9;at org.junit.internal.runners.model.ReflectiveCallable.run(ReflectiveCallable.java:12)&#13;&#10;&#9;at org.junit.runners.model.FrameworkMethod.invokeExplosively(FrameworkMethod.java:44)&#13;&#10;&#9;at org.junit.internal.runners.statements.InvokeMethod.evaluate(InvokeMethod.java:17)&#13;&#10;&#9;at org.junit.runners.ParentRunner.runLeaf(ParentRunner.java:271)&#13;&#10;&#9;at org.junit.runners.BlockJUnit4ClassRunner.runChild(BlockJUnit4ClassRunner.java:70)&#13;&#10;&#9;at org.junit.runners.BlockJUnit4ClassRunner.runChild(BlockJUnit4ClassRunner.java:50)&#13;&#10;&#9;at org.junit.runners.ParentRunner$3.run(ParentRunner.java:238)&#13;&#10;&#9;at org.junit.runners.ParentRunner$1.schedule(ParentRunner.java:63)&#13;&#10;&#9;at org.junit.runners.ParentRunner.runChildren(ParentRunner.java:236)&#13;&#10;&#9;at org.junit.runners.ParentRunner.access$000(ParentRunner.java:53)&#13;&#10;&#9;at org.junit.runners.ParentRunner$2.evaluate(ParentRunner.java:229)&#13;&#10;&#9;at org.junit.runners.ParentRunner.run(ParentRunner.java:309)&#13;&#10;&#9;at org.eclipse.jdt.internal.junit4.runner.JUnit4TestReference.run(JUnit4TestReference.java:50)&#13;&#10;&#9;at org.eclipse.jdt.internal.junit.runner.TestExecution.run(TestExecution.java:38)&#13;&#10;&#9;at org.eclipse.jdt.internal.junit.runner.RemoteTestRunner.runTests(RemoteTestRunner.java:467)&#13;&#10;&#9;at org.eclipse.jdt.internal.junit.runner.RemoteTestRunner.runTests(RemoteTestRunner.java:683)&#13;&#10;&#9;at org.eclipse.jdt.internal.junit.runner.RemoteTestRunner.run(RemoteTestRunner.java:390)&#13;&#10;&#9;at org.codecover.juniteclipse.runner.EclipseTestRunner.main(EclipseTestRunner.java:40)" Date="1589513502955" Name="DrawTest:testMousePressed">
<CovList/>
<AssgnmntList/>
<ObjMetaDataList/>
<MetaDataList/>
</TestCase>
<TestCase Comment="Failure&#10;java.lang.AssertionError: Use assertEquals(expected, actual, delta) to compare floating-point numbers&#13;&#10;&#9;at org.junit.Assert.fail(Assert.java:88)&#13;&#10;&#9;at org.junit.Assert.assertEquals(Assert.java:576)&#13;&#10;&#9;at org.junit.Assert.assertEquals(Assert.java:565)&#13;&#10;&#9;at DrawTest.testSetXscaleDoubleDouble1(DrawTest.java:98)&#13;&#10;&#9;at sun.reflect.NativeMethodAccessorImpl.invoke0(Native Method)&#13;&#10;&#9;at sun.reflect.NativeMethodAccessorImpl.invoke(Unknown Source)&#13;&#10;&#9;at sun.reflect.DelegatingMethodAccessorImpl.invoke(Unknown Source)&#13;&#10;&#9;at java.lang.reflect.Method.invoke(Unknown Source)&#13;&#10;&#9;at org.junit.runners.model.FrameworkMethod$1.runReflectiveCall(FrameworkMethod.java:47)&#13;&#10;&#9;at org.junit.internal.runners.model.ReflectiveCallable.run(ReflectiveCallable.java:12)&#13;&#10;&#9;at org.junit.runners.model.FrameworkMethod.invokeExplosively(FrameworkMethod.java:44)&#13;&#10;&#9;at org.junit.internal.runners.statements.InvokeMethod.evaluate(InvokeMethod.java:17)&#13;&#10;&#9;at org.junit.runners.ParentRunner.runLeaf(ParentRunner.java:271)&#13;&#10;&#9;at org.junit.runners.BlockJUnit4ClassRunner.runChild(BlockJUnit4ClassRunner.java:70)&#13;&#10;&#9;at org.junit.runners.BlockJUnit4ClassRunner.runChild(BlockJUnit4ClassRunner.java:50)&#13;&#10;&#9;at org.junit.runners.ParentRunner$3.run(ParentRunner.java:238)&#13;&#10;&#9;at org.junit.runners.ParentRunner$1.schedule(ParentRunner.java:63)&#13;&#10;&#9;at org.junit.runners.ParentRunner.runChildren(ParentRunner.java:236)&#13;&#10;&#9;at org.junit.runners.ParentRunner.access$000(ParentRunner.java:53)&#13;&#10;&#9;at org.junit.runners.ParentRunner$2.evaluate(ParentRunner.java:229)&#13;&#10;&#9;at org.junit.runners.ParentRunner.run(ParentRunner.java:309)&#13;&#10;&#9;at org.eclipse.jdt.internal.junit4.runner.JUnit4TestReference.run(JUnit4TestReference.java:50)&#13;&#10;&#9;at org.eclipse.jdt.internal.junit.runner.TestExecution.run(TestExecution.java:38)&#13;&#10;&#9;at org.eclipse.jdt.internal.junit.runner.RemoteTestRunner.runTests(RemoteTestRunner.java:467)&#13;&#10;&#9;at org.eclipse.jdt.internal.junit.runner.RemoteTestRunner.runTests(RemoteTestRunner.java:683)&#13;&#10;&#9;at org.eclipse.jdt.internal.junit.runner.RemoteTestRunner.run(RemoteTestRunner.java:390)&#13;&#10;&#9;at org.codecover.juniteclipse.runner.EclipseTestRunner.main(EclipseTestRunner.java:40)" Date="1589513503025" Name="DrawTest:testSetXscaleDoubleDouble1">
<CovList>
<CovPrefix CovItemPrefix="Draw.java">
<Cov CovItemId="B10" Value="2"/>
<Cov CovItemId="B16" Value="1"/>
<Cov CovItemId="B8" Value="2"/>
<Cov CovItemId="S104" Value="1"/>
<Cov CovItemId="S105" Value="1"/>
<Cov CovItemId="S106" Value="1"/>
<Cov CovItemId="S107" Value="1"/>
<Cov CovItemId="S109" Value="1"/>
<Cov CovItemId="S110" Value="1"/>
<Cov CovItemId="S94" Value="2"/>
<Cov CovItemId="S96" Value="2"/>
</CovPrefix>
</CovList>
<AssgnmntList>
<AssgnmntPrefix RootTermCovItemPrefix="Draw.java">
<AssgnmntListEntry Length="1" RootTermCovItemId="C4">
<MapEntry BoolAssgnmnt="0" Value="2"/>
</AssgnmntListEntry>
<AssgnmntListEntry Length="1" RootTermCovItemId="C5">
<MapEntry BoolAssgnmnt="0" Value="2"/>
</AssgnmntListEntry>
<AssgnmntListEntry Length="1" RootTermCovItemId="C8">
<MapEntry BoolAssgnmnt="0" Value="1"/>
</AssgnmntListEntry>
</AssgnmntPrefix>
</AssgnmntList>
<ObjMetaDataList/>
<MetaDataList/>
</TestCase>
<TestCase Comment="Failure&#10;java.lang.AssertionError: Not yet implemented&#13;&#10;&#9;at org.junit.Assert.fail(Assert.java:88)&#13;&#10;&#9;at DrawTest.testFactorX(DrawTest.java:126)&#13;&#10;&#9;at sun.reflect.NativeMethodAccessorImpl.invoke0(Native Method)&#13;&#10;&#9;at sun.reflect.NativeMethodAccessorImpl.invoke(Unknown Source)&#13;&#10;&#9;at sun.reflect.DelegatingMethodAccessorImpl.invoke(Unknown Source)&#13;&#10;&#9;at java.lang.reflect.Method.invoke(Unknown Source)&#13;&#10;&#9;at org.junit.runners.model.FrameworkMethod$1.runReflectiveCall(FrameworkMethod.java:47)&#13;&#10;&#9;at org.junit.internal.runners.model.ReflectiveCallable.run(ReflectiveCallable.java:12)&#13;&#10;&#9;at org.junit.runners.model.FrameworkMethod.invokeExplosively(FrameworkMethod.java:44)&#13;&#10;&#9;at org.junit.internal.runners.statements.InvokeMethod.evaluate(InvokeMethod.java:17)&#13;&#10;&#9;at org.junit.runners.ParentRunner.runLeaf(ParentRunner.java:271)&#13;&#10;&#9;at org.junit.runners.BlockJUnit4ClassRunner.runChild(BlockJUnit4ClassRunner.java:70)&#13;&#10;&#9;at org.junit.runners.BlockJUnit4ClassRunner.runChild(BlockJUnit4ClassRunner.java:50)&#13;&#10;&#9;at org.junit.runners.ParentRunner$3.run(ParentRunner.java:238)&#13;&#10;&#9;at org.junit.runners.ParentRunner$1.schedule(ParentRunner.java:63)&#13;&#10;&#9;at org.junit.runners.ParentRunner.runChildren(ParentRunner.java:236)&#13;&#10;&#9;at org.junit.runners.ParentRunner.access$000(ParentRunner.java:53)&#13;&#10;&#9;at org.junit.runners.ParentRunner$2.evaluate(ParentRunner.java:229)&#13;&#10;&#9;at org.junit.runners.ParentRunner.run(ParentRunner.java:309)&#13;&#10;&#9;at org.eclipse.jdt.internal.junit4.runner.JUnit4TestReference.run(JUnit4TestReference.java:50)&#13;&#10;&#9;at org.eclipse.jdt.internal.junit.runner.TestExecution.run(TestExecution.java:38)&#13;&#10;&#9;at org.eclipse.jdt.internal.junit.runner.RemoteTestRunner.runTests(RemoteTestRunner.java:467)&#13;&#10;&#9;at org.eclipse.jdt.internal.junit.runner.RemoteTestRunner.runTests(RemoteTestRunner.java:683)&#13;&#10;&#9;at org.eclipse.jdt.internal.junit.runner.RemoteTestRunner.run(RemoteTestRunner.java:390)&#13;&#10;&#9;at org.codecover.juniteclipse.runner.EclipseTestRunner.main(EclipseTestRunner.java:40)" Date="1589513503098" Name="DrawTest:testFactorX">
<CovList/>
<AssgnmntList/>
<ObjMetaDataList/>
<MetaDataList/>
</TestCase>
<TestCase Comment="Failure&#10;java.lang.AssertionError: Not yet implemented&#13;&#10;&#9;at org.junit.Assert.fail(Assert.java:88)&#13;&#10;&#9;at DrawTest.testFactorY(DrawTest.java:131)&#13;&#10;&#9;at sun.reflect.NativeMethodAccessorImpl.invoke0(Native Method)&#13;&#10;&#9;at sun.reflect.NativeMethodAccessorImpl.invoke(Unknown Source)&#13;&#10;&#9;at sun.reflect.DelegatingMethodAccessorImpl.invoke(Unknown Source)&#13;&#10;&#9;at java.lang.reflect.Method.invoke(Unknown Source)&#13;&#10;&#9;at org.junit.runners.model.FrameworkMethod$1.runReflectiveCall(FrameworkMethod.java:47)&#13;&#10;&#9;at org.junit.internal.runners.model.ReflectiveCallable.run(ReflectiveCallable.java:12)&#13;&#10;&#9;at org.junit.runners.model.FrameworkMethod.invokeExplosively(FrameworkMethod.java:44)&#13;&#10;&#9;at org.junit.internal.runners.statements.InvokeMethod.evaluate(InvokeMethod.java:17)&#13;&#10;&#9;at org.junit.runners.ParentRunner.runLeaf(ParentRunner.java:271)&#13;&#10;&#9;at org.junit.runners.BlockJUnit4ClassRunner.runChild(BlockJUnit4ClassRunner.java:70)&#13;&#10;&#9;at org.junit.runners.BlockJUnit4ClassRunner.runChild(BlockJUnit4ClassRunner.java:50)&#13;&#10;&#9;at org.junit.runners.ParentRunner$3.run(ParentRunner.java:238)&#13;&#10;&#9;at org.junit.runners.ParentRunner$1.schedule(ParentRunner.java:63)&#13;&#10;&#9;at org.junit.runners.ParentRunner.runChildren(ParentRunner.java:236)&#13;&#10;&#9;at org.junit.runners.ParentRunner.access$000(ParentRunner.java:53)&#13;&#10;&#9;at org.junit.runners.ParentRunner$2.evaluate(ParentRunner.java:229)&#13;&#10;&#9;at org.junit.runners.ParentRunner.run(ParentRunner.java:309)&#13;&#10;&#9;at org.eclipse.jdt.internal.junit4.runner.JUnit4TestReference.run(JUnit4TestReference.java:50)&#13;&#10;&#9;at org.eclipse.jdt.internal.junit.runner.TestExecution.run(TestExecution.java:38)&#13;&#10;&#9;at org.eclipse.jdt.internal.junit.runner.RemoteTestRunner.runTests(RemoteTestRunner.java:467)&#13;&#10;&#9;at org.eclipse.jdt.internal.junit.runner.RemoteTestRunner.runTests(RemoteTestRunner.java:683)&#13;&#10;&#9;at org.eclipse.jdt.internal.junit.runner.RemoteTestRunner.run(RemoteTestRunner.java:390)&#13;&#10;&#9;at org.codecover.juniteclipse.runner.EclipseTestRunner.main(EclipseTestRunner.java:40)" Date="1589513503202" Name="DrawTest:testFactorY">
<CovList/>
<AssgnmntList/>
<ObjMetaDataList/>
<MetaDataList/>
</TestCase>
<TestCase Comment="Failure&#10;java.lang.AssertionError: Not yet implemented&#13;&#10;&#9;at org.junit.Assert.fail(Assert.java:88)&#13;&#10;&#9;at DrawTest.testClearColor(DrawTest.java:151)&#13;&#10;&#9;at sun.reflect.NativeMethodAccessorImpl.invoke0(Native Method)&#13;&#10;&#9;at sun.reflect.NativeMethodAccessorImpl.invoke(Unknown Source)&#13;&#10;&#9;at sun.reflect.DelegatingMethodAccessorImpl.invoke(Unknown Source)&#13;&#10;&#9;at java.lang.reflect.Method.invoke(Unknown Source)&#13;&#10;&#9;at org.junit.runners.model.FrameworkMethod$1.runReflectiveCall(FrameworkMethod.java:47)&#13;&#10;&#9;at org.junit.internal.runners.model.ReflectiveCallable.run(ReflectiveCallable.java:12)&#13;&#10;&#9;at org.junit.runners.model.FrameworkMethod.invokeExplosively(FrameworkMethod.java:44)&#13;&#10;&#9;at org.junit.internal.runners.statements.InvokeMethod.evaluate(InvokeMethod.java:17)&#13;&#10;&#9;at org.junit.runners.ParentRunner.runLeaf(ParentRunner.java:271)&#13;&#10;&#9;at org.junit.runners.BlockJUnit4ClassRunner.runChild(BlockJUnit4ClassRunner.java:70)&#13;&#10;&#9;at org.junit.runners.BlockJUnit4ClassRunner.runChild(BlockJUnit4ClassRunner.java:50)&#13;&#10;&#9;at org.junit.runners.ParentRunner$3.run(ParentRunner.java:238)&#13;&#10;&#9;at org.junit.runners.ParentRunner$1.schedule(ParentRunner.java:63)&#13;&#10;&#9;at org.junit.runners.ParentRunner.runChildren(ParentRunner.java:236)&#13;&#10;&#9;at org.junit.runners.ParentRunner.access$000(ParentRunner.java:53)&#13;&#10;&#9;at org.junit.runners.ParentRunner$2.evaluate(ParentRunner.java:229)&#13;&#10;&#9;at org.junit.runners.ParentRunner.run(ParentRunner.java:309)&#13;&#10;&#9;at org.eclipse.jdt.internal.junit4.runner.JUnit4TestReference.run(JUnit4TestReference.java:50)&#13;&#10;&#9;at org.eclipse.jdt.internal.junit.runner.TestExecution.run(TestExecution.java:38)&#13;&#10;&#9;at org.eclipse.jdt.internal.junit.runner.RemoteTestRunner.runTests(RemoteTestRunner.java:467)&#13;&#10;&#9;at org.eclipse.jdt.internal.junit.runner.RemoteTestRunner.runTests(RemoteTestRunner.java:683)&#13;&#10;&#9;at org.eclipse.jdt.internal.junit.runner.RemoteTestRunner.run(RemoteTestRunner.java:390)&#13;&#10;&#9;at org.codecover.juniteclipse.runner.EclipseTestRunner.main(EclipseTestRunner.java:40)" Date="1589513503293" Name="DrawTest:testClearColor">
<CovList/>
<AssgnmntList/>
<ObjMetaDataList/>
<MetaDataList/>
</TestCase>
<TestCase Comment="Failure&#10;java.lang.AssertionError: Not yet implemented&#13;&#10;&#9;at org.junit.Assert.fail(Assert.java:88)&#13;&#10;&#9;at DrawTest.testArc(DrawTest.java:256)&#13;&#10;&#9;at sun.reflect.NativeMethodAccessorImpl.invoke0(Native Method)&#13;&#10;&#9;at sun.reflect.NativeMethodAccessorImpl.invoke(Unknown Source)&#13;&#10;&#9;at sun.reflect.DelegatingMethodAccessorImpl.invoke(Unknown Source)&#13;&#10;&#9;at java.lang.reflect.Method.invoke(Unknown Source)&#13;&#10;&#9;at org.junit.runners.model.FrameworkMethod$1.runReflectiveCall(FrameworkMethod.java:47)&#13;&#10;&#9;at org.junit.internal.runners.model.ReflectiveCallable.run(ReflectiveCallable.java:12)&#13;&#10;&#9;at org.junit.runners.model.FrameworkMethod.invokeExplosively(FrameworkMethod.java:44)&#13;&#10;&#9;at org.junit.internal.runners.statements.InvokeMethod.evaluate(InvokeMethod.java:17)&#13;&#10;&#9;at org.junit.runners.ParentRunner.runLeaf(ParentRunner.java:271)&#13;&#10;&#9;at org.junit.runners.BlockJUnit4ClassRunner.runChild(BlockJUnit4ClassRunner.java:70)&#13;&#10;&#9;at org.junit.runners.BlockJUnit4ClassRunner.runChild(BlockJUnit4ClassRunner.java:50)&#13;&#10;&#9;at org.junit.runners.ParentRunner$3.run(ParentRunner.java:238)&#13;&#10;&#9;at org.junit.runners.ParentRunner$1.schedule(ParentRunner.java:63)&#13;&#10;&#9;at org.junit.runners.ParentRunner.runChildren(ParentRunner.java:236)&#13;&#10;&#9;at org.junit.runners.ParentRunner.access$000(ParentRunner.java:53)&#13;&#10;&#9;at org.junit.runners.ParentRunner$2.evaluate(ParentRunner.java:229)&#13;&#10;&#9;at org.junit.runners.ParentRunner.run(ParentRunner.java:309)&#13;&#10;&#9;at org.eclipse.jdt.internal.junit4.runner.JUnit4TestReference.run(JUnit4TestReference.java:50)&#13;&#10;&#9;at org.eclipse.jdt.internal.junit.runner.TestExecution.run(TestExecution.java:38)&#13;&#10;&#9;at org.eclipse.jdt.internal.junit.runner.RemoteTestRunner.runTests(RemoteTestRunner.java:467)&#13;&#10;&#9;at org.eclipse.jdt.internal.junit.runner.RemoteTestRunner.runTests(RemoteTestRunner.java:683)&#13;&#10;&#9;at org.eclipse.jdt.internal.junit.runner.RemoteTestRunner.run(RemoteTestRunner.java:390)&#13;&#10;&#9;at org.codecover.juniteclipse.runner.EclipseTestRunner.main(EclipseTestRunner.java:40)" Date="1589513503397" Name="DrawTest:testArc">
<CovList>
<CovPrefix CovItemPrefix="Draw.java">
<Cov CovItemId="S534" Value="1"/>
<Cov CovItemId="S535" Value="1"/>
<Cov CovItemId="S536" Value="1"/>
<Cov CovItemId="S537" Value="1"/>
<Cov CovItemId="S538" Value="1"/>
<Cov CovItemId="S539" Value="1"/>
<Cov CovItemId="S540" Value="1"/>
<Cov CovItemId="S541" Value="1"/>
</CovPrefix>
</CovList>
<AssgnmntList/>
<ObjMetaDataList/>
<MetaDataList/>
</TestCase>
<TestCase Comment="Failure&#10;java.lang.AssertionError: Not yet implemented&#13;&#10;&#9;at org.junit.Assert.fail(Assert.java:88)&#13;&#10;&#9;at DrawTest.testTextDoubleDoubleStringDouble(DrawTest.java:321)&#13;&#10;&#9;at sun.reflect.NativeMethodAccessorImpl.invoke0(Native Method)&#13;&#10;&#9;at sun.reflect.NativeMethodAccessorImpl.invoke(Unknown Source)&#13;&#10;&#9;at sun.reflect.DelegatingMethodAccessorImpl.invoke(Unknown Source)&#13;&#10;&#9;at java.lang.reflect.Method.invoke(Unknown Source)&#13;&#10;&#9;at org.junit.runners.model.FrameworkMethod$1.runReflectiveCall(FrameworkMethod.java:47)&#13;&#10;&#9;at org.junit.internal.runners.model.ReflectiveCallable.run(ReflectiveCallable.java:12)&#13;&#10;&#9;at org.junit.runners.model.FrameworkMethod.invokeExplosively(FrameworkMethod.java:44)&#13;&#10;&#9;at org.junit.internal.runners.statements.InvokeMethod.evaluate(InvokeMethod.java:17)&#13;&#10;&#9;at org.junit.runners.ParentRunner.runLeaf(ParentRunner.java:271)&#13;&#10;&#9;at org.junit.runners.BlockJUnit4ClassRunner.runChild(BlockJUnit4ClassRunner.java:70)&#13;&#10;&#9;at org.junit.runners.BlockJUnit4ClassRunner.runChild(BlockJUnit4ClassRunner.java:50)&#13;&#10;&#9;at org.junit.runners.ParentRunner$3.run(ParentRunner.java:238)&#13;&#10;&#9;at org.junit.runners.ParentRunner$1.schedule(ParentRunner.java:63)&#13;&#10;&#9;at org.junit.runners.ParentRunner.runChildren(ParentRunner.java:236)&#13;&#10;&#9;at org.junit.runners.ParentRunner.access$000(ParentRunner.java:53)&#13;&#10;&#9;at org.junit.runners.ParentRunner$2.evaluate(ParentRunner.java:229)&#13;&#10;&#9;at org.junit.runners.ParentRunner.run(ParentRunner.java:309)&#13;&#10;&#9;at org.eclipse.jdt.internal.junit4.runner.JUnit4TestReference.run(JUnit4TestReference.java:50)&#13;&#10;&#9;at org.eclipse.jdt.internal.junit.runner.TestExecution.run(TestExecution.java:38)&#13;&#10;&#9;at org.eclipse.jdt.internal.junit.runner.RemoteTestRunner.runTests(RemoteTestRunner.java:467)&#13;&#10;&#9;at org.eclipse.jdt.internal.junit.runner.RemoteTestRunner.runTests(RemoteTestRunner.java:683)&#13;&#10;&#9;at org.eclipse.jdt.internal.junit.runner.RemoteTestRunner.run(RemoteTestRunner.java:390)&#13;&#10;&#9;at org.codecover.juniteclipse.runner.EclipseTestRunner.main(EclipseTestRunner.java:40)" Date="1589513503524" Name="DrawTest:testTextDoubleDoubleStringDouble">
<CovList>
<CovPrefix CovItemPrefix="Draw.java">
<Cov CovItemId="S534" Value="1"/>
<Cov CovItemId="S535" Value="1"/>
<Cov CovItemId="S536" Value="1"/>
<Cov CovItemId="S537" Value="1"/>
<Cov CovItemId="S538" Value="1"/>
<Cov CovItemId="S539" Value="1"/>
<Cov CovItemId="S540" Value="1"/>
<Cov CovItemId="S541" Value="1"/>
</CovPrefix>
</CovList>
<AssgnmntList/>
<ObjMetaDataList/>
<MetaDataList/>
</TestCase>
<TestCase Comment="Failure&#10;java.lang.AssertionError: Not yet implemented&#13;&#10;&#9;at org.junit.Assert.fail(Assert.java:88)&#13;&#10;&#9;at DrawTest.testActionPerformed(DrawTest.java:371)&#13;&#10;&#9;at sun.reflect.NativeMethodAccessorImpl.invoke0(Native Method)&#13;&#10;&#9;at sun.reflect.NativeMethodAccessorImpl.invoke(Unknown Source)&#13;&#10;&#9;at sun.reflect.DelegatingMethodAccessorImpl.invoke(Unknown Source)&#13;&#10;&#9;at java.lang.reflect.Method.invoke(Unknown Source)&#13;&#10;&#9;at org.junit.runners.model.FrameworkMethod$1.runReflectiveCall(FrameworkMethod.java:47)&#13;&#10;&#9;at org.junit.internal.runners.model.ReflectiveCallable.run(ReflectiveCallable.java:12)&#13;&#10;&#9;at org.junit.runners.model.FrameworkMethod.invokeExplosively(FrameworkMethod.java:44)&#13;&#10;&#9;at org.junit.internal.runners.statements.InvokeMethod.evaluate(InvokeMethod.java:17)&#13;&#10;&#9;at org.junit.runners.ParentRunner.runLeaf(ParentRunner.java:271)&#13;&#10;&#9;at org.junit.runners.BlockJUnit4ClassRunner.runChild(BlockJUnit4ClassRunner.java:70)&#13;&#10;&#9;at org.junit.runners.BlockJUnit4ClassRunner.runChild(BlockJUnit4ClassRunner.java:50)&#13;&#10;&#9;at org.junit.runners.ParentRunner$3.run(ParentRunner.java:238)&#13;&#10;&#9;at org.junit.runners.ParentRunner$1.schedule(ParentRunner.java:63)&#13;&#10;&#9;at org.junit.runners.ParentRunner.runChildren(ParentRunner.java:236)&#13;&#10;&#9;at org.junit.runners.ParentRunner.access$000(ParentRunner.java:53)&#13;&#10;&#9;at org.junit.runners.ParentRunner$2.evaluate(ParentRunner.java:229)&#13;&#10;&#9;at org.junit.runners.ParentRunner.run(ParentRunner.java:309)&#13;&#10;&#9;at org.eclipse.jdt.internal.junit4.runner.JUnit4TestReference.run(JUnit4TestReference.java:50)&#13;&#10;&#9;at org.eclipse.jdt.internal.junit.runner.TestExecution.run(TestExecution.java:38)&#13;&#10;&#9;at org.eclipse.jdt.internal.junit.runner.RemoteTestRunner.runTests(RemoteTestRunner.java:467)&#13;&#10;&#9;at org.eclipse.jdt.internal.junit.runner.RemoteTestRunner.runTests(RemoteTestRunner.java:683)&#13;&#10;&#9;at org.eclipse.jdt.internal.junit.runner.RemoteTestRunner.run(RemoteTestRunner.java:390)&#13;&#10;&#9;at org.codecover.juniteclipse.runner.EclipseTestRunner.main(EclipseTestRunner.java:40)" Date="1589513503675" Name="DrawTest:testActionPerformed">
<CovList>
<CovPrefix CovItemPrefix="Draw.java">
<Cov CovItemId="S534" Value="1"/>
<Cov CovItemId="S535" Value="1"/>
<Cov CovItemId="S536" Value="1"/>
<Cov CovItemId="S537" Value="1"/>
<Cov CovItemId="S538" Value="1"/>
<Cov CovItemId="S539" Value="1"/>
<Cov CovItemId="S540" Value="1"/>
<Cov CovItemId="S541" Value="1"/>
</CovPrefix>
</CovList>
<AssgnmntList/>
<ObjMetaDataList/>
<MetaDataList/>
</TestCase>
<TestCase Comment="" Date="1589513503843" Name="DrawTest:testSetYscaleDoubleDouble">
<CovList>
<CovPrefix CovItemPrefix="Draw.java">
<Cov CovItemId="B10" Value="2"/>
<Cov CovItemId="B17" Value="1"/>
<Cov CovItemId="B8" Value="2"/>
<Cov CovItemId="S111" Value="1"/>
<Cov CovItemId="S112" Value="1"/>
<Cov CovItemId="S113" Value="1"/>
<Cov CovItemId="S114" Value="1"/>
<Cov CovItemId="S115" Value="1"/>
<Cov CovItemId="S94" Value="2"/>
<Cov CovItemId="S96" Value="2"/>
</CovPrefix>
</CovList>
<AssgnmntList>
<AssgnmntPrefix RootTermCovItemPrefix="Draw.java">
<AssgnmntListEntry Length="1" RootTermCovItemId="C4">
<MapEntry BoolAssgnmnt="0" Value="2"/>
</AssgnmntListEntry>
<AssgnmntListEntry Length="1" RootTermCovItemId="C5">
<MapEntry BoolAssgnmnt="0" Value="2"/>
</AssgnmntListEntry>
<AssgnmntListEntry Length="1" RootTermCovItemId="C9">
<MapEntry BoolAssgnmnt="1" Value="1"/>
</AssgnmntListEntry>
</AssgnmntPrefix>
</AssgnmntList>
<ObjMetaDataList/>
<MetaDataList/>
</TestCase>
<TestCase Comment="Failure&#10;java.lang.AssertionError: Not yet implemented&#13;&#10;&#9;at org.junit.Assert.fail(Assert.java:88)&#13;&#10;&#9;at DrawTest.testClear(DrawTest.java:146)&#13;&#10;&#9;at sun.reflect.NativeMethodAccessorImpl.invoke0(Native Method)&#13;&#10;&#9;at sun.reflect.NativeMethodAccessorImpl.invoke(Unknown Source)&#13;&#10;&#9;at sun.reflect.DelegatingMethodAccessorImpl.invoke(Unknown Source)&#13;&#10;&#9;at java.lang.reflect.Method.invoke(Unknown Source)&#13;&#10;&#9;at org.junit.runners.model.FrameworkMethod$1.runReflectiveCall(FrameworkMethod.java:47)&#13;&#10;&#9;at org.junit.internal.runners.model.ReflectiveCallable.run(ReflectiveCallable.java:12)&#13;&#10;&#9;at org.junit.runners.model.FrameworkMethod.invokeExplosively(FrameworkMethod.java:44)&#13;&#10;&#9;at org.junit.internal.runners.statements.InvokeMethod.evaluate(InvokeMethod.java:17)&#13;&#10;&#9;at org.junit.runners.ParentRunner.runLeaf(ParentRunner.java:271)&#13;&#10;&#9;at org.junit.runners.BlockJUnit4ClassRunner.runChild(BlockJUnit4ClassRunner.java:70)&#13;&#10;&#9;at org.junit.runners.BlockJUnit4ClassRunner.runChild(BlockJUnit4ClassRunner.java:50)&#13;&#10;&#9;at org.junit.runners.ParentRunner$3.run(ParentRunner.java:238)&#13;&#10;&#9;at org.junit.runners.ParentRunner$1.schedule(ParentRunner.java:63)&#13;&#10;&#9;at org.junit.runners.ParentRunner.runChildren(ParentRunner.java:236)&#13;&#10;&#9;at org.junit.runners.ParentRunner.access$000(ParentRunner.java:53)&#13;&#10;&#9;at org.junit.runners.ParentRunner$2.evaluate(ParentRunner.java:229)&#13;&#10;&#9;at org.junit.runners.ParentRunner.run(ParentRunner.java:309)&#13;&#10;&#9;at org.eclipse.jdt.internal.junit4.runner.JUnit4TestReference.run(JUnit4TestReference.java:50)&#13;&#10;&#9;at org.eclipse.jdt.internal.junit.runner.TestExecution.run(TestExecution.java:38)&#13;&#10;&#9;at org.eclipse.jdt.internal.junit.runner.RemoteTestRunner.runTests(RemoteTestRunner.java:467)&#13;&#10;&#9;at org.eclipse.jdt.internal.junit.runner.RemoteTestRunner.runTests(RemoteTestRunner.java:683)&#13;&#10;&#9;at org.eclipse.jdt.internal.junit.runner.RemoteTestRunner.run(RemoteTestRunner.java:390)&#13;&#10;&#9;at org.codecover.juniteclipse.runner.EclipseTestRunner.main(EclipseTestRunner.java:40)" Date="1589513503957" Name="DrawTest:testClear">
<CovList/>
<AssgnmntList/>
<ObjMetaDataList/>
<MetaDataList/>
</TestCase>
<TestCase Comment="Failure&#10;java.lang.AssertionError: Not yet implemented&#13;&#10;&#9;at org.junit.Assert.fail(Assert.java:88)&#13;&#10;&#9;at DrawTest.testDraw1(DrawTest.java:351)&#13;&#10;&#9;at sun.reflect.NativeMethodAccessorImpl.invoke0(Native Method)&#13;&#10;&#9;at sun.reflect.NativeMethodAccessorImpl.invoke(Unknown Source)&#13;&#10;&#9;at sun.reflect.DelegatingMethodAccessorImpl.invoke(Unknown Source)&#13;&#10;&#9;at java.lang.reflect.Method.invoke(Unknown Source)&#13;&#10;&#9;at org.junit.runners.model.FrameworkMethod$1.runReflectiveCall(FrameworkMethod.java:47)&#13;&#10;&#9;at org.junit.internal.runners.model.ReflectiveCallable.run(ReflectiveCallable.java:12)&#13;&#10;&#9;at org.junit.runners.model.FrameworkMethod.invokeExplosively(FrameworkMethod.java:44)&#13;&#10;&#9;at org.junit.internal.runners.statements.InvokeMethod.evaluate(InvokeMethod.java:17)&#13;&#10;&#9;at org.junit.runners.ParentRunner.runLeaf(ParentRunner.java:271)&#13;&#10;&#9;at org.junit.runners.BlockJUnit4ClassRunner.runChild(BlockJUnit4ClassRunner.java:70)&#13;&#10;&#9;at org.junit.runners.BlockJUnit4ClassRunner.runChild(BlockJUnit4ClassRunner.java:50)&#13;&#10;&#9;at org.junit.runners.ParentRunner$3.run(ParentRunner.java:238)&#13;&#10;&#9;at org.junit.runners.ParentRunner$1.schedule(ParentRunner.java:63)&#13;&#10;&#9;at org.junit.runners.ParentRunner.runChildren(ParentRunner.java:236)&#13;&#10;&#9;at org.junit.runners.ParentRunner.access$000(ParentRunner.java:53)&#13;&#10;&#9;at org.junit.runners.ParentRunner$2.evaluate(ParentRunner.java:229)&#13;&#10;&#9;at org.junit.runners.ParentRunner.run(ParentRunner.java:309)&#13;&#10;&#9;at org.eclipse.jdt.internal.junit4.runner.JUnit4TestReference.run(JUnit4TestReference.java:50)&#13;&#10;&#9;at org.eclipse.jdt.internal.junit.runner.TestExecution.run(TestExecution.java:38)&#13;&#10;&#9;at org.eclipse.jdt.internal.junit.runner.RemoteTestRunner.runTests(RemoteTestRunner.java:467)&#13;&#10;&#9;at org.eclipse.jdt.internal.junit.runner.RemoteTestRunner.runTests(RemoteTestRunner.java:683)&#13;&#10;&#9;at org.eclipse.jdt.internal.junit.runner.RemoteTestRunner.run(RemoteTestRunner.java:390)&#13;&#10;&#9;at org.codecover.juniteclipse.runner.EclipseTestRunner.main(EclipseTestRunner.java:40)" Date="1589513504064" Name="DrawTest:testDraw1">
<CovList/>
<AssgnmntList/>
<ObjMetaDataList/>
<MetaDataList/>
</TestCase>
<TestCase Comment="Failure&#10;java.lang.AssertionError: Not yet implemented&#13;&#10;&#9;at org.junit.Assert.fail(Assert.java:88)&#13;&#10;&#9;at DrawTest.testPause(DrawTest.java:341)&#13;&#10;&#9;at sun.reflect.NativeMethodAccessorImpl.invoke0(Native Method)&#13;&#10;&#9;at sun.reflect.NativeMethodAccessorImpl.invoke(Unknown Source)&#13;&#10;&#9;at sun.reflect.DelegatingMethodAccessorImpl.invoke(Unknown Source)&#13;&#10;&#9;at java.lang.reflect.Method.invoke(Unknown Source)&#13;&#10;&#9;at org.junit.runners.model.FrameworkMethod$1.runReflectiveCall(FrameworkMethod.java:47)&#13;&#10;&#9;at org.junit.internal.runners.model.ReflectiveCallable.run(ReflectiveCallable.java:12)&#13;&#10;&#9;at org.junit.runners.model.FrameworkMethod.invokeExplosively(FrameworkMethod.java:44)&#13;&#10;&#9;at org.junit.internal.runners.statements.InvokeMethod.evaluate(InvokeMethod.java:17)&#13;&#10;&#9;at org.junit.runners.ParentRunner.runLeaf(ParentRunner.java:271)&#13;&#10;&#9;at org.junit.runners.BlockJUnit4ClassRunner.runChild(BlockJUnit4ClassRunner.java:70)&#13;&#10;&#9;at org.junit.runners.BlockJUnit4ClassRunner.runChild(BlockJUnit4ClassRunner.java:50)&#13;&#10;&#9;at org.junit.runners.ParentRunner$3.run(ParentRunner.java:238)&#13;&#10;&#9;at org.junit.runners.ParentRunner$1.schedule(ParentRunner.java:63)&#13;&#10;&#9;at org.junit.runners.ParentRunner.runChildren(ParentRunner.java:236)&#13;&#10;&#9;at org.junit.runners.ParentRunner.access$000(ParentRunner.java:53)&#13;&#10;&#9;at org.junit.runners.ParentRunner$2.evaluate(ParentRunner.java:229)&#13;&#10;&#9;at org.junit.runners.ParentRunner.run(ParentRunner.java:309)&#13;&#10;&#9;at org.eclipse.jdt.internal.junit4.runner.JUnit4TestReference.run(JUnit4TestReference.java:50)&#13;&#10;&#9;at org.eclipse.jdt.internal.junit.runner.TestExecution.run(TestExecution.java:38)&#13;&#10;&#9;at org.eclipse.jdt.internal.junit.runner.RemoteTestRunner.runTests(RemoteTestRunner.java:467)&#13;&#10;&#9;at org.eclipse.jdt.internal.junit.runner.RemoteTestRunner.runTests(RemoteTestRunner.java:683)&#13;&#10;&#9;at org.eclipse.jdt.internal.junit.runner.RemoteTestRunner.run(RemoteTestRunner.java:390)&#13;&#10;&#9;at org.codecover.juniteclipse.runner.EclipseTestRunner.main(EclipseTestRunner.java:40)" Date="1589513504149" Name="DrawTest:testPause">
<CovList/>
<AssgnmntList/>
<ObjMetaDataList/>
<MetaDataList/>
</TestCase>
<TestCase Comment="" Date="1589513504267" Name="DrawTest:testPixel">
<CovList>
<CovPrefix CovItemPrefix="Draw.java">
<Cov CovItemId="B10" Value="4"/>
<Cov CovItemId="B8" Value="4"/>
<Cov CovItemId="B81" Value="1"/>
<Cov CovItemId="S118" Value="2"/>
<Cov CovItemId="S119" Value="2"/>
<Cov CovItemId="S156" Value="1"/>
<Cov CovItemId="S157" Value="1"/>
<Cov CovItemId="S158" Value="1"/>
<Cov CovItemId="S159" Value="1"/>
<Cov CovItemId="S160" Value="1"/>
<Cov CovItemId="S161" Value="1"/>
<Cov CovItemId="S464" Value="1"/>
<Cov CovItemId="S465" Value="1"/>
<Cov CovItemId="S466" Value="1"/>
<Cov CovItemId="S467" Value="1"/>
<Cov CovItemId="S534" Value="1"/>
<Cov CovItemId="S535" Value="1"/>
<Cov CovItemId="S536" Value="1"/>
<Cov CovItemId="S537" Value="1"/>
<Cov CovItemId="S538" Value="1"/>
<Cov CovItemId="S539" Value="1"/>
<Cov CovItemId="S540" Value="1"/>
<Cov CovItemId="S541" Value="1"/>
<Cov CovItemId="S94" Value="4"/>
<Cov CovItemId="S96" Value="4"/>
</CovPrefix>
</CovList>
<AssgnmntList>
<AssgnmntPrefix RootTermCovItemPrefix="Draw.java">
<AssgnmntListEntry Length="1" RootTermCovItemId="C4">
<MapEntry BoolAssgnmnt="0" Value="4"/>
</AssgnmntListEntry>
<AssgnmntListEntry Length="1" RootTermCovItemId="C46">
<MapEntry BoolAssgnmnt="0" Value="1"/>
</AssgnmntListEntry>
<AssgnmntListEntry Length="1" RootTermCovItemId="C5">
<MapEntry BoolAssgnmnt="0" Value="4"/>
</AssgnmntListEntry>
</AssgnmntPrefix>
</AssgnmntList>
<ObjMetaDataList/>
<MetaDataList/>
</TestCase>
<TestCase Comment="Failure&#10;java.lang.AssertionError: Not yet implemented&#13;&#10;&#9;at org.junit.Assert.fail(Assert.java:88)&#13;&#10;&#9;at DrawTest.testPoint(DrawTest.java:231)&#13;&#10;&#9;at sun.reflect.NativeMethodAccessorImpl.invoke0(Native Method)&#13;&#10;&#9;at sun.reflect.NativeMethodAccessorImpl.invoke(Unknown Source)&#13;&#10;&#9;at sun.reflect.DelegatingMethodAccessorImpl.invoke(Unknown Source)&#13;&#10;&#9;at java.lang.reflect.Method.invoke(Unknown Source)&#13;&#10;&#9;at org.junit.runners.model.FrameworkMethod$1.runReflectiveCall(FrameworkMethod.java:47)&#13;&#10;&#9;at org.junit.internal.runners.model.ReflectiveCallable.run(ReflectiveCallable.java:12)&#13;&#10;&#9;at org.junit.runners.model.FrameworkMethod.invokeExplosively(FrameworkMethod.java:44)&#13;&#10;&#9;at org.junit.internal.runners.statements.InvokeMethod.evaluate(InvokeMethod.java:17)&#13;&#10;&#9;at org.junit.runners.ParentRunner.runLeaf(ParentRunner.java:271)&#13;&#10;&#9;at org.junit.runners.BlockJUnit4ClassRunner.runChild(BlockJUnit4ClassRunner.java:70)&#13;&#10;&#9;at org.junit.runners.BlockJUnit4ClassRunner.runChild(BlockJUnit4ClassRunner.java:50)&#13;&#10;&#9;at org.junit.runners.ParentRunner$3.run(ParentRunner.java:238)&#13;&#10;&#9;at org.junit.runners.ParentRunner$1.schedule(ParentRunner.java:63)&#13;&#10;&#9;at org.junit.runners.ParentRunner.runChildren(ParentRunner.java:236)&#13;&#10;&#9;at org.junit.runners.ParentRunner.access$000(ParentRunner.java:53)&#13;&#10;&#9;at org.junit.runners.ParentRunner$2.evaluate(ParentRunner.java:229)&#13;&#10;&#9;at org.junit.runners.ParentRunner.run(ParentRunner.java:309)&#13;&#10;&#9;at org.eclipse.jdt.internal.junit4.runner.JUnit4TestReference.run(JUnit4TestReference.java:50)&#13;&#10;&#9;at org.eclipse.jdt.internal.junit.runner.TestExecution.run(TestExecution.java:38)&#13;&#10;&#9;at org.eclipse.jdt.internal.junit.runner.RemoteTestRunner.runTests(RemoteTestRunner.java:467)&#13;&#10;&#9;at org.eclipse.jdt.internal.junit.runner.RemoteTestRunner.runTests(RemoteTestRunner.java:683)&#13;&#10;&#9;at org.eclipse.jdt.internal.junit.runner.RemoteTestRunner.run(RemoteTestRunner.java:390)&#13;&#10;&#9;at org.codecover.juniteclipse.runner.EclipseTestRunner.main(EclipseTestRunner.java:40)" Date="1589513504396" Name="DrawTest:testPoint">
<CovList/>
<AssgnmntList/>
<ObjMetaDataList/>
<MetaDataList/>
</TestCase>
<TestCase Comment="Failure&#10;java.lang.AssertionError: Not yet implemented&#13;&#10;&#9;at org.junit.Assert.fail(Assert.java:88)&#13;&#10;&#9;at DrawTest.testUserX(DrawTest.java:136)&#13;&#10;&#9;at sun.reflect.NativeMethodAccessorImpl.invoke0(Native Method)&#13;&#10;&#9;at sun.reflect.NativeMethodAccessorImpl.invoke(Unknown Source)&#13;&#10;&#9;at sun.reflect.DelegatingMethodAccessorImpl.invoke(Unknown Source)&#13;&#10;&#9;at java.lang.reflect.Method.invoke(Unknown Source)&#13;&#10;&#9;at org.junit.runners.model.FrameworkMethod$1.runReflectiveCall(FrameworkMethod.java:47)&#13;&#10;&#9;at org.junit.internal.runners.model.ReflectiveCallable.run(ReflectiveCallable.java:12)&#13;&#10;&#9;at org.junit.runners.model.FrameworkMethod.invokeExplosively(FrameworkMethod.java:44)&#13;&#10;&#9;at org.junit.internal.runners.statements.InvokeMethod.evaluate(InvokeMethod.java:17)&#13;&#10;&#9;at org.junit.runners.ParentRunner.runLeaf(ParentRunner.java:271)&#13;&#10;&#9;at org.junit.runners.BlockJUnit4ClassRunner.runChild(BlockJUnit4ClassRunner.java:70)&#13;&#10;&#9;at org.junit.runners.BlockJUnit4ClassRunner.runChild(BlockJUnit4ClassRunner.java:50)&#13;&#10;&#9;at org.junit.runners.ParentRunner$3.run(ParentRunner.java:238)&#13;&#10;&#9;at org.junit.runners.ParentRunner$1.schedule(ParentRunner.java:63)&#13;&#10;&#9;at org.junit.runners.ParentRunner.runChildren(ParentRunner.java:236)&#13;&#10;&#9;at org.junit.runners.ParentRunner.access$000(ParentRunner.java:53)&#13;&#10;&#9;at org.junit.runners.ParentRunner$2.evaluate(ParentRunner.java:229)&#13;&#10;&#9;at org.junit.runners.ParentRunner.run(ParentRunner.java:309)&#13;&#10;&#9;at org.eclipse.jdt.internal.junit4.runner.JUnit4TestReference.run(JUnit4TestReference.java:50)&#13;&#10;&#9;at org.eclipse.jdt.internal.junit.runner.TestExecution.run(TestExecution.java:38)&#13;&#10;&#9;at org.eclipse.jdt.internal.junit.runner.RemoteTestRunner.runTests(RemoteTestRunner.java:467)&#13;&#10;&#9;at org.eclipse.jdt.internal.junit.runner.RemoteTestRunner.runTests(RemoteTestRunner.java:683)&#13;&#10;&#9;at org.eclipse.jdt.internal.junit.runner.RemoteTestRunner.run(RemoteTestRunner.java:390)&#13;&#10;&#9;at org.codecover.juniteclipse.runner.EclipseTestRunner.main(EclipseTestRunner.java:40)" Date="1589513504543" Name="DrawTest:testUserX">
<CovList/>
<AssgnmntList/>
<ObjMetaDataList/>
<MetaDataList/>
</TestCase>
<TestCase Comment="Failure&#10;java.lang.AssertionError: Not yet implemented&#13;&#10;&#9;at org.junit.Assert.fail(Assert.java:88)&#13;&#10;&#9;at DrawTest.testUserY(DrawTest.java:141)&#13;&#10;&#9;at sun.reflect.NativeMethodAccessorImpl.invoke0(Native Method)&#13;&#10;&#9;at sun.reflect.NativeMethodAccessorImpl.invoke(Unknown Source)&#13;&#10;&#9;at sun.reflect.DelegatingMethodAccessorImpl.invoke(Unknown Source)&#13;&#10;&#9;at java.lang.reflect.Method.invoke(Unknown Source)&#13;&#10;&#9;at org.junit.runners.model.FrameworkMethod$1.runReflectiveCall(FrameworkMethod.java:47)&#13;&#10;&#9;at org.junit.internal.runners.model.ReflectiveCallable.run(ReflectiveCallable.java:12)&#13;&#10;&#9;at org.junit.runners.model.FrameworkMethod.invokeExplosively(FrameworkMethod.java:44)&#13;&#10;&#9;at org.junit.internal.runners.statements.InvokeMethod.evaluate(InvokeMethod.java:17)&#13;&#10;&#9;at org.junit.runners.ParentRunner.runLeaf(ParentRunner.java:271)&#13;&#10;&#9;at org.junit.runners.BlockJUnit4ClassRunner.runChild(BlockJUnit4ClassRunner.java:70)&#13;&#10;&#9;at org.junit.runners.BlockJUnit4ClassRunner.runChild(BlockJUnit4ClassRunner.java:50)&#13;&#10;&#9;at org.junit.runners.ParentRunner$3.run(ParentRunner.java:238)&#13;&#10;&#9;at org.junit.runners.ParentRunner$1.schedule(ParentRunner.java:63)&#13;&#10;&#9;at org.junit.runners.ParentRunner.runChildren(ParentRunner.java:236)&#13;&#10;&#9;at org.junit.runners.ParentRunner.access$000(ParentRunner.java:53)&#13;&#10;&#9;at org.junit.runners.ParentRunner$2.evaluate(ParentRunner.java:229)&#13;&#10;&#9;at org.junit.runners.ParentRunner.run(ParentRunner.java:309)&#13;&#10;&#9;at org.eclipse.jdt.internal.junit4.runner.JUnit4TestReference.run(JUnit4TestReference.java:50)&#13;&#10;&#9;at org.eclipse.jdt.internal.junit.runner.TestExecution.run(TestExecution.java:38)&#13;&#10;&#9;at org.eclipse.jdt.internal.junit.runner.RemoteTestRunner.runTests(RemoteTestRunner.java:467)&#13;&#10;&#9;at org.eclipse.jdt.internal.junit.runner.RemoteTestRunner.runTests(RemoteTestRunner.java:683)&#13;&#10;&#9;at org.eclipse.jdt.internal.junit.runner.RemoteTestRunner.run(RemoteTestRunner.java:390)&#13;&#10;&#9;at org.codecover.juniteclipse.runner.EclipseTestRunner.main(EclipseTestRunner.java:40)" Date="1589513504794" Name="DrawTest:testUserY">
<CovList/>
<AssgnmntList/>
<ObjMetaDataList/>
<MetaDataList/>
</TestCase>
<TestCase Comment="Failure&#10;java.lang.AssertionError: Not yet implemented&#13;&#10;&#9;at org.junit.Assert.fail(Assert.java:88)&#13;&#10;&#9;at DrawTest.testXorOn(DrawTest.java:191)&#13;&#10;&#9;at sun.reflect.NativeMethodAccessorImpl.invoke0(Native Method)&#13;&#10;&#9;at sun.reflect.NativeMethodAccessorImpl.invoke(Unknown Source)&#13;&#10;&#9;at sun.reflect.DelegatingMethodAccessorImpl.invoke(Unknown Source)&#13;&#10;&#9;at java.lang.reflect.Method.invoke(Unknown Source)&#13;&#10;&#9;at org.junit.runners.model.FrameworkMethod$1.runReflectiveCall(FrameworkMethod.java:47)&#13;&#10;&#9;at org.junit.internal.runners.model.ReflectiveCallable.run(ReflectiveCallable.java:12)&#13;&#10;&#9;at org.junit.runners.model.FrameworkMethod.invokeExplosively(FrameworkMethod.java:44)&#13;&#10;&#9;at org.junit.internal.runners.statements.InvokeMethod.evaluate(InvokeMethod.java:17)&#13;&#10;&#9;at org.junit.runners.ParentRunner.runLeaf(ParentRunner.java:271)&#13;&#10;&#9;at org.junit.runners.BlockJUnit4ClassRunner.runChild(BlockJUnit4ClassRunner.java:70)&#13;&#10;&#9;at org.junit.runners.BlockJUnit4ClassRunner.runChild(BlockJUnit4ClassRunner.java:50)&#13;&#10;&#9;at org.junit.runners.ParentRunner$3.run(ParentRunner.java:238)&#13;&#10;&#9;at org.junit.runners.ParentRunner$1.schedule(ParentRunner.java:63)&#13;&#10;&#9;at org.junit.runners.ParentRunner.runChildren(ParentRunner.java:236)&#13;&#10;&#9;at org.junit.runners.ParentRunner.access$000(ParentRunner.java:53)&#13;&#10;&#9;at org.junit.runners.ParentRunner$2.evaluate(ParentRunner.java:229)&#13;&#10;&#9;at org.junit.runners.ParentRunner.run(ParentRunner.java:309)&#13;&#10;&#9;at org.eclipse.jdt.internal.junit4.runner.JUnit4TestReference.run(JUnit4TestReference.java:50)&#13;&#10;&#9;at org.eclipse.jdt.internal.junit.runner.TestExecution.run(TestExecution.java:38)&#13;&#10;&#9;at org.eclipse.jdt.internal.junit.runner.RemoteTestRunner.runTests(RemoteTestRunner.java:467)&#13;&#10;&#9;at org.eclipse.jdt.internal.junit.runner.RemoteTestRunner.runTests(RemoteTestRunner.java:683)&#13;&#10;&#9;at org.eclipse.jdt.internal.junit.runner.RemoteTestRunner.run(RemoteTestRunner.java:390)&#13;&#10;&#9;at org.codecover.juniteclipse.runner.EclipseTestRunner.main(EclipseTestRunner.java:40)" Date="1589513504865" Name="DrawTest:testXorOn">
<CovList/>
<AssgnmntList/>
<ObjMetaDataList/>
<MetaDataList/>
</TestCase>
<TestCase Comment="Failure&#10;java.lang.AssertionError: Not yet implemented&#13;&#10;&#9;at org.junit.Assert.fail(Assert.java:88)&#13;&#10;&#9;at DrawTest.testDraw(DrawTest.java:33)&#13;&#10;&#9;at sun.reflect.NativeMethodAccessorImpl.invoke0(Native Method)&#13;&#10;&#9;at sun.reflect.NativeMethodAccessorImpl.invoke(Unknown Source)&#13;&#10;&#9;at sun.reflect.DelegatingMethodAccessorImpl.invoke(Unknown Source)&#13;&#10;&#9;at java.lang.reflect.Method.invoke(Unknown Source)&#13;&#10;&#9;at org.junit.runners.model.FrameworkMethod$1.runReflectiveCall(FrameworkMethod.java:47)&#13;&#10;&#9;at org.junit.internal.runners.model.ReflectiveCallable.run(ReflectiveCallable.java:12)&#13;&#10;&#9;at org.junit.runners.model.FrameworkMethod.invokeExplosively(FrameworkMethod.java:44)&#13;&#10;&#9;at org.junit.internal.runners.statements.InvokeMethod.evaluate(InvokeMethod.java:17)&#13;&#10;&#9;at org.junit.runners.ParentRunner.runLeaf(ParentRunner.java:271)&#13;&#10;&#9;at org.junit.runners.BlockJUnit4ClassRunner.runChild(BlockJUnit4ClassRunner.java:70)&#13;&#10;&#9;at org.junit.runners.BlockJUnit4ClassRunner.runChild(BlockJUnit4ClassRunner.java:50)&#13;&#10;&#9;at org.junit.runners.ParentRunner$3.run(ParentRunner.java:238)&#13;&#10;&#9;at org.junit.runners.ParentRunner$1.schedule(ParentRunner.java:63)&#13;&#10;&#9;at org.junit.runners.ParentRunner.runChildren(ParentRunner.java:236)&#13;&#10;&#9;at org.junit.runners.ParentRunner.access$000(ParentRunner.java:53)&#13;&#10;&#9;at org.junit.runners.ParentRunner$2.evaluate(ParentRunner.java:229)&#13;&#10;&#9;at org.junit.runners.ParentRunner.run(ParentRunner.java:309)&#13;&#10;&#9;at org.eclipse.jdt.internal.junit4.runner.JUnit4TestReference.run(JUnit4TestReference.java:50)&#13;&#10;&#9;at org.eclipse.jdt.internal.junit.runner.TestExecution.run(TestExecution.java:38)&#13;&#10;&#9;at org.eclipse.jdt.internal.junit.runner.RemoteTestRunner.runTests(RemoteTestRunner.java:467)&#13;&#10;&#9;at org.eclipse.jdt.internal.junit.runner.RemoteTestRunner.runTests(RemoteTestRunner.java:683)&#13;&#10;&#9;at org.eclipse.jdt.internal.junit.runner.RemoteTestRunner.run(RemoteTestRunner.java:390)&#13;&#10;&#9;at org.codecover.juniteclipse.runner.EclipseTestRunner.main(EclipseTestRunner.java:40)" Date="1589513504936" Name="DrawTest:testDraw">
<CovList/>
<AssgnmntList/>
<ObjMetaDataList/>
<MetaDataList/>
</TestCase>
<TestCase Comment="Failure&#10;java.lang.AssertionError: Not yet implemented&#13;&#10;&#9;at org.junit.Assert.fail(Assert.java:88)&#13;&#10;&#9;at DrawTest.testInit(DrawTest.java:38)&#13;&#10;&#9;at sun.reflect.NativeMethodAccessorImpl.invoke0(Native Method)&#13;&#10;&#9;at sun.reflect.NativeMethodAccessorImpl.invoke(Unknown Source)&#13;&#10;&#9;at sun.reflect.DelegatingMethodAccessorImpl.invoke(Unknown Source)&#13;&#10;&#9;at java.lang.reflect.Method.invoke(Unknown Source)&#13;&#10;&#9;at org.junit.runners.model.FrameworkMethod$1.runReflectiveCall(FrameworkMethod.java:47)&#13;&#10;&#9;at org.junit.internal.runners.model.ReflectiveCallable.run(ReflectiveCallable.java:12)&#13;&#10;&#9;at org.junit.runners.model.FrameworkMethod.invokeExplosively(FrameworkMethod.java:44)&#13;&#10;&#9;at org.junit.internal.runners.statements.InvokeMethod.evaluate(InvokeMethod.java:17)&#13;&#10;&#9;at org.junit.runners.ParentRunner.runLeaf(ParentRunner.java:271)&#13;&#10;&#9;at org.junit.runners.BlockJUnit4ClassRunner.runChild(BlockJUnit4ClassRunner.java:70)&#13;&#10;&#9;at org.junit.runners.BlockJUnit4ClassRunner.runChild(BlockJUnit4ClassRunner.java:50)&#13;&#10;&#9;at org.junit.runners.ParentRunner$3.run(ParentRunner.java:238)&#13;&#10;&#9;at org.junit.runners.ParentRunner$1.schedule(ParentRunner.java:63)&#13;&#10;&#9;at org.junit.runners.ParentRunner.runChildren(ParentRunner.java:236)&#13;&#10;&#9;at org.junit.runners.ParentRunner.access$000(ParentRunner.java:53)&#13;&#10;&#9;at org.junit.runners.ParentRunner$2.evaluate(ParentRunner.java:229)&#13;&#10;&#9;at org.junit.runners.ParentRunner.run(ParentRunner.java:309)&#13;&#10;&#9;at org.eclipse.jdt.internal.junit4.runner.JUnit4TestReference.run(JUnit4TestReference.java:50)&#13;&#10;&#9;at org.eclipse.jdt.internal.junit.runner.TestExecution.run(TestExecution.java:38)&#13;&#10;&#9;at org.eclipse.jdt.internal.junit.runner.RemoteTestRunner.runTests(RemoteTestRunner.java:467)&#13;&#10;&#9;at org.eclipse.jdt.internal.junit.runner.RemoteTestRunner.runTests(RemoteTestRunner.java:683)&#13;&#10;&#9;at org.eclipse.jdt.internal.junit.runner.RemoteTestRunner.run(RemoteTestRunner.java:390)&#13;&#10;&#9;at org.codecover.juniteclipse.runner.EclipseTestRunner.main(EclipseTestRunner.java:40)" Date="1589513505020" Name="DrawTest:testInit">
<CovList/>
<AssgnmntList/>
<ObjMetaDataList/>
<MetaDataList/>
</TestCase>
<TestCase Comment="Failure&#10;java.lang.AssertionError: Not yet implemented&#13;&#10;&#9;at org.junit.Assert.fail(Assert.java:88)&#13;&#10;&#9;at DrawTest.testLine(DrawTest.java:221)&#13;&#10;&#9;at sun.reflect.NativeMethodAccessorImpl.invoke0(Native Method)&#13;&#10;&#9;at sun.reflect.NativeMethodAccessorImpl.invoke(Unknown Source)&#13;&#10;&#9;at sun.reflect.DelegatingMethodAccessorImpl.invoke(Unknown Source)&#13;&#10;&#9;at java.lang.reflect.Method.invoke(Unknown Source)&#13;&#10;&#9;at org.junit.runners.model.FrameworkMethod$1.runReflectiveCall(FrameworkMethod.java:47)&#13;&#10;&#9;at org.junit.internal.runners.model.ReflectiveCallable.run(ReflectiveCallable.java:12)&#13;&#10;&#9;at org.junit.runners.model.FrameworkMethod.invokeExplosively(FrameworkMethod.java:44)&#13;&#10;&#9;at org.junit.internal.runners.statements.InvokeMethod.evaluate(InvokeMethod.java:17)&#13;&#10;&#9;at org.junit.runners.ParentRunner.runLeaf(ParentRunner.java:271)&#13;&#10;&#9;at org.junit.runners.BlockJUnit4ClassRunner.runChild(BlockJUnit4ClassRunner.java:70)&#13;&#10;&#9;at org.junit.runners.BlockJUnit4ClassRunner.runChild(BlockJUnit4ClassRunner.java:50)&#13;&#10;&#9;at org.junit.runners.ParentRunner$3.run(ParentRunner.java:238)&#13;&#10;&#9;at org.junit.runners.ParentRunner$1.schedule(ParentRunner.java:63)&#13;&#10;&#9;at org.junit.runners.ParentRunner.runChildren(ParentRunner.java:236)&#13;&#10;&#9;at org.junit.runners.ParentRunner.access$000(ParentRunner.java:53)&#13;&#10;&#9;at org.junit.runners.ParentRunner$2.evaluate(ParentRunner.java:229)&#13;&#10;&#9;at org.junit.runners.ParentRunner.run(ParentRunner.java:309)&#13;&#10;&#9;at org.eclipse.jdt.internal.junit4.runner.JUnit4TestReference.run(JUnit4TestReference.java:50)&#13;&#10;&#9;at org.eclipse.jdt.internal.junit.runner.TestExecution.run(TestExecution.java:38)&#13;&#10;&#9;at org.eclipse.jdt.internal.junit.runner.RemoteTestRunner.runTests(RemoteTestRunner.java:467)&#13;&#10;&#9;at org.eclipse.jdt.internal.junit.runner.RemoteTestRunner.runTests(RemoteTestRunner.java:683)&#13;&#10;&#9;at org.eclipse.jdt.internal.junit.runner.RemoteTestRunner.run(RemoteTestRunner.java:390)&#13;&#10;&#9;at org.codecover.juniteclipse.runner.EclipseTestRunner.main(EclipseTestRunner.java:40)" Date="1589513505094" Name="DrawTest:testLine">
<CovList/>
<AssgnmntList/>
<ObjMetaDataList/>
<MetaDataList/>
</TestCase>
<TestCase Comment="Failure&#10;java.lang.AssertionError: Not yet implemented&#13;&#10;&#9;at org.junit.Assert.fail(Assert.java:88)&#13;&#10;&#9;at DrawTest.testMain(DrawTest.java:466)&#13;&#10;&#9;at sun.reflect.NativeMethodAccessorImpl.invoke0(Native Method)&#13;&#10;&#9;at sun.reflect.NativeMethodAccessorImpl.invoke(Unknown Source)&#13;&#10;&#9;at sun.reflect.DelegatingMethodAccessorImpl.invoke(Unknown Source)&#13;&#10;&#9;at java.lang.reflect.Method.invoke(Unknown Source)&#13;&#10;&#9;at org.junit.runners.model.FrameworkMethod$1.runReflectiveCall(FrameworkMethod.java:47)&#13;&#10;&#9;at org.junit.internal.runners.model.ReflectiveCallable.run(ReflectiveCallable.java:12)&#13;&#10;&#9;at org.junit.runners.model.FrameworkMethod.invokeExplosively(FrameworkMethod.java:44)&#13;&#10;&#9;at org.junit.internal.runners.statements.InvokeMethod.evaluate(InvokeMethod.java:17)&#13;&#10;&#9;at org.junit.runners.ParentRunner.runLeaf(ParentRunner.java:271)&#13;&#10;&#9;at org.junit.runners.BlockJUnit4ClassRunner.runChild(BlockJUnit4ClassRunner.java:70)&#13;&#10;&#9;at org.junit.runners.BlockJUnit4ClassRunner.runChild(BlockJUnit4ClassRunner.java:50)&#13;&#10;&#9;at org.junit.runners.ParentRunner$3.run(ParentRunner.java:238)&#13;&#10;&#9;at org.junit.runners.ParentRunner$1.schedule(ParentRunner.java:63)&#13;&#10;&#9;at org.junit.runners.ParentRunner.runChildren(ParentRunner.java:236)&#13;&#10;&#9;at org.junit.runners.ParentRunner.access$000(ParentRunner.java:53)&#13;&#10;&#9;at org.junit.runners.ParentRunner$2.evaluate(ParentRunner.java:229)&#13;&#10;&#9;at org.junit.runners.ParentRunner.run(ParentRunner.java:309)&#13;&#10;&#9;at org.eclipse.jdt.internal.junit4.runner.JUnit4TestReference.run(JUnit4TestReference.java:50)&#13;&#10;&#9;at org.eclipse.jdt.internal.junit.runner.TestExecution.run(TestExecution.java:38)&#13;&#10;&#9;at org.eclipse.jdt.internal.junit.runner.RemoteTestRunner.runTests(RemoteTestRunner.java:467)&#13;&#10;&#9;at org.eclipse.jdt.internal.junit.runner.RemoteTestRunner.runTests(RemoteTestRunner.java:683)&#13;&#10;&#9;at org.eclipse.jdt.internal.junit.runner.RemoteTestRunner.run(RemoteTestRunner.java:390)&#13;&#10;&#9;at org.codecover.juniteclipse.runner.EclipseTestRunner.main(EclipseTestRunner.java:40)" Date="1589513505181" Name="DrawTest:testMain">
<CovList/>
<AssgnmntList/>
<ObjMetaDataList/>
<MetaDataList/>
</TestCase>
<TestCase Comment="Failure&#10;java.lang.AssertionError: Not yet implemented&#13;&#10;&#9;at org.junit.Assert.fail(Assert.java:88)&#13;&#10;&#9;at DrawTest.testSave(DrawTest.java:366)&#13;&#10;&#9;at sun.reflect.NativeMethodAccessorImpl.invoke0(Native Method)&#13;&#10;&#9;at sun.reflect.NativeMethodAccessorImpl.invoke(Unknown Source)&#13;&#10;&#9;at sun.reflect.DelegatingMethodAccessorImpl.invoke(Unknown Source)&#13;&#10;&#9;at java.lang.reflect.Method.invoke(Unknown Source)&#13;&#10;&#9;at org.junit.runners.model.FrameworkMethod$1.runReflectiveCall(FrameworkMethod.java:47)&#13;&#10;&#9;at org.junit.internal.runners.model.ReflectiveCallable.run(ReflectiveCallable.java:12)&#13;&#10;&#9;at org.junit.runners.model.FrameworkMethod.invokeExplosively(FrameworkMethod.java:44)&#13;&#10;&#9;at org.junit.internal.runners.statements.InvokeMethod.evaluate(InvokeMethod.java:17)&#13;&#10;&#9;at org.junit.runners.ParentRunner.runLeaf(ParentRunner.java:271)&#13;&#10;&#9;at org.junit.runners.BlockJUnit4ClassRunner.runChild(BlockJUnit4ClassRunner.java:70)&#13;&#10;&#9;at org.junit.runners.BlockJUnit4ClassRunner.runChild(BlockJUnit4ClassRunner.java:50)&#13;&#10;&#9;at org.junit.runners.ParentRunner$3.run(ParentRunner.java:238)&#13;&#10;&#9;at org.junit.runners.ParentRunner$1.schedule(ParentRunner.java:63)&#13;&#10;&#9;at org.junit.runners.ParentRunner.runChildren(ParentRunner.java:236)&#13;&#10;&#9;at org.junit.runners.ParentRunner.access$000(ParentRunner.java:53)&#13;&#10;&#9;at org.junit.runners.ParentRunner$2.evaluate(ParentRunner.java:229)&#13;&#10;&#9;at org.junit.runners.ParentRunner.run(ParentRunner.java:309)&#13;&#10;&#9;at org.eclipse.jdt.internal.junit4.runner.JUnit4TestReference.run(JUnit4TestReference.java:50)&#13;&#10;&#9;at org.eclipse.jdt.internal.junit.runner.TestExecution.run(TestExecution.java:38)&#13;&#10;&#9;at org.eclipse.jdt.internal.junit.runner.RemoteTestRunner.runTests(RemoteTestRunner.java:467)&#13;&#10;&#9;at org.eclipse.jdt.internal.junit.runner.RemoteTestRunner.runTests(RemoteTestRunner.java:683)&#13;&#10;&#9;at org.eclipse.jdt.internal.junit.runner.RemoteTestRunner.run(RemoteTestRunner.java:390)&#13;&#10;&#9;at org.codecover.juniteclipse.runner.EclipseTestRunner.main(EclipseTestRunner.java:40)" Date="1589513505263" Name="DrawTest:testSave">
<CovList/>
<AssgnmntList/>
<ObjMetaDataList/>
<MetaDataList/>
</TestCase>
<TestCase Comment="Failure&#10;java.lang.AssertionError: Not yet implemented&#13;&#10;&#9;at org.junit.Assert.fail(Assert.java:88)&#13;&#10;&#9;at DrawTest.testShow(DrawTest.java:346)&#13;&#10;&#9;at sun.reflect.NativeMethodAccessorImpl.invoke0(Native Method)&#13;&#10;&#9;at sun.reflect.NativeMethodAccessorImpl.invoke(Unknown Source)&#13;&#10;&#9;at sun.reflect.DelegatingMethodAccessorImpl.invoke(Unknown Source)&#13;&#10;&#9;at java.lang.reflect.Method.invoke(Unknown Source)&#13;&#10;&#9;at org.junit.runners.model.FrameworkMethod$1.runReflectiveCall(FrameworkMethod.java:47)&#13;&#10;&#9;at org.junit.internal.runners.model.ReflectiveCallable.run(ReflectiveCallable.java:12)&#13;&#10;&#9;at org.junit.runners.model.FrameworkMethod.invokeExplosively(FrameworkMethod.java:44)&#13;&#10;&#9;at org.junit.internal.runners.statements.InvokeMethod.evaluate(InvokeMethod.java:17)&#13;&#10;&#9;at org.junit.runners.ParentRunner.runLeaf(ParentRunner.java:271)&#13;&#10;&#9;at org.junit.runners.BlockJUnit4ClassRunner.runChild(BlockJUnit4ClassRunner.java:70)&#13;&#10;&#9;at org.junit.runners.BlockJUnit4ClassRunner.runChild(BlockJUnit4ClassRunner.java:50)&#13;&#10;&#9;at org.junit.runners.ParentRunner$3.run(ParentRunner.java:238)&#13;&#10;&#9;at org.junit.runners.ParentRunner$1.schedule(ParentRunner.java:63)&#13;&#10;&#9;at org.junit.runners.ParentRunner.runChildren(ParentRunner.java:236)&#13;&#10;&#9;at org.junit.runners.ParentRunner.access$000(ParentRunner.java:53)&#13;&#10;&#9;at org.junit.runners.ParentRunner$2.evaluate(ParentRunner.java:229)&#13;&#10;&#9;at org.junit.runners.ParentRunner.run(ParentRunner.java:309)&#13;&#10;&#9;at org.eclipse.jdt.internal.junit4.runner.JUnit4TestReference.run(JUnit4TestReference.java:50)&#13;&#10;&#9;at org.eclipse.jdt.internal.junit.runner.TestExecution.run(TestExecution.java:38)&#13;&#10;&#9;at org.eclipse.jdt.internal.junit.runner.RemoteTestRunner.runTests(RemoteTestRunner.java:467)&#13;&#10;&#9;at org.eclipse.jdt.internal.junit.runner.RemoteTestRunner.runTests(RemoteTestRunner.java:683)&#13;&#10;&#9;at org.eclipse.jdt.internal.junit.runner.RemoteTestRunner.run(RemoteTestRunner.java:390)&#13;&#10;&#9;at org.codecover.juniteclipse.runner.EclipseTestRunner.main(EclipseTestRunner.java:40)" Date="1589513505342" Name="DrawTest:testShow">
<CovList/>
<AssgnmntList/>
<ObjMetaDataList/>
<MetaDataList/>
</TestCase>
<TestCase Comment="Failure&#10;java.lang.AssertionError: Not yet implemented&#13;&#10;&#9;at org.junit.Assert.fail(Assert.java:88)&#13;&#10;&#9;at DrawTest.testSetPenRadius(DrawTest.java:161)&#13;&#10;&#9;at sun.reflect.NativeMethodAccessorImpl.invoke0(Native Method)&#13;&#10;&#9;at sun.reflect.NativeMethodAccessorImpl.invoke(Unknown Source)&#13;&#10;&#9;at sun.reflect.DelegatingMethodAccessorImpl.invoke(Unknown Source)&#13;&#10;&#9;at java.lang.reflect.Method.invoke(Unknown Source)&#13;&#10;&#9;at org.junit.runners.model.FrameworkMethod$1.runReflectiveCall(FrameworkMethod.java:47)&#13;&#10;&#9;at org.junit.internal.runners.model.ReflectiveCallable.run(ReflectiveCallable.java:12)&#13;&#10;&#9;at org.junit.runners.model.FrameworkMethod.invokeExplosively(FrameworkMethod.java:44)&#13;&#10;&#9;at org.junit.internal.runners.statements.InvokeMethod.evaluate(InvokeMethod.java:17)&#13;&#10;&#9;at org.junit.runners.ParentRunner.runLeaf(ParentRunner.java:271)&#13;&#10;&#9;at org.junit.runners.BlockJUnit4ClassRunner.runChild(BlockJUnit4ClassRunner.java:70)&#13;&#10;&#9;at org.junit.runners.BlockJUnit4ClassRunner.runChild(BlockJUnit4ClassRunner.java:50)&#13;&#10;&#9;at org.junit.runners.ParentRunner$3.run(ParentRunner.java:238)&#13;&#10;&#9;at org.junit.runners.ParentRunner$1.schedule(ParentRunner.java:63)&#13;&#10;&#9;at org.junit.runners.ParentRunner.runChildren(ParentRunner.java:236)&#13;&#10;&#9;at org.junit.runners.ParentRunner.access$000(ParentRunner.java:53)&#13;&#10;&#9;at org.junit.runners.ParentRunner$2.evaluate(ParentRunner.java:229)&#13;&#10;&#9;at org.junit.runners.ParentRunner.run(ParentRunner.java:309)&#13;&#10;&#9;at org.eclipse.jdt.internal.junit4.runner.JUnit4TestReference.run(JUnit4TestReference.java:50)&#13;&#10;&#9;at org.eclipse.jdt.internal.junit.runner.TestExecution.run(TestExecution.java:38)&#13;&#10;&#9;at org.eclipse.jdt.internal.junit.runner.RemoteTestRunner.runTests(RemoteTestRunner.java:467)&#13;&#10;&#9;at org.eclipse.jdt.internal.junit.runner.RemoteTestRunner.runTests(RemoteTestRunner.java:683)&#13;&#10;&#9;at org.eclipse.jdt.internal.junit.runner.RemoteTestRunner.run(RemoteTestRunner.java:390)&#13;&#10;&#9;at org.codecover.juniteclipse.runner.EclipseTestRunner.main(EclipseTestRunner.java:40)" Date="1589513505418" Name="DrawTest:testSetPenRadius">
<CovList/>
<AssgnmntList/>
<ObjMetaDataList/>
<MetaDataList/>
</TestCase>
<TestCase Comment="Failure&#10;java.lang.AssertionError: Not yet implemented&#13;&#10;&#9;at org.junit.Assert.fail(Assert.java:88)&#13;&#10;&#9;at DrawTest.testIsKeyPressed(DrawTest.java:446)&#13;&#10;&#9;at sun.reflect.NativeMethodAccessorImpl.invoke0(Native Method)&#13;&#10;&#9;at sun.reflect.NativeMethodAccessorImpl.invoke(Unknown Source)&#13;&#10;&#9;at sun.reflect.DelegatingMethodAccessorImpl.invoke(Unknown Source)&#13;&#10;&#9;at java.lang.reflect.Method.invoke(Unknown Source)&#13;&#10;&#9;at org.junit.runners.model.FrameworkMethod$1.runReflectiveCall(FrameworkMethod.java:47)&#13;&#10;&#9;at org.junit.internal.runners.model.ReflectiveCallable.run(ReflectiveCallable.java:12)&#13;&#10;&#9;at org.junit.runners.model.FrameworkMethod.invokeExplosively(FrameworkMethod.java:44)&#13;&#10;&#9;at org.junit.internal.runners.statements.InvokeMethod.evaluate(InvokeMethod.java:17)&#13;&#10;&#9;at org.junit.runners.ParentRunner.runLeaf(ParentRunner.java:271)&#13;&#10;&#9;at org.junit.runners.BlockJUnit4ClassRunner.runChild(BlockJUnit4ClassRunner.java:70)&#13;&#10;&#9;at org.junit.runners.BlockJUnit4ClassRunner.runChild(BlockJUnit4ClassRunner.java:50)&#13;&#10;&#9;at org.junit.runners.ParentRunner$3.run(ParentRunner.java:238)&#13;&#10;&#9;at org.junit.runners.ParentRunner$1.schedule(ParentRunner.java:63)&#13;&#10;&#9;at org.junit.runners.ParentRunner.runChildren(ParentRunner.java:236)&#13;&#10;&#9;at org.junit.runners.ParentRunner.access$000(ParentRunner.java:53)&#13;&#10;&#9;at org.junit.runners.ParentRunner$2.evaluate(ParentRunner.java:229)&#13;&#10;&#9;at org.junit.runners.ParentRunner.run(ParentRunner.java:309)&#13;&#10;&#9;at org.eclipse.jdt.internal.junit4.runner.JUnit4TestReference.run(JUnit4TestReference.java:50)&#13;&#10;&#9;at org.eclipse.jdt.internal.junit.runner.TestExecution.run(TestExecution.java:38)&#13;&#10;&#9;at org.eclipse.jdt.internal.junit.runner.RemoteTestRunner.runTests(RemoteTestRunner.java:467)&#13;&#10;&#9;at org.eclipse.jdt.internal.junit.runner.RemoteTestRunner.runTests(RemoteTestRunner.java:683)&#13;&#10;&#9;at org.eclipse.jdt.internal.junit.runner.RemoteTestRunner.run(RemoteTestRunner.java:390)&#13;&#10;&#9;at org.codecover.juniteclipse.runner.EclipseTestRunner.main(EclipseTestRunner.java:40)" Date="1589513505477" Name="DrawTest:testIsKeyPressed">
<CovList/>
<AssgnmntList/>
<ObjMetaDataList/>
<MetaDataList/>
</TestCase>
<TestCase Comment="Failure&#10;java.lang.AssertionError: Not yet implemented&#13;&#10;&#9;at org.junit.Assert.fail(Assert.java:88)&#13;&#10;&#9;at DrawTest.testDrawString(DrawTest.java:28)&#13;&#10;&#9;at sun.reflect.NativeMethodAccessorImpl.invoke0(Native Method)&#13;&#10;&#9;at sun.reflect.NativeMethodAccessorImpl.invoke(Unknown Source)&#13;&#10;&#9;at sun.reflect.DelegatingMethodAccessorImpl.invoke(Unknown Source)&#13;&#10;&#9;at java.lang.reflect.Method.invoke(Unknown Source)&#13;&#10;&#9;at org.junit.runners.model.FrameworkMethod$1.runReflectiveCall(FrameworkMethod.java:47)&#13;&#10;&#9;at org.junit.internal.runners.model.ReflectiveCallable.run(ReflectiveCallable.java:12)&#13;&#10;&#9;at org.junit.runners.model.FrameworkMethod.invokeExplosively(FrameworkMethod.java:44)&#13;&#10;&#9;at org.junit.internal.runners.statements.InvokeMethod.evaluate(InvokeMethod.java:17)&#13;&#10;&#9;at org.junit.runners.ParentRunner.runLeaf(ParentRunner.java:271)&#13;&#10;&#9;at org.junit.runners.BlockJUnit4ClassRunner.runChild(BlockJUnit4ClassRunner.java:70)&#13;&#10;&#9;at org.junit.runners.BlockJUnit4ClassRunner.runChild(BlockJUnit4ClassRunner.java:50)&#13;&#10;&#9;at org.junit.runners.ParentRunner$3.run(ParentRunner.java:238)&#13;&#10;&#9;at org.junit.runners.ParentRunner$1.schedule(ParentRunner.java:63)&#13;&#10;&#9;at org.junit.runners.ParentRunner.runChildren(ParentRunner.java:236)&#13;&#10;&#9;at org.junit.runners.ParentRunner.access$000(ParentRunner.java:53)&#13;&#10;&#9;at org.junit.runners.ParentRunner$2.evaluate(ParentRunner.java:229)&#13;&#10;&#9;at org.junit.runners.ParentRunner.run(ParentRunner.java:309)&#13;&#10;&#9;at org.eclipse.jdt.internal.junit4.runner.JUnit4TestReference.run(JUnit4TestReference.java:50)&#13;&#10;&#9;at org.eclipse.jdt.internal.junit.runner.TestExecution.run(TestExecution.java:38)&#13;&#10;&#9;at org.eclipse.jdt.internal.junit.runner.RemoteTestRunner.runTests(RemoteTestRunner.java:467)&#13;&#10;&#9;at org.eclipse.jdt.internal.junit.runner.RemoteTestRunner.runTests(RemoteTestRunner.java:683)&#13;&#10;&#9;at org.eclipse.jdt.internal.junit.runner.RemoteTestRunner.run(RemoteTestRunner.java:390)&#13;&#10;&#9;at org.codecover.juniteclipse.runner.EclipseTestRunner.main(EclipseTestRunner.java:40)" Date="1589513505579" Name="DrawTest:testDrawString">
<CovList/>
<AssgnmntList/>
<ObjMetaDataList/>
<MetaDataList/>
</TestCase>
<TestCase Comment="Failure&#10;java.lang.AssertionError: Not yet implemented&#13;&#10;&#9;at org.junit.Assert.fail(Assert.java:88)&#13;&#10;&#9;at DrawTest.testPolygon(DrawTest.java:281)&#13;&#10;&#9;at sun.reflect.NativeMethodAccessorImpl.invoke0(Native Method)&#13;&#10;&#9;at sun.reflect.NativeMethodAccessorImpl.invoke(Unknown Source)&#13;&#10;&#9;at sun.reflect.DelegatingMethodAccessorImpl.invoke(Unknown Source)&#13;&#10;&#9;at java.lang.reflect.Method.invoke(Unknown Source)&#13;&#10;&#9;at org.junit.runners.model.FrameworkMethod$1.runReflectiveCall(FrameworkMethod.java:47)&#13;&#10;&#9;at org.junit.internal.runners.model.ReflectiveCallable.run(ReflectiveCallable.java:12)&#13;&#10;&#9;at org.junit.runners.model.FrameworkMethod.invokeExplosively(FrameworkMethod.java:44)&#13;&#10;&#9;at org.junit.internal.runners.statements.InvokeMethod.evaluate(InvokeMethod.java:17)&#13;&#10;&#9;at org.junit.runners.ParentRunner.runLeaf(ParentRunner.java:271)&#13;&#10;&#9;at org.junit.runners.BlockJUnit4ClassRunner.runChild(BlockJUnit4ClassRunner.java:70)&#13;&#10;&#9;at org.junit.runners.BlockJUnit4ClassRunner.runChild(BlockJUnit4ClassRunner.java:50)&#13;&#10;&#9;at org.junit.runners.ParentRunner$3.run(ParentRunner.java:238)&#13;&#10;&#9;at org.junit.runners.ParentRunner$1.schedule(ParentRunner.java:63)&#13;&#10;&#9;at org.junit.runners.ParentRunner.runChildren(ParentRunner.java:236)&#13;&#10;&#9;at org.junit.runners.ParentRunner.access$000(ParentRunner.java:53)&#13;&#10;&#9;at org.junit.runners.ParentRunner$2.evaluate(ParentRunner.java:229)&#13;&#10;&#9;at org.junit.runners.ParentRunner.run(ParentRunner.java:309)&#13;&#10;&#9;at org.eclipse.jdt.internal.junit4.runner.JUnit4TestReference.run(JUnit4TestReference.java:50)&#13;&#10;&#9;at org.eclipse.jdt.internal.junit.runner.TestExecution.run(TestExecution.java:38)&#13;&#10;&#9;at org.eclipse.jdt.internal.junit.runner.RemoteTestRunner.runTests(RemoteTestRunner.java:467)&#13;&#10;&#9;at org.eclipse.jdt.internal.junit.runner.RemoteTestRunner.runTests(RemoteTestRunner.java:683)&#13;&#10;&#9;at org.eclipse.jdt.internal.junit.runner.RemoteTestRunner.run(RemoteTestRunner.java:390)&#13;&#10;&#9;at org.codecover.juniteclipse.runner.EclipseTestRunner.main(EclipseTestRunner.java:40)" Date="1589513505659" Name="DrawTest:testPolygon">
<CovList/>
<AssgnmntList/>
<ObjMetaDataList/>
<MetaDataList/>
</TestCase>
<TestCase Comment="Error&#10;java.lang.Exception: Unexpected exception, expected&lt;java.lang.IllegalArgumentException&gt; but was&lt;java.lang.ArithmeticException&gt;&#13;&#10;&#9;at org.junit.internal.runners.statements.ExpectException.evaluate(ExpectException.java:28)&#13;&#10;&#9;at org.junit.runners.ParentRunner.runLeaf(ParentRunner.java:271)&#13;&#10;&#9;at org.junit.runners.BlockJUnit4ClassRunner.runChild(BlockJUnit4ClassRunner.java:70)&#13;&#10;&#9;at org.junit.runners.BlockJUnit4ClassRunner.runChild(BlockJUnit4ClassRunner.java:50)&#13;&#10;&#9;at org.junit.runners.ParentRunner$3.run(ParentRunner.java:238)&#13;&#10;&#9;at org.junit.runners.ParentRunner$1.schedule(ParentRunner.java:63)&#13;&#10;&#9;at org.junit.runners.ParentRunner.runChildren(ParentRunner.java:236)&#13;&#10;&#9;at org.junit.runners.ParentRunner.access$000(ParentRunner.java:53)&#13;&#10;&#9;at org.junit.runners.ParentRunner$2.evaluate(ParentRunner.java:229)&#13;&#10;&#9;at org.junit.runners.ParentRunner.run(ParentRunner.java:309)&#13;&#10;&#9;at org.eclipse.jdt.internal.junit4.runner.JUnit4TestReference.run(JUnit4TestReference.java:50)&#13;&#10;&#9;at org.eclipse.jdt.internal.junit.runner.TestExecution.run(TestExecution.java:38)&#13;&#10;&#9;at org.eclipse.jdt.internal.junit.runner.RemoteTestRunner.runTests(RemoteTestRunner.java:467)&#13;&#10;&#9;at org.eclipse.jdt.internal.junit.runner.RemoteTestRunner.runTests(RemoteTestRunner.java:683)&#13;&#10;&#9;at org.eclipse.jdt.internal.junit.runner.RemoteTestRunner.run(RemoteTestRunner.java:390)&#13;&#10;&#9;at org.codecover.juniteclipse.runner.EclipseTestRunner.main(EclipseTestRunner.java:40)&#13;&#10;Caused by: java.lang.ArithmeticException: / by zero&#13;&#10;&#9;at DrawTest.testValidate(DrawTest.java:67)&#13;&#10;&#9;at sun.reflect.NativeMethodAccessorImpl.invoke0(Native Method)&#13;&#10;&#9;at sun.reflect.NativeMethodAccessorImpl.invoke(Unknown Source)&#13;&#10;&#9;at sun.reflect.DelegatingMethodAccessorImpl.invoke(Unknown Source)&#13;&#10;&#9;at java.lang.reflect.Method.invoke(Unknown Source)&#13;&#10;&#9;at org.junit.runners.model.FrameworkMethod$1.runReflectiveCall(FrameworkMethod.java:47)&#13;&#10;&#9;at org.junit.internal.runners.model.ReflectiveCallable.run(ReflectiveCallable.java:12)&#13;&#10;&#9;at org.junit.runners.model.FrameworkMethod.invokeExplosively(FrameworkMethod.java:44)&#13;&#10;&#9;at org.junit.internal.runners.statements.InvokeMethod.evaluate(InvokeMethod.java:17)&#13;&#10;&#9;at org.junit.internal.runners.statements.ExpectException.evaluate(ExpectException.java:19)&#13;&#10;&#9;... 15 more" Date="1589513505761" Name="DrawTest:testValidate">
<CovList/>
<AssgnmntList/>
<ObjMetaDataList/>
<MetaDataList/>
</TestCase>
<TestCase Comment="Failure&#10;java.lang.AssertionError: Not yet implemented&#13;&#10;&#9;at org.junit.Assert.fail(Assert.java:88)&#13;&#10;&#9;at DrawTest.testKeyPressed(DrawTest.java:456)&#13;&#10;&#9;at sun.reflect.NativeMethodAccessorImpl.invoke0(Native Method)&#13;&#10;&#9;at sun.reflect.NativeMethodAccessorImpl.invoke(Unknown Source)&#13;&#10;&#9;at sun.reflect.DelegatingMethodAccessorImpl.invoke(Unknown Source)&#13;&#10;&#9;at java.lang.reflect.Method.invoke(Unknown Source)&#13;&#10;&#9;at org.junit.runners.model.FrameworkMethod$1.runReflectiveCall(FrameworkMethod.java:47)&#13;&#10;&#9;at org.junit.internal.runners.model.ReflectiveCallable.run(ReflectiveCallable.java:12)&#13;&#10;&#9;at org.junit.runners.model.FrameworkMethod.invokeExplosively(FrameworkMethod.java:44)&#13;&#10;&#9;at org.junit.internal.runners.statements.InvokeMethod.evaluate(InvokeMethod.java:17)&#13;&#10;&#9;at org.junit.runners.ParentRunner.runLeaf(ParentRunner.java:271)&#13;&#10;&#9;at org.junit.runners.BlockJUnit4ClassRunner.runChild(BlockJUnit4ClassRunner.java:70)&#13;&#10;&#9;at org.junit.runners.BlockJUnit4ClassRunner.runChild(BlockJUnit4ClassRunner.java:50)&#13;&#10;&#9;at org.junit.runners.ParentRunner$3.run(ParentRunner.java:238)&#13;&#10;&#9;at org.junit.runners.ParentRunner$1.schedule(ParentRunner.java:63)&#13;&#10;&#9;at org.junit.runners.ParentRunner.runChildren(ParentRunner.java:236)&#13;&#10;&#9;at org.junit.runners.ParentRunner.access$000(ParentRunner.java:53)&#13;&#10;&#9;at org.junit.runners.ParentRunner$2.evaluate(ParentRunner.java:229)&#13;&#10;&#9;at org.junit.runners.ParentRunner.run(ParentRunner.java:309)&#13;&#10;&#9;at org.eclipse.jdt.internal.junit4.runner.JUnit4TestReference.run(JUnit4TestReference.java:50)&#13;&#10;&#9;at org.eclipse.jdt.internal.junit.runner.TestExecution.run(TestExecution.java:38)&#13;&#10;&#9;at org.eclipse.jdt.internal.junit.runner.RemoteTestRunner.runTests(RemoteTestRunner.java:467)&#13;&#10;&#9;at org.eclipse.jdt.internal.junit.runner.RemoteTestRunner.runTests(RemoteTestRunner.java:683)&#13;&#10;&#9;at org.eclipse.jdt.internal.junit.runner.RemoteTestRunner.run(RemoteTestRunner.java:390)&#13;&#10;&#9;at org.codecover.juniteclipse.runner.EclipseTestRunner.main(EclipseTestRunner.java:40)" Date="1589513505922" Name="DrawTest:testKeyPressed">
<CovList/>
<AssgnmntList/>
<ObjMetaDataList/>
<MetaDataList/>
</TestCase>
<TestCase Comment="Failure&#10;java.lang.AssertionError: Not yet implemented&#13;&#10;&#9;at org.junit.Assert.fail(Assert.java:88)&#13;&#10;&#9;at DrawTest.testFilledPolygon(DrawTest.java:286)&#13;&#10;&#9;at sun.reflect.NativeMethodAccessorImpl.invoke0(Native Method)&#13;&#10;&#9;at sun.reflect.NativeMethodAccessorImpl.invoke(Unknown Source)&#13;&#10;&#9;at sun.reflect.DelegatingMethodAccessorImpl.invoke(Unknown Source)&#13;&#10;&#9;at java.lang.reflect.Method.invoke(Unknown Source)&#13;&#10;&#9;at org.junit.runners.model.FrameworkMethod$1.runReflectiveCall(FrameworkMethod.java:47)&#13;&#10;&#9;at org.junit.internal.runners.model.ReflectiveCallable.run(ReflectiveCallable.java:12)&#13;&#10;&#9;at org.junit.runners.model.FrameworkMethod.invokeExplosively(FrameworkMethod.java:44)&#13;&#10;&#9;at org.junit.internal.runners.statements.InvokeMethod.evaluate(InvokeMethod.java:17)&#13;&#10;&#9;at org.junit.runners.ParentRunner.runLeaf(ParentRunner.java:271)&#13;&#10;&#9;at org.junit.runners.BlockJUnit4ClassRunner.runChild(BlockJUnit4ClassRunner.java:70)&#13;&#10;&#9;at org.junit.runners.BlockJUnit4ClassRunner.runChild(BlockJUnit4ClassRunner.java:50)&#13;&#10;&#9;at org.junit.runners.ParentRunner$3.run(ParentRunner.java:238)&#13;&#10;&#9;at org.junit.runners.ParentRunner$1.schedule(ParentRunner.java:63)&#13;&#10;&#9;at org.junit.runners.ParentRunner.runChildren(ParentRunner.java:236)&#13;&#10;&#9;at org.junit.runners.ParentRunner.access$000(ParentRunner.java:53)&#13;&#10;&#9;at org.junit.runners.ParentRunner$2.evaluate(ParentRunner.java:229)&#13;&#10;&#9;at org.junit.runners.ParentRunner.run(ParentRunner.java:309)&#13;&#10;&#9;at org.eclipse.jdt.internal.junit4.runner.JUnit4TestReference.run(JUnit4TestReference.java:50)&#13;&#10;&#9;at org.eclipse.jdt.internal.junit.runner.TestExecution.run(TestExecution.java:38)&#13;&#10;&#9;at org.eclipse.jdt.internal.junit.runner.RemoteTestRunner.runTests(RemoteTestRunner.java:467)&#13;&#10;&#9;at org.eclipse.jdt.internal.junit.runner.RemoteTestRunner.runTests(RemoteTestRunner.java:683)&#13;&#10;&#9;at org.eclipse.jdt.internal.junit.runner.RemoteTestRunner.run(RemoteTestRunner.java:390)&#13;&#10;&#9;at org.codecover.juniteclipse.runner.EclipseTestRunner.main(EclipseTestRunner.java:40)" Date="1589513506006" Name="DrawTest:testFilledPolygon">
<CovList/>
<AssgnmntList/>
<ObjMetaDataList/>
<MetaDataList/>
</TestCase>
<TestCase Comment="Failure&#10;java.lang.AssertionError: Not yet implemented&#13;&#10;&#9;at org.junit.Assert.fail(Assert.java:88)&#13;&#10;&#9;at DrawTest.testGetFont(DrawTest.java:206)&#13;&#10;&#9;at sun.reflect.NativeMethodAccessorImpl.invoke0(Native Method)&#13;&#10;&#9;at sun.reflect.NativeMethodAccessorImpl.invoke(Unknown Source)&#13;&#10;&#9;at sun.reflect.DelegatingMethodAccessorImpl.invoke(Unknown Source)&#13;&#10;&#9;at java.lang.reflect.Method.invoke(Unknown Source)&#13;&#10;&#9;at org.junit.runners.model.FrameworkMethod$1.runReflectiveCall(FrameworkMethod.java:47)&#13;&#10;&#9;at org.junit.internal.runners.model.ReflectiveCallable.run(ReflectiveCallable.java:12)&#13;&#10;&#9;at org.junit.runners.model.FrameworkMethod.invokeExplosively(FrameworkMethod.java:44)&#13;&#10;&#9;at org.junit.internal.runners.statements.InvokeMethod.evaluate(InvokeMethod.java:17)&#13;&#10;&#9;at org.junit.runners.ParentRunner.runLeaf(ParentRunner.java:271)&#13;&#10;&#9;at org.junit.runners.BlockJUnit4ClassRunner.runChild(BlockJUnit4ClassRunner.java:70)&#13;&#10;&#9;at org.junit.runners.BlockJUnit4ClassRunner.runChild(BlockJUnit4ClassRunner.java:50)&#13;&#10;&#9;at org.junit.runners.ParentRunner$3.run(ParentRunner.java:238)&#13;&#10;&#9;at org.junit.runners.ParentRunner$1.schedule(ParentRunner.java:63)&#13;&#10;&#9;at org.junit.runners.ParentRunner.runChildren(ParentRunner.java:236)&#13;&#10;&#9;at org.junit.runners.ParentRunner.access$000(ParentRunner.java:53)&#13;&#10;&#9;at org.junit.runners.ParentRunner$2.evaluate(ParentRunner.java:229)&#13;&#10;&#9;at org.junit.runners.ParentRunner.run(ParentRunner.java:309)&#13;&#10;&#9;at org.eclipse.jdt.internal.junit4.runner.JUnit4TestReference.run(JUnit4TestReference.java:50)&#13;&#10;&#9;at org.eclipse.jdt.internal.junit.runner.TestExecution.run(TestExecution.java:38)&#13;&#10;&#9;at org.eclipse.jdt.internal.junit.runner.RemoteTestRunner.runTests(RemoteTestRunner.java:467)&#13;&#10;&#9;at org.eclipse.jdt.internal.junit.runner.RemoteTestRunner.runTests(RemoteTestRunner.java:683)&#13;&#10;&#9;at org.eclipse.jdt.internal.junit.runner.RemoteTestRunner.run(RemoteTestRunner.java:390)&#13;&#10;&#9;at org.codecover.juniteclipse.runner.EclipseTestRunner.main(EclipseTestRunner.java:40)" Date="1589513506084" Name="DrawTest:testGetFont">
<CovList/>
<AssgnmntList/>
<ObjMetaDataList/>
<MetaDataList/>
</TestCase>
<TestCase Comment="Failure&#10;java.lang.AssertionError: Expected exception: java.lang.IllegalArgumentException&#13;&#10;&#9;at org.junit.internal.runners.statements.ExpectException.evaluate(ExpectException.java:32)&#13;&#10;&#9;at org.junit.runners.ParentRunner.runLeaf(ParentRunner.java:271)&#13;&#10;&#9;at org.junit.runners.BlockJUnit4ClassRunner.runChild(BlockJUnit4ClassRunner.java:70)&#13;&#10;&#9;at org.junit.runners.BlockJUnit4ClassRunner.runChild(BlockJUnit4ClassRunner.java:50)&#13;&#10;&#9;at org.junit.runners.ParentRunner$3.run(ParentRunner.java:238)&#13;&#10;&#9;at org.junit.runners.ParentRunner$1.schedule(ParentRunner.java:63)&#13;&#10;&#9;at org.junit.runners.ParentRunner.runChildren(ParentRunner.java:236)&#13;&#10;&#9;at org.junit.runners.ParentRunner.access$000(ParentRunner.java:53)&#13;&#10;&#9;at org.junit.runners.ParentRunner$2.evaluate(ParentRunner.java:229)&#13;&#10;&#9;at org.junit.runners.ParentRunner.run(ParentRunner.java:309)&#13;&#10;&#9;at org.eclipse.jdt.internal.junit4.runner.JUnit4TestReference.run(JUnit4TestReference.java:50)&#13;&#10;&#9;at org.eclipse.jdt.internal.junit.runner.TestExecution.run(TestExecution.java:38)&#13;&#10;&#9;at org.eclipse.jdt.internal.junit.runner.RemoteTestRunner.runTests(RemoteTestRunner.java:467)&#13;&#10;&#9;at org.eclipse.jdt.internal.junit.runner.RemoteTestRunner.runTests(RemoteTestRunner.java:683)&#13;&#10;&#9;at org.eclipse.jdt.internal.junit.runner.RemoteTestRunner.run(RemoteTestRunner.java:390)&#13;&#10;&#9;at org.codecover.juniteclipse.runner.EclipseTestRunner.main(EclipseTestRunner.java:40)" Date="1589513506158" Name="DrawTest:testSetCanvasSize">
<CovList>
<CovPrefix CovItemPrefix="Draw.java">
<Cov CovItemId="B1" Value="1"/>
<Cov CovItemId="B10" Value="5"/>
<Cov CovItemId="B12" Value="1"/>
<Cov CovItemId="B14" Value="3"/>
<Cov CovItemId="B16" Value="1"/>
<Cov CovItemId="B18" Value="1"/>
<Cov CovItemId="B6" Value="1"/>
<Cov CovItemId="B8" Value="5"/>
<Cov CovItemId="B81" Value="1"/>
<Cov CovItemId="S100" Value="3"/>
<Cov CovItemId="S102" Value="1"/>
<Cov CovItemId="S103" Value="1"/>
<Cov CovItemId="S104" Value="1"/>
<Cov CovItemId="S105" Value="1"/>
<Cov CovItemId="S106" Value="1"/>
<Cov CovItemId="S107" Value="1"/>
<Cov CovItemId="S109" Value="1"/>
<Cov CovItemId="S110" Value="1"/>
<Cov CovItemId="S111" Value="1"/>
<Cov CovItemId="S112" Value="1"/>
<Cov CovItemId="S113" Value="1"/>
<Cov CovItemId="S114" Value="1"/>
<Cov CovItemId="S116" Value="1"/>
<Cov CovItemId="S117" Value="1"/>
<Cov CovItemId="S124" Value="1"/>
<Cov CovItemId="S125" Value="1"/>
<Cov CovItemId="S126" Value="1"/>
<Cov CovItemId="S127" Value="1"/>
<Cov CovItemId="S128" Value="1"/>
<Cov CovItemId="S129" Value="1"/>
<Cov CovItemId="S131" Value="1"/>
<Cov CovItemId="S132" Value="1"/>
<Cov CovItemId="S133" Value="1"/>
<Cov CovItemId="S134" Value="1"/>
<Cov CovItemId="S135" Value="1"/>
<Cov CovItemId="S136" Value="1"/>
<Cov CovItemId="S138" Value="1"/>
<Cov CovItemId="S139" Value="1"/>
<Cov CovItemId="S140" Value="1"/>
<Cov CovItemId="S141" Value="1"/>
<Cov CovItemId="S153" Value="1"/>
<Cov CovItemId="S154" Value="1"/>
<Cov CovItemId="S155" Value="1"/>
<Cov CovItemId="S44" Value="1"/>
<Cov CovItemId="S45" Value="1"/>
<Cov CovItemId="S46" Value="1"/>
<Cov CovItemId="S464" Value="1"/>
<Cov CovItemId="S465" Value="1"/>
<Cov CovItemId="S466" Value="1"/>
<Cov CovItemId="S467" Value="1"/>
<Cov CovItemId="S47" Value="1"/>
<Cov CovItemId="S48" Value="1"/>
<Cov CovItemId="S49" Value="1"/>
<Cov CovItemId="S50" Value="1"/>
<Cov CovItemId="S51" Value="1"/>
<Cov CovItemId="S52" Value="1"/>
<Cov CovItemId="S53" Value="1"/>
<Cov CovItemId="S533" Value="1"/>
<Cov CovItemId="S534" Value="1"/>
<Cov CovItemId="S535" Value="1"/>
<Cov CovItemId="S54" Value="1"/>
<Cov CovItemId="S55" Value="1"/>
<Cov CovItemId="S56" Value="1"/>
<Cov CovItemId="S57" Value="1"/>
<Cov CovItemId="S58" Value="1"/>
<Cov CovItemId="S59" Value="1"/>
<Cov CovItemId="S60" Value="1"/>
<Cov CovItemId="S61" Value="1"/>
<Cov CovItemId="S62" Value="1"/>
<Cov CovItemId="S63" Value="1"/>
<Cov CovItemId="S64" Value="1"/>
<Cov CovItemId="S65" Value="1"/>
<Cov CovItemId="S66" Value="1"/>
<Cov CovItemId="S67" Value="1"/>
<Cov CovItemId="S68" Value="1"/>
<Cov CovItemId="S69" Value="1"/>
<Cov CovItemId="S70" Value="1"/>
<Cov CovItemId="S71" Value="1"/>
<Cov CovItemId="S72" Value="1"/>
<Cov CovItemId="S73" Value="1"/>
<Cov CovItemId="S74" Value="1"/>
<Cov CovItemId="S75" Value="1"/>
<Cov CovItemId="S76" Value="1"/>
<Cov CovItemId="S81" Value="1"/>
<Cov CovItemId="S83" Value="1"/>
<Cov CovItemId="S84" Value="1"/>
<Cov CovItemId="S85" Value="1"/>
<Cov CovItemId="S86" Value="1"/>
<Cov CovItemId="S87" Value="1"/>
<Cov CovItemId="S88" Value="1"/>
<Cov CovItemId="S89" Value="1"/>
<Cov CovItemId="S90" Value="1"/>
<Cov CovItemId="S91" Value="1"/>
<Cov CovItemId="S92" Value="1"/>
<Cov CovItemId="S93" Value="1"/>
<Cov CovItemId="S94" Value="5"/>
<Cov CovItemId="S96" Value="5"/>
<Cov CovItemId="S98" Value="1"/>
</CovPrefix>
</CovList>
<AssgnmntList>
<AssgnmntPrefix RootTermCovItemPrefix="Draw.java">
<AssgnmntListEntry Length="1" RootTermCovItemId="C1">
<MapEntry BoolAssgnmnt="1" Value="1"/>
</AssgnmntListEntry>
<AssgnmntListEntry Length="2" RootTermCovItemId="C3">
<MapEntry BoolAssgnmnt="00" Value="1"/>
</AssgnmntListEntry>
<AssgnmntListEntry Length="1" RootTermCovItemId="C4">
<MapEntry BoolAssgnmnt="0" Value="5"/>
</AssgnmntListEntry>
<AssgnmntListEntry Length="1" RootTermCovItemId="C46">
<MapEntry BoolAssgnmnt="0" Value="1"/>
</AssgnmntListEntry>
<AssgnmntListEntry Length="1" RootTermCovItemId="C5">
<MapEntry BoolAssgnmnt="0" Value="5"/>
</AssgnmntListEntry>
<AssgnmntListEntry Length="1" RootTermCovItemId="C6">
<MapEntry BoolAssgnmnt="0" Value="1"/>
</AssgnmntListEntry>
<AssgnmntListEntry Length="1" RootTermCovItemId="C7">
<MapEntry BoolAssgnmnt="0" Value="3"/>
</AssgnmntListEntry>
<AssgnmntListEntry Length="1" RootTermCovItemId="C8">
<MapEntry BoolAssgnmnt="0" Value="1"/>
</AssgnmntListEntry>
<AssgnmntListEntry Length="1" RootTermCovItemId="C9">
<MapEntry BoolAssgnmnt="0" Value="1"/>
</AssgnmntListEntry>
</AssgnmntPrefix>
</AssgnmntList>
<ObjMetaDataList/>
<MetaDataList/>
</TestCase>
<TestCase Comment="Failure&#10;java.lang.AssertionError: Not yet implemented&#13;&#10;&#9;at org.junit.Assert.fail(Assert.java:88)&#13;&#10;&#9;at DrawTest.testMouseClicked(DrawTest.java:421)&#13;&#10;&#9;at sun.reflect.NativeMethodAccessorImpl.invoke0(Native Method)&#13;&#10;&#9;at sun.reflect.NativeMethodAccessorImpl.invoke(Unknown Source)&#13;&#10;&#9;at sun.reflect.DelegatingMethodAccessorImpl.invoke(Unknown Source)&#13;&#10;&#9;at java.lang.reflect.Method.invoke(Unknown Source)&#13;&#10;&#9;at org.junit.runners.model.FrameworkMethod$1.runReflectiveCall(FrameworkMethod.java:47)&#13;&#10;&#9;at org.junit.internal.runners.model.ReflectiveCallable.run(ReflectiveCallable.java:12)&#13;&#10;&#9;at org.junit.runners.model.FrameworkMethod.invokeExplosively(FrameworkMethod.java:44)&#13;&#10;&#9;at org.junit.internal.runners.statements.InvokeMethod.evaluate(InvokeMethod.java:17)&#13;&#10;&#9;at org.junit.runners.ParentRunner.runLeaf(ParentRunner.java:271)&#13;&#10;&#9;at org.junit.runners.BlockJUnit4ClassRunner.runChild(BlockJUnit4ClassRunner.java:70)&#13;&#10;&#9;at org.junit.runners.BlockJUnit4ClassRunner.runChild(BlockJUnit4ClassRunner.java:50)&#13;&#10;&#9;at org.junit.runners.ParentRunner$3.run(ParentRunner.java:238)&#13;&#10;&#9;at org.junit.runners.ParentRunner$1.schedule(ParentRunner.java:63)&#13;&#10;&#9;at org.junit.runners.ParentRunner.runChildren(ParentRunner.java:236)&#13;&#10;&#9;at org.junit.runners.ParentRunner.access$000(ParentRunner.java:53)&#13;&#10;&#9;at org.junit.runners.ParentRunner$2.evaluate(ParentRunner.java:229)&#13;&#10;&#9;at org.junit.runners.ParentRunner.run(ParentRunner.java:309)&#13;&#10;&#9;at org.eclipse.jdt.internal.junit4.runner.JUnit4TestReference.run(JUnit4TestReference.java:50)&#13;&#10;&#9;at org.eclipse.jdt.internal.junit.runner.TestExecution.run(TestExecution.java:38)&#13;&#10;&#9;at org.eclipse.jdt.internal.junit.runner.RemoteTestRunner.runTests(RemoteTestRunner.java:467)&#13;&#10;&#9;at org.eclipse.jdt.internal.junit.runner.RemoteTestRunner.runTests(RemoteTestRunner.java:683)&#13;&#10;&#9;at org.eclipse.jdt.internal.junit.runner.RemoteTestRunner.run(RemoteTestRunner.java:390)&#13;&#10;&#9;at org.codecover.juniteclipse.runner.EclipseTestRunner.main(EclipseTestRunner.java:40)" Date="1589513506290" Name="DrawTest:testMouseClicked">
<CovList/>
<AssgnmntList/>
<ObjMetaDataList/>
<MetaDataList/>
</TestCase>
<TestCase Comment="Failure&#10;java.lang.AssertionError: Not yet implemented&#13;&#10;&#9;at org.junit.Assert.fail(Assert.java:88)&#13;&#10;&#9;at DrawTest.testTextRight(DrawTest.java:331)&#13;&#10;&#9;at sun.reflect.NativeMethodAccessorImpl.invoke0(Native Method)&#13;&#10;&#9;at sun.reflect.NativeMethodAccessorImpl.invoke(Unknown Source)&#13;&#10;&#9;at sun.reflect.DelegatingMethodAccessorImpl.invoke(Unknown Source)&#13;&#10;&#9;at java.lang.reflect.Method.invoke(Unknown Source)&#13;&#10;&#9;at org.junit.runners.model.FrameworkMethod$1.runReflectiveCall(FrameworkMethod.java:47)&#13;&#10;&#9;at org.junit.internal.runners.model.ReflectiveCallable.run(ReflectiveCallable.java:12)&#13;&#10;&#9;at org.junit.runners.model.FrameworkMethod.invokeExplosively(FrameworkMethod.java:44)&#13;&#10;&#9;at org.junit.internal.runners.statements.InvokeMethod.evaluate(InvokeMethod.java:17)&#13;&#10;&#9;at org.junit.runners.ParentRunner.runLeaf(ParentRunner.java:271)&#13;&#10;&#9;at org.junit.runners.BlockJUnit4ClassRunner.runChild(BlockJUnit4ClassRunner.java:70)&#13;&#10;&#9;at org.junit.runners.BlockJUnit4ClassRunner.runChild(BlockJUnit4ClassRunner.java:50)&#13;&#10;&#9;at org.junit.runners.ParentRunner$3.run(ParentRunner.java:238)&#13;&#10;&#9;at org.junit.runners.ParentRunner$1.schedule(ParentRunner.java:63)&#13;&#10;&#9;at org.junit.runners.ParentRunner.runChildren(ParentRunner.java:236)&#13;&#10;&#9;at org.junit.runners.ParentRunner.access$000(ParentRunner.java:53)&#13;&#10;&#9;at org.junit.runners.ParentRunner$2.evaluate(ParentRunner.java:229)&#13;&#10;&#9;at org.junit.runners.ParentRunner.run(ParentRunner.java:309)&#13;&#10;&#9;at org.eclipse.jdt.internal.junit4.runner.JUnit4TestReference.run(JUnit4TestReference.java:50)&#13;&#10;&#9;at org.eclipse.jdt.internal.junit.runner.TestExecution.run(TestExecution.java:38)&#13;&#10;&#9;at org.eclipse.jdt.internal.junit.runner.RemoteTestRunner.runTests(RemoteTestRunner.java:467)&#13;&#10;&#9;at org.eclipse.jdt.internal.junit.runner.RemoteTestRunner.runTests(RemoteTestRunner.java:683)&#13;&#10;&#9;at org.eclipse.jdt.internal.junit.runner.RemoteTestRunner.run(RemoteTestRunner.java:390)&#13;&#10;&#9;at org.codecover.juniteclipse.runner.EclipseTestRunner.main(EclipseTestRunner.java:40)" Date="1589513506385" Name="DrawTest:testTextRight">
<CovList/>
<AssgnmntList/>
<ObjMetaDataList/>
<MetaDataList/>
</TestCase>
<TestCase Comment="Failure&#10;java.lang.AssertionError: Not yet implemented&#13;&#10;&#9;at org.junit.Assert.fail(Assert.java:88)&#13;&#10;&#9;at DrawTest.testIsMousePressed(DrawTest.java:381)&#13;&#10;&#9;at sun.reflect.NativeMethodAccessorImpl.invoke0(Native Method)&#13;&#10;&#9;at sun.reflect.NativeMethodAccessorImpl.invoke(Unknown Source)&#13;&#10;&#9;at sun.reflect.DelegatingMethodAccessorImpl.invoke(Unknown Source)&#13;&#10;&#9;at java.lang.reflect.Method.invoke(Unknown Source)&#13;&#10;&#9;at org.junit.runners.model.FrameworkMethod$1.runReflectiveCall(FrameworkMethod.java:47)&#13;&#10;&#9;at org.junit.internal.runners.model.ReflectiveCallable.run(ReflectiveCallable.java:12)&#13;&#10;&#9;at org.junit.runners.model.FrameworkMethod.invokeExplosively(FrameworkMethod.java:44)&#13;&#10;&#9;at org.junit.internal.runners.statements.InvokeMethod.evaluate(InvokeMethod.java:17)&#13;&#10;&#9;at org.junit.runners.ParentRunner.runLeaf(ParentRunner.java:271)&#13;&#10;&#9;at org.junit.runners.BlockJUnit4ClassRunner.runChild(BlockJUnit4ClassRunner.java:70)&#13;&#10;&#9;at org.junit.runners.BlockJUnit4ClassRunner.runChild(BlockJUnit4ClassRunner.java:50)&#13;&#10;&#9;at org.junit.runners.ParentRunner$3.run(ParentRunner.java:238)&#13;&#10;&#9;at org.junit.runners.ParentRunner$1.schedule(ParentRunner.java:63)&#13;&#10;&#9;at org.junit.runners.ParentRunner.runChildren(ParentRunner.java:236)&#13;&#10;&#9;at org.junit.runners.ParentRunner.access$000(ParentRunner.java:53)&#13;&#10;&#9;at org.junit.runners.ParentRunner$2.evaluate(ParentRunner.java:229)&#13;&#10;&#9;at org.junit.runners.ParentRunner.run(ParentRunner.java:309)&#13;&#10;&#9;at org.eclipse.jdt.internal.junit4.runner.JUnit4TestReference.run(JUnit4TestReference.java:50)&#13;&#10;&#9;at org.eclipse.jdt.internal.junit.runner.TestExecution.run(TestExecution.java:38)&#13;&#10;&#9;at org.eclipse.jdt.internal.junit.runner.RemoteTestRunner.runTests(RemoteTestRunner.java:467)&#13;&#10;&#9;at org.eclipse.jdt.internal.junit.runner.RemoteTestRunner.runTests(RemoteTestRunner.java:683)&#13;&#10;&#9;at org.eclipse.jdt.internal.junit.runner.RemoteTestRunner.run(RemoteTestRunner.java:390)&#13;&#10;&#9;at org.codecover.juniteclipse.runner.EclipseTestRunner.main(EclipseTestRunner.java:40)" Date="1589513506465" Name="DrawTest:testIsMousePressed">
<CovList/>
<AssgnmntList/>
<ObjMetaDataList/>
<MetaDataList/>
</TestCase>
<TestCase Comment="Failure&#10;java.lang.AssertionError: Not yet implemented&#13;&#10;&#9;at org.junit.Assert.fail(Assert.java:88)&#13;&#10;&#9;at DrawTest.testPictureDoubleDoubleStringDoubleDoubleDouble(DrawTest.java:311)&#13;&#10;&#9;at sun.reflect.NativeMethodAccessorImpl.invoke0(Native Method)&#13;&#10;&#9;at sun.reflect.NativeMethodAccessorImpl.invoke(Unknown Source)&#13;&#10;&#9;at sun.reflect.DelegatingMethodAccessorImpl.invoke(Unknown Source)&#13;&#10;&#9;at java.lang.reflect.Method.invoke(Unknown Source)&#13;&#10;&#9;at org.junit.runners.model.FrameworkMethod$1.runReflectiveCall(FrameworkMethod.java:47)&#13;&#10;&#9;at org.junit.internal.runners.model.ReflectiveCallable.run(ReflectiveCallable.java:12)&#13;&#10;&#9;at org.junit.runners.model.FrameworkMethod.invokeExplosively(FrameworkMethod.java:44)&#13;&#10;&#9;at org.junit.internal.runners.statements.InvokeMethod.evaluate(InvokeMethod.java:17)&#13;&#10;&#9;at org.junit.runners.ParentRunner.runLeaf(ParentRunner.java:271)&#13;&#10;&#9;at org.junit.runners.BlockJUnit4ClassRunner.runChild(BlockJUnit4ClassRunner.java:70)&#13;&#10;&#9;at org.junit.runners.BlockJUnit4ClassRunner.runChild(BlockJUnit4ClassRunner.java:50)&#13;&#10;&#9;at org.junit.runners.ParentRunner$3.run(ParentRunner.java:238)&#13;&#10;&#9;at org.junit.runners.ParentRunner$1.schedule(ParentRunner.java:63)&#13;&#10;&#9;at org.junit.runners.ParentRunner.runChildren(ParentRunner.java:236)&#13;&#10;&#9;at org.junit.runners.ParentRunner.access$000(ParentRunner.java:53)&#13;&#10;&#9;at org.junit.runners.ParentRunner$2.evaluate(ParentRunner.java:229)&#13;&#10;&#9;at org.junit.runners.ParentRunner.run(ParentRunner.java:309)&#13;&#10;&#9;at org.eclipse.jdt.internal.junit4.runner.JUnit4TestReference.run(JUnit4TestReference.java:50)&#13;&#10;&#9;at org.eclipse.jdt.internal.junit.runner.TestExecution.run(TestExecution.java:38)&#13;&#10;&#9;at org.eclipse.jdt.internal.junit.runner.RemoteTestRunner.runTests(RemoteTestRunner.java:467)&#13;&#10;&#9;at org.eclipse.jdt.internal.junit.runner.RemoteTestRunner.runTests(RemoteTestRunner.java:683)&#13;&#10;&#9;at org.eclipse.jdt.internal.junit.runner.RemoteTestRunner.run(RemoteTestRunner.java:390)&#13;&#10;&#9;at org.codecover.juniteclipse.runner.EclipseTestRunner.main(EclipseTestRunner.java:40)" Date="1589513506537" Name="DrawTest:testPictureDoubleDoubleStringDoubleDoubleDouble">
<CovList/>
<AssgnmntList/>
<ObjMetaDataList/>
<MetaDataList/>
</TestCase>
<TestCase Comment="" Date="1589513506606" Name="DrawTest:testSetXscaleDoubleDouble">
<CovList>
<CovPrefix CovItemPrefix="Draw.java">
<Cov CovItemId="B10" Value="2"/>
<Cov CovItemId="B15" Value="1"/>
<Cov CovItemId="B8" Value="2"/>
<Cov CovItemId="S104" Value="1"/>
<Cov CovItemId="S105" Value="1"/>
<Cov CovItemId="S106" Value="1"/>
<Cov CovItemId="S107" Value="1"/>
<Cov CovItemId="S108" Value="1"/>
<Cov CovItemId="S94" Value="2"/>
<Cov CovItemId="S96" Value="2"/>
</CovPrefix>
</CovList>
<AssgnmntList>
<AssgnmntPrefix RootTermCovItemPrefix="Draw.java">
<AssgnmntListEntry Length="1" RootTermCovItemId="C4">
<MapEntry BoolAssgnmnt="0" Value="2"/>
</AssgnmntListEntry>
<AssgnmntListEntry Length="1" RootTermCovItemId="C5">
<MapEntry BoolAssgnmnt="0" Value="2"/>
</AssgnmntListEntry>
<AssgnmntListEntry Length="1" RootTermCovItemId="C8">
<MapEntry BoolAssgnmnt="1" Value="1"/>
</AssgnmntListEntry>
</AssgnmntPrefix>
</AssgnmntList>
<ObjMetaDataList/>
<MetaDataList/>
</TestCase>
<TestCase Comment="Failure&#10;java.lang.AssertionError: Not yet implemented&#13;&#10;&#9;at org.junit.Assert.fail(Assert.java:88)&#13;&#10;&#9;at DrawTest.testTextLeft(DrawTest.java:326)&#13;&#10;&#9;at sun.reflect.NativeMethodAccessorImpl.invoke0(Native Method)&#13;&#10;&#9;at sun.reflect.NativeMethodAccessorImpl.invoke(Unknown Source)&#13;&#10;&#9;at sun.reflect.DelegatingMethodAccessorImpl.invoke(Unknown Source)&#13;&#10;&#9;at java.lang.reflect.Method.invoke(Unknown Source)&#13;&#10;&#9;at org.junit.runners.model.FrameworkMethod$1.runReflectiveCall(FrameworkMethod.java:47)&#13;&#10;&#9;at org.junit.internal.runners.model.ReflectiveCallable.run(ReflectiveCallable.java:12)&#13;&#10;&#9;at org.junit.runners.model.FrameworkMethod.invokeExplosively(FrameworkMethod.java:44)&#13;&#10;&#9;at org.junit.internal.runners.statements.InvokeMethod.evaluate(InvokeMethod.java:17)&#13;&#10;&#9;at org.junit.runners.ParentRunner.runLeaf(ParentRunner.java:271)&#13;&#10;&#9;at org.junit.runners.BlockJUnit4ClassRunner.runChild(BlockJUnit4ClassRunner.java:70)&#13;&#10;&#9;at org.junit.runners.BlockJUnit4ClassRunner.runChild(BlockJUnit4ClassRunner.java:50)&#13;&#10;&#9;at org.junit.runners.ParentRunner$3.run(ParentRunner.java:238)&#13;&#10;&#9;at org.junit.runners.ParentRunner$1.schedule(ParentRunner.java:63)&#13;&#10;&#9;at org.junit.runners.ParentRunner.runChildren(ParentRunner.java:236)&#13;&#10;&#9;at org.junit.runners.ParentRunner.access$000(ParentRunner.java:53)&#13;&#10;&#9;at org.junit.runners.ParentRunner$2.evaluate(ParentRunner.java:229)&#13;&#10;&#9;at org.junit.runners.ParentRunner.run(ParentRunner.java:309)&#13;&#10;&#9;at org.eclipse.jdt.internal.junit4.runner.JUnit4TestReference.run(JUnit4TestReference.java:50)&#13;&#10;&#9;at org.eclipse.jdt.internal.junit.runner.TestExecution.run(TestExecution.java:38)&#13;&#10;&#9;at org.eclipse.jdt.internal.junit.runner.RemoteTestRunner.runTests(RemoteTestRunner.java:467)&#13;&#10;&#9;at org.eclipse.jdt.internal.junit.runner.RemoteTestRunner.runTests(RemoteTestRunner.java:683)&#13;&#10;&#9;at org.eclipse.jdt.internal.junit.runner.RemoteTestRunner.run(RemoteTestRunner.java:390)&#13;&#10;&#9;at org.codecover.juniteclipse.runner.EclipseTestRunner.main(EclipseTestRunner.java:40)" Date="1589513506692" Name="DrawTest:testTextLeft">
<CovList/>
<AssgnmntList/>
<ObjMetaDataList/>
<MetaDataList/>
</TestCase>
<TestCase Comment="Failure&#10;java.lang.AssertionError: Not yet implemented&#13;&#10;&#9;at org.junit.Assert.fail(Assert.java:88)&#13;&#10;&#9;at DrawTest.testAddListener(DrawTest.java:376)&#13;&#10;&#9;at sun.reflect.NativeMethodAccessorImpl.invoke0(Native Method)&#13;&#10;&#9;at sun.reflect.NativeMethodAccessorImpl.invoke(Unknown Source)&#13;&#10;&#9;at sun.reflect.DelegatingMethodAccessorImpl.invoke(Unknown Source)&#13;&#10;&#9;at java.lang.reflect.Method.invoke(Unknown Source)&#13;&#10;&#9;at org.junit.runners.model.FrameworkMethod$1.runReflectiveCall(FrameworkMethod.java:47)&#13;&#10;&#9;at org.junit.internal.runners.model.ReflectiveCallable.run(ReflectiveCallable.java:12)&#13;&#10;&#9;at org.junit.runners.model.FrameworkMethod.invokeExplosively(FrameworkMethod.java:44)&#13;&#10;&#9;at org.junit.internal.runners.statements.InvokeMethod.evaluate(InvokeMethod.java:17)&#13;&#10;&#9;at org.junit.runners.ParentRunner.runLeaf(ParentRunner.java:271)&#13;&#10;&#9;at org.junit.runners.BlockJUnit4ClassRunner.runChild(BlockJUnit4ClassRunner.java:70)&#13;&#10;&#9;at org.junit.runners.BlockJUnit4ClassRunner.runChild(BlockJUnit4ClassRunner.java:50)&#13;&#10;&#9;at org.junit.runners.ParentRunner$3.run(ParentRunner.java:238)&#13;&#10;&#9;at org.junit.runners.ParentRunner$1.schedule(ParentRunner.java:63)&#13;&#10;&#9;at org.junit.runners.ParentRunner.runChildren(ParentRunner.java:236)&#13;&#10;&#9;at org.junit.runners.ParentRunner.access$000(ParentRunner.java:53)&#13;&#10;&#9;at org.junit.runners.ParentRunner$2.evaluate(ParentRunner.java:229)&#13;&#10;&#9;at org.junit.runners.ParentRunner.run(ParentRunner.java:309)&#13;&#10;&#9;at org.eclipse.jdt.internal.junit4.runner.JUnit4TestReference.run(JUnit4TestReference.java:50)&#13;&#10;&#9;at org.eclipse.jdt.internal.junit.runner.TestExecution.run(TestExecution.java:38)&#13;&#10;&#9;at org.eclipse.jdt.internal.junit.runner.RemoteTestRunner.runTests(RemoteTestRunner.java:467)&#13;&#10;&#9;at org.eclipse.jdt.internal.junit.runner.RemoteTestRunner.runTests(RemoteTestRunner.java:683)&#13;&#10;&#9;at org.eclipse.jdt.internal.junit.runner.RemoteTestRunner.run(RemoteTestRunner.java:390)&#13;&#10;&#9;at org.codecover.juniteclipse.runner.EclipseTestRunner.main(EclipseTestRunner.java:40)" Date="1589513506749" Name="DrawTest:testAddListener">
<CovList/>
<AssgnmntList/>
<ObjMetaDataList/>
<MetaDataList/>
</TestCase>
<TestCase Comment="Failure&#10;java.lang.AssertionError: Not yet implemented&#13;&#10;&#9;at org.junit.Assert.fail(Assert.java:88)&#13;&#10;&#9;at DrawTest.testMouseExited(DrawTest.java:406)&#13;&#10;&#9;at sun.reflect.NativeMethodAccessorImpl.invoke0(Native Method)&#13;&#10;&#9;at sun.reflect.NativeMethodAccessorImpl.invoke(Unknown Source)&#13;&#10;&#9;at sun.reflect.DelegatingMethodAccessorImpl.invoke(Unknown Source)&#13;&#10;&#9;at java.lang.reflect.Method.invoke(Unknown Source)&#13;&#10;&#9;at org.junit.runners.model.FrameworkMethod$1.runReflectiveCall(FrameworkMethod.java:47)&#13;&#10;&#9;at org.junit.internal.runners.model.ReflectiveCallable.run(ReflectiveCallable.java:12)&#13;&#10;&#9;at org.junit.runners.model.FrameworkMethod.invokeExplosively(FrameworkMethod.java:44)&#13;&#10;&#9;at org.junit.internal.runners.statements.InvokeMethod.evaluate(InvokeMethod.java:17)&#13;&#10;&#9;at org.junit.runners.ParentRunner.runLeaf(ParentRunner.java:271)&#13;&#10;&#9;at org.junit.runners.BlockJUnit4ClassRunner.runChild(BlockJUnit4ClassRunner.java:70)&#13;&#10;&#9;at org.junit.runners.BlockJUnit4ClassRunner.runChild(BlockJUnit4ClassRunner.java:50)&#13;&#10;&#9;at org.junit.runners.ParentRunner$3.run(ParentRunner.java:238)&#13;&#10;&#9;at org.junit.runners.ParentRunner$1.schedule(ParentRunner.java:63)&#13;&#10;&#9;at org.junit.runners.ParentRunner.runChildren(ParentRunner.java:236)&#13;&#10;&#9;at org.junit.runners.ParentRunner.access$000(ParentRunner.java:53)&#13;&#10;&#9;at org.junit.runners.ParentRunner$2.evaluate(ParentRunner.java:229)&#13;&#10;&#9;at org.junit.runners.ParentRunner.run(ParentRunner.java:309)&#13;&#10;&#9;at org.eclipse.jdt.internal.junit4.runner.JUnit4TestReference.run(JUnit4TestReference.java:50)&#13;&#10;&#9;at org.eclipse.jdt.internal.junit.runner.TestExecution.run(TestExecution.java:38)&#13;&#10;&#9;at org.eclipse.jdt.internal.junit.runner.RemoteTestRunner.runTests(RemoteTestRunner.java:467)&#13;&#10;&#9;at org.eclipse.jdt.internal.junit.runner.RemoteTestRunner.runTests(RemoteTestRunner.java:683)&#13;&#10;&#9;at org.eclipse.jdt.internal.junit.runner.RemoteTestRunner.run(RemoteTestRunner.java:390)&#13;&#10;&#9;at org.codecover.juniteclipse.runner.EclipseTestRunner.main(EclipseTestRunner.java:40)" Date="1589513506862" Name="DrawTest:testMouseExited">
<CovList/>
<AssgnmntList/>
<ObjMetaDataList/>
<MetaDataList/>
</TestCase>
<TestCase Comment="Failure&#10;java.lang.AssertionError: Not yet implemented&#13;&#10;&#9;at org.junit.Assert.fail(Assert.java:88)&#13;&#10;&#9;at DrawTest.testPictureDoubleDoubleString(DrawTest.java:296)&#13;&#10;&#9;at sun.reflect.NativeMethodAccessorImpl.invoke0(Native Method)&#13;&#10;&#9;at sun.reflect.NativeMethodAccessorImpl.invoke(Unknown Source)&#13;&#10;&#9;at sun.reflect.DelegatingMethodAccessorImpl.invoke(Unknown Source)&#13;&#10;&#9;at java.lang.reflect.Method.invoke(Unknown Source)&#13;&#10;&#9;at org.junit.runners.model.FrameworkMethod$1.runReflectiveCall(FrameworkMethod.java:47)&#13;&#10;&#9;at org.junit.internal.runners.model.ReflectiveCallable.run(ReflectiveCallable.java:12)&#13;&#10;&#9;at org.junit.runners.model.FrameworkMethod.invokeExplosively(FrameworkMethod.java:44)&#13;&#10;&#9;at org.junit.internal.runners.statements.InvokeMethod.evaluate(InvokeMethod.java:17)&#13;&#10;&#9;at org.junit.runners.ParentRunner.runLeaf(ParentRunner.java:271)&#13;&#10;&#9;at org.junit.runners.BlockJUnit4ClassRunner.runChild(BlockJUnit4ClassRunner.java:70)&#13;&#10;&#9;at org.junit.runners.BlockJUnit4ClassRunner.runChild(BlockJUnit4ClassRunner.java:50)&#13;&#10;&#9;at org.junit.runners.ParentRunner$3.run(ParentRunner.java:238)&#13;&#10;&#9;at org.junit.runners.ParentRunner$1.schedule(ParentRunner.java:63)&#13;&#10;&#9;at org.junit.runners.ParentRunner.runChildren(ParentRunner.java:236)&#13;&#10;&#9;at org.junit.runners.ParentRunner.access$000(ParentRunner.java:53)&#13;&#10;&#9;at org.junit.runners.ParentRunner$2.evaluate(ParentRunner.java:229)&#13;&#10;&#9;at org.junit.runners.ParentRunner.run(ParentRunner.java:309)&#13;&#10;&#9;at org.eclipse.jdt.internal.junit4.runner.JUnit4TestReference.run(JUnit4TestReference.java:50)&#13;&#10;&#9;at org.eclipse.jdt.internal.junit.runner.TestExecution.run(TestExecution.java:38)&#13;&#10;&#9;at org.eclipse.jdt.internal.junit.runner.RemoteTestRunner.runTests(RemoteTestRunner.java:467)&#13;&#10;&#9;at org.eclipse.jdt.internal.junit.runner.RemoteTestRunner.runTests(RemoteTestRunner.java:683)&#13;&#10;&#9;at org.eclipse.jdt.internal.junit.runner.RemoteTestRunner.run(RemoteTestRunner.java:390)&#13;&#10;&#9;at org.codecover.juniteclipse.runner.EclipseTestRunner.main(EclipseTestRunner.java:40)" Date="1589513506945" Name="DrawTest:testPictureDoubleDoubleString">
<CovList/>
<AssgnmntList/>
<ObjMetaDataList/>
<MetaDataList/>
</TestCase>
<TestCase Comment="Failure&#10;java.lang.AssertionError: Not yet implemented&#13;&#10;&#9;at org.junit.Assert.fail(Assert.java:88)&#13;&#10;&#9;at DrawTest.testTextDoubleDoubleString(DrawTest.java:316)&#13;&#10;&#9;at sun.reflect.NativeMethodAccessorImpl.invoke0(Native Method)&#13;&#10;&#9;at sun.reflect.NativeMethodAccessorImpl.invoke(Unknown Source)&#13;&#10;&#9;at sun.reflect.DelegatingMethodAccessorImpl.invoke(Unknown Source)&#13;&#10;&#9;at java.lang.reflect.Method.invoke(Unknown Source)&#13;&#10;&#9;at org.junit.runners.model.FrameworkMethod$1.runReflectiveCall(FrameworkMethod.java:47)&#13;&#10;&#9;at org.junit.internal.runners.model.ReflectiveCallable.run(ReflectiveCallable.java:12)&#13;&#10;&#9;at org.junit.runners.model.FrameworkMethod.invokeExplosively(FrameworkMethod.java:44)&#13;&#10;&#9;at org.junit.internal.runners.statements.InvokeMethod.evaluate(InvokeMethod.java:17)&#13;&#10;&#9;at org.junit.runners.ParentRunner.runLeaf(ParentRunner.java:271)&#13;&#10;&#9;at org.junit.runners.BlockJUnit4ClassRunner.runChild(BlockJUnit4ClassRunner.java:70)&#13;&#10;&#9;at org.junit.runners.BlockJUnit4ClassRunner.runChild(BlockJUnit4ClassRunner.java:50)&#13;&#10;&#9;at org.junit.runners.ParentRunner$3.run(ParentRunner.java:238)&#13;&#10;&#9;at org.junit.runners.ParentRunner$1.schedule(ParentRunner.java:63)&#13;&#10;&#9;at org.junit.runners.ParentRunner.runChildren(ParentRunner.java:236)&#13;&#10;&#9;at org.junit.runners.ParentRunner.access$000(ParentRunner.java:53)&#13;&#10;&#9;at org.junit.runners.ParentRunner$2.evaluate(ParentRunner.java:229)&#13;&#10;&#9;at org.junit.runners.ParentRunner.run(ParentRunner.java:309)&#13;&#10;&#9;at org.eclipse.jdt.internal.junit4.runner.JUnit4TestReference.run(JUnit4TestReference.java:50)&#13;&#10;&#9;at org.eclipse.jdt.internal.junit.runner.TestExecution.run(TestExecution.java:38)&#13;&#10;&#9;at org.eclipse.jdt.internal.junit.runner.RemoteTestRunner.runTests(RemoteTestRunner.java:467)&#13;&#10;&#9;at org.eclipse.jdt.internal.junit.runner.RemoteTestRunner.runTests(RemoteTestRunner.java:683)&#13;&#10;&#9;at org.eclipse.jdt.internal.junit.runner.RemoteTestRunner.run(RemoteTestRunner.java:390)&#13;&#10;&#9;at org.codecover.juniteclipse.runner.EclipseTestRunner.main(EclipseTestRunner.java:40)" Date="1589513507032" Name="DrawTest:testTextDoubleDoubleString">
<CovList/>
<AssgnmntList/>
<ObjMetaDataList/>
<MetaDataList/>
</TestCase>
<TestCase Comment="Failure&#10;java.lang.AssertionError: Not yet implemented&#13;&#10;&#9;at org.junit.Assert.fail(Assert.java:88)&#13;&#10;&#9;at DrawTest.testMouseMoved(DrawTest.java:431)&#13;&#10;&#9;at sun.reflect.NativeMethodAccessorImpl.invoke0(Native Method)&#13;&#10;&#9;at sun.reflect.NativeMethodAccessorImpl.invoke(Unknown Source)&#13;&#10;&#9;at sun.reflect.DelegatingMethodAccessorImpl.invoke(Unknown Source)&#13;&#10;&#9;at java.lang.reflect.Method.invoke(Unknown Source)&#13;&#10;&#9;at org.junit.runners.model.FrameworkMethod$1.runReflectiveCall(FrameworkMethod.java:47)&#13;&#10;&#9;at org.junit.internal.runners.model.ReflectiveCallable.run(ReflectiveCallable.java:12)&#13;&#10;&#9;at org.junit.runners.model.FrameworkMethod.invokeExplosively(FrameworkMethod.java:44)&#13;&#10;&#9;at org.junit.internal.runners.statements.InvokeMethod.evaluate(InvokeMethod.java:17)&#13;&#10;&#9;at org.junit.runners.ParentRunner.runLeaf(ParentRunner.java:271)&#13;&#10;&#9;at org.junit.runners.BlockJUnit4ClassRunner.runChild(BlockJUnit4ClassRunner.java:70)&#13;&#10;&#9;at org.junit.runners.BlockJUnit4ClassRunner.runChild(BlockJUnit4ClassRunner.java:50)&#13;&#10;&#9;at org.junit.runners.ParentRunner$3.run(ParentRunner.java:238)&#13;&#10;&#9;at org.junit.runners.ParentRunner$1.schedule(ParentRunner.java:63)&#13;&#10;&#9;at org.junit.runners.ParentRunner.runChildren(ParentRunner.java:236)&#13;&#10;&#9;at org.junit.runners.ParentRunner.access$000(ParentRunner.java:53)&#13;&#10;&#9;at org.junit.runners.ParentRunner$2.evaluate(ParentRunner.java:229)&#13;&#10;&#9;at org.junit.runners.ParentRunner.run(ParentRunner.java:309)&#13;&#10;&#9;at org.eclipse.jdt.internal.junit4.runner.JUnit4TestReference.run(JUnit4TestReference.java:50)&#13;&#10;&#9;at org.eclipse.jdt.internal.junit.runner.TestExecution.run(TestExecution.java:38)&#13;&#10;&#9;at org.eclipse.jdt.internal.junit.runner.RemoteTestRunner.runTests(RemoteTestRunner.java:467)&#13;&#10;&#9;at org.eclipse.jdt.internal.junit.runner.RemoteTestRunner.runTests(RemoteTestRunner.java:683)&#13;&#10;&#9;at org.eclipse.jdt.internal.junit.runner.RemoteTestRunner.run(RemoteTestRunner.java:390)&#13;&#10;&#9;at org.codecover.juniteclipse.runner.EclipseTestRunner.main(EclipseTestRunner.java:40)" Date="1589513507098" Name="DrawTest:testMouseMoved">
<CovList/>
<AssgnmntList/>
<ObjMetaDataList/>
<MetaDataList/>
</TestCase>
<TestCase Comment="Failure&#10;java.lang.AssertionError: Not yet implemented&#13;&#10;&#9;at org.junit.Assert.fail(Assert.java:88)&#13;&#10;&#9;at DrawTest.testHasNextKeyTyped(DrawTest.java:436)&#13;&#10;&#9;at sun.reflect.NativeMethodAccessorImpl.invoke0(Native Method)&#13;&#10;&#9;at sun.reflect.NativeMethodAccessorImpl.invoke(Unknown Source)&#13;&#10;&#9;at sun.reflect.DelegatingMethodAccessorImpl.invoke(Unknown Source)&#13;&#10;&#9;at java.lang.reflect.Method.invoke(Unknown Source)&#13;&#10;&#9;at org.junit.runners.model.FrameworkMethod$1.runReflectiveCall(FrameworkMethod.java:47)&#13;&#10;&#9;at org.junit.internal.runners.model.ReflectiveCallable.run(ReflectiveCallable.java:12)&#13;&#10;&#9;at org.junit.runners.model.FrameworkMethod.invokeExplosively(FrameworkMethod.java:44)&#13;&#10;&#9;at org.junit.internal.runners.statements.InvokeMethod.evaluate(InvokeMethod.java:17)&#13;&#10;&#9;at org.junit.runners.ParentRunner.runLeaf(ParentRunner.java:271)&#13;&#10;&#9;at org.junit.runners.BlockJUnit4ClassRunner.runChild(BlockJUnit4ClassRunner.java:70)&#13;&#10;&#9;at org.junit.runners.BlockJUnit4ClassRunner.runChild(BlockJUnit4ClassRunner.java:50)&#13;&#10;&#9;at org.junit.runners.ParentRunner$3.run(ParentRunner.java:238)&#13;&#10;&#9;at org.junit.runners.ParentRunner$1.schedule(ParentRunner.java:63)&#13;&#10;&#9;at org.junit.runners.ParentRunner.runChildren(ParentRunner.java:236)&#13;&#10;&#9;at org.junit.runners.ParentRunner.access$000(ParentRunner.java:53)&#13;&#10;&#9;at org.junit.runners.ParentRunner$2.evaluate(ParentRunner.java:229)&#13;&#10;&#9;at org.junit.runners.ParentRunner.run(ParentRunner.java:309)&#13;&#10;&#9;at org.eclipse.jdt.internal.junit4.runner.JUnit4TestReference.run(JUnit4TestReference.java:50)&#13;&#10;&#9;at org.eclipse.jdt.internal.junit.runner.TestExecution.run(TestExecution.java:38)&#13;&#10;&#9;at org.eclipse.jdt.internal.junit.runner.RemoteTestRunner.runTests(RemoteTestRunner.java:467)&#13;&#10;&#9;at org.eclipse.jdt.internal.junit.runner.RemoteTestRunner.runTests(RemoteTestRunner.java:683)&#13;&#10;&#9;at org.eclipse.jdt.internal.junit.runner.RemoteTestRunner.run(RemoteTestRunner.java:390)&#13;&#10;&#9;at org.codecover.juniteclipse.runner.EclipseTestRunner.main(EclipseTestRunner.java:40)" Date="1589513507180" Name="DrawTest:testHasNextKeyTyped">
<CovList/>
<AssgnmntList/>
<ObjMetaDataList/>
<MetaDataList/>
</TestCase>
<TestCase Comment="Failure&#10;java.lang.AssertionError: Not yet implemented&#13;&#10;&#9;at org.junit.Assert.fail(Assert.java:88)&#13;&#10;&#9;at DrawTest.testFilledCircle(DrawTest.java:241)&#13;&#10;&#9;at sun.reflect.NativeMethodAccessorImpl.invoke0(Native Method)&#13;&#10;&#9;at sun.reflect.NativeMethodAccessorImpl.invoke(Unknown Source)&#13;&#10;&#9;at sun.reflect.DelegatingMethodAccessorImpl.invoke(Unknown Source)&#13;&#10;&#9;at java.lang.reflect.Method.invoke(Unknown Source)&#13;&#10;&#9;at org.junit.runners.model.FrameworkMethod$1.runReflectiveCall(FrameworkMethod.java:47)&#13;&#10;&#9;at org.junit.internal.runners.model.ReflectiveCallable.run(ReflectiveCallable.java:12)&#13;&#10;&#9;at org.junit.runners.model.FrameworkMethod.invokeExplosively(FrameworkMethod.java:44)&#13;&#10;&#9;at org.junit.internal.runners.statements.InvokeMethod.evaluate(InvokeMethod.java:17)&#13;&#10;&#9;at org.junit.runners.ParentRunner.runLeaf(ParentRunner.java:271)&#13;&#10;&#9;at org.junit.runners.BlockJUnit4ClassRunner.runChild(BlockJUnit4ClassRunner.java:70)&#13;&#10;&#9;at org.junit.runners.BlockJUnit4ClassRunner.runChild(BlockJUnit4ClassRunner.java:50)&#13;&#10;&#9;at org.junit.runners.ParentRunner$3.run(ParentRunner.java:238)&#13;&#10;&#9;at org.junit.runners.ParentRunner$1.schedule(ParentRunner.java:63)&#13;&#10;&#9;at org.junit.runners.ParentRunner.runChildren(ParentRunner.java:236)&#13;&#10;&#9;at org.junit.runners.ParentRunner.access$000(ParentRunner.java:53)&#13;&#10;&#9;at org.junit.runners.ParentRunner$2.evaluate(ParentRunner.java:229)&#13;&#10;&#9;at org.junit.runners.ParentRunner.run(ParentRunner.java:309)&#13;&#10;&#9;at org.eclipse.jdt.internal.junit4.runner.JUnit4TestReference.run(JUnit4TestReference.java:50)&#13;&#10;&#9;at org.eclipse.jdt.internal.junit.runner.TestExecution.run(TestExecution.java:38)&#13;&#10;&#9;at org.eclipse.jdt.internal.junit.runner.RemoteTestRunner.runTests(RemoteTestRunner.java:467)&#13;&#10;&#9;at org.eclipse.jdt.internal.junit.runner.RemoteTestRunner.runTests(RemoteTestRunner.java:683)&#13;&#10;&#9;at org.eclipse.jdt.internal.junit.runner.RemoteTestRunner.run(RemoteTestRunner.java:390)&#13;&#10;&#9;at org.codecover.juniteclipse.runner.EclipseTestRunner.main(EclipseTestRunner.java:40)" Date="1589513507298" Name="DrawTest:testFilledCircle">
<CovList/>
<AssgnmntList/>
<ObjMetaDataList/>
<MetaDataList/>
</TestCase>
<TestCase Comment="Failure&#10;java.lang.AssertionError: Not yet implemented&#13;&#10;&#9;at org.junit.Assert.fail(Assert.java:88)&#13;&#10;&#9;at DrawTest.testNextKeyTyped(DrawTest.java:441)&#13;&#10;&#9;at sun.reflect.NativeMethodAccessorImpl.invoke0(Native Method)&#13;&#10;&#9;at sun.reflect.NativeMethodAccessorImpl.invoke(Unknown Source)&#13;&#10;&#9;at sun.reflect.DelegatingMethodAccessorImpl.invoke(Unknown Source)&#13;&#10;&#9;at java.lang.reflect.Method.invoke(Unknown Source)&#13;&#10;&#9;at org.junit.runners.model.FrameworkMethod$1.runReflectiveCall(FrameworkMethod.java:47)&#13;&#10;&#9;at org.junit.internal.runners.model.ReflectiveCallable.run(ReflectiveCallable.java:12)&#13;&#10;&#9;at org.junit.runners.model.FrameworkMethod.invokeExplosively(FrameworkMethod.java:44)&#13;&#10;&#9;at org.junit.internal.runners.statements.InvokeMethod.evaluate(InvokeMethod.java:17)&#13;&#10;&#9;at org.junit.runners.ParentRunner.runLeaf(ParentRunner.java:271)&#13;&#10;&#9;at org.junit.runners.BlockJUnit4ClassRunner.runChild(BlockJUnit4ClassRunner.java:70)&#13;&#10;&#9;at org.junit.runners.BlockJUnit4ClassRunner.runChild(BlockJUnit4ClassRunner.java:50)&#13;&#10;&#9;at org.junit.runners.ParentRunner$3.run(ParentRunner.java:238)&#13;&#10;&#9;at org.junit.runners.ParentRunner$1.schedule(ParentRunner.java:63)&#13;&#10;&#9;at org.junit.runners.ParentRunner.runChildren(ParentRunner.java:236)&#13;&#10;&#9;at org.junit.runners.ParentRunner.access$000(ParentRunner.java:53)&#13;&#10;&#9;at org.junit.runners.ParentRunner$2.evaluate(ParentRunner.java:229)&#13;&#10;&#9;at org.junit.runners.ParentRunner.run(ParentRunner.java:309)&#13;&#10;&#9;at org.eclipse.jdt.internal.junit4.runner.JUnit4TestReference.run(JUnit4TestReference.java:50)&#13;&#10;&#9;at org.eclipse.jdt.internal.junit.runner.TestExecution.run(TestExecution.java:38)&#13;&#10;&#9;at org.eclipse.jdt.internal.junit.runner.RemoteTestRunner.runTests(RemoteTestRunner.java:467)&#13;&#10;&#9;at org.eclipse.jdt.internal.junit.runner.RemoteTestRunner.runTests(RemoteTestRunner.java:683)&#13;&#10;&#9;at org.eclipse.jdt.internal.junit.runner.RemoteTestRunner.run(RemoteTestRunner.java:390)&#13;&#10;&#9;at org.codecover.juniteclipse.runner.EclipseTestRunner.main(EclipseTestRunner.java:40)" Date="1589513507399" Name="DrawTest:testNextKeyTyped">
<CovList/>
<AssgnmntList/>
<ObjMetaDataList/>
<MetaDataList/>
</TestCase>
<TestCase Comment="Failure&#10;java.lang.AssertionError: Not yet implemented&#13;&#10;&#9;at org.junit.Assert.fail(Assert.java:88)&#13;&#10;&#9;at DrawTest.testMouseDragged(DrawTest.java:426)&#13;&#10;&#9;at sun.reflect.NativeMethodAccessorImpl.invoke0(Native Method)&#13;&#10;&#9;at sun.reflect.NativeMethodAccessorImpl.invoke(Unknown Source)&#13;&#10;&#9;at sun.reflect.DelegatingMethodAccessorImpl.invoke(Unknown Source)&#13;&#10;&#9;at java.lang.reflect.Method.invoke(Unknown Source)&#13;&#10;&#9;at org.junit.runners.model.FrameworkMethod$1.runReflectiveCall(FrameworkMethod.java:47)&#13;&#10;&#9;at org.junit.internal.runners.model.ReflectiveCallable.run(ReflectiveCallable.java:12)&#13;&#10;&#9;at org.junit.runners.model.FrameworkMethod.invokeExplosively(FrameworkMethod.java:44)&#13;&#10;&#9;at org.junit.internal.runners.statements.InvokeMethod.evaluate(InvokeMethod.java:17)&#13;&#10;&#9;at org.junit.runners.ParentRunner.runLeaf(ParentRunner.java:271)&#13;&#10;&#9;at org.junit.runners.BlockJUnit4ClassRunner.runChild(BlockJUnit4ClassRunner.java:70)&#13;&#10;&#9;at org.junit.runners.BlockJUnit4ClassRunner.runChild(BlockJUnit4ClassRunner.java:50)&#13;&#10;&#9;at org.junit.runners.ParentRunner$3.run(ParentRunner.java:238)&#13;&#10;&#9;at org.junit.runners.ParentRunner$1.schedule(ParentRunner.java:63)&#13;&#10;&#9;at org.junit.runners.ParentRunner.runChildren(ParentRunner.java:236)&#13;&#10;&#9;at org.junit.runners.ParentRunner.access$000(ParentRunner.java:53)&#13;&#10;&#9;at org.junit.runners.ParentRunner$2.evaluate(ParentRunner.java:229)&#13;&#10;&#9;at org.junit.runners.ParentRunner.run(ParentRunner.java:309)&#13;&#10;&#9;at org.eclipse.jdt.internal.junit4.runner.JUnit4TestReference.run(JUnit4TestReference.java:50)&#13;&#10;&#9;at org.eclipse.jdt.internal.junit.runner.TestExecution.run(TestExecution.java:38)&#13;&#10;&#9;at org.eclipse.jdt.internal.junit.runner.RemoteTestRunner.runTests(RemoteTestRunner.java:467)&#13;&#10;&#9;at org.eclipse.jdt.internal.junit.runner.RemoteTestRunner.runTests(RemoteTestRunner.java:683)&#13;&#10;&#9;at org.eclipse.jdt.internal.junit.runner.RemoteTestRunner.run(RemoteTestRunner.java:390)&#13;&#10;&#9;at org.codecover.juniteclipse.runner.EclipseTestRunner.main(EclipseTestRunner.java:40)" Date="1589513507465" Name="DrawTest:testMouseDragged">
<CovList/>
<AssgnmntList/>
<ObjMetaDataList/>
<MetaDataList/>
</TestCase>
<TestCase Comment="Failure&#10;java.lang.AssertionError: Not yet implemented&#13;&#10;&#9;at org.junit.Assert.fail(Assert.java:88)&#13;&#10;&#9;at DrawTest.testMousePressedMouseEvent(DrawTest.java:411)&#13;&#10;&#9;at sun.reflect.NativeMethodAccessorImpl.invoke0(Native Method)&#13;&#10;&#9;at sun.reflect.NativeMethodAccessorImpl.invoke(Unknown Source)&#13;&#10;&#9;at sun.reflect.DelegatingMethodAccessorImpl.invoke(Unknown Source)&#13;&#10;&#9;at java.lang.reflect.Method.invoke(Unknown Source)&#13;&#10;&#9;at org.junit.runners.model.FrameworkMethod$1.runReflectiveCall(FrameworkMethod.java:47)&#13;&#10;&#9;at org.junit.internal.runners.model.ReflectiveCallable.run(ReflectiveCallable.java:12)&#13;&#10;&#9;at org.junit.runners.model.FrameworkMethod.invokeExplosively(FrameworkMethod.java:44)&#13;&#10;&#9;at org.junit.internal.runners.statements.InvokeMethod.evaluate(InvokeMethod.java:17)&#13;&#10;&#9;at org.junit.runners.ParentRunner.runLeaf(ParentRunner.java:271)&#13;&#10;&#9;at org.junit.runners.BlockJUnit4ClassRunner.runChild(BlockJUnit4ClassRunner.java:70)&#13;&#10;&#9;at org.junit.runners.BlockJUnit4ClassRunner.runChild(BlockJUnit4ClassRunner.java:50)&#13;&#10;&#9;at org.junit.runners.ParentRunner$3.run(ParentRunner.java:238)&#13;&#10;&#9;at org.junit.runners.ParentRunner$1.schedule(ParentRunner.java:63)&#13;&#10;&#9;at org.junit.runners.ParentRunner.runChildren(ParentRunner.java:236)&#13;&#10;&#9;at org.junit.runners.ParentRunner.access$000(ParentRunner.java:53)&#13;&#10;&#9;at org.junit.runners.ParentRunner$2.evaluate(ParentRunner.java:229)&#13;&#10;&#9;at org.junit.runners.ParentRunner.run(ParentRunner.java:309)&#13;&#10;&#9;at org.eclipse.jdt.internal.junit4.runner.JUnit4TestReference.run(JUnit4TestReference.java:50)&#13;&#10;&#9;at org.eclipse.jdt.internal.junit.runner.TestExecution.run(TestExecution.java:38)&#13;&#10;&#9;at org.eclipse.jdt.internal.junit.runner.RemoteTestRunner.runTests(RemoteTestRunner.java:467)&#13;&#10;&#9;at org.eclipse.jdt.internal.junit.runner.RemoteTestRunner.runTests(RemoteTestRunner.java:683)&#13;&#10;&#9;at org.eclipse.jdt.internal.junit.runner.RemoteTestRunner.run(RemoteTestRunner.java:390)&#13;&#10;&#9;at org.codecover.juniteclipse.runner.EclipseTestRunner.main(EclipseTestRunner.java:40)" Date="1589513507541" Name="DrawTest:testMousePressedMouseEvent">
<CovList/>
<AssgnmntList/>
<ObjMetaDataList/>
<MetaDataList/>
</TestCase>
<TestCase Comment="Failure&#10;java.lang.AssertionError: Not yet implemented&#13;&#10;&#9;at org.junit.Assert.fail(Assert.java:88)&#13;&#10;&#9;at DrawTest.testEnableDoubleBuffering(DrawTest.java:356)&#13;&#10;&#9;at sun.reflect.NativeMethodAccessorImpl.invoke0(Native Method)&#13;&#10;&#9;at sun.reflect.NativeMethodAccessorImpl.invoke(Unknown Source)&#13;&#10;&#9;at sun.reflect.DelegatingMethodAccessorImpl.invoke(Unknown Source)&#13;&#10;&#9;at java.lang.reflect.Method.invoke(Unknown Source)&#13;&#10;&#9;at org.junit.runners.model.FrameworkMethod$1.runReflectiveCall(FrameworkMethod.java:47)&#13;&#10;&#9;at org.junit.internal.runners.model.ReflectiveCallable.run(ReflectiveCallable.java:12)&#13;&#10;&#9;at org.junit.runners.model.FrameworkMethod.invokeExplosively(FrameworkMethod.java:44)&#13;&#10;&#9;at org.junit.internal.runners.statements.InvokeMethod.evaluate(InvokeMethod.java:17)&#13;&#10;&#9;at org.junit.runners.ParentRunner.runLeaf(ParentRunner.java:271)&#13;&#10;&#9;at org.junit.runners.BlockJUnit4ClassRunner.runChild(BlockJUnit4ClassRunner.java:70)&#13;&#10;&#9;at org.junit.runners.BlockJUnit4ClassRunner.runChild(BlockJUnit4ClassRunner.java:50)&#13;&#10;&#9;at org.junit.runners.ParentRunner$3.run(ParentRunner.java:238)&#13;&#10;&#9;at org.junit.runners.ParentRunner$1.schedule(ParentRunner.java:63)&#13;&#10;&#9;at org.junit.runners.ParentRunner.runChildren(ParentRunner.java:236)&#13;&#10;&#9;at org.junit.runners.ParentRunner.access$000(ParentRunner.java:53)&#13;&#10;&#9;at org.junit.runners.ParentRunner$2.evaluate(ParentRunner.java:229)&#13;&#10;&#9;at org.junit.runners.ParentRunner.run(ParentRunner.java:309)&#13;&#10;&#9;at org.eclipse.jdt.internal.junit4.runner.JUnit4TestReference.run(JUnit4TestReference.java:50)&#13;&#10;&#9;at org.eclipse.jdt.internal.junit.runner.TestExecution.run(TestExecution.java:38)&#13;&#10;&#9;at org.eclipse.jdt.internal.junit.runner.RemoteTestRunner.runTests(RemoteTestRunner.java:467)&#13;&#10;&#9;at org.eclipse.jdt.internal.junit.runner.RemoteTestRunner.runTests(RemoteTestRunner.java:683)&#13;&#10;&#9;at org.eclipse.jdt.internal.junit.runner.RemoteTestRunner.run(RemoteTestRunner.java:390)&#13;&#10;&#9;at org.codecover.juniteclipse.runner.EclipseTestRunner.main(EclipseTestRunner.java:40)" Date="1589513507705" Name="DrawTest:testEnableDoubleBuffering">
<CovList/>
<AssgnmntList/>
<ObjMetaDataList/>
<MetaDataList/>
</TestCase>
<TestCase Comment="Failure&#10;java.lang.AssertionError: Not yet implemented&#13;&#10;&#9;at org.junit.Assert.fail(Assert.java:88)&#13;&#10;&#9;at DrawTest.testFilledRectangle(DrawTest.java:276)&#13;&#10;&#9;at sun.reflect.NativeMethodAccessorImpl.invoke0(Native Method)&#13;&#10;&#9;at sun.reflect.NativeMethodAccessorImpl.invoke(Unknown Source)&#13;&#10;&#9;at sun.reflect.DelegatingMethodAccessorImpl.invoke(Unknown Source)&#13;&#10;&#9;at java.lang.reflect.Method.invoke(Unknown Source)&#13;&#10;&#9;at org.junit.runners.model.FrameworkMethod$1.runReflectiveCall(FrameworkMethod.java:47)&#13;&#10;&#9;at org.junit.internal.runners.model.ReflectiveCallable.run(ReflectiveCallable.java:12)&#13;&#10;&#9;at org.junit.runners.model.FrameworkMethod.invokeExplosively(FrameworkMethod.java:44)&#13;&#10;&#9;at org.junit.internal.runners.statements.InvokeMethod.evaluate(InvokeMethod.java:17)&#13;&#10;&#9;at org.junit.runners.ParentRunner.runLeaf(ParentRunner.java:271)&#13;&#10;&#9;at org.junit.runners.BlockJUnit4ClassRunner.runChild(BlockJUnit4ClassRunner.java:70)&#13;&#10;&#9;at org.junit.runners.BlockJUnit4ClassRunner.runChild(BlockJUnit4ClassRunner.java:50)&#13;&#10;&#9;at org.junit.runners.ParentRunner$3.run(ParentRunner.java:238)&#13;&#10;&#9;at org.junit.runners.ParentRunner$1.schedule(ParentRunner.java:63)&#13;&#10;&#9;at org.junit.runners.ParentRunner.runChildren(ParentRunner.java:236)&#13;&#10;&#9;at org.junit.runners.ParentRunner.access$000(ParentRunner.java:53)&#13;&#10;&#9;at org.junit.runners.ParentRunner$2.evaluate(ParentRunner.java:229)&#13;&#10;&#9;at org.junit.runners.ParentRunner.run(ParentRunner.java:309)&#13;&#10;&#9;at org.eclipse.jdt.internal.junit4.runner.JUnit4TestReference.run(JUnit4TestReference.java:50)&#13;&#10;&#9;at org.eclipse.jdt.internal.junit.runner.TestExecution.run(TestExecution.java:38)&#13;&#10;&#9;at org.eclipse.jdt.internal.junit.runner.RemoteTestRunner.runTests(RemoteTestRunner.java:467)&#13;&#10;&#9;at org.eclipse.jdt.internal.junit.runner.RemoteTestRunner.runTests(RemoteTestRunner.java:683)&#13;&#10;&#9;at org.eclipse.jdt.internal.junit.runner.RemoteTestRunner.run(RemoteTestRunner.java:390)&#13;&#10;&#9;at org.codecover.juniteclipse.runner.EclipseTestRunner.main(EclipseTestRunner.java:40)" Date="1589513507791" Name="DrawTest:testFilledRectangle">
<CovList/>
<AssgnmntList/>
<ObjMetaDataList/>
<MetaDataList/>
</TestCase>
<TestCase Comment="Failure&#10;java.lang.AssertionError: Not yet implemented&#13;&#10;&#9;at org.junit.Assert.fail(Assert.java:88)&#13;&#10;&#9;at DrawTest.testCreateMenuBar(DrawTest.java:62)&#13;&#10;&#9;at sun.reflect.NativeMethodAccessorImpl.invoke0(Native Method)&#13;&#10;&#9;at sun.reflect.NativeMethodAccessorImpl.invoke(Unknown Source)&#13;&#10;&#9;at sun.reflect.DelegatingMethodAccessorImpl.invoke(Unknown Source)&#13;&#10;&#9;at java.lang.reflect.Method.invoke(Unknown Source)&#13;&#10;&#9;at org.junit.runners.model.FrameworkMethod$1.runReflectiveCall(FrameworkMethod.java:47)&#13;&#10;&#9;at org.junit.internal.runners.model.ReflectiveCallable.run(ReflectiveCallable.java:12)&#13;&#10;&#9;at org.junit.runners.model.FrameworkMethod.invokeExplosively(FrameworkMethod.java:44)&#13;&#10;&#9;at org.junit.internal.runners.statements.InvokeMethod.evaluate(InvokeMethod.java:17)&#13;&#10;&#9;at org.junit.runners.ParentRunner.runLeaf(ParentRunner.java:271)&#13;&#10;&#9;at org.junit.runners.BlockJUnit4ClassRunner.runChild(BlockJUnit4ClassRunner.java:70)&#13;&#10;&#9;at org.junit.runners.BlockJUnit4ClassRunner.runChild(BlockJUnit4ClassRunner.java:50)&#13;&#10;&#9;at org.junit.runners.ParentRunner$3.run(ParentRunner.java:238)&#13;&#10;&#9;at org.junit.runners.ParentRunner$1.schedule(ParentRunner.java:63)&#13;&#10;&#9;at org.junit.runners.ParentRunner.runChildren(ParentRunner.java:236)&#13;&#10;&#9;at org.junit.runners.ParentRunner.access$000(ParentRunner.java:53)&#13;&#10;&#9;at org.junit.runners.ParentRunner$2.evaluate(ParentRunner.java:229)&#13;&#10;&#9;at org.junit.runners.ParentRunner.run(ParentRunner.java:309)&#13;&#10;&#9;at org.eclipse.jdt.internal.junit4.runner.JUnit4TestReference.run(JUnit4TestReference.java:50)&#13;&#10;&#9;at org.eclipse.jdt.internal.junit.runner.TestExecution.run(TestExecution.java:38)&#13;&#10;&#9;at org.eclipse.jdt.internal.junit.runner.RemoteTestRunner.runTests(RemoteTestRunner.java:467)&#13;&#10;&#9;at org.eclipse.jdt.internal.junit.runner.RemoteTestRunner.runTests(RemoteTestRunner.java:683)&#13;&#10;&#9;at org.eclipse.jdt.internal.junit.runner.RemoteTestRunner.run(RemoteTestRunner.java:390)&#13;&#10;&#9;at org.codecover.juniteclipse.runner.EclipseTestRunner.main(EclipseTestRunner.java:40)" Date="1589513507876" Name="DrawTest:testCreateMenuBar">
<CovList/>
<AssgnmntList/>
<ObjMetaDataList/>
<MetaDataList/>
</TestCase>
<TestCase Comment="Failure&#10;java.lang.AssertionError: Not yet implemented&#13;&#10;&#9;at org.junit.Assert.fail(Assert.java:88)&#13;&#10;&#9;at DrawTest.testSetPenColorColor(DrawTest.java:181)&#13;&#10;&#9;at sun.reflect.NativeMethodAccessorImpl.invoke0(Native Method)&#13;&#10;&#9;at sun.reflect.NativeMethodAccessorImpl.invoke(Unknown Source)&#13;&#10;&#9;at sun.reflect.DelegatingMethodAccessorImpl.invoke(Unknown Source)&#13;&#10;&#9;at java.lang.reflect.Method.invoke(Unknown Source)&#13;&#10;&#9;at org.junit.runners.model.FrameworkMethod$1.runReflectiveCall(FrameworkMethod.java:47)&#13;&#10;&#9;at org.junit.internal.runners.model.ReflectiveCallable.run(ReflectiveCallable.java:12)&#13;&#10;&#9;at org.junit.runners.model.FrameworkMethod.invokeExplosively(FrameworkMethod.java:44)&#13;&#10;&#9;at org.junit.internal.runners.statements.InvokeMethod.evaluate(InvokeMethod.java:17)&#13;&#10;&#9;at org.junit.runners.ParentRunner.runLeaf(ParentRunner.java:271)&#13;&#10;&#9;at org.junit.runners.BlockJUnit4ClassRunner.runChild(BlockJUnit4ClassRunner.java:70)&#13;&#10;&#9;at org.junit.runners.BlockJUnit4ClassRunner.runChild(BlockJUnit4ClassRunner.java:50)&#13;&#10;&#9;at org.junit.runners.ParentRunner$3.run(ParentRunner.java:238)&#13;&#10;&#9;at org.junit.runners.ParentRunner$1.schedule(ParentRunner.java:63)&#13;&#10;&#9;at org.junit.runners.ParentRunner.runChildren(ParentRunner.java:236)&#13;&#10;&#9;at org.junit.runners.ParentRunner.access$000(ParentRunner.java:53)&#13;&#10;&#9;at org.junit.runners.ParentRunner$2.evaluate(ParentRunner.java:229)&#13;&#10;&#9;at org.junit.runners.ParentRunner.run(ParentRunner.java:309)&#13;&#10;&#9;at org.eclipse.jdt.internal.junit4.runner.JUnit4TestReference.run(JUnit4TestReference.java:50)&#13;&#10;&#9;at org.eclipse.jdt.internal.junit.runner.TestExecution.run(TestExecution.java:38)&#13;&#10;&#9;at org.eclipse.jdt.internal.junit.runner.RemoteTestRunner.runTests(RemoteTestRunner.java:467)&#13;&#10;&#9;at org.eclipse.jdt.internal.junit.runner.RemoteTestRunner.runTests(RemoteTestRunner.java:683)&#13;&#10;&#9;at org.eclipse.jdt.internal.junit.runner.RemoteTestRunner.run(RemoteTestRunner.java:390)&#13;&#10;&#9;at org.codecover.juniteclipse.runner.EclipseTestRunner.main(EclipseTestRunner.java:40)" Date="1589513507958" Name="DrawTest:testSetPenColorColor">
<CovList/>
<AssgnmntList/>
<ObjMetaDataList/>
<MetaDataList/>
</TestCase>
<TestCase Comment="Failure&#10;java.lang.AssertionError: Not yet implemented&#13;&#10;&#9;at org.junit.Assert.fail(Assert.java:88)&#13;&#10;&#9;at DrawTest.testFilledSquare(DrawTest.java:266)&#13;&#10;&#9;at sun.reflect.NativeMethodAccessorImpl.invoke0(Native Method)&#13;&#10;&#9;at sun.reflect.NativeMethodAccessorImpl.invoke(Unknown Source)&#13;&#10;&#9;at sun.reflect.DelegatingMethodAccessorImpl.invoke(Unknown Source)&#13;&#10;&#9;at java.lang.reflect.Method.invoke(Unknown Source)&#13;&#10;&#9;at org.junit.runners.model.FrameworkMethod$1.runReflectiveCall(FrameworkMethod.java:47)&#13;&#10;&#9;at org.junit.internal.runners.model.ReflectiveCallable.run(ReflectiveCallable.java:12)&#13;&#10;&#9;at org.junit.runners.model.FrameworkMethod.invokeExplosively(FrameworkMethod.java:44)&#13;&#10;&#9;at org.junit.internal.runners.statements.InvokeMethod.evaluate(InvokeMethod.java:17)&#13;&#10;&#9;at org.junit.runners.ParentRunner.runLeaf(ParentRunner.java:271)&#13;&#10;&#9;at org.junit.runners.BlockJUnit4ClassRunner.runChild(BlockJUnit4ClassRunner.java:70)&#13;&#10;&#9;at org.junit.runners.BlockJUnit4ClassRunner.runChild(BlockJUnit4ClassRunner.java:50)&#13;&#10;&#9;at org.junit.runners.ParentRunner$3.run(ParentRunner.java:238)&#13;&#10;&#9;at org.junit.runners.ParentRunner$1.schedule(ParentRunner.java:63)&#13;&#10;&#9;at org.junit.runners.ParentRunner.runChildren(ParentRunner.java:236)&#13;&#10;&#9;at org.junit.runners.ParentRunner.access$000(ParentRunner.java:53)&#13;&#10;&#9;at org.junit.runners.ParentRunner$2.evaluate(ParentRunner.java:229)&#13;&#10;&#9;at org.junit.runners.ParentRunner.run(ParentRunner.java:309)&#13;&#10;&#9;at org.eclipse.jdt.internal.junit4.runner.JUnit4TestReference.run(JUnit4TestReference.java:50)&#13;&#10;&#9;at org.eclipse.jdt.internal.junit.runner.TestExecution.run(TestExecution.java:38)&#13;&#10;&#9;at org.eclipse.jdt.internal.junit.runner.RemoteTestRunner.runTests(RemoteTestRunner.java:467)&#13;&#10;&#9;at org.eclipse.jdt.internal.junit.runner.RemoteTestRunner.runTests(RemoteTestRunner.java:683)&#13;&#10;&#9;at org.eclipse.jdt.internal.junit.runner.RemoteTestRunner.run(RemoteTestRunner.java:390)&#13;&#10;&#9;at org.codecover.juniteclipse.runner.EclipseTestRunner.main(EclipseTestRunner.java:40)" Date="1589513508086" Name="DrawTest:testFilledSquare">
<CovList/>
<AssgnmntList/>
<ObjMetaDataList/>
<MetaDataList/>
</TestCase>
<TestCase Comment="Failure&#10;java.lang.AssertionError: Not yet implemented&#13;&#10;&#9;at org.junit.Assert.fail(Assert.java:88)&#13;&#10;&#9;at DrawTest.testSetPenColorIntIntInt(DrawTest.java:186)&#13;&#10;&#9;at sun.reflect.NativeMethodAccessorImpl.invoke0(Native Method)&#13;&#10;&#9;at sun.reflect.NativeMethodAccessorImpl.invoke(Unknown Source)&#13;&#10;&#9;at sun.reflect.DelegatingMethodAccessorImpl.invoke(Unknown Source)&#13;&#10;&#9;at java.lang.reflect.Method.invoke(Unknown Source)&#13;&#10;&#9;at org.junit.runners.model.FrameworkMethod$1.runReflectiveCall(FrameworkMethod.java:47)&#13;&#10;&#9;at org.junit.internal.runners.model.ReflectiveCallable.run(ReflectiveCallable.java:12)&#13;&#10;&#9;at org.junit.runners.model.FrameworkMethod.invokeExplosively(FrameworkMethod.java:44)&#13;&#10;&#9;at org.junit.internal.runners.statements.InvokeMethod.evaluate(InvokeMethod.java:17)&#13;&#10;&#9;at org.junit.runners.ParentRunner.runLeaf(ParentRunner.java:271)&#13;&#10;&#9;at org.junit.runners.BlockJUnit4ClassRunner.runChild(BlockJUnit4ClassRunner.java:70)&#13;&#10;&#9;at org.junit.runners.BlockJUnit4ClassRunner.runChild(BlockJUnit4ClassRunner.java:50)&#13;&#10;&#9;at org.junit.runners.ParentRunner$3.run(ParentRunner.java:238)&#13;&#10;&#9;at org.junit.runners.ParentRunner$1.schedule(ParentRunner.java:63)&#13;&#10;&#9;at org.junit.runners.ParentRunner.runChildren(ParentRunner.java:236)&#13;&#10;&#9;at org.junit.runners.ParentRunner.access$000(ParentRunner.java:53)&#13;&#10;&#9;at org.junit.runners.ParentRunner$2.evaluate(ParentRunner.java:229)&#13;&#10;&#9;at org.junit.runners.ParentRunner.run(ParentRunner.java:309)&#13;&#10;&#9;at org.eclipse.jdt.internal.junit4.runner.JUnit4TestReference.run(JUnit4TestReference.java:50)&#13;&#10;&#9;at org.eclipse.jdt.internal.junit.runner.TestExecution.run(TestExecution.java:38)&#13;&#10;&#9;at org.eclipse.jdt.internal.junit.runner.RemoteTestRunner.runTests(RemoteTestRunner.java:467)&#13;&#10;&#9;at org.eclipse.jdt.internal.junit.runner.RemoteTestRunner.runTests(RemoteTestRunner.java:683)&#13;&#10;&#9;at org.eclipse.jdt.internal.junit.runner.RemoteTestRunner.run(RemoteTestRunner.java:390)&#13;&#10;&#9;at org.codecover.juniteclipse.runner.EclipseTestRunner.main(EclipseTestRunner.java:40)" Date="1589513508192" Name="DrawTest:testSetPenColorIntIntInt">
<CovList/>
<AssgnmntList/>
<ObjMetaDataList/>
<MetaDataList/>
</TestCase>
<TestCase Comment="Failure&#10;java.lang.AssertionError: Not yet implemented&#13;&#10;&#9;at org.junit.Assert.fail(Assert.java:88)&#13;&#10;&#9;at DrawTest.testPictureDoubleDoubleStringDoubleDouble(DrawTest.java:306)&#13;&#10;&#9;at sun.reflect.NativeMethodAccessorImpl.invoke0(Native Method)&#13;&#10;&#9;at sun.reflect.NativeMethodAccessorImpl.invoke(Unknown Source)&#13;&#10;&#9;at sun.reflect.DelegatingMethodAccessorImpl.invoke(Unknown Source)&#13;&#10;&#9;at java.lang.reflect.Method.invoke(Unknown Source)&#13;&#10;&#9;at org.junit.runners.model.FrameworkMethod$1.runReflectiveCall(FrameworkMethod.java:47)&#13;&#10;&#9;at org.junit.internal.runners.model.ReflectiveCallable.run(ReflectiveCallable.java:12)&#13;&#10;&#9;at org.junit.runners.model.FrameworkMethod.invokeExplosively(FrameworkMethod.java:44)&#13;&#10;&#9;at org.junit.internal.runners.statements.InvokeMethod.evaluate(InvokeMethod.java:17)&#13;&#10;&#9;at org.junit.runners.ParentRunner.runLeaf(ParentRunner.java:271)&#13;&#10;&#9;at org.junit.runners.BlockJUnit4ClassRunner.runChild(BlockJUnit4ClassRunner.java:70)&#13;&#10;&#9;at org.junit.runners.BlockJUnit4ClassRunner.runChild(BlockJUnit4ClassRunner.java:50)&#13;&#10;&#9;at org.junit.runners.ParentRunner$3.run(ParentRunner.java:238)&#13;&#10;&#9;at org.junit.runners.ParentRunner$1.schedule(ParentRunner.java:63)&#13;&#10;&#9;at org.junit.runners.ParentRunner.runChildren(ParentRunner.java:236)&#13;&#10;&#9;at org.junit.runners.ParentRunner.access$000(ParentRunner.java:53)&#13;&#10;&#9;at org.junit.runners.ParentRunner$2.evaluate(ParentRunner.java:229)&#13;&#10;&#9;at org.junit.runners.ParentRunner.run(ParentRunner.java:309)&#13;&#10;&#9;at org.eclipse.jdt.internal.junit4.runner.JUnit4TestReference.run(JUnit4TestReference.java:50)&#13;&#10;&#9;at org.eclipse.jdt.internal.junit.runner.TestExecution.run(TestExecution.java:38)&#13;&#10;&#9;at org.eclipse.jdt.internal.junit.runner.RemoteTestRunner.runTests(RemoteTestRunner.java:467)&#13;&#10;&#9;at org.eclipse.jdt.internal.junit.runner.RemoteTestRunner.runTests(RemoteTestRunner.java:683)&#13;&#10;&#9;at org.eclipse.jdt.internal.junit.runner.RemoteTestRunner.run(RemoteTestRunner.java:390)&#13;&#10;&#9;at org.codecover.juniteclipse.runner.EclipseTestRunner.main(EclipseTestRunner.java:40)" Date="1589513508324" Name="DrawTest:testPictureDoubleDoubleStringDoubleDouble">
<CovList/>
<AssgnmntList/>
<ObjMetaDataList/>
<MetaDataList/>
</TestCase>
<TestCase Comment="Failure&#10;java.lang.AssertionError: Not yet implemented&#13;&#10;&#9;at org.junit.Assert.fail(Assert.java:88)&#13;&#10;&#9;at DrawTest.testGetJLabel(DrawTest.java:201)&#13;&#10;&#9;at sun.reflect.NativeMethodAccessorImpl.invoke0(Native Method)&#13;&#10;&#9;at sun.reflect.NativeMethodAccessorImpl.invoke(Unknown Source)&#13;&#10;&#9;at sun.reflect.DelegatingMethodAccessorImpl.invoke(Unknown Source)&#13;&#10;&#9;at java.lang.reflect.Method.invoke(Unknown Source)&#13;&#10;&#9;at org.junit.runners.model.FrameworkMethod$1.runReflectiveCall(FrameworkMethod.java:47)&#13;&#10;&#9;at org.junit.internal.runners.model.ReflectiveCallable.run(ReflectiveCallable.java:12)&#13;&#10;&#9;at org.junit.runners.model.FrameworkMethod.invokeExplosively(FrameworkMethod.java:44)&#13;&#10;&#9;at org.junit.internal.runners.statements.InvokeMethod.evaluate(InvokeMethod.java:17)&#13;&#10;&#9;at org.junit.runners.ParentRunner.runLeaf(ParentRunner.java:271)&#13;&#10;&#9;at org.junit.runners.BlockJUnit4ClassRunner.runChild(BlockJUnit4ClassRunner.java:70)&#13;&#10;&#9;at org.junit.runners.BlockJUnit4ClassRunner.runChild(BlockJUnit4ClassRunner.java:50)&#13;&#10;&#9;at org.junit.runners.ParentRunner$3.run(ParentRunner.java:238)&#13;&#10;&#9;at org.junit.runners.ParentRunner$1.schedule(ParentRunner.java:63)&#13;&#10;&#9;at org.junit.runners.ParentRunner.runChildren(ParentRunner.java:236)&#13;&#10;&#9;at org.junit.runners.ParentRunner.access$000(ParentRunner.java:53)&#13;&#10;&#9;at org.junit.runners.ParentRunner$2.evaluate(ParentRunner.java:229)&#13;&#10;&#9;at org.junit.runners.ParentRunner.run(ParentRunner.java:309)&#13;&#10;&#9;at org.eclipse.jdt.internal.junit4.runner.JUnit4TestReference.run(JUnit4TestReference.java:50)&#13;&#10;&#9;at org.eclipse.jdt.internal.junit.runner.TestExecution.run(TestExecution.java:38)&#13;&#10;&#9;at org.eclipse.jdt.internal.junit.runner.RemoteTestRunner.runTests(RemoteTestRunner.java:467)&#13;&#10;&#9;at org.eclipse.jdt.internal.junit.runner.RemoteTestRunner.runTests(RemoteTestRunner.java:683)&#13;&#10;&#9;at org.eclipse.jdt.internal.junit.runner.RemoteTestRunner.run(RemoteTestRunner.java:390)&#13;&#10;&#9;at org.codecover.juniteclipse.runner.EclipseTestRunner.main(EclipseTestRunner.java:40)" Date="1589513508439" Name="DrawTest:testGetJLabel">
<CovList/>
<AssgnmntList/>
<ObjMetaDataList/>
<MetaDataList/>
</TestCase>
<TestCase Comment="Failure&#10;java.lang.AssertionError: Not yet implemented&#13;&#10;&#9;at org.junit.Assert.fail(Assert.java:88)&#13;&#10;&#9;at DrawTest.testKeyTyped(DrawTest.java:451)&#13;&#10;&#9;at sun.reflect.NativeMethodAccessorImpl.invoke0(Native Method)&#13;&#10;&#9;at sun.reflect.NativeMethodAccessorImpl.invoke(Unknown Source)&#13;&#10;&#9;at sun.reflect.DelegatingMethodAccessorImpl.invoke(Unknown Source)&#13;&#10;&#9;at java.lang.reflect.Method.invoke(Unknown Source)&#13;&#10;&#9;at org.junit.runners.model.FrameworkMethod$1.runReflectiveCall(FrameworkMethod.java:47)&#13;&#10;&#9;at org.junit.internal.runners.model.ReflectiveCallable.run(ReflectiveCallable.java:12)&#13;&#10;&#9;at org.junit.runners.model.FrameworkMethod.invokeExplosively(FrameworkMethod.java:44)&#13;&#10;&#9;at org.junit.internal.runners.statements.InvokeMethod.evaluate(InvokeMethod.java:17)&#13;&#10;&#9;at org.junit.runners.ParentRunner.runLeaf(ParentRunner.java:271)&#13;&#10;&#9;at org.junit.runners.BlockJUnit4ClassRunner.runChild(BlockJUnit4ClassRunner.java:70)&#13;&#10;&#9;at org.junit.runners.BlockJUnit4ClassRunner.runChild(BlockJUnit4ClassRunner.java:50)&#13;&#10;&#9;at org.junit.runners.ParentRunner$3.run(ParentRunner.java:238)&#13;&#10;&#9;at org.junit.runners.ParentRunner$1.schedule(ParentRunner.java:63)&#13;&#10;&#9;at org.junit.runners.ParentRunner.runChildren(ParentRunner.java:236)&#13;&#10;&#9;at org.junit.runners.ParentRunner.access$000(ParentRunner.java:53)&#13;&#10;&#9;at org.junit.runners.ParentRunner$2.evaluate(ParentRunner.java:229)&#13;&#10;&#9;at org.junit.runners.ParentRunner.run(ParentRunner.java:309)&#13;&#10;&#9;at org.eclipse.jdt.internal.junit4.runner.JUnit4TestReference.run(JUnit4TestReference.java:50)&#13;&#10;&#9;at org.eclipse.jdt.internal.junit.runner.TestExecution.run(TestExecution.java:38)&#13;&#10;&#9;at org.eclipse.jdt.internal.junit.runner.RemoteTestRunner.runTests(RemoteTestRunner.java:467)&#13;&#10;&#9;at org.eclipse.jdt.internal.junit.runner.RemoteTestRunner.runTests(RemoteTestRunner.java:683)&#13;&#10;&#9;at org.eclipse.jdt.internal.junit.runner.RemoteTestRunner.run(RemoteTestRunner.java:390)&#13;&#10;&#9;at org.codecover.juniteclipse.runner.EclipseTestRunner.main(EclipseTestRunner.java:40)" Date="1589513508545" Name="DrawTest:testKeyTyped">
<CovList/>
<AssgnmntList/>
<ObjMetaDataList/>
<MetaDataList/>
</TestCase>
<TestCase Comment="" Date="1589513508658" Name="DrawTest:testSetLocationOnScreen">
<CovList>
<CovPrefix CovItemPrefix="Draw.java">
<Cov CovItemId="B3" Value="1"/>
<Cov CovItemId="S77" Value="1"/>
<Cov CovItemId="S78" Value="1"/>
</CovPrefix>
</CovList>
<AssgnmntList>
<AssgnmntPrefix RootTermCovItemPrefix="Draw.java">
<AssgnmntListEntry Length="2" RootTermCovItemId="C2">
<MapEntry BoolAssgnmnt="12" Value="1"/>
</AssgnmntListEntry>
</AssgnmntPrefix>
</AssgnmntList>
<ObjMetaDataList/>
<MetaDataList/>
</TestCase>
<TestCase Comment="Failure&#10;java.lang.AssertionError: Not yet implemented&#13;&#10;&#9;at org.junit.Assert.fail(Assert.java:88)&#13;&#10;&#9;at DrawTest.testCircle(DrawTest.java:236)&#13;&#10;&#9;at sun.reflect.NativeMethodAccessorImpl.invoke0(Native Method)&#13;&#10;&#9;at sun.reflect.NativeMethodAccessorImpl.invoke(Unknown Source)&#13;&#10;&#9;at sun.reflect.DelegatingMethodAccessorImpl.invoke(Unknown Source)&#13;&#10;&#9;at java.lang.reflect.Method.invoke(Unknown Source)&#13;&#10;&#9;at org.junit.runners.model.FrameworkMethod$1.runReflectiveCall(FrameworkMethod.java:47)&#13;&#10;&#9;at org.junit.internal.runners.model.ReflectiveCallable.run(ReflectiveCallable.java:12)&#13;&#10;&#9;at org.junit.runners.model.FrameworkMethod.invokeExplosively(FrameworkMethod.java:44)&#13;&#10;&#9;at org.junit.internal.runners.statements.InvokeMethod.evaluate(InvokeMethod.java:17)&#13;&#10;&#9;at org.junit.runners.ParentRunner.runLeaf(ParentRunner.java:271)&#13;&#10;&#9;at org.junit.runners.BlockJUnit4ClassRunner.runChild(BlockJUnit4ClassRunner.java:70)&#13;&#10;&#9;at org.junit.runners.BlockJUnit4ClassRunner.runChild(BlockJUnit4ClassRunner.java:50)&#13;&#10;&#9;at org.junit.runners.ParentRunner$3.run(ParentRunner.java:238)&#13;&#10;&#9;at org.junit.runners.ParentRunner$1.schedule(ParentRunner.java:63)&#13;&#10;&#9;at org.junit.runners.ParentRunner.runChildren(ParentRunner.java:236)&#13;&#10;&#9;at org.junit.runners.ParentRunner.access$000(ParentRunner.java:53)&#13;&#10;&#9;at org.junit.runners.ParentRunner$2.evaluate(ParentRunner.java:229)&#13;&#10;&#9;at org.junit.runners.ParentRunner.run(ParentRunner.java:309)&#13;&#10;&#9;at org.eclipse.jdt.internal.junit4.runner.JUnit4TestReference.run(JUnit4TestReference.java:50)&#13;&#10;&#9;at org.eclipse.jdt.internal.junit.runner.TestExecution.run(TestExecution.java:38)&#13;&#10;&#9;at org.eclipse.jdt.internal.junit.runner.RemoteTestRunner.runTests(RemoteTestRunner.java:467)&#13;&#10;&#9;at org.eclipse.jdt.internal.junit.runner.RemoteTestRunner.runTests(RemoteTestRunner.java:683)&#13;&#10;&#9;at org.eclipse.jdt.internal.junit.runner.RemoteTestRunner.run(RemoteTestRunner.java:390)&#13;&#10;&#9;at org.codecover.juniteclipse.runner.EclipseTestRunner.main(EclipseTestRunner.java:40)" Date="1589513508846" Name="DrawTest:testCircle">
<CovList/>
<AssgnmntList/>
<ObjMetaDataList/>
<MetaDataList/>
</TestCase>
<TestCase Comment="Failure&#10;java.lang.AssertionError: Not yet implemented&#13;&#10;&#9;at org.junit.Assert.fail(Assert.java:88)&#13;&#10;&#9;at DrawTest.testSetXscale(DrawTest.java:82)&#13;&#10;&#9;at sun.reflect.NativeMethodAccessorImpl.invoke0(Native Method)&#13;&#10;&#9;at sun.reflect.NativeMethodAccessorImpl.invoke(Unknown Source)&#13;&#10;&#9;at sun.reflect.DelegatingMethodAccessorImpl.invoke(Unknown Source)&#13;&#10;&#9;at java.lang.reflect.Method.invoke(Unknown Source)&#13;&#10;&#9;at org.junit.runners.model.FrameworkMethod$1.runReflectiveCall(FrameworkMethod.java:47)&#13;&#10;&#9;at org.junit.internal.runners.model.ReflectiveCallable.run(ReflectiveCallable.java:12)&#13;&#10;&#9;at org.junit.runners.model.FrameworkMethod.invokeExplosively(FrameworkMethod.java:44)&#13;&#10;&#9;at org.junit.internal.runners.statements.InvokeMethod.evaluate(InvokeMethod.java:17)&#13;&#10;&#9;at org.junit.runners.ParentRunner.runLeaf(ParentRunner.java:271)&#13;&#10;&#9;at org.junit.runners.BlockJUnit4ClassRunner.runChild(BlockJUnit4ClassRunner.java:70)&#13;&#10;&#9;at org.junit.runners.BlockJUnit4ClassRunner.runChild(BlockJUnit4ClassRunner.java:50)&#13;&#10;&#9;at org.junit.runners.ParentRunner$3.run(ParentRunner.java:238)&#13;&#10;&#9;at org.junit.runners.ParentRunner$1.schedule(ParentRunner.java:63)&#13;&#10;&#9;at org.junit.runners.ParentRunner.runChildren(ParentRunner.java:236)&#13;&#10;&#9;at org.junit.runners.ParentRunner.access$000(ParentRunner.java:53)&#13;&#10;&#9;at org.junit.runners.ParentRunner$2.evaluate(ParentRunner.java:229)&#13;&#10;&#9;at org.junit.runners.ParentRunner.run(ParentRunner.java:309)&#13;&#10;&#9;at org.eclipse.jdt.internal.junit4.runner.JUnit4TestReference.run(JUnit4TestReference.java:50)&#13;&#10;&#9;at org.eclipse.jdt.internal.junit.runner.TestExecution.run(TestExecution.java:38)&#13;&#10;&#9;at org.eclipse.jdt.internal.junit.runner.RemoteTestRunner.runTests(RemoteTestRunner.java:467)&#13;&#10;&#9;at org.eclipse.jdt.internal.junit.runner.RemoteTestRunner.runTests(RemoteTestRunner.java:683)&#13;&#10;&#9;at org.eclipse.jdt.internal.junit.runner.RemoteTestRunner.run(RemoteTestRunner.java:390)&#13;&#10;&#9;at org.codecover.juniteclipse.runner.EclipseTestRunner.main(EclipseTestRunner.java:40)" Date="1589513508942" Name="DrawTest:testSetXscale">
<CovList/>
<AssgnmntList/>
<ObjMetaDataList/>
<MetaDataList/>
</TestCase>
<TestCase Comment="Failure&#10;java.lang.AssertionError: Not yet implemented&#13;&#10;&#9;at org.junit.Assert.fail(Assert.java:88)&#13;&#10;&#9;at DrawTest.testMouseEntered(DrawTest.java:401)&#13;&#10;&#9;at sun.reflect.NativeMethodAccessorImpl.invoke0(Native Method)&#13;&#10;&#9;at sun.reflect.NativeMethodAccessorImpl.invoke(Unknown Source)&#13;&#10;&#9;at sun.reflect.DelegatingMethodAccessorImpl.invoke(Unknown Source)&#13;&#10;&#9;at java.lang.reflect.Method.invoke(Unknown Source)&#13;&#10;&#9;at org.junit.runners.model.FrameworkMethod$1.runReflectiveCall(FrameworkMethod.java:47)&#13;&#10;&#9;at org.junit.internal.runners.model.ReflectiveCallable.run(ReflectiveCallable.java:12)&#13;&#10;&#9;at org.junit.runners.model.FrameworkMethod.invokeExplosively(FrameworkMethod.java:44)&#13;&#10;&#9;at org.junit.internal.runners.statements.InvokeMethod.evaluate(InvokeMethod.java:17)&#13;&#10;&#9;at org.junit.runners.ParentRunner.runLeaf(ParentRunner.java:271)&#13;&#10;&#9;at org.junit.runners.BlockJUnit4ClassRunner.runChild(BlockJUnit4ClassRunner.java:70)&#13;&#10;&#9;at org.junit.runners.BlockJUnit4ClassRunner.runChild(BlockJUnit4ClassRunner.java:50)&#13;&#10;&#9;at org.junit.runners.ParentRunner$3.run(ParentRunner.java:238)&#13;&#10;&#9;at org.junit.runners.ParentRunner$1.schedule(ParentRunner.java:63)&#13;&#10;&#9;at org.junit.runners.ParentRunner.runChildren(ParentRunner.java:236)&#13;&#10;&#9;at org.junit.runners.ParentRunner.access$000(ParentRunner.java:53)&#13;&#10;&#9;at org.junit.runners.ParentRunner$2.evaluate(ParentRunner.java:229)&#13;&#10;&#9;at org.junit.runners.ParentRunner.run(ParentRunner.java:309)&#13;&#10;&#9;at org.eclipse.jdt.internal.junit4.runner.JUnit4TestReference.run(JUnit4TestReference.java:50)&#13;&#10;&#9;at org.eclipse.jdt.internal.junit.runner.TestExecution.run(TestExecution.java:38)&#13;&#10;&#9;at org.eclipse.jdt.internal.junit.runner.RemoteTestRunner.runTests(RemoteTestRunner.java:467)&#13;&#10;&#9;at org.eclipse.jdt.internal.junit.runner.RemoteTestRunner.runTests(RemoteTestRunner.java:683)&#13;&#10;&#9;at org.eclipse.jdt.internal.junit.runner.RemoteTestRunner.run(RemoteTestRunner.java:390)&#13;&#10;&#9;at org.codecover.juniteclipse.runner.EclipseTestRunner.main(EclipseTestRunner.java:40)" Date="1589513509030" Name="DrawTest:testMouseEntered">
<CovList/>
<AssgnmntList/>
<ObjMetaDataList/>
<MetaDataList/>
</TestCase>
<TestCase Comment="Failure&#10;java.lang.AssertionError: Not yet implemented&#13;&#10;&#9;at org.junit.Assert.fail(Assert.java:88)&#13;&#10;&#9;at DrawTest.testSetYscale(DrawTest.java:87)&#13;&#10;&#9;at sun.reflect.NativeMethodAccessorImpl.invoke0(Native Method)&#13;&#10;&#9;at sun.reflect.NativeMethodAccessorImpl.invoke(Unknown Source)&#13;&#10;&#9;at sun.reflect.DelegatingMethodAccessorImpl.invoke(Unknown Source)&#13;&#10;&#9;at java.lang.reflect.Method.invoke(Unknown Source)&#13;&#10;&#9;at org.junit.runners.model.FrameworkMethod$1.runReflectiveCall(FrameworkMethod.java:47)&#13;&#10;&#9;at org.junit.internal.runners.model.ReflectiveCallable.run(ReflectiveCallable.java:12)&#13;&#10;&#9;at org.junit.runners.model.FrameworkMethod.invokeExplosively(FrameworkMethod.java:44)&#13;&#10;&#9;at org.junit.internal.runners.statements.InvokeMethod.evaluate(InvokeMethod.java:17)&#13;&#10;&#9;at org.junit.runners.ParentRunner.runLeaf(ParentRunner.java:271)&#13;&#10;&#9;at org.junit.runners.BlockJUnit4ClassRunner.runChild(BlockJUnit4ClassRunner.java:70)&#13;&#10;&#9;at org.junit.runners.BlockJUnit4ClassRunner.runChild(BlockJUnit4ClassRunner.java:50)&#13;&#10;&#9;at org.junit.runners.ParentRunner$3.run(ParentRunner.java:238)&#13;&#10;&#9;at org.junit.runners.ParentRunner$1.schedule(ParentRunner.java:63)&#13;&#10;&#9;at org.junit.runners.ParentRunner.runChildren(ParentRunner.java:236)&#13;&#10;&#9;at org.junit.runners.ParentRunner.access$000(ParentRunner.java:53)&#13;&#10;&#9;at org.junit.runners.ParentRunner$2.evaluate(ParentRunner.java:229)&#13;&#10;&#9;at org.junit.runners.ParentRunner.run(ParentRunner.java:309)&#13;&#10;&#9;at org.eclipse.jdt.internal.junit4.runner.JUnit4TestReference.run(JUnit4TestReference.java:50)&#13;&#10;&#9;at org.eclipse.jdt.internal.junit.runner.TestExecution.run(TestExecution.java:38)&#13;&#10;&#9;at org.eclipse.jdt.internal.junit.runner.RemoteTestRunner.runTests(RemoteTestRunner.java:467)&#13;&#10;&#9;at org.eclipse.jdt.internal.junit.runner.RemoteTestRunner.runTests(RemoteTestRunner.java:683)&#13;&#10;&#9;at org.eclipse.jdt.internal.junit.runner.RemoteTestRunner.run(RemoteTestRunner.java:390)&#13;&#10;&#9;at org.codecover.juniteclipse.runner.EclipseTestRunner.main(EclipseTestRunner.java:40)" Date="1589513509105" Name="DrawTest:testSetYscale">
<CovList/>
<AssgnmntList/>
<ObjMetaDataList/>
<MetaDataList/>
</TestCase>
<TestCase Comment="Failure&#10;java.lang.AssertionError: Not yet implemented&#13;&#10;&#9;at org.junit.Assert.fail(Assert.java:88)&#13;&#10;&#9;at DrawTest.testPictureDoubleDoubleStringDouble(DrawTest.java:301)&#13;&#10;&#9;at sun.reflect.NativeMethodAccessorImpl.invoke0(Native Method)&#13;&#10;&#9;at sun.reflect.NativeMethodAccessorImpl.invoke(Unknown Source)&#13;&#10;&#9;at sun.reflect.DelegatingMethodAccessorImpl.invoke(Unknown Source)&#13;&#10;&#9;at java.lang.reflect.Method.invoke(Unknown Source)&#13;&#10;&#9;at org.junit.runners.model.FrameworkMethod$1.runReflectiveCall(FrameworkMethod.java:47)&#13;&#10;&#9;at org.junit.internal.runners.model.ReflectiveCallable.run(ReflectiveCallable.java:12)&#13;&#10;&#9;at org.junit.runners.model.FrameworkMethod.invokeExplosively(FrameworkMethod.java:44)&#13;&#10;&#9;at org.junit.internal.runners.statements.InvokeMethod.evaluate(InvokeMethod.java:17)&#13;&#10;&#9;at org.junit.runners.ParentRunner.runLeaf(ParentRunner.java:271)&#13;&#10;&#9;at org.junit.runners.BlockJUnit4ClassRunner.runChild(BlockJUnit4ClassRunner.java:70)&#13;&#10;&#9;at org.junit.runners.BlockJUnit4ClassRunner.runChild(BlockJUnit4ClassRunner.java:50)&#13;&#10;&#9;at org.junit.runners.ParentRunner$3.run(ParentRunner.java:238)&#13;&#10;&#9;at org.junit.runners.ParentRunner$1.schedule(ParentRunner.java:63)&#13;&#10;&#9;at org.junit.runners.ParentRunner.runChildren(ParentRunner.java:236)&#13;&#10;&#9;at org.junit.runners.ParentRunner.access$000(ParentRunner.java:53)&#13;&#10;&#9;at org.junit.runners.ParentRunner$2.evaluate(ParentRunner.java:229)&#13;&#10;&#9;at org.junit.runners.ParentRunner.run(ParentRunner.java:309)&#13;&#10;&#9;at org.eclipse.jdt.internal.junit4.runner.JUnit4TestReference.run(JUnit4TestReference.java:50)&#13;&#10;&#9;at org.eclipse.jdt.internal.junit.runner.TestExecution.run(TestExecution.java:38)&#13;&#10;&#9;at org.eclipse.jdt.internal.junit.runner.RemoteTestRunner.runTests(RemoteTestRunner.java:467)&#13;&#10;&#9;at org.eclipse.jdt.internal.junit.runner.RemoteTestRunner.runTests(RemoteTestRunner.java:683)&#13;&#10;&#9;at org.eclipse.jdt.internal.junit.runner.RemoteTestRunner.run(RemoteTestRunner.java:390)&#13;&#10;&#9;at org.codecover.juniteclipse.runner.EclipseTestRunner.main(EclipseTestRunner.java:40)" Date="1589513509173" Name="DrawTest:testPictureDoubleDoubleStringDouble">
<CovList/>
<AssgnmntList/>
<ObjMetaDataList/>
<MetaDataList/>
</TestCase>
<TestCase Comment="Failure&#10;java.lang.AssertionError: Not yet implemented&#13;&#10;&#9;at org.junit.Assert.fail(Assert.java:88)&#13;&#10;&#9;at DrawTest.testMouseX(DrawTest.java:391)&#13;&#10;&#9;at sun.reflect.NativeMethodAccessorImpl.invoke0(Native Method)&#13;&#10;&#9;at sun.reflect.NativeMethodAccessorImpl.invoke(Unknown Source)&#13;&#10;&#9;at sun.reflect.DelegatingMethodAccessorImpl.invoke(Unknown Source)&#13;&#10;&#9;at java.lang.reflect.Method.invoke(Unknown Source)&#13;&#10;&#9;at org.junit.runners.model.FrameworkMethod$1.runReflectiveCall(FrameworkMethod.java:47)&#13;&#10;&#9;at org.junit.internal.runners.model.ReflectiveCallable.run(ReflectiveCallable.java:12)&#13;&#10;&#9;at org.junit.runners.model.FrameworkMethod.invokeExplosively(FrameworkMethod.java:44)&#13;&#10;&#9;at org.junit.internal.runners.statements.InvokeMethod.evaluate(InvokeMethod.java:17)&#13;&#10;&#9;at org.junit.runners.ParentRunner.runLeaf(ParentRunner.java:271)&#13;&#10;&#9;at org.junit.runners.BlockJUnit4ClassRunner.runChild(BlockJUnit4ClassRunner.java:70)&#13;&#10;&#9;at org.junit.runners.BlockJUnit4ClassRunner.runChild(BlockJUnit4ClassRunner.java:50)&#13;&#10;&#9;at org.junit.runners.ParentRunner$3.run(ParentRunner.java:238)&#13;&#10;&#9;at org.junit.runners.ParentRunner$1.schedule(ParentRunner.java:63)&#13;&#10;&#9;at org.junit.runners.ParentRunner.runChildren(ParentRunner.java:236)&#13;&#10;&#9;at org.junit.runners.ParentRunner.access$000(ParentRunner.java:53)&#13;&#10;&#9;at org.junit.runners.ParentRunner$2.evaluate(ParentRunner.java:229)&#13;&#10;&#9;at org.junit.runners.ParentRunner.run(ParentRunner.java:309)&#13;&#10;&#9;at org.eclipse.jdt.internal.junit4.runner.JUnit4TestReference.run(JUnit4TestReference.java:50)&#13;&#10;&#9;at org.eclipse.jdt.internal.junit.runner.TestExecution.run(TestExecution.java:38)&#13;&#10;&#9;at org.eclipse.jdt.internal.junit.runner.RemoteTestRunner.runTests(RemoteTestRunner.java:467)&#13;&#10;&#9;at org.eclipse.jdt.internal.junit.runner.RemoteTestRunner.runTests(RemoteTestRunner.java:683)&#13;&#10;&#9;at org.eclipse.jdt.internal.junit.runner.RemoteTestRunner.run(RemoteTestRunner.java:390)&#13;&#10;&#9;at org.codecover.juniteclipse.runner.EclipseTestRunner.main(EclipseTestRunner.java:40)" Date="1589513509253" Name="DrawTest:testMouseX">
<CovList/>
<AssgnmntList/>
<ObjMetaDataList/>
<MetaDataList/>
</TestCase>
<TestCase Comment="Failure&#10;java.lang.AssertionError: Not yet implemented&#13;&#10;&#9;at org.junit.Assert.fail(Assert.java:88)&#13;&#10;&#9;at DrawTest.testMouseY(DrawTest.java:396)&#13;&#10;&#9;at sun.reflect.NativeMethodAccessorImpl.invoke0(Native Method)&#13;&#10;&#9;at sun.reflect.NativeMethodAccessorImpl.invoke(Unknown Source)&#13;&#10;&#9;at sun.reflect.DelegatingMethodAccessorImpl.invoke(Unknown Source)&#13;&#10;&#9;at java.lang.reflect.Method.invoke(Unknown Source)&#13;&#10;&#9;at org.junit.runners.model.FrameworkMethod$1.runReflectiveCall(FrameworkMethod.java:47)&#13;&#10;&#9;at org.junit.internal.runners.model.ReflectiveCallable.run(ReflectiveCallable.java:12)&#13;&#10;&#9;at org.junit.runners.model.FrameworkMethod.invokeExplosively(FrameworkMethod.java:44)&#13;&#10;&#9;at org.junit.internal.runners.statements.InvokeMethod.evaluate(InvokeMethod.java:17)&#13;&#10;&#9;at org.junit.runners.ParentRunner.runLeaf(ParentRunner.java:271)&#13;&#10;&#9;at org.junit.runners.BlockJUnit4ClassRunner.runChild(BlockJUnit4ClassRunner.java:70)&#13;&#10;&#9;at org.junit.runners.BlockJUnit4ClassRunner.runChild(BlockJUnit4ClassRunner.java:50)&#13;&#10;&#9;at org.junit.runners.ParentRunner$3.run(ParentRunner.java:238)&#13;&#10;&#9;at org.junit.runners.ParentRunner$1.schedule(ParentRunner.java:63)&#13;&#10;&#9;at org.junit.runners.ParentRunner.runChildren(ParentRunner.java:236)&#13;&#10;&#9;at org.junit.runners.ParentRunner.access$000(ParentRunner.java:53)&#13;&#10;&#9;at org.junit.runners.ParentRunner$2.evaluate(ParentRunner.java:229)&#13;&#10;&#9;at org.junit.runners.ParentRunner.run(ParentRunner.java:309)&#13;&#10;&#9;at org.eclipse.jdt.internal.junit4.runner.JUnit4TestReference.run(JUnit4TestReference.java:50)&#13;&#10;&#9;at org.eclipse.jdt.internal.junit.runner.TestExecution.run(TestExecution.java:38)&#13;&#10;&#9;at org.eclipse.jdt.internal.junit.runner.RemoteTestRunner.runTests(RemoteTestRunner.java:467)&#13;&#10;&#9;at org.eclipse.jdt.internal.junit.runner.RemoteTestRunner.runTests(RemoteTestRunner.java:683)&#13;&#10;&#9;at org.eclipse.jdt.internal.junit.runner.RemoteTestRunner.run(RemoteTestRunner.java:390)&#13;&#10;&#9;at org.codecover.juniteclipse.runner.EclipseTestRunner.main(EclipseTestRunner.java:40)" Date="1589513509324" Name="DrawTest:testMouseY">
<CovList/>
<AssgnmntList/>
<ObjMetaDataList/>
<MetaDataList/>
</TestCase>
<TestCase Comment="Failure&#10;java.lang.AssertionError: Not yet implemented&#13;&#10;&#9;at org.junit.Assert.fail(Assert.java:88)&#13;&#10;&#9;at DrawTest.testSetFont(DrawTest.java:211)&#13;&#10;&#9;at sun.reflect.NativeMethodAccessorImpl.invoke0(Native Method)&#13;&#10;&#9;at sun.reflect.NativeMethodAccessorImpl.invoke(Unknown Source)&#13;&#10;&#9;at sun.reflect.DelegatingMethodAccessorImpl.invoke(Unknown Source)&#13;&#10;&#9;at java.lang.reflect.Method.invoke(Unknown Source)&#13;&#10;&#9;at org.junit.runners.model.FrameworkMethod$1.runReflectiveCall(FrameworkMethod.java:47)&#13;&#10;&#9;at org.junit.internal.runners.model.ReflectiveCallable.run(ReflectiveCallable.java:12)&#13;&#10;&#9;at org.junit.runners.model.FrameworkMethod.invokeExplosively(FrameworkMethod.java:44)&#13;&#10;&#9;at org.junit.internal.runners.statements.InvokeMethod.evaluate(InvokeMethod.java:17)&#13;&#10;&#9;at org.junit.runners.ParentRunner.runLeaf(ParentRunner.java:271)&#13;&#10;&#9;at org.junit.runners.BlockJUnit4ClassRunner.runChild(BlockJUnit4ClassRunner.java:70)&#13;&#10;&#9;at org.junit.runners.BlockJUnit4ClassRunner.runChild(BlockJUnit4ClassRunner.java:50)&#13;&#10;&#9;at org.junit.runners.ParentRunner$3.run(ParentRunner.java:238)&#13;&#10;&#9;at org.junit.runners.ParentRunner$1.schedule(ParentRunner.java:63)&#13;&#10;&#9;at org.junit.runners.ParentRunner.runChildren(ParentRunner.java:236)&#13;&#10;&#9;at org.junit.runners.ParentRunner.access$000(ParentRunner.java:53)&#13;&#10;&#9;at org.junit.runners.ParentRunner$2.evaluate(ParentRunner.java:229)&#13;&#10;&#9;at org.junit.runners.ParentRunner.run(ParentRunner.java:309)&#13;&#10;&#9;at org.eclipse.jdt.internal.junit4.runner.JUnit4TestReference.run(JUnit4TestReference.java:50)&#13;&#10;&#9;at org.eclipse.jdt.internal.junit.runner.TestExecution.run(TestExecution.java:38)&#13;&#10;&#9;at org.eclipse.jdt.internal.junit.runner.RemoteTestRunner.runTests(RemoteTestRunner.java:467)&#13;&#10;&#9;at org.eclipse.jdt.internal.junit.runner.RemoteTestRunner.runTests(RemoteTestRunner.java:683)&#13;&#10;&#9;at org.eclipse.jdt.internal.junit.runner.RemoteTestRunner.run(RemoteTestRunner.java:390)&#13;&#10;&#9;at org.codecover.juniteclipse.runner.EclipseTestRunner.main(EclipseTestRunner.java:40)" Date="1589513509405" Name="DrawTest:testSetFont">
<CovList/>
<AssgnmntList/>
<ObjMetaDataList/>
<MetaDataList/>
</TestCase>
<TestCase Comment="" Date="1589513509559" Name="DrawTest:testSetPenColor">
<CovList>
<CovPrefix CovItemPrefix="Draw.java">
<Cov CovItemId="B19" Value="1"/>
<Cov CovItemId="S142" Value="1"/>
<Cov CovItemId="S143" Value="1"/>
</CovPrefix>
</CovList>
<AssgnmntList>
<AssgnmntPrefix RootTermCovItemPrefix="Draw.java">
<AssgnmntListEntry Length="2" RootTermCovItemId="C10">
<MapEntry BoolAssgnmnt="01" Value="1"/>
</AssgnmntListEntry>
</AssgnmntPrefix>
</AssgnmntList>
<ObjMetaDataList/>
<MetaDataList/>
</TestCase>
<TestCase Comment="Failure&#10;java.lang.AssertionError: Not yet implemented&#13;&#10;&#9;at org.junit.Assert.fail(Assert.java:88)&#13;&#10;&#9;at DrawTest.testGetPenRadius(DrawTest.java:156)&#13;&#10;&#9;at sun.reflect.NativeMethodAccessorImpl.invoke0(Native Method)&#13;&#10;&#9;at sun.reflect.NativeMethodAccessorImpl.invoke(Unknown Source)&#13;&#10;&#9;at sun.reflect.DelegatingMethodAccessorImpl.invoke(Unknown Source)&#13;&#10;&#9;at java.lang.reflect.Method.invoke(Unknown Source)&#13;&#10;&#9;at org.junit.runners.model.FrameworkMethod$1.runReflectiveCall(FrameworkMethod.java:47)&#13;&#10;&#9;at org.junit.internal.runners.model.ReflectiveCallable.run(ReflectiveCallable.java:12)&#13;&#10;&#9;at org.junit.runners.model.FrameworkMethod.invokeExplosively(FrameworkMethod.java:44)&#13;&#10;&#9;at org.junit.internal.runners.statements.InvokeMethod.evaluate(InvokeMethod.java:17)&#13;&#10;&#9;at org.junit.runners.ParentRunner.runLeaf(ParentRunner.java:271)&#13;&#10;&#9;at org.junit.runners.BlockJUnit4ClassRunner.runChild(BlockJUnit4ClassRunner.java:70)&#13;&#10;&#9;at org.junit.runners.BlockJUnit4ClassRunner.runChild(BlockJUnit4ClassRunner.java:50)&#13;&#10;&#9;at org.junit.runners.ParentRunner$3.run(ParentRunner.java:238)&#13;&#10;&#9;at org.junit.runners.ParentRunner$1.schedule(ParentRunner.java:63)&#13;&#10;&#9;at org.junit.runners.ParentRunner.runChildren(ParentRunner.java:236)&#13;&#10;&#9;at org.junit.runners.ParentRunner.access$000(ParentRunner.java:53)&#13;&#10;&#9;at org.junit.runners.ParentRunner$2.evaluate(ParentRunner.java:229)&#13;&#10;&#9;at org.junit.runners.ParentRunner.run(ParentRunner.java:309)&#13;&#10;&#9;at org.eclipse.jdt.internal.junit4.runner.JUnit4TestReference.run(JUnit4TestReference.java:50)&#13;&#10;&#9;at org.eclipse.jdt.internal.junit.runner.TestExecution.run(TestExecution.java:38)&#13;&#10;&#9;at org.eclipse.jdt.internal.junit.runner.RemoteTestRunner.runTests(RemoteTestRunner.java:467)&#13;&#10;&#9;at org.eclipse.jdt.internal.junit.runner.RemoteTestRunner.runTests(RemoteTestRunner.java:683)&#13;&#10;&#9;at org.eclipse.jdt.internal.junit.runner.RemoteTestRunner.run(RemoteTestRunner.java:390)&#13;&#10;&#9;at org.codecover.juniteclipse.runner.EclipseTestRunner.main(EclipseTestRunner.java:40)" Date="1589513509656" Name="DrawTest:testGetPenRadius">
<CovList/>
<AssgnmntList/>
<ObjMetaDataList/>
<MetaDataList/>
</TestCase>
<TestCase Comment="Failure&#10;java.lang.AssertionError: Not yet implemented&#13;&#10;&#9;at org.junit.Assert.fail(Assert.java:88)&#13;&#10;&#9;at DrawTest.testShowInt(DrawTest.java:336)&#13;&#10;&#9;at sun.reflect.NativeMethodAccessorImpl.invoke0(Native Method)&#13;&#10;&#9;at sun.reflect.NativeMethodAccessorImpl.invoke(Unknown Source)&#13;&#10;&#9;at sun.reflect.DelegatingMethodAccessorImpl.invoke(Unknown Source)&#13;&#10;&#9;at java.lang.reflect.Method.invoke(Unknown Source)&#13;&#10;&#9;at org.junit.runners.model.FrameworkMethod$1.runReflectiveCall(FrameworkMethod.java:47)&#13;&#10;&#9;at org.junit.internal.runners.model.ReflectiveCallable.run(ReflectiveCallable.java:12)&#13;&#10;&#9;at org.junit.runners.model.FrameworkMethod.invokeExplosively(FrameworkMethod.java:44)&#13;&#10;&#9;at org.junit.internal.runners.statements.InvokeMethod.evaluate(InvokeMethod.java:17)&#13;&#10;&#9;at org.junit.runners.ParentRunner.runLeaf(ParentRunner.java:271)&#13;&#10;&#9;at org.junit.runners.BlockJUnit4ClassRunner.runChild(BlockJUnit4ClassRunner.java:70)&#13;&#10;&#9;at org.junit.runners.BlockJUnit4ClassRunner.runChild(BlockJUnit4ClassRunner.java:50)&#13;&#10;&#9;at org.junit.runners.ParentRunner$3.run(ParentRunner.java:238)&#13;&#10;&#9;at org.junit.runners.ParentRunner$1.schedule(ParentRunner.java:63)&#13;&#10;&#9;at org.junit.runners.ParentRunner.runChildren(ParentRunner.java:236)&#13;&#10;&#9;at org.junit.runners.ParentRunner.access$000(ParentRunner.java:53)&#13;&#10;&#9;at org.junit.runners.ParentRunner$2.evaluate(ParentRunner.java:229)&#13;&#10;&#9;at org.junit.runners.ParentRunner.run(ParentRunner.java:309)&#13;&#10;&#9;at org.eclipse.jdt.internal.junit4.runner.JUnit4TestReference.run(JUnit4TestReference.java:50)&#13;&#10;&#9;at org.eclipse.jdt.internal.junit.runner.TestExecution.run(TestExecution.java:38)&#13;&#10;&#9;at org.eclipse.jdt.internal.junit.runner.RemoteTestRunner.runTests(RemoteTestRunner.java:467)&#13;&#10;&#9;at org.eclipse.jdt.internal.junit.runner.RemoteTestRunner.runTests(RemoteTestRunner.java:683)&#13;&#10;&#9;at org.eclipse.jdt.internal.junit.runner.RemoteTestRunner.run(RemoteTestRunner.java:390)&#13;&#10;&#9;at org.codecover.juniteclipse.runner.EclipseTestRunner.main(EclipseTestRunner.java:40)" Date="1589513509752" Name="DrawTest:testShowInt">
<CovList/>
<AssgnmntList/>
<ObjMetaDataList/>
<MetaDataList/>
</TestCase>
<TestCase Comment="Failure&#10;java.lang.AssertionError: Not yet implemented&#13;&#10;&#9;at org.junit.Assert.fail(Assert.java:88)&#13;&#10;&#9;at DrawTest.testSetFontFont(DrawTest.java:216)&#13;&#10;&#9;at sun.reflect.NativeMethodAccessorImpl.invoke0(Native Method)&#13;&#10;&#9;at sun.reflect.NativeMethodAccessorImpl.invoke(Unknown Source)&#13;&#10;&#9;at sun.reflect.DelegatingMethodAccessorImpl.invoke(Unknown Source)&#13;&#10;&#9;at java.lang.reflect.Method.invoke(Unknown Source)&#13;&#10;&#9;at org.junit.runners.model.FrameworkMethod$1.runReflectiveCall(FrameworkMethod.java:47)&#13;&#10;&#9;at org.junit.internal.runners.model.ReflectiveCallable.run(ReflectiveCallable.java:12)&#13;&#10;&#9;at org.junit.runners.model.FrameworkMethod.invokeExplosively(FrameworkMethod.java:44)&#13;&#10;&#9;at org.junit.internal.runners.statements.InvokeMethod.evaluate(InvokeMethod.java:17)&#13;&#10;&#9;at org.junit.runners.ParentRunner.runLeaf(ParentRunner.java:271)&#13;&#10;&#9;at org.junit.runners.BlockJUnit4ClassRunner.runChild(BlockJUnit4ClassRunner.java:70)&#13;&#10;&#9;at org.junit.runners.BlockJUnit4ClassRunner.runChild(BlockJUnit4ClassRunner.java:50)&#13;&#10;&#9;at org.junit.runners.ParentRunner$3.run(ParentRunner.java:238)&#13;&#10;&#9;at org.junit.runners.ParentRunner$1.schedule(ParentRunner.java:63)&#13;&#10;&#9;at org.junit.runners.ParentRunner.runChildren(ParentRunner.java:236)&#13;&#10;&#9;at org.junit.runners.ParentRunner.access$000(ParentRunner.java:53)&#13;&#10;&#9;at org.junit.runners.ParentRunner$2.evaluate(ParentRunner.java:229)&#13;&#10;&#9;at org.junit.runners.ParentRunner.run(ParentRunner.java:309)&#13;&#10;&#9;at org.eclipse.jdt.internal.junit4.runner.JUnit4TestReference.run(JUnit4TestReference.java:50)&#13;&#10;&#9;at org.eclipse.jdt.internal.junit.runner.TestExecution.run(TestExecution.java:38)&#13;&#10;&#9;at org.eclipse.jdt.internal.junit.runner.RemoteTestRunner.runTests(RemoteTestRunner.java:467)&#13;&#10;&#9;at org.eclipse.jdt.internal.junit.runner.RemoteTestRunner.runTests(RemoteTestRunner.java:683)&#13;&#10;&#9;at org.eclipse.jdt.internal.junit.runner.RemoteTestRunner.run(RemoteTestRunner.java:390)&#13;&#10;&#9;at org.codecover.juniteclipse.runner.EclipseTestRunner.main(EclipseTestRunner.java:40)" Date="1589513509892" Name="DrawTest:testSetFontFont">
<CovList/>
<AssgnmntList/>
<ObjMetaDataList/>
<MetaDataList/>
</TestCase>
<TestCase Comment="Failure&#10;java.lang.AssertionError: Not yet implemented&#13;&#10;&#9;at org.junit.Assert.fail(Assert.java:88)&#13;&#10;&#9;at DrawTest.testGetPenColor(DrawTest.java:171)&#13;&#10;&#9;at sun.reflect.NativeMethodAccessorImpl.invoke0(Native Method)&#13;&#10;&#9;at sun.reflect.NativeMethodAccessorImpl.invoke(Unknown Source)&#13;&#10;&#9;at sun.reflect.DelegatingMethodAccessorImpl.invoke(Unknown Source)&#13;&#10;&#9;at java.lang.reflect.Method.invoke(Unknown Source)&#13;&#10;&#9;at org.junit.runners.model.FrameworkMethod$1.runReflectiveCall(FrameworkMethod.java:47)&#13;&#10;&#9;at org.junit.internal.runners.model.ReflectiveCallable.run(ReflectiveCallable.java:12)&#13;&#10;&#9;at org.junit.runners.model.FrameworkMethod.invokeExplosively(FrameworkMethod.java:44)&#13;&#10;&#9;at org.junit.internal.runners.statements.InvokeMethod.evaluate(InvokeMethod.java:17)&#13;&#10;&#9;at org.junit.runners.ParentRunner.runLeaf(ParentRunner.java:271)&#13;&#10;&#9;at org.junit.runners.BlockJUnit4ClassRunner.runChild(BlockJUnit4ClassRunner.java:70)&#13;&#10;&#9;at org.junit.runners.BlockJUnit4ClassRunner.runChild(BlockJUnit4ClassRunner.java:50)&#13;&#10;&#9;at org.junit.runners.ParentRunner$3.run(ParentRunner.java:238)&#13;&#10;&#9;at org.junit.runners.ParentRunner$1.schedule(ParentRunner.java:63)&#13;&#10;&#9;at org.junit.runners.ParentRunner.runChildren(ParentRunner.java:236)&#13;&#10;&#9;at org.junit.runners.ParentRunner.access$000(ParentRunner.java:53)&#13;&#10;&#9;at org.junit.runners.ParentRunner$2.evaluate(ParentRunner.java:229)&#13;&#10;&#9;at org.junit.runners.ParentRunner.run(ParentRunner.java:309)&#13;&#10;&#9;at org.eclipse.jdt.internal.junit4.runner.JUnit4TestReference.run(JUnit4TestReference.java:50)&#13;&#10;&#9;at org.eclipse.jdt.internal.junit.runner.TestExecution.run(TestExecution.java:38)&#13;&#10;&#9;at org.eclipse.jdt.internal.junit.runner.RemoteTestRunner.runTests(RemoteTestRunner.java:467)&#13;&#10;&#9;at org.eclipse.jdt.internal.junit.runner.RemoteTestRunner.runTests(RemoteTestRunner.java:683)&#13;&#10;&#9;at org.eclipse.jdt.internal.junit.runner.RemoteTestRunner.run(RemoteTestRunner.java:390)&#13;&#10;&#9;at org.codecover.juniteclipse.runner.EclipseTestRunner.main(EclipseTestRunner.java:40)" Date="1589513510006" Name="DrawTest:testGetPenColor">
<CovList/>
<AssgnmntList/>
<ObjMetaDataList/>
<MetaDataList/>
</TestCase>
<TestCase Comment="Failure&#10;java.lang.AssertionError: Not yet implemented&#13;&#10;&#9;at org.junit.Assert.fail(Assert.java:88)&#13;&#10;&#9;at DrawTest.testScaleX(DrawTest.java:116)&#13;&#10;&#9;at sun.reflect.NativeMethodAccessorImpl.invoke0(Native Method)&#13;&#10;&#9;at sun.reflect.NativeMethodAccessorImpl.invoke(Unknown Source)&#13;&#10;&#9;at sun.reflect.DelegatingMethodAccessorImpl.invoke(Unknown Source)&#13;&#10;&#9;at java.lang.reflect.Method.invoke(Unknown Source)&#13;&#10;&#9;at org.junit.runners.model.FrameworkMethod$1.runReflectiveCall(FrameworkMethod.java:47)&#13;&#10;&#9;at org.junit.internal.runners.model.ReflectiveCallable.run(ReflectiveCallable.java:12)&#13;&#10;&#9;at org.junit.runners.model.FrameworkMethod.invokeExplosively(FrameworkMethod.java:44)&#13;&#10;&#9;at org.junit.internal.runners.statements.InvokeMethod.evaluate(InvokeMethod.java:17)&#13;&#10;&#9;at org.junit.runners.ParentRunner.runLeaf(ParentRunner.java:271)&#13;&#10;&#9;at org.junit.runners.BlockJUnit4ClassRunner.runChild(BlockJUnit4ClassRunner.java:70)&#13;&#10;&#9;at org.junit.runners.BlockJUnit4ClassRunner.runChild(BlockJUnit4ClassRunner.java:50)&#13;&#10;&#9;at org.junit.runners.ParentRunner$3.run(ParentRunner.java:238)&#13;&#10;&#9;at org.junit.runners.ParentRunner$1.schedule(ParentRunner.java:63)&#13;&#10;&#9;at org.junit.runners.ParentRunner.runChildren(ParentRunner.java:236)&#13;&#10;&#9;at org.junit.runners.ParentRunner.access$000(ParentRunner.java:53)&#13;&#10;&#9;at org.junit.runners.ParentRunner$2.evaluate(ParentRunner.java:229)&#13;&#10;&#9;at org.junit.runners.ParentRunner.run(ParentRunner.java:309)&#13;&#10;&#9;at org.eclipse.jdt.internal.junit4.runner.JUnit4TestReference.run(JUnit4TestReference.java:50)&#13;&#10;&#9;at org.eclipse.jdt.internal.junit.runner.TestExecution.run(TestExecution.java:38)&#13;&#10;&#9;at org.eclipse.jdt.internal.junit.runner.RemoteTestRunner.runTests(RemoteTestRunner.java:467)&#13;&#10;&#9;at org.eclipse.jdt.internal.junit.runner.RemoteTestRunner.runTests(RemoteTestRunner.java:683)&#13;&#10;&#9;at org.eclipse.jdt.internal.junit.runner.RemoteTestRunner.run(RemoteTestRunner.java:390)&#13;&#10;&#9;at org.codecover.juniteclipse.runner.EclipseTestRunner.main(EclipseTestRunner.java:40)" Date="1589513510097" Name="DrawTest:testScaleX">
<CovList/>
<AssgnmntList/>
<ObjMetaDataList/>
<MetaDataList/>
</TestCase>
<TestCase Comment="Failure&#10;java.lang.AssertionError: Not yet implemented&#13;&#10;&#9;at org.junit.Assert.fail(Assert.java:88)&#13;&#10;&#9;at DrawTest.testScaleY(DrawTest.java:121)&#13;&#10;&#9;at sun.reflect.NativeMethodAccessorImpl.invoke0(Native Method)&#13;&#10;&#9;at sun.reflect.NativeMethodAccessorImpl.invoke(Unknown Source)&#13;&#10;&#9;at sun.reflect.DelegatingMethodAccessorImpl.invoke(Unknown Source)&#13;&#10;&#9;at java.lang.reflect.Method.invoke(Unknown Source)&#13;&#10;&#9;at org.junit.runners.model.FrameworkMethod$1.runReflectiveCall(FrameworkMethod.java:47)&#13;&#10;&#9;at org.junit.internal.runners.model.ReflectiveCallable.run(ReflectiveCallable.java:12)&#13;&#10;&#9;at org.junit.runners.model.FrameworkMethod.invokeExplosively(FrameworkMethod.java:44)&#13;&#10;&#9;at org.junit.internal.runners.statements.InvokeMethod.evaluate(InvokeMethod.java:17)&#13;&#10;&#9;at org.junit.runners.ParentRunner.runLeaf(ParentRunner.java:271)&#13;&#10;&#9;at org.junit.runners.BlockJUnit4ClassRunner.runChild(BlockJUnit4ClassRunner.java:70)&#13;&#10;&#9;at org.junit.runners.BlockJUnit4ClassRunner.runChild(BlockJUnit4ClassRunner.java:50)&#13;&#10;&#9;at org.junit.runners.ParentRunner$3.run(ParentRunner.java:238)&#13;&#10;&#9;at org.junit.runners.ParentRunner$1.schedule(ParentRunner.java:63)&#13;&#10;&#9;at org.junit.runners.ParentRunner.runChildren(ParentRunner.java:236)&#13;&#10;&#9;at org.junit.runners.ParentRunner.access$000(ParentRunner.java:53)&#13;&#10;&#9;at org.junit.runners.ParentRunner$2.evaluate(ParentRunner.java:229)&#13;&#10;&#9;at org.junit.runners.ParentRunner.run(ParentRunner.java:309)&#13;&#10;&#9;at org.eclipse.jdt.internal.junit4.runner.JUnit4TestReference.run(JUnit4TestReference.java:50)&#13;&#10;&#9;at org.eclipse.jdt.internal.junit.runner.TestExecution.run(TestExecution.java:38)&#13;&#10;&#9;at org.eclipse.jdt.internal.junit.runner.RemoteTestRunner.runTests(RemoteTestRunner.java:467)&#13;&#10;&#9;at org.eclipse.jdt.internal.junit.runner.RemoteTestRunner.runTests(RemoteTestRunner.java:683)&#13;&#10;&#9;at org.eclipse.jdt.internal.junit.runner.RemoteTestRunner.run(RemoteTestRunner.java:390)&#13;&#10;&#9;at org.codecover.juniteclipse.runner.EclipseTestRunner.main(EclipseTestRunner.java:40)" Date="1589513510185" Name="DrawTest:testScaleY">
<CovList/>
<AssgnmntList/>
<ObjMetaDataList/>
<MetaDataList/>
</TestCase>
<TestCase Comment="Failure&#10;java.lang.AssertionError: Not yet implemented&#13;&#10;&#9;at org.junit.Assert.fail(Assert.java:88)&#13;&#10;&#9;at DrawTest.testDisableDoubleBuffering(DrawTest.java:361)&#13;&#10;&#9;at sun.reflect.NativeMethodAccessorImpl.invoke0(Native Method)&#13;&#10;&#9;at sun.reflect.NativeMethodAccessorImpl.invoke(Unknown Source)&#13;&#10;&#9;at sun.reflect.DelegatingMethodAccessorImpl.invoke(Unknown Source)&#13;&#10;&#9;at java.lang.reflect.Method.invoke(Unknown Source)&#13;&#10;&#9;at org.junit.runners.model.FrameworkMethod$1.runReflectiveCall(FrameworkMethod.java:47)&#13;&#10;&#9;at org.junit.internal.runners.model.ReflectiveCallable.run(ReflectiveCallable.java:12)&#13;&#10;&#9;at org.junit.runners.model.FrameworkMethod.invokeExplosively(FrameworkMethod.java:44)&#13;&#10;&#9;at org.junit.internal.runners.statements.InvokeMethod.evaluate(InvokeMethod.java:17)&#13;&#10;&#9;at org.junit.runners.ParentRunner.runLeaf(ParentRunner.java:271)&#13;&#10;&#9;at org.junit.runners.BlockJUnit4ClassRunner.runChild(BlockJUnit4ClassRunner.java:70)&#13;&#10;&#9;at org.junit.runners.BlockJUnit4ClassRunner.runChild(BlockJUnit4ClassRunner.java:50)&#13;&#10;&#9;at org.junit.runners.ParentRunner$3.run(ParentRunner.java:238)&#13;&#10;&#9;at org.junit.runners.ParentRunner$1.schedule(ParentRunner.java:63)&#13;&#10;&#9;at org.junit.runners.ParentRunner.runChildren(ParentRunner.java:236)&#13;&#10;&#9;at org.junit.runners.ParentRunner.access$000(ParentRunner.java:53)&#13;&#10;&#9;at org.junit.runners.ParentRunner$2.evaluate(ParentRunner.java:229)&#13;&#10;&#9;at org.junit.runners.ParentRunner.run(ParentRunner.java:309)&#13;&#10;&#9;at org.eclipse.jdt.internal.junit4.runner.JUnit4TestReference.run(JUnit4TestReference.java:50)&#13;&#10;&#9;at org.eclipse.jdt.internal.junit.runner.TestExecution.run(TestExecution.java:38)&#13;&#10;&#9;at org.eclipse.jdt.internal.junit.runner.RemoteTestRunner.runTests(RemoteTestRunner.java:467)&#13;&#10;&#9;at org.eclipse.jdt.internal.junit.runner.RemoteTestRunner.runTests(RemoteTestRunner.java:683)&#13;&#10;&#9;at org.eclipse.jdt.internal.junit.runner.RemoteTestRunner.run(RemoteTestRunner.java:390)&#13;&#10;&#9;at org.codecover.juniteclipse.runner.EclipseTestRunner.main(EclipseTestRunner.java:40)" Date="1589513510282" Name="DrawTest:testDisableDoubleBuffering">
<CovList/>
<AssgnmntList/>
<ObjMetaDataList/>
<MetaDataList/>
</TestCase>
<TestCase Comment="Failure&#10;java.lang.AssertionError: Not yet implemented&#13;&#10;&#9;at org.junit.Assert.fail(Assert.java:88)&#13;&#10;&#9;at DrawTest.testSquare(DrawTest.java:261)&#13;&#10;&#9;at sun.reflect.NativeMethodAccessorImpl.invoke0(Native Method)&#13;&#10;&#9;at sun.reflect.NativeMethodAccessorImpl.invoke(Unknown Source)&#13;&#10;&#9;at sun.reflect.DelegatingMethodAccessorImpl.invoke(Unknown Source)&#13;&#10;&#9;at java.lang.reflect.Method.invoke(Unknown Source)&#13;&#10;&#9;at org.junit.runners.model.FrameworkMethod$1.runReflectiveCall(FrameworkMethod.java:47)&#13;&#10;&#9;at org.junit.internal.runners.model.ReflectiveCallable.run(ReflectiveCallable.java:12)&#13;&#10;&#9;at org.junit.runners.model.FrameworkMethod.invokeExplosively(FrameworkMethod.java:44)&#13;&#10;&#9;at org.junit.internal.runners.statements.InvokeMethod.evaluate(InvokeMethod.java:17)&#13;&#10;&#9;at org.junit.runners.ParentRunner.runLeaf(ParentRunner.java:271)&#13;&#10;&#9;at org.junit.runners.BlockJUnit4ClassRunner.runChild(BlockJUnit4ClassRunner.java:70)&#13;&#10;&#9;at org.junit.runners.BlockJUnit4ClassRunner.runChild(BlockJUnit4ClassRunner.java:50)&#13;&#10;&#9;at org.junit.runners.ParentRunner$3.run(ParentRunner.java:238)&#13;&#10;&#9;at org.junit.runners.ParentRunner$1.schedule(ParentRunner.java:63)&#13;&#10;&#9;at org.junit.runners.ParentRunner.runChildren(ParentRunner.java:236)&#13;&#10;&#9;at org.junit.runners.ParentRunner.access$000(ParentRunner.java:53)&#13;&#10;&#9;at org.junit.runners.ParentRunner$2.evaluate(ParentRunner.java:229)&#13;&#10;&#9;at org.junit.runners.ParentRunner.run(ParentRunner.java:309)&#13;&#10;&#9;at org.eclipse.jdt.internal.junit4.runner.JUnit4TestReference.run(JUnit4TestReference.java:50)&#13;&#10;&#9;at org.eclipse.jdt.internal.junit.runner.TestExecution.run(TestExecution.java:38)&#13;&#10;&#9;at org.eclipse.jdt.internal.junit.runner.RemoteTestRunner.runTests(RemoteTestRunner.java:467)&#13;&#10;&#9;at org.eclipse.jdt.internal.junit.runner.RemoteTestRunner.runTests(RemoteTestRunner.java:683)&#13;&#10;&#9;at org.eclipse.jdt.internal.junit.runner.RemoteTestRunner.run(RemoteTestRunner.java:390)&#13;&#10;&#9;at org.codecover.juniteclipse.runner.EclipseTestRunner.main(EclipseTestRunner.java:40)" Date="1589513510430" Name="DrawTest:testSquare">
<CovList/>
<AssgnmntList/>
<ObjMetaDataList/>
<MetaDataList/>
</TestCase>
<TestCase Comment="Failure&#10;java.lang.AssertionError: Not yet implemented&#13;&#10;&#9;at org.junit.Assert.fail(Assert.java:88)&#13;&#10;&#9;at DrawTest.testRectangle(DrawTest.java:271)&#13;&#10;&#9;at sun.reflect.NativeMethodAccessorImpl.invoke0(Native Method)&#13;&#10;&#9;at sun.reflect.NativeMethodAccessorImpl.invoke(Unknown Source)&#13;&#10;&#9;at sun.reflect.DelegatingMethodAccessorImpl.invoke(Unknown Source)&#13;&#10;&#9;at java.lang.reflect.Method.invoke(Unknown Source)&#13;&#10;&#9;at org.junit.runners.model.FrameworkMethod$1.runReflectiveCall(FrameworkMethod.java:47)&#13;&#10;&#9;at org.junit.internal.runners.model.ReflectiveCallable.run(ReflectiveCallable.java:12)&#13;&#10;&#9;at org.junit.runners.model.FrameworkMethod.invokeExplosively(FrameworkMethod.java:44)&#13;&#10;&#9;at org.junit.internal.runners.statements.InvokeMethod.evaluate(InvokeMethod.java:17)&#13;&#10;&#9;at org.junit.runners.ParentRunner.runLeaf(ParentRunner.java:271)&#13;&#10;&#9;at org.junit.runners.BlockJUnit4ClassRunner.runChild(BlockJUnit4ClassRunner.java:70)&#13;&#10;&#9;at org.junit.runners.BlockJUnit4ClassRunner.runChild(BlockJUnit4ClassRunner.java:50)&#13;&#10;&#9;at org.junit.runners.ParentRunner$3.run(ParentRunner.java:238)&#13;&#10;&#9;at org.junit.runners.ParentRunner$1.schedule(ParentRunner.java:63)&#13;&#10;&#9;at org.junit.runners.ParentRunner.runChildren(ParentRunner.java:236)&#13;&#10;&#9;at org.junit.runners.ParentRunner.access$000(ParentRunner.java:53)&#13;&#10;&#9;at org.junit.runners.ParentRunner$2.evaluate(ParentRunner.java:229)&#13;&#10;&#9;at org.junit.runners.ParentRunner.run(ParentRunner.java:309)&#13;&#10;&#9;at org.eclipse.jdt.internal.junit4.runner.JUnit4TestReference.run(JUnit4TestReference.java:50)&#13;&#10;&#9;at org.eclipse.jdt.internal.junit.runner.TestExecution.run(TestExecution.java:38)&#13;&#10;&#9;at org.eclipse.jdt.internal.junit.runner.RemoteTestRunner.runTests(RemoteTestRunner.java:467)&#13;&#10;&#9;at org.eclipse.jdt.internal.junit.runner.RemoteTestRunner.runTests(RemoteTestRunner.java:683)&#13;&#10;&#9;at org.eclipse.jdt.internal.junit.runner.RemoteTestRunner.run(RemoteTestRunner.java:390)&#13;&#10;&#9;at org.codecover.juniteclipse.runner.EclipseTestRunner.main(EclipseTestRunner.java:40)" Date="1589513510522" Name="DrawTest:testRectangle">
<CovList/>
<AssgnmntList/>
<ObjMetaDataList/>
<MetaDataList/>
</TestCase>
<TestCase Comment="Failure&#10;java.lang.AssertionError: Not yet implemented&#13;&#10;&#9;at org.junit.Assert.fail(Assert.java:88)&#13;&#10;&#9;at DrawTest.testKeyReleased(DrawTest.java:461)&#13;&#10;&#9;at sun.reflect.NativeMethodAccessorImpl.invoke0(Native Method)&#13;&#10;&#9;at sun.reflect.NativeMethodAccessorImpl.invoke(Unknown Source)&#13;&#10;&#9;at sun.reflect.DelegatingMethodAccessorImpl.invoke(Unknown Source)&#13;&#10;&#9;at java.lang.reflect.Method.invoke(Unknown Source)&#13;&#10;&#9;at org.junit.runners.model.FrameworkMethod$1.runReflectiveCall(FrameworkMethod.java:47)&#13;&#10;&#9;at org.junit.internal.runners.model.ReflectiveCallable.run(ReflectiveCallable.java:12)&#13;&#10;&#9;at org.junit.runners.model.FrameworkMethod.invokeExplosively(FrameworkMethod.java:44)&#13;&#10;&#9;at org.junit.internal.runners.statements.InvokeMethod.evaluate(InvokeMethod.java:17)&#13;&#10;&#9;at org.junit.runners.ParentRunner.runLeaf(ParentRunner.java:271)&#13;&#10;&#9;at org.junit.runners.BlockJUnit4ClassRunner.runChild(BlockJUnit4ClassRunner.java:70)&#13;&#10;&#9;at org.junit.runners.BlockJUnit4ClassRunner.runChild(BlockJUnit4ClassRunner.java:50)&#13;&#10;&#9;at org.junit.runners.ParentRunner$3.run(ParentRunner.java:238)&#13;&#10;&#9;at org.junit.runners.ParentRunner$1.schedule(ParentRunner.java:63)&#13;&#10;&#9;at org.junit.runners.ParentRunner.runChildren(ParentRunner.java:236)&#13;&#10;&#9;at org.junit.runners.ParentRunner.access$000(ParentRunner.java:53)&#13;&#10;&#9;at org.junit.runners.ParentRunner$2.evaluate(ParentRunner.java:229)&#13;&#10;&#9;at org.junit.runners.ParentRunner.run(ParentRunner.java:309)&#13;&#10;&#9;at org.eclipse.jdt.internal.junit4.runner.JUnit4TestReference.run(JUnit4TestReference.java:50)&#13;&#10;&#9;at org.eclipse.jdt.internal.junit.runner.TestExecution.run(TestExecution.java:38)&#13;&#10;&#9;at org.eclipse.jdt.internal.junit.runner.RemoteTestRunner.runTests(RemoteTestRunner.java:467)&#13;&#10;&#9;at org.eclipse.jdt.internal.junit.runner.RemoteTestRunner.runTests(RemoteTestRunner.java:683)&#13;&#10;&#9;at org.eclipse.jdt.internal.junit.runner.RemoteTestRunner.run(RemoteTestRunner.java:390)&#13;&#10;&#9;at org.codecover.juniteclipse.runner.EclipseTestRunner.main(EclipseTestRunner.java:40)" Date="1589513510641" Name="DrawTest:testKeyReleased">
<CovList/>
<AssgnmntList/>
<ObjMetaDataList/>
<MetaDataList/>
</TestCase>
<TestCase Comment="Failure&#10;java.lang.AssertionError: Not yet implemented&#13;&#10;&#9;at org.junit.Assert.fail(Assert.java:88)&#13;&#10;&#9;at DrawTest.testXorOff(DrawTest.java:196)&#13;&#10;&#9;at sun.reflect.NativeMethodAccessorImpl.invoke0(Native Method)&#13;&#10;&#9;at sun.reflect.NativeMethodAccessorImpl.invoke(Unknown Source)&#13;&#10;&#9;at sun.reflect.DelegatingMethodAccessorImpl.invoke(Unknown Source)&#13;&#10;&#9;at java.lang.reflect.Method.invoke(Unknown Source)&#13;&#10;&#9;at org.junit.runners.model.FrameworkMethod$1.runReflectiveCall(FrameworkMethod.java:47)&#13;&#10;&#9;at org.junit.internal.runners.model.ReflectiveCallable.run(ReflectiveCallable.java:12)&#13;&#10;&#9;at org.junit.runners.model.FrameworkMethod.invokeExplosively(FrameworkMethod.java:44)&#13;&#10;&#9;at org.junit.internal.runners.statements.InvokeMethod.evaluate(InvokeMethod.java:17)&#13;&#10;&#9;at org.junit.runners.ParentRunner.runLeaf(ParentRunner.java:271)&#13;&#10;&#9;at org.junit.runners.BlockJUnit4ClassRunner.runChild(BlockJUnit4ClassRunner.java:70)&#13;&#10;&#9;at org.junit.runners.BlockJUnit4ClassRunner.runChild(BlockJUnit4ClassRunner.java:50)&#13;&#10;&#9;at org.junit.runners.ParentRunner$3.run(ParentRunner.java:238)&#13;&#10;&#9;at org.junit.runners.ParentRunner$1.schedule(ParentRunner.java:63)&#13;&#10;&#9;at org.junit.runners.ParentRunner.runChildren(ParentRunner.java:236)&#13;&#10;&#9;at org.junit.runners.ParentRunner.access$000(ParentRunner.java:53)&#13;&#10;&#9;at org.junit.runners.ParentRunner$2.evaluate(ParentRunner.java:229)&#13;&#10;&#9;at org.junit.runners.ParentRunner.run(ParentRunner.java:309)&#13;&#10;&#9;at org.eclipse.jdt.internal.junit4.runner.JUnit4TestReference.run(JUnit4TestReference.java:50)&#13;&#10;&#9;at org.eclipse.jdt.internal.junit.runner.TestExecution.run(TestExecution.java:38)&#13;&#10;&#9;at org.eclipse.jdt.internal.junit.runner.RemoteTestRunner.runTests(RemoteTestRunner.java:467)&#13;&#10;&#9;at org.eclipse.jdt.internal.junit.runner.RemoteTestRunner.runTests(RemoteTestRunner.java:683)&#13;&#10;&#9;at org.eclipse.jdt.internal.junit.runner.RemoteTestRunner.run(RemoteTestRunner.java:390)&#13;&#10;&#9;at org.codecover.juniteclipse.runner.EclipseTestRunner.main(EclipseTestRunner.java:40)" Date="1589513510759" Name="DrawTest:testXorOff">
<CovList/>
<AssgnmntList/>
<ObjMetaDataList/>
<MetaDataList/>
</TestCase>
<TestCase Comment="Failure&#10;java.lang.AssertionError: Expected exception: java.lang.IllegalArgumentException&#13;&#10;&#9;at org.junit.internal.runners.statements.ExpectException.evaluate(ExpectException.java:32)&#13;&#10;&#9;at org.junit.runners.ParentRunner.runLeaf(ParentRunner.java:271)&#13;&#10;&#9;at org.junit.runners.BlockJUnit4ClassRunner.runChild(BlockJUnit4ClassRunner.java:70)&#13;&#10;&#9;at org.junit.runners.BlockJUnit4ClassRunner.runChild(BlockJUnit4ClassRunner.java:50)&#13;&#10;&#9;at org.junit.runners.ParentRunner$3.run(ParentRunner.java:238)&#13;&#10;&#9;at org.junit.runners.ParentRunner$1.schedule(ParentRunner.java:63)&#13;&#10;&#9;at org.junit.runners.ParentRunner.runChildren(ParentRunner.java:236)&#13;&#10;&#9;at org.junit.runners.ParentRunner.access$000(ParentRunner.java:53)&#13;&#10;&#9;at org.junit.runners.ParentRunner$2.evaluate(ParentRunner.java:229)&#13;&#10;&#9;at org.junit.runners.ParentRunner.run(ParentRunner.java:309)&#13;&#10;&#9;at org.eclipse.jdt.internal.junit4.runner.JUnit4TestReference.run(JUnit4TestReference.java:50)&#13;&#10;&#9;at org.eclipse.jdt.internal.junit.runner.TestExecution.run(TestExecution.java:38)&#13;&#10;&#9;at org.eclipse.jdt.internal.junit.runner.RemoteTestRunner.runTests(RemoteTestRunner.java:467)&#13;&#10;&#9;at org.eclipse.jdt.internal.junit.runner.RemoteTestRunner.runTests(RemoteTestRunner.java:683)&#13;&#10;&#9;at org.eclipse.jdt.internal.junit.runner.RemoteTestRunner.run(RemoteTestRunner.java:390)&#13;&#10;&#9;at org.codecover.juniteclipse.runner.EclipseTestRunner.main(EclipseTestRunner.java:40)" Date="1589513510863" Name="DrawTest:testValidateNonnegative">
<CovList>
<CovPrefix CovItemPrefix="Draw.java">
<Cov CovItemId="B10" Value="1"/>
<Cov CovItemId="B8" Value="1"/>
<Cov CovItemId="S94" Value="1"/>
<Cov CovItemId="S96" Value="1"/>
</CovPrefix>
</CovList>
<AssgnmntList>
<AssgnmntPrefix RootTermCovItemPrefix="Draw.java">
<AssgnmntListEntry Length="1" RootTermCovItemId="C4">
<MapEntry BoolAssgnmnt="0" Value="1"/>
</AssgnmntListEntry>
<AssgnmntListEntry Length="1" RootTermCovItemId="C5">
<MapEntry BoolAssgnmnt="0" Value="1"/>
</AssgnmntListEntry>
</AssgnmntPrefix>
</AssgnmntList>
<ObjMetaDataList/>
<MetaDataList/>
</TestCase>
<TestCase Comment="Failure&#10;java.lang.AssertionError: Not yet implemented&#13;&#10;&#9;at org.junit.Assert.fail(Assert.java:88)&#13;&#10;&#9;at DrawTest.testSetPenRadiusDouble(DrawTest.java:166)&#13;&#10;&#9;at sun.reflect.NativeMethodAccessorImpl.invoke0(Native Method)&#13;&#10;&#9;at sun.reflect.NativeMethodAccessorImpl.invoke(Unknown Source)&#13;&#10;&#9;at sun.reflect.DelegatingMethodAccessorImpl.invoke(Unknown Source)&#13;&#10;&#9;at java.lang.reflect.Method.invoke(Unknown Source)&#13;&#10;&#9;at org.junit.runners.model.FrameworkMethod$1.runReflectiveCall(FrameworkMethod.java:47)&#13;&#10;&#9;at org.junit.internal.runners.model.ReflectiveCallable.run(ReflectiveCallable.java:12)&#13;&#10;&#9;at org.junit.runners.model.FrameworkMethod.invokeExplosively(FrameworkMethod.java:44)&#13;&#10;&#9;at org.junit.internal.runners.statements.InvokeMethod.evaluate(InvokeMethod.java:17)&#13;&#10;&#9;at org.junit.runners.ParentRunner.runLeaf(ParentRunner.java:271)&#13;&#10;&#9;at org.junit.runners.BlockJUnit4ClassRunner.runChild(BlockJUnit4ClassRunner.java:70)&#13;&#10;&#9;at org.junit.runners.BlockJUnit4ClassRunner.runChild(BlockJUnit4ClassRunner.java:50)&#13;&#10;&#9;at org.junit.runners.ParentRunner$3.run(ParentRunner.java:238)&#13;&#10;&#9;at org.junit.runners.ParentRunner$1.schedule(ParentRunner.java:63)&#13;&#10;&#9;at org.junit.runners.ParentRunner.runChildren(ParentRunner.java:236)&#13;&#10;&#9;at org.junit.runners.ParentRunner.access$000(ParentRunner.java:53)&#13;&#10;&#9;at org.junit.runners.ParentRunner$2.evaluate(ParentRunner.java:229)&#13;&#10;&#9;at org.junit.runners.ParentRunner.run(ParentRunner.java:309)&#13;&#10;&#9;at org.eclipse.jdt.internal.junit4.runner.JUnit4TestReference.run(JUnit4TestReference.java:50)&#13;&#10;&#9;at org.eclipse.jdt.internal.junit.runner.TestExecution.run(TestExecution.java:38)&#13;&#10;&#9;at org.eclipse.jdt.internal.junit.runner.RemoteTestRunner.runTests(RemoteTestRunner.java:467)&#13;&#10;&#9;at org.eclipse.jdt.internal.junit.runner.RemoteTestRunner.runTests(RemoteTestRunner.java:683)&#13;&#10;&#9;at org.eclipse.jdt.internal.junit.runner.RemoteTestRunner.run(RemoteTestRunner.java:390)&#13;&#10;&#9;at org.codecover.juniteclipse.runner.EclipseTestRunner.main(EclipseTestRunner.java:40)" Date="1589513510976" Name="DrawTest:testSetPenRadiusDouble">
<CovList/>
<AssgnmntList/>
<ObjMetaDataList/>
<MetaDataList/>
</TestCase>
<TestCase Comment="Failure&#10;java.lang.AssertionError: Use assertEquals(expected, actual, delta) to compare floating-point numbers&#13;&#10;&#9;at org.junit.Assert.fail(Assert.java:88)&#13;&#10;&#9;at org.junit.Assert.assertEquals(Assert.java:576)&#13;&#10;&#9;at org.junit.Assert.assertEquals(Assert.java:565)&#13;&#10;&#9;at DrawTest.testSetYscaleDoubleDouble1(DrawTest.java:110)&#13;&#10;&#9;at sun.reflect.NativeMethodAccessorImpl.invoke0(Native Method)&#13;&#10;&#9;at sun.reflect.NativeMethodAccessorImpl.invoke(Unknown Source)&#13;&#10;&#9;at sun.reflect.DelegatingMethodAccessorImpl.invoke(Unknown Source)&#13;&#10;&#9;at java.lang.reflect.Method.invoke(Unknown Source)&#13;&#10;&#9;at org.junit.runners.model.FrameworkMethod$1.runReflectiveCall(FrameworkMethod.java:47)&#13;&#10;&#9;at org.junit.internal.runners.model.ReflectiveCallable.run(ReflectiveCallable.java:12)&#13;&#10;&#9;at org.junit.runners.model.FrameworkMethod.invokeExplosively(FrameworkMethod.java:44)&#13;&#10;&#9;at org.junit.internal.runners.statements.InvokeMethod.evaluate(InvokeMethod.java:17)&#13;&#10;&#9;at org.junit.runners.ParentRunner.runLeaf(ParentRunner.java:271)&#13;&#10;&#9;at org.junit.runners.BlockJUnit4ClassRunner.runChild(BlockJUnit4ClassRunner.java:70)&#13;&#10;&#9;at org.junit.runners.BlockJUnit4ClassRunner.runChild(BlockJUnit4ClassRunner.java:50)&#13;&#10;&#9;at org.junit.runners.ParentRunner$3.run(ParentRunner.java:238)&#13;&#10;&#9;at org.junit.runners.ParentRunner$1.schedule(ParentRunner.java:63)&#13;&#10;&#9;at org.junit.runners.ParentRunner.runChildren(ParentRunner.java:236)&#13;&#10;&#9;at org.junit.runners.ParentRunner.access$000(ParentRunner.java:53)&#13;&#10;&#9;at org.junit.runners.ParentRunner$2.evaluate(ParentRunner.java:229)&#13;&#10;&#9;at org.junit.runners.ParentRunner.run(ParentRunner.java:309)&#13;&#10;&#9;at org.eclipse.jdt.internal.junit4.runner.JUnit4TestReference.run(JUnit4TestReference.java:50)&#13;&#10;&#9;at org.eclipse.jdt.internal.junit.runner.TestExecution.run(TestExecution.java:38)&#13;&#10;&#9;at org.eclipse.jdt.internal.junit.runner.RemoteTestRunner.runTests(RemoteTestRunner.java:467)&#13;&#10;&#9;at org.eclipse.jdt.internal.junit.runner.RemoteTestRunner.runTests(RemoteTestRunner.java:683)&#13;&#10;&#9;at org.eclipse.jdt.internal.junit.runner.RemoteTestRunner.run(RemoteTestRunner.java:390)&#13;&#10;&#9;at org.codecover.juniteclipse.runner.EclipseTestRunner.main(EclipseTestRunner.java:40)" Date="1589513511072" Name="DrawTest:testSetYscaleDoubleDouble1">
<CovList>
<CovPrefix CovItemPrefix="Draw.java">
<Cov CovItemId="B10" Value="2"/>
<Cov CovItemId="B18" Value="1"/>
<Cov CovItemId="B8" Value="2"/>
<Cov CovItemId="S111" Value="1"/>
<Cov CovItemId="S112" Value="1"/>
<Cov CovItemId="S113" Value="1"/>
<Cov CovItemId="S114" Value="1"/>
<Cov CovItemId="S116" Value="1"/>
<Cov CovItemId="S117" Value="1"/>
<Cov CovItemId="S94" Value="2"/>
<Cov CovItemId="S96" Value="2"/>
</CovPrefix>
</CovList>
<AssgnmntList>
<AssgnmntPrefix RootTermCovItemPrefix="Draw.java">
<AssgnmntListEntry Length="1" RootTermCovItemId="C4">
<MapEntry BoolAssgnmnt="0" Value="2"/>
</AssgnmntListEntry>
<AssgnmntListEntry Length="1" RootTermCovItemId="C5">
<MapEntry BoolAssgnmnt="0" Value="2"/>
</AssgnmntListEntry>
<AssgnmntListEntry Length="1" RootTermCovItemId="C9">
<MapEntry BoolAssgnmnt="0" Value="1"/>
</AssgnmntListEntry>
</AssgnmntPrefix>
</AssgnmntList>
<ObjMetaDataList/>
<MetaDataList/>
</TestCase>
<TestCase Comment="" Date="1589513511170" Name="DrawTest:testSetDefaultCloseOperation">
<CovList>
<CovPrefix CovItemPrefix="Draw.java">
<Cov CovItemId="S80" Value="1"/>
</CovPrefix>
</CovList>
<AssgnmntList/>
<ObjMetaDataList/>
<MetaDataList/>
</TestCase>
<TestCase Comment="" Date="1589513511432" Name="BlackJackTest:testHit">
<CovList>
<CovPrefix CovItemPrefix="BlackJack.java">
<Cov CovItemId="S31" Value="1"/>
<Cov CovItemId="S32" Value="1"/>
<Cov CovItemId="S33" Value="1"/>
</CovPrefix>
<CovPrefix CovItemPrefix="Card.java">
<Cov CovItemId="B6" Value="1"/>
<Cov CovItemId="S1" Value="52"/>
<Cov CovItemId="S12" Value="1"/>
<Cov CovItemId="S14" Value="1"/>
<Cov CovItemId="S2" Value="52"/>
<Cov CovItemId="S3" Value="52"/>
<Cov CovItemId="S4" Value="52"/>
<Cov CovItemId="S5" Value="52"/>
</CovPrefix>
<CovPrefix CovItemPrefix="Deck.java">
<Cov CovItemId="L1-2" Value="1"/>
<Cov CovItemId="S1" Value="1"/>
<Cov CovItemId="S2" Value="1"/>
<Cov CovItemId="S3" Value="1"/>
<Cov CovItemId="S4" Value="1"/>
<Cov CovItemId="S5" Value="52"/>
<Cov CovItemId="S6" Value="1"/>
</CovPrefix>
<CovPrefix CovItemPrefix="Draw.java">
<Cov CovItemId="B10" Value="2"/>
<Cov CovItemId="B14" Value="1"/>
<Cov CovItemId="B54" Value="1"/>
<Cov CovItemId="B55" Value="1"/>
<Cov CovItemId="B58" Value="1"/>
<Cov CovItemId="B59" Value="1"/>
<Cov CovItemId="B61" Value="1"/>
<Cov CovItemId="B64" Value="1"/>
<Cov CovItemId="B68" Value="1"/>
<Cov CovItemId="B8" Value="2"/>
<Cov CovItemId="B81" Value="1"/>
<Cov CovItemId="S100" Value="1"/>
<Cov CovItemId="S118" Value="1"/>
<Cov CovItemId="S119" Value="1"/>
<Cov CovItemId="S334" Value="1"/>
<Cov CovItemId="S336" Value="1"/>
<Cov CovItemId="S337" Value="1"/>
<Cov CovItemId="S338" Value="1"/>
<Cov CovItemId="S339" Value="1"/>
<Cov CovItemId="S341" Value="1"/>
<Cov CovItemId="S342" Value="1"/>
<Cov CovItemId="S343" Value="1"/>
<Cov CovItemId="S344" Value="1"/>
<Cov CovItemId="S345" Value="1"/>
<Cov CovItemId="S350" Value="1"/>
<Cov CovItemId="S351" Value="1"/>
<Cov CovItemId="S352" Value="1"/>
<Cov CovItemId="S353" Value="1"/>
<Cov CovItemId="S354" Value="1"/>
<Cov CovItemId="S355" Value="1"/>
<Cov CovItemId="S356" Value="1"/>
<Cov CovItemId="S357" Value="1"/>
<Cov CovItemId="S358" Value="1"/>
<Cov CovItemId="S359" Value="1"/>
<Cov CovItemId="S361" Value="1"/>
<Cov CovItemId="S362" Value="1"/>
<Cov CovItemId="S464" Value="1"/>
<Cov CovItemId="S465" Value="1"/>
<Cov CovItemId="S466" Value="1"/>
<Cov CovItemId="S467" Value="1"/>
<Cov CovItemId="S534" Value="1"/>
<Cov CovItemId="S535" Value="1"/>
<Cov CovItemId="S536" Value="1"/>
<Cov CovItemId="S537" Value="1"/>
<Cov CovItemId="S538" Value="1"/>
<Cov CovItemId="S539" Value="1"/>
<Cov CovItemId="S540" Value="1"/>
<Cov CovItemId="S541" Value="1"/>
<Cov CovItemId="S542" Value="1"/>
<Cov CovItemId="S94" Value="2"/>
<Cov CovItemId="S96" Value="2"/>
</CovPrefix>
<CovPrefix CovItemPrefix="Player.java">
<Cov CovItemId="L2-1" Value="1"/>
<Cov CovItemId="S19" Value="1"/>
<Cov CovItemId="S20" Value="1"/>
<Cov CovItemId="S8" Value="1"/>
</CovPrefix>
</CovList>
<AssgnmntList>
<AssgnmntPrefix RootTermCovItemPrefix="Card.java">
<AssgnmntListEntry Length="1" RootTermCovItemId="C3">
<MapEntry BoolAssgnmnt="0" Value="1"/>
</AssgnmntListEntry>
</AssgnmntPrefix>
<AssgnmntPrefix RootTermCovItemPrefix="Deck.java">
<AssgnmntListEntry Length="1" RootTermCovItemId="C1">
<MapEntry BoolAssgnmnt="0" Value="1"/>
<MapEntry BoolAssgnmnt="1" Value="52"/>
</AssgnmntListEntry>
</AssgnmntPrefix>
<AssgnmntPrefix RootTermCovItemPrefix="Draw.java">
<AssgnmntListEntry Length="1" RootTermCovItemId="C34">
<MapEntry BoolAssgnmnt="0" Value="1"/>
</AssgnmntListEntry>
<AssgnmntListEntry Length="2" RootTermCovItemId="C35">
<MapEntry BoolAssgnmnt="01" Value="1"/>
</AssgnmntListEntry>
<AssgnmntListEntry Length="2" RootTermCovItemId="C36">
<MapEntry BoolAssgnmnt="01" Value="1"/>
</AssgnmntListEntry>
<AssgnmntListEntry Length="1" RootTermCovItemId="C37">
<MapEntry BoolAssgnmnt="1" Value="1"/>
</AssgnmntListEntry>
<AssgnmntListEntry Length="2" RootTermCovItemId="C38">
<MapEntry BoolAssgnmnt="00" Value="1"/>
</AssgnmntListEntry>
<AssgnmntListEntry Length="1" RootTermCovItemId="C4">
<MapEntry BoolAssgnmnt="0" Value="2"/>
</AssgnmntListEntry>
<AssgnmntListEntry Length="2" RootTermCovItemId="C40">
<MapEntry BoolAssgnmnt="00" Value="1"/>
</AssgnmntListEntry>
<AssgnmntListEntry Length="1" RootTermCovItemId="C46">
<MapEntry BoolAssgnmnt="0" Value="1"/>
</AssgnmntListEntry>
<AssgnmntListEntry Length="1" RootTermCovItemId="C5">
<MapEntry BoolAssgnmnt="0" Value="2"/>
</AssgnmntListEntry>
<AssgnmntListEntry Length="1" RootTermCovItemId="C7">
<MapEntry BoolAssgnmnt="0" Value="1"/>
</AssgnmntListEntry>
</AssgnmntPrefix>
<AssgnmntPrefix RootTermCovItemPrefix="Player.java">
<AssgnmntListEntry Length="1" RootTermCovItemId="C4">
<MapEntry BoolAssgnmnt="0" Value="1"/>
<MapEntry BoolAssgnmnt="1" Value="1"/>
</AssgnmntListEntry>
</AssgnmntPrefix>
</AssgnmntList>
<ObjMetaDataList/>
<MetaDataList/>
</TestCase>
<TestCase Comment="Failure&#10;java.lang.AssertionError&#13;&#10;&#9;at org.junit.Assert.fail(Assert.java:86)&#13;&#10;&#9;at org.junit.Assert.assertTrue(Assert.java:41)&#13;&#10;&#9;at org.junit.Assert.assertTrue(Assert.java:52)&#13;&#10;&#9;at BlackJackTest.testActionPerformed(BlackJackTest.java:120)&#13;&#10;&#9;at sun.reflect.NativeMethodAccessorImpl.invoke0(Native Method)&#13;&#10;&#9;at sun.reflect.NativeMethodAccessorImpl.invoke(Unknown Source)&#13;&#10;&#9;at sun.reflect.DelegatingMethodAccessorImpl.invoke(Unknown Source)&#13;&#10;&#9;at java.lang.reflect.Method.invoke(Unknown Source)&#13;&#10;&#9;at org.junit.runners.model.FrameworkMethod$1.runReflectiveCall(FrameworkMethod.java:47)&#13;&#10;&#9;at org.junit.internal.runners.model.ReflectiveCallable.run(ReflectiveCallable.java:12)&#13;&#10;&#9;at org.junit.runners.model.FrameworkMethod.invokeExplosively(FrameworkMethod.java:44)&#13;&#10;&#9;at org.junit.internal.runners.statements.InvokeMethod.evaluate(InvokeMethod.java:17)&#13;&#10;&#9;at org.junit.runners.ParentRunner.runLeaf(ParentRunner.java:271)&#13;&#10;&#9;at org.junit.runners.BlockJUnit4ClassRunner.runChild(BlockJUnit4ClassRunner.java:70)&#13;&#10;&#9;at org.junit.runners.BlockJUnit4ClassRunner.runChild(BlockJUnit4ClassRunner.java:50)&#13;&#10;&#9;at org.junit.runners.ParentRunner$3.run(ParentRunner.java:238)&#13;&#10;&#9;at org.junit.runners.ParentRunner$1.schedule(ParentRunner.java:63)&#13;&#10;&#9;at org.junit.runners.ParentRunner.runChildren(ParentRunner.java:236)&#13;&#10;&#9;at org.junit.runners.ParentRunner.access$000(ParentRunner.java:53)&#13;&#10;&#9;at org.junit.runners.ParentRunner$2.evaluate(ParentRunner.java:229)&#13;&#10;&#9;at org.junit.runners.ParentRunner.run(ParentRunner.java:309)&#13;&#10;&#9;at org.eclipse.jdt.internal.junit4.runner.JUnit4TestReference.run(JUnit4TestReference.java:50)&#13;&#10;&#9;at org.eclipse.jdt.internal.junit.runner.TestExecution.run(TestExecution.java:38)&#13;&#10;&#9;at org.eclipse.jdt.internal.junit.runner.RemoteTestRunner.runTests(RemoteTestRunner.java:467)&#13;&#10;&#9;at org.eclipse.jdt.internal.junit.runner.RemoteTestRunner.runTests(RemoteTestRunner.java:683)&#13;&#10;&#9;at org.eclipse.jdt.internal.junit.runner.RemoteTestRunner.run(RemoteTestRunner.java:390)&#13;&#10;&#9;at org.codecover.juniteclipse.runner.EclipseTestRunner.main(EclipseTestRunner.java:40)" Date="1589513511749" Name="BlackJackTest:testActionPerformed">
<CovList>
<CovPrefix CovItemPrefix="BlackJack.java">
<Cov CovItemId="B10" Value="1"/>
<Cov CovItemId="B11" Value="1"/>
<Cov CovItemId="B14" Value="1"/>
<Cov CovItemId="B16" Value="1"/>
<Cov CovItemId="B18" Value="1"/>
<Cov CovItemId="B2" Value="1"/>
<Cov CovItemId="B4" Value="1"/>
<Cov CovItemId="B6" Value="1"/>
<Cov CovItemId="B8" Value="1"/>
<Cov CovItemId="S31" Value="6"/>
<Cov CovItemId="S32" Value="6"/>
<Cov CovItemId="S33" Value="6"/>
<Cov CovItemId="S34" Value="1"/>
<Cov CovItemId="S35" Value="1"/>
<Cov CovItemId="S36" Value="1"/>
<Cov CovItemId="S37" Value="1"/>
<Cov CovItemId="S41" Value="1"/>
<Cov CovItemId="S42" Value="1"/>
<Cov CovItemId="S43" Value="1"/>
<Cov CovItemId="S44" Value="1"/>
<Cov CovItemId="S45" Value="1"/>
<Cov CovItemId="S46" Value="1"/>
<Cov CovItemId="S47" Value="1"/>
<Cov CovItemId="S48" Value="1"/>
<Cov CovItemId="S49" Value="1"/>
<Cov CovItemId="S51" Value="1"/>
<Cov CovItemId="S53" Value="1"/>
<Cov CovItemId="S55" Value="1"/>
<Cov CovItemId="S57" Value="1"/>
<Cov CovItemId="S58" Value="1"/>
<Cov CovItemId="S59" Value="1"/>
<Cov CovItemId="S60" Value="1"/>
<Cov CovItemId="S61" Value="1"/>
<Cov CovItemId="S66" Value="1"/>
<Cov CovItemId="S73" Value="1"/>
</CovPrefix>
<CovPrefix CovItemPrefix="Card.java">
<Cov CovItemId="B2" Value="31"/>
<Cov CovItemId="B3" Value="4"/>
<Cov CovItemId="B4" Value="27"/>
<Cov CovItemId="B5" Value="1"/>
<Cov CovItemId="B6" Value="12"/>
<Cov CovItemId="S1" Value="53"/>
<Cov CovItemId="S10" Value="4"/>
<Cov CovItemId="S11" Value="27"/>
<Cov CovItemId="S12" Value="13"/>
<Cov CovItemId="S13" Value="1"/>
<Cov CovItemId="S14" Value="12"/>
<Cov CovItemId="S15" Value="1"/>
<Cov CovItemId="S16" Value="1"/>
<Cov CovItemId="S2" Value="53"/>
<Cov CovItemId="S3" Value="53"/>
<Cov CovItemId="S4" Value="53"/>
<Cov CovItemId="S5" Value="53"/>
<Cov CovItemId="S6" Value="31"/>
<Cov CovItemId="S7" Value="31"/>
<Cov CovItemId="S9" Value="31"/>
</CovPrefix>
<CovPrefix CovItemPrefix="Deck.java">
<Cov CovItemId="L1-2" Value="1"/>
<Cov CovItemId="S2" Value="1"/>
<Cov CovItemId="S3" Value="1"/>
<Cov CovItemId="S4" Value="1"/>
<Cov CovItemId="S5" Value="52"/>
<Cov CovItemId="S6" Value="6"/>
<Cov CovItemId="S8" Value="1"/>
</CovPrefix>
<CovPrefix CovItemPrefix="Draw.java">
<Cov CovItemId="B10" Value="26"/>
<Cov CovItemId="B14" Value="14"/>
<Cov CovItemId="B54" Value="13"/>
<Cov CovItemId="B55" Value="13"/>
<Cov CovItemId="B58" Value="13"/>
<Cov CovItemId="B59" Value="13"/>
<Cov CovItemId="B61" Value="13"/>
<Cov CovItemId="B64" Value="13"/>
<Cov CovItemId="B68" Value="13"/>
<Cov CovItemId="B8" Value="26"/>
<Cov CovItemId="B81" Value="14"/>
<Cov CovItemId="S100" Value="14"/>
<Cov CovItemId="S118" Value="13"/>
<Cov CovItemId="S119" Value="13"/>
<Cov CovItemId="S125" Value="1"/>
<Cov CovItemId="S126" Value="1"/>
<Cov CovItemId="S127" Value="1"/>
<Cov CovItemId="S128" Value="1"/>
<Cov CovItemId="S129" Value="1"/>
<Cov CovItemId="S334" Value="13"/>
<Cov CovItemId="S336" Value="13"/>
<Cov CovItemId="S337" Value="13"/>
<Cov CovItemId="S338" Value="13"/>
<Cov CovItemId="S339" Value="13"/>
<Cov CovItemId="S341" Value="13"/>
<Cov CovItemId="S342" Value="13"/>
<Cov CovItemId="S343" Value="13"/>
<Cov CovItemId="S344" Value="13"/>
<Cov CovItemId="S345" Value="13"/>
<Cov CovItemId="S350" Value="13"/>
<Cov CovItemId="S351" Value="13"/>
<Cov CovItemId="S352" Value="13"/>
<Cov CovItemId="S353" Value="13"/>
<Cov CovItemId="S354" Value="13"/>
<Cov CovItemId="S355" Value="13"/>
<Cov CovItemId="S356" Value="13"/>
<Cov CovItemId="S357" Value="13"/>
<Cov CovItemId="S358" Value="13"/>
<Cov CovItemId="S359" Value="13"/>
<Cov CovItemId="S361" Value="13"/>
<Cov CovItemId="S362" Value="13"/>
<Cov CovItemId="S464" Value="14"/>
<Cov CovItemId="S465" Value="14"/>
<Cov CovItemId="S466" Value="14"/>
<Cov CovItemId="S467" Value="14"/>
<Cov CovItemId="S534" Value="7"/>
<Cov CovItemId="S535" Value="7"/>
<Cov CovItemId="S536" Value="4"/>
<Cov CovItemId="S537" Value="4"/>
<Cov CovItemId="S538" Value="4"/>
<Cov CovItemId="S539" Value="4"/>
<Cov CovItemId="S540" Value="4"/>
<Cov CovItemId="S541" Value="4"/>
<Cov CovItemId="S542" Value="3"/>
<Cov CovItemId="S94" Value="26"/>
<Cov CovItemId="S96" Value="26"/>
</CovPrefix>
<CovPrefix CovItemPrefix="Player.java">
<Cov CovItemId="B2" Value="31"/>
<Cov CovItemId="B4" Value="13"/>
<Cov CovItemId="L1-1" Value="1"/>
<Cov CovItemId="L1-2" Value="12"/>
<Cov CovItemId="L2-1" Value="3"/>
<Cov CovItemId="L2-2" Value="4"/>
<Cov CovItemId="S10" Value="13"/>
<Cov CovItemId="S11" Value="13"/>
<Cov CovItemId="S12" Value="13"/>
<Cov CovItemId="S13" Value="31"/>
<Cov CovItemId="S14" Value="31"/>
<Cov CovItemId="S16" Value="13"/>
<Cov CovItemId="S18" Value="13"/>
<Cov CovItemId="S19" Value="7"/>
<Cov CovItemId="S20" Value="13"/>
<Cov CovItemId="S7" Value="2"/>
<Cov CovItemId="S8" Value="15"/>
<Cov CovItemId="S9" Value="8"/>
</CovPrefix>
<CovPrefix CovItemPrefix="StdOut.java">
<Cov CovItemId="B1" Value="1"/>
<Cov CovItemId="S1" Value="1"/>
<Cov CovItemId="S2" Value="1"/>
<Cov CovItemId="S3" Value="1"/>
<Cov CovItemId="S4" Value="1"/>
<Cov CovItemId="S7" Value="1"/>
</CovPrefix>
</CovList>
<AssgnmntList>
<AssgnmntPrefix RootTermCovItemPrefix="BlackJack.java">
<AssgnmntListEntry Length="2" RootTermCovItemId="C1">
<MapEntry BoolAssgnmnt="00" Value="1"/>
</AssgnmntListEntry>
<AssgnmntListEntry Length="1" RootTermCovItemId="C10">
<MapEntry BoolAssgnmnt="0" Value="1"/>
</AssgnmntListEntry>
<AssgnmntListEntry Length="1" RootTermCovItemId="C2">
<MapEntry BoolAssgnmnt="0" Value="1"/>
</AssgnmntListEntry>
<AssgnmntListEntry Length="1" RootTermCovItemId="C3">
<MapEntry BoolAssgnmnt="0" Value="1"/>
</AssgnmntListEntry>
<AssgnmntListEntry Length="1" RootTermCovItemId="C4">
<MapEntry BoolAssgnmnt="0" Value="1"/>
</AssgnmntListEntry>
<AssgnmntListEntry Length="1" RootTermCovItemId="C5">
<MapEntry BoolAssgnmnt="0" Value="1"/>
</AssgnmntListEntry>
<AssgnmntListEntry Length="1" RootTermCovItemId="C6">
<MapEntry BoolAssgnmnt="1" Value="1"/>
</AssgnmntListEntry>
<AssgnmntListEntry Length="1" RootTermCovItemId="C7">
<MapEntry BoolAssgnmnt="0" Value="1"/>
</AssgnmntListEntry>
<AssgnmntListEntry Length="1" RootTermCovItemId="C8">
<MapEntry BoolAssgnmnt="0" Value="1"/>
</AssgnmntListEntry>
</AssgnmntPrefix>
<AssgnmntPrefix RootTermCovItemPrefix="Card.java">
<AssgnmntListEntry Length="1" RootTermCovItemId="C1">
<MapEntry BoolAssgnmnt="0" Value="31"/>
</AssgnmntListEntry>
<AssgnmntListEntry Length="1" RootTermCovItemId="C2">
<MapEntry BoolAssgnmnt="0" Value="27"/>
<MapEntry BoolAssgnmnt="1" Value="4"/>
</AssgnmntListEntry>
<AssgnmntListEntry Length="1" RootTermCovItemId="C3">
<MapEntry BoolAssgnmnt="0" Value="12"/>
<MapEntry BoolAssgnmnt="1" Value="1"/>
</AssgnmntListEntry>
</AssgnmntPrefix>
<AssgnmntPrefix RootTermCovItemPrefix="Deck.java">
<AssgnmntListEntry Length="1" RootTermCovItemId="C1">
<MapEntry BoolAssgnmnt="0" Value="1"/>
<MapEntry BoolAssgnmnt="1" Value="52"/>
</AssgnmntListEntry>
</AssgnmntPrefix>
<AssgnmntPrefix RootTermCovItemPrefix="Draw.java">
<AssgnmntListEntry Length="1" RootTermCovItemId="C34">
<MapEntry BoolAssgnmnt="0" Value="13"/>
</AssgnmntListEntry>
<AssgnmntListEntry Length="2" RootTermCovItemId="C35">
<MapEntry BoolAssgnmnt="01" Value="13"/>
</AssgnmntListEntry>
<AssgnmntListEntry Length="2" RootTermCovItemId="C36">
<MapEntry BoolAssgnmnt="01" Value="13"/>
</AssgnmntListEntry>
<AssgnmntListEntry Length="1" RootTermCovItemId="C37">
<MapEntry BoolAssgnmnt="1" Value="13"/>
</AssgnmntListEntry>
<AssgnmntListEntry Length="2" RootTermCovItemId="C38">
<MapEntry BoolAssgnmnt="00" Value="13"/>
</AssgnmntListEntry>
<AssgnmntListEntry Length="1" RootTermCovItemId="C4">
<MapEntry BoolAssgnmnt="0" Value="26"/>
</AssgnmntListEntry>
<AssgnmntListEntry Length="2" RootTermCovItemId="C40">
<MapEntry BoolAssgnmnt="00" Value="13"/>
</AssgnmntListEntry>
<AssgnmntListEntry Length="1" RootTermCovItemId="C46">
<MapEntry BoolAssgnmnt="0" Value="14"/>
</AssgnmntListEntry>
<AssgnmntListEntry Length="1" RootTermCovItemId="C5">
<MapEntry BoolAssgnmnt="0" Value="26"/>
</AssgnmntListEntry>
<AssgnmntListEntry Length="1" RootTermCovItemId="C7">
<MapEntry BoolAssgnmnt="0" Value="14"/>
</AssgnmntListEntry>
</AssgnmntPrefix>
<AssgnmntPrefix RootTermCovItemPrefix="Player.java">
<AssgnmntListEntry Length="1" RootTermCovItemId="C1">
<MapEntry BoolAssgnmnt="0" Value="13"/>
<MapEntry BoolAssgnmnt="1" Value="31"/>
</AssgnmntListEntry>
<AssgnmntListEntry Length="1" RootTermCovItemId="C2">
<MapEntry BoolAssgnmnt="0" Value="31"/>
</AssgnmntListEntry>
<AssgnmntListEntry Length="2" RootTermCovItemId="C3">
<MapEntry BoolAssgnmnt="02" Value="13"/>
</AssgnmntListEntry>
<AssgnmntListEntry Length="1" RootTermCovItemId="C4">
<MapEntry BoolAssgnmnt="0" Value="7"/>
<MapEntry BoolAssgnmnt="1" Value="13"/>
</AssgnmntListEntry>
</AssgnmntPrefix>
</AssgnmntList>
<ObjMetaDataList/>
<MetaDataList/>
</TestCase>
<TestCase Comment="" Date="1589513512214" Name="BlackJackTest:testDeal">
<CovList>
<CovPrefix CovItemPrefix="BlackJack.java">
<Cov CovItemId="B1" Value="2"/>
<Cov CovItemId="S31" Value="8"/>
<Cov CovItemId="S32" Value="8"/>
<Cov CovItemId="S33" Value="8"/>
<Cov CovItemId="S34" Value="2"/>
<Cov CovItemId="S35" Value="2"/>
<Cov CovItemId="S36" Value="2"/>
<Cov CovItemId="S37" Value="2"/>
<Cov CovItemId="S38" Value="2"/>
<Cov CovItemId="S39" Value="2"/>
<Cov CovItemId="S40" Value="2"/>
<Cov CovItemId="S41" Value="2"/>
<Cov CovItemId="S42" Value="2"/>
<Cov CovItemId="S43" Value="2"/>
<Cov CovItemId="S44" Value="2"/>
<Cov CovItemId="S45" Value="2"/>
</CovPrefix>
<CovPrefix CovItemPrefix="Card.java">
<Cov CovItemId="B5" Value="2"/>
<Cov CovItemId="B6" Value="10"/>
<Cov CovItemId="S1" Value="104"/>
<Cov CovItemId="S12" Value="12"/>
<Cov CovItemId="S13" Value="2"/>
<Cov CovItemId="S14" Value="10"/>
<Cov CovItemId="S15" Value="2"/>
<Cov CovItemId="S2" Value="104"/>
<Cov CovItemId="S3" Value="104"/>
<Cov CovItemId="S4" Value="104"/>
<Cov CovItemId="S5" Value="104"/>
</CovPrefix>
<CovPrefix CovItemPrefix="Deck.java">
<Cov CovItemId="L1-2" Value="2"/>
<Cov CovItemId="L2-2" Value="2"/>
<Cov CovItemId="S10" Value="104"/>
<Cov CovItemId="S11" Value="104"/>
<Cov CovItemId="S12" Value="104"/>
<Cov CovItemId="S13" Value="104"/>
<Cov CovItemId="S2" Value="2"/>
<Cov CovItemId="S3" Value="2"/>
<Cov CovItemId="S4" Value="2"/>
<Cov CovItemId="S5" Value="104"/>
<Cov CovItemId="S6" Value="8"/>
<Cov CovItemId="S8" Value="1"/>
<Cov CovItemId="S9" Value="2"/>
</CovPrefix>
<CovPrefix CovItemPrefix="Draw.java">
<Cov CovItemId="B10" Value="24"/>
<Cov CovItemId="B14" Value="14"/>
<Cov CovItemId="B54" Value="12"/>
<Cov CovItemId="B55" Value="12"/>
<Cov CovItemId="B58" Value="12"/>
<Cov CovItemId="B59" Value="12"/>
<Cov CovItemId="B61" Value="12"/>
<Cov CovItemId="B64" Value="12"/>
<Cov CovItemId="B68" Value="12"/>
<Cov CovItemId="B8" Value="24"/>
<Cov CovItemId="B81" Value="14"/>
<Cov CovItemId="S100" Value="14"/>
<Cov CovItemId="S118" Value="12"/>
<Cov CovItemId="S119" Value="12"/>
<Cov CovItemId="S125" Value="2"/>
<Cov CovItemId="S126" Value="2"/>
<Cov CovItemId="S127" Value="2"/>
<Cov CovItemId="S128" Value="2"/>
<Cov CovItemId="S129" Value="2"/>
<Cov CovItemId="S334" Value="12"/>
<Cov CovItemId="S336" Value="12"/>
<Cov CovItemId="S337" Value="12"/>
<Cov CovItemId="S338" Value="12"/>
<Cov CovItemId="S339" Value="12"/>
<Cov CovItemId="S341" Value="12"/>
<Cov CovItemId="S342" Value="12"/>
<Cov CovItemId="S343" Value="12"/>
<Cov CovItemId="S344" Value="12"/>
<Cov CovItemId="S345" Value="12"/>
<Cov CovItemId="S350" Value="12"/>
<Cov CovItemId="S351" Value="12"/>
<Cov CovItemId="S352" Value="12"/>
<Cov CovItemId="S353" Value="12"/>
<Cov CovItemId="S354" Value="12"/>
<Cov CovItemId="S355" Value="12"/>
<Cov CovItemId="S356" Value="12"/>
<Cov CovItemId="S357" Value="12"/>
<Cov CovItemId="S358" Value="12"/>
<Cov CovItemId="S359" Value="12"/>
<Cov CovItemId="S361" Value="12"/>
<Cov CovItemId="S362" Value="12"/>
<Cov CovItemId="S464" Value="14"/>
<Cov CovItemId="S465" Value="14"/>
<Cov CovItemId="S466" Value="14"/>
<Cov CovItemId="S467" Value="14"/>
<Cov CovItemId="S534" Value="6"/>
<Cov CovItemId="S535" Value="6"/>
<Cov CovItemId="S536" Value="3"/>
<Cov CovItemId="S537" Value="3"/>
<Cov CovItemId="S538" Value="3"/>
<Cov CovItemId="S539" Value="3"/>
<Cov CovItemId="S540" Value="3"/>
<Cov CovItemId="S541" Value="3"/>
<Cov CovItemId="S542" Value="3"/>
<Cov CovItemId="S94" Value="24"/>
<Cov CovItemId="S96" Value="24"/>
</CovPrefix>
<CovPrefix CovItemPrefix="Player.java">
<Cov CovItemId="L2-1" Value="4"/>
<Cov CovItemId="L2-2" Value="4"/>
<Cov CovItemId="S19" Value="8"/>
<Cov CovItemId="S20" Value="12"/>
<Cov CovItemId="S7" Value="3"/>
<Cov CovItemId="S8" Value="8"/>
<Cov CovItemId="S9" Value="4"/>
</CovPrefix>
</CovList>
<AssgnmntList>
<AssgnmntPrefix RootTermCovItemPrefix="BlackJack.java">
<AssgnmntListEntry Length="2" RootTermCovItemId="C1">
<MapEntry BoolAssgnmnt="01" Value="1"/>
<MapEntry BoolAssgnmnt="12" Value="1"/>
</AssgnmntListEntry>
</AssgnmntPrefix>
<AssgnmntPrefix RootTermCovItemPrefix="Card.java">
<AssgnmntListEntry Length="1" RootTermCovItemId="C3">
<MapEntry BoolAssgnmnt="0" Value="10"/>
<MapEntry BoolAssgnmnt="1" Value="2"/>
</AssgnmntListEntry>
</AssgnmntPrefix>
<AssgnmntPrefix RootTermCovItemPrefix="Deck.java">
<AssgnmntListEntry Length="1" RootTermCovItemId="C1">
<MapEntry BoolAssgnmnt="0" Value="2"/>
<MapEntry BoolAssgnmnt="1" Value="104"/>
</AssgnmntListEntry>
<AssgnmntListEntry Length="1" RootTermCovItemId="C2">
<MapEntry BoolAssgnmnt="0" Value="2"/>
<MapEntry BoolAssgnmnt="1" Value="104"/>
</AssgnmntListEntry>
</AssgnmntPrefix>
<AssgnmntPrefix RootTermCovItemPrefix="Draw.java">
<AssgnmntListEntry Length="1" RootTermCovItemId="C34">
<MapEntry BoolAssgnmnt="0" Value="12"/>
</AssgnmntListEntry>
<AssgnmntListEntry Length="2" RootTermCovItemId="C35">
<MapEntry BoolAssgnmnt="01" Value="12"/>
</AssgnmntListEntry>
<AssgnmntListEntry Length="2" RootTermCovItemId="C36">
<MapEntry BoolAssgnmnt="01" Value="12"/>
</AssgnmntListEntry>
<AssgnmntListEntry Length="1" RootTermCovItemId="C37">
<MapEntry BoolAssgnmnt="1" Value="12"/>
</AssgnmntListEntry>
<AssgnmntListEntry Length="2" RootTermCovItemId="C38">
<MapEntry BoolAssgnmnt="00" Value="12"/>
</AssgnmntListEntry>
<AssgnmntListEntry Length="1" RootTermCovItemId="C4">
<MapEntry BoolAssgnmnt="0" Value="24"/>
</AssgnmntListEntry>
<AssgnmntListEntry Length="2" RootTermCovItemId="C40">
<MapEntry BoolAssgnmnt="00" Value="12"/>
</AssgnmntListEntry>
<AssgnmntListEntry Length="1" RootTermCovItemId="C46">
<MapEntry BoolAssgnmnt="0" Value="14"/>
</AssgnmntListEntry>
<AssgnmntListEntry Length="1" RootTermCovItemId="C5">
<MapEntry BoolAssgnmnt="0" Value="24"/>
</AssgnmntListEntry>
<AssgnmntListEntry Length="1" RootTermCovItemId="C7">
<MapEntry BoolAssgnmnt="0" Value="14"/>
</AssgnmntListEntry>
</AssgnmntPrefix>
<AssgnmntPrefix RootTermCovItemPrefix="Player.java">
<AssgnmntListEntry Length="1" RootTermCovItemId="C4">
<MapEntry BoolAssgnmnt="0" Value="8"/>
<MapEntry BoolAssgnmnt="1" Value="12"/>
</AssgnmntListEntry>
</AssgnmntPrefix>
</AssgnmntList>
<ObjMetaDataList/>
<MetaDataList/>
</TestCase>
<TestCase Comment="" Date="1589513512714" Name="BlackJackTest:testMain">
<CovList>
<CovPrefix CovItemPrefix="BlackJack.java">
<Cov CovItemId="S10" Value="1"/>
<Cov CovItemId="S11" Value="1"/>
<Cov CovItemId="S12" Value="1"/>
<Cov CovItemId="S13" Value="1"/>
<Cov CovItemId="S14" Value="1"/>
<Cov CovItemId="S15" Value="1"/>
<Cov CovItemId="S16" Value="1"/>
<Cov CovItemId="S17" Value="1"/>
<Cov CovItemId="S18" Value="1"/>
<Cov CovItemId="S19" Value="1"/>
<Cov CovItemId="S2" Value="1"/>
<Cov CovItemId="S20" Value="1"/>
<Cov CovItemId="S21" Value="1"/>
<Cov CovItemId="S22" Value="1"/>
<Cov CovItemId="S23" Value="1"/>
<Cov CovItemId="S24" Value="1"/>
<Cov CovItemId="S25" Value="1"/>
<Cov CovItemId="S26" Value="1"/>
<Cov CovItemId="S27" Value="1"/>
<Cov CovItemId="S28" Value="1"/>
<Cov CovItemId="S29" Value="1"/>
<Cov CovItemId="S3" Value="1"/>
<Cov CovItemId="S30" Value="1"/>
<Cov CovItemId="S4" Value="1"/>
<Cov CovItemId="S5" Value="1"/>
<Cov CovItemId="S6" Value="1"/>
<Cov CovItemId="S7" Value="1"/>
<Cov CovItemId="S79" Value="1"/>
<Cov CovItemId="S8" Value="1"/>
<Cov CovItemId="S9" Value="1"/>
</CovPrefix>
<CovPrefix CovItemPrefix="Draw.java">
<Cov CovItemId="B1" Value="2"/>
<Cov CovItemId="B10" Value="14"/>
<Cov CovItemId="B12" Value="2"/>
<Cov CovItemId="B14" Value="6"/>
<Cov CovItemId="B16" Value="3"/>
<Cov CovItemId="B18" Value="3"/>
<Cov CovItemId="B6" Value="1"/>
<Cov CovItemId="B8" Value="14"/>
<Cov CovItemId="B81" Value="2"/>
<Cov CovItemId="S100" Value="6"/>
<Cov CovItemId="S102" Value="2"/>
<Cov CovItemId="S103" Value="2"/>
<Cov CovItemId="S104" Value="3"/>
<Cov CovItemId="S105" Value="3"/>
<Cov CovItemId="S106" Value="3"/>
<Cov CovItemId="S107" Value="3"/>
<Cov CovItemId="S109" Value="3"/>
<Cov CovItemId="S110" Value="3"/>
<Cov CovItemId="S111" Value="3"/>
<Cov CovItemId="S112" Value="3"/>
<Cov CovItemId="S113" Value="3"/>
<Cov CovItemId="S114" Value="3"/>
<Cov CovItemId="S116" Value="3"/>
<Cov CovItemId="S117" Value="3"/>
<Cov CovItemId="S124" Value="2"/>
<Cov CovItemId="S125" Value="2"/>
<Cov CovItemId="S126" Value="2"/>
<Cov CovItemId="S127" Value="2"/>
<Cov CovItemId="S128" Value="2"/>
<Cov CovItemId="S129" Value="2"/>
<Cov CovItemId="S131" Value="2"/>
<Cov CovItemId="S132" Value="2"/>
<Cov CovItemId="S133" Value="2"/>
<Cov CovItemId="S134" Value="2"/>
<Cov CovItemId="S135" Value="2"/>
<Cov CovItemId="S136" Value="2"/>
<Cov CovItemId="S138" Value="2"/>
<Cov CovItemId="S139" Value="2"/>
<Cov CovItemId="S140" Value="2"/>
<Cov CovItemId="S141" Value="2"/>
<Cov CovItemId="S151" Value="1"/>
<Cov CovItemId="S153" Value="2"/>
<Cov CovItemId="S154" Value="2"/>
<Cov CovItemId="S155" Value="2"/>
<Cov CovItemId="S28" Value="1"/>
<Cov CovItemId="S29" Value="1"/>
<Cov CovItemId="S30" Value="1"/>
<Cov CovItemId="S31" Value="1"/>
<Cov CovItemId="S32" Value="1"/>
<Cov CovItemId="S33" Value="1"/>
<Cov CovItemId="S34" Value="1"/>
<Cov CovItemId="S35" Value="1"/>
<Cov CovItemId="S36" Value="1"/>
<Cov CovItemId="S37" Value="1"/>
<Cov CovItemId="S38" Value="1"/>
<Cov CovItemId="S39" Value="1"/>
<Cov CovItemId="S40" Value="1"/>
<Cov CovItemId="S43" Value="1"/>
<Cov CovItemId="S44" Value="2"/>
<Cov CovItemId="S45" Value="2"/>
<Cov CovItemId="S46" Value="2"/>
<Cov CovItemId="S464" Value="2"/>
<Cov CovItemId="S465" Value="2"/>
<Cov CovItemId="S466" Value="2"/>
<Cov CovItemId="S467" Value="2"/>
<Cov CovItemId="S47" Value="2"/>
<Cov CovItemId="S48" Value="2"/>
<Cov CovItemId="S49" Value="2"/>
<Cov CovItemId="S50" Value="2"/>
<Cov CovItemId="S51" Value="2"/>
<Cov CovItemId="S52" Value="2"/>
<Cov CovItemId="S53" Value="2"/>
<Cov CovItemId="S533" Value="2"/>
<Cov CovItemId="S534" Value="10"/>
<Cov CovItemId="S535" Value="10"/>
<Cov CovItemId="S536" Value="2"/>
<Cov CovItemId="S537" Value="2"/>
<Cov CovItemId="S538" Value="2"/>
<Cov CovItemId="S539" Value="2"/>
<Cov CovItemId="S54" Value="2"/>
<Cov CovItemId="S540" Value="2"/>
<Cov CovItemId="S541" Value="2"/>
<Cov CovItemId="S542" Value="2"/>
<Cov CovItemId="S55" Value="2"/>
<Cov CovItemId="S56" Value="2"/>
<Cov CovItemId="S57" Value="2"/>
<Cov CovItemId="S58" Value="2"/>
<Cov CovItemId="S59" Value="2"/>
<Cov CovItemId="S60" Value="2"/>
<Cov CovItemId="S61" Value="2"/>
<Cov CovItemId="S62" Value="2"/>
<Cov CovItemId="S63" Value="2"/>
<Cov CovItemId="S64" Value="2"/>
<Cov CovItemId="S65" Value="2"/>
<Cov CovItemId="S66" Value="2"/>
<Cov CovItemId="S67" Value="2"/>
<Cov CovItemId="S68" Value="2"/>
<Cov CovItemId="S69" Value="2"/>
<Cov CovItemId="S70" Value="2"/>
<Cov CovItemId="S71" Value="2"/>
<Cov CovItemId="S72" Value="2"/>
<Cov CovItemId="S73" Value="2"/>
<Cov CovItemId="S74" Value="2"/>
<Cov CovItemId="S75" Value="2"/>
<Cov CovItemId="S76" Value="2"/>
<Cov CovItemId="S81" Value="1"/>
<Cov CovItemId="S83" Value="1"/>
<Cov CovItemId="S84" Value="1"/>
<Cov CovItemId="S85" Value="1"/>
<Cov CovItemId="S86" Value="2"/>
<Cov CovItemId="S87" Value="2"/>
<Cov CovItemId="S88" Value="2"/>
<Cov CovItemId="S89" Value="2"/>
<Cov CovItemId="S90" Value="2"/>
<Cov CovItemId="S91" Value="2"/>
<Cov CovItemId="S92" Value="2"/>
<Cov CovItemId="S93" Value="2"/>
<Cov CovItemId="S94" Value="14"/>
<Cov CovItemId="S96" Value="14"/>
<Cov CovItemId="S98" Value="2"/>
</CovPrefix>
<CovPrefix CovItemPrefix="Player.java">
<Cov CovItemId="S2" Value="2"/>
<Cov CovItemId="S3" Value="2"/>
<Cov CovItemId="S4" Value="2"/>
<Cov CovItemId="S5" Value="2"/>
<Cov CovItemId="S6" Value="2"/>
</CovPrefix>
</CovList>
<AssgnmntList>
<AssgnmntPrefix RootTermCovItemPrefix="Draw.java">
<AssgnmntListEntry Length="1" RootTermCovItemId="C1">
<MapEntry BoolAssgnmnt="1" Value="2"/>
</AssgnmntListEntry>
<AssgnmntListEntry Length="2" RootTermCovItemId="C3">
<MapEntry BoolAssgnmnt="00" Value="1"/>
</AssgnmntListEntry>
<AssgnmntListEntry Length="1" RootTermCovItemId="C4">
<MapEntry BoolAssgnmnt="0" Value="14"/>
</AssgnmntListEntry>
<AssgnmntListEntry Length="1" RootTermCovItemId="C46">
<MapEntry BoolAssgnmnt="0" Value="2"/>
</AssgnmntListEntry>
<AssgnmntListEntry Length="1" RootTermCovItemId="C5">
<MapEntry BoolAssgnmnt="0" Value="14"/>
</AssgnmntListEntry>
<AssgnmntListEntry Length="1" RootTermCovItemId="C6">
<MapEntry BoolAssgnmnt="0" Value="2"/>
</AssgnmntListEntry>
<AssgnmntListEntry Length="1" RootTermCovItemId="C7">
<MapEntry BoolAssgnmnt="0" Value="6"/>
</AssgnmntListEntry>
<AssgnmntListEntry Length="1" RootTermCovItemId="C8">
<MapEntry BoolAssgnmnt="0" Value="3"/>
</AssgnmntListEntry>
<AssgnmntListEntry Length="1" RootTermCovItemId="C9">
<MapEntry BoolAssgnmnt="0" Value="3"/>
</AssgnmntListEntry>
</AssgnmntPrefix>
</AssgnmntList>
<ObjMetaDataList/>
<MetaDataList/>
</TestCase>
<TestCase Comment="Failure&#10;org.junit.ComparisonFailure: expected:&lt;Gambler [bust]s&gt; but was:&lt;Gambler [win]s&gt;&#13;&#10;&#9;at org.junit.Assert.assertEquals(Assert.java:115)&#13;&#10;&#9;at org.junit.Assert.assertEquals(Assert.java:144)&#13;&#10;&#9;at BlackJackTest.testCheckWinner(BlackJackTest.java:62)&#13;&#10;&#9;at sun.reflect.NativeMethodAccessorImpl.invoke0(Native Method)&#13;&#10;&#9;at sun.reflect.NativeMethodAccessorImpl.invoke(Unknown Source)&#13;&#10;&#9;at sun.reflect.DelegatingMethodAccessorImpl.invoke(Unknown Source)&#13;&#10;&#9;at java.lang.reflect.Method.invoke(Unknown Source)&#13;&#10;&#9;at org.junit.runners.model.FrameworkMethod$1.runReflectiveCall(FrameworkMethod.java:47)&#13;&#10;&#9;at org.junit.internal.runners.model.ReflectiveCallable.run(ReflectiveCallable.java:12)&#13;&#10;&#9;at org.junit.runners.model.FrameworkMethod.invokeExplosively(FrameworkMethod.java:44)&#13;&#10;&#9;at org.junit.internal.runners.statements.InvokeMethod.evaluate(InvokeMethod.java:17)&#13;&#10;&#9;at org.junit.runners.ParentRunner.runLeaf(ParentRunner.java:271)&#13;&#10;&#9;at org.junit.runners.BlockJUnit4ClassRunner.runChild(BlockJUnit4ClassRunner.java:70)&#13;&#10;&#9;at org.junit.runners.BlockJUnit4ClassRunner.runChild(BlockJUnit4ClassRunner.java:50)&#13;&#10;&#9;at org.junit.runners.ParentRunner$3.run(ParentRunner.java:238)&#13;&#10;&#9;at org.junit.runners.ParentRunner$1.schedule(ParentRunner.java:63)&#13;&#10;&#9;at org.junit.runners.ParentRunner.runChildren(ParentRunner.java:236)&#13;&#10;&#9;at org.junit.runners.ParentRunner.access$000(ParentRunner.java:53)&#13;&#10;&#9;at org.junit.runners.ParentRunner$2.evaluate(ParentRunner.java:229)&#13;&#10;&#9;at org.junit.runners.ParentRunner.run(ParentRunner.java:309)&#13;&#10;&#9;at org.eclipse.jdt.internal.junit4.runner.JUnit4TestReference.run(JUnit4TestReference.java:50)&#13;&#10;&#9;at org.eclipse.jdt.internal.junit.runner.TestExecution.run(TestExecution.java:38)&#13;&#10;&#9;at org.eclipse.jdt.internal.junit.runner.RemoteTestRunner.runTests(RemoteTestRunner.java:467)&#13;&#10;&#9;at org.eclipse.jdt.internal.junit.runner.RemoteTestRunner.runTests(RemoteTestRunner.java:683)&#13;&#10;&#9;at org.eclipse.jdt.internal.junit.runner.RemoteTestRunner.run(RemoteTestRunner.java:390)&#13;&#10;&#9;at org.codecover.juniteclipse.runner.EclipseTestRunner.main(EclipseTestRunner.java:40)" Date="1589513513337" Name="BlackJackTest:testCheckWinner">
<CovList>
<CovPrefix CovItemPrefix="BlackJack.java">
<Cov CovItemId="B4" Value="1"/>
<Cov CovItemId="B6" Value="1"/>
<Cov CovItemId="B8" Value="1"/>
<Cov CovItemId="B9" Value="1"/>
<Cov CovItemId="S46" Value="1"/>
<Cov CovItemId="S47" Value="1"/>
<Cov CovItemId="S48" Value="1"/>
<Cov CovItemId="S49" Value="1"/>
<Cov CovItemId="S51" Value="1"/>
<Cov CovItemId="S53" Value="1"/>
<Cov CovItemId="S55" Value="1"/>
<Cov CovItemId="S56" Value="1"/>
<Cov CovItemId="S58" Value="1"/>
</CovPrefix>
<CovPrefix CovItemPrefix="Card.java">
<Cov CovItemId="B1" Value="6"/>
<Cov CovItemId="B2" Value="6"/>
<Cov CovItemId="B3" Value="3"/>
<Cov CovItemId="B4" Value="3"/>
<Cov CovItemId="B6" Value="1"/>
<Cov CovItemId="S1" Value="52"/>
<Cov CovItemId="S10" Value="3"/>
<Cov CovItemId="S11" Value="3"/>
<Cov CovItemId="S12" Value="1"/>
<Cov CovItemId="S14" Value="1"/>
<Cov CovItemId="S16" Value="1"/>
<Cov CovItemId="S2" Value="52"/>
<Cov CovItemId="S3" Value="52"/>
<Cov CovItemId="S4" Value="52"/>
<Cov CovItemId="S5" Value="52"/>
<Cov CovItemId="S6" Value="12"/>
<Cov CovItemId="S7" Value="12"/>
<Cov CovItemId="S8" Value="6"/>
<Cov CovItemId="S9" Value="6"/>
</CovPrefix>
<CovPrefix CovItemPrefix="Deck.java">
<Cov CovItemId="L1-2" Value="1"/>
<Cov CovItemId="S2" Value="1"/>
<Cov CovItemId="S3" Value="1"/>
<Cov CovItemId="S4" Value="1"/>
<Cov CovItemId="S5" Value="52"/>
</CovPrefix>
<CovPrefix CovItemPrefix="Draw.java">
<Cov CovItemId="B10" Value="2"/>
<Cov CovItemId="B14" Value="1"/>
<Cov CovItemId="B54" Value="1"/>
<Cov CovItemId="B55" Value="1"/>
<Cov CovItemId="B58" Value="1"/>
<Cov CovItemId="B59" Value="1"/>
<Cov CovItemId="B61" Value="1"/>
<Cov CovItemId="B64" Value="1"/>
<Cov CovItemId="B68" Value="1"/>
<Cov CovItemId="B8" Value="2"/>
<Cov CovItemId="B81" Value="1"/>
<Cov CovItemId="S100" Value="1"/>
<Cov CovItemId="S118" Value="1"/>
<Cov CovItemId="S119" Value="1"/>
<Cov CovItemId="S334" Value="1"/>
<Cov CovItemId="S336" Value="1"/>
<Cov CovItemId="S337" Value="1"/>
<Cov CovItemId="S338" Value="1"/>
<Cov CovItemId="S339" Value="1"/>
<Cov CovItemId="S341" Value="1"/>
<Cov CovItemId="S342" Value="1"/>
<Cov CovItemId="S343" Value="1"/>
<Cov CovItemId="S344" Value="1"/>
<Cov CovItemId="S345" Value="1"/>
<Cov CovItemId="S350" Value="1"/>
<Cov CovItemId="S351" Value="1"/>
<Cov CovItemId="S352" Value="1"/>
<Cov CovItemId="S353" Value="1"/>
<Cov CovItemId="S354" Value="1"/>
<Cov CovItemId="S355" Value="1"/>
<Cov CovItemId="S356" Value="1"/>
<Cov CovItemId="S357" Value="1"/>
<Cov CovItemId="S358" Value="1"/>
<Cov CovItemId="S359" Value="1"/>
<Cov CovItemId="S361" Value="1"/>
<Cov CovItemId="S362" Value="1"/>
<Cov CovItemId="S464" Value="1"/>
<Cov CovItemId="S465" Value="1"/>
<Cov CovItemId="S466" Value="1"/>
<Cov CovItemId="S467" Value="1"/>
<Cov CovItemId="S534" Value="1"/>
<Cov CovItemId="S535" Value="1"/>
<Cov CovItemId="S536" Value="1"/>
<Cov CovItemId="S537" Value="1"/>
<Cov CovItemId="S538" Value="1"/>
<Cov CovItemId="S539" Value="1"/>
<Cov CovItemId="S540" Value="1"/>
<Cov CovItemId="S541" Value="1"/>
<Cov CovItemId="S94" Value="2"/>
<Cov CovItemId="S96" Value="2"/>
</CovPrefix>
<CovPrefix CovItemPrefix="Player.java">
<Cov CovItemId="B1" Value="6"/>
<Cov CovItemId="B2" Value="6"/>
<Cov CovItemId="B3" Value="3"/>
<Cov CovItemId="B4" Value="3"/>
<Cov CovItemId="L1-1" Value="3"/>
<Cov CovItemId="L1-2" Value="3"/>
<Cov CovItemId="L2-1" Value="1"/>
<Cov CovItemId="S10" Value="6"/>
<Cov CovItemId="S11" Value="6"/>
<Cov CovItemId="S12" Value="6"/>
<Cov CovItemId="S13" Value="12"/>
<Cov CovItemId="S14" Value="12"/>
<Cov CovItemId="S15" Value="6"/>
<Cov CovItemId="S16" Value="6"/>
<Cov CovItemId="S17" Value="3"/>
<Cov CovItemId="S18" Value="6"/>
<Cov CovItemId="S19" Value="1"/>
<Cov CovItemId="S20" Value="1"/>
<Cov CovItemId="S7" Value="1"/>
<Cov CovItemId="S8" Value="4"/>
<Cov CovItemId="S9" Value="2"/>
</CovPrefix>
<CovPrefix CovItemPrefix="StdOut.java">
<Cov CovItemId="S7" Value="1"/>
</CovPrefix>
</CovList>
<AssgnmntList>
<AssgnmntPrefix RootTermCovItemPrefix="BlackJack.java">
<AssgnmntListEntry Length="1" RootTermCovItemId="C2">
<MapEntry BoolAssgnmnt="0" Value="1"/>
</AssgnmntListEntry>
<AssgnmntListEntry Length="1" RootTermCovItemId="C3">
<MapEntry BoolAssgnmnt="0" Value="1"/>
</AssgnmntListEntry>
<AssgnmntListEntry Length="1" RootTermCovItemId="C4">
<MapEntry BoolAssgnmnt="0" Value="1"/>
</AssgnmntListEntry>
<AssgnmntListEntry Length="1" RootTermCovItemId="C5">
<MapEntry BoolAssgnmnt="1" Value="1"/>
</AssgnmntListEntry>
</AssgnmntPrefix>
<AssgnmntPrefix RootTermCovItemPrefix="Card.java">
<AssgnmntListEntry Length="1" RootTermCovItemId="C1">
<MapEntry BoolAssgnmnt="0" Value="6"/>
<MapEntry BoolAssgnmnt="1" Value="6"/>
</AssgnmntListEntry>
<AssgnmntListEntry Length="1" RootTermCovItemId="C2">
<MapEntry BoolAssgnmnt="0" Value="3"/>
<MapEntry BoolAssgnmnt="1" Value="3"/>
</AssgnmntListEntry>
<AssgnmntListEntry Length="1" RootTermCovItemId="C3">
<MapEntry BoolAssgnmnt="0" Value="1"/>
</AssgnmntListEntry>
</AssgnmntPrefix>
<AssgnmntPrefix RootTermCovItemPrefix="Deck.java">
<AssgnmntListEntry Length="1" RootTermCovItemId="C1">
<MapEntry BoolAssgnmnt="0" Value="1"/>
<MapEntry BoolAssgnmnt="1" Value="52"/>
</AssgnmntListEntry>
</AssgnmntPrefix>
<AssgnmntPrefix RootTermCovItemPrefix="Draw.java">
<AssgnmntListEntry Length="1" RootTermCovItemId="C34">
<MapEntry BoolAssgnmnt="0" Value="1"/>
</AssgnmntListEntry>
<AssgnmntListEntry Length="2" RootTermCovItemId="C35">
<MapEntry BoolAssgnmnt="01" Value="1"/>
</AssgnmntListEntry>
<AssgnmntListEntry Length="2" RootTermCovItemId="C36">
<MapEntry BoolAssgnmnt="01" Value="1"/>
</AssgnmntListEntry>
<AssgnmntListEntry Length="1" RootTermCovItemId="C37">
<MapEntry BoolAssgnmnt="1" Value="1"/>
</AssgnmntListEntry>
<AssgnmntListEntry Length="2" RootTermCovItemId="C38">
<MapEntry BoolAssgnmnt="00" Value="1"/>
</AssgnmntListEntry>
<AssgnmntListEntry Length="1" RootTermCovItemId="C4">
<MapEntry BoolAssgnmnt="0" Value="2"/>
</AssgnmntListEntry>
<AssgnmntListEntry Length="2" RootTermCovItemId="C40">
<MapEntry BoolAssgnmnt="00" Value="1"/>
</AssgnmntListEntry>
<AssgnmntListEntry Length="1" RootTermCovItemId="C46">
<MapEntry BoolAssgnmnt="0" Value="1"/>
</AssgnmntListEntry>
<AssgnmntListEntry Length="1" RootTermCovItemId="C5">
<MapEntry BoolAssgnmnt="0" Value="2"/>
</AssgnmntListEntry>
<AssgnmntListEntry Length="1" RootTermCovItemId="C7">
<MapEntry BoolAssgnmnt="0" Value="1"/>
</AssgnmntListEntry>
</AssgnmntPrefix>
<AssgnmntPrefix RootTermCovItemPrefix="Player.java">
<AssgnmntListEntry Length="1" RootTermCovItemId="C1">
<MapEntry BoolAssgnmnt="0" Value="6"/>
<MapEntry BoolAssgnmnt="1" Value="12"/>
</AssgnmntListEntry>
<AssgnmntListEntry Length="1" RootTermCovItemId="C2">
<MapEntry BoolAssgnmnt="0" Value="6"/>
<MapEntry BoolAssgnmnt="1" Value="6"/>
</AssgnmntListEntry>
<AssgnmntListEntry Length="2" RootTermCovItemId="C3">
<MapEntry BoolAssgnmnt="10" Value="3"/>
<MapEntry BoolAssgnmnt="11" Value="3"/>
</AssgnmntListEntry>
<AssgnmntListEntry Length="1" RootTermCovItemId="C4">
<MapEntry BoolAssgnmnt="0" Value="1"/>
<MapEntry BoolAssgnmnt="1" Value="1"/>
</AssgnmntListEntry>
</AssgnmntPrefix>
</AssgnmntList>
<ObjMetaDataList/>
<MetaDataList/>
</TestCase>
<TestCase Comment="" Date="1589513513639" Name="BlackJackTest:initHere">
<CovList>
<CovPrefix CovItemPrefix="BlackJack.java">
<Cov CovItemId="S10" Value="1"/>
<Cov CovItemId="S11" Value="1"/>
<Cov CovItemId="S12" Value="1"/>
<Cov CovItemId="S13" Value="1"/>
<Cov CovItemId="S14" Value="1"/>
<Cov CovItemId="S15" Value="1"/>
<Cov CovItemId="S16" Value="1"/>
<Cov CovItemId="S17" Value="1"/>
<Cov CovItemId="S18" Value="1"/>
<Cov CovItemId="S19" Value="1"/>
<Cov CovItemId="S2" Value="1"/>
<Cov CovItemId="S20" Value="1"/>
<Cov CovItemId="S21" Value="1"/>
<Cov CovItemId="S22" Value="1"/>
<Cov CovItemId="S23" Value="1"/>
<Cov CovItemId="S24" Value="1"/>
<Cov CovItemId="S25" Value="1"/>
<Cov CovItemId="S26" Value="1"/>
<Cov CovItemId="S27" Value="1"/>
<Cov CovItemId="S28" Value="1"/>
<Cov CovItemId="S29" Value="1"/>
<Cov CovItemId="S3" Value="1"/>
<Cov CovItemId="S30" Value="1"/>
<Cov CovItemId="S4" Value="1"/>
<Cov CovItemId="S5" Value="1"/>
<Cov CovItemId="S6" Value="1"/>
<Cov CovItemId="S7" Value="1"/>
<Cov CovItemId="S8" Value="1"/>
<Cov CovItemId="S9" Value="1"/>
</CovPrefix>
<CovPrefix CovItemPrefix="Draw.java">
<Cov CovItemId="B1" Value="2"/>
<Cov CovItemId="B10" Value="14"/>
<Cov CovItemId="B12" Value="2"/>
<Cov CovItemId="B14" Value="6"/>
<Cov CovItemId="B16" Value="3"/>
<Cov CovItemId="B18" Value="3"/>
<Cov CovItemId="B6" Value="1"/>
<Cov CovItemId="B8" Value="14"/>
<Cov CovItemId="B81" Value="2"/>
<Cov CovItemId="S100" Value="6"/>
<Cov CovItemId="S102" Value="2"/>
<Cov CovItemId="S103" Value="2"/>
<Cov CovItemId="S104" Value="3"/>
<Cov CovItemId="S105" Value="3"/>
<Cov CovItemId="S106" Value="3"/>
<Cov CovItemId="S107" Value="3"/>
<Cov CovItemId="S109" Value="3"/>
<Cov CovItemId="S110" Value="3"/>
<Cov CovItemId="S111" Value="3"/>
<Cov CovItemId="S112" Value="3"/>
<Cov CovItemId="S113" Value="3"/>
<Cov CovItemId="S114" Value="3"/>
<Cov CovItemId="S116" Value="3"/>
<Cov CovItemId="S117" Value="3"/>
<Cov CovItemId="S124" Value="2"/>
<Cov CovItemId="S125" Value="2"/>
<Cov CovItemId="S126" Value="2"/>
<Cov CovItemId="S127" Value="2"/>
<Cov CovItemId="S128" Value="2"/>
<Cov CovItemId="S129" Value="2"/>
<Cov CovItemId="S131" Value="2"/>
<Cov CovItemId="S132" Value="2"/>
<Cov CovItemId="S133" Value="2"/>
<Cov CovItemId="S134" Value="2"/>
<Cov CovItemId="S135" Value="2"/>
<Cov CovItemId="S136" Value="2"/>
<Cov CovItemId="S138" Value="2"/>
<Cov CovItemId="S139" Value="2"/>
<Cov CovItemId="S140" Value="2"/>
<Cov CovItemId="S141" Value="2"/>
<Cov CovItemId="S151" Value="1"/>
<Cov CovItemId="S153" Value="2"/>
<Cov CovItemId="S154" Value="2"/>
<Cov CovItemId="S155" Value="2"/>
<Cov CovItemId="S28" Value="1"/>
<Cov CovItemId="S29" Value="1"/>
<Cov CovItemId="S30" Value="1"/>
<Cov CovItemId="S31" Value="1"/>
<Cov CovItemId="S32" Value="1"/>
<Cov CovItemId="S33" Value="1"/>
<Cov CovItemId="S34" Value="1"/>
<Cov CovItemId="S35" Value="1"/>
<Cov CovItemId="S36" Value="1"/>
<Cov CovItemId="S37" Value="1"/>
<Cov CovItemId="S38" Value="1"/>
<Cov CovItemId="S39" Value="1"/>
<Cov CovItemId="S40" Value="1"/>
<Cov CovItemId="S43" Value="1"/>
<Cov CovItemId="S44" Value="2"/>
<Cov CovItemId="S45" Value="2"/>
<Cov CovItemId="S46" Value="2"/>
<Cov CovItemId="S464" Value="2"/>
<Cov CovItemId="S465" Value="2"/>
<Cov CovItemId="S466" Value="2"/>
<Cov CovItemId="S467" Value="2"/>
<Cov CovItemId="S47" Value="2"/>
<Cov CovItemId="S48" Value="2"/>
<Cov CovItemId="S49" Value="2"/>
<Cov CovItemId="S50" Value="2"/>
<Cov CovItemId="S51" Value="2"/>
<Cov CovItemId="S52" Value="2"/>
<Cov CovItemId="S53" Value="2"/>
<Cov CovItemId="S533" Value="2"/>
<Cov CovItemId="S534" Value="12"/>
<Cov CovItemId="S535" Value="12"/>
<Cov CovItemId="S536" Value="4"/>
<Cov CovItemId="S537" Value="4"/>
<Cov CovItemId="S538" Value="4"/>
<Cov CovItemId="S539" Value="4"/>
<Cov CovItemId="S54" Value="2"/>
<Cov CovItemId="S540" Value="4"/>
<Cov CovItemId="S541" Value="4"/>
<Cov CovItemId="S542" Value="4"/>
<Cov CovItemId="S55" Value="2"/>
<Cov CovItemId="S56" Value="2"/>
<Cov CovItemId="S57" Value="2"/>
<Cov CovItemId="S58" Value="2"/>
<Cov CovItemId="S59" Value="2"/>
<Cov CovItemId="S60" Value="2"/>
<Cov CovItemId="S61" Value="2"/>
<Cov CovItemId="S62" Value="2"/>
<Cov CovItemId="S63" Value="2"/>
<Cov CovItemId="S64" Value="2"/>
<Cov CovItemId="S65" Value="2"/>
<Cov CovItemId="S66" Value="2"/>
<Cov CovItemId="S67" Value="2"/>
<Cov CovItemId="S68" Value="2"/>
<Cov CovItemId="S69" Value="2"/>
<Cov CovItemId="S70" Value="2"/>
<Cov CovItemId="S71" Value="2"/>
<Cov CovItemId="S72" Value="2"/>
<Cov CovItemId="S73" Value="2"/>
<Cov CovItemId="S74" Value="2"/>
<Cov CovItemId="S75" Value="2"/>
<Cov CovItemId="S76" Value="2"/>
<Cov CovItemId="S81" Value="1"/>
<Cov CovItemId="S83" Value="1"/>
<Cov CovItemId="S84" Value="1"/>
<Cov CovItemId="S85" Value="1"/>
<Cov CovItemId="S86" Value="2"/>
<Cov CovItemId="S87" Value="2"/>
<Cov CovItemId="S88" Value="2"/>
<Cov CovItemId="S89" Value="2"/>
<Cov CovItemId="S90" Value="2"/>
<Cov CovItemId="S91" Value="2"/>
<Cov CovItemId="S92" Value="2"/>
<Cov CovItemId="S93" Value="2"/>
<Cov CovItemId="S94" Value="14"/>
<Cov CovItemId="S96" Value="14"/>
<Cov CovItemId="S98" Value="2"/>
</CovPrefix>
<CovPrefix CovItemPrefix="Player.java">
<Cov CovItemId="S2" Value="2"/>
<Cov CovItemId="S3" Value="2"/>
<Cov CovItemId="S4" Value="2"/>
<Cov CovItemId="S5" Value="2"/>
<Cov CovItemId="S6" Value="2"/>
</CovPrefix>
</CovList>
<AssgnmntList>
<AssgnmntPrefix RootTermCovItemPrefix="Draw.java">
<AssgnmntListEntry Length="1" RootTermCovItemId="C1">
<MapEntry BoolAssgnmnt="1" Value="2"/>
</AssgnmntListEntry>
<AssgnmntListEntry Length="2" RootTermCovItemId="C3">
<MapEntry BoolAssgnmnt="00" Value="1"/>
</AssgnmntListEntry>
<AssgnmntListEntry Length="1" RootTermCovItemId="C4">
<MapEntry BoolAssgnmnt="0" Value="14"/>
</AssgnmntListEntry>
<AssgnmntListEntry Length="1" RootTermCovItemId="C46">
<MapEntry BoolAssgnmnt="0" Value="2"/>
</AssgnmntListEntry>
<AssgnmntListEntry Length="1" RootTermCovItemId="C5">
<MapEntry BoolAssgnmnt="0" Value="14"/>
</AssgnmntListEntry>
<AssgnmntListEntry Length="1" RootTermCovItemId="C6">
<MapEntry BoolAssgnmnt="0" Value="2"/>
</AssgnmntListEntry>
<AssgnmntListEntry Length="1" RootTermCovItemId="C7">
<MapEntry BoolAssgnmnt="0" Value="6"/>
</AssgnmntListEntry>
<AssgnmntListEntry Length="1" RootTermCovItemId="C8">
<MapEntry BoolAssgnmnt="0" Value="3"/>
</AssgnmntListEntry>
<AssgnmntListEntry Length="1" RootTermCovItemId="C9">
<MapEntry BoolAssgnmnt="0" Value="3"/>
</AssgnmntListEntry>
</AssgnmntPrefix>
</AssgnmntList>
<ObjMetaDataList/>
<MetaDataList/>
</TestCase>
<TestCase Comment="" Date="1589513514264" Name="BlackJackTest:testBlackJack">
<CovList>
<CovPrefix CovItemPrefix="Player.java">
<Cov CovItemId="B4" Value="2"/>
<Cov CovItemId="L1-0" Value="2"/>
<Cov CovItemId="S10" Value="2"/>
<Cov CovItemId="S11" Value="2"/>
<Cov CovItemId="S12" Value="2"/>
<Cov CovItemId="S16" Value="2"/>
<Cov CovItemId="S18" Value="2"/>
</CovPrefix>
</CovList>
<AssgnmntList>
<AssgnmntPrefix RootTermCovItemPrefix="Player.java">
<AssgnmntListEntry Length="1" RootTermCovItemId="C1">
<MapEntry BoolAssgnmnt="0" Value="2"/>
</AssgnmntListEntry>
<AssgnmntListEntry Length="2" RootTermCovItemId="C3">
<MapEntry BoolAssgnmnt="02" Value="2"/>
</AssgnmntListEntry>
</AssgnmntPrefix>
</AssgnmntList>
<ObjMetaDataList/>
<MetaDataList/>
</TestCase>
<TestCase Comment="" Date="1589513514346" Name="PlayerTest:testReset">
<CovList>
<CovPrefix CovItemPrefix="Card.java">
<Cov CovItemId="S1" Value="2"/>
<Cov CovItemId="S17" Value="1"/>
<Cov CovItemId="S18" Value="1"/>
<Cov CovItemId="S19" Value="1"/>
<Cov CovItemId="S2" Value="2"/>
<Cov CovItemId="S3" Value="2"/>
<Cov CovItemId="S4" Value="2"/>
<Cov CovItemId="S5" Value="2"/>
</CovPrefix>
<CovPrefix CovItemPrefix="Draw.java">
<Cov CovItemId="S534" Value="1"/>
<Cov CovItemId="S535" Value="1"/>
<Cov CovItemId="S536" Value="1"/>
<Cov CovItemId="S537" Value="1"/>
<Cov CovItemId="S538" Value="1"/>
<Cov CovItemId="S539" Value="1"/>
<Cov CovItemId="S540" Value="1"/>
<Cov CovItemId="S541" Value="1"/>
</CovPrefix>
<CovPrefix CovItemPrefix="Player.java">
<Cov CovItemId="S7" Value="1"/>
<Cov CovItemId="S8" Value="2"/>
<Cov CovItemId="S9" Value="1"/>
</CovPrefix>
</CovList>
<AssgnmntList/>
<ObjMetaDataList/>
<MetaDataList/>
</TestCase>
<TestCase Comment="" Date="1589513514457" Name="PlayerTest:testValue">
<CovList>
<CovPrefix CovItemPrefix="Card.java">
<Cov CovItemId="B1" Value="3"/>
<Cov CovItemId="B2" Value="3"/>
<Cov CovItemId="B3" Value="2"/>
<Cov CovItemId="B4" Value="1"/>
<Cov CovItemId="S1" Value="3"/>
<Cov CovItemId="S10" Value="2"/>
<Cov CovItemId="S11" Value="1"/>
<Cov CovItemId="S2" Value="3"/>
<Cov CovItemId="S3" Value="3"/>
<Cov CovItemId="S4" Value="3"/>
<Cov CovItemId="S5" Value="3"/>
<Cov CovItemId="S6" Value="6"/>
<Cov CovItemId="S7" Value="6"/>
<Cov CovItemId="S8" Value="3"/>
<Cov CovItemId="S9" Value="3"/>
</CovPrefix>
<CovPrefix CovItemPrefix="Player.java">
<Cov CovItemId="B1" Value="3"/>
<Cov CovItemId="B2" Value="3"/>
<Cov CovItemId="B3" Value="2"/>
<Cov CovItemId="B4" Value="2"/>
<Cov CovItemId="L1-0" Value="1"/>
<Cov CovItemId="L1-1" Value="1"/>
<Cov CovItemId="L1-2" Value="2"/>
<Cov CovItemId="S10" Value="4"/>
<Cov CovItemId="S11" Value="4"/>
<Cov CovItemId="S12" Value="4"/>
<Cov CovItemId="S13" Value="6"/>
<Cov CovItemId="S14" Value="6"/>
<Cov CovItemId="S15" Value="3"/>
<Cov CovItemId="S16" Value="4"/>
<Cov CovItemId="S17" Value="2"/>
<Cov CovItemId="S18" Value="4"/>
<Cov CovItemId="S8" Value="3"/>
<Cov CovItemId="S9" Value="1"/>
</CovPrefix>
</CovList>
<AssgnmntList>
<AssgnmntPrefix RootTermCovItemPrefix="Card.java">
<AssgnmntListEntry Length="1" RootTermCovItemId="C1">
<MapEntry BoolAssgnmnt="0" Value="3"/>
<MapEntry BoolAssgnmnt="1" Value="3"/>
</AssgnmntListEntry>
<AssgnmntListEntry Length="1" RootTermCovItemId="C2">
<MapEntry BoolAssgnmnt="0" Value="1"/>
<MapEntry BoolAssgnmnt="1" Value="2"/>
</AssgnmntListEntry>
</AssgnmntPrefix>
<AssgnmntPrefix RootTermCovItemPrefix="Player.java">
<AssgnmntListEntry Length="1" RootTermCovItemId="C1">
<MapEntry BoolAssgnmnt="0" Value="4"/>
<MapEntry BoolAssgnmnt="1" Value="6"/>
</AssgnmntListEntry>
<AssgnmntListEntry Length="1" RootTermCovItemId="C2">
<MapEntry BoolAssgnmnt="0" Value="3"/>
<MapEntry BoolAssgnmnt="1" Value="3"/>
</AssgnmntListEntry>
<AssgnmntListEntry Length="2" RootTermCovItemId="C3">
<MapEntry BoolAssgnmnt="02" Value="1"/>
<MapEntry BoolAssgnmnt="10" Value="1"/>
<MapEntry BoolAssgnmnt="11" Value="2"/>
</AssgnmntListEntry>
</AssgnmntPrefix>
</AssgnmntList>
<ObjMetaDataList/>
<MetaDataList/>
</TestCase>
<TestCase Comment="" Date="1589513514557" Name="PlayerTest:testDraw">
<CovList/>
<AssgnmntList/>
<ObjMetaDataList/>
<MetaDataList/>
</TestCase>
<TestCase Comment="" Date="1589513514662" Name="PlayerTest:testPeak">
<CovList>
<CovPrefix CovItemPrefix="Card.java">
<Cov CovItemId="S1" Value="2"/>
<Cov CovItemId="S17" Value="1"/>
<Cov CovItemId="S18" Value="1"/>
<Cov CovItemId="S19" Value="1"/>
<Cov CovItemId="S2" Value="2"/>
<Cov CovItemId="S3" Value="2"/>
<Cov CovItemId="S4" Value="2"/>
<Cov CovItemId="S5" Value="2"/>
</CovPrefix>
<CovPrefix CovItemPrefix="Player.java">
<Cov CovItemId="S7" Value="1"/>
<Cov CovItemId="S8" Value="2"/>
</CovPrefix>
</CovList>
<AssgnmntList/>
<ObjMetaDataList/>
<MetaDataList/>
</TestCase>
<TestCase Comment="Failure&#10;java.lang.AssertionError: expected:&lt;true&gt; but was:&lt;false&gt;&#13;&#10;&#9;at org.junit.Assert.fail(Assert.java:88)&#13;&#10;&#9;at org.junit.Assert.failNotEquals(Assert.java:743)&#13;&#10;&#9;at org.junit.Assert.assertEquals(Assert.java:118)&#13;&#10;&#9;at org.junit.Assert.assertEquals(Assert.java:144)&#13;&#10;&#9;at PlayerTest.testToString(PlayerTest.java:58)&#13;&#10;&#9;at sun.reflect.NativeMethodAccessorImpl.invoke0(Native Method)&#13;&#10;&#9;at sun.reflect.NativeMethodAccessorImpl.invoke(Unknown Source)&#13;&#10;&#9;at sun.reflect.DelegatingMethodAccessorImpl.invoke(Unknown Source)&#13;&#10;&#9;at java.lang.reflect.Method.invoke(Unknown Source)&#13;&#10;&#9;at org.junit.runners.model.FrameworkMethod$1.runReflectiveCall(FrameworkMethod.java:47)&#13;&#10;&#9;at org.junit.internal.runners.model.ReflectiveCallable.run(ReflectiveCallable.java:12)&#13;&#10;&#9;at org.junit.runners.model.FrameworkMethod.invokeExplosively(FrameworkMethod.java:44)&#13;&#10;&#9;at org.junit.internal.runners.statements.InvokeMethod.evaluate(InvokeMethod.java:17)&#13;&#10;&#9;at org.junit.runners.ParentRunner.runLeaf(ParentRunner.java:271)&#13;&#10;&#9;at org.junit.runners.BlockJUnit4ClassRunner.runChild(BlockJUnit4ClassRunner.java:70)&#13;&#10;&#9;at org.junit.runners.BlockJUnit4ClassRunner.runChild(BlockJUnit4ClassRunner.java:50)&#13;&#10;&#9;at org.junit.runners.ParentRunner$3.run(ParentRunner.java:238)&#13;&#10;&#9;at org.junit.runners.ParentRunner$1.schedule(ParentRunner.java:63)&#13;&#10;&#9;at org.junit.runners.ParentRunner.runChildren(ParentRunner.java:236)&#13;&#10;&#9;at org.junit.runners.ParentRunner.access$000(ParentRunner.java:53)&#13;&#10;&#9;at org.junit.runners.ParentRunner$2.evaluate(ParentRunner.java:229)&#13;&#10;&#9;at org.junit.runners.ParentRunner.run(ParentRunner.java:309)&#13;&#10;&#9;at org.eclipse.jdt.internal.junit4.runner.JUnit4TestReference.run(JUnit4TestReference.java:50)&#13;&#10;&#9;at org.eclipse.jdt.internal.junit.runner.TestExecution.run(TestExecution.java:38)&#13;&#10;&#9;at org.eclipse.jdt.internal.junit.runner.RemoteTestRunner.runTests(RemoteTestRunner.java:467)&#13;&#10;&#9;at org.eclipse.jdt.internal.junit.runner.RemoteTestRunner.runTests(RemoteTestRunner.java:683)&#13;&#10;&#9;at org.eclipse.jdt.internal.junit.runner.RemoteTestRunner.run(RemoteTestRunner.java:390)&#13;&#10;&#9;at org.codecover.juniteclipse.runner.EclipseTestRunner.main(EclipseTestRunner.java:40)" Date="1589513514737" Name="PlayerTest:testToString">
<CovList>
<CovPrefix CovItemPrefix="Card.java">
<Cov CovItemId="B1" Value="1"/>
<Cov CovItemId="S1" Value="1"/>
<Cov CovItemId="S17" Value="1"/>
<Cov CovItemId="S18" Value="1"/>
<Cov CovItemId="S19" Value="1"/>
<Cov CovItemId="S2" Value="1"/>
<Cov CovItemId="S3" Value="1"/>
<Cov CovItemId="S4" Value="1"/>
<Cov CovItemId="S5" Value="1"/>
<Cov CovItemId="S6" Value="1"/>
<Cov CovItemId="S7" Value="1"/>
<Cov CovItemId="S8" Value="1"/>
</CovPrefix>
<CovPrefix CovItemPrefix="Player.java">
<Cov CovItemId="B1" Value="1"/>
<Cov CovItemId="B3" Value="1"/>
<Cov CovItemId="B4" Value="1"/>
<Cov CovItemId="L1-0" Value="1"/>
<Cov CovItemId="L1-1" Value="1"/>
<Cov CovItemId="L3-0" Value="1"/>
<Cov CovItemId="L3-1" Value="1"/>
<Cov CovItemId="S10" Value="2"/>
<Cov CovItemId="S11" Value="2"/>
<Cov CovItemId="S12" Value="2"/>
<Cov CovItemId="S13" Value="1"/>
<Cov CovItemId="S14" Value="1"/>
<Cov CovItemId="S15" Value="1"/>
<Cov CovItemId="S16" Value="2"/>
<Cov CovItemId="S17" Value="1"/>
<Cov CovItemId="S18" Value="2"/>
<Cov CovItemId="S21" Value="2"/>
<Cov CovItemId="S22" Value="2"/>
<Cov CovItemId="S23" Value="1"/>
<Cov CovItemId="S24" Value="2"/>
<Cov CovItemId="S8" Value="1"/>
</CovPrefix>
</CovList>
<AssgnmntList>
<AssgnmntPrefix RootTermCovItemPrefix="Card.java">
<AssgnmntListEntry Length="1" RootTermCovItemId="C1">
<MapEntry BoolAssgnmnt="1" Value="1"/>
</AssgnmntListEntry>
</AssgnmntPrefix>
<AssgnmntPrefix RootTermCovItemPrefix="Player.java">
<AssgnmntListEntry Length="1" RootTermCovItemId="C1">
<MapEntry BoolAssgnmnt="0" Value="2"/>
<MapEntry BoolAssgnmnt="1" Value="1"/>
</AssgnmntListEntry>
<AssgnmntListEntry Length="1" RootTermCovItemId="C2">
<MapEntry BoolAssgnmnt="1" Value="1"/>
</AssgnmntListEntry>
<AssgnmntListEntry Length="2" RootTermCovItemId="C3">
<MapEntry BoolAssgnmnt="02" Value="1"/>
<MapEntry BoolAssgnmnt="11" Value="1"/>
</AssgnmntListEntry>
<AssgnmntListEntry Length="1" RootTermCovItemId="C5">
<MapEntry BoolAssgnmnt="0" Value="2"/>
<MapEntry BoolAssgnmnt="1" Value="1"/>
</AssgnmntListEntry>
</AssgnmntPrefix>
</AssgnmntList>
<ObjMetaDataList/>
<MetaDataList/>
</TestCase>
<TestCase Comment="" Date="1589513514834" Name="PlayerTest:testDealTo">
<CovList>
<CovPrefix CovItemPrefix="Card.java">
<Cov CovItemId="S1" Value="2"/>
<Cov CovItemId="S17" Value="3"/>
<Cov CovItemId="S18" Value="3"/>
<Cov CovItemId="S19" Value="3"/>
<Cov CovItemId="S2" Value="2"/>
<Cov CovItemId="S3" Value="2"/>
<Cov CovItemId="S4" Value="2"/>
<Cov CovItemId="S5" Value="2"/>
</CovPrefix>
<CovPrefix CovItemPrefix="Player.java">
<Cov CovItemId="S7" Value="3"/>
<Cov CovItemId="S8" Value="2"/>
<Cov CovItemId="S9" Value="1"/>
</CovPrefix>
</CovList>
<AssgnmntList/>
<ObjMetaDataList/>
<MetaDataList/>
</TestCase>
<TestCase Comment="" Date="1589513514836" Name="DeckTest:testDeck">
<CovList>
<CovPrefix CovItemPrefix="Card.java">
<Cov CovItemId="S1" Value="104"/>
<Cov CovItemId="S2" Value="104"/>
<Cov CovItemId="S3" Value="104"/>
<Cov CovItemId="S4" Value="104"/>
<Cov CovItemId="S5" Value="104"/>
</CovPrefix>
<CovPrefix CovItemPrefix="Deck.java">
<Cov CovItemId="L1-2" Value="2"/>
<Cov CovItemId="S2" Value="2"/>
<Cov CovItemId="S3" Value="2"/>
<Cov CovItemId="S4" Value="2"/>
<Cov CovItemId="S5" Value="104"/>
</CovPrefix>
</CovList>
<AssgnmntList>
<AssgnmntPrefix RootTermCovItemPrefix="Deck.java">
<AssgnmntListEntry Length="1" RootTermCovItemId="C1">
<MapEntry BoolAssgnmnt="0" Value="2"/>
<MapEntry BoolAssgnmnt="1" Value="104"/>
</AssgnmntListEntry>
</AssgnmntPrefix>
</AssgnmntList>
<ObjMetaDataList/>
<MetaDataList/>
</TestCase>
<TestCase Comment="" Date="1589513514837" Name="DeckTest:testSize">
<CovList>
<CovPrefix CovItemPrefix="Deck.java">
<Cov CovItemId="S8" Value="1"/>
</CovPrefix>
</CovList>
<AssgnmntList/>
<ObjMetaDataList/>
<MetaDataList/>
</TestCase>
<TestCase Comment="" Date="1589513514838" Name="DeckTest:testToString">
<CovList>
<CovPrefix CovItemPrefix="Card.java">
<Cov CovItemId="S17" Value="208"/>
<Cov CovItemId="S18" Value="208"/>
<Cov CovItemId="S19" Value="208"/>
</CovPrefix>
<CovPrefix CovItemPrefix="Deck.java">
<Cov CovItemId="L2-2" Value="1"/>
<Cov CovItemId="L3-2" Value="4"/>
<Cov CovItemId="S10" Value="52"/>
<Cov CovItemId="S11" Value="52"/>
<Cov CovItemId="S12" Value="52"/>
<Cov CovItemId="S13" Value="52"/>
<Cov CovItemId="S14" Value="4"/>
<Cov CovItemId="S15" Value="4"/>
<Cov CovItemId="S16" Value="208"/>
<Cov CovItemId="S17" Value="4"/>
<Cov CovItemId="S9" Value="1"/>
</CovPrefix>
</CovList>
<AssgnmntList>
<AssgnmntPrefix RootTermCovItemPrefix="Deck.java">
<AssgnmntListEntry Length="1" RootTermCovItemId="C2">
<MapEntry BoolAssgnmnt="0" Value="1"/>
<MapEntry BoolAssgnmnt="1" Value="52"/>
</AssgnmntListEntry>
<AssgnmntListEntry Length="1" RootTermCovItemId="C3">
<MapEntry BoolAssgnmnt="0" Value="4"/>
<MapEntry BoolAssgnmnt="1" Value="208"/>
</AssgnmntListEntry>
</AssgnmntPrefix>
</AssgnmntList>
<ObjMetaDataList/>
<MetaDataList/>
</TestCase>
<TestCase Comment="" Date="1589513514839" Name="DeckTest:testDealFrom">
<CovList>
<CovPrefix CovItemPrefix="Card.java">
<Cov CovItemId="S17" Value="1"/>
<Cov CovItemId="S18" Value="1"/>
<Cov CovItemId="S19" Value="1"/>
</CovPrefix>
<CovPrefix CovItemPrefix="Deck.java">
<Cov CovItemId="S6" Value="1"/>
</CovPrefix>
</CovList>
<AssgnmntList/>
<ObjMetaDataList/>
<MetaDataList/>
</TestCase>
<TestCase Comment="" Date="1589513514841" Name="DeckTest:testIsEmpty">
<CovList>
<CovPrefix CovItemPrefix="Deck.java">
<Cov CovItemId="S7" Value="1"/>
</CovPrefix>
</CovList>
<AssgnmntList/>
<ObjMetaDataList/>
<MetaDataList/>
</TestCase>
<TestCase Comment="" Date="1589513514842" Name="DeckTest:testShuffle">
<CovList>
<CovPrefix CovItemPrefix="Card.java">
<Cov CovItemId="S17" Value="104"/>
<Cov CovItemId="S18" Value="104"/>
<Cov CovItemId="S19" Value="104"/>
</CovPrefix>
<CovPrefix CovItemPrefix="Deck.java">
<Cov CovItemId="L2-2" Value="1"/>
<Cov CovItemId="L3-2" Value="2"/>
<Cov CovItemId="S10" Value="52"/>
<Cov CovItemId="S11" Value="52"/>
<Cov CovItemId="S12" Value="52"/>
<Cov CovItemId="S13" Value="52"/>
<Cov CovItemId="S14" Value="2"/>
<Cov CovItemId="S15" Value="2"/>
<Cov CovItemId="S16" Value="104"/>
<Cov CovItemId="S17" Value="2"/>
<Cov CovItemId="S9" Value="1"/>
</CovPrefix>
</CovList>
<AssgnmntList>
<AssgnmntPrefix RootTermCovItemPrefix="Deck.java">
<AssgnmntListEntry Length="1" RootTermCovItemId="C2">
<MapEntry BoolAssgnmnt="0" Value="1"/>
<MapEntry BoolAssgnmnt="1" Value="52"/>
</AssgnmntListEntry>
<AssgnmntListEntry Length="1" RootTermCovItemId="C3">
<MapEntry BoolAssgnmnt="0" Value="2"/>
<MapEntry BoolAssgnmnt="1" Value="104"/>
</AssgnmntListEntry>
</AssgnmntPrefix>
</AssgnmntList>
<ObjMetaDataList/>
<MetaDataList/>
</TestCase>
<TestCase Comment="" Date="1589513514844" Name="CardTest:testIsAce">
<CovList>
<CovPrefix CovItemPrefix="Card.java">
<Cov CovItemId="S6" Value="2"/>
</CovPrefix>
</CovList>
<AssgnmntList/>
<ObjMetaDataList/>
<MetaDataList/>
</TestCase>
<TestCase Comment="" Date="1589513514846" Name="CardTest:testCard">
<CovList>
<CovPrefix CovItemPrefix="Card.java">
<Cov CovItemId="S1" Value="3"/>
<Cov CovItemId="S2" Value="3"/>
<Cov CovItemId="S3" Value="3"/>
<Cov CovItemId="S4" Value="3"/>
<Cov CovItemId="S5" Value="3"/>
</CovPrefix>
</CovList>
<AssgnmntList/>
<ObjMetaDataList/>
<MetaDataList/>
</TestCase>
<TestCase Comment="" Date="1589513514846" Name="CardTest:testRank">
<CovList>
<CovPrefix CovItemPrefix="Card.java">
<Cov CovItemId="B1" Value="1"/>
<Cov CovItemId="B2" Value="2"/>
<Cov CovItemId="B3" Value="1"/>
<Cov CovItemId="B4" Value="1"/>
<Cov CovItemId="S10" Value="1"/>
<Cov CovItemId="S11" Value="1"/>
<Cov CovItemId="S7" Value="3"/>
<Cov CovItemId="S8" Value="1"/>
<Cov CovItemId="S9" Value="2"/>
</CovPrefix>
</CovList>
<AssgnmntList>
<AssgnmntPrefix RootTermCovItemPrefix="Card.java">
<AssgnmntListEntry Length="1" RootTermCovItemId="C1">
<MapEntry BoolAssgnmnt="0" Value="2"/>
<MapEntry BoolAssgnmnt="1" Value="1"/>
</AssgnmntListEntry>
<AssgnmntListEntry Length="1" RootTermCovItemId="C2">
<MapEntry BoolAssgnmnt="0" Value="1"/>
<MapEntry BoolAssgnmnt="1" Value="1"/>
</AssgnmntListEntry>
</AssgnmntPrefix>
</AssgnmntList>
<ObjMetaDataList/>
<MetaDataList/>
</TestCase>
<TestCase Comment="" Date="1589513514847" Name="CardTest:testToString">
<CovList>
<CovPrefix CovItemPrefix="Card.java">
<Cov CovItemId="S17" Value="3"/>
<Cov CovItemId="S18" Value="3"/>
<Cov CovItemId="S19" Value="3"/>
</CovPrefix>
</CovList>
<AssgnmntList/>
<ObjMetaDataList/>
<MetaDataList/>
</TestCase>
<TestCase Comment="Failure&#10;java.lang.AssertionError: Not yet implemented&#13;&#10;&#9;at org.junit.Assert.fail(Assert.java:88)&#13;&#10;&#9;at StdDrawTest.testMouseReleased(StdDrawTest.java:367)&#13;&#10;&#9;at sun.reflect.NativeMethodAccessorImpl.invoke0(Native Method)&#13;&#10;&#9;at sun.reflect.NativeMethodAccessorImpl.invoke(Unknown Source)&#13;&#10;&#9;at sun.reflect.DelegatingMethodAccessorImpl.invoke(Unknown Source)&#13;&#10;&#9;at java.lang.reflect.Method.invoke(Unknown Source)&#13;&#10;&#9;at org.junit.runners.model.FrameworkMethod$1.runReflectiveCall(FrameworkMethod.java:47)&#13;&#10;&#9;at org.junit.internal.runners.model.ReflectiveCallable.run(ReflectiveCallable.java:12)&#13;&#10;&#9;at org.junit.runners.model.FrameworkMethod.invokeExplosively(FrameworkMethod.java:44)&#13;&#10;&#9;at org.junit.internal.runners.statements.InvokeMethod.evaluate(InvokeMethod.java:17)&#13;&#10;&#9;at org.junit.runners.ParentRunner.runLeaf(ParentRunner.java:271)&#13;&#10;&#9;at org.junit.runners.BlockJUnit4ClassRunner.runChild(BlockJUnit4ClassRunner.java:70)&#13;&#10;&#9;at org.junit.runners.BlockJUnit4ClassRunner.runChild(BlockJUnit4ClassRunner.java:50)&#13;&#10;&#9;at org.junit.runners.ParentRunner$3.run(ParentRunner.java:238)&#13;&#10;&#9;at org.junit.runners.ParentRunner$1.schedule(ParentRunner.java:63)&#13;&#10;&#9;at org.junit.runners.ParentRunner.runChildren(ParentRunner.java:236)&#13;&#10;&#9;at org.junit.runners.ParentRunner.access$000(ParentRunner.java:53)&#13;&#10;&#9;at org.junit.runners.ParentRunner$2.evaluate(ParentRunner.java:229)&#13;&#10;&#9;at org.junit.runners.ParentRunner.run(ParentRunner.java:309)&#13;&#10;&#9;at org.eclipse.jdt.internal.junit4.runner.JUnit4TestReference.run(JUnit4TestReference.java:50)&#13;&#10;&#9;at org.eclipse.jdt.internal.junit.runner.TestExecution.run(TestExecution.java:38)&#13;&#10;&#9;at org.eclipse.jdt.internal.junit.runner.RemoteTestRunner.runTests(RemoteTestRunner.java:467)&#13;&#10;&#9;at org.eclipse.jdt.internal.junit.runner.RemoteTestRunner.runTests(RemoteTestRunner.java:683)&#13;&#10;&#9;at org.eclipse.jdt.internal.junit.runner.RemoteTestRunner.run(RemoteTestRunner.java:390)&#13;&#10;&#9;at org.codecover.juniteclipse.runner.EclipseTestRunner.main(EclipseTestRunner.java:40)" Date="1589513514971" Name="StdDrawTest:testMouseReleased">
<CovList/>
<AssgnmntList/>
<ObjMetaDataList/>
<MetaDataList/>
</TestCase>
<TestCase Comment="Failure&#10;java.lang.AssertionError: Not yet implemented&#13;&#10;&#9;at org.junit.Assert.fail(Assert.java:88)&#13;&#10;&#9;at StdDrawTest.testValidateNotNull(StdDrawTest.java:47)&#13;&#10;&#9;at sun.reflect.NativeMethodAccessorImpl.invoke0(Native Method)&#13;&#10;&#9;at sun.reflect.NativeMethodAccessorImpl.invoke(Unknown Source)&#13;&#10;&#9;at sun.reflect.DelegatingMethodAccessorImpl.invoke(Unknown Source)&#13;&#10;&#9;at java.lang.reflect.Method.invoke(Unknown Source)&#13;&#10;&#9;at org.junit.runners.model.FrameworkMethod$1.runReflectiveCall(FrameworkMethod.java:47)&#13;&#10;&#9;at org.junit.internal.runners.model.ReflectiveCallable.run(ReflectiveCallable.java:12)&#13;&#10;&#9;at org.junit.runners.model.FrameworkMethod.invokeExplosively(FrameworkMethod.java:44)&#13;&#10;&#9;at org.junit.internal.runners.statements.InvokeMethod.evaluate(InvokeMethod.java:17)&#13;&#10;&#9;at org.junit.runners.ParentRunner.runLeaf(ParentRunner.java:271)&#13;&#10;&#9;at org.junit.runners.BlockJUnit4ClassRunner.runChild(BlockJUnit4ClassRunner.java:70)&#13;&#10;&#9;at org.junit.runners.BlockJUnit4ClassRunner.runChild(BlockJUnit4ClassRunner.java:50)&#13;&#10;&#9;at org.junit.runners.ParentRunner$3.run(ParentRunner.java:238)&#13;&#10;&#9;at org.junit.runners.ParentRunner$1.schedule(ParentRunner.java:63)&#13;&#10;&#9;at org.junit.runners.ParentRunner.runChildren(ParentRunner.java:236)&#13;&#10;&#9;at org.junit.runners.ParentRunner.access$000(ParentRunner.java:53)&#13;&#10;&#9;at org.junit.runners.ParentRunner$2.evaluate(ParentRunner.java:229)&#13;&#10;&#9;at org.junit.runners.ParentRunner.run(ParentRunner.java:309)&#13;&#10;&#9;at org.eclipse.jdt.internal.junit4.runner.JUnit4TestReference.run(JUnit4TestReference.java:50)&#13;&#10;&#9;at org.eclipse.jdt.internal.junit.runner.TestExecution.run(TestExecution.java:38)&#13;&#10;&#9;at org.eclipse.jdt.internal.junit.runner.RemoteTestRunner.runTests(RemoteTestRunner.java:467)&#13;&#10;&#9;at org.eclipse.jdt.internal.junit.runner.RemoteTestRunner.runTests(RemoteTestRunner.java:683)&#13;&#10;&#9;at org.eclipse.jdt.internal.junit.runner.RemoteTestRunner.run(RemoteTestRunner.java:390)&#13;&#10;&#9;at org.codecover.juniteclipse.runner.EclipseTestRunner.main(EclipseTestRunner.java:40)" Date="1589513514976" Name="StdDrawTest:testValidateNotNull">
<CovList/>
<AssgnmntList/>
<ObjMetaDataList/>
<MetaDataList/>
</TestCase>
<TestCase Comment="Failure&#10;java.lang.AssertionError: Not yet implemented&#13;&#10;&#9;at org.junit.Assert.fail(Assert.java:88)&#13;&#10;&#9;at StdDrawTest.testEllipse(StdDrawTest.java:197)&#13;&#10;&#9;at sun.reflect.NativeMethodAccessorImpl.invoke0(Native Method)&#13;&#10;&#9;at sun.reflect.NativeMethodAccessorImpl.invoke(Unknown Source)&#13;&#10;&#9;at sun.reflect.DelegatingMethodAccessorImpl.invoke(Unknown Source)&#13;&#10;&#9;at java.lang.reflect.Method.invoke(Unknown Source)&#13;&#10;&#9;at org.junit.runners.model.FrameworkMethod$1.runReflectiveCall(FrameworkMethod.java:47)&#13;&#10;&#9;at org.junit.internal.runners.model.ReflectiveCallable.run(ReflectiveCallable.java:12)&#13;&#10;&#9;at org.junit.runners.model.FrameworkMethod.invokeExplosively(FrameworkMethod.java:44)&#13;&#10;&#9;at org.junit.internal.runners.statements.InvokeMethod.evaluate(InvokeMethod.java:17)&#13;&#10;&#9;at org.junit.runners.ParentRunner.runLeaf(ParentRunner.java:271)&#13;&#10;&#9;at org.junit.runners.BlockJUnit4ClassRunner.runChild(BlockJUnit4ClassRunner.java:70)&#13;&#10;&#9;at org.junit.runners.BlockJUnit4ClassRunner.runChild(BlockJUnit4ClassRunner.java:50)&#13;&#10;&#9;at org.junit.runners.ParentRunner$3.run(ParentRunner.java:238)&#13;&#10;&#9;at org.junit.runners.ParentRunner$1.schedule(ParentRunner.java:63)&#13;&#10;&#9;at org.junit.runners.ParentRunner.runChildren(ParentRunner.java:236)&#13;&#10;&#9;at org.junit.runners.ParentRunner.access$000(ParentRunner.java:53)&#13;&#10;&#9;at org.junit.runners.ParentRunner$2.evaluate(ParentRunner.java:229)&#13;&#10;&#9;at org.junit.runners.ParentRunner.run(ParentRunner.java:309)&#13;&#10;&#9;at org.eclipse.jdt.internal.junit4.runner.JUnit4TestReference.run(JUnit4TestReference.java:50)&#13;&#10;&#9;at org.eclipse.jdt.internal.junit.runner.TestExecution.run(TestExecution.java:38)&#13;&#10;&#9;at org.eclipse.jdt.internal.junit.runner.RemoteTestRunner.runTests(RemoteTestRunner.java:467)&#13;&#10;&#9;at org.eclipse.jdt.internal.junit.runner.RemoteTestRunner.runTests(RemoteTestRunner.java:683)&#13;&#10;&#9;at org.eclipse.jdt.internal.junit.runner.RemoteTestRunner.run(RemoteTestRunner.java:390)&#13;&#10;&#9;at org.codecover.juniteclipse.runner.EclipseTestRunner.main(EclipseTestRunner.java:40)" Date="1589513514979" Name="StdDrawTest:testEllipse">
<CovList/>
<AssgnmntList/>
<ObjMetaDataList/>
<MetaDataList/>
</TestCase>
<TestCase Comment="Failure&#10;java.lang.AssertionError: Not yet implemented&#13;&#10;&#9;at org.junit.Assert.fail(Assert.java:88)&#13;&#10;&#9;at StdDrawTest.testFilledEllipse(StdDrawTest.java:202)&#13;&#10;&#9;at sun.reflect.NativeMethodAccessorImpl.invoke0(Native Method)&#13;&#10;&#9;at sun.reflect.NativeMethodAccessorImpl.invoke(Unknown Source)&#13;&#10;&#9;at sun.reflect.DelegatingMethodAccessorImpl.invoke(Unknown Source)&#13;&#10;&#9;at java.lang.reflect.Method.invoke(Unknown Source)&#13;&#10;&#9;at org.junit.runners.model.FrameworkMethod$1.runReflectiveCall(FrameworkMethod.java:47)&#13;&#10;&#9;at org.junit.internal.runners.model.ReflectiveCallable.run(ReflectiveCallable.java:12)&#13;&#10;&#9;at org.junit.runners.model.FrameworkMethod.invokeExplosively(FrameworkMethod.java:44)&#13;&#10;&#9;at org.junit.internal.runners.statements.InvokeMethod.evaluate(InvokeMethod.java:17)&#13;&#10;&#9;at org.junit.runners.ParentRunner.runLeaf(ParentRunner.java:271)&#13;&#10;&#9;at org.junit.runners.BlockJUnit4ClassRunner.runChild(BlockJUnit4ClassRunner.java:70)&#13;&#10;&#9;at org.junit.runners.BlockJUnit4ClassRunner.runChild(BlockJUnit4ClassRunner.java:50)&#13;&#10;&#9;at org.junit.runners.ParentRunner$3.run(ParentRunner.java:238)&#13;&#10;&#9;at org.junit.runners.ParentRunner$1.schedule(ParentRunner.java:63)&#13;&#10;&#9;at org.junit.runners.ParentRunner.runChildren(ParentRunner.java:236)&#13;&#10;&#9;at org.junit.runners.ParentRunner.access$000(ParentRunner.java:53)&#13;&#10;&#9;at org.junit.runners.ParentRunner$2.evaluate(ParentRunner.java:229)&#13;&#10;&#9;at org.junit.runners.ParentRunner.run(ParentRunner.java:309)&#13;&#10;&#9;at org.eclipse.jdt.internal.junit4.runner.JUnit4TestReference.run(JUnit4TestReference.java:50)&#13;&#10;&#9;at org.eclipse.jdt.internal.junit.runner.TestExecution.run(TestExecution.java:38)&#13;&#10;&#9;at org.eclipse.jdt.internal.junit.runner.RemoteTestRunner.runTests(RemoteTestRunner.java:467)&#13;&#10;&#9;at org.eclipse.jdt.internal.junit.runner.RemoteTestRunner.runTests(RemoteTestRunner.java:683)&#13;&#10;&#9;at org.eclipse.jdt.internal.junit.runner.RemoteTestRunner.run(RemoteTestRunner.java:390)&#13;&#10;&#9;at org.codecover.juniteclipse.runner.EclipseTestRunner.main(EclipseTestRunner.java:40)" Date="1589513514982" Name="StdDrawTest:testFilledEllipse">
<CovList/>
<AssgnmntList/>
<ObjMetaDataList/>
<MetaDataList/>
</TestCase>
<TestCase Comment="Failure&#10;java.lang.AssertionError: Not yet implemented&#13;&#10;&#9;at org.junit.Assert.fail(Assert.java:88)&#13;&#10;&#9;at StdDrawTest.testGetImage(StdDrawTest.java:242)&#13;&#10;&#9;at sun.reflect.NativeMethodAccessorImpl.invoke0(Native Method)&#13;&#10;&#9;at sun.reflect.NativeMethodAccessorImpl.invoke(Unknown Source)&#13;&#10;&#9;at sun.reflect.DelegatingMethodAccessorImpl.invoke(Unknown Source)&#13;&#10;&#9;at java.lang.reflect.Method.invoke(Unknown Source)&#13;&#10;&#9;at org.junit.runners.model.FrameworkMethod$1.runReflectiveCall(FrameworkMethod.java:47)&#13;&#10;&#9;at org.junit.internal.runners.model.ReflectiveCallable.run(ReflectiveCallable.java:12)&#13;&#10;&#9;at org.junit.runners.model.FrameworkMethod.invokeExplosively(FrameworkMethod.java:44)&#13;&#10;&#9;at org.junit.internal.runners.statements.InvokeMethod.evaluate(InvokeMethod.java:17)&#13;&#10;&#9;at org.junit.runners.ParentRunner.runLeaf(ParentRunner.java:271)&#13;&#10;&#9;at org.junit.runners.BlockJUnit4ClassRunner.runChild(BlockJUnit4ClassRunner.java:70)&#13;&#10;&#9;at org.junit.runners.BlockJUnit4ClassRunner.runChild(BlockJUnit4ClassRunner.java:50)&#13;&#10;&#9;at org.junit.runners.ParentRunner$3.run(ParentRunner.java:238)&#13;&#10;&#9;at org.junit.runners.ParentRunner$1.schedule(ParentRunner.java:63)&#13;&#10;&#9;at org.junit.runners.ParentRunner.runChildren(ParentRunner.java:236)&#13;&#10;&#9;at org.junit.runners.ParentRunner.access$000(ParentRunner.java:53)&#13;&#10;&#9;at org.junit.runners.ParentRunner$2.evaluate(ParentRunner.java:229)&#13;&#10;&#9;at org.junit.runners.ParentRunner.run(ParentRunner.java:309)&#13;&#10;&#9;at org.eclipse.jdt.internal.junit4.runner.JUnit4TestReference.run(JUnit4TestReference.java:50)&#13;&#10;&#9;at org.eclipse.jdt.internal.junit.runner.TestExecution.run(TestExecution.java:38)&#13;&#10;&#9;at org.eclipse.jdt.internal.junit.runner.RemoteTestRunner.runTests(RemoteTestRunner.java:467)&#13;&#10;&#9;at org.eclipse.jdt.internal.junit.runner.RemoteTestRunner.runTests(RemoteTestRunner.java:683)&#13;&#10;&#9;at org.eclipse.jdt.internal.junit.runner.RemoteTestRunner.run(RemoteTestRunner.java:390)&#13;&#10;&#9;at org.codecover.juniteclipse.runner.EclipseTestRunner.main(EclipseTestRunner.java:40)" Date="1589513514985" Name="StdDrawTest:testGetImage">
<CovList/>
<AssgnmntList/>
<ObjMetaDataList/>
<MetaDataList/>
</TestCase>
<TestCase Comment="Failure&#10;java.lang.AssertionError: Not yet implemented&#13;&#10;&#9;at org.junit.Assert.fail(Assert.java:88)&#13;&#10;&#9;at StdDrawTest.testMousePressed(StdDrawTest.java:332)&#13;&#10;&#9;at sun.reflect.NativeMethodAccessorImpl.invoke0(Native Method)&#13;&#10;&#9;at sun.reflect.NativeMethodAccessorImpl.invoke(Unknown Source)&#13;&#10;&#9;at sun.reflect.DelegatingMethodAccessorImpl.invoke(Unknown Source)&#13;&#10;&#9;at java.lang.reflect.Method.invoke(Unknown Source)&#13;&#10;&#9;at org.junit.runners.model.FrameworkMethod$1.runReflectiveCall(FrameworkMethod.java:47)&#13;&#10;&#9;at org.junit.internal.runners.model.ReflectiveCallable.run(ReflectiveCallable.java:12)&#13;&#10;&#9;at org.junit.runners.model.FrameworkMethod.invokeExplosively(FrameworkMethod.java:44)&#13;&#10;&#9;at org.junit.internal.runners.statements.InvokeMethod.evaluate(InvokeMethod.java:17)&#13;&#10;&#9;at org.junit.runners.ParentRunner.runLeaf(ParentRunner.java:271)&#13;&#10;&#9;at org.junit.runners.BlockJUnit4ClassRunner.runChild(BlockJUnit4ClassRunner.java:70)&#13;&#10;&#9;at org.junit.runners.BlockJUnit4ClassRunner.runChild(BlockJUnit4ClassRunner.java:50)&#13;&#10;&#9;at org.junit.runners.ParentRunner$3.run(ParentRunner.java:238)&#13;&#10;&#9;at org.junit.runners.ParentRunner$1.schedule(ParentRunner.java:63)&#13;&#10;&#9;at org.junit.runners.ParentRunner.runChildren(ParentRunner.java:236)&#13;&#10;&#9;at org.junit.runners.ParentRunner.access$000(ParentRunner.java:53)&#13;&#10;&#9;at org.junit.runners.ParentRunner$2.evaluate(ParentRunner.java:229)&#13;&#10;&#9;at org.junit.runners.ParentRunner.run(ParentRunner.java:309)&#13;&#10;&#9;at org.eclipse.jdt.internal.junit4.runner.JUnit4TestReference.run(JUnit4TestReference.java:50)&#13;&#10;&#9;at org.eclipse.jdt.internal.junit.runner.TestExecution.run(TestExecution.java:38)&#13;&#10;&#9;at org.eclipse.jdt.internal.junit.runner.RemoteTestRunner.runTests(RemoteTestRunner.java:467)&#13;&#10;&#9;at org.eclipse.jdt.internal.junit.runner.RemoteTestRunner.runTests(RemoteTestRunner.java:683)&#13;&#10;&#9;at org.eclipse.jdt.internal.junit.runner.RemoteTestRunner.run(RemoteTestRunner.java:390)&#13;&#10;&#9;at org.codecover.juniteclipse.runner.EclipseTestRunner.main(EclipseTestRunner.java:40)" Date="1589513514988" Name="StdDrawTest:testMousePressed">
<CovList/>
<AssgnmntList/>
<ObjMetaDataList/>
<MetaDataList/>
</TestCase>
<TestCase Comment="Failure&#10;java.lang.AssertionError: Not yet implemented&#13;&#10;&#9;at org.junit.Assert.fail(Assert.java:88)&#13;&#10;&#9;at StdDrawTest.testFactorX(StdDrawTest.java:92)&#13;&#10;&#9;at sun.reflect.NativeMethodAccessorImpl.invoke0(Native Method)&#13;&#10;&#9;at sun.reflect.NativeMethodAccessorImpl.invoke(Unknown Source)&#13;&#10;&#9;at sun.reflect.DelegatingMethodAccessorImpl.invoke(Unknown Source)&#13;&#10;&#9;at java.lang.reflect.Method.invoke(Unknown Source)&#13;&#10;&#9;at org.junit.runners.model.FrameworkMethod$1.runReflectiveCall(FrameworkMethod.java:47)&#13;&#10;&#9;at org.junit.internal.runners.model.ReflectiveCallable.run(ReflectiveCallable.java:12)&#13;&#10;&#9;at org.junit.runners.model.FrameworkMethod.invokeExplosively(FrameworkMethod.java:44)&#13;&#10;&#9;at org.junit.internal.runners.statements.InvokeMethod.evaluate(InvokeMethod.java:17)&#13;&#10;&#9;at org.junit.runners.ParentRunner.runLeaf(ParentRunner.java:271)&#13;&#10;&#9;at org.junit.runners.BlockJUnit4ClassRunner.runChild(BlockJUnit4ClassRunner.java:70)&#13;&#10;&#9;at org.junit.runners.BlockJUnit4ClassRunner.runChild(BlockJUnit4ClassRunner.java:50)&#13;&#10;&#9;at org.junit.runners.ParentRunner$3.run(ParentRunner.java:238)&#13;&#10;&#9;at org.junit.runners.ParentRunner$1.schedule(ParentRunner.java:63)&#13;&#10;&#9;at org.junit.runners.ParentRunner.runChildren(ParentRunner.java:236)&#13;&#10;&#9;at org.junit.runners.ParentRunner.access$000(ParentRunner.java:53)&#13;&#10;&#9;at org.junit.runners.ParentRunner$2.evaluate(ParentRunner.java:229)&#13;&#10;&#9;at org.junit.runners.ParentRunner.run(ParentRunner.java:309)&#13;&#10;&#9;at org.eclipse.jdt.internal.junit4.runner.JUnit4TestReference.run(JUnit4TestReference.java:50)&#13;&#10;&#9;at org.eclipse.jdt.internal.junit.runner.TestExecution.run(TestExecution.java:38)&#13;&#10;&#9;at org.eclipse.jdt.internal.junit.runner.RemoteTestRunner.runTests(RemoteTestRunner.java:467)&#13;&#10;&#9;at org.eclipse.jdt.internal.junit.runner.RemoteTestRunner.runTests(RemoteTestRunner.java:683)&#13;&#10;&#9;at org.eclipse.jdt.internal.junit.runner.RemoteTestRunner.run(RemoteTestRunner.java:390)&#13;&#10;&#9;at org.codecover.juniteclipse.runner.EclipseTestRunner.main(EclipseTestRunner.java:40)" Date="1589513514990" Name="StdDrawTest:testFactorX">
<CovList/>
<AssgnmntList/>
<ObjMetaDataList/>
<MetaDataList/>
</TestCase>
<TestCase Comment="Failure&#10;java.lang.AssertionError: Not yet implemented&#13;&#10;&#9;at org.junit.Assert.fail(Assert.java:88)&#13;&#10;&#9;at StdDrawTest.testFactorY(StdDrawTest.java:97)&#13;&#10;&#9;at sun.reflect.NativeMethodAccessorImpl.invoke0(Native Method)&#13;&#10;&#9;at sun.reflect.NativeMethodAccessorImpl.invoke(Unknown Source)&#13;&#10;&#9;at sun.reflect.DelegatingMethodAccessorImpl.invoke(Unknown Source)&#13;&#10;&#9;at java.lang.reflect.Method.invoke(Unknown Source)&#13;&#10;&#9;at org.junit.runners.model.FrameworkMethod$1.runReflectiveCall(FrameworkMethod.java:47)&#13;&#10;&#9;at org.junit.internal.runners.model.ReflectiveCallable.run(ReflectiveCallable.java:12)&#13;&#10;&#9;at org.junit.runners.model.FrameworkMethod.invokeExplosively(FrameworkMethod.java:44)&#13;&#10;&#9;at org.junit.internal.runners.statements.InvokeMethod.evaluate(InvokeMethod.java:17)&#13;&#10;&#9;at org.junit.runners.ParentRunner.runLeaf(ParentRunner.java:271)&#13;&#10;&#9;at org.junit.runners.BlockJUnit4ClassRunner.runChild(BlockJUnit4ClassRunner.java:70)&#13;&#10;&#9;at org.junit.runners.BlockJUnit4ClassRunner.runChild(BlockJUnit4ClassRunner.java:50)&#13;&#10;&#9;at org.junit.runners.ParentRunner$3.run(ParentRunner.java:238)&#13;&#10;&#9;at org.junit.runners.ParentRunner$1.schedule(ParentRunner.java:63)&#13;&#10;&#9;at org.junit.runners.ParentRunner.runChildren(ParentRunner.java:236)&#13;&#10;&#9;at org.junit.runners.ParentRunner.access$000(ParentRunner.java:53)&#13;&#10;&#9;at org.junit.runners.ParentRunner$2.evaluate(ParentRunner.java:229)&#13;&#10;&#9;at org.junit.runners.ParentRunner.run(ParentRunner.java:309)&#13;&#10;&#9;at org.eclipse.jdt.internal.junit4.runner.JUnit4TestReference.run(JUnit4TestReference.java:50)&#13;&#10;&#9;at org.eclipse.jdt.internal.junit.runner.TestExecution.run(TestExecution.java:38)&#13;&#10;&#9;at org.eclipse.jdt.internal.junit.runner.RemoteTestRunner.runTests(RemoteTestRunner.java:467)&#13;&#10;&#9;at org.eclipse.jdt.internal.junit.runner.RemoteTestRunner.runTests(RemoteTestRunner.java:683)&#13;&#10;&#9;at org.eclipse.jdt.internal.junit.runner.RemoteTestRunner.run(RemoteTestRunner.java:390)&#13;&#10;&#9;at org.codecover.juniteclipse.runner.EclipseTestRunner.main(EclipseTestRunner.java:40)" Date="1589513514991" Name="StdDrawTest:testFactorY">
<CovList/>
<AssgnmntList/>
<ObjMetaDataList/>
<MetaDataList/>
</TestCase>
<TestCase Comment="Failure&#10;java.lang.AssertionError: Not yet implemented&#13;&#10;&#9;at org.junit.Assert.fail(Assert.java:88)&#13;&#10;&#9;at StdDrawTest.testClearColor(StdDrawTest.java:117)&#13;&#10;&#9;at sun.reflect.NativeMethodAccessorImpl.invoke0(Native Method)&#13;&#10;&#9;at sun.reflect.NativeMethodAccessorImpl.invoke(Unknown Source)&#13;&#10;&#9;at sun.reflect.DelegatingMethodAccessorImpl.invoke(Unknown Source)&#13;&#10;&#9;at java.lang.reflect.Method.invoke(Unknown Source)&#13;&#10;&#9;at org.junit.runners.model.FrameworkMethod$1.runReflectiveCall(FrameworkMethod.java:47)&#13;&#10;&#9;at org.junit.internal.runners.model.ReflectiveCallable.run(ReflectiveCallable.java:12)&#13;&#10;&#9;at org.junit.runners.model.FrameworkMethod.invokeExplosively(FrameworkMethod.java:44)&#13;&#10;&#9;at org.junit.internal.runners.statements.InvokeMethod.evaluate(InvokeMethod.java:17)&#13;&#10;&#9;at org.junit.runners.ParentRunner.runLeaf(ParentRunner.java:271)&#13;&#10;&#9;at org.junit.runners.BlockJUnit4ClassRunner.runChild(BlockJUnit4ClassRunner.java:70)&#13;&#10;&#9;at org.junit.runners.BlockJUnit4ClassRunner.runChild(BlockJUnit4ClassRunner.java:50)&#13;&#10;&#9;at org.junit.runners.ParentRunner$3.run(ParentRunner.java:238)&#13;&#10;&#9;at org.junit.runners.ParentRunner$1.schedule(ParentRunner.java:63)&#13;&#10;&#9;at org.junit.runners.ParentRunner.runChildren(ParentRunner.java:236)&#13;&#10;&#9;at org.junit.runners.ParentRunner.access$000(ParentRunner.java:53)&#13;&#10;&#9;at org.junit.runners.ParentRunner$2.evaluate(ParentRunner.java:229)&#13;&#10;&#9;at org.junit.runners.ParentRunner.run(ParentRunner.java:309)&#13;&#10;&#9;at org.eclipse.jdt.internal.junit4.runner.JUnit4TestReference.run(JUnit4TestReference.java:50)&#13;&#10;&#9;at org.eclipse.jdt.internal.junit.runner.TestExecution.run(TestExecution.java:38)&#13;&#10;&#9;at org.eclipse.jdt.internal.junit.runner.RemoteTestRunner.runTests(RemoteTestRunner.java:467)&#13;&#10;&#9;at org.eclipse.jdt.internal.junit.runner.RemoteTestRunner.runTests(RemoteTestRunner.java:683)&#13;&#10;&#9;at org.eclipse.jdt.internal.junit.runner.RemoteTestRunner.run(RemoteTestRunner.java:390)&#13;&#10;&#9;at org.codecover.juniteclipse.runner.EclipseTestRunner.main(EclipseTestRunner.java:40)" Date="1589513514993" Name="StdDrawTest:testClearColor">
<CovList/>
<AssgnmntList/>
<ObjMetaDataList/>
<MetaDataList/>
</TestCase>
<TestCase Comment="Failure&#10;java.lang.AssertionError: Not yet implemented&#13;&#10;&#9;at org.junit.Assert.fail(Assert.java:88)&#13;&#10;&#9;at StdDrawTest.testArc(StdDrawTest.java:207)&#13;&#10;&#9;at sun.reflect.NativeMethodAccessorImpl.invoke0(Native Method)&#13;&#10;&#9;at sun.reflect.NativeMethodAccessorImpl.invoke(Unknown Source)&#13;&#10;&#9;at sun.reflect.DelegatingMethodAccessorImpl.invoke(Unknown Source)&#13;&#10;&#9;at java.lang.reflect.Method.invoke(Unknown Source)&#13;&#10;&#9;at org.junit.runners.model.FrameworkMethod$1.runReflectiveCall(FrameworkMethod.java:47)&#13;&#10;&#9;at org.junit.internal.runners.model.ReflectiveCallable.run(ReflectiveCallable.java:12)&#13;&#10;&#9;at org.junit.runners.model.FrameworkMethod.invokeExplosively(FrameworkMethod.java:44)&#13;&#10;&#9;at org.junit.internal.runners.statements.InvokeMethod.evaluate(InvokeMethod.java:17)&#13;&#10;&#9;at org.junit.runners.ParentRunner.runLeaf(ParentRunner.java:271)&#13;&#10;&#9;at org.junit.runners.BlockJUnit4ClassRunner.runChild(BlockJUnit4ClassRunner.java:70)&#13;&#10;&#9;at org.junit.runners.BlockJUnit4ClassRunner.runChild(BlockJUnit4ClassRunner.java:50)&#13;&#10;&#9;at org.junit.runners.ParentRunner$3.run(ParentRunner.java:238)&#13;&#10;&#9;at org.junit.runners.ParentRunner$1.schedule(ParentRunner.java:63)&#13;&#10;&#9;at org.junit.runners.ParentRunner.runChildren(ParentRunner.java:236)&#13;&#10;&#9;at org.junit.runners.ParentRunner.access$000(ParentRunner.java:53)&#13;&#10;&#9;at org.junit.runners.ParentRunner$2.evaluate(ParentRunner.java:229)&#13;&#10;&#9;at org.junit.runners.ParentRunner.run(ParentRunner.java:309)&#13;&#10;&#9;at org.eclipse.jdt.internal.junit4.runner.JUnit4TestReference.run(JUnit4TestReference.java:50)&#13;&#10;&#9;at org.eclipse.jdt.internal.junit.runner.TestExecution.run(TestExecution.java:38)&#13;&#10;&#9;at org.eclipse.jdt.internal.junit.runner.RemoteTestRunner.runTests(RemoteTestRunner.java:467)&#13;&#10;&#9;at org.eclipse.jdt.internal.junit.runner.RemoteTestRunner.runTests(RemoteTestRunner.java:683)&#13;&#10;&#9;at org.eclipse.jdt.internal.junit.runner.RemoteTestRunner.run(RemoteTestRunner.java:390)&#13;&#10;&#9;at org.codecover.juniteclipse.runner.EclipseTestRunner.main(EclipseTestRunner.java:40)" Date="1589513514995" Name="StdDrawTest:testArc">
<CovList/>
<AssgnmntList/>
<ObjMetaDataList/>
<MetaDataList/>
</TestCase>
<TestCase Comment="Failure&#10;java.lang.AssertionError: Not yet implemented&#13;&#10;&#9;at org.junit.Assert.fail(Assert.java:88)&#13;&#10;&#9;at StdDrawTest.testTextDoubleDoubleStringDouble(StdDrawTest.java:272)&#13;&#10;&#9;at sun.reflect.NativeMethodAccessorImpl.invoke0(Native Method)&#13;&#10;&#9;at sun.reflect.NativeMethodAccessorImpl.invoke(Unknown Source)&#13;&#10;&#9;at sun.reflect.DelegatingMethodAccessorImpl.invoke(Unknown Source)&#13;&#10;&#9;at java.lang.reflect.Method.invoke(Unknown Source)&#13;&#10;&#9;at org.junit.runners.model.FrameworkMethod$1.runReflectiveCall(FrameworkMethod.java:47)&#13;&#10;&#9;at org.junit.internal.runners.model.ReflectiveCallable.run(ReflectiveCallable.java:12)&#13;&#10;&#9;at org.junit.runners.model.FrameworkMethod.invokeExplosively(FrameworkMethod.java:44)&#13;&#10;&#9;at org.junit.internal.runners.statements.InvokeMethod.evaluate(InvokeMethod.java:17)&#13;&#10;&#9;at org.junit.runners.ParentRunner.runLeaf(ParentRunner.java:271)&#13;&#10;&#9;at org.junit.runners.BlockJUnit4ClassRunner.runChild(BlockJUnit4ClassRunner.java:70)&#13;&#10;&#9;at org.junit.runners.BlockJUnit4ClassRunner.runChild(BlockJUnit4ClassRunner.java:50)&#13;&#10;&#9;at org.junit.runners.ParentRunner$3.run(ParentRunner.java:238)&#13;&#10;&#9;at org.junit.runners.ParentRunner$1.schedule(ParentRunner.java:63)&#13;&#10;&#9;at org.junit.runners.ParentRunner.runChildren(ParentRunner.java:236)&#13;&#10;&#9;at org.junit.runners.ParentRunner.access$000(ParentRunner.java:53)&#13;&#10;&#9;at org.junit.runners.ParentRunner$2.evaluate(ParentRunner.java:229)&#13;&#10;&#9;at org.junit.runners.ParentRunner.run(ParentRunner.java:309)&#13;&#10;&#9;at org.eclipse.jdt.internal.junit4.runner.JUnit4TestReference.run(JUnit4TestReference.java:50)&#13;&#10;&#9;at org.eclipse.jdt.internal.junit.runner.TestExecution.run(TestExecution.java:38)&#13;&#10;&#9;at org.eclipse.jdt.internal.junit.runner.RemoteTestRunner.runTests(RemoteTestRunner.java:467)&#13;&#10;&#9;at org.eclipse.jdt.internal.junit.runner.RemoteTestRunner.runTests(RemoteTestRunner.java:683)&#13;&#10;&#9;at org.eclipse.jdt.internal.junit.runner.RemoteTestRunner.run(RemoteTestRunner.java:390)&#13;&#10;&#9;at org.codecover.juniteclipse.runner.EclipseTestRunner.main(EclipseTestRunner.java:40)" Date="1589513514998" Name="StdDrawTest:testTextDoubleDoubleStringDouble">
<CovList/>
<AssgnmntList/>
<ObjMetaDataList/>
<MetaDataList/>
</TestCase>
<TestCase Comment="Failure&#10;java.lang.AssertionError: Not yet implemented&#13;&#10;&#9;at org.junit.Assert.fail(Assert.java:88)&#13;&#10;&#9;at StdDrawTest.testActionPerformed(StdDrawTest.java:322)&#13;&#10;&#9;at sun.reflect.NativeMethodAccessorImpl.invoke0(Native Method)&#13;&#10;&#9;at sun.reflect.NativeMethodAccessorImpl.invoke(Unknown Source)&#13;&#10;&#9;at sun.reflect.DelegatingMethodAccessorImpl.invoke(Unknown Source)&#13;&#10;&#9;at java.lang.reflect.Method.invoke(Unknown Source)&#13;&#10;&#9;at org.junit.runners.model.FrameworkMethod$1.runReflectiveCall(FrameworkMethod.java:47)&#13;&#10;&#9;at org.junit.internal.runners.model.ReflectiveCallable.run(ReflectiveCallable.java:12)&#13;&#10;&#9;at org.junit.runners.model.FrameworkMethod.invokeExplosively(FrameworkMethod.java:44)&#13;&#10;&#9;at org.junit.internal.runners.statements.InvokeMethod.evaluate(InvokeMethod.java:17)&#13;&#10;&#9;at org.junit.runners.ParentRunner.runLeaf(ParentRunner.java:271)&#13;&#10;&#9;at org.junit.runners.BlockJUnit4ClassRunner.runChild(BlockJUnit4ClassRunner.java:70)&#13;&#10;&#9;at org.junit.runners.BlockJUnit4ClassRunner.runChild(BlockJUnit4ClassRunner.java:50)&#13;&#10;&#9;at org.junit.runners.ParentRunner$3.run(ParentRunner.java:238)&#13;&#10;&#9;at org.junit.runners.ParentRunner$1.schedule(ParentRunner.java:63)&#13;&#10;&#9;at org.junit.runners.ParentRunner.runChildren(ParentRunner.java:236)&#13;&#10;&#9;at org.junit.runners.ParentRunner.access$000(ParentRunner.java:53)&#13;&#10;&#9;at org.junit.runners.ParentRunner$2.evaluate(ParentRunner.java:229)&#13;&#10;&#9;at org.junit.runners.ParentRunner.run(ParentRunner.java:309)&#13;&#10;&#9;at org.eclipse.jdt.internal.junit4.runner.JUnit4TestReference.run(JUnit4TestReference.java:50)&#13;&#10;&#9;at org.eclipse.jdt.internal.junit.runner.TestExecution.run(TestExecution.java:38)&#13;&#10;&#9;at org.eclipse.jdt.internal.junit.runner.RemoteTestRunner.runTests(RemoteTestRunner.java:467)&#13;&#10;&#9;at org.eclipse.jdt.internal.junit.runner.RemoteTestRunner.runTests(RemoteTestRunner.java:683)&#13;&#10;&#9;at org.eclipse.jdt.internal.junit.runner.RemoteTestRunner.run(RemoteTestRunner.java:390)&#13;&#10;&#9;at org.codecover.juniteclipse.runner.EclipseTestRunner.main(EclipseTestRunner.java:40)" Date="1589513515002" Name="StdDrawTest:testActionPerformed">
<CovList/>
<AssgnmntList/>
<ObjMetaDataList/>
<MetaDataList/>
</TestCase>
<TestCase Comment="Failure&#10;java.lang.AssertionError: Not yet implemented&#13;&#10;&#9;at org.junit.Assert.fail(Assert.java:88)&#13;&#10;&#9;at StdDrawTest.testSetYscaleDoubleDouble(StdDrawTest.java:72)&#13;&#10;&#9;at sun.reflect.NativeMethodAccessorImpl.invoke0(Native Method)&#13;&#10;&#9;at sun.reflect.NativeMethodAccessorImpl.invoke(Unknown Source)&#13;&#10;&#9;at sun.reflect.DelegatingMethodAccessorImpl.invoke(Unknown Source)&#13;&#10;&#9;at java.lang.reflect.Method.invoke(Unknown Source)&#13;&#10;&#9;at org.junit.runners.model.FrameworkMethod$1.runReflectiveCall(FrameworkMethod.java:47)&#13;&#10;&#9;at org.junit.internal.runners.model.ReflectiveCallable.run(ReflectiveCallable.java:12)&#13;&#10;&#9;at org.junit.runners.model.FrameworkMethod.invokeExplosively(FrameworkMethod.java:44)&#13;&#10;&#9;at org.junit.internal.runners.statements.InvokeMethod.evaluate(InvokeMethod.java:17)&#13;&#10;&#9;at org.junit.runners.ParentRunner.runLeaf(ParentRunner.java:271)&#13;&#10;&#9;at org.junit.runners.BlockJUnit4ClassRunner.runChild(BlockJUnit4ClassRunner.java:70)&#13;&#10;&#9;at org.junit.runners.BlockJUnit4ClassRunner.runChild(BlockJUnit4ClassRunner.java:50)&#13;&#10;&#9;at org.junit.runners.ParentRunner$3.run(ParentRunner.java:238)&#13;&#10;&#9;at org.junit.runners.ParentRunner$1.schedule(ParentRunner.java:63)&#13;&#10;&#9;at org.junit.runners.ParentRunner.runChildren(ParentRunner.java:236)&#13;&#10;&#9;at org.junit.runners.ParentRunner.access$000(ParentRunner.java:53)&#13;&#10;&#9;at org.junit.runners.ParentRunner$2.evaluate(ParentRunner.java:229)&#13;&#10;&#9;at org.junit.runners.ParentRunner.run(ParentRunner.java:309)&#13;&#10;&#9;at org.eclipse.jdt.internal.junit4.runner.JUnit4TestReference.run(JUnit4TestReference.java:50)&#13;&#10;&#9;at org.eclipse.jdt.internal.junit.runner.TestExecution.run(TestExecution.java:38)&#13;&#10;&#9;at org.eclipse.jdt.internal.junit.runner.RemoteTestRunner.runTests(RemoteTestRunner.java:467)&#13;&#10;&#9;at org.eclipse.jdt.internal.junit.runner.RemoteTestRunner.runTests(RemoteTestRunner.java:683)&#13;&#10;&#9;at org.eclipse.jdt.internal.junit.runner.RemoteTestRunner.run(RemoteTestRunner.java:390)&#13;&#10;&#9;at org.codecover.juniteclipse.runner.EclipseTestRunner.main(EclipseTestRunner.java:40)" Date="1589513515005" Name="StdDrawTest:testSetYscaleDoubleDouble">
<CovList/>
<AssgnmntList/>
<ObjMetaDataList/>
<MetaDataList/>
</TestCase>
<TestCase Comment="Failure&#10;java.lang.AssertionError: Not yet implemented&#13;&#10;&#9;at org.junit.Assert.fail(Assert.java:88)&#13;&#10;&#9;at StdDrawTest.testClear(StdDrawTest.java:112)&#13;&#10;&#9;at sun.reflect.NativeMethodAccessorImpl.invoke0(Native Method)&#13;&#10;&#9;at sun.reflect.NativeMethodAccessorImpl.invoke(Unknown Source)&#13;&#10;&#9;at sun.reflect.DelegatingMethodAccessorImpl.invoke(Unknown Source)&#13;&#10;&#9;at java.lang.reflect.Method.invoke(Unknown Source)&#13;&#10;&#9;at org.junit.runners.model.FrameworkMethod$1.runReflectiveCall(FrameworkMethod.java:47)&#13;&#10;&#9;at org.junit.internal.runners.model.ReflectiveCallable.run(ReflectiveCallable.java:12)&#13;&#10;&#9;at org.junit.runners.model.FrameworkMethod.invokeExplosively(FrameworkMethod.java:44)&#13;&#10;&#9;at org.junit.internal.runners.statements.InvokeMethod.evaluate(InvokeMethod.java:17)&#13;&#10;&#9;at org.junit.runners.ParentRunner.runLeaf(ParentRunner.java:271)&#13;&#10;&#9;at org.junit.runners.BlockJUnit4ClassRunner.runChild(BlockJUnit4ClassRunner.java:70)&#13;&#10;&#9;at org.junit.runners.BlockJUnit4ClassRunner.runChild(BlockJUnit4ClassRunner.java:50)&#13;&#10;&#9;at org.junit.runners.ParentRunner$3.run(ParentRunner.java:238)&#13;&#10;&#9;at org.junit.runners.ParentRunner$1.schedule(ParentRunner.java:63)&#13;&#10;&#9;at org.junit.runners.ParentRunner.runChildren(ParentRunner.java:236)&#13;&#10;&#9;at org.junit.runners.ParentRunner.access$000(ParentRunner.java:53)&#13;&#10;&#9;at org.junit.runners.ParentRunner$2.evaluate(ParentRunner.java:229)&#13;&#10;&#9;at org.junit.runners.ParentRunner.run(ParentRunner.java:309)&#13;&#10;&#9;at org.eclipse.jdt.internal.junit4.runner.JUnit4TestReference.run(JUnit4TestReference.java:50)&#13;&#10;&#9;at org.eclipse.jdt.internal.junit.runner.TestExecution.run(TestExecution.java:38)&#13;&#10;&#9;at org.eclipse.jdt.internal.junit.runner.RemoteTestRunner.runTests(RemoteTestRunner.java:467)&#13;&#10;&#9;at org.eclipse.jdt.internal.junit.runner.RemoteTestRunner.runTests(RemoteTestRunner.java:683)&#13;&#10;&#9;at org.eclipse.jdt.internal.junit.runner.RemoteTestRunner.run(RemoteTestRunner.java:390)&#13;&#10;&#9;at org.codecover.juniteclipse.runner.EclipseTestRunner.main(EclipseTestRunner.java:40)" Date="1589513515006" Name="StdDrawTest:testClear">
<CovList/>
<AssgnmntList/>
<ObjMetaDataList/>
<MetaDataList/>
</TestCase>
<TestCase Comment="Failure&#10;java.lang.AssertionError: Not yet implemented&#13;&#10;&#9;at org.junit.Assert.fail(Assert.java:88)&#13;&#10;&#9;at StdDrawTest.testPause(StdDrawTest.java:292)&#13;&#10;&#9;at sun.reflect.NativeMethodAccessorImpl.invoke0(Native Method)&#13;&#10;&#9;at sun.reflect.NativeMethodAccessorImpl.invoke(Unknown Source)&#13;&#10;&#9;at sun.reflect.DelegatingMethodAccessorImpl.invoke(Unknown Source)&#13;&#10;&#9;at java.lang.reflect.Method.invoke(Unknown Source)&#13;&#10;&#9;at org.junit.runners.model.FrameworkMethod$1.runReflectiveCall(FrameworkMethod.java:47)&#13;&#10;&#9;at org.junit.internal.runners.model.ReflectiveCallable.run(ReflectiveCallable.java:12)&#13;&#10;&#9;at org.junit.runners.model.FrameworkMethod.invokeExplosively(FrameworkMethod.java:44)&#13;&#10;&#9;at org.junit.internal.runners.statements.InvokeMethod.evaluate(InvokeMethod.java:17)&#13;&#10;&#9;at org.junit.runners.ParentRunner.runLeaf(ParentRunner.java:271)&#13;&#10;&#9;at org.junit.runners.BlockJUnit4ClassRunner.runChild(BlockJUnit4ClassRunner.java:70)&#13;&#10;&#9;at org.junit.runners.BlockJUnit4ClassRunner.runChild(BlockJUnit4ClassRunner.java:50)&#13;&#10;&#9;at org.junit.runners.ParentRunner$3.run(ParentRunner.java:238)&#13;&#10;&#9;at org.junit.runners.ParentRunner$1.schedule(ParentRunner.java:63)&#13;&#10;&#9;at org.junit.runners.ParentRunner.runChildren(ParentRunner.java:236)&#13;&#10;&#9;at org.junit.runners.ParentRunner.access$000(ParentRunner.java:53)&#13;&#10;&#9;at org.junit.runners.ParentRunner$2.evaluate(ParentRunner.java:229)&#13;&#10;&#9;at org.junit.runners.ParentRunner.run(ParentRunner.java:309)&#13;&#10;&#9;at org.eclipse.jdt.internal.junit4.runner.JUnit4TestReference.run(JUnit4TestReference.java:50)&#13;&#10;&#9;at org.eclipse.jdt.internal.junit.runner.TestExecution.run(TestExecution.java:38)&#13;&#10;&#9;at org.eclipse.jdt.internal.junit.runner.RemoteTestRunner.runTests(RemoteTestRunner.java:467)&#13;&#10;&#9;at org.eclipse.jdt.internal.junit.runner.RemoteTestRunner.runTests(RemoteTestRunner.java:683)&#13;&#10;&#9;at org.eclipse.jdt.internal.junit.runner.RemoteTestRunner.run(RemoteTestRunner.java:390)&#13;&#10;&#9;at org.codecover.juniteclipse.runner.EclipseTestRunner.main(EclipseTestRunner.java:40)" Date="1589513515009" Name="StdDrawTest:testPause">
<CovList/>
<AssgnmntList/>
<ObjMetaDataList/>
<MetaDataList/>
</TestCase>
<TestCase Comment="Failure&#10;java.lang.AssertionError: Not yet implemented&#13;&#10;&#9;at org.junit.Assert.fail(Assert.java:88)&#13;&#10;&#9;at StdDrawTest.testPixel(StdDrawTest.java:177)&#13;&#10;&#9;at sun.reflect.NativeMethodAccessorImpl.invoke0(Native Method)&#13;&#10;&#9;at sun.reflect.NativeMethodAccessorImpl.invoke(Unknown Source)&#13;&#10;&#9;at sun.reflect.DelegatingMethodAccessorImpl.invoke(Unknown Source)&#13;&#10;&#9;at java.lang.reflect.Method.invoke(Unknown Source)&#13;&#10;&#9;at org.junit.runners.model.FrameworkMethod$1.runReflectiveCall(FrameworkMethod.java:47)&#13;&#10;&#9;at org.junit.internal.runners.model.ReflectiveCallable.run(ReflectiveCallable.java:12)&#13;&#10;&#9;at org.junit.runners.model.FrameworkMethod.invokeExplosively(FrameworkMethod.java:44)&#13;&#10;&#9;at org.junit.internal.runners.statements.InvokeMethod.evaluate(InvokeMethod.java:17)&#13;&#10;&#9;at org.junit.runners.ParentRunner.runLeaf(ParentRunner.java:271)&#13;&#10;&#9;at org.junit.runners.BlockJUnit4ClassRunner.runChild(BlockJUnit4ClassRunner.java:70)&#13;&#10;&#9;at org.junit.runners.BlockJUnit4ClassRunner.runChild(BlockJUnit4ClassRunner.java:50)&#13;&#10;&#9;at org.junit.runners.ParentRunner$3.run(ParentRunner.java:238)&#13;&#10;&#9;at org.junit.runners.ParentRunner$1.schedule(ParentRunner.java:63)&#13;&#10;&#9;at org.junit.runners.ParentRunner.runChildren(ParentRunner.java:236)&#13;&#10;&#9;at org.junit.runners.ParentRunner.access$000(ParentRunner.java:53)&#13;&#10;&#9;at org.junit.runners.ParentRunner$2.evaluate(ParentRunner.java:229)&#13;&#10;&#9;at org.junit.runners.ParentRunner.run(ParentRunner.java:309)&#13;&#10;&#9;at org.eclipse.jdt.internal.junit4.runner.JUnit4TestReference.run(JUnit4TestReference.java:50)&#13;&#10;&#9;at org.eclipse.jdt.internal.junit.runner.TestExecution.run(TestExecution.java:38)&#13;&#10;&#9;at org.eclipse.jdt.internal.junit.runner.RemoteTestRunner.runTests(RemoteTestRunner.java:467)&#13;&#10;&#9;at org.eclipse.jdt.internal.junit.runner.RemoteTestRunner.runTests(RemoteTestRunner.java:683)&#13;&#10;&#9;at org.eclipse.jdt.internal.junit.runner.RemoteTestRunner.run(RemoteTestRunner.java:390)&#13;&#10;&#9;at org.codecover.juniteclipse.runner.EclipseTestRunner.main(EclipseTestRunner.java:40)" Date="1589513515012" Name="StdDrawTest:testPixel">
<CovList/>
<AssgnmntList/>
<ObjMetaDataList/>
<MetaDataList/>
</TestCase>
<TestCase Comment="Failure&#10;java.lang.AssertionError: Not yet implemented&#13;&#10;&#9;at org.junit.Assert.fail(Assert.java:88)&#13;&#10;&#9;at StdDrawTest.testPoint(StdDrawTest.java:182)&#13;&#10;&#9;at sun.reflect.NativeMethodAccessorImpl.invoke0(Native Method)&#13;&#10;&#9;at sun.reflect.NativeMethodAccessorImpl.invoke(Unknown Source)&#13;&#10;&#9;at sun.reflect.DelegatingMethodAccessorImpl.invoke(Unknown Source)&#13;&#10;&#9;at java.lang.reflect.Method.invoke(Unknown Source)&#13;&#10;&#9;at org.junit.runners.model.FrameworkMethod$1.runReflectiveCall(FrameworkMethod.java:47)&#13;&#10;&#9;at org.junit.internal.runners.model.ReflectiveCallable.run(ReflectiveCallable.java:12)&#13;&#10;&#9;at org.junit.runners.model.FrameworkMethod.invokeExplosively(FrameworkMethod.java:44)&#13;&#10;&#9;at org.junit.internal.runners.statements.InvokeMethod.evaluate(InvokeMethod.java:17)&#13;&#10;&#9;at org.junit.runners.ParentRunner.runLeaf(ParentRunner.java:271)&#13;&#10;&#9;at org.junit.runners.BlockJUnit4ClassRunner.runChild(BlockJUnit4ClassRunner.java:70)&#13;&#10;&#9;at org.junit.runners.BlockJUnit4ClassRunner.runChild(BlockJUnit4ClassRunner.java:50)&#13;&#10;&#9;at org.junit.runners.ParentRunner$3.run(ParentRunner.java:238)&#13;&#10;&#9;at org.junit.runners.ParentRunner$1.schedule(ParentRunner.java:63)&#13;&#10;&#9;at org.junit.runners.ParentRunner.runChildren(ParentRunner.java:236)&#13;&#10;&#9;at org.junit.runners.ParentRunner.access$000(ParentRunner.java:53)&#13;&#10;&#9;at org.junit.runners.ParentRunner$2.evaluate(ParentRunner.java:229)&#13;&#10;&#9;at org.junit.runners.ParentRunner.run(ParentRunner.java:309)&#13;&#10;&#9;at org.eclipse.jdt.internal.junit4.runner.JUnit4TestReference.run(JUnit4TestReference.java:50)&#13;&#10;&#9;at org.eclipse.jdt.internal.junit.runner.TestExecution.run(TestExecution.java:38)&#13;&#10;&#9;at org.eclipse.jdt.internal.junit.runner.RemoteTestRunner.runTests(RemoteTestRunner.java:467)&#13;&#10;&#9;at org.eclipse.jdt.internal.junit.runner.RemoteTestRunner.runTests(RemoteTestRunner.java:683)&#13;&#10;&#9;at org.eclipse.jdt.internal.junit.runner.RemoteTestRunner.run(RemoteTestRunner.java:390)&#13;&#10;&#9;at org.codecover.juniteclipse.runner.EclipseTestRunner.main(EclipseTestRunner.java:40)" Date="1589513515015" Name="StdDrawTest:testPoint">
<CovList/>
<AssgnmntList/>
<ObjMetaDataList/>
<MetaDataList/>
</TestCase>
<TestCase Comment="Failure&#10;java.lang.AssertionError: Not yet implemented&#13;&#10;&#9;at org.junit.Assert.fail(Assert.java:88)&#13;&#10;&#9;at StdDrawTest.testUserX(StdDrawTest.java:102)&#13;&#10;&#9;at sun.reflect.NativeMethodAccessorImpl.invoke0(Native Method)&#13;&#10;&#9;at sun.reflect.NativeMethodAccessorImpl.invoke(Unknown Source)&#13;&#10;&#9;at sun.reflect.DelegatingMethodAccessorImpl.invoke(Unknown Source)&#13;&#10;&#9;at java.lang.reflect.Method.invoke(Unknown Source)&#13;&#10;&#9;at org.junit.runners.model.FrameworkMethod$1.runReflectiveCall(FrameworkMethod.java:47)&#13;&#10;&#9;at org.junit.internal.runners.model.ReflectiveCallable.run(ReflectiveCallable.java:12)&#13;&#10;&#9;at org.junit.runners.model.FrameworkMethod.invokeExplosively(FrameworkMethod.java:44)&#13;&#10;&#9;at org.junit.internal.runners.statements.InvokeMethod.evaluate(InvokeMethod.java:17)&#13;&#10;&#9;at org.junit.runners.ParentRunner.runLeaf(ParentRunner.java:271)&#13;&#10;&#9;at org.junit.runners.BlockJUnit4ClassRunner.runChild(BlockJUnit4ClassRunner.java:70)&#13;&#10;&#9;at org.junit.runners.BlockJUnit4ClassRunner.runChild(BlockJUnit4ClassRunner.java:50)&#13;&#10;&#9;at org.junit.runners.ParentRunner$3.run(ParentRunner.java:238)&#13;&#10;&#9;at org.junit.runners.ParentRunner$1.schedule(ParentRunner.java:63)&#13;&#10;&#9;at org.junit.runners.ParentRunner.runChildren(ParentRunner.java:236)&#13;&#10;&#9;at org.junit.runners.ParentRunner.access$000(ParentRunner.java:53)&#13;&#10;&#9;at org.junit.runners.ParentRunner$2.evaluate(ParentRunner.java:229)&#13;&#10;&#9;at org.junit.runners.ParentRunner.run(ParentRunner.java:309)&#13;&#10;&#9;at org.eclipse.jdt.internal.junit4.runner.JUnit4TestReference.run(JUnit4TestReference.java:50)&#13;&#10;&#9;at org.eclipse.jdt.internal.junit.runner.TestExecution.run(TestExecution.java:38)&#13;&#10;&#9;at org.eclipse.jdt.internal.junit.runner.RemoteTestRunner.runTests(RemoteTestRunner.java:467)&#13;&#10;&#9;at org.eclipse.jdt.internal.junit.runner.RemoteTestRunner.runTests(RemoteTestRunner.java:683)&#13;&#10;&#9;at org.eclipse.jdt.internal.junit.runner.RemoteTestRunner.run(RemoteTestRunner.java:390)&#13;&#10;&#9;at org.codecover.juniteclipse.runner.EclipseTestRunner.main(EclipseTestRunner.java:40)" Date="1589513515018" Name="StdDrawTest:testUserX">
<CovList/>
<AssgnmntList/>
<ObjMetaDataList/>
<MetaDataList/>
</TestCase>
<TestCase Comment="Failure&#10;java.lang.AssertionError: Not yet implemented&#13;&#10;&#9;at org.junit.Assert.fail(Assert.java:88)&#13;&#10;&#9;at StdDrawTest.testUserY(StdDrawTest.java:107)&#13;&#10;&#9;at sun.reflect.NativeMethodAccessorImpl.invoke0(Native Method)&#13;&#10;&#9;at sun.reflect.NativeMethodAccessorImpl.invoke(Unknown Source)&#13;&#10;&#9;at sun.reflect.DelegatingMethodAccessorImpl.invoke(Unknown Source)&#13;&#10;&#9;at java.lang.reflect.Method.invoke(Unknown Source)&#13;&#10;&#9;at org.junit.runners.model.FrameworkMethod$1.runReflectiveCall(FrameworkMethod.java:47)&#13;&#10;&#9;at org.junit.internal.runners.model.ReflectiveCallable.run(ReflectiveCallable.java:12)&#13;&#10;&#9;at org.junit.runners.model.FrameworkMethod.invokeExplosively(FrameworkMethod.java:44)&#13;&#10;&#9;at org.junit.internal.runners.statements.InvokeMethod.evaluate(InvokeMethod.java:17)&#13;&#10;&#9;at org.junit.runners.ParentRunner.runLeaf(ParentRunner.java:271)&#13;&#10;&#9;at org.junit.runners.BlockJUnit4ClassRunner.runChild(BlockJUnit4ClassRunner.java:70)&#13;&#10;&#9;at org.junit.runners.BlockJUnit4ClassRunner.runChild(BlockJUnit4ClassRunner.java:50)&#13;&#10;&#9;at org.junit.runners.ParentRunner$3.run(ParentRunner.java:238)&#13;&#10;&#9;at org.junit.runners.ParentRunner$1.schedule(ParentRunner.java:63)&#13;&#10;&#9;at org.junit.runners.ParentRunner.runChildren(ParentRunner.java:236)&#13;&#10;&#9;at org.junit.runners.ParentRunner.access$000(ParentRunner.java:53)&#13;&#10;&#9;at org.junit.runners.ParentRunner$2.evaluate(ParentRunner.java:229)&#13;&#10;&#9;at org.junit.runners.ParentRunner.run(ParentRunner.java:309)&#13;&#10;&#9;at org.eclipse.jdt.internal.junit4.runner.JUnit4TestReference.run(JUnit4TestReference.java:50)&#13;&#10;&#9;at org.eclipse.jdt.internal.junit.runner.TestExecution.run(TestExecution.java:38)&#13;&#10;&#9;at org.eclipse.jdt.internal.junit.runner.RemoteTestRunner.runTests(RemoteTestRunner.java:467)&#13;&#10;&#9;at org.eclipse.jdt.internal.junit.runner.RemoteTestRunner.runTests(RemoteTestRunner.java:683)&#13;&#10;&#9;at org.eclipse.jdt.internal.junit.runner.RemoteTestRunner.run(RemoteTestRunner.java:390)&#13;&#10;&#9;at org.codecover.juniteclipse.runner.EclipseTestRunner.main(EclipseTestRunner.java:40)" Date="1589513515022" Name="StdDrawTest:testUserY">
<CovList/>
<AssgnmntList/>
<ObjMetaDataList/>
<MetaDataList/>
</TestCase>
<TestCase Comment="Failure&#10;java.lang.AssertionError: Not yet implemented&#13;&#10;&#9;at org.junit.Assert.fail(Assert.java:88)&#13;&#10;&#9;at StdDrawTest.testDraw(StdDrawTest.java:302)&#13;&#10;&#9;at sun.reflect.NativeMethodAccessorImpl.invoke0(Native Method)&#13;&#10;&#9;at sun.reflect.NativeMethodAccessorImpl.invoke(Unknown Source)&#13;&#10;&#9;at sun.reflect.DelegatingMethodAccessorImpl.invoke(Unknown Source)&#13;&#10;&#9;at java.lang.reflect.Method.invoke(Unknown Source)&#13;&#10;&#9;at org.junit.runners.model.FrameworkMethod$1.runReflectiveCall(FrameworkMethod.java:47)&#13;&#10;&#9;at org.junit.internal.runners.model.ReflectiveCallable.run(ReflectiveCallable.java:12)&#13;&#10;&#9;at org.junit.runners.model.FrameworkMethod.invokeExplosively(FrameworkMethod.java:44)&#13;&#10;&#9;at org.junit.internal.runners.statements.InvokeMethod.evaluate(InvokeMethod.java:17)&#13;&#10;&#9;at org.junit.runners.ParentRunner.runLeaf(ParentRunner.java:271)&#13;&#10;&#9;at org.junit.runners.BlockJUnit4ClassRunner.runChild(BlockJUnit4ClassRunner.java:70)&#13;&#10;&#9;at org.junit.runners.BlockJUnit4ClassRunner.runChild(BlockJUnit4ClassRunner.java:50)&#13;&#10;&#9;at org.junit.runners.ParentRunner$3.run(ParentRunner.java:238)&#13;&#10;&#9;at org.junit.runners.ParentRunner$1.schedule(ParentRunner.java:63)&#13;&#10;&#9;at org.junit.runners.ParentRunner.runChildren(ParentRunner.java:236)&#13;&#10;&#9;at org.junit.runners.ParentRunner.access$000(ParentRunner.java:53)&#13;&#10;&#9;at org.junit.runners.ParentRunner$2.evaluate(ParentRunner.java:229)&#13;&#10;&#9;at org.junit.runners.ParentRunner.run(ParentRunner.java:309)&#13;&#10;&#9;at org.eclipse.jdt.internal.junit4.runner.JUnit4TestReference.run(JUnit4TestReference.java:50)&#13;&#10;&#9;at org.eclipse.jdt.internal.junit.runner.TestExecution.run(TestExecution.java:38)&#13;&#10;&#9;at org.eclipse.jdt.internal.junit.runner.RemoteTestRunner.runTests(RemoteTestRunner.java:467)&#13;&#10;&#9;at org.eclipse.jdt.internal.junit.runner.RemoteTestRunner.runTests(RemoteTestRunner.java:683)&#13;&#10;&#9;at org.eclipse.jdt.internal.junit.runner.RemoteTestRunner.run(RemoteTestRunner.java:390)&#13;&#10;&#9;at org.codecover.juniteclipse.runner.EclipseTestRunner.main(EclipseTestRunner.java:40)" Date="1589513515024" Name="StdDrawTest:testDraw">
<CovList/>
<AssgnmntList/>
<ObjMetaDataList/>
<MetaDataList/>
</TestCase>
<TestCase Comment="Failure&#10;java.lang.AssertionError: Not yet implemented&#13;&#10;&#9;at org.junit.Assert.fail(Assert.java:88)&#13;&#10;&#9;at StdDrawTest.testInit(StdDrawTest.java:27)&#13;&#10;&#9;at sun.reflect.NativeMethodAccessorImpl.invoke0(Native Method)&#13;&#10;&#9;at sun.reflect.NativeMethodAccessorImpl.invoke(Unknown Source)&#13;&#10;&#9;at sun.reflect.DelegatingMethodAccessorImpl.invoke(Unknown Source)&#13;&#10;&#9;at java.lang.reflect.Method.invoke(Unknown Source)&#13;&#10;&#9;at org.junit.runners.model.FrameworkMethod$1.runReflectiveCall(FrameworkMethod.java:47)&#13;&#10;&#9;at org.junit.internal.runners.model.ReflectiveCallable.run(ReflectiveCallable.java:12)&#13;&#10;&#9;at org.junit.runners.model.FrameworkMethod.invokeExplosively(FrameworkMethod.java:44)&#13;&#10;&#9;at org.junit.internal.runners.statements.InvokeMethod.evaluate(InvokeMethod.java:17)&#13;&#10;&#9;at org.junit.runners.ParentRunner.runLeaf(ParentRunner.java:271)&#13;&#10;&#9;at org.junit.runners.BlockJUnit4ClassRunner.runChild(BlockJUnit4ClassRunner.java:70)&#13;&#10;&#9;at org.junit.runners.BlockJUnit4ClassRunner.runChild(BlockJUnit4ClassRunner.java:50)&#13;&#10;&#9;at org.junit.runners.ParentRunner$3.run(ParentRunner.java:238)&#13;&#10;&#9;at org.junit.runners.ParentRunner$1.schedule(ParentRunner.java:63)&#13;&#10;&#9;at org.junit.runners.ParentRunner.runChildren(ParentRunner.java:236)&#13;&#10;&#9;at org.junit.runners.ParentRunner.access$000(ParentRunner.java:53)&#13;&#10;&#9;at org.junit.runners.ParentRunner$2.evaluate(ParentRunner.java:229)&#13;&#10;&#9;at org.junit.runners.ParentRunner.run(ParentRunner.java:309)&#13;&#10;&#9;at org.eclipse.jdt.internal.junit4.runner.JUnit4TestReference.run(JUnit4TestReference.java:50)&#13;&#10;&#9;at org.eclipse.jdt.internal.junit.runner.TestExecution.run(TestExecution.java:38)&#13;&#10;&#9;at org.eclipse.jdt.internal.junit.runner.RemoteTestRunner.runTests(RemoteTestRunner.java:467)&#13;&#10;&#9;at org.eclipse.jdt.internal.junit.runner.RemoteTestRunner.runTests(RemoteTestRunner.java:683)&#13;&#10;&#9;at org.eclipse.jdt.internal.junit.runner.RemoteTestRunner.run(RemoteTestRunner.java:390)&#13;&#10;&#9;at org.codecover.juniteclipse.runner.EclipseTestRunner.main(EclipseTestRunner.java:40)" Date="1589513515026" Name="StdDrawTest:testInit">
<CovList/>
<AssgnmntList/>
<ObjMetaDataList/>
<MetaDataList/>
</TestCase>
<TestCase Comment="Failure&#10;java.lang.AssertionError: Not yet implemented&#13;&#10;&#9;at org.junit.Assert.fail(Assert.java:88)&#13;&#10;&#9;at StdDrawTest.testLine(StdDrawTest.java:172)&#13;&#10;&#9;at sun.reflect.NativeMethodAccessorImpl.invoke0(Native Method)&#13;&#10;&#9;at sun.reflect.NativeMethodAccessorImpl.invoke(Unknown Source)&#13;&#10;&#9;at sun.reflect.DelegatingMethodAccessorImpl.invoke(Unknown Source)&#13;&#10;&#9;at java.lang.reflect.Method.invoke(Unknown Source)&#13;&#10;&#9;at org.junit.runners.model.FrameworkMethod$1.runReflectiveCall(FrameworkMethod.java:47)&#13;&#10;&#9;at org.junit.internal.runners.model.ReflectiveCallable.run(ReflectiveCallable.java:12)&#13;&#10;&#9;at org.junit.runners.model.FrameworkMethod.invokeExplosively(FrameworkMethod.java:44)&#13;&#10;&#9;at org.junit.internal.runners.statements.InvokeMethod.evaluate(InvokeMethod.java:17)&#13;&#10;&#9;at org.junit.runners.ParentRunner.runLeaf(ParentRunner.java:271)&#13;&#10;&#9;at org.junit.runners.BlockJUnit4ClassRunner.runChild(BlockJUnit4ClassRunner.java:70)&#13;&#10;&#9;at org.junit.runners.BlockJUnit4ClassRunner.runChild(BlockJUnit4ClassRunner.java:50)&#13;&#10;&#9;at org.junit.runners.ParentRunner$3.run(ParentRunner.java:238)&#13;&#10;&#9;at org.junit.runners.ParentRunner$1.schedule(ParentRunner.java:63)&#13;&#10;&#9;at org.junit.runners.ParentRunner.runChildren(ParentRunner.java:236)&#13;&#10;&#9;at org.junit.runners.ParentRunner.access$000(ParentRunner.java:53)&#13;&#10;&#9;at org.junit.runners.ParentRunner$2.evaluate(ParentRunner.java:229)&#13;&#10;&#9;at org.junit.runners.ParentRunner.run(ParentRunner.java:309)&#13;&#10;&#9;at org.eclipse.jdt.internal.junit4.runner.JUnit4TestReference.run(JUnit4TestReference.java:50)&#13;&#10;&#9;at org.eclipse.jdt.internal.junit.runner.TestExecution.run(TestExecution.java:38)&#13;&#10;&#9;at org.eclipse.jdt.internal.junit.runner.RemoteTestRunner.runTests(RemoteTestRunner.java:467)&#13;&#10;&#9;at org.eclipse.jdt.internal.junit.runner.RemoteTestRunner.runTests(RemoteTestRunner.java:683)&#13;&#10;&#9;at org.eclipse.jdt.internal.junit.runner.RemoteTestRunner.run(RemoteTestRunner.java:390)&#13;&#10;&#9;at org.codecover.juniteclipse.runner.EclipseTestRunner.main(EclipseTestRunner.java:40)" Date="1589513515029" Name="StdDrawTest:testLine">
<CovList/>
<AssgnmntList/>
<ObjMetaDataList/>
<MetaDataList/>
</TestCase>
<TestCase Comment="Failure&#10;java.lang.AssertionError: Not yet implemented&#13;&#10;&#9;at org.junit.Assert.fail(Assert.java:88)&#13;&#10;&#9;at StdDrawTest.testMain(StdDrawTest.java:412)&#13;&#10;&#9;at sun.reflect.NativeMethodAccessorImpl.invoke0(Native Method)&#13;&#10;&#9;at sun.reflect.NativeMethodAccessorImpl.invoke(Unknown Source)&#13;&#10;&#9;at sun.reflect.DelegatingMethodAccessorImpl.invoke(Unknown Source)&#13;&#10;&#9;at java.lang.reflect.Method.invoke(Unknown Source)&#13;&#10;&#9;at org.junit.runners.model.FrameworkMethod$1.runReflectiveCall(FrameworkMethod.java:47)&#13;&#10;&#9;at org.junit.internal.runners.model.ReflectiveCallable.run(ReflectiveCallable.java:12)&#13;&#10;&#9;at org.junit.runners.model.FrameworkMethod.invokeExplosively(FrameworkMethod.java:44)&#13;&#10;&#9;at org.junit.internal.runners.statements.InvokeMethod.evaluate(InvokeMethod.java:17)&#13;&#10;&#9;at org.junit.runners.ParentRunner.runLeaf(ParentRunner.java:271)&#13;&#10;&#9;at org.junit.runners.BlockJUnit4ClassRunner.runChild(BlockJUnit4ClassRunner.java:70)&#13;&#10;&#9;at org.junit.runners.BlockJUnit4ClassRunner.runChild(BlockJUnit4ClassRunner.java:50)&#13;&#10;&#9;at org.junit.runners.ParentRunner$3.run(ParentRunner.java:238)&#13;&#10;&#9;at org.junit.runners.ParentRunner$1.schedule(ParentRunner.java:63)&#13;&#10;&#9;at org.junit.runners.ParentRunner.runChildren(ParentRunner.java:236)&#13;&#10;&#9;at org.junit.runners.ParentRunner.access$000(ParentRunner.java:53)&#13;&#10;&#9;at org.junit.runners.ParentRunner$2.evaluate(ParentRunner.java:229)&#13;&#10;&#9;at org.junit.runners.ParentRunner.run(ParentRunner.java:309)&#13;&#10;&#9;at org.eclipse.jdt.internal.junit4.runner.JUnit4TestReference.run(JUnit4TestReference.java:50)&#13;&#10;&#9;at org.eclipse.jdt.internal.junit.runner.TestExecution.run(TestExecution.java:38)&#13;&#10;&#9;at org.eclipse.jdt.internal.junit.runner.RemoteTestRunner.runTests(RemoteTestRunner.java:467)&#13;&#10;&#9;at org.eclipse.jdt.internal.junit.runner.RemoteTestRunner.runTests(RemoteTestRunner.java:683)&#13;&#10;&#9;at org.eclipse.jdt.internal.junit.runner.RemoteTestRunner.run(RemoteTestRunner.java:390)&#13;&#10;&#9;at org.codecover.juniteclipse.runner.EclipseTestRunner.main(EclipseTestRunner.java:40)" Date="1589513515032" Name="StdDrawTest:testMain">
<CovList/>
<AssgnmntList/>
<ObjMetaDataList/>
<MetaDataList/>
</TestCase>
<TestCase Comment="Failure&#10;java.lang.AssertionError: Not yet implemented&#13;&#10;&#9;at org.junit.Assert.fail(Assert.java:88)&#13;&#10;&#9;at StdDrawTest.testSave(StdDrawTest.java:317)&#13;&#10;&#9;at sun.reflect.NativeMethodAccessorImpl.invoke0(Native Method)&#13;&#10;&#9;at sun.reflect.NativeMethodAccessorImpl.invoke(Unknown Source)&#13;&#10;&#9;at sun.reflect.DelegatingMethodAccessorImpl.invoke(Unknown Source)&#13;&#10;&#9;at java.lang.reflect.Method.invoke(Unknown Source)&#13;&#10;&#9;at org.junit.runners.model.FrameworkMethod$1.runReflectiveCall(FrameworkMethod.java:47)&#13;&#10;&#9;at org.junit.internal.runners.model.ReflectiveCallable.run(ReflectiveCallable.java:12)&#13;&#10;&#9;at org.junit.runners.model.FrameworkMethod.invokeExplosively(FrameworkMethod.java:44)&#13;&#10;&#9;at org.junit.internal.runners.statements.InvokeMethod.evaluate(InvokeMethod.java:17)&#13;&#10;&#9;at org.junit.runners.ParentRunner.runLeaf(ParentRunner.java:271)&#13;&#10;&#9;at org.junit.runners.BlockJUnit4ClassRunner.runChild(BlockJUnit4ClassRunner.java:70)&#13;&#10;&#9;at org.junit.runners.BlockJUnit4ClassRunner.runChild(BlockJUnit4ClassRunner.java:50)&#13;&#10;&#9;at org.junit.runners.ParentRunner$3.run(ParentRunner.java:238)&#13;&#10;&#9;at org.junit.runners.ParentRunner$1.schedule(ParentRunner.java:63)&#13;&#10;&#9;at org.junit.runners.ParentRunner.runChildren(ParentRunner.java:236)&#13;&#10;&#9;at org.junit.runners.ParentRunner.access$000(ParentRunner.java:53)&#13;&#10;&#9;at org.junit.runners.ParentRunner$2.evaluate(ParentRunner.java:229)&#13;&#10;&#9;at org.junit.runners.ParentRunner.run(ParentRunner.java:309)&#13;&#10;&#9;at org.eclipse.jdt.internal.junit4.runner.JUnit4TestReference.run(JUnit4TestReference.java:50)&#13;&#10;&#9;at org.eclipse.jdt.internal.junit.runner.TestExecution.run(TestExecution.java:38)&#13;&#10;&#9;at org.eclipse.jdt.internal.junit.runner.RemoteTestRunner.runTests(RemoteTestRunner.java:467)&#13;&#10;&#9;at org.eclipse.jdt.internal.junit.runner.RemoteTestRunner.runTests(RemoteTestRunner.java:683)&#13;&#10;&#9;at org.eclipse.jdt.internal.junit.runner.RemoteTestRunner.run(RemoteTestRunner.java:390)&#13;&#10;&#9;at org.codecover.juniteclipse.runner.EclipseTestRunner.main(EclipseTestRunner.java:40)" Date="1589513515037" Name="StdDrawTest:testSave">
<CovList/>
<AssgnmntList/>
<ObjMetaDataList/>
<MetaDataList/>
</TestCase>
<TestCase Comment="Failure&#10;java.lang.AssertionError: Not yet implemented&#13;&#10;&#9;at org.junit.Assert.fail(Assert.java:88)&#13;&#10;&#9;at StdDrawTest.testShow(StdDrawTest.java:297)&#13;&#10;&#9;at sun.reflect.NativeMethodAccessorImpl.invoke0(Native Method)&#13;&#10;&#9;at sun.reflect.NativeMethodAccessorImpl.invoke(Unknown Source)&#13;&#10;&#9;at sun.reflect.DelegatingMethodAccessorImpl.invoke(Unknown Source)&#13;&#10;&#9;at java.lang.reflect.Method.invoke(Unknown Source)&#13;&#10;&#9;at org.junit.runners.model.FrameworkMethod$1.runReflectiveCall(FrameworkMethod.java:47)&#13;&#10;&#9;at org.junit.internal.runners.model.ReflectiveCallable.run(ReflectiveCallable.java:12)&#13;&#10;&#9;at org.junit.runners.model.FrameworkMethod.invokeExplosively(FrameworkMethod.java:44)&#13;&#10;&#9;at org.junit.internal.runners.statements.InvokeMethod.evaluate(InvokeMethod.java:17)&#13;&#10;&#9;at org.junit.runners.ParentRunner.runLeaf(ParentRunner.java:271)&#13;&#10;&#9;at org.junit.runners.BlockJUnit4ClassRunner.runChild(BlockJUnit4ClassRunner.java:70)&#13;&#10;&#9;at org.junit.runners.BlockJUnit4ClassRunner.runChild(BlockJUnit4ClassRunner.java:50)&#13;&#10;&#9;at org.junit.runners.ParentRunner$3.run(ParentRunner.java:238)&#13;&#10;&#9;at org.junit.runners.ParentRunner$1.schedule(ParentRunner.java:63)&#13;&#10;&#9;at org.junit.runners.ParentRunner.runChildren(ParentRunner.java:236)&#13;&#10;&#9;at org.junit.runners.ParentRunner.access$000(ParentRunner.java:53)&#13;&#10;&#9;at org.junit.runners.ParentRunner$2.evaluate(ParentRunner.java:229)&#13;&#10;&#9;at org.junit.runners.ParentRunner.run(ParentRunner.java:309)&#13;&#10;&#9;at org.eclipse.jdt.internal.junit4.runner.JUnit4TestReference.run(JUnit4TestReference.java:50)&#13;&#10;&#9;at org.eclipse.jdt.internal.junit.runner.TestExecution.run(TestExecution.java:38)&#13;&#10;&#9;at org.eclipse.jdt.internal.junit.runner.RemoteTestRunner.runTests(RemoteTestRunner.java:467)&#13;&#10;&#9;at org.eclipse.jdt.internal.junit.runner.RemoteTestRunner.runTests(RemoteTestRunner.java:683)&#13;&#10;&#9;at org.eclipse.jdt.internal.junit.runner.RemoteTestRunner.run(RemoteTestRunner.java:390)&#13;&#10;&#9;at org.codecover.juniteclipse.runner.EclipseTestRunner.main(EclipseTestRunner.java:40)" Date="1589513515040" Name="StdDrawTest:testShow">
<CovList/>
<AssgnmntList/>
<ObjMetaDataList/>
<MetaDataList/>
</TestCase>
<TestCase Comment="Failure&#10;java.lang.AssertionError: Not yet implemented&#13;&#10;&#9;at org.junit.Assert.fail(Assert.java:88)&#13;&#10;&#9;at StdDrawTest.testSetPenRadius(StdDrawTest.java:127)&#13;&#10;&#9;at sun.reflect.NativeMethodAccessorImpl.invoke0(Native Method)&#13;&#10;&#9;at sun.reflect.NativeMethodAccessorImpl.invoke(Unknown Source)&#13;&#10;&#9;at sun.reflect.DelegatingMethodAccessorImpl.invoke(Unknown Source)&#13;&#10;&#9;at java.lang.reflect.Method.invoke(Unknown Source)&#13;&#10;&#9;at org.junit.runners.model.FrameworkMethod$1.runReflectiveCall(FrameworkMethod.java:47)&#13;&#10;&#9;at org.junit.internal.runners.model.ReflectiveCallable.run(ReflectiveCallable.java:12)&#13;&#10;&#9;at org.junit.runners.model.FrameworkMethod.invokeExplosively(FrameworkMethod.java:44)&#13;&#10;&#9;at org.junit.internal.runners.statements.InvokeMethod.evaluate(InvokeMethod.java:17)&#13;&#10;&#9;at org.junit.runners.ParentRunner.runLeaf(ParentRunner.java:271)&#13;&#10;&#9;at org.junit.runners.BlockJUnit4ClassRunner.runChild(BlockJUnit4ClassRunner.java:70)&#13;&#10;&#9;at org.junit.runners.BlockJUnit4ClassRunner.runChild(BlockJUnit4ClassRunner.java:50)&#13;&#10;&#9;at org.junit.runners.ParentRunner$3.run(ParentRunner.java:238)&#13;&#10;&#9;at org.junit.runners.ParentRunner$1.schedule(ParentRunner.java:63)&#13;&#10;&#9;at org.junit.runners.ParentRunner.runChildren(ParentRunner.java:236)&#13;&#10;&#9;at org.junit.runners.ParentRunner.access$000(ParentRunner.java:53)&#13;&#10;&#9;at org.junit.runners.ParentRunner$2.evaluate(ParentRunner.java:229)&#13;&#10;&#9;at org.junit.runners.ParentRunner.run(ParentRunner.java:309)&#13;&#10;&#9;at org.eclipse.jdt.internal.junit4.runner.JUnit4TestReference.run(JUnit4TestReference.java:50)&#13;&#10;&#9;at org.eclipse.jdt.internal.junit.runner.TestExecution.run(TestExecution.java:38)&#13;&#10;&#9;at org.eclipse.jdt.internal.junit.runner.RemoteTestRunner.runTests(RemoteTestRunner.java:467)&#13;&#10;&#9;at org.eclipse.jdt.internal.junit.runner.RemoteTestRunner.runTests(RemoteTestRunner.java:683)&#13;&#10;&#9;at org.eclipse.jdt.internal.junit.runner.RemoteTestRunner.run(RemoteTestRunner.java:390)&#13;&#10;&#9;at org.codecover.juniteclipse.runner.EclipseTestRunner.main(EclipseTestRunner.java:40)" Date="1589513515041" Name="StdDrawTest:testSetPenRadius">
<CovList/>
<AssgnmntList/>
<ObjMetaDataList/>
<MetaDataList/>
</TestCase>
<TestCase Comment="Failure&#10;java.lang.AssertionError: Not yet implemented&#13;&#10;&#9;at org.junit.Assert.fail(Assert.java:88)&#13;&#10;&#9;at StdDrawTest.testIsKeyPressed(StdDrawTest.java:392)&#13;&#10;&#9;at sun.reflect.NativeMethodAccessorImpl.invoke0(Native Method)&#13;&#10;&#9;at sun.reflect.NativeMethodAccessorImpl.invoke(Unknown Source)&#13;&#10;&#9;at sun.reflect.DelegatingMethodAccessorImpl.invoke(Unknown Source)&#13;&#10;&#9;at java.lang.reflect.Method.invoke(Unknown Source)&#13;&#10;&#9;at org.junit.runners.model.FrameworkMethod$1.runReflectiveCall(FrameworkMethod.java:47)&#13;&#10;&#9;at org.junit.internal.runners.model.ReflectiveCallable.run(ReflectiveCallable.java:12)&#13;&#10;&#9;at org.junit.runners.model.FrameworkMethod.invokeExplosively(FrameworkMethod.java:44)&#13;&#10;&#9;at org.junit.internal.runners.statements.InvokeMethod.evaluate(InvokeMethod.java:17)&#13;&#10;&#9;at org.junit.runners.ParentRunner.runLeaf(ParentRunner.java:271)&#13;&#10;&#9;at org.junit.runners.BlockJUnit4ClassRunner.runChild(BlockJUnit4ClassRunner.java:70)&#13;&#10;&#9;at org.junit.runners.BlockJUnit4ClassRunner.runChild(BlockJUnit4ClassRunner.java:50)&#13;&#10;&#9;at org.junit.runners.ParentRunner$3.run(ParentRunner.java:238)&#13;&#10;&#9;at org.junit.runners.ParentRunner$1.schedule(ParentRunner.java:63)&#13;&#10;&#9;at org.junit.runners.ParentRunner.runChildren(ParentRunner.java:236)&#13;&#10;&#9;at org.junit.runners.ParentRunner.access$000(ParentRunner.java:53)&#13;&#10;&#9;at org.junit.runners.ParentRunner$2.evaluate(ParentRunner.java:229)&#13;&#10;&#9;at org.junit.runners.ParentRunner.run(ParentRunner.java:309)&#13;&#10;&#9;at org.eclipse.jdt.internal.junit4.runner.JUnit4TestReference.run(JUnit4TestReference.java:50)&#13;&#10;&#9;at org.eclipse.jdt.internal.junit.runner.TestExecution.run(TestExecution.java:38)&#13;&#10;&#9;at org.eclipse.jdt.internal.junit.runner.RemoteTestRunner.runTests(RemoteTestRunner.java:467)&#13;&#10;&#9;at org.eclipse.jdt.internal.junit.runner.RemoteTestRunner.runTests(RemoteTestRunner.java:683)&#13;&#10;&#9;at org.eclipse.jdt.internal.junit.runner.RemoteTestRunner.run(RemoteTestRunner.java:390)&#13;&#10;&#9;at org.codecover.juniteclipse.runner.EclipseTestRunner.main(EclipseTestRunner.java:40)" Date="1589513515044" Name="StdDrawTest:testIsKeyPressed">
<CovList/>
<AssgnmntList/>
<ObjMetaDataList/>
<MetaDataList/>
</TestCase>
<TestCase Comment="Failure&#10;java.lang.AssertionError: Not yet implemented&#13;&#10;&#9;at org.junit.Assert.fail(Assert.java:88)&#13;&#10;&#9;at StdDrawTest.testPolygon(StdDrawTest.java:232)&#13;&#10;&#9;at sun.reflect.NativeMethodAccessorImpl.invoke0(Native Method)&#13;&#10;&#9;at sun.reflect.NativeMethodAccessorImpl.invoke(Unknown Source)&#13;&#10;&#9;at sun.reflect.DelegatingMethodAccessorImpl.invoke(Unknown Source)&#13;&#10;&#9;at java.lang.reflect.Method.invoke(Unknown Source)&#13;&#10;&#9;at org.junit.runners.model.FrameworkMethod$1.runReflectiveCall(FrameworkMethod.java:47)&#13;&#10;&#9;at org.junit.internal.runners.model.ReflectiveCallable.run(ReflectiveCallable.java:12)&#13;&#10;&#9;at org.junit.runners.model.FrameworkMethod.invokeExplosively(FrameworkMethod.java:44)&#13;&#10;&#9;at org.junit.internal.runners.statements.InvokeMethod.evaluate(InvokeMethod.java:17)&#13;&#10;&#9;at org.junit.runners.ParentRunner.runLeaf(ParentRunner.java:271)&#13;&#10;&#9;at org.junit.runners.BlockJUnit4ClassRunner.runChild(BlockJUnit4ClassRunner.java:70)&#13;&#10;&#9;at org.junit.runners.BlockJUnit4ClassRunner.runChild(BlockJUnit4ClassRunner.java:50)&#13;&#10;&#9;at org.junit.runners.ParentRunner$3.run(ParentRunner.java:238)&#13;&#10;&#9;at org.junit.runners.ParentRunner$1.schedule(ParentRunner.java:63)&#13;&#10;&#9;at org.junit.runners.ParentRunner.runChildren(ParentRunner.java:236)&#13;&#10;&#9;at org.junit.runners.ParentRunner.access$000(ParentRunner.java:53)&#13;&#10;&#9;at org.junit.runners.ParentRunner$2.evaluate(ParentRunner.java:229)&#13;&#10;&#9;at org.junit.runners.ParentRunner.run(ParentRunner.java:309)&#13;&#10;&#9;at org.eclipse.jdt.internal.junit4.runner.JUnit4TestReference.run(JUnit4TestReference.java:50)&#13;&#10;&#9;at org.eclipse.jdt.internal.junit.runner.TestExecution.run(TestExecution.java:38)&#13;&#10;&#9;at org.eclipse.jdt.internal.junit.runner.RemoteTestRunner.runTests(RemoteTestRunner.java:467)&#13;&#10;&#9;at org.eclipse.jdt.internal.junit.runner.RemoteTestRunner.runTests(RemoteTestRunner.java:683)&#13;&#10;&#9;at org.eclipse.jdt.internal.junit.runner.RemoteTestRunner.run(RemoteTestRunner.java:390)&#13;&#10;&#9;at org.codecover.juniteclipse.runner.EclipseTestRunner.main(EclipseTestRunner.java:40)" Date="1589513515046" Name="StdDrawTest:testPolygon">
<CovList/>
<AssgnmntList/>
<ObjMetaDataList/>
<MetaDataList/>
</TestCase>
<TestCase Comment="Failure&#10;java.lang.AssertionError: Not yet implemented&#13;&#10;&#9;at org.junit.Assert.fail(Assert.java:88)&#13;&#10;&#9;at StdDrawTest.testValidate(StdDrawTest.java:37)&#13;&#10;&#9;at sun.reflect.NativeMethodAccessorImpl.invoke0(Native Method)&#13;&#10;&#9;at sun.reflect.NativeMethodAccessorImpl.invoke(Unknown Source)&#13;&#10;&#9;at sun.reflect.DelegatingMethodAccessorImpl.invoke(Unknown Source)&#13;&#10;&#9;at java.lang.reflect.Method.invoke(Unknown Source)&#13;&#10;&#9;at org.junit.runners.model.FrameworkMethod$1.runReflectiveCall(FrameworkMethod.java:47)&#13;&#10;&#9;at org.junit.internal.runners.model.ReflectiveCallable.run(ReflectiveCallable.java:12)&#13;&#10;&#9;at org.junit.runners.model.FrameworkMethod.invokeExplosively(FrameworkMethod.java:44)&#13;&#10;&#9;at org.junit.internal.runners.statements.InvokeMethod.evaluate(InvokeMethod.java:17)&#13;&#10;&#9;at org.junit.runners.ParentRunner.runLeaf(ParentRunner.java:271)&#13;&#10;&#9;at org.junit.runners.BlockJUnit4ClassRunner.runChild(BlockJUnit4ClassRunner.java:70)&#13;&#10;&#9;at org.junit.runners.BlockJUnit4ClassRunner.runChild(BlockJUnit4ClassRunner.java:50)&#13;&#10;&#9;at org.junit.runners.ParentRunner$3.run(ParentRunner.java:238)&#13;&#10;&#9;at org.junit.runners.ParentRunner$1.schedule(ParentRunner.java:63)&#13;&#10;&#9;at org.junit.runners.ParentRunner.runChildren(ParentRunner.java:236)&#13;&#10;&#9;at org.junit.runners.ParentRunner.access$000(ParentRunner.java:53)&#13;&#10;&#9;at org.junit.runners.ParentRunner$2.evaluate(ParentRunner.java:229)&#13;&#10;&#9;at org.junit.runners.ParentRunner.run(ParentRunner.java:309)&#13;&#10;&#9;at org.eclipse.jdt.internal.junit4.runner.JUnit4TestReference.run(JUnit4TestReference.java:50)&#13;&#10;&#9;at org.eclipse.jdt.internal.junit.runner.TestExecution.run(TestExecution.java:38)&#13;&#10;&#9;at org.eclipse.jdt.internal.junit.runner.RemoteTestRunner.runTests(RemoteTestRunner.java:467)&#13;&#10;&#9;at org.eclipse.jdt.internal.junit.runner.RemoteTestRunner.runTests(RemoteTestRunner.java:683)&#13;&#10;&#9;at org.eclipse.jdt.internal.junit.runner.RemoteTestRunner.run(RemoteTestRunner.java:390)&#13;&#10;&#9;at org.codecover.juniteclipse.runner.EclipseTestRunner.main(EclipseTestRunner.java:40)" Date="1589513515049" Name="StdDrawTest:testValidate">
<CovList/>
<AssgnmntList/>
<ObjMetaDataList/>
<MetaDataList/>
</TestCase>
<TestCase Comment="Failure&#10;java.lang.AssertionError: Not yet implemented&#13;&#10;&#9;at org.junit.Assert.fail(Assert.java:88)&#13;&#10;&#9;at StdDrawTest.testKeyPressed(StdDrawTest.java:402)&#13;&#10;&#9;at sun.reflect.NativeMethodAccessorImpl.invoke0(Native Method)&#13;&#10;&#9;at sun.reflect.NativeMethodAccessorImpl.invoke(Unknown Source)&#13;&#10;&#9;at sun.reflect.DelegatingMethodAccessorImpl.invoke(Unknown Source)&#13;&#10;&#9;at java.lang.reflect.Method.invoke(Unknown Source)&#13;&#10;&#9;at org.junit.runners.model.FrameworkMethod$1.runReflectiveCall(FrameworkMethod.java:47)&#13;&#10;&#9;at org.junit.internal.runners.model.ReflectiveCallable.run(ReflectiveCallable.java:12)&#13;&#10;&#9;at org.junit.runners.model.FrameworkMethod.invokeExplosively(FrameworkMethod.java:44)&#13;&#10;&#9;at org.junit.internal.runners.statements.InvokeMethod.evaluate(InvokeMethod.java:17)&#13;&#10;&#9;at org.junit.runners.ParentRunner.runLeaf(ParentRunner.java:271)&#13;&#10;&#9;at org.junit.runners.BlockJUnit4ClassRunner.runChild(BlockJUnit4ClassRunner.java:70)&#13;&#10;&#9;at org.junit.runners.BlockJUnit4ClassRunner.runChild(BlockJUnit4ClassRunner.java:50)&#13;&#10;&#9;at org.junit.runners.ParentRunner$3.run(ParentRunner.java:238)&#13;&#10;&#9;at org.junit.runners.ParentRunner$1.schedule(ParentRunner.java:63)&#13;&#10;&#9;at org.junit.runners.ParentRunner.runChildren(ParentRunner.java:236)&#13;&#10;&#9;at org.junit.runners.ParentRunner.access$000(ParentRunner.java:53)&#13;&#10;&#9;at org.junit.runners.ParentRunner$2.evaluate(ParentRunner.java:229)&#13;&#10;&#9;at org.junit.runners.ParentRunner.run(ParentRunner.java:309)&#13;&#10;&#9;at org.eclipse.jdt.internal.junit4.runner.JUnit4TestReference.run(JUnit4TestReference.java:50)&#13;&#10;&#9;at org.eclipse.jdt.internal.junit.runner.TestExecution.run(TestExecution.java:38)&#13;&#10;&#9;at org.eclipse.jdt.internal.junit.runner.RemoteTestRunner.runTests(RemoteTestRunner.java:467)&#13;&#10;&#9;at org.eclipse.jdt.internal.junit.runner.RemoteTestRunner.runTests(RemoteTestRunner.java:683)&#13;&#10;&#9;at org.eclipse.jdt.internal.junit.runner.RemoteTestRunner.run(RemoteTestRunner.java:390)&#13;&#10;&#9;at org.codecover.juniteclipse.runner.EclipseTestRunner.main(EclipseTestRunner.java:40)" Date="1589513515051" Name="StdDrawTest:testKeyPressed">
<CovList/>
<AssgnmntList/>
<ObjMetaDataList/>
<MetaDataList/>
</TestCase>
<TestCase Comment="Failure&#10;java.lang.AssertionError: Not yet implemented&#13;&#10;&#9;at org.junit.Assert.fail(Assert.java:88)&#13;&#10;&#9;at StdDrawTest.testSetCanvasSizeIntInt(StdDrawTest.java:22)&#13;&#10;&#9;at sun.reflect.NativeMethodAccessorImpl.invoke0(Native Method)&#13;&#10;&#9;at sun.reflect.NativeMethodAccessorImpl.invoke(Unknown Source)&#13;&#10;&#9;at sun.reflect.DelegatingMethodAccessorImpl.invoke(Unknown Source)&#13;&#10;&#9;at java.lang.reflect.Method.invoke(Unknown Source)&#13;&#10;&#9;at org.junit.runners.model.FrameworkMethod$1.runReflectiveCall(FrameworkMethod.java:47)&#13;&#10;&#9;at org.junit.internal.runners.model.ReflectiveCallable.run(ReflectiveCallable.java:12)&#13;&#10;&#9;at org.junit.runners.model.FrameworkMethod.invokeExplosively(FrameworkMethod.java:44)&#13;&#10;&#9;at org.junit.internal.runners.statements.InvokeMethod.evaluate(InvokeMethod.java:17)&#13;&#10;&#9;at org.junit.runners.ParentRunner.runLeaf(ParentRunner.java:271)&#13;&#10;&#9;at org.junit.runners.BlockJUnit4ClassRunner.runChild(BlockJUnit4ClassRunner.java:70)&#13;&#10;&#9;at org.junit.runners.BlockJUnit4ClassRunner.runChild(BlockJUnit4ClassRunner.java:50)&#13;&#10;&#9;at org.junit.runners.ParentRunner$3.run(ParentRunner.java:238)&#13;&#10;&#9;at org.junit.runners.ParentRunner$1.schedule(ParentRunner.java:63)&#13;&#10;&#9;at org.junit.runners.ParentRunner.runChildren(ParentRunner.java:236)&#13;&#10;&#9;at org.junit.runners.ParentRunner.access$000(ParentRunner.java:53)&#13;&#10;&#9;at org.junit.runners.ParentRunner$2.evaluate(ParentRunner.java:229)&#13;&#10;&#9;at org.junit.runners.ParentRunner.run(ParentRunner.java:309)&#13;&#10;&#9;at org.eclipse.jdt.internal.junit4.runner.JUnit4TestReference.run(JUnit4TestReference.java:50)&#13;&#10;&#9;at org.eclipse.jdt.internal.junit.runner.TestExecution.run(TestExecution.java:38)&#13;&#10;&#9;at org.eclipse.jdt.internal.junit.runner.RemoteTestRunner.runTests(RemoteTestRunner.java:467)&#13;&#10;&#9;at org.eclipse.jdt.internal.junit.runner.RemoteTestRunner.runTests(RemoteTestRunner.java:683)&#13;&#10;&#9;at org.eclipse.jdt.internal.junit.runner.RemoteTestRunner.run(RemoteTestRunner.java:390)&#13;&#10;&#9;at org.codecover.juniteclipse.runner.EclipseTestRunner.main(EclipseTestRunner.java:40)" Date="1589513515054" Name="StdDrawTest:testSetCanvasSizeIntInt">
<CovList/>
<AssgnmntList/>
<ObjMetaDataList/>
<MetaDataList/>
</TestCase>
<TestCase Comment="Failure&#10;java.lang.AssertionError: Not yet implemented&#13;&#10;&#9;at org.junit.Assert.fail(Assert.java:88)&#13;&#10;&#9;at StdDrawTest.testFilledPolygon(StdDrawTest.java:237)&#13;&#10;&#9;at sun.reflect.NativeMethodAccessorImpl.invoke0(Native Method)&#13;&#10;&#9;at sun.reflect.NativeMethodAccessorImpl.invoke(Unknown Source)&#13;&#10;&#9;at sun.reflect.DelegatingMethodAccessorImpl.invoke(Unknown Source)&#13;&#10;&#9;at java.lang.reflect.Method.invoke(Unknown Source)&#13;&#10;&#9;at org.junit.runners.model.FrameworkMethod$1.runReflectiveCall(FrameworkMethod.java:47)&#13;&#10;&#9;at org.junit.internal.runners.model.ReflectiveCallable.run(ReflectiveCallable.java:12)&#13;&#10;&#9;at org.junit.runners.model.FrameworkMethod.invokeExplosively(FrameworkMethod.java:44)&#13;&#10;&#9;at org.junit.internal.runners.statements.InvokeMethod.evaluate(InvokeMethod.java:17)&#13;&#10;&#9;at org.junit.runners.ParentRunner.runLeaf(ParentRunner.java:271)&#13;&#10;&#9;at org.junit.runners.BlockJUnit4ClassRunner.runChild(BlockJUnit4ClassRunner.java:70)&#13;&#10;&#9;at org.junit.runners.BlockJUnit4ClassRunner.runChild(BlockJUnit4ClassRunner.java:50)&#13;&#10;&#9;at org.junit.runners.ParentRunner$3.run(ParentRunner.java:238)&#13;&#10;&#9;at org.junit.runners.ParentRunner$1.schedule(ParentRunner.java:63)&#13;&#10;&#9;at org.junit.runners.ParentRunner.runChildren(ParentRunner.java:236)&#13;&#10;&#9;at org.junit.runners.ParentRunner.access$000(ParentRunner.java:53)&#13;&#10;&#9;at org.junit.runners.ParentRunner$2.evaluate(ParentRunner.java:229)&#13;&#10;&#9;at org.junit.runners.ParentRunner.run(ParentRunner.java:309)&#13;&#10;&#9;at org.eclipse.jdt.internal.junit4.runner.JUnit4TestReference.run(JUnit4TestReference.java:50)&#13;&#10;&#9;at org.eclipse.jdt.internal.junit.runner.TestExecution.run(TestExecution.java:38)&#13;&#10;&#9;at org.eclipse.jdt.internal.junit.runner.RemoteTestRunner.runTests(RemoteTestRunner.java:467)&#13;&#10;&#9;at org.eclipse.jdt.internal.junit.runner.RemoteTestRunner.runTests(RemoteTestRunner.java:683)&#13;&#10;&#9;at org.eclipse.jdt.internal.junit.runner.RemoteTestRunner.run(RemoteTestRunner.java:390)&#13;&#10;&#9;at org.codecover.juniteclipse.runner.EclipseTestRunner.main(EclipseTestRunner.java:40)" Date="1589513515056" Name="StdDrawTest:testFilledPolygon">
<CovList/>
<AssgnmntList/>
<ObjMetaDataList/>
<MetaDataList/>
</TestCase>
<TestCase Comment="Failure&#10;java.lang.AssertionError: Not yet implemented&#13;&#10;&#9;at org.junit.Assert.fail(Assert.java:88)&#13;&#10;&#9;at StdDrawTest.testGetFont(StdDrawTest.java:157)&#13;&#10;&#9;at sun.reflect.NativeMethodAccessorImpl.invoke0(Native Method)&#13;&#10;&#9;at sun.reflect.NativeMethodAccessorImpl.invoke(Unknown Source)&#13;&#10;&#9;at sun.reflect.DelegatingMethodAccessorImpl.invoke(Unknown Source)&#13;&#10;&#9;at java.lang.reflect.Method.invoke(Unknown Source)&#13;&#10;&#9;at org.junit.runners.model.FrameworkMethod$1.runReflectiveCall(FrameworkMethod.java:47)&#13;&#10;&#9;at org.junit.internal.runners.model.ReflectiveCallable.run(ReflectiveCallable.java:12)&#13;&#10;&#9;at org.junit.runners.model.FrameworkMethod.invokeExplosively(FrameworkMethod.java:44)&#13;&#10;&#9;at org.junit.internal.runners.statements.InvokeMethod.evaluate(InvokeMethod.java:17)&#13;&#10;&#9;at org.junit.runners.ParentRunner.runLeaf(ParentRunner.java:271)&#13;&#10;&#9;at org.junit.runners.BlockJUnit4ClassRunner.runChild(BlockJUnit4ClassRunner.java:70)&#13;&#10;&#9;at org.junit.runners.BlockJUnit4ClassRunner.runChild(BlockJUnit4ClassRunner.java:50)&#13;&#10;&#9;at org.junit.runners.ParentRunner$3.run(ParentRunner.java:238)&#13;&#10;&#9;at org.junit.runners.ParentRunner$1.schedule(ParentRunner.java:63)&#13;&#10;&#9;at org.junit.runners.ParentRunner.runChildren(ParentRunner.java:236)&#13;&#10;&#9;at org.junit.runners.ParentRunner.access$000(ParentRunner.java:53)&#13;&#10;&#9;at org.junit.runners.ParentRunner$2.evaluate(ParentRunner.java:229)&#13;&#10;&#9;at org.junit.runners.ParentRunner.run(ParentRunner.java:309)&#13;&#10;&#9;at org.eclipse.jdt.internal.junit4.runner.JUnit4TestReference.run(JUnit4TestReference.java:50)&#13;&#10;&#9;at org.eclipse.jdt.internal.junit.runner.TestExecution.run(TestExecution.java:38)&#13;&#10;&#9;at org.eclipse.jdt.internal.junit.runner.RemoteTestRunner.runTests(RemoteTestRunner.java:467)&#13;&#10;&#9;at org.eclipse.jdt.internal.junit.runner.RemoteTestRunner.runTests(RemoteTestRunner.java:683)&#13;&#10;&#9;at org.eclipse.jdt.internal.junit.runner.RemoteTestRunner.run(RemoteTestRunner.java:390)&#13;&#10;&#9;at org.codecover.juniteclipse.runner.EclipseTestRunner.main(EclipseTestRunner.java:40)" Date="1589513515058" Name="StdDrawTest:testGetFont">
<CovList/>
<AssgnmntList/>
<ObjMetaDataList/>
<MetaDataList/>
</TestCase>
<TestCase Comment="Failure&#10;java.lang.AssertionError: Not yet implemented&#13;&#10;&#9;at org.junit.Assert.fail(Assert.java:88)&#13;&#10;&#9;at StdDrawTest.testSetCanvasSize(StdDrawTest.java:17)&#13;&#10;&#9;at sun.reflect.NativeMethodAccessorImpl.invoke0(Native Method)&#13;&#10;&#9;at sun.reflect.NativeMethodAccessorImpl.invoke(Unknown Source)&#13;&#10;&#9;at sun.reflect.DelegatingMethodAccessorImpl.invoke(Unknown Source)&#13;&#10;&#9;at java.lang.reflect.Method.invoke(Unknown Source)&#13;&#10;&#9;at org.junit.runners.model.FrameworkMethod$1.runReflectiveCall(FrameworkMethod.java:47)&#13;&#10;&#9;at org.junit.internal.runners.model.ReflectiveCallable.run(ReflectiveCallable.java:12)&#13;&#10;&#9;at org.junit.runners.model.FrameworkMethod.invokeExplosively(FrameworkMethod.java:44)&#13;&#10;&#9;at org.junit.internal.runners.statements.InvokeMethod.evaluate(InvokeMethod.java:17)&#13;&#10;&#9;at org.junit.runners.ParentRunner.runLeaf(ParentRunner.java:271)&#13;&#10;&#9;at org.junit.runners.BlockJUnit4ClassRunner.runChild(BlockJUnit4ClassRunner.java:70)&#13;&#10;&#9;at org.junit.runners.BlockJUnit4ClassRunner.runChild(BlockJUnit4ClassRunner.java:50)&#13;&#10;&#9;at org.junit.runners.ParentRunner$3.run(ParentRunner.java:238)&#13;&#10;&#9;at org.junit.runners.ParentRunner$1.schedule(ParentRunner.java:63)&#13;&#10;&#9;at org.junit.runners.ParentRunner.runChildren(ParentRunner.java:236)&#13;&#10;&#9;at org.junit.runners.ParentRunner.access$000(ParentRunner.java:53)&#13;&#10;&#9;at org.junit.runners.ParentRunner$2.evaluate(ParentRunner.java:229)&#13;&#10;&#9;at org.junit.runners.ParentRunner.run(ParentRunner.java:309)&#13;&#10;&#9;at org.eclipse.jdt.internal.junit4.runner.JUnit4TestReference.run(JUnit4TestReference.java:50)&#13;&#10;&#9;at org.eclipse.jdt.internal.junit.runner.TestExecution.run(TestExecution.java:38)&#13;&#10;&#9;at org.eclipse.jdt.internal.junit.runner.RemoteTestRunner.runTests(RemoteTestRunner.java:467)&#13;&#10;&#9;at org.eclipse.jdt.internal.junit.runner.RemoteTestRunner.runTests(RemoteTestRunner.java:683)&#13;&#10;&#9;at org.eclipse.jdt.internal.junit.runner.RemoteTestRunner.run(RemoteTestRunner.java:390)&#13;&#10;&#9;at org.codecover.juniteclipse.runner.EclipseTestRunner.main(EclipseTestRunner.java:40)" Date="1589513515060" Name="StdDrawTest:testSetCanvasSize">
<CovList/>
<AssgnmntList/>
<ObjMetaDataList/>
<MetaDataList/>
</TestCase>
<TestCase Comment="Failure&#10;java.lang.AssertionError: Not yet implemented&#13;&#10;&#9;at org.junit.Assert.fail(Assert.java:88)&#13;&#10;&#9;at StdDrawTest.testMouseClicked(StdDrawTest.java:347)&#13;&#10;&#9;at sun.reflect.NativeMethodAccessorImpl.invoke0(Native Method)&#13;&#10;&#9;at sun.reflect.NativeMethodAccessorImpl.invoke(Unknown Source)&#13;&#10;&#9;at sun.reflect.DelegatingMethodAccessorImpl.invoke(Unknown Source)&#13;&#10;&#9;at java.lang.reflect.Method.invoke(Unknown Source)&#13;&#10;&#9;at org.junit.runners.model.FrameworkMethod$1.runReflectiveCall(FrameworkMethod.java:47)&#13;&#10;&#9;at org.junit.internal.runners.model.ReflectiveCallable.run(ReflectiveCallable.java:12)&#13;&#10;&#9;at org.junit.runners.model.FrameworkMethod.invokeExplosively(FrameworkMethod.java:44)&#13;&#10;&#9;at org.junit.internal.runners.statements.InvokeMethod.evaluate(InvokeMethod.java:17)&#13;&#10;&#9;at org.junit.runners.ParentRunner.runLeaf(ParentRunner.java:271)&#13;&#10;&#9;at org.junit.runners.BlockJUnit4ClassRunner.runChild(BlockJUnit4ClassRunner.java:70)&#13;&#10;&#9;at org.junit.runners.BlockJUnit4ClassRunner.runChild(BlockJUnit4ClassRunner.java:50)&#13;&#10;&#9;at org.junit.runners.ParentRunner$3.run(ParentRunner.java:238)&#13;&#10;&#9;at org.junit.runners.ParentRunner$1.schedule(ParentRunner.java:63)&#13;&#10;&#9;at org.junit.runners.ParentRunner.runChildren(ParentRunner.java:236)&#13;&#10;&#9;at org.junit.runners.ParentRunner.access$000(ParentRunner.java:53)&#13;&#10;&#9;at org.junit.runners.ParentRunner$2.evaluate(ParentRunner.java:229)&#13;&#10;&#9;at org.junit.runners.ParentRunner.run(ParentRunner.java:309)&#13;&#10;&#9;at org.eclipse.jdt.internal.junit4.runner.JUnit4TestReference.run(JUnit4TestReference.java:50)&#13;&#10;&#9;at org.eclipse.jdt.internal.junit.runner.TestExecution.run(TestExecution.java:38)&#13;&#10;&#9;at org.eclipse.jdt.internal.junit.runner.RemoteTestRunner.runTests(RemoteTestRunner.java:467)&#13;&#10;&#9;at org.eclipse.jdt.internal.junit.runner.RemoteTestRunner.runTests(RemoteTestRunner.java:683)&#13;&#10;&#9;at org.eclipse.jdt.internal.junit.runner.RemoteTestRunner.run(RemoteTestRunner.java:390)&#13;&#10;&#9;at org.codecover.juniteclipse.runner.EclipseTestRunner.main(EclipseTestRunner.java:40)" Date="1589513515062" Name="StdDrawTest:testMouseClicked">
<CovList/>
<AssgnmntList/>
<ObjMetaDataList/>
<MetaDataList/>
</TestCase>
<TestCase Comment="Failure&#10;java.lang.AssertionError: Not yet implemented&#13;&#10;&#9;at org.junit.Assert.fail(Assert.java:88)&#13;&#10;&#9;at StdDrawTest.testTextRight(StdDrawTest.java:282)&#13;&#10;&#9;at sun.reflect.NativeMethodAccessorImpl.invoke0(Native Method)&#13;&#10;&#9;at sun.reflect.NativeMethodAccessorImpl.invoke(Unknown Source)&#13;&#10;&#9;at sun.reflect.DelegatingMethodAccessorImpl.invoke(Unknown Source)&#13;&#10;&#9;at java.lang.reflect.Method.invoke(Unknown Source)&#13;&#10;&#9;at org.junit.runners.model.FrameworkMethod$1.runReflectiveCall(FrameworkMethod.java:47)&#13;&#10;&#9;at org.junit.internal.runners.model.ReflectiveCallable.run(ReflectiveCallable.java:12)&#13;&#10;&#9;at org.junit.runners.model.FrameworkMethod.invokeExplosively(FrameworkMethod.java:44)&#13;&#10;&#9;at org.junit.internal.runners.statements.InvokeMethod.evaluate(InvokeMethod.java:17)&#13;&#10;&#9;at org.junit.runners.ParentRunner.runLeaf(ParentRunner.java:271)&#13;&#10;&#9;at org.junit.runners.BlockJUnit4ClassRunner.runChild(BlockJUnit4ClassRunner.java:70)&#13;&#10;&#9;at org.junit.runners.BlockJUnit4ClassRunner.runChild(BlockJUnit4ClassRunner.java:50)&#13;&#10;&#9;at org.junit.runners.ParentRunner$3.run(ParentRunner.java:238)&#13;&#10;&#9;at org.junit.runners.ParentRunner$1.schedule(ParentRunner.java:63)&#13;&#10;&#9;at org.junit.runners.ParentRunner.runChildren(ParentRunner.java:236)&#13;&#10;&#9;at org.junit.runners.ParentRunner.access$000(ParentRunner.java:53)&#13;&#10;&#9;at org.junit.runners.ParentRunner$2.evaluate(ParentRunner.java:229)&#13;&#10;&#9;at org.junit.runners.ParentRunner.run(ParentRunner.java:309)&#13;&#10;&#9;at org.eclipse.jdt.internal.junit4.runner.JUnit4TestReference.run(JUnit4TestReference.java:50)&#13;&#10;&#9;at org.eclipse.jdt.internal.junit.runner.TestExecution.run(TestExecution.java:38)&#13;&#10;&#9;at org.eclipse.jdt.internal.junit.runner.RemoteTestRunner.runTests(RemoteTestRunner.java:467)&#13;&#10;&#9;at org.eclipse.jdt.internal.junit.runner.RemoteTestRunner.runTests(RemoteTestRunner.java:683)&#13;&#10;&#9;at org.eclipse.jdt.internal.junit.runner.RemoteTestRunner.run(RemoteTestRunner.java:390)&#13;&#10;&#9;at org.codecover.juniteclipse.runner.EclipseTestRunner.main(EclipseTestRunner.java:40)" Date="1589513515064" Name="StdDrawTest:testTextRight">
<CovList/>
<AssgnmntList/>
<ObjMetaDataList/>
<MetaDataList/>
</TestCase>
<TestCase Comment="Failure&#10;java.lang.AssertionError: Not yet implemented&#13;&#10;&#9;at org.junit.Assert.fail(Assert.java:88)&#13;&#10;&#9;at StdDrawTest.testSetScaleDoubleDouble(StdDrawTest.java:77)&#13;&#10;&#9;at sun.reflect.NativeMethodAccessorImpl.invoke0(Native Method)&#13;&#10;&#9;at sun.reflect.NativeMethodAccessorImpl.invoke(Unknown Source)&#13;&#10;&#9;at sun.reflect.DelegatingMethodAccessorImpl.invoke(Unknown Source)&#13;&#10;&#9;at java.lang.reflect.Method.invoke(Unknown Source)&#13;&#10;&#9;at org.junit.runners.model.FrameworkMethod$1.runReflectiveCall(FrameworkMethod.java:47)&#13;&#10;&#9;at org.junit.internal.runners.model.ReflectiveCallable.run(ReflectiveCallable.java:12)&#13;&#10;&#9;at org.junit.runners.model.FrameworkMethod.invokeExplosively(FrameworkMethod.java:44)&#13;&#10;&#9;at org.junit.internal.runners.statements.InvokeMethod.evaluate(InvokeMethod.java:17)&#13;&#10;&#9;at org.junit.runners.ParentRunner.runLeaf(ParentRunner.java:271)&#13;&#10;&#9;at org.junit.runners.BlockJUnit4ClassRunner.runChild(BlockJUnit4ClassRunner.java:70)&#13;&#10;&#9;at org.junit.runners.BlockJUnit4ClassRunner.runChild(BlockJUnit4ClassRunner.java:50)&#13;&#10;&#9;at org.junit.runners.ParentRunner$3.run(ParentRunner.java:238)&#13;&#10;&#9;at org.junit.runners.ParentRunner$1.schedule(ParentRunner.java:63)&#13;&#10;&#9;at org.junit.runners.ParentRunner.runChildren(ParentRunner.java:236)&#13;&#10;&#9;at org.junit.runners.ParentRunner.access$000(ParentRunner.java:53)&#13;&#10;&#9;at org.junit.runners.ParentRunner$2.evaluate(ParentRunner.java:229)&#13;&#10;&#9;at org.junit.runners.ParentRunner.run(ParentRunner.java:309)&#13;&#10;&#9;at org.eclipse.jdt.internal.junit4.runner.JUnit4TestReference.run(JUnit4TestReference.java:50)&#13;&#10;&#9;at org.eclipse.jdt.internal.junit.runner.TestExecution.run(TestExecution.java:38)&#13;&#10;&#9;at org.eclipse.jdt.internal.junit.runner.RemoteTestRunner.runTests(RemoteTestRunner.java:467)&#13;&#10;&#9;at org.eclipse.jdt.internal.junit.runner.RemoteTestRunner.runTests(RemoteTestRunner.java:683)&#13;&#10;&#9;at org.eclipse.jdt.internal.junit.runner.RemoteTestRunner.run(RemoteTestRunner.java:390)&#13;&#10;&#9;at org.codecover.juniteclipse.runner.EclipseTestRunner.main(EclipseTestRunner.java:40)" Date="1589513515067" Name="StdDrawTest:testSetScaleDoubleDouble">
<CovList/>
<AssgnmntList/>
<ObjMetaDataList/>
<MetaDataList/>
</TestCase>
<TestCase Comment="Failure&#10;java.lang.AssertionError: Not yet implemented&#13;&#10;&#9;at org.junit.Assert.fail(Assert.java:88)&#13;&#10;&#9;at StdDrawTest.testIsMousePressed(StdDrawTest.java:327)&#13;&#10;&#9;at sun.reflect.NativeMethodAccessorImpl.invoke0(Native Method)&#13;&#10;&#9;at sun.reflect.NativeMethodAccessorImpl.invoke(Unknown Source)&#13;&#10;&#9;at sun.reflect.DelegatingMethodAccessorImpl.invoke(Unknown Source)&#13;&#10;&#9;at java.lang.reflect.Method.invoke(Unknown Source)&#13;&#10;&#9;at org.junit.runners.model.FrameworkMethod$1.runReflectiveCall(FrameworkMethod.java:47)&#13;&#10;&#9;at org.junit.internal.runners.model.ReflectiveCallable.run(ReflectiveCallable.java:12)&#13;&#10;&#9;at org.junit.runners.model.FrameworkMethod.invokeExplosively(FrameworkMethod.java:44)&#13;&#10;&#9;at org.junit.internal.runners.statements.InvokeMethod.evaluate(InvokeMethod.java:17)&#13;&#10;&#9;at org.junit.runners.ParentRunner.runLeaf(ParentRunner.java:271)&#13;&#10;&#9;at org.junit.runners.BlockJUnit4ClassRunner.runChild(BlockJUnit4ClassRunner.java:70)&#13;&#10;&#9;at org.junit.runners.BlockJUnit4ClassRunner.runChild(BlockJUnit4ClassRunner.java:50)&#13;&#10;&#9;at org.junit.runners.ParentRunner$3.run(ParentRunner.java:238)&#13;&#10;&#9;at org.junit.runners.ParentRunner$1.schedule(ParentRunner.java:63)&#13;&#10;&#9;at org.junit.runners.ParentRunner.runChildren(ParentRunner.java:236)&#13;&#10;&#9;at org.junit.runners.ParentRunner.access$000(ParentRunner.java:53)&#13;&#10;&#9;at org.junit.runners.ParentRunner$2.evaluate(ParentRunner.java:229)&#13;&#10;&#9;at org.junit.runners.ParentRunner.run(ParentRunner.java:309)&#13;&#10;&#9;at org.eclipse.jdt.internal.junit4.runner.JUnit4TestReference.run(JUnit4TestReference.java:50)&#13;&#10;&#9;at org.eclipse.jdt.internal.junit.runner.TestExecution.run(TestExecution.java:38)&#13;&#10;&#9;at org.eclipse.jdt.internal.junit.runner.RemoteTestRunner.runTests(RemoteTestRunner.java:467)&#13;&#10;&#9;at org.eclipse.jdt.internal.junit.runner.RemoteTestRunner.runTests(RemoteTestRunner.java:683)&#13;&#10;&#9;at org.eclipse.jdt.internal.junit.runner.RemoteTestRunner.run(RemoteTestRunner.java:390)&#13;&#10;&#9;at org.codecover.juniteclipse.runner.EclipseTestRunner.main(EclipseTestRunner.java:40)" Date="1589513515069" Name="StdDrawTest:testIsMousePressed">
<CovList/>
<AssgnmntList/>
<ObjMetaDataList/>
<MetaDataList/>
</TestCase>
<TestCase Comment="Failure&#10;java.lang.AssertionError: Not yet implemented&#13;&#10;&#9;at org.junit.Assert.fail(Assert.java:88)&#13;&#10;&#9;at StdDrawTest.testPictureDoubleDoubleStringDoubleDoubleDouble(StdDrawTest.java:262)&#13;&#10;&#9;at sun.reflect.NativeMethodAccessorImpl.invoke0(Native Method)&#13;&#10;&#9;at sun.reflect.NativeMethodAccessorImpl.invoke(Unknown Source)&#13;&#10;&#9;at sun.reflect.DelegatingMethodAccessorImpl.invoke(Unknown Source)&#13;&#10;&#9;at java.lang.reflect.Method.invoke(Unknown Source)&#13;&#10;&#9;at org.junit.runners.model.FrameworkMethod$1.runReflectiveCall(FrameworkMethod.java:47)&#13;&#10;&#9;at org.junit.internal.runners.model.ReflectiveCallable.run(ReflectiveCallable.java:12)&#13;&#10;&#9;at org.junit.runners.model.FrameworkMethod.invokeExplosively(FrameworkMethod.java:44)&#13;&#10;&#9;at org.junit.internal.runners.statements.InvokeMethod.evaluate(InvokeMethod.java:17)&#13;&#10;&#9;at org.junit.runners.ParentRunner.runLeaf(ParentRunner.java:271)&#13;&#10;&#9;at org.junit.runners.BlockJUnit4ClassRunner.runChild(BlockJUnit4ClassRunner.java:70)&#13;&#10;&#9;at org.junit.runners.BlockJUnit4ClassRunner.runChild(BlockJUnit4ClassRunner.java:50)&#13;&#10;&#9;at org.junit.runners.ParentRunner$3.run(ParentRunner.java:238)&#13;&#10;&#9;at org.junit.runners.ParentRunner$1.schedule(ParentRunner.java:63)&#13;&#10;&#9;at org.junit.runners.ParentRunner.runChildren(ParentRunner.java:236)&#13;&#10;&#9;at org.junit.runners.ParentRunner.access$000(ParentRunner.java:53)&#13;&#10;&#9;at org.junit.runners.ParentRunner$2.evaluate(ParentRunner.java:229)&#13;&#10;&#9;at org.junit.runners.ParentRunner.run(ParentRunner.java:309)&#13;&#10;&#9;at org.eclipse.jdt.internal.junit4.runner.JUnit4TestReference.run(JUnit4TestReference.java:50)&#13;&#10;&#9;at org.eclipse.jdt.internal.junit.runner.TestExecution.run(TestExecution.java:38)&#13;&#10;&#9;at org.eclipse.jdt.internal.junit.runner.RemoteTestRunner.runTests(RemoteTestRunner.java:467)&#13;&#10;&#9;at org.eclipse.jdt.internal.junit.runner.RemoteTestRunner.runTests(RemoteTestRunner.java:683)&#13;&#10;&#9;at org.eclipse.jdt.internal.junit.runner.RemoteTestRunner.run(RemoteTestRunner.java:390)&#13;&#10;&#9;at org.codecover.juniteclipse.runner.EclipseTestRunner.main(EclipseTestRunner.java:40)" Date="1589513515072" Name="StdDrawTest:testPictureDoubleDoubleStringDoubleDoubleDouble">
<CovList/>
<AssgnmntList/>
<ObjMetaDataList/>
<MetaDataList/>
</TestCase>
<TestCase Comment="Failure&#10;java.lang.AssertionError: Not yet implemented&#13;&#10;&#9;at org.junit.Assert.fail(Assert.java:88)&#13;&#10;&#9;at StdDrawTest.testSetXscaleDoubleDouble(StdDrawTest.java:67)&#13;&#10;&#9;at sun.reflect.NativeMethodAccessorImpl.invoke0(Native Method)&#13;&#10;&#9;at sun.reflect.NativeMethodAccessorImpl.invoke(Unknown Source)&#13;&#10;&#9;at sun.reflect.DelegatingMethodAccessorImpl.invoke(Unknown Source)&#13;&#10;&#9;at java.lang.reflect.Method.invoke(Unknown Source)&#13;&#10;&#9;at org.junit.runners.model.FrameworkMethod$1.runReflectiveCall(FrameworkMethod.java:47)&#13;&#10;&#9;at org.junit.internal.runners.model.ReflectiveCallable.run(ReflectiveCallable.java:12)&#13;&#10;&#9;at org.junit.runners.model.FrameworkMethod.invokeExplosively(FrameworkMethod.java:44)&#13;&#10;&#9;at org.junit.internal.runners.statements.InvokeMethod.evaluate(InvokeMethod.java:17)&#13;&#10;&#9;at org.junit.runners.ParentRunner.runLeaf(ParentRunner.java:271)&#13;&#10;&#9;at org.junit.runners.BlockJUnit4ClassRunner.runChild(BlockJUnit4ClassRunner.java:70)&#13;&#10;&#9;at org.junit.runners.BlockJUnit4ClassRunner.runChild(BlockJUnit4ClassRunner.java:50)&#13;&#10;&#9;at org.junit.runners.ParentRunner$3.run(ParentRunner.java:238)&#13;&#10;&#9;at org.junit.runners.ParentRunner$1.schedule(ParentRunner.java:63)&#13;&#10;&#9;at org.junit.runners.ParentRunner.runChildren(ParentRunner.java:236)&#13;&#10;&#9;at org.junit.runners.ParentRunner.access$000(ParentRunner.java:53)&#13;&#10;&#9;at org.junit.runners.ParentRunner$2.evaluate(ParentRunner.java:229)&#13;&#10;&#9;at org.junit.runners.ParentRunner.run(ParentRunner.java:309)&#13;&#10;&#9;at org.eclipse.jdt.internal.junit4.runner.JUnit4TestReference.run(JUnit4TestReference.java:50)&#13;&#10;&#9;at org.eclipse.jdt.internal.junit.runner.TestExecution.run(TestExecution.java:38)&#13;&#10;&#9;at org.eclipse.jdt.internal.junit.runner.RemoteTestRunner.runTests(RemoteTestRunner.java:467)&#13;&#10;&#9;at org.eclipse.jdt.internal.junit.runner.RemoteTestRunner.runTests(RemoteTestRunner.java:683)&#13;&#10;&#9;at org.eclipse.jdt.internal.junit.runner.RemoteTestRunner.run(RemoteTestRunner.java:390)&#13;&#10;&#9;at org.codecover.juniteclipse.runner.EclipseTestRunner.main(EclipseTestRunner.java:40)" Date="1589513515074" Name="StdDrawTest:testSetXscaleDoubleDouble">
<CovList/>
<AssgnmntList/>
<ObjMetaDataList/>
<MetaDataList/>
</TestCase>
<TestCase Comment="Failure&#10;java.lang.AssertionError: Not yet implemented&#13;&#10;&#9;at org.junit.Assert.fail(Assert.java:88)&#13;&#10;&#9;at StdDrawTest.testTextLeft(StdDrawTest.java:277)&#13;&#10;&#9;at sun.reflect.NativeMethodAccessorImpl.invoke0(Native Method)&#13;&#10;&#9;at sun.reflect.NativeMethodAccessorImpl.invoke(Unknown Source)&#13;&#10;&#9;at sun.reflect.DelegatingMethodAccessorImpl.invoke(Unknown Source)&#13;&#10;&#9;at java.lang.reflect.Method.invoke(Unknown Source)&#13;&#10;&#9;at org.junit.runners.model.FrameworkMethod$1.runReflectiveCall(FrameworkMethod.java:47)&#13;&#10;&#9;at org.junit.internal.runners.model.ReflectiveCallable.run(ReflectiveCallable.java:12)&#13;&#10;&#9;at org.junit.runners.model.FrameworkMethod.invokeExplosively(FrameworkMethod.java:44)&#13;&#10;&#9;at org.junit.internal.runners.statements.InvokeMethod.evaluate(InvokeMethod.java:17)&#13;&#10;&#9;at org.junit.runners.ParentRunner.runLeaf(ParentRunner.java:271)&#13;&#10;&#9;at org.junit.runners.BlockJUnit4ClassRunner.runChild(BlockJUnit4ClassRunner.java:70)&#13;&#10;&#9;at org.junit.runners.BlockJUnit4ClassRunner.runChild(BlockJUnit4ClassRunner.java:50)&#13;&#10;&#9;at org.junit.runners.ParentRunner$3.run(ParentRunner.java:238)&#13;&#10;&#9;at org.junit.runners.ParentRunner$1.schedule(ParentRunner.java:63)&#13;&#10;&#9;at org.junit.runners.ParentRunner.runChildren(ParentRunner.java:236)&#13;&#10;&#9;at org.junit.runners.ParentRunner.access$000(ParentRunner.java:53)&#13;&#10;&#9;at org.junit.runners.ParentRunner$2.evaluate(ParentRunner.java:229)&#13;&#10;&#9;at org.junit.runners.ParentRunner.run(ParentRunner.java:309)&#13;&#10;&#9;at org.eclipse.jdt.internal.junit4.runner.JUnit4TestReference.run(JUnit4TestReference.java:50)&#13;&#10;&#9;at org.eclipse.jdt.internal.junit.runner.TestExecution.run(TestExecution.java:38)&#13;&#10;&#9;at org.eclipse.jdt.internal.junit.runner.RemoteTestRunner.runTests(RemoteTestRunner.java:467)&#13;&#10;&#9;at org.eclipse.jdt.internal.junit.runner.RemoteTestRunner.runTests(RemoteTestRunner.java:683)&#13;&#10;&#9;at org.eclipse.jdt.internal.junit.runner.RemoteTestRunner.run(RemoteTestRunner.java:390)&#13;&#10;&#9;at org.codecover.juniteclipse.runner.EclipseTestRunner.main(EclipseTestRunner.java:40)" Date="1589513515076" Name="StdDrawTest:testTextLeft">
<CovList>
<CovPrefix CovItemPrefix="Draw.java">
<Cov CovItemId="S542" Value="1"/>
</CovPrefix>
</CovList>
<AssgnmntList/>
<ObjMetaDataList/>
<MetaDataList/>
</TestCase>
<TestCase Comment="Failure&#10;java.lang.AssertionError: Not yet implemented&#13;&#10;&#9;at org.junit.Assert.fail(Assert.java:88)&#13;&#10;&#9;at StdDrawTest.testMouseExited(StdDrawTest.java:357)&#13;&#10;&#9;at sun.reflect.NativeMethodAccessorImpl.invoke0(Native Method)&#13;&#10;&#9;at sun.reflect.NativeMethodAccessorImpl.invoke(Unknown Source)&#13;&#10;&#9;at sun.reflect.DelegatingMethodAccessorImpl.invoke(Unknown Source)&#13;&#10;&#9;at java.lang.reflect.Method.invoke(Unknown Source)&#13;&#10;&#9;at org.junit.runners.model.FrameworkMethod$1.runReflectiveCall(FrameworkMethod.java:47)&#13;&#10;&#9;at org.junit.internal.runners.model.ReflectiveCallable.run(ReflectiveCallable.java:12)&#13;&#10;&#9;at org.junit.runners.model.FrameworkMethod.invokeExplosively(FrameworkMethod.java:44)&#13;&#10;&#9;at org.junit.internal.runners.statements.InvokeMethod.evaluate(InvokeMethod.java:17)&#13;&#10;&#9;at org.junit.runners.ParentRunner.runLeaf(ParentRunner.java:271)&#13;&#10;&#9;at org.junit.runners.BlockJUnit4ClassRunner.runChild(BlockJUnit4ClassRunner.java:70)&#13;&#10;&#9;at org.junit.runners.BlockJUnit4ClassRunner.runChild(BlockJUnit4ClassRunner.java:50)&#13;&#10;&#9;at org.junit.runners.ParentRunner$3.run(ParentRunner.java:238)&#13;&#10;&#9;at org.junit.runners.ParentRunner$1.schedule(ParentRunner.java:63)&#13;&#10;&#9;at org.junit.runners.ParentRunner.runChildren(ParentRunner.java:236)&#13;&#10;&#9;at org.junit.runners.ParentRunner.access$000(ParentRunner.java:53)&#13;&#10;&#9;at org.junit.runners.ParentRunner$2.evaluate(ParentRunner.java:229)&#13;&#10;&#9;at org.junit.runners.ParentRunner.run(ParentRunner.java:309)&#13;&#10;&#9;at org.eclipse.jdt.internal.junit4.runner.JUnit4TestReference.run(JUnit4TestReference.java:50)&#13;&#10;&#9;at org.eclipse.jdt.internal.junit.runner.TestExecution.run(TestExecution.java:38)&#13;&#10;&#9;at org.eclipse.jdt.internal.junit.runner.RemoteTestRunner.runTests(RemoteTestRunner.java:467)&#13;&#10;&#9;at org.eclipse.jdt.internal.junit.runner.RemoteTestRunner.runTests(RemoteTestRunner.java:683)&#13;&#10;&#9;at org.eclipse.jdt.internal.junit.runner.RemoteTestRunner.run(RemoteTestRunner.java:390)&#13;&#10;&#9;at org.codecover.juniteclipse.runner.EclipseTestRunner.main(EclipseTestRunner.java:40)" Date="1589513515078" Name="StdDrawTest:testMouseExited">
<CovList/>
<AssgnmntList/>
<ObjMetaDataList/>
<MetaDataList/>
</TestCase>
<TestCase Comment="Failure&#10;java.lang.AssertionError: Not yet implemented&#13;&#10;&#9;at org.junit.Assert.fail(Assert.java:88)&#13;&#10;&#9;at StdDrawTest.testPictureDoubleDoubleString(StdDrawTest.java:247)&#13;&#10;&#9;at sun.reflect.NativeMethodAccessorImpl.invoke0(Native Method)&#13;&#10;&#9;at sun.reflect.NativeMethodAccessorImpl.invoke(Unknown Source)&#13;&#10;&#9;at sun.reflect.DelegatingMethodAccessorImpl.invoke(Unknown Source)&#13;&#10;&#9;at java.lang.reflect.Method.invoke(Unknown Source)&#13;&#10;&#9;at org.junit.runners.model.FrameworkMethod$1.runReflectiveCall(FrameworkMethod.java:47)&#13;&#10;&#9;at org.junit.internal.runners.model.ReflectiveCallable.run(ReflectiveCallable.java:12)&#13;&#10;&#9;at org.junit.runners.model.FrameworkMethod.invokeExplosively(FrameworkMethod.java:44)&#13;&#10;&#9;at org.junit.internal.runners.statements.InvokeMethod.evaluate(InvokeMethod.java:17)&#13;&#10;&#9;at org.junit.runners.ParentRunner.runLeaf(ParentRunner.java:271)&#13;&#10;&#9;at org.junit.runners.BlockJUnit4ClassRunner.runChild(BlockJUnit4ClassRunner.java:70)&#13;&#10;&#9;at org.junit.runners.BlockJUnit4ClassRunner.runChild(BlockJUnit4ClassRunner.java:50)&#13;&#10;&#9;at org.junit.runners.ParentRunner$3.run(ParentRunner.java:238)&#13;&#10;&#9;at org.junit.runners.ParentRunner$1.schedule(ParentRunner.java:63)&#13;&#10;&#9;at org.junit.runners.ParentRunner.runChildren(ParentRunner.java:236)&#13;&#10;&#9;at org.junit.runners.ParentRunner.access$000(ParentRunner.java:53)&#13;&#10;&#9;at org.junit.runners.ParentRunner$2.evaluate(ParentRunner.java:229)&#13;&#10;&#9;at org.junit.runners.ParentRunner.run(ParentRunner.java:309)&#13;&#10;&#9;at org.eclipse.jdt.internal.junit4.runner.JUnit4TestReference.run(JUnit4TestReference.java:50)&#13;&#10;&#9;at org.eclipse.jdt.internal.junit.runner.TestExecution.run(TestExecution.java:38)&#13;&#10;&#9;at org.eclipse.jdt.internal.junit.runner.RemoteTestRunner.runTests(RemoteTestRunner.java:467)&#13;&#10;&#9;at org.eclipse.jdt.internal.junit.runner.RemoteTestRunner.runTests(RemoteTestRunner.java:683)&#13;&#10;&#9;at org.eclipse.jdt.internal.junit.runner.RemoteTestRunner.run(RemoteTestRunner.java:390)&#13;&#10;&#9;at org.codecover.juniteclipse.runner.EclipseTestRunner.main(EclipseTestRunner.java:40)" Date="1589513515081" Name="StdDrawTest:testPictureDoubleDoubleString">
<CovList/>
<AssgnmntList/>
<ObjMetaDataList/>
<MetaDataList/>
</TestCase>
<TestCase Comment="Failure&#10;java.lang.AssertionError: Not yet implemented&#13;&#10;&#9;at org.junit.Assert.fail(Assert.java:88)&#13;&#10;&#9;at StdDrawTest.testTextDoubleDoubleString(StdDrawTest.java:267)&#13;&#10;&#9;at sun.reflect.NativeMethodAccessorImpl.invoke0(Native Method)&#13;&#10;&#9;at sun.reflect.NativeMethodAccessorImpl.invoke(Unknown Source)&#13;&#10;&#9;at sun.reflect.DelegatingMethodAccessorImpl.invoke(Unknown Source)&#13;&#10;&#9;at java.lang.reflect.Method.invoke(Unknown Source)&#13;&#10;&#9;at org.junit.runners.model.FrameworkMethod$1.runReflectiveCall(FrameworkMethod.java:47)&#13;&#10;&#9;at org.junit.internal.runners.model.ReflectiveCallable.run(ReflectiveCallable.java:12)&#13;&#10;&#9;at org.junit.runners.model.FrameworkMethod.invokeExplosively(FrameworkMethod.java:44)&#13;&#10;&#9;at org.junit.internal.runners.statements.InvokeMethod.evaluate(InvokeMethod.java:17)&#13;&#10;&#9;at org.junit.runners.ParentRunner.runLeaf(ParentRunner.java:271)&#13;&#10;&#9;at org.junit.runners.BlockJUnit4ClassRunner.runChild(BlockJUnit4ClassRunner.java:70)&#13;&#10;&#9;at org.junit.runners.BlockJUnit4ClassRunner.runChild(BlockJUnit4ClassRunner.java:50)&#13;&#10;&#9;at org.junit.runners.ParentRunner$3.run(ParentRunner.java:238)&#13;&#10;&#9;at org.junit.runners.ParentRunner$1.schedule(ParentRunner.java:63)&#13;&#10;&#9;at org.junit.runners.ParentRunner.runChildren(ParentRunner.java:236)&#13;&#10;&#9;at org.junit.runners.ParentRunner.access$000(ParentRunner.java:53)&#13;&#10;&#9;at org.junit.runners.ParentRunner$2.evaluate(ParentRunner.java:229)&#13;&#10;&#9;at org.junit.runners.ParentRunner.run(ParentRunner.java:309)&#13;&#10;&#9;at org.eclipse.jdt.internal.junit4.runner.JUnit4TestReference.run(JUnit4TestReference.java:50)&#13;&#10;&#9;at org.eclipse.jdt.internal.junit.runner.TestExecution.run(TestExecution.java:38)&#13;&#10;&#9;at org.eclipse.jdt.internal.junit.runner.RemoteTestRunner.runTests(RemoteTestRunner.java:467)&#13;&#10;&#9;at org.eclipse.jdt.internal.junit.runner.RemoteTestRunner.runTests(RemoteTestRunner.java:683)&#13;&#10;&#9;at org.eclipse.jdt.internal.junit.runner.RemoteTestRunner.run(RemoteTestRunner.java:390)&#13;&#10;&#9;at org.codecover.juniteclipse.runner.EclipseTestRunner.main(EclipseTestRunner.java:40)" Date="1589513515084" Name="StdDrawTest:testTextDoubleDoubleString">
<CovList/>
<AssgnmntList/>
<ObjMetaDataList/>
<MetaDataList/>
</TestCase>
<TestCase Comment="Failure&#10;java.lang.AssertionError: Not yet implemented&#13;&#10;&#9;at org.junit.Assert.fail(Assert.java:88)&#13;&#10;&#9;at StdDrawTest.testMouseMoved(StdDrawTest.java:377)&#13;&#10;&#9;at sun.reflect.NativeMethodAccessorImpl.invoke0(Native Method)&#13;&#10;&#9;at sun.reflect.NativeMethodAccessorImpl.invoke(Unknown Source)&#13;&#10;&#9;at sun.reflect.DelegatingMethodAccessorImpl.invoke(Unknown Source)&#13;&#10;&#9;at java.lang.reflect.Method.invoke(Unknown Source)&#13;&#10;&#9;at org.junit.runners.model.FrameworkMethod$1.runReflectiveCall(FrameworkMethod.java:47)&#13;&#10;&#9;at org.junit.internal.runners.model.ReflectiveCallable.run(ReflectiveCallable.java:12)&#13;&#10;&#9;at org.junit.runners.model.FrameworkMethod.invokeExplosively(FrameworkMethod.java:44)&#13;&#10;&#9;at org.junit.internal.runners.statements.InvokeMethod.evaluate(InvokeMethod.java:17)&#13;&#10;&#9;at org.junit.runners.ParentRunner.runLeaf(ParentRunner.java:271)&#13;&#10;&#9;at org.junit.runners.BlockJUnit4ClassRunner.runChild(BlockJUnit4ClassRunner.java:70)&#13;&#10;&#9;at org.junit.runners.BlockJUnit4ClassRunner.runChild(BlockJUnit4ClassRunner.java:50)&#13;&#10;&#9;at org.junit.runners.ParentRunner$3.run(ParentRunner.java:238)&#13;&#10;&#9;at org.junit.runners.ParentRunner$1.schedule(ParentRunner.java:63)&#13;&#10;&#9;at org.junit.runners.ParentRunner.runChildren(ParentRunner.java:236)&#13;&#10;&#9;at org.junit.runners.ParentRunner.access$000(ParentRunner.java:53)&#13;&#10;&#9;at org.junit.runners.ParentRunner$2.evaluate(ParentRunner.java:229)&#13;&#10;&#9;at org.junit.runners.ParentRunner.run(ParentRunner.java:309)&#13;&#10;&#9;at org.eclipse.jdt.internal.junit4.runner.JUnit4TestReference.run(JUnit4TestReference.java:50)&#13;&#10;&#9;at org.eclipse.jdt.internal.junit.runner.TestExecution.run(TestExecution.java:38)&#13;&#10;&#9;at org.eclipse.jdt.internal.junit.runner.RemoteTestRunner.runTests(RemoteTestRunner.java:467)&#13;&#10;&#9;at org.eclipse.jdt.internal.junit.runner.RemoteTestRunner.runTests(RemoteTestRunner.java:683)&#13;&#10;&#9;at org.eclipse.jdt.internal.junit.runner.RemoteTestRunner.run(RemoteTestRunner.java:390)&#13;&#10;&#9;at org.codecover.juniteclipse.runner.EclipseTestRunner.main(EclipseTestRunner.java:40)" Date="1589513515085" Name="StdDrawTest:testMouseMoved">
<CovList/>
<AssgnmntList/>
<ObjMetaDataList/>
<MetaDataList/>
</TestCase>
<TestCase Comment="Failure&#10;java.lang.AssertionError: Not yet implemented&#13;&#10;&#9;at org.junit.Assert.fail(Assert.java:88)&#13;&#10;&#9;at StdDrawTest.testHasNextKeyTyped(StdDrawTest.java:382)&#13;&#10;&#9;at sun.reflect.NativeMethodAccessorImpl.invoke0(Native Method)&#13;&#10;&#9;at sun.reflect.NativeMethodAccessorImpl.invoke(Unknown Source)&#13;&#10;&#9;at sun.reflect.DelegatingMethodAccessorImpl.invoke(Unknown Source)&#13;&#10;&#9;at java.lang.reflect.Method.invoke(Unknown Source)&#13;&#10;&#9;at org.junit.runners.model.FrameworkMethod$1.runReflectiveCall(FrameworkMethod.java:47)&#13;&#10;&#9;at org.junit.internal.runners.model.ReflectiveCallable.run(ReflectiveCallable.java:12)&#13;&#10;&#9;at org.junit.runners.model.FrameworkMethod.invokeExplosively(FrameworkMethod.java:44)&#13;&#10;&#9;at org.junit.internal.runners.statements.InvokeMethod.evaluate(InvokeMethod.java:17)&#13;&#10;&#9;at org.junit.runners.ParentRunner.runLeaf(ParentRunner.java:271)&#13;&#10;&#9;at org.junit.runners.BlockJUnit4ClassRunner.runChild(BlockJUnit4ClassRunner.java:70)&#13;&#10;&#9;at org.junit.runners.BlockJUnit4ClassRunner.runChild(BlockJUnit4ClassRunner.java:50)&#13;&#10;&#9;at org.junit.runners.ParentRunner$3.run(ParentRunner.java:238)&#13;&#10;&#9;at org.junit.runners.ParentRunner$1.schedule(ParentRunner.java:63)&#13;&#10;&#9;at org.junit.runners.ParentRunner.runChildren(ParentRunner.java:236)&#13;&#10;&#9;at org.junit.runners.ParentRunner.access$000(ParentRunner.java:53)&#13;&#10;&#9;at org.junit.runners.ParentRunner$2.evaluate(ParentRunner.java:229)&#13;&#10;&#9;at org.junit.runners.ParentRunner.run(ParentRunner.java:309)&#13;&#10;&#9;at org.eclipse.jdt.internal.junit4.runner.JUnit4TestReference.run(JUnit4TestReference.java:50)&#13;&#10;&#9;at org.eclipse.jdt.internal.junit.runner.TestExecution.run(TestExecution.java:38)&#13;&#10;&#9;at org.eclipse.jdt.internal.junit.runner.RemoteTestRunner.runTests(RemoteTestRunner.java:467)&#13;&#10;&#9;at org.eclipse.jdt.internal.junit.runner.RemoteTestRunner.runTests(RemoteTestRunner.java:683)&#13;&#10;&#9;at org.eclipse.jdt.internal.junit.runner.RemoteTestRunner.run(RemoteTestRunner.java:390)&#13;&#10;&#9;at org.codecover.juniteclipse.runner.EclipseTestRunner.main(EclipseTestRunner.java:40)" Date="1589513515086" Name="StdDrawTest:testHasNextKeyTyped">
<CovList/>
<AssgnmntList/>
<ObjMetaDataList/>
<MetaDataList/>
</TestCase>
<TestCase Comment="Failure&#10;java.lang.AssertionError: Not yet implemented&#13;&#10;&#9;at org.junit.Assert.fail(Assert.java:88)&#13;&#10;&#9;at StdDrawTest.testFilledCircle(StdDrawTest.java:192)&#13;&#10;&#9;at sun.reflect.NativeMethodAccessorImpl.invoke0(Native Method)&#13;&#10;&#9;at sun.reflect.NativeMethodAccessorImpl.invoke(Unknown Source)&#13;&#10;&#9;at sun.reflect.DelegatingMethodAccessorImpl.invoke(Unknown Source)&#13;&#10;&#9;at java.lang.reflect.Method.invoke(Unknown Source)&#13;&#10;&#9;at org.junit.runners.model.FrameworkMethod$1.runReflectiveCall(FrameworkMethod.java:47)&#13;&#10;&#9;at org.junit.internal.runners.model.ReflectiveCallable.run(ReflectiveCallable.java:12)&#13;&#10;&#9;at org.junit.runners.model.FrameworkMethod.invokeExplosively(FrameworkMethod.java:44)&#13;&#10;&#9;at org.junit.internal.runners.statements.InvokeMethod.evaluate(InvokeMethod.java:17)&#13;&#10;&#9;at org.junit.runners.ParentRunner.runLeaf(ParentRunner.java:271)&#13;&#10;&#9;at org.junit.runners.BlockJUnit4ClassRunner.runChild(BlockJUnit4ClassRunner.java:70)&#13;&#10;&#9;at org.junit.runners.BlockJUnit4ClassRunner.runChild(BlockJUnit4ClassRunner.java:50)&#13;&#10;&#9;at org.junit.runners.ParentRunner$3.run(ParentRunner.java:238)&#13;&#10;&#9;at org.junit.runners.ParentRunner$1.schedule(ParentRunner.java:63)&#13;&#10;&#9;at org.junit.runners.ParentRunner.runChildren(ParentRunner.java:236)&#13;&#10;&#9;at org.junit.runners.ParentRunner.access$000(ParentRunner.java:53)&#13;&#10;&#9;at org.junit.runners.ParentRunner$2.evaluate(ParentRunner.java:229)&#13;&#10;&#9;at org.junit.runners.ParentRunner.run(ParentRunner.java:309)&#13;&#10;&#9;at org.eclipse.jdt.internal.junit4.runner.JUnit4TestReference.run(JUnit4TestReference.java:50)&#13;&#10;&#9;at org.eclipse.jdt.internal.junit.runner.TestExecution.run(TestExecution.java:38)&#13;&#10;&#9;at org.eclipse.jdt.internal.junit.runner.RemoteTestRunner.runTests(RemoteTestRunner.java:467)&#13;&#10;&#9;at org.eclipse.jdt.internal.junit.runner.RemoteTestRunner.runTests(RemoteTestRunner.java:683)&#13;&#10;&#9;at org.eclipse.jdt.internal.junit.runner.RemoteTestRunner.run(RemoteTestRunner.java:390)&#13;&#10;&#9;at org.codecover.juniteclipse.runner.EclipseTestRunner.main(EclipseTestRunner.java:40)" Date="1589513515088" Name="StdDrawTest:testFilledCircle">
<CovList/>
<AssgnmntList/>
<ObjMetaDataList/>
<MetaDataList/>
</TestCase>
<TestCase Comment="Failure&#10;java.lang.AssertionError: Not yet implemented&#13;&#10;&#9;at org.junit.Assert.fail(Assert.java:88)&#13;&#10;&#9;at StdDrawTest.testNextKeyTyped(StdDrawTest.java:387)&#13;&#10;&#9;at sun.reflect.NativeMethodAccessorImpl.invoke0(Native Method)&#13;&#10;&#9;at sun.reflect.NativeMethodAccessorImpl.invoke(Unknown Source)&#13;&#10;&#9;at sun.reflect.DelegatingMethodAccessorImpl.invoke(Unknown Source)&#13;&#10;&#9;at java.lang.reflect.Method.invoke(Unknown Source)&#13;&#10;&#9;at org.junit.runners.model.FrameworkMethod$1.runReflectiveCall(FrameworkMethod.java:47)&#13;&#10;&#9;at org.junit.internal.runners.model.ReflectiveCallable.run(ReflectiveCallable.java:12)&#13;&#10;&#9;at org.junit.runners.model.FrameworkMethod.invokeExplosively(FrameworkMethod.java:44)&#13;&#10;&#9;at org.junit.internal.runners.statements.InvokeMethod.evaluate(InvokeMethod.java:17)&#13;&#10;&#9;at org.junit.runners.ParentRunner.runLeaf(ParentRunner.java:271)&#13;&#10;&#9;at org.junit.runners.BlockJUnit4ClassRunner.runChild(BlockJUnit4ClassRunner.java:70)&#13;&#10;&#9;at org.junit.runners.BlockJUnit4ClassRunner.runChild(BlockJUnit4ClassRunner.java:50)&#13;&#10;&#9;at org.junit.runners.ParentRunner$3.run(ParentRunner.java:238)&#13;&#10;&#9;at org.junit.runners.ParentRunner$1.schedule(ParentRunner.java:63)&#13;&#10;&#9;at org.junit.runners.ParentRunner.runChildren(ParentRunner.java:236)&#13;&#10;&#9;at org.junit.runners.ParentRunner.access$000(ParentRunner.java:53)&#13;&#10;&#9;at org.junit.runners.ParentRunner$2.evaluate(ParentRunner.java:229)&#13;&#10;&#9;at org.junit.runners.ParentRunner.run(ParentRunner.java:309)&#13;&#10;&#9;at org.eclipse.jdt.internal.junit4.runner.JUnit4TestReference.run(JUnit4TestReference.java:50)&#13;&#10;&#9;at org.eclipse.jdt.internal.junit.runner.TestExecution.run(TestExecution.java:38)&#13;&#10;&#9;at org.eclipse.jdt.internal.junit.runner.RemoteTestRunner.runTests(RemoteTestRunner.java:467)&#13;&#10;&#9;at org.eclipse.jdt.internal.junit.runner.RemoteTestRunner.runTests(RemoteTestRunner.java:683)&#13;&#10;&#9;at org.eclipse.jdt.internal.junit.runner.RemoteTestRunner.run(RemoteTestRunner.java:390)&#13;&#10;&#9;at org.codecover.juniteclipse.runner.EclipseTestRunner.main(EclipseTestRunner.java:40)" Date="1589513515089" Name="StdDrawTest:testNextKeyTyped">
<CovList/>
<AssgnmntList/>
<ObjMetaDataList/>
<MetaDataList/>
</TestCase>
<TestCase Comment="Failure&#10;java.lang.AssertionError: Not yet implemented&#13;&#10;&#9;at org.junit.Assert.fail(Assert.java:88)&#13;&#10;&#9;at StdDrawTest.testMouseDragged(StdDrawTest.java:372)&#13;&#10;&#9;at sun.reflect.NativeMethodAccessorImpl.invoke0(Native Method)&#13;&#10;&#9;at sun.reflect.NativeMethodAccessorImpl.invoke(Unknown Source)&#13;&#10;&#9;at sun.reflect.DelegatingMethodAccessorImpl.invoke(Unknown Source)&#13;&#10;&#9;at java.lang.reflect.Method.invoke(Unknown Source)&#13;&#10;&#9;at org.junit.runners.model.FrameworkMethod$1.runReflectiveCall(FrameworkMethod.java:47)&#13;&#10;&#9;at org.junit.internal.runners.model.ReflectiveCallable.run(ReflectiveCallable.java:12)&#13;&#10;&#9;at org.junit.runners.model.FrameworkMethod.invokeExplosively(FrameworkMethod.java:44)&#13;&#10;&#9;at org.junit.internal.runners.statements.InvokeMethod.evaluate(InvokeMethod.java:17)&#13;&#10;&#9;at org.junit.runners.ParentRunner.runLeaf(ParentRunner.java:271)&#13;&#10;&#9;at org.junit.runners.BlockJUnit4ClassRunner.runChild(BlockJUnit4ClassRunner.java:70)&#13;&#10;&#9;at org.junit.runners.BlockJUnit4ClassRunner.runChild(BlockJUnit4ClassRunner.java:50)&#13;&#10;&#9;at org.junit.runners.ParentRunner$3.run(ParentRunner.java:238)&#13;&#10;&#9;at org.junit.runners.ParentRunner$1.schedule(ParentRunner.java:63)&#13;&#10;&#9;at org.junit.runners.ParentRunner.runChildren(ParentRunner.java:236)&#13;&#10;&#9;at org.junit.runners.ParentRunner.access$000(ParentRunner.java:53)&#13;&#10;&#9;at org.junit.runners.ParentRunner$2.evaluate(ParentRunner.java:229)&#13;&#10;&#9;at org.junit.runners.ParentRunner.run(ParentRunner.java:309)&#13;&#10;&#9;at org.eclipse.jdt.internal.junit4.runner.JUnit4TestReference.run(JUnit4TestReference.java:50)&#13;&#10;&#9;at org.eclipse.jdt.internal.junit.runner.TestExecution.run(TestExecution.java:38)&#13;&#10;&#9;at org.eclipse.jdt.internal.junit.runner.RemoteTestRunner.runTests(RemoteTestRunner.java:467)&#13;&#10;&#9;at org.eclipse.jdt.internal.junit.runner.RemoteTestRunner.runTests(RemoteTestRunner.java:683)&#13;&#10;&#9;at org.eclipse.jdt.internal.junit.runner.RemoteTestRunner.run(RemoteTestRunner.java:390)&#13;&#10;&#9;at org.codecover.juniteclipse.runner.EclipseTestRunner.main(EclipseTestRunner.java:40)" Date="1589513515090" Name="StdDrawTest:testMouseDragged">
<CovList/>
<AssgnmntList/>
<ObjMetaDataList/>
<MetaDataList/>
</TestCase>
<TestCase Comment="Failure&#10;java.lang.AssertionError: Not yet implemented&#13;&#10;&#9;at org.junit.Assert.fail(Assert.java:88)&#13;&#10;&#9;at StdDrawTest.testMousePressedMouseEvent(StdDrawTest.java:362)&#13;&#10;&#9;at sun.reflect.NativeMethodAccessorImpl.invoke0(Native Method)&#13;&#10;&#9;at sun.reflect.NativeMethodAccessorImpl.invoke(Unknown Source)&#13;&#10;&#9;at sun.reflect.DelegatingMethodAccessorImpl.invoke(Unknown Source)&#13;&#10;&#9;at java.lang.reflect.Method.invoke(Unknown Source)&#13;&#10;&#9;at org.junit.runners.model.FrameworkMethod$1.runReflectiveCall(FrameworkMethod.java:47)&#13;&#10;&#9;at org.junit.internal.runners.model.ReflectiveCallable.run(ReflectiveCallable.java:12)&#13;&#10;&#9;at org.junit.runners.model.FrameworkMethod.invokeExplosively(FrameworkMethod.java:44)&#13;&#10;&#9;at org.junit.internal.runners.statements.InvokeMethod.evaluate(InvokeMethod.java:17)&#13;&#10;&#9;at org.junit.runners.ParentRunner.runLeaf(ParentRunner.java:271)&#13;&#10;&#9;at org.junit.runners.BlockJUnit4ClassRunner.runChild(BlockJUnit4ClassRunner.java:70)&#13;&#10;&#9;at org.junit.runners.BlockJUnit4ClassRunner.runChild(BlockJUnit4ClassRunner.java:50)&#13;&#10;&#9;at org.junit.runners.ParentRunner$3.run(ParentRunner.java:238)&#13;&#10;&#9;at org.junit.runners.ParentRunner$1.schedule(ParentRunner.java:63)&#13;&#10;&#9;at org.junit.runners.ParentRunner.runChildren(ParentRunner.java:236)&#13;&#10;&#9;at org.junit.runners.ParentRunner.access$000(ParentRunner.java:53)&#13;&#10;&#9;at org.junit.runners.ParentRunner$2.evaluate(ParentRunner.java:229)&#13;&#10;&#9;at org.junit.runners.ParentRunner.run(ParentRunner.java:309)&#13;&#10;&#9;at org.eclipse.jdt.internal.junit4.runner.JUnit4TestReference.run(JUnit4TestReference.java:50)&#13;&#10;&#9;at org.eclipse.jdt.internal.junit.runner.TestExecution.run(TestExecution.java:38)&#13;&#10;&#9;at org.eclipse.jdt.internal.junit.runner.RemoteTestRunner.runTests(RemoteTestRunner.java:467)&#13;&#10;&#9;at org.eclipse.jdt.internal.junit.runner.RemoteTestRunner.runTests(RemoteTestRunner.java:683)&#13;&#10;&#9;at org.eclipse.jdt.internal.junit.runner.RemoteTestRunner.run(RemoteTestRunner.java:390)&#13;&#10;&#9;at org.codecover.juniteclipse.runner.EclipseTestRunner.main(EclipseTestRunner.java:40)" Date="1589513515092" Name="StdDrawTest:testMousePressedMouseEvent">
<CovList/>
<AssgnmntList/>
<ObjMetaDataList/>
<MetaDataList/>
</TestCase>
<TestCase Comment="Failure&#10;java.lang.AssertionError: Not yet implemented&#13;&#10;&#9;at org.junit.Assert.fail(Assert.java:88)&#13;&#10;&#9;at StdDrawTest.testEnableDoubleBuffering(StdDrawTest.java:307)&#13;&#10;&#9;at sun.reflect.NativeMethodAccessorImpl.invoke0(Native Method)&#13;&#10;&#9;at sun.reflect.NativeMethodAccessorImpl.invoke(Unknown Source)&#13;&#10;&#9;at sun.reflect.DelegatingMethodAccessorImpl.invoke(Unknown Source)&#13;&#10;&#9;at java.lang.reflect.Method.invoke(Unknown Source)&#13;&#10;&#9;at org.junit.runners.model.FrameworkMethod$1.runReflectiveCall(FrameworkMethod.java:47)&#13;&#10;&#9;at org.junit.internal.runners.model.ReflectiveCallable.run(ReflectiveCallable.java:12)&#13;&#10;&#9;at org.junit.runners.model.FrameworkMethod.invokeExplosively(FrameworkMethod.java:44)&#13;&#10;&#9;at org.junit.internal.runners.statements.InvokeMethod.evaluate(InvokeMethod.java:17)&#13;&#10;&#9;at org.junit.runners.ParentRunner.runLeaf(ParentRunner.java:271)&#13;&#10;&#9;at org.junit.runners.BlockJUnit4ClassRunner.runChild(BlockJUnit4ClassRunner.java:70)&#13;&#10;&#9;at org.junit.runners.BlockJUnit4ClassRunner.runChild(BlockJUnit4ClassRunner.java:50)&#13;&#10;&#9;at org.junit.runners.ParentRunner$3.run(ParentRunner.java:238)&#13;&#10;&#9;at org.junit.runners.ParentRunner$1.schedule(ParentRunner.java:63)&#13;&#10;&#9;at org.junit.runners.ParentRunner.runChildren(ParentRunner.java:236)&#13;&#10;&#9;at org.junit.runners.ParentRunner.access$000(ParentRunner.java:53)&#13;&#10;&#9;at org.junit.runners.ParentRunner$2.evaluate(ParentRunner.java:229)&#13;&#10;&#9;at org.junit.runners.ParentRunner.run(ParentRunner.java:309)&#13;&#10;&#9;at org.eclipse.jdt.internal.junit4.runner.JUnit4TestReference.run(JUnit4TestReference.java:50)&#13;&#10;&#9;at org.eclipse.jdt.internal.junit.runner.TestExecution.run(TestExecution.java:38)&#13;&#10;&#9;at org.eclipse.jdt.internal.junit.runner.RemoteTestRunner.runTests(RemoteTestRunner.java:467)&#13;&#10;&#9;at org.eclipse.jdt.internal.junit.runner.RemoteTestRunner.runTests(RemoteTestRunner.java:683)&#13;&#10;&#9;at org.eclipse.jdt.internal.junit.runner.RemoteTestRunner.run(RemoteTestRunner.java:390)&#13;&#10;&#9;at org.codecover.juniteclipse.runner.EclipseTestRunner.main(EclipseTestRunner.java:40)" Date="1589513515093" Name="StdDrawTest:testEnableDoubleBuffering">
<CovList/>
<AssgnmntList/>
<ObjMetaDataList/>
<MetaDataList/>
</TestCase>
<TestCase Comment="Failure&#10;java.lang.AssertionError: Not yet implemented&#13;&#10;&#9;at org.junit.Assert.fail(Assert.java:88)&#13;&#10;&#9;at StdDrawTest.testFilledRectangle(StdDrawTest.java:227)&#13;&#10;&#9;at sun.reflect.NativeMethodAccessorImpl.invoke0(Native Method)&#13;&#10;&#9;at sun.reflect.NativeMethodAccessorImpl.invoke(Unknown Source)&#13;&#10;&#9;at sun.reflect.DelegatingMethodAccessorImpl.invoke(Unknown Source)&#13;&#10;&#9;at java.lang.reflect.Method.invoke(Unknown Source)&#13;&#10;&#9;at org.junit.runners.model.FrameworkMethod$1.runReflectiveCall(FrameworkMethod.java:47)&#13;&#10;&#9;at org.junit.internal.runners.model.ReflectiveCallable.run(ReflectiveCallable.java:12)&#13;&#10;&#9;at org.junit.runners.model.FrameworkMethod.invokeExplosively(FrameworkMethod.java:44)&#13;&#10;&#9;at org.junit.internal.runners.statements.InvokeMethod.evaluate(InvokeMethod.java:17)&#13;&#10;&#9;at org.junit.runners.ParentRunner.runLeaf(ParentRunner.java:271)&#13;&#10;&#9;at org.junit.runners.BlockJUnit4ClassRunner.runChild(BlockJUnit4ClassRunner.java:70)&#13;&#10;&#9;at org.junit.runners.BlockJUnit4ClassRunner.runChild(BlockJUnit4ClassRunner.java:50)&#13;&#10;&#9;at org.junit.runners.ParentRunner$3.run(ParentRunner.java:238)&#13;&#10;&#9;at org.junit.runners.ParentRunner$1.schedule(ParentRunner.java:63)&#13;&#10;&#9;at org.junit.runners.ParentRunner.runChildren(ParentRunner.java:236)&#13;&#10;&#9;at org.junit.runners.ParentRunner.access$000(ParentRunner.java:53)&#13;&#10;&#9;at org.junit.runners.ParentRunner$2.evaluate(ParentRunner.java:229)&#13;&#10;&#9;at org.junit.runners.ParentRunner.run(ParentRunner.java:309)&#13;&#10;&#9;at org.eclipse.jdt.internal.junit4.runner.JUnit4TestReference.run(JUnit4TestReference.java:50)&#13;&#10;&#9;at org.eclipse.jdt.internal.junit.runner.TestExecution.run(TestExecution.java:38)&#13;&#10;&#9;at org.eclipse.jdt.internal.junit.runner.RemoteTestRunner.runTests(RemoteTestRunner.java:467)&#13;&#10;&#9;at org.eclipse.jdt.internal.junit.runner.RemoteTestRunner.runTests(RemoteTestRunner.java:683)&#13;&#10;&#9;at org.eclipse.jdt.internal.junit.runner.RemoteTestRunner.run(RemoteTestRunner.java:390)&#13;&#10;&#9;at org.codecover.juniteclipse.runner.EclipseTestRunner.main(EclipseTestRunner.java:40)" Date="1589513515094" Name="StdDrawTest:testFilledRectangle">
<CovList/>
<AssgnmntList/>
<ObjMetaDataList/>
<MetaDataList/>
</TestCase>
<TestCase Comment="Failure&#10;java.lang.AssertionError: Not yet implemented&#13;&#10;&#9;at org.junit.Assert.fail(Assert.java:88)&#13;&#10;&#9;at StdDrawTest.testCreateMenuBar(StdDrawTest.java:32)&#13;&#10;&#9;at sun.reflect.NativeMethodAccessorImpl.invoke0(Native Method)&#13;&#10;&#9;at sun.reflect.NativeMethodAccessorImpl.invoke(Unknown Source)&#13;&#10;&#9;at sun.reflect.DelegatingMethodAccessorImpl.invoke(Unknown Source)&#13;&#10;&#9;at java.lang.reflect.Method.invoke(Unknown Source)&#13;&#10;&#9;at org.junit.runners.model.FrameworkMethod$1.runReflectiveCall(FrameworkMethod.java:47)&#13;&#10;&#9;at org.junit.internal.runners.model.ReflectiveCallable.run(ReflectiveCallable.java:12)&#13;&#10;&#9;at org.junit.runners.model.FrameworkMethod.invokeExplosively(FrameworkMethod.java:44)&#13;&#10;&#9;at org.junit.internal.runners.statements.InvokeMethod.evaluate(InvokeMethod.java:17)&#13;&#10;&#9;at org.junit.runners.ParentRunner.runLeaf(ParentRunner.java:271)&#13;&#10;&#9;at org.junit.runners.BlockJUnit4ClassRunner.runChild(BlockJUnit4ClassRunner.java:70)&#13;&#10;&#9;at org.junit.runners.BlockJUnit4ClassRunner.runChild(BlockJUnit4ClassRunner.java:50)&#13;&#10;&#9;at org.junit.runners.ParentRunner$3.run(ParentRunner.java:238)&#13;&#10;&#9;at org.junit.runners.ParentRunner$1.schedule(ParentRunner.java:63)&#13;&#10;&#9;at org.junit.runners.ParentRunner.runChildren(ParentRunner.java:236)&#13;&#10;&#9;at org.junit.runners.ParentRunner.access$000(ParentRunner.java:53)&#13;&#10;&#9;at org.junit.runners.ParentRunner$2.evaluate(ParentRunner.java:229)&#13;&#10;&#9;at org.junit.runners.ParentRunner.run(ParentRunner.java:309)&#13;&#10;&#9;at org.eclipse.jdt.internal.junit4.runner.JUnit4TestReference.run(JUnit4TestReference.java:50)&#13;&#10;&#9;at org.eclipse.jdt.internal.junit.runner.TestExecution.run(TestExecution.java:38)&#13;&#10;&#9;at org.eclipse.jdt.internal.junit.runner.RemoteTestRunner.runTests(RemoteTestRunner.java:467)&#13;&#10;&#9;at org.eclipse.jdt.internal.junit.runner.RemoteTestRunner.runTests(RemoteTestRunner.java:683)&#13;&#10;&#9;at org.eclipse.jdt.internal.junit.runner.RemoteTestRunner.run(RemoteTestRunner.java:390)&#13;&#10;&#9;at org.codecover.juniteclipse.runner.EclipseTestRunner.main(EclipseTestRunner.java:40)" Date="1589513515096" Name="StdDrawTest:testCreateMenuBar">
<CovList/>
<AssgnmntList/>
<ObjMetaDataList/>
<MetaDataList/>
</TestCase>
<TestCase Comment="Failure&#10;java.lang.AssertionError: Not yet implemented&#13;&#10;&#9;at org.junit.Assert.fail(Assert.java:88)&#13;&#10;&#9;at StdDrawTest.testSetPenColorColor(StdDrawTest.java:147)&#13;&#10;&#9;at sun.reflect.NativeMethodAccessorImpl.invoke0(Native Method)&#13;&#10;&#9;at sun.reflect.NativeMethodAccessorImpl.invoke(Unknown Source)&#13;&#10;&#9;at sun.reflect.DelegatingMethodAccessorImpl.invoke(Unknown Source)&#13;&#10;&#9;at java.lang.reflect.Method.invoke(Unknown Source)&#13;&#10;&#9;at org.junit.runners.model.FrameworkMethod$1.runReflectiveCall(FrameworkMethod.java:47)&#13;&#10;&#9;at org.junit.internal.runners.model.ReflectiveCallable.run(ReflectiveCallable.java:12)&#13;&#10;&#9;at org.junit.runners.model.FrameworkMethod.invokeExplosively(FrameworkMethod.java:44)&#13;&#10;&#9;at org.junit.internal.runners.statements.InvokeMethod.evaluate(InvokeMethod.java:17)&#13;&#10;&#9;at org.junit.runners.ParentRunner.runLeaf(ParentRunner.java:271)&#13;&#10;&#9;at org.junit.runners.BlockJUnit4ClassRunner.runChild(BlockJUnit4ClassRunner.java:70)&#13;&#10;&#9;at org.junit.runners.BlockJUnit4ClassRunner.runChild(BlockJUnit4ClassRunner.java:50)&#13;&#10;&#9;at org.junit.runners.ParentRunner$3.run(ParentRunner.java:238)&#13;&#10;&#9;at org.junit.runners.ParentRunner$1.schedule(ParentRunner.java:63)&#13;&#10;&#9;at org.junit.runners.ParentRunner.runChildren(ParentRunner.java:236)&#13;&#10;&#9;at org.junit.runners.ParentRunner.access$000(ParentRunner.java:53)&#13;&#10;&#9;at org.junit.runners.ParentRunner$2.evaluate(ParentRunner.java:229)&#13;&#10;&#9;at org.junit.runners.ParentRunner.run(ParentRunner.java:309)&#13;&#10;&#9;at org.eclipse.jdt.internal.junit4.runner.JUnit4TestReference.run(JUnit4TestReference.java:50)&#13;&#10;&#9;at org.eclipse.jdt.internal.junit.runner.TestExecution.run(TestExecution.java:38)&#13;&#10;&#9;at org.eclipse.jdt.internal.junit.runner.RemoteTestRunner.runTests(RemoteTestRunner.java:467)&#13;&#10;&#9;at org.eclipse.jdt.internal.junit.runner.RemoteTestRunner.runTests(RemoteTestRunner.java:683)&#13;&#10;&#9;at org.eclipse.jdt.internal.junit.runner.RemoteTestRunner.run(RemoteTestRunner.java:390)&#13;&#10;&#9;at org.codecover.juniteclipse.runner.EclipseTestRunner.main(EclipseTestRunner.java:40)" Date="1589513515097" Name="StdDrawTest:testSetPenColorColor">
<CovList/>
<AssgnmntList/>
<ObjMetaDataList/>
<MetaDataList/>
</TestCase>
<TestCase Comment="Failure&#10;java.lang.AssertionError: Not yet implemented&#13;&#10;&#9;at org.junit.Assert.fail(Assert.java:88)&#13;&#10;&#9;at StdDrawTest.testFilledSquare(StdDrawTest.java:217)&#13;&#10;&#9;at sun.reflect.NativeMethodAccessorImpl.invoke0(Native Method)&#13;&#10;&#9;at sun.reflect.NativeMethodAccessorImpl.invoke(Unknown Source)&#13;&#10;&#9;at sun.reflect.DelegatingMethodAccessorImpl.invoke(Unknown Source)&#13;&#10;&#9;at java.lang.reflect.Method.invoke(Unknown Source)&#13;&#10;&#9;at org.junit.runners.model.FrameworkMethod$1.runReflectiveCall(FrameworkMethod.java:47)&#13;&#10;&#9;at org.junit.internal.runners.model.ReflectiveCallable.run(ReflectiveCallable.java:12)&#13;&#10;&#9;at org.junit.runners.model.FrameworkMethod.invokeExplosively(FrameworkMethod.java:44)&#13;&#10;&#9;at org.junit.internal.runners.statements.InvokeMethod.evaluate(InvokeMethod.java:17)&#13;&#10;&#9;at org.junit.runners.ParentRunner.runLeaf(ParentRunner.java:271)&#13;&#10;&#9;at org.junit.runners.BlockJUnit4ClassRunner.runChild(BlockJUnit4ClassRunner.java:70)&#13;&#10;&#9;at org.junit.runners.BlockJUnit4ClassRunner.runChild(BlockJUnit4ClassRunner.java:50)&#13;&#10;&#9;at org.junit.runners.ParentRunner$3.run(ParentRunner.java:238)&#13;&#10;&#9;at org.junit.runners.ParentRunner$1.schedule(ParentRunner.java:63)&#13;&#10;&#9;at org.junit.runners.ParentRunner.runChildren(ParentRunner.java:236)&#13;&#10;&#9;at org.junit.runners.ParentRunner.access$000(ParentRunner.java:53)&#13;&#10;&#9;at org.junit.runners.ParentRunner$2.evaluate(ParentRunner.java:229)&#13;&#10;&#9;at org.junit.runners.ParentRunner.run(ParentRunner.java:309)&#13;&#10;&#9;at org.eclipse.jdt.internal.junit4.runner.JUnit4TestReference.run(JUnit4TestReference.java:50)&#13;&#10;&#9;at org.eclipse.jdt.internal.junit.runner.TestExecution.run(TestExecution.java:38)&#13;&#10;&#9;at org.eclipse.jdt.internal.junit.runner.RemoteTestRunner.runTests(RemoteTestRunner.java:467)&#13;&#10;&#9;at org.eclipse.jdt.internal.junit.runner.RemoteTestRunner.runTests(RemoteTestRunner.java:683)&#13;&#10;&#9;at org.eclipse.jdt.internal.junit.runner.RemoteTestRunner.run(RemoteTestRunner.java:390)&#13;&#10;&#9;at org.codecover.juniteclipse.runner.EclipseTestRunner.main(EclipseTestRunner.java:40)" Date="1589513515098" Name="StdDrawTest:testFilledSquare">
<CovList/>
<AssgnmntList/>
<ObjMetaDataList/>
<MetaDataList/>
</TestCase>
<TestCase Comment="Failure&#10;java.lang.AssertionError: Not yet implemented&#13;&#10;&#9;at org.junit.Assert.fail(Assert.java:88)&#13;&#10;&#9;at StdDrawTest.testSetPenColorIntIntInt(StdDrawTest.java:152)&#13;&#10;&#9;at sun.reflect.NativeMethodAccessorImpl.invoke0(Native Method)&#13;&#10;&#9;at sun.reflect.NativeMethodAccessorImpl.invoke(Unknown Source)&#13;&#10;&#9;at sun.reflect.DelegatingMethodAccessorImpl.invoke(Unknown Source)&#13;&#10;&#9;at java.lang.reflect.Method.invoke(Unknown Source)&#13;&#10;&#9;at org.junit.runners.model.FrameworkMethod$1.runReflectiveCall(FrameworkMethod.java:47)&#13;&#10;&#9;at org.junit.internal.runners.model.ReflectiveCallable.run(ReflectiveCallable.java:12)&#13;&#10;&#9;at org.junit.runners.model.FrameworkMethod.invokeExplosively(FrameworkMethod.java:44)&#13;&#10;&#9;at org.junit.internal.runners.statements.InvokeMethod.evaluate(InvokeMethod.java:17)&#13;&#10;&#9;at org.junit.runners.ParentRunner.runLeaf(ParentRunner.java:271)&#13;&#10;&#9;at org.junit.runners.BlockJUnit4ClassRunner.runChild(BlockJUnit4ClassRunner.java:70)&#13;&#10;&#9;at org.junit.runners.BlockJUnit4ClassRunner.runChild(BlockJUnit4ClassRunner.java:50)&#13;&#10;&#9;at org.junit.runners.ParentRunner$3.run(ParentRunner.java:238)&#13;&#10;&#9;at org.junit.runners.ParentRunner$1.schedule(ParentRunner.java:63)&#13;&#10;&#9;at org.junit.runners.ParentRunner.runChildren(ParentRunner.java:236)&#13;&#10;&#9;at org.junit.runners.ParentRunner.access$000(ParentRunner.java:53)&#13;&#10;&#9;at org.junit.runners.ParentRunner$2.evaluate(ParentRunner.java:229)&#13;&#10;&#9;at org.junit.runners.ParentRunner.run(ParentRunner.java:309)&#13;&#10;&#9;at org.eclipse.jdt.internal.junit4.runner.JUnit4TestReference.run(JUnit4TestReference.java:50)&#13;&#10;&#9;at org.eclipse.jdt.internal.junit.runner.TestExecution.run(TestExecution.java:38)&#13;&#10;&#9;at org.eclipse.jdt.internal.junit.runner.RemoteTestRunner.runTests(RemoteTestRunner.java:467)&#13;&#10;&#9;at org.eclipse.jdt.internal.junit.runner.RemoteTestRunner.runTests(RemoteTestRunner.java:683)&#13;&#10;&#9;at org.eclipse.jdt.internal.junit.runner.RemoteTestRunner.run(RemoteTestRunner.java:390)&#13;&#10;&#9;at org.codecover.juniteclipse.runner.EclipseTestRunner.main(EclipseTestRunner.java:40)" Date="1589513515100" Name="StdDrawTest:testSetPenColorIntIntInt">
<CovList/>
<AssgnmntList/>
<ObjMetaDataList/>
<MetaDataList/>
</TestCase>
<TestCase Comment="Failure&#10;java.lang.AssertionError: Not yet implemented&#13;&#10;&#9;at org.junit.Assert.fail(Assert.java:88)&#13;&#10;&#9;at StdDrawTest.testPictureDoubleDoubleStringDoubleDouble(StdDrawTest.java:257)&#13;&#10;&#9;at sun.reflect.NativeMethodAccessorImpl.invoke0(Native Method)&#13;&#10;&#9;at sun.reflect.NativeMethodAccessorImpl.invoke(Unknown Source)&#13;&#10;&#9;at sun.reflect.DelegatingMethodAccessorImpl.invoke(Unknown Source)&#13;&#10;&#9;at java.lang.reflect.Method.invoke(Unknown Source)&#13;&#10;&#9;at org.junit.runners.model.FrameworkMethod$1.runReflectiveCall(FrameworkMethod.java:47)&#13;&#10;&#9;at org.junit.internal.runners.model.ReflectiveCallable.run(ReflectiveCallable.java:12)&#13;&#10;&#9;at org.junit.runners.model.FrameworkMethod.invokeExplosively(FrameworkMethod.java:44)&#13;&#10;&#9;at org.junit.internal.runners.statements.InvokeMethod.evaluate(InvokeMethod.java:17)&#13;&#10;&#9;at org.junit.runners.ParentRunner.runLeaf(ParentRunner.java:271)&#13;&#10;&#9;at org.junit.runners.BlockJUnit4ClassRunner.runChild(BlockJUnit4ClassRunner.java:70)&#13;&#10;&#9;at org.junit.runners.BlockJUnit4ClassRunner.runChild(BlockJUnit4ClassRunner.java:50)&#13;&#10;&#9;at org.junit.runners.ParentRunner$3.run(ParentRunner.java:238)&#13;&#10;&#9;at org.junit.runners.ParentRunner$1.schedule(ParentRunner.java:63)&#13;&#10;&#9;at org.junit.runners.ParentRunner.runChildren(ParentRunner.java:236)&#13;&#10;&#9;at org.junit.runners.ParentRunner.access$000(ParentRunner.java:53)&#13;&#10;&#9;at org.junit.runners.ParentRunner$2.evaluate(ParentRunner.java:229)&#13;&#10;&#9;at org.junit.runners.ParentRunner.run(ParentRunner.java:309)&#13;&#10;&#9;at org.eclipse.jdt.internal.junit4.runner.JUnit4TestReference.run(JUnit4TestReference.java:50)&#13;&#10;&#9;at org.eclipse.jdt.internal.junit.runner.TestExecution.run(TestExecution.java:38)&#13;&#10;&#9;at org.eclipse.jdt.internal.junit.runner.RemoteTestRunner.runTests(RemoteTestRunner.java:467)&#13;&#10;&#9;at org.eclipse.jdt.internal.junit.runner.RemoteTestRunner.runTests(RemoteTestRunner.java:683)&#13;&#10;&#9;at org.eclipse.jdt.internal.junit.runner.RemoteTestRunner.run(RemoteTestRunner.java:390)&#13;&#10;&#9;at org.codecover.juniteclipse.runner.EclipseTestRunner.main(EclipseTestRunner.java:40)" Date="1589513515101" Name="StdDrawTest:testPictureDoubleDoubleStringDoubleDouble">
<CovList/>
<AssgnmntList/>
<ObjMetaDataList/>
<MetaDataList/>
</TestCase>
<TestCase Comment="Failure&#10;java.lang.AssertionError: Not yet implemented&#13;&#10;&#9;at org.junit.Assert.fail(Assert.java:88)&#13;&#10;&#9;at StdDrawTest.testKeyTyped(StdDrawTest.java:397)&#13;&#10;&#9;at sun.reflect.NativeMethodAccessorImpl.invoke0(Native Method)&#13;&#10;&#9;at sun.reflect.NativeMethodAccessorImpl.invoke(Unknown Source)&#13;&#10;&#9;at sun.reflect.DelegatingMethodAccessorImpl.invoke(Unknown Source)&#13;&#10;&#9;at java.lang.reflect.Method.invoke(Unknown Source)&#13;&#10;&#9;at org.junit.runners.model.FrameworkMethod$1.runReflectiveCall(FrameworkMethod.java:47)&#13;&#10;&#9;at org.junit.internal.runners.model.ReflectiveCallable.run(ReflectiveCallable.java:12)&#13;&#10;&#9;at org.junit.runners.model.FrameworkMethod.invokeExplosively(FrameworkMethod.java:44)&#13;&#10;&#9;at org.junit.internal.runners.statements.InvokeMethod.evaluate(InvokeMethod.java:17)&#13;&#10;&#9;at org.junit.runners.ParentRunner.runLeaf(ParentRunner.java:271)&#13;&#10;&#9;at org.junit.runners.BlockJUnit4ClassRunner.runChild(BlockJUnit4ClassRunner.java:70)&#13;&#10;&#9;at org.junit.runners.BlockJUnit4ClassRunner.runChild(BlockJUnit4ClassRunner.java:50)&#13;&#10;&#9;at org.junit.runners.ParentRunner$3.run(ParentRunner.java:238)&#13;&#10;&#9;at org.junit.runners.ParentRunner$1.schedule(ParentRunner.java:63)&#13;&#10;&#9;at org.junit.runners.ParentRunner.runChildren(ParentRunner.java:236)&#13;&#10;&#9;at org.junit.runners.ParentRunner.access$000(ParentRunner.java:53)&#13;&#10;&#9;at org.junit.runners.ParentRunner$2.evaluate(ParentRunner.java:229)&#13;&#10;&#9;at org.junit.runners.ParentRunner.run(ParentRunner.java:309)&#13;&#10;&#9;at org.eclipse.jdt.internal.junit4.runner.JUnit4TestReference.run(JUnit4TestReference.java:50)&#13;&#10;&#9;at org.eclipse.jdt.internal.junit.runner.TestExecution.run(TestExecution.java:38)&#13;&#10;&#9;at org.eclipse.jdt.internal.junit.runner.RemoteTestRunner.runTests(RemoteTestRunner.java:467)&#13;&#10;&#9;at org.eclipse.jdt.internal.junit.runner.RemoteTestRunner.runTests(RemoteTestRunner.java:683)&#13;&#10;&#9;at org.eclipse.jdt.internal.junit.runner.RemoteTestRunner.run(RemoteTestRunner.java:390)&#13;&#10;&#9;at org.codecover.juniteclipse.runner.EclipseTestRunner.main(EclipseTestRunner.java:40)" Date="1589513515102" Name="StdDrawTest:testKeyTyped">
<CovList/>
<AssgnmntList/>
<ObjMetaDataList/>
<MetaDataList/>
</TestCase>
<TestCase Comment="Failure&#10;java.lang.AssertionError: Not yet implemented&#13;&#10;&#9;at org.junit.Assert.fail(Assert.java:88)&#13;&#10;&#9;at StdDrawTest.testCircle(StdDrawTest.java:187)&#13;&#10;&#9;at sun.reflect.NativeMethodAccessorImpl.invoke0(Native Method)&#13;&#10;&#9;at sun.reflect.NativeMethodAccessorImpl.invoke(Unknown Source)&#13;&#10;&#9;at sun.reflect.DelegatingMethodAccessorImpl.invoke(Unknown Source)&#13;&#10;&#9;at java.lang.reflect.Method.invoke(Unknown Source)&#13;&#10;&#9;at org.junit.runners.model.FrameworkMethod$1.runReflectiveCall(FrameworkMethod.java:47)&#13;&#10;&#9;at org.junit.internal.runners.model.ReflectiveCallable.run(ReflectiveCallable.java:12)&#13;&#10;&#9;at org.junit.runners.model.FrameworkMethod.invokeExplosively(FrameworkMethod.java:44)&#13;&#10;&#9;at org.junit.internal.runners.statements.InvokeMethod.evaluate(InvokeMethod.java:17)&#13;&#10;&#9;at org.junit.runners.ParentRunner.runLeaf(ParentRunner.java:271)&#13;&#10;&#9;at org.junit.runners.BlockJUnit4ClassRunner.runChild(BlockJUnit4ClassRunner.java:70)&#13;&#10;&#9;at org.junit.runners.BlockJUnit4ClassRunner.runChild(BlockJUnit4ClassRunner.java:50)&#13;&#10;&#9;at org.junit.runners.ParentRunner$3.run(ParentRunner.java:238)&#13;&#10;&#9;at org.junit.runners.ParentRunner$1.schedule(ParentRunner.java:63)&#13;&#10;&#9;at org.junit.runners.ParentRunner.runChildren(ParentRunner.java:236)&#13;&#10;&#9;at org.junit.runners.ParentRunner.access$000(ParentRunner.java:53)&#13;&#10;&#9;at org.junit.runners.ParentRunner$2.evaluate(ParentRunner.java:229)&#13;&#10;&#9;at org.junit.runners.ParentRunner.run(ParentRunner.java:309)&#13;&#10;&#9;at org.eclipse.jdt.internal.junit4.runner.JUnit4TestReference.run(JUnit4TestReference.java:50)&#13;&#10;&#9;at org.eclipse.jdt.internal.junit.runner.TestExecution.run(TestExecution.java:38)&#13;&#10;&#9;at org.eclipse.jdt.internal.junit.runner.RemoteTestRunner.runTests(RemoteTestRunner.java:467)&#13;&#10;&#9;at org.eclipse.jdt.internal.junit.runner.RemoteTestRunner.runTests(RemoteTestRunner.java:683)&#13;&#10;&#9;at org.eclipse.jdt.internal.junit.runner.RemoteTestRunner.run(RemoteTestRunner.java:390)&#13;&#10;&#9;at org.codecover.juniteclipse.runner.EclipseTestRunner.main(EclipseTestRunner.java:40)" Date="1589513515103" Name="StdDrawTest:testCircle">
<CovList/>
<AssgnmntList/>
<ObjMetaDataList/>
<MetaDataList/>
</TestCase>
<TestCase Comment="Failure&#10;java.lang.AssertionError: Not yet implemented&#13;&#10;&#9;at org.junit.Assert.fail(Assert.java:88)&#13;&#10;&#9;at StdDrawTest.testSetXscale(StdDrawTest.java:52)&#13;&#10;&#9;at sun.reflect.NativeMethodAccessorImpl.invoke0(Native Method)&#13;&#10;&#9;at sun.reflect.NativeMethodAccessorImpl.invoke(Unknown Source)&#13;&#10;&#9;at sun.reflect.DelegatingMethodAccessorImpl.invoke(Unknown Source)&#13;&#10;&#9;at java.lang.reflect.Method.invoke(Unknown Source)&#13;&#10;&#9;at org.junit.runners.model.FrameworkMethod$1.runReflectiveCall(FrameworkMethod.java:47)&#13;&#10;&#9;at org.junit.internal.runners.model.ReflectiveCallable.run(ReflectiveCallable.java:12)&#13;&#10;&#9;at org.junit.runners.model.FrameworkMethod.invokeExplosively(FrameworkMethod.java:44)&#13;&#10;&#9;at org.junit.internal.runners.statements.InvokeMethod.evaluate(InvokeMethod.java:17)&#13;&#10;&#9;at org.junit.runners.ParentRunner.runLeaf(ParentRunner.java:271)&#13;&#10;&#9;at org.junit.runners.BlockJUnit4ClassRunner.runChild(BlockJUnit4ClassRunner.java:70)&#13;&#10;&#9;at org.junit.runners.BlockJUnit4ClassRunner.runChild(BlockJUnit4ClassRunner.java:50)&#13;&#10;&#9;at org.junit.runners.ParentRunner$3.run(ParentRunner.java:238)&#13;&#10;&#9;at org.junit.runners.ParentRunner$1.schedule(ParentRunner.java:63)&#13;&#10;&#9;at org.junit.runners.ParentRunner.runChildren(ParentRunner.java:236)&#13;&#10;&#9;at org.junit.runners.ParentRunner.access$000(ParentRunner.java:53)&#13;&#10;&#9;at org.junit.runners.ParentRunner$2.evaluate(ParentRunner.java:229)&#13;&#10;&#9;at org.junit.runners.ParentRunner.run(ParentRunner.java:309)&#13;&#10;&#9;at org.eclipse.jdt.internal.junit4.runner.JUnit4TestReference.run(JUnit4TestReference.java:50)&#13;&#10;&#9;at org.eclipse.jdt.internal.junit.runner.TestExecution.run(TestExecution.java:38)&#13;&#10;&#9;at org.eclipse.jdt.internal.junit.runner.RemoteTestRunner.runTests(RemoteTestRunner.java:467)&#13;&#10;&#9;at org.eclipse.jdt.internal.junit.runner.RemoteTestRunner.runTests(RemoteTestRunner.java:683)&#13;&#10;&#9;at org.eclipse.jdt.internal.junit.runner.RemoteTestRunner.run(RemoteTestRunner.java:390)&#13;&#10;&#9;at org.codecover.juniteclipse.runner.EclipseTestRunner.main(EclipseTestRunner.java:40)" Date="1589513515105" Name="StdDrawTest:testSetXscale">
<CovList/>
<AssgnmntList/>
<ObjMetaDataList/>
<MetaDataList/>
</TestCase>
<TestCase Comment="Failure&#10;java.lang.AssertionError: Not yet implemented&#13;&#10;&#9;at org.junit.Assert.fail(Assert.java:88)&#13;&#10;&#9;at StdDrawTest.testMouseEntered(StdDrawTest.java:352)&#13;&#10;&#9;at sun.reflect.NativeMethodAccessorImpl.invoke0(Native Method)&#13;&#10;&#9;at sun.reflect.NativeMethodAccessorImpl.invoke(Unknown Source)&#13;&#10;&#9;at sun.reflect.DelegatingMethodAccessorImpl.invoke(Unknown Source)&#13;&#10;&#9;at java.lang.reflect.Method.invoke(Unknown Source)&#13;&#10;&#9;at org.junit.runners.model.FrameworkMethod$1.runReflectiveCall(FrameworkMethod.java:47)&#13;&#10;&#9;at org.junit.internal.runners.model.ReflectiveCallable.run(ReflectiveCallable.java:12)&#13;&#10;&#9;at org.junit.runners.model.FrameworkMethod.invokeExplosively(FrameworkMethod.java:44)&#13;&#10;&#9;at org.junit.internal.runners.statements.InvokeMethod.evaluate(InvokeMethod.java:17)&#13;&#10;&#9;at org.junit.runners.ParentRunner.runLeaf(ParentRunner.java:271)&#13;&#10;&#9;at org.junit.runners.BlockJUnit4ClassRunner.runChild(BlockJUnit4ClassRunner.java:70)&#13;&#10;&#9;at org.junit.runners.BlockJUnit4ClassRunner.runChild(BlockJUnit4ClassRunner.java:50)&#13;&#10;&#9;at org.junit.runners.ParentRunner$3.run(ParentRunner.java:238)&#13;&#10;&#9;at org.junit.runners.ParentRunner$1.schedule(ParentRunner.java:63)&#13;&#10;&#9;at org.junit.runners.ParentRunner.runChildren(ParentRunner.java:236)&#13;&#10;&#9;at org.junit.runners.ParentRunner.access$000(ParentRunner.java:53)&#13;&#10;&#9;at org.junit.runners.ParentRunner$2.evaluate(ParentRunner.java:229)&#13;&#10;&#9;at org.junit.runners.ParentRunner.run(ParentRunner.java:309)&#13;&#10;&#9;at org.eclipse.jdt.internal.junit4.runner.JUnit4TestReference.run(JUnit4TestReference.java:50)&#13;&#10;&#9;at org.eclipse.jdt.internal.junit.runner.TestExecution.run(TestExecution.java:38)&#13;&#10;&#9;at org.eclipse.jdt.internal.junit.runner.RemoteTestRunner.runTests(RemoteTestRunner.java:467)&#13;&#10;&#9;at org.eclipse.jdt.internal.junit.runner.RemoteTestRunner.runTests(RemoteTestRunner.java:683)&#13;&#10;&#9;at org.eclipse.jdt.internal.junit.runner.RemoteTestRunner.run(RemoteTestRunner.java:390)&#13;&#10;&#9;at org.codecover.juniteclipse.runner.EclipseTestRunner.main(EclipseTestRunner.java:40)" Date="1589513515106" Name="StdDrawTest:testMouseEntered">
<CovList/>
<AssgnmntList/>
<ObjMetaDataList/>
<MetaDataList/>
</TestCase>
<TestCase Comment="Failure&#10;java.lang.AssertionError: Not yet implemented&#13;&#10;&#9;at org.junit.Assert.fail(Assert.java:88)&#13;&#10;&#9;at StdDrawTest.testSetYscale(StdDrawTest.java:57)&#13;&#10;&#9;at sun.reflect.NativeMethodAccessorImpl.invoke0(Native Method)&#13;&#10;&#9;at sun.reflect.NativeMethodAccessorImpl.invoke(Unknown Source)&#13;&#10;&#9;at sun.reflect.DelegatingMethodAccessorImpl.invoke(Unknown Source)&#13;&#10;&#9;at java.lang.reflect.Method.invoke(Unknown Source)&#13;&#10;&#9;at org.junit.runners.model.FrameworkMethod$1.runReflectiveCall(FrameworkMethod.java:47)&#13;&#10;&#9;at org.junit.internal.runners.model.ReflectiveCallable.run(ReflectiveCallable.java:12)&#13;&#10;&#9;at org.junit.runners.model.FrameworkMethod.invokeExplosively(FrameworkMethod.java:44)&#13;&#10;&#9;at org.junit.internal.runners.statements.InvokeMethod.evaluate(InvokeMethod.java:17)&#13;&#10;&#9;at org.junit.runners.ParentRunner.runLeaf(ParentRunner.java:271)&#13;&#10;&#9;at org.junit.runners.BlockJUnit4ClassRunner.runChild(BlockJUnit4ClassRunner.java:70)&#13;&#10;&#9;at org.junit.runners.BlockJUnit4ClassRunner.runChild(BlockJUnit4ClassRunner.java:50)&#13;&#10;&#9;at org.junit.runners.ParentRunner$3.run(ParentRunner.java:238)&#13;&#10;&#9;at org.junit.runners.ParentRunner$1.schedule(ParentRunner.java:63)&#13;&#10;&#9;at org.junit.runners.ParentRunner.runChildren(ParentRunner.java:236)&#13;&#10;&#9;at org.junit.runners.ParentRunner.access$000(ParentRunner.java:53)&#13;&#10;&#9;at org.junit.runners.ParentRunner$2.evaluate(ParentRunner.java:229)&#13;&#10;&#9;at org.junit.runners.ParentRunner.run(ParentRunner.java:309)&#13;&#10;&#9;at org.eclipse.jdt.internal.junit4.runner.JUnit4TestReference.run(JUnit4TestReference.java:50)&#13;&#10;&#9;at org.eclipse.jdt.internal.junit.runner.TestExecution.run(TestExecution.java:38)&#13;&#10;&#9;at org.eclipse.jdt.internal.junit.runner.RemoteTestRunner.runTests(RemoteTestRunner.java:467)&#13;&#10;&#9;at org.eclipse.jdt.internal.junit.runner.RemoteTestRunner.runTests(RemoteTestRunner.java:683)&#13;&#10;&#9;at org.eclipse.jdt.internal.junit.runner.RemoteTestRunner.run(RemoteTestRunner.java:390)&#13;&#10;&#9;at org.codecover.juniteclipse.runner.EclipseTestRunner.main(EclipseTestRunner.java:40)" Date="1589513515109" Name="StdDrawTest:testSetYscale">
<CovList/>
<AssgnmntList/>
<ObjMetaDataList/>
<MetaDataList/>
</TestCase>
<TestCase Comment="Failure&#10;java.lang.AssertionError: Not yet implemented&#13;&#10;&#9;at org.junit.Assert.fail(Assert.java:88)&#13;&#10;&#9;at StdDrawTest.testPictureDoubleDoubleStringDouble(StdDrawTest.java:252)&#13;&#10;&#9;at sun.reflect.NativeMethodAccessorImpl.invoke0(Native Method)&#13;&#10;&#9;at sun.reflect.NativeMethodAccessorImpl.invoke(Unknown Source)&#13;&#10;&#9;at sun.reflect.DelegatingMethodAccessorImpl.invoke(Unknown Source)&#13;&#10;&#9;at java.lang.reflect.Method.invoke(Unknown Source)&#13;&#10;&#9;at org.junit.runners.model.FrameworkMethod$1.runReflectiveCall(FrameworkMethod.java:47)&#13;&#10;&#9;at org.junit.internal.runners.model.ReflectiveCallable.run(ReflectiveCallable.java:12)&#13;&#10;&#9;at org.junit.runners.model.FrameworkMethod.invokeExplosively(FrameworkMethod.java:44)&#13;&#10;&#9;at org.junit.internal.runners.statements.InvokeMethod.evaluate(InvokeMethod.java:17)&#13;&#10;&#9;at org.junit.runners.ParentRunner.runLeaf(ParentRunner.java:271)&#13;&#10;&#9;at org.junit.runners.BlockJUnit4ClassRunner.runChild(BlockJUnit4ClassRunner.java:70)&#13;&#10;&#9;at org.junit.runners.BlockJUnit4ClassRunner.runChild(BlockJUnit4ClassRunner.java:50)&#13;&#10;&#9;at org.junit.runners.ParentRunner$3.run(ParentRunner.java:238)&#13;&#10;&#9;at org.junit.runners.ParentRunner$1.schedule(ParentRunner.java:63)&#13;&#10;&#9;at org.junit.runners.ParentRunner.runChildren(ParentRunner.java:236)&#13;&#10;&#9;at org.junit.runners.ParentRunner.access$000(ParentRunner.java:53)&#13;&#10;&#9;at org.junit.runners.ParentRunner$2.evaluate(ParentRunner.java:229)&#13;&#10;&#9;at org.junit.runners.ParentRunner.run(ParentRunner.java:309)&#13;&#10;&#9;at org.eclipse.jdt.internal.junit4.runner.JUnit4TestReference.run(JUnit4TestReference.java:50)&#13;&#10;&#9;at org.eclipse.jdt.internal.junit.runner.TestExecution.run(TestExecution.java:38)&#13;&#10;&#9;at org.eclipse.jdt.internal.junit.runner.RemoteTestRunner.runTests(RemoteTestRunner.java:467)&#13;&#10;&#9;at org.eclipse.jdt.internal.junit.runner.RemoteTestRunner.runTests(RemoteTestRunner.java:683)&#13;&#10;&#9;at org.eclipse.jdt.internal.junit.runner.RemoteTestRunner.run(RemoteTestRunner.java:390)&#13;&#10;&#9;at org.codecover.juniteclipse.runner.EclipseTestRunner.main(EclipseTestRunner.java:40)" Date="1589513515111" Name="StdDrawTest:testPictureDoubleDoubleStringDouble">
<CovList/>
<AssgnmntList/>
<ObjMetaDataList/>
<MetaDataList/>
</TestCase>
<TestCase Comment="Failure&#10;java.lang.AssertionError: Not yet implemented&#13;&#10;&#9;at org.junit.Assert.fail(Assert.java:88)&#13;&#10;&#9;at StdDrawTest.testMouseX(StdDrawTest.java:337)&#13;&#10;&#9;at sun.reflect.NativeMethodAccessorImpl.invoke0(Native Method)&#13;&#10;&#9;at sun.reflect.NativeMethodAccessorImpl.invoke(Unknown Source)&#13;&#10;&#9;at sun.reflect.DelegatingMethodAccessorImpl.invoke(Unknown Source)&#13;&#10;&#9;at java.lang.reflect.Method.invoke(Unknown Source)&#13;&#10;&#9;at org.junit.runners.model.FrameworkMethod$1.runReflectiveCall(FrameworkMethod.java:47)&#13;&#10;&#9;at org.junit.internal.runners.model.ReflectiveCallable.run(ReflectiveCallable.java:12)&#13;&#10;&#9;at org.junit.runners.model.FrameworkMethod.invokeExplosively(FrameworkMethod.java:44)&#13;&#10;&#9;at org.junit.internal.runners.statements.InvokeMethod.evaluate(InvokeMethod.java:17)&#13;&#10;&#9;at org.junit.runners.ParentRunner.runLeaf(ParentRunner.java:271)&#13;&#10;&#9;at org.junit.runners.BlockJUnit4ClassRunner.runChild(BlockJUnit4ClassRunner.java:70)&#13;&#10;&#9;at org.junit.runners.BlockJUnit4ClassRunner.runChild(BlockJUnit4ClassRunner.java:50)&#13;&#10;&#9;at org.junit.runners.ParentRunner$3.run(ParentRunner.java:238)&#13;&#10;&#9;at org.junit.runners.ParentRunner$1.schedule(ParentRunner.java:63)&#13;&#10;&#9;at org.junit.runners.ParentRunner.runChildren(ParentRunner.java:236)&#13;&#10;&#9;at org.junit.runners.ParentRunner.access$000(ParentRunner.java:53)&#13;&#10;&#9;at org.junit.runners.ParentRunner$2.evaluate(ParentRunner.java:229)&#13;&#10;&#9;at org.junit.runners.ParentRunner.run(ParentRunner.java:309)&#13;&#10;&#9;at org.eclipse.jdt.internal.junit4.runner.JUnit4TestReference.run(JUnit4TestReference.java:50)&#13;&#10;&#9;at org.eclipse.jdt.internal.junit.runner.TestExecution.run(TestExecution.java:38)&#13;&#10;&#9;at org.eclipse.jdt.internal.junit.runner.RemoteTestRunner.runTests(RemoteTestRunner.java:467)&#13;&#10;&#9;at org.eclipse.jdt.internal.junit.runner.RemoteTestRunner.runTests(RemoteTestRunner.java:683)&#13;&#10;&#9;at org.eclipse.jdt.internal.junit.runner.RemoteTestRunner.run(RemoteTestRunner.java:390)&#13;&#10;&#9;at org.codecover.juniteclipse.runner.EclipseTestRunner.main(EclipseTestRunner.java:40)" Date="1589513515114" Name="StdDrawTest:testMouseX">
<CovList/>
<AssgnmntList/>
<ObjMetaDataList/>
<MetaDataList/>
</TestCase>
<TestCase Comment="Failure&#10;java.lang.AssertionError: Not yet implemented&#13;&#10;&#9;at org.junit.Assert.fail(Assert.java:88)&#13;&#10;&#9;at StdDrawTest.testMouseY(StdDrawTest.java:342)&#13;&#10;&#9;at sun.reflect.NativeMethodAccessorImpl.invoke0(Native Method)&#13;&#10;&#9;at sun.reflect.NativeMethodAccessorImpl.invoke(Unknown Source)&#13;&#10;&#9;at sun.reflect.DelegatingMethodAccessorImpl.invoke(Unknown Source)&#13;&#10;&#9;at java.lang.reflect.Method.invoke(Unknown Source)&#13;&#10;&#9;at org.junit.runners.model.FrameworkMethod$1.runReflectiveCall(FrameworkMethod.java:47)&#13;&#10;&#9;at org.junit.internal.runners.model.ReflectiveCallable.run(ReflectiveCallable.java:12)&#13;&#10;&#9;at org.junit.runners.model.FrameworkMethod.invokeExplosively(FrameworkMethod.java:44)&#13;&#10;&#9;at org.junit.internal.runners.statements.InvokeMethod.evaluate(InvokeMethod.java:17)&#13;&#10;&#9;at org.junit.runners.ParentRunner.runLeaf(ParentRunner.java:271)&#13;&#10;&#9;at org.junit.runners.BlockJUnit4ClassRunner.runChild(BlockJUnit4ClassRunner.java:70)&#13;&#10;&#9;at org.junit.runners.BlockJUnit4ClassRunner.runChild(BlockJUnit4ClassRunner.java:50)&#13;&#10;&#9;at org.junit.runners.ParentRunner$3.run(ParentRunner.java:238)&#13;&#10;&#9;at org.junit.runners.ParentRunner$1.schedule(ParentRunner.java:63)&#13;&#10;&#9;at org.junit.runners.ParentRunner.runChildren(ParentRunner.java:236)&#13;&#10;&#9;at org.junit.runners.ParentRunner.access$000(ParentRunner.java:53)&#13;&#10;&#9;at org.junit.runners.ParentRunner$2.evaluate(ParentRunner.java:229)&#13;&#10;&#9;at org.junit.runners.ParentRunner.run(ParentRunner.java:309)&#13;&#10;&#9;at org.eclipse.jdt.internal.junit4.runner.JUnit4TestReference.run(JUnit4TestReference.java:50)&#13;&#10;&#9;at org.eclipse.jdt.internal.junit.runner.TestExecution.run(TestExecution.java:38)&#13;&#10;&#9;at org.eclipse.jdt.internal.junit.runner.RemoteTestRunner.runTests(RemoteTestRunner.java:467)&#13;&#10;&#9;at org.eclipse.jdt.internal.junit.runner.RemoteTestRunner.runTests(RemoteTestRunner.java:683)&#13;&#10;&#9;at org.eclipse.jdt.internal.junit.runner.RemoteTestRunner.run(RemoteTestRunner.java:390)&#13;&#10;&#9;at org.codecover.juniteclipse.runner.EclipseTestRunner.main(EclipseTestRunner.java:40)" Date="1589513515116" Name="StdDrawTest:testMouseY">
<CovList>
<CovPrefix CovItemPrefix="StdDraw.java">
<Cov CovItemId="S520" Value="1"/>
<Cov CovItemId="S521" Value="1"/>
<Cov CovItemId="S522" Value="1"/>
<Cov CovItemId="S523" Value="1"/>
</CovPrefix>
</CovList>
<AssgnmntList/>
<ObjMetaDataList/>
<MetaDataList/>
</TestCase>
<TestCase Comment="Failure&#10;java.lang.AssertionError: Not yet implemented&#13;&#10;&#9;at org.junit.Assert.fail(Assert.java:88)&#13;&#10;&#9;at StdDrawTest.testSetFont(StdDrawTest.java:162)&#13;&#10;&#9;at sun.reflect.NativeMethodAccessorImpl.invoke0(Native Method)&#13;&#10;&#9;at sun.reflect.NativeMethodAccessorImpl.invoke(Unknown Source)&#13;&#10;&#9;at sun.reflect.DelegatingMethodAccessorImpl.invoke(Unknown Source)&#13;&#10;&#9;at java.lang.reflect.Method.invoke(Unknown Source)&#13;&#10;&#9;at org.junit.runners.model.FrameworkMethod$1.runReflectiveCall(FrameworkMethod.java:47)&#13;&#10;&#9;at org.junit.internal.runners.model.ReflectiveCallable.run(ReflectiveCallable.java:12)&#13;&#10;&#9;at org.junit.runners.model.FrameworkMethod.invokeExplosively(FrameworkMethod.java:44)&#13;&#10;&#9;at org.junit.internal.runners.statements.InvokeMethod.evaluate(InvokeMethod.java:17)&#13;&#10;&#9;at org.junit.runners.ParentRunner.runLeaf(ParentRunner.java:271)&#13;&#10;&#9;at org.junit.runners.BlockJUnit4ClassRunner.runChild(BlockJUnit4ClassRunner.java:70)&#13;&#10;&#9;at org.junit.runners.BlockJUnit4ClassRunner.runChild(BlockJUnit4ClassRunner.java:50)&#13;&#10;&#9;at org.junit.runners.ParentRunner$3.run(ParentRunner.java:238)&#13;&#10;&#9;at org.junit.runners.ParentRunner$1.schedule(ParentRunner.java:63)&#13;&#10;&#9;at org.junit.runners.ParentRunner.runChildren(ParentRunner.java:236)&#13;&#10;&#9;at org.junit.runners.ParentRunner.access$000(ParentRunner.java:53)&#13;&#10;&#9;at org.junit.runners.ParentRunner$2.evaluate(ParentRunner.java:229)&#13;&#10;&#9;at org.junit.runners.ParentRunner.run(ParentRunner.java:309)&#13;&#10;&#9;at org.eclipse.jdt.internal.junit4.runner.JUnit4TestReference.run(JUnit4TestReference.java:50)&#13;&#10;&#9;at org.eclipse.jdt.internal.junit.runner.TestExecution.run(TestExecution.java:38)&#13;&#10;&#9;at org.eclipse.jdt.internal.junit.runner.RemoteTestRunner.runTests(RemoteTestRunner.java:467)&#13;&#10;&#9;at org.eclipse.jdt.internal.junit.runner.RemoteTestRunner.runTests(RemoteTestRunner.java:683)&#13;&#10;&#9;at org.eclipse.jdt.internal.junit.runner.RemoteTestRunner.run(RemoteTestRunner.java:390)&#13;&#10;&#9;at org.codecover.juniteclipse.runner.EclipseTestRunner.main(EclipseTestRunner.java:40)" Date="1589513515118" Name="StdDrawTest:testSetFont">
<CovList/>
<AssgnmntList/>
<ObjMetaDataList/>
<MetaDataList/>
</TestCase>
<TestCase Comment="Failure&#10;java.lang.AssertionError: Not yet implemented&#13;&#10;&#9;at org.junit.Assert.fail(Assert.java:88)&#13;&#10;&#9;at StdDrawTest.testSetPenColor(StdDrawTest.java:142)&#13;&#10;&#9;at sun.reflect.NativeMethodAccessorImpl.invoke0(Native Method)&#13;&#10;&#9;at sun.reflect.NativeMethodAccessorImpl.invoke(Unknown Source)&#13;&#10;&#9;at sun.reflect.DelegatingMethodAccessorImpl.invoke(Unknown Source)&#13;&#10;&#9;at java.lang.reflect.Method.invoke(Unknown Source)&#13;&#10;&#9;at org.junit.runners.model.FrameworkMethod$1.runReflectiveCall(FrameworkMethod.java:47)&#13;&#10;&#9;at org.junit.internal.runners.model.ReflectiveCallable.run(ReflectiveCallable.java:12)&#13;&#10;&#9;at org.junit.runners.model.FrameworkMethod.invokeExplosively(FrameworkMethod.java:44)&#13;&#10;&#9;at org.junit.internal.runners.statements.InvokeMethod.evaluate(InvokeMethod.java:17)&#13;&#10;&#9;at org.junit.runners.ParentRunner.runLeaf(ParentRunner.java:271)&#13;&#10;&#9;at org.junit.runners.BlockJUnit4ClassRunner.runChild(BlockJUnit4ClassRunner.java:70)&#13;&#10;&#9;at org.junit.runners.BlockJUnit4ClassRunner.runChild(BlockJUnit4ClassRunner.java:50)&#13;&#10;&#9;at org.junit.runners.ParentRunner$3.run(ParentRunner.java:238)&#13;&#10;&#9;at org.junit.runners.ParentRunner$1.schedule(ParentRunner.java:63)&#13;&#10;&#9;at org.junit.runners.ParentRunner.runChildren(ParentRunner.java:236)&#13;&#10;&#9;at org.junit.runners.ParentRunner.access$000(ParentRunner.java:53)&#13;&#10;&#9;at org.junit.runners.ParentRunner$2.evaluate(ParentRunner.java:229)&#13;&#10;&#9;at org.junit.runners.ParentRunner.run(ParentRunner.java:309)&#13;&#10;&#9;at org.eclipse.jdt.internal.junit4.runner.JUnit4TestReference.run(JUnit4TestReference.java:50)&#13;&#10;&#9;at org.eclipse.jdt.internal.junit.runner.TestExecution.run(TestExecution.java:38)&#13;&#10;&#9;at org.eclipse.jdt.internal.junit.runner.RemoteTestRunner.runTests(RemoteTestRunner.java:467)&#13;&#10;&#9;at org.eclipse.jdt.internal.junit.runner.RemoteTestRunner.runTests(RemoteTestRunner.java:683)&#13;&#10;&#9;at org.eclipse.jdt.internal.junit.runner.RemoteTestRunner.run(RemoteTestRunner.java:390)&#13;&#10;&#9;at org.codecover.juniteclipse.runner.EclipseTestRunner.main(EclipseTestRunner.java:40)" Date="1589513515120" Name="StdDrawTest:testSetPenColor">
<CovList/>
<AssgnmntList/>
<ObjMetaDataList/>
<MetaDataList/>
</TestCase>
<TestCase Comment="Failure&#10;java.lang.AssertionError: Not yet implemented&#13;&#10;&#9;at org.junit.Assert.fail(Assert.java:88)&#13;&#10;&#9;at StdDrawTest.testGetPenRadius(StdDrawTest.java:122)&#13;&#10;&#9;at sun.reflect.NativeMethodAccessorImpl.invoke0(Native Method)&#13;&#10;&#9;at sun.reflect.NativeMethodAccessorImpl.invoke(Unknown Source)&#13;&#10;&#9;at sun.reflect.DelegatingMethodAccessorImpl.invoke(Unknown Source)&#13;&#10;&#9;at java.lang.reflect.Method.invoke(Unknown Source)&#13;&#10;&#9;at org.junit.runners.model.FrameworkMethod$1.runReflectiveCall(FrameworkMethod.java:47)&#13;&#10;&#9;at org.junit.internal.runners.model.ReflectiveCallable.run(ReflectiveCallable.java:12)&#13;&#10;&#9;at org.junit.runners.model.FrameworkMethod.invokeExplosively(FrameworkMethod.java:44)&#13;&#10;&#9;at org.junit.internal.runners.statements.InvokeMethod.evaluate(InvokeMethod.java:17)&#13;&#10;&#9;at org.junit.runners.ParentRunner.runLeaf(ParentRunner.java:271)&#13;&#10;&#9;at org.junit.runners.BlockJUnit4ClassRunner.runChild(BlockJUnit4ClassRunner.java:70)&#13;&#10;&#9;at org.junit.runners.BlockJUnit4ClassRunner.runChild(BlockJUnit4ClassRunner.java:50)&#13;&#10;&#9;at org.junit.runners.ParentRunner$3.run(ParentRunner.java:238)&#13;&#10;&#9;at org.junit.runners.ParentRunner$1.schedule(ParentRunner.java:63)&#13;&#10;&#9;at org.junit.runners.ParentRunner.runChildren(ParentRunner.java:236)&#13;&#10;&#9;at org.junit.runners.ParentRunner.access$000(ParentRunner.java:53)&#13;&#10;&#9;at org.junit.runners.ParentRunner$2.evaluate(ParentRunner.java:229)&#13;&#10;&#9;at org.junit.runners.ParentRunner.run(ParentRunner.java:309)&#13;&#10;&#9;at org.eclipse.jdt.internal.junit4.runner.JUnit4TestReference.run(JUnit4TestReference.java:50)&#13;&#10;&#9;at org.eclipse.jdt.internal.junit.runner.TestExecution.run(TestExecution.java:38)&#13;&#10;&#9;at org.eclipse.jdt.internal.junit.runner.RemoteTestRunner.runTests(RemoteTestRunner.java:467)&#13;&#10;&#9;at org.eclipse.jdt.internal.junit.runner.RemoteTestRunner.runTests(RemoteTestRunner.java:683)&#13;&#10;&#9;at org.eclipse.jdt.internal.junit.runner.RemoteTestRunner.run(RemoteTestRunner.java:390)&#13;&#10;&#9;at org.codecover.juniteclipse.runner.EclipseTestRunner.main(EclipseTestRunner.java:40)" Date="1589513515122" Name="StdDrawTest:testGetPenRadius">
<CovList/>
<AssgnmntList/>
<ObjMetaDataList/>
<MetaDataList/>
</TestCase>
<TestCase Comment="Failure&#10;java.lang.AssertionError: Not yet implemented&#13;&#10;&#9;at org.junit.Assert.fail(Assert.java:88)&#13;&#10;&#9;at StdDrawTest.testShowInt(StdDrawTest.java:287)&#13;&#10;&#9;at sun.reflect.NativeMethodAccessorImpl.invoke0(Native Method)&#13;&#10;&#9;at sun.reflect.NativeMethodAccessorImpl.invoke(Unknown Source)&#13;&#10;&#9;at sun.reflect.DelegatingMethodAccessorImpl.invoke(Unknown Source)&#13;&#10;&#9;at java.lang.reflect.Method.invoke(Unknown Source)&#13;&#10;&#9;at org.junit.runners.model.FrameworkMethod$1.runReflectiveCall(FrameworkMethod.java:47)&#13;&#10;&#9;at org.junit.internal.runners.model.ReflectiveCallable.run(ReflectiveCallable.java:12)&#13;&#10;&#9;at org.junit.runners.model.FrameworkMethod.invokeExplosively(FrameworkMethod.java:44)&#13;&#10;&#9;at org.junit.internal.runners.statements.InvokeMethod.evaluate(InvokeMethod.java:17)&#13;&#10;&#9;at org.junit.runners.ParentRunner.runLeaf(ParentRunner.java:271)&#13;&#10;&#9;at org.junit.runners.BlockJUnit4ClassRunner.runChild(BlockJUnit4ClassRunner.java:70)&#13;&#10;&#9;at org.junit.runners.BlockJUnit4ClassRunner.runChild(BlockJUnit4ClassRunner.java:50)&#13;&#10;&#9;at org.junit.runners.ParentRunner$3.run(ParentRunner.java:238)&#13;&#10;&#9;at org.junit.runners.ParentRunner$1.schedule(ParentRunner.java:63)&#13;&#10;&#9;at org.junit.runners.ParentRunner.runChildren(ParentRunner.java:236)&#13;&#10;&#9;at org.junit.runners.ParentRunner.access$000(ParentRunner.java:53)&#13;&#10;&#9;at org.junit.runners.ParentRunner$2.evaluate(ParentRunner.java:229)&#13;&#10;&#9;at org.junit.runners.ParentRunner.run(ParentRunner.java:309)&#13;&#10;&#9;at org.eclipse.jdt.internal.junit4.runner.JUnit4TestReference.run(JUnit4TestReference.java:50)&#13;&#10;&#9;at org.eclipse.jdt.internal.junit.runner.TestExecution.run(TestExecution.java:38)&#13;&#10;&#9;at org.eclipse.jdt.internal.junit.runner.RemoteTestRunner.runTests(RemoteTestRunner.java:467)&#13;&#10;&#9;at org.eclipse.jdt.internal.junit.runner.RemoteTestRunner.runTests(RemoteTestRunner.java:683)&#13;&#10;&#9;at org.eclipse.jdt.internal.junit.runner.RemoteTestRunner.run(RemoteTestRunner.java:390)&#13;&#10;&#9;at org.codecover.juniteclipse.runner.EclipseTestRunner.main(EclipseTestRunner.java:40)" Date="1589513515124" Name="StdDrawTest:testShowInt">
<CovList/>
<AssgnmntList/>
<ObjMetaDataList/>
<MetaDataList/>
</TestCase>
<TestCase Comment="Failure&#10;java.lang.AssertionError: Not yet implemented&#13;&#10;&#9;at org.junit.Assert.fail(Assert.java:88)&#13;&#10;&#9;at StdDrawTest.testSetFontFont(StdDrawTest.java:167)&#13;&#10;&#9;at sun.reflect.NativeMethodAccessorImpl.invoke0(Native Method)&#13;&#10;&#9;at sun.reflect.NativeMethodAccessorImpl.invoke(Unknown Source)&#13;&#10;&#9;at sun.reflect.DelegatingMethodAccessorImpl.invoke(Unknown Source)&#13;&#10;&#9;at java.lang.reflect.Method.invoke(Unknown Source)&#13;&#10;&#9;at org.junit.runners.model.FrameworkMethod$1.runReflectiveCall(FrameworkMethod.java:47)&#13;&#10;&#9;at org.junit.internal.runners.model.ReflectiveCallable.run(ReflectiveCallable.java:12)&#13;&#10;&#9;at org.junit.runners.model.FrameworkMethod.invokeExplosively(FrameworkMethod.java:44)&#13;&#10;&#9;at org.junit.internal.runners.statements.InvokeMethod.evaluate(InvokeMethod.java:17)&#13;&#10;&#9;at org.junit.runners.ParentRunner.runLeaf(ParentRunner.java:271)&#13;&#10;&#9;at org.junit.runners.BlockJUnit4ClassRunner.runChild(BlockJUnit4ClassRunner.java:70)&#13;&#10;&#9;at org.junit.runners.BlockJUnit4ClassRunner.runChild(BlockJUnit4ClassRunner.java:50)&#13;&#10;&#9;at org.junit.runners.ParentRunner$3.run(ParentRunner.java:238)&#13;&#10;&#9;at org.junit.runners.ParentRunner$1.schedule(ParentRunner.java:63)&#13;&#10;&#9;at org.junit.runners.ParentRunner.runChildren(ParentRunner.java:236)&#13;&#10;&#9;at org.junit.runners.ParentRunner.access$000(ParentRunner.java:53)&#13;&#10;&#9;at org.junit.runners.ParentRunner$2.evaluate(ParentRunner.java:229)&#13;&#10;&#9;at org.junit.runners.ParentRunner.run(ParentRunner.java:309)&#13;&#10;&#9;at org.eclipse.jdt.internal.junit4.runner.JUnit4TestReference.run(JUnit4TestReference.java:50)&#13;&#10;&#9;at org.eclipse.jdt.internal.junit.runner.TestExecution.run(TestExecution.java:38)&#13;&#10;&#9;at org.eclipse.jdt.internal.junit.runner.RemoteTestRunner.runTests(RemoteTestRunner.java:467)&#13;&#10;&#9;at org.eclipse.jdt.internal.junit.runner.RemoteTestRunner.runTests(RemoteTestRunner.java:683)&#13;&#10;&#9;at org.eclipse.jdt.internal.junit.runner.RemoteTestRunner.run(RemoteTestRunner.java:390)&#13;&#10;&#9;at org.codecover.juniteclipse.runner.EclipseTestRunner.main(EclipseTestRunner.java:40)" Date="1589513515128" Name="StdDrawTest:testSetFontFont">
<CovList/>
<AssgnmntList/>
<ObjMetaDataList/>
<MetaDataList/>
</TestCase>
<TestCase Comment="Failure&#10;java.lang.AssertionError: Not yet implemented&#13;&#10;&#9;at org.junit.Assert.fail(Assert.java:88)&#13;&#10;&#9;at StdDrawTest.testGetPenColor(StdDrawTest.java:137)&#13;&#10;&#9;at sun.reflect.NativeMethodAccessorImpl.invoke0(Native Method)&#13;&#10;&#9;at sun.reflect.NativeMethodAccessorImpl.invoke(Unknown Source)&#13;&#10;&#9;at sun.reflect.DelegatingMethodAccessorImpl.invoke(Unknown Source)&#13;&#10;&#9;at java.lang.reflect.Method.invoke(Unknown Source)&#13;&#10;&#9;at org.junit.runners.model.FrameworkMethod$1.runReflectiveCall(FrameworkMethod.java:47)&#13;&#10;&#9;at org.junit.internal.runners.model.ReflectiveCallable.run(ReflectiveCallable.java:12)&#13;&#10;&#9;at org.junit.runners.model.FrameworkMethod.invokeExplosively(FrameworkMethod.java:44)&#13;&#10;&#9;at org.junit.internal.runners.statements.InvokeMethod.evaluate(InvokeMethod.java:17)&#13;&#10;&#9;at org.junit.runners.ParentRunner.runLeaf(ParentRunner.java:271)&#13;&#10;&#9;at org.junit.runners.BlockJUnit4ClassRunner.runChild(BlockJUnit4ClassRunner.java:70)&#13;&#10;&#9;at org.junit.runners.BlockJUnit4ClassRunner.runChild(BlockJUnit4ClassRunner.java:50)&#13;&#10;&#9;at org.junit.runners.ParentRunner$3.run(ParentRunner.java:238)&#13;&#10;&#9;at org.junit.runners.ParentRunner$1.schedule(ParentRunner.java:63)&#13;&#10;&#9;at org.junit.runners.ParentRunner.runChildren(ParentRunner.java:236)&#13;&#10;&#9;at org.junit.runners.ParentRunner.access$000(ParentRunner.java:53)&#13;&#10;&#9;at org.junit.runners.ParentRunner$2.evaluate(ParentRunner.java:229)&#13;&#10;&#9;at org.junit.runners.ParentRunner.run(ParentRunner.java:309)&#13;&#10;&#9;at org.eclipse.jdt.internal.junit4.runner.JUnit4TestReference.run(JUnit4TestReference.java:50)&#13;&#10;&#9;at org.eclipse.jdt.internal.junit.runner.TestExecution.run(TestExecution.java:38)&#13;&#10;&#9;at org.eclipse.jdt.internal.junit.runner.RemoteTestRunner.runTests(RemoteTestRunner.java:467)&#13;&#10;&#9;at org.eclipse.jdt.internal.junit.runner.RemoteTestRunner.runTests(RemoteTestRunner.java:683)&#13;&#10;&#9;at org.eclipse.jdt.internal.junit.runner.RemoteTestRunner.run(RemoteTestRunner.java:390)&#13;&#10;&#9;at org.codecover.juniteclipse.runner.EclipseTestRunner.main(EclipseTestRunner.java:40)" Date="1589513515130" Name="StdDrawTest:testGetPenColor">
<CovList/>
<AssgnmntList/>
<ObjMetaDataList/>
<MetaDataList/>
</TestCase>
<TestCase Comment="Failure&#10;java.lang.AssertionError: Not yet implemented&#13;&#10;&#9;at org.junit.Assert.fail(Assert.java:88)&#13;&#10;&#9;at StdDrawTest.testScaleX(StdDrawTest.java:82)&#13;&#10;&#9;at sun.reflect.NativeMethodAccessorImpl.invoke0(Native Method)&#13;&#10;&#9;at sun.reflect.NativeMethodAccessorImpl.invoke(Unknown Source)&#13;&#10;&#9;at sun.reflect.DelegatingMethodAccessorImpl.invoke(Unknown Source)&#13;&#10;&#9;at java.lang.reflect.Method.invoke(Unknown Source)&#13;&#10;&#9;at org.junit.runners.model.FrameworkMethod$1.runReflectiveCall(FrameworkMethod.java:47)&#13;&#10;&#9;at org.junit.internal.runners.model.ReflectiveCallable.run(ReflectiveCallable.java:12)&#13;&#10;&#9;at org.junit.runners.model.FrameworkMethod.invokeExplosively(FrameworkMethod.java:44)&#13;&#10;&#9;at org.junit.internal.runners.statements.InvokeMethod.evaluate(InvokeMethod.java:17)&#13;&#10;&#9;at org.junit.runners.ParentRunner.runLeaf(ParentRunner.java:271)&#13;&#10;&#9;at org.junit.runners.BlockJUnit4ClassRunner.runChild(BlockJUnit4ClassRunner.java:70)&#13;&#10;&#9;at org.junit.runners.BlockJUnit4ClassRunner.runChild(BlockJUnit4ClassRunner.java:50)&#13;&#10;&#9;at org.junit.runners.ParentRunner$3.run(ParentRunner.java:238)&#13;&#10;&#9;at org.junit.runners.ParentRunner$1.schedule(ParentRunner.java:63)&#13;&#10;&#9;at org.junit.runners.ParentRunner.runChildren(ParentRunner.java:236)&#13;&#10;&#9;at org.junit.runners.ParentRunner.access$000(ParentRunner.java:53)&#13;&#10;&#9;at org.junit.runners.ParentRunner$2.evaluate(ParentRunner.java:229)&#13;&#10;&#9;at org.junit.runners.ParentRunner.run(ParentRunner.java:309)&#13;&#10;&#9;at org.eclipse.jdt.internal.junit4.runner.JUnit4TestReference.run(JUnit4TestReference.java:50)&#13;&#10;&#9;at org.eclipse.jdt.internal.junit.runner.TestExecution.run(TestExecution.java:38)&#13;&#10;&#9;at org.eclipse.jdt.internal.junit.runner.RemoteTestRunner.runTests(RemoteTestRunner.java:467)&#13;&#10;&#9;at org.eclipse.jdt.internal.junit.runner.RemoteTestRunner.runTests(RemoteTestRunner.java:683)&#13;&#10;&#9;at org.eclipse.jdt.internal.junit.runner.RemoteTestRunner.run(RemoteTestRunner.java:390)&#13;&#10;&#9;at org.codecover.juniteclipse.runner.EclipseTestRunner.main(EclipseTestRunner.java:40)" Date="1589513515132" Name="StdDrawTest:testScaleX">
<CovList/>
<AssgnmntList/>
<ObjMetaDataList/>
<MetaDataList/>
</TestCase>
<TestCase Comment="Failure&#10;java.lang.AssertionError: Not yet implemented&#13;&#10;&#9;at org.junit.Assert.fail(Assert.java:88)&#13;&#10;&#9;at StdDrawTest.testScaleY(StdDrawTest.java:87)&#13;&#10;&#9;at sun.reflect.NativeMethodAccessorImpl.invoke0(Native Method)&#13;&#10;&#9;at sun.reflect.NativeMethodAccessorImpl.invoke(Unknown Source)&#13;&#10;&#9;at sun.reflect.DelegatingMethodAccessorImpl.invoke(Unknown Source)&#13;&#10;&#9;at java.lang.reflect.Method.invoke(Unknown Source)&#13;&#10;&#9;at org.junit.runners.model.FrameworkMethod$1.runReflectiveCall(FrameworkMethod.java:47)&#13;&#10;&#9;at org.junit.internal.runners.model.ReflectiveCallable.run(ReflectiveCallable.java:12)&#13;&#10;&#9;at org.junit.runners.model.FrameworkMethod.invokeExplosively(FrameworkMethod.java:44)&#13;&#10;&#9;at org.junit.internal.runners.statements.InvokeMethod.evaluate(InvokeMethod.java:17)&#13;&#10;&#9;at org.junit.runners.ParentRunner.runLeaf(ParentRunner.java:271)&#13;&#10;&#9;at org.junit.runners.BlockJUnit4ClassRunner.runChild(BlockJUnit4ClassRunner.java:70)&#13;&#10;&#9;at org.junit.runners.BlockJUnit4ClassRunner.runChild(BlockJUnit4ClassRunner.java:50)&#13;&#10;&#9;at org.junit.runners.ParentRunner$3.run(ParentRunner.java:238)&#13;&#10;&#9;at org.junit.runners.ParentRunner$1.schedule(ParentRunner.java:63)&#13;&#10;&#9;at org.junit.runners.ParentRunner.runChildren(ParentRunner.java:236)&#13;&#10;&#9;at org.junit.runners.ParentRunner.access$000(ParentRunner.java:53)&#13;&#10;&#9;at org.junit.runners.ParentRunner$2.evaluate(ParentRunner.java:229)&#13;&#10;&#9;at org.junit.runners.ParentRunner.run(ParentRunner.java:309)&#13;&#10;&#9;at org.eclipse.jdt.internal.junit4.runner.JUnit4TestReference.run(JUnit4TestReference.java:50)&#13;&#10;&#9;at org.eclipse.jdt.internal.junit.runner.TestExecution.run(TestExecution.java:38)&#13;&#10;&#9;at org.eclipse.jdt.internal.junit.runner.RemoteTestRunner.runTests(RemoteTestRunner.java:467)&#13;&#10;&#9;at org.eclipse.jdt.internal.junit.runner.RemoteTestRunner.runTests(RemoteTestRunner.java:683)&#13;&#10;&#9;at org.eclipse.jdt.internal.junit.runner.RemoteTestRunner.run(RemoteTestRunner.java:390)&#13;&#10;&#9;at org.codecover.juniteclipse.runner.EclipseTestRunner.main(EclipseTestRunner.java:40)" Date="1589513515134" Name="StdDrawTest:testScaleY">
<CovList/>
<AssgnmntList/>
<ObjMetaDataList/>
<MetaDataList/>
</TestCase>
<TestCase Comment="Failure&#10;java.lang.AssertionError: Not yet implemented&#13;&#10;&#9;at org.junit.Assert.fail(Assert.java:88)&#13;&#10;&#9;at StdDrawTest.testDisableDoubleBuffering(StdDrawTest.java:312)&#13;&#10;&#9;at sun.reflect.NativeMethodAccessorImpl.invoke0(Native Method)&#13;&#10;&#9;at sun.reflect.NativeMethodAccessorImpl.invoke(Unknown Source)&#13;&#10;&#9;at sun.reflect.DelegatingMethodAccessorImpl.invoke(Unknown Source)&#13;&#10;&#9;at java.lang.reflect.Method.invoke(Unknown Source)&#13;&#10;&#9;at org.junit.runners.model.FrameworkMethod$1.runReflectiveCall(FrameworkMethod.java:47)&#13;&#10;&#9;at org.junit.internal.runners.model.ReflectiveCallable.run(ReflectiveCallable.java:12)&#13;&#10;&#9;at org.junit.runners.model.FrameworkMethod.invokeExplosively(FrameworkMethod.java:44)&#13;&#10;&#9;at org.junit.internal.runners.statements.InvokeMethod.evaluate(InvokeMethod.java:17)&#13;&#10;&#9;at org.junit.runners.ParentRunner.runLeaf(ParentRunner.java:271)&#13;&#10;&#9;at org.junit.runners.BlockJUnit4ClassRunner.runChild(BlockJUnit4ClassRunner.java:70)&#13;&#10;&#9;at org.junit.runners.BlockJUnit4ClassRunner.runChild(BlockJUnit4ClassRunner.java:50)&#13;&#10;&#9;at org.junit.runners.ParentRunner$3.run(ParentRunner.java:238)&#13;&#10;&#9;at org.junit.runners.ParentRunner$1.schedule(ParentRunner.java:63)&#13;&#10;&#9;at org.junit.runners.ParentRunner.runChildren(ParentRunner.java:236)&#13;&#10;&#9;at org.junit.runners.ParentRunner.access$000(ParentRunner.java:53)&#13;&#10;&#9;at org.junit.runners.ParentRunner$2.evaluate(ParentRunner.java:229)&#13;&#10;&#9;at org.junit.runners.ParentRunner.run(ParentRunner.java:309)&#13;&#10;&#9;at org.eclipse.jdt.internal.junit4.runner.JUnit4TestReference.run(JUnit4TestReference.java:50)&#13;&#10;&#9;at org.eclipse.jdt.internal.junit.runner.TestExecution.run(TestExecution.java:38)&#13;&#10;&#9;at org.eclipse.jdt.internal.junit.runner.RemoteTestRunner.runTests(RemoteTestRunner.java:467)&#13;&#10;&#9;at org.eclipse.jdt.internal.junit.runner.RemoteTestRunner.runTests(RemoteTestRunner.java:683)&#13;&#10;&#9;at org.eclipse.jdt.internal.junit.runner.RemoteTestRunner.run(RemoteTestRunner.java:390)&#13;&#10;&#9;at org.codecover.juniteclipse.runner.EclipseTestRunner.main(EclipseTestRunner.java:40)" Date="1589513515135" Name="StdDrawTest:testDisableDoubleBuffering">
<CovList/>
<AssgnmntList/>
<ObjMetaDataList/>
<MetaDataList/>
</TestCase>
<TestCase Comment="Failure&#10;java.lang.AssertionError: Not yet implemented&#13;&#10;&#9;at org.junit.Assert.fail(Assert.java:88)&#13;&#10;&#9;at StdDrawTest.testSquare(StdDrawTest.java:212)&#13;&#10;&#9;at sun.reflect.NativeMethodAccessorImpl.invoke0(Native Method)&#13;&#10;&#9;at sun.reflect.NativeMethodAccessorImpl.invoke(Unknown Source)&#13;&#10;&#9;at sun.reflect.DelegatingMethodAccessorImpl.invoke(Unknown Source)&#13;&#10;&#9;at java.lang.reflect.Method.invoke(Unknown Source)&#13;&#10;&#9;at org.junit.runners.model.FrameworkMethod$1.runReflectiveCall(FrameworkMethod.java:47)&#13;&#10;&#9;at org.junit.internal.runners.model.ReflectiveCallable.run(ReflectiveCallable.java:12)&#13;&#10;&#9;at org.junit.runners.model.FrameworkMethod.invokeExplosively(FrameworkMethod.java:44)&#13;&#10;&#9;at org.junit.internal.runners.statements.InvokeMethod.evaluate(InvokeMethod.java:17)&#13;&#10;&#9;at org.junit.runners.ParentRunner.runLeaf(ParentRunner.java:271)&#13;&#10;&#9;at org.junit.runners.BlockJUnit4ClassRunner.runChild(BlockJUnit4ClassRunner.java:70)&#13;&#10;&#9;at org.junit.runners.BlockJUnit4ClassRunner.runChild(BlockJUnit4ClassRunner.java:50)&#13;&#10;&#9;at org.junit.runners.ParentRunner$3.run(ParentRunner.java:238)&#13;&#10;&#9;at org.junit.runners.ParentRunner$1.schedule(ParentRunner.java:63)&#13;&#10;&#9;at org.junit.runners.ParentRunner.runChildren(ParentRunner.java:236)&#13;&#10;&#9;at org.junit.runners.ParentRunner.access$000(ParentRunner.java:53)&#13;&#10;&#9;at org.junit.runners.ParentRunner$2.evaluate(ParentRunner.java:229)&#13;&#10;&#9;at org.junit.runners.ParentRunner.run(ParentRunner.java:309)&#13;&#10;&#9;at org.eclipse.jdt.internal.junit4.runner.JUnit4TestReference.run(JUnit4TestReference.java:50)&#13;&#10;&#9;at org.eclipse.jdt.internal.junit.runner.TestExecution.run(TestExecution.java:38)&#13;&#10;&#9;at org.eclipse.jdt.internal.junit.runner.RemoteTestRunner.runTests(RemoteTestRunner.java:467)&#13;&#10;&#9;at org.eclipse.jdt.internal.junit.runner.RemoteTestRunner.runTests(RemoteTestRunner.java:683)&#13;&#10;&#9;at org.eclipse.jdt.internal.junit.runner.RemoteTestRunner.run(RemoteTestRunner.java:390)&#13;&#10;&#9;at org.codecover.juniteclipse.runner.EclipseTestRunner.main(EclipseTestRunner.java:40)" Date="1589513515137" Name="StdDrawTest:testSquare">
<CovList/>
<AssgnmntList/>
<ObjMetaDataList/>
<MetaDataList/>
</TestCase>
<TestCase Comment="Failure&#10;java.lang.AssertionError: Not yet implemented&#13;&#10;&#9;at org.junit.Assert.fail(Assert.java:88)&#13;&#10;&#9;at StdDrawTest.testRectangle(StdDrawTest.java:222)&#13;&#10;&#9;at sun.reflect.NativeMethodAccessorImpl.invoke0(Native Method)&#13;&#10;&#9;at sun.reflect.NativeMethodAccessorImpl.invoke(Unknown Source)&#13;&#10;&#9;at sun.reflect.DelegatingMethodAccessorImpl.invoke(Unknown Source)&#13;&#10;&#9;at java.lang.reflect.Method.invoke(Unknown Source)&#13;&#10;&#9;at org.junit.runners.model.FrameworkMethod$1.runReflectiveCall(FrameworkMethod.java:47)&#13;&#10;&#9;at org.junit.internal.runners.model.ReflectiveCallable.run(ReflectiveCallable.java:12)&#13;&#10;&#9;at org.junit.runners.model.FrameworkMethod.invokeExplosively(FrameworkMethod.java:44)&#13;&#10;&#9;at org.junit.internal.runners.statements.InvokeMethod.evaluate(InvokeMethod.java:17)&#13;&#10;&#9;at org.junit.runners.ParentRunner.runLeaf(ParentRunner.java:271)&#13;&#10;&#9;at org.junit.runners.BlockJUnit4ClassRunner.runChild(BlockJUnit4ClassRunner.java:70)&#13;&#10;&#9;at org.junit.runners.BlockJUnit4ClassRunner.runChild(BlockJUnit4ClassRunner.java:50)&#13;&#10;&#9;at org.junit.runners.ParentRunner$3.run(ParentRunner.java:238)&#13;&#10;&#9;at org.junit.runners.ParentRunner$1.schedule(ParentRunner.java:63)&#13;&#10;&#9;at org.junit.runners.ParentRunner.runChildren(ParentRunner.java:236)&#13;&#10;&#9;at org.junit.runners.ParentRunner.access$000(ParentRunner.java:53)&#13;&#10;&#9;at org.junit.runners.ParentRunner$2.evaluate(ParentRunner.java:229)&#13;&#10;&#9;at org.junit.runners.ParentRunner.run(ParentRunner.java:309)&#13;&#10;&#9;at org.eclipse.jdt.internal.junit4.runner.JUnit4TestReference.run(JUnit4TestReference.java:50)&#13;&#10;&#9;at org.eclipse.jdt.internal.junit.runner.TestExecution.run(TestExecution.java:38)&#13;&#10;&#9;at org.eclipse.jdt.internal.junit.runner.RemoteTestRunner.runTests(RemoteTestRunner.java:467)&#13;&#10;&#9;at org.eclipse.jdt.internal.junit.runner.RemoteTestRunner.runTests(RemoteTestRunner.java:683)&#13;&#10;&#9;at org.eclipse.jdt.internal.junit.runner.RemoteTestRunner.run(RemoteTestRunner.java:390)&#13;&#10;&#9;at org.codecover.juniteclipse.runner.EclipseTestRunner.main(EclipseTestRunner.java:40)" Date="1589513515140" Name="StdDrawTest:testRectangle">
<CovList/>
<AssgnmntList/>
<ObjMetaDataList/>
<MetaDataList/>
</TestCase>
<TestCase Comment="Failure&#10;java.lang.AssertionError: Not yet implemented&#13;&#10;&#9;at org.junit.Assert.fail(Assert.java:88)&#13;&#10;&#9;at StdDrawTest.testKeyReleased(StdDrawTest.java:407)&#13;&#10;&#9;at sun.reflect.NativeMethodAccessorImpl.invoke0(Native Method)&#13;&#10;&#9;at sun.reflect.NativeMethodAccessorImpl.invoke(Unknown Source)&#13;&#10;&#9;at sun.reflect.DelegatingMethodAccessorImpl.invoke(Unknown Source)&#13;&#10;&#9;at java.lang.reflect.Method.invoke(Unknown Source)&#13;&#10;&#9;at org.junit.runners.model.FrameworkMethod$1.runReflectiveCall(FrameworkMethod.java:47)&#13;&#10;&#9;at org.junit.internal.runners.model.ReflectiveCallable.run(ReflectiveCallable.java:12)&#13;&#10;&#9;at org.junit.runners.model.FrameworkMethod.invokeExplosively(FrameworkMethod.java:44)&#13;&#10;&#9;at org.junit.internal.runners.statements.InvokeMethod.evaluate(InvokeMethod.java:17)&#13;&#10;&#9;at org.junit.runners.ParentRunner.runLeaf(ParentRunner.java:271)&#13;&#10;&#9;at org.junit.runners.BlockJUnit4ClassRunner.runChild(BlockJUnit4ClassRunner.java:70)&#13;&#10;&#9;at org.junit.runners.BlockJUnit4ClassRunner.runChild(BlockJUnit4ClassRunner.java:50)&#13;&#10;&#9;at org.junit.runners.ParentRunner$3.run(ParentRunner.java:238)&#13;&#10;&#9;at org.junit.runners.ParentRunner$1.schedule(ParentRunner.java:63)&#13;&#10;&#9;at org.junit.runners.ParentRunner.runChildren(ParentRunner.java:236)&#13;&#10;&#9;at org.junit.runners.ParentRunner.access$000(ParentRunner.java:53)&#13;&#10;&#9;at org.junit.runners.ParentRunner$2.evaluate(ParentRunner.java:229)&#13;&#10;&#9;at org.junit.runners.ParentRunner.run(ParentRunner.java:309)&#13;&#10;&#9;at org.eclipse.jdt.internal.junit4.runner.JUnit4TestReference.run(JUnit4TestReference.java:50)&#13;&#10;&#9;at org.eclipse.jdt.internal.junit.runner.TestExecution.run(TestExecution.java:38)&#13;&#10;&#9;at org.eclipse.jdt.internal.junit.runner.RemoteTestRunner.runTests(RemoteTestRunner.java:467)&#13;&#10;&#9;at org.eclipse.jdt.internal.junit.runner.RemoteTestRunner.runTests(RemoteTestRunner.java:683)&#13;&#10;&#9;at org.eclipse.jdt.internal.junit.runner.RemoteTestRunner.run(RemoteTestRunner.java:390)&#13;&#10;&#9;at org.codecover.juniteclipse.runner.EclipseTestRunner.main(EclipseTestRunner.java:40)" Date="1589513515143" Name="StdDrawTest:testKeyReleased">
<CovList/>
<AssgnmntList/>
<ObjMetaDataList/>
<MetaDataList/>
</TestCase>
<TestCase Comment="Failure&#10;java.lang.AssertionError: Not yet implemented&#13;&#10;&#9;at org.junit.Assert.fail(Assert.java:88)&#13;&#10;&#9;at StdDrawTest.testValidateNonnegative(StdDrawTest.java:42)&#13;&#10;&#9;at sun.reflect.NativeMethodAccessorImpl.invoke0(Native Method)&#13;&#10;&#9;at sun.reflect.NativeMethodAccessorImpl.invoke(Unknown Source)&#13;&#10;&#9;at sun.reflect.DelegatingMethodAccessorImpl.invoke(Unknown Source)&#13;&#10;&#9;at java.lang.reflect.Method.invoke(Unknown Source)&#13;&#10;&#9;at org.junit.runners.model.FrameworkMethod$1.runReflectiveCall(FrameworkMethod.java:47)&#13;&#10;&#9;at org.junit.internal.runners.model.ReflectiveCallable.run(ReflectiveCallable.java:12)&#13;&#10;&#9;at org.junit.runners.model.FrameworkMethod.invokeExplosively(FrameworkMethod.java:44)&#13;&#10;&#9;at org.junit.internal.runners.statements.InvokeMethod.evaluate(InvokeMethod.java:17)&#13;&#10;&#9;at org.junit.runners.ParentRunner.runLeaf(ParentRunner.java:271)&#13;&#10;&#9;at org.junit.runners.BlockJUnit4ClassRunner.runChild(BlockJUnit4ClassRunner.java:70)&#13;&#10;&#9;at org.junit.runners.BlockJUnit4ClassRunner.runChild(BlockJUnit4ClassRunner.java:50)&#13;&#10;&#9;at org.junit.runners.ParentRunner$3.run(ParentRunner.java:238)&#13;&#10;&#9;at org.junit.runners.ParentRunner$1.schedule(ParentRunner.java:63)&#13;&#10;&#9;at org.junit.runners.ParentRunner.runChildren(ParentRunner.java:236)&#13;&#10;&#9;at org.junit.runners.ParentRunner.access$000(ParentRunner.java:53)&#13;&#10;&#9;at org.junit.runners.ParentRunner$2.evaluate(ParentRunner.java:229)&#13;&#10;&#9;at org.junit.runners.ParentRunner.run(ParentRunner.java:309)&#13;&#10;&#9;at org.eclipse.jdt.internal.junit4.runner.JUnit4TestReference.run(JUnit4TestReference.java:50)&#13;&#10;&#9;at org.eclipse.jdt.internal.junit.runner.TestExecution.run(TestExecution.java:38)&#13;&#10;&#9;at org.eclipse.jdt.internal.junit.runner.RemoteTestRunner.runTests(RemoteTestRunner.java:467)&#13;&#10;&#9;at org.eclipse.jdt.internal.junit.runner.RemoteTestRunner.runTests(RemoteTestRunner.java:683)&#13;&#10;&#9;at org.eclipse.jdt.internal.junit.runner.RemoteTestRunner.run(RemoteTestRunner.java:390)&#13;&#10;&#9;at org.codecover.juniteclipse.runner.EclipseTestRunner.main(EclipseTestRunner.java:40)" Date="1589513515145" Name="StdDrawTest:testValidateNonnegative">
<CovList/>
<AssgnmntList/>
<ObjMetaDataList/>
<MetaDataList/>
</TestCase>
<TestCase Comment="Failure&#10;java.lang.AssertionError: Not yet implemented&#13;&#10;&#9;at org.junit.Assert.fail(Assert.java:88)&#13;&#10;&#9;at StdDrawTest.testSetPenRadiusDouble(StdDrawTest.java:132)&#13;&#10;&#9;at sun.reflect.NativeMethodAccessorImpl.invoke0(Native Method)&#13;&#10;&#9;at sun.reflect.NativeMethodAccessorImpl.invoke(Unknown Source)&#13;&#10;&#9;at sun.reflect.DelegatingMethodAccessorImpl.invoke(Unknown Source)&#13;&#10;&#9;at java.lang.reflect.Method.invoke(Unknown Source)&#13;&#10;&#9;at org.junit.runners.model.FrameworkMethod$1.runReflectiveCall(FrameworkMethod.java:47)&#13;&#10;&#9;at org.junit.internal.runners.model.ReflectiveCallable.run(ReflectiveCallable.java:12)&#13;&#10;&#9;at org.junit.runners.model.FrameworkMethod.invokeExplosively(FrameworkMethod.java:44)&#13;&#10;&#9;at org.junit.internal.runners.statements.InvokeMethod.evaluate(InvokeMethod.java:17)&#13;&#10;&#9;at org.junit.runners.ParentRunner.runLeaf(ParentRunner.java:271)&#13;&#10;&#9;at org.junit.runners.BlockJUnit4ClassRunner.runChild(BlockJUnit4ClassRunner.java:70)&#13;&#10;&#9;at org.junit.runners.BlockJUnit4ClassRunner.runChild(BlockJUnit4ClassRunner.java:50)&#13;&#10;&#9;at org.junit.runners.ParentRunner$3.run(ParentRunner.java:238)&#13;&#10;&#9;at org.junit.runners.ParentRunner$1.schedule(ParentRunner.java:63)&#13;&#10;&#9;at org.junit.runners.ParentRunner.runChildren(ParentRunner.java:236)&#13;&#10;&#9;at org.junit.runners.ParentRunner.access$000(ParentRunner.java:53)&#13;&#10;&#9;at org.junit.runners.ParentRunner$2.evaluate(ParentRunner.java:229)&#13;&#10;&#9;at org.junit.runners.ParentRunner.run(ParentRunner.java:309)&#13;&#10;&#9;at org.eclipse.jdt.internal.junit4.runner.JUnit4TestReference.run(JUnit4TestReference.java:50)&#13;&#10;&#9;at org.eclipse.jdt.internal.junit.runner.TestExecution.run(TestExecution.java:38)&#13;&#10;&#9;at org.eclipse.jdt.internal.junit.runner.RemoteTestRunner.runTests(RemoteTestRunner.java:467)&#13;&#10;&#9;at org.eclipse.jdt.internal.junit.runner.RemoteTestRunner.runTests(RemoteTestRunner.java:683)&#13;&#10;&#9;at org.eclipse.jdt.internal.junit.runner.RemoteTestRunner.run(RemoteTestRunner.java:390)&#13;&#10;&#9;at org.codecover.juniteclipse.runner.EclipseTestRunner.main(EclipseTestRunner.java:40)" Date="1589513515147" Name="StdDrawTest:testSetPenRadiusDouble">
<CovList/>
<AssgnmntList/>
<ObjMetaDataList/>
<MetaDataList/>
</TestCase>
<TestCase Comment="Failure&#10;java.lang.AssertionError: Not yet implemented&#13;&#10;&#9;at org.junit.Assert.fail(Assert.java:88)&#13;&#10;&#9;at StdDrawTest.testStdDraw(StdDrawTest.java:12)&#13;&#10;&#9;at sun.reflect.NativeMethodAccessorImpl.invoke0(Native Method)&#13;&#10;&#9;at sun.reflect.NativeMethodAccessorImpl.invoke(Unknown Source)&#13;&#10;&#9;at sun.reflect.DelegatingMethodAccessorImpl.invoke(Unknown Source)&#13;&#10;&#9;at java.lang.reflect.Method.invoke(Unknown Source)&#13;&#10;&#9;at org.junit.runners.model.FrameworkMethod$1.runReflectiveCall(FrameworkMethod.java:47)&#13;&#10;&#9;at org.junit.internal.runners.model.ReflectiveCallable.run(ReflectiveCallable.java:12)&#13;&#10;&#9;at org.junit.runners.model.FrameworkMethod.invokeExplosively(FrameworkMethod.java:44)&#13;&#10;&#9;at org.junit.internal.runners.statements.InvokeMethod.evaluate(InvokeMethod.java:17)&#13;&#10;&#9;at org.junit.runners.ParentRunner.runLeaf(ParentRunner.java:271)&#13;&#10;&#9;at org.junit.runners.BlockJUnit4ClassRunner.runChild(BlockJUnit4ClassRunner.java:70)&#13;&#10;&#9;at org.junit.runners.BlockJUnit4ClassRunner.runChild(BlockJUnit4ClassRunner.java:50)&#13;&#10;&#9;at org.junit.runners.ParentRunner$3.run(ParentRunner.java:238)&#13;&#10;&#9;at org.junit.runners.ParentRunner$1.schedule(ParentRunner.java:63)&#13;&#10;&#9;at org.junit.runners.ParentRunner.runChildren(ParentRunner.java:236)&#13;&#10;&#9;at org.junit.runners.ParentRunner.access$000(ParentRunner.java:53)&#13;&#10;&#9;at org.junit.runners.ParentRunner$2.evaluate(ParentRunner.java:229)&#13;&#10;&#9;at org.junit.runners.ParentRunner.run(ParentRunner.java:309)&#13;&#10;&#9;at org.eclipse.jdt.internal.junit4.runner.JUnit4TestReference.run(JUnit4TestReference.java:50)&#13;&#10;&#9;at org.eclipse.jdt.internal.junit.runner.TestExecution.run(TestExecution.java:38)&#13;&#10;&#9;at org.eclipse.jdt.internal.junit.runner.RemoteTestRunner.runTests(RemoteTestRunner.java:467)&#13;&#10;&#9;at org.eclipse.jdt.internal.junit.runner.RemoteTestRunner.runTests(RemoteTestRunner.java:683)&#13;&#10;&#9;at org.eclipse.jdt.internal.junit.runner.RemoteTestRunner.run(RemoteTestRunner.java:390)&#13;&#10;&#9;at org.codecover.juniteclipse.runner.EclipseTestRunner.main(EclipseTestRunner.java:40)" Date="1589513515149" Name="StdDrawTest:testStdDraw">
<CovList/>
<AssgnmntList/>
<ObjMetaDataList/>
<MetaDataList/>
</TestCase>
<TestCase Comment="Failure&#10;java.lang.AssertionError: Not yet implemented&#13;&#10;&#9;at org.junit.Assert.fail(Assert.java:88)&#13;&#10;&#9;at StdDrawTest.testSetScale(StdDrawTest.java:62)&#13;&#10;&#9;at sun.reflect.NativeMethodAccessorImpl.invoke0(Native Method)&#13;&#10;&#9;at sun.reflect.NativeMethodAccessorImpl.invoke(Unknown Source)&#13;&#10;&#9;at sun.reflect.DelegatingMethodAccessorImpl.invoke(Unknown Source)&#13;&#10;&#9;at java.lang.reflect.Method.invoke(Unknown Source)&#13;&#10;&#9;at org.junit.runners.model.FrameworkMethod$1.runReflectiveCall(FrameworkMethod.java:47)&#13;&#10;&#9;at org.junit.internal.runners.model.ReflectiveCallable.run(ReflectiveCallable.java:12)&#13;&#10;&#9;at org.junit.runners.model.FrameworkMethod.invokeExplosively(FrameworkMethod.java:44)&#13;&#10;&#9;at org.junit.internal.runners.statements.InvokeMethod.evaluate(InvokeMethod.java:17)&#13;&#10;&#9;at org.junit.runners.ParentRunner.runLeaf(ParentRunner.java:271)&#13;&#10;&#9;at org.junit.runners.BlockJUnit4ClassRunner.runChild(BlockJUnit4ClassRunner.java:70)&#13;&#10;&#9;at org.junit.runners.BlockJUnit4ClassRunner.runChild(BlockJUnit4ClassRunner.java:50)&#13;&#10;&#9;at org.junit.runners.ParentRunner$3.run(ParentRunner.java:238)&#13;&#10;&#9;at org.junit.runners.ParentRunner$1.schedule(ParentRunner.java:63)&#13;&#10;&#9;at org.junit.runners.ParentRunner.runChildren(ParentRunner.java:236)&#13;&#10;&#9;at org.junit.runners.ParentRunner.access$000(ParentRunner.java:53)&#13;&#10;&#9;at org.junit.runners.ParentRunner$2.evaluate(ParentRunner.java:229)&#13;&#10;&#9;at org.junit.runners.ParentRunner.run(ParentRunner.java:309)&#13;&#10;&#9;at org.eclipse.jdt.internal.junit4.runner.JUnit4TestReference.run(JUnit4TestReference.java:50)&#13;&#10;&#9;at org.eclipse.jdt.internal.junit.runner.TestExecution.run(TestExecution.java:38)&#13;&#10;&#9;at org.eclipse.jdt.internal.junit.runner.RemoteTestRunner.runTests(RemoteTestRunner.java:467)&#13;&#10;&#9;at org.eclipse.jdt.internal.junit.runner.RemoteTestRunner.runTests(RemoteTestRunner.java:683)&#13;&#10;&#9;at org.eclipse.jdt.internal.junit.runner.RemoteTestRunner.run(RemoteTestRunner.java:390)&#13;&#10;&#9;at org.codecover.juniteclipse.runner.EclipseTestRunner.main(EclipseTestRunner.java:40)" Date="1589513515150" Name="StdDrawTest:testSetScale">
<CovList/>
<AssgnmntList/>
<ObjMetaDataList/>
<MetaDataList/>
</TestCase>
<MetaDataList/>
</TestSession>
<TestSession Comment="" Date="1589513569234" Name="May 14, 2020 8:32:48 PM">
<TestCase Comment="" Date="1589513567971" Name="StdDrawTest:testStdDraw">
<CovList>
<CovPrefix CovItemPrefix="StdDraw.java">
<Cov CovItemId="B10" Value="5"/>
<Cov CovItemId="B12" Value="1"/>
<Cov CovItemId="B14" Value="3"/>
<Cov CovItemId="B16" Value="1"/>
<Cov CovItemId="B18" Value="1"/>
<Cov CovItemId="B6" Value="1"/>
<Cov CovItemId="B8" Value="5"/>
<Cov CovItemId="B83" Value="1"/>
<Cov CovItemId="S1" Value="1"/>
<Cov CovItemId="S10" Value="1"/>
<Cov CovItemId="S101" Value="1"/>
<Cov CovItemId="S102" Value="1"/>
<Cov CovItemId="S103" Value="1"/>
<Cov CovItemId="S104" Value="1"/>
<Cov CovItemId="S106" Value="1"/>
<Cov CovItemId="S107" Value="1"/>
<Cov CovItemId="S108" Value="1"/>
<Cov CovItemId="S109" Value="1"/>
<Cov CovItemId="S11" Value="1"/>
<Cov CovItemId="S110" Value="1"/>
<Cov CovItemId="S111" Value="1"/>
<Cov CovItemId="S113" Value="1"/>
<Cov CovItemId="S114" Value="1"/>
<Cov CovItemId="S12" Value="1"/>
<Cov CovItemId="S13" Value="1"/>
<Cov CovItemId="S130" Value="1"/>
<Cov CovItemId="S131" Value="1"/>
<Cov CovItemId="S132" Value="1"/>
<Cov CovItemId="S133" Value="1"/>
<Cov CovItemId="S134" Value="1"/>
<Cov CovItemId="S135" Value="1"/>
<Cov CovItemId="S137" Value="1"/>
<Cov CovItemId="S138" Value="1"/>
<Cov CovItemId="S139" Value="1"/>
<Cov CovItemId="S14" Value="1"/>
<Cov CovItemId="S140" Value="1"/>
<Cov CovItemId="S141" Value="1"/>
<Cov CovItemId="S142" Value="1"/>
<Cov CovItemId="S143" Value="1"/>
<Cov CovItemId="S145" Value="1"/>
<Cov CovItemId="S146" Value="1"/>
<Cov CovItemId="S147" Value="1"/>
<Cov CovItemId="S148" Value="1"/>
<Cov CovItemId="S15" Value="1"/>
<Cov CovItemId="S157" Value="1"/>
<Cov CovItemId="S158" Value="1"/>
<Cov CovItemId="S159" Value="1"/>
<Cov CovItemId="S16" Value="1"/>
<Cov CovItemId="S17" Value="1"/>
<Cov CovItemId="S18" Value="1"/>
<Cov CovItemId="S19" Value="1"/>
<Cov CovItemId="S2" Value="1"/>
<Cov CovItemId="S20" Value="1"/>
<Cov CovItemId="S21" Value="1"/>
<Cov CovItemId="S22" Value="1"/>
<Cov CovItemId="S23" Value="1"/>
<Cov CovItemId="S24" Value="1"/>
<Cov CovItemId="S25" Value="1"/>
<Cov CovItemId="S26" Value="1"/>
<Cov CovItemId="S27" Value="1"/>
<Cov CovItemId="S28" Value="1"/>
<Cov CovItemId="S29" Value="1"/>
<Cov CovItemId="S3" Value="1"/>
<Cov CovItemId="S30" Value="1"/>
<Cov CovItemId="S31" Value="1"/>
<Cov CovItemId="S32" Value="1"/>
<Cov CovItemId="S33" Value="1"/>
<Cov CovItemId="S34" Value="1"/>
<Cov CovItemId="S35" Value="1"/>
<Cov CovItemId="S36" Value="1"/>
<Cov CovItemId="S37" Value="1"/>
<Cov CovItemId="S38" Value="1"/>
<Cov CovItemId="S39" Value="1"/>
<Cov CovItemId="S4" Value="1"/>
<Cov CovItemId="S471" Value="1"/>
<Cov CovItemId="S472" Value="1"/>
<Cov CovItemId="S473" Value="1"/>
<Cov CovItemId="S474" Value="1"/>
<Cov CovItemId="S48" Value="1"/>
<Cov CovItemId="S5" Value="1"/>
<Cov CovItemId="S50" Value="1"/>
<Cov CovItemId="S51" Value="1"/>
<Cov CovItemId="S519" Value="1"/>
<Cov CovItemId="S52" Value="1"/>
<Cov CovItemId="S520" Value="1"/>
<Cov CovItemId="S521" Value="1"/>
<Cov CovItemId="S53" Value="1"/>
<Cov CovItemId="S54" Value="1"/>
<Cov CovItemId="S55" Value="1"/>
<Cov CovItemId="S56" Value="1"/>
<Cov CovItemId="S57" Value="1"/>
<Cov CovItemId="S58" Value="1"/>
<Cov CovItemId="S59" Value="1"/>
<Cov CovItemId="S6" Value="1"/>
<Cov CovItemId="S60" Value="1"/>
<Cov CovItemId="S61" Value="1"/>
<Cov CovItemId="S62" Value="1"/>
<Cov CovItemId="S63" Value="1"/>
<Cov CovItemId="S64" Value="1"/>
<Cov CovItemId="S65" Value="1"/>
<Cov CovItemId="S66" Value="1"/>
<Cov CovItemId="S67" Value="1"/>
<Cov CovItemId="S68" Value="1"/>
<Cov CovItemId="S69" Value="1"/>
<Cov CovItemId="S7" Value="1"/>
<Cov CovItemId="S70" Value="1"/>
<Cov CovItemId="S71" Value="1"/>
<Cov CovItemId="S72" Value="1"/>
<Cov CovItemId="S73" Value="1"/>
<Cov CovItemId="S74" Value="1"/>
<Cov CovItemId="S75" Value="1"/>
<Cov CovItemId="S76" Value="1"/>
<Cov CovItemId="S77" Value="1"/>
<Cov CovItemId="S78" Value="1"/>
<Cov CovItemId="S79" Value="1"/>
<Cov CovItemId="S8" Value="1"/>
<Cov CovItemId="S80" Value="1"/>
<Cov CovItemId="S81" Value="1"/>
<Cov CovItemId="S82" Value="1"/>
<Cov CovItemId="S83" Value="1"/>
<Cov CovItemId="S84" Value="1"/>
<Cov CovItemId="S85" Value="1"/>
<Cov CovItemId="S86" Value="1"/>
<Cov CovItemId="S87" Value="1"/>
<Cov CovItemId="S88" Value="1"/>
<Cov CovItemId="S89" Value="5"/>
<Cov CovItemId="S9" Value="1"/>
<Cov CovItemId="S91" Value="5"/>
<Cov CovItemId="S93" Value="1"/>
<Cov CovItemId="S95" Value="3"/>
<Cov CovItemId="S97" Value="1"/>
<Cov CovItemId="S98" Value="1"/>
<Cov CovItemId="Y0-0" Value="1"/>
<Cov CovItemId="Y1-0" Value="1"/>
</CovPrefix>
</CovList>
<AssgnmntList>
<AssgnmntPrefix RootTermCovItemPrefix="StdDraw.java">
<AssgnmntListEntry Length="1" RootTermCovItemId="C3">
<MapEntry BoolAssgnmnt="0" Value="1"/>
</AssgnmntListEntry>
<AssgnmntListEntry Length="1" RootTermCovItemId="C4">
<MapEntry BoolAssgnmnt="0" Value="5"/>
</AssgnmntListEntry>
<AssgnmntListEntry Length="1" RootTermCovItemId="C47">
<MapEntry BoolAssgnmnt="0" Value="1"/>
</AssgnmntListEntry>
<AssgnmntListEntry Length="1" RootTermCovItemId="C5">
<MapEntry BoolAssgnmnt="0" Value="5"/>
</AssgnmntListEntry>
<AssgnmntListEntry Length="1" RootTermCovItemId="C6">
<MapEntry BoolAssgnmnt="0" Value="1"/>
</AssgnmntListEntry>
<AssgnmntListEntry Length="1" RootTermCovItemId="C7">
<MapEntry BoolAssgnmnt="0" Value="3"/>
</AssgnmntListEntry>
<AssgnmntListEntry Length="1" RootTermCovItemId="C8">
<MapEntry BoolAssgnmnt="0" Value="1"/>
</AssgnmntListEntry>
<AssgnmntListEntry Length="1" RootTermCovItemId="C9">
<MapEntry BoolAssgnmnt="0" Value="1"/>
</AssgnmntListEntry>
</AssgnmntPrefix>
</AssgnmntList>
<ObjMetaDataList/>
<MetaDataList/>
</TestCase>
<TestCase Comment="Failure&#10;java.lang.AssertionError: Not yet implemented&#13;&#10;&#9;at org.junit.Assert.fail(Assert.java:88)&#13;&#10;&#9;at StdDrawTest.testSetScale(StdDrawTest.java:60)&#13;&#10;&#9;at sun.reflect.NativeMethodAccessorImpl.invoke0(Native Method)&#13;&#10;&#9;at sun.reflect.NativeMethodAccessorImpl.invoke(Unknown Source)&#13;&#10;&#9;at sun.reflect.DelegatingMethodAccessorImpl.invoke(Unknown Source)&#13;&#10;&#9;at java.lang.reflect.Method.invoke(Unknown Source)&#13;&#10;&#9;at org.junit.runners.model.FrameworkMethod$1.runReflectiveCall(FrameworkMethod.java:47)&#13;&#10;&#9;at org.junit.internal.runners.model.ReflectiveCallable.run(ReflectiveCallable.java:12)&#13;&#10;&#9;at org.junit.runners.model.FrameworkMethod.invokeExplosively(FrameworkMethod.java:44)&#13;&#10;&#9;at org.junit.internal.runners.statements.InvokeMethod.evaluate(InvokeMethod.java:17)&#13;&#10;&#9;at org.junit.runners.ParentRunner.runLeaf(ParentRunner.java:271)&#13;&#10;&#9;at org.junit.runners.BlockJUnit4ClassRunner.runChild(BlockJUnit4ClassRunner.java:70)&#13;&#10;&#9;at org.junit.runners.BlockJUnit4ClassRunner.runChild(BlockJUnit4ClassRunner.java:50)&#13;&#10;&#9;at org.junit.runners.ParentRunner$3.run(ParentRunner.java:238)&#13;&#10;&#9;at org.junit.runners.ParentRunner$1.schedule(ParentRunner.java:63)&#13;&#10;&#9;at org.junit.runners.ParentRunner.runChildren(ParentRunner.java:236)&#13;&#10;&#9;at org.junit.runners.ParentRunner.access$000(ParentRunner.java:53)&#13;&#10;&#9;at org.junit.runners.ParentRunner$2.evaluate(ParentRunner.java:229)&#13;&#10;&#9;at org.junit.runners.ParentRunner.run(ParentRunner.java:309)&#13;&#10;&#9;at org.eclipse.jdt.internal.junit4.runner.JUnit4TestReference.run(JUnit4TestReference.java:50)&#13;&#10;&#9;at org.eclipse.jdt.internal.junit.runner.TestExecution.run(TestExecution.java:38)&#13;&#10;&#9;at org.eclipse.jdt.internal.junit.runner.RemoteTestRunner.runTests(RemoteTestRunner.java:467)&#13;&#10;&#9;at org.eclipse.jdt.internal.junit.runner.RemoteTestRunner.runTests(RemoteTestRunner.java:683)&#13;&#10;&#9;at org.eclipse.jdt.internal.junit.runner.RemoteTestRunner.run(RemoteTestRunner.java:390)&#13;&#10;&#9;at org.codecover.juniteclipse.runner.EclipseTestRunner.main(EclipseTestRunner.java:40)" Date="1589513568404" Name="StdDrawTest:testSetScale">
<CovList/>
<AssgnmntList/>
<ObjMetaDataList/>
<MetaDataList/>
</TestCase>
<MetaDataList/>
</TestSession>
<TestSession Comment="" Date="1589513604948" Name="May 14, 2020 8:33:24 PM">
<TestCase Comment="" Date="1589513567971" Name="StdDrawTest:testStdDraw">
<CovList>
<CovPrefix CovItemPrefix="StdDraw.java">
<Cov CovItemId="B10" Value="5"/>
<Cov CovItemId="B12" Value="1"/>
<Cov CovItemId="B14" Value="3"/>
<Cov CovItemId="B16" Value="1"/>
<Cov CovItemId="B18" Value="1"/>
<Cov CovItemId="B6" Value="1"/>
<Cov CovItemId="B8" Value="5"/>
<Cov CovItemId="B83" Value="1"/>
<Cov CovItemId="S1" Value="1"/>
<Cov CovItemId="S10" Value="1"/>
<Cov CovItemId="S101" Value="1"/>
<Cov CovItemId="S102" Value="1"/>
<Cov CovItemId="S103" Value="1"/>
<Cov CovItemId="S104" Value="1"/>
<Cov CovItemId="S106" Value="1"/>
<Cov CovItemId="S107" Value="1"/>
<Cov CovItemId="S108" Value="1"/>
<Cov CovItemId="S109" Value="1"/>
<Cov CovItemId="S11" Value="1"/>
<Cov CovItemId="S110" Value="1"/>
<Cov CovItemId="S111" Value="1"/>
<Cov CovItemId="S113" Value="1"/>
<Cov CovItemId="S114" Value="1"/>
<Cov CovItemId="S12" Value="1"/>
<Cov CovItemId="S13" Value="1"/>
<Cov CovItemId="S130" Value="1"/>
<Cov CovItemId="S131" Value="1"/>
<Cov CovItemId="S132" Value="1"/>
<Cov CovItemId="S133" Value="1"/>
<Cov CovItemId="S134" Value="1"/>
<Cov CovItemId="S135" Value="1"/>
<Cov CovItemId="S137" Value="1"/>
<Cov CovItemId="S138" Value="1"/>
<Cov CovItemId="S139" Value="1"/>
<Cov CovItemId="S14" Value="1"/>
<Cov CovItemId="S140" Value="1"/>
<Cov CovItemId="S141" Value="1"/>
<Cov CovItemId="S142" Value="1"/>
<Cov CovItemId="S143" Value="1"/>
<Cov CovItemId="S145" Value="1"/>
<Cov CovItemId="S146" Value="1"/>
<Cov CovItemId="S147" Value="1"/>
<Cov CovItemId="S148" Value="1"/>
<Cov CovItemId="S15" Value="1"/>
<Cov CovItemId="S157" Value="1"/>
<Cov CovItemId="S158" Value="1"/>
<Cov CovItemId="S159" Value="1"/>
<Cov CovItemId="S16" Value="1"/>
<Cov CovItemId="S17" Value="1"/>
<Cov CovItemId="S18" Value="1"/>
<Cov CovItemId="S19" Value="1"/>
<Cov CovItemId="S2" Value="1"/>
<Cov CovItemId="S20" Value="1"/>
<Cov CovItemId="S21" Value="1"/>
<Cov CovItemId="S22" Value="1"/>
<Cov CovItemId="S23" Value="1"/>
<Cov CovItemId="S24" Value="1"/>
<Cov CovItemId="S25" Value="1"/>
<Cov CovItemId="S26" Value="1"/>
<Cov CovItemId="S27" Value="1"/>
<Cov CovItemId="S28" Value="1"/>
<Cov CovItemId="S29" Value="1"/>
<Cov CovItemId="S3" Value="1"/>
<Cov CovItemId="S30" Value="1"/>
<Cov CovItemId="S31" Value="1"/>
<Cov CovItemId="S32" Value="1"/>
<Cov CovItemId="S33" Value="1"/>
<Cov CovItemId="S34" Value="1"/>
<Cov CovItemId="S35" Value="1"/>
<Cov CovItemId="S36" Value="1"/>
<Cov CovItemId="S37" Value="1"/>
<Cov CovItemId="S38" Value="1"/>
<Cov CovItemId="S39" Value="1"/>
<Cov CovItemId="S4" Value="1"/>
<Cov CovItemId="S471" Value="1"/>
<Cov CovItemId="S472" Value="1"/>
<Cov CovItemId="S473" Value="1"/>
<Cov CovItemId="S474" Value="1"/>
<Cov CovItemId="S48" Value="1"/>
<Cov CovItemId="S5" Value="1"/>
<Cov CovItemId="S50" Value="1"/>
<Cov CovItemId="S51" Value="1"/>
<Cov CovItemId="S519" Value="1"/>
<Cov CovItemId="S52" Value="1"/>
<Cov CovItemId="S520" Value="1"/>
<Cov CovItemId="S521" Value="1"/>
<Cov CovItemId="S53" Value="1"/>
<Cov CovItemId="S54" Value="1"/>
<Cov CovItemId="S55" Value="1"/>
<Cov CovItemId="S56" Value="1"/>
<Cov CovItemId="S57" Value="1"/>
<Cov CovItemId="S58" Value="1"/>
<Cov CovItemId="S59" Value="1"/>
<Cov CovItemId="S6" Value="1"/>
<Cov CovItemId="S60" Value="1"/>
<Cov CovItemId="S61" Value="1"/>
<Cov CovItemId="S62" Value="1"/>
<Cov CovItemId="S63" Value="1"/>
<Cov CovItemId="S64" Value="1"/>
<Cov CovItemId="S65" Value="1"/>
<Cov CovItemId="S66" Value="1"/>
<Cov CovItemId="S67" Value="1"/>
<Cov CovItemId="S68" Value="1"/>
<Cov CovItemId="S69" Value="1"/>
<Cov CovItemId="S7" Value="1"/>
<Cov CovItemId="S70" Value="1"/>
<Cov CovItemId="S71" Value="1"/>
<Cov CovItemId="S72" Value="1"/>
<Cov CovItemId="S73" Value="1"/>
<Cov CovItemId="S74" Value="1"/>
<Cov CovItemId="S75" Value="1"/>
<Cov CovItemId="S76" Value="1"/>
<Cov CovItemId="S77" Value="1"/>
<Cov CovItemId="S78" Value="1"/>
<Cov CovItemId="S79" Value="1"/>
<Cov CovItemId="S8" Value="1"/>
<Cov CovItemId="S80" Value="1"/>
<Cov CovItemId="S81" Value="1"/>
<Cov CovItemId="S82" Value="1"/>
<Cov CovItemId="S83" Value="1"/>
<Cov CovItemId="S84" Value="1"/>
<Cov CovItemId="S85" Value="1"/>
<Cov CovItemId="S86" Value="1"/>
<Cov CovItemId="S87" Value="1"/>
<Cov CovItemId="S88" Value="1"/>
<Cov CovItemId="S89" Value="5"/>
<Cov CovItemId="S9" Value="1"/>
<Cov CovItemId="S91" Value="5"/>
<Cov CovItemId="S93" Value="1"/>
<Cov CovItemId="S95" Value="3"/>
<Cov CovItemId="S97" Value="1"/>
<Cov CovItemId="S98" Value="1"/>
<Cov CovItemId="Y0-0" Value="1"/>
<Cov CovItemId="Y1-0" Value="1"/>
</CovPrefix>
</CovList>
<AssgnmntList>
<AssgnmntPrefix RootTermCovItemPrefix="StdDraw.java">
<AssgnmntListEntry Length="1" RootTermCovItemId="C3">
<MapEntry BoolAssgnmnt="0" Value="1"/>
</AssgnmntListEntry>
<AssgnmntListEntry Length="1" RootTermCovItemId="C4">
<MapEntry BoolAssgnmnt="0" Value="5"/>
</AssgnmntListEntry>
<AssgnmntListEntry Length="1" RootTermCovItemId="C47">
<MapEntry BoolAssgnmnt="0" Value="1"/>
</AssgnmntListEntry>
<AssgnmntListEntry Length="1" RootTermCovItemId="C5">
<MapEntry BoolAssgnmnt="0" Value="5"/>
</AssgnmntListEntry>
<AssgnmntListEntry Length="1" RootTermCovItemId="C6">
<MapEntry BoolAssgnmnt="0" Value="1"/>
</AssgnmntListEntry>
<AssgnmntListEntry Length="1" RootTermCovItemId="C7">
<MapEntry BoolAssgnmnt="0" Value="3"/>
</AssgnmntListEntry>
<AssgnmntListEntry Length="1" RootTermCovItemId="C8">
<MapEntry BoolAssgnmnt="0" Value="1"/>
</AssgnmntListEntry>
<AssgnmntListEntry Length="1" RootTermCovItemId="C9">
<MapEntry BoolAssgnmnt="0" Value="1"/>
</AssgnmntListEntry>
</AssgnmntPrefix>
</AssgnmntList>
<ObjMetaDataList/>
<MetaDataList/>
</TestCase>
<TestCase Comment="Failure&#10;java.lang.AssertionError: Not yet implemented&#13;&#10;&#9;at org.junit.Assert.fail(Assert.java:88)&#13;&#10;&#9;at StdDrawTest.testSetScale(StdDrawTest.java:60)&#13;&#10;&#9;at sun.reflect.NativeMethodAccessorImpl.invoke0(Native Method)&#13;&#10;&#9;at sun.reflect.NativeMethodAccessorImpl.invoke(Unknown Source)&#13;&#10;&#9;at sun.reflect.DelegatingMethodAccessorImpl.invoke(Unknown Source)&#13;&#10;&#9;at java.lang.reflect.Method.invoke(Unknown Source)&#13;&#10;&#9;at org.junit.runners.model.FrameworkMethod$1.runReflectiveCall(FrameworkMethod.java:47)&#13;&#10;&#9;at org.junit.internal.runners.model.ReflectiveCallable.run(ReflectiveCallable.java:12)&#13;&#10;&#9;at org.junit.runners.model.FrameworkMethod.invokeExplosively(FrameworkMethod.java:44)&#13;&#10;&#9;at org.junit.internal.runners.statements.InvokeMethod.evaluate(InvokeMethod.java:17)&#13;&#10;&#9;at org.junit.runners.ParentRunner.runLeaf(ParentRunner.java:271)&#13;&#10;&#9;at org.junit.runners.BlockJUnit4ClassRunner.runChild(BlockJUnit4ClassRunner.java:70)&#13;&#10;&#9;at org.junit.runners.BlockJUnit4ClassRunner.runChild(BlockJUnit4ClassRunner.java:50)&#13;&#10;&#9;at org.junit.runners.ParentRunner$3.run(ParentRunner.java:238)&#13;&#10;&#9;at org.junit.runners.ParentRunner$1.schedule(ParentRunner.java:63)&#13;&#10;&#9;at org.junit.runners.ParentRunner.runChildren(ParentRunner.java:236)&#13;&#10;&#9;at org.junit.runners.ParentRunner.access$000(ParentRunner.java:53)&#13;&#10;&#9;at org.junit.runners.ParentRunner$2.evaluate(ParentRunner.java:229)&#13;&#10;&#9;at org.junit.runners.ParentRunner.run(ParentRunner.java:309)&#13;&#10;&#9;at org.eclipse.jdt.internal.junit4.runner.JUnit4TestReference.run(JUnit4TestReference.java:50)&#13;&#10;&#9;at org.eclipse.jdt.internal.junit.runner.TestExecution.run(TestExecution.java:38)&#13;&#10;&#9;at org.eclipse.jdt.internal.junit.runner.RemoteTestRunner.runTests(RemoteTestRunner.java:467)&#13;&#10;&#9;at org.eclipse.jdt.internal.junit.runner.RemoteTestRunner.runTests(RemoteTestRunner.java:683)&#13;&#10;&#9;at org.eclipse.jdt.internal.junit.runner.RemoteTestRunner.run(RemoteTestRunner.java:390)&#13;&#10;&#9;at org.codecover.juniteclipse.runner.EclipseTestRunner.main(EclipseTestRunner.java:40)" Date="1589513568404" Name="StdDrawTest:testSetScale">
<CovList/>
<AssgnmntList/>
<ObjMetaDataList/>
<MetaDataList/>
</TestCase>
<MetaDataList/>
</TestSession>
<TestSession Comment="" Date="1589513790833" Name="May 14, 2020 8:36:30 PM">
<TestCase Comment="Failure&#10;java.lang.AssertionError: Not yet implemented&#13;&#10;&#9;at org.junit.Assert.fail(Assert.java:88)&#13;&#10;&#9;at DrawTest.testMouseReleased(DrawTest.java:416)&#13;&#10;&#9;at sun.reflect.NativeMethodAccessorImpl.invoke0(Native Method)&#13;&#10;&#9;at sun.reflect.NativeMethodAccessorImpl.invoke(Unknown Source)&#13;&#10;&#9;at sun.reflect.DelegatingMethodAccessorImpl.invoke(Unknown Source)&#13;&#10;&#9;at java.lang.reflect.Method.invoke(Unknown Source)&#13;&#10;&#9;at org.junit.runners.model.FrameworkMethod$1.runReflectiveCall(FrameworkMethod.java:47)&#13;&#10;&#9;at org.junit.internal.runners.model.ReflectiveCallable.run(ReflectiveCallable.java:12)&#13;&#10;&#9;at org.junit.runners.model.FrameworkMethod.invokeExplosively(FrameworkMethod.java:44)&#13;&#10;&#9;at org.junit.internal.runners.statements.InvokeMethod.evaluate(InvokeMethod.java:17)&#13;&#10;&#9;at org.junit.runners.ParentRunner.runLeaf(ParentRunner.java:271)&#13;&#10;&#9;at org.junit.runners.BlockJUnit4ClassRunner.runChild(BlockJUnit4ClassRunner.java:70)&#13;&#10;&#9;at org.junit.runners.BlockJUnit4ClassRunner.runChild(BlockJUnit4ClassRunner.java:50)&#13;&#10;&#9;at org.junit.runners.ParentRunner$3.run(ParentRunner.java:238)&#13;&#10;&#9;at org.junit.runners.ParentRunner$1.schedule(ParentRunner.java:63)&#13;&#10;&#9;at org.junit.runners.ParentRunner.runChildren(ParentRunner.java:236)&#13;&#10;&#9;at org.junit.runners.ParentRunner.access$000(ParentRunner.java:53)&#13;&#10;&#9;at org.junit.runners.ParentRunner$2.evaluate(ParentRunner.java:229)&#13;&#10;&#9;at org.junit.runners.ParentRunner.run(ParentRunner.java:309)&#13;&#10;&#9;at org.eclipse.jdt.internal.junit4.runner.JUnit4TestReference.run(JUnit4TestReference.java:50)&#13;&#10;&#9;at org.eclipse.jdt.internal.junit.runner.TestExecution.run(TestExecution.java:38)&#13;&#10;&#9;at org.eclipse.jdt.internal.junit.runner.RemoteTestRunner.runTests(RemoteTestRunner.java:467)&#13;&#10;&#9;at org.eclipse.jdt.internal.junit.runner.RemoteTestRunner.runTests(RemoteTestRunner.java:683)&#13;&#10;&#9;at org.eclipse.jdt.internal.junit.runner.RemoteTestRunner.run(RemoteTestRunner.java:390)&#13;&#10;&#9;at org.codecover.juniteclipse.runner.EclipseTestRunner.main(EclipseTestRunner.java:40)" Date="1589513774512" Name="DrawTest:testMouseReleased">
<CovList/>
<AssgnmntList/>
<ObjMetaDataList/>
<MetaDataList/>
</TestCase>
<TestCase Comment="Failure&#10;java.lang.AssertionError: Not yet implemented&#13;&#10;&#9;at org.junit.Assert.fail(Assert.java:88)&#13;&#10;&#9;at DrawTest.testValidateNotNull(DrawTest.java:77)&#13;&#10;&#9;at sun.reflect.NativeMethodAccessorImpl.invoke0(Native Method)&#13;&#10;&#9;at sun.reflect.NativeMethodAccessorImpl.invoke(Unknown Source)&#13;&#10;&#9;at sun.reflect.DelegatingMethodAccessorImpl.invoke(Unknown Source)&#13;&#10;&#9;at java.lang.reflect.Method.invoke(Unknown Source)&#13;&#10;&#9;at org.junit.runners.model.FrameworkMethod$1.runReflectiveCall(FrameworkMethod.java:47)&#13;&#10;&#9;at org.junit.internal.runners.model.ReflectiveCallable.run(ReflectiveCallable.java:12)&#13;&#10;&#9;at org.junit.runners.model.FrameworkMethod.invokeExplosively(FrameworkMethod.java:44)&#13;&#10;&#9;at org.junit.internal.runners.statements.InvokeMethod.evaluate(InvokeMethod.java:17)&#13;&#10;&#9;at org.junit.runners.ParentRunner.runLeaf(ParentRunner.java:271)&#13;&#10;&#9;at org.junit.runners.BlockJUnit4ClassRunner.runChild(BlockJUnit4ClassRunner.java:70)&#13;&#10;&#9;at org.junit.runners.BlockJUnit4ClassRunner.runChild(BlockJUnit4ClassRunner.java:50)&#13;&#10;&#9;at org.junit.runners.ParentRunner$3.run(ParentRunner.java:238)&#13;&#10;&#9;at org.junit.runners.ParentRunner$1.schedule(ParentRunner.java:63)&#13;&#10;&#9;at org.junit.runners.ParentRunner.runChildren(ParentRunner.java:236)&#13;&#10;&#9;at org.junit.runners.ParentRunner.access$000(ParentRunner.java:53)&#13;&#10;&#9;at org.junit.runners.ParentRunner$2.evaluate(ParentRunner.java:229)&#13;&#10;&#9;at org.junit.runners.ParentRunner.run(ParentRunner.java:309)&#13;&#10;&#9;at org.eclipse.jdt.internal.junit4.runner.JUnit4TestReference.run(JUnit4TestReference.java:50)&#13;&#10;&#9;at org.eclipse.jdt.internal.junit.runner.TestExecution.run(TestExecution.java:38)&#13;&#10;&#9;at org.eclipse.jdt.internal.junit.runner.RemoteTestRunner.runTests(RemoteTestRunner.java:467)&#13;&#10;&#9;at org.eclipse.jdt.internal.junit.runner.RemoteTestRunner.runTests(RemoteTestRunner.java:683)&#13;&#10;&#9;at org.eclipse.jdt.internal.junit.runner.RemoteTestRunner.run(RemoteTestRunner.java:390)&#13;&#10;&#9;at org.codecover.juniteclipse.runner.EclipseTestRunner.main(EclipseTestRunner.java:40)" Date="1589513774636" Name="DrawTest:testValidateNotNull">
<CovList/>
<AssgnmntList/>
<ObjMetaDataList/>
<MetaDataList/>
</TestCase>
<TestCase Comment="Failure&#10;java.lang.AssertionError: Not yet implemented&#13;&#10;&#9;at org.junit.Assert.fail(Assert.java:88)&#13;&#10;&#9;at DrawTest.testEllipse(DrawTest.java:246)&#13;&#10;&#9;at sun.reflect.NativeMethodAccessorImpl.invoke0(Native Method)&#13;&#10;&#9;at sun.reflect.NativeMethodAccessorImpl.invoke(Unknown Source)&#13;&#10;&#9;at sun.reflect.DelegatingMethodAccessorImpl.invoke(Unknown Source)&#13;&#10;&#9;at java.lang.reflect.Method.invoke(Unknown Source)&#13;&#10;&#9;at org.junit.runners.model.FrameworkMethod$1.runReflectiveCall(FrameworkMethod.java:47)&#13;&#10;&#9;at org.junit.internal.runners.model.ReflectiveCallable.run(ReflectiveCallable.java:12)&#13;&#10;&#9;at org.junit.runners.model.FrameworkMethod.invokeExplosively(FrameworkMethod.java:44)&#13;&#10;&#9;at org.junit.internal.runners.statements.InvokeMethod.evaluate(InvokeMethod.java:17)&#13;&#10;&#9;at org.junit.runners.ParentRunner.runLeaf(ParentRunner.java:271)&#13;&#10;&#9;at org.junit.runners.BlockJUnit4ClassRunner.runChild(BlockJUnit4ClassRunner.java:70)&#13;&#10;&#9;at org.junit.runners.BlockJUnit4ClassRunner.runChild(BlockJUnit4ClassRunner.java:50)&#13;&#10;&#9;at org.junit.runners.ParentRunner$3.run(ParentRunner.java:238)&#13;&#10;&#9;at org.junit.runners.ParentRunner$1.schedule(ParentRunner.java:63)&#13;&#10;&#9;at org.junit.runners.ParentRunner.runChildren(ParentRunner.java:236)&#13;&#10;&#9;at org.junit.runners.ParentRunner.access$000(ParentRunner.java:53)&#13;&#10;&#9;at org.junit.runners.ParentRunner$2.evaluate(ParentRunner.java:229)&#13;&#10;&#9;at org.junit.runners.ParentRunner.run(ParentRunner.java:309)&#13;&#10;&#9;at org.eclipse.jdt.internal.junit4.runner.JUnit4TestReference.run(JUnit4TestReference.java:50)&#13;&#10;&#9;at org.eclipse.jdt.internal.junit.runner.TestExecution.run(TestExecution.java:38)&#13;&#10;&#9;at org.eclipse.jdt.internal.junit.runner.RemoteTestRunner.runTests(RemoteTestRunner.java:467)&#13;&#10;&#9;at org.eclipse.jdt.internal.junit.runner.RemoteTestRunner.runTests(RemoteTestRunner.java:683)&#13;&#10;&#9;at org.eclipse.jdt.internal.junit.runner.RemoteTestRunner.run(RemoteTestRunner.java:390)&#13;&#10;&#9;at org.codecover.juniteclipse.runner.EclipseTestRunner.main(EclipseTestRunner.java:40)" Date="1589513774776" Name="DrawTest:testEllipse">
<CovList/>
<AssgnmntList/>
<ObjMetaDataList/>
<MetaDataList/>
</TestCase>
<TestCase Comment="Failure&#10;java.lang.AssertionError: Not yet implemented&#13;&#10;&#9;at org.junit.Assert.fail(Assert.java:88)&#13;&#10;&#9;at DrawTest.testFilledEllipse(DrawTest.java:251)&#13;&#10;&#9;at sun.reflect.NativeMethodAccessorImpl.invoke0(Native Method)&#13;&#10;&#9;at sun.reflect.NativeMethodAccessorImpl.invoke(Unknown Source)&#13;&#10;&#9;at sun.reflect.DelegatingMethodAccessorImpl.invoke(Unknown Source)&#13;&#10;&#9;at java.lang.reflect.Method.invoke(Unknown Source)&#13;&#10;&#9;at org.junit.runners.model.FrameworkMethod$1.runReflectiveCall(FrameworkMethod.java:47)&#13;&#10;&#9;at org.junit.internal.runners.model.ReflectiveCallable.run(ReflectiveCallable.java:12)&#13;&#10;&#9;at org.junit.runners.model.FrameworkMethod.invokeExplosively(FrameworkMethod.java:44)&#13;&#10;&#9;at org.junit.internal.runners.statements.InvokeMethod.evaluate(InvokeMethod.java:17)&#13;&#10;&#9;at org.junit.runners.ParentRunner.runLeaf(ParentRunner.java:271)&#13;&#10;&#9;at org.junit.runners.BlockJUnit4ClassRunner.runChild(BlockJUnit4ClassRunner.java:70)&#13;&#10;&#9;at org.junit.runners.BlockJUnit4ClassRunner.runChild(BlockJUnit4ClassRunner.java:50)&#13;&#10;&#9;at org.junit.runners.ParentRunner$3.run(ParentRunner.java:238)&#13;&#10;&#9;at org.junit.runners.ParentRunner$1.schedule(ParentRunner.java:63)&#13;&#10;&#9;at org.junit.runners.ParentRunner.runChildren(ParentRunner.java:236)&#13;&#10;&#9;at org.junit.runners.ParentRunner.access$000(ParentRunner.java:53)&#13;&#10;&#9;at org.junit.runners.ParentRunner$2.evaluate(ParentRunner.java:229)&#13;&#10;&#9;at org.junit.runners.ParentRunner.run(ParentRunner.java:309)&#13;&#10;&#9;at org.eclipse.jdt.internal.junit4.runner.JUnit4TestReference.run(JUnit4TestReference.java:50)&#13;&#10;&#9;at org.eclipse.jdt.internal.junit.runner.TestExecution.run(TestExecution.java:38)&#13;&#10;&#9;at org.eclipse.jdt.internal.junit.runner.RemoteTestRunner.runTests(RemoteTestRunner.java:467)&#13;&#10;&#9;at org.eclipse.jdt.internal.junit.runner.RemoteTestRunner.runTests(RemoteTestRunner.java:683)&#13;&#10;&#9;at org.eclipse.jdt.internal.junit.runner.RemoteTestRunner.run(RemoteTestRunner.java:390)&#13;&#10;&#9;at org.codecover.juniteclipse.runner.EclipseTestRunner.main(EclipseTestRunner.java:40)" Date="1589513774938" Name="DrawTest:testFilledEllipse">
<CovList/>
<AssgnmntList/>
<ObjMetaDataList/>
<MetaDataList/>
</TestCase>
<TestCase Comment="Failure&#10;java.lang.AssertionError: Not yet implemented&#13;&#10;&#9;at org.junit.Assert.fail(Assert.java:88)&#13;&#10;&#9;at DrawTest.testGetImage(DrawTest.java:291)&#13;&#10;&#9;at sun.reflect.NativeMethodAccessorImpl.invoke0(Native Method)&#13;&#10;&#9;at sun.reflect.NativeMethodAccessorImpl.invoke(Unknown Source)&#13;&#10;&#9;at sun.reflect.DelegatingMethodAccessorImpl.invoke(Unknown Source)&#13;&#10;&#9;at java.lang.reflect.Method.invoke(Unknown Source)&#13;&#10;&#9;at org.junit.runners.model.FrameworkMethod$1.runReflectiveCall(FrameworkMethod.java:47)&#13;&#10;&#9;at org.junit.internal.runners.model.ReflectiveCallable.run(ReflectiveCallable.java:12)&#13;&#10;&#9;at org.junit.runners.model.FrameworkMethod.invokeExplosively(FrameworkMethod.java:44)&#13;&#10;&#9;at org.junit.internal.runners.statements.InvokeMethod.evaluate(InvokeMethod.java:17)&#13;&#10;&#9;at org.junit.runners.ParentRunner.runLeaf(ParentRunner.java:271)&#13;&#10;&#9;at org.junit.runners.BlockJUnit4ClassRunner.runChild(BlockJUnit4ClassRunner.java:70)&#13;&#10;&#9;at org.junit.runners.BlockJUnit4ClassRunner.runChild(BlockJUnit4ClassRunner.java:50)&#13;&#10;&#9;at org.junit.runners.ParentRunner$3.run(ParentRunner.java:238)&#13;&#10;&#9;at org.junit.runners.ParentRunner$1.schedule(ParentRunner.java:63)&#13;&#10;&#9;at org.junit.runners.ParentRunner.runChildren(ParentRunner.java:236)&#13;&#10;&#9;at org.junit.runners.ParentRunner.access$000(ParentRunner.java:53)&#13;&#10;&#9;at org.junit.runners.ParentRunner$2.evaluate(ParentRunner.java:229)&#13;&#10;&#9;at org.junit.runners.ParentRunner.run(ParentRunner.java:309)&#13;&#10;&#9;at org.eclipse.jdt.internal.junit4.runner.JUnit4TestReference.run(JUnit4TestReference.java:50)&#13;&#10;&#9;at org.eclipse.jdt.internal.junit.runner.TestExecution.run(TestExecution.java:38)&#13;&#10;&#9;at org.eclipse.jdt.internal.junit.runner.RemoteTestRunner.runTests(RemoteTestRunner.java:467)&#13;&#10;&#9;at org.eclipse.jdt.internal.junit.runner.RemoteTestRunner.runTests(RemoteTestRunner.java:683)&#13;&#10;&#9;at org.eclipse.jdt.internal.junit.runner.RemoteTestRunner.run(RemoteTestRunner.java:390)&#13;&#10;&#9;at org.codecover.juniteclipse.runner.EclipseTestRunner.main(EclipseTestRunner.java:40)" Date="1589513775077" Name="DrawTest:testGetImage">
<CovList/>
<AssgnmntList/>
<ObjMetaDataList/>
<MetaDataList/>
</TestCase>
<TestCase Comment="Failure&#10;java.lang.AssertionError: Not yet implemented&#13;&#10;&#9;at org.junit.Assert.fail(Assert.java:88)&#13;&#10;&#9;at DrawTest.testMousePressed(DrawTest.java:386)&#13;&#10;&#9;at sun.reflect.NativeMethodAccessorImpl.invoke0(Native Method)&#13;&#10;&#9;at sun.reflect.NativeMethodAccessorImpl.invoke(Unknown Source)&#13;&#10;&#9;at sun.reflect.DelegatingMethodAccessorImpl.invoke(Unknown Source)&#13;&#10;&#9;at java.lang.reflect.Method.invoke(Unknown Source)&#13;&#10;&#9;at org.junit.runners.model.FrameworkMethod$1.runReflectiveCall(FrameworkMethod.java:47)&#13;&#10;&#9;at org.junit.internal.runners.model.ReflectiveCallable.run(ReflectiveCallable.java:12)&#13;&#10;&#9;at org.junit.runners.model.FrameworkMethod.invokeExplosively(FrameworkMethod.java:44)&#13;&#10;&#9;at org.junit.internal.runners.statements.InvokeMethod.evaluate(InvokeMethod.java:17)&#13;&#10;&#9;at org.junit.runners.ParentRunner.runLeaf(ParentRunner.java:271)&#13;&#10;&#9;at org.junit.runners.BlockJUnit4ClassRunner.runChild(BlockJUnit4ClassRunner.java:70)&#13;&#10;&#9;at org.junit.runners.BlockJUnit4ClassRunner.runChild(BlockJUnit4ClassRunner.java:50)&#13;&#10;&#9;at org.junit.runners.ParentRunner$3.run(ParentRunner.java:238)&#13;&#10;&#9;at org.junit.runners.ParentRunner$1.schedule(ParentRunner.java:63)&#13;&#10;&#9;at org.junit.runners.ParentRunner.runChildren(ParentRunner.java:236)&#13;&#10;&#9;at org.junit.runners.ParentRunner.access$000(ParentRunner.java:53)&#13;&#10;&#9;at org.junit.runners.ParentRunner$2.evaluate(ParentRunner.java:229)&#13;&#10;&#9;at org.junit.runners.ParentRunner.run(ParentRunner.java:309)&#13;&#10;&#9;at org.eclipse.jdt.internal.junit4.runner.JUnit4TestReference.run(JUnit4TestReference.java:50)&#13;&#10;&#9;at org.eclipse.jdt.internal.junit.runner.TestExecution.run(TestExecution.java:38)&#13;&#10;&#9;at org.eclipse.jdt.internal.junit.runner.RemoteTestRunner.runTests(RemoteTestRunner.java:467)&#13;&#10;&#9;at org.eclipse.jdt.internal.junit.runner.RemoteTestRunner.runTests(RemoteTestRunner.java:683)&#13;&#10;&#9;at org.eclipse.jdt.internal.junit.runner.RemoteTestRunner.run(RemoteTestRunner.java:390)&#13;&#10;&#9;at org.codecover.juniteclipse.runner.EclipseTestRunner.main(EclipseTestRunner.java:40)" Date="1589513775273" Name="DrawTest:testMousePressed">
<CovList/>
<AssgnmntList/>
<ObjMetaDataList/>
<MetaDataList/>
</TestCase>
<TestCase Comment="Failure&#10;java.lang.AssertionError: Use assertEquals(expected, actual, delta) to compare floating-point numbers&#13;&#10;&#9;at org.junit.Assert.fail(Assert.java:88)&#13;&#10;&#9;at org.junit.Assert.assertEquals(Assert.java:576)&#13;&#10;&#9;at org.junit.Assert.assertEquals(Assert.java:565)&#13;&#10;&#9;at DrawTest.testSetXscaleDoubleDouble1(DrawTest.java:98)&#13;&#10;&#9;at sun.reflect.NativeMethodAccessorImpl.invoke0(Native Method)&#13;&#10;&#9;at sun.reflect.NativeMethodAccessorImpl.invoke(Unknown Source)&#13;&#10;&#9;at sun.reflect.DelegatingMethodAccessorImpl.invoke(Unknown Source)&#13;&#10;&#9;at java.lang.reflect.Method.invoke(Unknown Source)&#13;&#10;&#9;at org.junit.runners.model.FrameworkMethod$1.runReflectiveCall(FrameworkMethod.java:47)&#13;&#10;&#9;at org.junit.internal.runners.model.ReflectiveCallable.run(ReflectiveCallable.java:12)&#13;&#10;&#9;at org.junit.runners.model.FrameworkMethod.invokeExplosively(FrameworkMethod.java:44)&#13;&#10;&#9;at org.junit.internal.runners.statements.InvokeMethod.evaluate(InvokeMethod.java:17)&#13;&#10;&#9;at org.junit.runners.ParentRunner.runLeaf(ParentRunner.java:271)&#13;&#10;&#9;at org.junit.runners.BlockJUnit4ClassRunner.runChild(BlockJUnit4ClassRunner.java:70)&#13;&#10;&#9;at org.junit.runners.BlockJUnit4ClassRunner.runChild(BlockJUnit4ClassRunner.java:50)&#13;&#10;&#9;at org.junit.runners.ParentRunner$3.run(ParentRunner.java:238)&#13;&#10;&#9;at org.junit.runners.ParentRunner$1.schedule(ParentRunner.java:63)&#13;&#10;&#9;at org.junit.runners.ParentRunner.runChildren(ParentRunner.java:236)&#13;&#10;&#9;at org.junit.runners.ParentRunner.access$000(ParentRunner.java:53)&#13;&#10;&#9;at org.junit.runners.ParentRunner$2.evaluate(ParentRunner.java:229)&#13;&#10;&#9;at org.junit.runners.ParentRunner.run(ParentRunner.java:309)&#13;&#10;&#9;at org.eclipse.jdt.internal.junit4.runner.JUnit4TestReference.run(JUnit4TestReference.java:50)&#13;&#10;&#9;at org.eclipse.jdt.internal.junit.runner.TestExecution.run(TestExecution.java:38)&#13;&#10;&#9;at org.eclipse.jdt.internal.junit.runner.RemoteTestRunner.runTests(RemoteTestRunner.java:467)&#13;&#10;&#9;at org.eclipse.jdt.internal.junit.runner.RemoteTestRunner.runTests(RemoteTestRunner.java:683)&#13;&#10;&#9;at org.eclipse.jdt.internal.junit.runner.RemoteTestRunner.run(RemoteTestRunner.java:390)&#13;&#10;&#9;at org.codecover.juniteclipse.runner.EclipseTestRunner.main(EclipseTestRunner.java:40)" Date="1589513775372" Name="DrawTest:testSetXscaleDoubleDouble1">
<CovList>
<CovPrefix CovItemPrefix="Draw.java">
<Cov CovItemId="B10" Value="2"/>
<Cov CovItemId="B16" Value="1"/>
<Cov CovItemId="B8" Value="2"/>
<Cov CovItemId="S104" Value="1"/>
<Cov CovItemId="S105" Value="1"/>
<Cov CovItemId="S106" Value="1"/>
<Cov CovItemId="S107" Value="1"/>
<Cov CovItemId="S109" Value="1"/>
<Cov CovItemId="S110" Value="1"/>
<Cov CovItemId="S94" Value="2"/>
<Cov CovItemId="S96" Value="2"/>
</CovPrefix>
</CovList>
<AssgnmntList>
<AssgnmntPrefix RootTermCovItemPrefix="Draw.java">
<AssgnmntListEntry Length="1" RootTermCovItemId="C4">
<MapEntry BoolAssgnmnt="0" Value="2"/>
</AssgnmntListEntry>
<AssgnmntListEntry Length="1" RootTermCovItemId="C5">
<MapEntry BoolAssgnmnt="0" Value="2"/>
</AssgnmntListEntry>
<AssgnmntListEntry Length="1" RootTermCovItemId="C8">
<MapEntry BoolAssgnmnt="0" Value="1"/>
</AssgnmntListEntry>
</AssgnmntPrefix>
</AssgnmntList>
<ObjMetaDataList/>
<MetaDataList/>
</TestCase>
<TestCase Comment="Failure&#10;java.lang.AssertionError: Not yet implemented&#13;&#10;&#9;at org.junit.Assert.fail(Assert.java:88)&#13;&#10;&#9;at DrawTest.testFactorX(DrawTest.java:126)&#13;&#10;&#9;at sun.reflect.NativeMethodAccessorImpl.invoke0(Native Method)&#13;&#10;&#9;at sun.reflect.NativeMethodAccessorImpl.invoke(Unknown Source)&#13;&#10;&#9;at sun.reflect.DelegatingMethodAccessorImpl.invoke(Unknown Source)&#13;&#10;&#9;at java.lang.reflect.Method.invoke(Unknown Source)&#13;&#10;&#9;at org.junit.runners.model.FrameworkMethod$1.runReflectiveCall(FrameworkMethod.java:47)&#13;&#10;&#9;at org.junit.internal.runners.model.ReflectiveCallable.run(ReflectiveCallable.java:12)&#13;&#10;&#9;at org.junit.runners.model.FrameworkMethod.invokeExplosively(FrameworkMethod.java:44)&#13;&#10;&#9;at org.junit.internal.runners.statements.InvokeMethod.evaluate(InvokeMethod.java:17)&#13;&#10;&#9;at org.junit.runners.ParentRunner.runLeaf(ParentRunner.java:271)&#13;&#10;&#9;at org.junit.runners.BlockJUnit4ClassRunner.runChild(BlockJUnit4ClassRunner.java:70)&#13;&#10;&#9;at org.junit.runners.BlockJUnit4ClassRunner.runChild(BlockJUnit4ClassRunner.java:50)&#13;&#10;&#9;at org.junit.runners.ParentRunner$3.run(ParentRunner.java:238)&#13;&#10;&#9;at org.junit.runners.ParentRunner$1.schedule(ParentRunner.java:63)&#13;&#10;&#9;at org.junit.runners.ParentRunner.runChildren(ParentRunner.java:236)&#13;&#10;&#9;at org.junit.runners.ParentRunner.access$000(ParentRunner.java:53)&#13;&#10;&#9;at org.junit.runners.ParentRunner$2.evaluate(ParentRunner.java:229)&#13;&#10;&#9;at org.junit.runners.ParentRunner.run(ParentRunner.java:309)&#13;&#10;&#9;at org.eclipse.jdt.internal.junit4.runner.JUnit4TestReference.run(JUnit4TestReference.java:50)&#13;&#10;&#9;at org.eclipse.jdt.internal.junit.runner.TestExecution.run(TestExecution.java:38)&#13;&#10;&#9;at org.eclipse.jdt.internal.junit.runner.RemoteTestRunner.runTests(RemoteTestRunner.java:467)&#13;&#10;&#9;at org.eclipse.jdt.internal.junit.runner.RemoteTestRunner.runTests(RemoteTestRunner.java:683)&#13;&#10;&#9;at org.eclipse.jdt.internal.junit.runner.RemoteTestRunner.run(RemoteTestRunner.java:390)&#13;&#10;&#9;at org.codecover.juniteclipse.runner.EclipseTestRunner.main(EclipseTestRunner.java:40)" Date="1589513775509" Name="DrawTest:testFactorX">
<CovList/>
<AssgnmntList/>
<ObjMetaDataList/>
<MetaDataList/>
</TestCase>
<TestCase Comment="Failure&#10;java.lang.AssertionError: Not yet implemented&#13;&#10;&#9;at org.junit.Assert.fail(Assert.java:88)&#13;&#10;&#9;at DrawTest.testFactorY(DrawTest.java:131)&#13;&#10;&#9;at sun.reflect.NativeMethodAccessorImpl.invoke0(Native Method)&#13;&#10;&#9;at sun.reflect.NativeMethodAccessorImpl.invoke(Unknown Source)&#13;&#10;&#9;at sun.reflect.DelegatingMethodAccessorImpl.invoke(Unknown Source)&#13;&#10;&#9;at java.lang.reflect.Method.invoke(Unknown Source)&#13;&#10;&#9;at org.junit.runners.model.FrameworkMethod$1.runReflectiveCall(FrameworkMethod.java:47)&#13;&#10;&#9;at org.junit.internal.runners.model.ReflectiveCallable.run(ReflectiveCallable.java:12)&#13;&#10;&#9;at org.junit.runners.model.FrameworkMethod.invokeExplosively(FrameworkMethod.java:44)&#13;&#10;&#9;at org.junit.internal.runners.statements.InvokeMethod.evaluate(InvokeMethod.java:17)&#13;&#10;&#9;at org.junit.runners.ParentRunner.runLeaf(ParentRunner.java:271)&#13;&#10;&#9;at org.junit.runners.BlockJUnit4ClassRunner.runChild(BlockJUnit4ClassRunner.java:70)&#13;&#10;&#9;at org.junit.runners.BlockJUnit4ClassRunner.runChild(BlockJUnit4ClassRunner.java:50)&#13;&#10;&#9;at org.junit.runners.ParentRunner$3.run(ParentRunner.java:238)&#13;&#10;&#9;at org.junit.runners.ParentRunner$1.schedule(ParentRunner.java:63)&#13;&#10;&#9;at org.junit.runners.ParentRunner.runChildren(ParentRunner.java:236)&#13;&#10;&#9;at org.junit.runners.ParentRunner.access$000(ParentRunner.java:53)&#13;&#10;&#9;at org.junit.runners.ParentRunner$2.evaluate(ParentRunner.java:229)&#13;&#10;&#9;at org.junit.runners.ParentRunner.run(ParentRunner.java:309)&#13;&#10;&#9;at org.eclipse.jdt.internal.junit4.runner.JUnit4TestReference.run(JUnit4TestReference.java:50)&#13;&#10;&#9;at org.eclipse.jdt.internal.junit.runner.TestExecution.run(TestExecution.java:38)&#13;&#10;&#9;at org.eclipse.jdt.internal.junit.runner.RemoteTestRunner.runTests(RemoteTestRunner.java:467)&#13;&#10;&#9;at org.eclipse.jdt.internal.junit.runner.RemoteTestRunner.runTests(RemoteTestRunner.java:683)&#13;&#10;&#9;at org.eclipse.jdt.internal.junit.runner.RemoteTestRunner.run(RemoteTestRunner.java:390)&#13;&#10;&#9;at org.codecover.juniteclipse.runner.EclipseTestRunner.main(EclipseTestRunner.java:40)" Date="1589513775643" Name="DrawTest:testFactorY">
<CovList/>
<AssgnmntList/>
<ObjMetaDataList/>
<MetaDataList/>
</TestCase>
<TestCase Comment="Failure&#10;java.lang.AssertionError: Not yet implemented&#13;&#10;&#9;at org.junit.Assert.fail(Assert.java:88)&#13;&#10;&#9;at DrawTest.testClearColor(DrawTest.java:151)&#13;&#10;&#9;at sun.reflect.NativeMethodAccessorImpl.invoke0(Native Method)&#13;&#10;&#9;at sun.reflect.NativeMethodAccessorImpl.invoke(Unknown Source)&#13;&#10;&#9;at sun.reflect.DelegatingMethodAccessorImpl.invoke(Unknown Source)&#13;&#10;&#9;at java.lang.reflect.Method.invoke(Unknown Source)&#13;&#10;&#9;at org.junit.runners.model.FrameworkMethod$1.runReflectiveCall(FrameworkMethod.java:47)&#13;&#10;&#9;at org.junit.internal.runners.model.ReflectiveCallable.run(ReflectiveCallable.java:12)&#13;&#10;&#9;at org.junit.runners.model.FrameworkMethod.invokeExplosively(FrameworkMethod.java:44)&#13;&#10;&#9;at org.junit.internal.runners.statements.InvokeMethod.evaluate(InvokeMethod.java:17)&#13;&#10;&#9;at org.junit.runners.ParentRunner.runLeaf(ParentRunner.java:271)&#13;&#10;&#9;at org.junit.runners.BlockJUnit4ClassRunner.runChild(BlockJUnit4ClassRunner.java:70)&#13;&#10;&#9;at org.junit.runners.BlockJUnit4ClassRunner.runChild(BlockJUnit4ClassRunner.java:50)&#13;&#10;&#9;at org.junit.runners.ParentRunner$3.run(ParentRunner.java:238)&#13;&#10;&#9;at org.junit.runners.ParentRunner$1.schedule(ParentRunner.java:63)&#13;&#10;&#9;at org.junit.runners.ParentRunner.runChildren(ParentRunner.java:236)&#13;&#10;&#9;at org.junit.runners.ParentRunner.access$000(ParentRunner.java:53)&#13;&#10;&#9;at org.junit.runners.ParentRunner$2.evaluate(ParentRunner.java:229)&#13;&#10;&#9;at org.junit.runners.ParentRunner.run(ParentRunner.java:309)&#13;&#10;&#9;at org.eclipse.jdt.internal.junit4.runner.JUnit4TestReference.run(JUnit4TestReference.java:50)&#13;&#10;&#9;at org.eclipse.jdt.internal.junit.runner.TestExecution.run(TestExecution.java:38)&#13;&#10;&#9;at org.eclipse.jdt.internal.junit.runner.RemoteTestRunner.runTests(RemoteTestRunner.java:467)&#13;&#10;&#9;at org.eclipse.jdt.internal.junit.runner.RemoteTestRunner.runTests(RemoteTestRunner.java:683)&#13;&#10;&#9;at org.eclipse.jdt.internal.junit.runner.RemoteTestRunner.run(RemoteTestRunner.java:390)&#13;&#10;&#9;at org.codecover.juniteclipse.runner.EclipseTestRunner.main(EclipseTestRunner.java:40)" Date="1589513775776" Name="DrawTest:testClearColor">
<CovList/>
<AssgnmntList/>
<ObjMetaDataList/>
<MetaDataList/>
</TestCase>
<TestCase Comment="Failure&#10;java.lang.AssertionError: Not yet implemented&#13;&#10;&#9;at org.junit.Assert.fail(Assert.java:88)&#13;&#10;&#9;at DrawTest.testArc(DrawTest.java:256)&#13;&#10;&#9;at sun.reflect.NativeMethodAccessorImpl.invoke0(Native Method)&#13;&#10;&#9;at sun.reflect.NativeMethodAccessorImpl.invoke(Unknown Source)&#13;&#10;&#9;at sun.reflect.DelegatingMethodAccessorImpl.invoke(Unknown Source)&#13;&#10;&#9;at java.lang.reflect.Method.invoke(Unknown Source)&#13;&#10;&#9;at org.junit.runners.model.FrameworkMethod$1.runReflectiveCall(FrameworkMethod.java:47)&#13;&#10;&#9;at org.junit.internal.runners.model.ReflectiveCallable.run(ReflectiveCallable.java:12)&#13;&#10;&#9;at org.junit.runners.model.FrameworkMethod.invokeExplosively(FrameworkMethod.java:44)&#13;&#10;&#9;at org.junit.internal.runners.statements.InvokeMethod.evaluate(InvokeMethod.java:17)&#13;&#10;&#9;at org.junit.runners.ParentRunner.runLeaf(ParentRunner.java:271)&#13;&#10;&#9;at org.junit.runners.BlockJUnit4ClassRunner.runChild(BlockJUnit4ClassRunner.java:70)&#13;&#10;&#9;at org.junit.runners.BlockJUnit4ClassRunner.runChild(BlockJUnit4ClassRunner.java:50)&#13;&#10;&#9;at org.junit.runners.ParentRunner$3.run(ParentRunner.java:238)&#13;&#10;&#9;at org.junit.runners.ParentRunner$1.schedule(ParentRunner.java:63)&#13;&#10;&#9;at org.junit.runners.ParentRunner.runChildren(ParentRunner.java:236)&#13;&#10;&#9;at org.junit.runners.ParentRunner.access$000(ParentRunner.java:53)&#13;&#10;&#9;at org.junit.runners.ParentRunner$2.evaluate(ParentRunner.java:229)&#13;&#10;&#9;at org.junit.runners.ParentRunner.run(ParentRunner.java:309)&#13;&#10;&#9;at org.eclipse.jdt.internal.junit4.runner.JUnit4TestReference.run(JUnit4TestReference.java:50)&#13;&#10;&#9;at org.eclipse.jdt.internal.junit.runner.TestExecution.run(TestExecution.java:38)&#13;&#10;&#9;at org.eclipse.jdt.internal.junit.runner.RemoteTestRunner.runTests(RemoteTestRunner.java:467)&#13;&#10;&#9;at org.eclipse.jdt.internal.junit.runner.RemoteTestRunner.runTests(RemoteTestRunner.java:683)&#13;&#10;&#9;at org.eclipse.jdt.internal.junit.runner.RemoteTestRunner.run(RemoteTestRunner.java:390)&#13;&#10;&#9;at org.codecover.juniteclipse.runner.EclipseTestRunner.main(EclipseTestRunner.java:40)" Date="1589513775922" Name="DrawTest:testArc">
<CovList>
<CovPrefix CovItemPrefix="Draw.java">
<Cov CovItemId="S534" Value="1"/>
<Cov CovItemId="S535" Value="1"/>
<Cov CovItemId="S536" Value="1"/>
<Cov CovItemId="S537" Value="1"/>
<Cov CovItemId="S538" Value="1"/>
<Cov CovItemId="S539" Value="1"/>
<Cov CovItemId="S540" Value="1"/>
<Cov CovItemId="S541" Value="1"/>
</CovPrefix>
</CovList>
<AssgnmntList/>
<ObjMetaDataList/>
<MetaDataList/>
</TestCase>
<TestCase Comment="Failure&#10;java.lang.AssertionError: Not yet implemented&#13;&#10;&#9;at org.junit.Assert.fail(Assert.java:88)&#13;&#10;&#9;at DrawTest.testTextDoubleDoubleStringDouble(DrawTest.java:321)&#13;&#10;&#9;at sun.reflect.NativeMethodAccessorImpl.invoke0(Native Method)&#13;&#10;&#9;at sun.reflect.NativeMethodAccessorImpl.invoke(Unknown Source)&#13;&#10;&#9;at sun.reflect.DelegatingMethodAccessorImpl.invoke(Unknown Source)&#13;&#10;&#9;at java.lang.reflect.Method.invoke(Unknown Source)&#13;&#10;&#9;at org.junit.runners.model.FrameworkMethod$1.runReflectiveCall(FrameworkMethod.java:47)&#13;&#10;&#9;at org.junit.internal.runners.model.ReflectiveCallable.run(ReflectiveCallable.java:12)&#13;&#10;&#9;at org.junit.runners.model.FrameworkMethod.invokeExplosively(FrameworkMethod.java:44)&#13;&#10;&#9;at org.junit.internal.runners.statements.InvokeMethod.evaluate(InvokeMethod.java:17)&#13;&#10;&#9;at org.junit.runners.ParentRunner.runLeaf(ParentRunner.java:271)&#13;&#10;&#9;at org.junit.runners.BlockJUnit4ClassRunner.runChild(BlockJUnit4ClassRunner.java:70)&#13;&#10;&#9;at org.junit.runners.BlockJUnit4ClassRunner.runChild(BlockJUnit4ClassRunner.java:50)&#13;&#10;&#9;at org.junit.runners.ParentRunner$3.run(ParentRunner.java:238)&#13;&#10;&#9;at org.junit.runners.ParentRunner$1.schedule(ParentRunner.java:63)&#13;&#10;&#9;at org.junit.runners.ParentRunner.runChildren(ParentRunner.java:236)&#13;&#10;&#9;at org.junit.runners.ParentRunner.access$000(ParentRunner.java:53)&#13;&#10;&#9;at org.junit.runners.ParentRunner$2.evaluate(ParentRunner.java:229)&#13;&#10;&#9;at org.junit.runners.ParentRunner.run(ParentRunner.java:309)&#13;&#10;&#9;at org.eclipse.jdt.internal.junit4.runner.JUnit4TestReference.run(JUnit4TestReference.java:50)&#13;&#10;&#9;at org.eclipse.jdt.internal.junit.runner.TestExecution.run(TestExecution.java:38)&#13;&#10;&#9;at org.eclipse.jdt.internal.junit.runner.RemoteTestRunner.runTests(RemoteTestRunner.java:467)&#13;&#10;&#9;at org.eclipse.jdt.internal.junit.runner.RemoteTestRunner.runTests(RemoteTestRunner.java:683)&#13;&#10;&#9;at org.eclipse.jdt.internal.junit.runner.RemoteTestRunner.run(RemoteTestRunner.java:390)&#13;&#10;&#9;at org.codecover.juniteclipse.runner.EclipseTestRunner.main(EclipseTestRunner.java:40)" Date="1589513776055" Name="DrawTest:testTextDoubleDoubleStringDouble">
<CovList/>
<AssgnmntList/>
<ObjMetaDataList/>
<MetaDataList/>
</TestCase>
<TestCase Comment="Failure&#10;java.lang.AssertionError: Not yet implemented&#13;&#10;&#9;at org.junit.Assert.fail(Assert.java:88)&#13;&#10;&#9;at DrawTest.testActionPerformed(DrawTest.java:371)&#13;&#10;&#9;at sun.reflect.NativeMethodAccessorImpl.invoke0(Native Method)&#13;&#10;&#9;at sun.reflect.NativeMethodAccessorImpl.invoke(Unknown Source)&#13;&#10;&#9;at sun.reflect.DelegatingMethodAccessorImpl.invoke(Unknown Source)&#13;&#10;&#9;at java.lang.reflect.Method.invoke(Unknown Source)&#13;&#10;&#9;at org.junit.runners.model.FrameworkMethod$1.runReflectiveCall(FrameworkMethod.java:47)&#13;&#10;&#9;at org.junit.internal.runners.model.ReflectiveCallable.run(ReflectiveCallable.java:12)&#13;&#10;&#9;at org.junit.runners.model.FrameworkMethod.invokeExplosively(FrameworkMethod.java:44)&#13;&#10;&#9;at org.junit.internal.runners.statements.InvokeMethod.evaluate(InvokeMethod.java:17)&#13;&#10;&#9;at org.junit.runners.ParentRunner.runLeaf(ParentRunner.java:271)&#13;&#10;&#9;at org.junit.runners.BlockJUnit4ClassRunner.runChild(BlockJUnit4ClassRunner.java:70)&#13;&#10;&#9;at org.junit.runners.BlockJUnit4ClassRunner.runChild(BlockJUnit4ClassRunner.java:50)&#13;&#10;&#9;at org.junit.runners.ParentRunner$3.run(ParentRunner.java:238)&#13;&#10;&#9;at org.junit.runners.ParentRunner$1.schedule(ParentRunner.java:63)&#13;&#10;&#9;at org.junit.runners.ParentRunner.runChildren(ParentRunner.java:236)&#13;&#10;&#9;at org.junit.runners.ParentRunner.access$000(ParentRunner.java:53)&#13;&#10;&#9;at org.junit.runners.ParentRunner$2.evaluate(ParentRunner.java:229)&#13;&#10;&#9;at org.junit.runners.ParentRunner.run(ParentRunner.java:309)&#13;&#10;&#9;at org.eclipse.jdt.internal.junit4.runner.JUnit4TestReference.run(JUnit4TestReference.java:50)&#13;&#10;&#9;at org.eclipse.jdt.internal.junit.runner.TestExecution.run(TestExecution.java:38)&#13;&#10;&#9;at org.eclipse.jdt.internal.junit.runner.RemoteTestRunner.runTests(RemoteTestRunner.java:467)&#13;&#10;&#9;at org.eclipse.jdt.internal.junit.runner.RemoteTestRunner.runTests(RemoteTestRunner.java:683)&#13;&#10;&#9;at org.eclipse.jdt.internal.junit.runner.RemoteTestRunner.run(RemoteTestRunner.java:390)&#13;&#10;&#9;at org.codecover.juniteclipse.runner.EclipseTestRunner.main(EclipseTestRunner.java:40)" Date="1589513776178" Name="DrawTest:testActionPerformed">
<CovList/>
<AssgnmntList/>
<ObjMetaDataList/>
<MetaDataList/>
</TestCase>
<TestCase Comment="" Date="1589513776343" Name="DrawTest:testSetYscaleDoubleDouble">
<CovList>
<CovPrefix CovItemPrefix="Draw.java">
<Cov CovItemId="B10" Value="2"/>
<Cov CovItemId="B17" Value="1"/>
<Cov CovItemId="B8" Value="2"/>
<Cov CovItemId="S111" Value="1"/>
<Cov CovItemId="S112" Value="1"/>
<Cov CovItemId="S113" Value="1"/>
<Cov CovItemId="S114" Value="1"/>
<Cov CovItemId="S115" Value="1"/>
<Cov CovItemId="S94" Value="2"/>
<Cov CovItemId="S96" Value="2"/>
</CovPrefix>
</CovList>
<AssgnmntList>
<AssgnmntPrefix RootTermCovItemPrefix="Draw.java">
<AssgnmntListEntry Length="1" RootTermCovItemId="C4">
<MapEntry BoolAssgnmnt="0" Value="2"/>
</AssgnmntListEntry>
<AssgnmntListEntry Length="1" RootTermCovItemId="C5">
<MapEntry BoolAssgnmnt="0" Value="2"/>
</AssgnmntListEntry>
<AssgnmntListEntry Length="1" RootTermCovItemId="C9">
<MapEntry BoolAssgnmnt="1" Value="1"/>
</AssgnmntListEntry>
</AssgnmntPrefix>
</AssgnmntList>
<ObjMetaDataList/>
<MetaDataList/>
</TestCase>
<TestCase Comment="Failure&#10;java.lang.AssertionError: Not yet implemented&#13;&#10;&#9;at org.junit.Assert.fail(Assert.java:88)&#13;&#10;&#9;at DrawTest.testClear(DrawTest.java:146)&#13;&#10;&#9;at sun.reflect.NativeMethodAccessorImpl.invoke0(Native Method)&#13;&#10;&#9;at sun.reflect.NativeMethodAccessorImpl.invoke(Unknown Source)&#13;&#10;&#9;at sun.reflect.DelegatingMethodAccessorImpl.invoke(Unknown Source)&#13;&#10;&#9;at java.lang.reflect.Method.invoke(Unknown Source)&#13;&#10;&#9;at org.junit.runners.model.FrameworkMethod$1.runReflectiveCall(FrameworkMethod.java:47)&#13;&#10;&#9;at org.junit.internal.runners.model.ReflectiveCallable.run(ReflectiveCallable.java:12)&#13;&#10;&#9;at org.junit.runners.model.FrameworkMethod.invokeExplosively(FrameworkMethod.java:44)&#13;&#10;&#9;at org.junit.internal.runners.statements.InvokeMethod.evaluate(InvokeMethod.java:17)&#13;&#10;&#9;at org.junit.runners.ParentRunner.runLeaf(ParentRunner.java:271)&#13;&#10;&#9;at org.junit.runners.BlockJUnit4ClassRunner.runChild(BlockJUnit4ClassRunner.java:70)&#13;&#10;&#9;at org.junit.runners.BlockJUnit4ClassRunner.runChild(BlockJUnit4ClassRunner.java:50)&#13;&#10;&#9;at org.junit.runners.ParentRunner$3.run(ParentRunner.java:238)&#13;&#10;&#9;at org.junit.runners.ParentRunner$1.schedule(ParentRunner.java:63)&#13;&#10;&#9;at org.junit.runners.ParentRunner.runChildren(ParentRunner.java:236)&#13;&#10;&#9;at org.junit.runners.ParentRunner.access$000(ParentRunner.java:53)&#13;&#10;&#9;at org.junit.runners.ParentRunner$2.evaluate(ParentRunner.java:229)&#13;&#10;&#9;at org.junit.runners.ParentRunner.run(ParentRunner.java:309)&#13;&#10;&#9;at org.eclipse.jdt.internal.junit4.runner.JUnit4TestReference.run(JUnit4TestReference.java:50)&#13;&#10;&#9;at org.eclipse.jdt.internal.junit.runner.TestExecution.run(TestExecution.java:38)&#13;&#10;&#9;at org.eclipse.jdt.internal.junit.runner.RemoteTestRunner.runTests(RemoteTestRunner.java:467)&#13;&#10;&#9;at org.eclipse.jdt.internal.junit.runner.RemoteTestRunner.runTests(RemoteTestRunner.java:683)&#13;&#10;&#9;at org.eclipse.jdt.internal.junit.runner.RemoteTestRunner.run(RemoteTestRunner.java:390)&#13;&#10;&#9;at org.codecover.juniteclipse.runner.EclipseTestRunner.main(EclipseTestRunner.java:40)" Date="1589513776465" Name="DrawTest:testClear">
<CovList/>
<AssgnmntList/>
<ObjMetaDataList/>
<MetaDataList/>
</TestCase>
<TestCase Comment="Failure&#10;java.lang.AssertionError: Not yet implemented&#13;&#10;&#9;at org.junit.Assert.fail(Assert.java:88)&#13;&#10;&#9;at DrawTest.testDraw1(DrawTest.java:351)&#13;&#10;&#9;at sun.reflect.NativeMethodAccessorImpl.invoke0(Native Method)&#13;&#10;&#9;at sun.reflect.NativeMethodAccessorImpl.invoke(Unknown Source)&#13;&#10;&#9;at sun.reflect.DelegatingMethodAccessorImpl.invoke(Unknown Source)&#13;&#10;&#9;at java.lang.reflect.Method.invoke(Unknown Source)&#13;&#10;&#9;at org.junit.runners.model.FrameworkMethod$1.runReflectiveCall(FrameworkMethod.java:47)&#13;&#10;&#9;at org.junit.internal.runners.model.ReflectiveCallable.run(ReflectiveCallable.java:12)&#13;&#10;&#9;at org.junit.runners.model.FrameworkMethod.invokeExplosively(FrameworkMethod.java:44)&#13;&#10;&#9;at org.junit.internal.runners.statements.InvokeMethod.evaluate(InvokeMethod.java:17)&#13;&#10;&#9;at org.junit.runners.ParentRunner.runLeaf(ParentRunner.java:271)&#13;&#10;&#9;at org.junit.runners.BlockJUnit4ClassRunner.runChild(BlockJUnit4ClassRunner.java:70)&#13;&#10;&#9;at org.junit.runners.BlockJUnit4ClassRunner.runChild(BlockJUnit4ClassRunner.java:50)&#13;&#10;&#9;at org.junit.runners.ParentRunner$3.run(ParentRunner.java:238)&#13;&#10;&#9;at org.junit.runners.ParentRunner$1.schedule(ParentRunner.java:63)&#13;&#10;&#9;at org.junit.runners.ParentRunner.runChildren(ParentRunner.java:236)&#13;&#10;&#9;at org.junit.runners.ParentRunner.access$000(ParentRunner.java:53)&#13;&#10;&#9;at org.junit.runners.ParentRunner$2.evaluate(ParentRunner.java:229)&#13;&#10;&#9;at org.junit.runners.ParentRunner.run(ParentRunner.java:309)&#13;&#10;&#9;at org.eclipse.jdt.internal.junit4.runner.JUnit4TestReference.run(JUnit4TestReference.java:50)&#13;&#10;&#9;at org.eclipse.jdt.internal.junit.runner.TestExecution.run(TestExecution.java:38)&#13;&#10;&#9;at org.eclipse.jdt.internal.junit.runner.RemoteTestRunner.runTests(RemoteTestRunner.java:467)&#13;&#10;&#9;at org.eclipse.jdt.internal.junit.runner.RemoteTestRunner.runTests(RemoteTestRunner.java:683)&#13;&#10;&#9;at org.eclipse.jdt.internal.junit.runner.RemoteTestRunner.run(RemoteTestRunner.java:390)&#13;&#10;&#9;at org.codecover.juniteclipse.runner.EclipseTestRunner.main(EclipseTestRunner.java:40)" Date="1589513776567" Name="DrawTest:testDraw1">
<CovList/>
<AssgnmntList/>
<ObjMetaDataList/>
<MetaDataList/>
</TestCase>
<TestCase Comment="Failure&#10;java.lang.AssertionError: Not yet implemented&#13;&#10;&#9;at org.junit.Assert.fail(Assert.java:88)&#13;&#10;&#9;at DrawTest.testPause(DrawTest.java:341)&#13;&#10;&#9;at sun.reflect.NativeMethodAccessorImpl.invoke0(Native Method)&#13;&#10;&#9;at sun.reflect.NativeMethodAccessorImpl.invoke(Unknown Source)&#13;&#10;&#9;at sun.reflect.DelegatingMethodAccessorImpl.invoke(Unknown Source)&#13;&#10;&#9;at java.lang.reflect.Method.invoke(Unknown Source)&#13;&#10;&#9;at org.junit.runners.model.FrameworkMethod$1.runReflectiveCall(FrameworkMethod.java:47)&#13;&#10;&#9;at org.junit.internal.runners.model.ReflectiveCallable.run(ReflectiveCallable.java:12)&#13;&#10;&#9;at org.junit.runners.model.FrameworkMethod.invokeExplosively(FrameworkMethod.java:44)&#13;&#10;&#9;at org.junit.internal.runners.statements.InvokeMethod.evaluate(InvokeMethod.java:17)&#13;&#10;&#9;at org.junit.runners.ParentRunner.runLeaf(ParentRunner.java:271)&#13;&#10;&#9;at org.junit.runners.BlockJUnit4ClassRunner.runChild(BlockJUnit4ClassRunner.java:70)&#13;&#10;&#9;at org.junit.runners.BlockJUnit4ClassRunner.runChild(BlockJUnit4ClassRunner.java:50)&#13;&#10;&#9;at org.junit.runners.ParentRunner$3.run(ParentRunner.java:238)&#13;&#10;&#9;at org.junit.runners.ParentRunner$1.schedule(ParentRunner.java:63)&#13;&#10;&#9;at org.junit.runners.ParentRunner.runChildren(ParentRunner.java:236)&#13;&#10;&#9;at org.junit.runners.ParentRunner.access$000(ParentRunner.java:53)&#13;&#10;&#9;at org.junit.runners.ParentRunner$2.evaluate(ParentRunner.java:229)&#13;&#10;&#9;at org.junit.runners.ParentRunner.run(ParentRunner.java:309)&#13;&#10;&#9;at org.eclipse.jdt.internal.junit4.runner.JUnit4TestReference.run(JUnit4TestReference.java:50)&#13;&#10;&#9;at org.eclipse.jdt.internal.junit.runner.TestExecution.run(TestExecution.java:38)&#13;&#10;&#9;at org.eclipse.jdt.internal.junit.runner.RemoteTestRunner.runTests(RemoteTestRunner.java:467)&#13;&#10;&#9;at org.eclipse.jdt.internal.junit.runner.RemoteTestRunner.runTests(RemoteTestRunner.java:683)&#13;&#10;&#9;at org.eclipse.jdt.internal.junit.runner.RemoteTestRunner.run(RemoteTestRunner.java:390)&#13;&#10;&#9;at org.codecover.juniteclipse.runner.EclipseTestRunner.main(EclipseTestRunner.java:40)" Date="1589513776686" Name="DrawTest:testPause">
<CovList/>
<AssgnmntList/>
<ObjMetaDataList/>
<MetaDataList/>
</TestCase>
<TestCase Comment="" Date="1589513776798" Name="DrawTest:testPixel">
<CovList>
<CovPrefix CovItemPrefix="Draw.java">
<Cov CovItemId="B10" Value="4"/>
<Cov CovItemId="B8" Value="4"/>
<Cov CovItemId="B81" Value="1"/>
<Cov CovItemId="S118" Value="2"/>
<Cov CovItemId="S119" Value="2"/>
<Cov CovItemId="S156" Value="1"/>
<Cov CovItemId="S157" Value="1"/>
<Cov CovItemId="S158" Value="1"/>
<Cov CovItemId="S159" Value="1"/>
<Cov CovItemId="S160" Value="1"/>
<Cov CovItemId="S161" Value="1"/>
<Cov CovItemId="S464" Value="1"/>
<Cov CovItemId="S465" Value="1"/>
<Cov CovItemId="S466" Value="1"/>
<Cov CovItemId="S467" Value="1"/>
<Cov CovItemId="S534" Value="1"/>
<Cov CovItemId="S535" Value="1"/>
<Cov CovItemId="S536" Value="1"/>
<Cov CovItemId="S537" Value="1"/>
<Cov CovItemId="S538" Value="1"/>
<Cov CovItemId="S539" Value="1"/>
<Cov CovItemId="S540" Value="1"/>
<Cov CovItemId="S541" Value="1"/>
<Cov CovItemId="S94" Value="4"/>
<Cov CovItemId="S96" Value="4"/>
</CovPrefix>
</CovList>
<AssgnmntList>
<AssgnmntPrefix RootTermCovItemPrefix="Draw.java">
<AssgnmntListEntry Length="1" RootTermCovItemId="C4">
<MapEntry BoolAssgnmnt="0" Value="4"/>
</AssgnmntListEntry>
<AssgnmntListEntry Length="1" RootTermCovItemId="C46">
<MapEntry BoolAssgnmnt="0" Value="1"/>
</AssgnmntListEntry>
<AssgnmntListEntry Length="1" RootTermCovItemId="C5">
<MapEntry BoolAssgnmnt="0" Value="4"/>
</AssgnmntListEntry>
</AssgnmntPrefix>
</AssgnmntList>
<ObjMetaDataList/>
<MetaDataList/>
</TestCase>
<TestCase Comment="Failure&#10;java.lang.AssertionError: Not yet implemented&#13;&#10;&#9;at org.junit.Assert.fail(Assert.java:88)&#13;&#10;&#9;at DrawTest.testPoint(DrawTest.java:231)&#13;&#10;&#9;at sun.reflect.NativeMethodAccessorImpl.invoke0(Native Method)&#13;&#10;&#9;at sun.reflect.NativeMethodAccessorImpl.invoke(Unknown Source)&#13;&#10;&#9;at sun.reflect.DelegatingMethodAccessorImpl.invoke(Unknown Source)&#13;&#10;&#9;at java.lang.reflect.Method.invoke(Unknown Source)&#13;&#10;&#9;at org.junit.runners.model.FrameworkMethod$1.runReflectiveCall(FrameworkMethod.java:47)&#13;&#10;&#9;at org.junit.internal.runners.model.ReflectiveCallable.run(ReflectiveCallable.java:12)&#13;&#10;&#9;at org.junit.runners.model.FrameworkMethod.invokeExplosively(FrameworkMethod.java:44)&#13;&#10;&#9;at org.junit.internal.runners.statements.InvokeMethod.evaluate(InvokeMethod.java:17)&#13;&#10;&#9;at org.junit.runners.ParentRunner.runLeaf(ParentRunner.java:271)&#13;&#10;&#9;at org.junit.runners.BlockJUnit4ClassRunner.runChild(BlockJUnit4ClassRunner.java:70)&#13;&#10;&#9;at org.junit.runners.BlockJUnit4ClassRunner.runChild(BlockJUnit4ClassRunner.java:50)&#13;&#10;&#9;at org.junit.runners.ParentRunner$3.run(ParentRunner.java:238)&#13;&#10;&#9;at org.junit.runners.ParentRunner$1.schedule(ParentRunner.java:63)&#13;&#10;&#9;at org.junit.runners.ParentRunner.runChildren(ParentRunner.java:236)&#13;&#10;&#9;at org.junit.runners.ParentRunner.access$000(ParentRunner.java:53)&#13;&#10;&#9;at org.junit.runners.ParentRunner$2.evaluate(ParentRunner.java:229)&#13;&#10;&#9;at org.junit.runners.ParentRunner.run(ParentRunner.java:309)&#13;&#10;&#9;at org.eclipse.jdt.internal.junit4.runner.JUnit4TestReference.run(JUnit4TestReference.java:50)&#13;&#10;&#9;at org.eclipse.jdt.internal.junit.runner.TestExecution.run(TestExecution.java:38)&#13;&#10;&#9;at org.eclipse.jdt.internal.junit.runner.RemoteTestRunner.runTests(RemoteTestRunner.java:467)&#13;&#10;&#9;at org.eclipse.jdt.internal.junit.runner.RemoteTestRunner.runTests(RemoteTestRunner.java:683)&#13;&#10;&#9;at org.eclipse.jdt.internal.junit.runner.RemoteTestRunner.run(RemoteTestRunner.java:390)&#13;&#10;&#9;at org.codecover.juniteclipse.runner.EclipseTestRunner.main(EclipseTestRunner.java:40)" Date="1589513776930" Name="DrawTest:testPoint">
<CovList/>
<AssgnmntList/>
<ObjMetaDataList/>
<MetaDataList/>
</TestCase>
<TestCase Comment="Failure&#10;java.lang.AssertionError: Not yet implemented&#13;&#10;&#9;at org.junit.Assert.fail(Assert.java:88)&#13;&#10;&#9;at DrawTest.testUserX(DrawTest.java:136)&#13;&#10;&#9;at sun.reflect.NativeMethodAccessorImpl.invoke0(Native Method)&#13;&#10;&#9;at sun.reflect.NativeMethodAccessorImpl.invoke(Unknown Source)&#13;&#10;&#9;at sun.reflect.DelegatingMethodAccessorImpl.invoke(Unknown Source)&#13;&#10;&#9;at java.lang.reflect.Method.invoke(Unknown Source)&#13;&#10;&#9;at org.junit.runners.model.FrameworkMethod$1.runReflectiveCall(FrameworkMethod.java:47)&#13;&#10;&#9;at org.junit.internal.runners.model.ReflectiveCallable.run(ReflectiveCallable.java:12)&#13;&#10;&#9;at org.junit.runners.model.FrameworkMethod.invokeExplosively(FrameworkMethod.java:44)&#13;&#10;&#9;at org.junit.internal.runners.statements.InvokeMethod.evaluate(InvokeMethod.java:17)&#13;&#10;&#9;at org.junit.runners.ParentRunner.runLeaf(ParentRunner.java:271)&#13;&#10;&#9;at org.junit.runners.BlockJUnit4ClassRunner.runChild(BlockJUnit4ClassRunner.java:70)&#13;&#10;&#9;at org.junit.runners.BlockJUnit4ClassRunner.runChild(BlockJUnit4ClassRunner.java:50)&#13;&#10;&#9;at org.junit.runners.ParentRunner$3.run(ParentRunner.java:238)&#13;&#10;&#9;at org.junit.runners.ParentRunner$1.schedule(ParentRunner.java:63)&#13;&#10;&#9;at org.junit.runners.ParentRunner.runChildren(ParentRunner.java:236)&#13;&#10;&#9;at org.junit.runners.ParentRunner.access$000(ParentRunner.java:53)&#13;&#10;&#9;at org.junit.runners.ParentRunner$2.evaluate(ParentRunner.java:229)&#13;&#10;&#9;at org.junit.runners.ParentRunner.run(ParentRunner.java:309)&#13;&#10;&#9;at org.eclipse.jdt.internal.junit4.runner.JUnit4TestReference.run(JUnit4TestReference.java:50)&#13;&#10;&#9;at org.eclipse.jdt.internal.junit.runner.TestExecution.run(TestExecution.java:38)&#13;&#10;&#9;at org.eclipse.jdt.internal.junit.runner.RemoteTestRunner.runTests(RemoteTestRunner.java:467)&#13;&#10;&#9;at org.eclipse.jdt.internal.junit.runner.RemoteTestRunner.runTests(RemoteTestRunner.java:683)&#13;&#10;&#9;at org.eclipse.jdt.internal.junit.runner.RemoteTestRunner.run(RemoteTestRunner.java:390)&#13;&#10;&#9;at org.codecover.juniteclipse.runner.EclipseTestRunner.main(EclipseTestRunner.java:40)" Date="1589513777033" Name="DrawTest:testUserX">
<CovList/>
<AssgnmntList/>
<ObjMetaDataList/>
<MetaDataList/>
</TestCase>
<TestCase Comment="Failure&#10;java.lang.AssertionError: Not yet implemented&#13;&#10;&#9;at org.junit.Assert.fail(Assert.java:88)&#13;&#10;&#9;at DrawTest.testUserY(DrawTest.java:141)&#13;&#10;&#9;at sun.reflect.NativeMethodAccessorImpl.invoke0(Native Method)&#13;&#10;&#9;at sun.reflect.NativeMethodAccessorImpl.invoke(Unknown Source)&#13;&#10;&#9;at sun.reflect.DelegatingMethodAccessorImpl.invoke(Unknown Source)&#13;&#10;&#9;at java.lang.reflect.Method.invoke(Unknown Source)&#13;&#10;&#9;at org.junit.runners.model.FrameworkMethod$1.runReflectiveCall(FrameworkMethod.java:47)&#13;&#10;&#9;at org.junit.internal.runners.model.ReflectiveCallable.run(ReflectiveCallable.java:12)&#13;&#10;&#9;at org.junit.runners.model.FrameworkMethod.invokeExplosively(FrameworkMethod.java:44)&#13;&#10;&#9;at org.junit.internal.runners.statements.InvokeMethod.evaluate(InvokeMethod.java:17)&#13;&#10;&#9;at org.junit.runners.ParentRunner.runLeaf(ParentRunner.java:271)&#13;&#10;&#9;at org.junit.runners.BlockJUnit4ClassRunner.runChild(BlockJUnit4ClassRunner.java:70)&#13;&#10;&#9;at org.junit.runners.BlockJUnit4ClassRunner.runChild(BlockJUnit4ClassRunner.java:50)&#13;&#10;&#9;at org.junit.runners.ParentRunner$3.run(ParentRunner.java:238)&#13;&#10;&#9;at org.junit.runners.ParentRunner$1.schedule(ParentRunner.java:63)&#13;&#10;&#9;at org.junit.runners.ParentRunner.runChildren(ParentRunner.java:236)&#13;&#10;&#9;at org.junit.runners.ParentRunner.access$000(ParentRunner.java:53)&#13;&#10;&#9;at org.junit.runners.ParentRunner$2.evaluate(ParentRunner.java:229)&#13;&#10;&#9;at org.junit.runners.ParentRunner.run(ParentRunner.java:309)&#13;&#10;&#9;at org.eclipse.jdt.internal.junit4.runner.JUnit4TestReference.run(JUnit4TestReference.java:50)&#13;&#10;&#9;at org.eclipse.jdt.internal.junit.runner.TestExecution.run(TestExecution.java:38)&#13;&#10;&#9;at org.eclipse.jdt.internal.junit.runner.RemoteTestRunner.runTests(RemoteTestRunner.java:467)&#13;&#10;&#9;at org.eclipse.jdt.internal.junit.runner.RemoteTestRunner.runTests(RemoteTestRunner.java:683)&#13;&#10;&#9;at org.eclipse.jdt.internal.junit.runner.RemoteTestRunner.run(RemoteTestRunner.java:390)&#13;&#10;&#9;at org.codecover.juniteclipse.runner.EclipseTestRunner.main(EclipseTestRunner.java:40)" Date="1589513777264" Name="DrawTest:testUserY">
<CovList/>
<AssgnmntList/>
<ObjMetaDataList/>
<MetaDataList/>
</TestCase>
<TestCase Comment="Failure&#10;java.lang.AssertionError: Not yet implemented&#13;&#10;&#9;at org.junit.Assert.fail(Assert.java:88)&#13;&#10;&#9;at DrawTest.testXorOn(DrawTest.java:191)&#13;&#10;&#9;at sun.reflect.NativeMethodAccessorImpl.invoke0(Native Method)&#13;&#10;&#9;at sun.reflect.NativeMethodAccessorImpl.invoke(Unknown Source)&#13;&#10;&#9;at sun.reflect.DelegatingMethodAccessorImpl.invoke(Unknown Source)&#13;&#10;&#9;at java.lang.reflect.Method.invoke(Unknown Source)&#13;&#10;&#9;at org.junit.runners.model.FrameworkMethod$1.runReflectiveCall(FrameworkMethod.java:47)&#13;&#10;&#9;at org.junit.internal.runners.model.ReflectiveCallable.run(ReflectiveCallable.java:12)&#13;&#10;&#9;at org.junit.runners.model.FrameworkMethod.invokeExplosively(FrameworkMethod.java:44)&#13;&#10;&#9;at org.junit.internal.runners.statements.InvokeMethod.evaluate(InvokeMethod.java:17)&#13;&#10;&#9;at org.junit.runners.ParentRunner.runLeaf(ParentRunner.java:271)&#13;&#10;&#9;at org.junit.runners.BlockJUnit4ClassRunner.runChild(BlockJUnit4ClassRunner.java:70)&#13;&#10;&#9;at org.junit.runners.BlockJUnit4ClassRunner.runChild(BlockJUnit4ClassRunner.java:50)&#13;&#10;&#9;at org.junit.runners.ParentRunner$3.run(ParentRunner.java:238)&#13;&#10;&#9;at org.junit.runners.ParentRunner$1.schedule(ParentRunner.java:63)&#13;&#10;&#9;at org.junit.runners.ParentRunner.runChildren(ParentRunner.java:236)&#13;&#10;&#9;at org.junit.runners.ParentRunner.access$000(ParentRunner.java:53)&#13;&#10;&#9;at org.junit.runners.ParentRunner$2.evaluate(ParentRunner.java:229)&#13;&#10;&#9;at org.junit.runners.ParentRunner.run(ParentRunner.java:309)&#13;&#10;&#9;at org.eclipse.jdt.internal.junit4.runner.JUnit4TestReference.run(JUnit4TestReference.java:50)&#13;&#10;&#9;at org.eclipse.jdt.internal.junit.runner.TestExecution.run(TestExecution.java:38)&#13;&#10;&#9;at org.eclipse.jdt.internal.junit.runner.RemoteTestRunner.runTests(RemoteTestRunner.java:467)&#13;&#10;&#9;at org.eclipse.jdt.internal.junit.runner.RemoteTestRunner.runTests(RemoteTestRunner.java:683)&#13;&#10;&#9;at org.eclipse.jdt.internal.junit.runner.RemoteTestRunner.run(RemoteTestRunner.java:390)&#13;&#10;&#9;at org.codecover.juniteclipse.runner.EclipseTestRunner.main(EclipseTestRunner.java:40)" Date="1589513777350" Name="DrawTest:testXorOn">
<CovList/>
<AssgnmntList/>
<ObjMetaDataList/>
<MetaDataList/>
</TestCase>
<TestCase Comment="Failure&#10;java.lang.AssertionError: Not yet implemented&#13;&#10;&#9;at org.junit.Assert.fail(Assert.java:88)&#13;&#10;&#9;at DrawTest.testDraw(DrawTest.java:33)&#13;&#10;&#9;at sun.reflect.NativeMethodAccessorImpl.invoke0(Native Method)&#13;&#10;&#9;at sun.reflect.NativeMethodAccessorImpl.invoke(Unknown Source)&#13;&#10;&#9;at sun.reflect.DelegatingMethodAccessorImpl.invoke(Unknown Source)&#13;&#10;&#9;at java.lang.reflect.Method.invoke(Unknown Source)&#13;&#10;&#9;at org.junit.runners.model.FrameworkMethod$1.runReflectiveCall(FrameworkMethod.java:47)&#13;&#10;&#9;at org.junit.internal.runners.model.ReflectiveCallable.run(ReflectiveCallable.java:12)&#13;&#10;&#9;at org.junit.runners.model.FrameworkMethod.invokeExplosively(FrameworkMethod.java:44)&#13;&#10;&#9;at org.junit.internal.runners.statements.InvokeMethod.evaluate(InvokeMethod.java:17)&#13;&#10;&#9;at org.junit.runners.ParentRunner.runLeaf(ParentRunner.java:271)&#13;&#10;&#9;at org.junit.runners.BlockJUnit4ClassRunner.runChild(BlockJUnit4ClassRunner.java:70)&#13;&#10;&#9;at org.junit.runners.BlockJUnit4ClassRunner.runChild(BlockJUnit4ClassRunner.java:50)&#13;&#10;&#9;at org.junit.runners.ParentRunner$3.run(ParentRunner.java:238)&#13;&#10;&#9;at org.junit.runners.ParentRunner$1.schedule(ParentRunner.java:63)&#13;&#10;&#9;at org.junit.runners.ParentRunner.runChildren(ParentRunner.java:236)&#13;&#10;&#9;at org.junit.runners.ParentRunner.access$000(ParentRunner.java:53)&#13;&#10;&#9;at org.junit.runners.ParentRunner$2.evaluate(ParentRunner.java:229)&#13;&#10;&#9;at org.junit.runners.ParentRunner.run(ParentRunner.java:309)&#13;&#10;&#9;at org.eclipse.jdt.internal.junit4.runner.JUnit4TestReference.run(JUnit4TestReference.java:50)&#13;&#10;&#9;at org.eclipse.jdt.internal.junit.runner.TestExecution.run(TestExecution.java:38)&#13;&#10;&#9;at org.eclipse.jdt.internal.junit.runner.RemoteTestRunner.runTests(RemoteTestRunner.java:467)&#13;&#10;&#9;at org.eclipse.jdt.internal.junit.runner.RemoteTestRunner.runTests(RemoteTestRunner.java:683)&#13;&#10;&#9;at org.eclipse.jdt.internal.junit.runner.RemoteTestRunner.run(RemoteTestRunner.java:390)&#13;&#10;&#9;at org.codecover.juniteclipse.runner.EclipseTestRunner.main(EclipseTestRunner.java:40)" Date="1589513777447" Name="DrawTest:testDraw">
<CovList/>
<AssgnmntList/>
<ObjMetaDataList/>
<MetaDataList/>
</TestCase>
<TestCase Comment="Failure&#10;java.lang.AssertionError: Not yet implemented&#13;&#10;&#9;at org.junit.Assert.fail(Assert.java:88)&#13;&#10;&#9;at DrawTest.testInit(DrawTest.java:38)&#13;&#10;&#9;at sun.reflect.NativeMethodAccessorImpl.invoke0(Native Method)&#13;&#10;&#9;at sun.reflect.NativeMethodAccessorImpl.invoke(Unknown Source)&#13;&#10;&#9;at sun.reflect.DelegatingMethodAccessorImpl.invoke(Unknown Source)&#13;&#10;&#9;at java.lang.reflect.Method.invoke(Unknown Source)&#13;&#10;&#9;at org.junit.runners.model.FrameworkMethod$1.runReflectiveCall(FrameworkMethod.java:47)&#13;&#10;&#9;at org.junit.internal.runners.model.ReflectiveCallable.run(ReflectiveCallable.java:12)&#13;&#10;&#9;at org.junit.runners.model.FrameworkMethod.invokeExplosively(FrameworkMethod.java:44)&#13;&#10;&#9;at org.junit.internal.runners.statements.InvokeMethod.evaluate(InvokeMethod.java:17)&#13;&#10;&#9;at org.junit.runners.ParentRunner.runLeaf(ParentRunner.java:271)&#13;&#10;&#9;at org.junit.runners.BlockJUnit4ClassRunner.runChild(BlockJUnit4ClassRunner.java:70)&#13;&#10;&#9;at org.junit.runners.BlockJUnit4ClassRunner.runChild(BlockJUnit4ClassRunner.java:50)&#13;&#10;&#9;at org.junit.runners.ParentRunner$3.run(ParentRunner.java:238)&#13;&#10;&#9;at org.junit.runners.ParentRunner$1.schedule(ParentRunner.java:63)&#13;&#10;&#9;at org.junit.runners.ParentRunner.runChildren(ParentRunner.java:236)&#13;&#10;&#9;at org.junit.runners.ParentRunner.access$000(ParentRunner.java:53)&#13;&#10;&#9;at org.junit.runners.ParentRunner$2.evaluate(ParentRunner.java:229)&#13;&#10;&#9;at org.junit.runners.ParentRunner.run(ParentRunner.java:309)&#13;&#10;&#9;at org.eclipse.jdt.internal.junit4.runner.JUnit4TestReference.run(JUnit4TestReference.java:50)&#13;&#10;&#9;at org.eclipse.jdt.internal.junit.runner.TestExecution.run(TestExecution.java:38)&#13;&#10;&#9;at org.eclipse.jdt.internal.junit.runner.RemoteTestRunner.runTests(RemoteTestRunner.java:467)&#13;&#10;&#9;at org.eclipse.jdt.internal.junit.runner.RemoteTestRunner.runTests(RemoteTestRunner.java:683)&#13;&#10;&#9;at org.eclipse.jdt.internal.junit.runner.RemoteTestRunner.run(RemoteTestRunner.java:390)&#13;&#10;&#9;at org.codecover.juniteclipse.runner.EclipseTestRunner.main(EclipseTestRunner.java:40)" Date="1589513777549" Name="DrawTest:testInit">
<CovList/>
<AssgnmntList/>
<ObjMetaDataList/>
<MetaDataList/>
</TestCase>
<TestCase Comment="Failure&#10;java.lang.AssertionError: Not yet implemented&#13;&#10;&#9;at org.junit.Assert.fail(Assert.java:88)&#13;&#10;&#9;at DrawTest.testLine(DrawTest.java:221)&#13;&#10;&#9;at sun.reflect.NativeMethodAccessorImpl.invoke0(Native Method)&#13;&#10;&#9;at sun.reflect.NativeMethodAccessorImpl.invoke(Unknown Source)&#13;&#10;&#9;at sun.reflect.DelegatingMethodAccessorImpl.invoke(Unknown Source)&#13;&#10;&#9;at java.lang.reflect.Method.invoke(Unknown Source)&#13;&#10;&#9;at org.junit.runners.model.FrameworkMethod$1.runReflectiveCall(FrameworkMethod.java:47)&#13;&#10;&#9;at org.junit.internal.runners.model.ReflectiveCallable.run(ReflectiveCallable.java:12)&#13;&#10;&#9;at org.junit.runners.model.FrameworkMethod.invokeExplosively(FrameworkMethod.java:44)&#13;&#10;&#9;at org.junit.internal.runners.statements.InvokeMethod.evaluate(InvokeMethod.java:17)&#13;&#10;&#9;at org.junit.runners.ParentRunner.runLeaf(ParentRunner.java:271)&#13;&#10;&#9;at org.junit.runners.BlockJUnit4ClassRunner.runChild(BlockJUnit4ClassRunner.java:70)&#13;&#10;&#9;at org.junit.runners.BlockJUnit4ClassRunner.runChild(BlockJUnit4ClassRunner.java:50)&#13;&#10;&#9;at org.junit.runners.ParentRunner$3.run(ParentRunner.java:238)&#13;&#10;&#9;at org.junit.runners.ParentRunner$1.schedule(ParentRunner.java:63)&#13;&#10;&#9;at org.junit.runners.ParentRunner.runChildren(ParentRunner.java:236)&#13;&#10;&#9;at org.junit.runners.ParentRunner.access$000(ParentRunner.java:53)&#13;&#10;&#9;at org.junit.runners.ParentRunner$2.evaluate(ParentRunner.java:229)&#13;&#10;&#9;at org.junit.runners.ParentRunner.run(ParentRunner.java:309)&#13;&#10;&#9;at org.eclipse.jdt.internal.junit4.runner.JUnit4TestReference.run(JUnit4TestReference.java:50)&#13;&#10;&#9;at org.eclipse.jdt.internal.junit.runner.TestExecution.run(TestExecution.java:38)&#13;&#10;&#9;at org.eclipse.jdt.internal.junit.runner.RemoteTestRunner.runTests(RemoteTestRunner.java:467)&#13;&#10;&#9;at org.eclipse.jdt.internal.junit.runner.RemoteTestRunner.runTests(RemoteTestRunner.java:683)&#13;&#10;&#9;at org.eclipse.jdt.internal.junit.runner.RemoteTestRunner.run(RemoteTestRunner.java:390)&#13;&#10;&#9;at org.codecover.juniteclipse.runner.EclipseTestRunner.main(EclipseTestRunner.java:40)" Date="1589513777637" Name="DrawTest:testLine">
<CovList/>
<AssgnmntList/>
<ObjMetaDataList/>
<MetaDataList/>
</TestCase>
<TestCase Comment="Failure&#10;java.lang.AssertionError: Not yet implemented&#13;&#10;&#9;at org.junit.Assert.fail(Assert.java:88)&#13;&#10;&#9;at DrawTest.testMain(DrawTest.java:466)&#13;&#10;&#9;at sun.reflect.NativeMethodAccessorImpl.invoke0(Native Method)&#13;&#10;&#9;at sun.reflect.NativeMethodAccessorImpl.invoke(Unknown Source)&#13;&#10;&#9;at sun.reflect.DelegatingMethodAccessorImpl.invoke(Unknown Source)&#13;&#10;&#9;at java.lang.reflect.Method.invoke(Unknown Source)&#13;&#10;&#9;at org.junit.runners.model.FrameworkMethod$1.runReflectiveCall(FrameworkMethod.java:47)&#13;&#10;&#9;at org.junit.internal.runners.model.ReflectiveCallable.run(ReflectiveCallable.java:12)&#13;&#10;&#9;at org.junit.runners.model.FrameworkMethod.invokeExplosively(FrameworkMethod.java:44)&#13;&#10;&#9;at org.junit.internal.runners.statements.InvokeMethod.evaluate(InvokeMethod.java:17)&#13;&#10;&#9;at org.junit.runners.ParentRunner.runLeaf(ParentRunner.java:271)&#13;&#10;&#9;at org.junit.runners.BlockJUnit4ClassRunner.runChild(BlockJUnit4ClassRunner.java:70)&#13;&#10;&#9;at org.junit.runners.BlockJUnit4ClassRunner.runChild(BlockJUnit4ClassRunner.java:50)&#13;&#10;&#9;at org.junit.runners.ParentRunner$3.run(ParentRunner.java:238)&#13;&#10;&#9;at org.junit.runners.ParentRunner$1.schedule(ParentRunner.java:63)&#13;&#10;&#9;at org.junit.runners.ParentRunner.runChildren(ParentRunner.java:236)&#13;&#10;&#9;at org.junit.runners.ParentRunner.access$000(ParentRunner.java:53)&#13;&#10;&#9;at org.junit.runners.ParentRunner$2.evaluate(ParentRunner.java:229)&#13;&#10;&#9;at org.junit.runners.ParentRunner.run(ParentRunner.java:309)&#13;&#10;&#9;at org.eclipse.jdt.internal.junit4.runner.JUnit4TestReference.run(JUnit4TestReference.java:50)&#13;&#10;&#9;at org.eclipse.jdt.internal.junit.runner.TestExecution.run(TestExecution.java:38)&#13;&#10;&#9;at org.eclipse.jdt.internal.junit.runner.RemoteTestRunner.runTests(RemoteTestRunner.java:467)&#13;&#10;&#9;at org.eclipse.jdt.internal.junit.runner.RemoteTestRunner.runTests(RemoteTestRunner.java:683)&#13;&#10;&#9;at org.eclipse.jdt.internal.junit.runner.RemoteTestRunner.run(RemoteTestRunner.java:390)&#13;&#10;&#9;at org.codecover.juniteclipse.runner.EclipseTestRunner.main(EclipseTestRunner.java:40)" Date="1589513777715" Name="DrawTest:testMain">
<CovList/>
<AssgnmntList/>
<ObjMetaDataList/>
<MetaDataList/>
</TestCase>
<TestCase Comment="Failure&#10;java.lang.AssertionError: Not yet implemented&#13;&#10;&#9;at org.junit.Assert.fail(Assert.java:88)&#13;&#10;&#9;at DrawTest.testSave(DrawTest.java:366)&#13;&#10;&#9;at sun.reflect.NativeMethodAccessorImpl.invoke0(Native Method)&#13;&#10;&#9;at sun.reflect.NativeMethodAccessorImpl.invoke(Unknown Source)&#13;&#10;&#9;at sun.reflect.DelegatingMethodAccessorImpl.invoke(Unknown Source)&#13;&#10;&#9;at java.lang.reflect.Method.invoke(Unknown Source)&#13;&#10;&#9;at org.junit.runners.model.FrameworkMethod$1.runReflectiveCall(FrameworkMethod.java:47)&#13;&#10;&#9;at org.junit.internal.runners.model.ReflectiveCallable.run(ReflectiveCallable.java:12)&#13;&#10;&#9;at org.junit.runners.model.FrameworkMethod.invokeExplosively(FrameworkMethod.java:44)&#13;&#10;&#9;at org.junit.internal.runners.statements.InvokeMethod.evaluate(InvokeMethod.java:17)&#13;&#10;&#9;at org.junit.runners.ParentRunner.runLeaf(ParentRunner.java:271)&#13;&#10;&#9;at org.junit.runners.BlockJUnit4ClassRunner.runChild(BlockJUnit4ClassRunner.java:70)&#13;&#10;&#9;at org.junit.runners.BlockJUnit4ClassRunner.runChild(BlockJUnit4ClassRunner.java:50)&#13;&#10;&#9;at org.junit.runners.ParentRunner$3.run(ParentRunner.java:238)&#13;&#10;&#9;at org.junit.runners.ParentRunner$1.schedule(ParentRunner.java:63)&#13;&#10;&#9;at org.junit.runners.ParentRunner.runChildren(ParentRunner.java:236)&#13;&#10;&#9;at org.junit.runners.ParentRunner.access$000(ParentRunner.java:53)&#13;&#10;&#9;at org.junit.runners.ParentRunner$2.evaluate(ParentRunner.java:229)&#13;&#10;&#9;at org.junit.runners.ParentRunner.run(ParentRunner.java:309)&#13;&#10;&#9;at org.eclipse.jdt.internal.junit4.runner.JUnit4TestReference.run(JUnit4TestReference.java:50)&#13;&#10;&#9;at org.eclipse.jdt.internal.junit.runner.TestExecution.run(TestExecution.java:38)&#13;&#10;&#9;at org.eclipse.jdt.internal.junit.runner.RemoteTestRunner.runTests(RemoteTestRunner.java:467)&#13;&#10;&#9;at org.eclipse.jdt.internal.junit.runner.RemoteTestRunner.runTests(RemoteTestRunner.java:683)&#13;&#10;&#9;at org.eclipse.jdt.internal.junit.runner.RemoteTestRunner.run(RemoteTestRunner.java:390)&#13;&#10;&#9;at org.codecover.juniteclipse.runner.EclipseTestRunner.main(EclipseTestRunner.java:40)" Date="1589513777771" Name="DrawTest:testSave">
<CovList/>
<AssgnmntList/>
<ObjMetaDataList/>
<MetaDataList/>
</TestCase>
<TestCase Comment="Failure&#10;java.lang.AssertionError: Not yet implemented&#13;&#10;&#9;at org.junit.Assert.fail(Assert.java:88)&#13;&#10;&#9;at DrawTest.testShow(DrawTest.java:346)&#13;&#10;&#9;at sun.reflect.NativeMethodAccessorImpl.invoke0(Native Method)&#13;&#10;&#9;at sun.reflect.NativeMethodAccessorImpl.invoke(Unknown Source)&#13;&#10;&#9;at sun.reflect.DelegatingMethodAccessorImpl.invoke(Unknown Source)&#13;&#10;&#9;at java.lang.reflect.Method.invoke(Unknown Source)&#13;&#10;&#9;at org.junit.runners.model.FrameworkMethod$1.runReflectiveCall(FrameworkMethod.java:47)&#13;&#10;&#9;at org.junit.internal.runners.model.ReflectiveCallable.run(ReflectiveCallable.java:12)&#13;&#10;&#9;at org.junit.runners.model.FrameworkMethod.invokeExplosively(FrameworkMethod.java:44)&#13;&#10;&#9;at org.junit.internal.runners.statements.InvokeMethod.evaluate(InvokeMethod.java:17)&#13;&#10;&#9;at org.junit.runners.ParentRunner.runLeaf(ParentRunner.java:271)&#13;&#10;&#9;at org.junit.runners.BlockJUnit4ClassRunner.runChild(BlockJUnit4ClassRunner.java:70)&#13;&#10;&#9;at org.junit.runners.BlockJUnit4ClassRunner.runChild(BlockJUnit4ClassRunner.java:50)&#13;&#10;&#9;at org.junit.runners.ParentRunner$3.run(ParentRunner.java:238)&#13;&#10;&#9;at org.junit.runners.ParentRunner$1.schedule(ParentRunner.java:63)&#13;&#10;&#9;at org.junit.runners.ParentRunner.runChildren(ParentRunner.java:236)&#13;&#10;&#9;at org.junit.runners.ParentRunner.access$000(ParentRunner.java:53)&#13;&#10;&#9;at org.junit.runners.ParentRunner$2.evaluate(ParentRunner.java:229)&#13;&#10;&#9;at org.junit.runners.ParentRunner.run(ParentRunner.java:309)&#13;&#10;&#9;at org.eclipse.jdt.internal.junit4.runner.JUnit4TestReference.run(JUnit4TestReference.java:50)&#13;&#10;&#9;at org.eclipse.jdt.internal.junit.runner.TestExecution.run(TestExecution.java:38)&#13;&#10;&#9;at org.eclipse.jdt.internal.junit.runner.RemoteTestRunner.runTests(RemoteTestRunner.java:467)&#13;&#10;&#9;at org.eclipse.jdt.internal.junit.runner.RemoteTestRunner.runTests(RemoteTestRunner.java:683)&#13;&#10;&#9;at org.eclipse.jdt.internal.junit.runner.RemoteTestRunner.run(RemoteTestRunner.java:390)&#13;&#10;&#9;at org.codecover.juniteclipse.runner.EclipseTestRunner.main(EclipseTestRunner.java:40)" Date="1589513777845" Name="DrawTest:testShow">
<CovList/>
<AssgnmntList/>
<ObjMetaDataList/>
<MetaDataList/>
</TestCase>
<TestCase Comment="Failure&#10;java.lang.AssertionError: Not yet implemented&#13;&#10;&#9;at org.junit.Assert.fail(Assert.java:88)&#13;&#10;&#9;at DrawTest.testSetPenRadius(DrawTest.java:161)&#13;&#10;&#9;at sun.reflect.NativeMethodAccessorImpl.invoke0(Native Method)&#13;&#10;&#9;at sun.reflect.NativeMethodAccessorImpl.invoke(Unknown Source)&#13;&#10;&#9;at sun.reflect.DelegatingMethodAccessorImpl.invoke(Unknown Source)&#13;&#10;&#9;at java.lang.reflect.Method.invoke(Unknown Source)&#13;&#10;&#9;at org.junit.runners.model.FrameworkMethod$1.runReflectiveCall(FrameworkMethod.java:47)&#13;&#10;&#9;at org.junit.internal.runners.model.ReflectiveCallable.run(ReflectiveCallable.java:12)&#13;&#10;&#9;at org.junit.runners.model.FrameworkMethod.invokeExplosively(FrameworkMethod.java:44)&#13;&#10;&#9;at org.junit.internal.runners.statements.InvokeMethod.evaluate(InvokeMethod.java:17)&#13;&#10;&#9;at org.junit.runners.ParentRunner.runLeaf(ParentRunner.java:271)&#13;&#10;&#9;at org.junit.runners.BlockJUnit4ClassRunner.runChild(BlockJUnit4ClassRunner.java:70)&#13;&#10;&#9;at org.junit.runners.BlockJUnit4ClassRunner.runChild(BlockJUnit4ClassRunner.java:50)&#13;&#10;&#9;at org.junit.runners.ParentRunner$3.run(ParentRunner.java:238)&#13;&#10;&#9;at org.junit.runners.ParentRunner$1.schedule(ParentRunner.java:63)&#13;&#10;&#9;at org.junit.runners.ParentRunner.runChildren(ParentRunner.java:236)&#13;&#10;&#9;at org.junit.runners.ParentRunner.access$000(ParentRunner.java:53)&#13;&#10;&#9;at org.junit.runners.ParentRunner$2.evaluate(ParentRunner.java:229)&#13;&#10;&#9;at org.junit.runners.ParentRunner.run(ParentRunner.java:309)&#13;&#10;&#9;at org.eclipse.jdt.internal.junit4.runner.JUnit4TestReference.run(JUnit4TestReference.java:50)&#13;&#10;&#9;at org.eclipse.jdt.internal.junit.runner.TestExecution.run(TestExecution.java:38)&#13;&#10;&#9;at org.eclipse.jdt.internal.junit.runner.RemoteTestRunner.runTests(RemoteTestRunner.java:467)&#13;&#10;&#9;at org.eclipse.jdt.internal.junit.runner.RemoteTestRunner.runTests(RemoteTestRunner.java:683)&#13;&#10;&#9;at org.eclipse.jdt.internal.junit.runner.RemoteTestRunner.run(RemoteTestRunner.java:390)&#13;&#10;&#9;at org.codecover.juniteclipse.runner.EclipseTestRunner.main(EclipseTestRunner.java:40)" Date="1589513777993" Name="DrawTest:testSetPenRadius">
<CovList/>
<AssgnmntList/>
<ObjMetaDataList/>
<MetaDataList/>
</TestCase>
<TestCase Comment="Failure&#10;java.lang.AssertionError: Not yet implemented&#13;&#10;&#9;at org.junit.Assert.fail(Assert.java:88)&#13;&#10;&#9;at DrawTest.testIsKeyPressed(DrawTest.java:446)&#13;&#10;&#9;at sun.reflect.NativeMethodAccessorImpl.invoke0(Native Method)&#13;&#10;&#9;at sun.reflect.NativeMethodAccessorImpl.invoke(Unknown Source)&#13;&#10;&#9;at sun.reflect.DelegatingMethodAccessorImpl.invoke(Unknown Source)&#13;&#10;&#9;at java.lang.reflect.Method.invoke(Unknown Source)&#13;&#10;&#9;at org.junit.runners.model.FrameworkMethod$1.runReflectiveCall(FrameworkMethod.java:47)&#13;&#10;&#9;at org.junit.internal.runners.model.ReflectiveCallable.run(ReflectiveCallable.java:12)&#13;&#10;&#9;at org.junit.runners.model.FrameworkMethod.invokeExplosively(FrameworkMethod.java:44)&#13;&#10;&#9;at org.junit.internal.runners.statements.InvokeMethod.evaluate(InvokeMethod.java:17)&#13;&#10;&#9;at org.junit.runners.ParentRunner.runLeaf(ParentRunner.java:271)&#13;&#10;&#9;at org.junit.runners.BlockJUnit4ClassRunner.runChild(BlockJUnit4ClassRunner.java:70)&#13;&#10;&#9;at org.junit.runners.BlockJUnit4ClassRunner.runChild(BlockJUnit4ClassRunner.java:50)&#13;&#10;&#9;at org.junit.runners.ParentRunner$3.run(ParentRunner.java:238)&#13;&#10;&#9;at org.junit.runners.ParentRunner$1.schedule(ParentRunner.java:63)&#13;&#10;&#9;at org.junit.runners.ParentRunner.runChildren(ParentRunner.java:236)&#13;&#10;&#9;at org.junit.runners.ParentRunner.access$000(ParentRunner.java:53)&#13;&#10;&#9;at org.junit.runners.ParentRunner$2.evaluate(ParentRunner.java:229)&#13;&#10;&#9;at org.junit.runners.ParentRunner.run(ParentRunner.java:309)&#13;&#10;&#9;at org.eclipse.jdt.internal.junit4.runner.JUnit4TestReference.run(JUnit4TestReference.java:50)&#13;&#10;&#9;at org.eclipse.jdt.internal.junit.runner.TestExecution.run(TestExecution.java:38)&#13;&#10;&#9;at org.eclipse.jdt.internal.junit.runner.RemoteTestRunner.runTests(RemoteTestRunner.java:467)&#13;&#10;&#9;at org.eclipse.jdt.internal.junit.runner.RemoteTestRunner.runTests(RemoteTestRunner.java:683)&#13;&#10;&#9;at org.eclipse.jdt.internal.junit.runner.RemoteTestRunner.run(RemoteTestRunner.java:390)&#13;&#10;&#9;at org.codecover.juniteclipse.runner.EclipseTestRunner.main(EclipseTestRunner.java:40)" Date="1589513778135" Name="DrawTest:testIsKeyPressed">
<CovList/>
<AssgnmntList/>
<ObjMetaDataList/>
<MetaDataList/>
</TestCase>
<TestCase Comment="Failure&#10;java.lang.AssertionError: Not yet implemented&#13;&#10;&#9;at org.junit.Assert.fail(Assert.java:88)&#13;&#10;&#9;at DrawTest.testDrawString(DrawTest.java:28)&#13;&#10;&#9;at sun.reflect.NativeMethodAccessorImpl.invoke0(Native Method)&#13;&#10;&#9;at sun.reflect.NativeMethodAccessorImpl.invoke(Unknown Source)&#13;&#10;&#9;at sun.reflect.DelegatingMethodAccessorImpl.invoke(Unknown Source)&#13;&#10;&#9;at java.lang.reflect.Method.invoke(Unknown Source)&#13;&#10;&#9;at org.junit.runners.model.FrameworkMethod$1.runReflectiveCall(FrameworkMethod.java:47)&#13;&#10;&#9;at org.junit.internal.runners.model.ReflectiveCallable.run(ReflectiveCallable.java:12)&#13;&#10;&#9;at org.junit.runners.model.FrameworkMethod.invokeExplosively(FrameworkMethod.java:44)&#13;&#10;&#9;at org.junit.internal.runners.statements.InvokeMethod.evaluate(InvokeMethod.java:17)&#13;&#10;&#9;at org.junit.runners.ParentRunner.runLeaf(ParentRunner.java:271)&#13;&#10;&#9;at org.junit.runners.BlockJUnit4ClassRunner.runChild(BlockJUnit4ClassRunner.java:70)&#13;&#10;&#9;at org.junit.runners.BlockJUnit4ClassRunner.runChild(BlockJUnit4ClassRunner.java:50)&#13;&#10;&#9;at org.junit.runners.ParentRunner$3.run(ParentRunner.java:238)&#13;&#10;&#9;at org.junit.runners.ParentRunner$1.schedule(ParentRunner.java:63)&#13;&#10;&#9;at org.junit.runners.ParentRunner.runChildren(ParentRunner.java:236)&#13;&#10;&#9;at org.junit.runners.ParentRunner.access$000(ParentRunner.java:53)&#13;&#10;&#9;at org.junit.runners.ParentRunner$2.evaluate(ParentRunner.java:229)&#13;&#10;&#9;at org.junit.runners.ParentRunner.run(ParentRunner.java:309)&#13;&#10;&#9;at org.eclipse.jdt.internal.junit4.runner.JUnit4TestReference.run(JUnit4TestReference.java:50)&#13;&#10;&#9;at org.eclipse.jdt.internal.junit.runner.TestExecution.run(TestExecution.java:38)&#13;&#10;&#9;at org.eclipse.jdt.internal.junit.runner.RemoteTestRunner.runTests(RemoteTestRunner.java:467)&#13;&#10;&#9;at org.eclipse.jdt.internal.junit.runner.RemoteTestRunner.runTests(RemoteTestRunner.java:683)&#13;&#10;&#9;at org.eclipse.jdt.internal.junit.runner.RemoteTestRunner.run(RemoteTestRunner.java:390)&#13;&#10;&#9;at org.codecover.juniteclipse.runner.EclipseTestRunner.main(EclipseTestRunner.java:40)" Date="1589513778245" Name="DrawTest:testDrawString">
<CovList/>
<AssgnmntList/>
<ObjMetaDataList/>
<MetaDataList/>
</TestCase>
<TestCase Comment="Failure&#10;java.lang.AssertionError: Not yet implemented&#13;&#10;&#9;at org.junit.Assert.fail(Assert.java:88)&#13;&#10;&#9;at DrawTest.testPolygon(DrawTest.java:281)&#13;&#10;&#9;at sun.reflect.NativeMethodAccessorImpl.invoke0(Native Method)&#13;&#10;&#9;at sun.reflect.NativeMethodAccessorImpl.invoke(Unknown Source)&#13;&#10;&#9;at sun.reflect.DelegatingMethodAccessorImpl.invoke(Unknown Source)&#13;&#10;&#9;at java.lang.reflect.Method.invoke(Unknown Source)&#13;&#10;&#9;at org.junit.runners.model.FrameworkMethod$1.runReflectiveCall(FrameworkMethod.java:47)&#13;&#10;&#9;at org.junit.internal.runners.model.ReflectiveCallable.run(ReflectiveCallable.java:12)&#13;&#10;&#9;at org.junit.runners.model.FrameworkMethod.invokeExplosively(FrameworkMethod.java:44)&#13;&#10;&#9;at org.junit.internal.runners.statements.InvokeMethod.evaluate(InvokeMethod.java:17)&#13;&#10;&#9;at org.junit.runners.ParentRunner.runLeaf(ParentRunner.java:271)&#13;&#10;&#9;at org.junit.runners.BlockJUnit4ClassRunner.runChild(BlockJUnit4ClassRunner.java:70)&#13;&#10;&#9;at org.junit.runners.BlockJUnit4ClassRunner.runChild(BlockJUnit4ClassRunner.java:50)&#13;&#10;&#9;at org.junit.runners.ParentRunner$3.run(ParentRunner.java:238)&#13;&#10;&#9;at org.junit.runners.ParentRunner$1.schedule(ParentRunner.java:63)&#13;&#10;&#9;at org.junit.runners.ParentRunner.runChildren(ParentRunner.java:236)&#13;&#10;&#9;at org.junit.runners.ParentRunner.access$000(ParentRunner.java:53)&#13;&#10;&#9;at org.junit.runners.ParentRunner$2.evaluate(ParentRunner.java:229)&#13;&#10;&#9;at org.junit.runners.ParentRunner.run(ParentRunner.java:309)&#13;&#10;&#9;at org.eclipse.jdt.internal.junit4.runner.JUnit4TestReference.run(JUnit4TestReference.java:50)&#13;&#10;&#9;at org.eclipse.jdt.internal.junit.runner.TestExecution.run(TestExecution.java:38)&#13;&#10;&#9;at org.eclipse.jdt.internal.junit.runner.RemoteTestRunner.runTests(RemoteTestRunner.java:467)&#13;&#10;&#9;at org.eclipse.jdt.internal.junit.runner.RemoteTestRunner.runTests(RemoteTestRunner.java:683)&#13;&#10;&#9;at org.eclipse.jdt.internal.junit.runner.RemoteTestRunner.run(RemoteTestRunner.java:390)&#13;&#10;&#9;at org.codecover.juniteclipse.runner.EclipseTestRunner.main(EclipseTestRunner.java:40)" Date="1589513778347" Name="DrawTest:testPolygon">
<CovList/>
<AssgnmntList/>
<ObjMetaDataList/>
<MetaDataList/>
</TestCase>
<TestCase Comment="Error&#10;java.lang.Exception: Unexpected exception, expected&lt;java.lang.IllegalArgumentException&gt; but was&lt;java.lang.ArithmeticException&gt;&#13;&#10;&#9;at org.junit.internal.runners.statements.ExpectException.evaluate(ExpectException.java:28)&#13;&#10;&#9;at org.junit.runners.ParentRunner.runLeaf(ParentRunner.java:271)&#13;&#10;&#9;at org.junit.runners.BlockJUnit4ClassRunner.runChild(BlockJUnit4ClassRunner.java:70)&#13;&#10;&#9;at org.junit.runners.BlockJUnit4ClassRunner.runChild(BlockJUnit4ClassRunner.java:50)&#13;&#10;&#9;at org.junit.runners.ParentRunner$3.run(ParentRunner.java:238)&#13;&#10;&#9;at org.junit.runners.ParentRunner$1.schedule(ParentRunner.java:63)&#13;&#10;&#9;at org.junit.runners.ParentRunner.runChildren(ParentRunner.java:236)&#13;&#10;&#9;at org.junit.runners.ParentRunner.access$000(ParentRunner.java:53)&#13;&#10;&#9;at org.junit.runners.ParentRunner$2.evaluate(ParentRunner.java:229)&#13;&#10;&#9;at org.junit.runners.ParentRunner.run(ParentRunner.java:309)&#13;&#10;&#9;at org.eclipse.jdt.internal.junit4.runner.JUnit4TestReference.run(JUnit4TestReference.java:50)&#13;&#10;&#9;at org.eclipse.jdt.internal.junit.runner.TestExecution.run(TestExecution.java:38)&#13;&#10;&#9;at org.eclipse.jdt.internal.junit.runner.RemoteTestRunner.runTests(RemoteTestRunner.java:467)&#13;&#10;&#9;at org.eclipse.jdt.internal.junit.runner.RemoteTestRunner.runTests(RemoteTestRunner.java:683)&#13;&#10;&#9;at org.eclipse.jdt.internal.junit.runner.RemoteTestRunner.run(RemoteTestRunner.java:390)&#13;&#10;&#9;at org.codecover.juniteclipse.runner.EclipseTestRunner.main(EclipseTestRunner.java:40)&#13;&#10;Caused by: java.lang.ArithmeticException: / by zero&#13;&#10;&#9;at DrawTest.testValidate(DrawTest.java:67)&#13;&#10;&#9;at sun.reflect.NativeMethodAccessorImpl.invoke0(Native Method)&#13;&#10;&#9;at sun.reflect.NativeMethodAccessorImpl.invoke(Unknown Source)&#13;&#10;&#9;at sun.reflect.DelegatingMethodAccessorImpl.invoke(Unknown Source)&#13;&#10;&#9;at java.lang.reflect.Method.invoke(Unknown Source)&#13;&#10;&#9;at org.junit.runners.model.FrameworkMethod$1.runReflectiveCall(FrameworkMethod.java:47)&#13;&#10;&#9;at org.junit.internal.runners.model.ReflectiveCallable.run(ReflectiveCallable.java:12)&#13;&#10;&#9;at org.junit.runners.model.FrameworkMethod.invokeExplosively(FrameworkMethod.java:44)&#13;&#10;&#9;at org.junit.internal.runners.statements.InvokeMethod.evaluate(InvokeMethod.java:17)&#13;&#10;&#9;at org.junit.internal.runners.statements.ExpectException.evaluate(ExpectException.java:19)&#13;&#10;&#9;... 15 more" Date="1589513778525" Name="DrawTest:testValidate">
<CovList/>
<AssgnmntList/>
<ObjMetaDataList/>
<MetaDataList/>
</TestCase>
<TestCase Comment="Failure&#10;java.lang.AssertionError: Not yet implemented&#13;&#10;&#9;at org.junit.Assert.fail(Assert.java:88)&#13;&#10;&#9;at DrawTest.testKeyPressed(DrawTest.java:456)&#13;&#10;&#9;at sun.reflect.NativeMethodAccessorImpl.invoke0(Native Method)&#13;&#10;&#9;at sun.reflect.NativeMethodAccessorImpl.invoke(Unknown Source)&#13;&#10;&#9;at sun.reflect.DelegatingMethodAccessorImpl.invoke(Unknown Source)&#13;&#10;&#9;at java.lang.reflect.Method.invoke(Unknown Source)&#13;&#10;&#9;at org.junit.runners.model.FrameworkMethod$1.runReflectiveCall(FrameworkMethod.java:47)&#13;&#10;&#9;at org.junit.internal.runners.model.ReflectiveCallable.run(ReflectiveCallable.java:12)&#13;&#10;&#9;at org.junit.runners.model.FrameworkMethod.invokeExplosively(FrameworkMethod.java:44)&#13;&#10;&#9;at org.junit.internal.runners.statements.InvokeMethod.evaluate(InvokeMethod.java:17)&#13;&#10;&#9;at org.junit.runners.ParentRunner.runLeaf(ParentRunner.java:271)&#13;&#10;&#9;at org.junit.runners.BlockJUnit4ClassRunner.runChild(BlockJUnit4ClassRunner.java:70)&#13;&#10;&#9;at org.junit.runners.BlockJUnit4ClassRunner.runChild(BlockJUnit4ClassRunner.java:50)&#13;&#10;&#9;at org.junit.runners.ParentRunner$3.run(ParentRunner.java:238)&#13;&#10;&#9;at org.junit.runners.ParentRunner$1.schedule(ParentRunner.java:63)&#13;&#10;&#9;at org.junit.runners.ParentRunner.runChildren(ParentRunner.java:236)&#13;&#10;&#9;at org.junit.runners.ParentRunner.access$000(ParentRunner.java:53)&#13;&#10;&#9;at org.junit.runners.ParentRunner$2.evaluate(ParentRunner.java:229)&#13;&#10;&#9;at org.junit.runners.ParentRunner.run(ParentRunner.java:309)&#13;&#10;&#9;at org.eclipse.jdt.internal.junit4.runner.JUnit4TestReference.run(JUnit4TestReference.java:50)&#13;&#10;&#9;at org.eclipse.jdt.internal.junit.runner.TestExecution.run(TestExecution.java:38)&#13;&#10;&#9;at org.eclipse.jdt.internal.junit.runner.RemoteTestRunner.runTests(RemoteTestRunner.java:467)&#13;&#10;&#9;at org.eclipse.jdt.internal.junit.runner.RemoteTestRunner.runTests(RemoteTestRunner.java:683)&#13;&#10;&#9;at org.eclipse.jdt.internal.junit.runner.RemoteTestRunner.run(RemoteTestRunner.java:390)&#13;&#10;&#9;at org.codecover.juniteclipse.runner.EclipseTestRunner.main(EclipseTestRunner.java:40)" Date="1589513778613" Name="DrawTest:testKeyPressed">
<CovList/>
<AssgnmntList/>
<ObjMetaDataList/>
<MetaDataList/>
</TestCase>
<TestCase Comment="Failure&#10;java.lang.AssertionError: Not yet implemented&#13;&#10;&#9;at org.junit.Assert.fail(Assert.java:88)&#13;&#10;&#9;at DrawTest.testFilledPolygon(DrawTest.java:286)&#13;&#10;&#9;at sun.reflect.NativeMethodAccessorImpl.invoke0(Native Method)&#13;&#10;&#9;at sun.reflect.NativeMethodAccessorImpl.invoke(Unknown Source)&#13;&#10;&#9;at sun.reflect.DelegatingMethodAccessorImpl.invoke(Unknown Source)&#13;&#10;&#9;at java.lang.reflect.Method.invoke(Unknown Source)&#13;&#10;&#9;at org.junit.runners.model.FrameworkMethod$1.runReflectiveCall(FrameworkMethod.java:47)&#13;&#10;&#9;at org.junit.internal.runners.model.ReflectiveCallable.run(ReflectiveCallable.java:12)&#13;&#10;&#9;at org.junit.runners.model.FrameworkMethod.invokeExplosively(FrameworkMethod.java:44)&#13;&#10;&#9;at org.junit.internal.runners.statements.InvokeMethod.evaluate(InvokeMethod.java:17)&#13;&#10;&#9;at org.junit.runners.ParentRunner.runLeaf(ParentRunner.java:271)&#13;&#10;&#9;at org.junit.runners.BlockJUnit4ClassRunner.runChild(BlockJUnit4ClassRunner.java:70)&#13;&#10;&#9;at org.junit.runners.BlockJUnit4ClassRunner.runChild(BlockJUnit4ClassRunner.java:50)&#13;&#10;&#9;at org.junit.runners.ParentRunner$3.run(ParentRunner.java:238)&#13;&#10;&#9;at org.junit.runners.ParentRunner$1.schedule(ParentRunner.java:63)&#13;&#10;&#9;at org.junit.runners.ParentRunner.runChildren(ParentRunner.java:236)&#13;&#10;&#9;at org.junit.runners.ParentRunner.access$000(ParentRunner.java:53)&#13;&#10;&#9;at org.junit.runners.ParentRunner$2.evaluate(ParentRunner.java:229)&#13;&#10;&#9;at org.junit.runners.ParentRunner.run(ParentRunner.java:309)&#13;&#10;&#9;at org.eclipse.jdt.internal.junit4.runner.JUnit4TestReference.run(JUnit4TestReference.java:50)&#13;&#10;&#9;at org.eclipse.jdt.internal.junit.runner.TestExecution.run(TestExecution.java:38)&#13;&#10;&#9;at org.eclipse.jdt.internal.junit.runner.RemoteTestRunner.runTests(RemoteTestRunner.java:467)&#13;&#10;&#9;at org.eclipse.jdt.internal.junit.runner.RemoteTestRunner.runTests(RemoteTestRunner.java:683)&#13;&#10;&#9;at org.eclipse.jdt.internal.junit.runner.RemoteTestRunner.run(RemoteTestRunner.java:390)&#13;&#10;&#9;at org.codecover.juniteclipse.runner.EclipseTestRunner.main(EclipseTestRunner.java:40)" Date="1589513778714" Name="DrawTest:testFilledPolygon">
<CovList/>
<AssgnmntList/>
<ObjMetaDataList/>
<MetaDataList/>
</TestCase>
<TestCase Comment="Failure&#10;java.lang.AssertionError: Not yet implemented&#13;&#10;&#9;at org.junit.Assert.fail(Assert.java:88)&#13;&#10;&#9;at DrawTest.testGetFont(DrawTest.java:206)&#13;&#10;&#9;at sun.reflect.NativeMethodAccessorImpl.invoke0(Native Method)&#13;&#10;&#9;at sun.reflect.NativeMethodAccessorImpl.invoke(Unknown Source)&#13;&#10;&#9;at sun.reflect.DelegatingMethodAccessorImpl.invoke(Unknown Source)&#13;&#10;&#9;at java.lang.reflect.Method.invoke(Unknown Source)&#13;&#10;&#9;at org.junit.runners.model.FrameworkMethod$1.runReflectiveCall(FrameworkMethod.java:47)&#13;&#10;&#9;at org.junit.internal.runners.model.ReflectiveCallable.run(ReflectiveCallable.java:12)&#13;&#10;&#9;at org.junit.runners.model.FrameworkMethod.invokeExplosively(FrameworkMethod.java:44)&#13;&#10;&#9;at org.junit.internal.runners.statements.InvokeMethod.evaluate(InvokeMethod.java:17)&#13;&#10;&#9;at org.junit.runners.ParentRunner.runLeaf(ParentRunner.java:271)&#13;&#10;&#9;at org.junit.runners.BlockJUnit4ClassRunner.runChild(BlockJUnit4ClassRunner.java:70)&#13;&#10;&#9;at org.junit.runners.BlockJUnit4ClassRunner.runChild(BlockJUnit4ClassRunner.java:50)&#13;&#10;&#9;at org.junit.runners.ParentRunner$3.run(ParentRunner.java:238)&#13;&#10;&#9;at org.junit.runners.ParentRunner$1.schedule(ParentRunner.java:63)&#13;&#10;&#9;at org.junit.runners.ParentRunner.runChildren(ParentRunner.java:236)&#13;&#10;&#9;at org.junit.runners.ParentRunner.access$000(ParentRunner.java:53)&#13;&#10;&#9;at org.junit.runners.ParentRunner$2.evaluate(ParentRunner.java:229)&#13;&#10;&#9;at org.junit.runners.ParentRunner.run(ParentRunner.java:309)&#13;&#10;&#9;at org.eclipse.jdt.internal.junit4.runner.JUnit4TestReference.run(JUnit4TestReference.java:50)&#13;&#10;&#9;at org.eclipse.jdt.internal.junit.runner.TestExecution.run(TestExecution.java:38)&#13;&#10;&#9;at org.eclipse.jdt.internal.junit.runner.RemoteTestRunner.runTests(RemoteTestRunner.java:467)&#13;&#10;&#9;at org.eclipse.jdt.internal.junit.runner.RemoteTestRunner.runTests(RemoteTestRunner.java:683)&#13;&#10;&#9;at org.eclipse.jdt.internal.junit.runner.RemoteTestRunner.run(RemoteTestRunner.java:390)&#13;&#10;&#9;at org.codecover.juniteclipse.runner.EclipseTestRunner.main(EclipseTestRunner.java:40)" Date="1589513778803" Name="DrawTest:testGetFont">
<CovList/>
<AssgnmntList/>
<ObjMetaDataList/>
<MetaDataList/>
</TestCase>
<TestCase Comment="Failure&#10;java.lang.AssertionError: Expected exception: java.lang.IllegalArgumentException&#13;&#10;&#9;at org.junit.internal.runners.statements.ExpectException.evaluate(ExpectException.java:32)&#13;&#10;&#9;at org.junit.runners.ParentRunner.runLeaf(ParentRunner.java:271)&#13;&#10;&#9;at org.junit.runners.BlockJUnit4ClassRunner.runChild(BlockJUnit4ClassRunner.java:70)&#13;&#10;&#9;at org.junit.runners.BlockJUnit4ClassRunner.runChild(BlockJUnit4ClassRunner.java:50)&#13;&#10;&#9;at org.junit.runners.ParentRunner$3.run(ParentRunner.java:238)&#13;&#10;&#9;at org.junit.runners.ParentRunner$1.schedule(ParentRunner.java:63)&#13;&#10;&#9;at org.junit.runners.ParentRunner.runChildren(ParentRunner.java:236)&#13;&#10;&#9;at org.junit.runners.ParentRunner.access$000(ParentRunner.java:53)&#13;&#10;&#9;at org.junit.runners.ParentRunner$2.evaluate(ParentRunner.java:229)&#13;&#10;&#9;at org.junit.runners.ParentRunner.run(ParentRunner.java:309)&#13;&#10;&#9;at org.eclipse.jdt.internal.junit4.runner.JUnit4TestReference.run(JUnit4TestReference.java:50)&#13;&#10;&#9;at org.eclipse.jdt.internal.junit.runner.TestExecution.run(TestExecution.java:38)&#13;&#10;&#9;at org.eclipse.jdt.internal.junit.runner.RemoteTestRunner.runTests(RemoteTestRunner.java:467)&#13;&#10;&#9;at org.eclipse.jdt.internal.junit.runner.RemoteTestRunner.runTests(RemoteTestRunner.java:683)&#13;&#10;&#9;at org.eclipse.jdt.internal.junit.runner.RemoteTestRunner.run(RemoteTestRunner.java:390)&#13;&#10;&#9;at org.codecover.juniteclipse.runner.EclipseTestRunner.main(EclipseTestRunner.java:40)" Date="1589513778895" Name="DrawTest:testSetCanvasSize">
<CovList>
<CovPrefix CovItemPrefix="Draw.java">
<Cov CovItemId="B1" Value="1"/>
<Cov CovItemId="B10" Value="5"/>
<Cov CovItemId="B12" Value="1"/>
<Cov CovItemId="B14" Value="3"/>
<Cov CovItemId="B16" Value="1"/>
<Cov CovItemId="B18" Value="1"/>
<Cov CovItemId="B6" Value="1"/>
<Cov CovItemId="B8" Value="5"/>
<Cov CovItemId="B81" Value="1"/>
<Cov CovItemId="S100" Value="3"/>
<Cov CovItemId="S102" Value="1"/>
<Cov CovItemId="S103" Value="1"/>
<Cov CovItemId="S104" Value="1"/>
<Cov CovItemId="S105" Value="1"/>
<Cov CovItemId="S106" Value="1"/>
<Cov CovItemId="S107" Value="1"/>
<Cov CovItemId="S109" Value="1"/>
<Cov CovItemId="S110" Value="1"/>
<Cov CovItemId="S111" Value="1"/>
<Cov CovItemId="S112" Value="1"/>
<Cov CovItemId="S113" Value="1"/>
<Cov CovItemId="S114" Value="1"/>
<Cov CovItemId="S116" Value="1"/>
<Cov CovItemId="S117" Value="1"/>
<Cov CovItemId="S124" Value="1"/>
<Cov CovItemId="S125" Value="1"/>
<Cov CovItemId="S126" Value="1"/>
<Cov CovItemId="S127" Value="1"/>
<Cov CovItemId="S128" Value="1"/>
<Cov CovItemId="S129" Value="1"/>
<Cov CovItemId="S131" Value="1"/>
<Cov CovItemId="S132" Value="1"/>
<Cov CovItemId="S133" Value="1"/>
<Cov CovItemId="S134" Value="1"/>
<Cov CovItemId="S135" Value="1"/>
<Cov CovItemId="S136" Value="1"/>
<Cov CovItemId="S138" Value="1"/>
<Cov CovItemId="S139" Value="1"/>
<Cov CovItemId="S140" Value="1"/>
<Cov CovItemId="S141" Value="1"/>
<Cov CovItemId="S153" Value="1"/>
<Cov CovItemId="S154" Value="1"/>
<Cov CovItemId="S155" Value="1"/>
<Cov CovItemId="S44" Value="1"/>
<Cov CovItemId="S45" Value="1"/>
<Cov CovItemId="S46" Value="1"/>
<Cov CovItemId="S464" Value="1"/>
<Cov CovItemId="S465" Value="1"/>
<Cov CovItemId="S466" Value="1"/>
<Cov CovItemId="S467" Value="1"/>
<Cov CovItemId="S47" Value="1"/>
<Cov CovItemId="S48" Value="1"/>
<Cov CovItemId="S49" Value="1"/>
<Cov CovItemId="S50" Value="1"/>
<Cov CovItemId="S51" Value="1"/>
<Cov CovItemId="S52" Value="1"/>
<Cov CovItemId="S53" Value="1"/>
<Cov CovItemId="S533" Value="1"/>
<Cov CovItemId="S534" Value="1"/>
<Cov CovItemId="S535" Value="1"/>
<Cov CovItemId="S54" Value="1"/>
<Cov CovItemId="S55" Value="1"/>
<Cov CovItemId="S56" Value="1"/>
<Cov CovItemId="S57" Value="1"/>
<Cov CovItemId="S58" Value="1"/>
<Cov CovItemId="S59" Value="1"/>
<Cov CovItemId="S60" Value="1"/>
<Cov CovItemId="S61" Value="1"/>
<Cov CovItemId="S62" Value="1"/>
<Cov CovItemId="S63" Value="1"/>
<Cov CovItemId="S64" Value="1"/>
<Cov CovItemId="S65" Value="1"/>
<Cov CovItemId="S66" Value="1"/>
<Cov CovItemId="S67" Value="1"/>
<Cov CovItemId="S68" Value="1"/>
<Cov CovItemId="S69" Value="1"/>
<Cov CovItemId="S70" Value="1"/>
<Cov CovItemId="S71" Value="1"/>
<Cov CovItemId="S72" Value="1"/>
<Cov CovItemId="S73" Value="1"/>
<Cov CovItemId="S74" Value="1"/>
<Cov CovItemId="S75" Value="1"/>
<Cov CovItemId="S76" Value="1"/>
<Cov CovItemId="S81" Value="1"/>
<Cov CovItemId="S83" Value="1"/>
<Cov CovItemId="S84" Value="1"/>
<Cov CovItemId="S85" Value="1"/>
<Cov CovItemId="S86" Value="1"/>
<Cov CovItemId="S87" Value="1"/>
<Cov CovItemId="S88" Value="1"/>
<Cov CovItemId="S89" Value="1"/>
<Cov CovItemId="S90" Value="1"/>
<Cov CovItemId="S91" Value="1"/>
<Cov CovItemId="S92" Value="1"/>
<Cov CovItemId="S93" Value="1"/>
<Cov CovItemId="S94" Value="5"/>
<Cov CovItemId="S96" Value="5"/>
<Cov CovItemId="S98" Value="1"/>
</CovPrefix>
</CovList>
<AssgnmntList>
<AssgnmntPrefix RootTermCovItemPrefix="Draw.java">
<AssgnmntListEntry Length="1" RootTermCovItemId="C1">
<MapEntry BoolAssgnmnt="1" Value="1"/>
</AssgnmntListEntry>
<AssgnmntListEntry Length="2" RootTermCovItemId="C3">
<MapEntry BoolAssgnmnt="00" Value="1"/>
</AssgnmntListEntry>
<AssgnmntListEntry Length="1" RootTermCovItemId="C4">
<MapEntry BoolAssgnmnt="0" Value="5"/>
</AssgnmntListEntry>
<AssgnmntListEntry Length="1" RootTermCovItemId="C46">
<MapEntry BoolAssgnmnt="0" Value="1"/>
</AssgnmntListEntry>
<AssgnmntListEntry Length="1" RootTermCovItemId="C5">
<MapEntry BoolAssgnmnt="0" Value="5"/>
</AssgnmntListEntry>
<AssgnmntListEntry Length="1" RootTermCovItemId="C6">
<MapEntry BoolAssgnmnt="0" Value="1"/>
</AssgnmntListEntry>
<AssgnmntListEntry Length="1" RootTermCovItemId="C7">
<MapEntry BoolAssgnmnt="0" Value="3"/>
</AssgnmntListEntry>
<AssgnmntListEntry Length="1" RootTermCovItemId="C8">
<MapEntry BoolAssgnmnt="0" Value="1"/>
</AssgnmntListEntry>
<AssgnmntListEntry Length="1" RootTermCovItemId="C9">
<MapEntry BoolAssgnmnt="0" Value="1"/>
</AssgnmntListEntry>
</AssgnmntPrefix>
</AssgnmntList>
<ObjMetaDataList/>
<MetaDataList/>
</TestCase>
<TestCase Comment="Failure&#10;java.lang.AssertionError: Not yet implemented&#13;&#10;&#9;at org.junit.Assert.fail(Assert.java:88)&#13;&#10;&#9;at DrawTest.testMouseClicked(DrawTest.java:421)&#13;&#10;&#9;at sun.reflect.NativeMethodAccessorImpl.invoke0(Native Method)&#13;&#10;&#9;at sun.reflect.NativeMethodAccessorImpl.invoke(Unknown Source)&#13;&#10;&#9;at sun.reflect.DelegatingMethodAccessorImpl.invoke(Unknown Source)&#13;&#10;&#9;at java.lang.reflect.Method.invoke(Unknown Source)&#13;&#10;&#9;at org.junit.runners.model.FrameworkMethod$1.runReflectiveCall(FrameworkMethod.java:47)&#13;&#10;&#9;at org.junit.internal.runners.model.ReflectiveCallable.run(ReflectiveCallable.java:12)&#13;&#10;&#9;at org.junit.runners.model.FrameworkMethod.invokeExplosively(FrameworkMethod.java:44)&#13;&#10;&#9;at org.junit.internal.runners.statements.InvokeMethod.evaluate(InvokeMethod.java:17)&#13;&#10;&#9;at org.junit.runners.ParentRunner.runLeaf(ParentRunner.java:271)&#13;&#10;&#9;at org.junit.runners.BlockJUnit4ClassRunner.runChild(BlockJUnit4ClassRunner.java:70)&#13;&#10;&#9;at org.junit.runners.BlockJUnit4ClassRunner.runChild(BlockJUnit4ClassRunner.java:50)&#13;&#10;&#9;at org.junit.runners.ParentRunner$3.run(ParentRunner.java:238)&#13;&#10;&#9;at org.junit.runners.ParentRunner$1.schedule(ParentRunner.java:63)&#13;&#10;&#9;at org.junit.runners.ParentRunner.runChildren(ParentRunner.java:236)&#13;&#10;&#9;at org.junit.runners.ParentRunner.access$000(ParentRunner.java:53)&#13;&#10;&#9;at org.junit.runners.ParentRunner$2.evaluate(ParentRunner.java:229)&#13;&#10;&#9;at org.junit.runners.ParentRunner.run(ParentRunner.java:309)&#13;&#10;&#9;at org.eclipse.jdt.internal.junit4.runner.JUnit4TestReference.run(JUnit4TestReference.java:50)&#13;&#10;&#9;at org.eclipse.jdt.internal.junit.runner.TestExecution.run(TestExecution.java:38)&#13;&#10;&#9;at org.eclipse.jdt.internal.junit.runner.RemoteTestRunner.runTests(RemoteTestRunner.java:467)&#13;&#10;&#9;at org.eclipse.jdt.internal.junit.runner.RemoteTestRunner.runTests(RemoteTestRunner.java:683)&#13;&#10;&#9;at org.eclipse.jdt.internal.junit.runner.RemoteTestRunner.run(RemoteTestRunner.java:390)&#13;&#10;&#9;at org.codecover.juniteclipse.runner.EclipseTestRunner.main(EclipseTestRunner.java:40)" Date="1589513779076" Name="DrawTest:testMouseClicked">
<CovList/>
<AssgnmntList/>
<ObjMetaDataList/>
<MetaDataList/>
</TestCase>
<TestCase Comment="Failure&#10;java.lang.AssertionError: Not yet implemented&#13;&#10;&#9;at org.junit.Assert.fail(Assert.java:88)&#13;&#10;&#9;at DrawTest.testTextRight(DrawTest.java:331)&#13;&#10;&#9;at sun.reflect.NativeMethodAccessorImpl.invoke0(Native Method)&#13;&#10;&#9;at sun.reflect.NativeMethodAccessorImpl.invoke(Unknown Source)&#13;&#10;&#9;at sun.reflect.DelegatingMethodAccessorImpl.invoke(Unknown Source)&#13;&#10;&#9;at java.lang.reflect.Method.invoke(Unknown Source)&#13;&#10;&#9;at org.junit.runners.model.FrameworkMethod$1.runReflectiveCall(FrameworkMethod.java:47)&#13;&#10;&#9;at org.junit.internal.runners.model.ReflectiveCallable.run(ReflectiveCallable.java:12)&#13;&#10;&#9;at org.junit.runners.model.FrameworkMethod.invokeExplosively(FrameworkMethod.java:44)&#13;&#10;&#9;at org.junit.internal.runners.statements.InvokeMethod.evaluate(InvokeMethod.java:17)&#13;&#10;&#9;at org.junit.runners.ParentRunner.runLeaf(ParentRunner.java:271)&#13;&#10;&#9;at org.junit.runners.BlockJUnit4ClassRunner.runChild(BlockJUnit4ClassRunner.java:70)&#13;&#10;&#9;at org.junit.runners.BlockJUnit4ClassRunner.runChild(BlockJUnit4ClassRunner.java:50)&#13;&#10;&#9;at org.junit.runners.ParentRunner$3.run(ParentRunner.java:238)&#13;&#10;&#9;at org.junit.runners.ParentRunner$1.schedule(ParentRunner.java:63)&#13;&#10;&#9;at org.junit.runners.ParentRunner.runChildren(ParentRunner.java:236)&#13;&#10;&#9;at org.junit.runners.ParentRunner.access$000(ParentRunner.java:53)&#13;&#10;&#9;at org.junit.runners.ParentRunner$2.evaluate(ParentRunner.java:229)&#13;&#10;&#9;at org.junit.runners.ParentRunner.run(ParentRunner.java:309)&#13;&#10;&#9;at org.eclipse.jdt.internal.junit4.runner.JUnit4TestReference.run(JUnit4TestReference.java:50)&#13;&#10;&#9;at org.eclipse.jdt.internal.junit.runner.TestExecution.run(TestExecution.java:38)&#13;&#10;&#9;at org.eclipse.jdt.internal.junit.runner.RemoteTestRunner.runTests(RemoteTestRunner.java:467)&#13;&#10;&#9;at org.eclipse.jdt.internal.junit.runner.RemoteTestRunner.runTests(RemoteTestRunner.java:683)&#13;&#10;&#9;at org.eclipse.jdt.internal.junit.runner.RemoteTestRunner.run(RemoteTestRunner.java:390)&#13;&#10;&#9;at org.codecover.juniteclipse.runner.EclipseTestRunner.main(EclipseTestRunner.java:40)" Date="1589513779200" Name="DrawTest:testTextRight">
<CovList/>
<AssgnmntList/>
<ObjMetaDataList/>
<MetaDataList/>
</TestCase>
<TestCase Comment="Failure&#10;java.lang.AssertionError: Not yet implemented&#13;&#10;&#9;at org.junit.Assert.fail(Assert.java:88)&#13;&#10;&#9;at DrawTest.testIsMousePressed(DrawTest.java:381)&#13;&#10;&#9;at sun.reflect.NativeMethodAccessorImpl.invoke0(Native Method)&#13;&#10;&#9;at sun.reflect.NativeMethodAccessorImpl.invoke(Unknown Source)&#13;&#10;&#9;at sun.reflect.DelegatingMethodAccessorImpl.invoke(Unknown Source)&#13;&#10;&#9;at java.lang.reflect.Method.invoke(Unknown Source)&#13;&#10;&#9;at org.junit.runners.model.FrameworkMethod$1.runReflectiveCall(FrameworkMethod.java:47)&#13;&#10;&#9;at org.junit.internal.runners.model.ReflectiveCallable.run(ReflectiveCallable.java:12)&#13;&#10;&#9;at org.junit.runners.model.FrameworkMethod.invokeExplosively(FrameworkMethod.java:44)&#13;&#10;&#9;at org.junit.internal.runners.statements.InvokeMethod.evaluate(InvokeMethod.java:17)&#13;&#10;&#9;at org.junit.runners.ParentRunner.runLeaf(ParentRunner.java:271)&#13;&#10;&#9;at org.junit.runners.BlockJUnit4ClassRunner.runChild(BlockJUnit4ClassRunner.java:70)&#13;&#10;&#9;at org.junit.runners.BlockJUnit4ClassRunner.runChild(BlockJUnit4ClassRunner.java:50)&#13;&#10;&#9;at org.junit.runners.ParentRunner$3.run(ParentRunner.java:238)&#13;&#10;&#9;at org.junit.runners.ParentRunner$1.schedule(ParentRunner.java:63)&#13;&#10;&#9;at org.junit.runners.ParentRunner.runChildren(ParentRunner.java:236)&#13;&#10;&#9;at org.junit.runners.ParentRunner.access$000(ParentRunner.java:53)&#13;&#10;&#9;at org.junit.runners.ParentRunner$2.evaluate(ParentRunner.java:229)&#13;&#10;&#9;at org.junit.runners.ParentRunner.run(ParentRunner.java:309)&#13;&#10;&#9;at org.eclipse.jdt.internal.junit4.runner.JUnit4TestReference.run(JUnit4TestReference.java:50)&#13;&#10;&#9;at org.eclipse.jdt.internal.junit.runner.TestExecution.run(TestExecution.java:38)&#13;&#10;&#9;at org.eclipse.jdt.internal.junit.runner.RemoteTestRunner.runTests(RemoteTestRunner.java:467)&#13;&#10;&#9;at org.eclipse.jdt.internal.junit.runner.RemoteTestRunner.runTests(RemoteTestRunner.java:683)&#13;&#10;&#9;at org.eclipse.jdt.internal.junit.runner.RemoteTestRunner.run(RemoteTestRunner.java:390)&#13;&#10;&#9;at org.codecover.juniteclipse.runner.EclipseTestRunner.main(EclipseTestRunner.java:40)" Date="1589513779310" Name="DrawTest:testIsMousePressed">
<CovList/>
<AssgnmntList/>
<ObjMetaDataList/>
<MetaDataList/>
</TestCase>
<TestCase Comment="Failure&#10;java.lang.AssertionError: Not yet implemented&#13;&#10;&#9;at org.junit.Assert.fail(Assert.java:88)&#13;&#10;&#9;at DrawTest.testPictureDoubleDoubleStringDoubleDoubleDouble(DrawTest.java:311)&#13;&#10;&#9;at sun.reflect.NativeMethodAccessorImpl.invoke0(Native Method)&#13;&#10;&#9;at sun.reflect.NativeMethodAccessorImpl.invoke(Unknown Source)&#13;&#10;&#9;at sun.reflect.DelegatingMethodAccessorImpl.invoke(Unknown Source)&#13;&#10;&#9;at java.lang.reflect.Method.invoke(Unknown Source)&#13;&#10;&#9;at org.junit.runners.model.FrameworkMethod$1.runReflectiveCall(FrameworkMethod.java:47)&#13;&#10;&#9;at org.junit.internal.runners.model.ReflectiveCallable.run(ReflectiveCallable.java:12)&#13;&#10;&#9;at org.junit.runners.model.FrameworkMethod.invokeExplosively(FrameworkMethod.java:44)&#13;&#10;&#9;at org.junit.internal.runners.statements.InvokeMethod.evaluate(InvokeMethod.java:17)&#13;&#10;&#9;at org.junit.runners.ParentRunner.runLeaf(ParentRunner.java:271)&#13;&#10;&#9;at org.junit.runners.BlockJUnit4ClassRunner.runChild(BlockJUnit4ClassRunner.java:70)&#13;&#10;&#9;at org.junit.runners.BlockJUnit4ClassRunner.runChild(BlockJUnit4ClassRunner.java:50)&#13;&#10;&#9;at org.junit.runners.ParentRunner$3.run(ParentRunner.java:238)&#13;&#10;&#9;at org.junit.runners.ParentRunner$1.schedule(ParentRunner.java:63)&#13;&#10;&#9;at org.junit.runners.ParentRunner.runChildren(ParentRunner.java:236)&#13;&#10;&#9;at org.junit.runners.ParentRunner.access$000(ParentRunner.java:53)&#13;&#10;&#9;at org.junit.runners.ParentRunner$2.evaluate(ParentRunner.java:229)&#13;&#10;&#9;at org.junit.runners.ParentRunner.run(ParentRunner.java:309)&#13;&#10;&#9;at org.eclipse.jdt.internal.junit4.runner.JUnit4TestReference.run(JUnit4TestReference.java:50)&#13;&#10;&#9;at org.eclipse.jdt.internal.junit.runner.TestExecution.run(TestExecution.java:38)&#13;&#10;&#9;at org.eclipse.jdt.internal.junit.runner.RemoteTestRunner.runTests(RemoteTestRunner.java:467)&#13;&#10;&#9;at org.eclipse.jdt.internal.junit.runner.RemoteTestRunner.runTests(RemoteTestRunner.java:683)&#13;&#10;&#9;at org.eclipse.jdt.internal.junit.runner.RemoteTestRunner.run(RemoteTestRunner.java:390)&#13;&#10;&#9;at org.codecover.juniteclipse.runner.EclipseTestRunner.main(EclipseTestRunner.java:40)" Date="1589513779402" Name="DrawTest:testPictureDoubleDoubleStringDoubleDoubleDouble">
<CovList/>
<AssgnmntList/>
<ObjMetaDataList/>
<MetaDataList/>
</TestCase>
<TestCase Comment="" Date="1589513779510" Name="DrawTest:testSetXscaleDoubleDouble">
<CovList>
<CovPrefix CovItemPrefix="Draw.java">
<Cov CovItemId="B10" Value="2"/>
<Cov CovItemId="B15" Value="1"/>
<Cov CovItemId="B8" Value="2"/>
<Cov CovItemId="S104" Value="1"/>
<Cov CovItemId="S105" Value="1"/>
<Cov CovItemId="S106" Value="1"/>
<Cov CovItemId="S107" Value="1"/>
<Cov CovItemId="S108" Value="1"/>
<Cov CovItemId="S94" Value="2"/>
<Cov CovItemId="S96" Value="2"/>
</CovPrefix>
</CovList>
<AssgnmntList>
<AssgnmntPrefix RootTermCovItemPrefix="Draw.java">
<AssgnmntListEntry Length="1" RootTermCovItemId="C4">
<MapEntry BoolAssgnmnt="0" Value="2"/>
</AssgnmntListEntry>
<AssgnmntListEntry Length="1" RootTermCovItemId="C5">
<MapEntry BoolAssgnmnt="0" Value="2"/>
</AssgnmntListEntry>
<AssgnmntListEntry Length="1" RootTermCovItemId="C8">
<MapEntry BoolAssgnmnt="1" Value="1"/>
</AssgnmntListEntry>
</AssgnmntPrefix>
</AssgnmntList>
<ObjMetaDataList/>
<MetaDataList/>
</TestCase>
<TestCase Comment="Failure&#10;java.lang.AssertionError: Not yet implemented&#13;&#10;&#9;at org.junit.Assert.fail(Assert.java:88)&#13;&#10;&#9;at DrawTest.testTextLeft(DrawTest.java:326)&#13;&#10;&#9;at sun.reflect.NativeMethodAccessorImpl.invoke0(Native Method)&#13;&#10;&#9;at sun.reflect.NativeMethodAccessorImpl.invoke(Unknown Source)&#13;&#10;&#9;at sun.reflect.DelegatingMethodAccessorImpl.invoke(Unknown Source)&#13;&#10;&#9;at java.lang.reflect.Method.invoke(Unknown Source)&#13;&#10;&#9;at org.junit.runners.model.FrameworkMethod$1.runReflectiveCall(FrameworkMethod.java:47)&#13;&#10;&#9;at org.junit.internal.runners.model.ReflectiveCallable.run(ReflectiveCallable.java:12)&#13;&#10;&#9;at org.junit.runners.model.FrameworkMethod.invokeExplosively(FrameworkMethod.java:44)&#13;&#10;&#9;at org.junit.internal.runners.statements.InvokeMethod.evaluate(InvokeMethod.java:17)&#13;&#10;&#9;at org.junit.runners.ParentRunner.runLeaf(ParentRunner.java:271)&#13;&#10;&#9;at org.junit.runners.BlockJUnit4ClassRunner.runChild(BlockJUnit4ClassRunner.java:70)&#13;&#10;&#9;at org.junit.runners.BlockJUnit4ClassRunner.runChild(BlockJUnit4ClassRunner.java:50)&#13;&#10;&#9;at org.junit.runners.ParentRunner$3.run(ParentRunner.java:238)&#13;&#10;&#9;at org.junit.runners.ParentRunner$1.schedule(ParentRunner.java:63)&#13;&#10;&#9;at org.junit.runners.ParentRunner.runChildren(ParentRunner.java:236)&#13;&#10;&#9;at org.junit.runners.ParentRunner.access$000(ParentRunner.java:53)&#13;&#10;&#9;at org.junit.runners.ParentRunner$2.evaluate(ParentRunner.java:229)&#13;&#10;&#9;at org.junit.runners.ParentRunner.run(ParentRunner.java:309)&#13;&#10;&#9;at org.eclipse.jdt.internal.junit4.runner.JUnit4TestReference.run(JUnit4TestReference.java:50)&#13;&#10;&#9;at org.eclipse.jdt.internal.junit.runner.TestExecution.run(TestExecution.java:38)&#13;&#10;&#9;at org.eclipse.jdt.internal.junit.runner.RemoteTestRunner.runTests(RemoteTestRunner.java:467)&#13;&#10;&#9;at org.eclipse.jdt.internal.junit.runner.RemoteTestRunner.runTests(RemoteTestRunner.java:683)&#13;&#10;&#9;at org.eclipse.jdt.internal.junit.runner.RemoteTestRunner.run(RemoteTestRunner.java:390)&#13;&#10;&#9;at org.codecover.juniteclipse.runner.EclipseTestRunner.main(EclipseTestRunner.java:40)" Date="1589513779633" Name="DrawTest:testTextLeft">
<CovList/>
<AssgnmntList/>
<ObjMetaDataList/>
<MetaDataList/>
</TestCase>
<TestCase Comment="Failure&#10;java.lang.AssertionError: Not yet implemented&#13;&#10;&#9;at org.junit.Assert.fail(Assert.java:88)&#13;&#10;&#9;at DrawTest.testAddListener(DrawTest.java:376)&#13;&#10;&#9;at sun.reflect.NativeMethodAccessorImpl.invoke0(Native Method)&#13;&#10;&#9;at sun.reflect.NativeMethodAccessorImpl.invoke(Unknown Source)&#13;&#10;&#9;at sun.reflect.DelegatingMethodAccessorImpl.invoke(Unknown Source)&#13;&#10;&#9;at java.lang.reflect.Method.invoke(Unknown Source)&#13;&#10;&#9;at org.junit.runners.model.FrameworkMethod$1.runReflectiveCall(FrameworkMethod.java:47)&#13;&#10;&#9;at org.junit.internal.runners.model.ReflectiveCallable.run(ReflectiveCallable.java:12)&#13;&#10;&#9;at org.junit.runners.model.FrameworkMethod.invokeExplosively(FrameworkMethod.java:44)&#13;&#10;&#9;at org.junit.internal.runners.statements.InvokeMethod.evaluate(InvokeMethod.java:17)&#13;&#10;&#9;at org.junit.runners.ParentRunner.runLeaf(ParentRunner.java:271)&#13;&#10;&#9;at org.junit.runners.BlockJUnit4ClassRunner.runChild(BlockJUnit4ClassRunner.java:70)&#13;&#10;&#9;at org.junit.runners.BlockJUnit4ClassRunner.runChild(BlockJUnit4ClassRunner.java:50)&#13;&#10;&#9;at org.junit.runners.ParentRunner$3.run(ParentRunner.java:238)&#13;&#10;&#9;at org.junit.runners.ParentRunner$1.schedule(ParentRunner.java:63)&#13;&#10;&#9;at org.junit.runners.ParentRunner.runChildren(ParentRunner.java:236)&#13;&#10;&#9;at org.junit.runners.ParentRunner.access$000(ParentRunner.java:53)&#13;&#10;&#9;at org.junit.runners.ParentRunner$2.evaluate(ParentRunner.java:229)&#13;&#10;&#9;at org.junit.runners.ParentRunner.run(ParentRunner.java:309)&#13;&#10;&#9;at org.eclipse.jdt.internal.junit4.runner.JUnit4TestReference.run(JUnit4TestReference.java:50)&#13;&#10;&#9;at org.eclipse.jdt.internal.junit.runner.TestExecution.run(TestExecution.java:38)&#13;&#10;&#9;at org.eclipse.jdt.internal.junit.runner.RemoteTestRunner.runTests(RemoteTestRunner.java:467)&#13;&#10;&#9;at org.eclipse.jdt.internal.junit.runner.RemoteTestRunner.runTests(RemoteTestRunner.java:683)&#13;&#10;&#9;at org.eclipse.jdt.internal.junit.runner.RemoteTestRunner.run(RemoteTestRunner.java:390)&#13;&#10;&#9;at org.codecover.juniteclipse.runner.EclipseTestRunner.main(EclipseTestRunner.java:40)" Date="1589513779726" Name="DrawTest:testAddListener">
<CovList/>
<AssgnmntList/>
<ObjMetaDataList/>
<MetaDataList/>
</TestCase>
<TestCase Comment="Failure&#10;java.lang.AssertionError: Not yet implemented&#13;&#10;&#9;at org.junit.Assert.fail(Assert.java:88)&#13;&#10;&#9;at DrawTest.testMouseExited(DrawTest.java:406)&#13;&#10;&#9;at sun.reflect.NativeMethodAccessorImpl.invoke0(Native Method)&#13;&#10;&#9;at sun.reflect.NativeMethodAccessorImpl.invoke(Unknown Source)&#13;&#10;&#9;at sun.reflect.DelegatingMethodAccessorImpl.invoke(Unknown Source)&#13;&#10;&#9;at java.lang.reflect.Method.invoke(Unknown Source)&#13;&#10;&#9;at org.junit.runners.model.FrameworkMethod$1.runReflectiveCall(FrameworkMethod.java:47)&#13;&#10;&#9;at org.junit.internal.runners.model.ReflectiveCallable.run(ReflectiveCallable.java:12)&#13;&#10;&#9;at org.junit.runners.model.FrameworkMethod.invokeExplosively(FrameworkMethod.java:44)&#13;&#10;&#9;at org.junit.internal.runners.statements.InvokeMethod.evaluate(InvokeMethod.java:17)&#13;&#10;&#9;at org.junit.runners.ParentRunner.runLeaf(ParentRunner.java:271)&#13;&#10;&#9;at org.junit.runners.BlockJUnit4ClassRunner.runChild(BlockJUnit4ClassRunner.java:70)&#13;&#10;&#9;at org.junit.runners.BlockJUnit4ClassRunner.runChild(BlockJUnit4ClassRunner.java:50)&#13;&#10;&#9;at org.junit.runners.ParentRunner$3.run(ParentRunner.java:238)&#13;&#10;&#9;at org.junit.runners.ParentRunner$1.schedule(ParentRunner.java:63)&#13;&#10;&#9;at org.junit.runners.ParentRunner.runChildren(ParentRunner.java:236)&#13;&#10;&#9;at org.junit.runners.ParentRunner.access$000(ParentRunner.java:53)&#13;&#10;&#9;at org.junit.runners.ParentRunner$2.evaluate(ParentRunner.java:229)&#13;&#10;&#9;at org.junit.runners.ParentRunner.run(ParentRunner.java:309)&#13;&#10;&#9;at org.eclipse.jdt.internal.junit4.runner.JUnit4TestReference.run(JUnit4TestReference.java:50)&#13;&#10;&#9;at org.eclipse.jdt.internal.junit.runner.TestExecution.run(TestExecution.java:38)&#13;&#10;&#9;at org.eclipse.jdt.internal.junit.runner.RemoteTestRunner.runTests(RemoteTestRunner.java:467)&#13;&#10;&#9;at org.eclipse.jdt.internal.junit.runner.RemoteTestRunner.runTests(RemoteTestRunner.java:683)&#13;&#10;&#9;at org.eclipse.jdt.internal.junit.runner.RemoteTestRunner.run(RemoteTestRunner.java:390)&#13;&#10;&#9;at org.codecover.juniteclipse.runner.EclipseTestRunner.main(EclipseTestRunner.java:40)" Date="1589513779822" Name="DrawTest:testMouseExited">
<CovList/>
<AssgnmntList/>
<ObjMetaDataList/>
<MetaDataList/>
</TestCase>
<TestCase Comment="Failure&#10;java.lang.AssertionError: Not yet implemented&#13;&#10;&#9;at org.junit.Assert.fail(Assert.java:88)&#13;&#10;&#9;at DrawTest.testPictureDoubleDoubleString(DrawTest.java:296)&#13;&#10;&#9;at sun.reflect.NativeMethodAccessorImpl.invoke0(Native Method)&#13;&#10;&#9;at sun.reflect.NativeMethodAccessorImpl.invoke(Unknown Source)&#13;&#10;&#9;at sun.reflect.DelegatingMethodAccessorImpl.invoke(Unknown Source)&#13;&#10;&#9;at java.lang.reflect.Method.invoke(Unknown Source)&#13;&#10;&#9;at org.junit.runners.model.FrameworkMethod$1.runReflectiveCall(FrameworkMethod.java:47)&#13;&#10;&#9;at org.junit.internal.runners.model.ReflectiveCallable.run(ReflectiveCallable.java:12)&#13;&#10;&#9;at org.junit.runners.model.FrameworkMethod.invokeExplosively(FrameworkMethod.java:44)&#13;&#10;&#9;at org.junit.internal.runners.statements.InvokeMethod.evaluate(InvokeMethod.java:17)&#13;&#10;&#9;at org.junit.runners.ParentRunner.runLeaf(ParentRunner.java:271)&#13;&#10;&#9;at org.junit.runners.BlockJUnit4ClassRunner.runChild(BlockJUnit4ClassRunner.java:70)&#13;&#10;&#9;at org.junit.runners.BlockJUnit4ClassRunner.runChild(BlockJUnit4ClassRunner.java:50)&#13;&#10;&#9;at org.junit.runners.ParentRunner$3.run(ParentRunner.java:238)&#13;&#10;&#9;at org.junit.runners.ParentRunner$1.schedule(ParentRunner.java:63)&#13;&#10;&#9;at org.junit.runners.ParentRunner.runChildren(ParentRunner.java:236)&#13;&#10;&#9;at org.junit.runners.ParentRunner.access$000(ParentRunner.java:53)&#13;&#10;&#9;at org.junit.runners.ParentRunner$2.evaluate(ParentRunner.java:229)&#13;&#10;&#9;at org.junit.runners.ParentRunner.run(ParentRunner.java:309)&#13;&#10;&#9;at org.eclipse.jdt.internal.junit4.runner.JUnit4TestReference.run(JUnit4TestReference.java:50)&#13;&#10;&#9;at org.eclipse.jdt.internal.junit.runner.TestExecution.run(TestExecution.java:38)&#13;&#10;&#9;at org.eclipse.jdt.internal.junit.runner.RemoteTestRunner.runTests(RemoteTestRunner.java:467)&#13;&#10;&#9;at org.eclipse.jdt.internal.junit.runner.RemoteTestRunner.runTests(RemoteTestRunner.java:683)&#13;&#10;&#9;at org.eclipse.jdt.internal.junit.runner.RemoteTestRunner.run(RemoteTestRunner.java:390)&#13;&#10;&#9;at org.codecover.juniteclipse.runner.EclipseTestRunner.main(EclipseTestRunner.java:40)" Date="1589513779926" Name="DrawTest:testPictureDoubleDoubleString">
<CovList/>
<AssgnmntList/>
<ObjMetaDataList/>
<MetaDataList/>
</TestCase>
<TestCase Comment="Failure&#10;java.lang.AssertionError: Not yet implemented&#13;&#10;&#9;at org.junit.Assert.fail(Assert.java:88)&#13;&#10;&#9;at DrawTest.testTextDoubleDoubleString(DrawTest.java:316)&#13;&#10;&#9;at sun.reflect.NativeMethodAccessorImpl.invoke0(Native Method)&#13;&#10;&#9;at sun.reflect.NativeMethodAccessorImpl.invoke(Unknown Source)&#13;&#10;&#9;at sun.reflect.DelegatingMethodAccessorImpl.invoke(Unknown Source)&#13;&#10;&#9;at java.lang.reflect.Method.invoke(Unknown Source)&#13;&#10;&#9;at org.junit.runners.model.FrameworkMethod$1.runReflectiveCall(FrameworkMethod.java:47)&#13;&#10;&#9;at org.junit.internal.runners.model.ReflectiveCallable.run(ReflectiveCallable.java:12)&#13;&#10;&#9;at org.junit.runners.model.FrameworkMethod.invokeExplosively(FrameworkMethod.java:44)&#13;&#10;&#9;at org.junit.internal.runners.statements.InvokeMethod.evaluate(InvokeMethod.java:17)&#13;&#10;&#9;at org.junit.runners.ParentRunner.runLeaf(ParentRunner.java:271)&#13;&#10;&#9;at org.junit.runners.BlockJUnit4ClassRunner.runChild(BlockJUnit4ClassRunner.java:70)&#13;&#10;&#9;at org.junit.runners.BlockJUnit4ClassRunner.runChild(BlockJUnit4ClassRunner.java:50)&#13;&#10;&#9;at org.junit.runners.ParentRunner$3.run(ParentRunner.java:238)&#13;&#10;&#9;at org.junit.runners.ParentRunner$1.schedule(ParentRunner.java:63)&#13;&#10;&#9;at org.junit.runners.ParentRunner.runChildren(ParentRunner.java:236)&#13;&#10;&#9;at org.junit.runners.ParentRunner.access$000(ParentRunner.java:53)&#13;&#10;&#9;at org.junit.runners.ParentRunner$2.evaluate(ParentRunner.java:229)&#13;&#10;&#9;at org.junit.runners.ParentRunner.run(ParentRunner.java:309)&#13;&#10;&#9;at org.eclipse.jdt.internal.junit4.runner.JUnit4TestReference.run(JUnit4TestReference.java:50)&#13;&#10;&#9;at org.eclipse.jdt.internal.junit.runner.TestExecution.run(TestExecution.java:38)&#13;&#10;&#9;at org.eclipse.jdt.internal.junit.runner.RemoteTestRunner.runTests(RemoteTestRunner.java:467)&#13;&#10;&#9;at org.eclipse.jdt.internal.junit.runner.RemoteTestRunner.runTests(RemoteTestRunner.java:683)&#13;&#10;&#9;at org.eclipse.jdt.internal.junit.runner.RemoteTestRunner.run(RemoteTestRunner.java:390)&#13;&#10;&#9;at org.codecover.juniteclipse.runner.EclipseTestRunner.main(EclipseTestRunner.java:40)" Date="1589513780006" Name="DrawTest:testTextDoubleDoubleString">
<CovList/>
<AssgnmntList/>
<ObjMetaDataList/>
<MetaDataList/>
</TestCase>
<TestCase Comment="Failure&#10;java.lang.AssertionError: Not yet implemented&#13;&#10;&#9;at org.junit.Assert.fail(Assert.java:88)&#13;&#10;&#9;at DrawTest.testMouseMoved(DrawTest.java:431)&#13;&#10;&#9;at sun.reflect.NativeMethodAccessorImpl.invoke0(Native Method)&#13;&#10;&#9;at sun.reflect.NativeMethodAccessorImpl.invoke(Unknown Source)&#13;&#10;&#9;at sun.reflect.DelegatingMethodAccessorImpl.invoke(Unknown Source)&#13;&#10;&#9;at java.lang.reflect.Method.invoke(Unknown Source)&#13;&#10;&#9;at org.junit.runners.model.FrameworkMethod$1.runReflectiveCall(FrameworkMethod.java:47)&#13;&#10;&#9;at org.junit.internal.runners.model.ReflectiveCallable.run(ReflectiveCallable.java:12)&#13;&#10;&#9;at org.junit.runners.model.FrameworkMethod.invokeExplosively(FrameworkMethod.java:44)&#13;&#10;&#9;at org.junit.internal.runners.statements.InvokeMethod.evaluate(InvokeMethod.java:17)&#13;&#10;&#9;at org.junit.runners.ParentRunner.runLeaf(ParentRunner.java:271)&#13;&#10;&#9;at org.junit.runners.BlockJUnit4ClassRunner.runChild(BlockJUnit4ClassRunner.java:70)&#13;&#10;&#9;at org.junit.runners.BlockJUnit4ClassRunner.runChild(BlockJUnit4ClassRunner.java:50)&#13;&#10;&#9;at org.junit.runners.ParentRunner$3.run(ParentRunner.java:238)&#13;&#10;&#9;at org.junit.runners.ParentRunner$1.schedule(ParentRunner.java:63)&#13;&#10;&#9;at org.junit.runners.ParentRunner.runChildren(ParentRunner.java:236)&#13;&#10;&#9;at org.junit.runners.ParentRunner.access$000(ParentRunner.java:53)&#13;&#10;&#9;at org.junit.runners.ParentRunner$2.evaluate(ParentRunner.java:229)&#13;&#10;&#9;at org.junit.runners.ParentRunner.run(ParentRunner.java:309)&#13;&#10;&#9;at org.eclipse.jdt.internal.junit4.runner.JUnit4TestReference.run(JUnit4TestReference.java:50)&#13;&#10;&#9;at org.eclipse.jdt.internal.junit.runner.TestExecution.run(TestExecution.java:38)&#13;&#10;&#9;at org.eclipse.jdt.internal.junit.runner.RemoteTestRunner.runTests(RemoteTestRunner.java:467)&#13;&#10;&#9;at org.eclipse.jdt.internal.junit.runner.RemoteTestRunner.runTests(RemoteTestRunner.java:683)&#13;&#10;&#9;at org.eclipse.jdt.internal.junit.runner.RemoteTestRunner.run(RemoteTestRunner.java:390)&#13;&#10;&#9;at org.codecover.juniteclipse.runner.EclipseTestRunner.main(EclipseTestRunner.java:40)" Date="1589513780105" Name="DrawTest:testMouseMoved">
<CovList/>
<AssgnmntList/>
<ObjMetaDataList/>
<MetaDataList/>
</TestCase>
<TestCase Comment="Failure&#10;java.lang.AssertionError: Not yet implemented&#13;&#10;&#9;at org.junit.Assert.fail(Assert.java:88)&#13;&#10;&#9;at DrawTest.testHasNextKeyTyped(DrawTest.java:436)&#13;&#10;&#9;at sun.reflect.NativeMethodAccessorImpl.invoke0(Native Method)&#13;&#10;&#9;at sun.reflect.NativeMethodAccessorImpl.invoke(Unknown Source)&#13;&#10;&#9;at sun.reflect.DelegatingMethodAccessorImpl.invoke(Unknown Source)&#13;&#10;&#9;at java.lang.reflect.Method.invoke(Unknown Source)&#13;&#10;&#9;at org.junit.runners.model.FrameworkMethod$1.runReflectiveCall(FrameworkMethod.java:47)&#13;&#10;&#9;at org.junit.internal.runners.model.ReflectiveCallable.run(ReflectiveCallable.java:12)&#13;&#10;&#9;at org.junit.runners.model.FrameworkMethod.invokeExplosively(FrameworkMethod.java:44)&#13;&#10;&#9;at org.junit.internal.runners.statements.InvokeMethod.evaluate(InvokeMethod.java:17)&#13;&#10;&#9;at org.junit.runners.ParentRunner.runLeaf(ParentRunner.java:271)&#13;&#10;&#9;at org.junit.runners.BlockJUnit4ClassRunner.runChild(BlockJUnit4ClassRunner.java:70)&#13;&#10;&#9;at org.junit.runners.BlockJUnit4ClassRunner.runChild(BlockJUnit4ClassRunner.java:50)&#13;&#10;&#9;at org.junit.runners.ParentRunner$3.run(ParentRunner.java:238)&#13;&#10;&#9;at org.junit.runners.ParentRunner$1.schedule(ParentRunner.java:63)&#13;&#10;&#9;at org.junit.runners.ParentRunner.runChildren(ParentRunner.java:236)&#13;&#10;&#9;at org.junit.runners.ParentRunner.access$000(ParentRunner.java:53)&#13;&#10;&#9;at org.junit.runners.ParentRunner$2.evaluate(ParentRunner.java:229)&#13;&#10;&#9;at org.junit.runners.ParentRunner.run(ParentRunner.java:309)&#13;&#10;&#9;at org.eclipse.jdt.internal.junit4.runner.JUnit4TestReference.run(JUnit4TestReference.java:50)&#13;&#10;&#9;at org.eclipse.jdt.internal.junit.runner.TestExecution.run(TestExecution.java:38)&#13;&#10;&#9;at org.eclipse.jdt.internal.junit.runner.RemoteTestRunner.runTests(RemoteTestRunner.java:467)&#13;&#10;&#9;at org.eclipse.jdt.internal.junit.runner.RemoteTestRunner.runTests(RemoteTestRunner.java:683)&#13;&#10;&#9;at org.eclipse.jdt.internal.junit.runner.RemoteTestRunner.run(RemoteTestRunner.java:390)&#13;&#10;&#9;at org.codecover.juniteclipse.runner.EclipseTestRunner.main(EclipseTestRunner.java:40)" Date="1589513780210" Name="DrawTest:testHasNextKeyTyped">
<CovList/>
<AssgnmntList/>
<ObjMetaDataList/>
<MetaDataList/>
</TestCase>
<TestCase Comment="Failure&#10;java.lang.AssertionError: Not yet implemented&#13;&#10;&#9;at org.junit.Assert.fail(Assert.java:88)&#13;&#10;&#9;at DrawTest.testFilledCircle(DrawTest.java:241)&#13;&#10;&#9;at sun.reflect.NativeMethodAccessorImpl.invoke0(Native Method)&#13;&#10;&#9;at sun.reflect.NativeMethodAccessorImpl.invoke(Unknown Source)&#13;&#10;&#9;at sun.reflect.DelegatingMethodAccessorImpl.invoke(Unknown Source)&#13;&#10;&#9;at java.lang.reflect.Method.invoke(Unknown Source)&#13;&#10;&#9;at org.junit.runners.model.FrameworkMethod$1.runReflectiveCall(FrameworkMethod.java:47)&#13;&#10;&#9;at org.junit.internal.runners.model.ReflectiveCallable.run(ReflectiveCallable.java:12)&#13;&#10;&#9;at org.junit.runners.model.FrameworkMethod.invokeExplosively(FrameworkMethod.java:44)&#13;&#10;&#9;at org.junit.internal.runners.statements.InvokeMethod.evaluate(InvokeMethod.java:17)&#13;&#10;&#9;at org.junit.runners.ParentRunner.runLeaf(ParentRunner.java:271)&#13;&#10;&#9;at org.junit.runners.BlockJUnit4ClassRunner.runChild(BlockJUnit4ClassRunner.java:70)&#13;&#10;&#9;at org.junit.runners.BlockJUnit4ClassRunner.runChild(BlockJUnit4ClassRunner.java:50)&#13;&#10;&#9;at org.junit.runners.ParentRunner$3.run(ParentRunner.java:238)&#13;&#10;&#9;at org.junit.runners.ParentRunner$1.schedule(ParentRunner.java:63)&#13;&#10;&#9;at org.junit.runners.ParentRunner.runChildren(ParentRunner.java:236)&#13;&#10;&#9;at org.junit.runners.ParentRunner.access$000(ParentRunner.java:53)&#13;&#10;&#9;at org.junit.runners.ParentRunner$2.evaluate(ParentRunner.java:229)&#13;&#10;&#9;at org.junit.runners.ParentRunner.run(ParentRunner.java:309)&#13;&#10;&#9;at org.eclipse.jdt.internal.junit4.runner.JUnit4TestReference.run(JUnit4TestReference.java:50)&#13;&#10;&#9;at org.eclipse.jdt.internal.junit.runner.TestExecution.run(TestExecution.java:38)&#13;&#10;&#9;at org.eclipse.jdt.internal.junit.runner.RemoteTestRunner.runTests(RemoteTestRunner.java:467)&#13;&#10;&#9;at org.eclipse.jdt.internal.junit.runner.RemoteTestRunner.runTests(RemoteTestRunner.java:683)&#13;&#10;&#9;at org.eclipse.jdt.internal.junit.runner.RemoteTestRunner.run(RemoteTestRunner.java:390)&#13;&#10;&#9;at org.codecover.juniteclipse.runner.EclipseTestRunner.main(EclipseTestRunner.java:40)" Date="1589513780322" Name="DrawTest:testFilledCircle">
<CovList/>
<AssgnmntList/>
<ObjMetaDataList/>
<MetaDataList/>
</TestCase>
<TestCase Comment="Failure&#10;java.lang.AssertionError: Not yet implemented&#13;&#10;&#9;at org.junit.Assert.fail(Assert.java:88)&#13;&#10;&#9;at DrawTest.testNextKeyTyped(DrawTest.java:441)&#13;&#10;&#9;at sun.reflect.NativeMethodAccessorImpl.invoke0(Native Method)&#13;&#10;&#9;at sun.reflect.NativeMethodAccessorImpl.invoke(Unknown Source)&#13;&#10;&#9;at sun.reflect.DelegatingMethodAccessorImpl.invoke(Unknown Source)&#13;&#10;&#9;at java.lang.reflect.Method.invoke(Unknown Source)&#13;&#10;&#9;at org.junit.runners.model.FrameworkMethod$1.runReflectiveCall(FrameworkMethod.java:47)&#13;&#10;&#9;at org.junit.internal.runners.model.ReflectiveCallable.run(ReflectiveCallable.java:12)&#13;&#10;&#9;at org.junit.runners.model.FrameworkMethod.invokeExplosively(FrameworkMethod.java:44)&#13;&#10;&#9;at org.junit.internal.runners.statements.InvokeMethod.evaluate(InvokeMethod.java:17)&#13;&#10;&#9;at org.junit.runners.ParentRunner.runLeaf(ParentRunner.java:271)&#13;&#10;&#9;at org.junit.runners.BlockJUnit4ClassRunner.runChild(BlockJUnit4ClassRunner.java:70)&#13;&#10;&#9;at org.junit.runners.BlockJUnit4ClassRunner.runChild(BlockJUnit4ClassRunner.java:50)&#13;&#10;&#9;at org.junit.runners.ParentRunner$3.run(ParentRunner.java:238)&#13;&#10;&#9;at org.junit.runners.ParentRunner$1.schedule(ParentRunner.java:63)&#13;&#10;&#9;at org.junit.runners.ParentRunner.runChildren(ParentRunner.java:236)&#13;&#10;&#9;at org.junit.runners.ParentRunner.access$000(ParentRunner.java:53)&#13;&#10;&#9;at org.junit.runners.ParentRunner$2.evaluate(ParentRunner.java:229)&#13;&#10;&#9;at org.junit.runners.ParentRunner.run(ParentRunner.java:309)&#13;&#10;&#9;at org.eclipse.jdt.internal.junit4.runner.JUnit4TestReference.run(JUnit4TestReference.java:50)&#13;&#10;&#9;at org.eclipse.jdt.internal.junit.runner.TestExecution.run(TestExecution.java:38)&#13;&#10;&#9;at org.eclipse.jdt.internal.junit.runner.RemoteTestRunner.runTests(RemoteTestRunner.java:467)&#13;&#10;&#9;at org.eclipse.jdt.internal.junit.runner.RemoteTestRunner.runTests(RemoteTestRunner.java:683)&#13;&#10;&#9;at org.eclipse.jdt.internal.junit.runner.RemoteTestRunner.run(RemoteTestRunner.java:390)&#13;&#10;&#9;at org.codecover.juniteclipse.runner.EclipseTestRunner.main(EclipseTestRunner.java:40)" Date="1589513780430" Name="DrawTest:testNextKeyTyped">
<CovList/>
<AssgnmntList/>
<ObjMetaDataList/>
<MetaDataList/>
</TestCase>
<TestCase Comment="Failure&#10;java.lang.AssertionError: Not yet implemented&#13;&#10;&#9;at org.junit.Assert.fail(Assert.java:88)&#13;&#10;&#9;at DrawTest.testMouseDragged(DrawTest.java:426)&#13;&#10;&#9;at sun.reflect.NativeMethodAccessorImpl.invoke0(Native Method)&#13;&#10;&#9;at sun.reflect.NativeMethodAccessorImpl.invoke(Unknown Source)&#13;&#10;&#9;at sun.reflect.DelegatingMethodAccessorImpl.invoke(Unknown Source)&#13;&#10;&#9;at java.lang.reflect.Method.invoke(Unknown Source)&#13;&#10;&#9;at org.junit.runners.model.FrameworkMethod$1.runReflectiveCall(FrameworkMethod.java:47)&#13;&#10;&#9;at org.junit.internal.runners.model.ReflectiveCallable.run(ReflectiveCallable.java:12)&#13;&#10;&#9;at org.junit.runners.model.FrameworkMethod.invokeExplosively(FrameworkMethod.java:44)&#13;&#10;&#9;at org.junit.internal.runners.statements.InvokeMethod.evaluate(InvokeMethod.java:17)&#13;&#10;&#9;at org.junit.runners.ParentRunner.runLeaf(ParentRunner.java:271)&#13;&#10;&#9;at org.junit.runners.BlockJUnit4ClassRunner.runChild(BlockJUnit4ClassRunner.java:70)&#13;&#10;&#9;at org.junit.runners.BlockJUnit4ClassRunner.runChild(BlockJUnit4ClassRunner.java:50)&#13;&#10;&#9;at org.junit.runners.ParentRunner$3.run(ParentRunner.java:238)&#13;&#10;&#9;at org.junit.runners.ParentRunner$1.schedule(ParentRunner.java:63)&#13;&#10;&#9;at org.junit.runners.ParentRunner.runChildren(ParentRunner.java:236)&#13;&#10;&#9;at org.junit.runners.ParentRunner.access$000(ParentRunner.java:53)&#13;&#10;&#9;at org.junit.runners.ParentRunner$2.evaluate(ParentRunner.java:229)&#13;&#10;&#9;at org.junit.runners.ParentRunner.run(ParentRunner.java:309)&#13;&#10;&#9;at org.eclipse.jdt.internal.junit4.runner.JUnit4TestReference.run(JUnit4TestReference.java:50)&#13;&#10;&#9;at org.eclipse.jdt.internal.junit.runner.TestExecution.run(TestExecution.java:38)&#13;&#10;&#9;at org.eclipse.jdt.internal.junit.runner.RemoteTestRunner.runTests(RemoteTestRunner.java:467)&#13;&#10;&#9;at org.eclipse.jdt.internal.junit.runner.RemoteTestRunner.runTests(RemoteTestRunner.java:683)&#13;&#10;&#9;at org.eclipse.jdt.internal.junit.runner.RemoteTestRunner.run(RemoteTestRunner.java:390)&#13;&#10;&#9;at org.codecover.juniteclipse.runner.EclipseTestRunner.main(EclipseTestRunner.java:40)" Date="1589513780542" Name="DrawTest:testMouseDragged">
<CovList/>
<AssgnmntList/>
<ObjMetaDataList/>
<MetaDataList/>
</TestCase>
<TestCase Comment="Failure&#10;java.lang.AssertionError: Not yet implemented&#13;&#10;&#9;at org.junit.Assert.fail(Assert.java:88)&#13;&#10;&#9;at DrawTest.testMousePressedMouseEvent(DrawTest.java:411)&#13;&#10;&#9;at sun.reflect.NativeMethodAccessorImpl.invoke0(Native Method)&#13;&#10;&#9;at sun.reflect.NativeMethodAccessorImpl.invoke(Unknown Source)&#13;&#10;&#9;at sun.reflect.DelegatingMethodAccessorImpl.invoke(Unknown Source)&#13;&#10;&#9;at java.lang.reflect.Method.invoke(Unknown Source)&#13;&#10;&#9;at org.junit.runners.model.FrameworkMethod$1.runReflectiveCall(FrameworkMethod.java:47)&#13;&#10;&#9;at org.junit.internal.runners.model.ReflectiveCallable.run(ReflectiveCallable.java:12)&#13;&#10;&#9;at org.junit.runners.model.FrameworkMethod.invokeExplosively(FrameworkMethod.java:44)&#13;&#10;&#9;at org.junit.internal.runners.statements.InvokeMethod.evaluate(InvokeMethod.java:17)&#13;&#10;&#9;at org.junit.runners.ParentRunner.runLeaf(ParentRunner.java:271)&#13;&#10;&#9;at org.junit.runners.BlockJUnit4ClassRunner.runChild(BlockJUnit4ClassRunner.java:70)&#13;&#10;&#9;at org.junit.runners.BlockJUnit4ClassRunner.runChild(BlockJUnit4ClassRunner.java:50)&#13;&#10;&#9;at org.junit.runners.ParentRunner$3.run(ParentRunner.java:238)&#13;&#10;&#9;at org.junit.runners.ParentRunner$1.schedule(ParentRunner.java:63)&#13;&#10;&#9;at org.junit.runners.ParentRunner.runChildren(ParentRunner.java:236)&#13;&#10;&#9;at org.junit.runners.ParentRunner.access$000(ParentRunner.java:53)&#13;&#10;&#9;at org.junit.runners.ParentRunner$2.evaluate(ParentRunner.java:229)&#13;&#10;&#9;at org.junit.runners.ParentRunner.run(ParentRunner.java:309)&#13;&#10;&#9;at org.eclipse.jdt.internal.junit4.runner.JUnit4TestReference.run(JUnit4TestReference.java:50)&#13;&#10;&#9;at org.eclipse.jdt.internal.junit.runner.TestExecution.run(TestExecution.java:38)&#13;&#10;&#9;at org.eclipse.jdt.internal.junit.runner.RemoteTestRunner.runTests(RemoteTestRunner.java:467)&#13;&#10;&#9;at org.eclipse.jdt.internal.junit.runner.RemoteTestRunner.runTests(RemoteTestRunner.java:683)&#13;&#10;&#9;at org.eclipse.jdt.internal.junit.runner.RemoteTestRunner.run(RemoteTestRunner.java:390)&#13;&#10;&#9;at org.codecover.juniteclipse.runner.EclipseTestRunner.main(EclipseTestRunner.java:40)" Date="1589513780645" Name="DrawTest:testMousePressedMouseEvent">
<CovList/>
<AssgnmntList/>
<ObjMetaDataList/>
<MetaDataList/>
</TestCase>
<TestCase Comment="Failure&#10;java.lang.AssertionError: Not yet implemented&#13;&#10;&#9;at org.junit.Assert.fail(Assert.java:88)&#13;&#10;&#9;at DrawTest.testEnableDoubleBuffering(DrawTest.java:356)&#13;&#10;&#9;at sun.reflect.NativeMethodAccessorImpl.invoke0(Native Method)&#13;&#10;&#9;at sun.reflect.NativeMethodAccessorImpl.invoke(Unknown Source)&#13;&#10;&#9;at sun.reflect.DelegatingMethodAccessorImpl.invoke(Unknown Source)&#13;&#10;&#9;at java.lang.reflect.Method.invoke(Unknown Source)&#13;&#10;&#9;at org.junit.runners.model.FrameworkMethod$1.runReflectiveCall(FrameworkMethod.java:47)&#13;&#10;&#9;at org.junit.internal.runners.model.ReflectiveCallable.run(ReflectiveCallable.java:12)&#13;&#10;&#9;at org.junit.runners.model.FrameworkMethod.invokeExplosively(FrameworkMethod.java:44)&#13;&#10;&#9;at org.junit.internal.runners.statements.InvokeMethod.evaluate(InvokeMethod.java:17)&#13;&#10;&#9;at org.junit.runners.ParentRunner.runLeaf(ParentRunner.java:271)&#13;&#10;&#9;at org.junit.runners.BlockJUnit4ClassRunner.runChild(BlockJUnit4ClassRunner.java:70)&#13;&#10;&#9;at org.junit.runners.BlockJUnit4ClassRunner.runChild(BlockJUnit4ClassRunner.java:50)&#13;&#10;&#9;at org.junit.runners.ParentRunner$3.run(ParentRunner.java:238)&#13;&#10;&#9;at org.junit.runners.ParentRunner$1.schedule(ParentRunner.java:63)&#13;&#10;&#9;at org.junit.runners.ParentRunner.runChildren(ParentRunner.java:236)&#13;&#10;&#9;at org.junit.runners.ParentRunner.access$000(ParentRunner.java:53)&#13;&#10;&#9;at org.junit.runners.ParentRunner$2.evaluate(ParentRunner.java:229)&#13;&#10;&#9;at org.junit.runners.ParentRunner.run(ParentRunner.java:309)&#13;&#10;&#9;at org.eclipse.jdt.internal.junit4.runner.JUnit4TestReference.run(JUnit4TestReference.java:50)&#13;&#10;&#9;at org.eclipse.jdt.internal.junit.runner.TestExecution.run(TestExecution.java:38)&#13;&#10;&#9;at org.eclipse.jdt.internal.junit.runner.RemoteTestRunner.runTests(RemoteTestRunner.java:467)&#13;&#10;&#9;at org.eclipse.jdt.internal.junit.runner.RemoteTestRunner.runTests(RemoteTestRunner.java:683)&#13;&#10;&#9;at org.eclipse.jdt.internal.junit.runner.RemoteTestRunner.run(RemoteTestRunner.java:390)&#13;&#10;&#9;at org.codecover.juniteclipse.runner.EclipseTestRunner.main(EclipseTestRunner.java:40)" Date="1589513780730" Name="DrawTest:testEnableDoubleBuffering">
<CovList/>
<AssgnmntList/>
<ObjMetaDataList/>
<MetaDataList/>
</TestCase>
<TestCase Comment="Failure&#10;java.lang.AssertionError: Not yet implemented&#13;&#10;&#9;at org.junit.Assert.fail(Assert.java:88)&#13;&#10;&#9;at DrawTest.testFilledRectangle(DrawTest.java:276)&#13;&#10;&#9;at sun.reflect.NativeMethodAccessorImpl.invoke0(Native Method)&#13;&#10;&#9;at sun.reflect.NativeMethodAccessorImpl.invoke(Unknown Source)&#13;&#10;&#9;at sun.reflect.DelegatingMethodAccessorImpl.invoke(Unknown Source)&#13;&#10;&#9;at java.lang.reflect.Method.invoke(Unknown Source)&#13;&#10;&#9;at org.junit.runners.model.FrameworkMethod$1.runReflectiveCall(FrameworkMethod.java:47)&#13;&#10;&#9;at org.junit.internal.runners.model.ReflectiveCallable.run(ReflectiveCallable.java:12)&#13;&#10;&#9;at org.junit.runners.model.FrameworkMethod.invokeExplosively(FrameworkMethod.java:44)&#13;&#10;&#9;at org.junit.internal.runners.statements.InvokeMethod.evaluate(InvokeMethod.java:17)&#13;&#10;&#9;at org.junit.runners.ParentRunner.runLeaf(ParentRunner.java:271)&#13;&#10;&#9;at org.junit.runners.BlockJUnit4ClassRunner.runChild(BlockJUnit4ClassRunner.java:70)&#13;&#10;&#9;at org.junit.runners.BlockJUnit4ClassRunner.runChild(BlockJUnit4ClassRunner.java:50)&#13;&#10;&#9;at org.junit.runners.ParentRunner$3.run(ParentRunner.java:238)&#13;&#10;&#9;at org.junit.runners.ParentRunner$1.schedule(ParentRunner.java:63)&#13;&#10;&#9;at org.junit.runners.ParentRunner.runChildren(ParentRunner.java:236)&#13;&#10;&#9;at org.junit.runners.ParentRunner.access$000(ParentRunner.java:53)&#13;&#10;&#9;at org.junit.runners.ParentRunner$2.evaluate(ParentRunner.java:229)&#13;&#10;&#9;at org.junit.runners.ParentRunner.run(ParentRunner.java:309)&#13;&#10;&#9;at org.eclipse.jdt.internal.junit4.runner.JUnit4TestReference.run(JUnit4TestReference.java:50)&#13;&#10;&#9;at org.eclipse.jdt.internal.junit.runner.TestExecution.run(TestExecution.java:38)&#13;&#10;&#9;at org.eclipse.jdt.internal.junit.runner.RemoteTestRunner.runTests(RemoteTestRunner.java:467)&#13;&#10;&#9;at org.eclipse.jdt.internal.junit.runner.RemoteTestRunner.runTests(RemoteTestRunner.java:683)&#13;&#10;&#9;at org.eclipse.jdt.internal.junit.runner.RemoteTestRunner.run(RemoteTestRunner.java:390)&#13;&#10;&#9;at org.codecover.juniteclipse.runner.EclipseTestRunner.main(EclipseTestRunner.java:40)" Date="1589513780834" Name="DrawTest:testFilledRectangle">
<CovList/>
<AssgnmntList/>
<ObjMetaDataList/>
<MetaDataList/>
</TestCase>
<TestCase Comment="Failure&#10;java.lang.AssertionError: Not yet implemented&#13;&#10;&#9;at org.junit.Assert.fail(Assert.java:88)&#13;&#10;&#9;at DrawTest.testCreateMenuBar(DrawTest.java:62)&#13;&#10;&#9;at sun.reflect.NativeMethodAccessorImpl.invoke0(Native Method)&#13;&#10;&#9;at sun.reflect.NativeMethodAccessorImpl.invoke(Unknown Source)&#13;&#10;&#9;at sun.reflect.DelegatingMethodAccessorImpl.invoke(Unknown Source)&#13;&#10;&#9;at java.lang.reflect.Method.invoke(Unknown Source)&#13;&#10;&#9;at org.junit.runners.model.FrameworkMethod$1.runReflectiveCall(FrameworkMethod.java:47)&#13;&#10;&#9;at org.junit.internal.runners.model.ReflectiveCallable.run(ReflectiveCallable.java:12)&#13;&#10;&#9;at org.junit.runners.model.FrameworkMethod.invokeExplosively(FrameworkMethod.java:44)&#13;&#10;&#9;at org.junit.internal.runners.statements.InvokeMethod.evaluate(InvokeMethod.java:17)&#13;&#10;&#9;at org.junit.runners.ParentRunner.runLeaf(ParentRunner.java:271)&#13;&#10;&#9;at org.junit.runners.BlockJUnit4ClassRunner.runChild(BlockJUnit4ClassRunner.java:70)&#13;&#10;&#9;at org.junit.runners.BlockJUnit4ClassRunner.runChild(BlockJUnit4ClassRunner.java:50)&#13;&#10;&#9;at org.junit.runners.ParentRunner$3.run(ParentRunner.java:238)&#13;&#10;&#9;at org.junit.runners.ParentRunner$1.schedule(ParentRunner.java:63)&#13;&#10;&#9;at org.junit.runners.ParentRunner.runChildren(ParentRunner.java:236)&#13;&#10;&#9;at org.junit.runners.ParentRunner.access$000(ParentRunner.java:53)&#13;&#10;&#9;at org.junit.runners.ParentRunner$2.evaluate(ParentRunner.java:229)&#13;&#10;&#9;at org.junit.runners.ParentRunner.run(ParentRunner.java:309)&#13;&#10;&#9;at org.eclipse.jdt.internal.junit4.runner.JUnit4TestReference.run(JUnit4TestReference.java:50)&#13;&#10;&#9;at org.eclipse.jdt.internal.junit.runner.TestExecution.run(TestExecution.java:38)&#13;&#10;&#9;at org.eclipse.jdt.internal.junit.runner.RemoteTestRunner.runTests(RemoteTestRunner.java:467)&#13;&#10;&#9;at org.eclipse.jdt.internal.junit.runner.RemoteTestRunner.runTests(RemoteTestRunner.java:683)&#13;&#10;&#9;at org.eclipse.jdt.internal.junit.runner.RemoteTestRunner.run(RemoteTestRunner.java:390)&#13;&#10;&#9;at org.codecover.juniteclipse.runner.EclipseTestRunner.main(EclipseTestRunner.java:40)" Date="1589513780921" Name="DrawTest:testCreateMenuBar">
<CovList/>
<AssgnmntList/>
<ObjMetaDataList/>
<MetaDataList/>
</TestCase>
<TestCase Comment="Failure&#10;java.lang.AssertionError: Not yet implemented&#13;&#10;&#9;at org.junit.Assert.fail(Assert.java:88)&#13;&#10;&#9;at DrawTest.testSetPenColorColor(DrawTest.java:181)&#13;&#10;&#9;at sun.reflect.NativeMethodAccessorImpl.invoke0(Native Method)&#13;&#10;&#9;at sun.reflect.NativeMethodAccessorImpl.invoke(Unknown Source)&#13;&#10;&#9;at sun.reflect.DelegatingMethodAccessorImpl.invoke(Unknown Source)&#13;&#10;&#9;at java.lang.reflect.Method.invoke(Unknown Source)&#13;&#10;&#9;at org.junit.runners.model.FrameworkMethod$1.runReflectiveCall(FrameworkMethod.java:47)&#13;&#10;&#9;at org.junit.internal.runners.model.ReflectiveCallable.run(ReflectiveCallable.java:12)&#13;&#10;&#9;at org.junit.runners.model.FrameworkMethod.invokeExplosively(FrameworkMethod.java:44)&#13;&#10;&#9;at org.junit.internal.runners.statements.InvokeMethod.evaluate(InvokeMethod.java:17)&#13;&#10;&#9;at org.junit.runners.ParentRunner.runLeaf(ParentRunner.java:271)&#13;&#10;&#9;at org.junit.runners.BlockJUnit4ClassRunner.runChild(BlockJUnit4ClassRunner.java:70)&#13;&#10;&#9;at org.junit.runners.BlockJUnit4ClassRunner.runChild(BlockJUnit4ClassRunner.java:50)&#13;&#10;&#9;at org.junit.runners.ParentRunner$3.run(ParentRunner.java:238)&#13;&#10;&#9;at org.junit.runners.ParentRunner$1.schedule(ParentRunner.java:63)&#13;&#10;&#9;at org.junit.runners.ParentRunner.runChildren(ParentRunner.java:236)&#13;&#10;&#9;at org.junit.runners.ParentRunner.access$000(ParentRunner.java:53)&#13;&#10;&#9;at org.junit.runners.ParentRunner$2.evaluate(ParentRunner.java:229)&#13;&#10;&#9;at org.junit.runners.ParentRunner.run(ParentRunner.java:309)&#13;&#10;&#9;at org.eclipse.jdt.internal.junit4.runner.JUnit4TestReference.run(JUnit4TestReference.java:50)&#13;&#10;&#9;at org.eclipse.jdt.internal.junit.runner.TestExecution.run(TestExecution.java:38)&#13;&#10;&#9;at org.eclipse.jdt.internal.junit.runner.RemoteTestRunner.runTests(RemoteTestRunner.java:467)&#13;&#10;&#9;at org.eclipse.jdt.internal.junit.runner.RemoteTestRunner.runTests(RemoteTestRunner.java:683)&#13;&#10;&#9;at org.eclipse.jdt.internal.junit.runner.RemoteTestRunner.run(RemoteTestRunner.java:390)&#13;&#10;&#9;at org.codecover.juniteclipse.runner.EclipseTestRunner.main(EclipseTestRunner.java:40)" Date="1589513781026" Name="DrawTest:testSetPenColorColor">
<CovList/>
<AssgnmntList/>
<ObjMetaDataList/>
<MetaDataList/>
</TestCase>
<TestCase Comment="Failure&#10;java.lang.AssertionError: Not yet implemented&#13;&#10;&#9;at org.junit.Assert.fail(Assert.java:88)&#13;&#10;&#9;at DrawTest.testFilledSquare(DrawTest.java:266)&#13;&#10;&#9;at sun.reflect.NativeMethodAccessorImpl.invoke0(Native Method)&#13;&#10;&#9;at sun.reflect.NativeMethodAccessorImpl.invoke(Unknown Source)&#13;&#10;&#9;at sun.reflect.DelegatingMethodAccessorImpl.invoke(Unknown Source)&#13;&#10;&#9;at java.lang.reflect.Method.invoke(Unknown Source)&#13;&#10;&#9;at org.junit.runners.model.FrameworkMethod$1.runReflectiveCall(FrameworkMethod.java:47)&#13;&#10;&#9;at org.junit.internal.runners.model.ReflectiveCallable.run(ReflectiveCallable.java:12)&#13;&#10;&#9;at org.junit.runners.model.FrameworkMethod.invokeExplosively(FrameworkMethod.java:44)&#13;&#10;&#9;at org.junit.internal.runners.statements.InvokeMethod.evaluate(InvokeMethod.java:17)&#13;&#10;&#9;at org.junit.runners.ParentRunner.runLeaf(ParentRunner.java:271)&#13;&#10;&#9;at org.junit.runners.BlockJUnit4ClassRunner.runChild(BlockJUnit4ClassRunner.java:70)&#13;&#10;&#9;at org.junit.runners.BlockJUnit4ClassRunner.runChild(BlockJUnit4ClassRunner.java:50)&#13;&#10;&#9;at org.junit.runners.ParentRunner$3.run(ParentRunner.java:238)&#13;&#10;&#9;at org.junit.runners.ParentRunner$1.schedule(ParentRunner.java:63)&#13;&#10;&#9;at org.junit.runners.ParentRunner.runChildren(ParentRunner.java:236)&#13;&#10;&#9;at org.junit.runners.ParentRunner.access$000(ParentRunner.java:53)&#13;&#10;&#9;at org.junit.runners.ParentRunner$2.evaluate(ParentRunner.java:229)&#13;&#10;&#9;at org.junit.runners.ParentRunner.run(ParentRunner.java:309)&#13;&#10;&#9;at org.eclipse.jdt.internal.junit4.runner.JUnit4TestReference.run(JUnit4TestReference.java:50)&#13;&#10;&#9;at org.eclipse.jdt.internal.junit.runner.TestExecution.run(TestExecution.java:38)&#13;&#10;&#9;at org.eclipse.jdt.internal.junit.runner.RemoteTestRunner.runTests(RemoteTestRunner.java:467)&#13;&#10;&#9;at org.eclipse.jdt.internal.junit.runner.RemoteTestRunner.runTests(RemoteTestRunner.java:683)&#13;&#10;&#9;at org.eclipse.jdt.internal.junit.runner.RemoteTestRunner.run(RemoteTestRunner.java:390)&#13;&#10;&#9;at org.codecover.juniteclipse.runner.EclipseTestRunner.main(EclipseTestRunner.java:40)" Date="1589513781169" Name="DrawTest:testFilledSquare">
<CovList/>
<AssgnmntList/>
<ObjMetaDataList/>
<MetaDataList/>
</TestCase>
<TestCase Comment="Failure&#10;java.lang.AssertionError: Not yet implemented&#13;&#10;&#9;at org.junit.Assert.fail(Assert.java:88)&#13;&#10;&#9;at DrawTest.testSetPenColorIntIntInt(DrawTest.java:186)&#13;&#10;&#9;at sun.reflect.NativeMethodAccessorImpl.invoke0(Native Method)&#13;&#10;&#9;at sun.reflect.NativeMethodAccessorImpl.invoke(Unknown Source)&#13;&#10;&#9;at sun.reflect.DelegatingMethodAccessorImpl.invoke(Unknown Source)&#13;&#10;&#9;at java.lang.reflect.Method.invoke(Unknown Source)&#13;&#10;&#9;at org.junit.runners.model.FrameworkMethod$1.runReflectiveCall(FrameworkMethod.java:47)&#13;&#10;&#9;at org.junit.internal.runners.model.ReflectiveCallable.run(ReflectiveCallable.java:12)&#13;&#10;&#9;at org.junit.runners.model.FrameworkMethod.invokeExplosively(FrameworkMethod.java:44)&#13;&#10;&#9;at org.junit.internal.runners.statements.InvokeMethod.evaluate(InvokeMethod.java:17)&#13;&#10;&#9;at org.junit.runners.ParentRunner.runLeaf(ParentRunner.java:271)&#13;&#10;&#9;at org.junit.runners.BlockJUnit4ClassRunner.runChild(BlockJUnit4ClassRunner.java:70)&#13;&#10;&#9;at org.junit.runners.BlockJUnit4ClassRunner.runChild(BlockJUnit4ClassRunner.java:50)&#13;&#10;&#9;at org.junit.runners.ParentRunner$3.run(ParentRunner.java:238)&#13;&#10;&#9;at org.junit.runners.ParentRunner$1.schedule(ParentRunner.java:63)&#13;&#10;&#9;at org.junit.runners.ParentRunner.runChildren(ParentRunner.java:236)&#13;&#10;&#9;at org.junit.runners.ParentRunner.access$000(ParentRunner.java:53)&#13;&#10;&#9;at org.junit.runners.ParentRunner$2.evaluate(ParentRunner.java:229)&#13;&#10;&#9;at org.junit.runners.ParentRunner.run(ParentRunner.java:309)&#13;&#10;&#9;at org.eclipse.jdt.internal.junit4.runner.JUnit4TestReference.run(JUnit4TestReference.java:50)&#13;&#10;&#9;at org.eclipse.jdt.internal.junit.runner.TestExecution.run(TestExecution.java:38)&#13;&#10;&#9;at org.eclipse.jdt.internal.junit.runner.RemoteTestRunner.runTests(RemoteTestRunner.java:467)&#13;&#10;&#9;at org.eclipse.jdt.internal.junit.runner.RemoteTestRunner.runTests(RemoteTestRunner.java:683)&#13;&#10;&#9;at org.eclipse.jdt.internal.junit.runner.RemoteTestRunner.run(RemoteTestRunner.java:390)&#13;&#10;&#9;at org.codecover.juniteclipse.runner.EclipseTestRunner.main(EclipseTestRunner.java:40)" Date="1589513781289" Name="DrawTest:testSetPenColorIntIntInt">
<CovList/>
<AssgnmntList/>
<ObjMetaDataList/>
<MetaDataList/>
</TestCase>
<TestCase Comment="Failure&#10;java.lang.AssertionError: Not yet implemented&#13;&#10;&#9;at org.junit.Assert.fail(Assert.java:88)&#13;&#10;&#9;at DrawTest.testPictureDoubleDoubleStringDoubleDouble(DrawTest.java:306)&#13;&#10;&#9;at sun.reflect.NativeMethodAccessorImpl.invoke0(Native Method)&#13;&#10;&#9;at sun.reflect.NativeMethodAccessorImpl.invoke(Unknown Source)&#13;&#10;&#9;at sun.reflect.DelegatingMethodAccessorImpl.invoke(Unknown Source)&#13;&#10;&#9;at java.lang.reflect.Method.invoke(Unknown Source)&#13;&#10;&#9;at org.junit.runners.model.FrameworkMethod$1.runReflectiveCall(FrameworkMethod.java:47)&#13;&#10;&#9;at org.junit.internal.runners.model.ReflectiveCallable.run(ReflectiveCallable.java:12)&#13;&#10;&#9;at org.junit.runners.model.FrameworkMethod.invokeExplosively(FrameworkMethod.java:44)&#13;&#10;&#9;at org.junit.internal.runners.statements.InvokeMethod.evaluate(InvokeMethod.java:17)&#13;&#10;&#9;at org.junit.runners.ParentRunner.runLeaf(ParentRunner.java:271)&#13;&#10;&#9;at org.junit.runners.BlockJUnit4ClassRunner.runChild(BlockJUnit4ClassRunner.java:70)&#13;&#10;&#9;at org.junit.runners.BlockJUnit4ClassRunner.runChild(BlockJUnit4ClassRunner.java:50)&#13;&#10;&#9;at org.junit.runners.ParentRunner$3.run(ParentRunner.java:238)&#13;&#10;&#9;at org.junit.runners.ParentRunner$1.schedule(ParentRunner.java:63)&#13;&#10;&#9;at org.junit.runners.ParentRunner.runChildren(ParentRunner.java:236)&#13;&#10;&#9;at org.junit.runners.ParentRunner.access$000(ParentRunner.java:53)&#13;&#10;&#9;at org.junit.runners.ParentRunner$2.evaluate(ParentRunner.java:229)&#13;&#10;&#9;at org.junit.runners.ParentRunner.run(ParentRunner.java:309)&#13;&#10;&#9;at org.eclipse.jdt.internal.junit4.runner.JUnit4TestReference.run(JUnit4TestReference.java:50)&#13;&#10;&#9;at org.eclipse.jdt.internal.junit.runner.TestExecution.run(TestExecution.java:38)&#13;&#10;&#9;at org.eclipse.jdt.internal.junit.runner.RemoteTestRunner.runTests(RemoteTestRunner.java:467)&#13;&#10;&#9;at org.eclipse.jdt.internal.junit.runner.RemoteTestRunner.runTests(RemoteTestRunner.java:683)&#13;&#10;&#9;at org.eclipse.jdt.internal.junit.runner.RemoteTestRunner.run(RemoteTestRunner.java:390)&#13;&#10;&#9;at org.codecover.juniteclipse.runner.EclipseTestRunner.main(EclipseTestRunner.java:40)" Date="1589513781398" Name="DrawTest:testPictureDoubleDoubleStringDoubleDouble">
<CovList/>
<AssgnmntList/>
<ObjMetaDataList/>
<MetaDataList/>
</TestCase>
<TestCase Comment="Failure&#10;java.lang.AssertionError: Not yet implemented&#13;&#10;&#9;at org.junit.Assert.fail(Assert.java:88)&#13;&#10;&#9;at DrawTest.testGetJLabel(DrawTest.java:201)&#13;&#10;&#9;at sun.reflect.NativeMethodAccessorImpl.invoke0(Native Method)&#13;&#10;&#9;at sun.reflect.NativeMethodAccessorImpl.invoke(Unknown Source)&#13;&#10;&#9;at sun.reflect.DelegatingMethodAccessorImpl.invoke(Unknown Source)&#13;&#10;&#9;at java.lang.reflect.Method.invoke(Unknown Source)&#13;&#10;&#9;at org.junit.runners.model.FrameworkMethod$1.runReflectiveCall(FrameworkMethod.java:47)&#13;&#10;&#9;at org.junit.internal.runners.model.ReflectiveCallable.run(ReflectiveCallable.java:12)&#13;&#10;&#9;at org.junit.runners.model.FrameworkMethod.invokeExplosively(FrameworkMethod.java:44)&#13;&#10;&#9;at org.junit.internal.runners.statements.InvokeMethod.evaluate(InvokeMethod.java:17)&#13;&#10;&#9;at org.junit.runners.ParentRunner.runLeaf(ParentRunner.java:271)&#13;&#10;&#9;at org.junit.runners.BlockJUnit4ClassRunner.runChild(BlockJUnit4ClassRunner.java:70)&#13;&#10;&#9;at org.junit.runners.BlockJUnit4ClassRunner.runChild(BlockJUnit4ClassRunner.java:50)&#13;&#10;&#9;at org.junit.runners.ParentRunner$3.run(ParentRunner.java:238)&#13;&#10;&#9;at org.junit.runners.ParentRunner$1.schedule(ParentRunner.java:63)&#13;&#10;&#9;at org.junit.runners.ParentRunner.runChildren(ParentRunner.java:236)&#13;&#10;&#9;at org.junit.runners.ParentRunner.access$000(ParentRunner.java:53)&#13;&#10;&#9;at org.junit.runners.ParentRunner$2.evaluate(ParentRunner.java:229)&#13;&#10;&#9;at org.junit.runners.ParentRunner.run(ParentRunner.java:309)&#13;&#10;&#9;at org.eclipse.jdt.internal.junit4.runner.JUnit4TestReference.run(JUnit4TestReference.java:50)&#13;&#10;&#9;at org.eclipse.jdt.internal.junit.runner.TestExecution.run(TestExecution.java:38)&#13;&#10;&#9;at org.eclipse.jdt.internal.junit.runner.RemoteTestRunner.runTests(RemoteTestRunner.java:467)&#13;&#10;&#9;at org.eclipse.jdt.internal.junit.runner.RemoteTestRunner.runTests(RemoteTestRunner.java:683)&#13;&#10;&#9;at org.eclipse.jdt.internal.junit.runner.RemoteTestRunner.run(RemoteTestRunner.java:390)&#13;&#10;&#9;at org.codecover.juniteclipse.runner.EclipseTestRunner.main(EclipseTestRunner.java:40)" Date="1589513781513" Name="DrawTest:testGetJLabel">
<CovList/>
<AssgnmntList/>
<ObjMetaDataList/>
<MetaDataList/>
</TestCase>
<TestCase Comment="Failure&#10;java.lang.AssertionError: Not yet implemented&#13;&#10;&#9;at org.junit.Assert.fail(Assert.java:88)&#13;&#10;&#9;at DrawTest.testKeyTyped(DrawTest.java:451)&#13;&#10;&#9;at sun.reflect.NativeMethodAccessorImpl.invoke0(Native Method)&#13;&#10;&#9;at sun.reflect.NativeMethodAccessorImpl.invoke(Unknown Source)&#13;&#10;&#9;at sun.reflect.DelegatingMethodAccessorImpl.invoke(Unknown Source)&#13;&#10;&#9;at java.lang.reflect.Method.invoke(Unknown Source)&#13;&#10;&#9;at org.junit.runners.model.FrameworkMethod$1.runReflectiveCall(FrameworkMethod.java:47)&#13;&#10;&#9;at org.junit.internal.runners.model.ReflectiveCallable.run(ReflectiveCallable.java:12)&#13;&#10;&#9;at org.junit.runners.model.FrameworkMethod.invokeExplosively(FrameworkMethod.java:44)&#13;&#10;&#9;at org.junit.internal.runners.statements.InvokeMethod.evaluate(InvokeMethod.java:17)&#13;&#10;&#9;at org.junit.runners.ParentRunner.runLeaf(ParentRunner.java:271)&#13;&#10;&#9;at org.junit.runners.BlockJUnit4ClassRunner.runChild(BlockJUnit4ClassRunner.java:70)&#13;&#10;&#9;at org.junit.runners.BlockJUnit4ClassRunner.runChild(BlockJUnit4ClassRunner.java:50)&#13;&#10;&#9;at org.junit.runners.ParentRunner$3.run(ParentRunner.java:238)&#13;&#10;&#9;at org.junit.runners.ParentRunner$1.schedule(ParentRunner.java:63)&#13;&#10;&#9;at org.junit.runners.ParentRunner.runChildren(ParentRunner.java:236)&#13;&#10;&#9;at org.junit.runners.ParentRunner.access$000(ParentRunner.java:53)&#13;&#10;&#9;at org.junit.runners.ParentRunner$2.evaluate(ParentRunner.java:229)&#13;&#10;&#9;at org.junit.runners.ParentRunner.run(ParentRunner.java:309)&#13;&#10;&#9;at org.eclipse.jdt.internal.junit4.runner.JUnit4TestReference.run(JUnit4TestReference.java:50)&#13;&#10;&#9;at org.eclipse.jdt.internal.junit.runner.TestExecution.run(TestExecution.java:38)&#13;&#10;&#9;at org.eclipse.jdt.internal.junit.runner.RemoteTestRunner.runTests(RemoteTestRunner.java:467)&#13;&#10;&#9;at org.eclipse.jdt.internal.junit.runner.RemoteTestRunner.runTests(RemoteTestRunner.java:683)&#13;&#10;&#9;at org.eclipse.jdt.internal.junit.runner.RemoteTestRunner.run(RemoteTestRunner.java:390)&#13;&#10;&#9;at org.codecover.juniteclipse.runner.EclipseTestRunner.main(EclipseTestRunner.java:40)" Date="1589513781610" Name="DrawTest:testKeyTyped">
<CovList/>
<AssgnmntList/>
<ObjMetaDataList/>
<MetaDataList/>
</TestCase>
<TestCase Comment="" Date="1589513781721" Name="DrawTest:testSetLocationOnScreen">
<CovList>
<CovPrefix CovItemPrefix="Draw.java">
<Cov CovItemId="B3" Value="1"/>
<Cov CovItemId="S77" Value="1"/>
<Cov CovItemId="S78" Value="1"/>
</CovPrefix>
</CovList>
<AssgnmntList>
<AssgnmntPrefix RootTermCovItemPrefix="Draw.java">
<AssgnmntListEntry Length="2" RootTermCovItemId="C2">
<MapEntry BoolAssgnmnt="12" Value="1"/>
</AssgnmntListEntry>
</AssgnmntPrefix>
</AssgnmntList>
<ObjMetaDataList/>
<MetaDataList/>
</TestCase>
<TestCase Comment="Failure&#10;java.lang.AssertionError: Not yet implemented&#13;&#10;&#9;at org.junit.Assert.fail(Assert.java:88)&#13;&#10;&#9;at DrawTest.testCircle(DrawTest.java:236)&#13;&#10;&#9;at sun.reflect.NativeMethodAccessorImpl.invoke0(Native Method)&#13;&#10;&#9;at sun.reflect.NativeMethodAccessorImpl.invoke(Unknown Source)&#13;&#10;&#9;at sun.reflect.DelegatingMethodAccessorImpl.invoke(Unknown Source)&#13;&#10;&#9;at java.lang.reflect.Method.invoke(Unknown Source)&#13;&#10;&#9;at org.junit.runners.model.FrameworkMethod$1.runReflectiveCall(FrameworkMethod.java:47)&#13;&#10;&#9;at org.junit.internal.runners.model.ReflectiveCallable.run(ReflectiveCallable.java:12)&#13;&#10;&#9;at org.junit.runners.model.FrameworkMethod.invokeExplosively(FrameworkMethod.java:44)&#13;&#10;&#9;at org.junit.internal.runners.statements.InvokeMethod.evaluate(InvokeMethod.java:17)&#13;&#10;&#9;at org.junit.runners.ParentRunner.runLeaf(ParentRunner.java:271)&#13;&#10;&#9;at org.junit.runners.BlockJUnit4ClassRunner.runChild(BlockJUnit4ClassRunner.java:70)&#13;&#10;&#9;at org.junit.runners.BlockJUnit4ClassRunner.runChild(BlockJUnit4ClassRunner.java:50)&#13;&#10;&#9;at org.junit.runners.ParentRunner$3.run(ParentRunner.java:238)&#13;&#10;&#9;at org.junit.runners.ParentRunner$1.schedule(ParentRunner.java:63)&#13;&#10;&#9;at org.junit.runners.ParentRunner.runChildren(ParentRunner.java:236)&#13;&#10;&#9;at org.junit.runners.ParentRunner.access$000(ParentRunner.java:53)&#13;&#10;&#9;at org.junit.runners.ParentRunner$2.evaluate(ParentRunner.java:229)&#13;&#10;&#9;at org.junit.runners.ParentRunner.run(ParentRunner.java:309)&#13;&#10;&#9;at org.eclipse.jdt.internal.junit4.runner.JUnit4TestReference.run(JUnit4TestReference.java:50)&#13;&#10;&#9;at org.eclipse.jdt.internal.junit.runner.TestExecution.run(TestExecution.java:38)&#13;&#10;&#9;at org.eclipse.jdt.internal.junit.runner.RemoteTestRunner.runTests(RemoteTestRunner.java:467)&#13;&#10;&#9;at org.eclipse.jdt.internal.junit.runner.RemoteTestRunner.runTests(RemoteTestRunner.java:683)&#13;&#10;&#9;at org.eclipse.jdt.internal.junit.runner.RemoteTestRunner.run(RemoteTestRunner.java:390)&#13;&#10;&#9;at org.codecover.juniteclipse.runner.EclipseTestRunner.main(EclipseTestRunner.java:40)" Date="1589513781809" Name="DrawTest:testCircle">
<CovList/>
<AssgnmntList/>
<ObjMetaDataList/>
<MetaDataList/>
</TestCase>
<TestCase Comment="Failure&#10;java.lang.AssertionError: Not yet implemented&#13;&#10;&#9;at org.junit.Assert.fail(Assert.java:88)&#13;&#10;&#9;at DrawTest.testSetXscale(DrawTest.java:82)&#13;&#10;&#9;at sun.reflect.NativeMethodAccessorImpl.invoke0(Native Method)&#13;&#10;&#9;at sun.reflect.NativeMethodAccessorImpl.invoke(Unknown Source)&#13;&#10;&#9;at sun.reflect.DelegatingMethodAccessorImpl.invoke(Unknown Source)&#13;&#10;&#9;at java.lang.reflect.Method.invoke(Unknown Source)&#13;&#10;&#9;at org.junit.runners.model.FrameworkMethod$1.runReflectiveCall(FrameworkMethod.java:47)&#13;&#10;&#9;at org.junit.internal.runners.model.ReflectiveCallable.run(ReflectiveCallable.java:12)&#13;&#10;&#9;at org.junit.runners.model.FrameworkMethod.invokeExplosively(FrameworkMethod.java:44)&#13;&#10;&#9;at org.junit.internal.runners.statements.InvokeMethod.evaluate(InvokeMethod.java:17)&#13;&#10;&#9;at org.junit.runners.ParentRunner.runLeaf(ParentRunner.java:271)&#13;&#10;&#9;at org.junit.runners.BlockJUnit4ClassRunner.runChild(BlockJUnit4ClassRunner.java:70)&#13;&#10;&#9;at org.junit.runners.BlockJUnit4ClassRunner.runChild(BlockJUnit4ClassRunner.java:50)&#13;&#10;&#9;at org.junit.runners.ParentRunner$3.run(ParentRunner.java:238)&#13;&#10;&#9;at org.junit.runners.ParentRunner$1.schedule(ParentRunner.java:63)&#13;&#10;&#9;at org.junit.runners.ParentRunner.runChildren(ParentRunner.java:236)&#13;&#10;&#9;at org.junit.runners.ParentRunner.access$000(ParentRunner.java:53)&#13;&#10;&#9;at org.junit.runners.ParentRunner$2.evaluate(ParentRunner.java:229)&#13;&#10;&#9;at org.junit.runners.ParentRunner.run(ParentRunner.java:309)&#13;&#10;&#9;at org.eclipse.jdt.internal.junit4.runner.JUnit4TestReference.run(JUnit4TestReference.java:50)&#13;&#10;&#9;at org.eclipse.jdt.internal.junit.runner.TestExecution.run(TestExecution.java:38)&#13;&#10;&#9;at org.eclipse.jdt.internal.junit.runner.RemoteTestRunner.runTests(RemoteTestRunner.java:467)&#13;&#10;&#9;at org.eclipse.jdt.internal.junit.runner.RemoteTestRunner.runTests(RemoteTestRunner.java:683)&#13;&#10;&#9;at org.eclipse.jdt.internal.junit.runner.RemoteTestRunner.run(RemoteTestRunner.java:390)&#13;&#10;&#9;at org.codecover.juniteclipse.runner.EclipseTestRunner.main(EclipseTestRunner.java:40)" Date="1589513781905" Name="DrawTest:testSetXscale">
<CovList/>
<AssgnmntList/>
<ObjMetaDataList/>
<MetaDataList/>
</TestCase>
<TestCase Comment="Failure&#10;java.lang.AssertionError: Not yet implemented&#13;&#10;&#9;at org.junit.Assert.fail(Assert.java:88)&#13;&#10;&#9;at DrawTest.testMouseEntered(DrawTest.java:401)&#13;&#10;&#9;at sun.reflect.NativeMethodAccessorImpl.invoke0(Native Method)&#13;&#10;&#9;at sun.reflect.NativeMethodAccessorImpl.invoke(Unknown Source)&#13;&#10;&#9;at sun.reflect.DelegatingMethodAccessorImpl.invoke(Unknown Source)&#13;&#10;&#9;at java.lang.reflect.Method.invoke(Unknown Source)&#13;&#10;&#9;at org.junit.runners.model.FrameworkMethod$1.runReflectiveCall(FrameworkMethod.java:47)&#13;&#10;&#9;at org.junit.internal.runners.model.ReflectiveCallable.run(ReflectiveCallable.java:12)&#13;&#10;&#9;at org.junit.runners.model.FrameworkMethod.invokeExplosively(FrameworkMethod.java:44)&#13;&#10;&#9;at org.junit.internal.runners.statements.InvokeMethod.evaluate(InvokeMethod.java:17)&#13;&#10;&#9;at org.junit.runners.ParentRunner.runLeaf(ParentRunner.java:271)&#13;&#10;&#9;at org.junit.runners.BlockJUnit4ClassRunner.runChild(BlockJUnit4ClassRunner.java:70)&#13;&#10;&#9;at org.junit.runners.BlockJUnit4ClassRunner.runChild(BlockJUnit4ClassRunner.java:50)&#13;&#10;&#9;at org.junit.runners.ParentRunner$3.run(ParentRunner.java:238)&#13;&#10;&#9;at org.junit.runners.ParentRunner$1.schedule(ParentRunner.java:63)&#13;&#10;&#9;at org.junit.runners.ParentRunner.runChildren(ParentRunner.java:236)&#13;&#10;&#9;at org.junit.runners.ParentRunner.access$000(ParentRunner.java:53)&#13;&#10;&#9;at org.junit.runners.ParentRunner$2.evaluate(ParentRunner.java:229)&#13;&#10;&#9;at org.junit.runners.ParentRunner.run(ParentRunner.java:309)&#13;&#10;&#9;at org.eclipse.jdt.internal.junit4.runner.JUnit4TestReference.run(JUnit4TestReference.java:50)&#13;&#10;&#9;at org.eclipse.jdt.internal.junit.runner.TestExecution.run(TestExecution.java:38)&#13;&#10;&#9;at org.eclipse.jdt.internal.junit.runner.RemoteTestRunner.runTests(RemoteTestRunner.java:467)&#13;&#10;&#9;at org.eclipse.jdt.internal.junit.runner.RemoteTestRunner.runTests(RemoteTestRunner.java:683)&#13;&#10;&#9;at org.eclipse.jdt.internal.junit.runner.RemoteTestRunner.run(RemoteTestRunner.java:390)&#13;&#10;&#9;at org.codecover.juniteclipse.runner.EclipseTestRunner.main(EclipseTestRunner.java:40)" Date="1589513781989" Name="DrawTest:testMouseEntered">
<CovList/>
<AssgnmntList/>
<ObjMetaDataList/>
<MetaDataList/>
</TestCase>
<TestCase Comment="Failure&#10;java.lang.AssertionError: Not yet implemented&#13;&#10;&#9;at org.junit.Assert.fail(Assert.java:88)&#13;&#10;&#9;at DrawTest.testSetYscale(DrawTest.java:87)&#13;&#10;&#9;at sun.reflect.NativeMethodAccessorImpl.invoke0(Native Method)&#13;&#10;&#9;at sun.reflect.NativeMethodAccessorImpl.invoke(Unknown Source)&#13;&#10;&#9;at sun.reflect.DelegatingMethodAccessorImpl.invoke(Unknown Source)&#13;&#10;&#9;at java.lang.reflect.Method.invoke(Unknown Source)&#13;&#10;&#9;at org.junit.runners.model.FrameworkMethod$1.runReflectiveCall(FrameworkMethod.java:47)&#13;&#10;&#9;at org.junit.internal.runners.model.ReflectiveCallable.run(ReflectiveCallable.java:12)&#13;&#10;&#9;at org.junit.runners.model.FrameworkMethod.invokeExplosively(FrameworkMethod.java:44)&#13;&#10;&#9;at org.junit.internal.runners.statements.InvokeMethod.evaluate(InvokeMethod.java:17)&#13;&#10;&#9;at org.junit.runners.ParentRunner.runLeaf(ParentRunner.java:271)&#13;&#10;&#9;at org.junit.runners.BlockJUnit4ClassRunner.runChild(BlockJUnit4ClassRunner.java:70)&#13;&#10;&#9;at org.junit.runners.BlockJUnit4ClassRunner.runChild(BlockJUnit4ClassRunner.java:50)&#13;&#10;&#9;at org.junit.runners.ParentRunner$3.run(ParentRunner.java:238)&#13;&#10;&#9;at org.junit.runners.ParentRunner$1.schedule(ParentRunner.java:63)&#13;&#10;&#9;at org.junit.runners.ParentRunner.runChildren(ParentRunner.java:236)&#13;&#10;&#9;at org.junit.runners.ParentRunner.access$000(ParentRunner.java:53)&#13;&#10;&#9;at org.junit.runners.ParentRunner$2.evaluate(ParentRunner.java:229)&#13;&#10;&#9;at org.junit.runners.ParentRunner.run(ParentRunner.java:309)&#13;&#10;&#9;at org.eclipse.jdt.internal.junit4.runner.JUnit4TestReference.run(JUnit4TestReference.java:50)&#13;&#10;&#9;at org.eclipse.jdt.internal.junit.runner.TestExecution.run(TestExecution.java:38)&#13;&#10;&#9;at org.eclipse.jdt.internal.junit.runner.RemoteTestRunner.runTests(RemoteTestRunner.java:467)&#13;&#10;&#9;at org.eclipse.jdt.internal.junit.runner.RemoteTestRunner.runTests(RemoteTestRunner.java:683)&#13;&#10;&#9;at org.eclipse.jdt.internal.junit.runner.RemoteTestRunner.run(RemoteTestRunner.java:390)&#13;&#10;&#9;at org.codecover.juniteclipse.runner.EclipseTestRunner.main(EclipseTestRunner.java:40)" Date="1589513782132" Name="DrawTest:testSetYscale">
<CovList/>
<AssgnmntList/>
<ObjMetaDataList/>
<MetaDataList/>
</TestCase>
<TestCase Comment="Failure&#10;java.lang.AssertionError: Not yet implemented&#13;&#10;&#9;at org.junit.Assert.fail(Assert.java:88)&#13;&#10;&#9;at DrawTest.testPictureDoubleDoubleStringDouble(DrawTest.java:301)&#13;&#10;&#9;at sun.reflect.NativeMethodAccessorImpl.invoke0(Native Method)&#13;&#10;&#9;at sun.reflect.NativeMethodAccessorImpl.invoke(Unknown Source)&#13;&#10;&#9;at sun.reflect.DelegatingMethodAccessorImpl.invoke(Unknown Source)&#13;&#10;&#9;at java.lang.reflect.Method.invoke(Unknown Source)&#13;&#10;&#9;at org.junit.runners.model.FrameworkMethod$1.runReflectiveCall(FrameworkMethod.java:47)&#13;&#10;&#9;at org.junit.internal.runners.model.ReflectiveCallable.run(ReflectiveCallable.java:12)&#13;&#10;&#9;at org.junit.runners.model.FrameworkMethod.invokeExplosively(FrameworkMethod.java:44)&#13;&#10;&#9;at org.junit.internal.runners.statements.InvokeMethod.evaluate(InvokeMethod.java:17)&#13;&#10;&#9;at org.junit.runners.ParentRunner.runLeaf(ParentRunner.java:271)&#13;&#10;&#9;at org.junit.runners.BlockJUnit4ClassRunner.runChild(BlockJUnit4ClassRunner.java:70)&#13;&#10;&#9;at org.junit.runners.BlockJUnit4ClassRunner.runChild(BlockJUnit4ClassRunner.java:50)&#13;&#10;&#9;at org.junit.runners.ParentRunner$3.run(ParentRunner.java:238)&#13;&#10;&#9;at org.junit.runners.ParentRunner$1.schedule(ParentRunner.java:63)&#13;&#10;&#9;at org.junit.runners.ParentRunner.runChildren(ParentRunner.java:236)&#13;&#10;&#9;at org.junit.runners.ParentRunner.access$000(ParentRunner.java:53)&#13;&#10;&#9;at org.junit.runners.ParentRunner$2.evaluate(ParentRunner.java:229)&#13;&#10;&#9;at org.junit.runners.ParentRunner.run(ParentRunner.java:309)&#13;&#10;&#9;at org.eclipse.jdt.internal.junit4.runner.JUnit4TestReference.run(JUnit4TestReference.java:50)&#13;&#10;&#9;at org.eclipse.jdt.internal.junit.runner.TestExecution.run(TestExecution.java:38)&#13;&#10;&#9;at org.eclipse.jdt.internal.junit.runner.RemoteTestRunner.runTests(RemoteTestRunner.java:467)&#13;&#10;&#9;at org.eclipse.jdt.internal.junit.runner.RemoteTestRunner.runTests(RemoteTestRunner.java:683)&#13;&#10;&#9;at org.eclipse.jdt.internal.junit.runner.RemoteTestRunner.run(RemoteTestRunner.java:390)&#13;&#10;&#9;at org.codecover.juniteclipse.runner.EclipseTestRunner.main(EclipseTestRunner.java:40)" Date="1589513782216" Name="DrawTest:testPictureDoubleDoubleStringDouble">
<CovList/>
<AssgnmntList/>
<ObjMetaDataList/>
<MetaDataList/>
</TestCase>
<TestCase Comment="Failure&#10;java.lang.AssertionError: Not yet implemented&#13;&#10;&#9;at org.junit.Assert.fail(Assert.java:88)&#13;&#10;&#9;at DrawTest.testMouseX(DrawTest.java:391)&#13;&#10;&#9;at sun.reflect.NativeMethodAccessorImpl.invoke0(Native Method)&#13;&#10;&#9;at sun.reflect.NativeMethodAccessorImpl.invoke(Unknown Source)&#13;&#10;&#9;at sun.reflect.DelegatingMethodAccessorImpl.invoke(Unknown Source)&#13;&#10;&#9;at java.lang.reflect.Method.invoke(Unknown Source)&#13;&#10;&#9;at org.junit.runners.model.FrameworkMethod$1.runReflectiveCall(FrameworkMethod.java:47)&#13;&#10;&#9;at org.junit.internal.runners.model.ReflectiveCallable.run(ReflectiveCallable.java:12)&#13;&#10;&#9;at org.junit.runners.model.FrameworkMethod.invokeExplosively(FrameworkMethod.java:44)&#13;&#10;&#9;at org.junit.internal.runners.statements.InvokeMethod.evaluate(InvokeMethod.java:17)&#13;&#10;&#9;at org.junit.runners.ParentRunner.runLeaf(ParentRunner.java:271)&#13;&#10;&#9;at org.junit.runners.BlockJUnit4ClassRunner.runChild(BlockJUnit4ClassRunner.java:70)&#13;&#10;&#9;at org.junit.runners.BlockJUnit4ClassRunner.runChild(BlockJUnit4ClassRunner.java:50)&#13;&#10;&#9;at org.junit.runners.ParentRunner$3.run(ParentRunner.java:238)&#13;&#10;&#9;at org.junit.runners.ParentRunner$1.schedule(ParentRunner.java:63)&#13;&#10;&#9;at org.junit.runners.ParentRunner.runChildren(ParentRunner.java:236)&#13;&#10;&#9;at org.junit.runners.ParentRunner.access$000(ParentRunner.java:53)&#13;&#10;&#9;at org.junit.runners.ParentRunner$2.evaluate(ParentRunner.java:229)&#13;&#10;&#9;at org.junit.runners.ParentRunner.run(ParentRunner.java:309)&#13;&#10;&#9;at org.eclipse.jdt.internal.junit4.runner.JUnit4TestReference.run(JUnit4TestReference.java:50)&#13;&#10;&#9;at org.eclipse.jdt.internal.junit.runner.TestExecution.run(TestExecution.java:38)&#13;&#10;&#9;at org.eclipse.jdt.internal.junit.runner.RemoteTestRunner.runTests(RemoteTestRunner.java:467)&#13;&#10;&#9;at org.eclipse.jdt.internal.junit.runner.RemoteTestRunner.runTests(RemoteTestRunner.java:683)&#13;&#10;&#9;at org.eclipse.jdt.internal.junit.runner.RemoteTestRunner.run(RemoteTestRunner.java:390)&#13;&#10;&#9;at org.codecover.juniteclipse.runner.EclipseTestRunner.main(EclipseTestRunner.java:40)" Date="1589513782471" Name="DrawTest:testMouseX">
<CovList/>
<AssgnmntList/>
<ObjMetaDataList/>
<MetaDataList/>
</TestCase>
<TestCase Comment="Failure&#10;java.lang.AssertionError: Not yet implemented&#13;&#10;&#9;at org.junit.Assert.fail(Assert.java:88)&#13;&#10;&#9;at DrawTest.testMouseY(DrawTest.java:396)&#13;&#10;&#9;at sun.reflect.NativeMethodAccessorImpl.invoke0(Native Method)&#13;&#10;&#9;at sun.reflect.NativeMethodAccessorImpl.invoke(Unknown Source)&#13;&#10;&#9;at sun.reflect.DelegatingMethodAccessorImpl.invoke(Unknown Source)&#13;&#10;&#9;at java.lang.reflect.Method.invoke(Unknown Source)&#13;&#10;&#9;at org.junit.runners.model.FrameworkMethod$1.runReflectiveCall(FrameworkMethod.java:47)&#13;&#10;&#9;at org.junit.internal.runners.model.ReflectiveCallable.run(ReflectiveCallable.java:12)&#13;&#10;&#9;at org.junit.runners.model.FrameworkMethod.invokeExplosively(FrameworkMethod.java:44)&#13;&#10;&#9;at org.junit.internal.runners.statements.InvokeMethod.evaluate(InvokeMethod.java:17)&#13;&#10;&#9;at org.junit.runners.ParentRunner.runLeaf(ParentRunner.java:271)&#13;&#10;&#9;at org.junit.runners.BlockJUnit4ClassRunner.runChild(BlockJUnit4ClassRunner.java:70)&#13;&#10;&#9;at org.junit.runners.BlockJUnit4ClassRunner.runChild(BlockJUnit4ClassRunner.java:50)&#13;&#10;&#9;at org.junit.runners.ParentRunner$3.run(ParentRunner.java:238)&#13;&#10;&#9;at org.junit.runners.ParentRunner$1.schedule(ParentRunner.java:63)&#13;&#10;&#9;at org.junit.runners.ParentRunner.runChildren(ParentRunner.java:236)&#13;&#10;&#9;at org.junit.runners.ParentRunner.access$000(ParentRunner.java:53)&#13;&#10;&#9;at org.junit.runners.ParentRunner$2.evaluate(ParentRunner.java:229)&#13;&#10;&#9;at org.junit.runners.ParentRunner.run(ParentRunner.java:309)&#13;&#10;&#9;at org.eclipse.jdt.internal.junit4.runner.JUnit4TestReference.run(JUnit4TestReference.java:50)&#13;&#10;&#9;at org.eclipse.jdt.internal.junit.runner.TestExecution.run(TestExecution.java:38)&#13;&#10;&#9;at org.eclipse.jdt.internal.junit.runner.RemoteTestRunner.runTests(RemoteTestRunner.java:467)&#13;&#10;&#9;at org.eclipse.jdt.internal.junit.runner.RemoteTestRunner.runTests(RemoteTestRunner.java:683)&#13;&#10;&#9;at org.eclipse.jdt.internal.junit.runner.RemoteTestRunner.run(RemoteTestRunner.java:390)&#13;&#10;&#9;at org.codecover.juniteclipse.runner.EclipseTestRunner.main(EclipseTestRunner.java:40)" Date="1589513782558" Name="DrawTest:testMouseY">
<CovList/>
<AssgnmntList/>
<ObjMetaDataList/>
<MetaDataList/>
</TestCase>
<TestCase Comment="Failure&#10;java.lang.AssertionError: Not yet implemented&#13;&#10;&#9;at org.junit.Assert.fail(Assert.java:88)&#13;&#10;&#9;at DrawTest.testSetFont(DrawTest.java:211)&#13;&#10;&#9;at sun.reflect.NativeMethodAccessorImpl.invoke0(Native Method)&#13;&#10;&#9;at sun.reflect.NativeMethodAccessorImpl.invoke(Unknown Source)&#13;&#10;&#9;at sun.reflect.DelegatingMethodAccessorImpl.invoke(Unknown Source)&#13;&#10;&#9;at java.lang.reflect.Method.invoke(Unknown Source)&#13;&#10;&#9;at org.junit.runners.model.FrameworkMethod$1.runReflectiveCall(FrameworkMethod.java:47)&#13;&#10;&#9;at org.junit.internal.runners.model.ReflectiveCallable.run(ReflectiveCallable.java:12)&#13;&#10;&#9;at org.junit.runners.model.FrameworkMethod.invokeExplosively(FrameworkMethod.java:44)&#13;&#10;&#9;at org.junit.internal.runners.statements.InvokeMethod.evaluate(InvokeMethod.java:17)&#13;&#10;&#9;at org.junit.runners.ParentRunner.runLeaf(ParentRunner.java:271)&#13;&#10;&#9;at org.junit.runners.BlockJUnit4ClassRunner.runChild(BlockJUnit4ClassRunner.java:70)&#13;&#10;&#9;at org.junit.runners.BlockJUnit4ClassRunner.runChild(BlockJUnit4ClassRunner.java:50)&#13;&#10;&#9;at org.junit.runners.ParentRunner$3.run(ParentRunner.java:238)&#13;&#10;&#9;at org.junit.runners.ParentRunner$1.schedule(ParentRunner.java:63)&#13;&#10;&#9;at org.junit.runners.ParentRunner.runChildren(ParentRunner.java:236)&#13;&#10;&#9;at org.junit.runners.ParentRunner.access$000(ParentRunner.java:53)&#13;&#10;&#9;at org.junit.runners.ParentRunner$2.evaluate(ParentRunner.java:229)&#13;&#10;&#9;at org.junit.runners.ParentRunner.run(ParentRunner.java:309)&#13;&#10;&#9;at org.eclipse.jdt.internal.junit4.runner.JUnit4TestReference.run(JUnit4TestReference.java:50)&#13;&#10;&#9;at org.eclipse.jdt.internal.junit.runner.TestExecution.run(TestExecution.java:38)&#13;&#10;&#9;at org.eclipse.jdt.internal.junit.runner.RemoteTestRunner.runTests(RemoteTestRunner.java:467)&#13;&#10;&#9;at org.eclipse.jdt.internal.junit.runner.RemoteTestRunner.runTests(RemoteTestRunner.java:683)&#13;&#10;&#9;at org.eclipse.jdt.internal.junit.runner.RemoteTestRunner.run(RemoteTestRunner.java:390)&#13;&#10;&#9;at org.codecover.juniteclipse.runner.EclipseTestRunner.main(EclipseTestRunner.java:40)" Date="1589513782661" Name="DrawTest:testSetFont">
<CovList/>
<AssgnmntList/>
<ObjMetaDataList/>
<MetaDataList/>
</TestCase>
<TestCase Comment="" Date="1589513782728" Name="DrawTest:testSetPenColor">
<CovList>
<CovPrefix CovItemPrefix="Draw.java">
<Cov CovItemId="B19" Value="1"/>
<Cov CovItemId="S142" Value="1"/>
<Cov CovItemId="S143" Value="1"/>
</CovPrefix>
</CovList>
<AssgnmntList>
<AssgnmntPrefix RootTermCovItemPrefix="Draw.java">
<AssgnmntListEntry Length="2" RootTermCovItemId="C10">
<MapEntry BoolAssgnmnt="01" Value="1"/>
</AssgnmntListEntry>
</AssgnmntPrefix>
</AssgnmntList>
<ObjMetaDataList/>
<MetaDataList/>
</TestCase>
<TestCase Comment="Failure&#10;java.lang.AssertionError: Not yet implemented&#13;&#10;&#9;at org.junit.Assert.fail(Assert.java:88)&#13;&#10;&#9;at DrawTest.testGetPenRadius(DrawTest.java:156)&#13;&#10;&#9;at sun.reflect.NativeMethodAccessorImpl.invoke0(Native Method)&#13;&#10;&#9;at sun.reflect.NativeMethodAccessorImpl.invoke(Unknown Source)&#13;&#10;&#9;at sun.reflect.DelegatingMethodAccessorImpl.invoke(Unknown Source)&#13;&#10;&#9;at java.lang.reflect.Method.invoke(Unknown Source)&#13;&#10;&#9;at org.junit.runners.model.FrameworkMethod$1.runReflectiveCall(FrameworkMethod.java:47)&#13;&#10;&#9;at org.junit.internal.runners.model.ReflectiveCallable.run(ReflectiveCallable.java:12)&#13;&#10;&#9;at org.junit.runners.model.FrameworkMethod.invokeExplosively(FrameworkMethod.java:44)&#13;&#10;&#9;at org.junit.internal.runners.statements.InvokeMethod.evaluate(InvokeMethod.java:17)&#13;&#10;&#9;at org.junit.runners.ParentRunner.runLeaf(ParentRunner.java:271)&#13;&#10;&#9;at org.junit.runners.BlockJUnit4ClassRunner.runChild(BlockJUnit4ClassRunner.java:70)&#13;&#10;&#9;at org.junit.runners.BlockJUnit4ClassRunner.runChild(BlockJUnit4ClassRunner.java:50)&#13;&#10;&#9;at org.junit.runners.ParentRunner$3.run(ParentRunner.java:238)&#13;&#10;&#9;at org.junit.runners.ParentRunner$1.schedule(ParentRunner.java:63)&#13;&#10;&#9;at org.junit.runners.ParentRunner.runChildren(ParentRunner.java:236)&#13;&#10;&#9;at org.junit.runners.ParentRunner.access$000(ParentRunner.java:53)&#13;&#10;&#9;at org.junit.runners.ParentRunner$2.evaluate(ParentRunner.java:229)&#13;&#10;&#9;at org.junit.runners.ParentRunner.run(ParentRunner.java:309)&#13;&#10;&#9;at org.eclipse.jdt.internal.junit4.runner.JUnit4TestReference.run(JUnit4TestReference.java:50)&#13;&#10;&#9;at org.eclipse.jdt.internal.junit.runner.TestExecution.run(TestExecution.java:38)&#13;&#10;&#9;at org.eclipse.jdt.internal.junit.runner.RemoteTestRunner.runTests(RemoteTestRunner.java:467)&#13;&#10;&#9;at org.eclipse.jdt.internal.junit.runner.RemoteTestRunner.runTests(RemoteTestRunner.java:683)&#13;&#10;&#9;at org.eclipse.jdt.internal.junit.runner.RemoteTestRunner.run(RemoteTestRunner.java:390)&#13;&#10;&#9;at org.codecover.juniteclipse.runner.EclipseTestRunner.main(EclipseTestRunner.java:40)" Date="1589513782843" Name="DrawTest:testGetPenRadius">
<CovList/>
<AssgnmntList/>
<ObjMetaDataList/>
<MetaDataList/>
</TestCase>
<TestCase Comment="Failure&#10;java.lang.AssertionError: Not yet implemented&#13;&#10;&#9;at org.junit.Assert.fail(Assert.java:88)&#13;&#10;&#9;at DrawTest.testShowInt(DrawTest.java:336)&#13;&#10;&#9;at sun.reflect.NativeMethodAccessorImpl.invoke0(Native Method)&#13;&#10;&#9;at sun.reflect.NativeMethodAccessorImpl.invoke(Unknown Source)&#13;&#10;&#9;at sun.reflect.DelegatingMethodAccessorImpl.invoke(Unknown Source)&#13;&#10;&#9;at java.lang.reflect.Method.invoke(Unknown Source)&#13;&#10;&#9;at org.junit.runners.model.FrameworkMethod$1.runReflectiveCall(FrameworkMethod.java:47)&#13;&#10;&#9;at org.junit.internal.runners.model.ReflectiveCallable.run(ReflectiveCallable.java:12)&#13;&#10;&#9;at org.junit.runners.model.FrameworkMethod.invokeExplosively(FrameworkMethod.java:44)&#13;&#10;&#9;at org.junit.internal.runners.statements.InvokeMethod.evaluate(InvokeMethod.java:17)&#13;&#10;&#9;at org.junit.runners.ParentRunner.runLeaf(ParentRunner.java:271)&#13;&#10;&#9;at org.junit.runners.BlockJUnit4ClassRunner.runChild(BlockJUnit4ClassRunner.java:70)&#13;&#10;&#9;at org.junit.runners.BlockJUnit4ClassRunner.runChild(BlockJUnit4ClassRunner.java:50)&#13;&#10;&#9;at org.junit.runners.ParentRunner$3.run(ParentRunner.java:238)&#13;&#10;&#9;at org.junit.runners.ParentRunner$1.schedule(ParentRunner.java:63)&#13;&#10;&#9;at org.junit.runners.ParentRunner.runChildren(ParentRunner.java:236)&#13;&#10;&#9;at org.junit.runners.ParentRunner.access$000(ParentRunner.java:53)&#13;&#10;&#9;at org.junit.runners.ParentRunner$2.evaluate(ParentRunner.java:229)&#13;&#10;&#9;at org.junit.runners.ParentRunner.run(ParentRunner.java:309)&#13;&#10;&#9;at org.eclipse.jdt.internal.junit4.runner.JUnit4TestReference.run(JUnit4TestReference.java:50)&#13;&#10;&#9;at org.eclipse.jdt.internal.junit.runner.TestExecution.run(TestExecution.java:38)&#13;&#10;&#9;at org.eclipse.jdt.internal.junit.runner.RemoteTestRunner.runTests(RemoteTestRunner.java:467)&#13;&#10;&#9;at org.eclipse.jdt.internal.junit.runner.RemoteTestRunner.runTests(RemoteTestRunner.java:683)&#13;&#10;&#9;at org.eclipse.jdt.internal.junit.runner.RemoteTestRunner.run(RemoteTestRunner.java:390)&#13;&#10;&#9;at org.codecover.juniteclipse.runner.EclipseTestRunner.main(EclipseTestRunner.java:40)" Date="1589513782997" Name="DrawTest:testShowInt">
<CovList/>
<AssgnmntList/>
<ObjMetaDataList/>
<MetaDataList/>
</TestCase>
<TestCase Comment="Failure&#10;java.lang.AssertionError: Not yet implemented&#13;&#10;&#9;at org.junit.Assert.fail(Assert.java:88)&#13;&#10;&#9;at DrawTest.testSetFontFont(DrawTest.java:216)&#13;&#10;&#9;at sun.reflect.NativeMethodAccessorImpl.invoke0(Native Method)&#13;&#10;&#9;at sun.reflect.NativeMethodAccessorImpl.invoke(Unknown Source)&#13;&#10;&#9;at sun.reflect.DelegatingMethodAccessorImpl.invoke(Unknown Source)&#13;&#10;&#9;at java.lang.reflect.Method.invoke(Unknown Source)&#13;&#10;&#9;at org.junit.runners.model.FrameworkMethod$1.runReflectiveCall(FrameworkMethod.java:47)&#13;&#10;&#9;at org.junit.internal.runners.model.ReflectiveCallable.run(ReflectiveCallable.java:12)&#13;&#10;&#9;at org.junit.runners.model.FrameworkMethod.invokeExplosively(FrameworkMethod.java:44)&#13;&#10;&#9;at org.junit.internal.runners.statements.InvokeMethod.evaluate(InvokeMethod.java:17)&#13;&#10;&#9;at org.junit.runners.ParentRunner.runLeaf(ParentRunner.java:271)&#13;&#10;&#9;at org.junit.runners.BlockJUnit4ClassRunner.runChild(BlockJUnit4ClassRunner.java:70)&#13;&#10;&#9;at org.junit.runners.BlockJUnit4ClassRunner.runChild(BlockJUnit4ClassRunner.java:50)&#13;&#10;&#9;at org.junit.runners.ParentRunner$3.run(ParentRunner.java:238)&#13;&#10;&#9;at org.junit.runners.ParentRunner$1.schedule(ParentRunner.java:63)&#13;&#10;&#9;at org.junit.runners.ParentRunner.runChildren(ParentRunner.java:236)&#13;&#10;&#9;at org.junit.runners.ParentRunner.access$000(ParentRunner.java:53)&#13;&#10;&#9;at org.junit.runners.ParentRunner$2.evaluate(ParentRunner.java:229)&#13;&#10;&#9;at org.junit.runners.ParentRunner.run(ParentRunner.java:309)&#13;&#10;&#9;at org.eclipse.jdt.internal.junit4.runner.JUnit4TestReference.run(JUnit4TestReference.java:50)&#13;&#10;&#9;at org.eclipse.jdt.internal.junit.runner.TestExecution.run(TestExecution.java:38)&#13;&#10;&#9;at org.eclipse.jdt.internal.junit.runner.RemoteTestRunner.runTests(RemoteTestRunner.java:467)&#13;&#10;&#9;at org.eclipse.jdt.internal.junit.runner.RemoteTestRunner.runTests(RemoteTestRunner.java:683)&#13;&#10;&#9;at org.eclipse.jdt.internal.junit.runner.RemoteTestRunner.run(RemoteTestRunner.java:390)&#13;&#10;&#9;at org.codecover.juniteclipse.runner.EclipseTestRunner.main(EclipseTestRunner.java:40)" Date="1589513783105" Name="DrawTest:testSetFontFont">
<CovList/>
<AssgnmntList/>
<ObjMetaDataList/>
<MetaDataList/>
</TestCase>
<TestCase Comment="Failure&#10;java.lang.AssertionError: Not yet implemented&#13;&#10;&#9;at org.junit.Assert.fail(Assert.java:88)&#13;&#10;&#9;at DrawTest.testGetPenColor(DrawTest.java:171)&#13;&#10;&#9;at sun.reflect.NativeMethodAccessorImpl.invoke0(Native Method)&#13;&#10;&#9;at sun.reflect.NativeMethodAccessorImpl.invoke(Unknown Source)&#13;&#10;&#9;at sun.reflect.DelegatingMethodAccessorImpl.invoke(Unknown Source)&#13;&#10;&#9;at java.lang.reflect.Method.invoke(Unknown Source)&#13;&#10;&#9;at org.junit.runners.model.FrameworkMethod$1.runReflectiveCall(FrameworkMethod.java:47)&#13;&#10;&#9;at org.junit.internal.runners.model.ReflectiveCallable.run(ReflectiveCallable.java:12)&#13;&#10;&#9;at org.junit.runners.model.FrameworkMethod.invokeExplosively(FrameworkMethod.java:44)&#13;&#10;&#9;at org.junit.internal.runners.statements.InvokeMethod.evaluate(InvokeMethod.java:17)&#13;&#10;&#9;at org.junit.runners.ParentRunner.runLeaf(ParentRunner.java:271)&#13;&#10;&#9;at org.junit.runners.BlockJUnit4ClassRunner.runChild(BlockJUnit4ClassRunner.java:70)&#13;&#10;&#9;at org.junit.runners.BlockJUnit4ClassRunner.runChild(BlockJUnit4ClassRunner.java:50)&#13;&#10;&#9;at org.junit.runners.ParentRunner$3.run(ParentRunner.java:238)&#13;&#10;&#9;at org.junit.runners.ParentRunner$1.schedule(ParentRunner.java:63)&#13;&#10;&#9;at org.junit.runners.ParentRunner.runChildren(ParentRunner.java:236)&#13;&#10;&#9;at org.junit.runners.ParentRunner.access$000(ParentRunner.java:53)&#13;&#10;&#9;at org.junit.runners.ParentRunner$2.evaluate(ParentRunner.java:229)&#13;&#10;&#9;at org.junit.runners.ParentRunner.run(ParentRunner.java:309)&#13;&#10;&#9;at org.eclipse.jdt.internal.junit4.runner.JUnit4TestReference.run(JUnit4TestReference.java:50)&#13;&#10;&#9;at org.eclipse.jdt.internal.junit.runner.TestExecution.run(TestExecution.java:38)&#13;&#10;&#9;at org.eclipse.jdt.internal.junit.runner.RemoteTestRunner.runTests(RemoteTestRunner.java:467)&#13;&#10;&#9;at org.eclipse.jdt.internal.junit.runner.RemoteTestRunner.runTests(RemoteTestRunner.java:683)&#13;&#10;&#9;at org.eclipse.jdt.internal.junit.runner.RemoteTestRunner.run(RemoteTestRunner.java:390)&#13;&#10;&#9;at org.codecover.juniteclipse.runner.EclipseTestRunner.main(EclipseTestRunner.java:40)" Date="1589513783195" Name="DrawTest:testGetPenColor">
<CovList/>
<AssgnmntList/>
<ObjMetaDataList/>
<MetaDataList/>
</TestCase>
<TestCase Comment="Failure&#10;java.lang.AssertionError: Not yet implemented&#13;&#10;&#9;at org.junit.Assert.fail(Assert.java:88)&#13;&#10;&#9;at DrawTest.testScaleX(DrawTest.java:116)&#13;&#10;&#9;at sun.reflect.NativeMethodAccessorImpl.invoke0(Native Method)&#13;&#10;&#9;at sun.reflect.NativeMethodAccessorImpl.invoke(Unknown Source)&#13;&#10;&#9;at sun.reflect.DelegatingMethodAccessorImpl.invoke(Unknown Source)&#13;&#10;&#9;at java.lang.reflect.Method.invoke(Unknown Source)&#13;&#10;&#9;at org.junit.runners.model.FrameworkMethod$1.runReflectiveCall(FrameworkMethod.java:47)&#13;&#10;&#9;at org.junit.internal.runners.model.ReflectiveCallable.run(ReflectiveCallable.java:12)&#13;&#10;&#9;at org.junit.runners.model.FrameworkMethod.invokeExplosively(FrameworkMethod.java:44)&#13;&#10;&#9;at org.junit.internal.runners.statements.InvokeMethod.evaluate(InvokeMethod.java:17)&#13;&#10;&#9;at org.junit.runners.ParentRunner.runLeaf(ParentRunner.java:271)&#13;&#10;&#9;at org.junit.runners.BlockJUnit4ClassRunner.runChild(BlockJUnit4ClassRunner.java:70)&#13;&#10;&#9;at org.junit.runners.BlockJUnit4ClassRunner.runChild(BlockJUnit4ClassRunner.java:50)&#13;&#10;&#9;at org.junit.runners.ParentRunner$3.run(ParentRunner.java:238)&#13;&#10;&#9;at org.junit.runners.ParentRunner$1.schedule(ParentRunner.java:63)&#13;&#10;&#9;at org.junit.runners.ParentRunner.runChildren(ParentRunner.java:236)&#13;&#10;&#9;at org.junit.runners.ParentRunner.access$000(ParentRunner.java:53)&#13;&#10;&#9;at org.junit.runners.ParentRunner$2.evaluate(ParentRunner.java:229)&#13;&#10;&#9;at org.junit.runners.ParentRunner.run(ParentRunner.java:309)&#13;&#10;&#9;at org.eclipse.jdt.internal.junit4.runner.JUnit4TestReference.run(JUnit4TestReference.java:50)&#13;&#10;&#9;at org.eclipse.jdt.internal.junit.runner.TestExecution.run(TestExecution.java:38)&#13;&#10;&#9;at org.eclipse.jdt.internal.junit.runner.RemoteTestRunner.runTests(RemoteTestRunner.java:467)&#13;&#10;&#9;at org.eclipse.jdt.internal.junit.runner.RemoteTestRunner.runTests(RemoteTestRunner.java:683)&#13;&#10;&#9;at org.eclipse.jdt.internal.junit.runner.RemoteTestRunner.run(RemoteTestRunner.java:390)&#13;&#10;&#9;at org.codecover.juniteclipse.runner.EclipseTestRunner.main(EclipseTestRunner.java:40)" Date="1589513783297" Name="DrawTest:testScaleX">
<CovList/>
<AssgnmntList/>
<ObjMetaDataList/>
<MetaDataList/>
</TestCase>
<TestCase Comment="Failure&#10;java.lang.AssertionError: Not yet implemented&#13;&#10;&#9;at org.junit.Assert.fail(Assert.java:88)&#13;&#10;&#9;at DrawTest.testScaleY(DrawTest.java:121)&#13;&#10;&#9;at sun.reflect.NativeMethodAccessorImpl.invoke0(Native Method)&#13;&#10;&#9;at sun.reflect.NativeMethodAccessorImpl.invoke(Unknown Source)&#13;&#10;&#9;at sun.reflect.DelegatingMethodAccessorImpl.invoke(Unknown Source)&#13;&#10;&#9;at java.lang.reflect.Method.invoke(Unknown Source)&#13;&#10;&#9;at org.junit.runners.model.FrameworkMethod$1.runReflectiveCall(FrameworkMethod.java:47)&#13;&#10;&#9;at org.junit.internal.runners.model.ReflectiveCallable.run(ReflectiveCallable.java:12)&#13;&#10;&#9;at org.junit.runners.model.FrameworkMethod.invokeExplosively(FrameworkMethod.java:44)&#13;&#10;&#9;at org.junit.internal.runners.statements.InvokeMethod.evaluate(InvokeMethod.java:17)&#13;&#10;&#9;at org.junit.runners.ParentRunner.runLeaf(ParentRunner.java:271)&#13;&#10;&#9;at org.junit.runners.BlockJUnit4ClassRunner.runChild(BlockJUnit4ClassRunner.java:70)&#13;&#10;&#9;at org.junit.runners.BlockJUnit4ClassRunner.runChild(BlockJUnit4ClassRunner.java:50)&#13;&#10;&#9;at org.junit.runners.ParentRunner$3.run(ParentRunner.java:238)&#13;&#10;&#9;at org.junit.runners.ParentRunner$1.schedule(ParentRunner.java:63)&#13;&#10;&#9;at org.junit.runners.ParentRunner.runChildren(ParentRunner.java:236)&#13;&#10;&#9;at org.junit.runners.ParentRunner.access$000(ParentRunner.java:53)&#13;&#10;&#9;at org.junit.runners.ParentRunner$2.evaluate(ParentRunner.java:229)&#13;&#10;&#9;at org.junit.runners.ParentRunner.run(ParentRunner.java:309)&#13;&#10;&#9;at org.eclipse.jdt.internal.junit4.runner.JUnit4TestReference.run(JUnit4TestReference.java:50)&#13;&#10;&#9;at org.eclipse.jdt.internal.junit.runner.TestExecution.run(TestExecution.java:38)&#13;&#10;&#9;at org.eclipse.jdt.internal.junit.runner.RemoteTestRunner.runTests(RemoteTestRunner.java:467)&#13;&#10;&#9;at org.eclipse.jdt.internal.junit.runner.RemoteTestRunner.runTests(RemoteTestRunner.java:683)&#13;&#10;&#9;at org.eclipse.jdt.internal.junit.runner.RemoteTestRunner.run(RemoteTestRunner.java:390)&#13;&#10;&#9;at org.codecover.juniteclipse.runner.EclipseTestRunner.main(EclipseTestRunner.java:40)" Date="1589513783356" Name="DrawTest:testScaleY">
<CovList/>
<AssgnmntList/>
<ObjMetaDataList/>
<MetaDataList/>
</TestCase>
<TestCase Comment="Failure&#10;java.lang.AssertionError: Not yet implemented&#13;&#10;&#9;at org.junit.Assert.fail(Assert.java:88)&#13;&#10;&#9;at DrawTest.testDisableDoubleBuffering(DrawTest.java:361)&#13;&#10;&#9;at sun.reflect.NativeMethodAccessorImpl.invoke0(Native Method)&#13;&#10;&#9;at sun.reflect.NativeMethodAccessorImpl.invoke(Unknown Source)&#13;&#10;&#9;at sun.reflect.DelegatingMethodAccessorImpl.invoke(Unknown Source)&#13;&#10;&#9;at java.lang.reflect.Method.invoke(Unknown Source)&#13;&#10;&#9;at org.junit.runners.model.FrameworkMethod$1.runReflectiveCall(FrameworkMethod.java:47)&#13;&#10;&#9;at org.junit.internal.runners.model.ReflectiveCallable.run(ReflectiveCallable.java:12)&#13;&#10;&#9;at org.junit.runners.model.FrameworkMethod.invokeExplosively(FrameworkMethod.java:44)&#13;&#10;&#9;at org.junit.internal.runners.statements.InvokeMethod.evaluate(InvokeMethod.java:17)&#13;&#10;&#9;at org.junit.runners.ParentRunner.runLeaf(ParentRunner.java:271)&#13;&#10;&#9;at org.junit.runners.BlockJUnit4ClassRunner.runChild(BlockJUnit4ClassRunner.java:70)&#13;&#10;&#9;at org.junit.runners.BlockJUnit4ClassRunner.runChild(BlockJUnit4ClassRunner.java:50)&#13;&#10;&#9;at org.junit.runners.ParentRunner$3.run(ParentRunner.java:238)&#13;&#10;&#9;at org.junit.runners.ParentRunner$1.schedule(ParentRunner.java:63)&#13;&#10;&#9;at org.junit.runners.ParentRunner.runChildren(ParentRunner.java:236)&#13;&#10;&#9;at org.junit.runners.ParentRunner.access$000(ParentRunner.java:53)&#13;&#10;&#9;at org.junit.runners.ParentRunner$2.evaluate(ParentRunner.java:229)&#13;&#10;&#9;at org.junit.runners.ParentRunner.run(ParentRunner.java:309)&#13;&#10;&#9;at org.eclipse.jdt.internal.junit4.runner.JUnit4TestReference.run(JUnit4TestReference.java:50)&#13;&#10;&#9;at org.eclipse.jdt.internal.junit.runner.TestExecution.run(TestExecution.java:38)&#13;&#10;&#9;at org.eclipse.jdt.internal.junit.runner.RemoteTestRunner.runTests(RemoteTestRunner.java:467)&#13;&#10;&#9;at org.eclipse.jdt.internal.junit.runner.RemoteTestRunner.runTests(RemoteTestRunner.java:683)&#13;&#10;&#9;at org.eclipse.jdt.internal.junit.runner.RemoteTestRunner.run(RemoteTestRunner.java:390)&#13;&#10;&#9;at org.codecover.juniteclipse.runner.EclipseTestRunner.main(EclipseTestRunner.java:40)" Date="1589513783506" Name="DrawTest:testDisableDoubleBuffering">
<CovList>
<CovPrefix CovItemPrefix="Draw.java">
<Cov CovItemId="S534" Value="1"/>
<Cov CovItemId="S535" Value="1"/>
<Cov CovItemId="S536" Value="1"/>
<Cov CovItemId="S537" Value="1"/>
<Cov CovItemId="S538" Value="1"/>
<Cov CovItemId="S539" Value="1"/>
<Cov CovItemId="S540" Value="1"/>
<Cov CovItemId="S541" Value="1"/>
</CovPrefix>
</CovList>
<AssgnmntList/>
<ObjMetaDataList/>
<MetaDataList/>
</TestCase>
<TestCase Comment="Failure&#10;java.lang.AssertionError: Not yet implemented&#13;&#10;&#9;at org.junit.Assert.fail(Assert.java:88)&#13;&#10;&#9;at DrawTest.testSquare(DrawTest.java:261)&#13;&#10;&#9;at sun.reflect.NativeMethodAccessorImpl.invoke0(Native Method)&#13;&#10;&#9;at sun.reflect.NativeMethodAccessorImpl.invoke(Unknown Source)&#13;&#10;&#9;at sun.reflect.DelegatingMethodAccessorImpl.invoke(Unknown Source)&#13;&#10;&#9;at java.lang.reflect.Method.invoke(Unknown Source)&#13;&#10;&#9;at org.junit.runners.model.FrameworkMethod$1.runReflectiveCall(FrameworkMethod.java:47)&#13;&#10;&#9;at org.junit.internal.runners.model.ReflectiveCallable.run(ReflectiveCallable.java:12)&#13;&#10;&#9;at org.junit.runners.model.FrameworkMethod.invokeExplosively(FrameworkMethod.java:44)&#13;&#10;&#9;at org.junit.internal.runners.statements.InvokeMethod.evaluate(InvokeMethod.java:17)&#13;&#10;&#9;at org.junit.runners.ParentRunner.runLeaf(ParentRunner.java:271)&#13;&#10;&#9;at org.junit.runners.BlockJUnit4ClassRunner.runChild(BlockJUnit4ClassRunner.java:70)&#13;&#10;&#9;at org.junit.runners.BlockJUnit4ClassRunner.runChild(BlockJUnit4ClassRunner.java:50)&#13;&#10;&#9;at org.junit.runners.ParentRunner$3.run(ParentRunner.java:238)&#13;&#10;&#9;at org.junit.runners.ParentRunner$1.schedule(ParentRunner.java:63)&#13;&#10;&#9;at org.junit.runners.ParentRunner.runChildren(ParentRunner.java:236)&#13;&#10;&#9;at org.junit.runners.ParentRunner.access$000(ParentRunner.java:53)&#13;&#10;&#9;at org.junit.runners.ParentRunner$2.evaluate(ParentRunner.java:229)&#13;&#10;&#9;at org.junit.runners.ParentRunner.run(ParentRunner.java:309)&#13;&#10;&#9;at org.eclipse.jdt.internal.junit4.runner.JUnit4TestReference.run(JUnit4TestReference.java:50)&#13;&#10;&#9;at org.eclipse.jdt.internal.junit.runner.TestExecution.run(TestExecution.java:38)&#13;&#10;&#9;at org.eclipse.jdt.internal.junit.runner.RemoteTestRunner.runTests(RemoteTestRunner.java:467)&#13;&#10;&#9;at org.eclipse.jdt.internal.junit.runner.RemoteTestRunner.runTests(RemoteTestRunner.java:683)&#13;&#10;&#9;at org.eclipse.jdt.internal.junit.runner.RemoteTestRunner.run(RemoteTestRunner.java:390)&#13;&#10;&#9;at org.codecover.juniteclipse.runner.EclipseTestRunner.main(EclipseTestRunner.java:40)" Date="1589513783619" Name="DrawTest:testSquare">
<CovList/>
<AssgnmntList/>
<ObjMetaDataList/>
<MetaDataList/>
</TestCase>
<TestCase Comment="Failure&#10;java.lang.AssertionError: Not yet implemented&#13;&#10;&#9;at org.junit.Assert.fail(Assert.java:88)&#13;&#10;&#9;at DrawTest.testRectangle(DrawTest.java:271)&#13;&#10;&#9;at sun.reflect.NativeMethodAccessorImpl.invoke0(Native Method)&#13;&#10;&#9;at sun.reflect.NativeMethodAccessorImpl.invoke(Unknown Source)&#13;&#10;&#9;at sun.reflect.DelegatingMethodAccessorImpl.invoke(Unknown Source)&#13;&#10;&#9;at java.lang.reflect.Method.invoke(Unknown Source)&#13;&#10;&#9;at org.junit.runners.model.FrameworkMethod$1.runReflectiveCall(FrameworkMethod.java:47)&#13;&#10;&#9;at org.junit.internal.runners.model.ReflectiveCallable.run(ReflectiveCallable.java:12)&#13;&#10;&#9;at org.junit.runners.model.FrameworkMethod.invokeExplosively(FrameworkMethod.java:44)&#13;&#10;&#9;at org.junit.internal.runners.statements.InvokeMethod.evaluate(InvokeMethod.java:17)&#13;&#10;&#9;at org.junit.runners.ParentRunner.runLeaf(ParentRunner.java:271)&#13;&#10;&#9;at org.junit.runners.BlockJUnit4ClassRunner.runChild(BlockJUnit4ClassRunner.java:70)&#13;&#10;&#9;at org.junit.runners.BlockJUnit4ClassRunner.runChild(BlockJUnit4ClassRunner.java:50)&#13;&#10;&#9;at org.junit.runners.ParentRunner$3.run(ParentRunner.java:238)&#13;&#10;&#9;at org.junit.runners.ParentRunner$1.schedule(ParentRunner.java:63)&#13;&#10;&#9;at org.junit.runners.ParentRunner.runChildren(ParentRunner.java:236)&#13;&#10;&#9;at org.junit.runners.ParentRunner.access$000(ParentRunner.java:53)&#13;&#10;&#9;at org.junit.runners.ParentRunner$2.evaluate(ParentRunner.java:229)&#13;&#10;&#9;at org.junit.runners.ParentRunner.run(ParentRunner.java:309)&#13;&#10;&#9;at org.eclipse.jdt.internal.junit4.runner.JUnit4TestReference.run(JUnit4TestReference.java:50)&#13;&#10;&#9;at org.eclipse.jdt.internal.junit.runner.TestExecution.run(TestExecution.java:38)&#13;&#10;&#9;at org.eclipse.jdt.internal.junit.runner.RemoteTestRunner.runTests(RemoteTestRunner.java:467)&#13;&#10;&#9;at org.eclipse.jdt.internal.junit.runner.RemoteTestRunner.runTests(RemoteTestRunner.java:683)&#13;&#10;&#9;at org.eclipse.jdt.internal.junit.runner.RemoteTestRunner.run(RemoteTestRunner.java:390)&#13;&#10;&#9;at org.codecover.juniteclipse.runner.EclipseTestRunner.main(EclipseTestRunner.java:40)" Date="1589513783728" Name="DrawTest:testRectangle">
<CovList/>
<AssgnmntList/>
<ObjMetaDataList/>
<MetaDataList/>
</TestCase>
<TestCase Comment="Failure&#10;java.lang.AssertionError: Not yet implemented&#13;&#10;&#9;at org.junit.Assert.fail(Assert.java:88)&#13;&#10;&#9;at DrawTest.testKeyReleased(DrawTest.java:461)&#13;&#10;&#9;at sun.reflect.NativeMethodAccessorImpl.invoke0(Native Method)&#13;&#10;&#9;at sun.reflect.NativeMethodAccessorImpl.invoke(Unknown Source)&#13;&#10;&#9;at sun.reflect.DelegatingMethodAccessorImpl.invoke(Unknown Source)&#13;&#10;&#9;at java.lang.reflect.Method.invoke(Unknown Source)&#13;&#10;&#9;at org.junit.runners.model.FrameworkMethod$1.runReflectiveCall(FrameworkMethod.java:47)&#13;&#10;&#9;at org.junit.internal.runners.model.ReflectiveCallable.run(ReflectiveCallable.java:12)&#13;&#10;&#9;at org.junit.runners.model.FrameworkMethod.invokeExplosively(FrameworkMethod.java:44)&#13;&#10;&#9;at org.junit.internal.runners.statements.InvokeMethod.evaluate(InvokeMethod.java:17)&#13;&#10;&#9;at org.junit.runners.ParentRunner.runLeaf(ParentRunner.java:271)&#13;&#10;&#9;at org.junit.runners.BlockJUnit4ClassRunner.runChild(BlockJUnit4ClassRunner.java:70)&#13;&#10;&#9;at org.junit.runners.BlockJUnit4ClassRunner.runChild(BlockJUnit4ClassRunner.java:50)&#13;&#10;&#9;at org.junit.runners.ParentRunner$3.run(ParentRunner.java:238)&#13;&#10;&#9;at org.junit.runners.ParentRunner$1.schedule(ParentRunner.java:63)&#13;&#10;&#9;at org.junit.runners.ParentRunner.runChildren(ParentRunner.java:236)&#13;&#10;&#9;at org.junit.runners.ParentRunner.access$000(ParentRunner.java:53)&#13;&#10;&#9;at org.junit.runners.ParentRunner$2.evaluate(ParentRunner.java:229)&#13;&#10;&#9;at org.junit.runners.ParentRunner.run(ParentRunner.java:309)&#13;&#10;&#9;at org.eclipse.jdt.internal.junit4.runner.JUnit4TestReference.run(JUnit4TestReference.java:50)&#13;&#10;&#9;at org.eclipse.jdt.internal.junit.runner.TestExecution.run(TestExecution.java:38)&#13;&#10;&#9;at org.eclipse.jdt.internal.junit.runner.RemoteTestRunner.runTests(RemoteTestRunner.java:467)&#13;&#10;&#9;at org.eclipse.jdt.internal.junit.runner.RemoteTestRunner.runTests(RemoteTestRunner.java:683)&#13;&#10;&#9;at org.eclipse.jdt.internal.junit.runner.RemoteTestRunner.run(RemoteTestRunner.java:390)&#13;&#10;&#9;at org.codecover.juniteclipse.runner.EclipseTestRunner.main(EclipseTestRunner.java:40)" Date="1589513783849" Name="DrawTest:testKeyReleased">
<CovList/>
<AssgnmntList/>
<ObjMetaDataList/>
<MetaDataList/>
</TestCase>
<TestCase Comment="Failure&#10;java.lang.AssertionError: Not yet implemented&#13;&#10;&#9;at org.junit.Assert.fail(Assert.java:88)&#13;&#10;&#9;at DrawTest.testXorOff(DrawTest.java:196)&#13;&#10;&#9;at sun.reflect.NativeMethodAccessorImpl.invoke0(Native Method)&#13;&#10;&#9;at sun.reflect.NativeMethodAccessorImpl.invoke(Unknown Source)&#13;&#10;&#9;at sun.reflect.DelegatingMethodAccessorImpl.invoke(Unknown Source)&#13;&#10;&#9;at java.lang.reflect.Method.invoke(Unknown Source)&#13;&#10;&#9;at org.junit.runners.model.FrameworkMethod$1.runReflectiveCall(FrameworkMethod.java:47)&#13;&#10;&#9;at org.junit.internal.runners.model.ReflectiveCallable.run(ReflectiveCallable.java:12)&#13;&#10;&#9;at org.junit.runners.model.FrameworkMethod.invokeExplosively(FrameworkMethod.java:44)&#13;&#10;&#9;at org.junit.internal.runners.statements.InvokeMethod.evaluate(InvokeMethod.java:17)&#13;&#10;&#9;at org.junit.runners.ParentRunner.runLeaf(ParentRunner.java:271)&#13;&#10;&#9;at org.junit.runners.BlockJUnit4ClassRunner.runChild(BlockJUnit4ClassRunner.java:70)&#13;&#10;&#9;at org.junit.runners.BlockJUnit4ClassRunner.runChild(BlockJUnit4ClassRunner.java:50)&#13;&#10;&#9;at org.junit.runners.ParentRunner$3.run(ParentRunner.java:238)&#13;&#10;&#9;at org.junit.runners.ParentRunner$1.schedule(ParentRunner.java:63)&#13;&#10;&#9;at org.junit.runners.ParentRunner.runChildren(ParentRunner.java:236)&#13;&#10;&#9;at org.junit.runners.ParentRunner.access$000(ParentRunner.java:53)&#13;&#10;&#9;at org.junit.runners.ParentRunner$2.evaluate(ParentRunner.java:229)&#13;&#10;&#9;at org.junit.runners.ParentRunner.run(ParentRunner.java:309)&#13;&#10;&#9;at org.eclipse.jdt.internal.junit4.runner.JUnit4TestReference.run(JUnit4TestReference.java:50)&#13;&#10;&#9;at org.eclipse.jdt.internal.junit.runner.TestExecution.run(TestExecution.java:38)&#13;&#10;&#9;at org.eclipse.jdt.internal.junit.runner.RemoteTestRunner.runTests(RemoteTestRunner.java:467)&#13;&#10;&#9;at org.eclipse.jdt.internal.junit.runner.RemoteTestRunner.runTests(RemoteTestRunner.java:683)&#13;&#10;&#9;at org.eclipse.jdt.internal.junit.runner.RemoteTestRunner.run(RemoteTestRunner.java:390)&#13;&#10;&#9;at org.codecover.juniteclipse.runner.EclipseTestRunner.main(EclipseTestRunner.java:40)" Date="1589513783936" Name="DrawTest:testXorOff">
<CovList/>
<AssgnmntList/>
<ObjMetaDataList/>
<MetaDataList/>
</TestCase>
<TestCase Comment="Failure&#10;java.lang.AssertionError: Expected exception: java.lang.IllegalArgumentException&#13;&#10;&#9;at org.junit.internal.runners.statements.ExpectException.evaluate(ExpectException.java:32)&#13;&#10;&#9;at org.junit.runners.ParentRunner.runLeaf(ParentRunner.java:271)&#13;&#10;&#9;at org.junit.runners.BlockJUnit4ClassRunner.runChild(BlockJUnit4ClassRunner.java:70)&#13;&#10;&#9;at org.junit.runners.BlockJUnit4ClassRunner.runChild(BlockJUnit4ClassRunner.java:50)&#13;&#10;&#9;at org.junit.runners.ParentRunner$3.run(ParentRunner.java:238)&#13;&#10;&#9;at org.junit.runners.ParentRunner$1.schedule(ParentRunner.java:63)&#13;&#10;&#9;at org.junit.runners.ParentRunner.runChildren(ParentRunner.java:236)&#13;&#10;&#9;at org.junit.runners.ParentRunner.access$000(ParentRunner.java:53)&#13;&#10;&#9;at org.junit.runners.ParentRunner$2.evaluate(ParentRunner.java:229)&#13;&#10;&#9;at org.junit.runners.ParentRunner.run(ParentRunner.java:309)&#13;&#10;&#9;at org.eclipse.jdt.internal.junit4.runner.JUnit4TestReference.run(JUnit4TestReference.java:50)&#13;&#10;&#9;at org.eclipse.jdt.internal.junit.runner.TestExecution.run(TestExecution.java:38)&#13;&#10;&#9;at org.eclipse.jdt.internal.junit.runner.RemoteTestRunner.runTests(RemoteTestRunner.java:467)&#13;&#10;&#9;at org.eclipse.jdt.internal.junit.runner.RemoteTestRunner.runTests(RemoteTestRunner.java:683)&#13;&#10;&#9;at org.eclipse.jdt.internal.junit.runner.RemoteTestRunner.run(RemoteTestRunner.java:390)&#13;&#10;&#9;at org.codecover.juniteclipse.runner.EclipseTestRunner.main(EclipseTestRunner.java:40)" Date="1589513784028" Name="DrawTest:testValidateNonnegative">
<CovList>
<CovPrefix CovItemPrefix="Draw.java">
<Cov CovItemId="B10" Value="1"/>
<Cov CovItemId="B8" Value="1"/>
<Cov CovItemId="S94" Value="1"/>
<Cov CovItemId="S96" Value="1"/>
</CovPrefix>
</CovList>
<AssgnmntList>
<AssgnmntPrefix RootTermCovItemPrefix="Draw.java">
<AssgnmntListEntry Length="1" RootTermCovItemId="C4">
<MapEntry BoolAssgnmnt="0" Value="1"/>
</AssgnmntListEntry>
<AssgnmntListEntry Length="1" RootTermCovItemId="C5">
<MapEntry BoolAssgnmnt="0" Value="1"/>
</AssgnmntListEntry>
</AssgnmntPrefix>
</AssgnmntList>
<ObjMetaDataList/>
<MetaDataList/>
</TestCase>
<TestCase Comment="Failure&#10;java.lang.AssertionError: Not yet implemented&#13;&#10;&#9;at org.junit.Assert.fail(Assert.java:88)&#13;&#10;&#9;at DrawTest.testSetPenRadiusDouble(DrawTest.java:166)&#13;&#10;&#9;at sun.reflect.NativeMethodAccessorImpl.invoke0(Native Method)&#13;&#10;&#9;at sun.reflect.NativeMethodAccessorImpl.invoke(Unknown Source)&#13;&#10;&#9;at sun.reflect.DelegatingMethodAccessorImpl.invoke(Unknown Source)&#13;&#10;&#9;at java.lang.reflect.Method.invoke(Unknown Source)&#13;&#10;&#9;at org.junit.runners.model.FrameworkMethod$1.runReflectiveCall(FrameworkMethod.java:47)&#13;&#10;&#9;at org.junit.internal.runners.model.ReflectiveCallable.run(ReflectiveCallable.java:12)&#13;&#10;&#9;at org.junit.runners.model.FrameworkMethod.invokeExplosively(FrameworkMethod.java:44)&#13;&#10;&#9;at org.junit.internal.runners.statements.InvokeMethod.evaluate(InvokeMethod.java:17)&#13;&#10;&#9;at org.junit.runners.ParentRunner.runLeaf(ParentRunner.java:271)&#13;&#10;&#9;at org.junit.runners.BlockJUnit4ClassRunner.runChild(BlockJUnit4ClassRunner.java:70)&#13;&#10;&#9;at org.junit.runners.BlockJUnit4ClassRunner.runChild(BlockJUnit4ClassRunner.java:50)&#13;&#10;&#9;at org.junit.runners.ParentRunner$3.run(ParentRunner.java:238)&#13;&#10;&#9;at org.junit.runners.ParentRunner$1.schedule(ParentRunner.java:63)&#13;&#10;&#9;at org.junit.runners.ParentRunner.runChildren(ParentRunner.java:236)&#13;&#10;&#9;at org.junit.runners.ParentRunner.access$000(ParentRunner.java:53)&#13;&#10;&#9;at org.junit.runners.ParentRunner$2.evaluate(ParentRunner.java:229)&#13;&#10;&#9;at org.junit.runners.ParentRunner.run(ParentRunner.java:309)&#13;&#10;&#9;at org.eclipse.jdt.internal.junit4.runner.JUnit4TestReference.run(JUnit4TestReference.java:50)&#13;&#10;&#9;at org.eclipse.jdt.internal.junit.runner.TestExecution.run(TestExecution.java:38)&#13;&#10;&#9;at org.eclipse.jdt.internal.junit.runner.RemoteTestRunner.runTests(RemoteTestRunner.java:467)&#13;&#10;&#9;at org.eclipse.jdt.internal.junit.runner.RemoteTestRunner.runTests(RemoteTestRunner.java:683)&#13;&#10;&#9;at org.eclipse.jdt.internal.junit.runner.RemoteTestRunner.run(RemoteTestRunner.java:390)&#13;&#10;&#9;at org.codecover.juniteclipse.runner.EclipseTestRunner.main(EclipseTestRunner.java:40)" Date="1589513784111" Name="DrawTest:testSetPenRadiusDouble">
<CovList/>
<AssgnmntList/>
<ObjMetaDataList/>
<MetaDataList/>
</TestCase>
<TestCase Comment="Failure&#10;java.lang.AssertionError: Use assertEquals(expected, actual, delta) to compare floating-point numbers&#13;&#10;&#9;at org.junit.Assert.fail(Assert.java:88)&#13;&#10;&#9;at org.junit.Assert.assertEquals(Assert.java:576)&#13;&#10;&#9;at org.junit.Assert.assertEquals(Assert.java:565)&#13;&#10;&#9;at DrawTest.testSetYscaleDoubleDouble1(DrawTest.java:110)&#13;&#10;&#9;at sun.reflect.NativeMethodAccessorImpl.invoke0(Native Method)&#13;&#10;&#9;at sun.reflect.NativeMethodAccessorImpl.invoke(Unknown Source)&#13;&#10;&#9;at sun.reflect.DelegatingMethodAccessorImpl.invoke(Unknown Source)&#13;&#10;&#9;at java.lang.reflect.Method.invoke(Unknown Source)&#13;&#10;&#9;at org.junit.runners.model.FrameworkMethod$1.runReflectiveCall(FrameworkMethod.java:47)&#13;&#10;&#9;at org.junit.internal.runners.model.ReflectiveCallable.run(ReflectiveCallable.java:12)&#13;&#10;&#9;at org.junit.runners.model.FrameworkMethod.invokeExplosively(FrameworkMethod.java:44)&#13;&#10;&#9;at org.junit.internal.runners.statements.InvokeMethod.evaluate(InvokeMethod.java:17)&#13;&#10;&#9;at org.junit.runners.ParentRunner.runLeaf(ParentRunner.java:271)&#13;&#10;&#9;at org.junit.runners.BlockJUnit4ClassRunner.runChild(BlockJUnit4ClassRunner.java:70)&#13;&#10;&#9;at org.junit.runners.BlockJUnit4ClassRunner.runChild(BlockJUnit4ClassRunner.java:50)&#13;&#10;&#9;at org.junit.runners.ParentRunner$3.run(ParentRunner.java:238)&#13;&#10;&#9;at org.junit.runners.ParentRunner$1.schedule(ParentRunner.java:63)&#13;&#10;&#9;at org.junit.runners.ParentRunner.runChildren(ParentRunner.java:236)&#13;&#10;&#9;at org.junit.runners.ParentRunner.access$000(ParentRunner.java:53)&#13;&#10;&#9;at org.junit.runners.ParentRunner$2.evaluate(ParentRunner.java:229)&#13;&#10;&#9;at org.junit.runners.ParentRunner.run(ParentRunner.java:309)&#13;&#10;&#9;at org.eclipse.jdt.internal.junit4.runner.JUnit4TestReference.run(JUnit4TestReference.java:50)&#13;&#10;&#9;at org.eclipse.jdt.internal.junit.runner.TestExecution.run(TestExecution.java:38)&#13;&#10;&#9;at org.eclipse.jdt.internal.junit.runner.RemoteTestRunner.runTests(RemoteTestRunner.java:467)&#13;&#10;&#9;at org.eclipse.jdt.internal.junit.runner.RemoteTestRunner.runTests(RemoteTestRunner.java:683)&#13;&#10;&#9;at org.eclipse.jdt.internal.junit.runner.RemoteTestRunner.run(RemoteTestRunner.java:390)&#13;&#10;&#9;at org.codecover.juniteclipse.runner.EclipseTestRunner.main(EclipseTestRunner.java:40)" Date="1589513784212" Name="DrawTest:testSetYscaleDoubleDouble1">
<CovList>
<CovPrefix CovItemPrefix="Draw.java">
<Cov CovItemId="B10" Value="2"/>
<Cov CovItemId="B18" Value="1"/>
<Cov CovItemId="B8" Value="2"/>
<Cov CovItemId="S111" Value="1"/>
<Cov CovItemId="S112" Value="1"/>
<Cov CovItemId="S113" Value="1"/>
<Cov CovItemId="S114" Value="1"/>
<Cov CovItemId="S116" Value="1"/>
<Cov CovItemId="S117" Value="1"/>
<Cov CovItemId="S94" Value="2"/>
<Cov CovItemId="S96" Value="2"/>
</CovPrefix>
</CovList>
<AssgnmntList>
<AssgnmntPrefix RootTermCovItemPrefix="Draw.java">
<AssgnmntListEntry Length="1" RootTermCovItemId="C4">
<MapEntry BoolAssgnmnt="0" Value="2"/>
</AssgnmntListEntry>
<AssgnmntListEntry Length="1" RootTermCovItemId="C5">
<MapEntry BoolAssgnmnt="0" Value="2"/>
</AssgnmntListEntry>
<AssgnmntListEntry Length="1" RootTermCovItemId="C9">
<MapEntry BoolAssgnmnt="0" Value="1"/>
</AssgnmntListEntry>
</AssgnmntPrefix>
</AssgnmntList>
<ObjMetaDataList/>
<MetaDataList/>
</TestCase>
<TestCase Comment="" Date="1589513784320" Name="DrawTest:testSetDefaultCloseOperation">
<CovList>
<CovPrefix CovItemPrefix="Draw.java">
<Cov CovItemId="S80" Value="1"/>
</CovPrefix>
</CovList>
<AssgnmntList/>
<ObjMetaDataList/>
<MetaDataList/>
</TestCase>
<TestCase Comment="" Date="1589513784586" Name="BlackJackTest:testHit">
<CovList>
<CovPrefix CovItemPrefix="BlackJack.java">
<Cov CovItemId="S31" Value="1"/>
<Cov CovItemId="S32" Value="1"/>
<Cov CovItemId="S33" Value="1"/>
</CovPrefix>
<CovPrefix CovItemPrefix="Card.java">
<Cov CovItemId="B6" Value="1"/>
<Cov CovItemId="S1" Value="52"/>
<Cov CovItemId="S12" Value="1"/>
<Cov CovItemId="S14" Value="1"/>
<Cov CovItemId="S2" Value="52"/>
<Cov CovItemId="S3" Value="52"/>
<Cov CovItemId="S4" Value="52"/>
<Cov CovItemId="S5" Value="52"/>
</CovPrefix>
<CovPrefix CovItemPrefix="Deck.java">
<Cov CovItemId="L1-2" Value="1"/>
<Cov CovItemId="S1" Value="1"/>
<Cov CovItemId="S2" Value="1"/>
<Cov CovItemId="S3" Value="1"/>
<Cov CovItemId="S4" Value="1"/>
<Cov CovItemId="S5" Value="52"/>
<Cov CovItemId="S6" Value="1"/>
</CovPrefix>
<CovPrefix CovItemPrefix="Draw.java">
<Cov CovItemId="B10" Value="2"/>
<Cov CovItemId="B14" Value="1"/>
<Cov CovItemId="B54" Value="1"/>
<Cov CovItemId="B55" Value="1"/>
<Cov CovItemId="B58" Value="1"/>
<Cov CovItemId="B59" Value="1"/>
<Cov CovItemId="B61" Value="1"/>
<Cov CovItemId="B64" Value="1"/>
<Cov CovItemId="B68" Value="1"/>
<Cov CovItemId="B8" Value="2"/>
<Cov CovItemId="B81" Value="1"/>
<Cov CovItemId="S100" Value="1"/>
<Cov CovItemId="S118" Value="1"/>
<Cov CovItemId="S119" Value="1"/>
<Cov CovItemId="S334" Value="1"/>
<Cov CovItemId="S336" Value="1"/>
<Cov CovItemId="S337" Value="1"/>
<Cov CovItemId="S338" Value="1"/>
<Cov CovItemId="S339" Value="1"/>
<Cov CovItemId="S341" Value="1"/>
<Cov CovItemId="S342" Value="1"/>
<Cov CovItemId="S343" Value="1"/>
<Cov CovItemId="S344" Value="1"/>
<Cov CovItemId="S345" Value="1"/>
<Cov CovItemId="S350" Value="1"/>
<Cov CovItemId="S351" Value="1"/>
<Cov CovItemId="S352" Value="1"/>
<Cov CovItemId="S353" Value="1"/>
<Cov CovItemId="S354" Value="1"/>
<Cov CovItemId="S355" Value="1"/>
<Cov CovItemId="S356" Value="1"/>
<Cov CovItemId="S357" Value="1"/>
<Cov CovItemId="S358" Value="1"/>
<Cov CovItemId="S359" Value="1"/>
<Cov CovItemId="S361" Value="1"/>
<Cov CovItemId="S362" Value="1"/>
<Cov CovItemId="S464" Value="1"/>
<Cov CovItemId="S465" Value="1"/>
<Cov CovItemId="S466" Value="1"/>
<Cov CovItemId="S467" Value="1"/>
<Cov CovItemId="S534" Value="2"/>
<Cov CovItemId="S535" Value="2"/>
<Cov CovItemId="S536" Value="2"/>
<Cov CovItemId="S537" Value="2"/>
<Cov CovItemId="S538" Value="2"/>
<Cov CovItemId="S539" Value="2"/>
<Cov CovItemId="S540" Value="2"/>
<Cov CovItemId="S541" Value="2"/>
<Cov CovItemId="S542" Value="1"/>
<Cov CovItemId="S94" Value="2"/>
<Cov CovItemId="S96" Value="2"/>
</CovPrefix>
<CovPrefix CovItemPrefix="Player.java">
<Cov CovItemId="L2-1" Value="1"/>
<Cov CovItemId="S19" Value="1"/>
<Cov CovItemId="S20" Value="1"/>
<Cov CovItemId="S8" Value="1"/>
</CovPrefix>
</CovList>
<AssgnmntList>
<AssgnmntPrefix RootTermCovItemPrefix="Card.java">
<AssgnmntListEntry Length="1" RootTermCovItemId="C3">
<MapEntry BoolAssgnmnt="0" Value="1"/>
</AssgnmntListEntry>
</AssgnmntPrefix>
<AssgnmntPrefix RootTermCovItemPrefix="Deck.java">
<AssgnmntListEntry Length="1" RootTermCovItemId="C1">
<MapEntry BoolAssgnmnt="0" Value="1"/>
<MapEntry BoolAssgnmnt="1" Value="52"/>
</AssgnmntListEntry>
</AssgnmntPrefix>
<AssgnmntPrefix RootTermCovItemPrefix="Draw.java">
<AssgnmntListEntry Length="1" RootTermCovItemId="C34">
<MapEntry BoolAssgnmnt="0" Value="1"/>
</AssgnmntListEntry>
<AssgnmntListEntry Length="2" RootTermCovItemId="C35">
<MapEntry BoolAssgnmnt="01" Value="1"/>
</AssgnmntListEntry>
<AssgnmntListEntry Length="2" RootTermCovItemId="C36">
<MapEntry BoolAssgnmnt="01" Value="1"/>
</AssgnmntListEntry>
<AssgnmntListEntry Length="1" RootTermCovItemId="C37">
<MapEntry BoolAssgnmnt="1" Value="1"/>
</AssgnmntListEntry>
<AssgnmntListEntry Length="2" RootTermCovItemId="C38">
<MapEntry BoolAssgnmnt="00" Value="1"/>
</AssgnmntListEntry>
<AssgnmntListEntry Length="1" RootTermCovItemId="C4">
<MapEntry BoolAssgnmnt="0" Value="2"/>
</AssgnmntListEntry>
<AssgnmntListEntry Length="2" RootTermCovItemId="C40">
<MapEntry BoolAssgnmnt="00" Value="1"/>
</AssgnmntListEntry>
<AssgnmntListEntry Length="1" RootTermCovItemId="C46">
<MapEntry BoolAssgnmnt="0" Value="1"/>
</AssgnmntListEntry>
<AssgnmntListEntry Length="1" RootTermCovItemId="C5">
<MapEntry BoolAssgnmnt="0" Value="2"/>
</AssgnmntListEntry>
<AssgnmntListEntry Length="1" RootTermCovItemId="C7">
<MapEntry BoolAssgnmnt="0" Value="1"/>
</AssgnmntListEntry>
</AssgnmntPrefix>
<AssgnmntPrefix RootTermCovItemPrefix="Player.java">
<AssgnmntListEntry Length="1" RootTermCovItemId="C4">
<MapEntry BoolAssgnmnt="0" Value="1"/>
<MapEntry BoolAssgnmnt="1" Value="1"/>
</AssgnmntListEntry>
</AssgnmntPrefix>
</AssgnmntList>
<ObjMetaDataList/>
<MetaDataList/>
</TestCase>
<TestCase Comment="Failure&#10;java.lang.AssertionError&#13;&#10;&#9;at org.junit.Assert.fail(Assert.java:86)&#13;&#10;&#9;at org.junit.Assert.assertTrue(Assert.java:41)&#13;&#10;&#9;at org.junit.Assert.assertTrue(Assert.java:52)&#13;&#10;&#9;at BlackJackTest.testActionPerformed(BlackJackTest.java:120)&#13;&#10;&#9;at sun.reflect.NativeMethodAccessorImpl.invoke0(Native Method)&#13;&#10;&#9;at sun.reflect.NativeMethodAccessorImpl.invoke(Unknown Source)&#13;&#10;&#9;at sun.reflect.DelegatingMethodAccessorImpl.invoke(Unknown Source)&#13;&#10;&#9;at java.lang.reflect.Method.invoke(Unknown Source)&#13;&#10;&#9;at org.junit.runners.model.FrameworkMethod$1.runReflectiveCall(FrameworkMethod.java:47)&#13;&#10;&#9;at org.junit.internal.runners.model.ReflectiveCallable.run(ReflectiveCallable.java:12)&#13;&#10;&#9;at org.junit.runners.model.FrameworkMethod.invokeExplosively(FrameworkMethod.java:44)&#13;&#10;&#9;at org.junit.internal.runners.statements.InvokeMethod.evaluate(InvokeMethod.java:17)&#13;&#10;&#9;at org.junit.runners.ParentRunner.runLeaf(ParentRunner.java:271)&#13;&#10;&#9;at org.junit.runners.BlockJUnit4ClassRunner.runChild(BlockJUnit4ClassRunner.java:70)&#13;&#10;&#9;at org.junit.runners.BlockJUnit4ClassRunner.runChild(BlockJUnit4ClassRunner.java:50)&#13;&#10;&#9;at org.junit.runners.ParentRunner$3.run(ParentRunner.java:238)&#13;&#10;&#9;at org.junit.runners.ParentRunner$1.schedule(ParentRunner.java:63)&#13;&#10;&#9;at org.junit.runners.ParentRunner.runChildren(ParentRunner.java:236)&#13;&#10;&#9;at org.junit.runners.ParentRunner.access$000(ParentRunner.java:53)&#13;&#10;&#9;at org.junit.runners.ParentRunner$2.evaluate(ParentRunner.java:229)&#13;&#10;&#9;at org.junit.runners.ParentRunner.run(ParentRunner.java:309)&#13;&#10;&#9;at org.eclipse.jdt.internal.junit4.runner.JUnit4TestReference.run(JUnit4TestReference.java:50)&#13;&#10;&#9;at org.eclipse.jdt.internal.junit.runner.TestExecution.run(TestExecution.java:38)&#13;&#10;&#9;at org.eclipse.jdt.internal.junit.runner.RemoteTestRunner.runTests(RemoteTestRunner.java:467)&#13;&#10;&#9;at org.eclipse.jdt.internal.junit.runner.RemoteTestRunner.runTests(RemoteTestRunner.java:683)&#13;&#10;&#9;at org.eclipse.jdt.internal.junit.runner.RemoteTestRunner.run(RemoteTestRunner.java:390)&#13;&#10;&#9;at org.codecover.juniteclipse.runner.EclipseTestRunner.main(EclipseTestRunner.java:40)" Date="1589513784984" Name="BlackJackTest:testActionPerformed">
<CovList>
<CovPrefix CovItemPrefix="BlackJack.java">
<Cov CovItemId="B10" Value="1"/>
<Cov CovItemId="B11" Value="1"/>
<Cov CovItemId="B14" Value="1"/>
<Cov CovItemId="B16" Value="1"/>
<Cov CovItemId="B18" Value="1"/>
<Cov CovItemId="B2" Value="1"/>
<Cov CovItemId="B4" Value="1"/>
<Cov CovItemId="B6" Value="1"/>
<Cov CovItemId="B8" Value="1"/>
<Cov CovItemId="S31" Value="6"/>
<Cov CovItemId="S32" Value="6"/>
<Cov CovItemId="S33" Value="6"/>
<Cov CovItemId="S34" Value="1"/>
<Cov CovItemId="S35" Value="1"/>
<Cov CovItemId="S36" Value="1"/>
<Cov CovItemId="S37" Value="1"/>
<Cov CovItemId="S41" Value="1"/>
<Cov CovItemId="S42" Value="1"/>
<Cov CovItemId="S43" Value="1"/>
<Cov CovItemId="S44" Value="1"/>
<Cov CovItemId="S45" Value="1"/>
<Cov CovItemId="S46" Value="1"/>
<Cov CovItemId="S47" Value="1"/>
<Cov CovItemId="S48" Value="1"/>
<Cov CovItemId="S49" Value="1"/>
<Cov CovItemId="S51" Value="1"/>
<Cov CovItemId="S53" Value="1"/>
<Cov CovItemId="S55" Value="1"/>
<Cov CovItemId="S57" Value="1"/>
<Cov CovItemId="S58" Value="1"/>
<Cov CovItemId="S59" Value="1"/>
<Cov CovItemId="S60" Value="1"/>
<Cov CovItemId="S61" Value="1"/>
<Cov CovItemId="S66" Value="1"/>
<Cov CovItemId="S73" Value="1"/>
</CovPrefix>
<CovPrefix CovItemPrefix="Card.java">
<Cov CovItemId="B2" Value="31"/>
<Cov CovItemId="B3" Value="4"/>
<Cov CovItemId="B4" Value="27"/>
<Cov CovItemId="B5" Value="1"/>
<Cov CovItemId="B6" Value="12"/>
<Cov CovItemId="S1" Value="53"/>
<Cov CovItemId="S10" Value="4"/>
<Cov CovItemId="S11" Value="27"/>
<Cov CovItemId="S12" Value="13"/>
<Cov CovItemId="S13" Value="1"/>
<Cov CovItemId="S14" Value="12"/>
<Cov CovItemId="S15" Value="1"/>
<Cov CovItemId="S16" Value="1"/>
<Cov CovItemId="S2" Value="53"/>
<Cov CovItemId="S3" Value="53"/>
<Cov CovItemId="S4" Value="53"/>
<Cov CovItemId="S5" Value="53"/>
<Cov CovItemId="S6" Value="31"/>
<Cov CovItemId="S7" Value="31"/>
<Cov CovItemId="S9" Value="31"/>
</CovPrefix>
<CovPrefix CovItemPrefix="Deck.java">
<Cov CovItemId="L1-2" Value="1"/>
<Cov CovItemId="S2" Value="1"/>
<Cov CovItemId="S3" Value="1"/>
<Cov CovItemId="S4" Value="1"/>
<Cov CovItemId="S5" Value="52"/>
<Cov CovItemId="S6" Value="6"/>
<Cov CovItemId="S8" Value="1"/>
</CovPrefix>
<CovPrefix CovItemPrefix="Draw.java">
<Cov CovItemId="B10" Value="26"/>
<Cov CovItemId="B14" Value="14"/>
<Cov CovItemId="B54" Value="13"/>
<Cov CovItemId="B55" Value="13"/>
<Cov CovItemId="B58" Value="13"/>
<Cov CovItemId="B59" Value="13"/>
<Cov CovItemId="B61" Value="13"/>
<Cov CovItemId="B64" Value="13"/>
<Cov CovItemId="B68" Value="13"/>
<Cov CovItemId="B8" Value="26"/>
<Cov CovItemId="B81" Value="14"/>
<Cov CovItemId="S100" Value="14"/>
<Cov CovItemId="S118" Value="13"/>
<Cov CovItemId="S119" Value="13"/>
<Cov CovItemId="S125" Value="1"/>
<Cov CovItemId="S126" Value="1"/>
<Cov CovItemId="S127" Value="1"/>
<Cov CovItemId="S128" Value="1"/>
<Cov CovItemId="S129" Value="1"/>
<Cov CovItemId="S334" Value="13"/>
<Cov CovItemId="S336" Value="13"/>
<Cov CovItemId="S337" Value="13"/>
<Cov CovItemId="S338" Value="13"/>
<Cov CovItemId="S339" Value="13"/>
<Cov CovItemId="S341" Value="13"/>
<Cov CovItemId="S342" Value="13"/>
<Cov CovItemId="S343" Value="13"/>
<Cov CovItemId="S344" Value="13"/>
<Cov CovItemId="S345" Value="13"/>
<Cov CovItemId="S350" Value="13"/>
<Cov CovItemId="S351" Value="13"/>
<Cov CovItemId="S352" Value="13"/>
<Cov CovItemId="S353" Value="13"/>
<Cov CovItemId="S354" Value="13"/>
<Cov CovItemId="S355" Value="13"/>
<Cov CovItemId="S356" Value="13"/>
<Cov CovItemId="S357" Value="13"/>
<Cov CovItemId="S358" Value="13"/>
<Cov CovItemId="S359" Value="13"/>
<Cov CovItemId="S361" Value="13"/>
<Cov CovItemId="S362" Value="13"/>
<Cov CovItemId="S464" Value="14"/>
<Cov CovItemId="S465" Value="14"/>
<Cov CovItemId="S466" Value="14"/>
<Cov CovItemId="S467" Value="14"/>
<Cov CovItemId="S534" Value="7"/>
<Cov CovItemId="S535" Value="7"/>
<Cov CovItemId="S536" Value="4"/>
<Cov CovItemId="S537" Value="4"/>
<Cov CovItemId="S538" Value="4"/>
<Cov CovItemId="S539" Value="4"/>
<Cov CovItemId="S540" Value="4"/>
<Cov CovItemId="S541" Value="4"/>
<Cov CovItemId="S542" Value="3"/>
<Cov CovItemId="S94" Value="26"/>
<Cov CovItemId="S96" Value="26"/>
</CovPrefix>
<CovPrefix CovItemPrefix="Player.java">
<Cov CovItemId="B2" Value="31"/>
<Cov CovItemId="B4" Value="13"/>
<Cov CovItemId="L1-1" Value="1"/>
<Cov CovItemId="L1-2" Value="12"/>
<Cov CovItemId="L2-1" Value="3"/>
<Cov CovItemId="L2-2" Value="4"/>
<Cov CovItemId="S10" Value="13"/>
<Cov CovItemId="S11" Value="13"/>
<Cov CovItemId="S12" Value="13"/>
<Cov CovItemId="S13" Value="31"/>
<Cov CovItemId="S14" Value="31"/>
<Cov CovItemId="S16" Value="13"/>
<Cov CovItemId="S18" Value="13"/>
<Cov CovItemId="S19" Value="7"/>
<Cov CovItemId="S20" Value="13"/>
<Cov CovItemId="S7" Value="2"/>
<Cov CovItemId="S8" Value="15"/>
<Cov CovItemId="S9" Value="8"/>
</CovPrefix>
<CovPrefix CovItemPrefix="StdOut.java">
<Cov CovItemId="B1" Value="1"/>
<Cov CovItemId="S1" Value="1"/>
<Cov CovItemId="S2" Value="1"/>
<Cov CovItemId="S3" Value="1"/>
<Cov CovItemId="S4" Value="1"/>
<Cov CovItemId="S7" Value="1"/>
</CovPrefix>
</CovList>
<AssgnmntList>
<AssgnmntPrefix RootTermCovItemPrefix="BlackJack.java">
<AssgnmntListEntry Length="2" RootTermCovItemId="C1">
<MapEntry BoolAssgnmnt="00" Value="1"/>
</AssgnmntListEntry>
<AssgnmntListEntry Length="1" RootTermCovItemId="C10">
<MapEntry BoolAssgnmnt="0" Value="1"/>
</AssgnmntListEntry>
<AssgnmntListEntry Length="1" RootTermCovItemId="C2">
<MapEntry BoolAssgnmnt="0" Value="1"/>
</AssgnmntListEntry>
<AssgnmntListEntry Length="1" RootTermCovItemId="C3">
<MapEntry BoolAssgnmnt="0" Value="1"/>
</AssgnmntListEntry>
<AssgnmntListEntry Length="1" RootTermCovItemId="C4">
<MapEntry BoolAssgnmnt="0" Value="1"/>
</AssgnmntListEntry>
<AssgnmntListEntry Length="1" RootTermCovItemId="C5">
<MapEntry BoolAssgnmnt="0" Value="1"/>
</AssgnmntListEntry>
<AssgnmntListEntry Length="1" RootTermCovItemId="C6">
<MapEntry BoolAssgnmnt="1" Value="1"/>
</AssgnmntListEntry>
<AssgnmntListEntry Length="1" RootTermCovItemId="C7">
<MapEntry BoolAssgnmnt="0" Value="1"/>
</AssgnmntListEntry>
<AssgnmntListEntry Length="1" RootTermCovItemId="C8">
<MapEntry BoolAssgnmnt="0" Value="1"/>
</AssgnmntListEntry>
</AssgnmntPrefix>
<AssgnmntPrefix RootTermCovItemPrefix="Card.java">
<AssgnmntListEntry Length="1" RootTermCovItemId="C1">
<MapEntry BoolAssgnmnt="0" Value="31"/>
</AssgnmntListEntry>
<AssgnmntListEntry Length="1" RootTermCovItemId="C2">
<MapEntry BoolAssgnmnt="0" Value="27"/>
<MapEntry BoolAssgnmnt="1" Value="4"/>
</AssgnmntListEntry>
<AssgnmntListEntry Length="1" RootTermCovItemId="C3">
<MapEntry BoolAssgnmnt="0" Value="12"/>
<MapEntry BoolAssgnmnt="1" Value="1"/>
</AssgnmntListEntry>
</AssgnmntPrefix>
<AssgnmntPrefix RootTermCovItemPrefix="Deck.java">
<AssgnmntListEntry Length="1" RootTermCovItemId="C1">
<MapEntry BoolAssgnmnt="0" Value="1"/>
<MapEntry BoolAssgnmnt="1" Value="52"/>
</AssgnmntListEntry>
</AssgnmntPrefix>
<AssgnmntPrefix RootTermCovItemPrefix="Draw.java">
<AssgnmntListEntry Length="1" RootTermCovItemId="C34">
<MapEntry BoolAssgnmnt="0" Value="13"/>
</AssgnmntListEntry>
<AssgnmntListEntry Length="2" RootTermCovItemId="C35">
<MapEntry BoolAssgnmnt="01" Value="13"/>
</AssgnmntListEntry>
<AssgnmntListEntry Length="2" RootTermCovItemId="C36">
<MapEntry BoolAssgnmnt="01" Value="13"/>
</AssgnmntListEntry>
<AssgnmntListEntry Length="1" RootTermCovItemId="C37">
<MapEntry BoolAssgnmnt="1" Value="13"/>
</AssgnmntListEntry>
<AssgnmntListEntry Length="2" RootTermCovItemId="C38">
<MapEntry BoolAssgnmnt="00" Value="13"/>
</AssgnmntListEntry>
<AssgnmntListEntry Length="1" RootTermCovItemId="C4">
<MapEntry BoolAssgnmnt="0" Value="26"/>
</AssgnmntListEntry>
<AssgnmntListEntry Length="2" RootTermCovItemId="C40">
<MapEntry BoolAssgnmnt="00" Value="13"/>
</AssgnmntListEntry>
<AssgnmntListEntry Length="1" RootTermCovItemId="C46">
<MapEntry BoolAssgnmnt="0" Value="14"/>
</AssgnmntListEntry>
<AssgnmntListEntry Length="1" RootTermCovItemId="C5">
<MapEntry BoolAssgnmnt="0" Value="26"/>
</AssgnmntListEntry>
<AssgnmntListEntry Length="1" RootTermCovItemId="C7">
<MapEntry BoolAssgnmnt="0" Value="14"/>
</AssgnmntListEntry>
</AssgnmntPrefix>
<AssgnmntPrefix RootTermCovItemPrefix="Player.java">
<AssgnmntListEntry Length="1" RootTermCovItemId="C1">
<MapEntry BoolAssgnmnt="0" Value="13"/>
<MapEntry BoolAssgnmnt="1" Value="31"/>
</AssgnmntListEntry>
<AssgnmntListEntry Length="1" RootTermCovItemId="C2">
<MapEntry BoolAssgnmnt="0" Value="31"/>
</AssgnmntListEntry>
<AssgnmntListEntry Length="2" RootTermCovItemId="C3">
<MapEntry BoolAssgnmnt="02" Value="13"/>
</AssgnmntListEntry>
<AssgnmntListEntry Length="1" RootTermCovItemId="C4">
<MapEntry BoolAssgnmnt="0" Value="7"/>
<MapEntry BoolAssgnmnt="1" Value="13"/>
</AssgnmntListEntry>
</AssgnmntPrefix>
</AssgnmntList>
<ObjMetaDataList/>
<MetaDataList/>
</TestCase>
<TestCase Comment="" Date="1589513785450" Name="BlackJackTest:testDeal">
<CovList>
<CovPrefix CovItemPrefix="BlackJack.java">
<Cov CovItemId="B1" Value="2"/>
<Cov CovItemId="S31" Value="8"/>
<Cov CovItemId="S32" Value="8"/>
<Cov CovItemId="S33" Value="8"/>
<Cov CovItemId="S34" Value="2"/>
<Cov CovItemId="S35" Value="2"/>
<Cov CovItemId="S36" Value="2"/>
<Cov CovItemId="S37" Value="2"/>
<Cov CovItemId="S38" Value="2"/>
<Cov CovItemId="S39" Value="2"/>
<Cov CovItemId="S40" Value="2"/>
<Cov CovItemId="S41" Value="2"/>
<Cov CovItemId="S42" Value="2"/>
<Cov CovItemId="S43" Value="2"/>
<Cov CovItemId="S44" Value="2"/>
<Cov CovItemId="S45" Value="2"/>
</CovPrefix>
<CovPrefix CovItemPrefix="Card.java">
<Cov CovItemId="B5" Value="2"/>
<Cov CovItemId="B6" Value="10"/>
<Cov CovItemId="S1" Value="104"/>
<Cov CovItemId="S12" Value="12"/>
<Cov CovItemId="S13" Value="2"/>
<Cov CovItemId="S14" Value="10"/>
<Cov CovItemId="S15" Value="2"/>
<Cov CovItemId="S2" Value="104"/>
<Cov CovItemId="S3" Value="104"/>
<Cov CovItemId="S4" Value="104"/>
<Cov CovItemId="S5" Value="104"/>
</CovPrefix>
<CovPrefix CovItemPrefix="Deck.java">
<Cov CovItemId="L1-2" Value="2"/>
<Cov CovItemId="L2-2" Value="2"/>
<Cov CovItemId="S10" Value="104"/>
<Cov CovItemId="S11" Value="104"/>
<Cov CovItemId="S12" Value="104"/>
<Cov CovItemId="S13" Value="104"/>
<Cov CovItemId="S2" Value="2"/>
<Cov CovItemId="S3" Value="2"/>
<Cov CovItemId="S4" Value="2"/>
<Cov CovItemId="S5" Value="104"/>
<Cov CovItemId="S6" Value="8"/>
<Cov CovItemId="S8" Value="1"/>
<Cov CovItemId="S9" Value="2"/>
</CovPrefix>
<CovPrefix CovItemPrefix="Draw.java">
<Cov CovItemId="B10" Value="24"/>
<Cov CovItemId="B14" Value="14"/>
<Cov CovItemId="B54" Value="12"/>
<Cov CovItemId="B55" Value="12"/>
<Cov CovItemId="B58" Value="12"/>
<Cov CovItemId="B59" Value="12"/>
<Cov CovItemId="B61" Value="12"/>
<Cov CovItemId="B64" Value="12"/>
<Cov CovItemId="B68" Value="12"/>
<Cov CovItemId="B8" Value="24"/>
<Cov CovItemId="B81" Value="14"/>
<Cov CovItemId="S100" Value="14"/>
<Cov CovItemId="S118" Value="12"/>
<Cov CovItemId="S119" Value="12"/>
<Cov CovItemId="S125" Value="2"/>
<Cov CovItemId="S126" Value="2"/>
<Cov CovItemId="S127" Value="2"/>
<Cov CovItemId="S128" Value="2"/>
<Cov CovItemId="S129" Value="2"/>
<Cov CovItemId="S334" Value="12"/>
<Cov CovItemId="S336" Value="12"/>
<Cov CovItemId="S337" Value="12"/>
<Cov CovItemId="S338" Value="12"/>
<Cov CovItemId="S339" Value="12"/>
<Cov CovItemId="S341" Value="12"/>
<Cov CovItemId="S342" Value="12"/>
<Cov CovItemId="S343" Value="12"/>
<Cov CovItemId="S344" Value="12"/>
<Cov CovItemId="S345" Value="12"/>
<Cov CovItemId="S350" Value="12"/>
<Cov CovItemId="S351" Value="12"/>
<Cov CovItemId="S352" Value="12"/>
<Cov CovItemId="S353" Value="12"/>
<Cov CovItemId="S354" Value="12"/>
<Cov CovItemId="S355" Value="12"/>
<Cov CovItemId="S356" Value="12"/>
<Cov CovItemId="S357" Value="12"/>
<Cov CovItemId="S358" Value="12"/>
<Cov CovItemId="S359" Value="12"/>
<Cov CovItemId="S361" Value="12"/>
<Cov CovItemId="S362" Value="12"/>
<Cov CovItemId="S464" Value="14"/>
<Cov CovItemId="S465" Value="14"/>
<Cov CovItemId="S466" Value="14"/>
<Cov CovItemId="S467" Value="14"/>
<Cov CovItemId="S534" Value="7"/>
<Cov CovItemId="S535" Value="7"/>
<Cov CovItemId="S536" Value="4"/>
<Cov CovItemId="S537" Value="4"/>
<Cov CovItemId="S538" Value="4"/>
<Cov CovItemId="S539" Value="4"/>
<Cov CovItemId="S540" Value="4"/>
<Cov CovItemId="S541" Value="4"/>
<Cov CovItemId="S542" Value="3"/>
<Cov CovItemId="S94" Value="24"/>
<Cov CovItemId="S96" Value="24"/>
</CovPrefix>
<CovPrefix CovItemPrefix="Player.java">
<Cov CovItemId="L2-1" Value="4"/>
<Cov CovItemId="L2-2" Value="4"/>
<Cov CovItemId="S19" Value="8"/>
<Cov CovItemId="S20" Value="12"/>
<Cov CovItemId="S7" Value="3"/>
<Cov CovItemId="S8" Value="8"/>
<Cov CovItemId="S9" Value="4"/>
</CovPrefix>
</CovList>
<AssgnmntList>
<AssgnmntPrefix RootTermCovItemPrefix="BlackJack.java">
<AssgnmntListEntry Length="2" RootTermCovItemId="C1">
<MapEntry BoolAssgnmnt="01" Value="1"/>
<MapEntry BoolAssgnmnt="12" Value="1"/>
</AssgnmntListEntry>
</AssgnmntPrefix>
<AssgnmntPrefix RootTermCovItemPrefix="Card.java">
<AssgnmntListEntry Length="1" RootTermCovItemId="C3">
<MapEntry BoolAssgnmnt="0" Value="10"/>
<MapEntry BoolAssgnmnt="1" Value="2"/>
</AssgnmntListEntry>
</AssgnmntPrefix>
<AssgnmntPrefix RootTermCovItemPrefix="Deck.java">
<AssgnmntListEntry Length="1" RootTermCovItemId="C1">
<MapEntry BoolAssgnmnt="0" Value="2"/>
<MapEntry BoolAssgnmnt="1" Value="104"/>
</AssgnmntListEntry>
<AssgnmntListEntry Length="1" RootTermCovItemId="C2">
<MapEntry BoolAssgnmnt="0" Value="2"/>
<MapEntry BoolAssgnmnt="1" Value="104"/>
</AssgnmntListEntry>
</AssgnmntPrefix>
<AssgnmntPrefix RootTermCovItemPrefix="Draw.java">
<AssgnmntListEntry Length="1" RootTermCovItemId="C34">
<MapEntry BoolAssgnmnt="0" Value="12"/>
</AssgnmntListEntry>
<AssgnmntListEntry Length="2" RootTermCovItemId="C35">
<MapEntry BoolAssgnmnt="01" Value="12"/>
</AssgnmntListEntry>
<AssgnmntListEntry Length="2" RootTermCovItemId="C36">
<MapEntry BoolAssgnmnt="01" Value="12"/>
</AssgnmntListEntry>
<AssgnmntListEntry Length="1" RootTermCovItemId="C37">
<MapEntry BoolAssgnmnt="1" Value="12"/>
</AssgnmntListEntry>
<AssgnmntListEntry Length="2" RootTermCovItemId="C38">
<MapEntry BoolAssgnmnt="00" Value="12"/>
</AssgnmntListEntry>
<AssgnmntListEntry Length="1" RootTermCovItemId="C4">
<MapEntry BoolAssgnmnt="0" Value="24"/>
</AssgnmntListEntry>
<AssgnmntListEntry Length="2" RootTermCovItemId="C40">
<MapEntry BoolAssgnmnt="00" Value="12"/>
</AssgnmntListEntry>
<AssgnmntListEntry Length="1" RootTermCovItemId="C46">
<MapEntry BoolAssgnmnt="0" Value="14"/>
</AssgnmntListEntry>
<AssgnmntListEntry Length="1" RootTermCovItemId="C5">
<MapEntry BoolAssgnmnt="0" Value="24"/>
</AssgnmntListEntry>
<AssgnmntListEntry Length="1" RootTermCovItemId="C7">
<MapEntry BoolAssgnmnt="0" Value="14"/>
</AssgnmntListEntry>
</AssgnmntPrefix>
<AssgnmntPrefix RootTermCovItemPrefix="Player.java">
<AssgnmntListEntry Length="1" RootTermCovItemId="C4">
<MapEntry BoolAssgnmnt="0" Value="8"/>
<MapEntry BoolAssgnmnt="1" Value="12"/>
</AssgnmntListEntry>
</AssgnmntPrefix>
</AssgnmntList>
<ObjMetaDataList/>
<MetaDataList/>
</TestCase>
<TestCase Comment="" Date="1589513785872" Name="BlackJackTest:testMain">
<CovList>
<CovPrefix CovItemPrefix="BlackJack.java">
<Cov CovItemId="S10" Value="1"/>
<Cov CovItemId="S11" Value="1"/>
<Cov CovItemId="S12" Value="1"/>
<Cov CovItemId="S13" Value="1"/>
<Cov CovItemId="S14" Value="1"/>
<Cov CovItemId="S15" Value="1"/>
<Cov CovItemId="S16" Value="1"/>
<Cov CovItemId="S17" Value="1"/>
<Cov CovItemId="S18" Value="1"/>
<Cov CovItemId="S19" Value="1"/>
<Cov CovItemId="S2" Value="1"/>
<Cov CovItemId="S20" Value="1"/>
<Cov CovItemId="S21" Value="1"/>
<Cov CovItemId="S22" Value="1"/>
<Cov CovItemId="S23" Value="1"/>
<Cov CovItemId="S24" Value="1"/>
<Cov CovItemId="S25" Value="1"/>
<Cov CovItemId="S26" Value="1"/>
<Cov CovItemId="S27" Value="1"/>
<Cov CovItemId="S28" Value="1"/>
<Cov CovItemId="S29" Value="1"/>
<Cov CovItemId="S3" Value="1"/>
<Cov CovItemId="S30" Value="1"/>
<Cov CovItemId="S4" Value="1"/>
<Cov CovItemId="S5" Value="1"/>
<Cov CovItemId="S6" Value="1"/>
<Cov CovItemId="S7" Value="1"/>
<Cov CovItemId="S79" Value="1"/>
<Cov CovItemId="S8" Value="1"/>
<Cov CovItemId="S9" Value="1"/>
</CovPrefix>
<CovPrefix CovItemPrefix="Draw.java">
<Cov CovItemId="B1" Value="2"/>
<Cov CovItemId="B10" Value="14"/>
<Cov CovItemId="B12" Value="2"/>
<Cov CovItemId="B14" Value="6"/>
<Cov CovItemId="B16" Value="3"/>
<Cov CovItemId="B18" Value="3"/>
<Cov CovItemId="B6" Value="1"/>
<Cov CovItemId="B8" Value="14"/>
<Cov CovItemId="B81" Value="2"/>
<Cov CovItemId="S100" Value="6"/>
<Cov CovItemId="S102" Value="2"/>
<Cov CovItemId="S103" Value="2"/>
<Cov CovItemId="S104" Value="3"/>
<Cov CovItemId="S105" Value="3"/>
<Cov CovItemId="S106" Value="3"/>
<Cov CovItemId="S107" Value="3"/>
<Cov CovItemId="S109" Value="3"/>
<Cov CovItemId="S110" Value="3"/>
<Cov CovItemId="S111" Value="3"/>
<Cov CovItemId="S112" Value="3"/>
<Cov CovItemId="S113" Value="3"/>
<Cov CovItemId="S114" Value="3"/>
<Cov CovItemId="S116" Value="3"/>
<Cov CovItemId="S117" Value="3"/>
<Cov CovItemId="S124" Value="2"/>
<Cov CovItemId="S125" Value="2"/>
<Cov CovItemId="S126" Value="2"/>
<Cov CovItemId="S127" Value="2"/>
<Cov CovItemId="S128" Value="2"/>
<Cov CovItemId="S129" Value="2"/>
<Cov CovItemId="S131" Value="2"/>
<Cov CovItemId="S132" Value="2"/>
<Cov CovItemId="S133" Value="2"/>
<Cov CovItemId="S134" Value="2"/>
<Cov CovItemId="S135" Value="2"/>
<Cov CovItemId="S136" Value="2"/>
<Cov CovItemId="S138" Value="2"/>
<Cov CovItemId="S139" Value="2"/>
<Cov CovItemId="S140" Value="2"/>
<Cov CovItemId="S141" Value="2"/>
<Cov CovItemId="S151" Value="1"/>
<Cov CovItemId="S153" Value="2"/>
<Cov CovItemId="S154" Value="2"/>
<Cov CovItemId="S155" Value="2"/>
<Cov CovItemId="S28" Value="1"/>
<Cov CovItemId="S29" Value="1"/>
<Cov CovItemId="S30" Value="1"/>
<Cov CovItemId="S31" Value="1"/>
<Cov CovItemId="S32" Value="1"/>
<Cov CovItemId="S33" Value="1"/>
<Cov CovItemId="S34" Value="1"/>
<Cov CovItemId="S35" Value="1"/>
<Cov CovItemId="S36" Value="1"/>
<Cov CovItemId="S37" Value="1"/>
<Cov CovItemId="S38" Value="1"/>
<Cov CovItemId="S39" Value="1"/>
<Cov CovItemId="S40" Value="1"/>
<Cov CovItemId="S43" Value="1"/>
<Cov CovItemId="S44" Value="2"/>
<Cov CovItemId="S45" Value="2"/>
<Cov CovItemId="S46" Value="2"/>
<Cov CovItemId="S464" Value="2"/>
<Cov CovItemId="S465" Value="2"/>
<Cov CovItemId="S466" Value="2"/>
<Cov CovItemId="S467" Value="2"/>
<Cov CovItemId="S47" Value="2"/>
<Cov CovItemId="S48" Value="2"/>
<Cov CovItemId="S49" Value="2"/>
<Cov CovItemId="S50" Value="2"/>
<Cov CovItemId="S51" Value="2"/>
<Cov CovItemId="S52" Value="2"/>
<Cov CovItemId="S53" Value="2"/>
<Cov CovItemId="S533" Value="2"/>
<Cov CovItemId="S534" Value="10"/>
<Cov CovItemId="S535" Value="10"/>
<Cov CovItemId="S536" Value="2"/>
<Cov CovItemId="S537" Value="2"/>
<Cov CovItemId="S538" Value="2"/>
<Cov CovItemId="S539" Value="2"/>
<Cov CovItemId="S54" Value="2"/>
<Cov CovItemId="S540" Value="2"/>
<Cov CovItemId="S541" Value="2"/>
<Cov CovItemId="S542" Value="2"/>
<Cov CovItemId="S55" Value="2"/>
<Cov CovItemId="S56" Value="2"/>
<Cov CovItemId="S57" Value="2"/>
<Cov CovItemId="S58" Value="2"/>
<Cov CovItemId="S59" Value="2"/>
<Cov CovItemId="S60" Value="2"/>
<Cov CovItemId="S61" Value="2"/>
<Cov CovItemId="S62" Value="2"/>
<Cov CovItemId="S63" Value="2"/>
<Cov CovItemId="S64" Value="2"/>
<Cov CovItemId="S65" Value="2"/>
<Cov CovItemId="S66" Value="2"/>
<Cov CovItemId="S67" Value="2"/>
<Cov CovItemId="S68" Value="2"/>
<Cov CovItemId="S69" Value="2"/>
<Cov CovItemId="S70" Value="2"/>
<Cov CovItemId="S71" Value="2"/>
<Cov CovItemId="S72" Value="2"/>
<Cov CovItemId="S73" Value="2"/>
<Cov CovItemId="S74" Value="2"/>
<Cov CovItemId="S75" Value="2"/>
<Cov CovItemId="S76" Value="2"/>
<Cov CovItemId="S81" Value="1"/>
<Cov CovItemId="S83" Value="1"/>
<Cov CovItemId="S84" Value="1"/>
<Cov CovItemId="S85" Value="1"/>
<Cov CovItemId="S86" Value="2"/>
<Cov CovItemId="S87" Value="2"/>
<Cov CovItemId="S88" Value="2"/>
<Cov CovItemId="S89" Value="2"/>
<Cov CovItemId="S90" Value="2"/>
<Cov CovItemId="S91" Value="2"/>
<Cov CovItemId="S92" Value="2"/>
<Cov CovItemId="S93" Value="2"/>
<Cov CovItemId="S94" Value="14"/>
<Cov CovItemId="S96" Value="14"/>
<Cov CovItemId="S98" Value="2"/>
</CovPrefix>
<CovPrefix CovItemPrefix="Player.java">
<Cov CovItemId="S2" Value="2"/>
<Cov CovItemId="S3" Value="2"/>
<Cov CovItemId="S4" Value="2"/>
<Cov CovItemId="S5" Value="2"/>
<Cov CovItemId="S6" Value="2"/>
</CovPrefix>
</CovList>
<AssgnmntList>
<AssgnmntPrefix RootTermCovItemPrefix="Draw.java">
<AssgnmntListEntry Length="1" RootTermCovItemId="C1">
<MapEntry BoolAssgnmnt="1" Value="2"/>
</AssgnmntListEntry>
<AssgnmntListEntry Length="2" RootTermCovItemId="C3">
<MapEntry BoolAssgnmnt="00" Value="1"/>
</AssgnmntListEntry>
<AssgnmntListEntry Length="1" RootTermCovItemId="C4">
<MapEntry BoolAssgnmnt="0" Value="14"/>
</AssgnmntListEntry>
<AssgnmntListEntry Length="1" RootTermCovItemId="C46">
<MapEntry BoolAssgnmnt="0" Value="2"/>
</AssgnmntListEntry>
<AssgnmntListEntry Length="1" RootTermCovItemId="C5">
<MapEntry BoolAssgnmnt="0" Value="14"/>
</AssgnmntListEntry>
<AssgnmntListEntry Length="1" RootTermCovItemId="C6">
<MapEntry BoolAssgnmnt="0" Value="2"/>
</AssgnmntListEntry>
<AssgnmntListEntry Length="1" RootTermCovItemId="C7">
<MapEntry BoolAssgnmnt="0" Value="6"/>
</AssgnmntListEntry>
<AssgnmntListEntry Length="1" RootTermCovItemId="C8">
<MapEntry BoolAssgnmnt="0" Value="3"/>
</AssgnmntListEntry>
<AssgnmntListEntry Length="1" RootTermCovItemId="C9">
<MapEntry BoolAssgnmnt="0" Value="3"/>
</AssgnmntListEntry>
</AssgnmntPrefix>
</AssgnmntList>
<ObjMetaDataList/>
<MetaDataList/>
</TestCase>
<TestCase Comment="Failure&#10;org.junit.ComparisonFailure: expected:&lt;Gambler [bust]s&gt; but was:&lt;Gambler [win]s&gt;&#13;&#10;&#9;at org.junit.Assert.assertEquals(Assert.java:115)&#13;&#10;&#9;at org.junit.Assert.assertEquals(Assert.java:144)&#13;&#10;&#9;at BlackJackTest.testCheckWinner(BlackJackTest.java:62)&#13;&#10;&#9;at sun.reflect.NativeMethodAccessorImpl.invoke0(Native Method)&#13;&#10;&#9;at sun.reflect.NativeMethodAccessorImpl.invoke(Unknown Source)&#13;&#10;&#9;at sun.reflect.DelegatingMethodAccessorImpl.invoke(Unknown Source)&#13;&#10;&#9;at java.lang.reflect.Method.invoke(Unknown Source)&#13;&#10;&#9;at org.junit.runners.model.FrameworkMethod$1.runReflectiveCall(FrameworkMethod.java:47)&#13;&#10;&#9;at org.junit.internal.runners.model.ReflectiveCallable.run(ReflectiveCallable.java:12)&#13;&#10;&#9;at org.junit.runners.model.FrameworkMethod.invokeExplosively(FrameworkMethod.java:44)&#13;&#10;&#9;at org.junit.internal.runners.statements.InvokeMethod.evaluate(InvokeMethod.java:17)&#13;&#10;&#9;at org.junit.runners.ParentRunner.runLeaf(ParentRunner.java:271)&#13;&#10;&#9;at org.junit.runners.BlockJUnit4ClassRunner.runChild(BlockJUnit4ClassRunner.java:70)&#13;&#10;&#9;at org.junit.runners.BlockJUnit4ClassRunner.runChild(BlockJUnit4ClassRunner.java:50)&#13;&#10;&#9;at org.junit.runners.ParentRunner$3.run(ParentRunner.java:238)&#13;&#10;&#9;at org.junit.runners.ParentRunner$1.schedule(ParentRunner.java:63)&#13;&#10;&#9;at org.junit.runners.ParentRunner.runChildren(ParentRunner.java:236)&#13;&#10;&#9;at org.junit.runners.ParentRunner.access$000(ParentRunner.java:53)&#13;&#10;&#9;at org.junit.runners.ParentRunner$2.evaluate(ParentRunner.java:229)&#13;&#10;&#9;at org.junit.runners.ParentRunner.run(ParentRunner.java:309)&#13;&#10;&#9;at org.eclipse.jdt.internal.junit4.runner.JUnit4TestReference.run(JUnit4TestReference.java:50)&#13;&#10;&#9;at org.eclipse.jdt.internal.junit.runner.TestExecution.run(TestExecution.java:38)&#13;&#10;&#9;at org.eclipse.jdt.internal.junit.runner.RemoteTestRunner.runTests(RemoteTestRunner.java:467)&#13;&#10;&#9;at org.eclipse.jdt.internal.junit.runner.RemoteTestRunner.runTests(RemoteTestRunner.java:683)&#13;&#10;&#9;at org.eclipse.jdt.internal.junit.runner.RemoteTestRunner.run(RemoteTestRunner.java:390)&#13;&#10;&#9;at org.codecover.juniteclipse.runner.EclipseTestRunner.main(EclipseTestRunner.java:40)" Date="1589513786306" Name="BlackJackTest:testCheckWinner">
<CovList>
<CovPrefix CovItemPrefix="BlackJack.java">
<Cov CovItemId="B4" Value="1"/>
<Cov CovItemId="B6" Value="1"/>
<Cov CovItemId="B8" Value="1"/>
<Cov CovItemId="B9" Value="1"/>
<Cov CovItemId="S46" Value="1"/>
<Cov CovItemId="S47" Value="1"/>
<Cov CovItemId="S48" Value="1"/>
<Cov CovItemId="S49" Value="1"/>
<Cov CovItemId="S51" Value="1"/>
<Cov CovItemId="S53" Value="1"/>
<Cov CovItemId="S55" Value="1"/>
<Cov CovItemId="S56" Value="1"/>
<Cov CovItemId="S58" Value="1"/>
</CovPrefix>
<CovPrefix CovItemPrefix="Card.java">
<Cov CovItemId="B1" Value="6"/>
<Cov CovItemId="B2" Value="6"/>
<Cov CovItemId="B3" Value="3"/>
<Cov CovItemId="B4" Value="3"/>
<Cov CovItemId="B6" Value="1"/>
<Cov CovItemId="S1" Value="52"/>
<Cov CovItemId="S10" Value="3"/>
<Cov CovItemId="S11" Value="3"/>
<Cov CovItemId="S12" Value="1"/>
<Cov CovItemId="S14" Value="1"/>
<Cov CovItemId="S16" Value="1"/>
<Cov CovItemId="S2" Value="52"/>
<Cov CovItemId="S3" Value="52"/>
<Cov CovItemId="S4" Value="52"/>
<Cov CovItemId="S5" Value="52"/>
<Cov CovItemId="S6" Value="12"/>
<Cov CovItemId="S7" Value="12"/>
<Cov CovItemId="S8" Value="6"/>
<Cov CovItemId="S9" Value="6"/>
</CovPrefix>
<CovPrefix CovItemPrefix="Deck.java">
<Cov CovItemId="L1-2" Value="1"/>
<Cov CovItemId="S2" Value="1"/>
<Cov CovItemId="S3" Value="1"/>
<Cov CovItemId="S4" Value="1"/>
<Cov CovItemId="S5" Value="52"/>
</CovPrefix>
<CovPrefix CovItemPrefix="Draw.java">
<Cov CovItemId="B10" Value="2"/>
<Cov CovItemId="B14" Value="1"/>
<Cov CovItemId="B54" Value="1"/>
<Cov CovItemId="B55" Value="1"/>
<Cov CovItemId="B58" Value="1"/>
<Cov CovItemId="B59" Value="1"/>
<Cov CovItemId="B61" Value="1"/>
<Cov CovItemId="B64" Value="1"/>
<Cov CovItemId="B68" Value="1"/>
<Cov CovItemId="B8" Value="2"/>
<Cov CovItemId="B81" Value="1"/>
<Cov CovItemId="S100" Value="1"/>
<Cov CovItemId="S118" Value="1"/>
<Cov CovItemId="S119" Value="1"/>
<Cov CovItemId="S334" Value="1"/>
<Cov CovItemId="S336" Value="1"/>
<Cov CovItemId="S337" Value="1"/>
<Cov CovItemId="S338" Value="1"/>
<Cov CovItemId="S339" Value="1"/>
<Cov CovItemId="S341" Value="1"/>
<Cov CovItemId="S342" Value="1"/>
<Cov CovItemId="S343" Value="1"/>
<Cov CovItemId="S344" Value="1"/>
<Cov CovItemId="S345" Value="1"/>
<Cov CovItemId="S350" Value="1"/>
<Cov CovItemId="S351" Value="1"/>
<Cov CovItemId="S352" Value="1"/>
<Cov CovItemId="S353" Value="1"/>
<Cov CovItemId="S354" Value="1"/>
<Cov CovItemId="S355" Value="1"/>
<Cov CovItemId="S356" Value="1"/>
<Cov CovItemId="S357" Value="1"/>
<Cov CovItemId="S358" Value="1"/>
<Cov CovItemId="S359" Value="1"/>
<Cov CovItemId="S361" Value="1"/>
<Cov CovItemId="S362" Value="1"/>
<Cov CovItemId="S464" Value="1"/>
<Cov CovItemId="S465" Value="1"/>
<Cov CovItemId="S466" Value="1"/>
<Cov CovItemId="S467" Value="1"/>
<Cov CovItemId="S534" Value="1"/>
<Cov CovItemId="S535" Value="1"/>
<Cov CovItemId="S536" Value="1"/>
<Cov CovItemId="S537" Value="1"/>
<Cov CovItemId="S538" Value="1"/>
<Cov CovItemId="S539" Value="1"/>
<Cov CovItemId="S540" Value="1"/>
<Cov CovItemId="S541" Value="1"/>
<Cov CovItemId="S94" Value="2"/>
<Cov CovItemId="S96" Value="2"/>
</CovPrefix>
<CovPrefix CovItemPrefix="Player.java">
<Cov CovItemId="B1" Value="6"/>
<Cov CovItemId="B2" Value="6"/>
<Cov CovItemId="B3" Value="3"/>
<Cov CovItemId="B4" Value="3"/>
<Cov CovItemId="L1-1" Value="3"/>
<Cov CovItemId="L1-2" Value="3"/>
<Cov CovItemId="L2-1" Value="1"/>
<Cov CovItemId="S10" Value="6"/>
<Cov CovItemId="S11" Value="6"/>
<Cov CovItemId="S12" Value="6"/>
<Cov CovItemId="S13" Value="12"/>
<Cov CovItemId="S14" Value="12"/>
<Cov CovItemId="S15" Value="6"/>
<Cov CovItemId="S16" Value="6"/>
<Cov CovItemId="S17" Value="3"/>
<Cov CovItemId="S18" Value="6"/>
<Cov CovItemId="S19" Value="1"/>
<Cov CovItemId="S20" Value="1"/>
<Cov CovItemId="S7" Value="1"/>
<Cov CovItemId="S8" Value="4"/>
<Cov CovItemId="S9" Value="2"/>
</CovPrefix>
<CovPrefix CovItemPrefix="StdOut.java">
<Cov CovItemId="S7" Value="1"/>
</CovPrefix>
</CovList>
<AssgnmntList>
<AssgnmntPrefix RootTermCovItemPrefix="BlackJack.java">
<AssgnmntListEntry Length="1" RootTermCovItemId="C2">
<MapEntry BoolAssgnmnt="0" Value="1"/>
</AssgnmntListEntry>
<AssgnmntListEntry Length="1" RootTermCovItemId="C3">
<MapEntry BoolAssgnmnt="0" Value="1"/>
</AssgnmntListEntry>
<AssgnmntListEntry Length="1" RootTermCovItemId="C4">
<MapEntry BoolAssgnmnt="0" Value="1"/>
</AssgnmntListEntry>
<AssgnmntListEntry Length="1" RootTermCovItemId="C5">
<MapEntry BoolAssgnmnt="1" Value="1"/>
</AssgnmntListEntry>
</AssgnmntPrefix>
<AssgnmntPrefix RootTermCovItemPrefix="Card.java">
<AssgnmntListEntry Length="1" RootTermCovItemId="C1">
<MapEntry BoolAssgnmnt="0" Value="6"/>
<MapEntry BoolAssgnmnt="1" Value="6"/>
</AssgnmntListEntry>
<AssgnmntListEntry Length="1" RootTermCovItemId="C2">
<MapEntry BoolAssgnmnt="0" Value="3"/>
<MapEntry BoolAssgnmnt="1" Value="3"/>
</AssgnmntListEntry>
<AssgnmntListEntry Length="1" RootTermCovItemId="C3">
<MapEntry BoolAssgnmnt="0" Value="1"/>
</AssgnmntListEntry>
</AssgnmntPrefix>
<AssgnmntPrefix RootTermCovItemPrefix="Deck.java">
<AssgnmntListEntry Length="1" RootTermCovItemId="C1">
<MapEntry BoolAssgnmnt="0" Value="1"/>
<MapEntry BoolAssgnmnt="1" Value="52"/>
</AssgnmntListEntry>
</AssgnmntPrefix>
<AssgnmntPrefix RootTermCovItemPrefix="Draw.java">
<AssgnmntListEntry Length="1" RootTermCovItemId="C34">
<MapEntry BoolAssgnmnt="0" Value="1"/>
</AssgnmntListEntry>
<AssgnmntListEntry Length="2" RootTermCovItemId="C35">
<MapEntry BoolAssgnmnt="01" Value="1"/>
</AssgnmntListEntry>
<AssgnmntListEntry Length="2" RootTermCovItemId="C36">
<MapEntry BoolAssgnmnt="01" Value="1"/>
</AssgnmntListEntry>
<AssgnmntListEntry Length="1" RootTermCovItemId="C37">
<MapEntry BoolAssgnmnt="1" Value="1"/>
</AssgnmntListEntry>
<AssgnmntListEntry Length="2" RootTermCovItemId="C38">
<MapEntry BoolAssgnmnt="00" Value="1"/>
</AssgnmntListEntry>
<AssgnmntListEntry Length="1" RootTermCovItemId="C4">
<MapEntry BoolAssgnmnt="0" Value="2"/>
</AssgnmntListEntry>
<AssgnmntListEntry Length="2" RootTermCovItemId="C40">
<MapEntry BoolAssgnmnt="00" Value="1"/>
</AssgnmntListEntry>
<AssgnmntListEntry Length="1" RootTermCovItemId="C46">
<MapEntry BoolAssgnmnt="0" Value="1"/>
</AssgnmntListEntry>
<AssgnmntListEntry Length="1" RootTermCovItemId="C5">
<MapEntry BoolAssgnmnt="0" Value="2"/>
</AssgnmntListEntry>
<AssgnmntListEntry Length="1" RootTermCovItemId="C7">
<MapEntry BoolAssgnmnt="0" Value="1"/>
</AssgnmntListEntry>
</AssgnmntPrefix>
<AssgnmntPrefix RootTermCovItemPrefix="Player.java">
<AssgnmntListEntry Length="1" RootTermCovItemId="C1">
<MapEntry BoolAssgnmnt="0" Value="6"/>
<MapEntry BoolAssgnmnt="1" Value="12"/>
</AssgnmntListEntry>
<AssgnmntListEntry Length="1" RootTermCovItemId="C2">
<MapEntry BoolAssgnmnt="0" Value="6"/>
<MapEntry BoolAssgnmnt="1" Value="6"/>
</AssgnmntListEntry>
<AssgnmntListEntry Length="2" RootTermCovItemId="C3">
<MapEntry BoolAssgnmnt="10" Value="3"/>
<MapEntry BoolAssgnmnt="11" Value="3"/>
</AssgnmntListEntry>
<AssgnmntListEntry Length="1" RootTermCovItemId="C4">
<MapEntry BoolAssgnmnt="0" Value="1"/>
<MapEntry BoolAssgnmnt="1" Value="1"/>
</AssgnmntListEntry>
</AssgnmntPrefix>
</AssgnmntList>
<ObjMetaDataList/>
<MetaDataList/>
</TestCase>
<TestCase Comment="" Date="1589513786543" Name="BlackJackTest:initHere">
<CovList>
<CovPrefix CovItemPrefix="BlackJack.java">
<Cov CovItemId="S10" Value="1"/>
<Cov CovItemId="S11" Value="1"/>
<Cov CovItemId="S12" Value="1"/>
<Cov CovItemId="S13" Value="1"/>
<Cov CovItemId="S14" Value="1"/>
<Cov CovItemId="S15" Value="1"/>
<Cov CovItemId="S16" Value="1"/>
<Cov CovItemId="S17" Value="1"/>
<Cov CovItemId="S18" Value="1"/>
<Cov CovItemId="S19" Value="1"/>
<Cov CovItemId="S2" Value="1"/>
<Cov CovItemId="S20" Value="1"/>
<Cov CovItemId="S21" Value="1"/>
<Cov CovItemId="S22" Value="1"/>
<Cov CovItemId="S23" Value="1"/>
<Cov CovItemId="S24" Value="1"/>
<Cov CovItemId="S25" Value="1"/>
<Cov CovItemId="S26" Value="1"/>
<Cov CovItemId="S27" Value="1"/>
<Cov CovItemId="S28" Value="1"/>
<Cov CovItemId="S29" Value="1"/>
<Cov CovItemId="S3" Value="1"/>
<Cov CovItemId="S30" Value="1"/>
<Cov CovItemId="S4" Value="1"/>
<Cov CovItemId="S5" Value="1"/>
<Cov CovItemId="S6" Value="1"/>
<Cov CovItemId="S7" Value="1"/>
<Cov CovItemId="S8" Value="1"/>
<Cov CovItemId="S9" Value="1"/>
</CovPrefix>
<CovPrefix CovItemPrefix="Draw.java">
<Cov CovItemId="B1" Value="2"/>
<Cov CovItemId="B10" Value="14"/>
<Cov CovItemId="B12" Value="2"/>
<Cov CovItemId="B14" Value="6"/>
<Cov CovItemId="B16" Value="3"/>
<Cov CovItemId="B18" Value="3"/>
<Cov CovItemId="B6" Value="1"/>
<Cov CovItemId="B8" Value="14"/>
<Cov CovItemId="B81" Value="2"/>
<Cov CovItemId="S100" Value="6"/>
<Cov CovItemId="S102" Value="2"/>
<Cov CovItemId="S103" Value="2"/>
<Cov CovItemId="S104" Value="3"/>
<Cov CovItemId="S105" Value="3"/>
<Cov CovItemId="S106" Value="3"/>
<Cov CovItemId="S107" Value="3"/>
<Cov CovItemId="S109" Value="3"/>
<Cov CovItemId="S110" Value="3"/>
<Cov CovItemId="S111" Value="3"/>
<Cov CovItemId="S112" Value="3"/>
<Cov CovItemId="S113" Value="3"/>
<Cov CovItemId="S114" Value="3"/>
<Cov CovItemId="S116" Value="3"/>
<Cov CovItemId="S117" Value="3"/>
<Cov CovItemId="S124" Value="2"/>
<Cov CovItemId="S125" Value="2"/>
<Cov CovItemId="S126" Value="2"/>
<Cov CovItemId="S127" Value="2"/>
<Cov CovItemId="S128" Value="2"/>
<Cov CovItemId="S129" Value="2"/>
<Cov CovItemId="S131" Value="2"/>
<Cov CovItemId="S132" Value="2"/>
<Cov CovItemId="S133" Value="2"/>
<Cov CovItemId="S134" Value="2"/>
<Cov CovItemId="S135" Value="2"/>
<Cov CovItemId="S136" Value="2"/>
<Cov CovItemId="S138" Value="2"/>
<Cov CovItemId="S139" Value="2"/>
<Cov CovItemId="S140" Value="2"/>
<Cov CovItemId="S141" Value="2"/>
<Cov CovItemId="S151" Value="1"/>
<Cov CovItemId="S153" Value="2"/>
<Cov CovItemId="S154" Value="2"/>
<Cov CovItemId="S155" Value="2"/>
<Cov CovItemId="S28" Value="1"/>
<Cov CovItemId="S29" Value="1"/>
<Cov CovItemId="S30" Value="1"/>
<Cov CovItemId="S31" Value="1"/>
<Cov CovItemId="S32" Value="1"/>
<Cov CovItemId="S33" Value="1"/>
<Cov CovItemId="S34" Value="1"/>
<Cov CovItemId="S35" Value="1"/>
<Cov CovItemId="S36" Value="1"/>
<Cov CovItemId="S37" Value="1"/>
<Cov CovItemId="S38" Value="1"/>
<Cov CovItemId="S39" Value="1"/>
<Cov CovItemId="S40" Value="1"/>
<Cov CovItemId="S43" Value="1"/>
<Cov CovItemId="S44" Value="2"/>
<Cov CovItemId="S45" Value="2"/>
<Cov CovItemId="S46" Value="2"/>
<Cov CovItemId="S464" Value="2"/>
<Cov CovItemId="S465" Value="2"/>
<Cov CovItemId="S466" Value="2"/>
<Cov CovItemId="S467" Value="2"/>
<Cov CovItemId="S47" Value="2"/>
<Cov CovItemId="S48" Value="2"/>
<Cov CovItemId="S49" Value="2"/>
<Cov CovItemId="S50" Value="2"/>
<Cov CovItemId="S51" Value="2"/>
<Cov CovItemId="S52" Value="2"/>
<Cov CovItemId="S53" Value="2"/>
<Cov CovItemId="S533" Value="2"/>
<Cov CovItemId="S534" Value="12"/>
<Cov CovItemId="S535" Value="12"/>
<Cov CovItemId="S536" Value="4"/>
<Cov CovItemId="S537" Value="4"/>
<Cov CovItemId="S538" Value="4"/>
<Cov CovItemId="S539" Value="4"/>
<Cov CovItemId="S54" Value="2"/>
<Cov CovItemId="S540" Value="4"/>
<Cov CovItemId="S541" Value="4"/>
<Cov CovItemId="S542" Value="4"/>
<Cov CovItemId="S55" Value="2"/>
<Cov CovItemId="S56" Value="2"/>
<Cov CovItemId="S57" Value="2"/>
<Cov CovItemId="S58" Value="2"/>
<Cov CovItemId="S59" Value="2"/>
<Cov CovItemId="S60" Value="2"/>
<Cov CovItemId="S61" Value="2"/>
<Cov CovItemId="S62" Value="2"/>
<Cov CovItemId="S63" Value="2"/>
<Cov CovItemId="S64" Value="2"/>
<Cov CovItemId="S65" Value="2"/>
<Cov CovItemId="S66" Value="2"/>
<Cov CovItemId="S67" Value="2"/>
<Cov CovItemId="S68" Value="2"/>
<Cov CovItemId="S69" Value="2"/>
<Cov CovItemId="S70" Value="2"/>
<Cov CovItemId="S71" Value="2"/>
<Cov CovItemId="S72" Value="2"/>
<Cov CovItemId="S73" Value="2"/>
<Cov CovItemId="S74" Value="2"/>
<Cov CovItemId="S75" Value="2"/>
<Cov CovItemId="S76" Value="2"/>
<Cov CovItemId="S81" Value="1"/>
<Cov CovItemId="S83" Value="1"/>
<Cov CovItemId="S84" Value="1"/>
<Cov CovItemId="S85" Value="1"/>
<Cov CovItemId="S86" Value="2"/>
<Cov CovItemId="S87" Value="2"/>
<Cov CovItemId="S88" Value="2"/>
<Cov CovItemId="S89" Value="2"/>
<Cov CovItemId="S90" Value="2"/>
<Cov CovItemId="S91" Value="2"/>
<Cov CovItemId="S92" Value="2"/>
<Cov CovItemId="S93" Value="2"/>
<Cov CovItemId="S94" Value="14"/>
<Cov CovItemId="S96" Value="14"/>
<Cov CovItemId="S98" Value="2"/>
</CovPrefix>
<CovPrefix CovItemPrefix="Player.java">
<Cov CovItemId="S2" Value="2"/>
<Cov CovItemId="S3" Value="2"/>
<Cov CovItemId="S4" Value="2"/>
<Cov CovItemId="S5" Value="2"/>
<Cov CovItemId="S6" Value="2"/>
</CovPrefix>
</CovList>
<AssgnmntList>
<AssgnmntPrefix RootTermCovItemPrefix="Draw.java">
<AssgnmntListEntry Length="1" RootTermCovItemId="C1">
<MapEntry BoolAssgnmnt="1" Value="2"/>
</AssgnmntListEntry>
<AssgnmntListEntry Length="2" RootTermCovItemId="C3">
<MapEntry BoolAssgnmnt="00" Value="1"/>
</AssgnmntListEntry>
<AssgnmntListEntry Length="1" RootTermCovItemId="C4">
<MapEntry BoolAssgnmnt="0" Value="14"/>
</AssgnmntListEntry>
<AssgnmntListEntry Length="1" RootTermCovItemId="C46">
<MapEntry BoolAssgnmnt="0" Value="2"/>
</AssgnmntListEntry>
<AssgnmntListEntry Length="1" RootTermCovItemId="C5">
<MapEntry BoolAssgnmnt="0" Value="14"/>
</AssgnmntListEntry>
<AssgnmntListEntry Length="1" RootTermCovItemId="C6">
<MapEntry BoolAssgnmnt="0" Value="2"/>
</AssgnmntListEntry>
<AssgnmntListEntry Length="1" RootTermCovItemId="C7">
<MapEntry BoolAssgnmnt="0" Value="6"/>
</AssgnmntListEntry>
<AssgnmntListEntry Length="1" RootTermCovItemId="C8">
<MapEntry BoolAssgnmnt="0" Value="3"/>
</AssgnmntListEntry>
<AssgnmntListEntry Length="1" RootTermCovItemId="C9">
<MapEntry BoolAssgnmnt="0" Value="3"/>
</AssgnmntListEntry>
</AssgnmntPrefix>
</AssgnmntList>
<ObjMetaDataList/>
<MetaDataList/>
</TestCase>
<TestCase Comment="" Date="1589513787074" Name="BlackJackTest:testBlackJack">
<CovList>
<CovPrefix CovItemPrefix="Player.java">
<Cov CovItemId="B4" Value="2"/>
<Cov CovItemId="L1-0" Value="2"/>
<Cov CovItemId="S10" Value="2"/>
<Cov CovItemId="S11" Value="2"/>
<Cov CovItemId="S12" Value="2"/>
<Cov CovItemId="S16" Value="2"/>
<Cov CovItemId="S18" Value="2"/>
</CovPrefix>
</CovList>
<AssgnmntList>
<AssgnmntPrefix RootTermCovItemPrefix="Player.java">
<AssgnmntListEntry Length="1" RootTermCovItemId="C1">
<MapEntry BoolAssgnmnt="0" Value="2"/>
</AssgnmntListEntry>
<AssgnmntListEntry Length="2" RootTermCovItemId="C3">
<MapEntry BoolAssgnmnt="02" Value="2"/>
</AssgnmntListEntry>
</AssgnmntPrefix>
</AssgnmntList>
<ObjMetaDataList/>
<MetaDataList/>
</TestCase>
<TestCase Comment="" Date="1589513787164" Name="PlayerTest:testReset">
<CovList>
<CovPrefix CovItemPrefix="Card.java">
<Cov CovItemId="S1" Value="2"/>
<Cov CovItemId="S17" Value="1"/>
<Cov CovItemId="S18" Value="1"/>
<Cov CovItemId="S19" Value="1"/>
<Cov CovItemId="S2" Value="2"/>
<Cov CovItemId="S3" Value="2"/>
<Cov CovItemId="S4" Value="2"/>
<Cov CovItemId="S5" Value="2"/>
</CovPrefix>
<CovPrefix CovItemPrefix="Player.java">
<Cov CovItemId="S7" Value="1"/>
<Cov CovItemId="S8" Value="2"/>
<Cov CovItemId="S9" Value="1"/>
</CovPrefix>
</CovList>
<AssgnmntList/>
<ObjMetaDataList/>
<MetaDataList/>
</TestCase>
<TestCase Comment="" Date="1589513787291" Name="PlayerTest:testValue">
<CovList>
<CovPrefix CovItemPrefix="Card.java">
<Cov CovItemId="B1" Value="3"/>
<Cov CovItemId="B2" Value="3"/>
<Cov CovItemId="B3" Value="2"/>
<Cov CovItemId="B4" Value="1"/>
<Cov CovItemId="S1" Value="3"/>
<Cov CovItemId="S10" Value="2"/>
<Cov CovItemId="S11" Value="1"/>
<Cov CovItemId="S2" Value="3"/>
<Cov CovItemId="S3" Value="3"/>
<Cov CovItemId="S4" Value="3"/>
<Cov CovItemId="S5" Value="3"/>
<Cov CovItemId="S6" Value="6"/>
<Cov CovItemId="S7" Value="6"/>
<Cov CovItemId="S8" Value="3"/>
<Cov CovItemId="S9" Value="3"/>
</CovPrefix>
<CovPrefix CovItemPrefix="Player.java">
<Cov CovItemId="B1" Value="3"/>
<Cov CovItemId="B2" Value="3"/>
<Cov CovItemId="B3" Value="2"/>
<Cov CovItemId="B4" Value="2"/>
<Cov CovItemId="L1-0" Value="1"/>
<Cov CovItemId="L1-1" Value="1"/>
<Cov CovItemId="L1-2" Value="2"/>
<Cov CovItemId="S10" Value="4"/>
<Cov CovItemId="S11" Value="4"/>
<Cov CovItemId="S12" Value="4"/>
<Cov CovItemId="S13" Value="6"/>
<Cov CovItemId="S14" Value="6"/>
<Cov CovItemId="S15" Value="3"/>
<Cov CovItemId="S16" Value="4"/>
<Cov CovItemId="S17" Value="2"/>
<Cov CovItemId="S18" Value="4"/>
<Cov CovItemId="S8" Value="3"/>
<Cov CovItemId="S9" Value="1"/>
</CovPrefix>
</CovList>
<AssgnmntList>
<AssgnmntPrefix RootTermCovItemPrefix="Card.java">
<AssgnmntListEntry Length="1" RootTermCovItemId="C1">
<MapEntry BoolAssgnmnt="0" Value="3"/>
<MapEntry BoolAssgnmnt="1" Value="3"/>
</AssgnmntListEntry>
<AssgnmntListEntry Length="1" RootTermCovItemId="C2">
<MapEntry BoolAssgnmnt="0" Value="1"/>
<MapEntry BoolAssgnmnt="1" Value="2"/>
</AssgnmntListEntry>
</AssgnmntPrefix>
<AssgnmntPrefix RootTermCovItemPrefix="Player.java">
<AssgnmntListEntry Length="1" RootTermCovItemId="C1">
<MapEntry BoolAssgnmnt="0" Value="4"/>
<MapEntry BoolAssgnmnt="1" Value="6"/>
</AssgnmntListEntry>
<AssgnmntListEntry Length="1" RootTermCovItemId="C2">
<MapEntry BoolAssgnmnt="0" Value="3"/>
<MapEntry BoolAssgnmnt="1" Value="3"/>
</AssgnmntListEntry>
<AssgnmntListEntry Length="2" RootTermCovItemId="C3">
<MapEntry BoolAssgnmnt="02" Value="1"/>
<MapEntry BoolAssgnmnt="10" Value="1"/>
<MapEntry BoolAssgnmnt="11" Value="2"/>
</AssgnmntListEntry>
</AssgnmntPrefix>
</AssgnmntList>
<ObjMetaDataList/>
<MetaDataList/>
</TestCase>
<TestCase Comment="" Date="1589513787427" Name="PlayerTest:testDraw">
<CovList/>
<AssgnmntList/>
<ObjMetaDataList/>
<MetaDataList/>
</TestCase>
<TestCase Comment="" Date="1589513787497" Name="PlayerTest:testPeak">
<CovList>
<CovPrefix CovItemPrefix="Card.java">
<Cov CovItemId="S1" Value="2"/>
<Cov CovItemId="S17" Value="1"/>
<Cov CovItemId="S18" Value="1"/>
<Cov CovItemId="S19" Value="1"/>
<Cov CovItemId="S2" Value="2"/>
<Cov CovItemId="S3" Value="2"/>
<Cov CovItemId="S4" Value="2"/>
<Cov CovItemId="S5" Value="2"/>
</CovPrefix>
<CovPrefix CovItemPrefix="Player.java">
<Cov CovItemId="S7" Value="1"/>
<Cov CovItemId="S8" Value="2"/>
</CovPrefix>
</CovList>
<AssgnmntList/>
<ObjMetaDataList/>
<MetaDataList/>
</TestCase>
<TestCase Comment="Failure&#10;java.lang.AssertionError: expected:&lt;true&gt; but was:&lt;false&gt;&#13;&#10;&#9;at org.junit.Assert.fail(Assert.java:88)&#13;&#10;&#9;at org.junit.Assert.failNotEquals(Assert.java:743)&#13;&#10;&#9;at org.junit.Assert.assertEquals(Assert.java:118)&#13;&#10;&#9;at org.junit.Assert.assertEquals(Assert.java:144)&#13;&#10;&#9;at PlayerTest.testToString(PlayerTest.java:58)&#13;&#10;&#9;at sun.reflect.NativeMethodAccessorImpl.invoke0(Native Method)&#13;&#10;&#9;at sun.reflect.NativeMethodAccessorImpl.invoke(Unknown Source)&#13;&#10;&#9;at sun.reflect.DelegatingMethodAccessorImpl.invoke(Unknown Source)&#13;&#10;&#9;at java.lang.reflect.Method.invoke(Unknown Source)&#13;&#10;&#9;at org.junit.runners.model.FrameworkMethod$1.runReflectiveCall(FrameworkMethod.java:47)&#13;&#10;&#9;at org.junit.internal.runners.model.ReflectiveCallable.run(ReflectiveCallable.java:12)&#13;&#10;&#9;at org.junit.runners.model.FrameworkMethod.invokeExplosively(FrameworkMethod.java:44)&#13;&#10;&#9;at org.junit.internal.runners.statements.InvokeMethod.evaluate(InvokeMethod.java:17)&#13;&#10;&#9;at org.junit.runners.ParentRunner.runLeaf(ParentRunner.java:271)&#13;&#10;&#9;at org.junit.runners.BlockJUnit4ClassRunner.runChild(BlockJUnit4ClassRunner.java:70)&#13;&#10;&#9;at org.junit.runners.BlockJUnit4ClassRunner.runChild(BlockJUnit4ClassRunner.java:50)&#13;&#10;&#9;at org.junit.runners.ParentRunner$3.run(ParentRunner.java:238)&#13;&#10;&#9;at org.junit.runners.ParentRunner$1.schedule(ParentRunner.java:63)&#13;&#10;&#9;at org.junit.runners.ParentRunner.runChildren(ParentRunner.java:236)&#13;&#10;&#9;at org.junit.runners.ParentRunner.access$000(ParentRunner.java:53)&#13;&#10;&#9;at org.junit.runners.ParentRunner$2.evaluate(ParentRunner.java:229)&#13;&#10;&#9;at org.junit.runners.ParentRunner.run(ParentRunner.java:309)&#13;&#10;&#9;at org.eclipse.jdt.internal.junit4.runner.JUnit4TestReference.run(JUnit4TestReference.java:50)&#13;&#10;&#9;at org.eclipse.jdt.internal.junit.runner.TestExecution.run(TestExecution.java:38)&#13;&#10;&#9;at org.eclipse.jdt.internal.junit.runner.RemoteTestRunner.runTests(RemoteTestRunner.java:467)&#13;&#10;&#9;at org.eclipse.jdt.internal.junit.runner.RemoteTestRunner.runTests(RemoteTestRunner.java:683)&#13;&#10;&#9;at org.eclipse.jdt.internal.junit.runner.RemoteTestRunner.run(RemoteTestRunner.java:390)&#13;&#10;&#9;at org.codecover.juniteclipse.runner.EclipseTestRunner.main(EclipseTestRunner.java:40)" Date="1589513787729" Name="PlayerTest:testToString">
<CovList>
<CovPrefix CovItemPrefix="Card.java">
<Cov CovItemId="B1" Value="1"/>
<Cov CovItemId="S1" Value="1"/>
<Cov CovItemId="S17" Value="1"/>
<Cov CovItemId="S18" Value="1"/>
<Cov CovItemId="S19" Value="1"/>
<Cov CovItemId="S2" Value="1"/>
<Cov CovItemId="S3" Value="1"/>
<Cov CovItemId="S4" Value="1"/>
<Cov CovItemId="S5" Value="1"/>
<Cov CovItemId="S6" Value="1"/>
<Cov CovItemId="S7" Value="1"/>
<Cov CovItemId="S8" Value="1"/>
</CovPrefix>
<CovPrefix CovItemPrefix="Player.java">
<Cov CovItemId="B1" Value="1"/>
<Cov CovItemId="B3" Value="1"/>
<Cov CovItemId="B4" Value="1"/>
<Cov CovItemId="L1-0" Value="1"/>
<Cov CovItemId="L1-1" Value="1"/>
<Cov CovItemId="L3-0" Value="1"/>
<Cov CovItemId="L3-1" Value="1"/>
<Cov CovItemId="S10" Value="2"/>
<Cov CovItemId="S11" Value="2"/>
<Cov CovItemId="S12" Value="2"/>
<Cov CovItemId="S13" Value="1"/>
<Cov CovItemId="S14" Value="1"/>
<Cov CovItemId="S15" Value="1"/>
<Cov CovItemId="S16" Value="2"/>
<Cov CovItemId="S17" Value="1"/>
<Cov CovItemId="S18" Value="2"/>
<Cov CovItemId="S21" Value="2"/>
<Cov CovItemId="S22" Value="2"/>
<Cov CovItemId="S23" Value="1"/>
<Cov CovItemId="S24" Value="2"/>
<Cov CovItemId="S8" Value="1"/>
</CovPrefix>
</CovList>
<AssgnmntList>
<AssgnmntPrefix RootTermCovItemPrefix="Card.java">
<AssgnmntListEntry Length="1" RootTermCovItemId="C1">
<MapEntry BoolAssgnmnt="1" Value="1"/>
</AssgnmntListEntry>
</AssgnmntPrefix>
<AssgnmntPrefix RootTermCovItemPrefix="Player.java">
<AssgnmntListEntry Length="1" RootTermCovItemId="C1">
<MapEntry BoolAssgnmnt="0" Value="2"/>
<MapEntry BoolAssgnmnt="1" Value="1"/>
</AssgnmntListEntry>
<AssgnmntListEntry Length="1" RootTermCovItemId="C2">
<MapEntry BoolAssgnmnt="1" Value="1"/>
</AssgnmntListEntry>
<AssgnmntListEntry Length="2" RootTermCovItemId="C3">
<MapEntry BoolAssgnmnt="02" Value="1"/>
<MapEntry BoolAssgnmnt="11" Value="1"/>
</AssgnmntListEntry>
<AssgnmntListEntry Length="1" RootTermCovItemId="C5">
<MapEntry BoolAssgnmnt="0" Value="2"/>
<MapEntry BoolAssgnmnt="1" Value="1"/>
</AssgnmntListEntry>
</AssgnmntPrefix>
</AssgnmntList>
<ObjMetaDataList/>
<MetaDataList/>
</TestCase>
<TestCase Comment="" Date="1589513787798" Name="PlayerTest:testDealTo">
<CovList>
<CovPrefix CovItemPrefix="Card.java">
<Cov CovItemId="S1" Value="2"/>
<Cov CovItemId="S17" Value="3"/>
<Cov CovItemId="S18" Value="3"/>
<Cov CovItemId="S19" Value="3"/>
<Cov CovItemId="S2" Value="2"/>
<Cov CovItemId="S3" Value="2"/>
<Cov CovItemId="S4" Value="2"/>
<Cov CovItemId="S5" Value="2"/>
</CovPrefix>
<CovPrefix CovItemPrefix="Draw.java">
<Cov CovItemId="S534" Value="1"/>
<Cov CovItemId="S535" Value="1"/>
<Cov CovItemId="S536" Value="1"/>
<Cov CovItemId="S537" Value="1"/>
<Cov CovItemId="S538" Value="1"/>
<Cov CovItemId="S539" Value="1"/>
<Cov CovItemId="S540" Value="1"/>
<Cov CovItemId="S541" Value="1"/>
</CovPrefix>
<CovPrefix CovItemPrefix="Player.java">
<Cov CovItemId="S7" Value="3"/>
<Cov CovItemId="S8" Value="2"/>
<Cov CovItemId="S9" Value="1"/>
</CovPrefix>
</CovList>
<AssgnmntList/>
<ObjMetaDataList/>
<MetaDataList/>
</TestCase>
<TestCase Comment="" Date="1589513787800" Name="DeckTest:testDeck">
<CovList>
<CovPrefix CovItemPrefix="Card.java">
<Cov CovItemId="S1" Value="104"/>
<Cov CovItemId="S2" Value="104"/>
<Cov CovItemId="S3" Value="104"/>
<Cov CovItemId="S4" Value="104"/>
<Cov CovItemId="S5" Value="104"/>
</CovPrefix>
<CovPrefix CovItemPrefix="Deck.java">
<Cov CovItemId="L1-2" Value="2"/>
<Cov CovItemId="S2" Value="2"/>
<Cov CovItemId="S3" Value="2"/>
<Cov CovItemId="S4" Value="2"/>
<Cov CovItemId="S5" Value="104"/>
</CovPrefix>
</CovList>
<AssgnmntList>
<AssgnmntPrefix RootTermCovItemPrefix="Deck.java">
<AssgnmntListEntry Length="1" RootTermCovItemId="C1">
<MapEntry BoolAssgnmnt="0" Value="2"/>
<MapEntry BoolAssgnmnt="1" Value="104"/>
</AssgnmntListEntry>
</AssgnmntPrefix>
</AssgnmntList>
<ObjMetaDataList/>
<MetaDataList/>
</TestCase>
<TestCase Comment="" Date="1589513787801" Name="DeckTest:testSize">
<CovList>
<CovPrefix CovItemPrefix="Deck.java">
<Cov CovItemId="S8" Value="1"/>
</CovPrefix>
</CovList>
<AssgnmntList/>
<ObjMetaDataList/>
<MetaDataList/>
</TestCase>
<TestCase Comment="" Date="1589513787803" Name="DeckTest:testToString">
<CovList>
<CovPrefix CovItemPrefix="Card.java">
<Cov CovItemId="S17" Value="208"/>
<Cov CovItemId="S18" Value="208"/>
<Cov CovItemId="S19" Value="208"/>
</CovPrefix>
<CovPrefix CovItemPrefix="Deck.java">
<Cov CovItemId="L2-2" Value="1"/>
<Cov CovItemId="L3-2" Value="4"/>
<Cov CovItemId="S10" Value="52"/>
<Cov CovItemId="S11" Value="52"/>
<Cov CovItemId="S12" Value="52"/>
<Cov CovItemId="S13" Value="52"/>
<Cov CovItemId="S14" Value="4"/>
<Cov CovItemId="S15" Value="4"/>
<Cov CovItemId="S16" Value="208"/>
<Cov CovItemId="S17" Value="4"/>
<Cov CovItemId="S9" Value="1"/>
</CovPrefix>
</CovList>
<AssgnmntList>
<AssgnmntPrefix RootTermCovItemPrefix="Deck.java">
<AssgnmntListEntry Length="1" RootTermCovItemId="C2">
<MapEntry BoolAssgnmnt="0" Value="1"/>
<MapEntry BoolAssgnmnt="1" Value="52"/>
</AssgnmntListEntry>
<AssgnmntListEntry Length="1" RootTermCovItemId="C3">
<MapEntry BoolAssgnmnt="0" Value="4"/>
<MapEntry BoolAssgnmnt="1" Value="208"/>
</AssgnmntListEntry>
</AssgnmntPrefix>
</AssgnmntList>
<ObjMetaDataList/>
<MetaDataList/>
</TestCase>
<TestCase Comment="" Date="1589513787805" Name="DeckTest:testDealFrom">
<CovList>
<CovPrefix CovItemPrefix="Card.java">
<Cov CovItemId="S17" Value="1"/>
<Cov CovItemId="S18" Value="1"/>
<Cov CovItemId="S19" Value="1"/>
</CovPrefix>
<CovPrefix CovItemPrefix="Deck.java">
<Cov CovItemId="S6" Value="1"/>
</CovPrefix>
</CovList>
<AssgnmntList/>
<ObjMetaDataList/>
<MetaDataList/>
</TestCase>
<TestCase Comment="" Date="1589513787806" Name="DeckTest:testIsEmpty">
<CovList>
<CovPrefix CovItemPrefix="Deck.java">
<Cov CovItemId="S7" Value="1"/>
</CovPrefix>
</CovList>
<AssgnmntList/>
<ObjMetaDataList/>
<MetaDataList/>
</TestCase>
<TestCase Comment="" Date="1589513787807" Name="DeckTest:testShuffle">
<CovList>
<CovPrefix CovItemPrefix="Card.java">
<Cov CovItemId="S17" Value="104"/>
<Cov CovItemId="S18" Value="104"/>
<Cov CovItemId="S19" Value="104"/>
</CovPrefix>
<CovPrefix CovItemPrefix="Deck.java">
<Cov CovItemId="L2-2" Value="1"/>
<Cov CovItemId="L3-2" Value="2"/>
<Cov CovItemId="S10" Value="52"/>
<Cov CovItemId="S11" Value="52"/>
<Cov CovItemId="S12" Value="52"/>
<Cov CovItemId="S13" Value="52"/>
<Cov CovItemId="S14" Value="2"/>
<Cov CovItemId="S15" Value="2"/>
<Cov CovItemId="S16" Value="104"/>
<Cov CovItemId="S17" Value="2"/>
<Cov CovItemId="S9" Value="1"/>
</CovPrefix>
</CovList>
<AssgnmntList>
<AssgnmntPrefix RootTermCovItemPrefix="Deck.java">
<AssgnmntListEntry Length="1" RootTermCovItemId="C2">
<MapEntry BoolAssgnmnt="0" Value="1"/>
<MapEntry BoolAssgnmnt="1" Value="52"/>
</AssgnmntListEntry>
<AssgnmntListEntry Length="1" RootTermCovItemId="C3">
<MapEntry BoolAssgnmnt="0" Value="2"/>
<MapEntry BoolAssgnmnt="1" Value="104"/>
</AssgnmntListEntry>
</AssgnmntPrefix>
</AssgnmntList>
<ObjMetaDataList/>
<MetaDataList/>
</TestCase>
<TestCase Comment="" Date="1589513787808" Name="CardTest:testIsAce">
<CovList>
<CovPrefix CovItemPrefix="Card.java">
<Cov CovItemId="S6" Value="2"/>
</CovPrefix>
</CovList>
<AssgnmntList/>
<ObjMetaDataList/>
<MetaDataList/>
</TestCase>
<TestCase Comment="" Date="1589513787809" Name="CardTest:testCard">
<CovList>
<CovPrefix CovItemPrefix="Card.java">
<Cov CovItemId="S1" Value="3"/>
<Cov CovItemId="S2" Value="3"/>
<Cov CovItemId="S3" Value="3"/>
<Cov CovItemId="S4" Value="3"/>
<Cov CovItemId="S5" Value="3"/>
</CovPrefix>
</CovList>
<AssgnmntList/>
<ObjMetaDataList/>
<MetaDataList/>
</TestCase>
<TestCase Comment="" Date="1589513787810" Name="CardTest:testRank">
<CovList>
<CovPrefix CovItemPrefix="Card.java">
<Cov CovItemId="B1" Value="1"/>
<Cov CovItemId="B2" Value="2"/>
<Cov CovItemId="B3" Value="1"/>
<Cov CovItemId="B4" Value="1"/>
<Cov CovItemId="S10" Value="1"/>
<Cov CovItemId="S11" Value="1"/>
<Cov CovItemId="S7" Value="3"/>
<Cov CovItemId="S8" Value="1"/>
<Cov CovItemId="S9" Value="2"/>
</CovPrefix>
</CovList>
<AssgnmntList>
<AssgnmntPrefix RootTermCovItemPrefix="Card.java">
<AssgnmntListEntry Length="1" RootTermCovItemId="C1">
<MapEntry BoolAssgnmnt="0" Value="2"/>
<MapEntry BoolAssgnmnt="1" Value="1"/>
</AssgnmntListEntry>
<AssgnmntListEntry Length="1" RootTermCovItemId="C2">
<MapEntry BoolAssgnmnt="0" Value="1"/>
<MapEntry BoolAssgnmnt="1" Value="1"/>
</AssgnmntListEntry>
</AssgnmntPrefix>
</AssgnmntList>
<ObjMetaDataList/>
<MetaDataList/>
</TestCase>
<TestCase Comment="" Date="1589513787810" Name="CardTest:testToString">
<CovList>
<CovPrefix CovItemPrefix="Card.java">
<Cov CovItemId="S17" Value="3"/>
<Cov CovItemId="S18" Value="3"/>
<Cov CovItemId="S19" Value="3"/>
</CovPrefix>
</CovList>
<AssgnmntList/>
<ObjMetaDataList/>
<MetaDataList/>
</TestCase>
<TestCase Comment="Failure&#10;java.lang.AssertionError: Not yet implemented&#13;&#10;&#9;at org.junit.Assert.fail(Assert.java:88)&#13;&#10;&#9;at StdDrawTest.testMouseReleased(StdDrawTest.java:368)&#13;&#10;&#9;at sun.reflect.NativeMethodAccessorImpl.invoke0(Native Method)&#13;&#10;&#9;at sun.reflect.NativeMethodAccessorImpl.invoke(Unknown Source)&#13;&#10;&#9;at sun.reflect.DelegatingMethodAccessorImpl.invoke(Unknown Source)&#13;&#10;&#9;at java.lang.reflect.Method.invoke(Unknown Source)&#13;&#10;&#9;at org.junit.runners.model.FrameworkMethod$1.runReflectiveCall(FrameworkMethod.java:47)&#13;&#10;&#9;at org.junit.internal.runners.model.ReflectiveCallable.run(ReflectiveCallable.java:12)&#13;&#10;&#9;at org.junit.runners.model.FrameworkMethod.invokeExplosively(FrameworkMethod.java:44)&#13;&#10;&#9;at org.junit.internal.runners.statements.InvokeMethod.evaluate(InvokeMethod.java:17)&#13;&#10;&#9;at org.junit.runners.ParentRunner.runLeaf(ParentRunner.java:271)&#13;&#10;&#9;at org.junit.runners.BlockJUnit4ClassRunner.runChild(BlockJUnit4ClassRunner.java:70)&#13;&#10;&#9;at org.junit.runners.BlockJUnit4ClassRunner.runChild(BlockJUnit4ClassRunner.java:50)&#13;&#10;&#9;at org.junit.runners.ParentRunner$3.run(ParentRunner.java:238)&#13;&#10;&#9;at org.junit.runners.ParentRunner$1.schedule(ParentRunner.java:63)&#13;&#10;&#9;at org.junit.runners.ParentRunner.runChildren(ParentRunner.java:236)&#13;&#10;&#9;at org.junit.runners.ParentRunner.access$000(ParentRunner.java:53)&#13;&#10;&#9;at org.junit.runners.ParentRunner$2.evaluate(ParentRunner.java:229)&#13;&#10;&#9;at org.junit.runners.ParentRunner.run(ParentRunner.java:309)&#13;&#10;&#9;at org.eclipse.jdt.internal.junit4.runner.JUnit4TestReference.run(JUnit4TestReference.java:50)&#13;&#10;&#9;at org.eclipse.jdt.internal.junit.runner.TestExecution.run(TestExecution.java:38)&#13;&#10;&#9;at org.eclipse.jdt.internal.junit.runner.RemoteTestRunner.runTests(RemoteTestRunner.java:467)&#13;&#10;&#9;at org.eclipse.jdt.internal.junit.runner.RemoteTestRunner.runTests(RemoteTestRunner.java:683)&#13;&#10;&#9;at org.eclipse.jdt.internal.junit.runner.RemoteTestRunner.run(RemoteTestRunner.java:390)&#13;&#10;&#9;at org.codecover.juniteclipse.runner.EclipseTestRunner.main(EclipseTestRunner.java:40)" Date="1589513787961" Name="StdDrawTest:testMouseReleased">
<CovList/>
<AssgnmntList/>
<ObjMetaDataList/>
<MetaDataList/>
</TestCase>
<TestCase Comment="Failure&#10;java.lang.AssertionError: Not yet implemented&#13;&#10;&#9;at org.junit.Assert.fail(Assert.java:88)&#13;&#10;&#9;at StdDrawTest.testValidateNotNull(StdDrawTest.java:48)&#13;&#10;&#9;at sun.reflect.NativeMethodAccessorImpl.invoke0(Native Method)&#13;&#10;&#9;at sun.reflect.NativeMethodAccessorImpl.invoke(Unknown Source)&#13;&#10;&#9;at sun.reflect.DelegatingMethodAccessorImpl.invoke(Unknown Source)&#13;&#10;&#9;at java.lang.reflect.Method.invoke(Unknown Source)&#13;&#10;&#9;at org.junit.runners.model.FrameworkMethod$1.runReflectiveCall(FrameworkMethod.java:47)&#13;&#10;&#9;at org.junit.internal.runners.model.ReflectiveCallable.run(ReflectiveCallable.java:12)&#13;&#10;&#9;at org.junit.runners.model.FrameworkMethod.invokeExplosively(FrameworkMethod.java:44)&#13;&#10;&#9;at org.junit.internal.runners.statements.InvokeMethod.evaluate(InvokeMethod.java:17)&#13;&#10;&#9;at org.junit.runners.ParentRunner.runLeaf(ParentRunner.java:271)&#13;&#10;&#9;at org.junit.runners.BlockJUnit4ClassRunner.runChild(BlockJUnit4ClassRunner.java:70)&#13;&#10;&#9;at org.junit.runners.BlockJUnit4ClassRunner.runChild(BlockJUnit4ClassRunner.java:50)&#13;&#10;&#9;at org.junit.runners.ParentRunner$3.run(ParentRunner.java:238)&#13;&#10;&#9;at org.junit.runners.ParentRunner$1.schedule(ParentRunner.java:63)&#13;&#10;&#9;at org.junit.runners.ParentRunner.runChildren(ParentRunner.java:236)&#13;&#10;&#9;at org.junit.runners.ParentRunner.access$000(ParentRunner.java:53)&#13;&#10;&#9;at org.junit.runners.ParentRunner$2.evaluate(ParentRunner.java:229)&#13;&#10;&#9;at org.junit.runners.ParentRunner.run(ParentRunner.java:309)&#13;&#10;&#9;at org.eclipse.jdt.internal.junit4.runner.JUnit4TestReference.run(JUnit4TestReference.java:50)&#13;&#10;&#9;at org.eclipse.jdt.internal.junit.runner.TestExecution.run(TestExecution.java:38)&#13;&#10;&#9;at org.eclipse.jdt.internal.junit.runner.RemoteTestRunner.runTests(RemoteTestRunner.java:467)&#13;&#10;&#9;at org.eclipse.jdt.internal.junit.runner.RemoteTestRunner.runTests(RemoteTestRunner.java:683)&#13;&#10;&#9;at org.eclipse.jdt.internal.junit.runner.RemoteTestRunner.run(RemoteTestRunner.java:390)&#13;&#10;&#9;at org.codecover.juniteclipse.runner.EclipseTestRunner.main(EclipseTestRunner.java:40)" Date="1589513787964" Name="StdDrawTest:testValidateNotNull">
<CovList/>
<AssgnmntList/>
<ObjMetaDataList/>
<MetaDataList/>
</TestCase>
<TestCase Comment="Failure&#10;java.lang.AssertionError: Not yet implemented&#13;&#10;&#9;at org.junit.Assert.fail(Assert.java:88)&#13;&#10;&#9;at StdDrawTest.testEllipse(StdDrawTest.java:198)&#13;&#10;&#9;at sun.reflect.NativeMethodAccessorImpl.invoke0(Native Method)&#13;&#10;&#9;at sun.reflect.NativeMethodAccessorImpl.invoke(Unknown Source)&#13;&#10;&#9;at sun.reflect.DelegatingMethodAccessorImpl.invoke(Unknown Source)&#13;&#10;&#9;at java.lang.reflect.Method.invoke(Unknown Source)&#13;&#10;&#9;at org.junit.runners.model.FrameworkMethod$1.runReflectiveCall(FrameworkMethod.java:47)&#13;&#10;&#9;at org.junit.internal.runners.model.ReflectiveCallable.run(ReflectiveCallable.java:12)&#13;&#10;&#9;at org.junit.runners.model.FrameworkMethod.invokeExplosively(FrameworkMethod.java:44)&#13;&#10;&#9;at org.junit.internal.runners.statements.InvokeMethod.evaluate(InvokeMethod.java:17)&#13;&#10;&#9;at org.junit.runners.ParentRunner.runLeaf(ParentRunner.java:271)&#13;&#10;&#9;at org.junit.runners.BlockJUnit4ClassRunner.runChild(BlockJUnit4ClassRunner.java:70)&#13;&#10;&#9;at org.junit.runners.BlockJUnit4ClassRunner.runChild(BlockJUnit4ClassRunner.java:50)&#13;&#10;&#9;at org.junit.runners.ParentRunner$3.run(ParentRunner.java:238)&#13;&#10;&#9;at org.junit.runners.ParentRunner$1.schedule(ParentRunner.java:63)&#13;&#10;&#9;at org.junit.runners.ParentRunner.runChildren(ParentRunner.java:236)&#13;&#10;&#9;at org.junit.runners.ParentRunner.access$000(ParentRunner.java:53)&#13;&#10;&#9;at org.junit.runners.ParentRunner$2.evaluate(ParentRunner.java:229)&#13;&#10;&#9;at org.junit.runners.ParentRunner.run(ParentRunner.java:309)&#13;&#10;&#9;at org.eclipse.jdt.internal.junit4.runner.JUnit4TestReference.run(JUnit4TestReference.java:50)&#13;&#10;&#9;at org.eclipse.jdt.internal.junit.runner.TestExecution.run(TestExecution.java:38)&#13;&#10;&#9;at org.eclipse.jdt.internal.junit.runner.RemoteTestRunner.runTests(RemoteTestRunner.java:467)&#13;&#10;&#9;at org.eclipse.jdt.internal.junit.runner.RemoteTestRunner.runTests(RemoteTestRunner.java:683)&#13;&#10;&#9;at org.eclipse.jdt.internal.junit.runner.RemoteTestRunner.run(RemoteTestRunner.java:390)&#13;&#10;&#9;at org.codecover.juniteclipse.runner.EclipseTestRunner.main(EclipseTestRunner.java:40)" Date="1589513787965" Name="StdDrawTest:testEllipse">
<CovList/>
<AssgnmntList/>
<ObjMetaDataList/>
<MetaDataList/>
</TestCase>
<TestCase Comment="Failure&#10;java.lang.AssertionError: Not yet implemented&#13;&#10;&#9;at org.junit.Assert.fail(Assert.java:88)&#13;&#10;&#9;at StdDrawTest.testFilledEllipse(StdDrawTest.java:203)&#13;&#10;&#9;at sun.reflect.NativeMethodAccessorImpl.invoke0(Native Method)&#13;&#10;&#9;at sun.reflect.NativeMethodAccessorImpl.invoke(Unknown Source)&#13;&#10;&#9;at sun.reflect.DelegatingMethodAccessorImpl.invoke(Unknown Source)&#13;&#10;&#9;at java.lang.reflect.Method.invoke(Unknown Source)&#13;&#10;&#9;at org.junit.runners.model.FrameworkMethod$1.runReflectiveCall(FrameworkMethod.java:47)&#13;&#10;&#9;at org.junit.internal.runners.model.ReflectiveCallable.run(ReflectiveCallable.java:12)&#13;&#10;&#9;at org.junit.runners.model.FrameworkMethod.invokeExplosively(FrameworkMethod.java:44)&#13;&#10;&#9;at org.junit.internal.runners.statements.InvokeMethod.evaluate(InvokeMethod.java:17)&#13;&#10;&#9;at org.junit.runners.ParentRunner.runLeaf(ParentRunner.java:271)&#13;&#10;&#9;at org.junit.runners.BlockJUnit4ClassRunner.runChild(BlockJUnit4ClassRunner.java:70)&#13;&#10;&#9;at org.junit.runners.BlockJUnit4ClassRunner.runChild(BlockJUnit4ClassRunner.java:50)&#13;&#10;&#9;at org.junit.runners.ParentRunner$3.run(ParentRunner.java:238)&#13;&#10;&#9;at org.junit.runners.ParentRunner$1.schedule(ParentRunner.java:63)&#13;&#10;&#9;at org.junit.runners.ParentRunner.runChildren(ParentRunner.java:236)&#13;&#10;&#9;at org.junit.runners.ParentRunner.access$000(ParentRunner.java:53)&#13;&#10;&#9;at org.junit.runners.ParentRunner$2.evaluate(ParentRunner.java:229)&#13;&#10;&#9;at org.junit.runners.ParentRunner.run(ParentRunner.java:309)&#13;&#10;&#9;at org.eclipse.jdt.internal.junit4.runner.JUnit4TestReference.run(JUnit4TestReference.java:50)&#13;&#10;&#9;at org.eclipse.jdt.internal.junit.runner.TestExecution.run(TestExecution.java:38)&#13;&#10;&#9;at org.eclipse.jdt.internal.junit.runner.RemoteTestRunner.runTests(RemoteTestRunner.java:467)&#13;&#10;&#9;at org.eclipse.jdt.internal.junit.runner.RemoteTestRunner.runTests(RemoteTestRunner.java:683)&#13;&#10;&#9;at org.eclipse.jdt.internal.junit.runner.RemoteTestRunner.run(RemoteTestRunner.java:390)&#13;&#10;&#9;at org.codecover.juniteclipse.runner.EclipseTestRunner.main(EclipseTestRunner.java:40)" Date="1589513787967" Name="StdDrawTest:testFilledEllipse">
<CovList/>
<AssgnmntList/>
<ObjMetaDataList/>
<MetaDataList/>
</TestCase>
<TestCase Comment="Failure&#10;java.lang.AssertionError: Not yet implemented&#13;&#10;&#9;at org.junit.Assert.fail(Assert.java:88)&#13;&#10;&#9;at StdDrawTest.testGetImage(StdDrawTest.java:243)&#13;&#10;&#9;at sun.reflect.NativeMethodAccessorImpl.invoke0(Native Method)&#13;&#10;&#9;at sun.reflect.NativeMethodAccessorImpl.invoke(Unknown Source)&#13;&#10;&#9;at sun.reflect.DelegatingMethodAccessorImpl.invoke(Unknown Source)&#13;&#10;&#9;at java.lang.reflect.Method.invoke(Unknown Source)&#13;&#10;&#9;at org.junit.runners.model.FrameworkMethod$1.runReflectiveCall(FrameworkMethod.java:47)&#13;&#10;&#9;at org.junit.internal.runners.model.ReflectiveCallable.run(ReflectiveCallable.java:12)&#13;&#10;&#9;at org.junit.runners.model.FrameworkMethod.invokeExplosively(FrameworkMethod.java:44)&#13;&#10;&#9;at org.junit.internal.runners.statements.InvokeMethod.evaluate(InvokeMethod.java:17)&#13;&#10;&#9;at org.junit.runners.ParentRunner.runLeaf(ParentRunner.java:271)&#13;&#10;&#9;at org.junit.runners.BlockJUnit4ClassRunner.runChild(BlockJUnit4ClassRunner.java:70)&#13;&#10;&#9;at org.junit.runners.BlockJUnit4ClassRunner.runChild(BlockJUnit4ClassRunner.java:50)&#13;&#10;&#9;at org.junit.runners.ParentRunner$3.run(ParentRunner.java:238)&#13;&#10;&#9;at org.junit.runners.ParentRunner$1.schedule(ParentRunner.java:63)&#13;&#10;&#9;at org.junit.runners.ParentRunner.runChildren(ParentRunner.java:236)&#13;&#10;&#9;at org.junit.runners.ParentRunner.access$000(ParentRunner.java:53)&#13;&#10;&#9;at org.junit.runners.ParentRunner$2.evaluate(ParentRunner.java:229)&#13;&#10;&#9;at org.junit.runners.ParentRunner.run(ParentRunner.java:309)&#13;&#10;&#9;at org.eclipse.jdt.internal.junit4.runner.JUnit4TestReference.run(JUnit4TestReference.java:50)&#13;&#10;&#9;at org.eclipse.jdt.internal.junit.runner.TestExecution.run(TestExecution.java:38)&#13;&#10;&#9;at org.eclipse.jdt.internal.junit.runner.RemoteTestRunner.runTests(RemoteTestRunner.java:467)&#13;&#10;&#9;at org.eclipse.jdt.internal.junit.runner.RemoteTestRunner.runTests(RemoteTestRunner.java:683)&#13;&#10;&#9;at org.eclipse.jdt.internal.junit.runner.RemoteTestRunner.run(RemoteTestRunner.java:390)&#13;&#10;&#9;at org.codecover.juniteclipse.runner.EclipseTestRunner.main(EclipseTestRunner.java:40)" Date="1589513787968" Name="StdDrawTest:testGetImage">
<CovList/>
<AssgnmntList/>
<ObjMetaDataList/>
<MetaDataList/>
</TestCase>
<TestCase Comment="Failure&#10;java.lang.AssertionError: Not yet implemented&#13;&#10;&#9;at org.junit.Assert.fail(Assert.java:88)&#13;&#10;&#9;at StdDrawTest.testMousePressed(StdDrawTest.java:333)&#13;&#10;&#9;at sun.reflect.NativeMethodAccessorImpl.invoke0(Native Method)&#13;&#10;&#9;at sun.reflect.NativeMethodAccessorImpl.invoke(Unknown Source)&#13;&#10;&#9;at sun.reflect.DelegatingMethodAccessorImpl.invoke(Unknown Source)&#13;&#10;&#9;at java.lang.reflect.Method.invoke(Unknown Source)&#13;&#10;&#9;at org.junit.runners.model.FrameworkMethod$1.runReflectiveCall(FrameworkMethod.java:47)&#13;&#10;&#9;at org.junit.internal.runners.model.ReflectiveCallable.run(ReflectiveCallable.java:12)&#13;&#10;&#9;at org.junit.runners.model.FrameworkMethod.invokeExplosively(FrameworkMethod.java:44)&#13;&#10;&#9;at org.junit.internal.runners.statements.InvokeMethod.evaluate(InvokeMethod.java:17)&#13;&#10;&#9;at org.junit.runners.ParentRunner.runLeaf(ParentRunner.java:271)&#13;&#10;&#9;at org.junit.runners.BlockJUnit4ClassRunner.runChild(BlockJUnit4ClassRunner.java:70)&#13;&#10;&#9;at org.junit.runners.BlockJUnit4ClassRunner.runChild(BlockJUnit4ClassRunner.java:50)&#13;&#10;&#9;at org.junit.runners.ParentRunner$3.run(ParentRunner.java:238)&#13;&#10;&#9;at org.junit.runners.ParentRunner$1.schedule(ParentRunner.java:63)&#13;&#10;&#9;at org.junit.runners.ParentRunner.runChildren(ParentRunner.java:236)&#13;&#10;&#9;at org.junit.runners.ParentRunner.access$000(ParentRunner.java:53)&#13;&#10;&#9;at org.junit.runners.ParentRunner$2.evaluate(ParentRunner.java:229)&#13;&#10;&#9;at org.junit.runners.ParentRunner.run(ParentRunner.java:309)&#13;&#10;&#9;at org.eclipse.jdt.internal.junit4.runner.JUnit4TestReference.run(JUnit4TestReference.java:50)&#13;&#10;&#9;at org.eclipse.jdt.internal.junit.runner.TestExecution.run(TestExecution.java:38)&#13;&#10;&#9;at org.eclipse.jdt.internal.junit.runner.RemoteTestRunner.runTests(RemoteTestRunner.java:467)&#13;&#10;&#9;at org.eclipse.jdt.internal.junit.runner.RemoteTestRunner.runTests(RemoteTestRunner.java:683)&#13;&#10;&#9;at org.eclipse.jdt.internal.junit.runner.RemoteTestRunner.run(RemoteTestRunner.java:390)&#13;&#10;&#9;at org.codecover.juniteclipse.runner.EclipseTestRunner.main(EclipseTestRunner.java:40)" Date="1589513787970" Name="StdDrawTest:testMousePressed">
<CovList/>
<AssgnmntList/>
<ObjMetaDataList/>
<MetaDataList/>
</TestCase>
<TestCase Comment="Failure&#10;java.lang.AssertionError: Not yet implemented&#13;&#10;&#9;at org.junit.Assert.fail(Assert.java:88)&#13;&#10;&#9;at StdDrawTest.testFactorX(StdDrawTest.java:93)&#13;&#10;&#9;at sun.reflect.NativeMethodAccessorImpl.invoke0(Native Method)&#13;&#10;&#9;at sun.reflect.NativeMethodAccessorImpl.invoke(Unknown Source)&#13;&#10;&#9;at sun.reflect.DelegatingMethodAccessorImpl.invoke(Unknown Source)&#13;&#10;&#9;at java.lang.reflect.Method.invoke(Unknown Source)&#13;&#10;&#9;at org.junit.runners.model.FrameworkMethod$1.runReflectiveCall(FrameworkMethod.java:47)&#13;&#10;&#9;at org.junit.internal.runners.model.ReflectiveCallable.run(ReflectiveCallable.java:12)&#13;&#10;&#9;at org.junit.runners.model.FrameworkMethod.invokeExplosively(FrameworkMethod.java:44)&#13;&#10;&#9;at org.junit.internal.runners.statements.InvokeMethod.evaluate(InvokeMethod.java:17)&#13;&#10;&#9;at org.junit.runners.ParentRunner.runLeaf(ParentRunner.java:271)&#13;&#10;&#9;at org.junit.runners.BlockJUnit4ClassRunner.runChild(BlockJUnit4ClassRunner.java:70)&#13;&#10;&#9;at org.junit.runners.BlockJUnit4ClassRunner.runChild(BlockJUnit4ClassRunner.java:50)&#13;&#10;&#9;at org.junit.runners.ParentRunner$3.run(ParentRunner.java:238)&#13;&#10;&#9;at org.junit.runners.ParentRunner$1.schedule(ParentRunner.java:63)&#13;&#10;&#9;at org.junit.runners.ParentRunner.runChildren(ParentRunner.java:236)&#13;&#10;&#9;at org.junit.runners.ParentRunner.access$000(ParentRunner.java:53)&#13;&#10;&#9;at org.junit.runners.ParentRunner$2.evaluate(ParentRunner.java:229)&#13;&#10;&#9;at org.junit.runners.ParentRunner.run(ParentRunner.java:309)&#13;&#10;&#9;at org.eclipse.jdt.internal.junit4.runner.JUnit4TestReference.run(JUnit4TestReference.java:50)&#13;&#10;&#9;at org.eclipse.jdt.internal.junit.runner.TestExecution.run(TestExecution.java:38)&#13;&#10;&#9;at org.eclipse.jdt.internal.junit.runner.RemoteTestRunner.runTests(RemoteTestRunner.java:467)&#13;&#10;&#9;at org.eclipse.jdt.internal.junit.runner.RemoteTestRunner.runTests(RemoteTestRunner.java:683)&#13;&#10;&#9;at org.eclipse.jdt.internal.junit.runner.RemoteTestRunner.run(RemoteTestRunner.java:390)&#13;&#10;&#9;at org.codecover.juniteclipse.runner.EclipseTestRunner.main(EclipseTestRunner.java:40)" Date="1589513787972" Name="StdDrawTest:testFactorX">
<CovList/>
<AssgnmntList/>
<ObjMetaDataList/>
<MetaDataList/>
</TestCase>
<TestCase Comment="Failure&#10;java.lang.AssertionError: Not yet implemented&#13;&#10;&#9;at org.junit.Assert.fail(Assert.java:88)&#13;&#10;&#9;at StdDrawTest.testFactorY(StdDrawTest.java:98)&#13;&#10;&#9;at sun.reflect.NativeMethodAccessorImpl.invoke0(Native Method)&#13;&#10;&#9;at sun.reflect.NativeMethodAccessorImpl.invoke(Unknown Source)&#13;&#10;&#9;at sun.reflect.DelegatingMethodAccessorImpl.invoke(Unknown Source)&#13;&#10;&#9;at java.lang.reflect.Method.invoke(Unknown Source)&#13;&#10;&#9;at org.junit.runners.model.FrameworkMethod$1.runReflectiveCall(FrameworkMethod.java:47)&#13;&#10;&#9;at org.junit.internal.runners.model.ReflectiveCallable.run(ReflectiveCallable.java:12)&#13;&#10;&#9;at org.junit.runners.model.FrameworkMethod.invokeExplosively(FrameworkMethod.java:44)&#13;&#10;&#9;at org.junit.internal.runners.statements.InvokeMethod.evaluate(InvokeMethod.java:17)&#13;&#10;&#9;at org.junit.runners.ParentRunner.runLeaf(ParentRunner.java:271)&#13;&#10;&#9;at org.junit.runners.BlockJUnit4ClassRunner.runChild(BlockJUnit4ClassRunner.java:70)&#13;&#10;&#9;at org.junit.runners.BlockJUnit4ClassRunner.runChild(BlockJUnit4ClassRunner.java:50)&#13;&#10;&#9;at org.junit.runners.ParentRunner$3.run(ParentRunner.java:238)&#13;&#10;&#9;at org.junit.runners.ParentRunner$1.schedule(ParentRunner.java:63)&#13;&#10;&#9;at org.junit.runners.ParentRunner.runChildren(ParentRunner.java:236)&#13;&#10;&#9;at org.junit.runners.ParentRunner.access$000(ParentRunner.java:53)&#13;&#10;&#9;at org.junit.runners.ParentRunner$2.evaluate(ParentRunner.java:229)&#13;&#10;&#9;at org.junit.runners.ParentRunner.run(ParentRunner.java:309)&#13;&#10;&#9;at org.eclipse.jdt.internal.junit4.runner.JUnit4TestReference.run(JUnit4TestReference.java:50)&#13;&#10;&#9;at org.eclipse.jdt.internal.junit.runner.TestExecution.run(TestExecution.java:38)&#13;&#10;&#9;at org.eclipse.jdt.internal.junit.runner.RemoteTestRunner.runTests(RemoteTestRunner.java:467)&#13;&#10;&#9;at org.eclipse.jdt.internal.junit.runner.RemoteTestRunner.runTests(RemoteTestRunner.java:683)&#13;&#10;&#9;at org.eclipse.jdt.internal.junit.runner.RemoteTestRunner.run(RemoteTestRunner.java:390)&#13;&#10;&#9;at org.codecover.juniteclipse.runner.EclipseTestRunner.main(EclipseTestRunner.java:40)" Date="1589513787973" Name="StdDrawTest:testFactorY">
<CovList/>
<AssgnmntList/>
<ObjMetaDataList/>
<MetaDataList/>
</TestCase>
<TestCase Comment="Failure&#10;java.lang.AssertionError: Not yet implemented&#13;&#10;&#9;at org.junit.Assert.fail(Assert.java:88)&#13;&#10;&#9;at StdDrawTest.testClearColor(StdDrawTest.java:118)&#13;&#10;&#9;at sun.reflect.NativeMethodAccessorImpl.invoke0(Native Method)&#13;&#10;&#9;at sun.reflect.NativeMethodAccessorImpl.invoke(Unknown Source)&#13;&#10;&#9;at sun.reflect.DelegatingMethodAccessorImpl.invoke(Unknown Source)&#13;&#10;&#9;at java.lang.reflect.Method.invoke(Unknown Source)&#13;&#10;&#9;at org.junit.runners.model.FrameworkMethod$1.runReflectiveCall(FrameworkMethod.java:47)&#13;&#10;&#9;at org.junit.internal.runners.model.ReflectiveCallable.run(ReflectiveCallable.java:12)&#13;&#10;&#9;at org.junit.runners.model.FrameworkMethod.invokeExplosively(FrameworkMethod.java:44)&#13;&#10;&#9;at org.junit.internal.runners.statements.InvokeMethod.evaluate(InvokeMethod.java:17)&#13;&#10;&#9;at org.junit.runners.ParentRunner.runLeaf(ParentRunner.java:271)&#13;&#10;&#9;at org.junit.runners.BlockJUnit4ClassRunner.runChild(BlockJUnit4ClassRunner.java:70)&#13;&#10;&#9;at org.junit.runners.BlockJUnit4ClassRunner.runChild(BlockJUnit4ClassRunner.java:50)&#13;&#10;&#9;at org.junit.runners.ParentRunner$3.run(ParentRunner.java:238)&#13;&#10;&#9;at org.junit.runners.ParentRunner$1.schedule(ParentRunner.java:63)&#13;&#10;&#9;at org.junit.runners.ParentRunner.runChildren(ParentRunner.java:236)&#13;&#10;&#9;at org.junit.runners.ParentRunner.access$000(ParentRunner.java:53)&#13;&#10;&#9;at org.junit.runners.ParentRunner$2.evaluate(ParentRunner.java:229)&#13;&#10;&#9;at org.junit.runners.ParentRunner.run(ParentRunner.java:309)&#13;&#10;&#9;at org.eclipse.jdt.internal.junit4.runner.JUnit4TestReference.run(JUnit4TestReference.java:50)&#13;&#10;&#9;at org.eclipse.jdt.internal.junit.runner.TestExecution.run(TestExecution.java:38)&#13;&#10;&#9;at org.eclipse.jdt.internal.junit.runner.RemoteTestRunner.runTests(RemoteTestRunner.java:467)&#13;&#10;&#9;at org.eclipse.jdt.internal.junit.runner.RemoteTestRunner.runTests(RemoteTestRunner.java:683)&#13;&#10;&#9;at org.eclipse.jdt.internal.junit.runner.RemoteTestRunner.run(RemoteTestRunner.java:390)&#13;&#10;&#9;at org.codecover.juniteclipse.runner.EclipseTestRunner.main(EclipseTestRunner.java:40)" Date="1589513787975" Name="StdDrawTest:testClearColor">
<CovList/>
<AssgnmntList/>
<ObjMetaDataList/>
<MetaDataList/>
</TestCase>
<TestCase Comment="Failure&#10;java.lang.AssertionError: Not yet implemented&#13;&#10;&#9;at org.junit.Assert.fail(Assert.java:88)&#13;&#10;&#9;at StdDrawTest.testArc(StdDrawTest.java:208)&#13;&#10;&#9;at sun.reflect.NativeMethodAccessorImpl.invoke0(Native Method)&#13;&#10;&#9;at sun.reflect.NativeMethodAccessorImpl.invoke(Unknown Source)&#13;&#10;&#9;at sun.reflect.DelegatingMethodAccessorImpl.invoke(Unknown Source)&#13;&#10;&#9;at java.lang.reflect.Method.invoke(Unknown Source)&#13;&#10;&#9;at org.junit.runners.model.FrameworkMethod$1.runReflectiveCall(FrameworkMethod.java:47)&#13;&#10;&#9;at org.junit.internal.runners.model.ReflectiveCallable.run(ReflectiveCallable.java:12)&#13;&#10;&#9;at org.junit.runners.model.FrameworkMethod.invokeExplosively(FrameworkMethod.java:44)&#13;&#10;&#9;at org.junit.internal.runners.statements.InvokeMethod.evaluate(InvokeMethod.java:17)&#13;&#10;&#9;at org.junit.runners.ParentRunner.runLeaf(ParentRunner.java:271)&#13;&#10;&#9;at org.junit.runners.BlockJUnit4ClassRunner.runChild(BlockJUnit4ClassRunner.java:70)&#13;&#10;&#9;at org.junit.runners.BlockJUnit4ClassRunner.runChild(BlockJUnit4ClassRunner.java:50)&#13;&#10;&#9;at org.junit.runners.ParentRunner$3.run(ParentRunner.java:238)&#13;&#10;&#9;at org.junit.runners.ParentRunner$1.schedule(ParentRunner.java:63)&#13;&#10;&#9;at org.junit.runners.ParentRunner.runChildren(ParentRunner.java:236)&#13;&#10;&#9;at org.junit.runners.ParentRunner.access$000(ParentRunner.java:53)&#13;&#10;&#9;at org.junit.runners.ParentRunner$2.evaluate(ParentRunner.java:229)&#13;&#10;&#9;at org.junit.runners.ParentRunner.run(ParentRunner.java:309)&#13;&#10;&#9;at org.eclipse.jdt.internal.junit4.runner.JUnit4TestReference.run(JUnit4TestReference.java:50)&#13;&#10;&#9;at org.eclipse.jdt.internal.junit.runner.TestExecution.run(TestExecution.java:38)&#13;&#10;&#9;at org.eclipse.jdt.internal.junit.runner.RemoteTestRunner.runTests(RemoteTestRunner.java:467)&#13;&#10;&#9;at org.eclipse.jdt.internal.junit.runner.RemoteTestRunner.runTests(RemoteTestRunner.java:683)&#13;&#10;&#9;at org.eclipse.jdt.internal.junit.runner.RemoteTestRunner.run(RemoteTestRunner.java:390)&#13;&#10;&#9;at org.codecover.juniteclipse.runner.EclipseTestRunner.main(EclipseTestRunner.java:40)" Date="1589513787976" Name="StdDrawTest:testArc">
<CovList/>
<AssgnmntList/>
<ObjMetaDataList/>
<MetaDataList/>
</TestCase>
<TestCase Comment="Failure&#10;java.lang.AssertionError: Not yet implemented&#13;&#10;&#9;at org.junit.Assert.fail(Assert.java:88)&#13;&#10;&#9;at StdDrawTest.testTextDoubleDoubleStringDouble(StdDrawTest.java:273)&#13;&#10;&#9;at sun.reflect.NativeMethodAccessorImpl.invoke0(Native Method)&#13;&#10;&#9;at sun.reflect.NativeMethodAccessorImpl.invoke(Unknown Source)&#13;&#10;&#9;at sun.reflect.DelegatingMethodAccessorImpl.invoke(Unknown Source)&#13;&#10;&#9;at java.lang.reflect.Method.invoke(Unknown Source)&#13;&#10;&#9;at org.junit.runners.model.FrameworkMethod$1.runReflectiveCall(FrameworkMethod.java:47)&#13;&#10;&#9;at org.junit.internal.runners.model.ReflectiveCallable.run(ReflectiveCallable.java:12)&#13;&#10;&#9;at org.junit.runners.model.FrameworkMethod.invokeExplosively(FrameworkMethod.java:44)&#13;&#10;&#9;at org.junit.internal.runners.statements.InvokeMethod.evaluate(InvokeMethod.java:17)&#13;&#10;&#9;at org.junit.runners.ParentRunner.runLeaf(ParentRunner.java:271)&#13;&#10;&#9;at org.junit.runners.BlockJUnit4ClassRunner.runChild(BlockJUnit4ClassRunner.java:70)&#13;&#10;&#9;at org.junit.runners.BlockJUnit4ClassRunner.runChild(BlockJUnit4ClassRunner.java:50)&#13;&#10;&#9;at org.junit.runners.ParentRunner$3.run(ParentRunner.java:238)&#13;&#10;&#9;at org.junit.runners.ParentRunner$1.schedule(ParentRunner.java:63)&#13;&#10;&#9;at org.junit.runners.ParentRunner.runChildren(ParentRunner.java:236)&#13;&#10;&#9;at org.junit.runners.ParentRunner.access$000(ParentRunner.java:53)&#13;&#10;&#9;at org.junit.runners.ParentRunner$2.evaluate(ParentRunner.java:229)&#13;&#10;&#9;at org.junit.runners.ParentRunner.run(ParentRunner.java:309)&#13;&#10;&#9;at org.eclipse.jdt.internal.junit4.runner.JUnit4TestReference.run(JUnit4TestReference.java:50)&#13;&#10;&#9;at org.eclipse.jdt.internal.junit.runner.TestExecution.run(TestExecution.java:38)&#13;&#10;&#9;at org.eclipse.jdt.internal.junit.runner.RemoteTestRunner.runTests(RemoteTestRunner.java:467)&#13;&#10;&#9;at org.eclipse.jdt.internal.junit.runner.RemoteTestRunner.runTests(RemoteTestRunner.java:683)&#13;&#10;&#9;at org.eclipse.jdt.internal.junit.runner.RemoteTestRunner.run(RemoteTestRunner.java:390)&#13;&#10;&#9;at org.codecover.juniteclipse.runner.EclipseTestRunner.main(EclipseTestRunner.java:40)" Date="1589513787978" Name="StdDrawTest:testTextDoubleDoubleStringDouble">
<CovList/>
<AssgnmntList/>
<ObjMetaDataList/>
<MetaDataList/>
</TestCase>
<TestCase Comment="Failure&#10;java.lang.AssertionError: Not yet implemented&#13;&#10;&#9;at org.junit.Assert.fail(Assert.java:88)&#13;&#10;&#9;at StdDrawTest.testActionPerformed(StdDrawTest.java:323)&#13;&#10;&#9;at sun.reflect.NativeMethodAccessorImpl.invoke0(Native Method)&#13;&#10;&#9;at sun.reflect.NativeMethodAccessorImpl.invoke(Unknown Source)&#13;&#10;&#9;at sun.reflect.DelegatingMethodAccessorImpl.invoke(Unknown Source)&#13;&#10;&#9;at java.lang.reflect.Method.invoke(Unknown Source)&#13;&#10;&#9;at org.junit.runners.model.FrameworkMethod$1.runReflectiveCall(FrameworkMethod.java:47)&#13;&#10;&#9;at org.junit.internal.runners.model.ReflectiveCallable.run(ReflectiveCallable.java:12)&#13;&#10;&#9;at org.junit.runners.model.FrameworkMethod.invokeExplosively(FrameworkMethod.java:44)&#13;&#10;&#9;at org.junit.internal.runners.statements.InvokeMethod.evaluate(InvokeMethod.java:17)&#13;&#10;&#9;at org.junit.runners.ParentRunner.runLeaf(ParentRunner.java:271)&#13;&#10;&#9;at org.junit.runners.BlockJUnit4ClassRunner.runChild(BlockJUnit4ClassRunner.java:70)&#13;&#10;&#9;at org.junit.runners.BlockJUnit4ClassRunner.runChild(BlockJUnit4ClassRunner.java:50)&#13;&#10;&#9;at org.junit.runners.ParentRunner$3.run(ParentRunner.java:238)&#13;&#10;&#9;at org.junit.runners.ParentRunner$1.schedule(ParentRunner.java:63)&#13;&#10;&#9;at org.junit.runners.ParentRunner.runChildren(ParentRunner.java:236)&#13;&#10;&#9;at org.junit.runners.ParentRunner.access$000(ParentRunner.java:53)&#13;&#10;&#9;at org.junit.runners.ParentRunner$2.evaluate(ParentRunner.java:229)&#13;&#10;&#9;at org.junit.runners.ParentRunner.run(ParentRunner.java:309)&#13;&#10;&#9;at org.eclipse.jdt.internal.junit4.runner.JUnit4TestReference.run(JUnit4TestReference.java:50)&#13;&#10;&#9;at org.eclipse.jdt.internal.junit.runner.TestExecution.run(TestExecution.java:38)&#13;&#10;&#9;at org.eclipse.jdt.internal.junit.runner.RemoteTestRunner.runTests(RemoteTestRunner.java:467)&#13;&#10;&#9;at org.eclipse.jdt.internal.junit.runner.RemoteTestRunner.runTests(RemoteTestRunner.java:683)&#13;&#10;&#9;at org.eclipse.jdt.internal.junit.runner.RemoteTestRunner.run(RemoteTestRunner.java:390)&#13;&#10;&#9;at org.codecover.juniteclipse.runner.EclipseTestRunner.main(EclipseTestRunner.java:40)" Date="1589513787979" Name="StdDrawTest:testActionPerformed">
<CovList/>
<AssgnmntList/>
<ObjMetaDataList/>
<MetaDataList/>
</TestCase>
<TestCase Comment="Failure&#10;java.lang.AssertionError: Not yet implemented&#13;&#10;&#9;at org.junit.Assert.fail(Assert.java:88)&#13;&#10;&#9;at StdDrawTest.testSetYscaleDoubleDouble(StdDrawTest.java:73)&#13;&#10;&#9;at sun.reflect.NativeMethodAccessorImpl.invoke0(Native Method)&#13;&#10;&#9;at sun.reflect.NativeMethodAccessorImpl.invoke(Unknown Source)&#13;&#10;&#9;at sun.reflect.DelegatingMethodAccessorImpl.invoke(Unknown Source)&#13;&#10;&#9;at java.lang.reflect.Method.invoke(Unknown Source)&#13;&#10;&#9;at org.junit.runners.model.FrameworkMethod$1.runReflectiveCall(FrameworkMethod.java:47)&#13;&#10;&#9;at org.junit.internal.runners.model.ReflectiveCallable.run(ReflectiveCallable.java:12)&#13;&#10;&#9;at org.junit.runners.model.FrameworkMethod.invokeExplosively(FrameworkMethod.java:44)&#13;&#10;&#9;at org.junit.internal.runners.statements.InvokeMethod.evaluate(InvokeMethod.java:17)&#13;&#10;&#9;at org.junit.runners.ParentRunner.runLeaf(ParentRunner.java:271)&#13;&#10;&#9;at org.junit.runners.BlockJUnit4ClassRunner.runChild(BlockJUnit4ClassRunner.java:70)&#13;&#10;&#9;at org.junit.runners.BlockJUnit4ClassRunner.runChild(BlockJUnit4ClassRunner.java:50)&#13;&#10;&#9;at org.junit.runners.ParentRunner$3.run(ParentRunner.java:238)&#13;&#10;&#9;at org.junit.runners.ParentRunner$1.schedule(ParentRunner.java:63)&#13;&#10;&#9;at org.junit.runners.ParentRunner.runChildren(ParentRunner.java:236)&#13;&#10;&#9;at org.junit.runners.ParentRunner.access$000(ParentRunner.java:53)&#13;&#10;&#9;at org.junit.runners.ParentRunner$2.evaluate(ParentRunner.java:229)&#13;&#10;&#9;at org.junit.runners.ParentRunner.run(ParentRunner.java:309)&#13;&#10;&#9;at org.eclipse.jdt.internal.junit4.runner.JUnit4TestReference.run(JUnit4TestReference.java:50)&#13;&#10;&#9;at org.eclipse.jdt.internal.junit.runner.TestExecution.run(TestExecution.java:38)&#13;&#10;&#9;at org.eclipse.jdt.internal.junit.runner.RemoteTestRunner.runTests(RemoteTestRunner.java:467)&#13;&#10;&#9;at org.eclipse.jdt.internal.junit.runner.RemoteTestRunner.runTests(RemoteTestRunner.java:683)&#13;&#10;&#9;at org.eclipse.jdt.internal.junit.runner.RemoteTestRunner.run(RemoteTestRunner.java:390)&#13;&#10;&#9;at org.codecover.juniteclipse.runner.EclipseTestRunner.main(EclipseTestRunner.java:40)" Date="1589513787981" Name="StdDrawTest:testSetYscaleDoubleDouble">
<CovList/>
<AssgnmntList/>
<ObjMetaDataList/>
<MetaDataList/>
</TestCase>
<TestCase Comment="Failure&#10;java.lang.AssertionError: Not yet implemented&#13;&#10;&#9;at org.junit.Assert.fail(Assert.java:88)&#13;&#10;&#9;at StdDrawTest.testClear(StdDrawTest.java:113)&#13;&#10;&#9;at sun.reflect.NativeMethodAccessorImpl.invoke0(Native Method)&#13;&#10;&#9;at sun.reflect.NativeMethodAccessorImpl.invoke(Unknown Source)&#13;&#10;&#9;at sun.reflect.DelegatingMethodAccessorImpl.invoke(Unknown Source)&#13;&#10;&#9;at java.lang.reflect.Method.invoke(Unknown Source)&#13;&#10;&#9;at org.junit.runners.model.FrameworkMethod$1.runReflectiveCall(FrameworkMethod.java:47)&#13;&#10;&#9;at org.junit.internal.runners.model.ReflectiveCallable.run(ReflectiveCallable.java:12)&#13;&#10;&#9;at org.junit.runners.model.FrameworkMethod.invokeExplosively(FrameworkMethod.java:44)&#13;&#10;&#9;at org.junit.internal.runners.statements.InvokeMethod.evaluate(InvokeMethod.java:17)&#13;&#10;&#9;at org.junit.runners.ParentRunner.runLeaf(ParentRunner.java:271)&#13;&#10;&#9;at org.junit.runners.BlockJUnit4ClassRunner.runChild(BlockJUnit4ClassRunner.java:70)&#13;&#10;&#9;at org.junit.runners.BlockJUnit4ClassRunner.runChild(BlockJUnit4ClassRunner.java:50)&#13;&#10;&#9;at org.junit.runners.ParentRunner$3.run(ParentRunner.java:238)&#13;&#10;&#9;at org.junit.runners.ParentRunner$1.schedule(ParentRunner.java:63)&#13;&#10;&#9;at org.junit.runners.ParentRunner.runChildren(ParentRunner.java:236)&#13;&#10;&#9;at org.junit.runners.ParentRunner.access$000(ParentRunner.java:53)&#13;&#10;&#9;at org.junit.runners.ParentRunner$2.evaluate(ParentRunner.java:229)&#13;&#10;&#9;at org.junit.runners.ParentRunner.run(ParentRunner.java:309)&#13;&#10;&#9;at org.eclipse.jdt.internal.junit4.runner.JUnit4TestReference.run(JUnit4TestReference.java:50)&#13;&#10;&#9;at org.eclipse.jdt.internal.junit.runner.TestExecution.run(TestExecution.java:38)&#13;&#10;&#9;at org.eclipse.jdt.internal.junit.runner.RemoteTestRunner.runTests(RemoteTestRunner.java:467)&#13;&#10;&#9;at org.eclipse.jdt.internal.junit.runner.RemoteTestRunner.runTests(RemoteTestRunner.java:683)&#13;&#10;&#9;at org.eclipse.jdt.internal.junit.runner.RemoteTestRunner.run(RemoteTestRunner.java:390)&#13;&#10;&#9;at org.codecover.juniteclipse.runner.EclipseTestRunner.main(EclipseTestRunner.java:40)" Date="1589513787982" Name="StdDrawTest:testClear">
<CovList/>
<AssgnmntList/>
<ObjMetaDataList/>
<MetaDataList/>
</TestCase>
<TestCase Comment="Failure&#10;java.lang.AssertionError: Not yet implemented&#13;&#10;&#9;at org.junit.Assert.fail(Assert.java:88)&#13;&#10;&#9;at StdDrawTest.testPause(StdDrawTest.java:293)&#13;&#10;&#9;at sun.reflect.NativeMethodAccessorImpl.invoke0(Native Method)&#13;&#10;&#9;at sun.reflect.NativeMethodAccessorImpl.invoke(Unknown Source)&#13;&#10;&#9;at sun.reflect.DelegatingMethodAccessorImpl.invoke(Unknown Source)&#13;&#10;&#9;at java.lang.reflect.Method.invoke(Unknown Source)&#13;&#10;&#9;at org.junit.runners.model.FrameworkMethod$1.runReflectiveCall(FrameworkMethod.java:47)&#13;&#10;&#9;at org.junit.internal.runners.model.ReflectiveCallable.run(ReflectiveCallable.java:12)&#13;&#10;&#9;at org.junit.runners.model.FrameworkMethod.invokeExplosively(FrameworkMethod.java:44)&#13;&#10;&#9;at org.junit.internal.runners.statements.InvokeMethod.evaluate(InvokeMethod.java:17)&#13;&#10;&#9;at org.junit.runners.ParentRunner.runLeaf(ParentRunner.java:271)&#13;&#10;&#9;at org.junit.runners.BlockJUnit4ClassRunner.runChild(BlockJUnit4ClassRunner.java:70)&#13;&#10;&#9;at org.junit.runners.BlockJUnit4ClassRunner.runChild(BlockJUnit4ClassRunner.java:50)&#13;&#10;&#9;at org.junit.runners.ParentRunner$3.run(ParentRunner.java:238)&#13;&#10;&#9;at org.junit.runners.ParentRunner$1.schedule(ParentRunner.java:63)&#13;&#10;&#9;at org.junit.runners.ParentRunner.runChildren(ParentRunner.java:236)&#13;&#10;&#9;at org.junit.runners.ParentRunner.access$000(ParentRunner.java:53)&#13;&#10;&#9;at org.junit.runners.ParentRunner$2.evaluate(ParentRunner.java:229)&#13;&#10;&#9;at org.junit.runners.ParentRunner.run(ParentRunner.java:309)&#13;&#10;&#9;at org.eclipse.jdt.internal.junit4.runner.JUnit4TestReference.run(JUnit4TestReference.java:50)&#13;&#10;&#9;at org.eclipse.jdt.internal.junit.runner.TestExecution.run(TestExecution.java:38)&#13;&#10;&#9;at org.eclipse.jdt.internal.junit.runner.RemoteTestRunner.runTests(RemoteTestRunner.java:467)&#13;&#10;&#9;at org.eclipse.jdt.internal.junit.runner.RemoteTestRunner.runTests(RemoteTestRunner.java:683)&#13;&#10;&#9;at org.eclipse.jdt.internal.junit.runner.RemoteTestRunner.run(RemoteTestRunner.java:390)&#13;&#10;&#9;at org.codecover.juniteclipse.runner.EclipseTestRunner.main(EclipseTestRunner.java:40)" Date="1589513787983" Name="StdDrawTest:testPause">
<CovList/>
<AssgnmntList/>
<ObjMetaDataList/>
<MetaDataList/>
</TestCase>
<TestCase Comment="Failure&#10;java.lang.AssertionError: Not yet implemented&#13;&#10;&#9;at org.junit.Assert.fail(Assert.java:88)&#13;&#10;&#9;at StdDrawTest.testPixel(StdDrawTest.java:178)&#13;&#10;&#9;at sun.reflect.NativeMethodAccessorImpl.invoke0(Native Method)&#13;&#10;&#9;at sun.reflect.NativeMethodAccessorImpl.invoke(Unknown Source)&#13;&#10;&#9;at sun.reflect.DelegatingMethodAccessorImpl.invoke(Unknown Source)&#13;&#10;&#9;at java.lang.reflect.Method.invoke(Unknown Source)&#13;&#10;&#9;at org.junit.runners.model.FrameworkMethod$1.runReflectiveCall(FrameworkMethod.java:47)&#13;&#10;&#9;at org.junit.internal.runners.model.ReflectiveCallable.run(ReflectiveCallable.java:12)&#13;&#10;&#9;at org.junit.runners.model.FrameworkMethod.invokeExplosively(FrameworkMethod.java:44)&#13;&#10;&#9;at org.junit.internal.runners.statements.InvokeMethod.evaluate(InvokeMethod.java:17)&#13;&#10;&#9;at org.junit.runners.ParentRunner.runLeaf(ParentRunner.java:271)&#13;&#10;&#9;at org.junit.runners.BlockJUnit4ClassRunner.runChild(BlockJUnit4ClassRunner.java:70)&#13;&#10;&#9;at org.junit.runners.BlockJUnit4ClassRunner.runChild(BlockJUnit4ClassRunner.java:50)&#13;&#10;&#9;at org.junit.runners.ParentRunner$3.run(ParentRunner.java:238)&#13;&#10;&#9;at org.junit.runners.ParentRunner$1.schedule(ParentRunner.java:63)&#13;&#10;&#9;at org.junit.runners.ParentRunner.runChildren(ParentRunner.java:236)&#13;&#10;&#9;at org.junit.runners.ParentRunner.access$000(ParentRunner.java:53)&#13;&#10;&#9;at org.junit.runners.ParentRunner$2.evaluate(ParentRunner.java:229)&#13;&#10;&#9;at org.junit.runners.ParentRunner.run(ParentRunner.java:309)&#13;&#10;&#9;at org.eclipse.jdt.internal.junit4.runner.JUnit4TestReference.run(JUnit4TestReference.java:50)&#13;&#10;&#9;at org.eclipse.jdt.internal.junit.runner.TestExecution.run(TestExecution.java:38)&#13;&#10;&#9;at org.eclipse.jdt.internal.junit.runner.RemoteTestRunner.runTests(RemoteTestRunner.java:467)&#13;&#10;&#9;at org.eclipse.jdt.internal.junit.runner.RemoteTestRunner.runTests(RemoteTestRunner.java:683)&#13;&#10;&#9;at org.eclipse.jdt.internal.junit.runner.RemoteTestRunner.run(RemoteTestRunner.java:390)&#13;&#10;&#9;at org.codecover.juniteclipse.runner.EclipseTestRunner.main(EclipseTestRunner.java:40)" Date="1589513787985" Name="StdDrawTest:testPixel">
<CovList/>
<AssgnmntList/>
<ObjMetaDataList/>
<MetaDataList/>
</TestCase>
<TestCase Comment="Failure&#10;java.lang.AssertionError: Not yet implemented&#13;&#10;&#9;at org.junit.Assert.fail(Assert.java:88)&#13;&#10;&#9;at StdDrawTest.testPoint(StdDrawTest.java:183)&#13;&#10;&#9;at sun.reflect.NativeMethodAccessorImpl.invoke0(Native Method)&#13;&#10;&#9;at sun.reflect.NativeMethodAccessorImpl.invoke(Unknown Source)&#13;&#10;&#9;at sun.reflect.DelegatingMethodAccessorImpl.invoke(Unknown Source)&#13;&#10;&#9;at java.lang.reflect.Method.invoke(Unknown Source)&#13;&#10;&#9;at org.junit.runners.model.FrameworkMethod$1.runReflectiveCall(FrameworkMethod.java:47)&#13;&#10;&#9;at org.junit.internal.runners.model.ReflectiveCallable.run(ReflectiveCallable.java:12)&#13;&#10;&#9;at org.junit.runners.model.FrameworkMethod.invokeExplosively(FrameworkMethod.java:44)&#13;&#10;&#9;at org.junit.internal.runners.statements.InvokeMethod.evaluate(InvokeMethod.java:17)&#13;&#10;&#9;at org.junit.runners.ParentRunner.runLeaf(ParentRunner.java:271)&#13;&#10;&#9;at org.junit.runners.BlockJUnit4ClassRunner.runChild(BlockJUnit4ClassRunner.java:70)&#13;&#10;&#9;at org.junit.runners.BlockJUnit4ClassRunner.runChild(BlockJUnit4ClassRunner.java:50)&#13;&#10;&#9;at org.junit.runners.ParentRunner$3.run(ParentRunner.java:238)&#13;&#10;&#9;at org.junit.runners.ParentRunner$1.schedule(ParentRunner.java:63)&#13;&#10;&#9;at org.junit.runners.ParentRunner.runChildren(ParentRunner.java:236)&#13;&#10;&#9;at org.junit.runners.ParentRunner.access$000(ParentRunner.java:53)&#13;&#10;&#9;at org.junit.runners.ParentRunner$2.evaluate(ParentRunner.java:229)&#13;&#10;&#9;at org.junit.runners.ParentRunner.run(ParentRunner.java:309)&#13;&#10;&#9;at org.eclipse.jdt.internal.junit4.runner.JUnit4TestReference.run(JUnit4TestReference.java:50)&#13;&#10;&#9;at org.eclipse.jdt.internal.junit.runner.TestExecution.run(TestExecution.java:38)&#13;&#10;&#9;at org.eclipse.jdt.internal.junit.runner.RemoteTestRunner.runTests(RemoteTestRunner.java:467)&#13;&#10;&#9;at org.eclipse.jdt.internal.junit.runner.RemoteTestRunner.runTests(RemoteTestRunner.java:683)&#13;&#10;&#9;at org.eclipse.jdt.internal.junit.runner.RemoteTestRunner.run(RemoteTestRunner.java:390)&#13;&#10;&#9;at org.codecover.juniteclipse.runner.EclipseTestRunner.main(EclipseTestRunner.java:40)" Date="1589513787986" Name="StdDrawTest:testPoint">
<CovList/>
<AssgnmntList/>
<ObjMetaDataList/>
<MetaDataList/>
</TestCase>
<TestCase Comment="Failure&#10;java.lang.AssertionError: Not yet implemented&#13;&#10;&#9;at org.junit.Assert.fail(Assert.java:88)&#13;&#10;&#9;at StdDrawTest.testUserX(StdDrawTest.java:103)&#13;&#10;&#9;at sun.reflect.NativeMethodAccessorImpl.invoke0(Native Method)&#13;&#10;&#9;at sun.reflect.NativeMethodAccessorImpl.invoke(Unknown Source)&#13;&#10;&#9;at sun.reflect.DelegatingMethodAccessorImpl.invoke(Unknown Source)&#13;&#10;&#9;at java.lang.reflect.Method.invoke(Unknown Source)&#13;&#10;&#9;at org.junit.runners.model.FrameworkMethod$1.runReflectiveCall(FrameworkMethod.java:47)&#13;&#10;&#9;at org.junit.internal.runners.model.ReflectiveCallable.run(ReflectiveCallable.java:12)&#13;&#10;&#9;at org.junit.runners.model.FrameworkMethod.invokeExplosively(FrameworkMethod.java:44)&#13;&#10;&#9;at org.junit.internal.runners.statements.InvokeMethod.evaluate(InvokeMethod.java:17)&#13;&#10;&#9;at org.junit.runners.ParentRunner.runLeaf(ParentRunner.java:271)&#13;&#10;&#9;at org.junit.runners.BlockJUnit4ClassRunner.runChild(BlockJUnit4ClassRunner.java:70)&#13;&#10;&#9;at org.junit.runners.BlockJUnit4ClassRunner.runChild(BlockJUnit4ClassRunner.java:50)&#13;&#10;&#9;at org.junit.runners.ParentRunner$3.run(ParentRunner.java:238)&#13;&#10;&#9;at org.junit.runners.ParentRunner$1.schedule(ParentRunner.java:63)&#13;&#10;&#9;at org.junit.runners.ParentRunner.runChildren(ParentRunner.java:236)&#13;&#10;&#9;at org.junit.runners.ParentRunner.access$000(ParentRunner.java:53)&#13;&#10;&#9;at org.junit.runners.ParentRunner$2.evaluate(ParentRunner.java:229)&#13;&#10;&#9;at org.junit.runners.ParentRunner.run(ParentRunner.java:309)&#13;&#10;&#9;at org.eclipse.jdt.internal.junit4.runner.JUnit4TestReference.run(JUnit4TestReference.java:50)&#13;&#10;&#9;at org.eclipse.jdt.internal.junit.runner.TestExecution.run(TestExecution.java:38)&#13;&#10;&#9;at org.eclipse.jdt.internal.junit.runner.RemoteTestRunner.runTests(RemoteTestRunner.java:467)&#13;&#10;&#9;at org.eclipse.jdt.internal.junit.runner.RemoteTestRunner.runTests(RemoteTestRunner.java:683)&#13;&#10;&#9;at org.eclipse.jdt.internal.junit.runner.RemoteTestRunner.run(RemoteTestRunner.java:390)&#13;&#10;&#9;at org.codecover.juniteclipse.runner.EclipseTestRunner.main(EclipseTestRunner.java:40)" Date="1589513787988" Name="StdDrawTest:testUserX">
<CovList/>
<AssgnmntList/>
<ObjMetaDataList/>
<MetaDataList/>
</TestCase>
<TestCase Comment="Failure&#10;java.lang.AssertionError: Not yet implemented&#13;&#10;&#9;at org.junit.Assert.fail(Assert.java:88)&#13;&#10;&#9;at StdDrawTest.testUserY(StdDrawTest.java:108)&#13;&#10;&#9;at sun.reflect.NativeMethodAccessorImpl.invoke0(Native Method)&#13;&#10;&#9;at sun.reflect.NativeMethodAccessorImpl.invoke(Unknown Source)&#13;&#10;&#9;at sun.reflect.DelegatingMethodAccessorImpl.invoke(Unknown Source)&#13;&#10;&#9;at java.lang.reflect.Method.invoke(Unknown Source)&#13;&#10;&#9;at org.junit.runners.model.FrameworkMethod$1.runReflectiveCall(FrameworkMethod.java:47)&#13;&#10;&#9;at org.junit.internal.runners.model.ReflectiveCallable.run(ReflectiveCallable.java:12)&#13;&#10;&#9;at org.junit.runners.model.FrameworkMethod.invokeExplosively(FrameworkMethod.java:44)&#13;&#10;&#9;at org.junit.internal.runners.statements.InvokeMethod.evaluate(InvokeMethod.java:17)&#13;&#10;&#9;at org.junit.runners.ParentRunner.runLeaf(ParentRunner.java:271)&#13;&#10;&#9;at org.junit.runners.BlockJUnit4ClassRunner.runChild(BlockJUnit4ClassRunner.java:70)&#13;&#10;&#9;at org.junit.runners.BlockJUnit4ClassRunner.runChild(BlockJUnit4ClassRunner.java:50)&#13;&#10;&#9;at org.junit.runners.ParentRunner$3.run(ParentRunner.java:238)&#13;&#10;&#9;at org.junit.runners.ParentRunner$1.schedule(ParentRunner.java:63)&#13;&#10;&#9;at org.junit.runners.ParentRunner.runChildren(ParentRunner.java:236)&#13;&#10;&#9;at org.junit.runners.ParentRunner.access$000(ParentRunner.java:53)&#13;&#10;&#9;at org.junit.runners.ParentRunner$2.evaluate(ParentRunner.java:229)&#13;&#10;&#9;at org.junit.runners.ParentRunner.run(ParentRunner.java:309)&#13;&#10;&#9;at org.eclipse.jdt.internal.junit4.runner.JUnit4TestReference.run(JUnit4TestReference.java:50)&#13;&#10;&#9;at org.eclipse.jdt.internal.junit.runner.TestExecution.run(TestExecution.java:38)&#13;&#10;&#9;at org.eclipse.jdt.internal.junit.runner.RemoteTestRunner.runTests(RemoteTestRunner.java:467)&#13;&#10;&#9;at org.eclipse.jdt.internal.junit.runner.RemoteTestRunner.runTests(RemoteTestRunner.java:683)&#13;&#10;&#9;at org.eclipse.jdt.internal.junit.runner.RemoteTestRunner.run(RemoteTestRunner.java:390)&#13;&#10;&#9;at org.codecover.juniteclipse.runner.EclipseTestRunner.main(EclipseTestRunner.java:40)" Date="1589513787989" Name="StdDrawTest:testUserY">
<CovList/>
<AssgnmntList/>
<ObjMetaDataList/>
<MetaDataList/>
</TestCase>
<TestCase Comment="Failure&#10;java.lang.AssertionError: Not yet implemented&#13;&#10;&#9;at org.junit.Assert.fail(Assert.java:88)&#13;&#10;&#9;at StdDrawTest.testDraw(StdDrawTest.java:303)&#13;&#10;&#9;at sun.reflect.NativeMethodAccessorImpl.invoke0(Native Method)&#13;&#10;&#9;at sun.reflect.NativeMethodAccessorImpl.invoke(Unknown Source)&#13;&#10;&#9;at sun.reflect.DelegatingMethodAccessorImpl.invoke(Unknown Source)&#13;&#10;&#9;at java.lang.reflect.Method.invoke(Unknown Source)&#13;&#10;&#9;at org.junit.runners.model.FrameworkMethod$1.runReflectiveCall(FrameworkMethod.java:47)&#13;&#10;&#9;at org.junit.internal.runners.model.ReflectiveCallable.run(ReflectiveCallable.java:12)&#13;&#10;&#9;at org.junit.runners.model.FrameworkMethod.invokeExplosively(FrameworkMethod.java:44)&#13;&#10;&#9;at org.junit.internal.runners.statements.InvokeMethod.evaluate(InvokeMethod.java:17)&#13;&#10;&#9;at org.junit.runners.ParentRunner.runLeaf(ParentRunner.java:271)&#13;&#10;&#9;at org.junit.runners.BlockJUnit4ClassRunner.runChild(BlockJUnit4ClassRunner.java:70)&#13;&#10;&#9;at org.junit.runners.BlockJUnit4ClassRunner.runChild(BlockJUnit4ClassRunner.java:50)&#13;&#10;&#9;at org.junit.runners.ParentRunner$3.run(ParentRunner.java:238)&#13;&#10;&#9;at org.junit.runners.ParentRunner$1.schedule(ParentRunner.java:63)&#13;&#10;&#9;at org.junit.runners.ParentRunner.runChildren(ParentRunner.java:236)&#13;&#10;&#9;at org.junit.runners.ParentRunner.access$000(ParentRunner.java:53)&#13;&#10;&#9;at org.junit.runners.ParentRunner$2.evaluate(ParentRunner.java:229)&#13;&#10;&#9;at org.junit.runners.ParentRunner.run(ParentRunner.java:309)&#13;&#10;&#9;at org.eclipse.jdt.internal.junit4.runner.JUnit4TestReference.run(JUnit4TestReference.java:50)&#13;&#10;&#9;at org.eclipse.jdt.internal.junit.runner.TestExecution.run(TestExecution.java:38)&#13;&#10;&#9;at org.eclipse.jdt.internal.junit.runner.RemoteTestRunner.runTests(RemoteTestRunner.java:467)&#13;&#10;&#9;at org.eclipse.jdt.internal.junit.runner.RemoteTestRunner.runTests(RemoteTestRunner.java:683)&#13;&#10;&#9;at org.eclipse.jdt.internal.junit.runner.RemoteTestRunner.run(RemoteTestRunner.java:390)&#13;&#10;&#9;at org.codecover.juniteclipse.runner.EclipseTestRunner.main(EclipseTestRunner.java:40)" Date="1589513787991" Name="StdDrawTest:testDraw">
<CovList/>
<AssgnmntList/>
<ObjMetaDataList/>
<MetaDataList/>
</TestCase>
<TestCase Comment="Failure&#10;java.lang.AssertionError: Not yet implemented&#13;&#10;&#9;at org.junit.Assert.fail(Assert.java:88)&#13;&#10;&#9;at StdDrawTest.testInit(StdDrawTest.java:28)&#13;&#10;&#9;at sun.reflect.NativeMethodAccessorImpl.invoke0(Native Method)&#13;&#10;&#9;at sun.reflect.NativeMethodAccessorImpl.invoke(Unknown Source)&#13;&#10;&#9;at sun.reflect.DelegatingMethodAccessorImpl.invoke(Unknown Source)&#13;&#10;&#9;at java.lang.reflect.Method.invoke(Unknown Source)&#13;&#10;&#9;at org.junit.runners.model.FrameworkMethod$1.runReflectiveCall(FrameworkMethod.java:47)&#13;&#10;&#9;at org.junit.internal.runners.model.ReflectiveCallable.run(ReflectiveCallable.java:12)&#13;&#10;&#9;at org.junit.runners.model.FrameworkMethod.invokeExplosively(FrameworkMethod.java:44)&#13;&#10;&#9;at org.junit.internal.runners.statements.InvokeMethod.evaluate(InvokeMethod.java:17)&#13;&#10;&#9;at org.junit.runners.ParentRunner.runLeaf(ParentRunner.java:271)&#13;&#10;&#9;at org.junit.runners.BlockJUnit4ClassRunner.runChild(BlockJUnit4ClassRunner.java:70)&#13;&#10;&#9;at org.junit.runners.BlockJUnit4ClassRunner.runChild(BlockJUnit4ClassRunner.java:50)&#13;&#10;&#9;at org.junit.runners.ParentRunner$3.run(ParentRunner.java:238)&#13;&#10;&#9;at org.junit.runners.ParentRunner$1.schedule(ParentRunner.java:63)&#13;&#10;&#9;at org.junit.runners.ParentRunner.runChildren(ParentRunner.java:236)&#13;&#10;&#9;at org.junit.runners.ParentRunner.access$000(ParentRunner.java:53)&#13;&#10;&#9;at org.junit.runners.ParentRunner$2.evaluate(ParentRunner.java:229)&#13;&#10;&#9;at org.junit.runners.ParentRunner.run(ParentRunner.java:309)&#13;&#10;&#9;at org.eclipse.jdt.internal.junit4.runner.JUnit4TestReference.run(JUnit4TestReference.java:50)&#13;&#10;&#9;at org.eclipse.jdt.internal.junit.runner.TestExecution.run(TestExecution.java:38)&#13;&#10;&#9;at org.eclipse.jdt.internal.junit.runner.RemoteTestRunner.runTests(RemoteTestRunner.java:467)&#13;&#10;&#9;at org.eclipse.jdt.internal.junit.runner.RemoteTestRunner.runTests(RemoteTestRunner.java:683)&#13;&#10;&#9;at org.eclipse.jdt.internal.junit.runner.RemoteTestRunner.run(RemoteTestRunner.java:390)&#13;&#10;&#9;at org.codecover.juniteclipse.runner.EclipseTestRunner.main(EclipseTestRunner.java:40)" Date="1589513787993" Name="StdDrawTest:testInit">
<CovList/>
<AssgnmntList/>
<ObjMetaDataList/>
<MetaDataList/>
</TestCase>
<TestCase Comment="Failure&#10;java.lang.AssertionError: Not yet implemented&#13;&#10;&#9;at org.junit.Assert.fail(Assert.java:88)&#13;&#10;&#9;at StdDrawTest.testLine(StdDrawTest.java:173)&#13;&#10;&#9;at sun.reflect.NativeMethodAccessorImpl.invoke0(Native Method)&#13;&#10;&#9;at sun.reflect.NativeMethodAccessorImpl.invoke(Unknown Source)&#13;&#10;&#9;at sun.reflect.DelegatingMethodAccessorImpl.invoke(Unknown Source)&#13;&#10;&#9;at java.lang.reflect.Method.invoke(Unknown Source)&#13;&#10;&#9;at org.junit.runners.model.FrameworkMethod$1.runReflectiveCall(FrameworkMethod.java:47)&#13;&#10;&#9;at org.junit.internal.runners.model.ReflectiveCallable.run(ReflectiveCallable.java:12)&#13;&#10;&#9;at org.junit.runners.model.FrameworkMethod.invokeExplosively(FrameworkMethod.java:44)&#13;&#10;&#9;at org.junit.internal.runners.statements.InvokeMethod.evaluate(InvokeMethod.java:17)&#13;&#10;&#9;at org.junit.runners.ParentRunner.runLeaf(ParentRunner.java:271)&#13;&#10;&#9;at org.junit.runners.BlockJUnit4ClassRunner.runChild(BlockJUnit4ClassRunner.java:70)&#13;&#10;&#9;at org.junit.runners.BlockJUnit4ClassRunner.runChild(BlockJUnit4ClassRunner.java:50)&#13;&#10;&#9;at org.junit.runners.ParentRunner$3.run(ParentRunner.java:238)&#13;&#10;&#9;at org.junit.runners.ParentRunner$1.schedule(ParentRunner.java:63)&#13;&#10;&#9;at org.junit.runners.ParentRunner.runChildren(ParentRunner.java:236)&#13;&#10;&#9;at org.junit.runners.ParentRunner.access$000(ParentRunner.java:53)&#13;&#10;&#9;at org.junit.runners.ParentRunner$2.evaluate(ParentRunner.java:229)&#13;&#10;&#9;at org.junit.runners.ParentRunner.run(ParentRunner.java:309)&#13;&#10;&#9;at org.eclipse.jdt.internal.junit4.runner.JUnit4TestReference.run(JUnit4TestReference.java:50)&#13;&#10;&#9;at org.eclipse.jdt.internal.junit.runner.TestExecution.run(TestExecution.java:38)&#13;&#10;&#9;at org.eclipse.jdt.internal.junit.runner.RemoteTestRunner.runTests(RemoteTestRunner.java:467)&#13;&#10;&#9;at org.eclipse.jdt.internal.junit.runner.RemoteTestRunner.runTests(RemoteTestRunner.java:683)&#13;&#10;&#9;at org.eclipse.jdt.internal.junit.runner.RemoteTestRunner.run(RemoteTestRunner.java:390)&#13;&#10;&#9;at org.codecover.juniteclipse.runner.EclipseTestRunner.main(EclipseTestRunner.java:40)" Date="1589513787995" Name="StdDrawTest:testLine">
<CovList/>
<AssgnmntList/>
<ObjMetaDataList/>
<MetaDataList/>
</TestCase>
<TestCase Comment="Failure&#10;java.lang.AssertionError: Not yet implemented&#13;&#10;&#9;at org.junit.Assert.fail(Assert.java:88)&#13;&#10;&#9;at StdDrawTest.testMain(StdDrawTest.java:413)&#13;&#10;&#9;at sun.reflect.NativeMethodAccessorImpl.invoke0(Native Method)&#13;&#10;&#9;at sun.reflect.NativeMethodAccessorImpl.invoke(Unknown Source)&#13;&#10;&#9;at sun.reflect.DelegatingMethodAccessorImpl.invoke(Unknown Source)&#13;&#10;&#9;at java.lang.reflect.Method.invoke(Unknown Source)&#13;&#10;&#9;at org.junit.runners.model.FrameworkMethod$1.runReflectiveCall(FrameworkMethod.java:47)&#13;&#10;&#9;at org.junit.internal.runners.model.ReflectiveCallable.run(ReflectiveCallable.java:12)&#13;&#10;&#9;at org.junit.runners.model.FrameworkMethod.invokeExplosively(FrameworkMethod.java:44)&#13;&#10;&#9;at org.junit.internal.runners.statements.InvokeMethod.evaluate(InvokeMethod.java:17)&#13;&#10;&#9;at org.junit.runners.ParentRunner.runLeaf(ParentRunner.java:271)&#13;&#10;&#9;at org.junit.runners.BlockJUnit4ClassRunner.runChild(BlockJUnit4ClassRunner.java:70)&#13;&#10;&#9;at org.junit.runners.BlockJUnit4ClassRunner.runChild(BlockJUnit4ClassRunner.java:50)&#13;&#10;&#9;at org.junit.runners.ParentRunner$3.run(ParentRunner.java:238)&#13;&#10;&#9;at org.junit.runners.ParentRunner$1.schedule(ParentRunner.java:63)&#13;&#10;&#9;at org.junit.runners.ParentRunner.runChildren(ParentRunner.java:236)&#13;&#10;&#9;at org.junit.runners.ParentRunner.access$000(ParentRunner.java:53)&#13;&#10;&#9;at org.junit.runners.ParentRunner$2.evaluate(ParentRunner.java:229)&#13;&#10;&#9;at org.junit.runners.ParentRunner.run(ParentRunner.java:309)&#13;&#10;&#9;at org.eclipse.jdt.internal.junit4.runner.JUnit4TestReference.run(JUnit4TestReference.java:50)&#13;&#10;&#9;at org.eclipse.jdt.internal.junit.runner.TestExecution.run(TestExecution.java:38)&#13;&#10;&#9;at org.eclipse.jdt.internal.junit.runner.RemoteTestRunner.runTests(RemoteTestRunner.java:467)&#13;&#10;&#9;at org.eclipse.jdt.internal.junit.runner.RemoteTestRunner.runTests(RemoteTestRunner.java:683)&#13;&#10;&#9;at org.eclipse.jdt.internal.junit.runner.RemoteTestRunner.run(RemoteTestRunner.java:390)&#13;&#10;&#9;at org.codecover.juniteclipse.runner.EclipseTestRunner.main(EclipseTestRunner.java:40)" Date="1589513787998" Name="StdDrawTest:testMain">
<CovList/>
<AssgnmntList/>
<ObjMetaDataList/>
<MetaDataList/>
</TestCase>
<TestCase Comment="Failure&#10;java.lang.AssertionError: Not yet implemented&#13;&#10;&#9;at org.junit.Assert.fail(Assert.java:88)&#13;&#10;&#9;at StdDrawTest.testSave(StdDrawTest.java:318)&#13;&#10;&#9;at sun.reflect.NativeMethodAccessorImpl.invoke0(Native Method)&#13;&#10;&#9;at sun.reflect.NativeMethodAccessorImpl.invoke(Unknown Source)&#13;&#10;&#9;at sun.reflect.DelegatingMethodAccessorImpl.invoke(Unknown Source)&#13;&#10;&#9;at java.lang.reflect.Method.invoke(Unknown Source)&#13;&#10;&#9;at org.junit.runners.model.FrameworkMethod$1.runReflectiveCall(FrameworkMethod.java:47)&#13;&#10;&#9;at org.junit.internal.runners.model.ReflectiveCallable.run(ReflectiveCallable.java:12)&#13;&#10;&#9;at org.junit.runners.model.FrameworkMethod.invokeExplosively(FrameworkMethod.java:44)&#13;&#10;&#9;at org.junit.internal.runners.statements.InvokeMethod.evaluate(InvokeMethod.java:17)&#13;&#10;&#9;at org.junit.runners.ParentRunner.runLeaf(ParentRunner.java:271)&#13;&#10;&#9;at org.junit.runners.BlockJUnit4ClassRunner.runChild(BlockJUnit4ClassRunner.java:70)&#13;&#10;&#9;at org.junit.runners.BlockJUnit4ClassRunner.runChild(BlockJUnit4ClassRunner.java:50)&#13;&#10;&#9;at org.junit.runners.ParentRunner$3.run(ParentRunner.java:238)&#13;&#10;&#9;at org.junit.runners.ParentRunner$1.schedule(ParentRunner.java:63)&#13;&#10;&#9;at org.junit.runners.ParentRunner.runChildren(ParentRunner.java:236)&#13;&#10;&#9;at org.junit.runners.ParentRunner.access$000(ParentRunner.java:53)&#13;&#10;&#9;at org.junit.runners.ParentRunner$2.evaluate(ParentRunner.java:229)&#13;&#10;&#9;at org.junit.runners.ParentRunner.run(ParentRunner.java:309)&#13;&#10;&#9;at org.eclipse.jdt.internal.junit4.runner.JUnit4TestReference.run(JUnit4TestReference.java:50)&#13;&#10;&#9;at org.eclipse.jdt.internal.junit.runner.TestExecution.run(TestExecution.java:38)&#13;&#10;&#9;at org.eclipse.jdt.internal.junit.runner.RemoteTestRunner.runTests(RemoteTestRunner.java:467)&#13;&#10;&#9;at org.eclipse.jdt.internal.junit.runner.RemoteTestRunner.runTests(RemoteTestRunner.java:683)&#13;&#10;&#9;at org.eclipse.jdt.internal.junit.runner.RemoteTestRunner.run(RemoteTestRunner.java:390)&#13;&#10;&#9;at org.codecover.juniteclipse.runner.EclipseTestRunner.main(EclipseTestRunner.java:40)" Date="1589513788002" Name="StdDrawTest:testSave">
<CovList>
<CovPrefix CovItemPrefix="Draw.java">
<Cov CovItemId="S534" Value="1"/>
<Cov CovItemId="S535" Value="1"/>
<Cov CovItemId="S536" Value="1"/>
<Cov CovItemId="S537" Value="1"/>
<Cov CovItemId="S538" Value="1"/>
<Cov CovItemId="S539" Value="1"/>
<Cov CovItemId="S540" Value="1"/>
<Cov CovItemId="S541" Value="1"/>
</CovPrefix>
</CovList>
<AssgnmntList/>
<ObjMetaDataList/>
<MetaDataList/>
</TestCase>
<TestCase Comment="Failure&#10;java.lang.AssertionError: Not yet implemented&#13;&#10;&#9;at org.junit.Assert.fail(Assert.java:88)&#13;&#10;&#9;at StdDrawTest.testShow(StdDrawTest.java:298)&#13;&#10;&#9;at sun.reflect.NativeMethodAccessorImpl.invoke0(Native Method)&#13;&#10;&#9;at sun.reflect.NativeMethodAccessorImpl.invoke(Unknown Source)&#13;&#10;&#9;at sun.reflect.DelegatingMethodAccessorImpl.invoke(Unknown Source)&#13;&#10;&#9;at java.lang.reflect.Method.invoke(Unknown Source)&#13;&#10;&#9;at org.junit.runners.model.FrameworkMethod$1.runReflectiveCall(FrameworkMethod.java:47)&#13;&#10;&#9;at org.junit.internal.runners.model.ReflectiveCallable.run(ReflectiveCallable.java:12)&#13;&#10;&#9;at org.junit.runners.model.FrameworkMethod.invokeExplosively(FrameworkMethod.java:44)&#13;&#10;&#9;at org.junit.internal.runners.statements.InvokeMethod.evaluate(InvokeMethod.java:17)&#13;&#10;&#9;at org.junit.runners.ParentRunner.runLeaf(ParentRunner.java:271)&#13;&#10;&#9;at org.junit.runners.BlockJUnit4ClassRunner.runChild(BlockJUnit4ClassRunner.java:70)&#13;&#10;&#9;at org.junit.runners.BlockJUnit4ClassRunner.runChild(BlockJUnit4ClassRunner.java:50)&#13;&#10;&#9;at org.junit.runners.ParentRunner$3.run(ParentRunner.java:238)&#13;&#10;&#9;at org.junit.runners.ParentRunner$1.schedule(ParentRunner.java:63)&#13;&#10;&#9;at org.junit.runners.ParentRunner.runChildren(ParentRunner.java:236)&#13;&#10;&#9;at org.junit.runners.ParentRunner.access$000(ParentRunner.java:53)&#13;&#10;&#9;at org.junit.runners.ParentRunner$2.evaluate(ParentRunner.java:229)&#13;&#10;&#9;at org.junit.runners.ParentRunner.run(ParentRunner.java:309)&#13;&#10;&#9;at org.eclipse.jdt.internal.junit4.runner.JUnit4TestReference.run(JUnit4TestReference.java:50)&#13;&#10;&#9;at org.eclipse.jdt.internal.junit.runner.TestExecution.run(TestExecution.java:38)&#13;&#10;&#9;at org.eclipse.jdt.internal.junit.runner.RemoteTestRunner.runTests(RemoteTestRunner.java:467)&#13;&#10;&#9;at org.eclipse.jdt.internal.junit.runner.RemoteTestRunner.runTests(RemoteTestRunner.java:683)&#13;&#10;&#9;at org.eclipse.jdt.internal.junit.runner.RemoteTestRunner.run(RemoteTestRunner.java:390)&#13;&#10;&#9;at org.codecover.juniteclipse.runner.EclipseTestRunner.main(EclipseTestRunner.java:40)" Date="1589513788005" Name="StdDrawTest:testShow">
<CovList/>
<AssgnmntList/>
<ObjMetaDataList/>
<MetaDataList/>
</TestCase>
<TestCase Comment="Failure&#10;java.lang.AssertionError: Not yet implemented&#13;&#10;&#9;at org.junit.Assert.fail(Assert.java:88)&#13;&#10;&#9;at StdDrawTest.testSetPenRadius(StdDrawTest.java:128)&#13;&#10;&#9;at sun.reflect.NativeMethodAccessorImpl.invoke0(Native Method)&#13;&#10;&#9;at sun.reflect.NativeMethodAccessorImpl.invoke(Unknown Source)&#13;&#10;&#9;at sun.reflect.DelegatingMethodAccessorImpl.invoke(Unknown Source)&#13;&#10;&#9;at java.lang.reflect.Method.invoke(Unknown Source)&#13;&#10;&#9;at org.junit.runners.model.FrameworkMethod$1.runReflectiveCall(FrameworkMethod.java:47)&#13;&#10;&#9;at org.junit.internal.runners.model.ReflectiveCallable.run(ReflectiveCallable.java:12)&#13;&#10;&#9;at org.junit.runners.model.FrameworkMethod.invokeExplosively(FrameworkMethod.java:44)&#13;&#10;&#9;at org.junit.internal.runners.statements.InvokeMethod.evaluate(InvokeMethod.java:17)&#13;&#10;&#9;at org.junit.runners.ParentRunner.runLeaf(ParentRunner.java:271)&#13;&#10;&#9;at org.junit.runners.BlockJUnit4ClassRunner.runChild(BlockJUnit4ClassRunner.java:70)&#13;&#10;&#9;at org.junit.runners.BlockJUnit4ClassRunner.runChild(BlockJUnit4ClassRunner.java:50)&#13;&#10;&#9;at org.junit.runners.ParentRunner$3.run(ParentRunner.java:238)&#13;&#10;&#9;at org.junit.runners.ParentRunner$1.schedule(ParentRunner.java:63)&#13;&#10;&#9;at org.junit.runners.ParentRunner.runChildren(ParentRunner.java:236)&#13;&#10;&#9;at org.junit.runners.ParentRunner.access$000(ParentRunner.java:53)&#13;&#10;&#9;at org.junit.runners.ParentRunner$2.evaluate(ParentRunner.java:229)&#13;&#10;&#9;at org.junit.runners.ParentRunner.run(ParentRunner.java:309)&#13;&#10;&#9;at org.eclipse.jdt.internal.junit4.runner.JUnit4TestReference.run(JUnit4TestReference.java:50)&#13;&#10;&#9;at org.eclipse.jdt.internal.junit.runner.TestExecution.run(TestExecution.java:38)&#13;&#10;&#9;at org.eclipse.jdt.internal.junit.runner.RemoteTestRunner.runTests(RemoteTestRunner.java:467)&#13;&#10;&#9;at org.eclipse.jdt.internal.junit.runner.RemoteTestRunner.runTests(RemoteTestRunner.java:683)&#13;&#10;&#9;at org.eclipse.jdt.internal.junit.runner.RemoteTestRunner.run(RemoteTestRunner.java:390)&#13;&#10;&#9;at org.codecover.juniteclipse.runner.EclipseTestRunner.main(EclipseTestRunner.java:40)" Date="1589513788008" Name="StdDrawTest:testSetPenRadius">
<CovList/>
<AssgnmntList/>
<ObjMetaDataList/>
<MetaDataList/>
</TestCase>
<TestCase Comment="Failure&#10;java.lang.AssertionError: Not yet implemented&#13;&#10;&#9;at org.junit.Assert.fail(Assert.java:88)&#13;&#10;&#9;at StdDrawTest.testIsKeyPressed(StdDrawTest.java:393)&#13;&#10;&#9;at sun.reflect.NativeMethodAccessorImpl.invoke0(Native Method)&#13;&#10;&#9;at sun.reflect.NativeMethodAccessorImpl.invoke(Unknown Source)&#13;&#10;&#9;at sun.reflect.DelegatingMethodAccessorImpl.invoke(Unknown Source)&#13;&#10;&#9;at java.lang.reflect.Method.invoke(Unknown Source)&#13;&#10;&#9;at org.junit.runners.model.FrameworkMethod$1.runReflectiveCall(FrameworkMethod.java:47)&#13;&#10;&#9;at org.junit.internal.runners.model.ReflectiveCallable.run(ReflectiveCallable.java:12)&#13;&#10;&#9;at org.junit.runners.model.FrameworkMethod.invokeExplosively(FrameworkMethod.java:44)&#13;&#10;&#9;at org.junit.internal.runners.statements.InvokeMethod.evaluate(InvokeMethod.java:17)&#13;&#10;&#9;at org.junit.runners.ParentRunner.runLeaf(ParentRunner.java:271)&#13;&#10;&#9;at org.junit.runners.BlockJUnit4ClassRunner.runChild(BlockJUnit4ClassRunner.java:70)&#13;&#10;&#9;at org.junit.runners.BlockJUnit4ClassRunner.runChild(BlockJUnit4ClassRunner.java:50)&#13;&#10;&#9;at org.junit.runners.ParentRunner$3.run(ParentRunner.java:238)&#13;&#10;&#9;at org.junit.runners.ParentRunner$1.schedule(ParentRunner.java:63)&#13;&#10;&#9;at org.junit.runners.ParentRunner.runChildren(ParentRunner.java:236)&#13;&#10;&#9;at org.junit.runners.ParentRunner.access$000(ParentRunner.java:53)&#13;&#10;&#9;at org.junit.runners.ParentRunner$2.evaluate(ParentRunner.java:229)&#13;&#10;&#9;at org.junit.runners.ParentRunner.run(ParentRunner.java:309)&#13;&#10;&#9;at org.eclipse.jdt.internal.junit4.runner.JUnit4TestReference.run(JUnit4TestReference.java:50)&#13;&#10;&#9;at org.eclipse.jdt.internal.junit.runner.TestExecution.run(TestExecution.java:38)&#13;&#10;&#9;at org.eclipse.jdt.internal.junit.runner.RemoteTestRunner.runTests(RemoteTestRunner.java:467)&#13;&#10;&#9;at org.eclipse.jdt.internal.junit.runner.RemoteTestRunner.runTests(RemoteTestRunner.java:683)&#13;&#10;&#9;at org.eclipse.jdt.internal.junit.runner.RemoteTestRunner.run(RemoteTestRunner.java:390)&#13;&#10;&#9;at org.codecover.juniteclipse.runner.EclipseTestRunner.main(EclipseTestRunner.java:40)" Date="1589513788012" Name="StdDrawTest:testIsKeyPressed">
<CovList/>
<AssgnmntList/>
<ObjMetaDataList/>
<MetaDataList/>
</TestCase>
<TestCase Comment="Failure&#10;java.lang.AssertionError: Not yet implemented&#13;&#10;&#9;at org.junit.Assert.fail(Assert.java:88)&#13;&#10;&#9;at StdDrawTest.testPolygon(StdDrawTest.java:233)&#13;&#10;&#9;at sun.reflect.NativeMethodAccessorImpl.invoke0(Native Method)&#13;&#10;&#9;at sun.reflect.NativeMethodAccessorImpl.invoke(Unknown Source)&#13;&#10;&#9;at sun.reflect.DelegatingMethodAccessorImpl.invoke(Unknown Source)&#13;&#10;&#9;at java.lang.reflect.Method.invoke(Unknown Source)&#13;&#10;&#9;at org.junit.runners.model.FrameworkMethod$1.runReflectiveCall(FrameworkMethod.java:47)&#13;&#10;&#9;at org.junit.internal.runners.model.ReflectiveCallable.run(ReflectiveCallable.java:12)&#13;&#10;&#9;at org.junit.runners.model.FrameworkMethod.invokeExplosively(FrameworkMethod.java:44)&#13;&#10;&#9;at org.junit.internal.runners.statements.InvokeMethod.evaluate(InvokeMethod.java:17)&#13;&#10;&#9;at org.junit.runners.ParentRunner.runLeaf(ParentRunner.java:271)&#13;&#10;&#9;at org.junit.runners.BlockJUnit4ClassRunner.runChild(BlockJUnit4ClassRunner.java:70)&#13;&#10;&#9;at org.junit.runners.BlockJUnit4ClassRunner.runChild(BlockJUnit4ClassRunner.java:50)&#13;&#10;&#9;at org.junit.runners.ParentRunner$3.run(ParentRunner.java:238)&#13;&#10;&#9;at org.junit.runners.ParentRunner$1.schedule(ParentRunner.java:63)&#13;&#10;&#9;at org.junit.runners.ParentRunner.runChildren(ParentRunner.java:236)&#13;&#10;&#9;at org.junit.runners.ParentRunner.access$000(ParentRunner.java:53)&#13;&#10;&#9;at org.junit.runners.ParentRunner$2.evaluate(ParentRunner.java:229)&#13;&#10;&#9;at org.junit.runners.ParentRunner.run(ParentRunner.java:309)&#13;&#10;&#9;at org.eclipse.jdt.internal.junit4.runner.JUnit4TestReference.run(JUnit4TestReference.java:50)&#13;&#10;&#9;at org.eclipse.jdt.internal.junit.runner.TestExecution.run(TestExecution.java:38)&#13;&#10;&#9;at org.eclipse.jdt.internal.junit.runner.RemoteTestRunner.runTests(RemoteTestRunner.java:467)&#13;&#10;&#9;at org.eclipse.jdt.internal.junit.runner.RemoteTestRunner.runTests(RemoteTestRunner.java:683)&#13;&#10;&#9;at org.eclipse.jdt.internal.junit.runner.RemoteTestRunner.run(RemoteTestRunner.java:390)&#13;&#10;&#9;at org.codecover.juniteclipse.runner.EclipseTestRunner.main(EclipseTestRunner.java:40)" Date="1589513788016" Name="StdDrawTest:testPolygon">
<CovList/>
<AssgnmntList/>
<ObjMetaDataList/>
<MetaDataList/>
</TestCase>
<TestCase Comment="Failure&#10;java.lang.AssertionError: Not yet implemented&#13;&#10;&#9;at org.junit.Assert.fail(Assert.java:88)&#13;&#10;&#9;at StdDrawTest.testValidate(StdDrawTest.java:38)&#13;&#10;&#9;at sun.reflect.NativeMethodAccessorImpl.invoke0(Native Method)&#13;&#10;&#9;at sun.reflect.NativeMethodAccessorImpl.invoke(Unknown Source)&#13;&#10;&#9;at sun.reflect.DelegatingMethodAccessorImpl.invoke(Unknown Source)&#13;&#10;&#9;at java.lang.reflect.Method.invoke(Unknown Source)&#13;&#10;&#9;at org.junit.runners.model.FrameworkMethod$1.runReflectiveCall(FrameworkMethod.java:47)&#13;&#10;&#9;at org.junit.internal.runners.model.ReflectiveCallable.run(ReflectiveCallable.java:12)&#13;&#10;&#9;at org.junit.runners.model.FrameworkMethod.invokeExplosively(FrameworkMethod.java:44)&#13;&#10;&#9;at org.junit.internal.runners.statements.InvokeMethod.evaluate(InvokeMethod.java:17)&#13;&#10;&#9;at org.junit.runners.ParentRunner.runLeaf(ParentRunner.java:271)&#13;&#10;&#9;at org.junit.runners.BlockJUnit4ClassRunner.runChild(BlockJUnit4ClassRunner.java:70)&#13;&#10;&#9;at org.junit.runners.BlockJUnit4ClassRunner.runChild(BlockJUnit4ClassRunner.java:50)&#13;&#10;&#9;at org.junit.runners.ParentRunner$3.run(ParentRunner.java:238)&#13;&#10;&#9;at org.junit.runners.ParentRunner$1.schedule(ParentRunner.java:63)&#13;&#10;&#9;at org.junit.runners.ParentRunner.runChildren(ParentRunner.java:236)&#13;&#10;&#9;at org.junit.runners.ParentRunner.access$000(ParentRunner.java:53)&#13;&#10;&#9;at org.junit.runners.ParentRunner$2.evaluate(ParentRunner.java:229)&#13;&#10;&#9;at org.junit.runners.ParentRunner.run(ParentRunner.java:309)&#13;&#10;&#9;at org.eclipse.jdt.internal.junit4.runner.JUnit4TestReference.run(JUnit4TestReference.java:50)&#13;&#10;&#9;at org.eclipse.jdt.internal.junit.runner.TestExecution.run(TestExecution.java:38)&#13;&#10;&#9;at org.eclipse.jdt.internal.junit.runner.RemoteTestRunner.runTests(RemoteTestRunner.java:467)&#13;&#10;&#9;at org.eclipse.jdt.internal.junit.runner.RemoteTestRunner.runTests(RemoteTestRunner.java:683)&#13;&#10;&#9;at org.eclipse.jdt.internal.junit.runner.RemoteTestRunner.run(RemoteTestRunner.java:390)&#13;&#10;&#9;at org.codecover.juniteclipse.runner.EclipseTestRunner.main(EclipseTestRunner.java:40)" Date="1589513788020" Name="StdDrawTest:testValidate">
<CovList/>
<AssgnmntList/>
<ObjMetaDataList/>
<MetaDataList/>
</TestCase>
<TestCase Comment="Failure&#10;java.lang.AssertionError: Not yet implemented&#13;&#10;&#9;at org.junit.Assert.fail(Assert.java:88)&#13;&#10;&#9;at StdDrawTest.testKeyPressed(StdDrawTest.java:403)&#13;&#10;&#9;at sun.reflect.NativeMethodAccessorImpl.invoke0(Native Method)&#13;&#10;&#9;at sun.reflect.NativeMethodAccessorImpl.invoke(Unknown Source)&#13;&#10;&#9;at sun.reflect.DelegatingMethodAccessorImpl.invoke(Unknown Source)&#13;&#10;&#9;at java.lang.reflect.Method.invoke(Unknown Source)&#13;&#10;&#9;at org.junit.runners.model.FrameworkMethod$1.runReflectiveCall(FrameworkMethod.java:47)&#13;&#10;&#9;at org.junit.internal.runners.model.ReflectiveCallable.run(ReflectiveCallable.java:12)&#13;&#10;&#9;at org.junit.runners.model.FrameworkMethod.invokeExplosively(FrameworkMethod.java:44)&#13;&#10;&#9;at org.junit.internal.runners.statements.InvokeMethod.evaluate(InvokeMethod.java:17)&#13;&#10;&#9;at org.junit.runners.ParentRunner.runLeaf(ParentRunner.java:271)&#13;&#10;&#9;at org.junit.runners.BlockJUnit4ClassRunner.runChild(BlockJUnit4ClassRunner.java:70)&#13;&#10;&#9;at org.junit.runners.BlockJUnit4ClassRunner.runChild(BlockJUnit4ClassRunner.java:50)&#13;&#10;&#9;at org.junit.runners.ParentRunner$3.run(ParentRunner.java:238)&#13;&#10;&#9;at org.junit.runners.ParentRunner$1.schedule(ParentRunner.java:63)&#13;&#10;&#9;at org.junit.runners.ParentRunner.runChildren(ParentRunner.java:236)&#13;&#10;&#9;at org.junit.runners.ParentRunner.access$000(ParentRunner.java:53)&#13;&#10;&#9;at org.junit.runners.ParentRunner$2.evaluate(ParentRunner.java:229)&#13;&#10;&#9;at org.junit.runners.ParentRunner.run(ParentRunner.java:309)&#13;&#10;&#9;at org.eclipse.jdt.internal.junit4.runner.JUnit4TestReference.run(JUnit4TestReference.java:50)&#13;&#10;&#9;at org.eclipse.jdt.internal.junit.runner.TestExecution.run(TestExecution.java:38)&#13;&#10;&#9;at org.eclipse.jdt.internal.junit.runner.RemoteTestRunner.runTests(RemoteTestRunner.java:467)&#13;&#10;&#9;at org.eclipse.jdt.internal.junit.runner.RemoteTestRunner.runTests(RemoteTestRunner.java:683)&#13;&#10;&#9;at org.eclipse.jdt.internal.junit.runner.RemoteTestRunner.run(RemoteTestRunner.java:390)&#13;&#10;&#9;at org.codecover.juniteclipse.runner.EclipseTestRunner.main(EclipseTestRunner.java:40)" Date="1589513788021" Name="StdDrawTest:testKeyPressed">
<CovList/>
<AssgnmntList/>
<ObjMetaDataList/>
<MetaDataList/>
</TestCase>
<TestCase Comment="Failure&#10;java.lang.AssertionError: Not yet implemented&#13;&#10;&#9;at org.junit.Assert.fail(Assert.java:88)&#13;&#10;&#9;at StdDrawTest.testSetCanvasSizeIntInt(StdDrawTest.java:23)&#13;&#10;&#9;at sun.reflect.NativeMethodAccessorImpl.invoke0(Native Method)&#13;&#10;&#9;at sun.reflect.NativeMethodAccessorImpl.invoke(Unknown Source)&#13;&#10;&#9;at sun.reflect.DelegatingMethodAccessorImpl.invoke(Unknown Source)&#13;&#10;&#9;at java.lang.reflect.Method.invoke(Unknown Source)&#13;&#10;&#9;at org.junit.runners.model.FrameworkMethod$1.runReflectiveCall(FrameworkMethod.java:47)&#13;&#10;&#9;at org.junit.internal.runners.model.ReflectiveCallable.run(ReflectiveCallable.java:12)&#13;&#10;&#9;at org.junit.runners.model.FrameworkMethod.invokeExplosively(FrameworkMethod.java:44)&#13;&#10;&#9;at org.junit.internal.runners.statements.InvokeMethod.evaluate(InvokeMethod.java:17)&#13;&#10;&#9;at org.junit.runners.ParentRunner.runLeaf(ParentRunner.java:271)&#13;&#10;&#9;at org.junit.runners.BlockJUnit4ClassRunner.runChild(BlockJUnit4ClassRunner.java:70)&#13;&#10;&#9;at org.junit.runners.BlockJUnit4ClassRunner.runChild(BlockJUnit4ClassRunner.java:50)&#13;&#10;&#9;at org.junit.runners.ParentRunner$3.run(ParentRunner.java:238)&#13;&#10;&#9;at org.junit.runners.ParentRunner$1.schedule(ParentRunner.java:63)&#13;&#10;&#9;at org.junit.runners.ParentRunner.runChildren(ParentRunner.java:236)&#13;&#10;&#9;at org.junit.runners.ParentRunner.access$000(ParentRunner.java:53)&#13;&#10;&#9;at org.junit.runners.ParentRunner$2.evaluate(ParentRunner.java:229)&#13;&#10;&#9;at org.junit.runners.ParentRunner.run(ParentRunner.java:309)&#13;&#10;&#9;at org.eclipse.jdt.internal.junit4.runner.JUnit4TestReference.run(JUnit4TestReference.java:50)&#13;&#10;&#9;at org.eclipse.jdt.internal.junit.runner.TestExecution.run(TestExecution.java:38)&#13;&#10;&#9;at org.eclipse.jdt.internal.junit.runner.RemoteTestRunner.runTests(RemoteTestRunner.java:467)&#13;&#10;&#9;at org.eclipse.jdt.internal.junit.runner.RemoteTestRunner.runTests(RemoteTestRunner.java:683)&#13;&#10;&#9;at org.eclipse.jdt.internal.junit.runner.RemoteTestRunner.run(RemoteTestRunner.java:390)&#13;&#10;&#9;at org.codecover.juniteclipse.runner.EclipseTestRunner.main(EclipseTestRunner.java:40)" Date="1589513788024" Name="StdDrawTest:testSetCanvasSizeIntInt">
<CovList/>
<AssgnmntList/>
<ObjMetaDataList/>
<MetaDataList/>
</TestCase>
<TestCase Comment="Failure&#10;java.lang.AssertionError: Not yet implemented&#13;&#10;&#9;at org.junit.Assert.fail(Assert.java:88)&#13;&#10;&#9;at StdDrawTest.testFilledPolygon(StdDrawTest.java:238)&#13;&#10;&#9;at sun.reflect.NativeMethodAccessorImpl.invoke0(Native Method)&#13;&#10;&#9;at sun.reflect.NativeMethodAccessorImpl.invoke(Unknown Source)&#13;&#10;&#9;at sun.reflect.DelegatingMethodAccessorImpl.invoke(Unknown Source)&#13;&#10;&#9;at java.lang.reflect.Method.invoke(Unknown Source)&#13;&#10;&#9;at org.junit.runners.model.FrameworkMethod$1.runReflectiveCall(FrameworkMethod.java:47)&#13;&#10;&#9;at org.junit.internal.runners.model.ReflectiveCallable.run(ReflectiveCallable.java:12)&#13;&#10;&#9;at org.junit.runners.model.FrameworkMethod.invokeExplosively(FrameworkMethod.java:44)&#13;&#10;&#9;at org.junit.internal.runners.statements.InvokeMethod.evaluate(InvokeMethod.java:17)&#13;&#10;&#9;at org.junit.runners.ParentRunner.runLeaf(ParentRunner.java:271)&#13;&#10;&#9;at org.junit.runners.BlockJUnit4ClassRunner.runChild(BlockJUnit4ClassRunner.java:70)&#13;&#10;&#9;at org.junit.runners.BlockJUnit4ClassRunner.runChild(BlockJUnit4ClassRunner.java:50)&#13;&#10;&#9;at org.junit.runners.ParentRunner$3.run(ParentRunner.java:238)&#13;&#10;&#9;at org.junit.runners.ParentRunner$1.schedule(ParentRunner.java:63)&#13;&#10;&#9;at org.junit.runners.ParentRunner.runChildren(ParentRunner.java:236)&#13;&#10;&#9;at org.junit.runners.ParentRunner.access$000(ParentRunner.java:53)&#13;&#10;&#9;at org.junit.runners.ParentRunner$2.evaluate(ParentRunner.java:229)&#13;&#10;&#9;at org.junit.runners.ParentRunner.run(ParentRunner.java:309)&#13;&#10;&#9;at org.eclipse.jdt.internal.junit4.runner.JUnit4TestReference.run(JUnit4TestReference.java:50)&#13;&#10;&#9;at org.eclipse.jdt.internal.junit.runner.TestExecution.run(TestExecution.java:38)&#13;&#10;&#9;at org.eclipse.jdt.internal.junit.runner.RemoteTestRunner.runTests(RemoteTestRunner.java:467)&#13;&#10;&#9;at org.eclipse.jdt.internal.junit.runner.RemoteTestRunner.runTests(RemoteTestRunner.java:683)&#13;&#10;&#9;at org.eclipse.jdt.internal.junit.runner.RemoteTestRunner.run(RemoteTestRunner.java:390)&#13;&#10;&#9;at org.codecover.juniteclipse.runner.EclipseTestRunner.main(EclipseTestRunner.java:40)" Date="1589513788026" Name="StdDrawTest:testFilledPolygon">
<CovList/>
<AssgnmntList/>
<ObjMetaDataList/>
<MetaDataList/>
</TestCase>
<TestCase Comment="Failure&#10;java.lang.AssertionError: Not yet implemented&#13;&#10;&#9;at org.junit.Assert.fail(Assert.java:88)&#13;&#10;&#9;at StdDrawTest.testGetFont(StdDrawTest.java:158)&#13;&#10;&#9;at sun.reflect.NativeMethodAccessorImpl.invoke0(Native Method)&#13;&#10;&#9;at sun.reflect.NativeMethodAccessorImpl.invoke(Unknown Source)&#13;&#10;&#9;at sun.reflect.DelegatingMethodAccessorImpl.invoke(Unknown Source)&#13;&#10;&#9;at java.lang.reflect.Method.invoke(Unknown Source)&#13;&#10;&#9;at org.junit.runners.model.FrameworkMethod$1.runReflectiveCall(FrameworkMethod.java:47)&#13;&#10;&#9;at org.junit.internal.runners.model.ReflectiveCallable.run(ReflectiveCallable.java:12)&#13;&#10;&#9;at org.junit.runners.model.FrameworkMethod.invokeExplosively(FrameworkMethod.java:44)&#13;&#10;&#9;at org.junit.internal.runners.statements.InvokeMethod.evaluate(InvokeMethod.java:17)&#13;&#10;&#9;at org.junit.runners.ParentRunner.runLeaf(ParentRunner.java:271)&#13;&#10;&#9;at org.junit.runners.BlockJUnit4ClassRunner.runChild(BlockJUnit4ClassRunner.java:70)&#13;&#10;&#9;at org.junit.runners.BlockJUnit4ClassRunner.runChild(BlockJUnit4ClassRunner.java:50)&#13;&#10;&#9;at org.junit.runners.ParentRunner$3.run(ParentRunner.java:238)&#13;&#10;&#9;at org.junit.runners.ParentRunner$1.schedule(ParentRunner.java:63)&#13;&#10;&#9;at org.junit.runners.ParentRunner.runChildren(ParentRunner.java:236)&#13;&#10;&#9;at org.junit.runners.ParentRunner.access$000(ParentRunner.java:53)&#13;&#10;&#9;at org.junit.runners.ParentRunner$2.evaluate(ParentRunner.java:229)&#13;&#10;&#9;at org.junit.runners.ParentRunner.run(ParentRunner.java:309)&#13;&#10;&#9;at org.eclipse.jdt.internal.junit4.runner.JUnit4TestReference.run(JUnit4TestReference.java:50)&#13;&#10;&#9;at org.eclipse.jdt.internal.junit.runner.TestExecution.run(TestExecution.java:38)&#13;&#10;&#9;at org.eclipse.jdt.internal.junit.runner.RemoteTestRunner.runTests(RemoteTestRunner.java:467)&#13;&#10;&#9;at org.eclipse.jdt.internal.junit.runner.RemoteTestRunner.runTests(RemoteTestRunner.java:683)&#13;&#10;&#9;at org.eclipse.jdt.internal.junit.runner.RemoteTestRunner.run(RemoteTestRunner.java:390)&#13;&#10;&#9;at org.codecover.juniteclipse.runner.EclipseTestRunner.main(EclipseTestRunner.java:40)" Date="1589513788029" Name="StdDrawTest:testGetFont">
<CovList/>
<AssgnmntList/>
<ObjMetaDataList/>
<MetaDataList/>
</TestCase>
<TestCase Comment="Failure&#10;java.lang.AssertionError: Not yet implemented&#13;&#10;&#9;at org.junit.Assert.fail(Assert.java:88)&#13;&#10;&#9;at StdDrawTest.testSetCanvasSize(StdDrawTest.java:18)&#13;&#10;&#9;at sun.reflect.NativeMethodAccessorImpl.invoke0(Native Method)&#13;&#10;&#9;at sun.reflect.NativeMethodAccessorImpl.invoke(Unknown Source)&#13;&#10;&#9;at sun.reflect.DelegatingMethodAccessorImpl.invoke(Unknown Source)&#13;&#10;&#9;at java.lang.reflect.Method.invoke(Unknown Source)&#13;&#10;&#9;at org.junit.runners.model.FrameworkMethod$1.runReflectiveCall(FrameworkMethod.java:47)&#13;&#10;&#9;at org.junit.internal.runners.model.ReflectiveCallable.run(ReflectiveCallable.java:12)&#13;&#10;&#9;at org.junit.runners.model.FrameworkMethod.invokeExplosively(FrameworkMethod.java:44)&#13;&#10;&#9;at org.junit.internal.runners.statements.InvokeMethod.evaluate(InvokeMethod.java:17)&#13;&#10;&#9;at org.junit.runners.ParentRunner.runLeaf(ParentRunner.java:271)&#13;&#10;&#9;at org.junit.runners.BlockJUnit4ClassRunner.runChild(BlockJUnit4ClassRunner.java:70)&#13;&#10;&#9;at org.junit.runners.BlockJUnit4ClassRunner.runChild(BlockJUnit4ClassRunner.java:50)&#13;&#10;&#9;at org.junit.runners.ParentRunner$3.run(ParentRunner.java:238)&#13;&#10;&#9;at org.junit.runners.ParentRunner$1.schedule(ParentRunner.java:63)&#13;&#10;&#9;at org.junit.runners.ParentRunner.runChildren(ParentRunner.java:236)&#13;&#10;&#9;at org.junit.runners.ParentRunner.access$000(ParentRunner.java:53)&#13;&#10;&#9;at org.junit.runners.ParentRunner$2.evaluate(ParentRunner.java:229)&#13;&#10;&#9;at org.junit.runners.ParentRunner.run(ParentRunner.java:309)&#13;&#10;&#9;at org.eclipse.jdt.internal.junit4.runner.JUnit4TestReference.run(JUnit4TestReference.java:50)&#13;&#10;&#9;at org.eclipse.jdt.internal.junit.runner.TestExecution.run(TestExecution.java:38)&#13;&#10;&#9;at org.eclipse.jdt.internal.junit.runner.RemoteTestRunner.runTests(RemoteTestRunner.java:467)&#13;&#10;&#9;at org.eclipse.jdt.internal.junit.runner.RemoteTestRunner.runTests(RemoteTestRunner.java:683)&#13;&#10;&#9;at org.eclipse.jdt.internal.junit.runner.RemoteTestRunner.run(RemoteTestRunner.java:390)&#13;&#10;&#9;at org.codecover.juniteclipse.runner.EclipseTestRunner.main(EclipseTestRunner.java:40)" Date="1589513788033" Name="StdDrawTest:testSetCanvasSize">
<CovList/>
<AssgnmntList/>
<ObjMetaDataList/>
<MetaDataList/>
</TestCase>
<TestCase Comment="Failure&#10;java.lang.AssertionError: Not yet implemented&#13;&#10;&#9;at org.junit.Assert.fail(Assert.java:88)&#13;&#10;&#9;at StdDrawTest.testMouseClicked(StdDrawTest.java:348)&#13;&#10;&#9;at sun.reflect.NativeMethodAccessorImpl.invoke0(Native Method)&#13;&#10;&#9;at sun.reflect.NativeMethodAccessorImpl.invoke(Unknown Source)&#13;&#10;&#9;at sun.reflect.DelegatingMethodAccessorImpl.invoke(Unknown Source)&#13;&#10;&#9;at java.lang.reflect.Method.invoke(Unknown Source)&#13;&#10;&#9;at org.junit.runners.model.FrameworkMethod$1.runReflectiveCall(FrameworkMethod.java:47)&#13;&#10;&#9;at org.junit.internal.runners.model.ReflectiveCallable.run(ReflectiveCallable.java:12)&#13;&#10;&#9;at org.junit.runners.model.FrameworkMethod.invokeExplosively(FrameworkMethod.java:44)&#13;&#10;&#9;at org.junit.internal.runners.statements.InvokeMethod.evaluate(InvokeMethod.java:17)&#13;&#10;&#9;at org.junit.runners.ParentRunner.runLeaf(ParentRunner.java:271)&#13;&#10;&#9;at org.junit.runners.BlockJUnit4ClassRunner.runChild(BlockJUnit4ClassRunner.java:70)&#13;&#10;&#9;at org.junit.runners.BlockJUnit4ClassRunner.runChild(BlockJUnit4ClassRunner.java:50)&#13;&#10;&#9;at org.junit.runners.ParentRunner$3.run(ParentRunner.java:238)&#13;&#10;&#9;at org.junit.runners.ParentRunner$1.schedule(ParentRunner.java:63)&#13;&#10;&#9;at org.junit.runners.ParentRunner.runChildren(ParentRunner.java:236)&#13;&#10;&#9;at org.junit.runners.ParentRunner.access$000(ParentRunner.java:53)&#13;&#10;&#9;at org.junit.runners.ParentRunner$2.evaluate(ParentRunner.java:229)&#13;&#10;&#9;at org.junit.runners.ParentRunner.run(ParentRunner.java:309)&#13;&#10;&#9;at org.eclipse.jdt.internal.junit4.runner.JUnit4TestReference.run(JUnit4TestReference.java:50)&#13;&#10;&#9;at org.eclipse.jdt.internal.junit.runner.TestExecution.run(TestExecution.java:38)&#13;&#10;&#9;at org.eclipse.jdt.internal.junit.runner.RemoteTestRunner.runTests(RemoteTestRunner.java:467)&#13;&#10;&#9;at org.eclipse.jdt.internal.junit.runner.RemoteTestRunner.runTests(RemoteTestRunner.java:683)&#13;&#10;&#9;at org.eclipse.jdt.internal.junit.runner.RemoteTestRunner.run(RemoteTestRunner.java:390)&#13;&#10;&#9;at org.codecover.juniteclipse.runner.EclipseTestRunner.main(EclipseTestRunner.java:40)" Date="1589513788036" Name="StdDrawTest:testMouseClicked">
<CovList/>
<AssgnmntList/>
<ObjMetaDataList/>
<MetaDataList/>
</TestCase>
<TestCase Comment="Failure&#10;java.lang.AssertionError: Not yet implemented&#13;&#10;&#9;at org.junit.Assert.fail(Assert.java:88)&#13;&#10;&#9;at StdDrawTest.testTextRight(StdDrawTest.java:283)&#13;&#10;&#9;at sun.reflect.NativeMethodAccessorImpl.invoke0(Native Method)&#13;&#10;&#9;at sun.reflect.NativeMethodAccessorImpl.invoke(Unknown Source)&#13;&#10;&#9;at sun.reflect.DelegatingMethodAccessorImpl.invoke(Unknown Source)&#13;&#10;&#9;at java.lang.reflect.Method.invoke(Unknown Source)&#13;&#10;&#9;at org.junit.runners.model.FrameworkMethod$1.runReflectiveCall(FrameworkMethod.java:47)&#13;&#10;&#9;at org.junit.internal.runners.model.ReflectiveCallable.run(ReflectiveCallable.java:12)&#13;&#10;&#9;at org.junit.runners.model.FrameworkMethod.invokeExplosively(FrameworkMethod.java:44)&#13;&#10;&#9;at org.junit.internal.runners.statements.InvokeMethod.evaluate(InvokeMethod.java:17)&#13;&#10;&#9;at org.junit.runners.ParentRunner.runLeaf(ParentRunner.java:271)&#13;&#10;&#9;at org.junit.runners.BlockJUnit4ClassRunner.runChild(BlockJUnit4ClassRunner.java:70)&#13;&#10;&#9;at org.junit.runners.BlockJUnit4ClassRunner.runChild(BlockJUnit4ClassRunner.java:50)&#13;&#10;&#9;at org.junit.runners.ParentRunner$3.run(ParentRunner.java:238)&#13;&#10;&#9;at org.junit.runners.ParentRunner$1.schedule(ParentRunner.java:63)&#13;&#10;&#9;at org.junit.runners.ParentRunner.runChildren(ParentRunner.java:236)&#13;&#10;&#9;at org.junit.runners.ParentRunner.access$000(ParentRunner.java:53)&#13;&#10;&#9;at org.junit.runners.ParentRunner$2.evaluate(ParentRunner.java:229)&#13;&#10;&#9;at org.junit.runners.ParentRunner.run(ParentRunner.java:309)&#13;&#10;&#9;at org.eclipse.jdt.internal.junit4.runner.JUnit4TestReference.run(JUnit4TestReference.java:50)&#13;&#10;&#9;at org.eclipse.jdt.internal.junit.runner.TestExecution.run(TestExecution.java:38)&#13;&#10;&#9;at org.eclipse.jdt.internal.junit.runner.RemoteTestRunner.runTests(RemoteTestRunner.java:467)&#13;&#10;&#9;at org.eclipse.jdt.internal.junit.runner.RemoteTestRunner.runTests(RemoteTestRunner.java:683)&#13;&#10;&#9;at org.eclipse.jdt.internal.junit.runner.RemoteTestRunner.run(RemoteTestRunner.java:390)&#13;&#10;&#9;at org.codecover.juniteclipse.runner.EclipseTestRunner.main(EclipseTestRunner.java:40)" Date="1589513788038" Name="StdDrawTest:testTextRight">
<CovList/>
<AssgnmntList/>
<ObjMetaDataList/>
<MetaDataList/>
</TestCase>
<TestCase Comment="Failure&#10;java.lang.AssertionError: Not yet implemented&#13;&#10;&#9;at org.junit.Assert.fail(Assert.java:88)&#13;&#10;&#9;at StdDrawTest.testSetScaleDoubleDouble(StdDrawTest.java:78)&#13;&#10;&#9;at sun.reflect.NativeMethodAccessorImpl.invoke0(Native Method)&#13;&#10;&#9;at sun.reflect.NativeMethodAccessorImpl.invoke(Unknown Source)&#13;&#10;&#9;at sun.reflect.DelegatingMethodAccessorImpl.invoke(Unknown Source)&#13;&#10;&#9;at java.lang.reflect.Method.invoke(Unknown Source)&#13;&#10;&#9;at org.junit.runners.model.FrameworkMethod$1.runReflectiveCall(FrameworkMethod.java:47)&#13;&#10;&#9;at org.junit.internal.runners.model.ReflectiveCallable.run(ReflectiveCallable.java:12)&#13;&#10;&#9;at org.junit.runners.model.FrameworkMethod.invokeExplosively(FrameworkMethod.java:44)&#13;&#10;&#9;at org.junit.internal.runners.statements.InvokeMethod.evaluate(InvokeMethod.java:17)&#13;&#10;&#9;at org.junit.runners.ParentRunner.runLeaf(ParentRunner.java:271)&#13;&#10;&#9;at org.junit.runners.BlockJUnit4ClassRunner.runChild(BlockJUnit4ClassRunner.java:70)&#13;&#10;&#9;at org.junit.runners.BlockJUnit4ClassRunner.runChild(BlockJUnit4ClassRunner.java:50)&#13;&#10;&#9;at org.junit.runners.ParentRunner$3.run(ParentRunner.java:238)&#13;&#10;&#9;at org.junit.runners.ParentRunner$1.schedule(ParentRunner.java:63)&#13;&#10;&#9;at org.junit.runners.ParentRunner.runChildren(ParentRunner.java:236)&#13;&#10;&#9;at org.junit.runners.ParentRunner.access$000(ParentRunner.java:53)&#13;&#10;&#9;at org.junit.runners.ParentRunner$2.evaluate(ParentRunner.java:229)&#13;&#10;&#9;at org.junit.runners.ParentRunner.run(ParentRunner.java:309)&#13;&#10;&#9;at org.eclipse.jdt.internal.junit4.runner.JUnit4TestReference.run(JUnit4TestReference.java:50)&#13;&#10;&#9;at org.eclipse.jdt.internal.junit.runner.TestExecution.run(TestExecution.java:38)&#13;&#10;&#9;at org.eclipse.jdt.internal.junit.runner.RemoteTestRunner.runTests(RemoteTestRunner.java:467)&#13;&#10;&#9;at org.eclipse.jdt.internal.junit.runner.RemoteTestRunner.runTests(RemoteTestRunner.java:683)&#13;&#10;&#9;at org.eclipse.jdt.internal.junit.runner.RemoteTestRunner.run(RemoteTestRunner.java:390)&#13;&#10;&#9;at org.codecover.juniteclipse.runner.EclipseTestRunner.main(EclipseTestRunner.java:40)" Date="1589513788043" Name="StdDrawTest:testSetScaleDoubleDouble">
<CovList/>
<AssgnmntList/>
<ObjMetaDataList/>
<MetaDataList/>
</TestCase>
<TestCase Comment="Failure&#10;java.lang.AssertionError: Not yet implemented&#13;&#10;&#9;at org.junit.Assert.fail(Assert.java:88)&#13;&#10;&#9;at StdDrawTest.testIsMousePressed(StdDrawTest.java:328)&#13;&#10;&#9;at sun.reflect.NativeMethodAccessorImpl.invoke0(Native Method)&#13;&#10;&#9;at sun.reflect.NativeMethodAccessorImpl.invoke(Unknown Source)&#13;&#10;&#9;at sun.reflect.DelegatingMethodAccessorImpl.invoke(Unknown Source)&#13;&#10;&#9;at java.lang.reflect.Method.invoke(Unknown Source)&#13;&#10;&#9;at org.junit.runners.model.FrameworkMethod$1.runReflectiveCall(FrameworkMethod.java:47)&#13;&#10;&#9;at org.junit.internal.runners.model.ReflectiveCallable.run(ReflectiveCallable.java:12)&#13;&#10;&#9;at org.junit.runners.model.FrameworkMethod.invokeExplosively(FrameworkMethod.java:44)&#13;&#10;&#9;at org.junit.internal.runners.statements.InvokeMethod.evaluate(InvokeMethod.java:17)&#13;&#10;&#9;at org.junit.runners.ParentRunner.runLeaf(ParentRunner.java:271)&#13;&#10;&#9;at org.junit.runners.BlockJUnit4ClassRunner.runChild(BlockJUnit4ClassRunner.java:70)&#13;&#10;&#9;at org.junit.runners.BlockJUnit4ClassRunner.runChild(BlockJUnit4ClassRunner.java:50)&#13;&#10;&#9;at org.junit.runners.ParentRunner$3.run(ParentRunner.java:238)&#13;&#10;&#9;at org.junit.runners.ParentRunner$1.schedule(ParentRunner.java:63)&#13;&#10;&#9;at org.junit.runners.ParentRunner.runChildren(ParentRunner.java:236)&#13;&#10;&#9;at org.junit.runners.ParentRunner.access$000(ParentRunner.java:53)&#13;&#10;&#9;at org.junit.runners.ParentRunner$2.evaluate(ParentRunner.java:229)&#13;&#10;&#9;at org.junit.runners.ParentRunner.run(ParentRunner.java:309)&#13;&#10;&#9;at org.eclipse.jdt.internal.junit4.runner.JUnit4TestReference.run(JUnit4TestReference.java:50)&#13;&#10;&#9;at org.eclipse.jdt.internal.junit.runner.TestExecution.run(TestExecution.java:38)&#13;&#10;&#9;at org.eclipse.jdt.internal.junit.runner.RemoteTestRunner.runTests(RemoteTestRunner.java:467)&#13;&#10;&#9;at org.eclipse.jdt.internal.junit.runner.RemoteTestRunner.runTests(RemoteTestRunner.java:683)&#13;&#10;&#9;at org.eclipse.jdt.internal.junit.runner.RemoteTestRunner.run(RemoteTestRunner.java:390)&#13;&#10;&#9;at org.codecover.juniteclipse.runner.EclipseTestRunner.main(EclipseTestRunner.java:40)" Date="1589513788051" Name="StdDrawTest:testIsMousePressed">
<CovList/>
<AssgnmntList/>
<ObjMetaDataList/>
<MetaDataList/>
</TestCase>
<TestCase Comment="Failure&#10;java.lang.AssertionError: Not yet implemented&#13;&#10;&#9;at org.junit.Assert.fail(Assert.java:88)&#13;&#10;&#9;at StdDrawTest.testPictureDoubleDoubleStringDoubleDoubleDouble(StdDrawTest.java:263)&#13;&#10;&#9;at sun.reflect.NativeMethodAccessorImpl.invoke0(Native Method)&#13;&#10;&#9;at sun.reflect.NativeMethodAccessorImpl.invoke(Unknown Source)&#13;&#10;&#9;at sun.reflect.DelegatingMethodAccessorImpl.invoke(Unknown Source)&#13;&#10;&#9;at java.lang.reflect.Method.invoke(Unknown Source)&#13;&#10;&#9;at org.junit.runners.model.FrameworkMethod$1.runReflectiveCall(FrameworkMethod.java:47)&#13;&#10;&#9;at org.junit.internal.runners.model.ReflectiveCallable.run(ReflectiveCallable.java:12)&#13;&#10;&#9;at org.junit.runners.model.FrameworkMethod.invokeExplosively(FrameworkMethod.java:44)&#13;&#10;&#9;at org.junit.internal.runners.statements.InvokeMethod.evaluate(InvokeMethod.java:17)&#13;&#10;&#9;at org.junit.runners.ParentRunner.runLeaf(ParentRunner.java:271)&#13;&#10;&#9;at org.junit.runners.BlockJUnit4ClassRunner.runChild(BlockJUnit4ClassRunner.java:70)&#13;&#10;&#9;at org.junit.runners.BlockJUnit4ClassRunner.runChild(BlockJUnit4ClassRunner.java:50)&#13;&#10;&#9;at org.junit.runners.ParentRunner$3.run(ParentRunner.java:238)&#13;&#10;&#9;at org.junit.runners.ParentRunner$1.schedule(ParentRunner.java:63)&#13;&#10;&#9;at org.junit.runners.ParentRunner.runChildren(ParentRunner.java:236)&#13;&#10;&#9;at org.junit.runners.ParentRunner.access$000(ParentRunner.java:53)&#13;&#10;&#9;at org.junit.runners.ParentRunner$2.evaluate(ParentRunner.java:229)&#13;&#10;&#9;at org.junit.runners.ParentRunner.run(ParentRunner.java:309)&#13;&#10;&#9;at org.eclipse.jdt.internal.junit4.runner.JUnit4TestReference.run(JUnit4TestReference.java:50)&#13;&#10;&#9;at org.eclipse.jdt.internal.junit.runner.TestExecution.run(TestExecution.java:38)&#13;&#10;&#9;at org.eclipse.jdt.internal.junit.runner.RemoteTestRunner.runTests(RemoteTestRunner.java:467)&#13;&#10;&#9;at org.eclipse.jdt.internal.junit.runner.RemoteTestRunner.runTests(RemoteTestRunner.java:683)&#13;&#10;&#9;at org.eclipse.jdt.internal.junit.runner.RemoteTestRunner.run(RemoteTestRunner.java:390)&#13;&#10;&#9;at org.codecover.juniteclipse.runner.EclipseTestRunner.main(EclipseTestRunner.java:40)" Date="1589513788053" Name="StdDrawTest:testPictureDoubleDoubleStringDoubleDoubleDouble">
<CovList/>
<AssgnmntList/>
<ObjMetaDataList/>
<MetaDataList/>
</TestCase>
<TestCase Comment="Failure&#10;java.lang.AssertionError: Not yet implemented&#13;&#10;&#9;at org.junit.Assert.fail(Assert.java:88)&#13;&#10;&#9;at StdDrawTest.testSetXscaleDoubleDouble(StdDrawTest.java:68)&#13;&#10;&#9;at sun.reflect.NativeMethodAccessorImpl.invoke0(Native Method)&#13;&#10;&#9;at sun.reflect.NativeMethodAccessorImpl.invoke(Unknown Source)&#13;&#10;&#9;at sun.reflect.DelegatingMethodAccessorImpl.invoke(Unknown Source)&#13;&#10;&#9;at java.lang.reflect.Method.invoke(Unknown Source)&#13;&#10;&#9;at org.junit.runners.model.FrameworkMethod$1.runReflectiveCall(FrameworkMethod.java:47)&#13;&#10;&#9;at org.junit.internal.runners.model.ReflectiveCallable.run(ReflectiveCallable.java:12)&#13;&#10;&#9;at org.junit.runners.model.FrameworkMethod.invokeExplosively(FrameworkMethod.java:44)&#13;&#10;&#9;at org.junit.internal.runners.statements.InvokeMethod.evaluate(InvokeMethod.java:17)&#13;&#10;&#9;at org.junit.runners.ParentRunner.runLeaf(ParentRunner.java:271)&#13;&#10;&#9;at org.junit.runners.BlockJUnit4ClassRunner.runChild(BlockJUnit4ClassRunner.java:70)&#13;&#10;&#9;at org.junit.runners.BlockJUnit4ClassRunner.runChild(BlockJUnit4ClassRunner.java:50)&#13;&#10;&#9;at org.junit.runners.ParentRunner$3.run(ParentRunner.java:238)&#13;&#10;&#9;at org.junit.runners.ParentRunner$1.schedule(ParentRunner.java:63)&#13;&#10;&#9;at org.junit.runners.ParentRunner.runChildren(ParentRunner.java:236)&#13;&#10;&#9;at org.junit.runners.ParentRunner.access$000(ParentRunner.java:53)&#13;&#10;&#9;at org.junit.runners.ParentRunner$2.evaluate(ParentRunner.java:229)&#13;&#10;&#9;at org.junit.runners.ParentRunner.run(ParentRunner.java:309)&#13;&#10;&#9;at org.eclipse.jdt.internal.junit4.runner.JUnit4TestReference.run(JUnit4TestReference.java:50)&#13;&#10;&#9;at org.eclipse.jdt.internal.junit.runner.TestExecution.run(TestExecution.java:38)&#13;&#10;&#9;at org.eclipse.jdt.internal.junit.runner.RemoteTestRunner.runTests(RemoteTestRunner.java:467)&#13;&#10;&#9;at org.eclipse.jdt.internal.junit.runner.RemoteTestRunner.runTests(RemoteTestRunner.java:683)&#13;&#10;&#9;at org.eclipse.jdt.internal.junit.runner.RemoteTestRunner.run(RemoteTestRunner.java:390)&#13;&#10;&#9;at org.codecover.juniteclipse.runner.EclipseTestRunner.main(EclipseTestRunner.java:40)" Date="1589513788056" Name="StdDrawTest:testSetXscaleDoubleDouble">
<CovList/>
<AssgnmntList/>
<ObjMetaDataList/>
<MetaDataList/>
</TestCase>
<TestCase Comment="Failure&#10;java.lang.AssertionError: Not yet implemented&#13;&#10;&#9;at org.junit.Assert.fail(Assert.java:88)&#13;&#10;&#9;at StdDrawTest.testTextLeft(StdDrawTest.java:278)&#13;&#10;&#9;at sun.reflect.NativeMethodAccessorImpl.invoke0(Native Method)&#13;&#10;&#9;at sun.reflect.NativeMethodAccessorImpl.invoke(Unknown Source)&#13;&#10;&#9;at sun.reflect.DelegatingMethodAccessorImpl.invoke(Unknown Source)&#13;&#10;&#9;at java.lang.reflect.Method.invoke(Unknown Source)&#13;&#10;&#9;at org.junit.runners.model.FrameworkMethod$1.runReflectiveCall(FrameworkMethod.java:47)&#13;&#10;&#9;at org.junit.internal.runners.model.ReflectiveCallable.run(ReflectiveCallable.java:12)&#13;&#10;&#9;at org.junit.runners.model.FrameworkMethod.invokeExplosively(FrameworkMethod.java:44)&#13;&#10;&#9;at org.junit.internal.runners.statements.InvokeMethod.evaluate(InvokeMethod.java:17)&#13;&#10;&#9;at org.junit.runners.ParentRunner.runLeaf(ParentRunner.java:271)&#13;&#10;&#9;at org.junit.runners.BlockJUnit4ClassRunner.runChild(BlockJUnit4ClassRunner.java:70)&#13;&#10;&#9;at org.junit.runners.BlockJUnit4ClassRunner.runChild(BlockJUnit4ClassRunner.java:50)&#13;&#10;&#9;at org.junit.runners.ParentRunner$3.run(ParentRunner.java:238)&#13;&#10;&#9;at org.junit.runners.ParentRunner$1.schedule(ParentRunner.java:63)&#13;&#10;&#9;at org.junit.runners.ParentRunner.runChildren(ParentRunner.java:236)&#13;&#10;&#9;at org.junit.runners.ParentRunner.access$000(ParentRunner.java:53)&#13;&#10;&#9;at org.junit.runners.ParentRunner$2.evaluate(ParentRunner.java:229)&#13;&#10;&#9;at org.junit.runners.ParentRunner.run(ParentRunner.java:309)&#13;&#10;&#9;at org.eclipse.jdt.internal.junit4.runner.JUnit4TestReference.run(JUnit4TestReference.java:50)&#13;&#10;&#9;at org.eclipse.jdt.internal.junit.runner.TestExecution.run(TestExecution.java:38)&#13;&#10;&#9;at org.eclipse.jdt.internal.junit.runner.RemoteTestRunner.runTests(RemoteTestRunner.java:467)&#13;&#10;&#9;at org.eclipse.jdt.internal.junit.runner.RemoteTestRunner.runTests(RemoteTestRunner.java:683)&#13;&#10;&#9;at org.eclipse.jdt.internal.junit.runner.RemoteTestRunner.run(RemoteTestRunner.java:390)&#13;&#10;&#9;at org.codecover.juniteclipse.runner.EclipseTestRunner.main(EclipseTestRunner.java:40)" Date="1589513788057" Name="StdDrawTest:testTextLeft">
<CovList/>
<AssgnmntList/>
<ObjMetaDataList/>
<MetaDataList/>
</TestCase>
<TestCase Comment="Failure&#10;java.lang.AssertionError: Not yet implemented&#13;&#10;&#9;at org.junit.Assert.fail(Assert.java:88)&#13;&#10;&#9;at StdDrawTest.testMouseExited(StdDrawTest.java:358)&#13;&#10;&#9;at sun.reflect.NativeMethodAccessorImpl.invoke0(Native Method)&#13;&#10;&#9;at sun.reflect.NativeMethodAccessorImpl.invoke(Unknown Source)&#13;&#10;&#9;at sun.reflect.DelegatingMethodAccessorImpl.invoke(Unknown Source)&#13;&#10;&#9;at java.lang.reflect.Method.invoke(Unknown Source)&#13;&#10;&#9;at org.junit.runners.model.FrameworkMethod$1.runReflectiveCall(FrameworkMethod.java:47)&#13;&#10;&#9;at org.junit.internal.runners.model.ReflectiveCallable.run(ReflectiveCallable.java:12)&#13;&#10;&#9;at org.junit.runners.model.FrameworkMethod.invokeExplosively(FrameworkMethod.java:44)&#13;&#10;&#9;at org.junit.internal.runners.statements.InvokeMethod.evaluate(InvokeMethod.java:17)&#13;&#10;&#9;at org.junit.runners.ParentRunner.runLeaf(ParentRunner.java:271)&#13;&#10;&#9;at org.junit.runners.BlockJUnit4ClassRunner.runChild(BlockJUnit4ClassRunner.java:70)&#13;&#10;&#9;at org.junit.runners.BlockJUnit4ClassRunner.runChild(BlockJUnit4ClassRunner.java:50)&#13;&#10;&#9;at org.junit.runners.ParentRunner$3.run(ParentRunner.java:238)&#13;&#10;&#9;at org.junit.runners.ParentRunner$1.schedule(ParentRunner.java:63)&#13;&#10;&#9;at org.junit.runners.ParentRunner.runChildren(ParentRunner.java:236)&#13;&#10;&#9;at org.junit.runners.ParentRunner.access$000(ParentRunner.java:53)&#13;&#10;&#9;at org.junit.runners.ParentRunner$2.evaluate(ParentRunner.java:229)&#13;&#10;&#9;at org.junit.runners.ParentRunner.run(ParentRunner.java:309)&#13;&#10;&#9;at org.eclipse.jdt.internal.junit4.runner.JUnit4TestReference.run(JUnit4TestReference.java:50)&#13;&#10;&#9;at org.eclipse.jdt.internal.junit.runner.TestExecution.run(TestExecution.java:38)&#13;&#10;&#9;at org.eclipse.jdt.internal.junit.runner.RemoteTestRunner.runTests(RemoteTestRunner.java:467)&#13;&#10;&#9;at org.eclipse.jdt.internal.junit.runner.RemoteTestRunner.runTests(RemoteTestRunner.java:683)&#13;&#10;&#9;at org.eclipse.jdt.internal.junit.runner.RemoteTestRunner.run(RemoteTestRunner.java:390)&#13;&#10;&#9;at org.codecover.juniteclipse.runner.EclipseTestRunner.main(EclipseTestRunner.java:40)" Date="1589513788059" Name="StdDrawTest:testMouseExited">
<CovList/>
<AssgnmntList/>
<ObjMetaDataList/>
<MetaDataList/>
</TestCase>
<TestCase Comment="Failure&#10;java.lang.AssertionError: Not yet implemented&#13;&#10;&#9;at org.junit.Assert.fail(Assert.java:88)&#13;&#10;&#9;at StdDrawTest.testPictureDoubleDoubleString(StdDrawTest.java:248)&#13;&#10;&#9;at sun.reflect.NativeMethodAccessorImpl.invoke0(Native Method)&#13;&#10;&#9;at sun.reflect.NativeMethodAccessorImpl.invoke(Unknown Source)&#13;&#10;&#9;at sun.reflect.DelegatingMethodAccessorImpl.invoke(Unknown Source)&#13;&#10;&#9;at java.lang.reflect.Method.invoke(Unknown Source)&#13;&#10;&#9;at org.junit.runners.model.FrameworkMethod$1.runReflectiveCall(FrameworkMethod.java:47)&#13;&#10;&#9;at org.junit.internal.runners.model.ReflectiveCallable.run(ReflectiveCallable.java:12)&#13;&#10;&#9;at org.junit.runners.model.FrameworkMethod.invokeExplosively(FrameworkMethod.java:44)&#13;&#10;&#9;at org.junit.internal.runners.statements.InvokeMethod.evaluate(InvokeMethod.java:17)&#13;&#10;&#9;at org.junit.runners.ParentRunner.runLeaf(ParentRunner.java:271)&#13;&#10;&#9;at org.junit.runners.BlockJUnit4ClassRunner.runChild(BlockJUnit4ClassRunner.java:70)&#13;&#10;&#9;at org.junit.runners.BlockJUnit4ClassRunner.runChild(BlockJUnit4ClassRunner.java:50)&#13;&#10;&#9;at org.junit.runners.ParentRunner$3.run(ParentRunner.java:238)&#13;&#10;&#9;at org.junit.runners.ParentRunner$1.schedule(ParentRunner.java:63)&#13;&#10;&#9;at org.junit.runners.ParentRunner.runChildren(ParentRunner.java:236)&#13;&#10;&#9;at org.junit.runners.ParentRunner.access$000(ParentRunner.java:53)&#13;&#10;&#9;at org.junit.runners.ParentRunner$2.evaluate(ParentRunner.java:229)&#13;&#10;&#9;at org.junit.runners.ParentRunner.run(ParentRunner.java:309)&#13;&#10;&#9;at org.eclipse.jdt.internal.junit4.runner.JUnit4TestReference.run(JUnit4TestReference.java:50)&#13;&#10;&#9;at org.eclipse.jdt.internal.junit.runner.TestExecution.run(TestExecution.java:38)&#13;&#10;&#9;at org.eclipse.jdt.internal.junit.runner.RemoteTestRunner.runTests(RemoteTestRunner.java:467)&#13;&#10;&#9;at org.eclipse.jdt.internal.junit.runner.RemoteTestRunner.runTests(RemoteTestRunner.java:683)&#13;&#10;&#9;at org.eclipse.jdt.internal.junit.runner.RemoteTestRunner.run(RemoteTestRunner.java:390)&#13;&#10;&#9;at org.codecover.juniteclipse.runner.EclipseTestRunner.main(EclipseTestRunner.java:40)" Date="1589513788061" Name="StdDrawTest:testPictureDoubleDoubleString">
<CovList/>
<AssgnmntList/>
<ObjMetaDataList/>
<MetaDataList/>
</TestCase>
<TestCase Comment="Failure&#10;java.lang.AssertionError: Not yet implemented&#13;&#10;&#9;at org.junit.Assert.fail(Assert.java:88)&#13;&#10;&#9;at StdDrawTest.testTextDoubleDoubleString(StdDrawTest.java:268)&#13;&#10;&#9;at sun.reflect.NativeMethodAccessorImpl.invoke0(Native Method)&#13;&#10;&#9;at sun.reflect.NativeMethodAccessorImpl.invoke(Unknown Source)&#13;&#10;&#9;at sun.reflect.DelegatingMethodAccessorImpl.invoke(Unknown Source)&#13;&#10;&#9;at java.lang.reflect.Method.invoke(Unknown Source)&#13;&#10;&#9;at org.junit.runners.model.FrameworkMethod$1.runReflectiveCall(FrameworkMethod.java:47)&#13;&#10;&#9;at org.junit.internal.runners.model.ReflectiveCallable.run(ReflectiveCallable.java:12)&#13;&#10;&#9;at org.junit.runners.model.FrameworkMethod.invokeExplosively(FrameworkMethod.java:44)&#13;&#10;&#9;at org.junit.internal.runners.statements.InvokeMethod.evaluate(InvokeMethod.java:17)&#13;&#10;&#9;at org.junit.runners.ParentRunner.runLeaf(ParentRunner.java:271)&#13;&#10;&#9;at org.junit.runners.BlockJUnit4ClassRunner.runChild(BlockJUnit4ClassRunner.java:70)&#13;&#10;&#9;at org.junit.runners.BlockJUnit4ClassRunner.runChild(BlockJUnit4ClassRunner.java:50)&#13;&#10;&#9;at org.junit.runners.ParentRunner$3.run(ParentRunner.java:238)&#13;&#10;&#9;at org.junit.runners.ParentRunner$1.schedule(ParentRunner.java:63)&#13;&#10;&#9;at org.junit.runners.ParentRunner.runChildren(ParentRunner.java:236)&#13;&#10;&#9;at org.junit.runners.ParentRunner.access$000(ParentRunner.java:53)&#13;&#10;&#9;at org.junit.runners.ParentRunner$2.evaluate(ParentRunner.java:229)&#13;&#10;&#9;at org.junit.runners.ParentRunner.run(ParentRunner.java:309)&#13;&#10;&#9;at org.eclipse.jdt.internal.junit4.runner.JUnit4TestReference.run(JUnit4TestReference.java:50)&#13;&#10;&#9;at org.eclipse.jdt.internal.junit.runner.TestExecution.run(TestExecution.java:38)&#13;&#10;&#9;at org.eclipse.jdt.internal.junit.runner.RemoteTestRunner.runTests(RemoteTestRunner.java:467)&#13;&#10;&#9;at org.eclipse.jdt.internal.junit.runner.RemoteTestRunner.runTests(RemoteTestRunner.java:683)&#13;&#10;&#9;at org.eclipse.jdt.internal.junit.runner.RemoteTestRunner.run(RemoteTestRunner.java:390)&#13;&#10;&#9;at org.codecover.juniteclipse.runner.EclipseTestRunner.main(EclipseTestRunner.java:40)" Date="1589513788064" Name="StdDrawTest:testTextDoubleDoubleString">
<CovList/>
<AssgnmntList/>
<ObjMetaDataList/>
<MetaDataList/>
</TestCase>
<TestCase Comment="Failure&#10;java.lang.AssertionError: Not yet implemented&#13;&#10;&#9;at org.junit.Assert.fail(Assert.java:88)&#13;&#10;&#9;at StdDrawTest.testMouseMoved(StdDrawTest.java:378)&#13;&#10;&#9;at sun.reflect.NativeMethodAccessorImpl.invoke0(Native Method)&#13;&#10;&#9;at sun.reflect.NativeMethodAccessorImpl.invoke(Unknown Source)&#13;&#10;&#9;at sun.reflect.DelegatingMethodAccessorImpl.invoke(Unknown Source)&#13;&#10;&#9;at java.lang.reflect.Method.invoke(Unknown Source)&#13;&#10;&#9;at org.junit.runners.model.FrameworkMethod$1.runReflectiveCall(FrameworkMethod.java:47)&#13;&#10;&#9;at org.junit.internal.runners.model.ReflectiveCallable.run(ReflectiveCallable.java:12)&#13;&#10;&#9;at org.junit.runners.model.FrameworkMethod.invokeExplosively(FrameworkMethod.java:44)&#13;&#10;&#9;at org.junit.internal.runners.statements.InvokeMethod.evaluate(InvokeMethod.java:17)&#13;&#10;&#9;at org.junit.runners.ParentRunner.runLeaf(ParentRunner.java:271)&#13;&#10;&#9;at org.junit.runners.BlockJUnit4ClassRunner.runChild(BlockJUnit4ClassRunner.java:70)&#13;&#10;&#9;at org.junit.runners.BlockJUnit4ClassRunner.runChild(BlockJUnit4ClassRunner.java:50)&#13;&#10;&#9;at org.junit.runners.ParentRunner$3.run(ParentRunner.java:238)&#13;&#10;&#9;at org.junit.runners.ParentRunner$1.schedule(ParentRunner.java:63)&#13;&#10;&#9;at org.junit.runners.ParentRunner.runChildren(ParentRunner.java:236)&#13;&#10;&#9;at org.junit.runners.ParentRunner.access$000(ParentRunner.java:53)&#13;&#10;&#9;at org.junit.runners.ParentRunner$2.evaluate(ParentRunner.java:229)&#13;&#10;&#9;at org.junit.runners.ParentRunner.run(ParentRunner.java:309)&#13;&#10;&#9;at org.eclipse.jdt.internal.junit4.runner.JUnit4TestReference.run(JUnit4TestReference.java:50)&#13;&#10;&#9;at org.eclipse.jdt.internal.junit.runner.TestExecution.run(TestExecution.java:38)&#13;&#10;&#9;at org.eclipse.jdt.internal.junit.runner.RemoteTestRunner.runTests(RemoteTestRunner.java:467)&#13;&#10;&#9;at org.eclipse.jdt.internal.junit.runner.RemoteTestRunner.runTests(RemoteTestRunner.java:683)&#13;&#10;&#9;at org.eclipse.jdt.internal.junit.runner.RemoteTestRunner.run(RemoteTestRunner.java:390)&#13;&#10;&#9;at org.codecover.juniteclipse.runner.EclipseTestRunner.main(EclipseTestRunner.java:40)" Date="1589513788067" Name="StdDrawTest:testMouseMoved">
<CovList/>
<AssgnmntList/>
<ObjMetaDataList/>
<MetaDataList/>
</TestCase>
<TestCase Comment="Failure&#10;java.lang.AssertionError: Not yet implemented&#13;&#10;&#9;at org.junit.Assert.fail(Assert.java:88)&#13;&#10;&#9;at StdDrawTest.testHasNextKeyTyped(StdDrawTest.java:383)&#13;&#10;&#9;at sun.reflect.NativeMethodAccessorImpl.invoke0(Native Method)&#13;&#10;&#9;at sun.reflect.NativeMethodAccessorImpl.invoke(Unknown Source)&#13;&#10;&#9;at sun.reflect.DelegatingMethodAccessorImpl.invoke(Unknown Source)&#13;&#10;&#9;at java.lang.reflect.Method.invoke(Unknown Source)&#13;&#10;&#9;at org.junit.runners.model.FrameworkMethod$1.runReflectiveCall(FrameworkMethod.java:47)&#13;&#10;&#9;at org.junit.internal.runners.model.ReflectiveCallable.run(ReflectiveCallable.java:12)&#13;&#10;&#9;at org.junit.runners.model.FrameworkMethod.invokeExplosively(FrameworkMethod.java:44)&#13;&#10;&#9;at org.junit.internal.runners.statements.InvokeMethod.evaluate(InvokeMethod.java:17)&#13;&#10;&#9;at org.junit.runners.ParentRunner.runLeaf(ParentRunner.java:271)&#13;&#10;&#9;at org.junit.runners.BlockJUnit4ClassRunner.runChild(BlockJUnit4ClassRunner.java:70)&#13;&#10;&#9;at org.junit.runners.BlockJUnit4ClassRunner.runChild(BlockJUnit4ClassRunner.java:50)&#13;&#10;&#9;at org.junit.runners.ParentRunner$3.run(ParentRunner.java:238)&#13;&#10;&#9;at org.junit.runners.ParentRunner$1.schedule(ParentRunner.java:63)&#13;&#10;&#9;at org.junit.runners.ParentRunner.runChildren(ParentRunner.java:236)&#13;&#10;&#9;at org.junit.runners.ParentRunner.access$000(ParentRunner.java:53)&#13;&#10;&#9;at org.junit.runners.ParentRunner$2.evaluate(ParentRunner.java:229)&#13;&#10;&#9;at org.junit.runners.ParentRunner.run(ParentRunner.java:309)&#13;&#10;&#9;at org.eclipse.jdt.internal.junit4.runner.JUnit4TestReference.run(JUnit4TestReference.java:50)&#13;&#10;&#9;at org.eclipse.jdt.internal.junit.runner.TestExecution.run(TestExecution.java:38)&#13;&#10;&#9;at org.eclipse.jdt.internal.junit.runner.RemoteTestRunner.runTests(RemoteTestRunner.java:467)&#13;&#10;&#9;at org.eclipse.jdt.internal.junit.runner.RemoteTestRunner.runTests(RemoteTestRunner.java:683)&#13;&#10;&#9;at org.eclipse.jdt.internal.junit.runner.RemoteTestRunner.run(RemoteTestRunner.java:390)&#13;&#10;&#9;at org.codecover.juniteclipse.runner.EclipseTestRunner.main(EclipseTestRunner.java:40)" Date="1589513788070" Name="StdDrawTest:testHasNextKeyTyped">
<CovList/>
<AssgnmntList/>
<ObjMetaDataList/>
<MetaDataList/>
</TestCase>
<TestCase Comment="Failure&#10;java.lang.AssertionError: Not yet implemented&#13;&#10;&#9;at org.junit.Assert.fail(Assert.java:88)&#13;&#10;&#9;at StdDrawTest.testFilledCircle(StdDrawTest.java:193)&#13;&#10;&#9;at sun.reflect.NativeMethodAccessorImpl.invoke0(Native Method)&#13;&#10;&#9;at sun.reflect.NativeMethodAccessorImpl.invoke(Unknown Source)&#13;&#10;&#9;at sun.reflect.DelegatingMethodAccessorImpl.invoke(Unknown Source)&#13;&#10;&#9;at java.lang.reflect.Method.invoke(Unknown Source)&#13;&#10;&#9;at org.junit.runners.model.FrameworkMethod$1.runReflectiveCall(FrameworkMethod.java:47)&#13;&#10;&#9;at org.junit.internal.runners.model.ReflectiveCallable.run(ReflectiveCallable.java:12)&#13;&#10;&#9;at org.junit.runners.model.FrameworkMethod.invokeExplosively(FrameworkMethod.java:44)&#13;&#10;&#9;at org.junit.internal.runners.statements.InvokeMethod.evaluate(InvokeMethod.java:17)&#13;&#10;&#9;at org.junit.runners.ParentRunner.runLeaf(ParentRunner.java:271)&#13;&#10;&#9;at org.junit.runners.BlockJUnit4ClassRunner.runChild(BlockJUnit4ClassRunner.java:70)&#13;&#10;&#9;at org.junit.runners.BlockJUnit4ClassRunner.runChild(BlockJUnit4ClassRunner.java:50)&#13;&#10;&#9;at org.junit.runners.ParentRunner$3.run(ParentRunner.java:238)&#13;&#10;&#9;at org.junit.runners.ParentRunner$1.schedule(ParentRunner.java:63)&#13;&#10;&#9;at org.junit.runners.ParentRunner.runChildren(ParentRunner.java:236)&#13;&#10;&#9;at org.junit.runners.ParentRunner.access$000(ParentRunner.java:53)&#13;&#10;&#9;at org.junit.runners.ParentRunner$2.evaluate(ParentRunner.java:229)&#13;&#10;&#9;at org.junit.runners.ParentRunner.run(ParentRunner.java:309)&#13;&#10;&#9;at org.eclipse.jdt.internal.junit4.runner.JUnit4TestReference.run(JUnit4TestReference.java:50)&#13;&#10;&#9;at org.eclipse.jdt.internal.junit.runner.TestExecution.run(TestExecution.java:38)&#13;&#10;&#9;at org.eclipse.jdt.internal.junit.runner.RemoteTestRunner.runTests(RemoteTestRunner.java:467)&#13;&#10;&#9;at org.eclipse.jdt.internal.junit.runner.RemoteTestRunner.runTests(RemoteTestRunner.java:683)&#13;&#10;&#9;at org.eclipse.jdt.internal.junit.runner.RemoteTestRunner.run(RemoteTestRunner.java:390)&#13;&#10;&#9;at org.codecover.juniteclipse.runner.EclipseTestRunner.main(EclipseTestRunner.java:40)" Date="1589513788073" Name="StdDrawTest:testFilledCircle">
<CovList>
<CovPrefix CovItemPrefix="Draw.java">
<Cov CovItemId="S542" Value="1"/>
</CovPrefix>
</CovList>
<AssgnmntList/>
<ObjMetaDataList/>
<MetaDataList/>
</TestCase>
<TestCase Comment="Failure&#10;java.lang.AssertionError: Not yet implemented&#13;&#10;&#9;at org.junit.Assert.fail(Assert.java:88)&#13;&#10;&#9;at StdDrawTest.testNextKeyTyped(StdDrawTest.java:388)&#13;&#10;&#9;at sun.reflect.NativeMethodAccessorImpl.invoke0(Native Method)&#13;&#10;&#9;at sun.reflect.NativeMethodAccessorImpl.invoke(Unknown Source)&#13;&#10;&#9;at sun.reflect.DelegatingMethodAccessorImpl.invoke(Unknown Source)&#13;&#10;&#9;at java.lang.reflect.Method.invoke(Unknown Source)&#13;&#10;&#9;at org.junit.runners.model.FrameworkMethod$1.runReflectiveCall(FrameworkMethod.java:47)&#13;&#10;&#9;at org.junit.internal.runners.model.ReflectiveCallable.run(ReflectiveCallable.java:12)&#13;&#10;&#9;at org.junit.runners.model.FrameworkMethod.invokeExplosively(FrameworkMethod.java:44)&#13;&#10;&#9;at org.junit.internal.runners.statements.InvokeMethod.evaluate(InvokeMethod.java:17)&#13;&#10;&#9;at org.junit.runners.ParentRunner.runLeaf(ParentRunner.java:271)&#13;&#10;&#9;at org.junit.runners.BlockJUnit4ClassRunner.runChild(BlockJUnit4ClassRunner.java:70)&#13;&#10;&#9;at org.junit.runners.BlockJUnit4ClassRunner.runChild(BlockJUnit4ClassRunner.java:50)&#13;&#10;&#9;at org.junit.runners.ParentRunner$3.run(ParentRunner.java:238)&#13;&#10;&#9;at org.junit.runners.ParentRunner$1.schedule(ParentRunner.java:63)&#13;&#10;&#9;at org.junit.runners.ParentRunner.runChildren(ParentRunner.java:236)&#13;&#10;&#9;at org.junit.runners.ParentRunner.access$000(ParentRunner.java:53)&#13;&#10;&#9;at org.junit.runners.ParentRunner$2.evaluate(ParentRunner.java:229)&#13;&#10;&#9;at org.junit.runners.ParentRunner.run(ParentRunner.java:309)&#13;&#10;&#9;at org.eclipse.jdt.internal.junit4.runner.JUnit4TestReference.run(JUnit4TestReference.java:50)&#13;&#10;&#9;at org.eclipse.jdt.internal.junit.runner.TestExecution.run(TestExecution.java:38)&#13;&#10;&#9;at org.eclipse.jdt.internal.junit.runner.RemoteTestRunner.runTests(RemoteTestRunner.java:467)&#13;&#10;&#9;at org.eclipse.jdt.internal.junit.runner.RemoteTestRunner.runTests(RemoteTestRunner.java:683)&#13;&#10;&#9;at org.eclipse.jdt.internal.junit.runner.RemoteTestRunner.run(RemoteTestRunner.java:390)&#13;&#10;&#9;at org.codecover.juniteclipse.runner.EclipseTestRunner.main(EclipseTestRunner.java:40)" Date="1589513788075" Name="StdDrawTest:testNextKeyTyped">
<CovList/>
<AssgnmntList/>
<ObjMetaDataList/>
<MetaDataList/>
</TestCase>
<TestCase Comment="Failure&#10;java.lang.AssertionError: Not yet implemented&#13;&#10;&#9;at org.junit.Assert.fail(Assert.java:88)&#13;&#10;&#9;at StdDrawTest.testMouseDragged(StdDrawTest.java:373)&#13;&#10;&#9;at sun.reflect.NativeMethodAccessorImpl.invoke0(Native Method)&#13;&#10;&#9;at sun.reflect.NativeMethodAccessorImpl.invoke(Unknown Source)&#13;&#10;&#9;at sun.reflect.DelegatingMethodAccessorImpl.invoke(Unknown Source)&#13;&#10;&#9;at java.lang.reflect.Method.invoke(Unknown Source)&#13;&#10;&#9;at org.junit.runners.model.FrameworkMethod$1.runReflectiveCall(FrameworkMethod.java:47)&#13;&#10;&#9;at org.junit.internal.runners.model.ReflectiveCallable.run(ReflectiveCallable.java:12)&#13;&#10;&#9;at org.junit.runners.model.FrameworkMethod.invokeExplosively(FrameworkMethod.java:44)&#13;&#10;&#9;at org.junit.internal.runners.statements.InvokeMethod.evaluate(InvokeMethod.java:17)&#13;&#10;&#9;at org.junit.runners.ParentRunner.runLeaf(ParentRunner.java:271)&#13;&#10;&#9;at org.junit.runners.BlockJUnit4ClassRunner.runChild(BlockJUnit4ClassRunner.java:70)&#13;&#10;&#9;at org.junit.runners.BlockJUnit4ClassRunner.runChild(BlockJUnit4ClassRunner.java:50)&#13;&#10;&#9;at org.junit.runners.ParentRunner$3.run(ParentRunner.java:238)&#13;&#10;&#9;at org.junit.runners.ParentRunner$1.schedule(ParentRunner.java:63)&#13;&#10;&#9;at org.junit.runners.ParentRunner.runChildren(ParentRunner.java:236)&#13;&#10;&#9;at org.junit.runners.ParentRunner.access$000(ParentRunner.java:53)&#13;&#10;&#9;at org.junit.runners.ParentRunner$2.evaluate(ParentRunner.java:229)&#13;&#10;&#9;at org.junit.runners.ParentRunner.run(ParentRunner.java:309)&#13;&#10;&#9;at org.eclipse.jdt.internal.junit4.runner.JUnit4TestReference.run(JUnit4TestReference.java:50)&#13;&#10;&#9;at org.eclipse.jdt.internal.junit.runner.TestExecution.run(TestExecution.java:38)&#13;&#10;&#9;at org.eclipse.jdt.internal.junit.runner.RemoteTestRunner.runTests(RemoteTestRunner.java:467)&#13;&#10;&#9;at org.eclipse.jdt.internal.junit.runner.RemoteTestRunner.runTests(RemoteTestRunner.java:683)&#13;&#10;&#9;at org.eclipse.jdt.internal.junit.runner.RemoteTestRunner.run(RemoteTestRunner.java:390)&#13;&#10;&#9;at org.codecover.juniteclipse.runner.EclipseTestRunner.main(EclipseTestRunner.java:40)" Date="1589513788076" Name="StdDrawTest:testMouseDragged">
<CovList/>
<AssgnmntList/>
<ObjMetaDataList/>
<MetaDataList/>
</TestCase>
<TestCase Comment="Failure&#10;java.lang.AssertionError: Not yet implemented&#13;&#10;&#9;at org.junit.Assert.fail(Assert.java:88)&#13;&#10;&#9;at StdDrawTest.testMousePressedMouseEvent(StdDrawTest.java:363)&#13;&#10;&#9;at sun.reflect.NativeMethodAccessorImpl.invoke0(Native Method)&#13;&#10;&#9;at sun.reflect.NativeMethodAccessorImpl.invoke(Unknown Source)&#13;&#10;&#9;at sun.reflect.DelegatingMethodAccessorImpl.invoke(Unknown Source)&#13;&#10;&#9;at java.lang.reflect.Method.invoke(Unknown Source)&#13;&#10;&#9;at org.junit.runners.model.FrameworkMethod$1.runReflectiveCall(FrameworkMethod.java:47)&#13;&#10;&#9;at org.junit.internal.runners.model.ReflectiveCallable.run(ReflectiveCallable.java:12)&#13;&#10;&#9;at org.junit.runners.model.FrameworkMethod.invokeExplosively(FrameworkMethod.java:44)&#13;&#10;&#9;at org.junit.internal.runners.statements.InvokeMethod.evaluate(InvokeMethod.java:17)&#13;&#10;&#9;at org.junit.runners.ParentRunner.runLeaf(ParentRunner.java:271)&#13;&#10;&#9;at org.junit.runners.BlockJUnit4ClassRunner.runChild(BlockJUnit4ClassRunner.java:70)&#13;&#10;&#9;at org.junit.runners.BlockJUnit4ClassRunner.runChild(BlockJUnit4ClassRunner.java:50)&#13;&#10;&#9;at org.junit.runners.ParentRunner$3.run(ParentRunner.java:238)&#13;&#10;&#9;at org.junit.runners.ParentRunner$1.schedule(ParentRunner.java:63)&#13;&#10;&#9;at org.junit.runners.ParentRunner.runChildren(ParentRunner.java:236)&#13;&#10;&#9;at org.junit.runners.ParentRunner.access$000(ParentRunner.java:53)&#13;&#10;&#9;at org.junit.runners.ParentRunner$2.evaluate(ParentRunner.java:229)&#13;&#10;&#9;at org.junit.runners.ParentRunner.run(ParentRunner.java:309)&#13;&#10;&#9;at org.eclipse.jdt.internal.junit4.runner.JUnit4TestReference.run(JUnit4TestReference.java:50)&#13;&#10;&#9;at org.eclipse.jdt.internal.junit.runner.TestExecution.run(TestExecution.java:38)&#13;&#10;&#9;at org.eclipse.jdt.internal.junit.runner.RemoteTestRunner.runTests(RemoteTestRunner.java:467)&#13;&#10;&#9;at org.eclipse.jdt.internal.junit.runner.RemoteTestRunner.runTests(RemoteTestRunner.java:683)&#13;&#10;&#9;at org.eclipse.jdt.internal.junit.runner.RemoteTestRunner.run(RemoteTestRunner.java:390)&#13;&#10;&#9;at org.codecover.juniteclipse.runner.EclipseTestRunner.main(EclipseTestRunner.java:40)" Date="1589513788078" Name="StdDrawTest:testMousePressedMouseEvent">
<CovList/>
<AssgnmntList/>
<ObjMetaDataList/>
<MetaDataList/>
</TestCase>
<TestCase Comment="Failure&#10;java.lang.AssertionError: Not yet implemented&#13;&#10;&#9;at org.junit.Assert.fail(Assert.java:88)&#13;&#10;&#9;at StdDrawTest.testEnableDoubleBuffering(StdDrawTest.java:308)&#13;&#10;&#9;at sun.reflect.NativeMethodAccessorImpl.invoke0(Native Method)&#13;&#10;&#9;at sun.reflect.NativeMethodAccessorImpl.invoke(Unknown Source)&#13;&#10;&#9;at sun.reflect.DelegatingMethodAccessorImpl.invoke(Unknown Source)&#13;&#10;&#9;at java.lang.reflect.Method.invoke(Unknown Source)&#13;&#10;&#9;at org.junit.runners.model.FrameworkMethod$1.runReflectiveCall(FrameworkMethod.java:47)&#13;&#10;&#9;at org.junit.internal.runners.model.ReflectiveCallable.run(ReflectiveCallable.java:12)&#13;&#10;&#9;at org.junit.runners.model.FrameworkMethod.invokeExplosively(FrameworkMethod.java:44)&#13;&#10;&#9;at org.junit.internal.runners.statements.InvokeMethod.evaluate(InvokeMethod.java:17)&#13;&#10;&#9;at org.junit.runners.ParentRunner.runLeaf(ParentRunner.java:271)&#13;&#10;&#9;at org.junit.runners.BlockJUnit4ClassRunner.runChild(BlockJUnit4ClassRunner.java:70)&#13;&#10;&#9;at org.junit.runners.BlockJUnit4ClassRunner.runChild(BlockJUnit4ClassRunner.java:50)&#13;&#10;&#9;at org.junit.runners.ParentRunner$3.run(ParentRunner.java:238)&#13;&#10;&#9;at org.junit.runners.ParentRunner$1.schedule(ParentRunner.java:63)&#13;&#10;&#9;at org.junit.runners.ParentRunner.runChildren(ParentRunner.java:236)&#13;&#10;&#9;at org.junit.runners.ParentRunner.access$000(ParentRunner.java:53)&#13;&#10;&#9;at org.junit.runners.ParentRunner$2.evaluate(ParentRunner.java:229)&#13;&#10;&#9;at org.junit.runners.ParentRunner.run(ParentRunner.java:309)&#13;&#10;&#9;at org.eclipse.jdt.internal.junit4.runner.JUnit4TestReference.run(JUnit4TestReference.java:50)&#13;&#10;&#9;at org.eclipse.jdt.internal.junit.runner.TestExecution.run(TestExecution.java:38)&#13;&#10;&#9;at org.eclipse.jdt.internal.junit.runner.RemoteTestRunner.runTests(RemoteTestRunner.java:467)&#13;&#10;&#9;at org.eclipse.jdt.internal.junit.runner.RemoteTestRunner.runTests(RemoteTestRunner.java:683)&#13;&#10;&#9;at org.eclipse.jdt.internal.junit.runner.RemoteTestRunner.run(RemoteTestRunner.java:390)&#13;&#10;&#9;at org.codecover.juniteclipse.runner.EclipseTestRunner.main(EclipseTestRunner.java:40)" Date="1589513788080" Name="StdDrawTest:testEnableDoubleBuffering">
<CovList/>
<AssgnmntList/>
<ObjMetaDataList/>
<MetaDataList/>
</TestCase>
<TestCase Comment="Failure&#10;java.lang.AssertionError: Not yet implemented&#13;&#10;&#9;at org.junit.Assert.fail(Assert.java:88)&#13;&#10;&#9;at StdDrawTest.testFilledRectangle(StdDrawTest.java:228)&#13;&#10;&#9;at sun.reflect.NativeMethodAccessorImpl.invoke0(Native Method)&#13;&#10;&#9;at sun.reflect.NativeMethodAccessorImpl.invoke(Unknown Source)&#13;&#10;&#9;at sun.reflect.DelegatingMethodAccessorImpl.invoke(Unknown Source)&#13;&#10;&#9;at java.lang.reflect.Method.invoke(Unknown Source)&#13;&#10;&#9;at org.junit.runners.model.FrameworkMethod$1.runReflectiveCall(FrameworkMethod.java:47)&#13;&#10;&#9;at org.junit.internal.runners.model.ReflectiveCallable.run(ReflectiveCallable.java:12)&#13;&#10;&#9;at org.junit.runners.model.FrameworkMethod.invokeExplosively(FrameworkMethod.java:44)&#13;&#10;&#9;at org.junit.internal.runners.statements.InvokeMethod.evaluate(InvokeMethod.java:17)&#13;&#10;&#9;at org.junit.runners.ParentRunner.runLeaf(ParentRunner.java:271)&#13;&#10;&#9;at org.junit.runners.BlockJUnit4ClassRunner.runChild(BlockJUnit4ClassRunner.java:70)&#13;&#10;&#9;at org.junit.runners.BlockJUnit4ClassRunner.runChild(BlockJUnit4ClassRunner.java:50)&#13;&#10;&#9;at org.junit.runners.ParentRunner$3.run(ParentRunner.java:238)&#13;&#10;&#9;at org.junit.runners.ParentRunner$1.schedule(ParentRunner.java:63)&#13;&#10;&#9;at org.junit.runners.ParentRunner.runChildren(ParentRunner.java:236)&#13;&#10;&#9;at org.junit.runners.ParentRunner.access$000(ParentRunner.java:53)&#13;&#10;&#9;at org.junit.runners.ParentRunner$2.evaluate(ParentRunner.java:229)&#13;&#10;&#9;at org.junit.runners.ParentRunner.run(ParentRunner.java:309)&#13;&#10;&#9;at org.eclipse.jdt.internal.junit4.runner.JUnit4TestReference.run(JUnit4TestReference.java:50)&#13;&#10;&#9;at org.eclipse.jdt.internal.junit.runner.TestExecution.run(TestExecution.java:38)&#13;&#10;&#9;at org.eclipse.jdt.internal.junit.runner.RemoteTestRunner.runTests(RemoteTestRunner.java:467)&#13;&#10;&#9;at org.eclipse.jdt.internal.junit.runner.RemoteTestRunner.runTests(RemoteTestRunner.java:683)&#13;&#10;&#9;at org.eclipse.jdt.internal.junit.runner.RemoteTestRunner.run(RemoteTestRunner.java:390)&#13;&#10;&#9;at org.codecover.juniteclipse.runner.EclipseTestRunner.main(EclipseTestRunner.java:40)" Date="1589513788082" Name="StdDrawTest:testFilledRectangle">
<CovList/>
<AssgnmntList/>
<ObjMetaDataList/>
<MetaDataList/>
</TestCase>
<TestCase Comment="Failure&#10;java.lang.AssertionError: Not yet implemented&#13;&#10;&#9;at org.junit.Assert.fail(Assert.java:88)&#13;&#10;&#9;at StdDrawTest.testCreateMenuBar(StdDrawTest.java:33)&#13;&#10;&#9;at sun.reflect.NativeMethodAccessorImpl.invoke0(Native Method)&#13;&#10;&#9;at sun.reflect.NativeMethodAccessorImpl.invoke(Unknown Source)&#13;&#10;&#9;at sun.reflect.DelegatingMethodAccessorImpl.invoke(Unknown Source)&#13;&#10;&#9;at java.lang.reflect.Method.invoke(Unknown Source)&#13;&#10;&#9;at org.junit.runners.model.FrameworkMethod$1.runReflectiveCall(FrameworkMethod.java:47)&#13;&#10;&#9;at org.junit.internal.runners.model.ReflectiveCallable.run(ReflectiveCallable.java:12)&#13;&#10;&#9;at org.junit.runners.model.FrameworkMethod.invokeExplosively(FrameworkMethod.java:44)&#13;&#10;&#9;at org.junit.internal.runners.statements.InvokeMethod.evaluate(InvokeMethod.java:17)&#13;&#10;&#9;at org.junit.runners.ParentRunner.runLeaf(ParentRunner.java:271)&#13;&#10;&#9;at org.junit.runners.BlockJUnit4ClassRunner.runChild(BlockJUnit4ClassRunner.java:70)&#13;&#10;&#9;at org.junit.runners.BlockJUnit4ClassRunner.runChild(BlockJUnit4ClassRunner.java:50)&#13;&#10;&#9;at org.junit.runners.ParentRunner$3.run(ParentRunner.java:238)&#13;&#10;&#9;at org.junit.runners.ParentRunner$1.schedule(ParentRunner.java:63)&#13;&#10;&#9;at org.junit.runners.ParentRunner.runChildren(ParentRunner.java:236)&#13;&#10;&#9;at org.junit.runners.ParentRunner.access$000(ParentRunner.java:53)&#13;&#10;&#9;at org.junit.runners.ParentRunner$2.evaluate(ParentRunner.java:229)&#13;&#10;&#9;at org.junit.runners.ParentRunner.run(ParentRunner.java:309)&#13;&#10;&#9;at org.eclipse.jdt.internal.junit4.runner.JUnit4TestReference.run(JUnit4TestReference.java:50)&#13;&#10;&#9;at org.eclipse.jdt.internal.junit.runner.TestExecution.run(TestExecution.java:38)&#13;&#10;&#9;at org.eclipse.jdt.internal.junit.runner.RemoteTestRunner.runTests(RemoteTestRunner.java:467)&#13;&#10;&#9;at org.eclipse.jdt.internal.junit.runner.RemoteTestRunner.runTests(RemoteTestRunner.java:683)&#13;&#10;&#9;at org.eclipse.jdt.internal.junit.runner.RemoteTestRunner.run(RemoteTestRunner.java:390)&#13;&#10;&#9;at org.codecover.juniteclipse.runner.EclipseTestRunner.main(EclipseTestRunner.java:40)" Date="1589513788085" Name="StdDrawTest:testCreateMenuBar">
<CovList/>
<AssgnmntList/>
<ObjMetaDataList/>
<MetaDataList/>
</TestCase>
<TestCase Comment="Failure&#10;java.lang.AssertionError: Not yet implemented&#13;&#10;&#9;at org.junit.Assert.fail(Assert.java:88)&#13;&#10;&#9;at StdDrawTest.testSetPenColorColor(StdDrawTest.java:148)&#13;&#10;&#9;at sun.reflect.NativeMethodAccessorImpl.invoke0(Native Method)&#13;&#10;&#9;at sun.reflect.NativeMethodAccessorImpl.invoke(Unknown Source)&#13;&#10;&#9;at sun.reflect.DelegatingMethodAccessorImpl.invoke(Unknown Source)&#13;&#10;&#9;at java.lang.reflect.Method.invoke(Unknown Source)&#13;&#10;&#9;at org.junit.runners.model.FrameworkMethod$1.runReflectiveCall(FrameworkMethod.java:47)&#13;&#10;&#9;at org.junit.internal.runners.model.ReflectiveCallable.run(ReflectiveCallable.java:12)&#13;&#10;&#9;at org.junit.runners.model.FrameworkMethod.invokeExplosively(FrameworkMethod.java:44)&#13;&#10;&#9;at org.junit.internal.runners.statements.InvokeMethod.evaluate(InvokeMethod.java:17)&#13;&#10;&#9;at org.junit.runners.ParentRunner.runLeaf(ParentRunner.java:271)&#13;&#10;&#9;at org.junit.runners.BlockJUnit4ClassRunner.runChild(BlockJUnit4ClassRunner.java:70)&#13;&#10;&#9;at org.junit.runners.BlockJUnit4ClassRunner.runChild(BlockJUnit4ClassRunner.java:50)&#13;&#10;&#9;at org.junit.runners.ParentRunner$3.run(ParentRunner.java:238)&#13;&#10;&#9;at org.junit.runners.ParentRunner$1.schedule(ParentRunner.java:63)&#13;&#10;&#9;at org.junit.runners.ParentRunner.runChildren(ParentRunner.java:236)&#13;&#10;&#9;at org.junit.runners.ParentRunner.access$000(ParentRunner.java:53)&#13;&#10;&#9;at org.junit.runners.ParentRunner$2.evaluate(ParentRunner.java:229)&#13;&#10;&#9;at org.junit.runners.ParentRunner.run(ParentRunner.java:309)&#13;&#10;&#9;at org.eclipse.jdt.internal.junit4.runner.JUnit4TestReference.run(JUnit4TestReference.java:50)&#13;&#10;&#9;at org.eclipse.jdt.internal.junit.runner.TestExecution.run(TestExecution.java:38)&#13;&#10;&#9;at org.eclipse.jdt.internal.junit.runner.RemoteTestRunner.runTests(RemoteTestRunner.java:467)&#13;&#10;&#9;at org.eclipse.jdt.internal.junit.runner.RemoteTestRunner.runTests(RemoteTestRunner.java:683)&#13;&#10;&#9;at org.eclipse.jdt.internal.junit.runner.RemoteTestRunner.run(RemoteTestRunner.java:390)&#13;&#10;&#9;at org.codecover.juniteclipse.runner.EclipseTestRunner.main(EclipseTestRunner.java:40)" Date="1589513788086" Name="StdDrawTest:testSetPenColorColor">
<CovList/>
<AssgnmntList/>
<ObjMetaDataList/>
<MetaDataList/>
</TestCase>
<TestCase Comment="Failure&#10;java.lang.AssertionError: Not yet implemented&#13;&#10;&#9;at org.junit.Assert.fail(Assert.java:88)&#13;&#10;&#9;at StdDrawTest.testFilledSquare(StdDrawTest.java:218)&#13;&#10;&#9;at sun.reflect.NativeMethodAccessorImpl.invoke0(Native Method)&#13;&#10;&#9;at sun.reflect.NativeMethodAccessorImpl.invoke(Unknown Source)&#13;&#10;&#9;at sun.reflect.DelegatingMethodAccessorImpl.invoke(Unknown Source)&#13;&#10;&#9;at java.lang.reflect.Method.invoke(Unknown Source)&#13;&#10;&#9;at org.junit.runners.model.FrameworkMethod$1.runReflectiveCall(FrameworkMethod.java:47)&#13;&#10;&#9;at org.junit.internal.runners.model.ReflectiveCallable.run(ReflectiveCallable.java:12)&#13;&#10;&#9;at org.junit.runners.model.FrameworkMethod.invokeExplosively(FrameworkMethod.java:44)&#13;&#10;&#9;at org.junit.internal.runners.statements.InvokeMethod.evaluate(InvokeMethod.java:17)&#13;&#10;&#9;at org.junit.runners.ParentRunner.runLeaf(ParentRunner.java:271)&#13;&#10;&#9;at org.junit.runners.BlockJUnit4ClassRunner.runChild(BlockJUnit4ClassRunner.java:70)&#13;&#10;&#9;at org.junit.runners.BlockJUnit4ClassRunner.runChild(BlockJUnit4ClassRunner.java:50)&#13;&#10;&#9;at org.junit.runners.ParentRunner$3.run(ParentRunner.java:238)&#13;&#10;&#9;at org.junit.runners.ParentRunner$1.schedule(ParentRunner.java:63)&#13;&#10;&#9;at org.junit.runners.ParentRunner.runChildren(ParentRunner.java:236)&#13;&#10;&#9;at org.junit.runners.ParentRunner.access$000(ParentRunner.java:53)&#13;&#10;&#9;at org.junit.runners.ParentRunner$2.evaluate(ParentRunner.java:229)&#13;&#10;&#9;at org.junit.runners.ParentRunner.run(ParentRunner.java:309)&#13;&#10;&#9;at org.eclipse.jdt.internal.junit4.runner.JUnit4TestReference.run(JUnit4TestReference.java:50)&#13;&#10;&#9;at org.eclipse.jdt.internal.junit.runner.TestExecution.run(TestExecution.java:38)&#13;&#10;&#9;at org.eclipse.jdt.internal.junit.runner.RemoteTestRunner.runTests(RemoteTestRunner.java:467)&#13;&#10;&#9;at org.eclipse.jdt.internal.junit.runner.RemoteTestRunner.runTests(RemoteTestRunner.java:683)&#13;&#10;&#9;at org.eclipse.jdt.internal.junit.runner.RemoteTestRunner.run(RemoteTestRunner.java:390)&#13;&#10;&#9;at org.codecover.juniteclipse.runner.EclipseTestRunner.main(EclipseTestRunner.java:40)" Date="1589513788088" Name="StdDrawTest:testFilledSquare">
<CovList/>
<AssgnmntList/>
<ObjMetaDataList/>
<MetaDataList/>
</TestCase>
<TestCase Comment="Failure&#10;java.lang.AssertionError: Not yet implemented&#13;&#10;&#9;at org.junit.Assert.fail(Assert.java:88)&#13;&#10;&#9;at StdDrawTest.testSetPenColorIntIntInt(StdDrawTest.java:153)&#13;&#10;&#9;at sun.reflect.NativeMethodAccessorImpl.invoke0(Native Method)&#13;&#10;&#9;at sun.reflect.NativeMethodAccessorImpl.invoke(Unknown Source)&#13;&#10;&#9;at sun.reflect.DelegatingMethodAccessorImpl.invoke(Unknown Source)&#13;&#10;&#9;at java.lang.reflect.Method.invoke(Unknown Source)&#13;&#10;&#9;at org.junit.runners.model.FrameworkMethod$1.runReflectiveCall(FrameworkMethod.java:47)&#13;&#10;&#9;at org.junit.internal.runners.model.ReflectiveCallable.run(ReflectiveCallable.java:12)&#13;&#10;&#9;at org.junit.runners.model.FrameworkMethod.invokeExplosively(FrameworkMethod.java:44)&#13;&#10;&#9;at org.junit.internal.runners.statements.InvokeMethod.evaluate(InvokeMethod.java:17)&#13;&#10;&#9;at org.junit.runners.ParentRunner.runLeaf(ParentRunner.java:271)&#13;&#10;&#9;at org.junit.runners.BlockJUnit4ClassRunner.runChild(BlockJUnit4ClassRunner.java:70)&#13;&#10;&#9;at org.junit.runners.BlockJUnit4ClassRunner.runChild(BlockJUnit4ClassRunner.java:50)&#13;&#10;&#9;at org.junit.runners.ParentRunner$3.run(ParentRunner.java:238)&#13;&#10;&#9;at org.junit.runners.ParentRunner$1.schedule(ParentRunner.java:63)&#13;&#10;&#9;at org.junit.runners.ParentRunner.runChildren(ParentRunner.java:236)&#13;&#10;&#9;at org.junit.runners.ParentRunner.access$000(ParentRunner.java:53)&#13;&#10;&#9;at org.junit.runners.ParentRunner$2.evaluate(ParentRunner.java:229)&#13;&#10;&#9;at org.junit.runners.ParentRunner.run(ParentRunner.java:309)&#13;&#10;&#9;at org.eclipse.jdt.internal.junit4.runner.JUnit4TestReference.run(JUnit4TestReference.java:50)&#13;&#10;&#9;at org.eclipse.jdt.internal.junit.runner.TestExecution.run(TestExecution.java:38)&#13;&#10;&#9;at org.eclipse.jdt.internal.junit.runner.RemoteTestRunner.runTests(RemoteTestRunner.java:467)&#13;&#10;&#9;at org.eclipse.jdt.internal.junit.runner.RemoteTestRunner.runTests(RemoteTestRunner.java:683)&#13;&#10;&#9;at org.eclipse.jdt.internal.junit.runner.RemoteTestRunner.run(RemoteTestRunner.java:390)&#13;&#10;&#9;at org.codecover.juniteclipse.runner.EclipseTestRunner.main(EclipseTestRunner.java:40)" Date="1589513788091" Name="StdDrawTest:testSetPenColorIntIntInt">
<CovList/>
<AssgnmntList/>
<ObjMetaDataList/>
<MetaDataList/>
</TestCase>
<TestCase Comment="Failure&#10;java.lang.AssertionError: Not yet implemented&#13;&#10;&#9;at org.junit.Assert.fail(Assert.java:88)&#13;&#10;&#9;at StdDrawTest.testPictureDoubleDoubleStringDoubleDouble(StdDrawTest.java:258)&#13;&#10;&#9;at sun.reflect.NativeMethodAccessorImpl.invoke0(Native Method)&#13;&#10;&#9;at sun.reflect.NativeMethodAccessorImpl.invoke(Unknown Source)&#13;&#10;&#9;at sun.reflect.DelegatingMethodAccessorImpl.invoke(Unknown Source)&#13;&#10;&#9;at java.lang.reflect.Method.invoke(Unknown Source)&#13;&#10;&#9;at org.junit.runners.model.FrameworkMethod$1.runReflectiveCall(FrameworkMethod.java:47)&#13;&#10;&#9;at org.junit.internal.runners.model.ReflectiveCallable.run(ReflectiveCallable.java:12)&#13;&#10;&#9;at org.junit.runners.model.FrameworkMethod.invokeExplosively(FrameworkMethod.java:44)&#13;&#10;&#9;at org.junit.internal.runners.statements.InvokeMethod.evaluate(InvokeMethod.java:17)&#13;&#10;&#9;at org.junit.runners.ParentRunner.runLeaf(ParentRunner.java:271)&#13;&#10;&#9;at org.junit.runners.BlockJUnit4ClassRunner.runChild(BlockJUnit4ClassRunner.java:70)&#13;&#10;&#9;at org.junit.runners.BlockJUnit4ClassRunner.runChild(BlockJUnit4ClassRunner.java:50)&#13;&#10;&#9;at org.junit.runners.ParentRunner$3.run(ParentRunner.java:238)&#13;&#10;&#9;at org.junit.runners.ParentRunner$1.schedule(ParentRunner.java:63)&#13;&#10;&#9;at org.junit.runners.ParentRunner.runChildren(ParentRunner.java:236)&#13;&#10;&#9;at org.junit.runners.ParentRunner.access$000(ParentRunner.java:53)&#13;&#10;&#9;at org.junit.runners.ParentRunner$2.evaluate(ParentRunner.java:229)&#13;&#10;&#9;at org.junit.runners.ParentRunner.run(ParentRunner.java:309)&#13;&#10;&#9;at org.eclipse.jdt.internal.junit4.runner.JUnit4TestReference.run(JUnit4TestReference.java:50)&#13;&#10;&#9;at org.eclipse.jdt.internal.junit.runner.TestExecution.run(TestExecution.java:38)&#13;&#10;&#9;at org.eclipse.jdt.internal.junit.runner.RemoteTestRunner.runTests(RemoteTestRunner.java:467)&#13;&#10;&#9;at org.eclipse.jdt.internal.junit.runner.RemoteTestRunner.runTests(RemoteTestRunner.java:683)&#13;&#10;&#9;at org.eclipse.jdt.internal.junit.runner.RemoteTestRunner.run(RemoteTestRunner.java:390)&#13;&#10;&#9;at org.codecover.juniteclipse.runner.EclipseTestRunner.main(EclipseTestRunner.java:40)" Date="1589513788094" Name="StdDrawTest:testPictureDoubleDoubleStringDoubleDouble">
<CovList/>
<AssgnmntList/>
<ObjMetaDataList/>
<MetaDataList/>
</TestCase>
<TestCase Comment="Failure&#10;java.lang.AssertionError: Not yet implemented&#13;&#10;&#9;at org.junit.Assert.fail(Assert.java:88)&#13;&#10;&#9;at StdDrawTest.testKeyTyped(StdDrawTest.java:398)&#13;&#10;&#9;at sun.reflect.NativeMethodAccessorImpl.invoke0(Native Method)&#13;&#10;&#9;at sun.reflect.NativeMethodAccessorImpl.invoke(Unknown Source)&#13;&#10;&#9;at sun.reflect.DelegatingMethodAccessorImpl.invoke(Unknown Source)&#13;&#10;&#9;at java.lang.reflect.Method.invoke(Unknown Source)&#13;&#10;&#9;at org.junit.runners.model.FrameworkMethod$1.runReflectiveCall(FrameworkMethod.java:47)&#13;&#10;&#9;at org.junit.internal.runners.model.ReflectiveCallable.run(ReflectiveCallable.java:12)&#13;&#10;&#9;at org.junit.runners.model.FrameworkMethod.invokeExplosively(FrameworkMethod.java:44)&#13;&#10;&#9;at org.junit.internal.runners.statements.InvokeMethod.evaluate(InvokeMethod.java:17)&#13;&#10;&#9;at org.junit.runners.ParentRunner.runLeaf(ParentRunner.java:271)&#13;&#10;&#9;at org.junit.runners.BlockJUnit4ClassRunner.runChild(BlockJUnit4ClassRunner.java:70)&#13;&#10;&#9;at org.junit.runners.BlockJUnit4ClassRunner.runChild(BlockJUnit4ClassRunner.java:50)&#13;&#10;&#9;at org.junit.runners.ParentRunner$3.run(ParentRunner.java:238)&#13;&#10;&#9;at org.junit.runners.ParentRunner$1.schedule(ParentRunner.java:63)&#13;&#10;&#9;at org.junit.runners.ParentRunner.runChildren(ParentRunner.java:236)&#13;&#10;&#9;at org.junit.runners.ParentRunner.access$000(ParentRunner.java:53)&#13;&#10;&#9;at org.junit.runners.ParentRunner$2.evaluate(ParentRunner.java:229)&#13;&#10;&#9;at org.junit.runners.ParentRunner.run(ParentRunner.java:309)&#13;&#10;&#9;at org.eclipse.jdt.internal.junit4.runner.JUnit4TestReference.run(JUnit4TestReference.java:50)&#13;&#10;&#9;at org.eclipse.jdt.internal.junit.runner.TestExecution.run(TestExecution.java:38)&#13;&#10;&#9;at org.eclipse.jdt.internal.junit.runner.RemoteTestRunner.runTests(RemoteTestRunner.java:467)&#13;&#10;&#9;at org.eclipse.jdt.internal.junit.runner.RemoteTestRunner.runTests(RemoteTestRunner.java:683)&#13;&#10;&#9;at org.eclipse.jdt.internal.junit.runner.RemoteTestRunner.run(RemoteTestRunner.java:390)&#13;&#10;&#9;at org.codecover.juniteclipse.runner.EclipseTestRunner.main(EclipseTestRunner.java:40)" Date="1589513788096" Name="StdDrawTest:testKeyTyped">
<CovList/>
<AssgnmntList/>
<ObjMetaDataList/>
<MetaDataList/>
</TestCase>
<TestCase Comment="Failure&#10;java.lang.AssertionError: Not yet implemented&#13;&#10;&#9;at org.junit.Assert.fail(Assert.java:88)&#13;&#10;&#9;at StdDrawTest.testCircle(StdDrawTest.java:188)&#13;&#10;&#9;at sun.reflect.NativeMethodAccessorImpl.invoke0(Native Method)&#13;&#10;&#9;at sun.reflect.NativeMethodAccessorImpl.invoke(Unknown Source)&#13;&#10;&#9;at sun.reflect.DelegatingMethodAccessorImpl.invoke(Unknown Source)&#13;&#10;&#9;at java.lang.reflect.Method.invoke(Unknown Source)&#13;&#10;&#9;at org.junit.runners.model.FrameworkMethod$1.runReflectiveCall(FrameworkMethod.java:47)&#13;&#10;&#9;at org.junit.internal.runners.model.ReflectiveCallable.run(ReflectiveCallable.java:12)&#13;&#10;&#9;at org.junit.runners.model.FrameworkMethod.invokeExplosively(FrameworkMethod.java:44)&#13;&#10;&#9;at org.junit.internal.runners.statements.InvokeMethod.evaluate(InvokeMethod.java:17)&#13;&#10;&#9;at org.junit.runners.ParentRunner.runLeaf(ParentRunner.java:271)&#13;&#10;&#9;at org.junit.runners.BlockJUnit4ClassRunner.runChild(BlockJUnit4ClassRunner.java:70)&#13;&#10;&#9;at org.junit.runners.BlockJUnit4ClassRunner.runChild(BlockJUnit4ClassRunner.java:50)&#13;&#10;&#9;at org.junit.runners.ParentRunner$3.run(ParentRunner.java:238)&#13;&#10;&#9;at org.junit.runners.ParentRunner$1.schedule(ParentRunner.java:63)&#13;&#10;&#9;at org.junit.runners.ParentRunner.runChildren(ParentRunner.java:236)&#13;&#10;&#9;at org.junit.runners.ParentRunner.access$000(ParentRunner.java:53)&#13;&#10;&#9;at org.junit.runners.ParentRunner$2.evaluate(ParentRunner.java:229)&#13;&#10;&#9;at org.junit.runners.ParentRunner.run(ParentRunner.java:309)&#13;&#10;&#9;at org.eclipse.jdt.internal.junit4.runner.JUnit4TestReference.run(JUnit4TestReference.java:50)&#13;&#10;&#9;at org.eclipse.jdt.internal.junit.runner.TestExecution.run(TestExecution.java:38)&#13;&#10;&#9;at org.eclipse.jdt.internal.junit.runner.RemoteTestRunner.runTests(RemoteTestRunner.java:467)&#13;&#10;&#9;at org.eclipse.jdt.internal.junit.runner.RemoteTestRunner.runTests(RemoteTestRunner.java:683)&#13;&#10;&#9;at org.eclipse.jdt.internal.junit.runner.RemoteTestRunner.run(RemoteTestRunner.java:390)&#13;&#10;&#9;at org.codecover.juniteclipse.runner.EclipseTestRunner.main(EclipseTestRunner.java:40)" Date="1589513788098" Name="StdDrawTest:testCircle">
<CovList/>
<AssgnmntList/>
<ObjMetaDataList/>
<MetaDataList/>
</TestCase>
<TestCase Comment="Failure&#10;java.lang.AssertionError: Not yet implemented&#13;&#10;&#9;at org.junit.Assert.fail(Assert.java:88)&#13;&#10;&#9;at StdDrawTest.testSetXscale(StdDrawTest.java:53)&#13;&#10;&#9;at sun.reflect.NativeMethodAccessorImpl.invoke0(Native Method)&#13;&#10;&#9;at sun.reflect.NativeMethodAccessorImpl.invoke(Unknown Source)&#13;&#10;&#9;at sun.reflect.DelegatingMethodAccessorImpl.invoke(Unknown Source)&#13;&#10;&#9;at java.lang.reflect.Method.invoke(Unknown Source)&#13;&#10;&#9;at org.junit.runners.model.FrameworkMethod$1.runReflectiveCall(FrameworkMethod.java:47)&#13;&#10;&#9;at org.junit.internal.runners.model.ReflectiveCallable.run(ReflectiveCallable.java:12)&#13;&#10;&#9;at org.junit.runners.model.FrameworkMethod.invokeExplosively(FrameworkMethod.java:44)&#13;&#10;&#9;at org.junit.internal.runners.statements.InvokeMethod.evaluate(InvokeMethod.java:17)&#13;&#10;&#9;at org.junit.runners.ParentRunner.runLeaf(ParentRunner.java:271)&#13;&#10;&#9;at org.junit.runners.BlockJUnit4ClassRunner.runChild(BlockJUnit4ClassRunner.java:70)&#13;&#10;&#9;at org.junit.runners.BlockJUnit4ClassRunner.runChild(BlockJUnit4ClassRunner.java:50)&#13;&#10;&#9;at org.junit.runners.ParentRunner$3.run(ParentRunner.java:238)&#13;&#10;&#9;at org.junit.runners.ParentRunner$1.schedule(ParentRunner.java:63)&#13;&#10;&#9;at org.junit.runners.ParentRunner.runChildren(ParentRunner.java:236)&#13;&#10;&#9;at org.junit.runners.ParentRunner.access$000(ParentRunner.java:53)&#13;&#10;&#9;at org.junit.runners.ParentRunner$2.evaluate(ParentRunner.java:229)&#13;&#10;&#9;at org.junit.runners.ParentRunner.run(ParentRunner.java:309)&#13;&#10;&#9;at org.eclipse.jdt.internal.junit4.runner.JUnit4TestReference.run(JUnit4TestReference.java:50)&#13;&#10;&#9;at org.eclipse.jdt.internal.junit.runner.TestExecution.run(TestExecution.java:38)&#13;&#10;&#9;at org.eclipse.jdt.internal.junit.runner.RemoteTestRunner.runTests(RemoteTestRunner.java:467)&#13;&#10;&#9;at org.eclipse.jdt.internal.junit.runner.RemoteTestRunner.runTests(RemoteTestRunner.java:683)&#13;&#10;&#9;at org.eclipse.jdt.internal.junit.runner.RemoteTestRunner.run(RemoteTestRunner.java:390)&#13;&#10;&#9;at org.codecover.juniteclipse.runner.EclipseTestRunner.main(EclipseTestRunner.java:40)" Date="1589513788099" Name="StdDrawTest:testSetXscale">
<CovList/>
<AssgnmntList/>
<ObjMetaDataList/>
<MetaDataList/>
</TestCase>
<TestCase Comment="Failure&#10;java.lang.AssertionError: Not yet implemented&#13;&#10;&#9;at org.junit.Assert.fail(Assert.java:88)&#13;&#10;&#9;at StdDrawTest.testMouseEntered(StdDrawTest.java:353)&#13;&#10;&#9;at sun.reflect.NativeMethodAccessorImpl.invoke0(Native Method)&#13;&#10;&#9;at sun.reflect.NativeMethodAccessorImpl.invoke(Unknown Source)&#13;&#10;&#9;at sun.reflect.DelegatingMethodAccessorImpl.invoke(Unknown Source)&#13;&#10;&#9;at java.lang.reflect.Method.invoke(Unknown Source)&#13;&#10;&#9;at org.junit.runners.model.FrameworkMethod$1.runReflectiveCall(FrameworkMethod.java:47)&#13;&#10;&#9;at org.junit.internal.runners.model.ReflectiveCallable.run(ReflectiveCallable.java:12)&#13;&#10;&#9;at org.junit.runners.model.FrameworkMethod.invokeExplosively(FrameworkMethod.java:44)&#13;&#10;&#9;at org.junit.internal.runners.statements.InvokeMethod.evaluate(InvokeMethod.java:17)&#13;&#10;&#9;at org.junit.runners.ParentRunner.runLeaf(ParentRunner.java:271)&#13;&#10;&#9;at org.junit.runners.BlockJUnit4ClassRunner.runChild(BlockJUnit4ClassRunner.java:70)&#13;&#10;&#9;at org.junit.runners.BlockJUnit4ClassRunner.runChild(BlockJUnit4ClassRunner.java:50)&#13;&#10;&#9;at org.junit.runners.ParentRunner$3.run(ParentRunner.java:238)&#13;&#10;&#9;at org.junit.runners.ParentRunner$1.schedule(ParentRunner.java:63)&#13;&#10;&#9;at org.junit.runners.ParentRunner.runChildren(ParentRunner.java:236)&#13;&#10;&#9;at org.junit.runners.ParentRunner.access$000(ParentRunner.java:53)&#13;&#10;&#9;at org.junit.runners.ParentRunner$2.evaluate(ParentRunner.java:229)&#13;&#10;&#9;at org.junit.runners.ParentRunner.run(ParentRunner.java:309)&#13;&#10;&#9;at org.eclipse.jdt.internal.junit4.runner.JUnit4TestReference.run(JUnit4TestReference.java:50)&#13;&#10;&#9;at org.eclipse.jdt.internal.junit.runner.TestExecution.run(TestExecution.java:38)&#13;&#10;&#9;at org.eclipse.jdt.internal.junit.runner.RemoteTestRunner.runTests(RemoteTestRunner.java:467)&#13;&#10;&#9;at org.eclipse.jdt.internal.junit.runner.RemoteTestRunner.runTests(RemoteTestRunner.java:683)&#13;&#10;&#9;at org.eclipse.jdt.internal.junit.runner.RemoteTestRunner.run(RemoteTestRunner.java:390)&#13;&#10;&#9;at org.codecover.juniteclipse.runner.EclipseTestRunner.main(EclipseTestRunner.java:40)" Date="1589513788101" Name="StdDrawTest:testMouseEntered">
<CovList/>
<AssgnmntList/>
<ObjMetaDataList/>
<MetaDataList/>
</TestCase>
<TestCase Comment="Failure&#10;java.lang.AssertionError: Not yet implemented&#13;&#10;&#9;at org.junit.Assert.fail(Assert.java:88)&#13;&#10;&#9;at StdDrawTest.testSetYscale(StdDrawTest.java:58)&#13;&#10;&#9;at sun.reflect.NativeMethodAccessorImpl.invoke0(Native Method)&#13;&#10;&#9;at sun.reflect.NativeMethodAccessorImpl.invoke(Unknown Source)&#13;&#10;&#9;at sun.reflect.DelegatingMethodAccessorImpl.invoke(Unknown Source)&#13;&#10;&#9;at java.lang.reflect.Method.invoke(Unknown Source)&#13;&#10;&#9;at org.junit.runners.model.FrameworkMethod$1.runReflectiveCall(FrameworkMethod.java:47)&#13;&#10;&#9;at org.junit.internal.runners.model.ReflectiveCallable.run(ReflectiveCallable.java:12)&#13;&#10;&#9;at org.junit.runners.model.FrameworkMethod.invokeExplosively(FrameworkMethod.java:44)&#13;&#10;&#9;at org.junit.internal.runners.statements.InvokeMethod.evaluate(InvokeMethod.java:17)&#13;&#10;&#9;at org.junit.runners.ParentRunner.runLeaf(ParentRunner.java:271)&#13;&#10;&#9;at org.junit.runners.BlockJUnit4ClassRunner.runChild(BlockJUnit4ClassRunner.java:70)&#13;&#10;&#9;at org.junit.runners.BlockJUnit4ClassRunner.runChild(BlockJUnit4ClassRunner.java:50)&#13;&#10;&#9;at org.junit.runners.ParentRunner$3.run(ParentRunner.java:238)&#13;&#10;&#9;at org.junit.runners.ParentRunner$1.schedule(ParentRunner.java:63)&#13;&#10;&#9;at org.junit.runners.ParentRunner.runChildren(ParentRunner.java:236)&#13;&#10;&#9;at org.junit.runners.ParentRunner.access$000(ParentRunner.java:53)&#13;&#10;&#9;at org.junit.runners.ParentRunner$2.evaluate(ParentRunner.java:229)&#13;&#10;&#9;at org.junit.runners.ParentRunner.run(ParentRunner.java:309)&#13;&#10;&#9;at org.eclipse.jdt.internal.junit4.runner.JUnit4TestReference.run(JUnit4TestReference.java:50)&#13;&#10;&#9;at org.eclipse.jdt.internal.junit.runner.TestExecution.run(TestExecution.java:38)&#13;&#10;&#9;at org.eclipse.jdt.internal.junit.runner.RemoteTestRunner.runTests(RemoteTestRunner.java:467)&#13;&#10;&#9;at org.eclipse.jdt.internal.junit.runner.RemoteTestRunner.runTests(RemoteTestRunner.java:683)&#13;&#10;&#9;at org.eclipse.jdt.internal.junit.runner.RemoteTestRunner.run(RemoteTestRunner.java:390)&#13;&#10;&#9;at org.codecover.juniteclipse.runner.EclipseTestRunner.main(EclipseTestRunner.java:40)" Date="1589513788102" Name="StdDrawTest:testSetYscale">
<CovList/>
<AssgnmntList/>
<ObjMetaDataList/>
<MetaDataList/>
</TestCase>
<TestCase Comment="Failure&#10;java.lang.AssertionError: Not yet implemented&#13;&#10;&#9;at org.junit.Assert.fail(Assert.java:88)&#13;&#10;&#9;at StdDrawTest.testPictureDoubleDoubleStringDouble(StdDrawTest.java:253)&#13;&#10;&#9;at sun.reflect.NativeMethodAccessorImpl.invoke0(Native Method)&#13;&#10;&#9;at sun.reflect.NativeMethodAccessorImpl.invoke(Unknown Source)&#13;&#10;&#9;at sun.reflect.DelegatingMethodAccessorImpl.invoke(Unknown Source)&#13;&#10;&#9;at java.lang.reflect.Method.invoke(Unknown Source)&#13;&#10;&#9;at org.junit.runners.model.FrameworkMethod$1.runReflectiveCall(FrameworkMethod.java:47)&#13;&#10;&#9;at org.junit.internal.runners.model.ReflectiveCallable.run(ReflectiveCallable.java:12)&#13;&#10;&#9;at org.junit.runners.model.FrameworkMethod.invokeExplosively(FrameworkMethod.java:44)&#13;&#10;&#9;at org.junit.internal.runners.statements.InvokeMethod.evaluate(InvokeMethod.java:17)&#13;&#10;&#9;at org.junit.runners.ParentRunner.runLeaf(ParentRunner.java:271)&#13;&#10;&#9;at org.junit.runners.BlockJUnit4ClassRunner.runChild(BlockJUnit4ClassRunner.java:70)&#13;&#10;&#9;at org.junit.runners.BlockJUnit4ClassRunner.runChild(BlockJUnit4ClassRunner.java:50)&#13;&#10;&#9;at org.junit.runners.ParentRunner$3.run(ParentRunner.java:238)&#13;&#10;&#9;at org.junit.runners.ParentRunner$1.schedule(ParentRunner.java:63)&#13;&#10;&#9;at org.junit.runners.ParentRunner.runChildren(ParentRunner.java:236)&#13;&#10;&#9;at org.junit.runners.ParentRunner.access$000(ParentRunner.java:53)&#13;&#10;&#9;at org.junit.runners.ParentRunner$2.evaluate(ParentRunner.java:229)&#13;&#10;&#9;at org.junit.runners.ParentRunner.run(ParentRunner.java:309)&#13;&#10;&#9;at org.eclipse.jdt.internal.junit4.runner.JUnit4TestReference.run(JUnit4TestReference.java:50)&#13;&#10;&#9;at org.eclipse.jdt.internal.junit.runner.TestExecution.run(TestExecution.java:38)&#13;&#10;&#9;at org.eclipse.jdt.internal.junit.runner.RemoteTestRunner.runTests(RemoteTestRunner.java:467)&#13;&#10;&#9;at org.eclipse.jdt.internal.junit.runner.RemoteTestRunner.runTests(RemoteTestRunner.java:683)&#13;&#10;&#9;at org.eclipse.jdt.internal.junit.runner.RemoteTestRunner.run(RemoteTestRunner.java:390)&#13;&#10;&#9;at org.codecover.juniteclipse.runner.EclipseTestRunner.main(EclipseTestRunner.java:40)" Date="1589513788104" Name="StdDrawTest:testPictureDoubleDoubleStringDouble">
<CovList/>
<AssgnmntList/>
<ObjMetaDataList/>
<MetaDataList/>
</TestCase>
<TestCase Comment="Failure&#10;java.lang.AssertionError: Not yet implemented&#13;&#10;&#9;at org.junit.Assert.fail(Assert.java:88)&#13;&#10;&#9;at StdDrawTest.testMouseX(StdDrawTest.java:338)&#13;&#10;&#9;at sun.reflect.NativeMethodAccessorImpl.invoke0(Native Method)&#13;&#10;&#9;at sun.reflect.NativeMethodAccessorImpl.invoke(Unknown Source)&#13;&#10;&#9;at sun.reflect.DelegatingMethodAccessorImpl.invoke(Unknown Source)&#13;&#10;&#9;at java.lang.reflect.Method.invoke(Unknown Source)&#13;&#10;&#9;at org.junit.runners.model.FrameworkMethod$1.runReflectiveCall(FrameworkMethod.java:47)&#13;&#10;&#9;at org.junit.internal.runners.model.ReflectiveCallable.run(ReflectiveCallable.java:12)&#13;&#10;&#9;at org.junit.runners.model.FrameworkMethod.invokeExplosively(FrameworkMethod.java:44)&#13;&#10;&#9;at org.junit.internal.runners.statements.InvokeMethod.evaluate(InvokeMethod.java:17)&#13;&#10;&#9;at org.junit.runners.ParentRunner.runLeaf(ParentRunner.java:271)&#13;&#10;&#9;at org.junit.runners.BlockJUnit4ClassRunner.runChild(BlockJUnit4ClassRunner.java:70)&#13;&#10;&#9;at org.junit.runners.BlockJUnit4ClassRunner.runChild(BlockJUnit4ClassRunner.java:50)&#13;&#10;&#9;at org.junit.runners.ParentRunner$3.run(ParentRunner.java:238)&#13;&#10;&#9;at org.junit.runners.ParentRunner$1.schedule(ParentRunner.java:63)&#13;&#10;&#9;at org.junit.runners.ParentRunner.runChildren(ParentRunner.java:236)&#13;&#10;&#9;at org.junit.runners.ParentRunner.access$000(ParentRunner.java:53)&#13;&#10;&#9;at org.junit.runners.ParentRunner$2.evaluate(ParentRunner.java:229)&#13;&#10;&#9;at org.junit.runners.ParentRunner.run(ParentRunner.java:309)&#13;&#10;&#9;at org.eclipse.jdt.internal.junit4.runner.JUnit4TestReference.run(JUnit4TestReference.java:50)&#13;&#10;&#9;at org.eclipse.jdt.internal.junit.runner.TestExecution.run(TestExecution.java:38)&#13;&#10;&#9;at org.eclipse.jdt.internal.junit.runner.RemoteTestRunner.runTests(RemoteTestRunner.java:467)&#13;&#10;&#9;at org.eclipse.jdt.internal.junit.runner.RemoteTestRunner.runTests(RemoteTestRunner.java:683)&#13;&#10;&#9;at org.eclipse.jdt.internal.junit.runner.RemoteTestRunner.run(RemoteTestRunner.java:390)&#13;&#10;&#9;at org.codecover.juniteclipse.runner.EclipseTestRunner.main(EclipseTestRunner.java:40)" Date="1589513788107" Name="StdDrawTest:testMouseX">
<CovList/>
<AssgnmntList/>
<ObjMetaDataList/>
<MetaDataList/>
</TestCase>
<TestCase Comment="Failure&#10;java.lang.AssertionError: Not yet implemented&#13;&#10;&#9;at org.junit.Assert.fail(Assert.java:88)&#13;&#10;&#9;at StdDrawTest.testMouseY(StdDrawTest.java:343)&#13;&#10;&#9;at sun.reflect.NativeMethodAccessorImpl.invoke0(Native Method)&#13;&#10;&#9;at sun.reflect.NativeMethodAccessorImpl.invoke(Unknown Source)&#13;&#10;&#9;at sun.reflect.DelegatingMethodAccessorImpl.invoke(Unknown Source)&#13;&#10;&#9;at java.lang.reflect.Method.invoke(Unknown Source)&#13;&#10;&#9;at org.junit.runners.model.FrameworkMethod$1.runReflectiveCall(FrameworkMethod.java:47)&#13;&#10;&#9;at org.junit.internal.runners.model.ReflectiveCallable.run(ReflectiveCallable.java:12)&#13;&#10;&#9;at org.junit.runners.model.FrameworkMethod.invokeExplosively(FrameworkMethod.java:44)&#13;&#10;&#9;at org.junit.internal.runners.statements.InvokeMethod.evaluate(InvokeMethod.java:17)&#13;&#10;&#9;at org.junit.runners.ParentRunner.runLeaf(ParentRunner.java:271)&#13;&#10;&#9;at org.junit.runners.BlockJUnit4ClassRunner.runChild(BlockJUnit4ClassRunner.java:70)&#13;&#10;&#9;at org.junit.runners.BlockJUnit4ClassRunner.runChild(BlockJUnit4ClassRunner.java:50)&#13;&#10;&#9;at org.junit.runners.ParentRunner$3.run(ParentRunner.java:238)&#13;&#10;&#9;at org.junit.runners.ParentRunner$1.schedule(ParentRunner.java:63)&#13;&#10;&#9;at org.junit.runners.ParentRunner.runChildren(ParentRunner.java:236)&#13;&#10;&#9;at org.junit.runners.ParentRunner.access$000(ParentRunner.java:53)&#13;&#10;&#9;at org.junit.runners.ParentRunner$2.evaluate(ParentRunner.java:229)&#13;&#10;&#9;at org.junit.runners.ParentRunner.run(ParentRunner.java:309)&#13;&#10;&#9;at org.eclipse.jdt.internal.junit4.runner.JUnit4TestReference.run(JUnit4TestReference.java:50)&#13;&#10;&#9;at org.eclipse.jdt.internal.junit.runner.TestExecution.run(TestExecution.java:38)&#13;&#10;&#9;at org.eclipse.jdt.internal.junit.runner.RemoteTestRunner.runTests(RemoteTestRunner.java:467)&#13;&#10;&#9;at org.eclipse.jdt.internal.junit.runner.RemoteTestRunner.runTests(RemoteTestRunner.java:683)&#13;&#10;&#9;at org.eclipse.jdt.internal.junit.runner.RemoteTestRunner.run(RemoteTestRunner.java:390)&#13;&#10;&#9;at org.codecover.juniteclipse.runner.EclipseTestRunner.main(EclipseTestRunner.java:40)" Date="1589513788109" Name="StdDrawTest:testMouseY">
<CovList/>
<AssgnmntList/>
<ObjMetaDataList/>
<MetaDataList/>
</TestCase>
<TestCase Comment="Failure&#10;java.lang.AssertionError: Not yet implemented&#13;&#10;&#9;at org.junit.Assert.fail(Assert.java:88)&#13;&#10;&#9;at StdDrawTest.testSetFont(StdDrawTest.java:163)&#13;&#10;&#9;at sun.reflect.NativeMethodAccessorImpl.invoke0(Native Method)&#13;&#10;&#9;at sun.reflect.NativeMethodAccessorImpl.invoke(Unknown Source)&#13;&#10;&#9;at sun.reflect.DelegatingMethodAccessorImpl.invoke(Unknown Source)&#13;&#10;&#9;at java.lang.reflect.Method.invoke(Unknown Source)&#13;&#10;&#9;at org.junit.runners.model.FrameworkMethod$1.runReflectiveCall(FrameworkMethod.java:47)&#13;&#10;&#9;at org.junit.internal.runners.model.ReflectiveCallable.run(ReflectiveCallable.java:12)&#13;&#10;&#9;at org.junit.runners.model.FrameworkMethod.invokeExplosively(FrameworkMethod.java:44)&#13;&#10;&#9;at org.junit.internal.runners.statements.InvokeMethod.evaluate(InvokeMethod.java:17)&#13;&#10;&#9;at org.junit.runners.ParentRunner.runLeaf(ParentRunner.java:271)&#13;&#10;&#9;at org.junit.runners.BlockJUnit4ClassRunner.runChild(BlockJUnit4ClassRunner.java:70)&#13;&#10;&#9;at org.junit.runners.BlockJUnit4ClassRunner.runChild(BlockJUnit4ClassRunner.java:50)&#13;&#10;&#9;at org.junit.runners.ParentRunner$3.run(ParentRunner.java:238)&#13;&#10;&#9;at org.junit.runners.ParentRunner$1.schedule(ParentRunner.java:63)&#13;&#10;&#9;at org.junit.runners.ParentRunner.runChildren(ParentRunner.java:236)&#13;&#10;&#9;at org.junit.runners.ParentRunner.access$000(ParentRunner.java:53)&#13;&#10;&#9;at org.junit.runners.ParentRunner$2.evaluate(ParentRunner.java:229)&#13;&#10;&#9;at org.junit.runners.ParentRunner.run(ParentRunner.java:309)&#13;&#10;&#9;at org.eclipse.jdt.internal.junit4.runner.JUnit4TestReference.run(JUnit4TestReference.java:50)&#13;&#10;&#9;at org.eclipse.jdt.internal.junit.runner.TestExecution.run(TestExecution.java:38)&#13;&#10;&#9;at org.eclipse.jdt.internal.junit.runner.RemoteTestRunner.runTests(RemoteTestRunner.java:467)&#13;&#10;&#9;at org.eclipse.jdt.internal.junit.runner.RemoteTestRunner.runTests(RemoteTestRunner.java:683)&#13;&#10;&#9;at org.eclipse.jdt.internal.junit.runner.RemoteTestRunner.run(RemoteTestRunner.java:390)&#13;&#10;&#9;at org.codecover.juniteclipse.runner.EclipseTestRunner.main(EclipseTestRunner.java:40)" Date="1589513788111" Name="StdDrawTest:testSetFont">
<CovList/>
<AssgnmntList/>
<ObjMetaDataList/>
<MetaDataList/>
</TestCase>
<TestCase Comment="Failure&#10;java.lang.AssertionError: Not yet implemented&#13;&#10;&#9;at org.junit.Assert.fail(Assert.java:88)&#13;&#10;&#9;at StdDrawTest.testSetPenColor(StdDrawTest.java:143)&#13;&#10;&#9;at sun.reflect.NativeMethodAccessorImpl.invoke0(Native Method)&#13;&#10;&#9;at sun.reflect.NativeMethodAccessorImpl.invoke(Unknown Source)&#13;&#10;&#9;at sun.reflect.DelegatingMethodAccessorImpl.invoke(Unknown Source)&#13;&#10;&#9;at java.lang.reflect.Method.invoke(Unknown Source)&#13;&#10;&#9;at org.junit.runners.model.FrameworkMethod$1.runReflectiveCall(FrameworkMethod.java:47)&#13;&#10;&#9;at org.junit.internal.runners.model.ReflectiveCallable.run(ReflectiveCallable.java:12)&#13;&#10;&#9;at org.junit.runners.model.FrameworkMethod.invokeExplosively(FrameworkMethod.java:44)&#13;&#10;&#9;at org.junit.internal.runners.statements.InvokeMethod.evaluate(InvokeMethod.java:17)&#13;&#10;&#9;at org.junit.runners.ParentRunner.runLeaf(ParentRunner.java:271)&#13;&#10;&#9;at org.junit.runners.BlockJUnit4ClassRunner.runChild(BlockJUnit4ClassRunner.java:70)&#13;&#10;&#9;at org.junit.runners.BlockJUnit4ClassRunner.runChild(BlockJUnit4ClassRunner.java:50)&#13;&#10;&#9;at org.junit.runners.ParentRunner$3.run(ParentRunner.java:238)&#13;&#10;&#9;at org.junit.runners.ParentRunner$1.schedule(ParentRunner.java:63)&#13;&#10;&#9;at org.junit.runners.ParentRunner.runChildren(ParentRunner.java:236)&#13;&#10;&#9;at org.junit.runners.ParentRunner.access$000(ParentRunner.java:53)&#13;&#10;&#9;at org.junit.runners.ParentRunner$2.evaluate(ParentRunner.java:229)&#13;&#10;&#9;at org.junit.runners.ParentRunner.run(ParentRunner.java:309)&#13;&#10;&#9;at org.eclipse.jdt.internal.junit4.runner.JUnit4TestReference.run(JUnit4TestReference.java:50)&#13;&#10;&#9;at org.eclipse.jdt.internal.junit.runner.TestExecution.run(TestExecution.java:38)&#13;&#10;&#9;at org.eclipse.jdt.internal.junit.runner.RemoteTestRunner.runTests(RemoteTestRunner.java:467)&#13;&#10;&#9;at org.eclipse.jdt.internal.junit.runner.RemoteTestRunner.runTests(RemoteTestRunner.java:683)&#13;&#10;&#9;at org.eclipse.jdt.internal.junit.runner.RemoteTestRunner.run(RemoteTestRunner.java:390)&#13;&#10;&#9;at org.codecover.juniteclipse.runner.EclipseTestRunner.main(EclipseTestRunner.java:40)" Date="1589513788113" Name="StdDrawTest:testSetPenColor">
<CovList/>
<AssgnmntList/>
<ObjMetaDataList/>
<MetaDataList/>
</TestCase>
<TestCase Comment="Failure&#10;java.lang.AssertionError: Not yet implemented&#13;&#10;&#9;at org.junit.Assert.fail(Assert.java:88)&#13;&#10;&#9;at StdDrawTest.testGetPenRadius(StdDrawTest.java:123)&#13;&#10;&#9;at sun.reflect.NativeMethodAccessorImpl.invoke0(Native Method)&#13;&#10;&#9;at sun.reflect.NativeMethodAccessorImpl.invoke(Unknown Source)&#13;&#10;&#9;at sun.reflect.DelegatingMethodAccessorImpl.invoke(Unknown Source)&#13;&#10;&#9;at java.lang.reflect.Method.invoke(Unknown Source)&#13;&#10;&#9;at org.junit.runners.model.FrameworkMethod$1.runReflectiveCall(FrameworkMethod.java:47)&#13;&#10;&#9;at org.junit.internal.runners.model.ReflectiveCallable.run(ReflectiveCallable.java:12)&#13;&#10;&#9;at org.junit.runners.model.FrameworkMethod.invokeExplosively(FrameworkMethod.java:44)&#13;&#10;&#9;at org.junit.internal.runners.statements.InvokeMethod.evaluate(InvokeMethod.java:17)&#13;&#10;&#9;at org.junit.runners.ParentRunner.runLeaf(ParentRunner.java:271)&#13;&#10;&#9;at org.junit.runners.BlockJUnit4ClassRunner.runChild(BlockJUnit4ClassRunner.java:70)&#13;&#10;&#9;at org.junit.runners.BlockJUnit4ClassRunner.runChild(BlockJUnit4ClassRunner.java:50)&#13;&#10;&#9;at org.junit.runners.ParentRunner$3.run(ParentRunner.java:238)&#13;&#10;&#9;at org.junit.runners.ParentRunner$1.schedule(ParentRunner.java:63)&#13;&#10;&#9;at org.junit.runners.ParentRunner.runChildren(ParentRunner.java:236)&#13;&#10;&#9;at org.junit.runners.ParentRunner.access$000(ParentRunner.java:53)&#13;&#10;&#9;at org.junit.runners.ParentRunner$2.evaluate(ParentRunner.java:229)&#13;&#10;&#9;at org.junit.runners.ParentRunner.run(ParentRunner.java:309)&#13;&#10;&#9;at org.eclipse.jdt.internal.junit4.runner.JUnit4TestReference.run(JUnit4TestReference.java:50)&#13;&#10;&#9;at org.eclipse.jdt.internal.junit.runner.TestExecution.run(TestExecution.java:38)&#13;&#10;&#9;at org.eclipse.jdt.internal.junit.runner.RemoteTestRunner.runTests(RemoteTestRunner.java:467)&#13;&#10;&#9;at org.eclipse.jdt.internal.junit.runner.RemoteTestRunner.runTests(RemoteTestRunner.java:683)&#13;&#10;&#9;at org.eclipse.jdt.internal.junit.runner.RemoteTestRunner.run(RemoteTestRunner.java:390)&#13;&#10;&#9;at org.codecover.juniteclipse.runner.EclipseTestRunner.main(EclipseTestRunner.java:40)" Date="1589513788114" Name="StdDrawTest:testGetPenRadius">
<CovList/>
<AssgnmntList/>
<ObjMetaDataList/>
<MetaDataList/>
</TestCase>
<TestCase Comment="Failure&#10;java.lang.AssertionError: Not yet implemented&#13;&#10;&#9;at org.junit.Assert.fail(Assert.java:88)&#13;&#10;&#9;at StdDrawTest.testShowInt(StdDrawTest.java:288)&#13;&#10;&#9;at sun.reflect.NativeMethodAccessorImpl.invoke0(Native Method)&#13;&#10;&#9;at sun.reflect.NativeMethodAccessorImpl.invoke(Unknown Source)&#13;&#10;&#9;at sun.reflect.DelegatingMethodAccessorImpl.invoke(Unknown Source)&#13;&#10;&#9;at java.lang.reflect.Method.invoke(Unknown Source)&#13;&#10;&#9;at org.junit.runners.model.FrameworkMethod$1.runReflectiveCall(FrameworkMethod.java:47)&#13;&#10;&#9;at org.junit.internal.runners.model.ReflectiveCallable.run(ReflectiveCallable.java:12)&#13;&#10;&#9;at org.junit.runners.model.FrameworkMethod.invokeExplosively(FrameworkMethod.java:44)&#13;&#10;&#9;at org.junit.internal.runners.statements.InvokeMethod.evaluate(InvokeMethod.java:17)&#13;&#10;&#9;at org.junit.runners.ParentRunner.runLeaf(ParentRunner.java:271)&#13;&#10;&#9;at org.junit.runners.BlockJUnit4ClassRunner.runChild(BlockJUnit4ClassRunner.java:70)&#13;&#10;&#9;at org.junit.runners.BlockJUnit4ClassRunner.runChild(BlockJUnit4ClassRunner.java:50)&#13;&#10;&#9;at org.junit.runners.ParentRunner$3.run(ParentRunner.java:238)&#13;&#10;&#9;at org.junit.runners.ParentRunner$1.schedule(ParentRunner.java:63)&#13;&#10;&#9;at org.junit.runners.ParentRunner.runChildren(ParentRunner.java:236)&#13;&#10;&#9;at org.junit.runners.ParentRunner.access$000(ParentRunner.java:53)&#13;&#10;&#9;at org.junit.runners.ParentRunner$2.evaluate(ParentRunner.java:229)&#13;&#10;&#9;at org.junit.runners.ParentRunner.run(ParentRunner.java:309)&#13;&#10;&#9;at org.eclipse.jdt.internal.junit4.runner.JUnit4TestReference.run(JUnit4TestReference.java:50)&#13;&#10;&#9;at org.eclipse.jdt.internal.junit.runner.TestExecution.run(TestExecution.java:38)&#13;&#10;&#9;at org.eclipse.jdt.internal.junit.runner.RemoteTestRunner.runTests(RemoteTestRunner.java:467)&#13;&#10;&#9;at org.eclipse.jdt.internal.junit.runner.RemoteTestRunner.runTests(RemoteTestRunner.java:683)&#13;&#10;&#9;at org.eclipse.jdt.internal.junit.runner.RemoteTestRunner.run(RemoteTestRunner.java:390)&#13;&#10;&#9;at org.codecover.juniteclipse.runner.EclipseTestRunner.main(EclipseTestRunner.java:40)" Date="1589513788115" Name="StdDrawTest:testShowInt">
<CovList/>
<AssgnmntList/>
<ObjMetaDataList/>
<MetaDataList/>
</TestCase>
<TestCase Comment="Failure&#10;java.lang.AssertionError: Not yet implemented&#13;&#10;&#9;at org.junit.Assert.fail(Assert.java:88)&#13;&#10;&#9;at StdDrawTest.testSetFontFont(StdDrawTest.java:168)&#13;&#10;&#9;at sun.reflect.NativeMethodAccessorImpl.invoke0(Native Method)&#13;&#10;&#9;at sun.reflect.NativeMethodAccessorImpl.invoke(Unknown Source)&#13;&#10;&#9;at sun.reflect.DelegatingMethodAccessorImpl.invoke(Unknown Source)&#13;&#10;&#9;at java.lang.reflect.Method.invoke(Unknown Source)&#13;&#10;&#9;at org.junit.runners.model.FrameworkMethod$1.runReflectiveCall(FrameworkMethod.java:47)&#13;&#10;&#9;at org.junit.internal.runners.model.ReflectiveCallable.run(ReflectiveCallable.java:12)&#13;&#10;&#9;at org.junit.runners.model.FrameworkMethod.invokeExplosively(FrameworkMethod.java:44)&#13;&#10;&#9;at org.junit.internal.runners.statements.InvokeMethod.evaluate(InvokeMethod.java:17)&#13;&#10;&#9;at org.junit.runners.ParentRunner.runLeaf(ParentRunner.java:271)&#13;&#10;&#9;at org.junit.runners.BlockJUnit4ClassRunner.runChild(BlockJUnit4ClassRunner.java:70)&#13;&#10;&#9;at org.junit.runners.BlockJUnit4ClassRunner.runChild(BlockJUnit4ClassRunner.java:50)&#13;&#10;&#9;at org.junit.runners.ParentRunner$3.run(ParentRunner.java:238)&#13;&#10;&#9;at org.junit.runners.ParentRunner$1.schedule(ParentRunner.java:63)&#13;&#10;&#9;at org.junit.runners.ParentRunner.runChildren(ParentRunner.java:236)&#13;&#10;&#9;at org.junit.runners.ParentRunner.access$000(ParentRunner.java:53)&#13;&#10;&#9;at org.junit.runners.ParentRunner$2.evaluate(ParentRunner.java:229)&#13;&#10;&#9;at org.junit.runners.ParentRunner.run(ParentRunner.java:309)&#13;&#10;&#9;at org.eclipse.jdt.internal.junit4.runner.JUnit4TestReference.run(JUnit4TestReference.java:50)&#13;&#10;&#9;at org.eclipse.jdt.internal.junit.runner.TestExecution.run(TestExecution.java:38)&#13;&#10;&#9;at org.eclipse.jdt.internal.junit.runner.RemoteTestRunner.runTests(RemoteTestRunner.java:467)&#13;&#10;&#9;at org.eclipse.jdt.internal.junit.runner.RemoteTestRunner.runTests(RemoteTestRunner.java:683)&#13;&#10;&#9;at org.eclipse.jdt.internal.junit.runner.RemoteTestRunner.run(RemoteTestRunner.java:390)&#13;&#10;&#9;at org.codecover.juniteclipse.runner.EclipseTestRunner.main(EclipseTestRunner.java:40)" Date="1589513788117" Name="StdDrawTest:testSetFontFont">
<CovList/>
<AssgnmntList/>
<ObjMetaDataList/>
<MetaDataList/>
</TestCase>
<TestCase Comment="Failure&#10;java.lang.AssertionError: Not yet implemented&#13;&#10;&#9;at org.junit.Assert.fail(Assert.java:88)&#13;&#10;&#9;at StdDrawTest.testGetPenColor(StdDrawTest.java:138)&#13;&#10;&#9;at sun.reflect.NativeMethodAccessorImpl.invoke0(Native Method)&#13;&#10;&#9;at sun.reflect.NativeMethodAccessorImpl.invoke(Unknown Source)&#13;&#10;&#9;at sun.reflect.DelegatingMethodAccessorImpl.invoke(Unknown Source)&#13;&#10;&#9;at java.lang.reflect.Method.invoke(Unknown Source)&#13;&#10;&#9;at org.junit.runners.model.FrameworkMethod$1.runReflectiveCall(FrameworkMethod.java:47)&#13;&#10;&#9;at org.junit.internal.runners.model.ReflectiveCallable.run(ReflectiveCallable.java:12)&#13;&#10;&#9;at org.junit.runners.model.FrameworkMethod.invokeExplosively(FrameworkMethod.java:44)&#13;&#10;&#9;at org.junit.internal.runners.statements.InvokeMethod.evaluate(InvokeMethod.java:17)&#13;&#10;&#9;at org.junit.runners.ParentRunner.runLeaf(ParentRunner.java:271)&#13;&#10;&#9;at org.junit.runners.BlockJUnit4ClassRunner.runChild(BlockJUnit4ClassRunner.java:70)&#13;&#10;&#9;at org.junit.runners.BlockJUnit4ClassRunner.runChild(BlockJUnit4ClassRunner.java:50)&#13;&#10;&#9;at org.junit.runners.ParentRunner$3.run(ParentRunner.java:238)&#13;&#10;&#9;at org.junit.runners.ParentRunner$1.schedule(ParentRunner.java:63)&#13;&#10;&#9;at org.junit.runners.ParentRunner.runChildren(ParentRunner.java:236)&#13;&#10;&#9;at org.junit.runners.ParentRunner.access$000(ParentRunner.java:53)&#13;&#10;&#9;at org.junit.runners.ParentRunner$2.evaluate(ParentRunner.java:229)&#13;&#10;&#9;at org.junit.runners.ParentRunner.run(ParentRunner.java:309)&#13;&#10;&#9;at org.eclipse.jdt.internal.junit4.runner.JUnit4TestReference.run(JUnit4TestReference.java:50)&#13;&#10;&#9;at org.eclipse.jdt.internal.junit.runner.TestExecution.run(TestExecution.java:38)&#13;&#10;&#9;at org.eclipse.jdt.internal.junit.runner.RemoteTestRunner.runTests(RemoteTestRunner.java:467)&#13;&#10;&#9;at org.eclipse.jdt.internal.junit.runner.RemoteTestRunner.runTests(RemoteTestRunner.java:683)&#13;&#10;&#9;at org.eclipse.jdt.internal.junit.runner.RemoteTestRunner.run(RemoteTestRunner.java:390)&#13;&#10;&#9;at org.codecover.juniteclipse.runner.EclipseTestRunner.main(EclipseTestRunner.java:40)" Date="1589513788118" Name="StdDrawTest:testGetPenColor">
<CovList/>
<AssgnmntList/>
<ObjMetaDataList/>
<MetaDataList/>
</TestCase>
<TestCase Comment="Failure&#10;java.lang.AssertionError: Not yet implemented&#13;&#10;&#9;at org.junit.Assert.fail(Assert.java:88)&#13;&#10;&#9;at StdDrawTest.testScaleX(StdDrawTest.java:83)&#13;&#10;&#9;at sun.reflect.NativeMethodAccessorImpl.invoke0(Native Method)&#13;&#10;&#9;at sun.reflect.NativeMethodAccessorImpl.invoke(Unknown Source)&#13;&#10;&#9;at sun.reflect.DelegatingMethodAccessorImpl.invoke(Unknown Source)&#13;&#10;&#9;at java.lang.reflect.Method.invoke(Unknown Source)&#13;&#10;&#9;at org.junit.runners.model.FrameworkMethod$1.runReflectiveCall(FrameworkMethod.java:47)&#13;&#10;&#9;at org.junit.internal.runners.model.ReflectiveCallable.run(ReflectiveCallable.java:12)&#13;&#10;&#9;at org.junit.runners.model.FrameworkMethod.invokeExplosively(FrameworkMethod.java:44)&#13;&#10;&#9;at org.junit.internal.runners.statements.InvokeMethod.evaluate(InvokeMethod.java:17)&#13;&#10;&#9;at org.junit.runners.ParentRunner.runLeaf(ParentRunner.java:271)&#13;&#10;&#9;at org.junit.runners.BlockJUnit4ClassRunner.runChild(BlockJUnit4ClassRunner.java:70)&#13;&#10;&#9;at org.junit.runners.BlockJUnit4ClassRunner.runChild(BlockJUnit4ClassRunner.java:50)&#13;&#10;&#9;at org.junit.runners.ParentRunner$3.run(ParentRunner.java:238)&#13;&#10;&#9;at org.junit.runners.ParentRunner$1.schedule(ParentRunner.java:63)&#13;&#10;&#9;at org.junit.runners.ParentRunner.runChildren(ParentRunner.java:236)&#13;&#10;&#9;at org.junit.runners.ParentRunner.access$000(ParentRunner.java:53)&#13;&#10;&#9;at org.junit.runners.ParentRunner$2.evaluate(ParentRunner.java:229)&#13;&#10;&#9;at org.junit.runners.ParentRunner.run(ParentRunner.java:309)&#13;&#10;&#9;at org.eclipse.jdt.internal.junit4.runner.JUnit4TestReference.run(JUnit4TestReference.java:50)&#13;&#10;&#9;at org.eclipse.jdt.internal.junit.runner.TestExecution.run(TestExecution.java:38)&#13;&#10;&#9;at org.eclipse.jdt.internal.junit.runner.RemoteTestRunner.runTests(RemoteTestRunner.java:467)&#13;&#10;&#9;at org.eclipse.jdt.internal.junit.runner.RemoteTestRunner.runTests(RemoteTestRunner.java:683)&#13;&#10;&#9;at org.eclipse.jdt.internal.junit.runner.RemoteTestRunner.run(RemoteTestRunner.java:390)&#13;&#10;&#9;at org.codecover.juniteclipse.runner.EclipseTestRunner.main(EclipseTestRunner.java:40)" Date="1589513788124" Name="StdDrawTest:testScaleX">
<CovList/>
<AssgnmntList/>
<ObjMetaDataList/>
<MetaDataList/>
</TestCase>
<TestCase Comment="Failure&#10;java.lang.AssertionError: Not yet implemented&#13;&#10;&#9;at org.junit.Assert.fail(Assert.java:88)&#13;&#10;&#9;at StdDrawTest.testScaleY(StdDrawTest.java:88)&#13;&#10;&#9;at sun.reflect.NativeMethodAccessorImpl.invoke0(Native Method)&#13;&#10;&#9;at sun.reflect.NativeMethodAccessorImpl.invoke(Unknown Source)&#13;&#10;&#9;at sun.reflect.DelegatingMethodAccessorImpl.invoke(Unknown Source)&#13;&#10;&#9;at java.lang.reflect.Method.invoke(Unknown Source)&#13;&#10;&#9;at org.junit.runners.model.FrameworkMethod$1.runReflectiveCall(FrameworkMethod.java:47)&#13;&#10;&#9;at org.junit.internal.runners.model.ReflectiveCallable.run(ReflectiveCallable.java:12)&#13;&#10;&#9;at org.junit.runners.model.FrameworkMethod.invokeExplosively(FrameworkMethod.java:44)&#13;&#10;&#9;at org.junit.internal.runners.statements.InvokeMethod.evaluate(InvokeMethod.java:17)&#13;&#10;&#9;at org.junit.runners.ParentRunner.runLeaf(ParentRunner.java:271)&#13;&#10;&#9;at org.junit.runners.BlockJUnit4ClassRunner.runChild(BlockJUnit4ClassRunner.java:70)&#13;&#10;&#9;at org.junit.runners.BlockJUnit4ClassRunner.runChild(BlockJUnit4ClassRunner.java:50)&#13;&#10;&#9;at org.junit.runners.ParentRunner$3.run(ParentRunner.java:238)&#13;&#10;&#9;at org.junit.runners.ParentRunner$1.schedule(ParentRunner.java:63)&#13;&#10;&#9;at org.junit.runners.ParentRunner.runChildren(ParentRunner.java:236)&#13;&#10;&#9;at org.junit.runners.ParentRunner.access$000(ParentRunner.java:53)&#13;&#10;&#9;at org.junit.runners.ParentRunner$2.evaluate(ParentRunner.java:229)&#13;&#10;&#9;at org.junit.runners.ParentRunner.run(ParentRunner.java:309)&#13;&#10;&#9;at org.eclipse.jdt.internal.junit4.runner.JUnit4TestReference.run(JUnit4TestReference.java:50)&#13;&#10;&#9;at org.eclipse.jdt.internal.junit.runner.TestExecution.run(TestExecution.java:38)&#13;&#10;&#9;at org.eclipse.jdt.internal.junit.runner.RemoteTestRunner.runTests(RemoteTestRunner.java:467)&#13;&#10;&#9;at org.eclipse.jdt.internal.junit.runner.RemoteTestRunner.runTests(RemoteTestRunner.java:683)&#13;&#10;&#9;at org.eclipse.jdt.internal.junit.runner.RemoteTestRunner.run(RemoteTestRunner.java:390)&#13;&#10;&#9;at org.codecover.juniteclipse.runner.EclipseTestRunner.main(EclipseTestRunner.java:40)" Date="1589513788126" Name="StdDrawTest:testScaleY">
<CovList/>
<AssgnmntList/>
<ObjMetaDataList/>
<MetaDataList/>
</TestCase>
<TestCase Comment="Failure&#10;java.lang.AssertionError: Not yet implemented&#13;&#10;&#9;at org.junit.Assert.fail(Assert.java:88)&#13;&#10;&#9;at StdDrawTest.testDisableDoubleBuffering(StdDrawTest.java:313)&#13;&#10;&#9;at sun.reflect.NativeMethodAccessorImpl.invoke0(Native Method)&#13;&#10;&#9;at sun.reflect.NativeMethodAccessorImpl.invoke(Unknown Source)&#13;&#10;&#9;at sun.reflect.DelegatingMethodAccessorImpl.invoke(Unknown Source)&#13;&#10;&#9;at java.lang.reflect.Method.invoke(Unknown Source)&#13;&#10;&#9;at org.junit.runners.model.FrameworkMethod$1.runReflectiveCall(FrameworkMethod.java:47)&#13;&#10;&#9;at org.junit.internal.runners.model.ReflectiveCallable.run(ReflectiveCallable.java:12)&#13;&#10;&#9;at org.junit.runners.model.FrameworkMethod.invokeExplosively(FrameworkMethod.java:44)&#13;&#10;&#9;at org.junit.internal.runners.statements.InvokeMethod.evaluate(InvokeMethod.java:17)&#13;&#10;&#9;at org.junit.runners.ParentRunner.runLeaf(ParentRunner.java:271)&#13;&#10;&#9;at org.junit.runners.BlockJUnit4ClassRunner.runChild(BlockJUnit4ClassRunner.java:70)&#13;&#10;&#9;at org.junit.runners.BlockJUnit4ClassRunner.runChild(BlockJUnit4ClassRunner.java:50)&#13;&#10;&#9;at org.junit.runners.ParentRunner$3.run(ParentRunner.java:238)&#13;&#10;&#9;at org.junit.runners.ParentRunner$1.schedule(ParentRunner.java:63)&#13;&#10;&#9;at org.junit.runners.ParentRunner.runChildren(ParentRunner.java:236)&#13;&#10;&#9;at org.junit.runners.ParentRunner.access$000(ParentRunner.java:53)&#13;&#10;&#9;at org.junit.runners.ParentRunner$2.evaluate(ParentRunner.java:229)&#13;&#10;&#9;at org.junit.runners.ParentRunner.run(ParentRunner.java:309)&#13;&#10;&#9;at org.eclipse.jdt.internal.junit4.runner.JUnit4TestReference.run(JUnit4TestReference.java:50)&#13;&#10;&#9;at org.eclipse.jdt.internal.junit.runner.TestExecution.run(TestExecution.java:38)&#13;&#10;&#9;at org.eclipse.jdt.internal.junit.runner.RemoteTestRunner.runTests(RemoteTestRunner.java:467)&#13;&#10;&#9;at org.eclipse.jdt.internal.junit.runner.RemoteTestRunner.runTests(RemoteTestRunner.java:683)&#13;&#10;&#9;at org.eclipse.jdt.internal.junit.runner.RemoteTestRunner.run(RemoteTestRunner.java:390)&#13;&#10;&#9;at org.codecover.juniteclipse.runner.EclipseTestRunner.main(EclipseTestRunner.java:40)" Date="1589513788128" Name="StdDrawTest:testDisableDoubleBuffering">
<CovList/>
<AssgnmntList/>
<ObjMetaDataList/>
<MetaDataList/>
</TestCase>
<TestCase Comment="Failure&#10;java.lang.AssertionError: Not yet implemented&#13;&#10;&#9;at org.junit.Assert.fail(Assert.java:88)&#13;&#10;&#9;at StdDrawTest.testSquare(StdDrawTest.java:213)&#13;&#10;&#9;at sun.reflect.NativeMethodAccessorImpl.invoke0(Native Method)&#13;&#10;&#9;at sun.reflect.NativeMethodAccessorImpl.invoke(Unknown Source)&#13;&#10;&#9;at sun.reflect.DelegatingMethodAccessorImpl.invoke(Unknown Source)&#13;&#10;&#9;at java.lang.reflect.Method.invoke(Unknown Source)&#13;&#10;&#9;at org.junit.runners.model.FrameworkMethod$1.runReflectiveCall(FrameworkMethod.java:47)&#13;&#10;&#9;at org.junit.internal.runners.model.ReflectiveCallable.run(ReflectiveCallable.java:12)&#13;&#10;&#9;at org.junit.runners.model.FrameworkMethod.invokeExplosively(FrameworkMethod.java:44)&#13;&#10;&#9;at org.junit.internal.runners.statements.InvokeMethod.evaluate(InvokeMethod.java:17)&#13;&#10;&#9;at org.junit.runners.ParentRunner.runLeaf(ParentRunner.java:271)&#13;&#10;&#9;at org.junit.runners.BlockJUnit4ClassRunner.runChild(BlockJUnit4ClassRunner.java:70)&#13;&#10;&#9;at org.junit.runners.BlockJUnit4ClassRunner.runChild(BlockJUnit4ClassRunner.java:50)&#13;&#10;&#9;at org.junit.runners.ParentRunner$3.run(ParentRunner.java:238)&#13;&#10;&#9;at org.junit.runners.ParentRunner$1.schedule(ParentRunner.java:63)&#13;&#10;&#9;at org.junit.runners.ParentRunner.runChildren(ParentRunner.java:236)&#13;&#10;&#9;at org.junit.runners.ParentRunner.access$000(ParentRunner.java:53)&#13;&#10;&#9;at org.junit.runners.ParentRunner$2.evaluate(ParentRunner.java:229)&#13;&#10;&#9;at org.junit.runners.ParentRunner.run(ParentRunner.java:309)&#13;&#10;&#9;at org.eclipse.jdt.internal.junit4.runner.JUnit4TestReference.run(JUnit4TestReference.java:50)&#13;&#10;&#9;at org.eclipse.jdt.internal.junit.runner.TestExecution.run(TestExecution.java:38)&#13;&#10;&#9;at org.eclipse.jdt.internal.junit.runner.RemoteTestRunner.runTests(RemoteTestRunner.java:467)&#13;&#10;&#9;at org.eclipse.jdt.internal.junit.runner.RemoteTestRunner.runTests(RemoteTestRunner.java:683)&#13;&#10;&#9;at org.eclipse.jdt.internal.junit.runner.RemoteTestRunner.run(RemoteTestRunner.java:390)&#13;&#10;&#9;at org.codecover.juniteclipse.runner.EclipseTestRunner.main(EclipseTestRunner.java:40)" Date="1589513788130" Name="StdDrawTest:testSquare">
<CovList/>
<AssgnmntList/>
<ObjMetaDataList/>
<MetaDataList/>
</TestCase>
<TestCase Comment="Failure&#10;java.lang.AssertionError: Not yet implemented&#13;&#10;&#9;at org.junit.Assert.fail(Assert.java:88)&#13;&#10;&#9;at StdDrawTest.testRectangle(StdDrawTest.java:223)&#13;&#10;&#9;at sun.reflect.NativeMethodAccessorImpl.invoke0(Native Method)&#13;&#10;&#9;at sun.reflect.NativeMethodAccessorImpl.invoke(Unknown Source)&#13;&#10;&#9;at sun.reflect.DelegatingMethodAccessorImpl.invoke(Unknown Source)&#13;&#10;&#9;at java.lang.reflect.Method.invoke(Unknown Source)&#13;&#10;&#9;at org.junit.runners.model.FrameworkMethod$1.runReflectiveCall(FrameworkMethod.java:47)&#13;&#10;&#9;at org.junit.internal.runners.model.ReflectiveCallable.run(ReflectiveCallable.java:12)&#13;&#10;&#9;at org.junit.runners.model.FrameworkMethod.invokeExplosively(FrameworkMethod.java:44)&#13;&#10;&#9;at org.junit.internal.runners.statements.InvokeMethod.evaluate(InvokeMethod.java:17)&#13;&#10;&#9;at org.junit.runners.ParentRunner.runLeaf(ParentRunner.java:271)&#13;&#10;&#9;at org.junit.runners.BlockJUnit4ClassRunner.runChild(BlockJUnit4ClassRunner.java:70)&#13;&#10;&#9;at org.junit.runners.BlockJUnit4ClassRunner.runChild(BlockJUnit4ClassRunner.java:50)&#13;&#10;&#9;at org.junit.runners.ParentRunner$3.run(ParentRunner.java:238)&#13;&#10;&#9;at org.junit.runners.ParentRunner$1.schedule(ParentRunner.java:63)&#13;&#10;&#9;at org.junit.runners.ParentRunner.runChildren(ParentRunner.java:236)&#13;&#10;&#9;at org.junit.runners.ParentRunner.access$000(ParentRunner.java:53)&#13;&#10;&#9;at org.junit.runners.ParentRunner$2.evaluate(ParentRunner.java:229)&#13;&#10;&#9;at org.junit.runners.ParentRunner.run(ParentRunner.java:309)&#13;&#10;&#9;at org.eclipse.jdt.internal.junit4.runner.JUnit4TestReference.run(JUnit4TestReference.java:50)&#13;&#10;&#9;at org.eclipse.jdt.internal.junit.runner.TestExecution.run(TestExecution.java:38)&#13;&#10;&#9;at org.eclipse.jdt.internal.junit.runner.RemoteTestRunner.runTests(RemoteTestRunner.java:467)&#13;&#10;&#9;at org.eclipse.jdt.internal.junit.runner.RemoteTestRunner.runTests(RemoteTestRunner.java:683)&#13;&#10;&#9;at org.eclipse.jdt.internal.junit.runner.RemoteTestRunner.run(RemoteTestRunner.java:390)&#13;&#10;&#9;at org.codecover.juniteclipse.runner.EclipseTestRunner.main(EclipseTestRunner.java:40)" Date="1589513788131" Name="StdDrawTest:testRectangle">
<CovList/>
<AssgnmntList/>
<ObjMetaDataList/>
<MetaDataList/>
</TestCase>
<TestCase Comment="Failure&#10;java.lang.AssertionError: Not yet implemented&#13;&#10;&#9;at org.junit.Assert.fail(Assert.java:88)&#13;&#10;&#9;at StdDrawTest.testKeyReleased(StdDrawTest.java:408)&#13;&#10;&#9;at sun.reflect.NativeMethodAccessorImpl.invoke0(Native Method)&#13;&#10;&#9;at sun.reflect.NativeMethodAccessorImpl.invoke(Unknown Source)&#13;&#10;&#9;at sun.reflect.DelegatingMethodAccessorImpl.invoke(Unknown Source)&#13;&#10;&#9;at java.lang.reflect.Method.invoke(Unknown Source)&#13;&#10;&#9;at org.junit.runners.model.FrameworkMethod$1.runReflectiveCall(FrameworkMethod.java:47)&#13;&#10;&#9;at org.junit.internal.runners.model.ReflectiveCallable.run(ReflectiveCallable.java:12)&#13;&#10;&#9;at org.junit.runners.model.FrameworkMethod.invokeExplosively(FrameworkMethod.java:44)&#13;&#10;&#9;at org.junit.internal.runners.statements.InvokeMethod.evaluate(InvokeMethod.java:17)&#13;&#10;&#9;at org.junit.runners.ParentRunner.runLeaf(ParentRunner.java:271)&#13;&#10;&#9;at org.junit.runners.BlockJUnit4ClassRunner.runChild(BlockJUnit4ClassRunner.java:70)&#13;&#10;&#9;at org.junit.runners.BlockJUnit4ClassRunner.runChild(BlockJUnit4ClassRunner.java:50)&#13;&#10;&#9;at org.junit.runners.ParentRunner$3.run(ParentRunner.java:238)&#13;&#10;&#9;at org.junit.runners.ParentRunner$1.schedule(ParentRunner.java:63)&#13;&#10;&#9;at org.junit.runners.ParentRunner.runChildren(ParentRunner.java:236)&#13;&#10;&#9;at org.junit.runners.ParentRunner.access$000(ParentRunner.java:53)&#13;&#10;&#9;at org.junit.runners.ParentRunner$2.evaluate(ParentRunner.java:229)&#13;&#10;&#9;at org.junit.runners.ParentRunner.run(ParentRunner.java:309)&#13;&#10;&#9;at org.eclipse.jdt.internal.junit4.runner.JUnit4TestReference.run(JUnit4TestReference.java:50)&#13;&#10;&#9;at org.eclipse.jdt.internal.junit.runner.TestExecution.run(TestExecution.java:38)&#13;&#10;&#9;at org.eclipse.jdt.internal.junit.runner.RemoteTestRunner.runTests(RemoteTestRunner.java:467)&#13;&#10;&#9;at org.eclipse.jdt.internal.junit.runner.RemoteTestRunner.runTests(RemoteTestRunner.java:683)&#13;&#10;&#9;at org.eclipse.jdt.internal.junit.runner.RemoteTestRunner.run(RemoteTestRunner.java:390)&#13;&#10;&#9;at org.codecover.juniteclipse.runner.EclipseTestRunner.main(EclipseTestRunner.java:40)" Date="1589513788132" Name="StdDrawTest:testKeyReleased">
<CovList/>
<AssgnmntList/>
<ObjMetaDataList/>
<MetaDataList/>
</TestCase>
<TestCase Comment="Failure&#10;java.lang.AssertionError: Not yet implemented&#13;&#10;&#9;at org.junit.Assert.fail(Assert.java:88)&#13;&#10;&#9;at StdDrawTest.testValidateNonnegative(StdDrawTest.java:43)&#13;&#10;&#9;at sun.reflect.NativeMethodAccessorImpl.invoke0(Native Method)&#13;&#10;&#9;at sun.reflect.NativeMethodAccessorImpl.invoke(Unknown Source)&#13;&#10;&#9;at sun.reflect.DelegatingMethodAccessorImpl.invoke(Unknown Source)&#13;&#10;&#9;at java.lang.reflect.Method.invoke(Unknown Source)&#13;&#10;&#9;at org.junit.runners.model.FrameworkMethod$1.runReflectiveCall(FrameworkMethod.java:47)&#13;&#10;&#9;at org.junit.internal.runners.model.ReflectiveCallable.run(ReflectiveCallable.java:12)&#13;&#10;&#9;at org.junit.runners.model.FrameworkMethod.invokeExplosively(FrameworkMethod.java:44)&#13;&#10;&#9;at org.junit.internal.runners.statements.InvokeMethod.evaluate(InvokeMethod.java:17)&#13;&#10;&#9;at org.junit.runners.ParentRunner.runLeaf(ParentRunner.java:271)&#13;&#10;&#9;at org.junit.runners.BlockJUnit4ClassRunner.runChild(BlockJUnit4ClassRunner.java:70)&#13;&#10;&#9;at org.junit.runners.BlockJUnit4ClassRunner.runChild(BlockJUnit4ClassRunner.java:50)&#13;&#10;&#9;at org.junit.runners.ParentRunner$3.run(ParentRunner.java:238)&#13;&#10;&#9;at org.junit.runners.ParentRunner$1.schedule(ParentRunner.java:63)&#13;&#10;&#9;at org.junit.runners.ParentRunner.runChildren(ParentRunner.java:236)&#13;&#10;&#9;at org.junit.runners.ParentRunner.access$000(ParentRunner.java:53)&#13;&#10;&#9;at org.junit.runners.ParentRunner$2.evaluate(ParentRunner.java:229)&#13;&#10;&#9;at org.junit.runners.ParentRunner.run(ParentRunner.java:309)&#13;&#10;&#9;at org.eclipse.jdt.internal.junit4.runner.JUnit4TestReference.run(JUnit4TestReference.java:50)&#13;&#10;&#9;at org.eclipse.jdt.internal.junit.runner.TestExecution.run(TestExecution.java:38)&#13;&#10;&#9;at org.eclipse.jdt.internal.junit.runner.RemoteTestRunner.runTests(RemoteTestRunner.java:467)&#13;&#10;&#9;at org.eclipse.jdt.internal.junit.runner.RemoteTestRunner.runTests(RemoteTestRunner.java:683)&#13;&#10;&#9;at org.eclipse.jdt.internal.junit.runner.RemoteTestRunner.run(RemoteTestRunner.java:390)&#13;&#10;&#9;at org.codecover.juniteclipse.runner.EclipseTestRunner.main(EclipseTestRunner.java:40)" Date="1589513788134" Name="StdDrawTest:testValidateNonnegative">
<CovList/>
<AssgnmntList/>
<ObjMetaDataList/>
<MetaDataList/>
</TestCase>
<TestCase Comment="Failure&#10;java.lang.AssertionError: Not yet implemented&#13;&#10;&#9;at org.junit.Assert.fail(Assert.java:88)&#13;&#10;&#9;at StdDrawTest.testSetPenRadiusDouble(StdDrawTest.java:133)&#13;&#10;&#9;at sun.reflect.NativeMethodAccessorImpl.invoke0(Native Method)&#13;&#10;&#9;at sun.reflect.NativeMethodAccessorImpl.invoke(Unknown Source)&#13;&#10;&#9;at sun.reflect.DelegatingMethodAccessorImpl.invoke(Unknown Source)&#13;&#10;&#9;at java.lang.reflect.Method.invoke(Unknown Source)&#13;&#10;&#9;at org.junit.runners.model.FrameworkMethod$1.runReflectiveCall(FrameworkMethod.java:47)&#13;&#10;&#9;at org.junit.internal.runners.model.ReflectiveCallable.run(ReflectiveCallable.java:12)&#13;&#10;&#9;at org.junit.runners.model.FrameworkMethod.invokeExplosively(FrameworkMethod.java:44)&#13;&#10;&#9;at org.junit.internal.runners.statements.InvokeMethod.evaluate(InvokeMethod.java:17)&#13;&#10;&#9;at org.junit.runners.ParentRunner.runLeaf(ParentRunner.java:271)&#13;&#10;&#9;at org.junit.runners.BlockJUnit4ClassRunner.runChild(BlockJUnit4ClassRunner.java:70)&#13;&#10;&#9;at org.junit.runners.BlockJUnit4ClassRunner.runChild(BlockJUnit4ClassRunner.java:50)&#13;&#10;&#9;at org.junit.runners.ParentRunner$3.run(ParentRunner.java:238)&#13;&#10;&#9;at org.junit.runners.ParentRunner$1.schedule(ParentRunner.java:63)&#13;&#10;&#9;at org.junit.runners.ParentRunner.runChildren(ParentRunner.java:236)&#13;&#10;&#9;at org.junit.runners.ParentRunner.access$000(ParentRunner.java:53)&#13;&#10;&#9;at org.junit.runners.ParentRunner$2.evaluate(ParentRunner.java:229)&#13;&#10;&#9;at org.junit.runners.ParentRunner.run(ParentRunner.java:309)&#13;&#10;&#9;at org.eclipse.jdt.internal.junit4.runner.JUnit4TestReference.run(JUnit4TestReference.java:50)&#13;&#10;&#9;at org.eclipse.jdt.internal.junit.runner.TestExecution.run(TestExecution.java:38)&#13;&#10;&#9;at org.eclipse.jdt.internal.junit.runner.RemoteTestRunner.runTests(RemoteTestRunner.java:467)&#13;&#10;&#9;at org.eclipse.jdt.internal.junit.runner.RemoteTestRunner.runTests(RemoteTestRunner.java:683)&#13;&#10;&#9;at org.eclipse.jdt.internal.junit.runner.RemoteTestRunner.run(RemoteTestRunner.java:390)&#13;&#10;&#9;at org.codecover.juniteclipse.runner.EclipseTestRunner.main(EclipseTestRunner.java:40)" Date="1589513788135" Name="StdDrawTest:testSetPenRadiusDouble">
<CovList/>
<AssgnmntList/>
<ObjMetaDataList/>
<MetaDataList/>
</TestCase>
<TestCase Comment="" Date="1589513788136" Name="StdDrawTest:testStdDraw">
<CovList/>
<AssgnmntList/>
<ObjMetaDataList/>
<MetaDataList/>
</TestCase>
<TestCase Comment="Failure&#10;java.lang.AssertionError: Not yet implemented&#13;&#10;&#9;at org.junit.Assert.fail(Assert.java:88)&#13;&#10;&#9;at StdDrawTest.testSetScale(StdDrawTest.java:63)&#13;&#10;&#9;at sun.reflect.NativeMethodAccessorImpl.invoke0(Native Method)&#13;&#10;&#9;at sun.reflect.NativeMethodAccessorImpl.invoke(Unknown Source)&#13;&#10;&#9;at sun.reflect.DelegatingMethodAccessorImpl.invoke(Unknown Source)&#13;&#10;&#9;at java.lang.reflect.Method.invoke(Unknown Source)&#13;&#10;&#9;at org.junit.runners.model.FrameworkMethod$1.runReflectiveCall(FrameworkMethod.java:47)&#13;&#10;&#9;at org.junit.internal.runners.model.ReflectiveCallable.run(ReflectiveCallable.java:12)&#13;&#10;&#9;at org.junit.runners.model.FrameworkMethod.invokeExplosively(FrameworkMethod.java:44)&#13;&#10;&#9;at org.junit.internal.runners.statements.InvokeMethod.evaluate(InvokeMethod.java:17)&#13;&#10;&#9;at org.junit.runners.ParentRunner.runLeaf(ParentRunner.java:271)&#13;&#10;&#9;at org.junit.runners.BlockJUnit4ClassRunner.runChild(BlockJUnit4ClassRunner.java:70)&#13;&#10;&#9;at org.junit.runners.BlockJUnit4ClassRunner.runChild(BlockJUnit4ClassRunner.java:50)&#13;&#10;&#9;at org.junit.runners.ParentRunner$3.run(ParentRunner.java:238)&#13;&#10;&#9;at org.junit.runners.ParentRunner$1.schedule(ParentRunner.java:63)&#13;&#10;&#9;at org.junit.runners.ParentRunner.runChildren(ParentRunner.java:236)&#13;&#10;&#9;at org.junit.runners.ParentRunner.access$000(ParentRunner.java:53)&#13;&#10;&#9;at org.junit.runners.ParentRunner$2.evaluate(ParentRunner.java:229)&#13;&#10;&#9;at org.junit.runners.ParentRunner.run(ParentRunner.java:309)&#13;&#10;&#9;at org.eclipse.jdt.internal.junit4.runner.JUnit4TestReference.run(JUnit4TestReference.java:50)&#13;&#10;&#9;at org.eclipse.jdt.internal.junit.runner.TestExecution.run(TestExecution.java:38)&#13;&#10;&#9;at org.eclipse.jdt.internal.junit.runner.RemoteTestRunner.runTests(RemoteTestRunner.java:467)&#13;&#10;&#9;at org.eclipse.jdt.internal.junit.runner.RemoteTestRunner.runTests(RemoteTestRunner.java:683)&#13;&#10;&#9;at org.eclipse.jdt.internal.junit.runner.RemoteTestRunner.run(RemoteTestRunner.java:390)&#13;&#10;&#9;at org.codecover.juniteclipse.runner.EclipseTestRunner.main(EclipseTestRunner.java:40)" Date="1589513788137" Name="StdDrawTest:testSetScale">
<CovList>
<CovPrefix CovItemPrefix="Draw.java">
<Cov CovItemId="S542" Value="1"/>
</CovPrefix>
</CovList>
<AssgnmntList/>
<ObjMetaDataList/>
<MetaDataList/>
</TestCase>
<MetaDataList/>
</TestSession>
</TestSessionContainer>
