<?xml version="1.0" encoding="UTF-8"?><TestSessionContainer xmlns="http://www.codecover.org/xml/testsession-container" Date="1589516550655" TestSessionContainerId="e98e2148-0a79-46a9-8b8a-85b101a016b6" version="1.0">
<SrcFileList>
<SrcFile Content="/******************************************************************************&#10; *  Compilation:  javac StdOut.java&#10; *  Execution:    java StdOut&#10; *  Dependencies: none&#10; *&#10; *  Writes data of various types to standard output.&#10; *&#10; ******************************************************************************/&#10;&#10;import java.io.OutputStreamWriter;&#10;import java.io.PrintWriter;&#10;import java.io.UnsupportedEncodingException;&#10;import java.util.Locale;&#10;&#10;/**&#10; *  This class provides methods for printing strings and numbers to standard output.&#10; *  &lt;p&gt;&#10; *  &lt;b&gt;Getting started.&lt;/b&gt;&#10; *  To use this class, you must have {@code StdOut.class} in your&#10; *  Java classpath. If you used our autoinstaller, you should be all set.&#10; *  Otherwise, either download&#10; *  &lt;a href = &quot;https://introcs.cs.princeton.edu/java/code/stdlib.jar&quot;&gt;stdlib.jar&lt;/a&gt;&#10; *  and add to your Java classpath or download&#10; *  &lt;a href = &quot;https://introcs.cs.princeton.edu/java/stdlib/StdOut.java&quot;&gt;StdOut.java&lt;/a&gt;&#10; *  and put a copy in your working directory.&#10; *  &lt;p&gt;&#10; *  Here is an example program that uses {@code StdOut}:&#10; *  &lt;pre&gt;&#10; *   public class TestStdOut {&#10; *       public static void main(String[] args) {&#10; *           int a = 17;&#10; *           int b = 23;&#10; *           int sum = a + b;&#10; *           StdOut.println(&quot;Hello, World&quot;);&#10; *           StdOut.printf(&quot;%d + %d = %d\n&quot;, a, b, sum);&#10; *       }&#10; *   }&#10; *  &lt;/pre&gt;&#10; *  &lt;p&gt;&#10; *  &lt;b&gt;Differences with System.out.&lt;/b&gt;&#10; *  The behavior of {@code StdOut} is similar to that of {@link System#out},&#10; *  but there are a few technical differences:&#10; *  &lt;ul&gt;&#10; *  &lt;li&gt; {@code StdOut} coerces the character-set encoding to UTF-8,&#10; *       which is a standard character encoding for Unicode.&#10; *  &lt;li&gt; {@code StdOut} coerces the locale to {@link Locale#US},&#10; *       for consistency with {@link StdIn}, {@link Double#parseDouble(String)},&#10; *       and floating-point literals.&#10; *  &lt;li&gt; {@code StdOut} &lt;em&gt;flushes&lt;/em&gt; standard output after each call to&#10; *       {@code print()} so that text will appear immediately in the terminal.&#10; *  &lt;/ul&gt;&#10; *  &lt;p&gt;&#10; *  &lt;b&gt;Reference.&lt;/b&gt;&#10; *  For additional documentation,&#10; *  see &lt;a href=&quot;https://introcs.cs.princeton.edu/15inout&quot;&gt;Section 1.5&lt;/a&gt; of&#10; *  &lt;em&gt;Computer Science: An Interdisciplinary Approach&lt;/em&gt;&#10; *  by Robert Sedgewick and Kevin Wayne.&#10; *&#10; *  @author Robert Sedgewick&#10; *  @author Kevin Wayne&#10; */&#10;public final class StdOut {&#10;&#10;    // force Unicode UTF-8 encoding; otherwise it's system dependent&#10;    public static final String CHARSET_NAME = &quot;UTF-8&quot;;&#10;&#10;    // assume language = English, country = US for consistency with StdIn&#10;    public static final Locale LOCALE = Locale.US;&#10;&#10;    // send output here&#10;    public static PrintWriter out;&#10;&#10;    // this is called before invoking any methods&#10;    static {&#10;        try {&#10;            out = new PrintWriter(new OutputStreamWriter(System.out, CHARSET_NAME), true);&#10;        }&#10;        catch (UnsupportedEncodingException e) {&#10;            System.out.println(e);&#10;        }&#10;    }&#10;&#10;    // don't instantiate&#10;    public StdOut() { }&#10;&#10;   /**&#10;     * Terminates the current line by printing the line-separator string.&#10;     */&#10;    public static void println() {&#10;        out.println();&#10;    }&#10;&#10;   /**&#10;     * Prints an object to this output stream and then terminates the line.&#10;     *&#10;     * @param x the object to print&#10;     */&#10;    public static void println(Object x) {&#10;        out.println(x);&#10;    }&#10;&#10;   /**&#10;     * Prints a boolean to standard output and then terminates the line.&#10;     *&#10;     * @param x the boolean to print&#10;     */&#10;    public static void println(boolean x) {&#10;        out.println(x);&#10;    }&#10;&#10;   /**&#10;     * Prints a character to standard output and then terminates the line.&#10;     *&#10;     * @param x the character to print&#10;     */&#10;    public static void println(char x) {&#10;        out.println(x);&#10;    }&#10;&#10;   /**&#10;     * Prints a double to standard output and then terminates the line.&#10;     *&#10;     * @param x the double to print&#10;     */&#10;    public static void println(double x) {&#10;        out.println(x);&#10;    }&#10;&#10;   /**&#10;     * Prints an integer to standard output and then terminates the line.&#10;     *&#10;     * @param x the integer to print&#10;     */&#10;    public static void println(float x) {&#10;        out.println(x);&#10;    }&#10;&#10;   /**&#10;     * Prints an integer to standard output and then terminates the line.&#10;     *&#10;     * @param x the integer to print&#10;     */&#10;    public static void println(int x) {&#10;        out.println(x);&#10;    }&#10;&#10;   /**&#10;     * Prints a long to standard output and then terminates the line.&#10;     *&#10;     * @param x the long to print&#10;     */&#10;    public static void println(long x) {&#10;        out.println(x);&#10;    }&#10;&#10;   /**&#10;     * Prints a short integer to standard output and then terminates the line.&#10;     *&#10;     * @param x the short to print&#10;     */&#10;    public static void println(short x) {&#10;        out.println(x);&#10;    }&#10;&#10;   /**&#10;     * Prints a byte to standard output and then terminates the line.&#10;     * &lt;p&gt;&#10;     * To write binary data, see {@link BinaryStdOut}.&#10;     *&#10;     * @param x the byte to print&#10;     */&#10;    public static void println(byte x) {&#10;        out.println(x);&#10;    }&#10;&#10;   /**&#10;     * Flushes standard output.&#10;     */&#10;    public static void print() {&#10;        out.flush();&#10;    }&#10;&#10;   /**&#10;     * Prints an object to standard output and flushes standard output.&#10;     * &#10;     * @param x the object to print&#10;     */&#10;    public static void print(Object x) {&#10;        out.print(x);&#10;        out.flush();&#10;    }&#10;&#10;   /**&#10;     * Prints a boolean to standard output and flushes standard output.&#10;     * &#10;     * @param x the boolean to print&#10;     */&#10;    public static void print(boolean x) {&#10;        out.print(x);&#10;        out.flush();&#10;    }&#10;&#10;   /**&#10;     * Prints a character to standard output and flushes standard output.&#10;     * &#10;     * @param x the character to print&#10;     */&#10;    public static void print(char x) {&#10;        out.print(x);&#10;        out.flush();&#10;    }&#10;&#10;   /**&#10;     * Prints a double to standard output and flushes standard output.&#10;     * &#10;     * @param x the double to print&#10;     */&#10;    public static void print(double x) {&#10;        out.print(x);&#10;        out.flush();&#10;    }&#10;&#10;   /**&#10;     * Prints a float to standard output and flushes standard output.&#10;     * &#10;     * @param x the float to print&#10;     */&#10;    public static void print(float x) {&#10;        out.print(x);&#10;        out.flush();&#10;    }&#10;&#10;   /**&#10;     * Prints an integer to standard output and flushes standard output.&#10;     * &#10;     * @param x the integer to print&#10;     */&#10;    public static void print(int x) {&#10;        out.print(x);&#10;        out.flush();&#10;    }&#10;&#10;   /**&#10;     * Prints a long integer to standard output and flushes standard output.&#10;     * &#10;     * @param x the long integer to print&#10;     */&#10;    public static void print(long x) {&#10;        out.print(x);&#10;        out.flush();&#10;    }&#10;&#10;   /**&#10;     * Prints a short integer to standard output and flushes standard output.&#10;     * &#10;     * @param x the short integer to print&#10;     */&#10;    public static void print(short x) {&#10;        out.print(x);&#10;        out.flush();&#10;    }&#10;&#10;   /**&#10;     * Prints a byte to standard output and flushes standard output.&#10;     *&#10;     * @param x the byte to print&#10;     */&#10;    public static void print(byte x) {&#10;        out.print(x);&#10;        out.flush();&#10;    }&#10;&#10;   /**&#10;     * Prints a formatted string to standard output, using the specified format&#10;     * string and arguments, and then flushes standard output.&#10;     *&#10;     *&#10;     * @param format the &lt;a href = &quot;http://docs.oracle.com/javase/7/docs/api/java/util/Formatter.html#syntax&quot;&gt;format string&lt;/a&gt;&#10;     * @param args   the arguments accompanying the format string&#10;     */&#10;    public static void printf(String format, Object... args) {&#10;        out.printf(LOCALE, format, args);&#10;        out.flush();&#10;    }&#10;&#10;   /**&#10;     * Prints a formatted string to standard output, using the locale and&#10;     * the specified format string and arguments; then flushes standard output.&#10;     *&#10;     * @param locale the locale&#10;     * @param format the &lt;a href = &quot;http://docs.oracle.com/javase/7/docs/api/java/util/Formatter.html#syntax&quot;&gt;format string&lt;/a&gt;&#10;     * @param args   the arguments accompanying the format string&#10;     */&#10;    public static void printf(Locale locale, String format, Object... args) {&#10;        out.printf(locale, format, args);&#10;        out.flush();&#10;    }&#10;&#10;   /**&#10;     * Unit tests some of the methods in {@code StdOut}.&#10;     *&#10;     * @param args the command-line arguments&#10;     */&#10;    public static void main(String[] args) {&#10;&#10;        // write to stdout&#10;        StdOut.println(&quot;Test&quot;);&#10;        StdOut.println(17);&#10;        StdOut.println(true);&#10;        StdOut.printf(&quot;%.6f\n&quot;, 1.0/7.0);&#10;    }&#10;&#10;}" Filename="StdOut.java" Intrnl_Id="1"/>
<SrcFile Content="/******************************************************************************&#10; *  Compilation:  javac StdDraw.java&#10; *  Execution:    java StdDraw&#10; *  Dependencies: none&#10; *&#10; *  Standard drawing library. This class provides a basic capability for&#10; *  creating drawings with your programs. It uses a simple graphics model that&#10; *  allows you to create drawings consisting of geometric shapes (e.g.,&#10; *  points, lines, circles, rectangles) in a window on your computer&#10; *  and to save the drawings to a file.&#10; *&#10; *  Todo&#10; *  ----&#10; *    -  Add support for gradient fill, etc.&#10; *    -  Fix setCanvasSize() so that it can be called only once.&#10; *    -  Should setCanvasSize() reset xScale(), yScale(), penRadius(),&#10; *       penColor(), and font()&#10; *    -  On some systems, drawing a line (or other shape) that extends way&#10; *       beyond canvas (e.g., to infinity) dimensions does not get drawn.&#10; *&#10; *  Remarks&#10; *  -------&#10; *    -  don't use AffineTransform for rescaling since it inverts&#10; *       images and strings&#10; *&#10; ******************************************************************************/&#10;&#10;import java.awt.BasicStroke;&#10;import java.awt.Color;&#10;import java.awt.Component;&#10;import java.awt.FileDialog;&#10;import java.awt.Font;&#10;import java.awt.FontMetrics;&#10;import java.awt.Graphics;&#10;import java.awt.Graphics2D;&#10;import java.awt.Image;&#10;import java.awt.MediaTracker;&#10;import java.awt.RenderingHints;&#10;import java.awt.Toolkit;&#10;&#10;import java.awt.event.ActionEvent;&#10;import java.awt.event.ActionListener;&#10;import java.awt.event.MouseEvent;&#10;import java.awt.event.MouseListener;&#10;import java.awt.event.MouseMotionListener;&#10;import java.awt.event.KeyEvent;&#10;import java.awt.event.KeyListener;&#10;&#10;import java.awt.geom.Arc2D;&#10;import java.awt.geom.Ellipse2D;&#10;import java.awt.geom.GeneralPath;&#10;import java.awt.geom.Line2D;&#10;import java.awt.geom.Rectangle2D;&#10;&#10;import java.awt.image.BufferedImage;&#10;import java.awt.image.DirectColorModel;&#10;import java.awt.image.WritableRaster;&#10;&#10;import java.io.File;&#10;import java.io.IOException;&#10;&#10;import java.net.MalformedURLException;&#10;import java.net.URL;&#10;&#10;import java.util.LinkedList;&#10;import java.util.TreeSet;&#10;import java.util.NoSuchElementException;&#10;import javax.imageio.ImageIO;&#10;&#10;import javax.swing.ImageIcon;&#10;import javax.swing.JFrame;&#10;import javax.swing.JLabel;&#10;import javax.swing.JMenu;&#10;import javax.swing.JMenuBar;&#10;import javax.swing.JMenuItem;&#10;import javax.swing.KeyStroke;&#10;&#10;/**&#10; *  The {@code StdDraw} class provides a basic capability for&#10; *  creating drawings with your programs. It uses a simple graphics model that&#10; *  allows you to create drawings consisting of points, lines, squares, &#10; *  circles, and other geometric shapes in a window on your computer and&#10; *  to save the drawings to a file. Standard drawing also includes&#10; *  facilities for text, color, pictures, and animation, along with&#10; *  user interaction via the keyboard and mouse.&#10; *  &lt;p&gt;&#10; *  &lt;b&gt;Getting started.&lt;/b&gt;&#10; *  To use this class, you must have {@code StdDraw.class} in your&#10; *  Java classpath. If you used our autoinstaller, you should be all set.&#10; *  Otherwise, either download&#10; *  &lt;a href = &quot;https://introcs.cs.princeton.edu/java/code/stdlib.jar&quot;&gt;stdlib.jar&lt;/a&gt;&#10; *  and add to your Java classpath or download&#10; *  &lt;a href = &quot;https://introcs.cs.princeton.edu/java/stdlib/StdDraw.java&quot;&gt;StdDraw.java&lt;/a&gt;&#10; *  and put a copy in your working directory.&#10; *  &lt;p&gt;&#10; *  Now, type the following short program into your editor:&#10; *  &lt;pre&gt;&#10; *   public class TestStdDraw {&#10; *       public static void main(String[] args) {&#10; *           StdDraw.setPenRadius(0.05);&#10; *           StdDraw.setPenColor(StdDraw.BLUE);&#10; *           StdDraw.point(0.5, 0.5);&#10; *           StdDraw.setPenColor(StdDraw.MAGENTA);&#10; *           StdDraw.line(0.2, 0.2, 0.8, 0.2);&#10; *       }&#10; *   }&#10; *  &lt;/pre&gt;&#10; *  If you compile and execute the program, you should see a window&#10; *  appear with a thick magenta line and a blue point.&#10; *  This program illustrates the two main types of methods in standard&#10; *  drawingâ€”methods that draw geometric shapes and methods that&#10; *  control drawing parameters.&#10; *  The methods {@code StdDraw.line()} and {@code StdDraw.point()}&#10; *  draw lines and points; the methods {@code StdDraw.setPenRadius()}&#10; *  and {@code StdDraw.setPenColor()} control the line thickness and color.&#10; *  &lt;p&gt;&#10; *  &lt;b&gt;Points and lines.&lt;/b&gt;&#10; *  You can draw points and line segments with the following methods:&#10; *  &lt;ul&gt;&#10; *  &lt;li&gt; {@link #point(double x, double y)}&#10; *  &lt;li&gt; {@link #line(double x1, double y1, double x2, double y2)}&#10; *  &lt;/ul&gt;&#10; *  &lt;p&gt;&#10; *  The &lt;em&gt;x&lt;/em&gt;- and &lt;em&gt;y&lt;/em&gt;-coordinates must be in the drawing area&#10; *  (between 0 and 1 and by default) or the points and lines will not be visible.&#10; *  &lt;p&gt;&#10; *  &lt;b&gt;Squares, circles, rectangles, and ellipses.&lt;/b&gt;&#10; *  You can draw squares, circles, rectangles, and ellipses using&#10; *  the following methods:&#10; *  &lt;ul&gt;&#10; *  &lt;li&gt; {@link #circle(double x, double y, double radius)}&#10; *  &lt;li&gt; {@link #ellipse(double x, double y, double semiMajorAxis, double semiMinorAxis)}&#10; *  &lt;li&gt; {@link #square(double x, double y, double halfLength)}&#10; *  &lt;li&gt; {@link #rectangle(double x, double y, double halfWidth, double halfHeight)}&#10; *  &lt;/ul&gt;&#10; *  &lt;p&gt;&#10; *  All of these methods take as arguments the location and size of the shape.&#10; *  The location is always specified by the &lt;em&gt;x&lt;/em&gt;- and &lt;em&gt;y&lt;/em&gt;-coordinates&#10; *  of its &lt;em&gt;center&lt;/em&gt;.&#10; *  The size of a circle is specified by its radius and the size of an ellipse is&#10; *  specified by the lengths of its semi-major and semi-minor axes.&#10; *  The size of a square or rectangle is specified by its half-width or half-height.&#10; *  The convention for drawing squares and rectangles is parallel to those for&#10; *  drawing circles and ellipses, but may be unexpected to the uninitiated.&#10; *  &lt;p&gt;&#10; *  The methods above trace outlines of the given shapes. The following methods&#10; *  draw filled versions:&#10; *  &lt;ul&gt;&#10; *  &lt;li&gt; {@link #filledCircle(double x, double y, double radius)}&#10; *  &lt;li&gt; {@link #filledEllipse(double x, double y, double semiMajorAxis, double semiMinorAxis)}&#10; *  &lt;li&gt; {@link #filledSquare(double x, double y, double radius)}&#10; *  &lt;li&gt; {@link #filledRectangle(double x, double y, double halfWidth, double halfHeight)}&#10; *  &lt;/ul&gt;&#10; *  &lt;p&gt;&#10; *  &lt;b&gt;Circular arcs.&lt;/b&gt;&#10; *  You can draw circular arcs with the following method:&#10; *  &lt;ul&gt;&#10; *  &lt;li&gt; {@link #arc(double x, double y, double radius, double angle1, double angle2)}&#10; *  &lt;/ul&gt;&#10; *  &lt;p&gt;&#10; *  The arc is from the circle centered at (&lt;em&gt;x&lt;/em&gt;, &lt;em&gt;y&lt;/em&gt;) of the specified radius.&#10; *  The arc extends from angle1 to angle2. By convention, the angles are&#10; *  &lt;em&gt;polar&lt;/em&gt; (counterclockwise angle from the &lt;em&gt;x&lt;/em&gt;-axis)&#10; *  and represented in degrees. For example, {@code StdDraw.arc(0.0, 0.0, 1.0, 0, 90)}&#10; *  draws the arc of the unit circle from 3 o'clock (0 degrees) to 12 o'clock (90 degrees).&#10; *  &lt;p&gt;&#10; *  &lt;b&gt;Polygons.&lt;/b&gt;&#10; *  You can draw polygons with the following methods:&#10; *  &lt;ul&gt;&#10; *  &lt;li&gt; {@link #polygon(double[] x, double[] y)}&#10; *  &lt;li&gt; {@link #filledPolygon(double[] x, double[] y)}&#10; *  &lt;/ul&gt;&#10; *  &lt;p&gt;&#10; *  The points in the polygon are ({@code x[i]}, {@code y[i]}).&#10; *  For example, the following code fragment draws a filled diamond&#10; *  with vertices (0.1, 0.2), (0.2, 0.3), (0.3, 0.2), and (0.2, 0.1):&#10; *  &lt;pre&gt;&#10; *   double[] x = { 0.1, 0.2, 0.3, 0.2 };&#10; *   double[] y = { 0.2, 0.3, 0.2, 0.1 };&#10; *   StdDraw.filledPolygon(x, y);&#10; *  &lt;/pre&gt;&#10; *  &lt;p&gt;&#10; *  &lt;b&gt;Pen size.&lt;/b&gt;&#10; *  The pen is circular, so that when you set the pen radius to &lt;em&gt;r&lt;/em&gt;&#10; *  and draw a point, you get a circle of radius &lt;em&gt;r&lt;/em&gt;. Also, lines are&#10; *  of thickness 2&lt;em&gt;r&lt;/em&gt; and have rounded ends. The default pen radius&#10; *  is 0.005 and is not affected by coordinate scaling. This default pen&#10; *  radius is about 1/200 the width of the default canvas, so that if&#10; *  you draw 100 points equally spaced along a horizontal or vertical line,&#10; *  you will be able to see individual circles, but if you draw 200 such&#10; *  points, the result will look like a line.&#10; *  &lt;ul&gt;&#10; *  &lt;li&gt; {@link #setPenRadius(double radius)}&#10; *  &lt;/ul&gt;&#10; *  &lt;p&gt;&#10; *  For example, {@code StdDraw.setPenRadius(0.025)} makes&#10; *  the thickness of the lines and the size of the points to be five times&#10; *  the 0.005 default.&#10; *  To draw points with the minimum possible radius (one pixel on typical&#10; *  displays), set the pen radius to 0.0.&#10; *  &lt;p&gt;&#10; *  &lt;b&gt;Pen color.&lt;/b&gt;&#10; *  All geometric shapes (such as points, lines, and circles) are drawn using&#10; *  the current pen color. By default, it is black.&#10; *  You can change the pen color with the following methods:&#10; *  &lt;ul&gt;&#10; *  &lt;li&gt; {@link #setPenColor(int red, int green, int blue)}&#10; *  &lt;li&gt; {@link #setPenColor(Color color)}&#10; *  &lt;/ul&gt;&#10; *  &lt;p&gt;&#10; *  The first method allows you to specify colors using the RGB color system.&#10; *  This &lt;a href = &quot;http://johndyer.name/lab/colorpicker/&quot;&gt;color picker&lt;/a&gt;&#10; *  is a convenient way to find a desired color.&#10; *  The second method allows you to specify colors using the&#10; *  {@link Color} data type that is discussed in Chapter 3. Until then,&#10; *  you can use this method with one of these predefined colors in standard drawing:&#10; *  {@link #BLACK}, {@link #BLUE}, {@link #CYAN}, {@link #DARK_GRAY}, {@link #GRAY},&#10; *  {@link #GREEN}, {@link #LIGHT_GRAY}, {@link #MAGENTA}, {@link #ORANGE},&#10; *  {@link #PINK}, {@link #RED}, {@link #WHITE}, {@link #YELLOW},&#10; *  {@link #BOOK_BLUE}, {@link #BOOK_LIGHT_BLUE}, {@link #BOOK_RED}, and&#10; *  {@link #PRINCETON_ORANGE}.&#10; *  For example, {@code StdDraw.setPenColor(StdDraw.MAGENTA)} sets the&#10; *  pen color to magenta.&#10; *  &lt;p&gt;&#10; *  &lt;b&gt;Canvas size.&lt;/b&gt;&#10; *  By default, all drawing takes places in a 512-by-512 canvas.&#10; *  The canvas does not include the window title or window border.&#10; *  You can change the size of the canvas with the following method:&#10; *  &lt;ul&gt;&#10; *  &lt;li&gt; {@link #setCanvasSize(int width, int height)}&#10; *  &lt;/ul&gt;&#10; *  &lt;p&gt;&#10; *  This sets the canvas size to be &lt;em&gt;width&lt;/em&gt;-by-&lt;em&gt;height&lt;/em&gt; pixels.&#10; *  It also erases the current drawing and resets the coordinate system,&#10; *  pen radius, pen color, and font back to their default values.&#10; *  Ordinarly, this method is called once, at the very beginning of a program.&#10; *  For example, {@code StdDraw.setCanvasSize(800, 800)}&#10; *  sets the canvas size to be 800-by-800 pixels.&#10; *  &lt;p&gt;&#10; *  &lt;b&gt;Canvas scale and coordinate system.&lt;/b&gt;&#10; *  By default, all drawing takes places in the unit square, with (0, 0) at&#10; *  lower left and (1, 1) at upper right. You can change the default&#10; *  coordinate system with the following methods:&#10; *  &lt;ul&gt;&#10; *  &lt;li&gt; {@link #setXscale(double xmin, double xmax)}&#10; *  &lt;li&gt; {@link #setYscale(double ymin, double ymax)}&#10; *  &lt;li&gt; {@link #setScale(double min, double max)}&#10; *  &lt;/ul&gt;&#10; *  &lt;p&gt;&#10; *  The arguments are the coordinates of the minimum and maximum &#10; *  &lt;em&gt;x&lt;/em&gt;- or &lt;em&gt;y&lt;/em&gt;-coordinates that will appear in the canvas.&#10; *  For example, if you  wish to use the default coordinate system but&#10; *  leave a small margin, you can call {@code StdDraw.setScale(-.05, 1.05)}.&#10; *  &lt;p&gt;&#10; *  These methods change the coordinate system for subsequent drawing&#10; *  commands; they do not affect previous drawings.&#10; *  These methods do not change the canvas size; so, if the &lt;em&gt;x&lt;/em&gt;-&#10; *  and &lt;em&gt;y&lt;/em&gt;-scales are different, squares will become rectangles&#10; *  and circles will become ellipses.&#10; *  &lt;p&gt;&#10; *  &lt;b&gt;Text.&lt;/b&gt;&#10; *  You can use the following methods to annotate your drawings with text:&#10; *  &lt;ul&gt;&#10; *  &lt;li&gt; {@link #text(double x, double y, String text)}&#10; *  &lt;li&gt; {@link #text(double x, double y, String text, double degrees)}&#10; *  &lt;li&gt; {@link #textLeft(double x, double y, String text)}&#10; *  &lt;li&gt; {@link #textRight(double x, double y, String text)}&#10; *  &lt;/ul&gt;&#10; *  &lt;p&gt;&#10; *  The first two methods write the specified text in the current font,&#10; *  centered at (&lt;em&gt;x&lt;/em&gt;, &lt;em&gt;y&lt;/em&gt;).&#10; *  The second method allows you to rotate the text.&#10; *  The last two methods either left- or right-align the text at (&lt;em&gt;x&lt;/em&gt;, &lt;em&gt;y&lt;/em&gt;).&#10; *  &lt;p&gt;&#10; *  The default font is a Sans Serif font with point size 16.&#10; *  You can use the following method to change the font:&#10; *  &lt;ul&gt;&#10; *  &lt;li&gt; {@link #setFont(Font font)}&#10; *  &lt;/ul&gt;&#10; *  &lt;p&gt;&#10; *  You use the {@link Font} data type to specify the font. This allows you to&#10; *  choose the face, size, and style of the font. For example, the following&#10; *  code fragment sets the font to Arial Bold, 60 point.&#10; *  &lt;pre&gt;&#10; *   Font font = new Font(&quot;Arial&quot;, Font.BOLD, 60);&#10; *   StdDraw.setFont(font);&#10; *   StdDraw.text(0.5, 0.5, &quot;Hello, World&quot;);&#10; *  &lt;/pre&gt;&#10; *  &lt;p&gt;&#10; *  &lt;b&gt;Images.&lt;/b&gt;&#10; *  You can use the following methods to add images to your drawings:&#10; *  &lt;ul&gt;&#10; *  &lt;li&gt; {@link #picture(double x, double y, String filename)}&#10; *  &lt;li&gt; {@link #picture(double x, double y, String filename, double degrees)}&#10; *  &lt;li&gt; {@link #picture(double x, double y, String filename, double scaledWidth, double scaledHeight)}&#10; *  &lt;li&gt; {@link #picture(double x, double y, String filename, double scaledWidth, double scaledHeight, double degrees)}&#10; *  &lt;/ul&gt;&#10; *  &lt;p&gt;&#10; *  These methods draw the specified image, centered at (&lt;em&gt;x&lt;/em&gt;, &lt;em&gt;y&lt;/em&gt;).&#10; *  The supported image formats are JPEG, PNG, and GIF.&#10; *  The image will display at its native size, independent of the coordinate system.&#10; *  Optionally, you can rotate the image a specified number of degrees counterclockwise&#10; *  or rescale it to fit snugly inside a width-by-height bounding box.&#10; *  &lt;p&gt;&#10; *  &lt;b&gt;Saving to a file.&lt;/b&gt;&#10; *  You save your image to a file using the &lt;em&gt;File â†’ Save&lt;/em&gt; menu option.&#10; *  You can also save a file programatically using the following method:&#10; *  &lt;ul&gt;&#10; *  &lt;li&gt; {@link #save(String filename)}&#10; *  &lt;/ul&gt;&#10; *  &lt;p&gt;&#10; *  The supported image formats are JPEG and PNG. The filename must have either the&#10; *  extension .jpg or .png.&#10; *  We recommend using PNG for drawing that consist solely of geometric shapes and JPEG &#10; *  for drawings that contains pictures.&#10; *  &lt;p&gt;&#10; *  &lt;b&gt;Clearing the canvas.&lt;/b&gt;&#10; *  To clear the entire drawing canvas, you can use the following methods:&#10; *  &lt;ul&gt;&#10; *  &lt;li&gt; {@link #clear()}&#10; *  &lt;li&gt; {@link #clear(Color color)}&#10; *  &lt;/ul&gt;&#10; *  &lt;p&gt;&#10; *  The first method clears the canvas to white; the second method&#10; *  allows you to specify a color of your choice. For example,&#10; *  {@code StdDraw.clear(StdDraw.LIGHT_GRAY)} clears the canvas to a shade&#10; *  of gray.&#10; *  &lt;p&gt;&#10; *  &lt;b&gt;Computer animations and double buffering.&lt;/b&gt;&#10; *  Double buffering is one of the most powerful features of standard drawing,&#10; *  enabling computer animations.&#10; *  The following methods control the way in which objects are drawn:&#10; *  &lt;ul&gt;&#10; *  &lt;li&gt; {@link #enableDoubleBuffering()}&#10; *  &lt;li&gt; {@link #disableDoubleBuffering()}&#10; *  &lt;li&gt; {@link #show()}&#10; *  &lt;li&gt; {@link #pause(int t)}&#10; *  &lt;/ul&gt;&#10; *  &lt;p&gt;&#10; *  By default, double buffering is disabled, which means that as soon as you&#10; *  call a drawing&#10; *  methodâ€”such as {@code point()} or {@code line()}â€”the&#10; *  results appear on the screen.&#10; *  &lt;p&gt;&#10; *  When double buffering is enabled by calling {@link #enableDoubleBuffering()},&#10; *  all drawing takes place on the &lt;em&gt;offscreen canvas&lt;/em&gt;. The offscreen canvas&#10; *  is not displayed. Only when you call&#10; *  {@link #show()} does your drawing get copied from the offscreen canvas to&#10; *  the onscreen canvas, where it is displayed in the standard drawing window. You &#10; *  can think of double buffering as collecting all of the lines, points, shapes,&#10; *  and text that you tell it to draw, and then drawing them all&#10; *  &lt;em&gt;simultaneously&lt;/em&gt;, upon request.&#10; *  &lt;p&gt;&#10; *  The most important use of double buffering is to produce computer&#10; *  animations, creating the illusion of motion by rapidly&#10; *  displaying static drawings. To produce an animation, repeat&#10; *  the following four steps:&#10; *  &lt;ul&gt;&#10; *  &lt;li&gt; Clear the offscreen canvas.&#10; *  &lt;li&gt; Draw objects on the offscreen canvas.&#10; *  &lt;li&gt; Copy the offscreen canvas to the onscreen canvas.&#10; *  &lt;li&gt; Wait for a short while.&#10; *  &lt;/ul&gt;&#10; *  &lt;p&gt;&#10; *  The {@link #clear()}, {@link #show()}, and {@link #pause(int t)} methods&#10; *  support the first, third, and fourth of these steps, respectively.&#10; *  &lt;p&gt;&#10; *  For example, this code fragment animates two balls moving in a circle.&#10; *  &lt;pre&gt;&#10; *   StdDraw.setScale(-2, +2);&#10; *   StdDraw.enableDoubleBuffering();&#10; *&#10; *   for (double t = 0.0; true; t += 0.02) {&#10; *       double x = Math.sin(t);&#10; *       double y = Math.cos(t);&#10; *       StdDraw.clear();&#10; *       StdDraw.filledCircle(x, y, 0.05);&#10; *       StdDraw.filledCircle(-x, -y, 0.05);&#10; *       StdDraw.show();&#10; *       StdDraw.pause(20);&#10; *   }&#10; *  &lt;/pre&gt;&#10; *  &lt;p&gt;&#10; *  &lt;b&gt;Keyboard and mouse inputs.&lt;/b&gt;&#10; *  Standard drawing has very basic support for keyboard and mouse input.&#10; *  It is much less powerful than most user interface libraries provide, but also much simpler.&#10; *  You can use the following methods to intercept mouse events:&#10; *  &lt;ul&gt;&#10; *  &lt;li&gt; {@link #isMousePressed()}&#10; *  &lt;li&gt; {@link #mouseX()}&#10; *  &lt;li&gt; {@link #mouseY()}&#10; *  &lt;/ul&gt;&#10; *  &lt;p&gt;&#10; *  The first method tells you whether a mouse button is currently being pressed.&#10; *  The last two methods tells you the &lt;em&gt;x&lt;/em&gt;- and &lt;em&gt;y&lt;/em&gt;-coordinates of the mouse's&#10; *  current position, using the same coordinate system as the canvas (the unit square, by default).&#10; *  You should use these methods in an animation loop that waits a short while before trying&#10; *  to poll the mouse for its current state.&#10; *  You can use the following methods to intercept keyboard events:&#10; *  &lt;ul&gt;&#10; *  &lt;li&gt; {@link #hasNextKeyTyped()}&#10; *  &lt;li&gt; {@link #nextKeyTyped()}&#10; *  &lt;li&gt; {@link #isKeyPressed(int keycode)}&#10; *  &lt;/ul&gt;&#10; *  &lt;p&gt;&#10; *  If the user types lots of keys, they will be saved in a list until you process them.&#10; *  The first method tells you whether the user has typed a key (that your program has&#10; *  not yet processed).&#10; *  The second method returns the next key that the user typed (that your program has&#10; *  not yet processed) and removes it from the list of saved keystrokes.&#10; *  The third method tells you whether a key is currently being pressed.&#10; *  &lt;p&gt;&#10; *  &lt;b&gt;Accessing control parameters.&lt;/b&gt;&#10; *  You can use the following methods to access the current pen color, pen radius,&#10; *  and font:&#10; *  &lt;ul&gt;&#10; *  &lt;li&gt; {@link #getPenColor()}&#10; *  &lt;li&gt; {@link #getPenRadius()}&#10; *  &lt;li&gt; {@link #getFont()}&#10; *  &lt;/ul&gt;&#10; *  &lt;p&gt;&#10; *  These methods are useful when you want to temporarily change a&#10; *  control parameter and reset it back to its original value.&#10; *  &lt;p&gt;&#10; *  &lt;b&gt;Corner cases.&lt;/b&gt;&#10; *  Here are some corner cases.&#10; *  &lt;ul&gt;&#10; *  &lt;li&gt; Drawing an object outside (or partly outside) the canvas is permitted.&#10; *       However, only the part of the object that appears inside the canvas&#10; *       will be visible.&#10; *  &lt;li&gt; Any method that is passed a {@code null} argument will throw an&#10; *       {@link IllegalArgumentException}.&#10; *  &lt;li&gt; Any method that is passed a {@link Double#NaN},&#10; *       {@link Double#POSITIVE_INFINITY}, or {@link Double#NEGATIVE_INFINITY}&#10; *       argument will throw an {@link IllegalArgumentException}.&#10; *  &lt;li&gt; Due to floating-point issues, an object drawn with an &lt;em&gt;x&lt;/em&gt;- or&#10; *       &lt;em&gt;y&lt;/em&gt;-coordinate that is way outside the canvas (such as the line segment&#10; *       from (0.5, â€“10^308) to (0.5, 10^308) may not be visible even in the&#10; *       part of the canvas where it should be.&#10; *  &lt;/ul&gt;&#10; *  &lt;p&gt;&#10; *  &lt;b&gt;Performance tricks.&lt;/b&gt;&#10; *  Standard drawing is capable of drawing large amounts of data.&#10; *  Here are a few tricks and tips:&#10; *  &lt;ul&gt;&#10; *  &lt;li&gt; Use &lt;em&gt;double buffering&lt;/em&gt; for static drawing with a large&#10; *       number of objects.&#10; *       That is, call {@link #enableDoubleBuffering()} before&#10; *       the sequence of drawing commands and call {@link #show()} afterwards.&#10; *       Incrementally displaying a complex drawing while it is being&#10; *       created can be intolerably inefficient on many computer systems.&#10; *  &lt;li&gt; When drawing computer animations, call {@code show()}&#10; *       only once per frame, not after drawing each individual object.&#10; *  &lt;li&gt; If you call {@code picture()} multiple times with the same filename,&#10; *       Java will cache the image, so you do not incur the cost of reading&#10; *       from a file each time.&#10; *  &lt;/ul&gt;&#10; *  &lt;p&gt;&#10; *  &lt;b&gt;Known bugs and issues.&lt;/b&gt;&#10; *  &lt;ul&gt;&#10; *  &lt;li&gt; The {@code picture()} methods may not draw the portion of the image that is&#10; *       inside the canvas if the center point (&lt;em&gt;x&lt;/em&gt;, &lt;em&gt;y&lt;/em&gt;) is outside the&#10; *       canvas.&#10; *       This bug appears only on some systems.&#10; *  &lt;/ul&gt;&#10; *  &lt;p&gt;&#10; *  &lt;b&gt;Reference.&lt;/b&gt;&#10; *  For additional documentation,&#10; *  see &lt;a href=&quot;https://introcs.cs.princeton.edu/15inout&quot;&gt;Section 1.5&lt;/a&gt; of&#10; *  &lt;em&gt;Computer Science: An Interdisciplinary Approach&lt;/em&gt;&#10; *  by Robert Sedgewick and Kevin Wayne.&#10; *&#10; *  @author Robert Sedgewick&#10; *  @author Kevin Wayne&#10; */&#10;public final class StdDraw implements ActionListener, MouseListener, MouseMotionListener, KeyListener {&#10;&#10;    /**&#10;     *  The color black.&#10;     */&#10;    public static final Color BLACK = Color.BLACK;&#10;&#10;    /**&#10;     *  The color blue.&#10;     */&#10;    public static final Color BLUE = Color.BLUE;&#10;&#10;    /**&#10;     *  The color cyan.&#10;     */&#10;    public static final Color CYAN = Color.CYAN;&#10;&#10;    /**&#10;     *  The color dark gray.&#10;     */&#10;    public static final Color DARK_GRAY = Color.DARK_GRAY;&#10;&#10;    /**&#10;     *  The color gray.&#10;     */&#10;    public static final Color GRAY = Color.GRAY;&#10;&#10;    /**&#10;     *  The color green.&#10;     */&#10;    public static final Color GREEN  = Color.GREEN;&#10;&#10;    /**&#10;     *  The color light gray.&#10;     */&#10;    public static final Color LIGHT_GRAY = Color.LIGHT_GRAY;&#10;&#10;    /**&#10;     *  The color magenta.&#10;     */&#10;    public static final Color MAGENTA = Color.MAGENTA;&#10;&#10;    /**&#10;     *  The color orange.&#10;     */&#10;    public static final Color ORANGE = Color.ORANGE;&#10;&#10;    /**&#10;     *  The color pink.&#10;     */&#10;    public static final Color PINK = Color.PINK;&#10;&#10;    /**&#10;     *  The color red.&#10;     */&#10;    public static final Color RED = Color.RED;&#10;&#10;    /**&#10;     *  The color white.&#10;     */&#10;    public static final Color WHITE = Color.WHITE;&#10;&#10;    /**&#10;     *  The color yellow.&#10;     */&#10;    public static final Color YELLOW = Color.YELLOW;&#10;&#10;    /**&#10;     * Shade of blue used in &lt;em&gt;Introduction to Programming in Java&lt;/em&gt;.&#10;     * It is Pantone 300U. The RGB values are approximately (9, 90, 166).&#10;     */&#10;    public static final Color BOOK_BLUE = new Color(9, 90, 166);&#10;&#10;    /**&#10;     * Shade of light blue used in &lt;em&gt;Introduction to Programming in Java&lt;/em&gt;.&#10;     * The RGB values are approximately (103, 198, 243).&#10;     */&#10;    public static final Color BOOK_LIGHT_BLUE = new Color(103, 198, 243);&#10;&#10;    /**&#10;     * Shade of red used in &lt;em&gt;Algorithms, 4th edition&lt;/em&gt;.&#10;     * It is Pantone 1805U. The RGB values are approximately (150, 35, 31).&#10;     */&#10;    public static final Color BOOK_RED = new Color(150, 35, 31);&#10;&#10;    /**&#10;     * Shade of orange used in Princeton University's identity.&#10;     * It is PMS 158. The RGB values are approximately (245, 128, 37).&#10;     */&#10;    public static final Color PRINCETON_ORANGE = new Color(245, 128, 37);&#10;&#10;    // default colors&#10;    public static final Color DEFAULT_PEN_COLOR   = BLACK;&#10;    public static final Color DEFAULT_CLEAR_COLOR = WHITE;&#10;&#10;    // current pen color&#10;    public static Color penColor;&#10;&#10;    // default canvas size is DEFAULT_SIZE-by-DEFAULT_SIZE&#10;    public static final int DEFAULT_SIZE = 512;&#10;    public static int width  = DEFAULT_SIZE;&#10;    public static int height = DEFAULT_SIZE;&#10;&#10;    // default pen radius&#10;    public static final double DEFAULT_PEN_RADIUS = 0.002;&#10;&#10;    // current pen radius&#10;    public static double penRadius;&#10;&#10;    // show we draw immediately or wait until next show?&#10;    public static boolean defer = false;&#10;&#10;    // boundary of drawing canvas, 0% border&#10;    // public static final double BORDER = 0.05;&#10;    public static final double BORDER = 0.00;&#10;    public static final double DEFAULT_XMIN = 0.0;&#10;    public static final double DEFAULT_XMAX = 1.0;&#10;    public static final double DEFAULT_YMIN = 0.0;&#10;    public static final double DEFAULT_YMAX = 1.0;&#10;    public static double xmin, ymin, xmax, ymax;&#10;&#10;    // for synchronization&#10;    public static Object mouseLock = new Object();&#10;    public static Object keyLock = new Object();&#10;&#10;    // default font&#10;    public static final Font DEFAULT_FONT = new Font(&quot;SansSerif&quot;, Font.PLAIN, 16);&#10;&#10;    // current font&#10;    public static Font font;&#10;&#10;    // double buffered graphics&#10;    public static BufferedImage offscreenImage, onscreenImage;&#10;    public static Graphics2D offscreen, onscreen;&#10;&#10;    // singleton for callbacks: avoids generation of extra .class files&#10;    public static StdDraw std = new StdDraw();&#10;&#10;    // the frame for drawing to the screen&#10;    public static JFrame frame;&#10;&#10;    // mouse state&#10;    public static boolean isMousePressed = false;&#10;    public static double mouseX = 0;&#10;    public static double mouseY = 0;&#10;&#10;    // queue of typed key characters&#10;    public static LinkedList&lt;Character&gt; keysTyped = new LinkedList&lt;Character&gt;();&#10;&#10;    // set of key codes currently pressed down&#10;    public static TreeSet&lt;Integer&gt; keysDown = new TreeSet&lt;Integer&gt;();&#10;&#10;    // singleton pattern: client can't instantiate&#10;    public StdDraw() { }&#10;&#10;&#10;    // static initializer&#10;    static {&#10;        init();&#10;    }&#10;&#10;    /**&#10;     * Sets the canvas (drawing area) to be 512-by-512 pixels.&#10;     * This also erases the current drawing and resets the coordinate system,&#10;     * pen radius, pen color, and font back to their default values.&#10;     * Ordinarly, this method is called once, at the very beginning&#10;     * of a program.&#10;     */&#10;    public static void setCanvasSize() {&#10;        setCanvasSize(DEFAULT_SIZE, DEFAULT_SIZE);&#10;    }&#10;&#10;    /**&#10;     * Sets the canvas (drawing area) to be &lt;em&gt;width&lt;/em&gt;-by-&lt;em&gt;height&lt;/em&gt; pixels.&#10;     * This also erases the current drawing and resets the coordinate system,&#10;     * pen radius, pen color, and font back to their default values.&#10;     * Ordinarly, this method is called once, at the very beginning&#10;     * of a program.&#10;     *&#10;     * @param  canvasWidth the width as a number of pixels&#10;     * @param  canvasHeight the height as a number of pixels&#10;     * @throws IllegalArgumentException unless both {@code canvasWidth} and&#10;     *         {@code canvasHeight} are positive&#10;     */&#10;    public static void setCanvasSize(int canvasWidth, int canvasHeight) {&#10;        if (canvasWidth &lt;= 0) throw new IllegalArgumentException(&quot;width must be positive&quot;);&#10;        if (canvasHeight &lt;= 0) throw new IllegalArgumentException(&quot;height must be positive&quot;);&#10;        width = canvasWidth;&#10;        height = canvasHeight;&#10;        init();&#10;    }&#10;&#10;    // init&#10;    public static void init() {&#10;        if (frame != null) frame.setVisible(false);&#10;        frame = new JFrame();&#10;        offscreenImage = new BufferedImage(2*width, 2*height, BufferedImage.TYPE_INT_ARGB);&#10;        onscreenImage  = new BufferedImage(2*width, 2*height, BufferedImage.TYPE_INT_ARGB);&#10;        offscreen = offscreenImage.createGraphics();&#10;        onscreen  = onscreenImage.createGraphics();&#10;        offscreen.scale(2.0, 2.0);  // since we made it 2x as big&#10;&#10;        setXscale();&#10;        setYscale();&#10;        offscreen.setColor(DEFAULT_CLEAR_COLOR);&#10;        offscreen.fillRect(0, 0, width, height);&#10;        setPenColor();&#10;        setPenRadius();&#10;        setFont();&#10;        clear();&#10;&#10;        // add antialiasing&#10;        RenderingHints hints = new RenderingHints(RenderingHints.KEY_ANTIALIASING,&#10;                                                  RenderingHints.VALUE_ANTIALIAS_ON);&#10;        hints.put(RenderingHints.KEY_RENDERING, RenderingHints.VALUE_RENDER_QUALITY);&#10;        offscreen.addRenderingHints(hints);&#10;&#10;        // frame stuff&#10;        RetinaImageIcon icon = new RetinaImageIcon(onscreenImage);&#10;        JLabel draw = new JLabel(icon);&#10;&#10;        draw.addMouseListener(std);&#10;        draw.addMouseMotionListener(std);&#10;&#10;        frame.setContentPane(draw);&#10;        frame.addKeyListener(std);    // JLabel cannot get keyboard focus&#10;        frame.setFocusTraversalKeysEnabled(false);  // allow VK_TAB with isKeyPressed()&#10;        frame.setResizable(false);&#10;        frame.setDefaultCloseOperation(JFrame.EXIT_ON_CLOSE);            // closes all windows&#10;        // frame.setDefaultCloseOperation(JFrame.DISPOSE_ON_CLOSE);      // closes only current window&#10;        frame.setTitle(&quot;Standard Draw&quot;);&#10;        frame.setJMenuBar(createMenuBar());&#10;        frame.pack();&#10;        frame.requestFocusInWindow();&#10;        frame.setVisible(true);&#10;    }&#10;&#10;    // create the menu bar (changed to public)&#10;    public static JMenuBar createMenuBar() {&#10;        JMenuBar menuBar = new JMenuBar();&#10;        JMenu menu = new JMenu(&quot;File&quot;);&#10;        menuBar.add(menu);&#10;        JMenuItem menuItem1 = new JMenuItem(&quot; Save...   &quot;);&#10;        menuItem1.addActionListener(std);&#10;        // Java 10+: replace getMenuShortcutKeyMask() with getMenuShortcutKeyMaskEx()&#10;        menuItem1.setAccelerator(KeyStroke.getKeyStroke(KeyEvent.VK_S,&#10;                                Toolkit.getDefaultToolkit().getMenuShortcutKeyMask()));&#10;        menu.add(menuItem1);&#10;        return menuBar;&#10;    }&#10;&#10;   /***************************************************************************&#10;    *  User and screen coordinate systems.&#10;    ***************************************************************************/&#10;&#10;    // throw an IllegalArgumentException if x is NaN or infinite&#10;    public static void validate(double x, String name) {&#10;        if (Double.isNaN(x)) throw new IllegalArgumentException(name + &quot; is NaN&quot;);&#10;        if (Double.isInfinite(x)) throw new IllegalArgumentException(name + &quot; is infinite&quot;);&#10;    }&#10;&#10;    // throw an IllegalArgumentException if s is null&#10;    public static void validateNonnegative(double x, String name) {&#10;        if (x &lt; 0) throw new IllegalArgumentException(name + &quot; negative&quot;);&#10;    }&#10;&#10;    // throw an IllegalArgumentException if s is null&#10;    public static void validateNotNull(Object x, String name) {&#10;        if (x == null) throw new IllegalArgumentException(name + &quot; is null&quot;);&#10;    }&#10;&#10;&#10;    /**&#10;     * Sets the &lt;em&gt;x&lt;/em&gt;-scale to be the default (between 0.0 and 1.0).&#10;     */&#10;    public static void setXscale() {&#10;        setXscale(DEFAULT_XMIN, DEFAULT_XMAX);&#10;    }&#10;&#10;    /**&#10;     * Sets the &lt;em&gt;y&lt;/em&gt;-scale to be the default (between 0.0 and 1.0).&#10;     */&#10;    public static void setYscale() {&#10;        setYscale(DEFAULT_YMIN, DEFAULT_YMAX);&#10;    }&#10;&#10;    /**&#10;     * Sets the &lt;em&gt;x&lt;/em&gt;-scale and &lt;em&gt;y&lt;/em&gt;-scale to be the default&#10;     * (between 0.0 and 1.0).&#10;     */&#10;    public static void setScale() {&#10;        setXscale();&#10;        setYscale();&#10;    }&#10;&#10;    /**&#10;     * Sets the &lt;em&gt;x&lt;/em&gt;-scale to the specified range.&#10;     *&#10;     * @param  min the minimum value of the &lt;em&gt;x&lt;/em&gt;-scale&#10;     * @param  max the maximum value of the &lt;em&gt;x&lt;/em&gt;-scale&#10;     * @throws IllegalArgumentException if {@code (max == min)}&#10;     * @throws IllegalArgumentException if either {@code min} or {@code max} is either NaN or infinite&#10;     */&#10;    public static void setXscale(double min, double max) {&#10;        validate(min, &quot;min&quot;);&#10;        validate(max, &quot;max&quot;);&#10;        double size = max - min;&#10;        if (size == 0.0) throw new IllegalArgumentException(&quot;the min and max are the same&quot;);&#10;        synchronized (mouseLock) {&#10;            xmin = min - BORDER * size;&#10;            xmax = max + BORDER * size;&#10;        }&#10;    }&#10;&#10;    /**&#10;     * Sets the &lt;em&gt;y&lt;/em&gt;-scale to the specified range.&#10;     *&#10;     * @param  min the minimum value of the &lt;em&gt;y&lt;/em&gt;-scale&#10;     * @param  max the maximum value of the &lt;em&gt;y&lt;/em&gt;-scale&#10;     * @throws IllegalArgumentException if {@code (max == min)}&#10;     * @throws IllegalArgumentException if either {@code min} or {@code max} is either NaN or infinite&#10;     */&#10;    public static void setYscale(double min, double max) {&#10;        validate(min, &quot;min&quot;);&#10;        validate(max, &quot;max&quot;);&#10;        double size = max - min;&#10;        if (size == 0.0) throw new IllegalArgumentException(&quot;the min and max are the same&quot;);&#10;        synchronized (mouseLock) {&#10;            ymin = min - BORDER * size;&#10;            ymax = max + BORDER * size;&#10;        }&#10;    }&#10;&#10;    /**&#10;     * Sets both the &lt;em&gt;x&lt;/em&gt;-scale and &lt;em&gt;y&lt;/em&gt;-scale to the (same) specified range.&#10;     *&#10;     * @param  min the minimum value of the &lt;em&gt;x&lt;/em&gt;- and &lt;em&gt;y&lt;/em&gt;-scales&#10;     * @param  max the maximum value of the &lt;em&gt;x&lt;/em&gt;- and &lt;em&gt;y&lt;/em&gt;-scales&#10;     * @throws IllegalArgumentException if {@code (max == min)}&#10;     * @throws IllegalArgumentException if either {@code min} or {@code max} is either NaN or infinite&#10;     */&#10;    public static void setScale(double min, double max) {&#10;        validate(min, &quot;min&quot;);&#10;        validate(max, &quot;max&quot;);&#10;        double size = max - min;&#10;        if (size == 0.0) throw new IllegalArgumentException(&quot;the min and max are the same&quot;);&#10;        synchronized (mouseLock) {&#10;            xmin = min - BORDER * size;&#10;            xmax = max + BORDER * size;&#10;            ymin = min - BORDER * size;&#10;            ymax = max + BORDER * size;&#10;        }&#10;    }&#10;&#10;    // helper functions that scale from user coordinates to screen coordinates and back&#10;    public static double  scaleX(double x) { return width  * (x - xmin) / (xmax - xmin); }&#10;    public static double  scaleY(double y) { return height * (ymax - y) / (ymax - ymin); }&#10;    public static double factorX(double w) { return w * width  / Math.abs(xmax - xmin);  }&#10;    public static double factorY(double h) { return h * height / Math.abs(ymax - ymin);  }&#10;    public static double   userX(double x) { return xmin + x * (xmax - xmin) / width;    }&#10;    public static double   userY(double y) { return ymax - y * (ymax - ymin) / height;   }&#10;&#10;&#10;    /**&#10;     * Clears the screen to the default color (white).&#10;     */&#10;    public static void clear() {&#10;        clear(DEFAULT_CLEAR_COLOR);&#10;    }&#10;&#10;    /**&#10;     * Clears the screen to the specified color.&#10;     *&#10;     * @param color the color to make the background&#10;     * @throws IllegalArgumentException if {@code color} is {@code null}&#10;     */&#10;    public static void clear(Color color) {&#10;        validateNotNull(color, &quot;color&quot;);&#10;        offscreen.setColor(color);&#10;        offscreen.fillRect(0, 0, width, height);&#10;        offscreen.setColor(penColor);&#10;        draw();&#10;    }&#10;&#10;    /**&#10;     * Returns the current pen radius.&#10;     *&#10;     * @return the current value of the pen radius&#10;     */&#10;    public static double getPenRadius() {&#10;        return penRadius;&#10;    }&#10;&#10;    /**&#10;     * Sets the pen size to the default size (0.002).&#10;     * The pen is circular, so that lines have rounded ends, and when you set the&#10;     * pen radius and draw a point, you get a circle of the specified radius.&#10;     * The pen radius is not affected by coordinate scaling.&#10;     */&#10;    public static void setPenRadius() {&#10;        setPenRadius(DEFAULT_PEN_RADIUS);&#10;    }&#10;&#10;    /**&#10;     * Sets the radius of the pen to the specified size.&#10;     * The pen is circular, so that lines have rounded ends, and when you set the&#10;     * pen radius and draw a point, you get a circle of the specified radius.&#10;     * The pen radius is not affected by coordinate scaling.&#10;     *&#10;     * @param  radius the radius of the pen&#10;     * @throws IllegalArgumentException if {@code radius} is negative, NaN, or infinite&#10;     */&#10;    public static void setPenRadius(double radius) {&#10;        validate(radius, &quot;pen radius&quot;);&#10;        validateNonnegative(radius, &quot;pen radius&quot;);&#10;&#10;        penRadius = radius;&#10;        float scaledPenRadius = (float) (radius * DEFAULT_SIZE);&#10;        BasicStroke stroke = new BasicStroke(scaledPenRadius, BasicStroke.CAP_ROUND, BasicStroke.JOIN_ROUND);&#10;        // BasicStroke stroke = new BasicStroke(scaledPenRadius);&#10;        offscreen.setStroke(stroke);&#10;    }&#10;&#10;    /**&#10;     * Returns the current pen color.&#10;     *&#10;     * @return the current pen color&#10;     */&#10;    public static Color getPenColor() {&#10;        return penColor;&#10;    }&#10;&#10;    /**&#10;     * Sets the pen color to the default color (black).&#10;     */&#10;    public static void setPenColor() {&#10;        setPenColor(DEFAULT_PEN_COLOR);&#10;    }&#10;&#10;    /**&#10;     * Sets the pen color to the specified color.&#10;     * &lt;p&gt;&#10;     * The predefined pen colors are&#10;     * {@code StdDraw.BLACK}, {@code StdDraw.BLUE}, {@code StdDraw.CYAN},&#10;     * {@code StdDraw.DARK_GRAY}, {@code StdDraw.GRAY}, {@code StdDraw.GREEN},&#10;     * {@code StdDraw.LIGHT_GRAY}, {@code StdDraw.MAGENTA}, {@code StdDraw.ORANGE},&#10;     * {@code StdDraw.PINK}, {@code StdDraw.RED}, {@code StdDraw.WHITE}, and&#10;     * {@code StdDraw.YELLOW}.&#10;     *&#10;     * @param color the color to make the pen&#10;     * @throws IllegalArgumentException if {@code color} is {@code null}&#10;     */&#10;    public static void setPenColor(Color color) {&#10;        validateNotNull(color, &quot;color&quot;);&#10;        penColor = color;&#10;        offscreen.setColor(penColor);&#10;    }&#10;&#10;    /**&#10;     * Sets the pen color to the specified RGB color.&#10;     *&#10;     * @param  red the amount of red (between 0 and 255)&#10;     * @param  green the amount of green (between 0 and 255)&#10;     * @param  blue the amount of blue (between 0 and 255)&#10;     * @throws IllegalArgumentException if {@code red}, {@code green},&#10;     *         or {@code blue} is outside its prescribed range&#10;     */&#10;    public static void setPenColor(int red, int green, int blue) {&#10;        if (red   &lt; 0 || red   &gt;= 256) throw new IllegalArgumentException(&quot;red must be between 0 and 255&quot;);&#10;        if (green &lt; 0 || green &gt;= 256) throw new IllegalArgumentException(&quot;green must be between 0 and 255&quot;);&#10;        if (blue  &lt; 0 || blue  &gt;= 256) throw new IllegalArgumentException(&quot;blue must be between 0 and 255&quot;);&#10;        setPenColor(new Color(red, green, blue));&#10;    }&#10;&#10;    /**&#10;     * Returns the current font.&#10;     *&#10;     * @return the current font&#10;     */&#10;    public static Font getFont() {&#10;        return font;&#10;    }&#10;&#10;    /**&#10;     * Sets the font to the default font (sans serif, 16 point).&#10;     */&#10;    public static void setFont() {&#10;        setFont(DEFAULT_FONT);&#10;    }&#10;&#10;    /**&#10;     * Sets the font to the specified value.&#10;     *&#10;     * @param font the font&#10;     * @throws IllegalArgumentException if {@code font} is {@code null}&#10;     */&#10;    public static void setFont(Font font) {&#10;        validateNotNull(font, &quot;font&quot;);&#10;        StdDraw.font = font;&#10;    }&#10;&#10;&#10;   /***************************************************************************&#10;    *  Drawing geometric shapes.&#10;    ***************************************************************************/&#10;&#10;    /**&#10;     * Draws a line segment between (&lt;em&gt;x&lt;/em&gt;&lt;sub&gt;0&lt;/sub&gt;, &lt;em&gt;y&lt;/em&gt;&lt;sub&gt;0&lt;/sub&gt;) and&#10;     * (&lt;em&gt;x&lt;/em&gt;&lt;sub&gt;1&lt;/sub&gt;, &lt;em&gt;y&lt;/em&gt;&lt;sub&gt;1&lt;/sub&gt;).&#10;     *&#10;     * @param  x0 the &lt;em&gt;x&lt;/em&gt;-coordinate of one endpoint&#10;     * @param  y0 the &lt;em&gt;y&lt;/em&gt;-coordinate of one endpoint&#10;     * @param  x1 the &lt;em&gt;x&lt;/em&gt;-coordinate of the other endpoint&#10;     * @param  y1 the &lt;em&gt;y&lt;/em&gt;-coordinate of the other endpoint&#10;     * @throws IllegalArgumentException if any coordinate is either NaN or infinite&#10;     */&#10;    public static void line(double x0, double y0, double x1, double y1) {&#10;        validate(x0, &quot;x0&quot;);&#10;        validate(y0, &quot;y0&quot;);&#10;        validate(x1, &quot;x1&quot;);&#10;        validate(y1, &quot;y1&quot;);&#10;        offscreen.draw(new Line2D.Double(scaleX(x0), scaleY(y0), scaleX(x1), scaleY(y1)));&#10;        draw();&#10;    }&#10;&#10;    /**&#10;     * Draws one pixel at (&lt;em&gt;x&lt;/em&gt;, &lt;em&gt;y&lt;/em&gt;).&#10;     * This method is public because pixels depend on the display.&#10;     * To achieve the same effect, set the pen radius to 0 and call {@code point()}.&#10;     *&#10;     * @param  x the &lt;em&gt;x&lt;/em&gt;-coordinate of the pixel&#10;     * @param  y the &lt;em&gt;y&lt;/em&gt;-coordinate of the pixel&#10;     * @throws IllegalArgumentException if {@code x} or {@code y} is either NaN or infinite&#10;     */&#10;    public static void pixel(double x, double y) {&#10;        validate(x, &quot;x&quot;);&#10;        validate(y, &quot;y&quot;);&#10;        offscreen.fillRect((int) Math.round(scaleX(x)), (int) Math.round(scaleY(y)), 1, 1);&#10;    }&#10;&#10;    /**&#10;     * Draws a point centered at (&lt;em&gt;x&lt;/em&gt;, &lt;em&gt;y&lt;/em&gt;).&#10;     * The point is a filled circle whose radius is equal to the pen radius.&#10;     * To draw a single-pixel point, first set the pen radius to 0.&#10;     *&#10;     * @param x the &lt;em&gt;x&lt;/em&gt;-coordinate of the point&#10;     * @param y the &lt;em&gt;y&lt;/em&gt;-coordinate of the point&#10;     * @throws IllegalArgumentException if either {@code x} or {@code y} is either NaN or infinite&#10;     */&#10;    public static void point(double x, double y) {&#10;        validate(x, &quot;x&quot;);&#10;        validate(y, &quot;y&quot;);&#10;&#10;        double xs = scaleX(x);&#10;        double ys = scaleY(y);&#10;        double r = penRadius;&#10;        float scaledPenRadius = (float) (r * DEFAULT_SIZE);&#10;&#10;        // double ws = factorX(2*r);&#10;        // double hs = factorY(2*r);&#10;        // if (ws &lt;= 1 &amp;&amp; hs &lt;= 1) pixel(x, y);&#10;        if (scaledPenRadius &lt;= 1) pixel(x, y);&#10;        else offscreen.fill(new Ellipse2D.Double(xs - scaledPenRadius/2, ys - scaledPenRadius/2,&#10;                                                 scaledPenRadius, scaledPenRadius));&#10;        draw();&#10;    }&#10;&#10;    /**&#10;     * Draws a circle of the specified radius, centered at (&lt;em&gt;x&lt;/em&gt;, &lt;em&gt;y&lt;/em&gt;).&#10;     *&#10;     * @param  x the &lt;em&gt;x&lt;/em&gt;-coordinate of the center of the circle&#10;     * @param  y the &lt;em&gt;y&lt;/em&gt;-coordinate of the center of the circle&#10;     * @param  radius the radius of the circle&#10;     * @throws IllegalArgumentException if {@code radius} is negative&#10;     * @throws IllegalArgumentException if any argument is either NaN or infinite&#10;     */&#10;    public static void circle(double x, double y, double radius) {&#10;        validate(x, &quot;x&quot;);&#10;        validate(y, &quot;y&quot;);&#10;        validate(radius, &quot;radius&quot;);&#10;        validateNonnegative(radius, &quot;radius&quot;);&#10;&#10;        double xs = scaleX(x);&#10;        double ys = scaleY(y);&#10;        double ws = factorX(2*radius);&#10;        double hs = factorY(2*radius);&#10;        if (ws &lt;= 1 &amp;&amp; hs &lt;= 1) pixel(x, y);&#10;        else offscreen.draw(new Ellipse2D.Double(xs - ws/2, ys - hs/2, ws, hs));&#10;        draw();&#10;    }&#10;&#10;    /**&#10;     * Draws a filled circle of the specified radius, centered at (&lt;em&gt;x&lt;/em&gt;, &lt;em&gt;y&lt;/em&gt;).&#10;     *&#10;     * @param  x the &lt;em&gt;x&lt;/em&gt;-coordinate of the center of the circle&#10;     * @param  y the &lt;em&gt;y&lt;/em&gt;-coordinate of the center of the circle&#10;     * @param  radius the radius of the circle&#10;     * @throws IllegalArgumentException if {@code radius} is negative&#10;     * @throws IllegalArgumentException if any argument is either NaN or infinite&#10;     */&#10;    public static void filledCircle(double x, double y, double radius) {&#10;        validate(x, &quot;x&quot;);&#10;        validate(y, &quot;y&quot;);&#10;        validate(radius, &quot;radius&quot;);&#10;        validateNonnegative(radius, &quot;radius&quot;);&#10;&#10;        double xs = scaleX(x);&#10;        double ys = scaleY(y);&#10;        double ws = factorX(2*radius);&#10;        double hs = factorY(2*radius);&#10;        if (ws &lt;= 1 &amp;&amp; hs &lt;= 1) pixel(x, y);&#10;        else offscreen.fill(new Ellipse2D.Double(xs - ws/2, ys - hs/2, ws, hs));&#10;        draw();&#10;    }&#10;&#10;&#10;    /**&#10;     * Draws an ellipse with the specified semimajor and semiminor axes,&#10;     * centered at (&lt;em&gt;x&lt;/em&gt;, &lt;em&gt;y&lt;/em&gt;).&#10;     *&#10;     * @param  x the &lt;em&gt;x&lt;/em&gt;-coordinate of the center of the ellipse&#10;     * @param  y the &lt;em&gt;y&lt;/em&gt;-coordinate of the center of the ellipse&#10;     * @param  semiMajorAxis is the semimajor axis of the ellipse&#10;     * @param  semiMinorAxis is the semiminor axis of the ellipse&#10;     * @throws IllegalArgumentException if either {@code semiMajorAxis}&#10;     *         or {@code semiMinorAxis} is negative&#10;     * @throws IllegalArgumentException if any argument is either NaN or infinite&#10;     */&#10;    public static void ellipse(double x, double y, double semiMajorAxis, double semiMinorAxis) {&#10;        validate(x, &quot;x&quot;);&#10;        validate(y, &quot;y&quot;);&#10;        validate(semiMajorAxis, &quot;semimajor axis&quot;);&#10;        validate(semiMinorAxis, &quot;semiminor axis&quot;);&#10;        validateNonnegative(semiMajorAxis, &quot;semimajor axis&quot;);&#10;        validateNonnegative(semiMinorAxis, &quot;semiminor axis&quot;);&#10;&#10;        double xs = scaleX(x);&#10;        double ys = scaleY(y);&#10;        double ws = factorX(2*semiMajorAxis);&#10;        double hs = factorY(2*semiMinorAxis);&#10;        if (ws &lt;= 1 &amp;&amp; hs &lt;= 1) pixel(x, y);&#10;        else offscreen.draw(new Ellipse2D.Double(xs - ws/2, ys - hs/2, ws, hs));&#10;        draw();&#10;    }&#10;&#10;    /**&#10;     * Draws a filled ellipse with the specified semimajor and semiminor axes,&#10;     * centered at (&lt;em&gt;x&lt;/em&gt;, &lt;em&gt;y&lt;/em&gt;).&#10;     *&#10;     * @param  x the &lt;em&gt;x&lt;/em&gt;-coordinate of the center of the ellipse&#10;     * @param  y the &lt;em&gt;y&lt;/em&gt;-coordinate of the center of the ellipse&#10;     * @param  semiMajorAxis is the semimajor axis of the ellipse&#10;     * @param  semiMinorAxis is the semiminor axis of the ellipse&#10;     * @throws IllegalArgumentException if either {@code semiMajorAxis}&#10;     *         or {@code semiMinorAxis} is negative&#10;     * @throws IllegalArgumentException if any argument is either NaN or infinite&#10;     */&#10;    public static void filledEllipse(double x, double y, double semiMajorAxis, double semiMinorAxis) {&#10;        validate(x, &quot;x&quot;);&#10;        validate(y, &quot;y&quot;);&#10;        validate(semiMajorAxis, &quot;semimajor axis&quot;);&#10;        validate(semiMinorAxis, &quot;semiminor axis&quot;);&#10;        validateNonnegative(semiMajorAxis, &quot;semimajor axis&quot;);&#10;        validateNonnegative(semiMinorAxis, &quot;semiminor axis&quot;);&#10;&#10;        double xs = scaleX(x);&#10;        double ys = scaleY(y);&#10;        double ws = factorX(2*semiMajorAxis);&#10;        double hs = factorY(2*semiMinorAxis);&#10;        if (ws &lt;= 1 &amp;&amp; hs &lt;= 1) pixel(x, y);&#10;        else offscreen.fill(new Ellipse2D.Double(xs - ws/2, ys - hs/2, ws, hs));&#10;        draw();&#10;    }&#10;&#10;&#10;    /**&#10;     * Draws a circular arc of the specified radius,&#10;     * centered at (&lt;em&gt;x&lt;/em&gt;, &lt;em&gt;y&lt;/em&gt;), from angle1 to angle2 (in degrees).&#10;     *&#10;     * @param  x the &lt;em&gt;x&lt;/em&gt;-coordinate of the center of the circle&#10;     * @param  y the &lt;em&gt;y&lt;/em&gt;-coordinate of the center of the circle&#10;     * @param  radius the radius of the circle&#10;     * @param  angle1 the starting angle. 0 would mean an arc beginning at 3 o'clock.&#10;     * @param  angle2 the angle at the end of the arc. For example, if&#10;     *         you want a 90 degree arc, then angle2 should be angle1 + 90.&#10;     * @throws IllegalArgumentException if {@code radius} is negative&#10;     * @throws IllegalArgumentException if any argument is either NaN or infinite&#10;     */&#10;    public static void arc(double x, double y, double radius, double angle1, double angle2) {&#10;        validate(x, &quot;x&quot;);&#10;        validate(y, &quot;y&quot;);&#10;        validate(radius, &quot;arc radius&quot;);&#10;        validate(angle1, &quot;angle1&quot;);&#10;        validate(angle2, &quot;angle2&quot;);&#10;        validateNonnegative(radius, &quot;arc radius&quot;);&#10;&#10;        while (angle2 &lt; angle1) angle2 += 360;&#10;        double xs = scaleX(x);&#10;        double ys = scaleY(y);&#10;        double ws = factorX(2*radius);&#10;        double hs = factorY(2*radius);&#10;        if (ws &lt;= 1 &amp;&amp; hs &lt;= 1) pixel(x, y);&#10;        else offscreen.draw(new Arc2D.Double(xs - ws/2, ys - hs/2, ws, hs, angle1, angle2 - angle1, Arc2D.OPEN));&#10;        draw();&#10;    }&#10;&#10;    /**&#10;     * Draws a square of the specified size, centered at (&lt;em&gt;x&lt;/em&gt;, &lt;em&gt;y&lt;/em&gt;).&#10;     *&#10;     * @param  x the &lt;em&gt;x&lt;/em&gt;-coordinate of the center of the square&#10;     * @param  y the &lt;em&gt;y&lt;/em&gt;-coordinate of the center of the square&#10;     * @param  halfLength one half the length of any side of the square&#10;     * @throws IllegalArgumentException if {@code halfLength} is negative&#10;     * @throws IllegalArgumentException if any argument is either NaN or infinite&#10;     */&#10;    public static void square(double x, double y, double halfLength) {&#10;        validate(x, &quot;x&quot;);&#10;        validate(y, &quot;y&quot;);&#10;        validate(halfLength, &quot;halfLength&quot;);&#10;        validateNonnegative(halfLength, &quot;half length&quot;);&#10;&#10;        double xs = scaleX(x);&#10;        double ys = scaleY(y);&#10;        double ws = factorX(2*halfLength);&#10;        double hs = factorY(2*halfLength);&#10;        if (ws &lt;= 1 &amp;&amp; hs &lt;= 1) pixel(x, y);&#10;        else offscreen.draw(new Rectangle2D.Double(xs - ws/2, ys - hs/2, ws, hs));&#10;        draw();&#10;    }&#10;&#10;    /**&#10;     * Draws a filled square of the specified size, centered at (&lt;em&gt;x&lt;/em&gt;, &lt;em&gt;y&lt;/em&gt;).&#10;     *&#10;     * @param  x the &lt;em&gt;x&lt;/em&gt;-coordinate of the center of the square&#10;     * @param  y the &lt;em&gt;y&lt;/em&gt;-coordinate of the center of the square&#10;     * @param  halfLength one half the length of any side of the square&#10;     * @throws IllegalArgumentException if {@code halfLength} is negative&#10;     * @throws IllegalArgumentException if any argument is either NaN or infinite&#10;     */&#10;    public static void filledSquare(double x, double y, double halfLength) {&#10;        validate(x, &quot;x&quot;);&#10;        validate(y, &quot;y&quot;);&#10;        validate(halfLength, &quot;halfLength&quot;);&#10;        validateNonnegative(halfLength, &quot;half length&quot;);&#10;&#10;        double xs = scaleX(x);&#10;        double ys = scaleY(y);&#10;        double ws = factorX(2*halfLength);&#10;        double hs = factorY(2*halfLength);&#10;        if (ws &lt;= 1 &amp;&amp; hs &lt;= 1) pixel(x, y);&#10;        else offscreen.fill(new Rectangle2D.Double(xs - ws/2, ys - hs/2, ws, hs));&#10;        draw();&#10;    }&#10;&#10;&#10;    /**&#10;     * Draws a rectangle of the specified size, centered at (&lt;em&gt;x&lt;/em&gt;, &lt;em&gt;y&lt;/em&gt;).&#10;     *&#10;     * @param  x the &lt;em&gt;x&lt;/em&gt;-coordinate of the center of the rectangle&#10;     * @param  y the &lt;em&gt;y&lt;/em&gt;-coordinate of the center of the rectangle&#10;     * @param  halfWidth one half the width of the rectangle&#10;     * @param  halfHeight one half the height of the rectangle&#10;     * @throws IllegalArgumentException if either {@code halfWidth} or {@code halfHeight} is negative&#10;     * @throws IllegalArgumentException if any argument is either NaN or infinite&#10;     */&#10;    public static void rectangle(double x, double y, double halfWidth, double halfHeight) {&#10;        validate(x, &quot;x&quot;);&#10;        validate(y, &quot;y&quot;);&#10;        validate(halfWidth, &quot;halfWidth&quot;);&#10;        validate(halfHeight, &quot;halfHeight&quot;);&#10;        validateNonnegative(halfWidth, &quot;half width&quot;);&#10;        validateNonnegative(halfHeight, &quot;half height&quot;);&#10;&#10;        double xs = scaleX(x);&#10;        double ys = scaleY(y);&#10;        double ws = factorX(2*halfWidth);&#10;        double hs = factorY(2*halfHeight);&#10;        if (ws &lt;= 1 &amp;&amp; hs &lt;= 1) pixel(x, y);&#10;        else offscreen.draw(new Rectangle2D.Double(xs - ws/2, ys - hs/2, ws, hs));&#10;        draw();&#10;    }&#10;&#10;    /**&#10;     * Draws a filled rectangle of the specified size, centered at (&lt;em&gt;x&lt;/em&gt;, &lt;em&gt;y&lt;/em&gt;).&#10;     *&#10;     * @param  x the &lt;em&gt;x&lt;/em&gt;-coordinate of the center of the rectangle&#10;     * @param  y the &lt;em&gt;y&lt;/em&gt;-coordinate of the center of the rectangle&#10;     * @param  halfWidth one half the width of the rectangle&#10;     * @param  halfHeight one half the height of the rectangle&#10;     * @throws IllegalArgumentException if either {@code halfWidth} or {@code halfHeight} is negative&#10;     * @throws IllegalArgumentException if any argument is either NaN or infinite&#10;     */&#10;    public static void filledRectangle(double x, double y, double halfWidth, double halfHeight) {&#10;        validate(x, &quot;x&quot;);&#10;        validate(y, &quot;y&quot;);&#10;        validate(halfWidth, &quot;halfWidth&quot;);&#10;        validate(halfHeight, &quot;halfHeight&quot;);&#10;        validateNonnegative(halfWidth, &quot;half width&quot;);&#10;        validateNonnegative(halfHeight, &quot;half height&quot;);&#10;&#10;        double xs = scaleX(x);&#10;        double ys = scaleY(y);&#10;        double ws = factorX(2*halfWidth);&#10;        double hs = factorY(2*halfHeight);&#10;        if (ws &lt;= 1 &amp;&amp; hs &lt;= 1) pixel(x, y);&#10;        else offscreen.fill(new Rectangle2D.Double(xs - ws/2, ys - hs/2, ws, hs));&#10;        draw();&#10;    }&#10;&#10;&#10;    /**&#10;     * Draws a polygon with the vertices &#10;     * (&lt;em&gt;x&lt;/em&gt;&lt;sub&gt;0&lt;/sub&gt;, &lt;em&gt;y&lt;/em&gt;&lt;sub&gt;0&lt;/sub&gt;),&#10;     * (&lt;em&gt;x&lt;/em&gt;&lt;sub&gt;1&lt;/sub&gt;, &lt;em&gt;y&lt;/em&gt;&lt;sub&gt;1&lt;/sub&gt;), ...,&#10;     * (&lt;em&gt;x&lt;/em&gt;&lt;sub&gt;&lt;em&gt;n&lt;/em&gt;â€“1&lt;/sub&gt;, &lt;em&gt;y&lt;/em&gt;&lt;sub&gt;&lt;em&gt;n&lt;/em&gt;â€“1&lt;/sub&gt;).&#10;     *&#10;     * @param  x an array of all the &lt;em&gt;x&lt;/em&gt;-coordinates of the polygon&#10;     * @param  y an array of all the &lt;em&gt;y&lt;/em&gt;-coordinates of the polygon&#10;     * @throws IllegalArgumentException unless {@code x[]} and {@code y[]}&#10;     *         are of the same length&#10;     * @throws IllegalArgumentException if any coordinate is either NaN or infinite&#10;     * @throws IllegalArgumentException if either {@code x[]} or {@code y[]} is {@code null}&#10;     */&#10;    public static void polygon(double[] x, double[] y) {&#10;        validateNotNull(x, &quot;x-coordinate array&quot;);&#10;        validateNotNull(y, &quot;y-coordinate array&quot;);&#10;        for (int i = 0; i &lt; x.length; i++) validate(x[i], &quot;x[&quot; + i + &quot;]&quot;);&#10;        for (int i = 0; i &lt; y.length; i++) validate(y[i], &quot;y[&quot; + i + &quot;]&quot;);&#10;&#10;        int n1 = x.length;&#10;        int n2 = y.length;&#10;        if (n1 != n2) throw new IllegalArgumentException(&quot;arrays must be of the same length&quot;);&#10;        int n = n1;&#10;        if (n == 0) return;&#10;&#10;        GeneralPath path = new GeneralPath();&#10;        path.moveTo((float) scaleX(x[0]), (float) scaleY(y[0]));&#10;        for (int i = 0; i &lt; n; i++)&#10;            path.lineTo((float) scaleX(x[i]), (float) scaleY(y[i]));&#10;        path.closePath();&#10;        offscreen.draw(path);&#10;        draw();&#10;    }&#10;&#10;    /**&#10;     * Draws a filled polygon with the vertices &#10;     * (&lt;em&gt;x&lt;/em&gt;&lt;sub&gt;0&lt;/sub&gt;, &lt;em&gt;y&lt;/em&gt;&lt;sub&gt;0&lt;/sub&gt;),&#10;     * (&lt;em&gt;x&lt;/em&gt;&lt;sub&gt;1&lt;/sub&gt;, &lt;em&gt;y&lt;/em&gt;&lt;sub&gt;1&lt;/sub&gt;), ...,&#10;     * (&lt;em&gt;x&lt;/em&gt;&lt;sub&gt;&lt;em&gt;n&lt;/em&gt;â€“1&lt;/sub&gt;, &lt;em&gt;y&lt;/em&gt;&lt;sub&gt;&lt;em&gt;n&lt;/em&gt;â€“1&lt;/sub&gt;).&#10;     *&#10;     * @param  x an array of all the &lt;em&gt;x&lt;/em&gt;-coordinates of the polygon&#10;     * @param  y an array of all the &lt;em&gt;y&lt;/em&gt;-coordinates of the polygon&#10;     * @throws IllegalArgumentException unless {@code x[]} and {@code y[]}&#10;     *         are of the same length&#10;     * @throws IllegalArgumentException if any coordinate is either NaN or infinite&#10;     * @throws IllegalArgumentException if either {@code x[]} or {@code y[]} is {@code null}&#10;     */&#10;    public static void filledPolygon(double[] x, double[] y) {&#10;        validateNotNull(x, &quot;x-coordinate array&quot;);&#10;        validateNotNull(y, &quot;y-coordinate array&quot;);&#10;        for (int i = 0; i &lt; x.length; i++) validate(x[i], &quot;x[&quot; + i + &quot;]&quot;);&#10;        for (int i = 0; i &lt; y.length; i++) validate(y[i], &quot;y[&quot; + i + &quot;]&quot;);&#10;&#10;        int n1 = x.length;&#10;        int n2 = y.length;&#10;        if (n1 != n2) throw new IllegalArgumentException(&quot;arrays must be of the same length&quot;);&#10;        int n = n1;&#10;        if (n == 0) return;&#10;&#10;        GeneralPath path = new GeneralPath();&#10;        path.moveTo((float) scaleX(x[0]), (float) scaleY(y[0]));&#10;        for (int i = 0; i &lt; n; i++)&#10;            path.lineTo((float) scaleX(x[i]), (float) scaleY(y[i]));&#10;        path.closePath();&#10;        offscreen.fill(path);&#10;        draw();&#10;    }&#10;&#10;&#10;   /***************************************************************************&#10;    *  Drawing images.&#10;    ***************************************************************************/&#10;    // get an image from the given filename&#10;    public static Image getImage(String filename) {&#10;        if (filename == null) throw new IllegalArgumentException();&#10;&#10;        // to read from file&#10;        ImageIcon icon = new ImageIcon(filename);&#10;&#10;        // try to read from URL&#10;        if ((icon == null) || (icon.getImageLoadStatus() != MediaTracker.COMPLETE)) {&#10;            try {&#10;                URL url = new URL(filename);&#10;                icon = new ImageIcon(url);&#10;            }&#10;            catch (MalformedURLException e) {&#10;                /* not a url */&#10;            }&#10;        }&#10;&#10;        // in case file is inside a .jar (classpath relative to StdDraw)&#10;        if ((icon == null) || (icon.getImageLoadStatus() != MediaTracker.COMPLETE)) {&#10;            URL url = StdDraw.class.getResource(filename);&#10;            if (url != null)&#10;                icon = new ImageIcon(url);&#10;        }&#10;&#10;        // in case file is inside a .jar (classpath relative to root of jar)&#10;        if ((icon == null) || (icon.getImageLoadStatus() != MediaTracker.COMPLETE)) {&#10;            URL url = StdDraw.class.getResource(&quot;/&quot; + filename);&#10;            if (url == null) throw new IllegalArgumentException(&quot;image &quot; + filename + &quot; not found&quot;);&#10;            icon = new ImageIcon(url);&#10;        }&#10;&#10;        return icon.getImage();&#10;    }&#10;&#10;   /***************************************************************************&#10;    * [Summer 2016] Should we update to use ImageIO instead of ImageIcon()?&#10;    *               Seems to have some issues loading images on some systems&#10;    *               and slows things down on other systems.&#10;    *               especially if you don't call ImageIO.setUseCache(false)&#10;    *               One advantage is that it returns a BufferedImage.&#10;    ***************************************************************************/&#10;/*&#10;    public static BufferedImage getImage(String filename) {&#10;        if (filename == null) throw new IllegalArgumentException();&#10;&#10;        // from a file or URL&#10;        try {&#10;            URL url = new URL(filename);&#10;            BufferedImage image = ImageIO.read(url);&#10;            return image;&#10;        } &#10;        catch (IOException e) {&#10;            // ignore&#10;        }&#10;&#10;        // in case file is inside a .jar (classpath relative to StdDraw)&#10;        try {&#10;            URL url = StdDraw.class.getResource(filename);&#10;            BufferedImage image = ImageIO.read(url);&#10;            return image;&#10;        } &#10;        catch (IOException e) {&#10;            // ignore&#10;        }&#10;&#10;        // in case file is inside a .jar (classpath relative to root of jar)&#10;        try {&#10;            URL url = StdDraw.class.getResource(&quot;/&quot; + filename);&#10;            BufferedImage image = ImageIO.read(url);&#10;            return image;&#10;        } &#10;        catch (IOException e) {&#10;            // ignore&#10;        }&#10;        throw new IllegalArgumentException(&quot;image &quot; + filename + &quot; not found&quot;);&#10;    }&#10;*/&#10;    /**&#10;     * Draws the specified image centered at (&lt;em&gt;x&lt;/em&gt;, &lt;em&gt;y&lt;/em&gt;).&#10;     * The supported image formats are JPEG, PNG, and GIF.&#10;     * As an optimization, the picture is cached, so there is no performance&#10;     * penalty for redrawing the same image multiple times (e.g., in an animation).&#10;     * However, if you change the picture file after drawing it, subsequent&#10;     * calls will draw the original picture.&#10;     *&#10;     * @param  x the center &lt;em&gt;x&lt;/em&gt;-coordinate of the image&#10;     * @param  y the center &lt;em&gt;y&lt;/em&gt;-coordinate of the image&#10;     * @param  filename the name of the image/picture, e.g., &quot;ball.gif&quot;&#10;     * @throws IllegalArgumentException if the image filename is invalid&#10;     * @throws IllegalArgumentException if either {@code x} or {@code y} is either NaN or infinite&#10;     */&#10;    public static void picture(double x, double y, String filename) {&#10;        validate(x, &quot;x&quot;);&#10;        validate(y, &quot;y&quot;);&#10;        validateNotNull(filename, &quot;filename&quot;);&#10;&#10;        // BufferedImage image = getImage(filename);&#10;        Image image = getImage(filename);&#10;        double xs = scaleX(x);&#10;        double ys = scaleY(y);&#10;        // int ws = image.getWidth();    // can call only if image is a BufferedImage&#10;        // int hs = image.getHeight();&#10;        int ws = image.getWidth(null);&#10;        int hs = image.getHeight(null);&#10;        if (ws &lt; 0 || hs &lt; 0) throw new IllegalArgumentException(&quot;image &quot; + filename + &quot; is corrupt&quot;);&#10;&#10;        offscreen.drawImage(image, (int) Math.round(xs - ws/2.0), (int) Math.round(ys - hs/2.0), null);&#10;        draw();&#10;    }&#10;&#10;    /**&#10;     * Draws the specified image centered at (&lt;em&gt;x&lt;/em&gt;, &lt;em&gt;y&lt;/em&gt;),&#10;     * rotated given number of degrees.&#10;     * The supported image formats are JPEG, PNG, and GIF.&#10;     *&#10;     * @param  x the center &lt;em&gt;x&lt;/em&gt;-coordinate of the image&#10;     * @param  y the center &lt;em&gt;y&lt;/em&gt;-coordinate of the image&#10;     * @param  filename the name of the image/picture, e.g., &quot;ball.gif&quot;&#10;     * @param  degrees is the number of degrees to rotate counterclockwise&#10;     * @throws IllegalArgumentException if the image filename is invalid&#10;     * @throws IllegalArgumentException if {@code x}, {@code y}, {@code degrees} is NaN or infinite&#10;     * @throws IllegalArgumentException if {@code filename} is {@code null}&#10;     */&#10;    public static void picture(double x, double y, String filename, double degrees) {&#10;        validate(x, &quot;x&quot;);&#10;        validate(y, &quot;y&quot;);&#10;        validate(degrees, &quot;degrees&quot;);&#10;        validateNotNull(filename, &quot;filename&quot;);&#10;&#10;        // BufferedImage image = getImage(filename);&#10;        Image image = getImage(filename);&#10;        double xs = scaleX(x);&#10;        double ys = scaleY(y);&#10;        // int ws = image.getWidth();    // can call only if image is a BufferedImage&#10;        // int hs = image.getHeight();&#10;        int ws = image.getWidth(null);&#10;        int hs = image.getHeight(null);&#10;        if (ws &lt; 0 || hs &lt; 0) throw new IllegalArgumentException(&quot;image &quot; + filename + &quot; is corrupt&quot;);&#10;&#10;        offscreen.rotate(Math.toRadians(-degrees), xs, ys);&#10;        offscreen.drawImage(image, (int) Math.round(xs - ws/2.0), (int) Math.round(ys - hs/2.0), null);&#10;        offscreen.rotate(Math.toRadians(+degrees), xs, ys);&#10;&#10;        draw();&#10;    }&#10;&#10;    /**&#10;     * Draws the specified image centered at (&lt;em&gt;x&lt;/em&gt;, &lt;em&gt;y&lt;/em&gt;),&#10;     * rescaled to the specified bounding box.&#10;     * The supported image formats are JPEG, PNG, and GIF.&#10;     *&#10;     * @param  x the center &lt;em&gt;x&lt;/em&gt;-coordinate of the image&#10;     * @param  y the center &lt;em&gt;y&lt;/em&gt;-coordinate of the image&#10;     * @param  filename the name of the image/picture, e.g., &quot;ball.gif&quot;&#10;     * @param  scaledWidth the width of the scaled image (in screen coordinates)&#10;     * @param  scaledHeight the height of the scaled image (in screen coordinates)&#10;     * @throws IllegalArgumentException if either {@code scaledWidth}&#10;     *         or {@code scaledHeight} is negative&#10;     * @throws IllegalArgumentException if the image filename is invalid&#10;     * @throws IllegalArgumentException if {@code x} or {@code y} is either NaN or infinite&#10;     * @throws IllegalArgumentException if {@code filename} is {@code null}&#10;     */&#10;    public static void picture(double x, double y, String filename, double scaledWidth, double scaledHeight) {&#10;        validate(x, &quot;x&quot;);&#10;        validate(y, &quot;y&quot;);&#10;        validate(scaledWidth, &quot;scaled width&quot;);&#10;        validate(scaledHeight, &quot;scaled height&quot;);&#10;        validateNotNull(filename, &quot;filename&quot;);&#10;        validateNonnegative(scaledWidth, &quot;scaled width&quot;);&#10;        validateNonnegative(scaledHeight, &quot;scaled height&quot;);&#10;&#10;        Image image = getImage(filename);&#10;        double xs = scaleX(x);&#10;        double ys = scaleY(y);&#10;        double ws = factorX(scaledWidth);&#10;        double hs = factorY(scaledHeight);&#10;        if (ws &lt; 0 || hs &lt; 0) throw new IllegalArgumentException(&quot;image &quot; + filename + &quot; is corrupt&quot;);&#10;        if (ws &lt;= 1 &amp;&amp; hs &lt;= 1) pixel(x, y);&#10;        else {&#10;            offscreen.drawImage(image, (int) Math.round(xs - ws/2.0),&#10;                                       (int) Math.round(ys - hs/2.0),&#10;                                       (int) Math.round(ws),&#10;                                       (int) Math.round(hs), null);&#10;        }&#10;        draw();&#10;    }&#10;&#10;&#10;    /**&#10;     * Draws the specified image centered at (&lt;em&gt;x&lt;/em&gt;, &lt;em&gt;y&lt;/em&gt;), rotated&#10;     * given number of degrees, and rescaled to the specified bounding box.&#10;     * The supported image formats are JPEG, PNG, and GIF.&#10;     *&#10;     * @param  x the center &lt;em&gt;x&lt;/em&gt;-coordinate of the image&#10;     * @param  y the center &lt;em&gt;y&lt;/em&gt;-coordinate of the image&#10;     * @param  filename the name of the image/picture, e.g., &quot;ball.gif&quot;&#10;     * @param  scaledWidth the width of the scaled image (in screen coordinates)&#10;     * @param  scaledHeight the height of the scaled image (in screen coordinates)&#10;     * @param  degrees is the number of degrees to rotate counterclockwise&#10;     * @throws IllegalArgumentException if either {@code scaledWidth}&#10;     *         or {@code scaledHeight} is negative&#10;     * @throws IllegalArgumentException if the image filename is invalid&#10;     */&#10;    public static void picture(double x, double y, String filename, double scaledWidth, double scaledHeight, double degrees) {&#10;        validate(x, &quot;x&quot;);&#10;        validate(y, &quot;y&quot;);&#10;        validate(scaledWidth, &quot;scaled width&quot;);&#10;        validate(scaledHeight, &quot;scaled height&quot;);&#10;        validate(degrees, &quot;degrees&quot;);&#10;        validateNotNull(filename, &quot;filename&quot;);&#10;        validateNonnegative(scaledWidth, &quot;scaled width&quot;);&#10;        validateNonnegative(scaledHeight, &quot;scaled height&quot;);&#10;&#10;        Image image = getImage(filename);&#10;        double xs = scaleX(x);&#10;        double ys = scaleY(y);&#10;        double ws = factorX(scaledWidth);&#10;        double hs = factorY(scaledHeight);&#10;        if (ws &lt; 0 || hs &lt; 0) throw new IllegalArgumentException(&quot;image &quot; + filename + &quot; is corrupt&quot;);&#10;        if (ws &lt;= 1 &amp;&amp; hs &lt;= 1) pixel(x, y);&#10;&#10;        offscreen.rotate(Math.toRadians(-degrees), xs, ys);&#10;        offscreen.drawImage(image, (int) Math.round(xs - ws/2.0),&#10;                                   (int) Math.round(ys - hs/2.0),&#10;                                   (int) Math.round(ws),&#10;                                   (int) Math.round(hs), null);&#10;        offscreen.rotate(Math.toRadians(+degrees), xs, ys);&#10;&#10;        draw();&#10;    }&#10;&#10;   /***************************************************************************&#10;    *  Drawing text.&#10;    ***************************************************************************/&#10;&#10;    /**&#10;     * Writes the given text string in the current font, centered at (&lt;em&gt;x&lt;/em&gt;, &lt;em&gt;y&lt;/em&gt;).&#10;     *&#10;     * @param  x the center &lt;em&gt;x&lt;/em&gt;-coordinate of the text&#10;     * @param  y the center &lt;em&gt;y&lt;/em&gt;-coordinate of the text&#10;     * @param  text the text to write&#10;     * @throws IllegalArgumentException if {@code text} is {@code null}&#10;     * @throws IllegalArgumentException if {@code x} or {@code y} is either NaN or infinite&#10;     */&#10;    public static void text(double x, double y, String text) {&#10;        validate(x, &quot;x&quot;);&#10;        validate(y, &quot;y&quot;);&#10;        validateNotNull(text, &quot;text&quot;);&#10;&#10;        offscreen.setFont(font);&#10;        FontMetrics metrics = offscreen.getFontMetrics();&#10;        double xs = scaleX(x);&#10;        double ys = scaleY(y);&#10;        int ws = metrics.stringWidth(text);&#10;        int hs = metrics.getDescent();&#10;        offscreen.drawString(text, (float) (xs - ws/2.0), (float) (ys + hs));&#10;        draw();&#10;    }&#10;&#10;    /**&#10;     * Writes the given text string in the current font, centered at (&lt;em&gt;x&lt;/em&gt;, &lt;em&gt;y&lt;/em&gt;) and&#10;     * rotated by the specified number of degrees.&#10;     * @param  x the center &lt;em&gt;x&lt;/em&gt;-coordinate of the text&#10;     * @param  y the center &lt;em&gt;y&lt;/em&gt;-coordinate of the text&#10;     * @param  text the text to write&#10;     * @param  degrees is the number of degrees to rotate counterclockwise&#10;     * @throws IllegalArgumentException if {@code text} is {@code null}&#10;     * @throws IllegalArgumentException if {@code x}, {@code y}, or {@code degrees} is either NaN or infinite&#10;     */&#10;    public static void text(double x, double y, String text, double degrees) {&#10;        validate(x, &quot;x&quot;);&#10;        validate(y, &quot;y&quot;);&#10;        validate(degrees, &quot;degrees&quot;);&#10;        validateNotNull(text, &quot;text&quot;);&#10;&#10;        double xs = scaleX(x);&#10;        double ys = scaleY(y);&#10;        offscreen.rotate(Math.toRadians(-degrees), xs, ys);&#10;        text(x, y, text);&#10;        offscreen.rotate(Math.toRadians(+degrees), xs, ys);&#10;    }&#10;&#10;&#10;    /**&#10;     * Writes the given text string in the current font, left-aligned at (&lt;em&gt;x&lt;/em&gt;, &lt;em&gt;y&lt;/em&gt;).&#10;     * @param  x the &lt;em&gt;x&lt;/em&gt;-coordinate of the text&#10;     * @param  y the &lt;em&gt;y&lt;/em&gt;-coordinate of the text&#10;     * @param  text the text&#10;     * @throws IllegalArgumentException if {@code text} is {@code null}&#10;     * @throws IllegalArgumentException if {@code x} or {@code y} is either NaN or infinite&#10;     */&#10;    public static void textLeft(double x, double y, String text) {&#10;        validate(x, &quot;x&quot;);&#10;        validate(y, &quot;y&quot;);&#10;        validateNotNull(text, &quot;text&quot;);&#10;&#10;        offscreen.setFont(font);&#10;        FontMetrics metrics = offscreen.getFontMetrics();&#10;        double xs = scaleX(x);&#10;        double ys = scaleY(y);&#10;        int hs = metrics.getDescent();&#10;        offscreen.drawString(text, (float) xs, (float) (ys + hs));&#10;        draw();&#10;    }&#10;&#10;    /**&#10;     * Writes the given text string in the current font, right-aligned at (&lt;em&gt;x&lt;/em&gt;, &lt;em&gt;y&lt;/em&gt;).&#10;     *&#10;     * @param  x the &lt;em&gt;x&lt;/em&gt;-coordinate of the text&#10;     * @param  y the &lt;em&gt;y&lt;/em&gt;-coordinate of the text&#10;     * @param  text the text to write&#10;     * @throws IllegalArgumentException if {@code text} is {@code null}&#10;     * @throws IllegalArgumentException if {@code x} or {@code y} is either NaN or infinite&#10;     */&#10;    public static void textRight(double x, double y, String text) {&#10;        validate(x, &quot;x&quot;);&#10;        validate(y, &quot;y&quot;);&#10;        validateNotNull(text, &quot;text&quot;);&#10;&#10;        offscreen.setFont(font);&#10;        FontMetrics metrics = offscreen.getFontMetrics();&#10;        double xs = scaleX(x);&#10;        double ys = scaleY(y);&#10;        int ws = metrics.stringWidth(text);&#10;        int hs = metrics.getDescent();&#10;        offscreen.drawString(text, (float) (xs - ws), (float) (ys + hs));&#10;        draw();&#10;    }&#10;&#10;&#10;    /**&#10;     * Copies the offscreen buffer to the onscreen buffer, pauses for t milliseconds&#10;     * and enables double buffering.&#10;     * @param t number of milliseconds&#10;     * @deprecated replaced by {@link #enableDoubleBuffering()}, {@link #show()}, and {@link #pause(int t)}&#10;     */&#10;    @Deprecated&#10;    public static void show(int t) {&#10;        validateNonnegative(t, &quot;t&quot;);&#10;        show();&#10;        pause(t);&#10;        enableDoubleBuffering();&#10;    }&#10;&#10;    /**&#10;     * Pauses for t milliseconds. This method is intended to support computer animations.&#10;     * @param t number of milliseconds&#10;     */&#10;    public static void pause(int t) {&#10;        validateNonnegative(t, &quot;t&quot;);&#10;        try {&#10;            Thread.sleep(t);&#10;        }&#10;        catch (InterruptedException e) {&#10;            System.out.println(&quot;Error sleeping&quot;);&#10;        }&#10;    }&#10;&#10;    /**&#10;     * Copies offscreen buffer to onscreen buffer. There is no reason to call&#10;     * this method unless double buffering is enabled.&#10;     */&#10;    public static void show() {&#10;        onscreen.drawImage(offscreenImage, 0, 0, null);&#10;        frame.repaint();&#10;    }&#10;&#10;    // draw onscreen if defer is false&#10;    public static void draw() {&#10;        if (!defer) show();&#10;    }&#10;&#10;    /**&#10;     * Enables double buffering. All subsequent calls to &#10;     * drawing methods such as {@code line()}, {@code circle()},&#10;     * and {@code square()} will be deferred until the next call&#10;     * to show(). Useful for animations.&#10;     */&#10;    public static void enableDoubleBuffering() {&#10;        defer = true;&#10;    }&#10;&#10;    /**&#10;     * Disables double buffering. All subsequent calls to &#10;     * drawing methods such as {@code line()}, {@code circle()},&#10;     * and {@code square()} will be displayed on screen when called.&#10;     * This is the default.&#10;     */&#10;    public static void disableDoubleBuffering() {&#10;        defer = false;&#10;    }&#10;&#10;&#10;   /***************************************************************************&#10;    *  Save drawing to a file.&#10;    ***************************************************************************/&#10;&#10;    /**&#10;     * Saves the drawing to using the specified filename.&#10;     * The supported image formats are JPEG and PNG;&#10;     * the filename suffix must be {@code .jpg} or {@code .png}.&#10;     *&#10;     * @param  filename the name of the file with one of the required suffixes&#10;     * @throws IllegalArgumentException if {@code filename} is {@code null}&#10;     */&#10;    public static void save(String filename) {&#10;        validateNotNull(filename, &quot;filename&quot;);&#10;        File file = new File(filename);&#10;        String suffix = filename.substring(filename.lastIndexOf('.') + 1);&#10;&#10;        // png files&#10;        if (&quot;png&quot;.equalsIgnoreCase(suffix)) {&#10;            try {&#10;                ImageIO.write(onscreenImage, suffix, file);&#10;            }&#10;            catch (IOException e) {&#10;                e.printStackTrace();&#10;            }&#10;        }&#10;&#10;        // need to change from ARGB to RGB for JPEG&#10;        // reference: http://archives.java.sun.com/cgi-bin/wa?A2=ind0404&amp;L=java2d-interest&amp;D=0&amp;P=2727&#10;        else if (&quot;jpg&quot;.equalsIgnoreCase(suffix)) {&#10;            WritableRaster raster = onscreenImage.getRaster();&#10;            WritableRaster newRaster;&#10;            newRaster = raster.createWritableChild(0, 0, width, height, 0, 0, new int[] {0, 1, 2});&#10;            DirectColorModel cm = (DirectColorModel) onscreenImage.getColorModel();&#10;            DirectColorModel newCM = new DirectColorModel(cm.getPixelSize(),&#10;                                                          cm.getRedMask(),&#10;                                                          cm.getGreenMask(),&#10;                                                          cm.getBlueMask());&#10;            BufferedImage rgbBuffer = new BufferedImage(newCM, newRaster, false,  null);&#10;            try {&#10;                ImageIO.write(rgbBuffer, suffix, file);&#10;            }&#10;            catch (IOException e) {&#10;                e.printStackTrace();&#10;            }&#10;        }&#10;&#10;        else {&#10;            System.out.println(&quot;Invalid image file type: &quot; + suffix);&#10;        }&#10;    }&#10;&#10;&#10;    /**&#10;     * This method cannot be called directly.&#10;     */&#10;    @Override&#10;    public void actionPerformed(ActionEvent e) {&#10;        FileDialog chooser = new FileDialog(StdDraw.frame, &quot;Use a .png or .jpg extension&quot;, FileDialog.SAVE);&#10;        chooser.setVisible(true);&#10;        String filename = chooser.getFile();&#10;        if (filename != null) {&#10;            StdDraw.save(chooser.getDirectory() + File.separator + chooser.getFile());&#10;        }&#10;    }&#10;&#10;&#10;   /***************************************************************************&#10;    *  Mouse interactions.&#10;    ***************************************************************************/&#10;&#10;    /**&#10;     * Returns true if the mouse is being pressed.&#10;     *&#10;     * @return {@code true} if the mouse is being pressed; {@code false} otherwise&#10;     */&#10;    public static boolean isMousePressed() {&#10;        synchronized (mouseLock) {&#10;            return isMousePressed;&#10;        }&#10;    }&#10;&#10;    /**&#10;     * Returns true if the mouse is being pressed.&#10;     *&#10;     * @return {@code true} if the mouse is being pressed; {@code false} otherwise&#10;     * @deprecated replaced by {@link #isMousePressed()}&#10;     */&#10;    @Deprecated&#10;    public static boolean mousePressed() {&#10;        synchronized (mouseLock) {&#10;            return isMousePressed;&#10;        }&#10;    }&#10;&#10;    /**&#10;     * Returns the &lt;em&gt;x&lt;/em&gt;-coordinate of the mouse.&#10;     *&#10;     * @return the &lt;em&gt;x&lt;/em&gt;-coordinate of the mouse&#10;     */&#10;    public static double mouseX() {&#10;        synchronized (mouseLock) {&#10;            return mouseX;&#10;        }&#10;    }&#10;&#10;    /**&#10;     * Returns the &lt;em&gt;y&lt;/em&gt;-coordinate of the mouse.&#10;     *&#10;     * @return &lt;em&gt;y&lt;/em&gt;-coordinate of the mouse&#10;     */&#10;    public static double mouseY() {&#10;        synchronized (mouseLock) {&#10;            return mouseY;&#10;        }&#10;    }&#10;&#10;&#10;    /**&#10;     * This method cannot be called directly.&#10;     */&#10;    @Override&#10;    public void mouseClicked(MouseEvent e) {&#10;        // this body is intentionally left empty&#10;    }&#10;&#10;    /**&#10;     * This method cannot be called directly.&#10;     */&#10;    @Override&#10;    public void mouseEntered(MouseEvent e) {&#10;        // this body is intentionally left empty&#10;    }&#10;&#10;    /**&#10;     * This method cannot be called directly.&#10;     */&#10;    @Override&#10;    public void mouseExited(MouseEvent e) {&#10;        // this body is intentionally left empty&#10;    }&#10;&#10;    /**&#10;     * This method cannot be called directly.&#10;     */&#10;    @Override&#10;    public void mousePressed(MouseEvent e) {&#10;        synchronized (mouseLock) {&#10;            mouseX = StdDraw.userX(e.getX());&#10;            mouseY = StdDraw.userY(e.getY());&#10;            isMousePressed = true;&#10;        }&#10;    }&#10;&#10;    /**&#10;     * This method cannot be called directly.&#10;     */&#10;    @Override&#10;    public void mouseReleased(MouseEvent e) {&#10;        synchronized (mouseLock) {&#10;            isMousePressed = false;&#10;        }&#10;    }&#10;&#10;    /**&#10;     * This method cannot be called directly.&#10;     */&#10;    @Override&#10;    public void mouseDragged(MouseEvent e)  {&#10;        synchronized (mouseLock) {&#10;            mouseX = StdDraw.userX(e.getX());&#10;            mouseY = StdDraw.userY(e.getY());&#10;        }&#10;    }&#10;&#10;    /**&#10;     * This method cannot be called directly.&#10;     */&#10;    @Override&#10;    public void mouseMoved(MouseEvent e) {&#10;        synchronized (mouseLock) {&#10;            mouseX = StdDraw.userX(e.getX());&#10;            mouseY = StdDraw.userY(e.getY());&#10;        }&#10;    }&#10;&#10;&#10;   /***************************************************************************&#10;    *  Keyboard interactions.&#10;    ***************************************************************************/&#10;&#10;    /**&#10;     * Returns true if the user has typed a key (that has not yet been processed).&#10;     *&#10;     * @return {@code true} if the user has typed a key (that has not yet been processed&#10;     *         by {@link #nextKeyTyped()}; {@code false} otherwise&#10;     */&#10;    public static boolean hasNextKeyTyped() {&#10;        synchronized (keyLock) {&#10;            return !keysTyped.isEmpty();&#10;        }&#10;    }&#10;&#10;    /**&#10;     * Returns the next key that was typed by the user (that your program has not already processed).&#10;     * This method should be preceded by a call to {@link #hasNextKeyTyped()} to ensure&#10;     * that there is a next key to process.&#10;     * This method returns a Unicode character corresponding to the key&#10;     * typed (such as {@code 'a'} or {@code 'A'}).&#10;     * It cannot identify action keys (such as F1 and arrow keys)&#10;     * or modifier keys (such as control).&#10;     *&#10;     * @return the next key typed by the user (that your program has not already processed).&#10;     * @throws NoSuchElementException if there is no remaining key&#10;     */&#10;    public static char nextKeyTyped() {&#10;        synchronized (keyLock) {&#10;            if (keysTyped.isEmpty()) {&#10;                throw new NoSuchElementException(&quot;your program has already processed all keystrokes&quot;);&#10;            }&#10;            return keysTyped.remove(keysTyped.size() - 1);&#10;            // return keysTyped.removeLast();&#10;        }&#10;    }&#10;&#10;    /**&#10;     * Returns true if the given key is being pressed.&#10;     * &lt;p&gt;&#10;     * This method takes the keycode (corresponding to a physical key)&#10;    *  as an argument. It can handle action keys&#10;     * (such as F1 and arrow keys) and modifier keys (such as shift and control).&#10;     * See {@link KeyEvent} for a description of key codes.&#10;     *&#10;     * @param  keycode the key to check if it is being pressed&#10;     * @return {@code true} if {@code keycode} is currently being pressed;&#10;     *         {@code false} otherwise&#10;     */&#10;    public static boolean isKeyPressed(int keycode) {&#10;        synchronized (keyLock) {&#10;            return keysDown.contains(keycode);&#10;        }&#10;    }&#10;&#10;&#10;    /**&#10;     * This method cannot be called directly.&#10;     */&#10;    @Override&#10;    public void keyTyped(KeyEvent e) {&#10;        synchronized (keyLock) {&#10;            keysTyped.addFirst(e.getKeyChar());&#10;        }&#10;    }&#10;&#10;    /**&#10;     * This method cannot be called directly.&#10;     */&#10;    @Override&#10;    public void keyPressed(KeyEvent e) {&#10;        synchronized (keyLock) {&#10;            keysDown.add(e.getKeyCode());&#10;        }&#10;    }&#10;&#10;    /**&#10;     * This method cannot be called directly.&#10;     */&#10;    @Override&#10;    public void keyReleased(KeyEvent e) {&#10;        synchronized (keyLock) {&#10;            keysDown.remove(e.getKeyCode());&#10;        }&#10;    }&#10;&#10;&#10;   /***************************************************************************&#10;    *  For improved resolution on Mac Retina displays.&#10;    ***************************************************************************/&#10;&#10;    public static class RetinaImageIcon extends ImageIcon {&#10;    &#10;        public RetinaImageIcon(Image image) {&#10;            super(image);&#10;        }&#10;&#10;        public int getIconWidth() {&#10;            return super.getIconWidth() / 2;&#10;        }&#10;&#10;        /**&#10;         * Gets the height of the icon.&#10;         *&#10;         * @return the height in pixels of this icon&#10;         */&#10;        public int getIconHeight() {&#10;            return super.getIconHeight() / 2;&#10;        }&#10;&#10;        public synchronized void paintIcon(Component c, Graphics g, int x, int y) {&#10;            Graphics2D g2 = (Graphics2D) g.create();&#10;            g2.setRenderingHint(RenderingHints.KEY_INTERPOLATION,RenderingHints.VALUE_INTERPOLATION_BICUBIC);&#10;            g2.setRenderingHint(RenderingHints.KEY_RENDERING,RenderingHints.VALUE_RENDER_QUALITY);&#10;            g2.setRenderingHint(RenderingHints.KEY_ANTIALIASING,RenderingHints.VALUE_ANTIALIAS_ON);&#10;            g2.scale(0.5, 0.5);&#10;            super.paintIcon(c, g2, x * 2, y * 2);&#10;            g2.dispose();&#10;        }&#10;    }&#10;&#10;&#10;    /**&#10;     * Test client.&#10;     *&#10;     * @param args the command-line arguments&#10;     */&#10;    public static void main(String[] args) {&#10;        StdDraw.square(0.2, 0.8, 0.1);&#10;        StdDraw.filledSquare(0.8, 0.8, 0.2);&#10;        StdDraw.circle(0.8, 0.2, 0.2);&#10;&#10;        StdDraw.setPenColor(StdDraw.BOOK_RED);&#10;        StdDraw.setPenRadius(0.02);&#10;        StdDraw.arc(0.8, 0.2, 0.1, 200, 45);&#10;&#10;        // draw a blue diamond&#10;        StdDraw.setPenRadius();&#10;        StdDraw.setPenColor(StdDraw.BOOK_BLUE);&#10;        double[] x = { 0.1, 0.2, 0.3, 0.2 };&#10;        double[] y = { 0.2, 0.3, 0.2, 0.1 };&#10;        StdDraw.filledPolygon(x, y);&#10;&#10;        // text&#10;        StdDraw.setPenColor(StdDraw.BLACK);&#10;        StdDraw.text(0.2, 0.5, &quot;black text&quot;);&#10;        StdDraw.setPenColor(StdDraw.WHITE);&#10;        StdDraw.text(0.8, 0.8, &quot;white text&quot;);&#10;    }&#10;&#10;}" Filename="StdDraw.java" Intrnl_Id="2"/>
<SrcFile Content="/******************************************************************************&#10; *  Compilation:  javac Player.java&#10; *  Execution:    java -classpath .:cards.jar Player&#10; *  Dependencies: Card.java Draw.java&#10; *&#10; *  Implement a player that holds a pile of cards.&#10; *&#10; ******************************************************************************/&#10;&#10;public class Player { &#10;    final static int MAX_CARDS = 52;                    // max number of cards in a hand&#10;&#10;    public Card[] cards = new Card[MAX_CARDS];         // the cards&#10;    public int N = 0;                                  // number of cards&#10;    public String name;                                // player's name&#10;    public int x, y;                                   // location to draw&#10;&#10;    public Player(String name, int x, int y) {&#10;        this.name = name;&#10;        this.x = x;&#10;        this.y = y;&#10;    }&#10;&#10;    public Card peak()         { return cards[0];   }    // return first card&#10;    public void dealTo(Card c) { cards[N++] = c;    }    // insert card&#10;    public void reset()        { N = 0;             }    // discard all cards&#10;&#10;    // compute value of blackjack hand&#10;    public int value() {&#10;        int val = 0;&#10;        boolean hasAce = false;&#10;        for (int i = 0; i &lt; N; i++) {&#10;            val = val + cards[i].rank();&#10;            if (cards[i].isAce()) hasAce = true;&#10;        }&#10;        if (hasAce &amp;&amp; (val &lt;= 11)) val = val + 10;          // handle ace = 1 or 11&#10;        return val;&#10;    }&#10;&#10;    // draw the pile of cards, with the first one centered at (x, y)&#10;    public void draw(Draw d) {&#10;        for (int i = 0; i &lt; N; i++)&#10;            cards[i].draw(d, x + i*25, y);&#10;    }&#10;&#10;    // print out cards in player's hand (for debugging)&#10;    public String toString() {&#10;        String s = name + &quot;  (&quot; + value() + &quot;)  &quot;;&#10;        for (int i = 0; i &lt; N; i++)&#10;            s += cards[i] + &quot; &quot;;&#10;        return s;&#10;    }&#10;&#10;}" Filename="Player.java" Intrnl_Id="3"/>
<SrcFile Content="/******************************************************************************&#10; *  Compilation:  javac DrawListener.java&#10; *  Execution:    none&#10; *  Dependencies: none&#10; *&#10; *  Interface that accompanies Draw.java.&#10; ******************************************************************************/&#10;&#10;/**&#10; *  &lt;i&gt;DrawListener&lt;/i&gt;. This interface provides a basic capability for&#10; *  responding to keyboard in mouse events from {@link Draw} via callbacks.&#10; *  You can see some examples in&#10; *  &lt;a href=&quot;https://introcs.cs.princeton.edu/java/36inheritance&quot;&gt;Section 3.6&lt;/a&gt;.&#10; *&#10; *  &lt;p&gt;&#10; *  For additional documentation, see&#10; *  &lt;a href=&quot;https://introcs.cs.princeton.edu/31datatype&quot;&gt;Section 3.1&lt;/a&gt; of&#10; *  &lt;i&gt;Computer Science: An Interdisciplinary Approach&lt;/i&gt; by Robert Sedgewick and Kevin Wayne.&#10; *&#10; *  @author Robert Sedgewick&#10; *  @author Kevin Wayne&#10; */&#10;&#10;public interface DrawListener {&#10;&#10;    /**&#10;     * Invoked when the mouse has been pressed.&#10;     *&#10;     * @param x the x-coordinate of the mouse&#10;     * @param y the y-coordinate of the mouse&#10;     */&#10;    void mousePressed(double x, double y);&#10;&#10;    /**&#10;     * Invoked when the mouse has been dragged.&#10;     *&#10;     * @param x the x-coordinate of the mouse&#10;     * @param y the y-coordinate of the mouse&#10;     */&#10;    void mouseDragged(double x, double y);&#10;&#10;    /**&#10;     * Invoked when the mouse has been released.&#10;     *&#10;     * @param x the x-coordinate of the mouse&#10;     * @param y the y-coordinate of the mouse&#10;     */&#10;    void mouseReleased(double x, double y);&#10;&#10;    /**&#10;     * Invoked when the mouse has been clicked (pressed and released).&#10;     *&#10;     * @param x the x-coordinate of the mouse&#10;     * @param y the y-coordinate of the mouse&#10;     */&#10;    void mouseClicked(double x, double y);&#10;&#10;    /**&#10;     * Invoked when a key has been typed.&#10;     *&#10;     * @param c the character typed&#10;     */&#10;    void keyTyped(char c);&#10;&#10;    /**&#10;     * Invoked when a key has been pressed.&#10;     *&#10;     * @param keycode the key combination pressed&#10;     */&#10;    void keyPressed(int keycode);&#10;&#10;    /**&#10;     * Invoked when a key has been released.&#10;     *&#10;     * @param keycode the key combination released&#10;     */&#10;    void keyReleased(int keycode);&#10;}" Filename="DrawListener.java" Intrnl_Id="4"/>
<SrcFile Content="/******************************************************************************&#10; *  Compilation:  javac Deck.java Card.java&#10; *  Execution:    java -classpath .:cards.jar Player&#10; *&#10; *  Implement a deck of cards.&#10; *&#10; ******************************************************************************/&#10;&#10;public class Deck { &#10;    final static int DECK_SIZE = 52;&#10;&#10;    public Card[] cards;         // the cards  - cards[0] is bottom of deck&#10;    public int N;                // number of cards&#10;&#10;    public Deck()  {&#10;        N = DECK_SIZE;&#10;        cards = new Card[N];&#10;        for (int i = 0; i &lt; N; i++)&#10;            cards[N - i - 1] = new Card(i, i + &quot;.gif&quot;, &quot;back.gif&quot;);&#10;    }&#10;&#10;    public Card dealFrom()   { return cards[--N]; }&#10;    public boolean isEmpty() { return (N == 0);   }&#10;    public int size()        { return N;          }&#10;&#10;&#10;    // shuffles cards&#10;    public void shuffle() {&#10;        for (int i = 0; i &lt; N; i++) {&#10;            int r = (int) (Math.random() * i);&#10;            Card swap = cards[i];&#10;            cards[i]  = cards[r];&#10;            cards[r]  = swap;&#10;        }&#10;    }&#10;&#10;&#10;&#10;    public String toString() {&#10;        String s = &quot;Deck  &quot;;&#10;        for (int i = N - 1; i &gt;= 0; i--)&#10;            s += cards[i] + &quot; &quot;;&#10;        return s;&#10;    }&#10;&#10;&#10;   // test client&#10;   public static void main(String[] args) { &#10;      Deck deck = new Deck();&#10;      StdOut.println(deck);&#10;      deck.shuffle();&#10;      StdOut.println(deck);&#10;   }&#10;&#10;}" Filename="Deck.java" Intrnl_Id="5"/>
<SrcFile Content="/******************************************************************************&#10; *  Compilation:  javac Card.java&#10; *  Execution:    java -classpath .:cards.jar Card&#10; *  Dependencies: Draw.java&#10; *&#10; *  Implement a playing card in a standard 52 card deck.&#10;&#10; *  Assumes cards.jar is in the current directory and contains&#10; *  images of the cards named: 2c.gif, 2d, 2h, 2s, ..., as.gif.&#10; *&#10; ******************************************************************************/&#10;&#10;public class Card { &#10;    public int suit;&#10;    public int rank;&#10;    public String front;&#10;    public String back;&#10;    public boolean isConcealed;&#10;&#10;    // create a new card based on integer 0 = 2C, 1 = 3C, ..., 51 = AS&#10;    Card(int card, String front, String back) {&#10;        this.rank   = card % 13;&#10;        this.suit   = card / 13;&#10;        this.front  = front;&#10;        this.back   = back;&#10;        isConcealed = false;&#10;    }&#10;&#10;    public boolean isAce() { return rank == 12; }&#10; &#10;    // 1 for ace, 10 for jqk, actual rank for other cards&#10;    public int rank()  {&#10;        if (rank == 12) return  1;&#10;        if (rank &gt;=  8) return 10;&#10;        return rank + 2;&#10;    }&#10;&#10;    public void draw(Draw d, double x, double y)  {&#10;        if (isConcealed) d.picture(x, y, back);&#10;        else             d.picture(x, y, front);&#10;    }&#10;&#10;&#10;    public void conceal() { isConcealed = true;  }&#10;    public void reveal()  { isConcealed = false; }&#10;&#10;    // represent cards like &quot;2H&quot;, &quot;9C&quot;, &quot;JS&quot;, &quot;AD&quot;&#10;    public String toString() {&#10;        String ranks = &quot;23456789TJQKA&quot;;&#10;        String suits = &quot;CDHS&quot;;&#10;        return ranks.charAt(rank) + &quot;&quot; + suits.charAt(suit);&#10;    }&#10;&#10;&#10;}" Filename="Card.java" Intrnl_Id="6"/>
<SrcFile Content="import javax.swing.JFrame;&#10;import javax.swing.JButton;&#10;import javax.swing.JLabel;&#10;import javax.swing.JPanel;&#10;import javax.swing.BoxLayout;&#10;&#10;import java.awt.event.ActionEvent;&#10;import java.awt.event.ActionListener;&#10;&#10;import java.awt.Color;&#10;&#10;import java.awt.Dimension;&#10;&#10;public class BlackJack extends JFrame implements ActionListener {&#10;    public static final int WIDTH = 400, HEIGHT = 300;&#10;&#10;    public Deck deck;&#10;    Draw draw = new Draw();&#10;    public JLabel main = draw.getJLabel();&#10;&#10;    public Player gambler = new Player(&quot;Gambler&quot;, 100,   75);&#10;    public Player dealer  = new Player(&quot;Dealer&quot;,  100,  225);&#10;&#10;    public JButton hitButton   = new JButton(&quot;Hit Me&quot;);&#10;    public JButton stickButton = new JButton(&quot;Stick&quot;);&#10;    public JButton dealButton  = new JButton(&quot;Deal&quot;);&#10;&#10;    public JLabel status = new JLabel(&quot; &quot;, JLabel.CENTER);&#10;&#10;    BlackJack() {&#10;        setTitle(&quot;Blackjack 1.0&quot;);&#10;        setResizable(false);&#10;        setDefaultCloseOperation(JFrame.EXIT_ON_CLOSE);&#10;&#10;        // hit, stick, and deal buttons&#10;        JPanel buttons = new JPanel();&#10;        buttons.add(hitButton);&#10;        buttons.add(stickButton);&#10;        buttons.add(dealButton);&#10;        hitButton.addActionListener(this);&#10;        stickButton.addActionListener(this);&#10;        dealButton.addActionListener(this);&#10;        hitButton.setEnabled(false);&#10;        stickButton.setEnabled(false);&#10;&#10;        // add the dealer, gambler, buttons, and status bar&#10;        getContentPane().setLayout(new BoxLayout(getContentPane(), BoxLayout.Y_AXIS));&#10;        getContentPane().add(main);&#10;        getContentPane().add(buttons);&#10;        getContentPane().add(status);&#10;&#10;        draw.setCanvasSize(WIDTH, HEIGHT);&#10;        draw.setXscale(0, WIDTH);&#10;        draw.setYscale(0, HEIGHT);&#10;        pack();&#10;        setVisible(true);&#10;    }&#10;&#10;&#10;    // deal one card to given player from the deck&#10;    public void hit(Player player) {&#10;        player.dealTo(deck.dealFrom());&#10;        player.draw(draw);&#10;        main.repaint();&#10;    }&#10;&#10;    // deal out two cards each, shuffling if too few cards&#10;    public void deal() {&#10;        draw.clear(Color.GRAY);&#10;        gambler.reset();&#10;        dealer.reset();&#10;        if (deck == null || deck.size() &lt; 15) {&#10;            deck = new Deck();&#10;            deck.shuffle();&#10;            status.setText(&quot;Shuffling&quot;);&#10;        }&#10;        hit(gambler);&#10;        hit(dealer);&#10;        dealer.peak().conceal();     // hide the dealer's first card&#10;        hit(gambler);&#10;        hit(dealer);&#10;    }&#10;&#10;    // who won?&#10;    public void checkWinner() {&#10;        dealer.peak().reveal();        // time to reveal dealer's card&#10;        dealer.draw(draw);&#10;        main.repaint();&#10;        if      (gambler.value() &gt;  21)             status.setText(&quot;Gambler busts&quot;);&#10;        else if (dealer.value()  &gt;  21)             status.setText(&quot;Dealer busts&quot;);&#10;        else if (gambler.value() == dealer.value()) status.setText(&quot;Push&quot;);&#10;        else if (gambler.value() &gt;  dealer.value()) status.setText(&quot;Gambler wins&quot;);&#10;        else                                        status.setText(&quot;Dealer wins&quot;);&#10;        StdOut.println(status.getText());&#10;    }&#10;&#10;    // process a button push&#10;    public void actionPerformed(ActionEvent e) {&#10;        if (e.getSource() == hitButton) {&#10;            hit(gambler);&#10;            if(gambler.value() &gt; 21) {&#10;                checkWinner();&#10;                hitButton.setEnabled(false);&#10;                stickButton.setEnabled(false);&#10;                dealButton.setEnabled(true);&#10;            }&#10;        }&#10;&#10;        if (e.getSource() == stickButton) {&#10;            while(dealer.value() &lt; 17)&#10;                hit(dealer);&#10;            checkWinner();&#10;            hitButton.setEnabled(false);&#10;            stickButton.setEnabled(false);&#10;            dealButton.setEnabled(true);&#10;        }&#10;&#10;        if (e.getSource() == dealButton) {&#10;            deal();&#10;            status.setText(&quot; &quot;);&#10;            hitButton.setEnabled(true);&#10;            stickButton.setEnabled(true);&#10;            dealButton.setEnabled(false);&#10;        }&#10;    }&#10;&#10;&#10;    // play Blackjack&#10;    public static void main(String argv[]) {&#10;        new BlackJack();&#10;    }&#10;&#10;}" Filename="BlackJack.java" Intrnl_Id="7"/>
</SrcFileList>
<CritList>
<CritListEntry Name="org.codecover.model.utils.criteria.LoopCoverage" PluginName="org.codecover"/>
<CritListEntry Name="org.codecover.model.utils.criteria.QMOCoverage" PluginName="org.codecover"/>
<CritListEntry Name="org.codecover.model.utils.criteria.ConditionCoverage" PluginName="org.codecover"/>
<CritListEntry Name="org.codecover.model.utils.criteria.BranchCoverage" PluginName="org.codecover"/>
<CritListEntry Name="org.codecover.model.utils.criteria.SynchronizedStatementCoverage" PluginName="org.codecover"/>
<CritListEntry Name="org.codecover.model.utils.criteria.StatementCoverage" PluginName="org.codecover"/>
</CritList>
<BoolOpList>
<BoolOp Arity="2" Intrnl_Id="8" Name="conditional and (&amp;&amp;)">
<BoolAssgnmntBoolMapList>
<MapEntry BoolAssgnmnt="02" Value="false"/>
<MapEntry BoolAssgnmnt="10" Value="false"/>
<MapEntry BoolAssgnmnt="11" Value="true"/>
</BoolAssgnmntBoolMapList>
</BoolOp>
<BoolOp Arity="2" Intrnl_Id="9" Name="conditional or (||)">
<BoolAssgnmntBoolMapList>
<MapEntry BoolAssgnmnt="00" Value="false"/>
<MapEntry BoolAssgnmnt="01" Value="true"/>
<MapEntry BoolAssgnmnt="12" Value="true"/>
</BoolAssgnmntBoolMapList>
</BoolOp>
<BoolOp Arity="1" Intrnl_Id="10" Name="not (!)">
<BoolAssgnmntBoolMapList>
<MapEntry BoolAssgnmnt="1" Value="false"/>
<MapEntry BoolAssgnmnt="0" Value="true"/>
</BoolAssgnmntBoolMapList>
</BoolOp>
</BoolOpList>
<HierarchyLvlTypeList>
<HierarchyLvlType EnglishName="interface" IntrnlName="interface" Intrnl_Id="11"/>
<HierarchyLvlType EnglishName="method" IntrnlName="method" Intrnl_Id="12"/>
<HierarchyLvlType EnglishName="class" IntrnlName="class" Intrnl_Id="13"/>
<HierarchyLvlType EnglishName="default package" IntrnlName="default package" Intrnl_Id="14"/>
</HierarchyLvlTypeList>
<MASTRoot>
<HierarchyLvl HierarchyLvlId="5528" HierarchyLvlTypeId="14" Intrnl_Id="15" Name="default package">
<Header/>
<LocList/>
<HierarchyLvl HierarchyLvlId="5401" HierarchyLvlTypeId="13" Intrnl_Id="16" Name="StdOut">
<Header>
<Loc EndOffset="2363" SrcFileId="1" StartOffset="2338"/>
</Header>
<LocList>
<Loc EndOffset="8574" SrcFileId="1" StartOffset="2338"/>
</LocList>
<StmntSeq Intrnl_Id="17">
<LocList>
<Loc EndOffset="2490" SrcFileId="1" StartOffset="2440"/>
<Loc EndOffset="2616" SrcFileId="1" StartOffset="2570"/>
<Loc EndOffset="2845" SrcFileId="1" StartOffset="2767"/>
<Loc EndOffset="2949" SrcFileId="1" StartOffset="2749"/>
</LocList>
<BasicStmnt CovItemId="S1" CovItemPrefix="StdOut.java" Intrnl_Id="18">
<LocList>
<Loc EndOffset="2490" SrcFileId="1" StartOffset="2440"/>
</LocList>
</BasicStmnt>
<BasicStmnt CovItemId="S2" CovItemPrefix="StdOut.java" Intrnl_Id="19">
<LocList>
<Loc EndOffset="2616" SrcFileId="1" StartOffset="2570"/>
</LocList>
</BasicStmnt>
<BasicStmnt CovItemId="S4" CovItemPrefix="StdOut.java" Intrnl_Id="20">
<LocList>
<Loc EndOffset="2845" SrcFileId="1" StartOffset="2767"/>
</LocList>
</BasicStmnt>
<CondStmnt CovItemId="S3" CovItemPrefix="StdOut.java" Intrnl_Id="21">
<Branch CovItemId="B1" CovItemPrefix="StdOut.java" Implct="true" Intrnl_Id="22">
<Cond/>
<LocList/>
<StmntSeq Intrnl_Id="23">
<LocList/>
</StmntSeq>
</Branch>
<Branch CovItemId="B2" CovItemPrefix="StdOut.java" Implct="false" Intrnl_Id="24">
<Cond>
<Loc EndOffset="2902" SrcFileId="1" StartOffset="2864"/>
</Cond>
<LocList>
<Loc EndOffset="2949" SrcFileId="1" StartOffset="2903"/>
</LocList>
<StmntSeq Intrnl_Id="25">
<LocList>
<Loc EndOffset="2939" SrcFileId="1" StartOffset="2917"/>
</LocList>
<BasicStmnt CovItemId="S5" CovItemPrefix="StdOut.java" Intrnl_Id="26">
<LocList>
<Loc EndOffset="2939" SrcFileId="1" StartOffset="2917"/>
</LocList>
</BasicStmnt>
</StmntSeq>
</Branch>
<Keyword EndOffset="2752" SrcFileId="1" StartOffset="2749"/>
<LocList>
<Loc EndOffset="2949" SrcFileId="1" StartOffset="2749"/>
</LocList>
</CondStmnt>
</StmntSeq>
<HierarchyLvl HierarchyLvlId="5377" HierarchyLvlTypeId="12" Intrnl_Id="27" Name="StdOut">
<Header>
<Loc EndOffset="3001" SrcFileId="1" StartOffset="2986"/>
</Header>
<LocList>
<Loc EndOffset="3005" SrcFileId="1" StartOffset="2986"/>
</LocList>
</HierarchyLvl>
<HierarchyLvl HierarchyLvlId="5378" HierarchyLvlTypeId="12" Intrnl_Id="28" Name="println">
<Header>
<Loc EndOffset="3128" SrcFileId="1" StartOffset="3100"/>
</Header>
<LocList>
<Loc EndOffset="3159" SrcFileId="1" StartOffset="3100"/>
</LocList>
<StmntSeq Intrnl_Id="29">
<LocList>
<Loc EndOffset="3153" SrcFileId="1" StartOffset="3139"/>
</LocList>
<BasicStmnt CovItemId="S6" CovItemPrefix="StdOut.java" Intrnl_Id="30">
<LocList>
<Loc EndOffset="3153" SrcFileId="1" StartOffset="3139"/>
</LocList>
</BasicStmnt>
</StmntSeq>
</HierarchyLvl>
<HierarchyLvl HierarchyLvlId="5379" HierarchyLvlTypeId="12" Intrnl_Id="31" Name="println">
<Header>
<Loc EndOffset="3335" SrcFileId="1" StartOffset="3299"/>
</Header>
<LocList>
<Loc EndOffset="3367" SrcFileId="1" StartOffset="3299"/>
</LocList>
<StmntSeq Intrnl_Id="32">
<LocList>
<Loc EndOffset="3361" SrcFileId="1" StartOffset="3346"/>
</LocList>
<BasicStmnt CovItemId="S7" CovItemPrefix="StdOut.java" Intrnl_Id="33">
<LocList>
<Loc EndOffset="3361" SrcFileId="1" StartOffset="3346"/>
</LocList>
</BasicStmnt>
</StmntSeq>
</HierarchyLvl>
<HierarchyLvl HierarchyLvlId="5380" HierarchyLvlTypeId="12" Intrnl_Id="34" Name="println">
<Header>
<Loc EndOffset="3542" SrcFileId="1" StartOffset="3505"/>
</Header>
<LocList>
<Loc EndOffset="3574" SrcFileId="1" StartOffset="3505"/>
</LocList>
<StmntSeq Intrnl_Id="35">
<LocList>
<Loc EndOffset="3568" SrcFileId="1" StartOffset="3553"/>
</LocList>
<BasicStmnt CovItemId="S8" CovItemPrefix="StdOut.java" Intrnl_Id="36">
<LocList>
<Loc EndOffset="3568" SrcFileId="1" StartOffset="3553"/>
</LocList>
</BasicStmnt>
</StmntSeq>
</HierarchyLvl>
<HierarchyLvl HierarchyLvlId="5381" HierarchyLvlTypeId="12" Intrnl_Id="37" Name="println">
<Header>
<Loc EndOffset="3750" SrcFileId="1" StartOffset="3716"/>
</Header>
<LocList>
<Loc EndOffset="3782" SrcFileId="1" StartOffset="3716"/>
</LocList>
<StmntSeq Intrnl_Id="38">
<LocList>
<Loc EndOffset="3776" SrcFileId="1" StartOffset="3761"/>
</LocList>
<BasicStmnt CovItemId="S9" CovItemPrefix="StdOut.java" Intrnl_Id="39">
<LocList>
<Loc EndOffset="3776" SrcFileId="1" StartOffset="3761"/>
</LocList>
</BasicStmnt>
</StmntSeq>
</HierarchyLvl>
<HierarchyLvl HierarchyLvlId="5382" HierarchyLvlTypeId="12" Intrnl_Id="40" Name="println">
<Header>
<Loc EndOffset="3954" SrcFileId="1" StartOffset="3918"/>
</Header>
<LocList>
<Loc EndOffset="3986" SrcFileId="1" StartOffset="3918"/>
</LocList>
<StmntSeq Intrnl_Id="41">
<LocList>
<Loc EndOffset="3980" SrcFileId="1" StartOffset="3965"/>
</LocList>
<BasicStmnt CovItemId="S10" CovItemPrefix="StdOut.java" Intrnl_Id="42">
<LocList>
<Loc EndOffset="3980" SrcFileId="1" StartOffset="3965"/>
</LocList>
</BasicStmnt>
</StmntSeq>
</HierarchyLvl>
<HierarchyLvl HierarchyLvlId="5383" HierarchyLvlTypeId="12" Intrnl_Id="43" Name="println">
<Header>
<Loc EndOffset="4160" SrcFileId="1" StartOffset="4125"/>
</Header>
<LocList>
<Loc EndOffset="4192" SrcFileId="1" StartOffset="4125"/>
</LocList>
<StmntSeq Intrnl_Id="44">
<LocList>
<Loc EndOffset="4186" SrcFileId="1" StartOffset="4171"/>
</LocList>
<BasicStmnt CovItemId="S11" CovItemPrefix="StdOut.java" Intrnl_Id="45">
<LocList>
<Loc EndOffset="4186" SrcFileId="1" StartOffset="4171"/>
</LocList>
</BasicStmnt>
</StmntSeq>
</HierarchyLvl>
<HierarchyLvl HierarchyLvlId="5384" HierarchyLvlTypeId="12" Intrnl_Id="46" Name="println">
<Header>
<Loc EndOffset="4364" SrcFileId="1" StartOffset="4331"/>
</Header>
<LocList>
<Loc EndOffset="4396" SrcFileId="1" StartOffset="4331"/>
</LocList>
<StmntSeq Intrnl_Id="47">
<LocList>
<Loc EndOffset="4390" SrcFileId="1" StartOffset="4375"/>
</LocList>
<BasicStmnt CovItemId="S12" CovItemPrefix="StdOut.java" Intrnl_Id="48">
<LocList>
<Loc EndOffset="4390" SrcFileId="1" StartOffset="4375"/>
</LocList>
</BasicStmnt>
</StmntSeq>
</HierarchyLvl>
<HierarchyLvl HierarchyLvlId="5385" HierarchyLvlTypeId="12" Intrnl_Id="49" Name="println">
<Header>
<Loc EndOffset="4562" SrcFileId="1" StartOffset="4528"/>
</Header>
<LocList>
<Loc EndOffset="4594" SrcFileId="1" StartOffset="4528"/>
</LocList>
<StmntSeq Intrnl_Id="50">
<LocList>
<Loc EndOffset="4588" SrcFileId="1" StartOffset="4573"/>
</LocList>
<BasicStmnt CovItemId="S13" CovItemPrefix="StdOut.java" Intrnl_Id="51">
<LocList>
<Loc EndOffset="4588" SrcFileId="1" StartOffset="4573"/>
</LocList>
</BasicStmnt>
</StmntSeq>
</HierarchyLvl>
<HierarchyLvl HierarchyLvlId="5386" HierarchyLvlTypeId="12" Intrnl_Id="52" Name="println">
<Header>
<Loc EndOffset="4771" SrcFileId="1" StartOffset="4736"/>
</Header>
<LocList>
<Loc EndOffset="4803" SrcFileId="1" StartOffset="4736"/>
</LocList>
<StmntSeq Intrnl_Id="53">
<LocList>
<Loc EndOffset="4797" SrcFileId="1" StartOffset="4782"/>
</LocList>
<BasicStmnt CovItemId="S14" CovItemPrefix="StdOut.java" Intrnl_Id="54">
<LocList>
<Loc EndOffset="4797" SrcFileId="1" StartOffset="4782"/>
</LocList>
</BasicStmnt>
</StmntSeq>
</HierarchyLvl>
<HierarchyLvl HierarchyLvlId="5387" HierarchyLvlTypeId="12" Intrnl_Id="55" Name="println">
<Header>
<Loc EndOffset="5035" SrcFileId="1" StartOffset="5001"/>
</Header>
<LocList>
<Loc EndOffset="5067" SrcFileId="1" StartOffset="5001"/>
</LocList>
<StmntSeq Intrnl_Id="56">
<LocList>
<Loc EndOffset="5061" SrcFileId="1" StartOffset="5046"/>
</LocList>
<BasicStmnt CovItemId="S15" CovItemPrefix="StdOut.java" Intrnl_Id="57">
<LocList>
<Loc EndOffset="5061" SrcFileId="1" StartOffset="5046"/>
</LocList>
</BasicStmnt>
</StmntSeq>
</HierarchyLvl>
<HierarchyLvl HierarchyLvlId="5388" HierarchyLvlTypeId="12" Intrnl_Id="58" Name="print">
<Header>
<Loc EndOffset="5146" SrcFileId="1" StartOffset="5120"/>
</Header>
<LocList>
<Loc EndOffset="5175" SrcFileId="1" StartOffset="5120"/>
</LocList>
<StmntSeq Intrnl_Id="59">
<LocList>
<Loc EndOffset="5169" SrcFileId="1" StartOffset="5157"/>
</LocList>
<BasicStmnt CovItemId="S16" CovItemPrefix="StdOut.java" Intrnl_Id="60">
<LocList>
<Loc EndOffset="5169" SrcFileId="1" StartOffset="5157"/>
</LocList>
</BasicStmnt>
</StmntSeq>
</HierarchyLvl>
<HierarchyLvl HierarchyLvlId="5389" HierarchyLvlTypeId="12" Intrnl_Id="61" Name="print">
<Header>
<Loc EndOffset="5346" SrcFileId="1" StartOffset="5312"/>
</Header>
<LocList>
<Loc EndOffset="5397" SrcFileId="1" StartOffset="5312"/>
</LocList>
<StmntSeq Intrnl_Id="62">
<LocList>
<Loc EndOffset="5370" SrcFileId="1" StartOffset="5357"/>
<Loc EndOffset="5391" SrcFileId="1" StartOffset="5379"/>
</LocList>
<BasicStmnt CovItemId="S17" CovItemPrefix="StdOut.java" Intrnl_Id="63">
<LocList>
<Loc EndOffset="5370" SrcFileId="1" StartOffset="5357"/>
</LocList>
</BasicStmnt>
<BasicStmnt CovItemId="S18" CovItemPrefix="StdOut.java" Intrnl_Id="64">
<LocList>
<Loc EndOffset="5391" SrcFileId="1" StartOffset="5379"/>
</LocList>
</BasicStmnt>
</StmntSeq>
</HierarchyLvl>
<HierarchyLvl HierarchyLvlId="5390" HierarchyLvlTypeId="12" Intrnl_Id="65" Name="print">
<Header>
<Loc EndOffset="5570" SrcFileId="1" StartOffset="5535"/>
</Header>
<LocList>
<Loc EndOffset="5621" SrcFileId="1" StartOffset="5535"/>
</LocList>
<StmntSeq Intrnl_Id="66">
<LocList>
<Loc EndOffset="5594" SrcFileId="1" StartOffset="5581"/>
<Loc EndOffset="5615" SrcFileId="1" StartOffset="5603"/>
</LocList>
<BasicStmnt CovItemId="S19" CovItemPrefix="StdOut.java" Intrnl_Id="67">
<LocList>
<Loc EndOffset="5594" SrcFileId="1" StartOffset="5581"/>
</LocList>
</BasicStmnt>
<BasicStmnt CovItemId="S20" CovItemPrefix="StdOut.java" Intrnl_Id="68">
<LocList>
<Loc EndOffset="5615" SrcFileId="1" StartOffset="5603"/>
</LocList>
</BasicStmnt>
</StmntSeq>
</HierarchyLvl>
<HierarchyLvl HierarchyLvlId="5391" HierarchyLvlTypeId="12" Intrnl_Id="69" Name="print">
<Header>
<Loc EndOffset="5795" SrcFileId="1" StartOffset="5763"/>
</Header>
<LocList>
<Loc EndOffset="5846" SrcFileId="1" StartOffset="5763"/>
</LocList>
<StmntSeq Intrnl_Id="70">
<LocList>
<Loc EndOffset="5819" SrcFileId="1" StartOffset="5806"/>
<Loc EndOffset="5840" SrcFileId="1" StartOffset="5828"/>
</LocList>
<BasicStmnt CovItemId="S21" CovItemPrefix="StdOut.java" Intrnl_Id="71">
<LocList>
<Loc EndOffset="5819" SrcFileId="1" StartOffset="5806"/>
</LocList>
</BasicStmnt>
<BasicStmnt CovItemId="S22" CovItemPrefix="StdOut.java" Intrnl_Id="72">
<LocList>
<Loc EndOffset="5840" SrcFileId="1" StartOffset="5828"/>
</LocList>
</BasicStmnt>
</StmntSeq>
</HierarchyLvl>
<HierarchyLvl HierarchyLvlId="5392" HierarchyLvlTypeId="12" Intrnl_Id="73" Name="print">
<Header>
<Loc EndOffset="6016" SrcFileId="1" StartOffset="5982"/>
</Header>
<LocList>
<Loc EndOffset="6067" SrcFileId="1" StartOffset="5982"/>
</LocList>
<StmntSeq Intrnl_Id="74">
<LocList>
<Loc EndOffset="6040" SrcFileId="1" StartOffset="6027"/>
<Loc EndOffset="6061" SrcFileId="1" StartOffset="6049"/>
</LocList>
<BasicStmnt CovItemId="S23" CovItemPrefix="StdOut.java" Intrnl_Id="75">
<LocList>
<Loc EndOffset="6040" SrcFileId="1" StartOffset="6027"/>
</LocList>
</BasicStmnt>
<BasicStmnt CovItemId="S24" CovItemPrefix="StdOut.java" Intrnl_Id="76">
<LocList>
<Loc EndOffset="6061" SrcFileId="1" StartOffset="6049"/>
</LocList>
</BasicStmnt>
</StmntSeq>
</HierarchyLvl>
<HierarchyLvl HierarchyLvlId="5393" HierarchyLvlTypeId="12" Intrnl_Id="77" Name="print">
<Header>
<Loc EndOffset="6234" SrcFileId="1" StartOffset="6201"/>
</Header>
<LocList>
<Loc EndOffset="6285" SrcFileId="1" StartOffset="6201"/>
</LocList>
<StmntSeq Intrnl_Id="78">
<LocList>
<Loc EndOffset="6258" SrcFileId="1" StartOffset="6245"/>
<Loc EndOffset="6279" SrcFileId="1" StartOffset="6267"/>
</LocList>
<BasicStmnt CovItemId="S25" CovItemPrefix="StdOut.java" Intrnl_Id="79">
<LocList>
<Loc EndOffset="6258" SrcFileId="1" StartOffset="6245"/>
</LocList>
</BasicStmnt>
<BasicStmnt CovItemId="S26" CovItemPrefix="StdOut.java" Intrnl_Id="80">
<LocList>
<Loc EndOffset="6279" SrcFileId="1" StartOffset="6267"/>
</LocList>
</BasicStmnt>
</StmntSeq>
</HierarchyLvl>
<HierarchyLvl HierarchyLvlId="5394" HierarchyLvlTypeId="12" Intrnl_Id="81" Name="print">
<Header>
<Loc EndOffset="6455" SrcFileId="1" StartOffset="6424"/>
</Header>
<LocList>
<Loc EndOffset="6506" SrcFileId="1" StartOffset="6424"/>
</LocList>
<StmntSeq Intrnl_Id="82">
<LocList>
<Loc EndOffset="6479" SrcFileId="1" StartOffset="6466"/>
<Loc EndOffset="6500" SrcFileId="1" StartOffset="6488"/>
</LocList>
<BasicStmnt CovItemId="S27" CovItemPrefix="StdOut.java" Intrnl_Id="83">
<LocList>
<Loc EndOffset="6479" SrcFileId="1" StartOffset="6466"/>
</LocList>
</BasicStmnt>
<BasicStmnt CovItemId="S28" CovItemPrefix="StdOut.java" Intrnl_Id="84">
<LocList>
<Loc EndOffset="6500" SrcFileId="1" StartOffset="6488"/>
</LocList>
</BasicStmnt>
</StmntSeq>
</HierarchyLvl>
<HierarchyLvl HierarchyLvlId="5395" HierarchyLvlTypeId="12" Intrnl_Id="85" Name="print">
<Header>
<Loc EndOffset="6686" SrcFileId="1" StartOffset="6654"/>
</Header>
<LocList>
<Loc EndOffset="6737" SrcFileId="1" StartOffset="6654"/>
</LocList>
<StmntSeq Intrnl_Id="86">
<LocList>
<Loc EndOffset="6710" SrcFileId="1" StartOffset="6697"/>
<Loc EndOffset="6731" SrcFileId="1" StartOffset="6719"/>
</LocList>
<BasicStmnt CovItemId="S29" CovItemPrefix="StdOut.java" Intrnl_Id="87">
<LocList>
<Loc EndOffset="6710" SrcFileId="1" StartOffset="6697"/>
</LocList>
</BasicStmnt>
<BasicStmnt CovItemId="S30" CovItemPrefix="StdOut.java" Intrnl_Id="88">
<LocList>
<Loc EndOffset="6731" SrcFileId="1" StartOffset="6719"/>
</LocList>
</BasicStmnt>
</StmntSeq>
</HierarchyLvl>
<HierarchyLvl HierarchyLvlId="5396" HierarchyLvlTypeId="12" Intrnl_Id="89" Name="print">
<Header>
<Loc EndOffset="6920" SrcFileId="1" StartOffset="6887"/>
</Header>
<LocList>
<Loc EndOffset="6971" SrcFileId="1" StartOffset="6887"/>
</LocList>
<StmntSeq Intrnl_Id="90">
<LocList>
<Loc EndOffset="6944" SrcFileId="1" StartOffset="6931"/>
<Loc EndOffset="6965" SrcFileId="1" StartOffset="6953"/>
</LocList>
<BasicStmnt CovItemId="S31" CovItemPrefix="StdOut.java" Intrnl_Id="91">
<LocList>
<Loc EndOffset="6944" SrcFileId="1" StartOffset="6931"/>
</LocList>
</BasicStmnt>
<BasicStmnt CovItemId="S32" CovItemPrefix="StdOut.java" Intrnl_Id="92">
<LocList>
<Loc EndOffset="6965" SrcFileId="1" StartOffset="6953"/>
</LocList>
</BasicStmnt>
</StmntSeq>
</HierarchyLvl>
<HierarchyLvl HierarchyLvlId="5397" HierarchyLvlTypeId="12" Intrnl_Id="93" Name="print">
<Header>
<Loc EndOffset="7134" SrcFileId="1" StartOffset="7102"/>
</Header>
<LocList>
<Loc EndOffset="7185" SrcFileId="1" StartOffset="7102"/>
</LocList>
<StmntSeq Intrnl_Id="94">
<LocList>
<Loc EndOffset="7158" SrcFileId="1" StartOffset="7145"/>
<Loc EndOffset="7179" SrcFileId="1" StartOffset="7167"/>
</LocList>
<BasicStmnt CovItemId="S33" CovItemPrefix="StdOut.java" Intrnl_Id="95">
<LocList>
<Loc EndOffset="7158" SrcFileId="1" StartOffset="7145"/>
</LocList>
</BasicStmnt>
<BasicStmnt CovItemId="S34" CovItemPrefix="StdOut.java" Intrnl_Id="96">
<LocList>
<Loc EndOffset="7179" SrcFileId="1" StartOffset="7167"/>
</LocList>
</BasicStmnt>
</StmntSeq>
</HierarchyLvl>
<HierarchyLvl HierarchyLvlId="5398" HierarchyLvlTypeId="12" Intrnl_Id="97" Name="printf">
<Header>
<Loc EndOffset="7613" SrcFileId="1" StartOffset="7557"/>
</Header>
<LocList>
<Loc EndOffset="7684" SrcFileId="1" StartOffset="7557"/>
</LocList>
<StmntSeq Intrnl_Id="98">
<LocList>
<Loc EndOffset="7657" SrcFileId="1" StartOffset="7624"/>
<Loc EndOffset="7678" SrcFileId="1" StartOffset="7666"/>
</LocList>
<BasicStmnt CovItemId="S35" CovItemPrefix="StdOut.java" Intrnl_Id="99">
<LocList>
<Loc EndOffset="7657" SrcFileId="1" StartOffset="7624"/>
</LocList>
</BasicStmnt>
<BasicStmnt CovItemId="S36" CovItemPrefix="StdOut.java" Intrnl_Id="100">
<LocList>
<Loc EndOffset="7678" SrcFileId="1" StartOffset="7666"/>
</LocList>
</BasicStmnt>
</StmntSeq>
</HierarchyLvl>
<HierarchyLvl HierarchyLvlId="5399" HierarchyLvlTypeId="12" Intrnl_Id="101" Name="printf">
<Header>
<Loc EndOffset="8163" SrcFileId="1" StartOffset="8092"/>
</Header>
<LocList>
<Loc EndOffset="8234" SrcFileId="1" StartOffset="8092"/>
</LocList>
<StmntSeq Intrnl_Id="102">
<LocList>
<Loc EndOffset="8207" SrcFileId="1" StartOffset="8174"/>
<Loc EndOffset="8228" SrcFileId="1" StartOffset="8216"/>
</LocList>
<BasicStmnt CovItemId="S37" CovItemPrefix="StdOut.java" Intrnl_Id="103">
<LocList>
<Loc EndOffset="8207" SrcFileId="1" StartOffset="8174"/>
</LocList>
</BasicStmnt>
<BasicStmnt CovItemId="S38" CovItemPrefix="StdOut.java" Intrnl_Id="104">
<LocList>
<Loc EndOffset="8228" SrcFileId="1" StartOffset="8216"/>
</LocList>
</BasicStmnt>
</StmntSeq>
</HierarchyLvl>
<HierarchyLvl HierarchyLvlId="5400" HierarchyLvlTypeId="12" Intrnl_Id="105" Name="main">
<Header>
<Loc EndOffset="8403" SrcFileId="1" StartOffset="8365"/>
</Header>
<LocList>
<Loc EndOffset="8571" SrcFileId="1" StartOffset="8365"/>
</LocList>
<StmntSeq Intrnl_Id="106">
<LocList>
<Loc EndOffset="8465" SrcFileId="1" StartOffset="8442"/>
<Loc EndOffset="8493" SrcFileId="1" StartOffset="8474"/>
<Loc EndOffset="8523" SrcFileId="1" StartOffset="8502"/>
<Loc EndOffset="8565" SrcFileId="1" StartOffset="8532"/>
</LocList>
<BasicStmnt CovItemId="S39" CovItemPrefix="StdOut.java" Intrnl_Id="107">
<LocList>
<Loc EndOffset="8465" SrcFileId="1" StartOffset="8442"/>
</LocList>
</BasicStmnt>
<BasicStmnt CovItemId="S40" CovItemPrefix="StdOut.java" Intrnl_Id="108">
<LocList>
<Loc EndOffset="8493" SrcFileId="1" StartOffset="8474"/>
</LocList>
</BasicStmnt>
<BasicStmnt CovItemId="S41" CovItemPrefix="StdOut.java" Intrnl_Id="109">
<LocList>
<Loc EndOffset="8523" SrcFileId="1" StartOffset="8502"/>
</LocList>
</BasicStmnt>
<BasicStmnt CovItemId="S42" CovItemPrefix="StdOut.java" Intrnl_Id="110">
<LocList>
<Loc EndOffset="8565" SrcFileId="1" StartOffset="8532"/>
</LocList>
</BasicStmnt>
</StmntSeq>
</HierarchyLvl>
</HierarchyLvl>
<HierarchyLvl HierarchyLvlId="5488" HierarchyLvlTypeId="13" Intrnl_Id="111" Name="StdDraw">
<Header>
<Loc EndOffset="20727" SrcFileId="2" StartOffset="20626"/>
</Header>
<LocList>
<Loc EndOffset="78813" SrcFileId="2" StartOffset="20626"/>
<Loc EndOffset="80673" SrcFileId="2" StartOffset="79840"/>
</LocList>
<StmntSeq Intrnl_Id="112">
<LocList>
<Loc EndOffset="20822" SrcFileId="2" StartOffset="20776"/>
<Loc EndOffset="20912" SrcFileId="2" StartOffset="20868"/>
<Loc EndOffset="21002" SrcFileId="2" StartOffset="20958"/>
<Loc EndOffset="21107" SrcFileId="2" StartOffset="21053"/>
<Loc EndOffset="21197" SrcFileId="2" StartOffset="21153"/>
<Loc EndOffset="21291" SrcFileId="2" StartOffset="21244"/>
<Loc EndOffset="21399" SrcFileId="2" StartOffset="21343"/>
<Loc EndOffset="21498" SrcFileId="2" StartOffset="21448"/>
<Loc EndOffset="21594" SrcFileId="2" StartOffset="21546"/>
<Loc EndOffset="21684" SrcFileId="2" StartOffset="21640"/>
<Loc EndOffset="21771" SrcFileId="2" StartOffset="21729"/>
<Loc EndOffset="21864" SrcFileId="2" StartOffset="21818"/>
<Loc EndOffset="21960" SrcFileId="2" StartOffset="21912"/>
<Loc EndOffset="22191" SrcFileId="2" StartOffset="22131"/>
<Loc EndOffset="22420" SrcFileId="2" StartOffset="22351"/>
<Loc EndOffset="22640" SrcFileId="2" StartOffset="22580"/>
<Loc EndOffset="22866" SrcFileId="2" StartOffset="22797"/>
<Loc EndOffset="22948" SrcFileId="2" StartOffset="22894"/>
<Loc EndOffset="23007" SrcFileId="2" StartOffset="22953"/>
<Loc EndOffset="23175" SrcFileId="2" StartOffset="23132"/>
<Loc EndOffset="23220" SrcFileId="2" StartOffset="23180"/>
<Loc EndOffset="23265" SrcFileId="2" StartOffset="23225"/>
<Loc EndOffset="23351" SrcFileId="2" StartOffset="23297"/>
<Loc EndOffset="23513" SrcFileId="2" StartOffset="23477"/>
<Loc EndOffset="23654" SrcFileId="2" StartOffset="23613"/>
<Loc EndOffset="23705" SrcFileId="2" StartOffset="23659"/>
<Loc EndOffset="23756" SrcFileId="2" StartOffset="23710"/>
<Loc EndOffset="23807" SrcFileId="2" StartOffset="23761"/>
<Loc EndOffset="23858" SrcFileId="2" StartOffset="23812"/>
<Loc EndOffset="23986" SrcFileId="2" StartOffset="23940"/>
<Loc EndOffset="24035" SrcFileId="2" StartOffset="23991"/>
<Loc EndOffset="24139" SrcFileId="2" StartOffset="24061"/>
<Loc EndOffset="24455" SrcFileId="2" StartOffset="24413"/>
<Loc EndOffset="24601" SrcFileId="2" StartOffset="24556"/>
<Loc EndOffset="24638" SrcFileId="2" StartOffset="24606"/>
<Loc EndOffset="24675" SrcFileId="2" StartOffset="24643"/>
<Loc EndOffset="24794" SrcFileId="2" StartOffset="24718"/>
<Loc EndOffset="24912" SrcFileId="2" StartOffset="24847"/>
<Loc EndOffset="25046" SrcFileId="2" StartOffset="25039"/>
</LocList>
<BasicStmnt CovItemId="S1" CovItemPrefix="StdDraw.java" Intrnl_Id="113">
<LocList>
<Loc EndOffset="20822" SrcFileId="2" StartOffset="20776"/>
</LocList>
</BasicStmnt>
<BasicStmnt CovItemId="S2" CovItemPrefix="StdDraw.java" Intrnl_Id="114">
<LocList>
<Loc EndOffset="20912" SrcFileId="2" StartOffset="20868"/>
</LocList>
</BasicStmnt>
<BasicStmnt CovItemId="S3" CovItemPrefix="StdDraw.java" Intrnl_Id="115">
<LocList>
<Loc EndOffset="21002" SrcFileId="2" StartOffset="20958"/>
</LocList>
</BasicStmnt>
<BasicStmnt CovItemId="S4" CovItemPrefix="StdDraw.java" Intrnl_Id="116">
<LocList>
<Loc EndOffset="21107" SrcFileId="2" StartOffset="21053"/>
</LocList>
</BasicStmnt>
<BasicStmnt CovItemId="S5" CovItemPrefix="StdDraw.java" Intrnl_Id="117">
<LocList>
<Loc EndOffset="21197" SrcFileId="2" StartOffset="21153"/>
</LocList>
</BasicStmnt>
<BasicStmnt CovItemId="S6" CovItemPrefix="StdDraw.java" Intrnl_Id="118">
<LocList>
<Loc EndOffset="21291" SrcFileId="2" StartOffset="21244"/>
</LocList>
</BasicStmnt>
<BasicStmnt CovItemId="S7" CovItemPrefix="StdDraw.java" Intrnl_Id="119">
<LocList>
<Loc EndOffset="21399" SrcFileId="2" StartOffset="21343"/>
</LocList>
</BasicStmnt>
<BasicStmnt CovItemId="S8" CovItemPrefix="StdDraw.java" Intrnl_Id="120">
<LocList>
<Loc EndOffset="21498" SrcFileId="2" StartOffset="21448"/>
</LocList>
</BasicStmnt>
<BasicStmnt CovItemId="S9" CovItemPrefix="StdDraw.java" Intrnl_Id="121">
<LocList>
<Loc EndOffset="21594" SrcFileId="2" StartOffset="21546"/>
</LocList>
</BasicStmnt>
<BasicStmnt CovItemId="S10" CovItemPrefix="StdDraw.java" Intrnl_Id="122">
<LocList>
<Loc EndOffset="21684" SrcFileId="2" StartOffset="21640"/>
</LocList>
</BasicStmnt>
<BasicStmnt CovItemId="S11" CovItemPrefix="StdDraw.java" Intrnl_Id="123">
<LocList>
<Loc EndOffset="21771" SrcFileId="2" StartOffset="21729"/>
</LocList>
</BasicStmnt>
<BasicStmnt CovItemId="S12" CovItemPrefix="StdDraw.java" Intrnl_Id="124">
<LocList>
<Loc EndOffset="21864" SrcFileId="2" StartOffset="21818"/>
</LocList>
</BasicStmnt>
<BasicStmnt CovItemId="S13" CovItemPrefix="StdDraw.java" Intrnl_Id="125">
<LocList>
<Loc EndOffset="21960" SrcFileId="2" StartOffset="21912"/>
</LocList>
</BasicStmnt>
<BasicStmnt CovItemId="S14" CovItemPrefix="StdDraw.java" Intrnl_Id="126">
<LocList>
<Loc EndOffset="22191" SrcFileId="2" StartOffset="22131"/>
</LocList>
</BasicStmnt>
<BasicStmnt CovItemId="S15" CovItemPrefix="StdDraw.java" Intrnl_Id="127">
<LocList>
<Loc EndOffset="22420" SrcFileId="2" StartOffset="22351"/>
</LocList>
</BasicStmnt>
<BasicStmnt CovItemId="S16" CovItemPrefix="StdDraw.java" Intrnl_Id="128">
<LocList>
<Loc EndOffset="22640" SrcFileId="2" StartOffset="22580"/>
</LocList>
</BasicStmnt>
<BasicStmnt CovItemId="S17" CovItemPrefix="StdDraw.java" Intrnl_Id="129">
<LocList>
<Loc EndOffset="22866" SrcFileId="2" StartOffset="22797"/>
</LocList>
</BasicStmnt>
<BasicStmnt CovItemId="S18" CovItemPrefix="StdDraw.java" Intrnl_Id="130">
<LocList>
<Loc EndOffset="22948" SrcFileId="2" StartOffset="22894"/>
</LocList>
</BasicStmnt>
<BasicStmnt CovItemId="S19" CovItemPrefix="StdDraw.java" Intrnl_Id="131">
<LocList>
<Loc EndOffset="23007" SrcFileId="2" StartOffset="22953"/>
</LocList>
</BasicStmnt>
<BasicStmnt CovItemId="S20" CovItemPrefix="StdDraw.java" Intrnl_Id="132">
<LocList>
<Loc EndOffset="23175" SrcFileId="2" StartOffset="23132"/>
</LocList>
</BasicStmnt>
<BasicStmnt CovItemId="S21" CovItemPrefix="StdDraw.java" Intrnl_Id="133">
<LocList>
<Loc EndOffset="23220" SrcFileId="2" StartOffset="23180"/>
</LocList>
</BasicStmnt>
<BasicStmnt CovItemId="S22" CovItemPrefix="StdDraw.java" Intrnl_Id="134">
<LocList>
<Loc EndOffset="23265" SrcFileId="2" StartOffset="23225"/>
</LocList>
</BasicStmnt>
<BasicStmnt CovItemId="S23" CovItemPrefix="StdDraw.java" Intrnl_Id="135">
<LocList>
<Loc EndOffset="23351" SrcFileId="2" StartOffset="23297"/>
</LocList>
</BasicStmnt>
<BasicStmnt CovItemId="S24" CovItemPrefix="StdDraw.java" Intrnl_Id="136">
<LocList>
<Loc EndOffset="23513" SrcFileId="2" StartOffset="23477"/>
</LocList>
</BasicStmnt>
<BasicStmnt CovItemId="S25" CovItemPrefix="StdDraw.java" Intrnl_Id="137">
<LocList>
<Loc EndOffset="23654" SrcFileId="2" StartOffset="23613"/>
</LocList>
</BasicStmnt>
<BasicStmnt CovItemId="S26" CovItemPrefix="StdDraw.java" Intrnl_Id="138">
<LocList>
<Loc EndOffset="23705" SrcFileId="2" StartOffset="23659"/>
</LocList>
</BasicStmnt>
<BasicStmnt CovItemId="S27" CovItemPrefix="StdDraw.java" Intrnl_Id="139">
<LocList>
<Loc EndOffset="23756" SrcFileId="2" StartOffset="23710"/>
</LocList>
</BasicStmnt>
<BasicStmnt CovItemId="S28" CovItemPrefix="StdDraw.java" Intrnl_Id="140">
<LocList>
<Loc EndOffset="23807" SrcFileId="2" StartOffset="23761"/>
</LocList>
</BasicStmnt>
<BasicStmnt CovItemId="S29" CovItemPrefix="StdDraw.java" Intrnl_Id="141">
<LocList>
<Loc EndOffset="23858" SrcFileId="2" StartOffset="23812"/>
</LocList>
</BasicStmnt>
<BasicStmnt CovItemId="S30" CovItemPrefix="StdDraw.java" Intrnl_Id="142">
<LocList>
<Loc EndOffset="23986" SrcFileId="2" StartOffset="23940"/>
</LocList>
</BasicStmnt>
<BasicStmnt CovItemId="S31" CovItemPrefix="StdDraw.java" Intrnl_Id="143">
<LocList>
<Loc EndOffset="24035" SrcFileId="2" StartOffset="23991"/>
</LocList>
</BasicStmnt>
<BasicStmnt CovItemId="S32" CovItemPrefix="StdDraw.java" Intrnl_Id="144">
<LocList>
<Loc EndOffset="24139" SrcFileId="2" StartOffset="24061"/>
</LocList>
</BasicStmnt>
<BasicStmnt CovItemId="S33" CovItemPrefix="StdDraw.java" Intrnl_Id="145">
<LocList>
<Loc EndOffset="24455" SrcFileId="2" StartOffset="24413"/>
</LocList>
</BasicStmnt>
<BasicStmnt CovItemId="S34" CovItemPrefix="StdDraw.java" Intrnl_Id="146">
<LocList>
<Loc EndOffset="24601" SrcFileId="2" StartOffset="24556"/>
</LocList>
</BasicStmnt>
<BasicStmnt CovItemId="S35" CovItemPrefix="StdDraw.java" Intrnl_Id="147">
<LocList>
<Loc EndOffset="24638" SrcFileId="2" StartOffset="24606"/>
</LocList>
</BasicStmnt>
<BasicStmnt CovItemId="S36" CovItemPrefix="StdDraw.java" Intrnl_Id="148">
<LocList>
<Loc EndOffset="24675" SrcFileId="2" StartOffset="24643"/>
</LocList>
</BasicStmnt>
<BasicStmnt CovItemId="S37" CovItemPrefix="StdDraw.java" Intrnl_Id="149">
<LocList>
<Loc EndOffset="24794" SrcFileId="2" StartOffset="24718"/>
</LocList>
</BasicStmnt>
<BasicStmnt CovItemId="S38" CovItemPrefix="StdDraw.java" Intrnl_Id="150">
<LocList>
<Loc EndOffset="24912" SrcFileId="2" StartOffset="24847"/>
</LocList>
</BasicStmnt>
<BasicStmnt CovItemId="S39" CovItemPrefix="StdDraw.java" Intrnl_Id="151">
<LocList>
<Loc EndOffset="25046" SrcFileId="2" StartOffset="25039"/>
</LocList>
</BasicStmnt>
</StmntSeq>
<HierarchyLvl HierarchyLvlId="5402" HierarchyLvlTypeId="12" Intrnl_Id="152" Name="StdDraw">
<Header>
<Loc EndOffset="24985" SrcFileId="2" StartOffset="24969"/>
</Header>
<LocList>
<Loc EndOffset="24989" SrcFileId="2" StartOffset="24969"/>
</LocList>
</HierarchyLvl>
<HierarchyLvl HierarchyLvlId="5403" HierarchyLvlTypeId="12" Intrnl_Id="153" Name="setCanvasSize">
<Header>
<Loc EndOffset="25407" SrcFileId="2" StartOffset="25373"/>
</Header>
<LocList>
<Loc EndOffset="25466" SrcFileId="2" StartOffset="25373"/>
</LocList>
<StmntSeq Intrnl_Id="154">
<LocList>
<Loc EndOffset="25460" SrcFileId="2" StartOffset="25418"/>
</LocList>
<BasicStmnt CovItemId="S40" CovItemPrefix="StdDraw.java" Intrnl_Id="155">
<LocList>
<Loc EndOffset="25460" SrcFileId="2" StartOffset="25418"/>
</LocList>
</BasicStmnt>
</StmntSeq>
</HierarchyLvl>
<HierarchyLvl HierarchyLvlId="5404" HierarchyLvlTypeId="12" Intrnl_Id="156" Name="setCanvasSize">
<Header>
<Loc EndOffset="26129" SrcFileId="2" StartOffset="26062"/>
</Header>
<LocList>
<Loc EndOffset="26399" SrcFileId="2" StartOffset="26062"/>
</LocList>
<StmntSeq Intrnl_Id="157">
<LocList>
<Loc EndOffset="26223" SrcFileId="2" StartOffset="26140"/>
<Loc EndOffset="26317" SrcFileId="2" StartOffset="26232"/>
<Loc EndOffset="26346" SrcFileId="2" StartOffset="26326"/>
<Loc EndOffset="26377" SrcFileId="2" StartOffset="26355"/>
<Loc EndOffset="26393" SrcFileId="2" StartOffset="26386"/>
</LocList>
<CondStmnt CovItemId="S41" CovItemPrefix="StdDraw.java" Intrnl_Id="158">
<Branch CovItemId="B1" CovItemPrefix="StdDraw.java" Implct="false" Intrnl_Id="159">
<Cond/>
<LocList>
<Loc EndOffset="26223" SrcFileId="2" StartOffset="26162"/>
</LocList>
<StmntSeq Intrnl_Id="160">
<LocList>
<Loc EndOffset="26223" SrcFileId="2" StartOffset="26162"/>
</LocList>
<BasicStmnt CovItemId="S42" CovItemPrefix="StdDraw.java" Intrnl_Id="161">
<LocList>
<Loc EndOffset="26223" SrcFileId="2" StartOffset="26162"/>
</LocList>
</BasicStmnt>
</StmntSeq>
</Branch>
<Branch CovItemId="B2" CovItemPrefix="StdDraw.java" Implct="true" Intrnl_Id="162">
<Cond/>
<LocList/>
<StmntSeq Intrnl_Id="163">
<LocList/>
</StmntSeq>
</Branch>
<Keyword EndOffset="26142" SrcFileId="2" StartOffset="26140"/>
<LocList>
<Loc EndOffset="26223" SrcFileId="2" StartOffset="26140"/>
</LocList>
<RootTerm CovItemId="C1" CovItemPrefix="StdDraw.java" Intrnl_Id="164">
<BasicBoolTerm Intrnl_Id="165">
<LocList>
<Loc EndOffset="26160" SrcFileId="2" StartOffset="26144"/>
</LocList>
</BasicBoolTerm>
</RootTerm>
</CondStmnt>
<CondStmnt CovItemId="S43" CovItemPrefix="StdDraw.java" Intrnl_Id="166">
<Branch CovItemId="B3" CovItemPrefix="StdDraw.java" Implct="false" Intrnl_Id="167">
<Cond/>
<LocList>
<Loc EndOffset="26317" SrcFileId="2" StartOffset="26255"/>
</LocList>
<StmntSeq Intrnl_Id="168">
<LocList>
<Loc EndOffset="26317" SrcFileId="2" StartOffset="26255"/>
</LocList>
<BasicStmnt CovItemId="S44" CovItemPrefix="StdDraw.java" Intrnl_Id="169">
<LocList>
<Loc EndOffset="26317" SrcFileId="2" StartOffset="26255"/>
</LocList>
</BasicStmnt>
</StmntSeq>
</Branch>
<Branch CovItemId="B4" CovItemPrefix="StdDraw.java" Implct="true" Intrnl_Id="170">
<Cond/>
<LocList/>
<StmntSeq Intrnl_Id="171">
<LocList/>
</StmntSeq>
</Branch>
<Keyword EndOffset="26234" SrcFileId="2" StartOffset="26232"/>
<LocList>
<Loc EndOffset="26317" SrcFileId="2" StartOffset="26232"/>
</LocList>
<RootTerm CovItemId="C2" CovItemPrefix="StdDraw.java" Intrnl_Id="172">
<BasicBoolTerm Intrnl_Id="173">
<LocList>
<Loc EndOffset="26253" SrcFileId="2" StartOffset="26236"/>
</LocList>
</BasicBoolTerm>
</RootTerm>
</CondStmnt>
<BasicStmnt CovItemId="S45" CovItemPrefix="StdDraw.java" Intrnl_Id="174">
<LocList>
<Loc EndOffset="26346" SrcFileId="2" StartOffset="26326"/>
</LocList>
</BasicStmnt>
<BasicStmnt CovItemId="S46" CovItemPrefix="StdDraw.java" Intrnl_Id="175">
<LocList>
<Loc EndOffset="26377" SrcFileId="2" StartOffset="26355"/>
</LocList>
</BasicStmnt>
<BasicStmnt CovItemId="S47" CovItemPrefix="StdDraw.java" Intrnl_Id="176">
<LocList>
<Loc EndOffset="26393" SrcFileId="2" StartOffset="26386"/>
</LocList>
</BasicStmnt>
</StmntSeq>
</HierarchyLvl>
<HierarchyLvl HierarchyLvlId="5405" HierarchyLvlTypeId="12" Intrnl_Id="177" Name="init">
<Header>
<Loc EndOffset="26442" SrcFileId="2" StartOffset="26417"/>
</Header>
<LocList>
<Loc EndOffset="28258" SrcFileId="2" StartOffset="26417"/>
</LocList>
<StmntSeq Intrnl_Id="178">
<LocList>
<Loc EndOffset="26496" SrcFileId="2" StartOffset="26453"/>
<Loc EndOffset="26526" SrcFileId="2" StartOffset="26505"/>
<Loc EndOffset="26618" SrcFileId="2" StartOffset="26535"/>
<Loc EndOffset="26710" SrcFileId="2" StartOffset="26627"/>
<Loc EndOffset="26763" SrcFileId="2" StartOffset="26719"/>
<Loc EndOffset="26815" SrcFileId="2" StartOffset="26772"/>
<Loc EndOffset="26850" SrcFileId="2" StartOffset="26824"/>
<Loc EndOffset="26903" SrcFileId="2" StartOffset="26891"/>
<Loc EndOffset="26924" SrcFileId="2" StartOffset="26912"/>
<Loc EndOffset="26973" SrcFileId="2" StartOffset="26933"/>
<Loc EndOffset="27022" SrcFileId="2" StartOffset="26982"/>
<Loc EndOffset="27045" SrcFileId="2" StartOffset="27031"/>
<Loc EndOffset="27069" SrcFileId="2" StartOffset="27054"/>
<Loc EndOffset="27088" SrcFileId="2" StartOffset="27078"/>
<Loc EndOffset="27105" SrcFileId="2" StartOffset="27097"/>
<Loc EndOffset="27303" SrcFileId="2" StartOffset="27143"/>
<Loc EndOffset="27389" SrcFileId="2" StartOffset="27312"/>
<Loc EndOffset="27433" SrcFileId="2" StartOffset="27398"/>
<Loc EndOffset="27524" SrcFileId="2" StartOffset="27466"/>
<Loc EndOffset="27564" SrcFileId="2" StartOffset="27533"/>
<Loc EndOffset="27601" SrcFileId="2" StartOffset="27574"/>
<Loc EndOffset="27643" SrcFileId="2" StartOffset="27610"/>
<Loc EndOffset="27680" SrcFileId="2" StartOffset="27653"/>
<Loc EndOffset="27715" SrcFileId="2" StartOffset="27689"/>
<Loc EndOffset="27805" SrcFileId="2" StartOffset="27763"/>
<Loc EndOffset="27877" SrcFileId="2" StartOffset="27851"/>
<Loc EndOffset="27939" SrcFileId="2" StartOffset="27886"/>
<Loc EndOffset="28116" SrcFileId="2" StartOffset="28084"/>
<Loc EndOffset="28160" SrcFileId="2" StartOffset="28125"/>
<Loc EndOffset="28182" SrcFileId="2" StartOffset="28169"/>
<Loc EndOffset="28220" SrcFileId="2" StartOffset="28191"/>
<Loc EndOffset="28252" SrcFileId="2" StartOffset="28229"/>
</LocList>
<CondStmnt CovItemId="S48" CovItemPrefix="StdDraw.java" Intrnl_Id="179">
<Branch CovItemId="B5" CovItemPrefix="StdDraw.java" Implct="false" Intrnl_Id="180">
<Cond/>
<LocList>
<Loc EndOffset="26496" SrcFileId="2" StartOffset="26472"/>
</LocList>
<StmntSeq Intrnl_Id="181">
<LocList>
<Loc EndOffset="26496" SrcFileId="2" StartOffset="26472"/>
</LocList>
<BasicStmnt CovItemId="S49" CovItemPrefix="StdDraw.java" Intrnl_Id="182">
<LocList>
<Loc EndOffset="26496" SrcFileId="2" StartOffset="26472"/>
</LocList>
</BasicStmnt>
</StmntSeq>
</Branch>
<Branch CovItemId="B6" CovItemPrefix="StdDraw.java" Implct="true" Intrnl_Id="183">
<Cond/>
<LocList/>
<StmntSeq Intrnl_Id="184">
<LocList/>
</StmntSeq>
</Branch>
<Keyword EndOffset="26455" SrcFileId="2" StartOffset="26453"/>
<LocList>
<Loc EndOffset="26496" SrcFileId="2" StartOffset="26453"/>
</LocList>
<RootTerm CovItemId="C3" CovItemPrefix="StdDraw.java" Intrnl_Id="185">
<BasicBoolTerm Intrnl_Id="186">
<LocList>
<Loc EndOffset="26470" SrcFileId="2" StartOffset="26457"/>
</LocList>
</BasicBoolTerm>
</RootTerm>
</CondStmnt>
<BasicStmnt CovItemId="S50" CovItemPrefix="StdDraw.java" Intrnl_Id="187">
<LocList>
<Loc EndOffset="26526" SrcFileId="2" StartOffset="26505"/>
</LocList>
</BasicStmnt>
<BasicStmnt CovItemId="S51" CovItemPrefix="StdDraw.java" Intrnl_Id="188">
<LocList>
<Loc EndOffset="26618" SrcFileId="2" StartOffset="26535"/>
</LocList>
</BasicStmnt>
<BasicStmnt CovItemId="S52" CovItemPrefix="StdDraw.java" Intrnl_Id="189">
<LocList>
<Loc EndOffset="26710" SrcFileId="2" StartOffset="26627"/>
</LocList>
</BasicStmnt>
<BasicStmnt CovItemId="S53" CovItemPrefix="StdDraw.java" Intrnl_Id="190">
<LocList>
<Loc EndOffset="26763" SrcFileId="2" StartOffset="26719"/>
</LocList>
</BasicStmnt>
<BasicStmnt CovItemId="S54" CovItemPrefix="StdDraw.java" Intrnl_Id="191">
<LocList>
<Loc EndOffset="26815" SrcFileId="2" StartOffset="26772"/>
</LocList>
</BasicStmnt>
<BasicStmnt CovItemId="S55" CovItemPrefix="StdDraw.java" Intrnl_Id="192">
<LocList>
<Loc EndOffset="26850" SrcFileId="2" StartOffset="26824"/>
</LocList>
</BasicStmnt>
<BasicStmnt CovItemId="S56" CovItemPrefix="StdDraw.java" Intrnl_Id="193">
<LocList>
<Loc EndOffset="26903" SrcFileId="2" StartOffset="26891"/>
</LocList>
</BasicStmnt>
<BasicStmnt CovItemId="S57" CovItemPrefix="StdDraw.java" Intrnl_Id="194">
<LocList>
<Loc EndOffset="26924" SrcFileId="2" StartOffset="26912"/>
</LocList>
</BasicStmnt>
<BasicStmnt CovItemId="S58" CovItemPrefix="StdDraw.java" Intrnl_Id="195">
<LocList>
<Loc EndOffset="26973" SrcFileId="2" StartOffset="26933"/>
</LocList>
</BasicStmnt>
<BasicStmnt CovItemId="S59" CovItemPrefix="StdDraw.java" Intrnl_Id="196">
<LocList>
<Loc EndOffset="27022" SrcFileId="2" StartOffset="26982"/>
</LocList>
</BasicStmnt>
<BasicStmnt CovItemId="S60" CovItemPrefix="StdDraw.java" Intrnl_Id="197">
<LocList>
<Loc EndOffset="27045" SrcFileId="2" StartOffset="27031"/>
</LocList>
</BasicStmnt>
<BasicStmnt CovItemId="S61" CovItemPrefix="StdDraw.java" Intrnl_Id="198">
<LocList>
<Loc EndOffset="27069" SrcFileId="2" StartOffset="27054"/>
</LocList>
</BasicStmnt>
<BasicStmnt CovItemId="S62" CovItemPrefix="StdDraw.java" Intrnl_Id="199">
<LocList>
<Loc EndOffset="27088" SrcFileId="2" StartOffset="27078"/>
</LocList>
</BasicStmnt>
<BasicStmnt CovItemId="S63" CovItemPrefix="StdDraw.java" Intrnl_Id="200">
<LocList>
<Loc EndOffset="27105" SrcFileId="2" StartOffset="27097"/>
</LocList>
</BasicStmnt>
<BasicStmnt CovItemId="S64" CovItemPrefix="StdDraw.java" Intrnl_Id="201">
<LocList>
<Loc EndOffset="27303" SrcFileId="2" StartOffset="27143"/>
</LocList>
</BasicStmnt>
<BasicStmnt CovItemId="S65" CovItemPrefix="StdDraw.java" Intrnl_Id="202">
<LocList>
<Loc EndOffset="27389" SrcFileId="2" StartOffset="27312"/>
</LocList>
</BasicStmnt>
<BasicStmnt CovItemId="S66" CovItemPrefix="StdDraw.java" Intrnl_Id="203">
<LocList>
<Loc EndOffset="27433" SrcFileId="2" StartOffset="27398"/>
</LocList>
</BasicStmnt>
<BasicStmnt CovItemId="S67" CovItemPrefix="StdDraw.java" Intrnl_Id="204">
<LocList>
<Loc EndOffset="27524" SrcFileId="2" StartOffset="27466"/>
</LocList>
</BasicStmnt>
<BasicStmnt CovItemId="S68" CovItemPrefix="StdDraw.java" Intrnl_Id="205">
<LocList>
<Loc EndOffset="27564" SrcFileId="2" StartOffset="27533"/>
</LocList>
</BasicStmnt>
<BasicStmnt CovItemId="S69" CovItemPrefix="StdDraw.java" Intrnl_Id="206">
<LocList>
<Loc EndOffset="27601" SrcFileId="2" StartOffset="27574"/>
</LocList>
</BasicStmnt>
<BasicStmnt CovItemId="S70" CovItemPrefix="StdDraw.java" Intrnl_Id="207">
<LocList>
<Loc EndOffset="27643" SrcFileId="2" StartOffset="27610"/>
</LocList>
</BasicStmnt>
<BasicStmnt CovItemId="S71" CovItemPrefix="StdDraw.java" Intrnl_Id="208">
<LocList>
<Loc EndOffset="27680" SrcFileId="2" StartOffset="27653"/>
</LocList>
</BasicStmnt>
<BasicStmnt CovItemId="S72" CovItemPrefix="StdDraw.java" Intrnl_Id="209">
<LocList>
<Loc EndOffset="27715" SrcFileId="2" StartOffset="27689"/>
</LocList>
</BasicStmnt>
<BasicStmnt CovItemId="S73" CovItemPrefix="StdDraw.java" Intrnl_Id="210">
<LocList>
<Loc EndOffset="27805" SrcFileId="2" StartOffset="27763"/>
</LocList>
</BasicStmnt>
<BasicStmnt CovItemId="S74" CovItemPrefix="StdDraw.java" Intrnl_Id="211">
<LocList>
<Loc EndOffset="27877" SrcFileId="2" StartOffset="27851"/>
</LocList>
</BasicStmnt>
<BasicStmnt CovItemId="S75" CovItemPrefix="StdDraw.java" Intrnl_Id="212">
<LocList>
<Loc EndOffset="27939" SrcFileId="2" StartOffset="27886"/>
</LocList>
</BasicStmnt>
<BasicStmnt CovItemId="S76" CovItemPrefix="StdDraw.java" Intrnl_Id="213">
<LocList>
<Loc EndOffset="28116" SrcFileId="2" StartOffset="28084"/>
</LocList>
</BasicStmnt>
<BasicStmnt CovItemId="S77" CovItemPrefix="StdDraw.java" Intrnl_Id="214">
<LocList>
<Loc EndOffset="28160" SrcFileId="2" StartOffset="28125"/>
</LocList>
</BasicStmnt>
<BasicStmnt CovItemId="S78" CovItemPrefix="StdDraw.java" Intrnl_Id="215">
<LocList>
<Loc EndOffset="28182" SrcFileId="2" StartOffset="28169"/>
</LocList>
</BasicStmnt>
<BasicStmnt CovItemId="S79" CovItemPrefix="StdDraw.java" Intrnl_Id="216">
<LocList>
<Loc EndOffset="28220" SrcFileId="2" StartOffset="28191"/>
</LocList>
</BasicStmnt>
<BasicStmnt CovItemId="S80" CovItemPrefix="StdDraw.java" Intrnl_Id="217">
<LocList>
<Loc EndOffset="28252" SrcFileId="2" StartOffset="28229"/>
</LocList>
</BasicStmnt>
</StmntSeq>
</HierarchyLvl>
<HierarchyLvl HierarchyLvlId="5406" HierarchyLvlTypeId="12" Intrnl_Id="218" Name="createMenuBar">
<Header>
<Loc EndOffset="28349" SrcFileId="2" StartOffset="28311"/>
</Header>
<LocList>
<Loc EndOffset="28867" SrcFileId="2" StartOffset="28311"/>
</LocList>
<StmntSeq Intrnl_Id="219">
<LocList>
<Loc EndOffset="28394" SrcFileId="2" StartOffset="28360"/>
<Loc EndOffset="28434" SrcFileId="2" StartOffset="28403"/>
<Loc EndOffset="28461" SrcFileId="2" StartOffset="28443"/>
<Loc EndOffset="28521" SrcFileId="2" StartOffset="28470"/>
<Loc EndOffset="28563" SrcFileId="2" StartOffset="28530"/>
<Loc EndOffset="28808" SrcFileId="2" StartOffset="28658"/>
<Loc EndOffset="28837" SrcFileId="2" StartOffset="28817"/>
<Loc EndOffset="28861" SrcFileId="2" StartOffset="28846"/>
</LocList>
<BasicStmnt CovItemId="S81" CovItemPrefix="StdDraw.java" Intrnl_Id="220">
<LocList>
<Loc EndOffset="28394" SrcFileId="2" StartOffset="28360"/>
</LocList>
</BasicStmnt>
<BasicStmnt CovItemId="S82" CovItemPrefix="StdDraw.java" Intrnl_Id="221">
<LocList>
<Loc EndOffset="28434" SrcFileId="2" StartOffset="28403"/>
</LocList>
</BasicStmnt>
<BasicStmnt CovItemId="S83" CovItemPrefix="StdDraw.java" Intrnl_Id="222">
<LocList>
<Loc EndOffset="28461" SrcFileId="2" StartOffset="28443"/>
</LocList>
</BasicStmnt>
<BasicStmnt CovItemId="S84" CovItemPrefix="StdDraw.java" Intrnl_Id="223">
<LocList>
<Loc EndOffset="28521" SrcFileId="2" StartOffset="28470"/>
</LocList>
</BasicStmnt>
<BasicStmnt CovItemId="S85" CovItemPrefix="StdDraw.java" Intrnl_Id="224">
<LocList>
<Loc EndOffset="28563" SrcFileId="2" StartOffset="28530"/>
</LocList>
</BasicStmnt>
<BasicStmnt CovItemId="S86" CovItemPrefix="StdDraw.java" Intrnl_Id="225">
<LocList>
<Loc EndOffset="28808" SrcFileId="2" StartOffset="28658"/>
</LocList>
</BasicStmnt>
<BasicStmnt CovItemId="S87" CovItemPrefix="StdDraw.java" Intrnl_Id="226">
<LocList>
<Loc EndOffset="28837" SrcFileId="2" StartOffset="28817"/>
</LocList>
</BasicStmnt>
<BasicStmnt CovItemId="S88" CovItemPrefix="StdDraw.java" Intrnl_Id="227">
<LocList>
<Loc EndOffset="28861" SrcFileId="2" StartOffset="28846"/>
</LocList>
</BasicStmnt>
</StmntSeq>
</HierarchyLvl>
<HierarchyLvl HierarchyLvlId="5407" HierarchyLvlTypeId="12" Intrnl_Id="228" Name="validate">
<Header>
<Loc EndOffset="29193" SrcFileId="2" StartOffset="29143"/>
</Header>
<LocList>
<Loc EndOffset="29377" SrcFileId="2" StartOffset="29143"/>
</LocList>
<StmntSeq Intrnl_Id="229">
<LocList>
<Loc EndOffset="29278" SrcFileId="2" StartOffset="29204"/>
<Loc EndOffset="29371" SrcFileId="2" StartOffset="29287"/>
</LocList>
<CondStmnt CovItemId="S89" CovItemPrefix="StdDraw.java" Intrnl_Id="230">
<Branch CovItemId="B7" CovItemPrefix="StdDraw.java" Implct="false" Intrnl_Id="231">
<Cond/>
<LocList>
<Loc EndOffset="29278" SrcFileId="2" StartOffset="29225"/>
</LocList>
<StmntSeq Intrnl_Id="232">
<LocList>
<Loc EndOffset="29278" SrcFileId="2" StartOffset="29225"/>
</LocList>
<BasicStmnt CovItemId="S90" CovItemPrefix="StdDraw.java" Intrnl_Id="233">
<LocList>
<Loc EndOffset="29278" SrcFileId="2" StartOffset="29225"/>
</LocList>
</BasicStmnt>
</StmntSeq>
</Branch>
<Branch CovItemId="B8" CovItemPrefix="StdDraw.java" Implct="true" Intrnl_Id="234">
<Cond/>
<LocList/>
<StmntSeq Intrnl_Id="235">
<LocList/>
</StmntSeq>
</Branch>
<Keyword EndOffset="29206" SrcFileId="2" StartOffset="29204"/>
<LocList>
<Loc EndOffset="29278" SrcFileId="2" StartOffset="29204"/>
</LocList>
<RootTerm CovItemId="C4" CovItemPrefix="StdDraw.java" Intrnl_Id="236">
<BasicBoolTerm Intrnl_Id="237">
<LocList>
<Loc EndOffset="29223" SrcFileId="2" StartOffset="29208"/>
</LocList>
</BasicBoolTerm>
</RootTerm>
</CondStmnt>
<CondStmnt CovItemId="S91" CovItemPrefix="StdDraw.java" Intrnl_Id="238">
<Branch CovItemId="B9" CovItemPrefix="StdDraw.java" Implct="false" Intrnl_Id="239">
<Cond/>
<LocList>
<Loc EndOffset="29371" SrcFileId="2" StartOffset="29313"/>
</LocList>
<StmntSeq Intrnl_Id="240">
<LocList>
<Loc EndOffset="29371" SrcFileId="2" StartOffset="29313"/>
</LocList>
<BasicStmnt CovItemId="S92" CovItemPrefix="StdDraw.java" Intrnl_Id="241">
<LocList>
<Loc EndOffset="29371" SrcFileId="2" StartOffset="29313"/>
</LocList>
</BasicStmnt>
</StmntSeq>
</Branch>
<Branch CovItemId="B10" CovItemPrefix="StdDraw.java" Implct="true" Intrnl_Id="242">
<Cond/>
<LocList/>
<StmntSeq Intrnl_Id="243">
<LocList/>
</StmntSeq>
</Branch>
<Keyword EndOffset="29289" SrcFileId="2" StartOffset="29287"/>
<LocList>
<Loc EndOffset="29371" SrcFileId="2" StartOffset="29287"/>
</LocList>
<RootTerm CovItemId="C5" CovItemPrefix="StdDraw.java" Intrnl_Id="244">
<BasicBoolTerm Intrnl_Id="245">
<LocList>
<Loc EndOffset="29311" SrcFileId="2" StartOffset="29291"/>
</LocList>
</BasicBoolTerm>
</RootTerm>
</CondStmnt>
</StmntSeq>
</HierarchyLvl>
<HierarchyLvl HierarchyLvlId="5408" HierarchyLvlTypeId="12" Intrnl_Id="246" Name="validateNonnegative">
<Header>
<Loc EndOffset="29498" SrcFileId="2" StartOffset="29437"/>
</Header>
<LocList>
<Loc EndOffset="29581" SrcFileId="2" StartOffset="29437"/>
</LocList>
<StmntSeq Intrnl_Id="247">
<LocList>
<Loc EndOffset="29575" SrcFileId="2" StartOffset="29509"/>
</LocList>
<CondStmnt CovItemId="S93" CovItemPrefix="StdDraw.java" Intrnl_Id="248">
<Branch CovItemId="B11" CovItemPrefix="StdDraw.java" Implct="false" Intrnl_Id="249">
<Cond/>
<LocList>
<Loc EndOffset="29575" SrcFileId="2" StartOffset="29520"/>
</LocList>
<StmntSeq Intrnl_Id="250">
<LocList>
<Loc EndOffset="29575" SrcFileId="2" StartOffset="29520"/>
</LocList>
<BasicStmnt CovItemId="S94" CovItemPrefix="StdDraw.java" Intrnl_Id="251">
<LocList>
<Loc EndOffset="29575" SrcFileId="2" StartOffset="29520"/>
</LocList>
</BasicStmnt>
</StmntSeq>
</Branch>
<Branch CovItemId="B12" CovItemPrefix="StdDraw.java" Implct="true" Intrnl_Id="252">
<Cond/>
<LocList/>
<StmntSeq Intrnl_Id="253">
<LocList/>
</StmntSeq>
</Branch>
<Keyword EndOffset="29511" SrcFileId="2" StartOffset="29509"/>
<LocList>
<Loc EndOffset="29575" SrcFileId="2" StartOffset="29509"/>
</LocList>
<RootTerm CovItemId="C6" CovItemPrefix="StdDraw.java" Intrnl_Id="254">
<BasicBoolTerm Intrnl_Id="255">
<LocList>
<Loc EndOffset="29518" SrcFileId="2" StartOffset="29513"/>
</LocList>
</BasicBoolTerm>
</RootTerm>
</CondStmnt>
</StmntSeq>
</HierarchyLvl>
<HierarchyLvl HierarchyLvlId="5409" HierarchyLvlTypeId="12" Intrnl_Id="256" Name="validateNotNull">
<Header>
<Loc EndOffset="29698" SrcFileId="2" StartOffset="29641"/>
</Header>
<LocList>
<Loc EndOffset="29784" SrcFileId="2" StartOffset="29641"/>
</LocList>
<StmntSeq Intrnl_Id="257">
<LocList>
<Loc EndOffset="29778" SrcFileId="2" StartOffset="29709"/>
</LocList>
<CondStmnt CovItemId="S95" CovItemPrefix="StdDraw.java" Intrnl_Id="258">
<Branch CovItemId="B13" CovItemPrefix="StdDraw.java" Implct="false" Intrnl_Id="259">
<Cond/>
<LocList>
<Loc EndOffset="29778" SrcFileId="2" StartOffset="29724"/>
</LocList>
<StmntSeq Intrnl_Id="260">
<LocList>
<Loc EndOffset="29778" SrcFileId="2" StartOffset="29724"/>
</LocList>
<BasicStmnt CovItemId="S96" CovItemPrefix="StdDraw.java" Intrnl_Id="261">
<LocList>
<Loc EndOffset="29778" SrcFileId="2" StartOffset="29724"/>
</LocList>
</BasicStmnt>
</StmntSeq>
</Branch>
<Branch CovItemId="B14" CovItemPrefix="StdDraw.java" Implct="true" Intrnl_Id="262">
<Cond/>
<LocList/>
<StmntSeq Intrnl_Id="263">
<LocList/>
</StmntSeq>
</Branch>
<Keyword EndOffset="29711" SrcFileId="2" StartOffset="29709"/>
<LocList>
<Loc EndOffset="29778" SrcFileId="2" StartOffset="29709"/>
</LocList>
<RootTerm CovItemId="C7" CovItemPrefix="StdDraw.java" Intrnl_Id="264">
<BasicBoolTerm Intrnl_Id="265">
<LocList>
<Loc EndOffset="29722" SrcFileId="2" StartOffset="29713"/>
</LocList>
</BasicBoolTerm>
</RootTerm>
</CondStmnt>
</StmntSeq>
</HierarchyLvl>
<HierarchyLvl HierarchyLvlId="5410" HierarchyLvlTypeId="12" Intrnl_Id="266" Name="setXscale">
<Header>
<Loc EndOffset="29911" SrcFileId="2" StartOffset="29881"/>
</Header>
<LocList>
<Loc EndOffset="29966" SrcFileId="2" StartOffset="29881"/>
</LocList>
<StmntSeq Intrnl_Id="267">
<LocList>
<Loc EndOffset="29960" SrcFileId="2" StartOffset="29922"/>
</LocList>
<BasicStmnt CovItemId="S97" CovItemPrefix="StdDraw.java" Intrnl_Id="268">
<LocList>
<Loc EndOffset="29960" SrcFileId="2" StartOffset="29922"/>
</LocList>
</BasicStmnt>
</StmntSeq>
</HierarchyLvl>
<HierarchyLvl HierarchyLvlId="5411" HierarchyLvlTypeId="12" Intrnl_Id="269" Name="setYscale">
<Header>
<Loc EndOffset="30092" SrcFileId="2" StartOffset="30062"/>
</Header>
<LocList>
<Loc EndOffset="30147" SrcFileId="2" StartOffset="30062"/>
</LocList>
<StmntSeq Intrnl_Id="270">
<LocList>
<Loc EndOffset="30141" SrcFileId="2" StartOffset="30103"/>
</LocList>
<BasicStmnt CovItemId="S98" CovItemPrefix="StdDraw.java" Intrnl_Id="271">
<LocList>
<Loc EndOffset="30141" SrcFileId="2" StartOffset="30103"/>
</LocList>
</BasicStmnt>
</StmntSeq>
</HierarchyLvl>
<HierarchyLvl HierarchyLvlId="5412" HierarchyLvlTypeId="12" Intrnl_Id="272" Name="setScale">
<Header>
<Loc EndOffset="30300" SrcFileId="2" StartOffset="30271"/>
</Header>
<LocList>
<Loc EndOffset="30350" SrcFileId="2" StartOffset="30271"/>
</LocList>
<StmntSeq Intrnl_Id="273">
<LocList>
<Loc EndOffset="30323" SrcFileId="2" StartOffset="30311"/>
<Loc EndOffset="30344" SrcFileId="2" StartOffset="30332"/>
</LocList>
<BasicStmnt CovItemId="S99" CovItemPrefix="StdDraw.java" Intrnl_Id="274">
<LocList>
<Loc EndOffset="30323" SrcFileId="2" StartOffset="30311"/>
</LocList>
</BasicStmnt>
<BasicStmnt CovItemId="S100" CovItemPrefix="StdDraw.java" Intrnl_Id="275">
<LocList>
<Loc EndOffset="30344" SrcFileId="2" StartOffset="30332"/>
</LocList>
</BasicStmnt>
</StmntSeq>
</HierarchyLvl>
<HierarchyLvl HierarchyLvlId="5413" HierarchyLvlTypeId="12" Intrnl_Id="276" Name="setXscale">
<Header>
<Loc EndOffset="30777" SrcFileId="2" StartOffset="30725"/>
</Header>
<LocList>
<Loc EndOffset="31096" SrcFileId="2" StartOffset="30725"/>
</LocList>
<StmntSeq Intrnl_Id="277">
<LocList>
<Loc EndOffset="30809" SrcFileId="2" StartOffset="30788"/>
<Loc EndOffset="30839" SrcFileId="2" StartOffset="30818"/>
<Loc EndOffset="30872" SrcFileId="2" StartOffset="30848"/>
<Loc EndOffset="30965" SrcFileId="2" StartOffset="30881"/>
<Loc EndOffset="30997" SrcFileId="2" StartOffset="30988"/>
<Loc EndOffset="31040" SrcFileId="2" StartOffset="31013"/>
<Loc EndOffset="31080" SrcFileId="2" StartOffset="31053"/>
</LocList>
<BasicStmnt CovItemId="S101" CovItemPrefix="StdDraw.java" Intrnl_Id="278">
<LocList>
<Loc EndOffset="30809" SrcFileId="2" StartOffset="30788"/>
</LocList>
</BasicStmnt>
<BasicStmnt CovItemId="S102" CovItemPrefix="StdDraw.java" Intrnl_Id="279">
<LocList>
<Loc EndOffset="30839" SrcFileId="2" StartOffset="30818"/>
</LocList>
</BasicStmnt>
<BasicStmnt CovItemId="S103" CovItemPrefix="StdDraw.java" Intrnl_Id="280">
<LocList>
<Loc EndOffset="30872" SrcFileId="2" StartOffset="30848"/>
</LocList>
</BasicStmnt>
<CondStmnt CovItemId="S104" CovItemPrefix="StdDraw.java" Intrnl_Id="281">
<Branch CovItemId="B15" CovItemPrefix="StdDraw.java" Implct="false" Intrnl_Id="282">
<Cond/>
<LocList>
<Loc EndOffset="30965" SrcFileId="2" StartOffset="30898"/>
</LocList>
<StmntSeq Intrnl_Id="283">
<LocList>
<Loc EndOffset="30965" SrcFileId="2" StartOffset="30898"/>
</LocList>
<BasicStmnt CovItemId="S105" CovItemPrefix="StdDraw.java" Intrnl_Id="284">
<LocList>
<Loc EndOffset="30965" SrcFileId="2" StartOffset="30898"/>
</LocList>
</BasicStmnt>
</StmntSeq>
</Branch>
<Branch CovItemId="B16" CovItemPrefix="StdDraw.java" Implct="true" Intrnl_Id="285">
<Cond/>
<LocList/>
<StmntSeq Intrnl_Id="286">
<LocList/>
</StmntSeq>
</Branch>
<Keyword EndOffset="30883" SrcFileId="2" StartOffset="30881"/>
<LocList>
<Loc EndOffset="30965" SrcFileId="2" StartOffset="30881"/>
</LocList>
<RootTerm CovItemId="C8" CovItemPrefix="StdDraw.java" Intrnl_Id="287">
<BasicBoolTerm Intrnl_Id="288">
<LocList>
<Loc EndOffset="30896" SrcFileId="2" StartOffset="30885"/>
</LocList>
</BasicBoolTerm>
</RootTerm>
</CondStmnt>
<SyncStmnt CovItemId="Y0" CovItemPrefix="StdDraw.java" Intrnl_Id="289" SyncStmnt0="Y0-0" SyncStmnt1="Y0-1" SyncStmnt2="Y0-2">
<Keyword EndOffset="30998" SrcFileId="2" StartOffset="30974"/>
<LocList>
<Loc EndOffset="30997" SrcFileId="2" StartOffset="30988"/>
</LocList>
</SyncStmnt>
<BasicStmnt CovItemId="S106" CovItemPrefix="StdDraw.java" Intrnl_Id="290">
<LocList>
<Loc EndOffset="31040" SrcFileId="2" StartOffset="31013"/>
</LocList>
</BasicStmnt>
<BasicStmnt CovItemId="S107" CovItemPrefix="StdDraw.java" Intrnl_Id="291">
<LocList>
<Loc EndOffset="31080" SrcFileId="2" StartOffset="31053"/>
</LocList>
</BasicStmnt>
</StmntSeq>
</HierarchyLvl>
<HierarchyLvl HierarchyLvlId="5414" HierarchyLvlTypeId="12" Intrnl_Id="292" Name="setYscale">
<Header>
<Loc EndOffset="31523" SrcFileId="2" StartOffset="31471"/>
</Header>
<LocList>
<Loc EndOffset="31842" SrcFileId="2" StartOffset="31471"/>
</LocList>
<StmntSeq Intrnl_Id="293">
<LocList>
<Loc EndOffset="31555" SrcFileId="2" StartOffset="31534"/>
<Loc EndOffset="31585" SrcFileId="2" StartOffset="31564"/>
<Loc EndOffset="31618" SrcFileId="2" StartOffset="31594"/>
<Loc EndOffset="31711" SrcFileId="2" StartOffset="31627"/>
<Loc EndOffset="31743" SrcFileId="2" StartOffset="31734"/>
<Loc EndOffset="31786" SrcFileId="2" StartOffset="31759"/>
<Loc EndOffset="31826" SrcFileId="2" StartOffset="31799"/>
</LocList>
<BasicStmnt CovItemId="S108" CovItemPrefix="StdDraw.java" Intrnl_Id="294">
<LocList>
<Loc EndOffset="31555" SrcFileId="2" StartOffset="31534"/>
</LocList>
</BasicStmnt>
<BasicStmnt CovItemId="S109" CovItemPrefix="StdDraw.java" Intrnl_Id="295">
<LocList>
<Loc EndOffset="31585" SrcFileId="2" StartOffset="31564"/>
</LocList>
</BasicStmnt>
<BasicStmnt CovItemId="S110" CovItemPrefix="StdDraw.java" Intrnl_Id="296">
<LocList>
<Loc EndOffset="31618" SrcFileId="2" StartOffset="31594"/>
</LocList>
</BasicStmnt>
<CondStmnt CovItemId="S111" CovItemPrefix="StdDraw.java" Intrnl_Id="297">
<Branch CovItemId="B17" CovItemPrefix="StdDraw.java" Implct="false" Intrnl_Id="298">
<Cond/>
<LocList>
<Loc EndOffset="31711" SrcFileId="2" StartOffset="31644"/>
</LocList>
<StmntSeq Intrnl_Id="299">
<LocList>
<Loc EndOffset="31711" SrcFileId="2" StartOffset="31644"/>
</LocList>
<BasicStmnt CovItemId="S112" CovItemPrefix="StdDraw.java" Intrnl_Id="300">
<LocList>
<Loc EndOffset="31711" SrcFileId="2" StartOffset="31644"/>
</LocList>
</BasicStmnt>
</StmntSeq>
</Branch>
<Branch CovItemId="B18" CovItemPrefix="StdDraw.java" Implct="true" Intrnl_Id="301">
<Cond/>
<LocList/>
<StmntSeq Intrnl_Id="302">
<LocList/>
</StmntSeq>
</Branch>
<Keyword EndOffset="31629" SrcFileId="2" StartOffset="31627"/>
<LocList>
<Loc EndOffset="31711" SrcFileId="2" StartOffset="31627"/>
</LocList>
<RootTerm CovItemId="C9" CovItemPrefix="StdDraw.java" Intrnl_Id="303">
<BasicBoolTerm Intrnl_Id="304">
<LocList>
<Loc EndOffset="31642" SrcFileId="2" StartOffset="31631"/>
</LocList>
</BasicBoolTerm>
</RootTerm>
</CondStmnt>
<SyncStmnt CovItemId="Y1" CovItemPrefix="StdDraw.java" Intrnl_Id="305" SyncStmnt0="Y1-0" SyncStmnt1="Y1-1" SyncStmnt2="Y1-2">
<Keyword EndOffset="31744" SrcFileId="2" StartOffset="31720"/>
<LocList>
<Loc EndOffset="31743" SrcFileId="2" StartOffset="31734"/>
</LocList>
</SyncStmnt>
<BasicStmnt CovItemId="S113" CovItemPrefix="StdDraw.java" Intrnl_Id="306">
<LocList>
<Loc EndOffset="31786" SrcFileId="2" StartOffset="31759"/>
</LocList>
</BasicStmnt>
<BasicStmnt CovItemId="S114" CovItemPrefix="StdDraw.java" Intrnl_Id="307">
<LocList>
<Loc EndOffset="31826" SrcFileId="2" StartOffset="31799"/>
</LocList>
</BasicStmnt>
</StmntSeq>
</HierarchyLvl>
<HierarchyLvl HierarchyLvlId="5415" HierarchyLvlTypeId="12" Intrnl_Id="308" Name="setScale">
<Header>
<Loc EndOffset="32335" SrcFileId="2" StartOffset="32284"/>
</Header>
<LocList>
<Loc EndOffset="32734" SrcFileId="2" StartOffset="32284"/>
</LocList>
<StmntSeq Intrnl_Id="309">
<LocList>
<Loc EndOffset="32367" SrcFileId="2" StartOffset="32346"/>
<Loc EndOffset="32397" SrcFileId="2" StartOffset="32376"/>
<Loc EndOffset="32430" SrcFileId="2" StartOffset="32406"/>
<Loc EndOffset="32523" SrcFileId="2" StartOffset="32439"/>
<Loc EndOffset="32555" SrcFileId="2" StartOffset="32546"/>
<Loc EndOffset="32598" SrcFileId="2" StartOffset="32571"/>
<Loc EndOffset="32638" SrcFileId="2" StartOffset="32611"/>
<Loc EndOffset="32678" SrcFileId="2" StartOffset="32651"/>
<Loc EndOffset="32718" SrcFileId="2" StartOffset="32691"/>
</LocList>
<BasicStmnt CovItemId="S115" CovItemPrefix="StdDraw.java" Intrnl_Id="310">
<LocList>
<Loc EndOffset="32367" SrcFileId="2" StartOffset="32346"/>
</LocList>
</BasicStmnt>
<BasicStmnt CovItemId="S116" CovItemPrefix="StdDraw.java" Intrnl_Id="311">
<LocList>
<Loc EndOffset="32397" SrcFileId="2" StartOffset="32376"/>
</LocList>
</BasicStmnt>
<BasicStmnt CovItemId="S117" CovItemPrefix="StdDraw.java" Intrnl_Id="312">
<LocList>
<Loc EndOffset="32430" SrcFileId="2" StartOffset="32406"/>
</LocList>
</BasicStmnt>
<CondStmnt CovItemId="S118" CovItemPrefix="StdDraw.java" Intrnl_Id="313">
<Branch CovItemId="B19" CovItemPrefix="StdDraw.java" Implct="false" Intrnl_Id="314">
<Cond/>
<LocList>
<Loc EndOffset="32523" SrcFileId="2" StartOffset="32456"/>
</LocList>
<StmntSeq Intrnl_Id="315">
<LocList>
<Loc EndOffset="32523" SrcFileId="2" StartOffset="32456"/>
</LocList>
<BasicStmnt CovItemId="S119" CovItemPrefix="StdDraw.java" Intrnl_Id="316">
<LocList>
<Loc EndOffset="32523" SrcFileId="2" StartOffset="32456"/>
</LocList>
</BasicStmnt>
</StmntSeq>
</Branch>
<Branch CovItemId="B20" CovItemPrefix="StdDraw.java" Implct="true" Intrnl_Id="317">
<Cond/>
<LocList/>
<StmntSeq Intrnl_Id="318">
<LocList/>
</StmntSeq>
</Branch>
<Keyword EndOffset="32441" SrcFileId="2" StartOffset="32439"/>
<LocList>
<Loc EndOffset="32523" SrcFileId="2" StartOffset="32439"/>
</LocList>
<RootTerm CovItemId="C10" CovItemPrefix="StdDraw.java" Intrnl_Id="319">
<BasicBoolTerm Intrnl_Id="320">
<LocList>
<Loc EndOffset="32454" SrcFileId="2" StartOffset="32443"/>
</LocList>
</BasicBoolTerm>
</RootTerm>
</CondStmnt>
<SyncStmnt CovItemId="Y2" CovItemPrefix="StdDraw.java" Intrnl_Id="321" SyncStmnt0="Y2-0" SyncStmnt1="Y2-1" SyncStmnt2="Y2-2">
<Keyword EndOffset="32556" SrcFileId="2" StartOffset="32532"/>
<LocList>
<Loc EndOffset="32555" SrcFileId="2" StartOffset="32546"/>
</LocList>
</SyncStmnt>
<BasicStmnt CovItemId="S120" CovItemPrefix="StdDraw.java" Intrnl_Id="322">
<LocList>
<Loc EndOffset="32598" SrcFileId="2" StartOffset="32571"/>
</LocList>
</BasicStmnt>
<BasicStmnt CovItemId="S121" CovItemPrefix="StdDraw.java" Intrnl_Id="323">
<LocList>
<Loc EndOffset="32638" SrcFileId="2" StartOffset="32611"/>
</LocList>
</BasicStmnt>
<BasicStmnt CovItemId="S122" CovItemPrefix="StdDraw.java" Intrnl_Id="324">
<LocList>
<Loc EndOffset="32678" SrcFileId="2" StartOffset="32651"/>
</LocList>
</BasicStmnt>
<BasicStmnt CovItemId="S123" CovItemPrefix="StdDraw.java" Intrnl_Id="325">
<LocList>
<Loc EndOffset="32718" SrcFileId="2" StartOffset="32691"/>
</LocList>
</BasicStmnt>
</StmntSeq>
</HierarchyLvl>
<HierarchyLvl HierarchyLvlId="5416" HierarchyLvlTypeId="12" Intrnl_Id="326" Name="scaleX">
<Header>
<Loc EndOffset="32866" SrcFileId="2" StartOffset="32828"/>
</Header>
<LocList>
<Loc EndOffset="32914" SrcFileId="2" StartOffset="32828"/>
</LocList>
<StmntSeq Intrnl_Id="327">
<LocList>
<Loc EndOffset="32912" SrcFileId="2" StartOffset="32869"/>
</LocList>
<BasicStmnt CovItemId="S124" CovItemPrefix="StdDraw.java" Intrnl_Id="328">
<LocList>
<Loc EndOffset="32912" SrcFileId="2" StartOffset="32869"/>
</LocList>
</BasicStmnt>
</StmntSeq>
</HierarchyLvl>
<HierarchyLvl HierarchyLvlId="5417" HierarchyLvlTypeId="12" Intrnl_Id="329" Name="scaleY">
<Header>
<Loc EndOffset="32957" SrcFileId="2" StartOffset="32919"/>
</Header>
<LocList>
<Loc EndOffset="33005" SrcFileId="2" StartOffset="32919"/>
</LocList>
<StmntSeq Intrnl_Id="330">
<LocList>
<Loc EndOffset="33003" SrcFileId="2" StartOffset="32960"/>
</LocList>
<BasicStmnt CovItemId="S125" CovItemPrefix="StdDraw.java" Intrnl_Id="331">
<LocList>
<Loc EndOffset="33003" SrcFileId="2" StartOffset="32960"/>
</LocList>
</BasicStmnt>
</StmntSeq>
</HierarchyLvl>
<HierarchyLvl HierarchyLvlId="5418" HierarchyLvlTypeId="12" Intrnl_Id="332" Name="factorX">
<Header>
<Loc EndOffset="33048" SrcFileId="2" StartOffset="33010"/>
</Header>
<LocList>
<Loc EndOffset="33096" SrcFileId="2" StartOffset="33010"/>
</LocList>
<StmntSeq Intrnl_Id="333">
<LocList>
<Loc EndOffset="33093" SrcFileId="2" StartOffset="33051"/>
</LocList>
<BasicStmnt CovItemId="S126" CovItemPrefix="StdDraw.java" Intrnl_Id="334">
<LocList>
<Loc EndOffset="33093" SrcFileId="2" StartOffset="33051"/>
</LocList>
</BasicStmnt>
</StmntSeq>
</HierarchyLvl>
<HierarchyLvl HierarchyLvlId="5419" HierarchyLvlTypeId="12" Intrnl_Id="335" Name="factorY">
<Header>
<Loc EndOffset="33139" SrcFileId="2" StartOffset="33101"/>
</Header>
<LocList>
<Loc EndOffset="33187" SrcFileId="2" StartOffset="33101"/>
</LocList>
<StmntSeq Intrnl_Id="336">
<LocList>
<Loc EndOffset="33184" SrcFileId="2" StartOffset="33142"/>
</LocList>
<BasicStmnt CovItemId="S127" CovItemPrefix="StdDraw.java" Intrnl_Id="337">
<LocList>
<Loc EndOffset="33184" SrcFileId="2" StartOffset="33142"/>
</LocList>
</BasicStmnt>
</StmntSeq>
</HierarchyLvl>
<HierarchyLvl HierarchyLvlId="5420" HierarchyLvlTypeId="12" Intrnl_Id="338" Name="userX">
<Header>
<Loc EndOffset="33230" SrcFileId="2" StartOffset="33192"/>
</Header>
<LocList>
<Loc EndOffset="33278" SrcFileId="2" StartOffset="33192"/>
</LocList>
<StmntSeq Intrnl_Id="339">
<LocList>
<Loc EndOffset="33273" SrcFileId="2" StartOffset="33233"/>
</LocList>
<BasicStmnt CovItemId="S128" CovItemPrefix="StdDraw.java" Intrnl_Id="340">
<LocList>
<Loc EndOffset="33273" SrcFileId="2" StartOffset="33233"/>
</LocList>
</BasicStmnt>
</StmntSeq>
</HierarchyLvl>
<HierarchyLvl HierarchyLvlId="5421" HierarchyLvlTypeId="12" Intrnl_Id="341" Name="userY">
<Header>
<Loc EndOffset="33321" SrcFileId="2" StartOffset="33283"/>
</Header>
<LocList>
<Loc EndOffset="33369" SrcFileId="2" StartOffset="33283"/>
</LocList>
<StmntSeq Intrnl_Id="342">
<LocList>
<Loc EndOffset="33365" SrcFileId="2" StartOffset="33324"/>
</LocList>
<BasicStmnt CovItemId="S129" CovItemPrefix="StdDraw.java" Intrnl_Id="343">
<LocList>
<Loc EndOffset="33365" SrcFileId="2" StartOffset="33324"/>
</LocList>
</BasicStmnt>
</StmntSeq>
</HierarchyLvl>
<HierarchyLvl HierarchyLvlId="5422" HierarchyLvlTypeId="12" Intrnl_Id="344" Name="clear">
<Header>
<Loc EndOffset="33473" SrcFileId="2" StartOffset="33447"/>
</Header>
<LocList>
<Loc EndOffset="33517" SrcFileId="2" StartOffset="33447"/>
</LocList>
<StmntSeq Intrnl_Id="345">
<LocList>
<Loc EndOffset="33511" SrcFileId="2" StartOffset="33484"/>
</LocList>
<BasicStmnt CovItemId="S130" CovItemPrefix="StdDraw.java" Intrnl_Id="346">
<LocList>
<Loc EndOffset="33511" SrcFileId="2" StartOffset="33484"/>
</LocList>
</BasicStmnt>
</StmntSeq>
</HierarchyLvl>
<HierarchyLvl HierarchyLvlId="5423" HierarchyLvlTypeId="12" Intrnl_Id="347" Name="clear">
<Header>
<Loc EndOffset="33758" SrcFileId="2" StartOffset="33721"/>
</Header>
<LocList>
<Loc EndOffset="33945" SrcFileId="2" StartOffset="33721"/>
</LocList>
<StmntSeq Intrnl_Id="348">
<LocList>
<Loc EndOffset="33801" SrcFileId="2" StartOffset="33769"/>
<Loc EndOffset="33836" SrcFileId="2" StartOffset="33810"/>
<Loc EndOffset="33885" SrcFileId="2" StartOffset="33845"/>
<Loc EndOffset="33923" SrcFileId="2" StartOffset="33894"/>
<Loc EndOffset="33939" SrcFileId="2" StartOffset="33932"/>
</LocList>
<BasicStmnt CovItemId="S131" CovItemPrefix="StdDraw.java" Intrnl_Id="349">
<LocList>
<Loc EndOffset="33801" SrcFileId="2" StartOffset="33769"/>
</LocList>
</BasicStmnt>
<BasicStmnt CovItemId="S132" CovItemPrefix="StdDraw.java" Intrnl_Id="350">
<LocList>
<Loc EndOffset="33836" SrcFileId="2" StartOffset="33810"/>
</LocList>
</BasicStmnt>
<BasicStmnt CovItemId="S133" CovItemPrefix="StdDraw.java" Intrnl_Id="351">
<LocList>
<Loc EndOffset="33885" SrcFileId="2" StartOffset="33845"/>
</LocList>
</BasicStmnt>
<BasicStmnt CovItemId="S134" CovItemPrefix="StdDraw.java" Intrnl_Id="352">
<LocList>
<Loc EndOffset="33923" SrcFileId="2" StartOffset="33894"/>
</LocList>
</BasicStmnt>
<BasicStmnt CovItemId="S135" CovItemPrefix="StdDraw.java" Intrnl_Id="353">
<LocList>
<Loc EndOffset="33939" SrcFileId="2" StartOffset="33932"/>
</LocList>
</BasicStmnt>
</StmntSeq>
</HierarchyLvl>
<HierarchyLvl HierarchyLvlId="5424" HierarchyLvlTypeId="12" Intrnl_Id="354" Name="getPenRadius">
<Header>
<Loc EndOffset="34099" SrcFileId="2" StartOffset="34064"/>
</Header>
<LocList>
<Loc EndOffset="34133" SrcFileId="2" StartOffset="34064"/>
</LocList>
<StmntSeq Intrnl_Id="355">
<LocList>
<Loc EndOffset="34127" SrcFileId="2" StartOffset="34110"/>
</LocList>
<BasicStmnt CovItemId="S136" CovItemPrefix="StdDraw.java" Intrnl_Id="356">
<LocList>
<Loc EndOffset="34127" SrcFileId="2" StartOffset="34110"/>
</LocList>
</BasicStmnt>
</StmntSeq>
</HierarchyLvl>
<HierarchyLvl HierarchyLvlId="5425" HierarchyLvlTypeId="12" Intrnl_Id="357" Name="setPenRadius">
<Header>
<Loc EndOffset="34463" SrcFileId="2" StartOffset="34430"/>
</Header>
<LocList>
<Loc EndOffset="34513" SrcFileId="2" StartOffset="34430"/>
</LocList>
<StmntSeq Intrnl_Id="358">
<LocList>
<Loc EndOffset="34507" SrcFileId="2" StartOffset="34474"/>
</LocList>
<BasicStmnt CovItemId="S137" CovItemPrefix="StdDraw.java" Intrnl_Id="359">
<LocList>
<Loc EndOffset="34507" SrcFileId="2" StartOffset="34474"/>
</LocList>
</BasicStmnt>
</StmntSeq>
</HierarchyLvl>
<HierarchyLvl HierarchyLvlId="5426" HierarchyLvlTypeId="12" Intrnl_Id="360" Name="setPenRadius">
<Header>
<Loc EndOffset="34998" SrcFileId="2" StartOffset="34952"/>
</Header>
<LocList>
<Loc EndOffset="35404" SrcFileId="2" StartOffset="34952"/>
</LocList>
<StmntSeq Intrnl_Id="361">
<LocList>
<Loc EndOffset="35040" SrcFileId="2" StartOffset="35009"/>
<Loc EndOffset="35091" SrcFileId="2" StartOffset="35049"/>
<Loc EndOffset="35120" SrcFileId="2" StartOffset="35101"/>
<Loc EndOffset="35185" SrcFileId="2" StartOffset="35129"/>
<Loc EndOffset="35295" SrcFileId="2" StartOffset="35194"/>
<Loc EndOffset="35398" SrcFileId="2" StartOffset="35370"/>
</LocList>
<BasicStmnt CovItemId="S138" CovItemPrefix="StdDraw.java" Intrnl_Id="362">
<LocList>
<Loc EndOffset="35040" SrcFileId="2" StartOffset="35009"/>
</LocList>
</BasicStmnt>
<BasicStmnt CovItemId="S139" CovItemPrefix="StdDraw.java" Intrnl_Id="363">
<LocList>
<Loc EndOffset="35091" SrcFileId="2" StartOffset="35049"/>
</LocList>
</BasicStmnt>
<BasicStmnt CovItemId="S140" CovItemPrefix="StdDraw.java" Intrnl_Id="364">
<LocList>
<Loc EndOffset="35120" SrcFileId="2" StartOffset="35101"/>
</LocList>
</BasicStmnt>
<BasicStmnt CovItemId="S141" CovItemPrefix="StdDraw.java" Intrnl_Id="365">
<LocList>
<Loc EndOffset="35185" SrcFileId="2" StartOffset="35129"/>
</LocList>
</BasicStmnt>
<BasicStmnt CovItemId="S142" CovItemPrefix="StdDraw.java" Intrnl_Id="366">
<LocList>
<Loc EndOffset="35295" SrcFileId="2" StartOffset="35194"/>
</LocList>
</BasicStmnt>
<BasicStmnt CovItemId="S143" CovItemPrefix="StdDraw.java" Intrnl_Id="367">
<LocList>
<Loc EndOffset="35398" SrcFileId="2" StartOffset="35370"/>
</LocList>
</BasicStmnt>
</StmntSeq>
</HierarchyLvl>
<HierarchyLvl HierarchyLvlId="5427" HierarchyLvlTypeId="12" Intrnl_Id="368" Name="getPenColor">
<Header>
<Loc EndOffset="35541" SrcFileId="2" StartOffset="35508"/>
</Header>
<LocList>
<Loc EndOffset="35574" SrcFileId="2" StartOffset="35508"/>
</LocList>
<StmntSeq Intrnl_Id="369">
<LocList>
<Loc EndOffset="35568" SrcFileId="2" StartOffset="35552"/>
</LocList>
<BasicStmnt CovItemId="S144" CovItemPrefix="StdDraw.java" Intrnl_Id="370">
<LocList>
<Loc EndOffset="35568" SrcFileId="2" StartOffset="35552"/>
</LocList>
</BasicStmnt>
</StmntSeq>
</HierarchyLvl>
<HierarchyLvl HierarchyLvlId="5428" HierarchyLvlTypeId="12" Intrnl_Id="371" Name="setPenColor">
<Header>
<Loc EndOffset="35684" SrcFileId="2" StartOffset="35652"/>
</Header>
<LocList>
<Loc EndOffset="35732" SrcFileId="2" StartOffset="35652"/>
</LocList>
<StmntSeq Intrnl_Id="372">
<LocList>
<Loc EndOffset="35726" SrcFileId="2" StartOffset="35695"/>
</LocList>
<BasicStmnt CovItemId="S145" CovItemPrefix="StdDraw.java" Intrnl_Id="373">
<LocList>
<Loc EndOffset="35726" SrcFileId="2" StartOffset="35695"/>
</LocList>
</BasicStmnt>
</StmntSeq>
</HierarchyLvl>
<HierarchyLvl HierarchyLvlId="5429" HierarchyLvlTypeId="12" Intrnl_Id="374" Name="setPenColor">
<Header>
<Loc EndOffset="36366" SrcFileId="2" StartOffset="36323"/>
</Header>
<LocList>
<Loc EndOffset="36479" SrcFileId="2" StartOffset="36323"/>
</LocList>
<StmntSeq Intrnl_Id="375">
<LocList>
<Loc EndOffset="36409" SrcFileId="2" StartOffset="36377"/>
<Loc EndOffset="36435" SrcFileId="2" StartOffset="36418"/>
<Loc EndOffset="36473" SrcFileId="2" StartOffset="36444"/>
</LocList>
<BasicStmnt CovItemId="S146" CovItemPrefix="StdDraw.java" Intrnl_Id="376">
<LocList>
<Loc EndOffset="36409" SrcFileId="2" StartOffset="36377"/>
</LocList>
</BasicStmnt>
<BasicStmnt CovItemId="S147" CovItemPrefix="StdDraw.java" Intrnl_Id="377">
<LocList>
<Loc EndOffset="36435" SrcFileId="2" StartOffset="36418"/>
</LocList>
</BasicStmnt>
<BasicStmnt CovItemId="S148" CovItemPrefix="StdDraw.java" Intrnl_Id="378">
<LocList>
<Loc EndOffset="36473" SrcFileId="2" StartOffset="36444"/>
</LocList>
</BasicStmnt>
</StmntSeq>
</HierarchyLvl>
<HierarchyLvl HierarchyLvlId="5430" HierarchyLvlTypeId="12" Intrnl_Id="379" Name="setPenColor">
<Header>
<Loc EndOffset="36933" SrcFileId="2" StartOffset="36873"/>
</Header>
<LocList>
<Loc EndOffset="37318" SrcFileId="2" StartOffset="36873"/>
</LocList>
<StmntSeq Intrnl_Id="380">
<LocList>
<Loc EndOffset="37043" SrcFileId="2" StartOffset="36944"/>
<Loc EndOffset="37153" SrcFileId="2" StartOffset="37052"/>
<Loc EndOffset="37262" SrcFileId="2" StartOffset="37162"/>
<Loc EndOffset="37312" SrcFileId="2" StartOffset="37271"/>
</LocList>
<CondStmnt CovItemId="S149" CovItemPrefix="StdDraw.java" Intrnl_Id="381">
<Branch CovItemId="B21" CovItemPrefix="StdDraw.java" Implct="false" Intrnl_Id="382">
<Cond/>
<LocList>
<Loc EndOffset="37043" SrcFileId="2" StartOffset="36975"/>
</LocList>
<StmntSeq Intrnl_Id="383">
<LocList>
<Loc EndOffset="37043" SrcFileId="2" StartOffset="36975"/>
</LocList>
<BasicStmnt CovItemId="S150" CovItemPrefix="StdDraw.java" Intrnl_Id="384">
<LocList>
<Loc EndOffset="37043" SrcFileId="2" StartOffset="36975"/>
</LocList>
</BasicStmnt>
</StmntSeq>
</Branch>
<Branch CovItemId="B22" CovItemPrefix="StdDraw.java" Implct="true" Intrnl_Id="385">
<Cond/>
<LocList/>
<StmntSeq Intrnl_Id="386">
<LocList/>
</StmntSeq>
</Branch>
<Keyword EndOffset="36946" SrcFileId="2" StartOffset="36944"/>
<LocList>
<Loc EndOffset="37043" SrcFileId="2" StartOffset="36944"/>
</LocList>
<RootTerm CovItemId="C11" CovItemPrefix="StdDraw.java" Intrnl_Id="387">
<OpTerm BooleanOpId="9" Intrnl_Id="388">
<BasicBoolTerm Intrnl_Id="389">
<LocList>
<Loc EndOffset="36957" SrcFileId="2" StartOffset="36948"/>
</LocList>
</BasicBoolTerm>
<BasicBoolTerm Intrnl_Id="390">
<LocList>
<Loc EndOffset="36973" SrcFileId="2" StartOffset="36961"/>
</LocList>
</BasicBoolTerm>
<LocList>
<Loc EndOffset="36960" SrcFileId="2" StartOffset="36958"/>
</LocList>
</OpTerm>
</RootTerm>
</CondStmnt>
<CondStmnt CovItemId="S151" CovItemPrefix="StdDraw.java" Intrnl_Id="391">
<Branch CovItemId="B23" CovItemPrefix="StdDraw.java" Implct="false" Intrnl_Id="392">
<Cond/>
<LocList>
<Loc EndOffset="37153" SrcFileId="2" StartOffset="37083"/>
</LocList>
<StmntSeq Intrnl_Id="393">
<LocList>
<Loc EndOffset="37153" SrcFileId="2" StartOffset="37083"/>
</LocList>
<BasicStmnt CovItemId="S152" CovItemPrefix="StdDraw.java" Intrnl_Id="394">
<LocList>
<Loc EndOffset="37153" SrcFileId="2" StartOffset="37083"/>
</LocList>
</BasicStmnt>
</StmntSeq>
</Branch>
<Branch CovItemId="B24" CovItemPrefix="StdDraw.java" Implct="true" Intrnl_Id="395">
<Cond/>
<LocList/>
<StmntSeq Intrnl_Id="396">
<LocList/>
</StmntSeq>
</Branch>
<Keyword EndOffset="37054" SrcFileId="2" StartOffset="37052"/>
<LocList>
<Loc EndOffset="37153" SrcFileId="2" StartOffset="37052"/>
</LocList>
<RootTerm CovItemId="C12" CovItemPrefix="StdDraw.java" Intrnl_Id="397">
<OpTerm BooleanOpId="9" Intrnl_Id="398">
<BasicBoolTerm Intrnl_Id="399">
<LocList>
<Loc EndOffset="37065" SrcFileId="2" StartOffset="37056"/>
</LocList>
</BasicBoolTerm>
<BasicBoolTerm Intrnl_Id="400">
<LocList>
<Loc EndOffset="37081" SrcFileId="2" StartOffset="37069"/>
</LocList>
</BasicBoolTerm>
<LocList>
<Loc EndOffset="37068" SrcFileId="2" StartOffset="37066"/>
</LocList>
</OpTerm>
</RootTerm>
</CondStmnt>
<CondStmnt CovItemId="S153" CovItemPrefix="StdDraw.java" Intrnl_Id="401">
<Branch CovItemId="B25" CovItemPrefix="StdDraw.java" Implct="false" Intrnl_Id="402">
<Cond/>
<LocList>
<Loc EndOffset="37262" SrcFileId="2" StartOffset="37193"/>
</LocList>
<StmntSeq Intrnl_Id="403">
<LocList>
<Loc EndOffset="37262" SrcFileId="2" StartOffset="37193"/>
</LocList>
<BasicStmnt CovItemId="S154" CovItemPrefix="StdDraw.java" Intrnl_Id="404">
<LocList>
<Loc EndOffset="37262" SrcFileId="2" StartOffset="37193"/>
</LocList>
</BasicStmnt>
</StmntSeq>
</Branch>
<Branch CovItemId="B26" CovItemPrefix="StdDraw.java" Implct="true" Intrnl_Id="405">
<Cond/>
<LocList/>
<StmntSeq Intrnl_Id="406">
<LocList/>
</StmntSeq>
</Branch>
<Keyword EndOffset="37164" SrcFileId="2" StartOffset="37162"/>
<LocList>
<Loc EndOffset="37262" SrcFileId="2" StartOffset="37162"/>
</LocList>
<RootTerm CovItemId="C13" CovItemPrefix="StdDraw.java" Intrnl_Id="407">
<OpTerm BooleanOpId="9" Intrnl_Id="408">
<BasicBoolTerm Intrnl_Id="409">
<LocList>
<Loc EndOffset="37175" SrcFileId="2" StartOffset="37166"/>
</LocList>
</BasicBoolTerm>
<BasicBoolTerm Intrnl_Id="410">
<LocList>
<Loc EndOffset="37191" SrcFileId="2" StartOffset="37179"/>
</LocList>
</BasicBoolTerm>
<LocList>
<Loc EndOffset="37178" SrcFileId="2" StartOffset="37176"/>
</LocList>
</OpTerm>
</RootTerm>
</CondStmnt>
<BasicStmnt CovItemId="S155" CovItemPrefix="StdDraw.java" Intrnl_Id="411">
<LocList>
<Loc EndOffset="37312" SrcFileId="2" StartOffset="37271"/>
</LocList>
</BasicStmnt>
</StmntSeq>
</HierarchyLvl>
<HierarchyLvl HierarchyLvlId="5431" HierarchyLvlTypeId="12" Intrnl_Id="412" Name="getFont">
<Header>
<Loc EndOffset="37440" SrcFileId="2" StartOffset="37412"/>
</Header>
<LocList>
<Loc EndOffset="37469" SrcFileId="2" StartOffset="37412"/>
</LocList>
<StmntSeq Intrnl_Id="413">
<LocList>
<Loc EndOffset="37463" SrcFileId="2" StartOffset="37451"/>
</LocList>
<BasicStmnt CovItemId="S156" CovItemPrefix="StdDraw.java" Intrnl_Id="414">
<LocList>
<Loc EndOffset="37463" SrcFileId="2" StartOffset="37451"/>
</LocList>
</BasicStmnt>
</StmntSeq>
</HierarchyLvl>
<HierarchyLvl HierarchyLvlId="5432" HierarchyLvlTypeId="12" Intrnl_Id="415" Name="setFont">
<Header>
<Loc EndOffset="37584" SrcFileId="2" StartOffset="37556"/>
</Header>
<LocList>
<Loc EndOffset="37623" SrcFileId="2" StartOffset="37556"/>
</LocList>
<StmntSeq Intrnl_Id="416">
<LocList>
<Loc EndOffset="37617" SrcFileId="2" StartOffset="37595"/>
</LocList>
<BasicStmnt CovItemId="S157" CovItemPrefix="StdDraw.java" Intrnl_Id="417">
<LocList>
<Loc EndOffset="37617" SrcFileId="2" StartOffset="37595"/>
</LocList>
</BasicStmnt>
</StmntSeq>
</HierarchyLvl>
<HierarchyLvl HierarchyLvlId="5433" HierarchyLvlTypeId="12" Intrnl_Id="418" Name="setFont">
<Header>
<Loc EndOffset="37834" SrcFileId="2" StartOffset="37797"/>
</Header>
<LocList>
<Loc EndOffset="37910" SrcFileId="2" StartOffset="37797"/>
</LocList>
<StmntSeq Intrnl_Id="419">
<LocList>
<Loc EndOffset="37875" SrcFileId="2" StartOffset="37845"/>
<Loc EndOffset="37904" SrcFileId="2" StartOffset="37884"/>
</LocList>
<BasicStmnt CovItemId="S158" CovItemPrefix="StdDraw.java" Intrnl_Id="420">
<LocList>
<Loc EndOffset="37875" SrcFileId="2" StartOffset="37845"/>
</LocList>
</BasicStmnt>
<BasicStmnt CovItemId="S159" CovItemPrefix="StdDraw.java" Intrnl_Id="421">
<LocList>
<Loc EndOffset="37904" SrcFileId="2" StartOffset="37884"/>
</LocList>
</BasicStmnt>
</StmntSeq>
</HierarchyLvl>
<HierarchyLvl HierarchyLvlId="5434" HierarchyLvlTypeId="12" Intrnl_Id="422" Name="line">
<Header>
<Loc EndOffset="38684" SrcFileId="2" StartOffset="38617"/>
</Header>
<LocList>
<Loc EndOffset="38911" SrcFileId="2" StartOffset="38617"/>
</LocList>
<StmntSeq Intrnl_Id="423">
<LocList>
<Loc EndOffset="38714" SrcFileId="2" StartOffset="38695"/>
<Loc EndOffset="38742" SrcFileId="2" StartOffset="38723"/>
<Loc EndOffset="38770" SrcFileId="2" StartOffset="38751"/>
<Loc EndOffset="38798" SrcFileId="2" StartOffset="38779"/>
<Loc EndOffset="38889" SrcFileId="2" StartOffset="38807"/>
<Loc EndOffset="38905" SrcFileId="2" StartOffset="38898"/>
</LocList>
<BasicStmnt CovItemId="S160" CovItemPrefix="StdDraw.java" Intrnl_Id="424">
<LocList>
<Loc EndOffset="38714" SrcFileId="2" StartOffset="38695"/>
</LocList>
</BasicStmnt>
<BasicStmnt CovItemId="S161" CovItemPrefix="StdDraw.java" Intrnl_Id="425">
<LocList>
<Loc EndOffset="38742" SrcFileId="2" StartOffset="38723"/>
</LocList>
</BasicStmnt>
<BasicStmnt CovItemId="S162" CovItemPrefix="StdDraw.java" Intrnl_Id="426">
<LocList>
<Loc EndOffset="38770" SrcFileId="2" StartOffset="38751"/>
</LocList>
</BasicStmnt>
<BasicStmnt CovItemId="S163" CovItemPrefix="StdDraw.java" Intrnl_Id="427">
<LocList>
<Loc EndOffset="38798" SrcFileId="2" StartOffset="38779"/>
</LocList>
</BasicStmnt>
<BasicStmnt CovItemId="S164" CovItemPrefix="StdDraw.java" Intrnl_Id="428">
<LocList>
<Loc EndOffset="38889" SrcFileId="2" StartOffset="38807"/>
</LocList>
</BasicStmnt>
<BasicStmnt CovItemId="S165" CovItemPrefix="StdDraw.java" Intrnl_Id="429">
<LocList>
<Loc EndOffset="38905" SrcFileId="2" StartOffset="38898"/>
</LocList>
</BasicStmnt>
</StmntSeq>
</HierarchyLvl>
<HierarchyLvl HierarchyLvlId="5435" HierarchyLvlTypeId="12" Intrnl_Id="430" Name="pixel">
<Header>
<Loc EndOffset="39392" SrcFileId="2" StartOffset="39348"/>
</Header>
<LocList>
<Loc EndOffset="39544" SrcFileId="2" StartOffset="39348"/>
</LocList>
<StmntSeq Intrnl_Id="431">
<LocList>
<Loc EndOffset="39420" SrcFileId="2" StartOffset="39403"/>
<Loc EndOffset="39446" SrcFileId="2" StartOffset="39429"/>
<Loc EndOffset="39538" SrcFileId="2" StartOffset="39455"/>
</LocList>
<BasicStmnt CovItemId="S166" CovItemPrefix="StdDraw.java" Intrnl_Id="432">
<LocList>
<Loc EndOffset="39420" SrcFileId="2" StartOffset="39403"/>
</LocList>
</BasicStmnt>
<BasicStmnt CovItemId="S167" CovItemPrefix="StdDraw.java" Intrnl_Id="433">
<LocList>
<Loc EndOffset="39446" SrcFileId="2" StartOffset="39429"/>
</LocList>
</BasicStmnt>
<BasicStmnt CovItemId="S168" CovItemPrefix="StdDraw.java" Intrnl_Id="434">
<LocList>
<Loc EndOffset="39538" SrcFileId="2" StartOffset="39455"/>
</LocList>
</BasicStmnt>
</StmntSeq>
</HierarchyLvl>
<HierarchyLvl HierarchyLvlId="5436" HierarchyLvlTypeId="12" Intrnl_Id="435" Name="point">
<Header>
<Loc EndOffset="40030" SrcFileId="2" StartOffset="39986"/>
</Header>
<LocList>
<Loc EndOffset="40611" SrcFileId="2" StartOffset="39986"/>
</LocList>
<StmntSeq Intrnl_Id="436">
<LocList>
<Loc EndOffset="40058" SrcFileId="2" StartOffset="40041"/>
<Loc EndOffset="40084" SrcFileId="2" StartOffset="40067"/>
<Loc EndOffset="40116" SrcFileId="2" StartOffset="40094"/>
<Loc EndOffset="40147" SrcFileId="2" StartOffset="40125"/>
<Loc EndOffset="40177" SrcFileId="2" StartOffset="40156"/>
<Loc EndOffset="40237" SrcFileId="2" StartOffset="40186"/>
<Loc EndOffset="40589" SrcFileId="2" StartOffset="40369"/>
<Loc EndOffset="40605" SrcFileId="2" StartOffset="40598"/>
</LocList>
<BasicStmnt CovItemId="S169" CovItemPrefix="StdDraw.java" Intrnl_Id="437">
<LocList>
<Loc EndOffset="40058" SrcFileId="2" StartOffset="40041"/>
</LocList>
</BasicStmnt>
<BasicStmnt CovItemId="S170" CovItemPrefix="StdDraw.java" Intrnl_Id="438">
<LocList>
<Loc EndOffset="40084" SrcFileId="2" StartOffset="40067"/>
</LocList>
</BasicStmnt>
<BasicStmnt CovItemId="S171" CovItemPrefix="StdDraw.java" Intrnl_Id="439">
<LocList>
<Loc EndOffset="40116" SrcFileId="2" StartOffset="40094"/>
</LocList>
</BasicStmnt>
<BasicStmnt CovItemId="S172" CovItemPrefix="StdDraw.java" Intrnl_Id="440">
<LocList>
<Loc EndOffset="40147" SrcFileId="2" StartOffset="40125"/>
</LocList>
</BasicStmnt>
<BasicStmnt CovItemId="S173" CovItemPrefix="StdDraw.java" Intrnl_Id="441">
<LocList>
<Loc EndOffset="40177" SrcFileId="2" StartOffset="40156"/>
</LocList>
</BasicStmnt>
<BasicStmnt CovItemId="S174" CovItemPrefix="StdDraw.java" Intrnl_Id="442">
<LocList>
<Loc EndOffset="40237" SrcFileId="2" StartOffset="40186"/>
</LocList>
</BasicStmnt>
<CondStmnt CovItemId="S175" CovItemPrefix="StdDraw.java" Intrnl_Id="443">
<Branch CovItemId="B27" CovItemPrefix="StdDraw.java" Implct="false" Intrnl_Id="444">
<Cond/>
<LocList>
<Loc EndOffset="40407" SrcFileId="2" StartOffset="40395"/>
</LocList>
<StmntSeq Intrnl_Id="445">
<LocList>
<Loc EndOffset="40407" SrcFileId="2" StartOffset="40395"/>
</LocList>
<BasicStmnt CovItemId="S176" CovItemPrefix="StdDraw.java" Intrnl_Id="446">
<LocList>
<Loc EndOffset="40407" SrcFileId="2" StartOffset="40395"/>
</LocList>
</BasicStmnt>
</StmntSeq>
</Branch>
<Branch CovItemId="B28" CovItemPrefix="StdDraw.java" Implct="false" Intrnl_Id="447">
<Cond>
<Loc EndOffset="40420" SrcFileId="2" StartOffset="40416"/>
</Cond>
<LocList>
<Loc EndOffset="40589" SrcFileId="2" StartOffset="40421"/>
</LocList>
<StmntSeq Intrnl_Id="448">
<LocList>
<Loc EndOffset="40589" SrcFileId="2" StartOffset="40421"/>
</LocList>
<BasicStmnt CovItemId="S177" CovItemPrefix="StdDraw.java" Intrnl_Id="449">
<LocList>
<Loc EndOffset="40589" SrcFileId="2" StartOffset="40421"/>
</LocList>
</BasicStmnt>
</StmntSeq>
</Branch>
<Keyword EndOffset="40371" SrcFileId="2" StartOffset="40369"/>
<LocList>
<Loc EndOffset="40589" SrcFileId="2" StartOffset="40369"/>
</LocList>
<RootTerm CovItemId="C14" CovItemPrefix="StdDraw.java" Intrnl_Id="450">
<BasicBoolTerm Intrnl_Id="451">
<LocList>
<Loc EndOffset="40393" SrcFileId="2" StartOffset="40373"/>
</LocList>
</BasicBoolTerm>
</RootTerm>
</CondStmnt>
<BasicStmnt CovItemId="S178" CovItemPrefix="StdDraw.java" Intrnl_Id="452">
<LocList>
<Loc EndOffset="40605" SrcFileId="2" StartOffset="40598"/>
</LocList>
</BasicStmnt>
</StmntSeq>
</HierarchyLvl>
<HierarchyLvl HierarchyLvlId="5437" HierarchyLvlTypeId="12" Intrnl_Id="453" Name="circle">
<Header>
<Loc EndOffset="41126" SrcFileId="2" StartOffset="41066"/>
</Header>
<LocList>
<Loc EndOffset="41552" SrcFileId="2" StartOffset="41066"/>
</LocList>
<StmntSeq Intrnl_Id="454">
<LocList>
<Loc EndOffset="41154" SrcFileId="2" StartOffset="41137"/>
<Loc EndOffset="41180" SrcFileId="2" StartOffset="41163"/>
<Loc EndOffset="41216" SrcFileId="2" StartOffset="41189"/>
<Loc EndOffset="41263" SrcFileId="2" StartOffset="41225"/>
<Loc EndOffset="41295" SrcFileId="2" StartOffset="41273"/>
<Loc EndOffset="41326" SrcFileId="2" StartOffset="41304"/>
<Loc EndOffset="41365" SrcFileId="2" StartOffset="41335"/>
<Loc EndOffset="41404" SrcFileId="2" StartOffset="41374"/>
<Loc EndOffset="41530" SrcFileId="2" StartOffset="41413"/>
<Loc EndOffset="41546" SrcFileId="2" StartOffset="41539"/>
</LocList>
<BasicStmnt CovItemId="S179" CovItemPrefix="StdDraw.java" Intrnl_Id="455">
<LocList>
<Loc EndOffset="41154" SrcFileId="2" StartOffset="41137"/>
</LocList>
</BasicStmnt>
<BasicStmnt CovItemId="S180" CovItemPrefix="StdDraw.java" Intrnl_Id="456">
<LocList>
<Loc EndOffset="41180" SrcFileId="2" StartOffset="41163"/>
</LocList>
</BasicStmnt>
<BasicStmnt CovItemId="S181" CovItemPrefix="StdDraw.java" Intrnl_Id="457">
<LocList>
<Loc EndOffset="41216" SrcFileId="2" StartOffset="41189"/>
</LocList>
</BasicStmnt>
<BasicStmnt CovItemId="S182" CovItemPrefix="StdDraw.java" Intrnl_Id="458">
<LocList>
<Loc EndOffset="41263" SrcFileId="2" StartOffset="41225"/>
</LocList>
</BasicStmnt>
<BasicStmnt CovItemId="S183" CovItemPrefix="StdDraw.java" Intrnl_Id="459">
<LocList>
<Loc EndOffset="41295" SrcFileId="2" StartOffset="41273"/>
</LocList>
</BasicStmnt>
<BasicStmnt CovItemId="S184" CovItemPrefix="StdDraw.java" Intrnl_Id="460">
<LocList>
<Loc EndOffset="41326" SrcFileId="2" StartOffset="41304"/>
</LocList>
</BasicStmnt>
<BasicStmnt CovItemId="S185" CovItemPrefix="StdDraw.java" Intrnl_Id="461">
<LocList>
<Loc EndOffset="41365" SrcFileId="2" StartOffset="41335"/>
</LocList>
</BasicStmnt>
<BasicStmnt CovItemId="S186" CovItemPrefix="StdDraw.java" Intrnl_Id="462">
<LocList>
<Loc EndOffset="41404" SrcFileId="2" StartOffset="41374"/>
</LocList>
</BasicStmnt>
<CondStmnt CovItemId="S187" CovItemPrefix="StdDraw.java" Intrnl_Id="463">
<Branch CovItemId="B29" CovItemPrefix="StdDraw.java" Implct="false" Intrnl_Id="464">
<Cond/>
<LocList>
<Loc EndOffset="41449" SrcFileId="2" StartOffset="41437"/>
</LocList>
<StmntSeq Intrnl_Id="465">
<LocList>
<Loc EndOffset="41449" SrcFileId="2" StartOffset="41437"/>
</LocList>
<BasicStmnt CovItemId="S188" CovItemPrefix="StdDraw.java" Intrnl_Id="466">
<LocList>
<Loc EndOffset="41449" SrcFileId="2" StartOffset="41437"/>
</LocList>
</BasicStmnt>
</StmntSeq>
</Branch>
<Branch CovItemId="B30" CovItemPrefix="StdDraw.java" Implct="false" Intrnl_Id="467">
<Cond>
<Loc EndOffset="41462" SrcFileId="2" StartOffset="41458"/>
</Cond>
<LocList>
<Loc EndOffset="41530" SrcFileId="2" StartOffset="41463"/>
</LocList>
<StmntSeq Intrnl_Id="468">
<LocList>
<Loc EndOffset="41530" SrcFileId="2" StartOffset="41463"/>
</LocList>
<BasicStmnt CovItemId="S189" CovItemPrefix="StdDraw.java" Intrnl_Id="469">
<LocList>
<Loc EndOffset="41530" SrcFileId="2" StartOffset="41463"/>
</LocList>
</BasicStmnt>
</StmntSeq>
</Branch>
<Keyword EndOffset="41415" SrcFileId="2" StartOffset="41413"/>
<LocList>
<Loc EndOffset="41530" SrcFileId="2" StartOffset="41413"/>
</LocList>
<RootTerm CovItemId="C15" CovItemPrefix="StdDraw.java" Intrnl_Id="470">
<OpTerm BooleanOpId="8" Intrnl_Id="471">
<BasicBoolTerm Intrnl_Id="472">
<LocList>
<Loc EndOffset="41424" SrcFileId="2" StartOffset="41417"/>
</LocList>
</BasicBoolTerm>
<BasicBoolTerm Intrnl_Id="473">
<LocList>
<Loc EndOffset="41435" SrcFileId="2" StartOffset="41428"/>
</LocList>
</BasicBoolTerm>
<LocList>
<Loc EndOffset="41427" SrcFileId="2" StartOffset="41425"/>
</LocList>
</OpTerm>
</RootTerm>
</CondStmnt>
<BasicStmnt CovItemId="S190" CovItemPrefix="StdDraw.java" Intrnl_Id="474">
<LocList>
<Loc EndOffset="41546" SrcFileId="2" StartOffset="41539"/>
</LocList>
</BasicStmnt>
</StmntSeq>
</HierarchyLvl>
<HierarchyLvl HierarchyLvlId="5438" HierarchyLvlTypeId="12" Intrnl_Id="475" Name="filledCircle">
<Header>
<Loc EndOffset="42080" SrcFileId="2" StartOffset="42014"/>
</Header>
<LocList>
<Loc EndOffset="42506" SrcFileId="2" StartOffset="42014"/>
</LocList>
<StmntSeq Intrnl_Id="476">
<LocList>
<Loc EndOffset="42108" SrcFileId="2" StartOffset="42091"/>
<Loc EndOffset="42134" SrcFileId="2" StartOffset="42117"/>
<Loc EndOffset="42170" SrcFileId="2" StartOffset="42143"/>
<Loc EndOffset="42217" SrcFileId="2" StartOffset="42179"/>
<Loc EndOffset="42249" SrcFileId="2" StartOffset="42227"/>
<Loc EndOffset="42280" SrcFileId="2" StartOffset="42258"/>
<Loc EndOffset="42319" SrcFileId="2" StartOffset="42289"/>
<Loc EndOffset="42358" SrcFileId="2" StartOffset="42328"/>
<Loc EndOffset="42484" SrcFileId="2" StartOffset="42367"/>
<Loc EndOffset="42500" SrcFileId="2" StartOffset="42493"/>
</LocList>
<BasicStmnt CovItemId="S191" CovItemPrefix="StdDraw.java" Intrnl_Id="477">
<LocList>
<Loc EndOffset="42108" SrcFileId="2" StartOffset="42091"/>
</LocList>
</BasicStmnt>
<BasicStmnt CovItemId="S192" CovItemPrefix="StdDraw.java" Intrnl_Id="478">
<LocList>
<Loc EndOffset="42134" SrcFileId="2" StartOffset="42117"/>
</LocList>
</BasicStmnt>
<BasicStmnt CovItemId="S193" CovItemPrefix="StdDraw.java" Intrnl_Id="479">
<LocList>
<Loc EndOffset="42170" SrcFileId="2" StartOffset="42143"/>
</LocList>
</BasicStmnt>
<BasicStmnt CovItemId="S194" CovItemPrefix="StdDraw.java" Intrnl_Id="480">
<LocList>
<Loc EndOffset="42217" SrcFileId="2" StartOffset="42179"/>
</LocList>
</BasicStmnt>
<BasicStmnt CovItemId="S195" CovItemPrefix="StdDraw.java" Intrnl_Id="481">
<LocList>
<Loc EndOffset="42249" SrcFileId="2" StartOffset="42227"/>
</LocList>
</BasicStmnt>
<BasicStmnt CovItemId="S196" CovItemPrefix="StdDraw.java" Intrnl_Id="482">
<LocList>
<Loc EndOffset="42280" SrcFileId="2" StartOffset="42258"/>
</LocList>
</BasicStmnt>
<BasicStmnt CovItemId="S197" CovItemPrefix="StdDraw.java" Intrnl_Id="483">
<LocList>
<Loc EndOffset="42319" SrcFileId="2" StartOffset="42289"/>
</LocList>
</BasicStmnt>
<BasicStmnt CovItemId="S198" CovItemPrefix="StdDraw.java" Intrnl_Id="484">
<LocList>
<Loc EndOffset="42358" SrcFileId="2" StartOffset="42328"/>
</LocList>
</BasicStmnt>
<CondStmnt CovItemId="S199" CovItemPrefix="StdDraw.java" Intrnl_Id="485">
<Branch CovItemId="B31" CovItemPrefix="StdDraw.java" Implct="false" Intrnl_Id="486">
<Cond/>
<LocList>
<Loc EndOffset="42403" SrcFileId="2" StartOffset="42391"/>
</LocList>
<StmntSeq Intrnl_Id="487">
<LocList>
<Loc EndOffset="42403" SrcFileId="2" StartOffset="42391"/>
</LocList>
<BasicStmnt CovItemId="S200" CovItemPrefix="StdDraw.java" Intrnl_Id="488">
<LocList>
<Loc EndOffset="42403" SrcFileId="2" StartOffset="42391"/>
</LocList>
</BasicStmnt>
</StmntSeq>
</Branch>
<Branch CovItemId="B32" CovItemPrefix="StdDraw.java" Implct="false" Intrnl_Id="489">
<Cond>
<Loc EndOffset="42416" SrcFileId="2" StartOffset="42412"/>
</Cond>
<LocList>
<Loc EndOffset="42484" SrcFileId="2" StartOffset="42417"/>
</LocList>
<StmntSeq Intrnl_Id="490">
<LocList>
<Loc EndOffset="42484" SrcFileId="2" StartOffset="42417"/>
</LocList>
<BasicStmnt CovItemId="S201" CovItemPrefix="StdDraw.java" Intrnl_Id="491">
<LocList>
<Loc EndOffset="42484" SrcFileId="2" StartOffset="42417"/>
</LocList>
</BasicStmnt>
</StmntSeq>
</Branch>
<Keyword EndOffset="42369" SrcFileId="2" StartOffset="42367"/>
<LocList>
<Loc EndOffset="42484" SrcFileId="2" StartOffset="42367"/>
</LocList>
<RootTerm CovItemId="C16" CovItemPrefix="StdDraw.java" Intrnl_Id="492">
<OpTerm BooleanOpId="8" Intrnl_Id="493">
<BasicBoolTerm Intrnl_Id="494">
<LocList>
<Loc EndOffset="42378" SrcFileId="2" StartOffset="42371"/>
</LocList>
</BasicBoolTerm>
<BasicBoolTerm Intrnl_Id="495">
<LocList>
<Loc EndOffset="42389" SrcFileId="2" StartOffset="42382"/>
</LocList>
</BasicBoolTerm>
<LocList>
<Loc EndOffset="42381" SrcFileId="2" StartOffset="42379"/>
</LocList>
</OpTerm>
</RootTerm>
</CondStmnt>
<BasicStmnt CovItemId="S202" CovItemPrefix="StdDraw.java" Intrnl_Id="496">
<LocList>
<Loc EndOffset="42500" SrcFileId="2" StartOffset="42493"/>
</LocList>
</BasicStmnt>
</StmntSeq>
</HierarchyLvl>
<HierarchyLvl HierarchyLvlId="5439" HierarchyLvlTypeId="12" Intrnl_Id="497" Name="ellipse">
<Header>
<Loc EndOffset="43226" SrcFileId="2" StartOffset="43136"/>
</Header>
<LocList>
<Loc EndOffset="43809" SrcFileId="2" StartOffset="43136"/>
</LocList>
<StmntSeq Intrnl_Id="498">
<LocList>
<Loc EndOffset="43254" SrcFileId="2" StartOffset="43237"/>
<Loc EndOffset="43280" SrcFileId="2" StartOffset="43263"/>
<Loc EndOffset="43331" SrcFileId="2" StartOffset="43289"/>
<Loc EndOffset="43382" SrcFileId="2" StartOffset="43340"/>
<Loc EndOffset="43444" SrcFileId="2" StartOffset="43391"/>
<Loc EndOffset="43506" SrcFileId="2" StartOffset="43453"/>
<Loc EndOffset="43538" SrcFileId="2" StartOffset="43516"/>
<Loc EndOffset="43569" SrcFileId="2" StartOffset="43547"/>
<Loc EndOffset="43615" SrcFileId="2" StartOffset="43578"/>
<Loc EndOffset="43661" SrcFileId="2" StartOffset="43624"/>
<Loc EndOffset="43787" SrcFileId="2" StartOffset="43670"/>
<Loc EndOffset="43803" SrcFileId="2" StartOffset="43796"/>
</LocList>
<BasicStmnt CovItemId="S203" CovItemPrefix="StdDraw.java" Intrnl_Id="499">
<LocList>
<Loc EndOffset="43254" SrcFileId="2" StartOffset="43237"/>
</LocList>
</BasicStmnt>
<BasicStmnt CovItemId="S204" CovItemPrefix="StdDraw.java" Intrnl_Id="500">
<LocList>
<Loc EndOffset="43280" SrcFileId="2" StartOffset="43263"/>
</LocList>
</BasicStmnt>
<BasicStmnt CovItemId="S205" CovItemPrefix="StdDraw.java" Intrnl_Id="501">
<LocList>
<Loc EndOffset="43331" SrcFileId="2" StartOffset="43289"/>
</LocList>
</BasicStmnt>
<BasicStmnt CovItemId="S206" CovItemPrefix="StdDraw.java" Intrnl_Id="502">
<LocList>
<Loc EndOffset="43382" SrcFileId="2" StartOffset="43340"/>
</LocList>
</BasicStmnt>
<BasicStmnt CovItemId="S207" CovItemPrefix="StdDraw.java" Intrnl_Id="503">
<LocList>
<Loc EndOffset="43444" SrcFileId="2" StartOffset="43391"/>
</LocList>
</BasicStmnt>
<BasicStmnt CovItemId="S208" CovItemPrefix="StdDraw.java" Intrnl_Id="504">
<LocList>
<Loc EndOffset="43506" SrcFileId="2" StartOffset="43453"/>
</LocList>
</BasicStmnt>
<BasicStmnt CovItemId="S209" CovItemPrefix="StdDraw.java" Intrnl_Id="505">
<LocList>
<Loc EndOffset="43538" SrcFileId="2" StartOffset="43516"/>
</LocList>
</BasicStmnt>
<BasicStmnt CovItemId="S210" CovItemPrefix="StdDraw.java" Intrnl_Id="506">
<LocList>
<Loc EndOffset="43569" SrcFileId="2" StartOffset="43547"/>
</LocList>
</BasicStmnt>
<BasicStmnt CovItemId="S211" CovItemPrefix="StdDraw.java" Intrnl_Id="507">
<LocList>
<Loc EndOffset="43615" SrcFileId="2" StartOffset="43578"/>
</LocList>
</BasicStmnt>
<BasicStmnt CovItemId="S212" CovItemPrefix="StdDraw.java" Intrnl_Id="508">
<LocList>
<Loc EndOffset="43661" SrcFileId="2" StartOffset="43624"/>
</LocList>
</BasicStmnt>
<CondStmnt CovItemId="S213" CovItemPrefix="StdDraw.java" Intrnl_Id="509">
<Branch CovItemId="B33" CovItemPrefix="StdDraw.java" Implct="false" Intrnl_Id="510">
<Cond/>
<LocList>
<Loc EndOffset="43706" SrcFileId="2" StartOffset="43694"/>
</LocList>
<StmntSeq Intrnl_Id="511">
<LocList>
<Loc EndOffset="43706" SrcFileId="2" StartOffset="43694"/>
</LocList>
<BasicStmnt CovItemId="S214" CovItemPrefix="StdDraw.java" Intrnl_Id="512">
<LocList>
<Loc EndOffset="43706" SrcFileId="2" StartOffset="43694"/>
</LocList>
</BasicStmnt>
</StmntSeq>
</Branch>
<Branch CovItemId="B34" CovItemPrefix="StdDraw.java" Implct="false" Intrnl_Id="513">
<Cond>
<Loc EndOffset="43719" SrcFileId="2" StartOffset="43715"/>
</Cond>
<LocList>
<Loc EndOffset="43787" SrcFileId="2" StartOffset="43720"/>
</LocList>
<StmntSeq Intrnl_Id="514">
<LocList>
<Loc EndOffset="43787" SrcFileId="2" StartOffset="43720"/>
</LocList>
<BasicStmnt CovItemId="S215" CovItemPrefix="StdDraw.java" Intrnl_Id="515">
<LocList>
<Loc EndOffset="43787" SrcFileId="2" StartOffset="43720"/>
</LocList>
</BasicStmnt>
</StmntSeq>
</Branch>
<Keyword EndOffset="43672" SrcFileId="2" StartOffset="43670"/>
<LocList>
<Loc EndOffset="43787" SrcFileId="2" StartOffset="43670"/>
</LocList>
<RootTerm CovItemId="C17" CovItemPrefix="StdDraw.java" Intrnl_Id="516">
<OpTerm BooleanOpId="8" Intrnl_Id="517">
<BasicBoolTerm Intrnl_Id="518">
<LocList>
<Loc EndOffset="43681" SrcFileId="2" StartOffset="43674"/>
</LocList>
</BasicBoolTerm>
<BasicBoolTerm Intrnl_Id="519">
<LocList>
<Loc EndOffset="43692" SrcFileId="2" StartOffset="43685"/>
</LocList>
</BasicBoolTerm>
<LocList>
<Loc EndOffset="43684" SrcFileId="2" StartOffset="43682"/>
</LocList>
</OpTerm>
</RootTerm>
</CondStmnt>
<BasicStmnt CovItemId="S216" CovItemPrefix="StdDraw.java" Intrnl_Id="520">
<LocList>
<Loc EndOffset="43803" SrcFileId="2" StartOffset="43796"/>
</LocList>
</BasicStmnt>
</StmntSeq>
</HierarchyLvl>
<HierarchyLvl HierarchyLvlId="5440" HierarchyLvlTypeId="12" Intrnl_Id="521" Name="filledEllipse">
<Header>
<Loc EndOffset="44540" SrcFileId="2" StartOffset="44444"/>
</Header>
<LocList>
<Loc EndOffset="45123" SrcFileId="2" StartOffset="44444"/>
</LocList>
<StmntSeq Intrnl_Id="522">
<LocList>
<Loc EndOffset="44568" SrcFileId="2" StartOffset="44551"/>
<Loc EndOffset="44594" SrcFileId="2" StartOffset="44577"/>
<Loc EndOffset="44645" SrcFileId="2" StartOffset="44603"/>
<Loc EndOffset="44696" SrcFileId="2" StartOffset="44654"/>
<Loc EndOffset="44758" SrcFileId="2" StartOffset="44705"/>
<Loc EndOffset="44820" SrcFileId="2" StartOffset="44767"/>
<Loc EndOffset="44852" SrcFileId="2" StartOffset="44830"/>
<Loc EndOffset="44883" SrcFileId="2" StartOffset="44861"/>
<Loc EndOffset="44929" SrcFileId="2" StartOffset="44892"/>
<Loc EndOffset="44975" SrcFileId="2" StartOffset="44938"/>
<Loc EndOffset="45101" SrcFileId="2" StartOffset="44984"/>
<Loc EndOffset="45117" SrcFileId="2" StartOffset="45110"/>
</LocList>
<BasicStmnt CovItemId="S217" CovItemPrefix="StdDraw.java" Intrnl_Id="523">
<LocList>
<Loc EndOffset="44568" SrcFileId="2" StartOffset="44551"/>
</LocList>
</BasicStmnt>
<BasicStmnt CovItemId="S218" CovItemPrefix="StdDraw.java" Intrnl_Id="524">
<LocList>
<Loc EndOffset="44594" SrcFileId="2" StartOffset="44577"/>
</LocList>
</BasicStmnt>
<BasicStmnt CovItemId="S219" CovItemPrefix="StdDraw.java" Intrnl_Id="525">
<LocList>
<Loc EndOffset="44645" SrcFileId="2" StartOffset="44603"/>
</LocList>
</BasicStmnt>
<BasicStmnt CovItemId="S220" CovItemPrefix="StdDraw.java" Intrnl_Id="526">
<LocList>
<Loc EndOffset="44696" SrcFileId="2" StartOffset="44654"/>
</LocList>
</BasicStmnt>
<BasicStmnt CovItemId="S221" CovItemPrefix="StdDraw.java" Intrnl_Id="527">
<LocList>
<Loc EndOffset="44758" SrcFileId="2" StartOffset="44705"/>
</LocList>
</BasicStmnt>
<BasicStmnt CovItemId="S222" CovItemPrefix="StdDraw.java" Intrnl_Id="528">
<LocList>
<Loc EndOffset="44820" SrcFileId="2" StartOffset="44767"/>
</LocList>
</BasicStmnt>
<BasicStmnt CovItemId="S223" CovItemPrefix="StdDraw.java" Intrnl_Id="529">
<LocList>
<Loc EndOffset="44852" SrcFileId="2" StartOffset="44830"/>
</LocList>
</BasicStmnt>
<BasicStmnt CovItemId="S224" CovItemPrefix="StdDraw.java" Intrnl_Id="530">
<LocList>
<Loc EndOffset="44883" SrcFileId="2" StartOffset="44861"/>
</LocList>
</BasicStmnt>
<BasicStmnt CovItemId="S225" CovItemPrefix="StdDraw.java" Intrnl_Id="531">
<LocList>
<Loc EndOffset="44929" SrcFileId="2" StartOffset="44892"/>
</LocList>
</BasicStmnt>
<BasicStmnt CovItemId="S226" CovItemPrefix="StdDraw.java" Intrnl_Id="532">
<LocList>
<Loc EndOffset="44975" SrcFileId="2" StartOffset="44938"/>
</LocList>
</BasicStmnt>
<CondStmnt CovItemId="S227" CovItemPrefix="StdDraw.java" Intrnl_Id="533">
<Branch CovItemId="B35" CovItemPrefix="StdDraw.java" Implct="false" Intrnl_Id="534">
<Cond/>
<LocList>
<Loc EndOffset="45020" SrcFileId="2" StartOffset="45008"/>
</LocList>
<StmntSeq Intrnl_Id="535">
<LocList>
<Loc EndOffset="45020" SrcFileId="2" StartOffset="45008"/>
</LocList>
<BasicStmnt CovItemId="S228" CovItemPrefix="StdDraw.java" Intrnl_Id="536">
<LocList>
<Loc EndOffset="45020" SrcFileId="2" StartOffset="45008"/>
</LocList>
</BasicStmnt>
</StmntSeq>
</Branch>
<Branch CovItemId="B36" CovItemPrefix="StdDraw.java" Implct="false" Intrnl_Id="537">
<Cond>
<Loc EndOffset="45033" SrcFileId="2" StartOffset="45029"/>
</Cond>
<LocList>
<Loc EndOffset="45101" SrcFileId="2" StartOffset="45034"/>
</LocList>
<StmntSeq Intrnl_Id="538">
<LocList>
<Loc EndOffset="45101" SrcFileId="2" StartOffset="45034"/>
</LocList>
<BasicStmnt CovItemId="S229" CovItemPrefix="StdDraw.java" Intrnl_Id="539">
<LocList>
<Loc EndOffset="45101" SrcFileId="2" StartOffset="45034"/>
</LocList>
</BasicStmnt>
</StmntSeq>
</Branch>
<Keyword EndOffset="44986" SrcFileId="2" StartOffset="44984"/>
<LocList>
<Loc EndOffset="45101" SrcFileId="2" StartOffset="44984"/>
</LocList>
<RootTerm CovItemId="C18" CovItemPrefix="StdDraw.java" Intrnl_Id="540">
<OpTerm BooleanOpId="8" Intrnl_Id="541">
<BasicBoolTerm Intrnl_Id="542">
<LocList>
<Loc EndOffset="44995" SrcFileId="2" StartOffset="44988"/>
</LocList>
</BasicBoolTerm>
<BasicBoolTerm Intrnl_Id="543">
<LocList>
<Loc EndOffset="45006" SrcFileId="2" StartOffset="44999"/>
</LocList>
</BasicBoolTerm>
<LocList>
<Loc EndOffset="44998" SrcFileId="2" StartOffset="44996"/>
</LocList>
</OpTerm>
</RootTerm>
</CondStmnt>
<BasicStmnt CovItemId="S230" CovItemPrefix="StdDraw.java" Intrnl_Id="544">
<LocList>
<Loc EndOffset="45117" SrcFileId="2" StartOffset="45110"/>
</LocList>
</BasicStmnt>
</StmntSeq>
</HierarchyLvl>
<HierarchyLvl HierarchyLvlId="5441" HierarchyLvlTypeId="12" Intrnl_Id="545" Name="arc">
<Header>
<Loc EndOffset="45948" SrcFileId="2" StartOffset="45861"/>
</Header>
<LocList>
<Loc EndOffset="46534" SrcFileId="2" StartOffset="45861"/>
</LocList>
<StmntSeq Intrnl_Id="546">
<LocList>
<Loc EndOffset="45976" SrcFileId="2" StartOffset="45959"/>
<Loc EndOffset="46002" SrcFileId="2" StartOffset="45985"/>
<Loc EndOffset="46042" SrcFileId="2" StartOffset="46011"/>
<Loc EndOffset="46078" SrcFileId="2" StartOffset="46051"/>
<Loc EndOffset="46114" SrcFileId="2" StartOffset="46087"/>
<Loc EndOffset="46165" SrcFileId="2" StartOffset="46123"/>
<Loc EndOffset="46213" SrcFileId="2" StartOffset="46175"/>
<Loc EndOffset="46244" SrcFileId="2" StartOffset="46222"/>
<Loc EndOffset="46275" SrcFileId="2" StartOffset="46253"/>
<Loc EndOffset="46314" SrcFileId="2" StartOffset="46284"/>
<Loc EndOffset="46353" SrcFileId="2" StartOffset="46323"/>
<Loc EndOffset="46512" SrcFileId="2" StartOffset="46362"/>
<Loc EndOffset="46528" SrcFileId="2" StartOffset="46521"/>
</LocList>
<BasicStmnt CovItemId="S231" CovItemPrefix="StdDraw.java" Intrnl_Id="547">
<LocList>
<Loc EndOffset="45976" SrcFileId="2" StartOffset="45959"/>
</LocList>
</BasicStmnt>
<BasicStmnt CovItemId="S232" CovItemPrefix="StdDraw.java" Intrnl_Id="548">
<LocList>
<Loc EndOffset="46002" SrcFileId="2" StartOffset="45985"/>
</LocList>
</BasicStmnt>
<BasicStmnt CovItemId="S233" CovItemPrefix="StdDraw.java" Intrnl_Id="549">
<LocList>
<Loc EndOffset="46042" SrcFileId="2" StartOffset="46011"/>
</LocList>
</BasicStmnt>
<BasicStmnt CovItemId="S234" CovItemPrefix="StdDraw.java" Intrnl_Id="550">
<LocList>
<Loc EndOffset="46078" SrcFileId="2" StartOffset="46051"/>
</LocList>
</BasicStmnt>
<BasicStmnt CovItemId="S235" CovItemPrefix="StdDraw.java" Intrnl_Id="551">
<LocList>
<Loc EndOffset="46114" SrcFileId="2" StartOffset="46087"/>
</LocList>
</BasicStmnt>
<BasicStmnt CovItemId="S236" CovItemPrefix="StdDraw.java" Intrnl_Id="552">
<LocList>
<Loc EndOffset="46165" SrcFileId="2" StartOffset="46123"/>
</LocList>
</BasicStmnt>
<LoopStmnt CovItemId="S237" CovItemPrefix="StdDraw.java" Intrnl_Id="553" MltplExecId="L1-2" MltplExecPrefix="StdDraw.java" NvrExecId="L1-0" NvrExecPrefix="StdDraw.java" OnceExecutedId="L1-1" OnceExecutedPrefix="StdDraw.java" OptBodyExec="true">
<StmntSeq Intrnl_Id="554">
<LocList>
<Loc EndOffset="46213" SrcFileId="2" StartOffset="46199"/>
</LocList>
<BasicStmnt CovItemId="S238" CovItemPrefix="StdDraw.java" Intrnl_Id="555">
<LocList>
<Loc EndOffset="46213" SrcFileId="2" StartOffset="46199"/>
</LocList>
</BasicStmnt>
</StmntSeq>
<Keyword EndOffset="46180" SrcFileId="2" StartOffset="46175"/>
<LocList>
<Loc EndOffset="46213" SrcFileId="2" StartOffset="46175"/>
</LocList>
<RootTerm CovItemId="C19" CovItemPrefix="StdDraw.java" Intrnl_Id="556">
<BasicBoolTerm Intrnl_Id="557">
<LocList>
<Loc EndOffset="46197" SrcFileId="2" StartOffset="46182"/>
</LocList>
</BasicBoolTerm>
</RootTerm>
</LoopStmnt>
<BasicStmnt CovItemId="S239" CovItemPrefix="StdDraw.java" Intrnl_Id="558">
<LocList>
<Loc EndOffset="46244" SrcFileId="2" StartOffset="46222"/>
</LocList>
</BasicStmnt>
<BasicStmnt CovItemId="S240" CovItemPrefix="StdDraw.java" Intrnl_Id="559">
<LocList>
<Loc EndOffset="46275" SrcFileId="2" StartOffset="46253"/>
</LocList>
</BasicStmnt>
<BasicStmnt CovItemId="S241" CovItemPrefix="StdDraw.java" Intrnl_Id="560">
<LocList>
<Loc EndOffset="46314" SrcFileId="2" StartOffset="46284"/>
</LocList>
</BasicStmnt>
<BasicStmnt CovItemId="S242" CovItemPrefix="StdDraw.java" Intrnl_Id="561">
<LocList>
<Loc EndOffset="46353" SrcFileId="2" StartOffset="46323"/>
</LocList>
</BasicStmnt>
<CondStmnt CovItemId="S243" CovItemPrefix="StdDraw.java" Intrnl_Id="562">
<Branch CovItemId="B37" CovItemPrefix="StdDraw.java" Implct="false" Intrnl_Id="563">
<Cond/>
<LocList>
<Loc EndOffset="46398" SrcFileId="2" StartOffset="46386"/>
</LocList>
<StmntSeq Intrnl_Id="564">
<LocList>
<Loc EndOffset="46398" SrcFileId="2" StartOffset="46386"/>
</LocList>
<BasicStmnt CovItemId="S244" CovItemPrefix="StdDraw.java" Intrnl_Id="565">
<LocList>
<Loc EndOffset="46398" SrcFileId="2" StartOffset="46386"/>
</LocList>
</BasicStmnt>
</StmntSeq>
</Branch>
<Branch CovItemId="B38" CovItemPrefix="StdDraw.java" Implct="false" Intrnl_Id="566">
<Cond>
<Loc EndOffset="46411" SrcFileId="2" StartOffset="46407"/>
</Cond>
<LocList>
<Loc EndOffset="46512" SrcFileId="2" StartOffset="46412"/>
</LocList>
<StmntSeq Intrnl_Id="567">
<LocList>
<Loc EndOffset="46512" SrcFileId="2" StartOffset="46412"/>
</LocList>
<BasicStmnt CovItemId="S245" CovItemPrefix="StdDraw.java" Intrnl_Id="568">
<LocList>
<Loc EndOffset="46512" SrcFileId="2" StartOffset="46412"/>
</LocList>
</BasicStmnt>
</StmntSeq>
</Branch>
<Keyword EndOffset="46364" SrcFileId="2" StartOffset="46362"/>
<LocList>
<Loc EndOffset="46512" SrcFileId="2" StartOffset="46362"/>
</LocList>
<RootTerm CovItemId="C20" CovItemPrefix="StdDraw.java" Intrnl_Id="569">
<OpTerm BooleanOpId="8" Intrnl_Id="570">
<BasicBoolTerm Intrnl_Id="571">
<LocList>
<Loc EndOffset="46373" SrcFileId="2" StartOffset="46366"/>
</LocList>
</BasicBoolTerm>
<BasicBoolTerm Intrnl_Id="572">
<LocList>
<Loc EndOffset="46384" SrcFileId="2" StartOffset="46377"/>
</LocList>
</BasicBoolTerm>
<LocList>
<Loc EndOffset="46376" SrcFileId="2" StartOffset="46374"/>
</LocList>
</OpTerm>
</RootTerm>
</CondStmnt>
<BasicStmnt CovItemId="S246" CovItemPrefix="StdDraw.java" Intrnl_Id="573">
<LocList>
<Loc EndOffset="46528" SrcFileId="2" StartOffset="46521"/>
</LocList>
</BasicStmnt>
</StmntSeq>
</HierarchyLvl>
<HierarchyLvl HierarchyLvlId="5442" HierarchyLvlTypeId="12" Intrnl_Id="574" Name="square">
<Header>
<Loc EndOffset="47080" SrcFileId="2" StartOffset="47016"/>
</Header>
<LocList>
<Loc EndOffset="47533" SrcFileId="2" StartOffset="47016"/>
</LocList>
<StmntSeq Intrnl_Id="575">
<LocList>
<Loc EndOffset="47108" SrcFileId="2" StartOffset="47091"/>
<Loc EndOffset="47134" SrcFileId="2" StartOffset="47117"/>
<Loc EndOffset="47178" SrcFileId="2" StartOffset="47143"/>
<Loc EndOffset="47234" SrcFileId="2" StartOffset="47187"/>
<Loc EndOffset="47266" SrcFileId="2" StartOffset="47244"/>
<Loc EndOffset="47297" SrcFileId="2" StartOffset="47275"/>
<Loc EndOffset="47340" SrcFileId="2" StartOffset="47306"/>
<Loc EndOffset="47383" SrcFileId="2" StartOffset="47349"/>
<Loc EndOffset="47511" SrcFileId="2" StartOffset="47392"/>
<Loc EndOffset="47527" SrcFileId="2" StartOffset="47520"/>
</LocList>
<BasicStmnt CovItemId="S247" CovItemPrefix="StdDraw.java" Intrnl_Id="576">
<LocList>
<Loc EndOffset="47108" SrcFileId="2" StartOffset="47091"/>
</LocList>
</BasicStmnt>
<BasicStmnt CovItemId="S248" CovItemPrefix="StdDraw.java" Intrnl_Id="577">
<LocList>
<Loc EndOffset="47134" SrcFileId="2" StartOffset="47117"/>
</LocList>
</BasicStmnt>
<BasicStmnt CovItemId="S249" CovItemPrefix="StdDraw.java" Intrnl_Id="578">
<LocList>
<Loc EndOffset="47178" SrcFileId="2" StartOffset="47143"/>
</LocList>
</BasicStmnt>
<BasicStmnt CovItemId="S250" CovItemPrefix="StdDraw.java" Intrnl_Id="579">
<LocList>
<Loc EndOffset="47234" SrcFileId="2" StartOffset="47187"/>
</LocList>
</BasicStmnt>
<BasicStmnt CovItemId="S251" CovItemPrefix="StdDraw.java" Intrnl_Id="580">
<LocList>
<Loc EndOffset="47266" SrcFileId="2" StartOffset="47244"/>
</LocList>
</BasicStmnt>
<BasicStmnt CovItemId="S252" CovItemPrefix="StdDraw.java" Intrnl_Id="581">
<LocList>
<Loc EndOffset="47297" SrcFileId="2" StartOffset="47275"/>
</LocList>
</BasicStmnt>
<BasicStmnt CovItemId="S253" CovItemPrefix="StdDraw.java" Intrnl_Id="582">
<LocList>
<Loc EndOffset="47340" SrcFileId="2" StartOffset="47306"/>
</LocList>
</BasicStmnt>
<BasicStmnt CovItemId="S254" CovItemPrefix="StdDraw.java" Intrnl_Id="583">
<LocList>
<Loc EndOffset="47383" SrcFileId="2" StartOffset="47349"/>
</LocList>
</BasicStmnt>
<CondStmnt CovItemId="S255" CovItemPrefix="StdDraw.java" Intrnl_Id="584">
<Branch CovItemId="B39" CovItemPrefix="StdDraw.java" Implct="false" Intrnl_Id="585">
<Cond/>
<LocList>
<Loc EndOffset="47428" SrcFileId="2" StartOffset="47416"/>
</LocList>
<StmntSeq Intrnl_Id="586">
<LocList>
<Loc EndOffset="47428" SrcFileId="2" StartOffset="47416"/>
</LocList>
<BasicStmnt CovItemId="S256" CovItemPrefix="StdDraw.java" Intrnl_Id="587">
<LocList>
<Loc EndOffset="47428" SrcFileId="2" StartOffset="47416"/>
</LocList>
</BasicStmnt>
</StmntSeq>
</Branch>
<Branch CovItemId="B40" CovItemPrefix="StdDraw.java" Implct="false" Intrnl_Id="588">
<Cond>
<Loc EndOffset="47441" SrcFileId="2" StartOffset="47437"/>
</Cond>
<LocList>
<Loc EndOffset="47511" SrcFileId="2" StartOffset="47442"/>
</LocList>
<StmntSeq Intrnl_Id="589">
<LocList>
<Loc EndOffset="47511" SrcFileId="2" StartOffset="47442"/>
</LocList>
<BasicStmnt CovItemId="S257" CovItemPrefix="StdDraw.java" Intrnl_Id="590">
<LocList>
<Loc EndOffset="47511" SrcFileId="2" StartOffset="47442"/>
</LocList>
</BasicStmnt>
</StmntSeq>
</Branch>
<Keyword EndOffset="47394" SrcFileId="2" StartOffset="47392"/>
<LocList>
<Loc EndOffset="47511" SrcFileId="2" StartOffset="47392"/>
</LocList>
<RootTerm CovItemId="C21" CovItemPrefix="StdDraw.java" Intrnl_Id="591">
<OpTerm BooleanOpId="8" Intrnl_Id="592">
<BasicBoolTerm Intrnl_Id="593">
<LocList>
<Loc EndOffset="47403" SrcFileId="2" StartOffset="47396"/>
</LocList>
</BasicBoolTerm>
<BasicBoolTerm Intrnl_Id="594">
<LocList>
<Loc EndOffset="47414" SrcFileId="2" StartOffset="47407"/>
</LocList>
</BasicBoolTerm>
<LocList>
<Loc EndOffset="47406" SrcFileId="2" StartOffset="47404"/>
</LocList>
</OpTerm>
</RootTerm>
</CondStmnt>
<BasicStmnt CovItemId="S258" CovItemPrefix="StdDraw.java" Intrnl_Id="595">
<LocList>
<Loc EndOffset="47527" SrcFileId="2" StartOffset="47520"/>
</LocList>
</BasicStmnt>
</StmntSeq>
</HierarchyLvl>
<HierarchyLvl HierarchyLvlId="5443" HierarchyLvlTypeId="12" Intrnl_Id="596" Name="filledSquare">
<Header>
<Loc EndOffset="48092" SrcFileId="2" StartOffset="48022"/>
</Header>
<LocList>
<Loc EndOffset="48545" SrcFileId="2" StartOffset="48022"/>
</LocList>
<StmntSeq Intrnl_Id="597">
<LocList>
<Loc EndOffset="48120" SrcFileId="2" StartOffset="48103"/>
<Loc EndOffset="48146" SrcFileId="2" StartOffset="48129"/>
<Loc EndOffset="48190" SrcFileId="2" StartOffset="48155"/>
<Loc EndOffset="48246" SrcFileId="2" StartOffset="48199"/>
<Loc EndOffset="48278" SrcFileId="2" StartOffset="48256"/>
<Loc EndOffset="48309" SrcFileId="2" StartOffset="48287"/>
<Loc EndOffset="48352" SrcFileId="2" StartOffset="48318"/>
<Loc EndOffset="48395" SrcFileId="2" StartOffset="48361"/>
<Loc EndOffset="48523" SrcFileId="2" StartOffset="48404"/>
<Loc EndOffset="48539" SrcFileId="2" StartOffset="48532"/>
</LocList>
<BasicStmnt CovItemId="S259" CovItemPrefix="StdDraw.java" Intrnl_Id="598">
<LocList>
<Loc EndOffset="48120" SrcFileId="2" StartOffset="48103"/>
</LocList>
</BasicStmnt>
<BasicStmnt CovItemId="S260" CovItemPrefix="StdDraw.java" Intrnl_Id="599">
<LocList>
<Loc EndOffset="48146" SrcFileId="2" StartOffset="48129"/>
</LocList>
</BasicStmnt>
<BasicStmnt CovItemId="S261" CovItemPrefix="StdDraw.java" Intrnl_Id="600">
<LocList>
<Loc EndOffset="48190" SrcFileId="2" StartOffset="48155"/>
</LocList>
</BasicStmnt>
<BasicStmnt CovItemId="S262" CovItemPrefix="StdDraw.java" Intrnl_Id="601">
<LocList>
<Loc EndOffset="48246" SrcFileId="2" StartOffset="48199"/>
</LocList>
</BasicStmnt>
<BasicStmnt CovItemId="S263" CovItemPrefix="StdDraw.java" Intrnl_Id="602">
<LocList>
<Loc EndOffset="48278" SrcFileId="2" StartOffset="48256"/>
</LocList>
</BasicStmnt>
<BasicStmnt CovItemId="S264" CovItemPrefix="StdDraw.java" Intrnl_Id="603">
<LocList>
<Loc EndOffset="48309" SrcFileId="2" StartOffset="48287"/>
</LocList>
</BasicStmnt>
<BasicStmnt CovItemId="S265" CovItemPrefix="StdDraw.java" Intrnl_Id="604">
<LocList>
<Loc EndOffset="48352" SrcFileId="2" StartOffset="48318"/>
</LocList>
</BasicStmnt>
<BasicStmnt CovItemId="S266" CovItemPrefix="StdDraw.java" Intrnl_Id="605">
<LocList>
<Loc EndOffset="48395" SrcFileId="2" StartOffset="48361"/>
</LocList>
</BasicStmnt>
<CondStmnt CovItemId="S267" CovItemPrefix="StdDraw.java" Intrnl_Id="606">
<Branch CovItemId="B41" CovItemPrefix="StdDraw.java" Implct="false" Intrnl_Id="607">
<Cond/>
<LocList>
<Loc EndOffset="48440" SrcFileId="2" StartOffset="48428"/>
</LocList>
<StmntSeq Intrnl_Id="608">
<LocList>
<Loc EndOffset="48440" SrcFileId="2" StartOffset="48428"/>
</LocList>
<BasicStmnt CovItemId="S268" CovItemPrefix="StdDraw.java" Intrnl_Id="609">
<LocList>
<Loc EndOffset="48440" SrcFileId="2" StartOffset="48428"/>
</LocList>
</BasicStmnt>
</StmntSeq>
</Branch>
<Branch CovItemId="B42" CovItemPrefix="StdDraw.java" Implct="false" Intrnl_Id="610">
<Cond>
<Loc EndOffset="48453" SrcFileId="2" StartOffset="48449"/>
</Cond>
<LocList>
<Loc EndOffset="48523" SrcFileId="2" StartOffset="48454"/>
</LocList>
<StmntSeq Intrnl_Id="611">
<LocList>
<Loc EndOffset="48523" SrcFileId="2" StartOffset="48454"/>
</LocList>
<BasicStmnt CovItemId="S269" CovItemPrefix="StdDraw.java" Intrnl_Id="612">
<LocList>
<Loc EndOffset="48523" SrcFileId="2" StartOffset="48454"/>
</LocList>
</BasicStmnt>
</StmntSeq>
</Branch>
<Keyword EndOffset="48406" SrcFileId="2" StartOffset="48404"/>
<LocList>
<Loc EndOffset="48523" SrcFileId="2" StartOffset="48404"/>
</LocList>
<RootTerm CovItemId="C22" CovItemPrefix="StdDraw.java" Intrnl_Id="613">
<OpTerm BooleanOpId="8" Intrnl_Id="614">
<BasicBoolTerm Intrnl_Id="615">
<LocList>
<Loc EndOffset="48415" SrcFileId="2" StartOffset="48408"/>
</LocList>
</BasicBoolTerm>
<BasicBoolTerm Intrnl_Id="616">
<LocList>
<Loc EndOffset="48426" SrcFileId="2" StartOffset="48419"/>
</LocList>
</BasicBoolTerm>
<LocList>
<Loc EndOffset="48418" SrcFileId="2" StartOffset="48416"/>
</LocList>
</OpTerm>
</RootTerm>
</CondStmnt>
<BasicStmnt CovItemId="S270" CovItemPrefix="StdDraw.java" Intrnl_Id="617">
<LocList>
<Loc EndOffset="48539" SrcFileId="2" StartOffset="48532"/>
</LocList>
</BasicStmnt>
</StmntSeq>
</HierarchyLvl>
<HierarchyLvl HierarchyLvlId="5444" HierarchyLvlTypeId="12" Intrnl_Id="618" Name="rectangle">
<Header>
<Loc EndOffset="49202" SrcFileId="2" StartOffset="49117"/>
</Header>
<LocList>
<Loc EndOffset="49750" SrcFileId="2" StartOffset="49117"/>
</LocList>
<StmntSeq Intrnl_Id="619">
<LocList>
<Loc EndOffset="49230" SrcFileId="2" StartOffset="49213"/>
<Loc EndOffset="49256" SrcFileId="2" StartOffset="49239"/>
<Loc EndOffset="49298" SrcFileId="2" StartOffset="49265"/>
<Loc EndOffset="49342" SrcFileId="2" StartOffset="49307"/>
<Loc EndOffset="49396" SrcFileId="2" StartOffset="49351"/>
<Loc EndOffset="49452" SrcFileId="2" StartOffset="49405"/>
<Loc EndOffset="49484" SrcFileId="2" StartOffset="49462"/>
<Loc EndOffset="49515" SrcFileId="2" StartOffset="49493"/>
<Loc EndOffset="49557" SrcFileId="2" StartOffset="49524"/>
<Loc EndOffset="49600" SrcFileId="2" StartOffset="49566"/>
<Loc EndOffset="49728" SrcFileId="2" StartOffset="49609"/>
<Loc EndOffset="49744" SrcFileId="2" StartOffset="49737"/>
</LocList>
<BasicStmnt CovItemId="S271" CovItemPrefix="StdDraw.java" Intrnl_Id="620">
<LocList>
<Loc EndOffset="49230" SrcFileId="2" StartOffset="49213"/>
</LocList>
</BasicStmnt>
<BasicStmnt CovItemId="S272" CovItemPrefix="StdDraw.java" Intrnl_Id="621">
<LocList>
<Loc EndOffset="49256" SrcFileId="2" StartOffset="49239"/>
</LocList>
</BasicStmnt>
<BasicStmnt CovItemId="S273" CovItemPrefix="StdDraw.java" Intrnl_Id="622">
<LocList>
<Loc EndOffset="49298" SrcFileId="2" StartOffset="49265"/>
</LocList>
</BasicStmnt>
<BasicStmnt CovItemId="S274" CovItemPrefix="StdDraw.java" Intrnl_Id="623">
<LocList>
<Loc EndOffset="49342" SrcFileId="2" StartOffset="49307"/>
</LocList>
</BasicStmnt>
<BasicStmnt CovItemId="S275" CovItemPrefix="StdDraw.java" Intrnl_Id="624">
<LocList>
<Loc EndOffset="49396" SrcFileId="2" StartOffset="49351"/>
</LocList>
</BasicStmnt>
<BasicStmnt CovItemId="S276" CovItemPrefix="StdDraw.java" Intrnl_Id="625">
<LocList>
<Loc EndOffset="49452" SrcFileId="2" StartOffset="49405"/>
</LocList>
</BasicStmnt>
<BasicStmnt CovItemId="S277" CovItemPrefix="StdDraw.java" Intrnl_Id="626">
<LocList>
<Loc EndOffset="49484" SrcFileId="2" StartOffset="49462"/>
</LocList>
</BasicStmnt>
<BasicStmnt CovItemId="S278" CovItemPrefix="StdDraw.java" Intrnl_Id="627">
<LocList>
<Loc EndOffset="49515" SrcFileId="2" StartOffset="49493"/>
</LocList>
</BasicStmnt>
<BasicStmnt CovItemId="S279" CovItemPrefix="StdDraw.java" Intrnl_Id="628">
<LocList>
<Loc EndOffset="49557" SrcFileId="2" StartOffset="49524"/>
</LocList>
</BasicStmnt>
<BasicStmnt CovItemId="S280" CovItemPrefix="StdDraw.java" Intrnl_Id="629">
<LocList>
<Loc EndOffset="49600" SrcFileId="2" StartOffset="49566"/>
</LocList>
</BasicStmnt>
<CondStmnt CovItemId="S281" CovItemPrefix="StdDraw.java" Intrnl_Id="630">
<Branch CovItemId="B43" CovItemPrefix="StdDraw.java" Implct="false" Intrnl_Id="631">
<Cond/>
<LocList>
<Loc EndOffset="49645" SrcFileId="2" StartOffset="49633"/>
</LocList>
<StmntSeq Intrnl_Id="632">
<LocList>
<Loc EndOffset="49645" SrcFileId="2" StartOffset="49633"/>
</LocList>
<BasicStmnt CovItemId="S282" CovItemPrefix="StdDraw.java" Intrnl_Id="633">
<LocList>
<Loc EndOffset="49645" SrcFileId="2" StartOffset="49633"/>
</LocList>
</BasicStmnt>
</StmntSeq>
</Branch>
<Branch CovItemId="B44" CovItemPrefix="StdDraw.java" Implct="false" Intrnl_Id="634">
<Cond>
<Loc EndOffset="49658" SrcFileId="2" StartOffset="49654"/>
</Cond>
<LocList>
<Loc EndOffset="49728" SrcFileId="2" StartOffset="49659"/>
</LocList>
<StmntSeq Intrnl_Id="635">
<LocList>
<Loc EndOffset="49728" SrcFileId="2" StartOffset="49659"/>
</LocList>
<BasicStmnt CovItemId="S283" CovItemPrefix="StdDraw.java" Intrnl_Id="636">
<LocList>
<Loc EndOffset="49728" SrcFileId="2" StartOffset="49659"/>
</LocList>
</BasicStmnt>
</StmntSeq>
</Branch>
<Keyword EndOffset="49611" SrcFileId="2" StartOffset="49609"/>
<LocList>
<Loc EndOffset="49728" SrcFileId="2" StartOffset="49609"/>
</LocList>
<RootTerm CovItemId="C23" CovItemPrefix="StdDraw.java" Intrnl_Id="637">
<OpTerm BooleanOpId="8" Intrnl_Id="638">
<BasicBoolTerm Intrnl_Id="639">
<LocList>
<Loc EndOffset="49620" SrcFileId="2" StartOffset="49613"/>
</LocList>
</BasicBoolTerm>
<BasicBoolTerm Intrnl_Id="640">
<LocList>
<Loc EndOffset="49631" SrcFileId="2" StartOffset="49624"/>
</LocList>
</BasicBoolTerm>
<LocList>
<Loc EndOffset="49623" SrcFileId="2" StartOffset="49621"/>
</LocList>
</OpTerm>
</RootTerm>
</CondStmnt>
<BasicStmnt CovItemId="S284" CovItemPrefix="StdDraw.java" Intrnl_Id="641">
<LocList>
<Loc EndOffset="49744" SrcFileId="2" StartOffset="49737"/>
</LocList>
</BasicStmnt>
</StmntSeq>
</HierarchyLvl>
<HierarchyLvl HierarchyLvlId="5445" HierarchyLvlTypeId="12" Intrnl_Id="642" Name="filledRectangle">
<Header>
<Loc EndOffset="50419" SrcFileId="2" StartOffset="50328"/>
</Header>
<LocList>
<Loc EndOffset="50967" SrcFileId="2" StartOffset="50328"/>
</LocList>
<StmntSeq Intrnl_Id="643">
<LocList>
<Loc EndOffset="50447" SrcFileId="2" StartOffset="50430"/>
<Loc EndOffset="50473" SrcFileId="2" StartOffset="50456"/>
<Loc EndOffset="50515" SrcFileId="2" StartOffset="50482"/>
<Loc EndOffset="50559" SrcFileId="2" StartOffset="50524"/>
<Loc EndOffset="50613" SrcFileId="2" StartOffset="50568"/>
<Loc EndOffset="50669" SrcFileId="2" StartOffset="50622"/>
<Loc EndOffset="50701" SrcFileId="2" StartOffset="50679"/>
<Loc EndOffset="50732" SrcFileId="2" StartOffset="50710"/>
<Loc EndOffset="50774" SrcFileId="2" StartOffset="50741"/>
<Loc EndOffset="50817" SrcFileId="2" StartOffset="50783"/>
<Loc EndOffset="50945" SrcFileId="2" StartOffset="50826"/>
<Loc EndOffset="50961" SrcFileId="2" StartOffset="50954"/>
</LocList>
<BasicStmnt CovItemId="S285" CovItemPrefix="StdDraw.java" Intrnl_Id="644">
<LocList>
<Loc EndOffset="50447" SrcFileId="2" StartOffset="50430"/>
</LocList>
</BasicStmnt>
<BasicStmnt CovItemId="S286" CovItemPrefix="StdDraw.java" Intrnl_Id="645">
<LocList>
<Loc EndOffset="50473" SrcFileId="2" StartOffset="50456"/>
</LocList>
</BasicStmnt>
<BasicStmnt CovItemId="S287" CovItemPrefix="StdDraw.java" Intrnl_Id="646">
<LocList>
<Loc EndOffset="50515" SrcFileId="2" StartOffset="50482"/>
</LocList>
</BasicStmnt>
<BasicStmnt CovItemId="S288" CovItemPrefix="StdDraw.java" Intrnl_Id="647">
<LocList>
<Loc EndOffset="50559" SrcFileId="2" StartOffset="50524"/>
</LocList>
</BasicStmnt>
<BasicStmnt CovItemId="S289" CovItemPrefix="StdDraw.java" Intrnl_Id="648">
<LocList>
<Loc EndOffset="50613" SrcFileId="2" StartOffset="50568"/>
</LocList>
</BasicStmnt>
<BasicStmnt CovItemId="S290" CovItemPrefix="StdDraw.java" Intrnl_Id="649">
<LocList>
<Loc EndOffset="50669" SrcFileId="2" StartOffset="50622"/>
</LocList>
</BasicStmnt>
<BasicStmnt CovItemId="S291" CovItemPrefix="StdDraw.java" Intrnl_Id="650">
<LocList>
<Loc EndOffset="50701" SrcFileId="2" StartOffset="50679"/>
</LocList>
</BasicStmnt>
<BasicStmnt CovItemId="S292" CovItemPrefix="StdDraw.java" Intrnl_Id="651">
<LocList>
<Loc EndOffset="50732" SrcFileId="2" StartOffset="50710"/>
</LocList>
</BasicStmnt>
<BasicStmnt CovItemId="S293" CovItemPrefix="StdDraw.java" Intrnl_Id="652">
<LocList>
<Loc EndOffset="50774" SrcFileId="2" StartOffset="50741"/>
</LocList>
</BasicStmnt>
<BasicStmnt CovItemId="S294" CovItemPrefix="StdDraw.java" Intrnl_Id="653">
<LocList>
<Loc EndOffset="50817" SrcFileId="2" StartOffset="50783"/>
</LocList>
</BasicStmnt>
<CondStmnt CovItemId="S295" CovItemPrefix="StdDraw.java" Intrnl_Id="654">
<Branch CovItemId="B45" CovItemPrefix="StdDraw.java" Implct="false" Intrnl_Id="655">
<Cond/>
<LocList>
<Loc EndOffset="50862" SrcFileId="2" StartOffset="50850"/>
</LocList>
<StmntSeq Intrnl_Id="656">
<LocList>
<Loc EndOffset="50862" SrcFileId="2" StartOffset="50850"/>
</LocList>
<BasicStmnt CovItemId="S296" CovItemPrefix="StdDraw.java" Intrnl_Id="657">
<LocList>
<Loc EndOffset="50862" SrcFileId="2" StartOffset="50850"/>
</LocList>
</BasicStmnt>
</StmntSeq>
</Branch>
<Branch CovItemId="B46" CovItemPrefix="StdDraw.java" Implct="false" Intrnl_Id="658">
<Cond>
<Loc EndOffset="50875" SrcFileId="2" StartOffset="50871"/>
</Cond>
<LocList>
<Loc EndOffset="50945" SrcFileId="2" StartOffset="50876"/>
</LocList>
<StmntSeq Intrnl_Id="659">
<LocList>
<Loc EndOffset="50945" SrcFileId="2" StartOffset="50876"/>
</LocList>
<BasicStmnt CovItemId="S297" CovItemPrefix="StdDraw.java" Intrnl_Id="660">
<LocList>
<Loc EndOffset="50945" SrcFileId="2" StartOffset="50876"/>
</LocList>
</BasicStmnt>
</StmntSeq>
</Branch>
<Keyword EndOffset="50828" SrcFileId="2" StartOffset="50826"/>
<LocList>
<Loc EndOffset="50945" SrcFileId="2" StartOffset="50826"/>
</LocList>
<RootTerm CovItemId="C24" CovItemPrefix="StdDraw.java" Intrnl_Id="661">
<OpTerm BooleanOpId="8" Intrnl_Id="662">
<BasicBoolTerm Intrnl_Id="663">
<LocList>
<Loc EndOffset="50837" SrcFileId="2" StartOffset="50830"/>
</LocList>
</BasicBoolTerm>
<BasicBoolTerm Intrnl_Id="664">
<LocList>
<Loc EndOffset="50848" SrcFileId="2" StartOffset="50841"/>
</LocList>
</BasicBoolTerm>
<LocList>
<Loc EndOffset="50840" SrcFileId="2" StartOffset="50838"/>
</LocList>
</OpTerm>
</RootTerm>
</CondStmnt>
<BasicStmnt CovItemId="S298" CovItemPrefix="StdDraw.java" Intrnl_Id="665">
<LocList>
<Loc EndOffset="50961" SrcFileId="2" StartOffset="50954"/>
</LocList>
</BasicStmnt>
</StmntSeq>
</HierarchyLvl>
<HierarchyLvl HierarchyLvlId="5446" HierarchyLvlTypeId="12" Intrnl_Id="666" Name="polygon">
<Header>
<Loc EndOffset="51731" SrcFileId="2" StartOffset="51681"/>
</Header>
<LocList>
<Loc EndOffset="52476" SrcFileId="2" StartOffset="51681"/>
</LocList>
<StmntSeq Intrnl_Id="667">
<LocList>
<Loc EndOffset="51783" SrcFileId="2" StartOffset="51742"/>
<Loc EndOffset="51833" SrcFileId="2" StartOffset="51792"/>
<Loc EndOffset="51908" SrcFileId="2" StartOffset="51842"/>
<Loc EndOffset="51983" SrcFileId="2" StartOffset="51917"/>
<Loc EndOffset="52011" SrcFileId="2" StartOffset="51993"/>
<Loc EndOffset="52038" SrcFileId="2" StartOffset="52020"/>
<Loc EndOffset="52133" SrcFileId="2" StartOffset="52047"/>
<Loc EndOffset="52153" SrcFileId="2" StartOffset="52142"/>
<Loc EndOffset="52181" SrcFileId="2" StartOffset="52162"/>
<Loc EndOffset="52228" SrcFileId="2" StartOffset="52191"/>
<Loc EndOffset="52293" SrcFileId="2" StartOffset="52237"/>
<Loc EndOffset="52398" SrcFileId="2" StartOffset="52302"/>
<Loc EndOffset="52424" SrcFileId="2" StartOffset="52407"/>
<Loc EndOffset="52454" SrcFileId="2" StartOffset="52433"/>
<Loc EndOffset="52470" SrcFileId="2" StartOffset="52463"/>
</LocList>
<BasicStmnt CovItemId="S299" CovItemPrefix="StdDraw.java" Intrnl_Id="668">
<LocList>
<Loc EndOffset="51783" SrcFileId="2" StartOffset="51742"/>
</LocList>
</BasicStmnt>
<BasicStmnt CovItemId="S300" CovItemPrefix="StdDraw.java" Intrnl_Id="669">
<LocList>
<Loc EndOffset="51833" SrcFileId="2" StartOffset="51792"/>
</LocList>
</BasicStmnt>
<LoopStmnt CovItemId="S301" CovItemPrefix="StdDraw.java" Intrnl_Id="670" MltplExecId="L2-2" MltplExecPrefix="StdDraw.java" NvrExecId="L2-0" NvrExecPrefix="StdDraw.java" OnceExecutedId="L2-1" OnceExecutedPrefix="StdDraw.java" OptBodyExec="true">
<StmntSeq Intrnl_Id="671">
<LocList>
<Loc EndOffset="51908" SrcFileId="2" StartOffset="51877"/>
</LocList>
<BasicStmnt CovItemId="S302" CovItemPrefix="StdDraw.java" Intrnl_Id="672">
<LocList>
<Loc EndOffset="51908" SrcFileId="2" StartOffset="51877"/>
</LocList>
</BasicStmnt>
</StmntSeq>
<Keyword EndOffset="51845" SrcFileId="2" StartOffset="51842"/>
<LocList>
<Loc EndOffset="51908" SrcFileId="2" StartOffset="51842"/>
</LocList>
<RootTerm CovItemId="C25" CovItemPrefix="StdDraw.java" Intrnl_Id="673">
<BasicBoolTerm Intrnl_Id="674">
<LocList>
<Loc EndOffset="51870" SrcFileId="2" StartOffset="51858"/>
</LocList>
</BasicBoolTerm>
</RootTerm>
</LoopStmnt>
<LoopStmnt CovItemId="S303" CovItemPrefix="StdDraw.java" Intrnl_Id="675" MltplExecId="L3-2" MltplExecPrefix="StdDraw.java" NvrExecId="L3-0" NvrExecPrefix="StdDraw.java" OnceExecutedId="L3-1" OnceExecutedPrefix="StdDraw.java" OptBodyExec="true">
<StmntSeq Intrnl_Id="676">
<LocList>
<Loc EndOffset="51983" SrcFileId="2" StartOffset="51952"/>
</LocList>
<BasicStmnt CovItemId="S304" CovItemPrefix="StdDraw.java" Intrnl_Id="677">
<LocList>
<Loc EndOffset="51983" SrcFileId="2" StartOffset="51952"/>
</LocList>
</BasicStmnt>
</StmntSeq>
<Keyword EndOffset="51920" SrcFileId="2" StartOffset="51917"/>
<LocList>
<Loc EndOffset="51983" SrcFileId="2" StartOffset="51917"/>
</LocList>
<RootTerm CovItemId="C26" CovItemPrefix="StdDraw.java" Intrnl_Id="678">
<BasicBoolTerm Intrnl_Id="679">
<LocList>
<Loc EndOffset="51945" SrcFileId="2" StartOffset="51933"/>
</LocList>
</BasicBoolTerm>
</RootTerm>
</LoopStmnt>
<BasicStmnt CovItemId="S305" CovItemPrefix="StdDraw.java" Intrnl_Id="680">
<LocList>
<Loc EndOffset="52011" SrcFileId="2" StartOffset="51993"/>
</LocList>
</BasicStmnt>
<BasicStmnt CovItemId="S306" CovItemPrefix="StdDraw.java" Intrnl_Id="681">
<LocList>
<Loc EndOffset="52038" SrcFileId="2" StartOffset="52020"/>
</LocList>
</BasicStmnt>
<CondStmnt CovItemId="S307" CovItemPrefix="StdDraw.java" Intrnl_Id="682">
<Branch CovItemId="B47" CovItemPrefix="StdDraw.java" Implct="false" Intrnl_Id="683">
<Cond/>
<LocList>
<Loc EndOffset="52133" SrcFileId="2" StartOffset="52061"/>
</LocList>
<StmntSeq Intrnl_Id="684">
<LocList>
<Loc EndOffset="52133" SrcFileId="2" StartOffset="52061"/>
</LocList>
<BasicStmnt CovItemId="S308" CovItemPrefix="StdDraw.java" Intrnl_Id="685">
<LocList>
<Loc EndOffset="52133" SrcFileId="2" StartOffset="52061"/>
</LocList>
</BasicStmnt>
</StmntSeq>
</Branch>
<Branch CovItemId="B48" CovItemPrefix="StdDraw.java" Implct="true" Intrnl_Id="686">
<Cond/>
<LocList/>
<StmntSeq Intrnl_Id="687">
<LocList/>
</StmntSeq>
</Branch>
<Keyword EndOffset="52049" SrcFileId="2" StartOffset="52047"/>
<LocList>
<Loc EndOffset="52133" SrcFileId="2" StartOffset="52047"/>
</LocList>
<RootTerm CovItemId="C27" CovItemPrefix="StdDraw.java" Intrnl_Id="688">
<BasicBoolTerm Intrnl_Id="689">
<LocList>
<Loc EndOffset="52059" SrcFileId="2" StartOffset="52051"/>
</LocList>
</BasicBoolTerm>
</RootTerm>
</CondStmnt>
<BasicStmnt CovItemId="S309" CovItemPrefix="StdDraw.java" Intrnl_Id="690">
<LocList>
<Loc EndOffset="52153" SrcFileId="2" StartOffset="52142"/>
</LocList>
</BasicStmnt>
<CondStmnt CovItemId="S310" CovItemPrefix="StdDraw.java" Intrnl_Id="691">
<Branch CovItemId="B49" CovItemPrefix="StdDraw.java" Implct="false" Intrnl_Id="692">
<Cond/>
<LocList>
<Loc EndOffset="52181" SrcFileId="2" StartOffset="52174"/>
</LocList>
<StmntSeq Intrnl_Id="693">
<LocList>
<Loc EndOffset="52181" SrcFileId="2" StartOffset="52174"/>
</LocList>
<BasicStmnt CovItemId="S311" CovItemPrefix="StdDraw.java" Intrnl_Id="694">
<LocList>
<Loc EndOffset="52181" SrcFileId="2" StartOffset="52174"/>
</LocList>
</BasicStmnt>
</StmntSeq>
</Branch>
<Branch CovItemId="B50" CovItemPrefix="StdDraw.java" Implct="true" Intrnl_Id="695">
<Cond/>
<LocList/>
<StmntSeq Intrnl_Id="696">
<LocList/>
</StmntSeq>
</Branch>
<Keyword EndOffset="52164" SrcFileId="2" StartOffset="52162"/>
<LocList>
<Loc EndOffset="52181" SrcFileId="2" StartOffset="52162"/>
</LocList>
<RootTerm CovItemId="C28" CovItemPrefix="StdDraw.java" Intrnl_Id="697">
<BasicBoolTerm Intrnl_Id="698">
<LocList>
<Loc EndOffset="52172" SrcFileId="2" StartOffset="52166"/>
</LocList>
</BasicBoolTerm>
</RootTerm>
</CondStmnt>
<BasicStmnt CovItemId="S312" CovItemPrefix="StdDraw.java" Intrnl_Id="699">
<LocList>
<Loc EndOffset="52228" SrcFileId="2" StartOffset="52191"/>
</LocList>
</BasicStmnt>
<BasicStmnt CovItemId="S313" CovItemPrefix="StdDraw.java" Intrnl_Id="700">
<LocList>
<Loc EndOffset="52293" SrcFileId="2" StartOffset="52237"/>
</LocList>
</BasicStmnt>
<LoopStmnt CovItemId="S314" CovItemPrefix="StdDraw.java" Intrnl_Id="701" MltplExecId="L4-2" MltplExecPrefix="StdDraw.java" NvrExecId="L4-0" NvrExecPrefix="StdDraw.java" OnceExecutedId="L4-1" OnceExecutedPrefix="StdDraw.java" OptBodyExec="true">
<StmntSeq Intrnl_Id="702">
<LocList>
<Loc EndOffset="52398" SrcFileId="2" StartOffset="52342"/>
</LocList>
<BasicStmnt CovItemId="S315" CovItemPrefix="StdDraw.java" Intrnl_Id="703">
<LocList>
<Loc EndOffset="52398" SrcFileId="2" StartOffset="52342"/>
</LocList>
</BasicStmnt>
</StmntSeq>
<Keyword EndOffset="52305" SrcFileId="2" StartOffset="52302"/>
<LocList>
<Loc EndOffset="52398" SrcFileId="2" StartOffset="52302"/>
</LocList>
<RootTerm CovItemId="C29" CovItemPrefix="StdDraw.java" Intrnl_Id="704">
<BasicBoolTerm Intrnl_Id="705">
<LocList>
<Loc EndOffset="52323" SrcFileId="2" StartOffset="52318"/>
</LocList>
</BasicBoolTerm>
</RootTerm>
</LoopStmnt>
<BasicStmnt CovItemId="S316" CovItemPrefix="StdDraw.java" Intrnl_Id="706">
<LocList>
<Loc EndOffset="52424" SrcFileId="2" StartOffset="52407"/>
</LocList>
</BasicStmnt>
<BasicStmnt CovItemId="S317" CovItemPrefix="StdDraw.java" Intrnl_Id="707">
<LocList>
<Loc EndOffset="52454" SrcFileId="2" StartOffset="52433"/>
</LocList>
</BasicStmnt>
<BasicStmnt CovItemId="S318" CovItemPrefix="StdDraw.java" Intrnl_Id="708">
<LocList>
<Loc EndOffset="52470" SrcFileId="2" StartOffset="52463"/>
</LocList>
</BasicStmnt>
</StmntSeq>
</HierarchyLvl>
<HierarchyLvl HierarchyLvlId="5447" HierarchyLvlTypeId="12" Intrnl_Id="709" Name="filledPolygon">
<Header>
<Loc EndOffset="53252" SrcFileId="2" StartOffset="53196"/>
</Header>
<LocList>
<Loc EndOffset="53997" SrcFileId="2" StartOffset="53196"/>
</LocList>
<StmntSeq Intrnl_Id="710">
<LocList>
<Loc EndOffset="53304" SrcFileId="2" StartOffset="53263"/>
<Loc EndOffset="53354" SrcFileId="2" StartOffset="53313"/>
<Loc EndOffset="53429" SrcFileId="2" StartOffset="53363"/>
<Loc EndOffset="53504" SrcFileId="2" StartOffset="53438"/>
<Loc EndOffset="53532" SrcFileId="2" StartOffset="53514"/>
<Loc EndOffset="53559" SrcFileId="2" StartOffset="53541"/>
<Loc EndOffset="53654" SrcFileId="2" StartOffset="53568"/>
<Loc EndOffset="53674" SrcFileId="2" StartOffset="53663"/>
<Loc EndOffset="53702" SrcFileId="2" StartOffset="53683"/>
<Loc EndOffset="53749" SrcFileId="2" StartOffset="53712"/>
<Loc EndOffset="53814" SrcFileId="2" StartOffset="53758"/>
<Loc EndOffset="53919" SrcFileId="2" StartOffset="53823"/>
<Loc EndOffset="53945" SrcFileId="2" StartOffset="53928"/>
<Loc EndOffset="53975" SrcFileId="2" StartOffset="53954"/>
<Loc EndOffset="53991" SrcFileId="2" StartOffset="53984"/>
</LocList>
<BasicStmnt CovItemId="S319" CovItemPrefix="StdDraw.java" Intrnl_Id="711">
<LocList>
<Loc EndOffset="53304" SrcFileId="2" StartOffset="53263"/>
</LocList>
</BasicStmnt>
<BasicStmnt CovItemId="S320" CovItemPrefix="StdDraw.java" Intrnl_Id="712">
<LocList>
<Loc EndOffset="53354" SrcFileId="2" StartOffset="53313"/>
</LocList>
</BasicStmnt>
<LoopStmnt CovItemId="S321" CovItemPrefix="StdDraw.java" Intrnl_Id="713" MltplExecId="L5-2" MltplExecPrefix="StdDraw.java" NvrExecId="L5-0" NvrExecPrefix="StdDraw.java" OnceExecutedId="L5-1" OnceExecutedPrefix="StdDraw.java" OptBodyExec="true">
<StmntSeq Intrnl_Id="714">
<LocList>
<Loc EndOffset="53429" SrcFileId="2" StartOffset="53398"/>
</LocList>
<BasicStmnt CovItemId="S322" CovItemPrefix="StdDraw.java" Intrnl_Id="715">
<LocList>
<Loc EndOffset="53429" SrcFileId="2" StartOffset="53398"/>
</LocList>
</BasicStmnt>
</StmntSeq>
<Keyword EndOffset="53366" SrcFileId="2" StartOffset="53363"/>
<LocList>
<Loc EndOffset="53429" SrcFileId="2" StartOffset="53363"/>
</LocList>
<RootTerm CovItemId="C30" CovItemPrefix="StdDraw.java" Intrnl_Id="716">
<BasicBoolTerm Intrnl_Id="717">
<LocList>
<Loc EndOffset="53391" SrcFileId="2" StartOffset="53379"/>
</LocList>
</BasicBoolTerm>
</RootTerm>
</LoopStmnt>
<LoopStmnt CovItemId="S323" CovItemPrefix="StdDraw.java" Intrnl_Id="718" MltplExecId="L6-2" MltplExecPrefix="StdDraw.java" NvrExecId="L6-0" NvrExecPrefix="StdDraw.java" OnceExecutedId="L6-1" OnceExecutedPrefix="StdDraw.java" OptBodyExec="true">
<StmntSeq Intrnl_Id="719">
<LocList>
<Loc EndOffset="53504" SrcFileId="2" StartOffset="53473"/>
</LocList>
<BasicStmnt CovItemId="S324" CovItemPrefix="StdDraw.java" Intrnl_Id="720">
<LocList>
<Loc EndOffset="53504" SrcFileId="2" StartOffset="53473"/>
</LocList>
</BasicStmnt>
</StmntSeq>
<Keyword EndOffset="53441" SrcFileId="2" StartOffset="53438"/>
<LocList>
<Loc EndOffset="53504" SrcFileId="2" StartOffset="53438"/>
</LocList>
<RootTerm CovItemId="C31" CovItemPrefix="StdDraw.java" Intrnl_Id="721">
<BasicBoolTerm Intrnl_Id="722">
<LocList>
<Loc EndOffset="53466" SrcFileId="2" StartOffset="53454"/>
</LocList>
</BasicBoolTerm>
</RootTerm>
</LoopStmnt>
<BasicStmnt CovItemId="S325" CovItemPrefix="StdDraw.java" Intrnl_Id="723">
<LocList>
<Loc EndOffset="53532" SrcFileId="2" StartOffset="53514"/>
</LocList>
</BasicStmnt>
<BasicStmnt CovItemId="S326" CovItemPrefix="StdDraw.java" Intrnl_Id="724">
<LocList>
<Loc EndOffset="53559" SrcFileId="2" StartOffset="53541"/>
</LocList>
</BasicStmnt>
<CondStmnt CovItemId="S327" CovItemPrefix="StdDraw.java" Intrnl_Id="725">
<Branch CovItemId="B51" CovItemPrefix="StdDraw.java" Implct="false" Intrnl_Id="726">
<Cond/>
<LocList>
<Loc EndOffset="53654" SrcFileId="2" StartOffset="53582"/>
</LocList>
<StmntSeq Intrnl_Id="727">
<LocList>
<Loc EndOffset="53654" SrcFileId="2" StartOffset="53582"/>
</LocList>
<BasicStmnt CovItemId="S328" CovItemPrefix="StdDraw.java" Intrnl_Id="728">
<LocList>
<Loc EndOffset="53654" SrcFileId="2" StartOffset="53582"/>
</LocList>
</BasicStmnt>
</StmntSeq>
</Branch>
<Branch CovItemId="B52" CovItemPrefix="StdDraw.java" Implct="true" Intrnl_Id="729">
<Cond/>
<LocList/>
<StmntSeq Intrnl_Id="730">
<LocList/>
</StmntSeq>
</Branch>
<Keyword EndOffset="53570" SrcFileId="2" StartOffset="53568"/>
<LocList>
<Loc EndOffset="53654" SrcFileId="2" StartOffset="53568"/>
</LocList>
<RootTerm CovItemId="C32" CovItemPrefix="StdDraw.java" Intrnl_Id="731">
<BasicBoolTerm Intrnl_Id="732">
<LocList>
<Loc EndOffset="53580" SrcFileId="2" StartOffset="53572"/>
</LocList>
</BasicBoolTerm>
</RootTerm>
</CondStmnt>
<BasicStmnt CovItemId="S329" CovItemPrefix="StdDraw.java" Intrnl_Id="733">
<LocList>
<Loc EndOffset="53674" SrcFileId="2" StartOffset="53663"/>
</LocList>
</BasicStmnt>
<CondStmnt CovItemId="S330" CovItemPrefix="StdDraw.java" Intrnl_Id="734">
<Branch CovItemId="B53" CovItemPrefix="StdDraw.java" Implct="false" Intrnl_Id="735">
<Cond/>
<LocList>
<Loc EndOffset="53702" SrcFileId="2" StartOffset="53695"/>
</LocList>
<StmntSeq Intrnl_Id="736">
<LocList>
<Loc EndOffset="53702" SrcFileId="2" StartOffset="53695"/>
</LocList>
<BasicStmnt CovItemId="S331" CovItemPrefix="StdDraw.java" Intrnl_Id="737">
<LocList>
<Loc EndOffset="53702" SrcFileId="2" StartOffset="53695"/>
</LocList>
</BasicStmnt>
</StmntSeq>
</Branch>
<Branch CovItemId="B54" CovItemPrefix="StdDraw.java" Implct="true" Intrnl_Id="738">
<Cond/>
<LocList/>
<StmntSeq Intrnl_Id="739">
<LocList/>
</StmntSeq>
</Branch>
<Keyword EndOffset="53685" SrcFileId="2" StartOffset="53683"/>
<LocList>
<Loc EndOffset="53702" SrcFileId="2" StartOffset="53683"/>
</LocList>
<RootTerm CovItemId="C33" CovItemPrefix="StdDraw.java" Intrnl_Id="740">
<BasicBoolTerm Intrnl_Id="741">
<LocList>
<Loc EndOffset="53693" SrcFileId="2" StartOffset="53687"/>
</LocList>
</BasicBoolTerm>
</RootTerm>
</CondStmnt>
<BasicStmnt CovItemId="S332" CovItemPrefix="StdDraw.java" Intrnl_Id="742">
<LocList>
<Loc EndOffset="53749" SrcFileId="2" StartOffset="53712"/>
</LocList>
</BasicStmnt>
<BasicStmnt CovItemId="S333" CovItemPrefix="StdDraw.java" Intrnl_Id="743">
<LocList>
<Loc EndOffset="53814" SrcFileId="2" StartOffset="53758"/>
</LocList>
</BasicStmnt>
<LoopStmnt CovItemId="S334" CovItemPrefix="StdDraw.java" Intrnl_Id="744" MltplExecId="L7-2" MltplExecPrefix="StdDraw.java" NvrExecId="L7-0" NvrExecPrefix="StdDraw.java" OnceExecutedId="L7-1" OnceExecutedPrefix="StdDraw.java" OptBodyExec="true">
<StmntSeq Intrnl_Id="745">
<LocList>
<Loc EndOffset="53919" SrcFileId="2" StartOffset="53863"/>
</LocList>
<BasicStmnt CovItemId="S335" CovItemPrefix="StdDraw.java" Intrnl_Id="746">
<LocList>
<Loc EndOffset="53919" SrcFileId="2" StartOffset="53863"/>
</LocList>
</BasicStmnt>
</StmntSeq>
<Keyword EndOffset="53826" SrcFileId="2" StartOffset="53823"/>
<LocList>
<Loc EndOffset="53919" SrcFileId="2" StartOffset="53823"/>
</LocList>
<RootTerm CovItemId="C34" CovItemPrefix="StdDraw.java" Intrnl_Id="747">
<BasicBoolTerm Intrnl_Id="748">
<LocList>
<Loc EndOffset="53844" SrcFileId="2" StartOffset="53839"/>
</LocList>
</BasicBoolTerm>
</RootTerm>
</LoopStmnt>
<BasicStmnt CovItemId="S336" CovItemPrefix="StdDraw.java" Intrnl_Id="749">
<LocList>
<Loc EndOffset="53945" SrcFileId="2" StartOffset="53928"/>
</LocList>
</BasicStmnt>
<BasicStmnt CovItemId="S337" CovItemPrefix="StdDraw.java" Intrnl_Id="750">
<LocList>
<Loc EndOffset="53975" SrcFileId="2" StartOffset="53954"/>
</LocList>
</BasicStmnt>
<BasicStmnt CovItemId="S338" CovItemPrefix="StdDraw.java" Intrnl_Id="751">
<LocList>
<Loc EndOffset="53991" SrcFileId="2" StartOffset="53984"/>
</LocList>
</BasicStmnt>
</StmntSeq>
</HierarchyLvl>
<HierarchyLvl HierarchyLvlId="5448" HierarchyLvlTypeId="12" Intrnl_Id="752" Name="getImage">
<Header>
<Loc EndOffset="54277" SrcFileId="2" StartOffset="54232"/>
</Header>
<LocList>
<Loc EndOffset="55487" SrcFileId="2" StartOffset="54232"/>
</LocList>
<StmntSeq Intrnl_Id="753">
<LocList>
<Loc EndOffset="54347" SrcFileId="2" StartOffset="54288"/>
<Loc EndOffset="54427" SrcFileId="2" StartOffset="54386"/>
<Loc EndOffset="54768" SrcFileId="2" StartOffset="54469"/>
<Loc EndOffset="55069" SrcFileId="2" StartOffset="54851"/>
<Loc EndOffset="55448" SrcFileId="2" StartOffset="55156"/>
<Loc EndOffset="55481" SrcFileId="2" StartOffset="55458"/>
</LocList>
<CondStmnt CovItemId="S339" CovItemPrefix="StdDraw.java" Intrnl_Id="754">
<Branch CovItemId="B55" CovItemPrefix="StdDraw.java" Implct="false" Intrnl_Id="755">
<Cond/>
<LocList>
<Loc EndOffset="54347" SrcFileId="2" StartOffset="54310"/>
</LocList>
<StmntSeq Intrnl_Id="756">
<LocList>
<Loc EndOffset="54347" SrcFileId="2" StartOffset="54310"/>
</LocList>
<BasicStmnt CovItemId="S340" CovItemPrefix="StdDraw.java" Intrnl_Id="757">
<LocList>
<Loc EndOffset="54347" SrcFileId="2" StartOffset="54310"/>
</LocList>
</BasicStmnt>
</StmntSeq>
</Branch>
<Branch CovItemId="B56" CovItemPrefix="StdDraw.java" Implct="true" Intrnl_Id="758">
<Cond/>
<LocList/>
<StmntSeq Intrnl_Id="759">
<LocList/>
</StmntSeq>
</Branch>
<Keyword EndOffset="54290" SrcFileId="2" StartOffset="54288"/>
<LocList>
<Loc EndOffset="54347" SrcFileId="2" StartOffset="54288"/>
</LocList>
<RootTerm CovItemId="C35" CovItemPrefix="StdDraw.java" Intrnl_Id="760">
<BasicBoolTerm Intrnl_Id="761">
<LocList>
<Loc EndOffset="54308" SrcFileId="2" StartOffset="54292"/>
</LocList>
</BasicBoolTerm>
</RootTerm>
</CondStmnt>
<BasicStmnt CovItemId="S341" CovItemPrefix="StdDraw.java" Intrnl_Id="762">
<LocList>
<Loc EndOffset="54427" SrcFileId="2" StartOffset="54386"/>
</LocList>
</BasicStmnt>
<CondStmnt CovItemId="S342" CovItemPrefix="StdDraw.java" Intrnl_Id="763">
<Branch CovItemId="B57" CovItemPrefix="StdDraw.java" Implct="false" Intrnl_Id="764">
<Cond/>
<LocList>
<Loc EndOffset="54768" SrcFileId="2" StartOffset="54545"/>
</LocList>
<StmntSeq Intrnl_Id="765">
<LocList>
<Loc EndOffset="54609" SrcFileId="2" StartOffset="54581"/>
<Loc EndOffset="54652" SrcFileId="2" StartOffset="54626"/>
<Loc EndOffset="54758" SrcFileId="2" StartOffset="54559"/>
</LocList>
<BasicStmnt CovItemId="S344" CovItemPrefix="StdDraw.java" Intrnl_Id="766">
<LocList>
<Loc EndOffset="54609" SrcFileId="2" StartOffset="54581"/>
</LocList>
</BasicStmnt>
<BasicStmnt CovItemId="S345" CovItemPrefix="StdDraw.java" Intrnl_Id="767">
<LocList>
<Loc EndOffset="54652" SrcFileId="2" StartOffset="54626"/>
</LocList>
</BasicStmnt>
<CondStmnt CovItemId="S343" CovItemPrefix="StdDraw.java" Intrnl_Id="768">
<Branch CovItemId="B59" CovItemPrefix="StdDraw.java" Implct="true" Intrnl_Id="769">
<Cond/>
<LocList/>
<StmntSeq Intrnl_Id="770">
<LocList/>
</StmntSeq>
</Branch>
<Branch CovItemId="B60" CovItemPrefix="StdDraw.java" Implct="false" Intrnl_Id="771">
<Cond>
<Loc EndOffset="54710" SrcFileId="2" StartOffset="54679"/>
</Cond>
<LocList>
<Loc EndOffset="54758" SrcFileId="2" StartOffset="54711"/>
</LocList>
<StmntSeq Intrnl_Id="772">
<LocList/>
</StmntSeq>
</Branch>
<Keyword EndOffset="54562" SrcFileId="2" StartOffset="54559"/>
<LocList>
<Loc EndOffset="54758" SrcFileId="2" StartOffset="54559"/>
</LocList>
</CondStmnt>
</StmntSeq>
</Branch>
<Branch CovItemId="B58" CovItemPrefix="StdDraw.java" Implct="true" Intrnl_Id="773">
<Cond/>
<LocList/>
<StmntSeq Intrnl_Id="774">
<LocList/>
</StmntSeq>
</Branch>
<Keyword EndOffset="54471" SrcFileId="2" StartOffset="54469"/>
<LocList>
<Loc EndOffset="54768" SrcFileId="2" StartOffset="54469"/>
</LocList>
<RootTerm CovItemId="C36" CovItemPrefix="StdDraw.java" Intrnl_Id="775">
<OpTerm BooleanOpId="9" Intrnl_Id="776">
<BasicBoolTerm Intrnl_Id="777">
<LocList>
<Loc EndOffset="54486" SrcFileId="2" StartOffset="54474"/>
</LocList>
</BasicBoolTerm>
<BasicBoolTerm Intrnl_Id="778">
<LocList>
<Loc EndOffset="54542" SrcFileId="2" StartOffset="54492"/>
</LocList>
</BasicBoolTerm>
<LocList>
<Loc EndOffset="54490" SrcFileId="2" StartOffset="54488"/>
</LocList>
</OpTerm>
</RootTerm>
</CondStmnt>
<CondStmnt CovItemId="S346" CovItemPrefix="StdDraw.java" Intrnl_Id="779">
<Branch CovItemId="B61" CovItemPrefix="StdDraw.java" Implct="false" Intrnl_Id="780">
<Cond/>
<LocList>
<Loc EndOffset="55069" SrcFileId="2" StartOffset="54927"/>
</LocList>
<StmntSeq Intrnl_Id="781">
<LocList>
<Loc EndOffset="54987" SrcFileId="2" StartOffset="54941"/>
<Loc EndOffset="55059" SrcFileId="2" StartOffset="55000"/>
</LocList>
<BasicStmnt CovItemId="S347" CovItemPrefix="StdDraw.java" Intrnl_Id="782">
<LocList>
<Loc EndOffset="54987" SrcFileId="2" StartOffset="54941"/>
</LocList>
</BasicStmnt>
<CondStmnt CovItemId="S348" CovItemPrefix="StdDraw.java" Intrnl_Id="783">
<Branch CovItemId="B63" CovItemPrefix="StdDraw.java" Implct="false" Intrnl_Id="784">
<Cond/>
<LocList>
<Loc EndOffset="55059" SrcFileId="2" StartOffset="55033"/>
</LocList>
<StmntSeq Intrnl_Id="785">
<LocList>
<Loc EndOffset="55059" SrcFileId="2" StartOffset="55033"/>
</LocList>
<BasicStmnt CovItemId="S349" CovItemPrefix="StdDraw.java" Intrnl_Id="786">
<LocList>
<Loc EndOffset="55059" SrcFileId="2" StartOffset="55033"/>
</LocList>
</BasicStmnt>
</StmntSeq>
</Branch>
<Branch CovItemId="B64" CovItemPrefix="StdDraw.java" Implct="true" Intrnl_Id="787">
<Cond/>
<LocList/>
<StmntSeq Intrnl_Id="788">
<LocList/>
</StmntSeq>
</Branch>
<Keyword EndOffset="55002" SrcFileId="2" StartOffset="55000"/>
<LocList>
<Loc EndOffset="55059" SrcFileId="2" StartOffset="55000"/>
</LocList>
<RootTerm CovItemId="C38" CovItemPrefix="StdDraw.java" Intrnl_Id="789">
<BasicBoolTerm Intrnl_Id="790">
<LocList>
<Loc EndOffset="55015" SrcFileId="2" StartOffset="55004"/>
</LocList>
</BasicBoolTerm>
</RootTerm>
</CondStmnt>
</StmntSeq>
</Branch>
<Branch CovItemId="B62" CovItemPrefix="StdDraw.java" Implct="true" Intrnl_Id="791">
<Cond/>
<LocList/>
<StmntSeq Intrnl_Id="792">
<LocList/>
</StmntSeq>
</Branch>
<Keyword EndOffset="54853" SrcFileId="2" StartOffset="54851"/>
<LocList>
<Loc EndOffset="55069" SrcFileId="2" StartOffset="54851"/>
</LocList>
<RootTerm CovItemId="C37" CovItemPrefix="StdDraw.java" Intrnl_Id="793">
<OpTerm BooleanOpId="9" Intrnl_Id="794">
<BasicBoolTerm Intrnl_Id="795">
<LocList>
<Loc EndOffset="54868" SrcFileId="2" StartOffset="54856"/>
</LocList>
</BasicBoolTerm>
<BasicBoolTerm Intrnl_Id="796">
<LocList>
<Loc EndOffset="54924" SrcFileId="2" StartOffset="54874"/>
</LocList>
</BasicBoolTerm>
<LocList>
<Loc EndOffset="54872" SrcFileId="2" StartOffset="54870"/>
</LocList>
</OpTerm>
</RootTerm>
</CondStmnt>
<CondStmnt CovItemId="S350" CovItemPrefix="StdDraw.java" Intrnl_Id="797">
<Branch CovItemId="B65" CovItemPrefix="StdDraw.java" Implct="false" Intrnl_Id="798">
<Cond/>
<LocList>
<Loc EndOffset="55448" SrcFileId="2" StartOffset="55232"/>
</LocList>
<StmntSeq Intrnl_Id="799">
<LocList>
<Loc EndOffset="55298" SrcFileId="2" StartOffset="55246"/>
<Loc EndOffset="55399" SrcFileId="2" StartOffset="55311"/>
<Loc EndOffset="55438" SrcFileId="2" StartOffset="55412"/>
</LocList>
<BasicStmnt CovItemId="S351" CovItemPrefix="StdDraw.java" Intrnl_Id="800">
<LocList>
<Loc EndOffset="55298" SrcFileId="2" StartOffset="55246"/>
</LocList>
</BasicStmnt>
<CondStmnt CovItemId="S352" CovItemPrefix="StdDraw.java" Intrnl_Id="801">
<Branch CovItemId="B67" CovItemPrefix="StdDraw.java" Implct="false" Intrnl_Id="802">
<Cond/>
<LocList>
<Loc EndOffset="55399" SrcFileId="2" StartOffset="55328"/>
</LocList>
<StmntSeq Intrnl_Id="803">
<LocList>
<Loc EndOffset="55399" SrcFileId="2" StartOffset="55328"/>
</LocList>
<BasicStmnt CovItemId="S353" CovItemPrefix="StdDraw.java" Intrnl_Id="804">
<LocList>
<Loc EndOffset="55399" SrcFileId="2" StartOffset="55328"/>
</LocList>
</BasicStmnt>
</StmntSeq>
</Branch>
<Branch CovItemId="B68" CovItemPrefix="StdDraw.java" Implct="true" Intrnl_Id="805">
<Cond/>
<LocList/>
<StmntSeq Intrnl_Id="806">
<LocList/>
</StmntSeq>
</Branch>
<Keyword EndOffset="55313" SrcFileId="2" StartOffset="55311"/>
<LocList>
<Loc EndOffset="55399" SrcFileId="2" StartOffset="55311"/>
</LocList>
<RootTerm CovItemId="C40" CovItemPrefix="StdDraw.java" Intrnl_Id="807">
<BasicBoolTerm Intrnl_Id="808">
<LocList>
<Loc EndOffset="55326" SrcFileId="2" StartOffset="55315"/>
</LocList>
</BasicBoolTerm>
</RootTerm>
</CondStmnt>
<BasicStmnt CovItemId="S354" CovItemPrefix="StdDraw.java" Intrnl_Id="809">
<LocList>
<Loc EndOffset="55438" SrcFileId="2" StartOffset="55412"/>
</LocList>
</BasicStmnt>
</StmntSeq>
</Branch>
<Branch CovItemId="B66" CovItemPrefix="StdDraw.java" Implct="true" Intrnl_Id="810">
<Cond/>
<LocList/>
<StmntSeq Intrnl_Id="811">
<LocList/>
</StmntSeq>
</Branch>
<Keyword EndOffset="55158" SrcFileId="2" StartOffset="55156"/>
<LocList>
<Loc EndOffset="55448" SrcFileId="2" StartOffset="55156"/>
</LocList>
<RootTerm CovItemId="C39" CovItemPrefix="StdDraw.java" Intrnl_Id="812">
<OpTerm BooleanOpId="9" Intrnl_Id="813">
<BasicBoolTerm Intrnl_Id="814">
<LocList>
<Loc EndOffset="55173" SrcFileId="2" StartOffset="55161"/>
</LocList>
</BasicBoolTerm>
<BasicBoolTerm Intrnl_Id="815">
<LocList>
<Loc EndOffset="55229" SrcFileId="2" StartOffset="55179"/>
</LocList>
</BasicBoolTerm>
<LocList>
<Loc EndOffset="55177" SrcFileId="2" StartOffset="55175"/>
</LocList>
</OpTerm>
</RootTerm>
</CondStmnt>
<BasicStmnt CovItemId="S355" CovItemPrefix="StdDraw.java" Intrnl_Id="816">
<LocList>
<Loc EndOffset="55481" SrcFileId="2" StartOffset="55458"/>
</LocList>
</BasicStmnt>
</StmntSeq>
</HierarchyLvl>
<HierarchyLvl HierarchyLvlId="5449" HierarchyLvlTypeId="12" Intrnl_Id="817" Name="picture">
<Header>
<Loc EndOffset="57953" SrcFileId="2" StartOffset="57890"/>
</Header>
<LocList>
<Loc EndOffset="58646" SrcFileId="2" StartOffset="57890"/>
</LocList>
<StmntSeq Intrnl_Id="818">
<LocList>
<Loc EndOffset="57981" SrcFileId="2" StartOffset="57964"/>
<Loc EndOffset="58007" SrcFileId="2" StartOffset="57990"/>
<Loc EndOffset="58054" SrcFileId="2" StartOffset="58016"/>
<Loc EndOffset="58150" SrcFileId="2" StartOffset="58117"/>
<Loc EndOffset="58181" SrcFileId="2" StartOffset="58159"/>
<Loc EndOffset="58212" SrcFileId="2" StartOffset="58190"/>
<Loc EndOffset="58376" SrcFileId="2" StartOffset="58346"/>
<Loc EndOffset="58416" SrcFileId="2" StartOffset="58385"/>
<Loc EndOffset="58519" SrcFileId="2" StartOffset="58425"/>
<Loc EndOffset="58624" SrcFileId="2" StartOffset="58529"/>
<Loc EndOffset="58640" SrcFileId="2" StartOffset="58633"/>
</LocList>
<BasicStmnt CovItemId="S356" CovItemPrefix="StdDraw.java" Intrnl_Id="819">
<LocList>
<Loc EndOffset="57981" SrcFileId="2" StartOffset="57964"/>
</LocList>
</BasicStmnt>
<BasicStmnt CovItemId="S357" CovItemPrefix="StdDraw.java" Intrnl_Id="820">
<LocList>
<Loc EndOffset="58007" SrcFileId="2" StartOffset="57990"/>
</LocList>
</BasicStmnt>
<BasicStmnt CovItemId="S358" CovItemPrefix="StdDraw.java" Intrnl_Id="821">
<LocList>
<Loc EndOffset="58054" SrcFileId="2" StartOffset="58016"/>
</LocList>
</BasicStmnt>
<BasicStmnt CovItemId="S359" CovItemPrefix="StdDraw.java" Intrnl_Id="822">
<LocList>
<Loc EndOffset="58150" SrcFileId="2" StartOffset="58117"/>
</LocList>
</BasicStmnt>
<BasicStmnt CovItemId="S360" CovItemPrefix="StdDraw.java" Intrnl_Id="823">
<LocList>
<Loc EndOffset="58181" SrcFileId="2" StartOffset="58159"/>
</LocList>
</BasicStmnt>
<BasicStmnt CovItemId="S361" CovItemPrefix="StdDraw.java" Intrnl_Id="824">
<LocList>
<Loc EndOffset="58212" SrcFileId="2" StartOffset="58190"/>
</LocList>
</BasicStmnt>
<BasicStmnt CovItemId="S362" CovItemPrefix="StdDraw.java" Intrnl_Id="825">
<LocList>
<Loc EndOffset="58376" SrcFileId="2" StartOffset="58346"/>
</LocList>
</BasicStmnt>
<BasicStmnt CovItemId="S363" CovItemPrefix="StdDraw.java" Intrnl_Id="826">
<LocList>
<Loc EndOffset="58416" SrcFileId="2" StartOffset="58385"/>
</LocList>
</BasicStmnt>
<CondStmnt CovItemId="S364" CovItemPrefix="StdDraw.java" Intrnl_Id="827">
<Branch CovItemId="B69" CovItemPrefix="StdDraw.java" Implct="false" Intrnl_Id="828">
<Cond/>
<LocList>
<Loc EndOffset="58519" SrcFileId="2" StartOffset="58447"/>
</LocList>
<StmntSeq Intrnl_Id="829">
<LocList>
<Loc EndOffset="58519" SrcFileId="2" StartOffset="58447"/>
</LocList>
<BasicStmnt CovItemId="S365" CovItemPrefix="StdDraw.java" Intrnl_Id="830">
<LocList>
<Loc EndOffset="58519" SrcFileId="2" StartOffset="58447"/>
</LocList>
</BasicStmnt>
</StmntSeq>
</Branch>
<Branch CovItemId="B70" CovItemPrefix="StdDraw.java" Implct="true" Intrnl_Id="831">
<Cond/>
<LocList/>
<StmntSeq Intrnl_Id="832">
<LocList/>
</StmntSeq>
</Branch>
<Keyword EndOffset="58427" SrcFileId="2" StartOffset="58425"/>
<LocList>
<Loc EndOffset="58519" SrcFileId="2" StartOffset="58425"/>
</LocList>
<RootTerm CovItemId="C41" CovItemPrefix="StdDraw.java" Intrnl_Id="833">
<OpTerm BooleanOpId="9" Intrnl_Id="834">
<BasicBoolTerm Intrnl_Id="835">
<LocList>
<Loc EndOffset="58435" SrcFileId="2" StartOffset="58429"/>
</LocList>
</BasicBoolTerm>
<BasicBoolTerm Intrnl_Id="836">
<LocList>
<Loc EndOffset="58445" SrcFileId="2" StartOffset="58439"/>
</LocList>
</BasicBoolTerm>
<LocList>
<Loc EndOffset="58438" SrcFileId="2" StartOffset="58436"/>
</LocList>
</OpTerm>
</RootTerm>
</CondStmnt>
<BasicStmnt CovItemId="S366" CovItemPrefix="StdDraw.java" Intrnl_Id="837">
<LocList>
<Loc EndOffset="58624" SrcFileId="2" StartOffset="58529"/>
</LocList>
</BasicStmnt>
<BasicStmnt CovItemId="S367" CovItemPrefix="StdDraw.java" Intrnl_Id="838">
<LocList>
<Loc EndOffset="58640" SrcFileId="2" StartOffset="58633"/>
</LocList>
</BasicStmnt>
</StmntSeq>
</HierarchyLvl>
<HierarchyLvl HierarchyLvlId="5450" HierarchyLvlTypeId="12" Intrnl_Id="839" Name="picture">
<Header>
<Loc EndOffset="59446" SrcFileId="2" StartOffset="59367"/>
</Header>
<LocList>
<Loc EndOffset="60298" SrcFileId="2" StartOffset="59367"/>
</LocList>
<StmntSeq Intrnl_Id="840">
<LocList>
<Loc EndOffset="59474" SrcFileId="2" StartOffset="59457"/>
<Loc EndOffset="59500" SrcFileId="2" StartOffset="59483"/>
<Loc EndOffset="59538" SrcFileId="2" StartOffset="59509"/>
<Loc EndOffset="59585" SrcFileId="2" StartOffset="59547"/>
<Loc EndOffset="59681" SrcFileId="2" StartOffset="59648"/>
<Loc EndOffset="59712" SrcFileId="2" StartOffset="59690"/>
<Loc EndOffset="59743" SrcFileId="2" StartOffset="59721"/>
<Loc EndOffset="59907" SrcFileId="2" StartOffset="59877"/>
<Loc EndOffset="59947" SrcFileId="2" StartOffset="59916"/>
<Loc EndOffset="60050" SrcFileId="2" StartOffset="59956"/>
<Loc EndOffset="60111" SrcFileId="2" StartOffset="60060"/>
<Loc EndOffset="60215" SrcFileId="2" StartOffset="60120"/>
<Loc EndOffset="60275" SrcFileId="2" StartOffset="60224"/>
<Loc EndOffset="60292" SrcFileId="2" StartOffset="60285"/>
</LocList>
<BasicStmnt CovItemId="S368" CovItemPrefix="StdDraw.java" Intrnl_Id="841">
<LocList>
<Loc EndOffset="59474" SrcFileId="2" StartOffset="59457"/>
</LocList>
</BasicStmnt>
<BasicStmnt CovItemId="S369" CovItemPrefix="StdDraw.java" Intrnl_Id="842">
<LocList>
<Loc EndOffset="59500" SrcFileId="2" StartOffset="59483"/>
</LocList>
</BasicStmnt>
<BasicStmnt CovItemId="S370" CovItemPrefix="StdDraw.java" Intrnl_Id="843">
<LocList>
<Loc EndOffset="59538" SrcFileId="2" StartOffset="59509"/>
</LocList>
</BasicStmnt>
<BasicStmnt CovItemId="S371" CovItemPrefix="StdDraw.java" Intrnl_Id="844">
<LocList>
<Loc EndOffset="59585" SrcFileId="2" StartOffset="59547"/>
</LocList>
</BasicStmnt>
<BasicStmnt CovItemId="S372" CovItemPrefix="StdDraw.java" Intrnl_Id="845">
<LocList>
<Loc EndOffset="59681" SrcFileId="2" StartOffset="59648"/>
</LocList>
</BasicStmnt>
<BasicStmnt CovItemId="S373" CovItemPrefix="StdDraw.java" Intrnl_Id="846">
<LocList>
<Loc EndOffset="59712" SrcFileId="2" StartOffset="59690"/>
</LocList>
</BasicStmnt>
<BasicStmnt CovItemId="S374" CovItemPrefix="StdDraw.java" Intrnl_Id="847">
<LocList>
<Loc EndOffset="59743" SrcFileId="2" StartOffset="59721"/>
</LocList>
</BasicStmnt>
<BasicStmnt CovItemId="S375" CovItemPrefix="StdDraw.java" Intrnl_Id="848">
<LocList>
<Loc EndOffset="59907" SrcFileId="2" StartOffset="59877"/>
</LocList>
</BasicStmnt>
<BasicStmnt CovItemId="S376" CovItemPrefix="StdDraw.java" Intrnl_Id="849">
<LocList>
<Loc EndOffset="59947" SrcFileId="2" StartOffset="59916"/>
</LocList>
</BasicStmnt>
<CondStmnt CovItemId="S377" CovItemPrefix="StdDraw.java" Intrnl_Id="850">
<Branch CovItemId="B71" CovItemPrefix="StdDraw.java" Implct="false" Intrnl_Id="851">
<Cond/>
<LocList>
<Loc EndOffset="60050" SrcFileId="2" StartOffset="59978"/>
</LocList>
<StmntSeq Intrnl_Id="852">
<LocList>
<Loc EndOffset="60050" SrcFileId="2" StartOffset="59978"/>
</LocList>
<BasicStmnt CovItemId="S378" CovItemPrefix="StdDraw.java" Intrnl_Id="853">
<LocList>
<Loc EndOffset="60050" SrcFileId="2" StartOffset="59978"/>
</LocList>
</BasicStmnt>
</StmntSeq>
</Branch>
<Branch CovItemId="B72" CovItemPrefix="StdDraw.java" Implct="true" Intrnl_Id="854">
<Cond/>
<LocList/>
<StmntSeq Intrnl_Id="855">
<LocList/>
</StmntSeq>
</Branch>
<Keyword EndOffset="59958" SrcFileId="2" StartOffset="59956"/>
<LocList>
<Loc EndOffset="60050" SrcFileId="2" StartOffset="59956"/>
</LocList>
<RootTerm CovItemId="C42" CovItemPrefix="StdDraw.java" Intrnl_Id="856">
<OpTerm BooleanOpId="9" Intrnl_Id="857">
<BasicBoolTerm Intrnl_Id="858">
<LocList>
<Loc EndOffset="59966" SrcFileId="2" StartOffset="59960"/>
</LocList>
</BasicBoolTerm>
<BasicBoolTerm Intrnl_Id="859">
<LocList>
<Loc EndOffset="59976" SrcFileId="2" StartOffset="59970"/>
</LocList>
</BasicBoolTerm>
<LocList>
<Loc EndOffset="59969" SrcFileId="2" StartOffset="59967"/>
</LocList>
</OpTerm>
</RootTerm>
</CondStmnt>
<BasicStmnt CovItemId="S379" CovItemPrefix="StdDraw.java" Intrnl_Id="860">
<LocList>
<Loc EndOffset="60111" SrcFileId="2" StartOffset="60060"/>
</LocList>
</BasicStmnt>
<BasicStmnt CovItemId="S380" CovItemPrefix="StdDraw.java" Intrnl_Id="861">
<LocList>
<Loc EndOffset="60215" SrcFileId="2" StartOffset="60120"/>
</LocList>
</BasicStmnt>
<BasicStmnt CovItemId="S381" CovItemPrefix="StdDraw.java" Intrnl_Id="862">
<LocList>
<Loc EndOffset="60275" SrcFileId="2" StartOffset="60224"/>
</LocList>
</BasicStmnt>
<BasicStmnt CovItemId="S382" CovItemPrefix="StdDraw.java" Intrnl_Id="863">
<LocList>
<Loc EndOffset="60292" SrcFileId="2" StartOffset="60285"/>
</LocList>
</BasicStmnt>
</StmntSeq>
</HierarchyLvl>
<HierarchyLvl HierarchyLvlId="5451" HierarchyLvlTypeId="12" Intrnl_Id="864" Name="picture">
<Header>
<Loc EndOffset="61332" SrcFileId="2" StartOffset="61228"/>
</Header>
<LocList>
<Loc EndOffset="62301" SrcFileId="2" StartOffset="61228"/>
</LocList>
<StmntSeq Intrnl_Id="865">
<LocList>
<Loc EndOffset="61360" SrcFileId="2" StartOffset="61343"/>
<Loc EndOffset="61386" SrcFileId="2" StartOffset="61369"/>
<Loc EndOffset="61433" SrcFileId="2" StartOffset="61395"/>
<Loc EndOffset="61482" SrcFileId="2" StartOffset="61442"/>
<Loc EndOffset="61529" SrcFileId="2" StartOffset="61491"/>
<Loc EndOffset="61587" SrcFileId="2" StartOffset="61538"/>
<Loc EndOffset="61647" SrcFileId="2" StartOffset="61596"/>
<Loc EndOffset="61690" SrcFileId="2" StartOffset="61657"/>
<Loc EndOffset="61721" SrcFileId="2" StartOffset="61699"/>
<Loc EndOffset="61752" SrcFileId="2" StartOffset="61730"/>
<Loc EndOffset="61794" SrcFileId="2" StartOffset="61761"/>
<Loc EndOffset="61837" SrcFileId="2" StartOffset="61803"/>
<Loc EndOffset="61940" SrcFileId="2" StartOffset="61846"/>
<Loc EndOffset="62279" SrcFileId="2" StartOffset="61949"/>
<Loc EndOffset="62295" SrcFileId="2" StartOffset="62288"/>
</LocList>
<BasicStmnt CovItemId="S383" CovItemPrefix="StdDraw.java" Intrnl_Id="866">
<LocList>
<Loc EndOffset="61360" SrcFileId="2" StartOffset="61343"/>
</LocList>
</BasicStmnt>
<BasicStmnt CovItemId="S384" CovItemPrefix="StdDraw.java" Intrnl_Id="867">
<LocList>
<Loc EndOffset="61386" SrcFileId="2" StartOffset="61369"/>
</LocList>
</BasicStmnt>
<BasicStmnt CovItemId="S385" CovItemPrefix="StdDraw.java" Intrnl_Id="868">
<LocList>
<Loc EndOffset="61433" SrcFileId="2" StartOffset="61395"/>
</LocList>
</BasicStmnt>
<BasicStmnt CovItemId="S386" CovItemPrefix="StdDraw.java" Intrnl_Id="869">
<LocList>
<Loc EndOffset="61482" SrcFileId="2" StartOffset="61442"/>
</LocList>
</BasicStmnt>
<BasicStmnt CovItemId="S387" CovItemPrefix="StdDraw.java" Intrnl_Id="870">
<LocList>
<Loc EndOffset="61529" SrcFileId="2" StartOffset="61491"/>
</LocList>
</BasicStmnt>
<BasicStmnt CovItemId="S388" CovItemPrefix="StdDraw.java" Intrnl_Id="871">
<LocList>
<Loc EndOffset="61587" SrcFileId="2" StartOffset="61538"/>
</LocList>
</BasicStmnt>
<BasicStmnt CovItemId="S389" CovItemPrefix="StdDraw.java" Intrnl_Id="872">
<LocList>
<Loc EndOffset="61647" SrcFileId="2" StartOffset="61596"/>
</LocList>
</BasicStmnt>
<BasicStmnt CovItemId="S390" CovItemPrefix="StdDraw.java" Intrnl_Id="873">
<LocList>
<Loc EndOffset="61690" SrcFileId="2" StartOffset="61657"/>
</LocList>
</BasicStmnt>
<BasicStmnt CovItemId="S391" CovItemPrefix="StdDraw.java" Intrnl_Id="874">
<LocList>
<Loc EndOffset="61721" SrcFileId="2" StartOffset="61699"/>
</LocList>
</BasicStmnt>
<BasicStmnt CovItemId="S392" CovItemPrefix="StdDraw.java" Intrnl_Id="875">
<LocList>
<Loc EndOffset="61752" SrcFileId="2" StartOffset="61730"/>
</LocList>
</BasicStmnt>
<BasicStmnt CovItemId="S393" CovItemPrefix="StdDraw.java" Intrnl_Id="876">
<LocList>
<Loc EndOffset="61794" SrcFileId="2" StartOffset="61761"/>
</LocList>
</BasicStmnt>
<BasicStmnt CovItemId="S394" CovItemPrefix="StdDraw.java" Intrnl_Id="877">
<LocList>
<Loc EndOffset="61837" SrcFileId="2" StartOffset="61803"/>
</LocList>
</BasicStmnt>
<CondStmnt CovItemId="S395" CovItemPrefix="StdDraw.java" Intrnl_Id="878">
<Branch CovItemId="B73" CovItemPrefix="StdDraw.java" Implct="false" Intrnl_Id="879">
<Cond/>
<LocList>
<Loc EndOffset="61940" SrcFileId="2" StartOffset="61868"/>
</LocList>
<StmntSeq Intrnl_Id="880">
<LocList>
<Loc EndOffset="61940" SrcFileId="2" StartOffset="61868"/>
</LocList>
<BasicStmnt CovItemId="S396" CovItemPrefix="StdDraw.java" Intrnl_Id="881">
<LocList>
<Loc EndOffset="61940" SrcFileId="2" StartOffset="61868"/>
</LocList>
</BasicStmnt>
</StmntSeq>
</Branch>
<Branch CovItemId="B74" CovItemPrefix="StdDraw.java" Implct="true" Intrnl_Id="882">
<Cond/>
<LocList/>
<StmntSeq Intrnl_Id="883">
<LocList/>
</StmntSeq>
</Branch>
<Keyword EndOffset="61848" SrcFileId="2" StartOffset="61846"/>
<LocList>
<Loc EndOffset="61940" SrcFileId="2" StartOffset="61846"/>
</LocList>
<RootTerm CovItemId="C43" CovItemPrefix="StdDraw.java" Intrnl_Id="884">
<OpTerm BooleanOpId="9" Intrnl_Id="885">
<BasicBoolTerm Intrnl_Id="886">
<LocList>
<Loc EndOffset="61856" SrcFileId="2" StartOffset="61850"/>
</LocList>
</BasicBoolTerm>
<BasicBoolTerm Intrnl_Id="887">
<LocList>
<Loc EndOffset="61866" SrcFileId="2" StartOffset="61860"/>
</LocList>
</BasicBoolTerm>
<LocList>
<Loc EndOffset="61859" SrcFileId="2" StartOffset="61857"/>
</LocList>
</OpTerm>
</RootTerm>
</CondStmnt>
<CondStmnt CovItemId="S397" CovItemPrefix="StdDraw.java" Intrnl_Id="888">
<Branch CovItemId="B75" CovItemPrefix="StdDraw.java" Implct="false" Intrnl_Id="889">
<Cond/>
<LocList>
<Loc EndOffset="61985" SrcFileId="2" StartOffset="61973"/>
</LocList>
<StmntSeq Intrnl_Id="890">
<LocList>
<Loc EndOffset="61985" SrcFileId="2" StartOffset="61973"/>
</LocList>
<BasicStmnt CovItemId="S398" CovItemPrefix="StdDraw.java" Intrnl_Id="891">
<LocList>
<Loc EndOffset="61985" SrcFileId="2" StartOffset="61973"/>
</LocList>
</BasicStmnt>
</StmntSeq>
</Branch>
<Branch CovItemId="B76" CovItemPrefix="StdDraw.java" Implct="false" Intrnl_Id="892">
<Cond>
<Loc EndOffset="61998" SrcFileId="2" StartOffset="61994"/>
</Cond>
<LocList>
<Loc EndOffset="62279" SrcFileId="2" StartOffset="61999"/>
</LocList>
<StmntSeq Intrnl_Id="893">
<LocList>
<Loc EndOffset="62269" SrcFileId="2" StartOffset="62013"/>
</LocList>
<BasicStmnt CovItemId="S399" CovItemPrefix="StdDraw.java" Intrnl_Id="894">
<LocList>
<Loc EndOffset="62269" SrcFileId="2" StartOffset="62013"/>
</LocList>
</BasicStmnt>
</StmntSeq>
</Branch>
<Keyword EndOffset="61951" SrcFileId="2" StartOffset="61949"/>
<LocList>
<Loc EndOffset="62279" SrcFileId="2" StartOffset="61949"/>
</LocList>
<RootTerm CovItemId="C44" CovItemPrefix="StdDraw.java" Intrnl_Id="895">
<OpTerm BooleanOpId="8" Intrnl_Id="896">
<BasicBoolTerm Intrnl_Id="897">
<LocList>
<Loc EndOffset="61960" SrcFileId="2" StartOffset="61953"/>
</LocList>
</BasicBoolTerm>
<BasicBoolTerm Intrnl_Id="898">
<LocList>
<Loc EndOffset="61971" SrcFileId="2" StartOffset="61964"/>
</LocList>
</BasicBoolTerm>
<LocList>
<Loc EndOffset="61963" SrcFileId="2" StartOffset="61961"/>
</LocList>
</OpTerm>
</RootTerm>
</CondStmnt>
<BasicStmnt CovItemId="S400" CovItemPrefix="StdDraw.java" Intrnl_Id="899">
<LocList>
<Loc EndOffset="62295" SrcFileId="2" StartOffset="62288"/>
</LocList>
</BasicStmnt>
</StmntSeq>
</HierarchyLvl>
<HierarchyLvl HierarchyLvlId="5452" HierarchyLvlTypeId="12" Intrnl_Id="900" Name="picture">
<Header>
<Loc EndOffset="63296" SrcFileId="2" StartOffset="63176"/>
</Header>
<LocList>
<Loc EndOffset="64384" SrcFileId="2" StartOffset="63176"/>
</LocList>
<StmntSeq Intrnl_Id="901">
<LocList>
<Loc EndOffset="63324" SrcFileId="2" StartOffset="63307"/>
<Loc EndOffset="63350" SrcFileId="2" StartOffset="63333"/>
<Loc EndOffset="63397" SrcFileId="2" StartOffset="63359"/>
<Loc EndOffset="63446" SrcFileId="2" StartOffset="63406"/>
<Loc EndOffset="63484" SrcFileId="2" StartOffset="63455"/>
<Loc EndOffset="63531" SrcFileId="2" StartOffset="63493"/>
<Loc EndOffset="63589" SrcFileId="2" StartOffset="63540"/>
<Loc EndOffset="63649" SrcFileId="2" StartOffset="63598"/>
<Loc EndOffset="63692" SrcFileId="2" StartOffset="63659"/>
<Loc EndOffset="63723" SrcFileId="2" StartOffset="63701"/>
<Loc EndOffset="63754" SrcFileId="2" StartOffset="63732"/>
<Loc EndOffset="63796" SrcFileId="2" StartOffset="63763"/>
<Loc EndOffset="63839" SrcFileId="2" StartOffset="63805"/>
<Loc EndOffset="63942" SrcFileId="2" StartOffset="63848"/>
<Loc EndOffset="63987" SrcFileId="2" StartOffset="63951"/>
<Loc EndOffset="64048" SrcFileId="2" StartOffset="63997"/>
<Loc EndOffset="64301" SrcFileId="2" StartOffset="64057"/>
<Loc EndOffset="64361" SrcFileId="2" StartOffset="64310"/>
<Loc EndOffset="64378" SrcFileId="2" StartOffset="64371"/>
</LocList>
<BasicStmnt CovItemId="S401" CovItemPrefix="StdDraw.java" Intrnl_Id="902">
<LocList>
<Loc EndOffset="63324" SrcFileId="2" StartOffset="63307"/>
</LocList>
</BasicStmnt>
<BasicStmnt CovItemId="S402" CovItemPrefix="StdDraw.java" Intrnl_Id="903">
<LocList>
<Loc EndOffset="63350" SrcFileId="2" StartOffset="63333"/>
</LocList>
</BasicStmnt>
<BasicStmnt CovItemId="S403" CovItemPrefix="StdDraw.java" Intrnl_Id="904">
<LocList>
<Loc EndOffset="63397" SrcFileId="2" StartOffset="63359"/>
</LocList>
</BasicStmnt>
<BasicStmnt CovItemId="S404" CovItemPrefix="StdDraw.java" Intrnl_Id="905">
<LocList>
<Loc EndOffset="63446" SrcFileId="2" StartOffset="63406"/>
</LocList>
</BasicStmnt>
<BasicStmnt CovItemId="S405" CovItemPrefix="StdDraw.java" Intrnl_Id="906">
<LocList>
<Loc EndOffset="63484" SrcFileId="2" StartOffset="63455"/>
</LocList>
</BasicStmnt>
<BasicStmnt CovItemId="S406" CovItemPrefix="StdDraw.java" Intrnl_Id="907">
<LocList>
<Loc EndOffset="63531" SrcFileId="2" StartOffset="63493"/>
</LocList>
</BasicStmnt>
<BasicStmnt CovItemId="S407" CovItemPrefix="StdDraw.java" Intrnl_Id="908">
<LocList>
<Loc EndOffset="63589" SrcFileId="2" StartOffset="63540"/>
</LocList>
</BasicStmnt>
<BasicStmnt CovItemId="S408" CovItemPrefix="StdDraw.java" Intrnl_Id="909">
<LocList>
<Loc EndOffset="63649" SrcFileId="2" StartOffset="63598"/>
</LocList>
</BasicStmnt>
<BasicStmnt CovItemId="S409" CovItemPrefix="StdDraw.java" Intrnl_Id="910">
<LocList>
<Loc EndOffset="63692" SrcFileId="2" StartOffset="63659"/>
</LocList>
</BasicStmnt>
<BasicStmnt CovItemId="S410" CovItemPrefix="StdDraw.java" Intrnl_Id="911">
<LocList>
<Loc EndOffset="63723" SrcFileId="2" StartOffset="63701"/>
</LocList>
</BasicStmnt>
<BasicStmnt CovItemId="S411" CovItemPrefix="StdDraw.java" Intrnl_Id="912">
<LocList>
<Loc EndOffset="63754" SrcFileId="2" StartOffset="63732"/>
</LocList>
</BasicStmnt>
<BasicStmnt CovItemId="S412" CovItemPrefix="StdDraw.java" Intrnl_Id="913">
<LocList>
<Loc EndOffset="63796" SrcFileId="2" StartOffset="63763"/>
</LocList>
</BasicStmnt>
<BasicStmnt CovItemId="S413" CovItemPrefix="StdDraw.java" Intrnl_Id="914">
<LocList>
<Loc EndOffset="63839" SrcFileId="2" StartOffset="63805"/>
</LocList>
</BasicStmnt>
<CondStmnt CovItemId="S414" CovItemPrefix="StdDraw.java" Intrnl_Id="915">
<Branch CovItemId="B77" CovItemPrefix="StdDraw.java" Implct="false" Intrnl_Id="916">
<Cond/>
<LocList>
<Loc EndOffset="63942" SrcFileId="2" StartOffset="63870"/>
</LocList>
<StmntSeq Intrnl_Id="917">
<LocList>
<Loc EndOffset="63942" SrcFileId="2" StartOffset="63870"/>
</LocList>
<BasicStmnt CovItemId="S415" CovItemPrefix="StdDraw.java" Intrnl_Id="918">
<LocList>
<Loc EndOffset="63942" SrcFileId="2" StartOffset="63870"/>
</LocList>
</BasicStmnt>
</StmntSeq>
</Branch>
<Branch CovItemId="B78" CovItemPrefix="StdDraw.java" Implct="true" Intrnl_Id="919">
<Cond/>
<LocList/>
<StmntSeq Intrnl_Id="920">
<LocList/>
</StmntSeq>
</Branch>
<Keyword EndOffset="63850" SrcFileId="2" StartOffset="63848"/>
<LocList>
<Loc EndOffset="63942" SrcFileId="2" StartOffset="63848"/>
</LocList>
<RootTerm CovItemId="C45" CovItemPrefix="StdDraw.java" Intrnl_Id="921">
<OpTerm BooleanOpId="9" Intrnl_Id="922">
<BasicBoolTerm Intrnl_Id="923">
<LocList>
<Loc EndOffset="63858" SrcFileId="2" StartOffset="63852"/>
</LocList>
</BasicBoolTerm>
<BasicBoolTerm Intrnl_Id="924">
<LocList>
<Loc EndOffset="63868" SrcFileId="2" StartOffset="63862"/>
</LocList>
</BasicBoolTerm>
<LocList>
<Loc EndOffset="63861" SrcFileId="2" StartOffset="63859"/>
</LocList>
</OpTerm>
</RootTerm>
</CondStmnt>
<CondStmnt CovItemId="S416" CovItemPrefix="StdDraw.java" Intrnl_Id="925">
<Branch CovItemId="B79" CovItemPrefix="StdDraw.java" Implct="false" Intrnl_Id="926">
<Cond/>
<LocList>
<Loc EndOffset="63987" SrcFileId="2" StartOffset="63975"/>
</LocList>
<StmntSeq Intrnl_Id="927">
<LocList>
<Loc EndOffset="63987" SrcFileId="2" StartOffset="63975"/>
</LocList>
<BasicStmnt CovItemId="S417" CovItemPrefix="StdDraw.java" Intrnl_Id="928">
<LocList>
<Loc EndOffset="63987" SrcFileId="2" StartOffset="63975"/>
</LocList>
</BasicStmnt>
</StmntSeq>
</Branch>
<Branch CovItemId="B80" CovItemPrefix="StdDraw.java" Implct="true" Intrnl_Id="929">
<Cond/>
<LocList/>
<StmntSeq Intrnl_Id="930">
<LocList/>
</StmntSeq>
</Branch>
<Keyword EndOffset="63953" SrcFileId="2" StartOffset="63951"/>
<LocList>
<Loc EndOffset="63987" SrcFileId="2" StartOffset="63951"/>
</LocList>
<RootTerm CovItemId="C46" CovItemPrefix="StdDraw.java" Intrnl_Id="931">
<OpTerm BooleanOpId="8" Intrnl_Id="932">
<BasicBoolTerm Intrnl_Id="933">
<LocList>
<Loc EndOffset="63962" SrcFileId="2" StartOffset="63955"/>
</LocList>
</BasicBoolTerm>
<BasicBoolTerm Intrnl_Id="934">
<LocList>
<Loc EndOffset="63973" SrcFileId="2" StartOffset="63966"/>
</LocList>
</BasicBoolTerm>
<LocList>
<Loc EndOffset="63965" SrcFileId="2" StartOffset="63963"/>
</LocList>
</OpTerm>
</RootTerm>
</CondStmnt>
<BasicStmnt CovItemId="S418" CovItemPrefix="StdDraw.java" Intrnl_Id="935">
<LocList>
<Loc EndOffset="64048" SrcFileId="2" StartOffset="63997"/>
</LocList>
</BasicStmnt>
<BasicStmnt CovItemId="S419" CovItemPrefix="StdDraw.java" Intrnl_Id="936">
<LocList>
<Loc EndOffset="64301" SrcFileId="2" StartOffset="64057"/>
</LocList>
</BasicStmnt>
<BasicStmnt CovItemId="S420" CovItemPrefix="StdDraw.java" Intrnl_Id="937">
<LocList>
<Loc EndOffset="64361" SrcFileId="2" StartOffset="64310"/>
</LocList>
</BasicStmnt>
<BasicStmnt CovItemId="S421" CovItemPrefix="StdDraw.java" Intrnl_Id="938">
<LocList>
<Loc EndOffset="64378" SrcFileId="2" StartOffset="64371"/>
</LocList>
</BasicStmnt>
</StmntSeq>
</HierarchyLvl>
<HierarchyLvl HierarchyLvlId="5453" HierarchyLvlTypeId="12" Intrnl_Id="939" Name="text">
<Header>
<Loc EndOffset="65073" SrcFileId="2" StartOffset="65017"/>
</Header>
<LocList>
<Loc EndOffset="65503" SrcFileId="2" StartOffset="65017"/>
</LocList>
<StmntSeq Intrnl_Id="940">
<LocList>
<Loc EndOffset="65101" SrcFileId="2" StartOffset="65084"/>
<Loc EndOffset="65127" SrcFileId="2" StartOffset="65110"/>
<Loc EndOffset="65166" SrcFileId="2" StartOffset="65136"/>
<Loc EndOffset="65200" SrcFileId="2" StartOffset="65176"/>
<Loc EndOffset="65258" SrcFileId="2" StartOffset="65209"/>
<Loc EndOffset="65289" SrcFileId="2" StartOffset="65267"/>
<Loc EndOffset="65320" SrcFileId="2" StartOffset="65298"/>
<Loc EndOffset="65364" SrcFileId="2" StartOffset="65329"/>
<Loc EndOffset="65403" SrcFileId="2" StartOffset="65373"/>
<Loc EndOffset="65481" SrcFileId="2" StartOffset="65412"/>
<Loc EndOffset="65497" SrcFileId="2" StartOffset="65490"/>
</LocList>
<BasicStmnt CovItemId="S422" CovItemPrefix="StdDraw.java" Intrnl_Id="941">
<LocList>
<Loc EndOffset="65101" SrcFileId="2" StartOffset="65084"/>
</LocList>
</BasicStmnt>
<BasicStmnt CovItemId="S423" CovItemPrefix="StdDraw.java" Intrnl_Id="942">
<LocList>
<Loc EndOffset="65127" SrcFileId="2" StartOffset="65110"/>
</LocList>
</BasicStmnt>
<BasicStmnt CovItemId="S424" CovItemPrefix="StdDraw.java" Intrnl_Id="943">
<LocList>
<Loc EndOffset="65166" SrcFileId="2" StartOffset="65136"/>
</LocList>
</BasicStmnt>
<BasicStmnt CovItemId="S425" CovItemPrefix="StdDraw.java" Intrnl_Id="944">
<LocList>
<Loc EndOffset="65200" SrcFileId="2" StartOffset="65176"/>
</LocList>
</BasicStmnt>
<BasicStmnt CovItemId="S426" CovItemPrefix="StdDraw.java" Intrnl_Id="945">
<LocList>
<Loc EndOffset="65258" SrcFileId="2" StartOffset="65209"/>
</LocList>
</BasicStmnt>
<BasicStmnt CovItemId="S427" CovItemPrefix="StdDraw.java" Intrnl_Id="946">
<LocList>
<Loc EndOffset="65289" SrcFileId="2" StartOffset="65267"/>
</LocList>
</BasicStmnt>
<BasicStmnt CovItemId="S428" CovItemPrefix="StdDraw.java" Intrnl_Id="947">
<LocList>
<Loc EndOffset="65320" SrcFileId="2" StartOffset="65298"/>
</LocList>
</BasicStmnt>
<BasicStmnt CovItemId="S429" CovItemPrefix="StdDraw.java" Intrnl_Id="948">
<LocList>
<Loc EndOffset="65364" SrcFileId="2" StartOffset="65329"/>
</LocList>
</BasicStmnt>
<BasicStmnt CovItemId="S430" CovItemPrefix="StdDraw.java" Intrnl_Id="949">
<LocList>
<Loc EndOffset="65403" SrcFileId="2" StartOffset="65373"/>
</LocList>
</BasicStmnt>
<BasicStmnt CovItemId="S431" CovItemPrefix="StdDraw.java" Intrnl_Id="950">
<LocList>
<Loc EndOffset="65481" SrcFileId="2" StartOffset="65412"/>
</LocList>
</BasicStmnt>
<BasicStmnt CovItemId="S432" CovItemPrefix="StdDraw.java" Intrnl_Id="951">
<LocList>
<Loc EndOffset="65497" SrcFileId="2" StartOffset="65490"/>
</LocList>
</BasicStmnt>
</StmntSeq>
</HierarchyLvl>
<HierarchyLvl HierarchyLvlId="5454" HierarchyLvlTypeId="12" Intrnl_Id="952" Name="text">
<Header>
<Loc EndOffset="66165" SrcFileId="2" StartOffset="66093"/>
</Header>
<LocList>
<Loc EndOffset="66511" SrcFileId="2" StartOffset="66093"/>
</LocList>
<StmntSeq Intrnl_Id="953">
<LocList>
<Loc EndOffset="66193" SrcFileId="2" StartOffset="66176"/>
<Loc EndOffset="66219" SrcFileId="2" StartOffset="66202"/>
<Loc EndOffset="66257" SrcFileId="2" StartOffset="66228"/>
<Loc EndOffset="66296" SrcFileId="2" StartOffset="66266"/>
<Loc EndOffset="66328" SrcFileId="2" StartOffset="66306"/>
<Loc EndOffset="66359" SrcFileId="2" StartOffset="66337"/>
<Loc EndOffset="66419" SrcFileId="2" StartOffset="66368"/>
<Loc EndOffset="66445" SrcFileId="2" StartOffset="66428"/>
<Loc EndOffset="66505" SrcFileId="2" StartOffset="66454"/>
</LocList>
<BasicStmnt CovItemId="S433" CovItemPrefix="StdDraw.java" Intrnl_Id="954">
<LocList>
<Loc EndOffset="66193" SrcFileId="2" StartOffset="66176"/>
</LocList>
</BasicStmnt>
<BasicStmnt CovItemId="S434" CovItemPrefix="StdDraw.java" Intrnl_Id="955">
<LocList>
<Loc EndOffset="66219" SrcFileId="2" StartOffset="66202"/>
</LocList>
</BasicStmnt>
<BasicStmnt CovItemId="S435" CovItemPrefix="StdDraw.java" Intrnl_Id="956">
<LocList>
<Loc EndOffset="66257" SrcFileId="2" StartOffset="66228"/>
</LocList>
</BasicStmnt>
<BasicStmnt CovItemId="S436" CovItemPrefix="StdDraw.java" Intrnl_Id="957">
<LocList>
<Loc EndOffset="66296" SrcFileId="2" StartOffset="66266"/>
</LocList>
</BasicStmnt>
<BasicStmnt CovItemId="S437" CovItemPrefix="StdDraw.java" Intrnl_Id="958">
<LocList>
<Loc EndOffset="66328" SrcFileId="2" StartOffset="66306"/>
</LocList>
</BasicStmnt>
<BasicStmnt CovItemId="S438" CovItemPrefix="StdDraw.java" Intrnl_Id="959">
<LocList>
<Loc EndOffset="66359" SrcFileId="2" StartOffset="66337"/>
</LocList>
</BasicStmnt>
<BasicStmnt CovItemId="S439" CovItemPrefix="StdDraw.java" Intrnl_Id="960">
<LocList>
<Loc EndOffset="66419" SrcFileId="2" StartOffset="66368"/>
</LocList>
</BasicStmnt>
<BasicStmnt CovItemId="S440" CovItemPrefix="StdDraw.java" Intrnl_Id="961">
<LocList>
<Loc EndOffset="66445" SrcFileId="2" StartOffset="66428"/>
</LocList>
</BasicStmnt>
<BasicStmnt CovItemId="S441" CovItemPrefix="StdDraw.java" Intrnl_Id="962">
<LocList>
<Loc EndOffset="66505" SrcFileId="2" StartOffset="66454"/>
</LocList>
</BasicStmnt>
</StmntSeq>
</HierarchyLvl>
<HierarchyLvl HierarchyLvlId="5455" HierarchyLvlTypeId="12" Intrnl_Id="963" Name="textLeft">
<Header>
<Loc EndOffset="66996" SrcFileId="2" StartOffset="66936"/>
</Header>
<LocList>
<Loc EndOffset="67371" SrcFileId="2" StartOffset="66936"/>
</LocList>
<StmntSeq Intrnl_Id="964">
<LocList>
<Loc EndOffset="67024" SrcFileId="2" StartOffset="67007"/>
<Loc EndOffset="67050" SrcFileId="2" StartOffset="67033"/>
<Loc EndOffset="67089" SrcFileId="2" StartOffset="67059"/>
<Loc EndOffset="67123" SrcFileId="2" StartOffset="67099"/>
<Loc EndOffset="67181" SrcFileId="2" StartOffset="67132"/>
<Loc EndOffset="67212" SrcFileId="2" StartOffset="67190"/>
<Loc EndOffset="67243" SrcFileId="2" StartOffset="67221"/>
<Loc EndOffset="67282" SrcFileId="2" StartOffset="67252"/>
<Loc EndOffset="67349" SrcFileId="2" StartOffset="67291"/>
<Loc EndOffset="67365" SrcFileId="2" StartOffset="67358"/>
</LocList>
<BasicStmnt CovItemId="S442" CovItemPrefix="StdDraw.java" Intrnl_Id="965">
<LocList>
<Loc EndOffset="67024" SrcFileId="2" StartOffset="67007"/>
</LocList>
</BasicStmnt>
<BasicStmnt CovItemId="S443" CovItemPrefix="StdDraw.java" Intrnl_Id="966">
<LocList>
<Loc EndOffset="67050" SrcFileId="2" StartOffset="67033"/>
</LocList>
</BasicStmnt>
<BasicStmnt CovItemId="S444" CovItemPrefix="StdDraw.java" Intrnl_Id="967">
<LocList>
<Loc EndOffset="67089" SrcFileId="2" StartOffset="67059"/>
</LocList>
</BasicStmnt>
<BasicStmnt CovItemId="S445" CovItemPrefix="StdDraw.java" Intrnl_Id="968">
<LocList>
<Loc EndOffset="67123" SrcFileId="2" StartOffset="67099"/>
</LocList>
</BasicStmnt>
<BasicStmnt CovItemId="S446" CovItemPrefix="StdDraw.java" Intrnl_Id="969">
<LocList>
<Loc EndOffset="67181" SrcFileId="2" StartOffset="67132"/>
</LocList>
</BasicStmnt>
<BasicStmnt CovItemId="S447" CovItemPrefix="StdDraw.java" Intrnl_Id="970">
<LocList>
<Loc EndOffset="67212" SrcFileId="2" StartOffset="67190"/>
</LocList>
</BasicStmnt>
<BasicStmnt CovItemId="S448" CovItemPrefix="StdDraw.java" Intrnl_Id="971">
<LocList>
<Loc EndOffset="67243" SrcFileId="2" StartOffset="67221"/>
</LocList>
</BasicStmnt>
<BasicStmnt CovItemId="S449" CovItemPrefix="StdDraw.java" Intrnl_Id="972">
<LocList>
<Loc EndOffset="67282" SrcFileId="2" StartOffset="67252"/>
</LocList>
</BasicStmnt>
<BasicStmnt CovItemId="S450" CovItemPrefix="StdDraw.java" Intrnl_Id="973">
<LocList>
<Loc EndOffset="67349" SrcFileId="2" StartOffset="67291"/>
</LocList>
</BasicStmnt>
<BasicStmnt CovItemId="S451" CovItemPrefix="StdDraw.java" Intrnl_Id="974">
<LocList>
<Loc EndOffset="67365" SrcFileId="2" StartOffset="67358"/>
</LocList>
</BasicStmnt>
</StmntSeq>
</HierarchyLvl>
<HierarchyLvl HierarchyLvlId="5456" HierarchyLvlTypeId="12" Intrnl_Id="975" Name="textRight">
<Header>
<Loc EndOffset="67873" SrcFileId="2" StartOffset="67812"/>
</Header>
<LocList>
<Loc EndOffset="68299" SrcFileId="2" StartOffset="67812"/>
</LocList>
<StmntSeq Intrnl_Id="976">
<LocList>
<Loc EndOffset="67901" SrcFileId="2" StartOffset="67884"/>
<Loc EndOffset="67927" SrcFileId="2" StartOffset="67910"/>
<Loc EndOffset="67966" SrcFileId="2" StartOffset="67936"/>
<Loc EndOffset="68000" SrcFileId="2" StartOffset="67976"/>
<Loc EndOffset="68058" SrcFileId="2" StartOffset="68009"/>
<Loc EndOffset="68089" SrcFileId="2" StartOffset="68067"/>
<Loc EndOffset="68120" SrcFileId="2" StartOffset="68098"/>
<Loc EndOffset="68164" SrcFileId="2" StartOffset="68129"/>
<Loc EndOffset="68203" SrcFileId="2" StartOffset="68173"/>
<Loc EndOffset="68277" SrcFileId="2" StartOffset="68212"/>
<Loc EndOffset="68293" SrcFileId="2" StartOffset="68286"/>
</LocList>
<BasicStmnt CovItemId="S452" CovItemPrefix="StdDraw.java" Intrnl_Id="977">
<LocList>
<Loc EndOffset="67901" SrcFileId="2" StartOffset="67884"/>
</LocList>
</BasicStmnt>
<BasicStmnt CovItemId="S453" CovItemPrefix="StdDraw.java" Intrnl_Id="978">
<LocList>
<Loc EndOffset="67927" SrcFileId="2" StartOffset="67910"/>
</LocList>
</BasicStmnt>
<BasicStmnt CovItemId="S454" CovItemPrefix="StdDraw.java" Intrnl_Id="979">
<LocList>
<Loc EndOffset="67966" SrcFileId="2" StartOffset="67936"/>
</LocList>
</BasicStmnt>
<BasicStmnt CovItemId="S455" CovItemPrefix="StdDraw.java" Intrnl_Id="980">
<LocList>
<Loc EndOffset="68000" SrcFileId="2" StartOffset="67976"/>
</LocList>
</BasicStmnt>
<BasicStmnt CovItemId="S456" CovItemPrefix="StdDraw.java" Intrnl_Id="981">
<LocList>
<Loc EndOffset="68058" SrcFileId="2" StartOffset="68009"/>
</LocList>
</BasicStmnt>
<BasicStmnt CovItemId="S457" CovItemPrefix="StdDraw.java" Intrnl_Id="982">
<LocList>
<Loc EndOffset="68089" SrcFileId="2" StartOffset="68067"/>
</LocList>
</BasicStmnt>
<BasicStmnt CovItemId="S458" CovItemPrefix="StdDraw.java" Intrnl_Id="983">
<LocList>
<Loc EndOffset="68120" SrcFileId="2" StartOffset="68098"/>
</LocList>
</BasicStmnt>
<BasicStmnt CovItemId="S459" CovItemPrefix="StdDraw.java" Intrnl_Id="984">
<LocList>
<Loc EndOffset="68164" SrcFileId="2" StartOffset="68129"/>
</LocList>
</BasicStmnt>
<BasicStmnt CovItemId="S460" CovItemPrefix="StdDraw.java" Intrnl_Id="985">
<LocList>
<Loc EndOffset="68203" SrcFileId="2" StartOffset="68173"/>
</LocList>
</BasicStmnt>
<BasicStmnt CovItemId="S461" CovItemPrefix="StdDraw.java" Intrnl_Id="986">
<LocList>
<Loc EndOffset="68277" SrcFileId="2" StartOffset="68212"/>
</LocList>
</BasicStmnt>
<BasicStmnt CovItemId="S462" CovItemPrefix="StdDraw.java" Intrnl_Id="987">
<LocList>
<Loc EndOffset="68293" SrcFileId="2" StartOffset="68286"/>
</LocList>
</BasicStmnt>
</StmntSeq>
</HierarchyLvl>
<HierarchyLvl HierarchyLvlId="5457" HierarchyLvlTypeId="12" Intrnl_Id="988" Name="show">
<Header>
<Loc EndOffset="68637" SrcFileId="2" StartOffset="68591"/>
</Header>
<LocList>
<Loc EndOffset="68749" SrcFileId="2" StartOffset="68591"/>
</LocList>
<StmntSeq Intrnl_Id="989">
<LocList>
<Loc EndOffset="68676" SrcFileId="2" StartOffset="68648"/>
<Loc EndOffset="68692" SrcFileId="2" StartOffset="68685"/>
<Loc EndOffset="68710" SrcFileId="2" StartOffset="68701"/>
<Loc EndOffset="68743" SrcFileId="2" StartOffset="68719"/>
</LocList>
<BasicStmnt CovItemId="S463" CovItemPrefix="StdDraw.java" Intrnl_Id="990">
<LocList>
<Loc EndOffset="68676" SrcFileId="2" StartOffset="68648"/>
</LocList>
</BasicStmnt>
<BasicStmnt CovItemId="S464" CovItemPrefix="StdDraw.java" Intrnl_Id="991">
<LocList>
<Loc EndOffset="68692" SrcFileId="2" StartOffset="68685"/>
</LocList>
</BasicStmnt>
<BasicStmnt CovItemId="S465" CovItemPrefix="StdDraw.java" Intrnl_Id="992">
<LocList>
<Loc EndOffset="68710" SrcFileId="2" StartOffset="68701"/>
</LocList>
</BasicStmnt>
<BasicStmnt CovItemId="S466" CovItemPrefix="StdDraw.java" Intrnl_Id="993">
<LocList>
<Loc EndOffset="68743" SrcFileId="2" StartOffset="68719"/>
</LocList>
</BasicStmnt>
</StmntSeq>
</HierarchyLvl>
<HierarchyLvl HierarchyLvlId="5458" HierarchyLvlTypeId="12" Intrnl_Id="994" Name="pause">
<Header>
<Loc EndOffset="68931" SrcFileId="2" StartOffset="68900"/>
</Header>
<LocList>
<Loc EndOffset="69130" SrcFileId="2" StartOffset="68900"/>
</LocList>
<StmntSeq Intrnl_Id="995">
<LocList>
<Loc EndOffset="68970" SrcFileId="2" StartOffset="68942"/>
<Loc EndOffset="69013" SrcFileId="2" StartOffset="68997"/>
<Loc EndOffset="69124" SrcFileId="2" StartOffset="68979"/>
</LocList>
<BasicStmnt CovItemId="S467" CovItemPrefix="StdDraw.java" Intrnl_Id="996">
<LocList>
<Loc EndOffset="68970" SrcFileId="2" StartOffset="68942"/>
</LocList>
</BasicStmnt>
<BasicStmnt CovItemId="S469" CovItemPrefix="StdDraw.java" Intrnl_Id="997">
<LocList>
<Loc EndOffset="69013" SrcFileId="2" StartOffset="68997"/>
</LocList>
</BasicStmnt>
<CondStmnt CovItemId="S468" CovItemPrefix="StdDraw.java" Intrnl_Id="998">
<Branch CovItemId="B81" CovItemPrefix="StdDraw.java" Implct="true" Intrnl_Id="999">
<Cond/>
<LocList/>
<StmntSeq Intrnl_Id="1000">
<LocList/>
</StmntSeq>
</Branch>
<Branch CovItemId="B82" CovItemPrefix="StdDraw.java" Implct="false" Intrnl_Id="1001">
<Cond>
<Loc EndOffset="69062" SrcFileId="2" StartOffset="69032"/>
</Cond>
<LocList>
<Loc EndOffset="69124" SrcFileId="2" StartOffset="69063"/>
</LocList>
<StmntSeq Intrnl_Id="1002">
<LocList>
<Loc EndOffset="69114" SrcFileId="2" StartOffset="69077"/>
</LocList>
<BasicStmnt CovItemId="S470" CovItemPrefix="StdDraw.java" Intrnl_Id="1003">
<LocList>
<Loc EndOffset="69114" SrcFileId="2" StartOffset="69077"/>
</LocList>
</BasicStmnt>
</StmntSeq>
</Branch>
<Keyword EndOffset="68982" SrcFileId="2" StartOffset="68979"/>
<LocList>
<Loc EndOffset="69124" SrcFileId="2" StartOffset="68979"/>
</LocList>
</CondStmnt>
</StmntSeq>
</HierarchyLvl>
<HierarchyLvl HierarchyLvlId="5459" HierarchyLvlTypeId="12" Intrnl_Id="1004" Name="show">
<Header>
<Loc EndOffset="69310" SrcFileId="2" StartOffset="69285"/>
</Header>
<LocList>
<Loc EndOffset="69399" SrcFileId="2" StartOffset="69285"/>
</LocList>
<StmntSeq Intrnl_Id="1005">
<LocList>
<Loc EndOffset="69368" SrcFileId="2" StartOffset="69321"/>
<Loc EndOffset="69393" SrcFileId="2" StartOffset="69377"/>
</LocList>
<BasicStmnt CovItemId="S471" CovItemPrefix="StdDraw.java" Intrnl_Id="1006">
<LocList>
<Loc EndOffset="69368" SrcFileId="2" StartOffset="69321"/>
</LocList>
</BasicStmnt>
<BasicStmnt CovItemId="S472" CovItemPrefix="StdDraw.java" Intrnl_Id="1007">
<LocList>
<Loc EndOffset="69393" SrcFileId="2" StartOffset="69377"/>
</LocList>
</BasicStmnt>
</StmntSeq>
</HierarchyLvl>
<HierarchyLvl HierarchyLvlId="5460" HierarchyLvlTypeId="12" Intrnl_Id="1008" Name="draw">
<Header>
<Loc EndOffset="69469" SrcFileId="2" StartOffset="69444"/>
</Header>
<LocList>
<Loc EndOffset="69505" SrcFileId="2" StartOffset="69444"/>
</LocList>
<StmntSeq Intrnl_Id="1009">
<LocList>
<Loc EndOffset="69499" SrcFileId="2" StartOffset="69480"/>
</LocList>
<CondStmnt CovItemId="S473" CovItemPrefix="StdDraw.java" Intrnl_Id="1010">
<Branch CovItemId="B83" CovItemPrefix="StdDraw.java" Implct="false" Intrnl_Id="1011">
<Cond/>
<LocList>
<Loc EndOffset="69499" SrcFileId="2" StartOffset="69492"/>
</LocList>
<StmntSeq Intrnl_Id="1012">
<LocList>
<Loc EndOffset="69499" SrcFileId="2" StartOffset="69492"/>
</LocList>
<BasicStmnt CovItemId="S474" CovItemPrefix="StdDraw.java" Intrnl_Id="1013">
<LocList>
<Loc EndOffset="69499" SrcFileId="2" StartOffset="69492"/>
</LocList>
</BasicStmnt>
</StmntSeq>
</Branch>
<Branch CovItemId="B84" CovItemPrefix="StdDraw.java" Implct="true" Intrnl_Id="1014">
<Cond/>
<LocList/>
<StmntSeq Intrnl_Id="1015">
<LocList/>
</StmntSeq>
</Branch>
<Keyword EndOffset="69482" SrcFileId="2" StartOffset="69480"/>
<LocList>
<Loc EndOffset="69499" SrcFileId="2" StartOffset="69480"/>
</LocList>
<RootTerm CovItemId="C47" CovItemPrefix="StdDraw.java" Intrnl_Id="1016">
<OpTerm BooleanOpId="10" Intrnl_Id="1017">
<BasicBoolTerm Intrnl_Id="1018">
<LocList>
<Loc EndOffset="69490" SrcFileId="2" StartOffset="69485"/>
</LocList>
</BasicBoolTerm>
<LocList>
<Loc EndOffset="69485" SrcFileId="2" StartOffset="69484"/>
</LocList>
</OpTerm>
</RootTerm>
</CondStmnt>
</StmntSeq>
</HierarchyLvl>
<HierarchyLvl HierarchyLvlId="5461" HierarchyLvlTypeId="12" Intrnl_Id="1019" Name="enableDoubleBuffering">
<Header>
<Loc EndOffset="69798" SrcFileId="2" StartOffset="69756"/>
</Header>
<LocList>
<Loc EndOffset="69828" SrcFileId="2" StartOffset="69756"/>
</LocList>
<StmntSeq Intrnl_Id="1020">
<LocList>
<Loc EndOffset="69822" SrcFileId="2" StartOffset="69809"/>
</LocList>
<BasicStmnt CovItemId="S475" CovItemPrefix="StdDraw.java" Intrnl_Id="1021">
<LocList>
<Loc EndOffset="69822" SrcFileId="2" StartOffset="69809"/>
</LocList>
</BasicStmnt>
</StmntSeq>
</HierarchyLvl>
<HierarchyLvl HierarchyLvlId="5462" HierarchyLvlTypeId="12" Intrnl_Id="1022" Name="disableDoubleBuffering">
<Header>
<Loc EndOffset="70114" SrcFileId="2" StartOffset="70071"/>
</Header>
<LocList>
<Loc EndOffset="70145" SrcFileId="2" StartOffset="70071"/>
</LocList>
<StmntSeq Intrnl_Id="1023">
<LocList>
<Loc EndOffset="70139" SrcFileId="2" StartOffset="70125"/>
</LocList>
<BasicStmnt CovItemId="S476" CovItemPrefix="StdDraw.java" Intrnl_Id="1024">
<LocList>
<Loc EndOffset="70139" SrcFileId="2" StartOffset="70125"/>
</LocList>
</BasicStmnt>
</StmntSeq>
</HierarchyLvl>
<HierarchyLvl HierarchyLvlId="5463" HierarchyLvlTypeId="12" Intrnl_Id="1025" Name="save">
<Header>
<Loc EndOffset="70739" SrcFileId="2" StartOffset="70699"/>
</Header>
<LocList>
<Loc EndOffset="72333" SrcFileId="2" StartOffset="70699"/>
</LocList>
<StmntSeq Intrnl_Id="1026">
<LocList>
<Loc EndOffset="70788" SrcFileId="2" StartOffset="70750"/>
<Loc EndOffset="70828" SrcFileId="2" StartOffset="70797"/>
<Loc EndOffset="70903" SrcFileId="2" StartOffset="70837"/>
<Loc EndOffset="72327" SrcFileId="2" StartOffset="70934"/>
</LocList>
<BasicStmnt CovItemId="S477" CovItemPrefix="StdDraw.java" Intrnl_Id="1027">
<LocList>
<Loc EndOffset="70788" SrcFileId="2" StartOffset="70750"/>
</LocList>
</BasicStmnt>
<BasicStmnt CovItemId="S478" CovItemPrefix="StdDraw.java" Intrnl_Id="1028">
<LocList>
<Loc EndOffset="70828" SrcFileId="2" StartOffset="70797"/>
</LocList>
</BasicStmnt>
<BasicStmnt CovItemId="S479" CovItemPrefix="StdDraw.java" Intrnl_Id="1029">
<LocList>
<Loc EndOffset="70903" SrcFileId="2" StartOffset="70837"/>
</LocList>
</BasicStmnt>
<CondStmnt CovItemId="S480" CovItemPrefix="StdDraw.java" Intrnl_Id="1030">
<Branch CovItemId="B85" CovItemPrefix="StdDraw.java" Implct="false" Intrnl_Id="1031">
<Cond/>
<LocList>
<Loc EndOffset="71160" SrcFileId="2" StartOffset="70970"/>
</LocList>
<StmntSeq Intrnl_Id="1032">
<LocList>
<Loc EndOffset="71049" SrcFileId="2" StartOffset="71006"/>
<Loc EndOffset="71150" SrcFileId="2" StartOffset="70984"/>
</LocList>
<BasicStmnt CovItemId="S482" CovItemPrefix="StdDraw.java" Intrnl_Id="1033">
<LocList>
<Loc EndOffset="71049" SrcFileId="2" StartOffset="71006"/>
</LocList>
</BasicStmnt>
<CondStmnt CovItemId="S481" CovItemPrefix="StdDraw.java" Intrnl_Id="1034">
<Branch CovItemId="B87" CovItemPrefix="StdDraw.java" Implct="true" Intrnl_Id="1035">
<Cond/>
<LocList/>
<StmntSeq Intrnl_Id="1036">
<LocList/>
</StmntSeq>
</Branch>
<Branch CovItemId="B88" CovItemPrefix="StdDraw.java" Implct="false" Intrnl_Id="1037">
<Cond>
<Loc EndOffset="71097" SrcFileId="2" StartOffset="71076"/>
</Cond>
<LocList>
<Loc EndOffset="71150" SrcFileId="2" StartOffset="71098"/>
</LocList>
<StmntSeq Intrnl_Id="1038">
<LocList>
<Loc EndOffset="71136" SrcFileId="2" StartOffset="71116"/>
</LocList>
<BasicStmnt CovItemId="S483" CovItemPrefix="StdDraw.java" Intrnl_Id="1039">
<LocList>
<Loc EndOffset="71136" SrcFileId="2" StartOffset="71116"/>
</LocList>
</BasicStmnt>
</StmntSeq>
</Branch>
<Keyword EndOffset="70987" SrcFileId="2" StartOffset="70984"/>
<LocList>
<Loc EndOffset="71150" SrcFileId="2" StartOffset="70984"/>
</LocList>
</CondStmnt>
</StmntSeq>
</Branch>
<Branch CovItemId="B86" CovItemPrefix="StdDraw.java" Implct="false" Intrnl_Id="1040">
<Cond>
<Loc EndOffset="71328" SrcFileId="2" StartOffset="71324"/>
</Cond>
<LocList>
<Loc EndOffset="72327" SrcFileId="2" StartOffset="71329"/>
</LocList>
<StmntSeq Intrnl_Id="1041">
<LocList>
<Loc EndOffset="72327" SrcFileId="2" StartOffset="71329"/>
</LocList>
<CondStmnt CovItemId="S484" CovItemPrefix="StdDraw.java" Intrnl_Id="1042">
<Branch CovItemId="B89" CovItemPrefix="StdDraw.java" Implct="false" Intrnl_Id="1043">
<Cond/>
<LocList>
<Loc EndOffset="72231" SrcFileId="2" StartOffset="71365"/>
</LocList>
<StmntSeq Intrnl_Id="1044">
<LocList>
<Loc EndOffset="71429" SrcFileId="2" StartOffset="71379"/>
<Loc EndOffset="71567" SrcFileId="2" StartOffset="71480"/>
<Loc EndOffset="71651" SrcFileId="2" StartOffset="71580"/>
<Loc EndOffset="71957" SrcFileId="2" StartOffset="71664"/>
<Loc EndOffset="72046" SrcFileId="2" StartOffset="71970"/>
<Loc EndOffset="72120" SrcFileId="2" StartOffset="72081"/>
<Loc EndOffset="72221" SrcFileId="2" StartOffset="72059"/>
</LocList>
<BasicStmnt CovItemId="S485" CovItemPrefix="StdDraw.java" Intrnl_Id="1045">
<LocList>
<Loc EndOffset="71429" SrcFileId="2" StartOffset="71379"/>
</LocList>
</BasicStmnt>
<BasicStmnt CovItemId="S486" CovItemPrefix="StdDraw.java" Intrnl_Id="1046">
<LocList>
<Loc EndOffset="71567" SrcFileId="2" StartOffset="71480"/>
</LocList>
</BasicStmnt>
<BasicStmnt CovItemId="S487" CovItemPrefix="StdDraw.java" Intrnl_Id="1047">
<LocList>
<Loc EndOffset="71651" SrcFileId="2" StartOffset="71580"/>
</LocList>
</BasicStmnt>
<BasicStmnt CovItemId="S488" CovItemPrefix="StdDraw.java" Intrnl_Id="1048">
<LocList>
<Loc EndOffset="71957" SrcFileId="2" StartOffset="71664"/>
</LocList>
</BasicStmnt>
<BasicStmnt CovItemId="S489" CovItemPrefix="StdDraw.java" Intrnl_Id="1049">
<LocList>
<Loc EndOffset="72046" SrcFileId="2" StartOffset="71970"/>
</LocList>
</BasicStmnt>
<BasicStmnt CovItemId="S491" CovItemPrefix="StdDraw.java" Intrnl_Id="1050">
<LocList>
<Loc EndOffset="72120" SrcFileId="2" StartOffset="72081"/>
</LocList>
</BasicStmnt>
<CondStmnt CovItemId="S490" CovItemPrefix="StdDraw.java" Intrnl_Id="1051">
<Branch CovItemId="B91" CovItemPrefix="StdDraw.java" Implct="true" Intrnl_Id="1052">
<Cond/>
<LocList/>
<StmntSeq Intrnl_Id="1053">
<LocList/>
</StmntSeq>
</Branch>
<Branch CovItemId="B92" CovItemPrefix="StdDraw.java" Implct="false" Intrnl_Id="1054">
<Cond>
<Loc EndOffset="72168" SrcFileId="2" StartOffset="72147"/>
</Cond>
<LocList>
<Loc EndOffset="72221" SrcFileId="2" StartOffset="72169"/>
</LocList>
<StmntSeq Intrnl_Id="1055">
<LocList>
<Loc EndOffset="72207" SrcFileId="2" StartOffset="72187"/>
</LocList>
<BasicStmnt CovItemId="S492" CovItemPrefix="StdDraw.java" Intrnl_Id="1056">
<LocList>
<Loc EndOffset="72207" SrcFileId="2" StartOffset="72187"/>
</LocList>
</BasicStmnt>
</StmntSeq>
</Branch>
<Keyword EndOffset="72062" SrcFileId="2" StartOffset="72059"/>
<LocList>
<Loc EndOffset="72221" SrcFileId="2" StartOffset="72059"/>
</LocList>
</CondStmnt>
</StmntSeq>
</Branch>
<Branch CovItemId="B90" CovItemPrefix="StdDraw.java" Implct="false" Intrnl_Id="1057">
<Cond>
<Loc EndOffset="72245" SrcFileId="2" StartOffset="72241"/>
</Cond>
<LocList>
<Loc EndOffset="72327" SrcFileId="2" StartOffset="72246"/>
</LocList>
<StmntSeq Intrnl_Id="1058">
<LocList>
<Loc EndOffset="72317" SrcFileId="2" StartOffset="72260"/>
</LocList>
<BasicStmnt CovItemId="S493" CovItemPrefix="StdDraw.java" Intrnl_Id="1059">
<LocList>
<Loc EndOffset="72317" SrcFileId="2" StartOffset="72260"/>
</LocList>
</BasicStmnt>
</StmntSeq>
</Branch>
<Keyword EndOffset="71331" SrcFileId="2" StartOffset="71329"/>
<LocList>
<Loc EndOffset="72327" SrcFileId="2" StartOffset="71329"/>
</LocList>
<RootTerm CovItemId="C49" CovItemPrefix="StdDraw.java" Intrnl_Id="1060">
<BasicBoolTerm Intrnl_Id="1061">
<LocList>
<Loc EndOffset="71363" SrcFileId="2" StartOffset="71333"/>
</LocList>
</BasicBoolTerm>
</RootTerm>
</CondStmnt>
</StmntSeq>
</Branch>
<Keyword EndOffset="70936" SrcFileId="2" StartOffset="70934"/>
<LocList>
<Loc EndOffset="72327" SrcFileId="2" StartOffset="70934"/>
</LocList>
<RootTerm CovItemId="C48" CovItemPrefix="StdDraw.java" Intrnl_Id="1062">
<BasicBoolTerm Intrnl_Id="1063">
<LocList>
<Loc EndOffset="70968" SrcFileId="2" StartOffset="70938"/>
</LocList>
</BasicBoolTerm>
</RootTerm>
</CondStmnt>
</StmntSeq>
</HierarchyLvl>
<HierarchyLvl HierarchyLvlId="5464" HierarchyLvlTypeId="12" Intrnl_Id="1064" Name="actionPerformed">
<Header>
<Loc EndOffset="72458" SrcFileId="2" StartOffset="72402"/>
</Header>
<LocList>
<Loc EndOffset="72783" SrcFileId="2" StartOffset="72402"/>
</LocList>
<StmntSeq Intrnl_Id="1065">
<LocList>
<Loc EndOffset="72569" SrcFileId="2" StartOffset="72469"/>
<Loc EndOffset="72603" SrcFileId="2" StartOffset="72578"/>
<Loc EndOffset="72648" SrcFileId="2" StartOffset="72612"/>
<Loc EndOffset="72777" SrcFileId="2" StartOffset="72657"/>
</LocList>
<BasicStmnt CovItemId="S494" CovItemPrefix="StdDraw.java" Intrnl_Id="1066">
<LocList>
<Loc EndOffset="72569" SrcFileId="2" StartOffset="72469"/>
</LocList>
</BasicStmnt>
<BasicStmnt CovItemId="S495" CovItemPrefix="StdDraw.java" Intrnl_Id="1067">
<LocList>
<Loc EndOffset="72603" SrcFileId="2" StartOffset="72578"/>
</LocList>
</BasicStmnt>
<BasicStmnt CovItemId="S496" CovItemPrefix="StdDraw.java" Intrnl_Id="1068">
<LocList>
<Loc EndOffset="72648" SrcFileId="2" StartOffset="72612"/>
</LocList>
</BasicStmnt>
<CondStmnt CovItemId="S497" CovItemPrefix="StdDraw.java" Intrnl_Id="1069">
<Branch CovItemId="B93" CovItemPrefix="StdDraw.java" Implct="false" Intrnl_Id="1070">
<Cond/>
<LocList>
<Loc EndOffset="72777" SrcFileId="2" StartOffset="72679"/>
</LocList>
<StmntSeq Intrnl_Id="1071">
<LocList>
<Loc EndOffset="72767" SrcFileId="2" StartOffset="72693"/>
</LocList>
<BasicStmnt CovItemId="S498" CovItemPrefix="StdDraw.java" Intrnl_Id="1072">
<LocList>
<Loc EndOffset="72767" SrcFileId="2" StartOffset="72693"/>
</LocList>
</BasicStmnt>
</StmntSeq>
</Branch>
<Branch CovItemId="B94" CovItemPrefix="StdDraw.java" Implct="true" Intrnl_Id="1073">
<Cond/>
<LocList/>
<StmntSeq Intrnl_Id="1074">
<LocList/>
</StmntSeq>
</Branch>
<Keyword EndOffset="72659" SrcFileId="2" StartOffset="72657"/>
<LocList>
<Loc EndOffset="72777" SrcFileId="2" StartOffset="72657"/>
</LocList>
<RootTerm CovItemId="C50" CovItemPrefix="StdDraw.java" Intrnl_Id="1075">
<BasicBoolTerm Intrnl_Id="1076">
<LocList>
<Loc EndOffset="72677" SrcFileId="2" StartOffset="72661"/>
</LocList>
</BasicBoolTerm>
</RootTerm>
</CondStmnt>
</StmntSeq>
</HierarchyLvl>
<HierarchyLvl HierarchyLvlId="5465" HierarchyLvlTypeId="12" Intrnl_Id="1077" Name="isMousePressed">
<Header>
<Loc EndOffset="73174" SrcFileId="2" StartOffset="73136"/>
</Header>
<LocList>
<Loc EndOffset="73262" SrcFileId="2" StartOffset="73136"/>
</LocList>
<StmntSeq Intrnl_Id="1078">
<LocList>
<Loc EndOffset="73208" SrcFileId="2" StartOffset="73199"/>
<Loc EndOffset="73246" SrcFileId="2" StartOffset="73224"/>
</LocList>
<SyncStmnt CovItemId="Y3" CovItemPrefix="StdDraw.java" Intrnl_Id="1079" SyncStmnt0="Y3-0" SyncStmnt1="Y3-1" SyncStmnt2="Y3-2">
<Keyword EndOffset="73209" SrcFileId="2" StartOffset="73185"/>
<LocList>
<Loc EndOffset="73208" SrcFileId="2" StartOffset="73199"/>
</LocList>
</SyncStmnt>
<BasicStmnt CovItemId="S499" CovItemPrefix="StdDraw.java" Intrnl_Id="1080">
<LocList>
<Loc EndOffset="73246" SrcFileId="2" StartOffset="73224"/>
</LocList>
</BasicStmnt>
</StmntSeq>
</HierarchyLvl>
<HierarchyLvl HierarchyLvlId="5466" HierarchyLvlTypeId="12" Intrnl_Id="1081" Name="mousePressed">
<Header>
<Loc EndOffset="73534" SrcFileId="2" StartOffset="73482"/>
</Header>
<LocList>
<Loc EndOffset="73622" SrcFileId="2" StartOffset="73482"/>
</LocList>
<StmntSeq Intrnl_Id="1082">
<LocList>
<Loc EndOffset="73568" SrcFileId="2" StartOffset="73559"/>
<Loc EndOffset="73606" SrcFileId="2" StartOffset="73584"/>
</LocList>
<SyncStmnt CovItemId="Y4" CovItemPrefix="StdDraw.java" Intrnl_Id="1083" SyncStmnt0="Y4-0" SyncStmnt1="Y4-1" SyncStmnt2="Y4-2">
<Keyword EndOffset="73569" SrcFileId="2" StartOffset="73545"/>
<LocList>
<Loc EndOffset="73568" SrcFileId="2" StartOffset="73559"/>
</LocList>
</SyncStmnt>
<BasicStmnt CovItemId="S500" CovItemPrefix="StdDraw.java" Intrnl_Id="1084">
<LocList>
<Loc EndOffset="73606" SrcFileId="2" StartOffset="73584"/>
</LocList>
</BasicStmnt>
</StmntSeq>
</HierarchyLvl>
<HierarchyLvl HierarchyLvlId="5467" HierarchyLvlTypeId="12" Intrnl_Id="1085" Name="mouseX">
<Header>
<Loc EndOffset="73789" SrcFileId="2" StartOffset="73760"/>
</Header>
<LocList>
<Loc EndOffset="73869" SrcFileId="2" StartOffset="73760"/>
</LocList>
<StmntSeq Intrnl_Id="1086">
<LocList>
<Loc EndOffset="73823" SrcFileId="2" StartOffset="73814"/>
<Loc EndOffset="73853" SrcFileId="2" StartOffset="73839"/>
</LocList>
<SyncStmnt CovItemId="Y5" CovItemPrefix="StdDraw.java" Intrnl_Id="1087" SyncStmnt0="Y5-0" SyncStmnt1="Y5-1" SyncStmnt2="Y5-2">
<Keyword EndOffset="73824" SrcFileId="2" StartOffset="73800"/>
<LocList>
<Loc EndOffset="73823" SrcFileId="2" StartOffset="73814"/>
</LocList>
</SyncStmnt>
<BasicStmnt CovItemId="S501" CovItemPrefix="StdDraw.java" Intrnl_Id="1088">
<LocList>
<Loc EndOffset="73853" SrcFileId="2" StartOffset="73839"/>
</LocList>
</BasicStmnt>
</StmntSeq>
</HierarchyLvl>
<HierarchyLvl HierarchyLvlId="5468" HierarchyLvlTypeId="12" Intrnl_Id="1089" Name="mouseY">
<Header>
<Loc EndOffset="74032" SrcFileId="2" StartOffset="74003"/>
</Header>
<LocList>
<Loc EndOffset="74112" SrcFileId="2" StartOffset="74003"/>
</LocList>
<StmntSeq Intrnl_Id="1090">
<LocList>
<Loc EndOffset="74066" SrcFileId="2" StartOffset="74057"/>
<Loc EndOffset="74096" SrcFileId="2" StartOffset="74082"/>
</LocList>
<SyncStmnt CovItemId="Y6" CovItemPrefix="StdDraw.java" Intrnl_Id="1091" SyncStmnt0="Y6-0" SyncStmnt1="Y6-1" SyncStmnt2="Y6-2">
<Keyword EndOffset="74067" SrcFileId="2" StartOffset="74043"/>
<LocList>
<Loc EndOffset="74066" SrcFileId="2" StartOffset="74057"/>
</LocList>
</SyncStmnt>
<BasicStmnt CovItemId="S502" CovItemPrefix="StdDraw.java" Intrnl_Id="1092">
<LocList>
<Loc EndOffset="74096" SrcFileId="2" StartOffset="74082"/>
</LocList>
</BasicStmnt>
</StmntSeq>
</HierarchyLvl>
<HierarchyLvl HierarchyLvlId="5469" HierarchyLvlTypeId="12" Intrnl_Id="1093" Name="mouseClicked">
<Header>
<Loc EndOffset="74233" SrcFileId="2" StartOffset="74181"/>
</Header>
<LocList>
<Loc EndOffset="74290" SrcFileId="2" StartOffset="74181"/>
</LocList>
</HierarchyLvl>
<HierarchyLvl HierarchyLvlId="5470" HierarchyLvlTypeId="12" Intrnl_Id="1094" Name="mouseEntered">
<Header>
<Loc EndOffset="74410" SrcFileId="2" StartOffset="74358"/>
</Header>
<LocList>
<Loc EndOffset="74467" SrcFileId="2" StartOffset="74358"/>
</LocList>
</HierarchyLvl>
<HierarchyLvl HierarchyLvlId="5471" HierarchyLvlTypeId="12" Intrnl_Id="1095" Name="mouseExited">
<Header>
<Loc EndOffset="74586" SrcFileId="2" StartOffset="74535"/>
</Header>
<LocList>
<Loc EndOffset="74643" SrcFileId="2" StartOffset="74535"/>
</LocList>
</HierarchyLvl>
<HierarchyLvl HierarchyLvlId="5472" HierarchyLvlTypeId="12" Intrnl_Id="1096" Name="mousePressed">
<Header>
<Loc EndOffset="74763" SrcFileId="2" StartOffset="74711"/>
</Header>
<LocList>
<Loc EndOffset="74943" SrcFileId="2" StartOffset="74711"/>
</LocList>
<StmntSeq Intrnl_Id="1097">
<LocList>
<Loc EndOffset="74797" SrcFileId="2" StartOffset="74788"/>
<Loc EndOffset="74846" SrcFileId="2" StartOffset="74813"/>
<Loc EndOffset="74892" SrcFileId="2" StartOffset="74859"/>
<Loc EndOffset="74927" SrcFileId="2" StartOffset="74905"/>
</LocList>
<SyncStmnt CovItemId="Y7" CovItemPrefix="StdDraw.java" Intrnl_Id="1098" SyncStmnt0="Y7-0" SyncStmnt1="Y7-1" SyncStmnt2="Y7-2">
<Keyword EndOffset="74798" SrcFileId="2" StartOffset="74774"/>
<LocList>
<Loc EndOffset="74797" SrcFileId="2" StartOffset="74788"/>
</LocList>
</SyncStmnt>
<BasicStmnt CovItemId="S503" CovItemPrefix="StdDraw.java" Intrnl_Id="1099">
<LocList>
<Loc EndOffset="74846" SrcFileId="2" StartOffset="74813"/>
</LocList>
</BasicStmnt>
<BasicStmnt CovItemId="S504" CovItemPrefix="StdDraw.java" Intrnl_Id="1100">
<LocList>
<Loc EndOffset="74892" SrcFileId="2" StartOffset="74859"/>
</LocList>
</BasicStmnt>
<BasicStmnt CovItemId="S505" CovItemPrefix="StdDraw.java" Intrnl_Id="1101">
<LocList>
<Loc EndOffset="74927" SrcFileId="2" StartOffset="74905"/>
</LocList>
</BasicStmnt>
</StmntSeq>
</HierarchyLvl>
<HierarchyLvl HierarchyLvlId="5473" HierarchyLvlTypeId="12" Intrnl_Id="1102" Name="mouseReleased">
<Header>
<Loc EndOffset="75064" SrcFileId="2" StartOffset="75011"/>
</Header>
<LocList>
<Loc EndOffset="75153" SrcFileId="2" StartOffset="75011"/>
</LocList>
<StmntSeq Intrnl_Id="1103">
<LocList>
<Loc EndOffset="75098" SrcFileId="2" StartOffset="75089"/>
<Loc EndOffset="75137" SrcFileId="2" StartOffset="75114"/>
</LocList>
<SyncStmnt CovItemId="Y8" CovItemPrefix="StdDraw.java" Intrnl_Id="1104" SyncStmnt0="Y8-0" SyncStmnt1="Y8-1" SyncStmnt2="Y8-2">
<Keyword EndOffset="75099" SrcFileId="2" StartOffset="75075"/>
<LocList>
<Loc EndOffset="75098" SrcFileId="2" StartOffset="75089"/>
</LocList>
</SyncStmnt>
<BasicStmnt CovItemId="S506" CovItemPrefix="StdDraw.java" Intrnl_Id="1105">
<LocList>
<Loc EndOffset="75137" SrcFileId="2" StartOffset="75114"/>
</LocList>
</BasicStmnt>
</StmntSeq>
</HierarchyLvl>
<HierarchyLvl HierarchyLvlId="5474" HierarchyLvlTypeId="12" Intrnl_Id="1106" Name="mouseDragged">
<Header>
<Loc EndOffset="75273" SrcFileId="2" StartOffset="75221"/>
</Header>
<LocList>
<Loc EndOffset="75419" SrcFileId="2" StartOffset="75221"/>
</LocList>
<StmntSeq Intrnl_Id="1107">
<LocList>
<Loc EndOffset="75308" SrcFileId="2" StartOffset="75299"/>
<Loc EndOffset="75357" SrcFileId="2" StartOffset="75324"/>
<Loc EndOffset="75403" SrcFileId="2" StartOffset="75370"/>
</LocList>
<SyncStmnt CovItemId="Y9" CovItemPrefix="StdDraw.java" Intrnl_Id="1108" SyncStmnt0="Y9-0" SyncStmnt1="Y9-1" SyncStmnt2="Y9-2">
<Keyword EndOffset="75309" SrcFileId="2" StartOffset="75285"/>
<LocList>
<Loc EndOffset="75308" SrcFileId="2" StartOffset="75299"/>
</LocList>
</SyncStmnt>
<BasicStmnt CovItemId="S507" CovItemPrefix="StdDraw.java" Intrnl_Id="1109">
<LocList>
<Loc EndOffset="75357" SrcFileId="2" StartOffset="75324"/>
</LocList>
</BasicStmnt>
<BasicStmnt CovItemId="S508" CovItemPrefix="StdDraw.java" Intrnl_Id="1110">
<LocList>
<Loc EndOffset="75403" SrcFileId="2" StartOffset="75370"/>
</LocList>
</BasicStmnt>
</StmntSeq>
</HierarchyLvl>
<HierarchyLvl HierarchyLvlId="5475" HierarchyLvlTypeId="12" Intrnl_Id="1111" Name="mouseMoved">
<Header>
<Loc EndOffset="75537" SrcFileId="2" StartOffset="75487"/>
</Header>
<LocList>
<Loc EndOffset="75682" SrcFileId="2" StartOffset="75487"/>
</LocList>
<StmntSeq Intrnl_Id="1112">
<LocList>
<Loc EndOffset="75571" SrcFileId="2" StartOffset="75562"/>
<Loc EndOffset="75620" SrcFileId="2" StartOffset="75587"/>
<Loc EndOffset="75666" SrcFileId="2" StartOffset="75633"/>
</LocList>
<SyncStmnt CovItemId="Y10" CovItemPrefix="StdDraw.java" Intrnl_Id="1113" SyncStmnt0="Y10-0" SyncStmnt1="Y10-1" SyncStmnt2="Y10-2">
<Keyword EndOffset="75572" SrcFileId="2" StartOffset="75548"/>
<LocList>
<Loc EndOffset="75571" SrcFileId="2" StartOffset="75562"/>
</LocList>
</SyncStmnt>
<BasicStmnt CovItemId="S509" CovItemPrefix="StdDraw.java" Intrnl_Id="1114">
<LocList>
<Loc EndOffset="75620" SrcFileId="2" StartOffset="75587"/>
</LocList>
</BasicStmnt>
<BasicStmnt CovItemId="S510" CovItemPrefix="StdDraw.java" Intrnl_Id="1115">
<LocList>
<Loc EndOffset="75666" SrcFileId="2" StartOffset="75633"/>
</LocList>
</BasicStmnt>
</StmntSeq>
</HierarchyLvl>
<HierarchyLvl HierarchyLvlId="5476" HierarchyLvlTypeId="12" Intrnl_Id="1116" Name="hasNextKeyTyped">
<Header>
<Loc EndOffset="76182" SrcFileId="2" StartOffset="76143"/>
</Header>
<LocList>
<Loc EndOffset="76274" SrcFileId="2" StartOffset="76143"/>
</LocList>
<StmntSeq Intrnl_Id="1117">
<LocList>
<Loc EndOffset="76214" SrcFileId="2" StartOffset="76207"/>
<Loc EndOffset="76258" SrcFileId="2" StartOffset="76230"/>
</LocList>
<SyncStmnt CovItemId="Y11" CovItemPrefix="StdDraw.java" Intrnl_Id="1118" SyncStmnt0="Y11-0" SyncStmnt1="Y11-1" SyncStmnt2="Y11-2">
<Keyword EndOffset="76215" SrcFileId="2" StartOffset="76193"/>
<LocList>
<Loc EndOffset="76214" SrcFileId="2" StartOffset="76207"/>
</LocList>
</SyncStmnt>
<BasicStmnt CovItemId="S511" CovItemPrefix="StdDraw.java" Intrnl_Id="1119">
<LocList>
<Loc EndOffset="76258" SrcFileId="2" StartOffset="76230"/>
</LocList>
</BasicStmnt>
</StmntSeq>
</HierarchyLvl>
<HierarchyLvl HierarchyLvlId="5477" HierarchyLvlTypeId="12" Intrnl_Id="1120" Name="nextKeyTyped">
<Header>
<Loc EndOffset="76962" SrcFileId="2" StartOffset="76929"/>
</Header>
<LocList>
<Loc EndOffset="77274" SrcFileId="2" StartOffset="76929"/>
</LocList>
<StmntSeq Intrnl_Id="1121">
<LocList>
<Loc EndOffset="76994" SrcFileId="2" StartOffset="76987"/>
<Loc EndOffset="77153" SrcFileId="2" StartOffset="77010"/>
<Loc EndOffset="77212" SrcFileId="2" StartOffset="77166"/>
</LocList>
<SyncStmnt CovItemId="Y12" CovItemPrefix="StdDraw.java" Intrnl_Id="1122" SyncStmnt0="Y12-0" SyncStmnt1="Y12-1" SyncStmnt2="Y12-2">
<Keyword EndOffset="76995" SrcFileId="2" StartOffset="76973"/>
<LocList>
<Loc EndOffset="76994" SrcFileId="2" StartOffset="76987"/>
</LocList>
</SyncStmnt>
<CondStmnt CovItemId="S512" CovItemPrefix="StdDraw.java" Intrnl_Id="1123">
<Branch CovItemId="B95" CovItemPrefix="StdDraw.java" Implct="false" Intrnl_Id="1124">
<Cond/>
<LocList>
<Loc EndOffset="77153" SrcFileId="2" StartOffset="77035"/>
</LocList>
<StmntSeq Intrnl_Id="1125">
<LocList>
<Loc EndOffset="77139" SrcFileId="2" StartOffset="77053"/>
</LocList>
<BasicStmnt CovItemId="S513" CovItemPrefix="StdDraw.java" Intrnl_Id="1126">
<LocList>
<Loc EndOffset="77139" SrcFileId="2" StartOffset="77053"/>
</LocList>
</BasicStmnt>
</StmntSeq>
</Branch>
<Branch CovItemId="B96" CovItemPrefix="StdDraw.java" Implct="true" Intrnl_Id="1127">
<Cond/>
<LocList/>
<StmntSeq Intrnl_Id="1128">
<LocList/>
</StmntSeq>
</Branch>
<Keyword EndOffset="77012" SrcFileId="2" StartOffset="77010"/>
<LocList>
<Loc EndOffset="77153" SrcFileId="2" StartOffset="77010"/>
</LocList>
<RootTerm CovItemId="C51" CovItemPrefix="StdDraw.java" Intrnl_Id="1129">
<BasicBoolTerm Intrnl_Id="1130">
<LocList>
<Loc EndOffset="77033" SrcFileId="2" StartOffset="77014"/>
</LocList>
</BasicBoolTerm>
</RootTerm>
</CondStmnt>
<BasicStmnt CovItemId="S514" CovItemPrefix="StdDraw.java" Intrnl_Id="1131">
<LocList>
<Loc EndOffset="77212" SrcFileId="2" StartOffset="77166"/>
</LocList>
</BasicStmnt>
</StmntSeq>
</HierarchyLvl>
<HierarchyLvl HierarchyLvlId="5478" HierarchyLvlTypeId="12" Intrnl_Id="1132" Name="isKeyPressed">
<Header>
<Loc EndOffset="77855" SrcFileId="2" StartOffset="77808"/>
</Header>
<LocList>
<Loc EndOffset="77953" SrcFileId="2" StartOffset="77808"/>
</LocList>
<StmntSeq Intrnl_Id="1133">
<LocList>
<Loc EndOffset="77887" SrcFileId="2" StartOffset="77880"/>
<Loc EndOffset="77937" SrcFileId="2" StartOffset="77903"/>
</LocList>
<SyncStmnt CovItemId="Y13" CovItemPrefix="StdDraw.java" Intrnl_Id="1134" SyncStmnt0="Y13-0" SyncStmnt1="Y13-1" SyncStmnt2="Y13-2">
<Keyword EndOffset="77888" SrcFileId="2" StartOffset="77866"/>
<LocList>
<Loc EndOffset="77887" SrcFileId="2" StartOffset="77880"/>
</LocList>
</SyncStmnt>
<BasicStmnt CovItemId="S515" CovItemPrefix="StdDraw.java" Intrnl_Id="1135">
<LocList>
<Loc EndOffset="77937" SrcFileId="2" StartOffset="77903"/>
</LocList>
</BasicStmnt>
</StmntSeq>
</HierarchyLvl>
<HierarchyLvl HierarchyLvlId="5479" HierarchyLvlTypeId="12" Intrnl_Id="1136" Name="keyTyped">
<Header>
<Loc EndOffset="78068" SrcFileId="2" StartOffset="78022"/>
</Header>
<LocList>
<Loc EndOffset="78167" SrcFileId="2" StartOffset="78022"/>
</LocList>
<StmntSeq Intrnl_Id="1137">
<LocList>
<Loc EndOffset="78100" SrcFileId="2" StartOffset="78093"/>
<Loc EndOffset="78151" SrcFileId="2" StartOffset="78116"/>
</LocList>
<SyncStmnt CovItemId="Y14" CovItemPrefix="StdDraw.java" Intrnl_Id="1138" SyncStmnt0="Y14-0" SyncStmnt1="Y14-1" SyncStmnt2="Y14-2">
<Keyword EndOffset="78101" SrcFileId="2" StartOffset="78079"/>
<LocList>
<Loc EndOffset="78100" SrcFileId="2" StartOffset="78093"/>
</LocList>
</SyncStmnt>
<BasicStmnt CovItemId="S516" CovItemPrefix="StdDraw.java" Intrnl_Id="1139">
<LocList>
<Loc EndOffset="78151" SrcFileId="2" StartOffset="78116"/>
</LocList>
</BasicStmnt>
</StmntSeq>
</HierarchyLvl>
<HierarchyLvl HierarchyLvlId="5480" HierarchyLvlTypeId="12" Intrnl_Id="1140" Name="keyPressed">
<Header>
<Loc EndOffset="78283" SrcFileId="2" StartOffset="78235"/>
</Header>
<LocList>
<Loc EndOffset="78376" SrcFileId="2" StartOffset="78235"/>
</LocList>
<StmntSeq Intrnl_Id="1141">
<LocList>
<Loc EndOffset="78315" SrcFileId="2" StartOffset="78308"/>
<Loc EndOffset="78360" SrcFileId="2" StartOffset="78331"/>
</LocList>
<SyncStmnt CovItemId="Y15" CovItemPrefix="StdDraw.java" Intrnl_Id="1142" SyncStmnt0="Y15-0" SyncStmnt1="Y15-1" SyncStmnt2="Y15-2">
<Keyword EndOffset="78316" SrcFileId="2" StartOffset="78294"/>
<LocList>
<Loc EndOffset="78315" SrcFileId="2" StartOffset="78308"/>
</LocList>
</SyncStmnt>
<BasicStmnt CovItemId="S517" CovItemPrefix="StdDraw.java" Intrnl_Id="1143">
<LocList>
<Loc EndOffset="78360" SrcFileId="2" StartOffset="78331"/>
</LocList>
</BasicStmnt>
</StmntSeq>
</HierarchyLvl>
<HierarchyLvl HierarchyLvlId="5481" HierarchyLvlTypeId="12" Intrnl_Id="1144" Name="keyReleased">
<Header>
<Loc EndOffset="78493" SrcFileId="2" StartOffset="78444"/>
</Header>
<LocList>
<Loc EndOffset="78589" SrcFileId="2" StartOffset="78444"/>
</LocList>
<StmntSeq Intrnl_Id="1145">
<LocList>
<Loc EndOffset="78525" SrcFileId="2" StartOffset="78518"/>
<Loc EndOffset="78573" SrcFileId="2" StartOffset="78541"/>
</LocList>
<SyncStmnt CovItemId="Y16" CovItemPrefix="StdDraw.java" Intrnl_Id="1146" SyncStmnt0="Y16-0" SyncStmnt1="Y16-1" SyncStmnt2="Y16-2">
<Keyword EndOffset="78526" SrcFileId="2" StartOffset="78504"/>
<LocList>
<Loc EndOffset="78525" SrcFileId="2" StartOffset="78518"/>
</LocList>
</SyncStmnt>
<BasicStmnt CovItemId="S518" CovItemPrefix="StdDraw.java" Intrnl_Id="1147">
<LocList>
<Loc EndOffset="78573" SrcFileId="2" StartOffset="78541"/>
</LocList>
</BasicStmnt>
</StmntSeq>
</HierarchyLvl>
<HierarchyLvl HierarchyLvlId="5486" HierarchyLvlTypeId="13" Intrnl_Id="1148" Name="RetinaImageIcon">
<Header>
<Loc EndOffset="78866" SrcFileId="2" StartOffset="78813"/>
</Header>
<LocList>
<Loc EndOffset="79840" SrcFileId="2" StartOffset="78813"/>
</LocList>
<HierarchyLvl HierarchyLvlId="5482" HierarchyLvlTypeId="12" Intrnl_Id="1149" Name="RetinaImageIcon">
<Header>
<Loc EndOffset="78917" SrcFileId="2" StartOffset="78882"/>
</Header>
<LocList>
<Loc EndOffset="78955" SrcFileId="2" StartOffset="78882"/>
</LocList>
<StmntSeq Intrnl_Id="1150">
<LocList>
<Loc EndOffset="78945" SrcFileId="2" StartOffset="78932"/>
</LocList>
<BasicStmnt CovItemId="S519" CovItemPrefix="StdDraw.java" Intrnl_Id="1151">
<LocList>
<Loc EndOffset="78945" SrcFileId="2" StartOffset="78932"/>
</LocList>
</BasicStmnt>
</StmntSeq>
</HierarchyLvl>
<HierarchyLvl HierarchyLvlId="5483" HierarchyLvlTypeId="12" Intrnl_Id="1152" Name="getIconWidth">
<Header>
<Loc EndOffset="78990" SrcFileId="2" StartOffset="78965"/>
</Header>
<LocList>
<Loc EndOffset="79047" SrcFileId="2" StartOffset="78965"/>
</LocList>
<StmntSeq Intrnl_Id="1153">
<LocList>
<Loc EndOffset="79037" SrcFileId="2" StartOffset="79005"/>
</LocList>
<BasicStmnt CovItemId="S520" CovItemPrefix="StdDraw.java" Intrnl_Id="1154">
<LocList>
<Loc EndOffset="79037" SrcFileId="2" StartOffset="79005"/>
</LocList>
</BasicStmnt>
</StmntSeq>
</HierarchyLvl>
<HierarchyLvl HierarchyLvlId="5484" HierarchyLvlTypeId="12" Intrnl_Id="1155" Name="getIconHeight">
<Header>
<Loc EndOffset="79211" SrcFileId="2" StartOffset="79185"/>
</Header>
<LocList>
<Loc EndOffset="79269" SrcFileId="2" StartOffset="79185"/>
</LocList>
<StmntSeq Intrnl_Id="1156">
<LocList>
<Loc EndOffset="79259" SrcFileId="2" StartOffset="79226"/>
</LocList>
<BasicStmnt CovItemId="S521" CovItemPrefix="StdDraw.java" Intrnl_Id="1157">
<LocList>
<Loc EndOffset="79259" SrcFileId="2" StartOffset="79226"/>
</LocList>
</BasicStmnt>
</StmntSeq>
</HierarchyLvl>
<HierarchyLvl HierarchyLvlId="5485" HierarchyLvlTypeId="12" Intrnl_Id="1158" Name="paintIcon">
<Header>
<Loc EndOffset="79352" SrcFileId="2" StartOffset="79279"/>
</Header>
<LocList>
<Loc EndOffset="79834" SrcFileId="2" StartOffset="79279"/>
</LocList>
<StmntSeq Intrnl_Id="1159">
<LocList>
<Loc EndOffset="79407" SrcFileId="2" StartOffset="79367"/>
<Loc EndOffset="79517" SrcFileId="2" StartOffset="79420"/>
<Loc EndOffset="79616" SrcFileId="2" StartOffset="79530"/>
<Loc EndOffset="79716" SrcFileId="2" StartOffset="79629"/>
<Loc EndOffset="79748" SrcFileId="2" StartOffset="79729"/>
<Loc EndOffset="79798" SrcFileId="2" StartOffset="79761"/>
<Loc EndOffset="79824" SrcFileId="2" StartOffset="79811"/>
</LocList>
<BasicStmnt CovItemId="S522" CovItemPrefix="StdDraw.java" Intrnl_Id="1160">
<LocList>
<Loc EndOffset="79407" SrcFileId="2" StartOffset="79367"/>
</LocList>
</BasicStmnt>
<BasicStmnt CovItemId="S523" CovItemPrefix="StdDraw.java" Intrnl_Id="1161">
<LocList>
<Loc EndOffset="79517" SrcFileId="2" StartOffset="79420"/>
</LocList>
</BasicStmnt>
<BasicStmnt CovItemId="S524" CovItemPrefix="StdDraw.java" Intrnl_Id="1162">
<LocList>
<Loc EndOffset="79616" SrcFileId="2" StartOffset="79530"/>
</LocList>
</BasicStmnt>
<BasicStmnt CovItemId="S525" CovItemPrefix="StdDraw.java" Intrnl_Id="1163">
<LocList>
<Loc EndOffset="79716" SrcFileId="2" StartOffset="79629"/>
</LocList>
</BasicStmnt>
<BasicStmnt CovItemId="S526" CovItemPrefix="StdDraw.java" Intrnl_Id="1164">
<LocList>
<Loc EndOffset="79748" SrcFileId="2" StartOffset="79729"/>
</LocList>
</BasicStmnt>
<BasicStmnt CovItemId="S527" CovItemPrefix="StdDraw.java" Intrnl_Id="1165">
<LocList>
<Loc EndOffset="79798" SrcFileId="2" StartOffset="79761"/>
</LocList>
</BasicStmnt>
<BasicStmnt CovItemId="S528" CovItemPrefix="StdDraw.java" Intrnl_Id="1166">
<LocList>
<Loc EndOffset="79824" SrcFileId="2" StartOffset="79811"/>
</LocList>
</BasicStmnt>
</StmntSeq>
</HierarchyLvl>
</HierarchyLvl>
<HierarchyLvl HierarchyLvlId="5487" HierarchyLvlTypeId="12" Intrnl_Id="1167" Name="main">
<Header>
<Loc EndOffset="79974" SrcFileId="2" StartOffset="79936"/>
</Header>
<LocList>
<Loc EndOffset="80670" SrcFileId="2" StartOffset="79936"/>
</LocList>
<StmntSeq Intrnl_Id="1168">
<LocList>
<Loc EndOffset="80015" SrcFileId="2" StartOffset="79985"/>
<Loc EndOffset="80060" SrcFileId="2" StartOffset="80024"/>
<Loc EndOffset="80099" SrcFileId="2" StartOffset="80069"/>
<Loc EndOffset="80147" SrcFileId="2" StartOffset="80109"/>
<Loc EndOffset="80183" SrcFileId="2" StartOffset="80156"/>
<Loc EndOffset="80228" SrcFileId="2" StartOffset="80192"/>
<Loc EndOffset="80292" SrcFileId="2" StartOffset="80269"/>
<Loc EndOffset="80340" SrcFileId="2" StartOffset="80301"/>
<Loc EndOffset="80385" SrcFileId="2" StartOffset="80349"/>
<Loc EndOffset="80430" SrcFileId="2" StartOffset="80394"/>
<Loc EndOffset="80467" SrcFileId="2" StartOffset="80439"/>
<Loc EndOffset="80528" SrcFileId="2" StartOffset="80493"/>
<Loc EndOffset="80574" SrcFileId="2" StartOffset="80537"/>
<Loc EndOffset="80618" SrcFileId="2" StartOffset="80583"/>
<Loc EndOffset="80664" SrcFileId="2" StartOffset="80627"/>
</LocList>
<BasicStmnt CovItemId="S529" CovItemPrefix="StdDraw.java" Intrnl_Id="1169">
<LocList>
<Loc EndOffset="80015" SrcFileId="2" StartOffset="79985"/>
</LocList>
</BasicStmnt>
<BasicStmnt CovItemId="S530" CovItemPrefix="StdDraw.java" Intrnl_Id="1170">
<LocList>
<Loc EndOffset="80060" SrcFileId="2" StartOffset="80024"/>
</LocList>
</BasicStmnt>
<BasicStmnt CovItemId="S531" CovItemPrefix="StdDraw.java" Intrnl_Id="1171">
<LocList>
<Loc EndOffset="80099" SrcFileId="2" StartOffset="80069"/>
</LocList>
</BasicStmnt>
<BasicStmnt CovItemId="S532" CovItemPrefix="StdDraw.java" Intrnl_Id="1172">
<LocList>
<Loc EndOffset="80147" SrcFileId="2" StartOffset="80109"/>
</LocList>
</BasicStmnt>
<BasicStmnt CovItemId="S533" CovItemPrefix="StdDraw.java" Intrnl_Id="1173">
<LocList>
<Loc EndOffset="80183" SrcFileId="2" StartOffset="80156"/>
</LocList>
</BasicStmnt>
<BasicStmnt CovItemId="S534" CovItemPrefix="StdDraw.java" Intrnl_Id="1174">
<LocList>
<Loc EndOffset="80228" SrcFileId="2" StartOffset="80192"/>
</LocList>
</BasicStmnt>
<BasicStmnt CovItemId="S535" CovItemPrefix="StdDraw.java" Intrnl_Id="1175">
<LocList>
<Loc EndOffset="80292" SrcFileId="2" StartOffset="80269"/>
</LocList>
</BasicStmnt>
<BasicStmnt CovItemId="S536" CovItemPrefix="StdDraw.java" Intrnl_Id="1176">
<LocList>
<Loc EndOffset="80340" SrcFileId="2" StartOffset="80301"/>
</LocList>
</BasicStmnt>
<BasicStmnt CovItemId="S537" CovItemPrefix="StdDraw.java" Intrnl_Id="1177">
<LocList>
<Loc EndOffset="80385" SrcFileId="2" StartOffset="80349"/>
</LocList>
</BasicStmnt>
<BasicStmnt CovItemId="S538" CovItemPrefix="StdDraw.java" Intrnl_Id="1178">
<LocList>
<Loc EndOffset="80430" SrcFileId="2" StartOffset="80394"/>
</LocList>
</BasicStmnt>
<BasicStmnt CovItemId="S539" CovItemPrefix="StdDraw.java" Intrnl_Id="1179">
<LocList>
<Loc EndOffset="80467" SrcFileId="2" StartOffset="80439"/>
</LocList>
</BasicStmnt>
<BasicStmnt CovItemId="S540" CovItemPrefix="StdDraw.java" Intrnl_Id="1180">
<LocList>
<Loc EndOffset="80528" SrcFileId="2" StartOffset="80493"/>
</LocList>
</BasicStmnt>
<BasicStmnt CovItemId="S541" CovItemPrefix="StdDraw.java" Intrnl_Id="1181">
<LocList>
<Loc EndOffset="80574" SrcFileId="2" StartOffset="80537"/>
</LocList>
</BasicStmnt>
<BasicStmnt CovItemId="S542" CovItemPrefix="StdDraw.java" Intrnl_Id="1182">
<LocList>
<Loc EndOffset="80618" SrcFileId="2" StartOffset="80583"/>
</LocList>
</BasicStmnt>
<BasicStmnt CovItemId="S543" CovItemPrefix="StdDraw.java" Intrnl_Id="1183">
<LocList>
<Loc EndOffset="80664" SrcFileId="2" StartOffset="80627"/>
</LocList>
</BasicStmnt>
</StmntSeq>
</HierarchyLvl>
</HierarchyLvl>
<HierarchyLvl HierarchyLvlId="5496" HierarchyLvlTypeId="13" Intrnl_Id="1184" Name="Player">
<Header>
<Loc EndOffset="365" SrcFileId="3" StartOffset="346"/>
</Header>
<LocList>
<Loc EndOffset="1883" SrcFileId="3" StartOffset="346"/>
</LocList>
<StmntSeq Intrnl_Id="1185">
<LocList>
<Loc EndOffset="405" SrcFileId="3" StartOffset="373"/>
<Loc EndOffset="505" SrcFileId="3" StartOffset="463"/>
<Loc EndOffset="548" SrcFileId="3" StartOffset="531"/>
</LocList>
<BasicStmnt CovItemId="S1" CovItemPrefix="Player.java" Intrnl_Id="1186">
<LocList>
<Loc EndOffset="405" SrcFileId="3" StartOffset="373"/>
</LocList>
</BasicStmnt>
<BasicStmnt CovItemId="S2" CovItemPrefix="Player.java" Intrnl_Id="1187">
<LocList>
<Loc EndOffset="505" SrcFileId="3" StartOffset="463"/>
</LocList>
</BasicStmnt>
<BasicStmnt CovItemId="S3" CovItemPrefix="Player.java" Intrnl_Id="1188">
<LocList>
<Loc EndOffset="548" SrcFileId="3" StartOffset="531"/>
</LocList>
</BasicStmnt>
</StmntSeq>
<HierarchyLvl HierarchyLvlId="5489" HierarchyLvlTypeId="12" Intrnl_Id="1189" Name="Player">
<Header>
<Loc EndOffset="793" SrcFileId="3" StartOffset="753"/>
</Header>
<LocList>
<Loc EndOffset="867" SrcFileId="3" StartOffset="753"/>
</LocList>
<StmntSeq Intrnl_Id="1190">
<LocList>
<Loc EndOffset="821" SrcFileId="3" StartOffset="804"/>
<Loc EndOffset="841" SrcFileId="3" StartOffset="830"/>
<Loc EndOffset="861" SrcFileId="3" StartOffset="850"/>
</LocList>
<BasicStmnt CovItemId="S4" CovItemPrefix="Player.java" Intrnl_Id="1191">
<LocList>
<Loc EndOffset="821" SrcFileId="3" StartOffset="804"/>
</LocList>
</BasicStmnt>
<BasicStmnt CovItemId="S5" CovItemPrefix="Player.java" Intrnl_Id="1192">
<LocList>
<Loc EndOffset="841" SrcFileId="3" StartOffset="830"/>
</LocList>
</BasicStmnt>
<BasicStmnt CovItemId="S6" CovItemPrefix="Player.java" Intrnl_Id="1193">
<LocList>
<Loc EndOffset="861" SrcFileId="3" StartOffset="850"/>
</LocList>
</BasicStmnt>
</StmntSeq>
</HierarchyLvl>
<HierarchyLvl HierarchyLvlId="5490" HierarchyLvlTypeId="12" Intrnl_Id="1194" Name="peak">
<Header>
<Loc EndOffset="891" SrcFileId="3" StartOffset="873"/>
</Header>
<LocList>
<Loc EndOffset="922" SrcFileId="3" StartOffset="873"/>
</LocList>
<StmntSeq Intrnl_Id="1195">
<LocList>
<Loc EndOffset="918" SrcFileId="3" StartOffset="902"/>
</LocList>
<BasicStmnt CovItemId="S7" CovItemPrefix="Player.java" Intrnl_Id="1196">
<LocList>
<Loc EndOffset="918" SrcFileId="3" StartOffset="902"/>
</LocList>
</BasicStmnt>
</StmntSeq>
</HierarchyLvl>
<HierarchyLvl HierarchyLvlId="5491" HierarchyLvlTypeId="12" Intrnl_Id="1197" Name="dealTo">
<Header>
<Loc EndOffset="977" SrcFileId="3" StartOffset="951"/>
</Header>
<LocList>
<Loc EndOffset="1000" SrcFileId="3" StartOffset="951"/>
</LocList>
<StmntSeq Intrnl_Id="1198">
<LocList>
<Loc EndOffset="995" SrcFileId="3" StartOffset="980"/>
</LocList>
<BasicStmnt CovItemId="S8" CovItemPrefix="Player.java" Intrnl_Id="1199">
<LocList>
<Loc EndOffset="995" SrcFileId="3" StartOffset="980"/>
</LocList>
</BasicStmnt>
</StmntSeq>
</HierarchyLvl>
<HierarchyLvl HierarchyLvlId="5492" HierarchyLvlTypeId="12" Intrnl_Id="1200" Name="reset">
<Header>
<Loc EndOffset="1042" SrcFileId="3" StartOffset="1023"/>
</Header>
<LocList>
<Loc EndOffset="1072" SrcFileId="3" StartOffset="1023"/>
</LocList>
<StmntSeq Intrnl_Id="1201">
<LocList>
<Loc EndOffset="1058" SrcFileId="3" StartOffset="1052"/>
</LocList>
<BasicStmnt CovItemId="S9" CovItemPrefix="Player.java" Intrnl_Id="1202">
<LocList>
<Loc EndOffset="1058" SrcFileId="3" StartOffset="1052"/>
</LocList>
</BasicStmnt>
</StmntSeq>
</HierarchyLvl>
<HierarchyLvl HierarchyLvlId="5493" HierarchyLvlTypeId="12" Intrnl_Id="1203" Name="value">
<Header>
<Loc EndOffset="1159" SrcFileId="3" StartOffset="1141"/>
</Header>
<LocList>
<Loc EndOffset="1462" SrcFileId="3" StartOffset="1141"/>
</LocList>
<StmntSeq Intrnl_Id="1204">
<LocList>
<Loc EndOffset="1182" SrcFileId="3" StartOffset="1170"/>
<Loc EndOffset="1214" SrcFileId="3" StartOffset="1191"/>
<Loc EndOffset="1352" SrcFileId="3" StartOffset="1223"/>
<Loc EndOffset="1403" SrcFileId="3" StartOffset="1361"/>
<Loc EndOffset="1456" SrcFileId="3" StartOffset="1445"/>
</LocList>
<BasicStmnt CovItemId="S10" CovItemPrefix="Player.java" Intrnl_Id="1205">
<LocList>
<Loc EndOffset="1182" SrcFileId="3" StartOffset="1170"/>
</LocList>
</BasicStmnt>
<BasicStmnt CovItemId="S11" CovItemPrefix="Player.java" Intrnl_Id="1206">
<LocList>
<Loc EndOffset="1214" SrcFileId="3" StartOffset="1191"/>
</LocList>
</BasicStmnt>
<LoopStmnt CovItemId="S12" CovItemPrefix="Player.java" Intrnl_Id="1207" MltplExecId="L1-2" MltplExecPrefix="Player.java" NvrExecId="L1-0" NvrExecPrefix="Player.java" OnceExecutedId="L1-1" OnceExecutedPrefix="Player.java" OptBodyExec="true">
<StmntSeq Intrnl_Id="1208">
<LocList>
<Loc EndOffset="1293" SrcFileId="3" StartOffset="1265"/>
<Loc EndOffset="1342" SrcFileId="3" StartOffset="1306"/>
</LocList>
<BasicStmnt CovItemId="S13" CovItemPrefix="Player.java" Intrnl_Id="1209">
<LocList>
<Loc EndOffset="1293" SrcFileId="3" StartOffset="1265"/>
</LocList>
</BasicStmnt>
<CondStmnt CovItemId="S14" CovItemPrefix="Player.java" Intrnl_Id="1210">
<Branch CovItemId="B1" CovItemPrefix="Player.java" Implct="false" Intrnl_Id="1211">
<Cond/>
<LocList>
<Loc EndOffset="1342" SrcFileId="3" StartOffset="1328"/>
</LocList>
<StmntSeq Intrnl_Id="1212">
<LocList>
<Loc EndOffset="1342" SrcFileId="3" StartOffset="1328"/>
</LocList>
<BasicStmnt CovItemId="S15" CovItemPrefix="Player.java" Intrnl_Id="1213">
<LocList>
<Loc EndOffset="1342" SrcFileId="3" StartOffset="1328"/>
</LocList>
</BasicStmnt>
</StmntSeq>
</Branch>
<Branch CovItemId="B2" CovItemPrefix="Player.java" Implct="true" Intrnl_Id="1214">
<Cond/>
<LocList/>
<StmntSeq Intrnl_Id="1215">
<LocList/>
</StmntSeq>
</Branch>
<Keyword EndOffset="1308" SrcFileId="3" StartOffset="1306"/>
<LocList>
<Loc EndOffset="1342" SrcFileId="3" StartOffset="1306"/>
</LocList>
<RootTerm CovItemId="C2" CovItemPrefix="Player.java" Intrnl_Id="1216">
<BasicBoolTerm Intrnl_Id="1217">
<LocList>
<Loc EndOffset="1326" SrcFileId="3" StartOffset="1310"/>
</LocList>
</BasicBoolTerm>
</RootTerm>
</CondStmnt>
</StmntSeq>
<Keyword EndOffset="1226" SrcFileId="3" StartOffset="1223"/>
<LocList>
<Loc EndOffset="1352" SrcFileId="3" StartOffset="1223"/>
</LocList>
<RootTerm CovItemId="C1" CovItemPrefix="Player.java" Intrnl_Id="1218">
<BasicBoolTerm Intrnl_Id="1219">
<LocList>
<Loc EndOffset="1244" SrcFileId="3" StartOffset="1239"/>
</LocList>
</BasicBoolTerm>
</RootTerm>
</LoopStmnt>
<CondStmnt CovItemId="S16" CovItemPrefix="Player.java" Intrnl_Id="1220">
<Branch CovItemId="B3" CovItemPrefix="Player.java" Implct="false" Intrnl_Id="1221">
<Cond/>
<LocList>
<Loc EndOffset="1403" SrcFileId="3" StartOffset="1388"/>
</LocList>
<StmntSeq Intrnl_Id="1222">
<LocList>
<Loc EndOffset="1403" SrcFileId="3" StartOffset="1388"/>
</LocList>
<BasicStmnt CovItemId="S17" CovItemPrefix="Player.java" Intrnl_Id="1223">
<LocList>
<Loc EndOffset="1403" SrcFileId="3" StartOffset="1388"/>
</LocList>
</BasicStmnt>
</StmntSeq>
</Branch>
<Branch CovItemId="B4" CovItemPrefix="Player.java" Implct="true" Intrnl_Id="1224">
<Cond/>
<LocList/>
<StmntSeq Intrnl_Id="1225">
<LocList/>
</StmntSeq>
</Branch>
<Keyword EndOffset="1363" SrcFileId="3" StartOffset="1361"/>
<LocList>
<Loc EndOffset="1403" SrcFileId="3" StartOffset="1361"/>
</LocList>
<RootTerm CovItemId="C3" CovItemPrefix="Player.java" Intrnl_Id="1226">
<OpTerm BooleanOpId="8" Intrnl_Id="1227">
<BasicBoolTerm Intrnl_Id="1228">
<LocList>
<Loc EndOffset="1371" SrcFileId="3" StartOffset="1365"/>
</LocList>
</BasicBoolTerm>
<BasicBoolTerm Intrnl_Id="1229">
<LocList>
<Loc EndOffset="1385" SrcFileId="3" StartOffset="1376"/>
</LocList>
</BasicBoolTerm>
<LocList>
<Loc EndOffset="1374" SrcFileId="3" StartOffset="1372"/>
</LocList>
</OpTerm>
</RootTerm>
</CondStmnt>
<BasicStmnt CovItemId="S18" CovItemPrefix="Player.java" Intrnl_Id="1230">
<LocList>
<Loc EndOffset="1456" SrcFileId="3" StartOffset="1445"/>
</LocList>
</BasicStmnt>
</StmntSeq>
</HierarchyLvl>
<HierarchyLvl HierarchyLvlId="5494" HierarchyLvlTypeId="12" Intrnl_Id="1231" Name="draw">
<Header>
<Loc EndOffset="1561" SrcFileId="3" StartOffset="1537"/>
</Header>
<LocList>
<Loc EndOffset="1648" SrcFileId="3" StartOffset="1537"/>
</LocList>
<StmntSeq Intrnl_Id="1232">
<LocList>
<Loc EndOffset="1642" SrcFileId="3" StartOffset="1572"/>
</LocList>
<LoopStmnt CovItemId="S19" CovItemPrefix="Player.java" Intrnl_Id="1233" MltplExecId="L2-2" MltplExecPrefix="Player.java" NvrExecId="L2-0" NvrExecPrefix="Player.java" OnceExecutedId="L2-1" OnceExecutedPrefix="Player.java" OptBodyExec="true">
<StmntSeq Intrnl_Id="1234">
<LocList>
<Loc EndOffset="1642" SrcFileId="3" StartOffset="1612"/>
</LocList>
<BasicStmnt CovItemId="S20" CovItemPrefix="Player.java" Intrnl_Id="1235">
<LocList>
<Loc EndOffset="1642" SrcFileId="3" StartOffset="1612"/>
</LocList>
</BasicStmnt>
</StmntSeq>
<Keyword EndOffset="1575" SrcFileId="3" StartOffset="1572"/>
<LocList>
<Loc EndOffset="1642" SrcFileId="3" StartOffset="1572"/>
</LocList>
<RootTerm CovItemId="C4" CovItemPrefix="Player.java" Intrnl_Id="1236">
<BasicBoolTerm Intrnl_Id="1237">
<LocList>
<Loc EndOffset="1593" SrcFileId="3" StartOffset="1588"/>
</LocList>
</BasicBoolTerm>
</RootTerm>
</LoopStmnt>
</StmntSeq>
</HierarchyLvl>
<HierarchyLvl HierarchyLvlId="5495" HierarchyLvlTypeId="12" Intrnl_Id="1238" Name="toString">
<Header>
<Loc EndOffset="1734" SrcFileId="3" StartOffset="1710"/>
</Header>
<LocList>
<Loc EndOffset="1880" SrcFileId="3" StartOffset="1710"/>
</LocList>
<StmntSeq Intrnl_Id="1239">
<LocList>
<Loc EndOffset="1787" SrcFileId="3" StartOffset="1745"/>
<Loc EndOffset="1856" SrcFileId="3" StartOffset="1796"/>
<Loc EndOffset="1874" SrcFileId="3" StartOffset="1865"/>
</LocList>
<BasicStmnt CovItemId="S21" CovItemPrefix="Player.java" Intrnl_Id="1240">
<LocList>
<Loc EndOffset="1787" SrcFileId="3" StartOffset="1745"/>
</LocList>
</BasicStmnt>
<LoopStmnt CovItemId="S22" CovItemPrefix="Player.java" Intrnl_Id="1241" MltplExecId="L3-2" MltplExecPrefix="Player.java" NvrExecId="L3-0" NvrExecPrefix="Player.java" OnceExecutedId="L3-1" OnceExecutedPrefix="Player.java" OptBodyExec="true">
<StmntSeq Intrnl_Id="1242">
<LocList>
<Loc EndOffset="1856" SrcFileId="3" StartOffset="1836"/>
</LocList>
<BasicStmnt CovItemId="S23" CovItemPrefix="Player.java" Intrnl_Id="1243">
<LocList>
<Loc EndOffset="1856" SrcFileId="3" StartOffset="1836"/>
</LocList>
</BasicStmnt>
</StmntSeq>
<Keyword EndOffset="1799" SrcFileId="3" StartOffset="1796"/>
<LocList>
<Loc EndOffset="1856" SrcFileId="3" StartOffset="1796"/>
</LocList>
<RootTerm CovItemId="C5" CovItemPrefix="Player.java" Intrnl_Id="1244">
<BasicBoolTerm Intrnl_Id="1245">
<LocList>
<Loc EndOffset="1817" SrcFileId="3" StartOffset="1812"/>
</LocList>
</BasicBoolTerm>
</RootTerm>
</LoopStmnt>
<BasicStmnt CovItemId="S24" CovItemPrefix="Player.java" Intrnl_Id="1246">
<LocList>
<Loc EndOffset="1874" SrcFileId="3" StartOffset="1865"/>
</LocList>
</BasicStmnt>
</StmntSeq>
</HierarchyLvl>
</HierarchyLvl>
<HierarchyLvl HierarchyLvlId="5504" HierarchyLvlTypeId="11" Intrnl_Id="1247" Name="DrawListener">
<Header>
<Loc EndOffset="875" SrcFileId="4" StartOffset="846"/>
</Header>
<LocList>
<Loc EndOffset="2168" SrcFileId="4" StartOffset="846"/>
</LocList>
<HierarchyLvl HierarchyLvlId="5497" HierarchyLvlTypeId="12" Intrnl_Id="1248" Name="mousePressed">
<Header>
<Loc EndOffset="1083" SrcFileId="4" StartOffset="1046"/>
</Header>
<LocList>
<Loc EndOffset="1084" SrcFileId="4" StartOffset="1046"/>
</LocList>
</HierarchyLvl>
<HierarchyLvl HierarchyLvlId="5498" HierarchyLvlTypeId="12" Intrnl_Id="1249" Name="mouseDragged">
<Header>
<Loc EndOffset="1290" SrcFileId="4" StartOffset="1253"/>
</Header>
<LocList>
<Loc EndOffset="1291" SrcFileId="4" StartOffset="1253"/>
</LocList>
</HierarchyLvl>
<HierarchyLvl HierarchyLvlId="5499" HierarchyLvlTypeId="12" Intrnl_Id="1250" Name="mouseReleased">
<Header>
<Loc EndOffset="1499" SrcFileId="4" StartOffset="1461"/>
</Header>
<LocList>
<Loc EndOffset="1500" SrcFileId="4" StartOffset="1461"/>
</LocList>
</HierarchyLvl>
<HierarchyLvl HierarchyLvlId="5500" HierarchyLvlTypeId="12" Intrnl_Id="1251" Name="mouseClicked">
<Header>
<Loc EndOffset="1729" SrcFileId="4" StartOffset="1692"/>
</Header>
<LocList>
<Loc EndOffset="1730" SrcFileId="4" StartOffset="1692"/>
</LocList>
</HierarchyLvl>
<HierarchyLvl HierarchyLvlId="5501" HierarchyLvlTypeId="12" Intrnl_Id="1252" Name="keyTyped">
<Header>
<Loc EndOffset="1858" SrcFileId="4" StartOffset="1837"/>
</Header>
<LocList>
<Loc EndOffset="1859" SrcFileId="4" StartOffset="1837"/>
</LocList>
</HierarchyLvl>
<HierarchyLvl HierarchyLvlId="5502" HierarchyLvlTypeId="12" Intrnl_Id="1253" Name="keyPressed">
<Header>
<Loc EndOffset="2010" SrcFileId="4" StartOffset="1982"/>
</Header>
<LocList>
<Loc EndOffset="2011" SrcFileId="4" StartOffset="1982"/>
</LocList>
</HierarchyLvl>
<HierarchyLvl HierarchyLvlId="5503" HierarchyLvlTypeId="12" Intrnl_Id="1254" Name="keyReleased">
<Header>
<Loc EndOffset="2165" SrcFileId="4" StartOffset="2136"/>
</Header>
<LocList>
<Loc EndOffset="2166" SrcFileId="4" StartOffset="2136"/>
</LocList>
</HierarchyLvl>
</HierarchyLvl>
<HierarchyLvl HierarchyLvlId="5512" HierarchyLvlTypeId="13" Intrnl_Id="1255" Name="Deck">
<Header>
<Loc EndOffset="313" SrcFileId="5" StartOffset="296"/>
</Header>
<LocList>
<Loc EndOffset="1416" SrcFileId="5" StartOffset="296"/>
</LocList>
<StmntSeq Intrnl_Id="1256">
<LocList>
<Loc EndOffset="353" SrcFileId="5" StartOffset="321"/>
</LocList>
<BasicStmnt CovItemId="S1" CovItemPrefix="Deck.java" Intrnl_Id="1257">
<LocList>
<Loc EndOffset="353" SrcFileId="5" StartOffset="321"/>
</LocList>
</BasicStmnt>
</StmntSeq>
<HierarchyLvl HierarchyLvlId="5505" HierarchyLvlTypeId="12" Intrnl_Id="1258" Name="Deck">
<Header>
<Loc EndOffset="501" SrcFileId="5" StartOffset="488"/>
</Header>
<LocList>
<Loc EndOffset="666" SrcFileId="5" StartOffset="488"/>
</LocList>
<StmntSeq Intrnl_Id="1259">
<LocList>
<Loc EndOffset="527" SrcFileId="5" StartOffset="513"/>
<Loc EndOffset="556" SrcFileId="5" StartOffset="536"/>
<Loc EndOffset="660" SrcFileId="5" StartOffset="565"/>
</LocList>
<BasicStmnt CovItemId="S2" CovItemPrefix="Deck.java" Intrnl_Id="1260">
<LocList>
<Loc EndOffset="527" SrcFileId="5" StartOffset="513"/>
</LocList>
</BasicStmnt>
<BasicStmnt CovItemId="S3" CovItemPrefix="Deck.java" Intrnl_Id="1261">
<LocList>
<Loc EndOffset="556" SrcFileId="5" StartOffset="536"/>
</LocList>
</BasicStmnt>
<LoopStmnt CovItemId="S4" CovItemPrefix="Deck.java" Intrnl_Id="1262" MltplExecId="L1-2" MltplExecPrefix="Deck.java" NvrExecId="L1-0" NvrExecPrefix="Deck.java" OnceExecutedId="L1-1" OnceExecutedPrefix="Deck.java" OptBodyExec="true">
<StmntSeq Intrnl_Id="1263">
<LocList>
<Loc EndOffset="660" SrcFileId="5" StartOffset="605"/>
</LocList>
<BasicStmnt CovItemId="S5" CovItemPrefix="Deck.java" Intrnl_Id="1264">
<LocList>
<Loc EndOffset="660" SrcFileId="5" StartOffset="605"/>
</LocList>
</BasicStmnt>
</StmntSeq>
<Keyword EndOffset="568" SrcFileId="5" StartOffset="565"/>
<LocList>
<Loc EndOffset="660" SrcFileId="5" StartOffset="565"/>
</LocList>
<RootTerm CovItemId="C1" CovItemPrefix="Deck.java" Intrnl_Id="1265">
<BasicBoolTerm Intrnl_Id="1266">
<LocList>
<Loc EndOffset="586" SrcFileId="5" StartOffset="581"/>
</LocList>
</BasicBoolTerm>
</RootTerm>
</LoopStmnt>
</StmntSeq>
</HierarchyLvl>
<HierarchyLvl HierarchyLvlId="5506" HierarchyLvlTypeId="12" Intrnl_Id="1267" Name="dealFrom">
<Header>
<Loc EndOffset="694" SrcFileId="5" StartOffset="672"/>
</Header>
<LocList>
<Loc EndOffset="719" SrcFileId="5" StartOffset="672"/>
</LocList>
<StmntSeq Intrnl_Id="1268">
<LocList>
<Loc EndOffset="717" SrcFileId="5" StartOffset="699"/>
</LocList>
<BasicStmnt CovItemId="S6" CovItemPrefix="Deck.java" Intrnl_Id="1269">
<LocList>
<Loc EndOffset="717" SrcFileId="5" StartOffset="699"/>
</LocList>
</BasicStmnt>
</StmntSeq>
</HierarchyLvl>
<HierarchyLvl HierarchyLvlId="5507" HierarchyLvlTypeId="12" Intrnl_Id="1270" Name="isEmpty">
<Header>
<Loc EndOffset="748" SrcFileId="5" StartOffset="724"/>
</Header>
<LocList>
<Loc EndOffset="771" SrcFileId="5" StartOffset="724"/>
</LocList>
<StmntSeq Intrnl_Id="1271">
<LocList>
<Loc EndOffset="767" SrcFileId="5" StartOffset="751"/>
</LocList>
<BasicStmnt CovItemId="S7" CovItemPrefix="Deck.java" Intrnl_Id="1272">
<LocList>
<Loc EndOffset="767" SrcFileId="5" StartOffset="751"/>
</LocList>
</BasicStmnt>
</StmntSeq>
</HierarchyLvl>
<HierarchyLvl HierarchyLvlId="5508" HierarchyLvlTypeId="12" Intrnl_Id="1273" Name="size">
<Header>
<Loc EndOffset="793" SrcFileId="5" StartOffset="776"/>
</Header>
<LocList>
<Loc EndOffset="823" SrcFileId="5" StartOffset="776"/>
</LocList>
<StmntSeq Intrnl_Id="1274">
<LocList>
<Loc EndOffset="812" SrcFileId="5" StartOffset="803"/>
</LocList>
<BasicStmnt CovItemId="S8" CovItemPrefix="Deck.java" Intrnl_Id="1275">
<LocList>
<Loc EndOffset="812" SrcFileId="5" StartOffset="803"/>
</LocList>
</BasicStmnt>
</StmntSeq>
</HierarchyLvl>
<HierarchyLvl HierarchyLvlId="5509" HierarchyLvlTypeId="12" Intrnl_Id="1276" Name="shuffle">
<Header>
<Loc EndOffset="873" SrcFileId="5" StartOffset="852"/>
</Header>
<LocList>
<Loc EndOffset="1074" SrcFileId="5" StartOffset="852"/>
</LocList>
<StmntSeq Intrnl_Id="1277">
<LocList>
<Loc EndOffset="1068" SrcFileId="5" StartOffset="884"/>
</LocList>
<LoopStmnt CovItemId="S9" CovItemPrefix="Deck.java" Intrnl_Id="1278" MltplExecId="L2-2" MltplExecPrefix="Deck.java" NvrExecId="L2-0" NvrExecPrefix="Deck.java" OnceExecutedId="L2-1" OnceExecutedPrefix="Deck.java" OptBodyExec="true">
<StmntSeq Intrnl_Id="1279">
<LocList>
<Loc EndOffset="960" SrcFileId="5" StartOffset="926"/>
<Loc EndOffset="994" SrcFileId="5" StartOffset="973"/>
<Loc EndOffset="1028" SrcFileId="5" StartOffset="1007"/>
<Loc EndOffset="1058" SrcFileId="5" StartOffset="1041"/>
</LocList>
<BasicStmnt CovItemId="S10" CovItemPrefix="Deck.java" Intrnl_Id="1280">
<LocList>
<Loc EndOffset="960" SrcFileId="5" StartOffset="926"/>
</LocList>
</BasicStmnt>
<BasicStmnt CovItemId="S11" CovItemPrefix="Deck.java" Intrnl_Id="1281">
<LocList>
<Loc EndOffset="994" SrcFileId="5" StartOffset="973"/>
</LocList>
</BasicStmnt>
<BasicStmnt CovItemId="S12" CovItemPrefix="Deck.java" Intrnl_Id="1282">
<LocList>
<Loc EndOffset="1028" SrcFileId="5" StartOffset="1007"/>
</LocList>
</BasicStmnt>
<BasicStmnt CovItemId="S13" CovItemPrefix="Deck.java" Intrnl_Id="1283">
<LocList>
<Loc EndOffset="1058" SrcFileId="5" StartOffset="1041"/>
</LocList>
</BasicStmnt>
</StmntSeq>
<Keyword EndOffset="887" SrcFileId="5" StartOffset="884"/>
<LocList>
<Loc EndOffset="1068" SrcFileId="5" StartOffset="884"/>
</LocList>
<RootTerm CovItemId="C2" CovItemPrefix="Deck.java" Intrnl_Id="1284">
<BasicBoolTerm Intrnl_Id="1285">
<LocList>
<Loc EndOffset="905" SrcFileId="5" StartOffset="900"/>
</LocList>
</BasicBoolTerm>
</RootTerm>
</LoopStmnt>
</StmntSeq>
</HierarchyLvl>
<HierarchyLvl HierarchyLvlId="5510" HierarchyLvlTypeId="12" Intrnl_Id="1286" Name="toString">
<Header>
<Loc EndOffset="1106" SrcFileId="5" StartOffset="1082"/>
</Header>
<LocList>
<Loc EndOffset="1235" SrcFileId="5" StartOffset="1082"/>
</LocList>
<StmntSeq Intrnl_Id="1287">
<LocList>
<Loc EndOffset="1137" SrcFileId="5" StartOffset="1117"/>
<Loc EndOffset="1211" SrcFileId="5" StartOffset="1146"/>
<Loc EndOffset="1229" SrcFileId="5" StartOffset="1220"/>
</LocList>
<BasicStmnt CovItemId="S14" CovItemPrefix="Deck.java" Intrnl_Id="1288">
<LocList>
<Loc EndOffset="1137" SrcFileId="5" StartOffset="1117"/>
</LocList>
</BasicStmnt>
<LoopStmnt CovItemId="S15" CovItemPrefix="Deck.java" Intrnl_Id="1289" MltplExecId="L3-2" MltplExecPrefix="Deck.java" NvrExecId="L3-0" NvrExecPrefix="Deck.java" OnceExecutedId="L3-1" OnceExecutedPrefix="Deck.java" OptBodyExec="true">
<StmntSeq Intrnl_Id="1290">
<LocList>
<Loc EndOffset="1211" SrcFileId="5" StartOffset="1191"/>
</LocList>
<BasicStmnt CovItemId="S16" CovItemPrefix="Deck.java" Intrnl_Id="1291">
<LocList>
<Loc EndOffset="1211" SrcFileId="5" StartOffset="1191"/>
</LocList>
</BasicStmnt>
</StmntSeq>
<Keyword EndOffset="1149" SrcFileId="5" StartOffset="1146"/>
<LocList>
<Loc EndOffset="1211" SrcFileId="5" StartOffset="1146"/>
</LocList>
<RootTerm CovItemId="C3" CovItemPrefix="Deck.java" Intrnl_Id="1292">
<BasicBoolTerm Intrnl_Id="1293">
<LocList>
<Loc EndOffset="1172" SrcFileId="5" StartOffset="1166"/>
</LocList>
</BasicBoolTerm>
</RootTerm>
</LoopStmnt>
<BasicStmnt CovItemId="S17" CovItemPrefix="Deck.java" Intrnl_Id="1294">
<LocList>
<Loc EndOffset="1229" SrcFileId="5" StartOffset="1220"/>
</LocList>
</BasicStmnt>
</StmntSeq>
</HierarchyLvl>
<HierarchyLvl HierarchyLvlId="5511" HierarchyLvlTypeId="12" Intrnl_Id="1295" Name="main">
<Header>
<Loc EndOffset="1297" SrcFileId="5" StartOffset="1259"/>
</Header>
<LocList>
<Loc EndOffset="1413" SrcFileId="5" StartOffset="1259"/>
</LocList>
<StmntSeq Intrnl_Id="1296">
<LocList>
<Loc EndOffset="1330" SrcFileId="5" StartOffset="1307"/>
<Loc EndOffset="1358" SrcFileId="5" StartOffset="1337"/>
<Loc EndOffset="1380" SrcFileId="5" StartOffset="1365"/>
<Loc EndOffset="1408" SrcFileId="5" StartOffset="1387"/>
</LocList>
<BasicStmnt CovItemId="S18" CovItemPrefix="Deck.java" Intrnl_Id="1297">
<LocList>
<Loc EndOffset="1330" SrcFileId="5" StartOffset="1307"/>
</LocList>
</BasicStmnt>
<BasicStmnt CovItemId="S19" CovItemPrefix="Deck.java" Intrnl_Id="1298">
<LocList>
<Loc EndOffset="1358" SrcFileId="5" StartOffset="1337"/>
</LocList>
</BasicStmnt>
<BasicStmnt CovItemId="S20" CovItemPrefix="Deck.java" Intrnl_Id="1299">
<LocList>
<Loc EndOffset="1380" SrcFileId="5" StartOffset="1365"/>
</LocList>
</BasicStmnt>
<BasicStmnt CovItemId="S21" CovItemPrefix="Deck.java" Intrnl_Id="1300">
<LocList>
<Loc EndOffset="1408" SrcFileId="5" StartOffset="1387"/>
</LocList>
</BasicStmnt>
</StmntSeq>
</HierarchyLvl>
</HierarchyLvl>
<HierarchyLvl HierarchyLvlId="5520" HierarchyLvlTypeId="13" Intrnl_Id="1301" Name="Card">
<Header>
<Loc EndOffset="483" SrcFileId="6" StartOffset="466"/>
</Header>
<LocList>
<Loc EndOffset="1609" SrcFileId="6" StartOffset="466"/>
</LocList>
<HierarchyLvl HierarchyLvlId="5513" HierarchyLvlTypeId="12" Intrnl_Id="1302" Name="Card">
<Header>
<Loc EndOffset="727" SrcFileId="6" StartOffset="686"/>
</Header>
<LocList>
<Loc EndOffset="887" SrcFileId="6" StartOffset="686"/>
</LocList>
<StmntSeq Intrnl_Id="1303">
<LocList>
<Loc EndOffset="762" SrcFileId="6" StartOffset="738"/>
<Loc EndOffset="795" SrcFileId="6" StartOffset="771"/>
<Loc EndOffset="824" SrcFileId="6" StartOffset="804"/>
<Loc EndOffset="852" SrcFileId="6" StartOffset="833"/>
<Loc EndOffset="881" SrcFileId="6" StartOffset="861"/>
</LocList>
<BasicStmnt CovItemId="S1" CovItemPrefix="Card.java" Intrnl_Id="1304">
<LocList>
<Loc EndOffset="762" SrcFileId="6" StartOffset="738"/>
</LocList>
</BasicStmnt>
<BasicStmnt CovItemId="S2" CovItemPrefix="Card.java" Intrnl_Id="1305">
<LocList>
<Loc EndOffset="795" SrcFileId="6" StartOffset="771"/>
</LocList>
</BasicStmnt>
<BasicStmnt CovItemId="S3" CovItemPrefix="Card.java" Intrnl_Id="1306">
<LocList>
<Loc EndOffset="824" SrcFileId="6" StartOffset="804"/>
</LocList>
</BasicStmnt>
<BasicStmnt CovItemId="S4" CovItemPrefix="Card.java" Intrnl_Id="1307">
<LocList>
<Loc EndOffset="852" SrcFileId="6" StartOffset="833"/>
</LocList>
</BasicStmnt>
<BasicStmnt CovItemId="S5" CovItemPrefix="Card.java" Intrnl_Id="1308">
<LocList>
<Loc EndOffset="881" SrcFileId="6" StartOffset="861"/>
</LocList>
</BasicStmnt>
</StmntSeq>
</HierarchyLvl>
<HierarchyLvl HierarchyLvlId="5514" HierarchyLvlTypeId="12" Intrnl_Id="1309" Name="isAce">
<Header>
<Loc EndOffset="915" SrcFileId="6" StartOffset="893"/>
</Header>
<LocList>
<Loc EndOffset="938" SrcFileId="6" StartOffset="893"/>
</LocList>
<StmntSeq Intrnl_Id="1310">
<LocList>
<Loc EndOffset="936" SrcFileId="6" StartOffset="918"/>
</LocList>
<BasicStmnt CovItemId="S6" CovItemPrefix="Card.java" Intrnl_Id="1311">
<LocList>
<Loc EndOffset="936" SrcFileId="6" StartOffset="918"/>
</LocList>
</BasicStmnt>
</StmntSeq>
</HierarchyLvl>
<HierarchyLvl HierarchyLvlId="5515" HierarchyLvlTypeId="12" Intrnl_Id="1312" Name="rank">
<Header>
<Loc EndOffset="1020" SrcFileId="6" StartOffset="1003"/>
</Header>
<LocList>
<Loc EndOffset="1124" SrcFileId="6" StartOffset="1003"/>
</LocList>
<StmntSeq Intrnl_Id="1313">
<LocList>
<Loc EndOffset="1058" SrcFileId="6" StartOffset="1032"/>
<Loc EndOffset="1093" SrcFileId="6" StartOffset="1067"/>
<Loc EndOffset="1118" SrcFileId="6" StartOffset="1102"/>
</LocList>
<CondStmnt CovItemId="S7" CovItemPrefix="Card.java" Intrnl_Id="1314">
<Branch CovItemId="B1" CovItemPrefix="Card.java" Implct="false" Intrnl_Id="1315">
<Cond/>
<LocList>
<Loc EndOffset="1058" SrcFileId="6" StartOffset="1048"/>
</LocList>
<StmntSeq Intrnl_Id="1316">
<LocList>
<Loc EndOffset="1058" SrcFileId="6" StartOffset="1048"/>
</LocList>
<BasicStmnt CovItemId="S8" CovItemPrefix="Card.java" Intrnl_Id="1317">
<LocList>
<Loc EndOffset="1058" SrcFileId="6" StartOffset="1048"/>
</LocList>
</BasicStmnt>
</StmntSeq>
</Branch>
<Branch CovItemId="B2" CovItemPrefix="Card.java" Implct="true" Intrnl_Id="1318">
<Cond/>
<LocList/>
<StmntSeq Intrnl_Id="1319">
<LocList/>
</StmntSeq>
</Branch>
<Keyword EndOffset="1034" SrcFileId="6" StartOffset="1032"/>
<LocList>
<Loc EndOffset="1058" SrcFileId="6" StartOffset="1032"/>
</LocList>
<RootTerm CovItemId="C1" CovItemPrefix="Card.java" Intrnl_Id="1320">
<BasicBoolTerm Intrnl_Id="1321">
<LocList>
<Loc EndOffset="1046" SrcFileId="6" StartOffset="1036"/>
</LocList>
</BasicBoolTerm>
</RootTerm>
</CondStmnt>
<CondStmnt CovItemId="S9" CovItemPrefix="Card.java" Intrnl_Id="1322">
<Branch CovItemId="B3" CovItemPrefix="Card.java" Implct="false" Intrnl_Id="1323">
<Cond/>
<LocList>
<Loc EndOffset="1093" SrcFileId="6" StartOffset="1083"/>
</LocList>
<StmntSeq Intrnl_Id="1324">
<LocList>
<Loc EndOffset="1093" SrcFileId="6" StartOffset="1083"/>
</LocList>
<BasicStmnt CovItemId="S10" CovItemPrefix="Card.java" Intrnl_Id="1325">
<LocList>
<Loc EndOffset="1093" SrcFileId="6" StartOffset="1083"/>
</LocList>
</BasicStmnt>
</StmntSeq>
</Branch>
<Branch CovItemId="B4" CovItemPrefix="Card.java" Implct="true" Intrnl_Id="1326">
<Cond/>
<LocList/>
<StmntSeq Intrnl_Id="1327">
<LocList/>
</StmntSeq>
</Branch>
<Keyword EndOffset="1069" SrcFileId="6" StartOffset="1067"/>
<LocList>
<Loc EndOffset="1093" SrcFileId="6" StartOffset="1067"/>
</LocList>
<RootTerm CovItemId="C2" CovItemPrefix="Card.java" Intrnl_Id="1328">
<BasicBoolTerm Intrnl_Id="1329">
<LocList>
<Loc EndOffset="1081" SrcFileId="6" StartOffset="1071"/>
</LocList>
</BasicBoolTerm>
</RootTerm>
</CondStmnt>
<BasicStmnt CovItemId="S11" CovItemPrefix="Card.java" Intrnl_Id="1330">
<LocList>
<Loc EndOffset="1118" SrcFileId="6" StartOffset="1102"/>
</LocList>
</BasicStmnt>
</StmntSeq>
</HierarchyLvl>
<HierarchyLvl HierarchyLvlId="5516" HierarchyLvlTypeId="12" Intrnl_Id="1331" Name="draw">
<Header>
<Loc EndOffset="1174" SrcFileId="6" StartOffset="1130"/>
</Header>
<LocList>
<Loc EndOffset="1280" SrcFileId="6" StartOffset="1130"/>
</LocList>
<StmntSeq Intrnl_Id="1332">
<LocList>
<Loc EndOffset="1274" SrcFileId="6" StartOffset="1186"/>
</LocList>
<CondStmnt CovItemId="S12" CovItemPrefix="Card.java" Intrnl_Id="1333">
<Branch CovItemId="B5" CovItemPrefix="Card.java" Implct="false" Intrnl_Id="1334">
<Cond/>
<LocList>
<Loc EndOffset="1225" SrcFileId="6" StartOffset="1203"/>
</LocList>
<StmntSeq Intrnl_Id="1335">
<LocList>
<Loc EndOffset="1225" SrcFileId="6" StartOffset="1203"/>
</LocList>
<BasicStmnt CovItemId="S13" CovItemPrefix="Card.java" Intrnl_Id="1336">
<LocList>
<Loc EndOffset="1225" SrcFileId="6" StartOffset="1203"/>
</LocList>
</BasicStmnt>
</StmntSeq>
</Branch>
<Branch CovItemId="B6" CovItemPrefix="Card.java" Implct="false" Intrnl_Id="1337">
<Cond>
<Loc EndOffset="1238" SrcFileId="6" StartOffset="1234"/>
</Cond>
<LocList>
<Loc EndOffset="1274" SrcFileId="6" StartOffset="1251"/>
</LocList>
<StmntSeq Intrnl_Id="1338">
<LocList>
<Loc EndOffset="1274" SrcFileId="6" StartOffset="1251"/>
</LocList>
<BasicStmnt CovItemId="S14" CovItemPrefix="Card.java" Intrnl_Id="1339">
<LocList>
<Loc EndOffset="1274" SrcFileId="6" StartOffset="1251"/>
</LocList>
</BasicStmnt>
</StmntSeq>
</Branch>
<Keyword EndOffset="1188" SrcFileId="6" StartOffset="1186"/>
<LocList>
<Loc EndOffset="1274" SrcFileId="6" StartOffset="1186"/>
</LocList>
<RootTerm CovItemId="C3" CovItemPrefix="Card.java" Intrnl_Id="1340">
<BasicBoolTerm Intrnl_Id="1341">
<LocList>
<Loc EndOffset="1201" SrcFileId="6" StartOffset="1190"/>
</LocList>
</BasicBoolTerm>
</RootTerm>
</CondStmnt>
</StmntSeq>
</HierarchyLvl>
<HierarchyLvl HierarchyLvlId="5517" HierarchyLvlTypeId="12" Intrnl_Id="1342" Name="conceal">
<Header>
<Loc EndOffset="1308" SrcFileId="6" StartOffset="1287"/>
</Header>
<LocList>
<Loc EndOffset="1333" SrcFileId="6" StartOffset="1287"/>
</LocList>
<StmntSeq Intrnl_Id="1343">
<LocList>
<Loc EndOffset="1330" SrcFileId="6" StartOffset="1311"/>
</LocList>
<BasicStmnt CovItemId="S15" CovItemPrefix="Card.java" Intrnl_Id="1344">
<LocList>
<Loc EndOffset="1330" SrcFileId="6" StartOffset="1311"/>
</LocList>
</BasicStmnt>
</StmntSeq>
</HierarchyLvl>
<HierarchyLvl HierarchyLvlId="5518" HierarchyLvlTypeId="12" Intrnl_Id="1345" Name="reveal">
<Header>
<Loc EndOffset="1358" SrcFileId="6" StartOffset="1338"/>
</Header>
<LocList>
<Loc EndOffset="1384" SrcFileId="6" StartOffset="1338"/>
</LocList>
<StmntSeq Intrnl_Id="1346">
<LocList>
<Loc EndOffset="1382" SrcFileId="6" StartOffset="1362"/>
</LocList>
<BasicStmnt CovItemId="S16" CovItemPrefix="Card.java" Intrnl_Id="1347">
<LocList>
<Loc EndOffset="1382" SrcFileId="6" StartOffset="1362"/>
</LocList>
</BasicStmnt>
</StmntSeq>
</HierarchyLvl>
<HierarchyLvl HierarchyLvlId="5519" HierarchyLvlTypeId="12" Intrnl_Id="1348" Name="toString">
<Header>
<Loc EndOffset="1465" SrcFileId="6" StartOffset="1441"/>
</Header>
<LocList>
<Loc EndOffset="1605" SrcFileId="6" StartOffset="1441"/>
</LocList>
<StmntSeq Intrnl_Id="1349">
<LocList>
<Loc EndOffset="1507" SrcFileId="6" StartOffset="1476"/>
<Loc EndOffset="1538" SrcFileId="6" StartOffset="1516"/>
<Loc EndOffset="1599" SrcFileId="6" StartOffset="1547"/>
</LocList>
<BasicStmnt CovItemId="S17" CovItemPrefix="Card.java" Intrnl_Id="1350">
<LocList>
<Loc EndOffset="1507" SrcFileId="6" StartOffset="1476"/>
</LocList>
</BasicStmnt>
<BasicStmnt CovItemId="S18" CovItemPrefix="Card.java" Intrnl_Id="1351">
<LocList>
<Loc EndOffset="1538" SrcFileId="6" StartOffset="1516"/>
</LocList>
</BasicStmnt>
<BasicStmnt CovItemId="S19" CovItemPrefix="Card.java" Intrnl_Id="1352">
<LocList>
<Loc EndOffset="1599" SrcFileId="6" StartOffset="1547"/>
</LocList>
</BasicStmnt>
</StmntSeq>
</HierarchyLvl>
</HierarchyLvl>
<HierarchyLvl HierarchyLvlId="5527" HierarchyLvlTypeId="13" Intrnl_Id="1353" Name="BlackJack">
<Header>
<Loc EndOffset="329" SrcFileId="7" StartOffset="266"/>
</Header>
<LocList>
<Loc EndOffset="4075" SrcFileId="7" StartOffset="266"/>
</LocList>
<StmntSeq Intrnl_Id="1354">
<LocList>
<Loc EndOffset="386" SrcFileId="7" StartOffset="336"/>
<Loc EndOffset="437" SrcFileId="7" StartOffset="414"/>
<Loc EndOffset="480" SrcFileId="7" StartOffset="442"/>
<Loc EndOffset="543" SrcFileId="7" StartOffset="486"/>
<Loc EndOffset="605" SrcFileId="7" StartOffset="548"/>
<Loc EndOffset="662" SrcFileId="7" StartOffset="611"/>
<Loc EndOffset="717" SrcFileId="7" StartOffset="667"/>
<Loc EndOffset="771" SrcFileId="7" StartOffset="722"/>
<Loc EndOffset="831" SrcFileId="7" StartOffset="777"/>
</LocList>
<BasicStmnt CovItemId="S1" CovItemPrefix="BlackJack.java" Intrnl_Id="1355">
<LocList>
<Loc EndOffset="386" SrcFileId="7" StartOffset="336"/>
</LocList>
</BasicStmnt>
<BasicStmnt CovItemId="S2" CovItemPrefix="BlackJack.java" Intrnl_Id="1356">
<LocList>
<Loc EndOffset="437" SrcFileId="7" StartOffset="414"/>
</LocList>
</BasicStmnt>
<BasicStmnt CovItemId="S3" CovItemPrefix="BlackJack.java" Intrnl_Id="1357">
<LocList>
<Loc EndOffset="480" SrcFileId="7" StartOffset="442"/>
</LocList>
</BasicStmnt>
<BasicStmnt CovItemId="S4" CovItemPrefix="BlackJack.java" Intrnl_Id="1358">
<LocList>
<Loc EndOffset="543" SrcFileId="7" StartOffset="486"/>
</LocList>
</BasicStmnt>
<BasicStmnt CovItemId="S5" CovItemPrefix="BlackJack.java" Intrnl_Id="1359">
<LocList>
<Loc EndOffset="605" SrcFileId="7" StartOffset="548"/>
</LocList>
</BasicStmnt>
<BasicStmnt CovItemId="S6" CovItemPrefix="BlackJack.java" Intrnl_Id="1360">
<LocList>
<Loc EndOffset="662" SrcFileId="7" StartOffset="611"/>
</LocList>
</BasicStmnt>
<BasicStmnt CovItemId="S7" CovItemPrefix="BlackJack.java" Intrnl_Id="1361">
<LocList>
<Loc EndOffset="717" SrcFileId="7" StartOffset="667"/>
</LocList>
</BasicStmnt>
<BasicStmnt CovItemId="S8" CovItemPrefix="BlackJack.java" Intrnl_Id="1362">
<LocList>
<Loc EndOffset="771" SrcFileId="7" StartOffset="722"/>
</LocList>
</BasicStmnt>
<BasicStmnt CovItemId="S9" CovItemPrefix="BlackJack.java" Intrnl_Id="1363">
<LocList>
<Loc EndOffset="831" SrcFileId="7" StartOffset="777"/>
</LocList>
</BasicStmnt>
</StmntSeq>
<HierarchyLvl HierarchyLvlId="5521" HierarchyLvlTypeId="12" Intrnl_Id="1364" Name="BlackJack">
<Header>
<Loc EndOffset="848" SrcFileId="7" StartOffset="837"/>
</Header>
<LocList>
<Loc EndOffset="1779" SrcFileId="7" StartOffset="837"/>
</LocList>
<StmntSeq Intrnl_Id="1365">
<LocList>
<Loc EndOffset="885" SrcFileId="7" StartOffset="859"/>
<Loc EndOffset="914" SrcFileId="7" StartOffset="894"/>
<Loc EndOffset="970" SrcFileId="7" StartOffset="923"/>
<Loc EndOffset="1050" SrcFileId="7" StartOffset="1020"/>
<Loc EndOffset="1082" SrcFileId="7" StartOffset="1059"/>
<Loc EndOffset="1116" SrcFileId="7" StartOffset="1091"/>
<Loc EndOffset="1149" SrcFileId="7" StartOffset="1125"/>
<Loc EndOffset="1192" SrcFileId="7" StartOffset="1158"/>
<Loc EndOffset="1237" SrcFileId="7" StartOffset="1201"/>
<Loc EndOffset="1281" SrcFileId="7" StartOffset="1246"/>
<Loc EndOffset="1318" SrcFileId="7" StartOffset="1290"/>
<Loc EndOffset="1357" SrcFileId="7" StartOffset="1327"/>
<Loc EndOffset="1505" SrcFileId="7" StartOffset="1427"/>
<Loc EndOffset="1541" SrcFileId="7" StartOffset="1514"/>
<Loc EndOffset="1580" SrcFileId="7" StartOffset="1550"/>
<Loc EndOffset="1618" SrcFileId="7" StartOffset="1589"/>
<Loc EndOffset="1662" SrcFileId="7" StartOffset="1628"/>
<Loc EndOffset="1696" SrcFileId="7" StartOffset="1671"/>
<Loc EndOffset="1731" SrcFileId="7" StartOffset="1705"/>
<Loc EndOffset="1747" SrcFileId="7" StartOffset="1740"/>
<Loc EndOffset="1773" SrcFileId="7" StartOffset="1756"/>
</LocList>
<BasicStmnt CovItemId="S10" CovItemPrefix="BlackJack.java" Intrnl_Id="1366">
<LocList>
<Loc EndOffset="885" SrcFileId="7" StartOffset="859"/>
</LocList>
</BasicStmnt>
<BasicStmnt CovItemId="S11" CovItemPrefix="BlackJack.java" Intrnl_Id="1367">
<LocList>
<Loc EndOffset="914" SrcFileId="7" StartOffset="894"/>
</LocList>
</BasicStmnt>
<BasicStmnt CovItemId="S12" CovItemPrefix="BlackJack.java" Intrnl_Id="1368">
<LocList>
<Loc EndOffset="970" SrcFileId="7" StartOffset="923"/>
</LocList>
</BasicStmnt>
<BasicStmnt CovItemId="S13" CovItemPrefix="BlackJack.java" Intrnl_Id="1369">
<LocList>
<Loc EndOffset="1050" SrcFileId="7" StartOffset="1020"/>
</LocList>
</BasicStmnt>
<BasicStmnt CovItemId="S14" CovItemPrefix="BlackJack.java" Intrnl_Id="1370">
<LocList>
<Loc EndOffset="1082" SrcFileId="7" StartOffset="1059"/>
</LocList>
</BasicStmnt>
<BasicStmnt CovItemId="S15" CovItemPrefix="BlackJack.java" Intrnl_Id="1371">
<LocList>
<Loc EndOffset="1116" SrcFileId="7" StartOffset="1091"/>
</LocList>
</BasicStmnt>
<BasicStmnt CovItemId="S16" CovItemPrefix="BlackJack.java" Intrnl_Id="1372">
<LocList>
<Loc EndOffset="1149" SrcFileId="7" StartOffset="1125"/>
</LocList>
</BasicStmnt>
<BasicStmnt CovItemId="S17" CovItemPrefix="BlackJack.java" Intrnl_Id="1373">
<LocList>
<Loc EndOffset="1192" SrcFileId="7" StartOffset="1158"/>
</LocList>
</BasicStmnt>
<BasicStmnt CovItemId="S18" CovItemPrefix="BlackJack.java" Intrnl_Id="1374">
<LocList>
<Loc EndOffset="1237" SrcFileId="7" StartOffset="1201"/>
</LocList>
</BasicStmnt>
<BasicStmnt CovItemId="S19" CovItemPrefix="BlackJack.java" Intrnl_Id="1375">
<LocList>
<Loc EndOffset="1281" SrcFileId="7" StartOffset="1246"/>
</LocList>
</BasicStmnt>
<BasicStmnt CovItemId="S20" CovItemPrefix="BlackJack.java" Intrnl_Id="1376">
<LocList>
<Loc EndOffset="1318" SrcFileId="7" StartOffset="1290"/>
</LocList>
</BasicStmnt>
<BasicStmnt CovItemId="S21" CovItemPrefix="BlackJack.java" Intrnl_Id="1377">
<LocList>
<Loc EndOffset="1357" SrcFileId="7" StartOffset="1327"/>
</LocList>
</BasicStmnt>
<BasicStmnt CovItemId="S22" CovItemPrefix="BlackJack.java" Intrnl_Id="1378">
<LocList>
<Loc EndOffset="1505" SrcFileId="7" StartOffset="1427"/>
</LocList>
</BasicStmnt>
<BasicStmnt CovItemId="S23" CovItemPrefix="BlackJack.java" Intrnl_Id="1379">
<LocList>
<Loc EndOffset="1541" SrcFileId="7" StartOffset="1514"/>
</LocList>
</BasicStmnt>
<BasicStmnt CovItemId="S24" CovItemPrefix="BlackJack.java" Intrnl_Id="1380">
<LocList>
<Loc EndOffset="1580" SrcFileId="7" StartOffset="1550"/>
</LocList>
</BasicStmnt>
<BasicStmnt CovItemId="S25" CovItemPrefix="BlackJack.java" Intrnl_Id="1381">
<LocList>
<Loc EndOffset="1618" SrcFileId="7" StartOffset="1589"/>
</LocList>
</BasicStmnt>
<BasicStmnt CovItemId="S26" CovItemPrefix="BlackJack.java" Intrnl_Id="1382">
<LocList>
<Loc EndOffset="1662" SrcFileId="7" StartOffset="1628"/>
</LocList>
</BasicStmnt>
<BasicStmnt CovItemId="S27" CovItemPrefix="BlackJack.java" Intrnl_Id="1383">
<LocList>
<Loc EndOffset="1696" SrcFileId="7" StartOffset="1671"/>
</LocList>
</BasicStmnt>
<BasicStmnt CovItemId="S28" CovItemPrefix="BlackJack.java" Intrnl_Id="1384">
<LocList>
<Loc EndOffset="1731" SrcFileId="7" StartOffset="1705"/>
</LocList>
</BasicStmnt>
<BasicStmnt CovItemId="S29" CovItemPrefix="BlackJack.java" Intrnl_Id="1385">
<LocList>
<Loc EndOffset="1747" SrcFileId="7" StartOffset="1740"/>
</LocList>
</BasicStmnt>
<BasicStmnt CovItemId="S30" CovItemPrefix="BlackJack.java" Intrnl_Id="1386">
<LocList>
<Loc EndOffset="1773" SrcFileId="7" StartOffset="1756"/>
</LocList>
</BasicStmnt>
</StmntSeq>
</HierarchyLvl>
<HierarchyLvl HierarchyLvlId="5522" HierarchyLvlTypeId="12" Intrnl_Id="1387" Name="hit">
<Header>
<Loc EndOffset="1867" SrcFileId="7" StartOffset="1837"/>
</Header>
<LocList>
<Loc EndOffset="1966" SrcFileId="7" StartOffset="1837"/>
</LocList>
<StmntSeq Intrnl_Id="1388">
<LocList>
<Loc EndOffset="1909" SrcFileId="7" StartOffset="1878"/>
<Loc EndOffset="1936" SrcFileId="7" StartOffset="1918"/>
<Loc EndOffset="1960" SrcFileId="7" StartOffset="1945"/>
</LocList>
<BasicStmnt CovItemId="S31" CovItemPrefix="BlackJack.java" Intrnl_Id="1389">
<LocList>
<Loc EndOffset="1909" SrcFileId="7" StartOffset="1878"/>
</LocList>
</BasicStmnt>
<BasicStmnt CovItemId="S32" CovItemPrefix="BlackJack.java" Intrnl_Id="1390">
<LocList>
<Loc EndOffset="1936" SrcFileId="7" StartOffset="1918"/>
</LocList>
</BasicStmnt>
<BasicStmnt CovItemId="S33" CovItemPrefix="BlackJack.java" Intrnl_Id="1391">
<LocList>
<Loc EndOffset="1960" SrcFileId="7" StartOffset="1945"/>
</LocList>
</BasicStmnt>
</StmntSeq>
</HierarchyLvl>
<HierarchyLvl HierarchyLvlId="5523" HierarchyLvlTypeId="12" Intrnl_Id="1392" Name="deal">
<Header>
<Loc EndOffset="2049" SrcFileId="7" StartOffset="2031"/>
</Header>
<LocList>
<Loc EndOffset="2451" SrcFileId="7" StartOffset="2031"/>
</LocList>
<StmntSeq Intrnl_Id="1393">
<LocList>
<Loc EndOffset="2083" SrcFileId="7" StartOffset="2060"/>
<Loc EndOffset="2108" SrcFileId="7" StartOffset="2092"/>
<Loc EndOffset="2132" SrcFileId="7" StartOffset="2117"/>
<Loc EndOffset="2290" SrcFileId="7" StartOffset="2141"/>
<Loc EndOffset="2312" SrcFileId="7" StartOffset="2299"/>
<Loc EndOffset="2333" SrcFileId="7" StartOffset="2321"/>
<Loc EndOffset="2366" SrcFileId="7" StartOffset="2342"/>
<Loc EndOffset="2424" SrcFileId="7" StartOffset="2411"/>
<Loc EndOffset="2445" SrcFileId="7" StartOffset="2433"/>
</LocList>
<BasicStmnt CovItemId="S34" CovItemPrefix="BlackJack.java" Intrnl_Id="1394">
<LocList>
<Loc EndOffset="2083" SrcFileId="7" StartOffset="2060"/>
</LocList>
</BasicStmnt>
<BasicStmnt CovItemId="S35" CovItemPrefix="BlackJack.java" Intrnl_Id="1395">
<LocList>
<Loc EndOffset="2108" SrcFileId="7" StartOffset="2092"/>
</LocList>
</BasicStmnt>
<BasicStmnt CovItemId="S36" CovItemPrefix="BlackJack.java" Intrnl_Id="1396">
<LocList>
<Loc EndOffset="2132" SrcFileId="7" StartOffset="2117"/>
</LocList>
</BasicStmnt>
<CondStmnt CovItemId="S37" CovItemPrefix="BlackJack.java" Intrnl_Id="1397">
<Branch CovItemId="B1" CovItemPrefix="BlackJack.java" Implct="false" Intrnl_Id="1398">
<Cond/>
<LocList>
<Loc EndOffset="2290" SrcFileId="7" StartOffset="2179"/>
</LocList>
<StmntSeq Intrnl_Id="1399">
<LocList>
<Loc EndOffset="2211" SrcFileId="7" StartOffset="2193"/>
<Loc EndOffset="2239" SrcFileId="7" StartOffset="2224"/>
<Loc EndOffset="2280" SrcFileId="7" StartOffset="2252"/>
</LocList>
<BasicStmnt CovItemId="S38" CovItemPrefix="BlackJack.java" Intrnl_Id="1400">
<LocList>
<Loc EndOffset="2211" SrcFileId="7" StartOffset="2193"/>
</LocList>
</BasicStmnt>
<BasicStmnt CovItemId="S39" CovItemPrefix="BlackJack.java" Intrnl_Id="1401">
<LocList>
<Loc EndOffset="2239" SrcFileId="7" StartOffset="2224"/>
</LocList>
</BasicStmnt>
<BasicStmnt CovItemId="S40" CovItemPrefix="BlackJack.java" Intrnl_Id="1402">
<LocList>
<Loc EndOffset="2280" SrcFileId="7" StartOffset="2252"/>
</LocList>
</BasicStmnt>
</StmntSeq>
</Branch>
<Branch CovItemId="B2" CovItemPrefix="BlackJack.java" Implct="true" Intrnl_Id="1403">
<Cond/>
<LocList/>
<StmntSeq Intrnl_Id="1404">
<LocList/>
</StmntSeq>
</Branch>
<Keyword EndOffset="2143" SrcFileId="7" StartOffset="2141"/>
<LocList>
<Loc EndOffset="2290" SrcFileId="7" StartOffset="2141"/>
</LocList>
<RootTerm CovItemId="C1" CovItemPrefix="BlackJack.java" Intrnl_Id="1405">
<OpTerm BooleanOpId="9" Intrnl_Id="1406">
<BasicBoolTerm Intrnl_Id="1407">
<LocList>
<Loc EndOffset="2157" SrcFileId="7" StartOffset="2145"/>
</LocList>
</BasicBoolTerm>
<BasicBoolTerm Intrnl_Id="1408">
<LocList>
<Loc EndOffset="2177" SrcFileId="7" StartOffset="2161"/>
</LocList>
</BasicBoolTerm>
<LocList>
<Loc EndOffset="2160" SrcFileId="7" StartOffset="2158"/>
</LocList>
</OpTerm>
</RootTerm>
</CondStmnt>
<BasicStmnt CovItemId="S41" CovItemPrefix="BlackJack.java" Intrnl_Id="1409">
<LocList>
<Loc EndOffset="2312" SrcFileId="7" StartOffset="2299"/>
</LocList>
</BasicStmnt>
<BasicStmnt CovItemId="S42" CovItemPrefix="BlackJack.java" Intrnl_Id="1410">
<LocList>
<Loc EndOffset="2333" SrcFileId="7" StartOffset="2321"/>
</LocList>
</BasicStmnt>
<BasicStmnt CovItemId="S43" CovItemPrefix="BlackJack.java" Intrnl_Id="1411">
<LocList>
<Loc EndOffset="2366" SrcFileId="7" StartOffset="2342"/>
</LocList>
</BasicStmnt>
<BasicStmnt CovItemId="S44" CovItemPrefix="BlackJack.java" Intrnl_Id="1412">
<LocList>
<Loc EndOffset="2424" SrcFileId="7" StartOffset="2411"/>
</LocList>
</BasicStmnt>
<BasicStmnt CovItemId="S45" CovItemPrefix="BlackJack.java" Intrnl_Id="1413">
<LocList>
<Loc EndOffset="2445" SrcFileId="7" StartOffset="2433"/>
</LocList>
</BasicStmnt>
</StmntSeq>
</HierarchyLvl>
<HierarchyLvl HierarchyLvlId="5524" HierarchyLvlTypeId="12" Intrnl_Id="1414" Name="checkWinner">
<Header>
<Loc EndOffset="2498" SrcFileId="7" StartOffset="2473"/>
</Header>
<LocList>
<Loc EndOffset="3082" SrcFileId="7" StartOffset="2473"/>
</LocList>
<StmntSeq Intrnl_Id="1415">
<LocList>
<Loc EndOffset="2532" SrcFileId="7" StartOffset="2509"/>
<Loc EndOffset="2598" SrcFileId="7" StartOffset="2580"/>
<Loc EndOffset="2622" SrcFileId="7" StartOffset="2607"/>
<Loc EndOffset="3034" SrcFileId="7" StartOffset="2631"/>
<Loc EndOffset="3076" SrcFileId="7" StartOffset="3043"/>
</LocList>
<BasicStmnt CovItemId="S46" CovItemPrefix="BlackJack.java" Intrnl_Id="1416">
<LocList>
<Loc EndOffset="2532" SrcFileId="7" StartOffset="2509"/>
</LocList>
</BasicStmnt>
<BasicStmnt CovItemId="S47" CovItemPrefix="BlackJack.java" Intrnl_Id="1417">
<LocList>
<Loc EndOffset="2598" SrcFileId="7" StartOffset="2580"/>
</LocList>
</BasicStmnt>
<BasicStmnt CovItemId="S48" CovItemPrefix="BlackJack.java" Intrnl_Id="1418">
<LocList>
<Loc EndOffset="2622" SrcFileId="7" StartOffset="2607"/>
</LocList>
</BasicStmnt>
<CondStmnt CovItemId="S49" CovItemPrefix="BlackJack.java" Intrnl_Id="1419">
<Branch CovItemId="B3" CovItemPrefix="BlackJack.java" Implct="false" Intrnl_Id="1420">
<Cond/>
<LocList>
<Loc EndOffset="2707" SrcFileId="7" StartOffset="2675"/>
</LocList>
<StmntSeq Intrnl_Id="1421">
<LocList>
<Loc EndOffset="2707" SrcFileId="7" StartOffset="2675"/>
</LocList>
<BasicStmnt CovItemId="S50" CovItemPrefix="BlackJack.java" Intrnl_Id="1422">
<LocList>
<Loc EndOffset="2707" SrcFileId="7" StartOffset="2675"/>
</LocList>
</BasicStmnt>
</StmntSeq>
</Branch>
<Branch CovItemId="B4" CovItemPrefix="BlackJack.java" Implct="false" Intrnl_Id="1423">
<Cond>
<Loc EndOffset="2720" SrcFileId="7" StartOffset="2716"/>
</Cond>
<LocList>
<Loc EndOffset="3034" SrcFileId="7" StartOffset="2721"/>
</LocList>
<StmntSeq Intrnl_Id="1424">
<LocList>
<Loc EndOffset="3034" SrcFileId="7" StartOffset="2721"/>
</LocList>
<CondStmnt CovItemId="S51" CovItemPrefix="BlackJack.java" Intrnl_Id="1425">
<Branch CovItemId="B5" CovItemPrefix="BlackJack.java" Implct="false" Intrnl_Id="1426">
<Cond/>
<LocList>
<Loc EndOffset="2791" SrcFileId="7" StartOffset="2760"/>
</LocList>
<StmntSeq Intrnl_Id="1427">
<LocList>
<Loc EndOffset="2791" SrcFileId="7" StartOffset="2760"/>
</LocList>
<BasicStmnt CovItemId="S52" CovItemPrefix="BlackJack.java" Intrnl_Id="1428">
<LocList>
<Loc EndOffset="2791" SrcFileId="7" StartOffset="2760"/>
</LocList>
</BasicStmnt>
</StmntSeq>
</Branch>
<Branch CovItemId="B6" CovItemPrefix="BlackJack.java" Implct="false" Intrnl_Id="1429">
<Cond>
<Loc EndOffset="2804" SrcFileId="7" StartOffset="2800"/>
</Cond>
<LocList>
<Loc EndOffset="3034" SrcFileId="7" StartOffset="2805"/>
</LocList>
<StmntSeq Intrnl_Id="1430">
<LocList>
<Loc EndOffset="3034" SrcFileId="7" StartOffset="2805"/>
</LocList>
<CondStmnt CovItemId="S53" CovItemPrefix="BlackJack.java" Intrnl_Id="1431">
<Branch CovItemId="B7" CovItemPrefix="BlackJack.java" Implct="false" Intrnl_Id="1432">
<Cond/>
<LocList>
<Loc EndOffset="2867" SrcFileId="7" StartOffset="2844"/>
</LocList>
<StmntSeq Intrnl_Id="1433">
<LocList>
<Loc EndOffset="2867" SrcFileId="7" StartOffset="2844"/>
</LocList>
<BasicStmnt CovItemId="S54" CovItemPrefix="BlackJack.java" Intrnl_Id="1434">
<LocList>
<Loc EndOffset="2867" SrcFileId="7" StartOffset="2844"/>
</LocList>
</BasicStmnt>
</StmntSeq>
</Branch>
<Branch CovItemId="B8" CovItemPrefix="BlackJack.java" Implct="false" Intrnl_Id="1435">
<Cond>
<Loc EndOffset="2880" SrcFileId="7" StartOffset="2876"/>
</Cond>
<LocList>
<Loc EndOffset="3034" SrcFileId="7" StartOffset="2881"/>
</LocList>
<StmntSeq Intrnl_Id="1436">
<LocList>
<Loc EndOffset="3034" SrcFileId="7" StartOffset="2881"/>
</LocList>
<CondStmnt CovItemId="S55" CovItemPrefix="BlackJack.java" Intrnl_Id="1437">
<Branch CovItemId="B9" CovItemPrefix="BlackJack.java" Implct="false" Intrnl_Id="1438">
<Cond/>
<LocList>
<Loc EndOffset="2951" SrcFileId="7" StartOffset="2920"/>
</LocList>
<StmntSeq Intrnl_Id="1439">
<LocList>
<Loc EndOffset="2951" SrcFileId="7" StartOffset="2920"/>
</LocList>
<BasicStmnt CovItemId="S56" CovItemPrefix="BlackJack.java" Intrnl_Id="1440">
<LocList>
<Loc EndOffset="2951" SrcFileId="7" StartOffset="2920"/>
</LocList>
</BasicStmnt>
</StmntSeq>
</Branch>
<Branch CovItemId="B10" CovItemPrefix="BlackJack.java" Implct="false" Intrnl_Id="1441">
<Cond>
<Loc EndOffset="2964" SrcFileId="7" StartOffset="2960"/>
</Cond>
<LocList>
<Loc EndOffset="3034" SrcFileId="7" StartOffset="3004"/>
</LocList>
<StmntSeq Intrnl_Id="1442">
<LocList>
<Loc EndOffset="3034" SrcFileId="7" StartOffset="3004"/>
</LocList>
<BasicStmnt CovItemId="S57" CovItemPrefix="BlackJack.java" Intrnl_Id="1443">
<LocList>
<Loc EndOffset="3034" SrcFileId="7" StartOffset="3004"/>
</LocList>
</BasicStmnt>
</StmntSeq>
</Branch>
<Keyword EndOffset="2883" SrcFileId="7" StartOffset="2881"/>
<LocList>
<Loc EndOffset="3034" SrcFileId="7" StartOffset="2881"/>
</LocList>
<RootTerm CovItemId="C5" CovItemPrefix="BlackJack.java" Intrnl_Id="1444">
<BasicBoolTerm Intrnl_Id="1445">
<LocList>
<Loc EndOffset="2918" SrcFileId="7" StartOffset="2885"/>
</LocList>
</BasicBoolTerm>
</RootTerm>
</CondStmnt>
</StmntSeq>
</Branch>
<Keyword EndOffset="2807" SrcFileId="7" StartOffset="2805"/>
<LocList>
<Loc EndOffset="3034" SrcFileId="7" StartOffset="2805"/>
</LocList>
<RootTerm CovItemId="C4" CovItemPrefix="BlackJack.java" Intrnl_Id="1446">
<BasicBoolTerm Intrnl_Id="1447">
<LocList>
<Loc EndOffset="2842" SrcFileId="7" StartOffset="2809"/>
</LocList>
</BasicBoolTerm>
</RootTerm>
</CondStmnt>
</StmntSeq>
</Branch>
<Keyword EndOffset="2723" SrcFileId="7" StartOffset="2721"/>
<LocList>
<Loc EndOffset="3034" SrcFileId="7" StartOffset="2721"/>
</LocList>
<RootTerm CovItemId="C3" CovItemPrefix="BlackJack.java" Intrnl_Id="1448">
<BasicBoolTerm Intrnl_Id="1449">
<LocList>
<Loc EndOffset="2746" SrcFileId="7" StartOffset="2725"/>
</LocList>
</BasicBoolTerm>
</RootTerm>
</CondStmnt>
</StmntSeq>
</Branch>
<Keyword EndOffset="2633" SrcFileId="7" StartOffset="2631"/>
<LocList>
<Loc EndOffset="3034" SrcFileId="7" StartOffset="2631"/>
</LocList>
<RootTerm CovItemId="C2" CovItemPrefix="BlackJack.java" Intrnl_Id="1450">
<BasicBoolTerm Intrnl_Id="1451">
<LocList>
<Loc EndOffset="2661" SrcFileId="7" StartOffset="2640"/>
</LocList>
</BasicBoolTerm>
</RootTerm>
</CondStmnt>
<BasicStmnt CovItemId="S58" CovItemPrefix="BlackJack.java" Intrnl_Id="1452">
<LocList>
<Loc EndOffset="3076" SrcFileId="7" StartOffset="3043"/>
</LocList>
</BasicStmnt>
</StmntSeq>
</HierarchyLvl>
<HierarchyLvl HierarchyLvlId="5525" HierarchyLvlTypeId="12" Intrnl_Id="1453" Name="actionPerformed">
<Header>
<Loc EndOffset="3159" SrcFileId="7" StartOffset="3117"/>
</Header>
<LocList>
<Loc EndOffset="3972" SrcFileId="7" StartOffset="3117"/>
</LocList>
<StmntSeq Intrnl_Id="1454">
<LocList>
<Loc EndOffset="3460" SrcFileId="7" StartOffset="3170"/>
<Loc EndOffset="3735" SrcFileId="7" StartOffset="3470"/>
<Loc EndOffset="3966" SrcFileId="7" StartOffset="3745"/>
</LocList>
<CondStmnt CovItemId="S59" CovItemPrefix="BlackJack.java" Intrnl_Id="1455">
<Branch CovItemId="B11" CovItemPrefix="BlackJack.java" Implct="false" Intrnl_Id="1456">
<Cond/>
<LocList>
<Loc EndOffset="3460" SrcFileId="7" StartOffset="3202"/>
</LocList>
<StmntSeq Intrnl_Id="1457">
<LocList>
<Loc EndOffset="3229" SrcFileId="7" StartOffset="3216"/>
<Loc EndOffset="3450" SrcFileId="7" StartOffset="3242"/>
</LocList>
<BasicStmnt CovItemId="S60" CovItemPrefix="BlackJack.java" Intrnl_Id="1458">
<LocList>
<Loc EndOffset="3229" SrcFileId="7" StartOffset="3216"/>
</LocList>
</BasicStmnt>
<CondStmnt CovItemId="S61" CovItemPrefix="BlackJack.java" Intrnl_Id="1459">
<Branch CovItemId="B13" CovItemPrefix="BlackJack.java" Implct="false" Intrnl_Id="1460">
<Cond/>
<LocList>
<Loc EndOffset="3450" SrcFileId="7" StartOffset="3267"/>
</LocList>
<StmntSeq Intrnl_Id="1461">
<LocList>
<Loc EndOffset="3299" SrcFileId="7" StartOffset="3285"/>
<Loc EndOffset="3344" SrcFileId="7" StartOffset="3316"/>
<Loc EndOffset="3391" SrcFileId="7" StartOffset="3361"/>
<Loc EndOffset="3436" SrcFileId="7" StartOffset="3408"/>
</LocList>
<BasicStmnt CovItemId="S62" CovItemPrefix="BlackJack.java" Intrnl_Id="1462">
<LocList>
<Loc EndOffset="3299" SrcFileId="7" StartOffset="3285"/>
</LocList>
</BasicStmnt>
<BasicStmnt CovItemId="S63" CovItemPrefix="BlackJack.java" Intrnl_Id="1463">
<LocList>
<Loc EndOffset="3344" SrcFileId="7" StartOffset="3316"/>
</LocList>
</BasicStmnt>
<BasicStmnt CovItemId="S64" CovItemPrefix="BlackJack.java" Intrnl_Id="1464">
<LocList>
<Loc EndOffset="3391" SrcFileId="7" StartOffset="3361"/>
</LocList>
</BasicStmnt>
<BasicStmnt CovItemId="S65" CovItemPrefix="BlackJack.java" Intrnl_Id="1465">
<LocList>
<Loc EndOffset="3436" SrcFileId="7" StartOffset="3408"/>
</LocList>
</BasicStmnt>
</StmntSeq>
</Branch>
<Branch CovItemId="B14" CovItemPrefix="BlackJack.java" Implct="true" Intrnl_Id="1466">
<Cond/>
<LocList/>
<StmntSeq Intrnl_Id="1467">
<LocList/>
</StmntSeq>
</Branch>
<Keyword EndOffset="3244" SrcFileId="7" StartOffset="3242"/>
<LocList>
<Loc EndOffset="3450" SrcFileId="7" StartOffset="3242"/>
</LocList>
<RootTerm CovItemId="C7" CovItemPrefix="BlackJack.java" Intrnl_Id="1468">
<BasicBoolTerm Intrnl_Id="1469">
<LocList>
<Loc EndOffset="3265" SrcFileId="7" StartOffset="3245"/>
</LocList>
</BasicBoolTerm>
</RootTerm>
</CondStmnt>
</StmntSeq>
</Branch>
<Branch CovItemId="B12" CovItemPrefix="BlackJack.java" Implct="true" Intrnl_Id="1470">
<Cond/>
<LocList/>
<StmntSeq Intrnl_Id="1471">
<LocList/>
</StmntSeq>
</Branch>
<Keyword EndOffset="3172" SrcFileId="7" StartOffset="3170"/>
<LocList>
<Loc EndOffset="3460" SrcFileId="7" StartOffset="3170"/>
</LocList>
<RootTerm CovItemId="C6" CovItemPrefix="BlackJack.java" Intrnl_Id="1472">
<BasicBoolTerm Intrnl_Id="1473">
<LocList>
<Loc EndOffset="3200" SrcFileId="7" StartOffset="3174"/>
</LocList>
</BasicBoolTerm>
</RootTerm>
</CondStmnt>
<CondStmnt CovItemId="S66" CovItemPrefix="BlackJack.java" Intrnl_Id="1474">
<Branch CovItemId="B15" CovItemPrefix="BlackJack.java" Implct="false" Intrnl_Id="1475">
<Cond/>
<LocList>
<Loc EndOffset="3735" SrcFileId="7" StartOffset="3504"/>
</LocList>
<StmntSeq Intrnl_Id="1476">
<LocList>
<Loc EndOffset="3573" SrcFileId="7" StartOffset="3518"/>
<Loc EndOffset="3600" SrcFileId="7" StartOffset="3586"/>
<Loc EndOffset="3641" SrcFileId="7" StartOffset="3613"/>
<Loc EndOffset="3684" SrcFileId="7" StartOffset="3654"/>
<Loc EndOffset="3725" SrcFileId="7" StartOffset="3697"/>
</LocList>
<LoopStmnt CovItemId="S67" CovItemPrefix="BlackJack.java" Intrnl_Id="1477" MltplExecId="L1-2" MltplExecPrefix="BlackJack.java" NvrExecId="L1-0" NvrExecPrefix="BlackJack.java" OnceExecutedId="L1-1" OnceExecutedPrefix="BlackJack.java" OptBodyExec="true">
<StmntSeq Intrnl_Id="1478">
<LocList>
<Loc EndOffset="3573" SrcFileId="7" StartOffset="3561"/>
</LocList>
<BasicStmnt CovItemId="S68" CovItemPrefix="BlackJack.java" Intrnl_Id="1479">
<LocList>
<Loc EndOffset="3573" SrcFileId="7" StartOffset="3561"/>
</LocList>
</BasicStmnt>
</StmntSeq>
<Keyword EndOffset="3523" SrcFileId="7" StartOffset="3518"/>
<LocList>
<Loc EndOffset="3573" SrcFileId="7" StartOffset="3518"/>
</LocList>
<RootTerm CovItemId="C9" CovItemPrefix="BlackJack.java" Intrnl_Id="1480">
<BasicBoolTerm Intrnl_Id="1481">
<LocList>
<Loc EndOffset="3543" SrcFileId="7" StartOffset="3524"/>
</LocList>
</BasicBoolTerm>
</RootTerm>
</LoopStmnt>
<BasicStmnt CovItemId="S69" CovItemPrefix="BlackJack.java" Intrnl_Id="1482">
<LocList>
<Loc EndOffset="3600" SrcFileId="7" StartOffset="3586"/>
</LocList>
</BasicStmnt>
<BasicStmnt CovItemId="S70" CovItemPrefix="BlackJack.java" Intrnl_Id="1483">
<LocList>
<Loc EndOffset="3641" SrcFileId="7" StartOffset="3613"/>
</LocList>
</BasicStmnt>
<BasicStmnt CovItemId="S71" CovItemPrefix="BlackJack.java" Intrnl_Id="1484">
<LocList>
<Loc EndOffset="3684" SrcFileId="7" StartOffset="3654"/>
</LocList>
</BasicStmnt>
<BasicStmnt CovItemId="S72" CovItemPrefix="BlackJack.java" Intrnl_Id="1485">
<LocList>
<Loc EndOffset="3725" SrcFileId="7" StartOffset="3697"/>
</LocList>
</BasicStmnt>
</StmntSeq>
</Branch>
<Branch CovItemId="B16" CovItemPrefix="BlackJack.java" Implct="true" Intrnl_Id="1486">
<Cond/>
<LocList/>
<StmntSeq Intrnl_Id="1487">
<LocList/>
</StmntSeq>
</Branch>
<Keyword EndOffset="3472" SrcFileId="7" StartOffset="3470"/>
<LocList>
<Loc EndOffset="3735" SrcFileId="7" StartOffset="3470"/>
</LocList>
<RootTerm CovItemId="C8" CovItemPrefix="BlackJack.java" Intrnl_Id="1488">
<BasicBoolTerm Intrnl_Id="1489">
<LocList>
<Loc EndOffset="3502" SrcFileId="7" StartOffset="3474"/>
</LocList>
</BasicBoolTerm>
</RootTerm>
</CondStmnt>
<CondStmnt CovItemId="S73" CovItemPrefix="BlackJack.java" Intrnl_Id="1490">
<Branch CovItemId="B17" CovItemPrefix="BlackJack.java" Implct="false" Intrnl_Id="1491">
<Cond/>
<LocList>
<Loc EndOffset="3966" SrcFileId="7" StartOffset="3778"/>
</LocList>
<StmntSeq Intrnl_Id="1492">
<LocList>
<Loc EndOffset="3799" SrcFileId="7" StartOffset="3792"/>
<Loc EndOffset="3832" SrcFileId="7" StartOffset="3812"/>
<Loc EndOffset="3872" SrcFileId="7" StartOffset="3845"/>
<Loc EndOffset="3914" SrcFileId="7" StartOffset="3885"/>
<Loc EndOffset="3956" SrcFileId="7" StartOffset="3927"/>
</LocList>
<BasicStmnt CovItemId="S74" CovItemPrefix="BlackJack.java" Intrnl_Id="1493">
<LocList>
<Loc EndOffset="3799" SrcFileId="7" StartOffset="3792"/>
</LocList>
</BasicStmnt>
<BasicStmnt CovItemId="S75" CovItemPrefix="BlackJack.java" Intrnl_Id="1494">
<LocList>
<Loc EndOffset="3832" SrcFileId="7" StartOffset="3812"/>
</LocList>
</BasicStmnt>
<BasicStmnt CovItemId="S76" CovItemPrefix="BlackJack.java" Intrnl_Id="1495">
<LocList>
<Loc EndOffset="3872" SrcFileId="7" StartOffset="3845"/>
</LocList>
</BasicStmnt>
<BasicStmnt CovItemId="S77" CovItemPrefix="BlackJack.java" Intrnl_Id="1496">
<LocList>
<Loc EndOffset="3914" SrcFileId="7" StartOffset="3885"/>
</LocList>
</BasicStmnt>
<BasicStmnt CovItemId="S78" CovItemPrefix="BlackJack.java" Intrnl_Id="1497">
<LocList>
<Loc EndOffset="3956" SrcFileId="7" StartOffset="3927"/>
</LocList>
</BasicStmnt>
</StmntSeq>
</Branch>
<Branch CovItemId="B18" CovItemPrefix="BlackJack.java" Implct="true" Intrnl_Id="1498">
<Cond/>
<LocList/>
<StmntSeq Intrnl_Id="1499">
<LocList/>
</StmntSeq>
</Branch>
<Keyword EndOffset="3747" SrcFileId="7" StartOffset="3745"/>
<LocList>
<Loc EndOffset="3966" SrcFileId="7" StartOffset="3745"/>
</LocList>
<RootTerm CovItemId="C10" CovItemPrefix="BlackJack.java" Intrnl_Id="1500">
<BasicBoolTerm Intrnl_Id="1501">
<LocList>
<Loc EndOffset="3776" SrcFileId="7" StartOffset="3749"/>
</LocList>
</BasicBoolTerm>
</RootTerm>
</CondStmnt>
</StmntSeq>
</HierarchyLvl>
<HierarchyLvl HierarchyLvlId="5526" HierarchyLvlTypeId="12" Intrnl_Id="1502" Name="main">
<Header>
<Loc EndOffset="4039" SrcFileId="7" StartOffset="4001"/>
</Header>
<LocList>
<Loc EndOffset="4072" SrcFileId="7" StartOffset="4001"/>
</LocList>
<StmntSeq Intrnl_Id="1503">
<LocList>
<Loc EndOffset="4066" SrcFileId="7" StartOffset="4050"/>
</LocList>
<BasicStmnt CovItemId="S79" CovItemPrefix="BlackJack.java" Intrnl_Id="1504">
<LocList>
<Loc EndOffset="4066" SrcFileId="7" StartOffset="4050"/>
</LocList>
</BasicStmnt>
</StmntSeq>
</HierarchyLvl>
</HierarchyLvl>
</HierarchyLvl>
</MASTRoot>
</TestSessionContainer>
